real main.em.ep.ncl.NuclFuelEff[27](t) = [1971, 
170,
170,
170,
170,
170,
170,
170,
170,
170,
170,
170,
170,
170,
170,
170,
170,
170,
170,
170,
170,
170,
170,
170,
170,
170,
170,
0,
1972, 
170,
170,
170.3448,
170,
170.3448,
170.3448,
170.3448,
170.3448,
170.3448,
170.3448,
170,
170.3448,
170.3448,
170.3448,
170.3448,
170,
170.3448,
170,
170.3448,
170.3448,
170.3448,
170.3448,
170,
170.3448,
170.3448,
170.3448,
0,
1973, 
170.1724,
170.1724,
170.6897,
170.1724,
170.6897,
170.6897,
170.6897,
170.6897,
170.6897,
170.6897,
170.1724,
170.6897,
170.6897,
170.6897,
170.6897,
170.1724,
170.6897,
170.1724,
170.6897,
170.6897,
170.6897,
170.6897,
170.1724,
170.6897,
170.6897,
170.6897,
0,
1974, 
170.3448,
170.3448,
171.0345,
170.3448,
171.0345,
171.0345,
171.0345,
171.0345,
171.0345,
171.0345,
170.3448,
171.0345,
171.0345,
171.0345,
171.0345,
170.3448,
171.0345,
170.3448,
171.0345,
171.0345,
171.0345,
171.0345,
170.3448,
171.0345,
171.0345,
171.0345,
0,
1975, 
170.5172,
170.5172,
171.3793,
170.5172,
171.3793,
171.3793,
171.3793,
171.3793,
171.3793,
171.3793,
170.5172,
171.3793,
171.3793,
171.3793,
171.3793,
170.5172,
171.3793,
170.5172,
171.3793,
171.3793,
171.3793,
171.3793,
170.5172,
171.3793,
171.3793,
171.3793,
0,
1976, 
171.327,
171.3623,
171.7241,
170.5172,
171.7241,
171.3793,
171.7241,
171.7241,
171.7241,
171.7241,
171.3228,
171.3793,
171.7241,
171.7241,
171.3793,
171.3486,
171.7241,
171.2341,
171.7241,
171.7241,
171.7241,
171.7241,
171.3629,
171.7241,
171.3793,
171.7241,
0,
1977, 
171.333,
171.4064,
172.069,
170.5172,
172.069,
171.3793,
172.069,
172.069,
172.069,
172.069,
171.4478,
171.3793,
172.069,
172.069,
171.3793,
171.5026,
172.069,
171.2539,
172.069,
172.069,
172.069,
172.069,
171.4782,
172.069,
171.3793,
172.069,
0,
1978, 
171.6898,
171.503,
172.4138,
170.5172,
172.4138,
171.3793,
172.4138,
172.4138,
172.4138,
172.4138,
171.6004,
171.3793,
172.4138,
172.4138,
171.3793,
171.5482,
172.4138,
171.2856,
172.4138,
172.4138,
172.4138,
172.4138,
171.4801,
172.4138,
171.3793,
172.4138,
0,
1979, 
171.8529,
171.5842,
172.7586,
170.5172,
172.7586,
171.3793,
172.7586,
172.7586,
172.7586,
172.7586,
171.7551,
171.3793,
172.7586,
172.4138,
171.3793,
171.5524,
172.7586,
171.3277,
172.4138,
172.4138,
172.7586,
172.7586,
171.7984,
172.7586,
171.3793,
172.7586,
0,
1980, 
172.0194,
171.5955,
173.1035,
170.5172,
173.1035,
171.3793,
173.1035,
173.1035,
173.1035,
173.1035,
171.9291,
171.6823,
173.1035,
172.4138,
171.3793,
171.7449,
173.1035,
171.3793,
172.4138,
172.5862,
173.1035,
173.1035,
172.048,
173.1035,
171.3793,
173.1035,
0,
1981, 
172.1633,
171.655,
173.4483,
170.5172,
173.4483,
171.3793,
173.4483,
173.4483,
173.4483,
173.4483,
172.1892,
171.6823,
173.4483,
172.4138,
171.3793,
172.0715,
173.4483,
171.4393,
172.4138,
172.5862,
173.4483,
173.4483,
172.0497,
173.4483,
171.3793,
173.4483,
0,
1982, 
172.3306,
171.7886,
173.4483,
170.5172,
173.4483,
171.6534,
173.7931,
173.7931,
173.7931,
173.4483,
172.3811,
172.4267,
173.7931,
172.6927,
171.3793,
172.2091,
173.7931,
172.2115,
172.9527,
172.5862,
173.7931,
173.7931,
172.1927,
173.7931,
171.4298,
173.7931,
0,
1983, 
172.499,
171.9276,
173.6207,
170.5172,
173.6207,
171.9037,
174.1379,
174.1379,
174.1379,
173.6207,
172.5679,
172.8319,
174.1379,
172.9264,
171.3793,
172.3531,
174.1379,
172.6506,
173.2406,
172.5862,
174.1379,
174.1379,
172.3413,
174.1379,
171.486,
174.1379,
0,
1984, 
172.6683,
172.071,
173.7931,
170.5172,
173.7931,
172.1377,
174.4828,
174.4828,
174.4828,
173.7931,
172.7513,
173.1306,
174.4828,
173.1386,
171.3793,
172.5018,
174.4828,
172.9738,
173.4695,
172.5862,
174.4828,
174.4828,
172.4938,
174.4828,
171.5477,
174.4828,
0,
1985, 
172.8381,
172.2178,
173.9655,
170.5172,
173.9655,
172.36,
174.8276,
174.8276,
174.8276,
173.9655,
172.9324,
173.3823,
174.8276,
173.339,
171.3793,
172.6541,
174.8276,
173.2432,
173.6755,
172.5862,
174.8276,
174.8276,
172.6495,
174.8276,
171.6144,
174.8276,
0,
1986, 
173.0084,
172.3676,
174.1379,
170.5172,
174.1379,
172.5737,
175.1724,
175.1724,
175.1724,
174.1379,
173.1119,
173.6091,
175.1724,
173.5321,
171.3793,
172.8094,
175.1724,
173.4832,
173.8701,
172.5862,
175.1724,
175.1724,
172.8076,
175.1724,
171.6858,
175.1724,
0,
1987, 
173.179,
172.5199,
174.3103,
170.5172,
174.3103,
172.7807,
175.5172,
175.5172,
175.5172,
174.3103,
173.2901,
173.8212,
175.5172,
173.7205,
171.3793,
172.9669,
175.5172,
173.7054,
174.0583,
172.5862,
175.5172,
175.5172,
172.9677,
175.5172,
171.7616,
175.5172,
0,
1988, 
173.3499,
172.6743,
174.4828,
170.5172,
174.4828,
172.9827,
175.8621,
175.8621,
175.8621,
174.4828,
173.4675,
174.0237,
175.8621,
173.9055,
171.3793,
173.1263,
175.8621,
173.916,
174.2425,
172.5862,
175.8621,
175.8621,
173.1293,
175.8621,
171.8415,
175.8621,
0,
1989, 
173.521,
172.8304,
174.6552,
170.5172,
174.6552,
173.1806,
176.2069,
176.2069,
176.2069,
174.6552,
173.6441,
174.2199,
176.2069,
174.0882,
171.3793,
173.2872,
176.2069,
174.1187,
174.4241,
172.5862,
176.2069,
176.2069,
173.2922,
176.2069,
171.9253,
176.2069,
0,
1990, 
173.6923,
172.988,
174.8276,
170.5172,
174.8276,
173.3753,
176.5517,
176.5517,
176.5517,
174.8276,
173.8201,
174.4115,
176.5517,
174.2692,
171.3793,
173.4494,
176.5517,
174.3157,
174.6038,
172.5862,
176.5517,
176.5517,
173.4562,
176.5517,
172.0127,
176.5517,
0,
1991, 
173.6923,
173.0888,
175,
170.5172,
175,
173.5672,
176.8965,
176.8965,
176.8965,
174.9655,
173.8201,
174.5997,
176.8965,
174.2692,
171.3793,
173.6126,
176.8965,
174.5084,
174.7822,
172.5862,
176.8965,
176.8965,
173.4562,
176.8965,
172.1035,
176.8965,
0,
1992, 
173.6923,
173.0956,
175.3062,
170.5172,
175,
173.5672,
177.2414,
177.2414,
177.2414,
174.9655,
173.8201,
174.63,
177.2414,
174.2692,
171.3793,
173.6653,
177.2414,
174.687,
174.8877,
172.5862,
177.2414,
177.2414,
173.4562,
177.2414,
172.1035,
177.2414,
0,
1993, 
173.6923,
173.1031,
175.5751,
170.5172,
175,
173.5672,
177.5862,
177.5862,
177.5862,
174.9655,
173.8201,
174.664,
177.5862,
174.2692,
171.3793,
173.7218,
177.5862,
174.8646,
174.9995,
172.5862,
177.5862,
177.5862,
173.4562,
177.5862,
172.1035,
177.5862,
0,
1994, 
173.6923,
173.1111,
175.8205,
170.5172,
175,
173.5672,
177.931,
177.931,
177.931,
174.9655,
173.8201,
174.6693,
177.931,
174.2692,
171.3793,
173.7818,
177.931,
175.0416,
175.1168,
172.7416,
177.931,
177.931,
173.4562,
177.931,
172.1035,
177.931,
0,
1995, 
173.6923,
173.1198,
176.0501,
170.5172,
175,
173.5672,
178.2759,
178.2759,
178.2759,
174.9655,
173.8201,
174.6693,
178.2759,
174.2692,
171.3793,
173.8453,
178.2759,
175.218,
175.2389,
174.039,
178.2759,
178.2759,
173.4562,
178.2759,
172.1035,
178.2759,
0,
1996, 
173.6923,
173.129,
176.2684,
170.5172,
175,
173.5672,
178.6207,
178.6207,
178.6207,
174.9655,
173.8201,
174.6693,
178.6207,
174.2692,
171.3793,
173.9121,
178.6207,
175.394,
175.3652,
174.8863,
178.6207,
178.6207,
173.4562,
178.6207,
172.1035,
178.6207,
0,
1997, 
173.6923,
173.1388,
176.2811,
170.5172,
176.091,
173.5672,
178.9655,
178.9655,
178.9655,
174.9655,
173.8201,
174.6693,
178.9655,
174.2692,
171.3793,
173.9185,
178.9655,
175.6904,
175.6203,
174.8863,
178.9655,
178.9655,
173.4562,
178.9655,
174.2171,
178.9655,
0,
1998, 
173.6923,
173.1492,
176.2954,
170.5172,
176.7567,
173.5672,
179.3103,
179.3103,
179.3103,
174.9655,
173.8201,
174.6693,
179.3103,
174.2692,
171.3793,
173.9252,
179.3103,
175.966,
175.8634,
174.8863,
179.3103,
179.3103,
173.4562,
179.3103,
175.38,
179.3103,
0,
1999, 
173.6923,
173.1601,
176.3115,
170.5172,
177.2368,
173.5672,
179.6552,
179.6552,
179.6552,
174.9655,
173.8201,
174.6693,
179.6552,
174.2692,
171.3793,
173.9324,
179.6552,
176.2255,
176.0969,
174.8863,
179.6552,
179.6552,
173.4562,
179.6552,
176.1532,
179.6552,
0,
2000, 
173.6923,
173.1717,
176.3292,
170.5172,
177.6196,
173.5672,
180,
180,
180,
174.9655,
173.8201,
174.6693,
180,
174.2692,
171.3793,
173.9401,
180,
176.4725,
176.3226,
174.8863,
180,
180,
173.4562,
180,
176.7289,
180,
0,
2001, 
173.6923,
173.1838,
176.3486,
170.5172,
177.8445,
173.5672,
181.4,
181.4,
181.4,
174.9655,
173.8201,
174.6693,
181.4,
174.2692,
171.3793,
173.9482,
181.4,
176.7095,
176.542,
174.8863,
181.4,
181.4,
173.4562,
181.4,
177.1907,
181.4,
0,
2002, 
173.6923,
173.1983,
176.3874,
170.5172,
177.8445,
173.5672,
182.8,
182.8,
182.8,
174.9655,
173.8201,
174.6693,
182.8,
174.2692,
171.3793,
174.1002,
182.8,
176.8721,
176.8119,
176.7544,
182.8,
182.8,
173.4562,
182.8,
177.1907,
182.8,
0,
2003, 
173.6923,
173.2153,
176.3874,
170.5172,
177.8445,
173.5672,
184.2,
184.2,
184.2,
174.9655,
173.8201,
174.6693,
184.2,
174.2692,
171.3793,
174.2741,
184.2,
177.0707,
177.127,
178.1017,
184.2,
184.2,
173.4562,
184.2,
177.1907,
184.2,
0,
2004, 
173.6923,
173.2346,
176.3874,
170.5172,
177.8445,
173.5672,
185.6,
185.6,
185.6,
174.9655,
173.8201,
174.6693,
185.6,
174.5482,
171.3793,
174.4687,
185.6,
177.3019,
177.4806,
179.2132,
185.6,
185.6,
173.4562,
185.6,
177.1907,
185.6,
0,
2005, 
173.6923,
173.2564,
176.3874,
170.5172,
177.8445,
173.5672,
187,
187,
187,
174.9655,
173.8201,
174.6693,
187,
174.8803,
171.3793,
174.6827,
187,
177.5625,
177.8672,
180.1977,
187,
187,
173.4562,
187,
177.1907,
187,
0,
2006, 
173.6923,
173.2805,
176.3874,
170.5172,
177.8445,
173.5672,
188.4,
188.4,
188.4,
174.9655,
173.8201,
174.6693,
188.4,
175.2339,
171.3793,
174.915,
188.4,
177.8499,
178.2823,
181.1063,
188.4,
188.4,
173.4562,
188.4,
177.1907,
188.4,
0,
2007, 
173.6923,
173.3071,
176.3874,
170.5172,
177.8445,
173.5672,
189.8,
189.8,
189.8,
174.9655,
173.8201,
174.6693,
189.8,
175.2339,
171.3793,
175.0492,
189.8,
178.7057,
178.5045,
181.8029,
189.8,
189.8,
173.4562,
189.8,
177.1907,
189.8,
0,
2008, 
173.6923,
173.3359,
176.3874,
170.5172,
177.8445,
173.5672,
191.2,
191.2,
191.2,
174.9655,
173.8201,
174.6693,
191.2,
175.2339,
171.3793,
175.1945,
191.2,
179.5383,
178.7474,
182.5002,
191.2,
191.2,
173.4562,
191.2,
177.1907,
191.2,
0,
2009, 
173.6923,
173.3672,
176.3874,
170.5172,
177.8445,
173.5672,
192.6,
192.6,
192.6,
174.9655,
173.8201,
174.6693,
192.6,
175.2339,
171.3793,
175.3507,
192.6,
180.3523,
179.0094,
183.1979,
192.6,
192.6,
173.4562,
192.6,
177.1907,
192.6,
0,
2010, 
173.6923,
173.4007,
176.3874,
170.5172,
177.8445,
173.5672,
194,
194,
194,
174.9655,
173.8201,
174.6693,
194,
175.2339,
171.3793,
175.5173,
194,
181.1514,
179.2896,
183.8959,
194,
194,
173.4562,
194,
177.1907,
194,
0,
2011, 
173.6923,
173.4366,
176.3874,
170.5172,
177.8445,
173.5672,
195.4,
195.4,
195.4,
174.9655,
173.8201,
174.6693,
195.4,
175.2339,
171.3793,
175.6942,
195.4,
181.9384,
179.5866,
184.5942,
195.4,
195.4,
173.4562,
195.4,
177.1907,
195.4,
0,
2012, 
173.6923,
173.4748,
176.7883,
170.5172,
177.8445,
176.3999,
196.8,
196.8,
196.8,
175.1008,
173.8201,
174.7774,
196.8,
175.2339,
171.3793,
176.18,
195.4,
182.6691,
180.0838,
187.2853,
196.8,
196.8,
173.4562,
196.8,
179.2097,
196.8,
0,
2013, 
173.6923,
173.5153,
177.2015,
170.5172,
177.8445,
178.7428,
198.2,
198.2,
198.2,
175.2436,
173.8201,
174.8917,
198.2,
175.2339,
171.3793,
176.6761,
196.1,
183.3966,
180.5934,
189.1823,
198.2,
198.2,
173.4562,
198.2,
180.9654,
198.2,
0,
2014, 
173.6923,
173.558,
177.6263,
170.5172,
177.8445,
180.7472,
199.6,
199.6,
199.6,
175.3936,
173.8201,
175.012,
199.6,
175.2339,
171.3793,
177.1819,
196.8,
184.1214,
181.1143,
190.6814,
199.6,
199.6,
173.4562,
199.6,
182.5295,
199.6,
0,
2015, 
173.6923,
173.6031,
178.0621,
170.5172,
177.8445,
182.5079,
201,
201,
201,
175.5508,
173.8201,
175.1383,
201,
175.2339,
171.3793,
177.6965,
197.5,
184.8439,
181.6454,
191.9527,
201,
201,
173.4562,
201,
183.9498,
201,
0,
2016, 
173.7264,
173.6504,
178.5081,
170.5172,
177.8445,
184.0875,
202.4,
202.4,
202.4,
175.6332,
173.8201,
175.2704,
202.4,
175.2339,
171.3793,
178.2194,
198.2,
185.5644,
182.186,
193.0814,
202.4,
202.4,
173.4562,
202.4,
185.2595,
202.4,
0,
2017, 
173.7778,
173.7,
178.8741,
170.5172,
177.8445,
184.1076,
203.8,
203.8,
203.8,
175.6332,
173.8201,
175.3267,
203.8,
175.6863,
171.3793,
178.8382,
199.1542,
185.866,
182.4462,
194.333,
203.8,
203.8,
173.4562,
203.8,
187.8991,
203.8,
0,
2018, 
173.8315,
173.7518,
179.2501,
170.5172,
177.8445,
184.1293,
205.2,
205.2,
205.2,
175.6332,
173.8201,
175.3856,
205.2,
176.1469,
171.3793,
179.461,
200.0143,
186.1817,
182.7175,
195.4539,
205.2,
205.2,
173.4562,
205.2,
190.021,
205.2,
0,
2019, 
173.8875,
173.8058,
179.6358,
170.5172,
177.8445,
184.1525,
206.6,
206.6,
206.6,
175.6332,
173.8201,
175.4472,
206.6,
176.6152,
171.3793,
179.6274,
200.8244,
186.5106,
182.9997,
196.4858,
206.6,
206.6,
173.4562,
206.6,
191.8081,
206.6,
0,
2020, 
173.9458,
173.862,
180.0306,
170.5172,
177.8445,
184.1771,
208,
208,
208,
175.6332,
173.8201,
175.5114,
208,
177.0909,
171.3793,
179.6534,
201.6047,
186.8522,
183.2922,
197.4541,
208,
208,
173.4562,
208,
193.3662,
208,
0,
2021, 
174.0064,
173.9205,
180.4343,
170.5172,
177.8445,
184.2033,
209.4,
209.4,
209.4,
175.6332,
173.8201,
175.5783,
209.4,
177.5735,
171.3793,
179.6807,
202.3659,
187.2057,
183.5323,
198.3755,
209.4,
209.4,
173.4562,
209.4,
194.7607,
209.4,
0,
2022, 
174.0693,
173.9811,
180.4343,
170.5172,
177.8445,
184.2033,
210.8,
210.8,
210.8,
175.6332,
173.8201,
175.7082,
210.8,
177.5735,
171.3793,
179.7093,
205.0766,
189.4648,
183.5323,
198.9279,
210.8,
210.8,
173.4562,
210.8,
200.794,
210.8,
0,
2023, 
174.1344,
174.0439,
180.4343,
170.5172,
177.8445,
184.2033,
212.2,
212.2,
212.2,
175.6332,
173.8201,
175.7082,
212.2,
177.5735,
171.3793,
179.7392,
206.5278,
189.483,
185.0889,
199.4209,
212.2,
212.2,
173.4562,
212.2,
203.9228,
212.2,
0,
2024, 
174.2018,
174.5581,
180.4343,
170.5172,
177.8445,
184.2033,
213.6,
213.6,
213.6,
175.6332,
173.8201,
176.381,
213.6,
178.8745,
171.3793,
179.7704,
207.1935,
190.591,
185.8088,
199.7892,
213.6,
213.6,
173.4562,
213.6,
203.9228,
213.6,
0,
2025, 
174.2714,
175.0772,
180.4343,
170.5172,
177.8445,
184.2033,
215,
215,
215,
175.6332,
173.8201,
177.0549,
215,
180.1319,
171.3793,
179.8028,
207.8664,
191.661,
186.5277,
200.1761,
215,
215,
173.4562,
215,
203.9228,
215,
0,
2026, 
174.3432,
175.1434,
180.4343,
170.5172,
177.8445,
184.2033,
216.4,
216.4,
216.4,
175.6332,
173.8201,
178.4707,
215,
180.1319,
171.3793,
181.3936,
207.8664,
191.661,
187.9918,
201.2947,
216.4,
216.4,
173.4562,
216.4,
206.9019,
216.4,
0,
2027, 
174.424,
175.2179,
180.4343,
170.5172,
177.8445,
184.2033,
217.8,
217.8,
217.8,
175.6332,
173.8201,
178.4707,
215.7,
180.1319,
171.3793,
182.9099,
207.8664,
200.6208,
187.9918,
202.5623,
217.8,
217.8,
173.4562,
217.8,
208.9149,
217.8,
0,
2028, 
174.5141,
175.301,
180.4343,
170.5172,
177.8445,
184.7867,
219.2,
219.2,
219.2,
175.6332,
173.8201,
178.4707,
216.4,
180.1319,
171.3793,
182.946,
207.8664,
203.3124,
189.4497,
204.3181,
219.2,
219.2,
173.4562,
219.2,
208.9149,
219.2,
0,
2029, 
174.6138,
175.3931,
180.4343,
170.5172,
177.8445,
184.7867,
219.2,
220.6,
220.6,
175.6332,
173.8201,
178.4707,
217.1,
180.1319,
171.3793,
183.4749,
207.8664,
203.3208,
189.4497,
205.4634,
220.6,
220.6,
173.4562,
220.6,
208.9149,
220.6,
0,
2030, 
174.7234,
175.4945,
180.4343,
170.5172,
177.8445,
184.7867,
219.2,
222,
222,
175.6332,
173.8201,
178.4707,
217.1,
180.1319,
171.3793,
183.4749,
207.8664,
203.3306,
189.4497,
206.9229,
222,
222,
173.4562,
222,
208.9149,
222,
0,
2031, 
175.2948,
176.9359,
180.4343,
170.5172,
177.8445,
185.5214,
221.3,
223.4,
223.4,
175.6332,
173.8201,
178.7912,
217.1,
180.1319,
171.3793,
183.4749,
207.8664,
203.3551,
189.4497,
206.9229,
223.4,
223.4,
173.4562,
223.4,
211.2175,
223.4,
0,
2032, 
175.304,
176.947,
180.4343,
170.6897,
177.8445,
185.5214,
221.3,
224.8,
224.8,
175.6332,
173.8266,
178.7912,
218.0954,
180.1319,
220.2965,
183.4865,
207.8664,
213.3513,
194.7889,
206.9229,
224.8,
224.8,
174.8661,
224.8,
214.4125,
224.8,
0,
2033, 
175.3126,
176.9575,
205.1292,
170.8621,
177.8445,
185.5214,
221.3,
226.2,
226.2,
175.6332,
173.8325,
191.5111,
219.2691,
181.8452,
220.3939,
183.4979,
210.6838,
215.2478,
194.7889,
206.9229,
226.2,
226.2,
176.2858,
226.2,
214.8498,
226.2,
0,
2034, 
175.3206,
176.9675,
208.3246,
171.0345,
177.8445,
185.5214,
221.3,
227.6,
227.6,
175.6332,
190.8938,
202.2151,
220.2742,
183.7541,
220.3939,
183.509,
212.6253,
215.6676,
195.9457,
206.9229,
227.6,
227.6,
176.9541,
227.6,
216.5244,
227.6,
0,
2035, 
175.0175,
176.9771,
208.3246,
229,
177.8445,
200.8515,
221.3,
229,
229,
175.6332,
191.2125,
202.7654,
220.8414,
184.6221,
220.3939,
183.5198,
212.9583,
215.7987,
196.468,
206.9229,
229,
229,
177.2208,
229,
217.1216,
229,
0,
2036, 
175.4773,
179.5999,
208.3246,
230.4,
177.8445,
208.6659,
222.5022,
230.4,
230.4,
175.6332,
192.5913,
204.069,
221.1854,
185.0908,
223.4602,
184.7758,
213.6109,
216.3482,
197.093,
206.9229,
230.4,
230.4,
178.5126,
230.4,
218.4248,
230.4,
0,
2037, 
175.485,
180.1598,
208.3246,
231.8,
177.8445,
209.7574,
222.5022,
231.8,
231.8,
176.1229,
193.5795,
204.549,
221.9973,
185.7043,
223.4602,
185.827,
213.6109,
216.3554,
198.2497,
206.9229,
231.8,
231.8,
179.5343,
231.8,
219.0555,
231.8,
0,
2038, 
175.9899,
181.0534,
208.3246,
233.2,
177.8445,
209.8921,
223.2765,
233.2,
233.2,
177.1011,
194.593,
204.549,
222.4719,
185.9753,
223.4602,
186.0682,
213.6109,
216.5266,
198.2997,
206.9229,
233.2,
233.2,
182.7708,
233.2,
219.9807,
233.2,
0,
2039, 
176.3378,
181.7454,
208.3246,
234.6,
177.8445,
209.8921,
224.5303,
234.6,
234.6,
178.5415,
195.5552,
204.549,
222.8055,
188.529,
223.4602,
186.0826,
213.6109,
216.6151,
200.0766,
207.4854,
234.6,
234.6,
186.8761,
234.6,
221.2361,
234.6,
0,
2040, 
176.7234,
181.825,
208.3246,
236,
177.8445,
209.8921,
224.5303,
236,
236,
180.3972,
196.6337,
204.9158,
222.9491,
188.529,
223.4602,
186.6601,
213.6109,
216.622,
200.236,
208.177,
236,
236,
189.8752,
236,
222.2916,
236,
0,
2041, 
177.0804,
182.1655,
208.3246,
237.4,
177.8445,
209.8921,
224.5303,
237.4,
237.4,
182.6065,
198.3858,
204.9158,
223.193,
189.0022,
223.4602,
187.9343,
213.6109,
216.6289,
200.3775,
208.183,
237.4,
237.4,
189.9442,
237.4,
223.4108,
237.4,
0,
2042, 
177.5854,
182.9207,
208.8741,
238.8,
177.9956,
210.6373,
224.5303,
238.8,
238.8,
186.1609,
199.9907,
206.168,
223.4569,
190.4971,
223.4602,
188.5921,
214.0045,
216.8287,
200.9076,
208.183,
238.8,
238.8,
191.3833,
238.8,
224.2028,
238.8,
0,
2043, 
178.0687,
183.7866,
209.4357,
240.2,
178.1451,
211.4065,
224.5303,
240.2,
240.2,
190.4791,
201.7927,
207.5097,
223.9565,
191.8198,
223.4602,
189.2962,
214.0045,
216.9517,
201.7831,
208.183,
240.2,
240.2,
193.0644,
240.2,
224.871,
240.2,
0,
2044, 
178.7238,
184.7978,
210.0099,
241.6,
178.293,
212.2011,
224.5303,
241.6,
241.6,
195.7559,
203.8353,
209.0862,
224.3912,
193.3403,
223.4602,
190.0533,
214.0045,
217.166,
203.2505,
208.183,
241.6,
241.6,
195.4628,
241.6,
225.2803,
241.6,
0,
2045, 
179.5719,
186.0054,
210.5974,
243,
178.439,
213.0228,
224.5303,
243,
243,
201.6353,
206.1763,
212.1624,
225.2358,
195.1146,
223.4602,
190.872,
214.0367,
217.2882,
204.1329,
208.183,
243,
243,
202.6007,
243,
226.2386,
243,
0,
2046, 
180.7579,
187.4874,
211.1989,
244.4,
178.5829,
221.1447,
224.5303,
244.4,
244.4,
207.9429,
208.8931,
216.5168,
226.194,
197.4406,
223.4602,
191.7624,
214.0367,
217.4102,
204.7311,
208.183,
244.4,
244.4,
209.0815,
244.4,
226.7636,
244.4,
0,
2047, 
182.6194,
189.3699,
211.815,
245.8,
178.7245,
224.0597,
224.5303,
245.8,
245.8,
214.1721,
212.0929,
221.8798,
226.194,
200.7008,
223.4602,
192.7371,
214.0367,
217.654,
205.4481,
209.1664,
245.8,
245.8,
215.8996,
245.8,
227.3574,
245.8,
0,
2048, 
186.3142,
191.8696,
212.4466,
247.2,
178.8633,
225.9829,
224.5303,
247.2,
247.2,
220.7306,
217.1297,
226.1759,
226.3043,
204.3732,
223.4602,
193.812,
214.0367,
218.8613,
206.5494,
210.3522,
247.2,
247.2,
222.8499,
247.2,
227.9054,
247.2,
0,
2049, 
196.4713,
195.3939,
213.0945,
248.6,
178.9992,
226.7335,
224.5303,
248.6,
248.6,
227.4592,
227.7582,
228.7922,
226.3587,
210.1229,
223.4602,
195.0071,
214.0367,
222.7902,
207.1044,
211.2565,
248.6,
248.6,
230.1364,
248.6,
228.9524,
248.6,
0,
2050, 
222.3206,
200.8111,
213.7594,
250,
179.1315,
227.5209,
224.5303,
250,
250,
234.9642,
233.1904,
230.8373,
226.3587,
216.6626,
223.4602,
196.3481,
214.0367,
223.1581,
207.6734,
211.8385,
250,
250,
238.0175,
250,
229.8708,
250,
0,
2051, 
232.7606,
205.9911,
214.4425,
253,
179.2599,
228.3071,
224.5303,
253,
253,
240.8738,
233.4953,
232.7326,
226.3587,
217.657,
223.4602,
197.8685,
214.0367,
223.9046,
208.6921,
212.7588,
253,
253,
238.6526,
253,
231.3614,
253,
0,
2052, 
235.9809,
206.3931,
215.818,
256,
179.2599,
228.3071,
224.5303,
256,
256,
241.3115,
233.5579,
233.0309,
227.1296,
217.657,
223.4602,
198.3797,
214.0367,
227.4008,
209.7739,
213.398,
256,
256,
239.2363,
256,
232.3902,
256,
0,
2053, 
235.9809,
206.8016,
217.285,
259,
179.2599,
228.3071,
224.5303,
259,
259,
241.5446,
233.5579,
233.3305,
227.1296,
217.657,
223.4602,
198.9078,
214.0367,
227.9105,
210.1217,
213.398,
259,
259,
239.7326,
259,
232.7023,
259,
0,
2054, 
235.9809,
207.2168,
218.8543,
262,
179.2599,
228.598,
224.5303,
262,
262,
241.9932,
233.5579,
233.3718,
227.1296,
218.3677,
223.4602,
199.4542,
214.0367,
228.0067,
210.7624,
213.8545,
262,
262,
240.1056,
262,
233.5758,
262,
0,
2055, 
235.9809,
207.6389,
220.5387,
262,
182.8158,
228.598,
224.5303,
265,
265,
242.3173,
233.5579,
233.3718,
227.1296,
219.4548,
223.4602,
200.0202,
214.0367,
228.1025,
211.4609,
214.7279,
262,
262,
240.3154,
265,
234.799,
265,
0,
2056, 
235.9809,
208.0684,
222.3528,
263.4248,
186.6496,
228.598,
224.5303,
268,
268,
242.6584,
233.5579,
233.3718,
227.1296,
219.8005,
224.2974,
200.6074,
214.0367,
228.1981,
211.8226,
215.5356,
262,
263.2563,
240.3154,
268,
236.4682,
268,
0,
2057, 
239.5048,
208.5055,
222.4566,
264.7981,
188.6047,
228.598,
224.5303,
271,
271,
242.7158,
233.5579,
233.3718,
227.1296,
221.7938,
225.0744,
200.6605,
214.0367,
228.3658,
212.5797,
215.7545,
262,
264.322,
240.3154,
271,
236.7454,
271,
0,
2058, 
239.5048,
208.9506,
222.5602,
265.4239,
194.0182,
228.598,
224.5303,
274,
274,
242.7158,
236.99,
233.3718,
227.1296,
223.4399,
226.2155,
200.713,
214.0367,
228.5335,
213.3639,
215.7545,
262,
264.322,
240.521,
274,
239.9149,
274,
0,
2059, 
239.5048,
209.404,
222.6634,
265.4239,
203.3415,
228.598,
224.5303,
277,
277,
242.7158,
240.304,
233.3718,
227.1296,
224.7497,
226.2155,
200.7649,
214.0367,
231.5318,
214.2592,
215.7545,
262,
264.4734,
246.2161,
277,
240.0032,
277,
0,
2060, 
239.5048,
209.8661,
222.7663,
265.4239,
221.8161,
228.598,
224.5303,
280,
280,
242.7158,
244.0652,
233.3718,
227.1296,
224.7497,
226.7536,
200.8163,
214.0367,
231.698,
215.1049,
215.7545,
262,
269.6744,
252.3649,
280,
240.2179,
280,
0,
2061, 
239.5048,
210.3374,
222.8688,
265.4239,
268.3959,
229.3549,
224.5303,
283,
283,
242.7158,
245.792,
233.3718,
227.1296,
224.7497,
226.7536,
200.867,
214.0367,
235.4115,
215.9844,
215.7545,
262,
271.8353,
253.4948,
283,
240.5113,
283,
0,
2062, 
239.5048,
210.8014,
223.0155,
265.4239,
268.3959,
229.3549,
224.5303,
286,
286,
242.7158,
245.8062,
233.3718,
227.1296,
224.7497,
227.0342,
201.6364,
214.0367,
237.7224,
217.0042,
216.0396,
262,
272.566,
255.2404,
286,
241.1105,
286,
0,
2063, 
239.5048,
211.2577,
223.0155,
265.4239,
270.5697,
229.3549,
224.5303,
289,
289,
243.9023,
245.2,
233.3718,
227.1296,
224.7497,
227.9072,
202.4115,
214.0367,
239.8213,
218.1203,
216.3178,
262,
272.566,
256.9118,
289,
244.2376,
289,
0,
2064, 
239.5048,
211.7058,
223.0155,
265.4239,
280.8573,
229.3549,
224.5303,
292,
292,
244.5847,
244.3366,
233.3718,
227.2805,
226.6161,
228.4136,
203.1931,
214.0367,
239.9025,
219.1881,
216.9521,
262,
272.566,
258.245,
292,
246.2274,
292,
0,
2065, 
239.5048,
212.1456,
223.0155,
265.4239,
283.7051,
229.3549,
224.5303,
295,
295,
244.5847,
243.3283,
233.3718,
227.353,
228.8097,
230.1157,
203.9819,
214.0367,
243.0584,
220.1009,
217.5763,
262,
273.2621,
258.5663,
295,
248.9808,
295,
0,
2066, 
239.5048,
212.5763,
223.0155,
265.8023,
283.7051,
229.3549,
224.5303,
298,
298,
244.5847,
250.7034,
235.0705,
227.5919,
231.1721,
230.1157,
204.7792,
214.0367,
245.4631,
221.0256,
218.0914,
262,
278.0802,
258.7699,
298,
249.0053,
298,
0,
2067, 
239.5048,
212.9977,
223.0155,
266.2561,
283.7051,
229.3549,
224.5303,
301,
301,
244.5847,
251.2657,
236.203,
228.0478,
231.1721,
232.4565,
205.1994,
214.0367,
248.0127,
221.4823,
218.3409,
262,
280.0153,
258.7699,
301,
250.9172,
301,
0,
2068, 
239.5048,
213.4093,
223.0155,
266.2749,
286.3048,
229.3549,
224.5303,
304,
304,
244.5847,
251.8505,
236.203,
228.4327,
231.1721,
232.8377,
205.6048,
214.0367,
250.5216,
221.9321,
218.5346,
262,
282.4192,
258.7757,
304,
251.6821,
304,
0,
2069, 
239.5048,
213.8104,
223.0155,
270.5915,
286.3048,
229.3549,
224.5303,
307,
307,
244.9702,
253.9253,
236.203,
228.6689,
231.1721,
233.5052,
205.9943,
214.0367,
256.7166,
222.3748,
218.7213,
262,
284.5829,
258.9386,
307,
255.1047,
307,
0,
2070, 
239.4489,
214.2005,
223.0155,
270.5915,
286.3048,
229.3549,
224.5303,
310,
310,
245.4155,
257.893,
236.203,
228.6689,
231.1721,
234.2077,
206.3666,
214.0367,
261.0295,
222.8099,
218.9009,
262,
285.9381,
258.9522,
310,
256.0405,
310,
0,
2071, 
239.5048,
214.579,
223.0155,
275.9763,
286.3048,
229.3549,
224.5303,
313,
313,
245.9972,
261.0631,
237.2517,
228.6689,
231.1721,
235.3707,
206.7202,
214.0367,
263.4437,
223.2371,
219.0734,
262,
286.1758,
258.9808,
313,
256.1938,
313,
0,
2072, 
239.5048,
214.9452,
223.2919,
276.5323,
286.3048,
230.6646,
224.5303,
316,
316,
246.3026,
263.4561,
238.0119,
228.6689,
231.1721,
236.5519,
207.6448,
214.4116,
264.2742,
223.917,
219.9462,
262,
286.3868,
259.0075,
316,
259.022,
316,
0,
2073, 
239.5048,
215.2984,
223.5596,
276.5323,
286.3048,
232.0232,
224.5303,
319,
319,
246.6031,
273.8122,
238.0955,
229.026,
231.1721,
241.1879,
208.6095,
214.7731,
265.718,
224.5958,
221.0186,
262,
286.6501,
259.0075,
319,
260.287,
319,
0,
2074, 
239.5048,
215.6379,
223.8186,
276.5323,
286.3048,
233.4368,
224.5303,
322,
322,
246.8987,
279.8209,
238.1766,
230.2204,
231.1721,
245.494,
209.6258,
215.1205,
266.8138,
225.2735,
222.023,
262,
287.1701,
259.2525,
322,
263.1077,
322,
0,
2075, 
239.5048,
215.9627,
224.0684,
278.6587,
286.3048,
234.9127,
224.5303,
325,
325,
247.1894,
237.6346,
238.2552,
230.8329,
231.1721,
247.8511,
210.7106,
215.4528,
273.2387,
225.9501,
222.9415,
262,
289.9464,
259.2525,
325,
263.522,
325,
0,
2076, 
239.7968,
216.272,
224.3089,
282.1335,
286.3048,
236.4594,
224.5303,
328,
328,
247.3318,
238.4545,
238.3313,
231.3437,
231.1721,
249.002,
211.8888,
215.7689,
276.5382,
226.6254,
223.8106,
262,
293.7871,
259.397,
328,
266.2501,
328,
0,
2077, 
240.2089,
216.5649,
224.4931,
282.1335,
286.3048,
236.4794,
224.5303,
331,
331,
247.3318,
238.7572,
238.3611,
232.1914,
232.1479,
249.4887,
213.4589,
216.2131,
278.4341,
226.9354,
224.9198,
262,
296.858,
259.4182,
331,
266.5904,
331,
0,
2078, 
240.6146,
216.8402,
224.6686,
282.1335,
286.3048,
236.4987,
224.5303,
334,
334,
247.3318,
239.6703,
238.3899,
233.9548,
233.1431,
249.6404,
215.3741,
216.6398,
280.2772,
227.2354,
226.0737,
262,
298.6819,
259.4182,
334,
268.6899,
334,
0,
2079, 
241.0137,
217.0967,
224.8351,
282.1335,
286.3048,
236.5172,
224.5303,
337,
337,
247.3837,
243.9669,
239.0029,
235.7718,
234.1598,
249.6412,
215.9289,
217.0469,
281.4869,
227.5248,
227.2801,
279.3705,
300.3986,
259.4182,
337,
270.8642,
337,
0,
2080, 
241.406,
217.3333,
241.7509,
282.2476,
286.3048,
236.5348,
224.5303,
340,
340,
249.1068,
295.077,
239.0297,
237.263,
235.2003,
249.6537,
216.0055,
217.4324,
281.5446,
227.8033,
228.5486,
279.3705,
300.6607,
259.4182,
340,
271.2434,
340,
0,
2081, 
241.7911,
217.5485,
253.4693,
282.6144,
286.3048,
236.5517,
224.5303,
343,
343,
250.4873,
300.173,
239.0555,
238.2502,
236.2676,
249.7428,
216.0718,
217.7939,
281.6013,
228.0142,
230.0834,
279.3705,
301.8474,
259.4182,
343,
271.8353,
343,
0,
2082, 
242.1689,
217.7408,
253.4693,
282.9494,
286.3048,
236.5517,
224.5303,
346,
346,
250.4873,
300.173,
239.2829,
239.0036,
236.2676,
249.9139,
216.1274,
219.9167,
281.9806,
228.0142,
230.998,
279.3705,
303.4233,
259.4335,
346,
276.0692,
346,
0,
2083, 
242.539,
217.9086,
258.9101,
288.3156,
286.3048,
236.5517,
224.5303,
349,
349,
250.4873,
303.3204,
237.8978,
239.6112,
236.7684,
249.9271,
216.1723,
222.532,
281.9838,
229.2376,
231.7885,
279.3705,
306.2452,
259.4339,
349,
278.3904,
349,
0,
2084, 
242.9013,
219.2785,
260.1852,
293.2574,
286.3048,
236.5517,
224.5303,
352,
352,
250.6288,
300.6702,
237.226,
240.2552,
240.836,
249.9436,
216.206,
224.3615,
282.1691,
229.8365,
232.3163,
279.3705,
309.4723,
259.4339,
352,
279.9478,
352,
0,
2085, 
243.2555,
221.0715,
260.4592,
297.6468,
286.3048,
236.5517,
224.5303,
355,
355,
250.7035,
300.1291,
237.1167,
240.7414,
244.8955,
250.5131,
216.2283,
226.6771,
282.4063,
230.4281,
232.8346,
279.3705,
310.9618,
259.4339,
355,
281.8173,
355,
0,
2086, 
243.9554,
221.3207,
261.1416,
300.6901,
286.3048,
236.5517,
224.5303,
358,
358,
250.7035,
301.21,
237.2133,
243.1691,
244.8955,
251.5532,
217.1258,
226.6771,
287.6613,
231.7035,
234.3999,
279.3705,
312.2032,
259.4339,
358,
283.1201,
358,
0,
2087, 
244.7206,
221.5514,
261.1416,
302.5911,
286.3048,
236.5517,
224.5303,
361,
361,
250.7035,
301.21,
237.0653,
245.9315,
244.8955,
252.9068,
219.1085,
226.6771,
292.3013,
231.7035,
237.0409,
279.3705,
312.2788,
259.4339,
361,
284.1365,
361,
0,
2088, 
245.5558,
221.7522,
271.0993,
304.6116,
286.3048,
236.7318,
224.5303,
364,
364,
250.7035,
301.21,
234.7265,
249.1033,
244.8955,
255.0737,
219.2,
226.6771,
294.7138,
232.9565,
241.7056,
279.3705,
312.8293,
259.4339,
364,
284.2931,
364,
0,
2089, 
358.0836,
221.9083,
271.0993,
306.1701,
286.3048,
236.7318,
225.614,
367,
367,
250.7035,
303.3204,
232.4904,
252.6933,
245.6282,
257.2267,
367,
226.6771,
294.7177,
232.9565,
246.2321,
279.3705,
313.3791,
259.4339,
367,
285.1357,
367,
0,
2090, 
358.3404,
222,
271.0993,
307.7977,
286.3048,
236.7318,
225.614,
370,
370,
250.7035,
303.3204,
231.0504,
253.0621,
246.3274,
259.1183,
370,
226.6771,
295.5778,
234.3041,
255.7493,
279.3705,
313.715,
259.4339,
370,
287.2551,
370,
0,
2091, 
359.6595,
373,
271.0993,
309.1123,
286.3048,
236.8978,
231.2655,
373,
373,
250.7035,
303.3204,
230.6449,
253.2668,
246.8983,
259.6199,
373,
226.6771,
295.5871,
241.0616,
255.7493,
279.3705,
315.7048,
259.4339,
373,
289.7549,
373,
0,
2092, 
359.6595,
376,
272.6837,
310.0432,
286.3048,
236.8978,
231.2655,
376,
376,
250.7035,
303.3204,
230.385,
255.7656,
246.9657,
314.3192,
376,
226.6771,
303.2731,
261.9816,
277.311,
279.3705,
317.1147,
260.4915,
376,
292.8026,
376,
0,
2093, 
359.6595,
379,
314.92,
310.7891,
286.3048,
236.8978,
231.2655,
379,
379,
250.7035,
303.3204,
265.317,
259.6859,
250.2352,
318.2741,
379,
227.9755,
307.4459,
267.628,
291.8436,
279.3705,
318.2319,
261.61,
379,
293.1489,
379,
0,
2094, 
359.6595,
382,
347.8793,
311.5155,
286.3048,
236.8978,
231.2655,
382,
382,
250.7035,
316.5943,
335.5155,
264.3673,
255.2612,
319.2033,
382,
230.5793,
310.4054,
278.2394,
299.3781,
342.5654,
318.2319,
262.1453,
382,
294.8944,
382,
0,
2095, 
359.6595,
385,
347.8793,
312.29,
286.3048,
241.4177,
231.2655,
385,
385,
250.7035,
316.5753,
350.424,
267.6039,
258.2711,
320.5116,
385,
231.6621,
310.7348,
289.2575,
302.6277,
342.5654,
318.2319,
262.3507,
385,
295.4529,
385,
0,
2096, 
359.6595,
388,
348.5792,
312.5732,
286.3048,
244.0515,
232.6884,
388,
388,
250.7035,
316.9779,
355.1729,
269.6378,
260.4328,
323.5475,
388,
237.6767,
316.288,
299.544,
305.2634,
342.5654,
318.2319,
262.5264,
388,
296.3478,
388,
0,
2097, 
359.6595,
391,
348.5792,
312.7403,
286.3048,
245.3186,
232.6884,
391,
391,
250.8729,
317.1264,
363.3392,
275.0261,
263.3375,
326.1009,
391,
237.6767,
319.3537,
313.5364,
308.2859,
342.5654,
318.2319,
262.7605,
391,
297.026,
391,
0,
2098, 
359.6595,
394,
348.5792,
314.7038,
286.3048,
245.4739,
233.2,
394,
394,
251.1967,
317.238,
365.072,
278.7487,
264.5936,
328.2137,
394,
237.6767,
319.5919,
318.0854,
313.3093,
342.5654,
318.2319,
264.7539,
394,
298.2556,
394,
0,
2099, 
359.6595,
397,
348.5792,
315.5593,
286.3048,
245.4739,
397,
397,
397,
254.7531,
317.3101,
367.8731,
281.5062,
264.5936,
330.3304,
397,
237.6767,
319.7007,
328.7723,
318.8491,
342.5654,
318.2319,
266.334,
397,
300.4776,
397,
0,
2100, 
359.6595,
400,
348.5792,
316.3224,
286.3048,
245.4739,
400,
400,
400,
259.8806,
317.3641,
369.0164,
282.6602,
264.5936,
332.5244,
400,
237.6767,
319.7007,
330.1922,
324.0537,
342.5654,
318.2319,
266.6338,
400,
301.7336,
400,
0];
