real main.em.ep.isp.StorResTot[28](t) = [1971, 
651.5343,
6662.301,
42.08245,
21.60213,
64.96689,
80.57098,
58.75524,
41.05855,
12.20759,
218.7674,
4050.518,
794.3257,
45.14894,
639.8839,
126.0057,
1848.95,
149.6624,
189.8941,
60.786,
215.9777,
32.17176,
2.735793,
947.4415,
247.1319,
13.94703,
25.39259,
0,
17243.82,
1972, 
743.1379,
6664.728,
47.7262,
24.07365,
71.01305,
85.62901,
59.5344,
44.36075,
13.14334,
237.3148,
4228.148,
866.3724,
52.09121,
676.2775,
129.2396,
1948.799,
169.1202,
198.1338,
65.41999,
236.9972,
36.51492,
3.161404,
1012.384,
243.989,
13.98372,
36.3438,
0,
17907.64,
1973, 
823.4536,
7276.438,
51.89817,
26.78219,
82.26497,
95.77369,
61.004,
49.39492,
13.33579,
252.2586,
4534.185,
902.6428,
52.66744,
714.8611,
138.3771,
2062.625,
202.3026,
204.9313,
74.03788,
259.1163,
43.11642,
3.882291,
1095.986,
278.0313,
16.24769,
46.19956,
0,
19361.81,
1974, 
851.8475,
7332.586,
65.72916,
27.98231,
91.64097,
104.7322,
65.23281,
49.52388,
12.89805,
269.9228,
4643.078,
958.1191,
59.58812,
756.1116,
148.4388,
2188.701,
226.6788,
214.7227,
81.40346,
268.0445,
45.88002,
5.151636,
1082.19,
298.4529,
18.27978,
58.22719,
0,
19925.16,
1975, 
829.4708,
7548.269,
69.66646,
27.81398,
98.71186,
109.7083,
74.15015,
55.54008,
13.42964,
290.1167,
4627.427,
1001.688,
71.43202,
685.0228,
132.0404,
2029.391,
263.1306,
237.9639,
91.05247,
317.3189,
47.80796,
5.850019,
1106.663,
309.6376,
20.51815,
61.28811,
0,
20125.11,
1976, 
887.3734,
8061.647,
73.96089,
31.4425,
113.7721,
118.355,
85.01038,
57.75348,
15.56658,
303.7268,
4975.722,
1064.596,
81.15308,
715.8107,
139.8739,
2160.233,
310.0075,
266.9375,
99.52125,
351.9513,
53.87076,
5.430708,
1184.03,
322.8208,
21.59113,
65.7404,
0,
21567.9,
1977, 
951.7455,
8331.67,
79.97081,
34.06856,
125.4734,
129.5836,
97.22929,
63.17775,
16.3563,
303.7794,
5086.991,
1110.646,
90.79747,
736.629,
144.6624,
2236.307,
392.5284,
283.8152,
108.9099,
384.2579,
59.81034,
6.788661,
1233.85,
339.6396,
23.24754,
71.49912,
0,
22443.43,
1978, 
1020.996,
8559.442,
88.3676,
35.96915,
138.9367,
135.9364,
109.4434,
61.0486,
17.19193,
316.9549,
5276.29,
1168.905,
96.68808,
760.6333,
149.6673,
2341.145,
443.0547,
311.7668,
120.7875,
437.9872,
61.91249,
9.509597,
1291.158,
349.926,
26.12035,
69.42377,
0,
23399.26,
1979, 
1070.171,
8729.813,
94.73717,
37.54478,
155.6533,
151.5559,
122.3723,
70.4359,
17.63233,
332.7187,
5500.41,
1177.953,
98.70923,
779.6888,
205.7969,
2397.325,
512.4427,
316.2838,
130.9079,
478.6796,
67.34935,
11.46152,
1360.344,
366.1623,
29.25214,
74.78728,
0,
24290.19,
1980, 
1100.516,
8839.18,
99.38866,
37.87768,
178.6509,
162.1633,
136.8136,
78.82355,
17.83841,
360.1541,
5537.828,
1232.661,
101.6958,
816.4667,
225.3084,
2582.525,
567.5071,
330.1646,
136.6895,
468.1309,
72.06944,
14.42554,
1343.363,
383.7988,
30.68502,
68.90247,
0,
24923.63,
1981, 
1157.09,
8909.858,
108.5302,
39.18374,
171.8647,
168.5771,
155.3696,
77.11349,
18.86013,
411.1766,
5594.711,
1241.718,
106.6038,
836.2611,
230.855,
2726.783,
672.9659,
362.1925,
147.5992,
472.7571,
76.62929,
14.23504,
1357.065,
408.6897,
32.83151,
65.22114,
0,
25564.74,
1982, 
1136.058,
8688.75,
113.4095,
40.57539,
180.2098,
171.0389,
170.1496,
85.8347,
20.41621,
432.2756,
5586.427,
1259.721,
116.2424,
853.111,
239.0651,
2830.601,
797.8284,
386.602,
155.6199,
504.1372,
82.15194,
17.33001,
1343.73,
415.6121,
35.22574,
65.1921,
0,
25727.31,
1983, 
1187.16,
8878.191,
112.5314,
43.1385,
186.4959,
179.2594,
187.7583,
79.84969,
21.7319,
440.0569,
5719.142,
1317.657,
121.5039,
877.2925,
246.6496,
2978.39,
816.7966,
413.5931,
169.5538,
544.8015,
89.81685,
20.3317,
1418.877,
426.0634,
39.1615,
63.85402,
0,
26579.66,
1984, 
1279.878,
9274.389,
121.9216,
44.38156,
208.6608,
184.5324,
207.2545,
74.1756,
21.76338,
486.7209,
5928.743,
1378.836,
137.3201,
911.7482,
257.2548,
3168.132,
880.3056,
457.3181,
182.6242,
571.9357,
96.85173,
23.91781,
1493.584,
455.2823,
44.17859,
62.96338,
0,
27954.67,
1985, 
1357.436,
9440.133,
106.3653,
43.75379,
225.9319,
187.9634,
222.6229,
89.90285,
23.32054,
503.4676,
6149.178,
1383.467,
150.0046,
934.8961,
265.9077,
3287.403,
944.2714,
501.3237,
196.6258,
611.5356,
102.2743,
24.83824,
1551.948,
488.7079,
47.70227,
65.32884,
0,
28906.31,
1986, 
1388.987,
9431.796,
119.1544,
46.7666,
238.9207,
212.8479,
219.9133,
94.12848,
24.75123,
517.3439,
6248.406,
1447.913,
171.9922,
956.4094,
270.1849,
3435.084,
1029.16,
547.5697,
212.1964,
670.936,
105.8193,
34.99959,
1574.154,
504.926,
52.75277,
66.80234,
0,
29623.92,
1987, 
1480.768,
9599.564,
128.0912,
49.48166,
242.1215,
228.9798,
235.2779,
98.1089,
26.71533,
529.7454,
6454.69,
1477.736,
192.5159,
992.7372,
272.0798,
3572.937,
1052.562,
594.9029,
235.6989,
741.3654,
114.12,
40.5646,
1678.871,
532.52,
58.37646,
65.12103,
0,
30695.65,
1988, 
1515.47,
9991.863,
130.5549,
49.77979,
251.3006,
258.8665,
256.5066,
103.0374,
28.43333,
549.7903,
6738.337,
1470.673,
202.0811,
1024.183,
276.9368,
3660.732,
1210.956,
655.4714,
266.5091,
811.0546,
125.3007,
42.84611,
1774.558,
556.613,
66.99833,
71.99377,
0,
32090.85,
1989, 
1483.442,
10898.31,
138.3461,
53.15834,
267.3683,
247.3221,
268.4891,
107.554,
30.07582,
562.0791,
6954.365,
1489.865,
218.0033,
1042.152,
278.4245,
3929.542,
1235.245,
716.1553,
290.5591,
872.066,
137.423,
47.39962,
1887.378,
597.5941,
69.87281,
69.03881,
0,
33891.23,
1990, 
1436.097,
11103.52,
142.8049,
53.64335,
256.1516,
266.8352,
277.9558,
109.5198,
34.60458,
571.2534,
7109.198,
1408.158,
240.8573,
1121.767,
345.3876,
3831.769,
1322.038,
770.1495,
311.9614,
926.8809,
151.1901,
56.31757,
2059.753,
613.0416,
76.03207,
76.80499,
0,
34673.7,
1991, 
1520.486,
11197.96,
147.5193,
52.2033,
272.3747,
251.1185,
293.1693,
111.9393,
36.85344,
572.0602,
7268.736,
1343.237,
245.3236,
1034.106,
295.8364,
3572.459,
1463.869,
838.6893,
328.7479,
1107.987,
163.066,
63.72851,
2127.467,
630.2849,
81.54286,
84.62331,
0,
35105.39,
1992, 
1555.996,
11400.45,
151.2603,
55.09788,
279.6915,
259.6839,
309.9302,
116.1849,
38.26882,
586.343,
7319.019,
1248.565,
276.4721,
881.0862,
274.5659,
3089.788,
1556.87,
876.3325,
349.408,
1223.301,
176.5752,
69.63503,
2152.391,
642.692,
89.56591,
73.20151,
0,
35052.38,
1993, 
1610.014,
11674.81,
152.9257,
56.25337,
290.9431,
274.2503,
335.3324,
116.6131,
39.69559,
610.4193,
7331.793,
1247.299,
303.7926,
799.454,
231.2749,
3119.425,
1603.985,
924.9177,
386.9574,
1262.903,
194.6028,
77.84192,
2176.418,
663.0654,
93.45965,
74.84249,
0,
35653.29,
1994, 
1698.638,
11971.25,
164.4977,
60.35305,
299.2096,
291.0809,
358.1931,
116.6067,
40.52999,
630.8961,
7487.807,
1322.069,
319.5739,
728.6985,
227.3057,
2752.359,
1705.699,
992.4983,
434.0214,
1370.632,
219.5744,
86.56419,
2276.654,
683.5643,
98.24709,
72.56985,
0,
36409.09,
1995, 
1716.221,
12314.76,
167.8317,
63.69207,
314.1989,
304.866,
378.8894,
123.3033,
44.27374,
638.8221,
7682.934,
1319.615,
357.29,
764.734,
225.4766,
2745.593,
1790.839,
1076.434,
483.9923,
1491.81,
243.3471,
100.4082,
2314.044,
702.7759,
104.4557,
74.16431,
0,
37544.77,
1996, 
1767.091,
12612.34,
159.7369,
67.02303,
329.8958,
319.15,
428.2041,
128.4475,
46.33224,
666.8737,
7804.071,
1455.425,
388.36,
767.2675,
217.7438,
2711.029,
1865.739,
1135.955,
536.282,
1567.411,
264.949,
116.5101,
2381.013,
717.4484,
109.4885,
66.97551,
0,
38630.76,
1997, 
1793.254,
12918.13,
171.9807,
72.52254,
347.0984,
344.6333,
461.0972,
128.9829,
49.93048,
691.2809,
7956.238,
1482.344,
423.1427,
760.2082,
213.58,
2668.802,
2017.888,
1198.817,
586.2393,
1662.502,
283.6174,
123.0141,
2434.721,
740.8953,
113.6667,
70.27982,
0,
39714.87,
1998, 
1771.589,
13228.43,
185.5526,
77.78594,
357.8867,
362.9882,
492.3458,
125.9727,
51.33546,
682.0041,
8129.561,
1501.544,
450.8265,
730.6332,
205.3923,
2701.939,
2276.146,
1283.712,
574.8156,
1742.924,
279.5477,
126.8155,
2439.215,
784.2238,
117.8153,
91.86438,
0,
40772.86,
1999, 
1808.022,
13432.56,
196.6114,
83.88287,
371.7749,
363.5319,
521.7903,
132.2535,
52.82037,
680.2293,
8220.519,
1468.005,
466.1507,
755.1077,
201.7715,
2773.978,
2181.883,
1379.027,
639.6656,
1815.648,
298.8724,
148.1344,
2475.087,
825.4229,
117.6831,
99.42207,
0,
41509.85,
2000, 
1862.348,
14055.01,
209.571,
85.83013,
385.4221,
382.469,
555.7859,
136.4133,
54.75725,
712.5505,
8253.102,
1558.868,
503.6263,
746.6573,
205.5343,
2908.4,
2198.634,
1457.267,
757.041,
2050.63,
324.4077,
159.5319,
2582.829,
848.4988,
128.3606,
108.22,
0,
43231.77,
2001, 
1816.703,
13378.25,
216.042,
88.13026,
377.4446,
380.2847,
588.3534,
145.0848,
57.30593,
689.089,
8233.603,
1697.103,
502.701,
794.3758,
197.5716,
3039.311,
2298.491,
1513.017,
808.4622,
2257.996,
344.5863,
168.7664,
2560.828,
899.1688,
144.0589,
121.9242,
0,
43318.65,
2002, 
1841.69,
13731.12,
219.4068,
91.89227,
400.274,
375.6861,
616.1549,
154.1569,
57.46825,
745.926,
8045.228,
1619.486,
534.7098,
790.0793,
201.2904,
2935.191,
2386.734,
1559.445,
863.9683,
2443.81,
365.3076,
178.6872,
2613.719,
897.5116,
151.986,
129.9114,
0,
43950.84,
2003, 
1793.388,
13846.62,
269.127,
93.96043,
416.3987,
394.8441,
647.5127,
152.2271,
60.90777,
780.8393,
7975.098,
1625.312,
580.3669,
818.8617,
213.9468,
2991.453,
2509.429,
1665.403,
901.4177,
2799.827,
394.9191,
186.6405,
2613.201,
853.4384,
161.4112,
124.3611,
0,
44870.91,
2004, 
1819.805,
14240.62,
268.6953,
94.5396,
445.3103,
420.9468,
685.7574,
168.1795,
66.0736,
806.9263,
7901.626,
1720.834,
621.1,
856.0825,
221.7139,
3085.44,
2672.821,
1772.717,
950.4888,
3210.059,
421.781,
199.2982,
2692.233,
873.1631,
174.4674,
133.4705,
0,
46524.15,
2005, 
1771.526,
14206.42,
282.4268,
99.49457,
458.2372,
437.6483,
701.2112,
178.5792,
71.34375,
817.1988,
7804.187,
1686.866,
660.4396,
832.4222,
227.3186,
3483.122,
2682.938,
1884.674,
1013.017,
3632.229,
454.9935,
212.8575,
2762.729,
866.4295,
187.8812,
143.6054,
0,
47559.79,
2006, 
1709.41,
14009.63,
290.3227,
105.3024,
478.9368,
463.0461,
743.4637,
189.2573,
76.10947,
856.1296,
7647.577,
1713.672,
710.2894,
870.8574,
232.4905,
3508.003,
2837.534,
2040.589,
1044.869,
4174.483,
481.2033,
216.4578,
2809.333,
862.0944,
198.8869,
147.1753,
0,
48417.12,
2007, 
1811.521,
13963.29,
301.7923,
108.2643,
507.6829,
474.397,
822.9774,
200.0891,
83.13194,
877.155,
7396.933,
1702.478,
767.9797,
884.0259,
241.9553,
3536.827,
3059.9,
2192.877,
1104.143,
4813.509,
510.1441,
220.6954,
2895.632,
902.8182,
205.7303,
150.945,
0,
49736.89,
2008, 
1799.222,
13370.56,
306.4452,
106.4814,
528.8392,
505.6997,
860.3031,
204.123,
83.39161,
873.7977,
7355.292,
1701.004,
776.0195,
839.9636,
222.1435,
3606.927,
3192.4,
2110.169,
1182.931,
5355.724,
523.0222,
225.6944,
2800.888,
899.702,
214.3346,
153.4442,
0,
49798.52,
2009, 
1719.508,
12334.91,
304.1848,
106.3036,
534.5511,
511.6986,
980.8465,
212.5665,
92.02015,
852.3763,
6872.243,
1643.521,
754.827,
726.1262,
212.9682,
3408.016,
3522.725,
2265.638,
1239.85,
6257.075,
549.7412,
230.7223,
2807.44,
814.3398,
223.551,
166.6311,
0,
49344.38,
2010, 
1709.428,
12362.97,
322.7675,
111.0881,
593.5684,
506.5674,
1068.12,
229.9068,
107.0023,
888.5424,
7307.896,
1710.001,
813.3794,
747.9811,
235.1237,
3428.679,
3691.151,
2443.998,
1339.393,
7647.857,
601.0938,
248.9285,
2962.944,
833.6717,
231.4323,
175.9055,
0,
52319.4,
2011, 
1786.858,
11538.76,
357.9896,
116.2859,
615.1198,
523.756,
1102.501,
237.2032,
126.9333,
897.9114,
7650.14,
1741.862,
882.8517,
764.4742,
227.6888,
3510.065,
3852.347,
2722.758,
1397.582,
9506.831,
633.8979,
264.5069,
3038.496,
808.0312,
247.5583,
179.662,
0,
54732.07,
2012, 
1746.179,
11168.45,
379.5086,
120.6008,
648.6268,
559.2361,
1174.09,
244.3766,
142.7373,
893.6221,
8139.458,
1679.448,
955.1574,
770.069,
242.5726,
3513.996,
4118.683,
2876.452,
1461.775,
11115.98,
708.6605,
277.1656,
3242.023,
821.123,
268.0741,
184.5957,
0,
57452.66,
2013, 
1650.473,
10881.1,
363.3004,
126.744,
676.2338,
600.6285,
1242.792,
275.421,
156.8288,
935.0344,
7881.478,
1677.42,
970.4205,
753.2572,
290.7766,
3527.438,
4380.96,
3095.563,
1539.665,
13492.17,
790.7056,
305.4082,
3975.731,
855.6924,
305.6814,
194.6128,
0,
60945.54,
2014, 
1606.611,
10816.56,
383.4304,
131.7096,
718.9463,
604.8529,
1322.327,
292.3058,
180.1528,
1085.628,
7988.26,
1657.92,
1025.235,
716.6498,
265.6544,
3560.837,
4765.329,
3507.302,
1645.142,
16180.28,
922.7737,
328.1439,
5109.435,
831.9734,
336.0135,
221.3627,
0,
66204.84,
2015, 
1524.941,
11058.09,
399.1104,
143.8867,
722.8741,
649.7017,
1499.701,
321.6376,
206.571,
1169.507,
7363.231,
1610.221,
1098.317,
659.3513,
276.4536,
3579.068,
5335.44,
3879.363,
1805.013,
19931.21,
1043.339,
349.9202,
6633.44,
874.8418,
362.2032,
233.0321,
0,
72730.46,
2016, 
1507.86,
10939.16,
422.8198,
147.7164,
759.9611,
658.9221,
1653.317,
335.7411,
220.5241,
1351.322,
7727.813,
1631.858,
1280.45,
659.604,
329.075,
3577.741,
5913.238,
4440.773,
1964.208,
23589.28,
1277.531,
378.2414,
7923.029,
937.3995,
429.1923,
227.8872,
0,
80284.66,
2017, 
1557.524,
11279.83,
429.8669,
147.2598,
813.7279,
659.9219,
1716.615,
360.9245,
237.3114,
1542.955,
7931.168,
1632.104,
1732.063,
680.0657,
416.7705,
3643.963,
6082.718,
5121.321,
2193.003,
29349.68,
1410.485,
402.8563,
9238.981,
1025.145,
494.2254,
249.2699,
0,
90349.76,
2018, 
1516.068,
11774.71,
460.3988,
155.7337,
849.5037,
670.9529,
2015.973,
408.5015,
292.2142,
1821.287,
8518.631,
1863.97,
2837.85,
753.7095,
433.7873,
3630.756,
6174.524,
6045.282,
2485.212,
36036.38,
1545.227,
470.4763,
10563.78,
1185.073,
542.9998,
279.9424,
0,
103332.9,
2019, 
1571.575,
11911.05,
458.1941,
161.909,
908.8057,
636.1889,
2245.91,
448.9746,
337.0691,
1910.765,
9786.863,
1792.392,
3179.623,
940.4702,
475.2111,
3677.76,
7275.846,
6728.722,
2931.091,
42054.92,
2113.42,
516.6625,
11910.22,
1377.214,
579.3922,
327.6076,
0,
116257.9,
2020, 
1543.174,
11508.47,
474.3178,
152.3766,
881.3893,
629.1924,
2313.46,
484.5382,
360.0456,
2088.593,
10987.27,
1952.386,
3538.468,
1033.568,
451.681,
3555.612,
7976.342,
7082.407,
3478.831,
51207.02,
2839.026,
521.1419,
13453.85,
1609.492,
613.5715,
333.769,
0,
131070,
2021, 
1591.641,
12607.73,
504.4298,
166.9231,
975.2009,
706.4858,
2449.161,
537.441,
407.8029,
2222.394,
11689.02,
2279.427,
4006.867,
1087.054,
563.1962,
3714.823,
8687.025,
8038.958,
4214.057,
62349.29,
4250.217,
562.0892,
15023.53,
1954.831,
706.9221,
369.9031,
0,
151666.4,
2022, 
1558.969,
13587.81,
543.0885,
178.0342,
1031.144,
706.185,
2510.784,
640.6912,
471.7627,
2252.739,
13230.04,
2573.86,
4519.76,
955.9584,
625.3268,
3686.333,
10335.1,
9574.079,
4643.116,
72657.4,
4432.514,
614.6435,
16383.81,
2337.92,
818.4658,
495.2672,
0,
171364.8,
2023, 
1480.455,
15398.04,
566.3937,
185.6576,
1107.536,
724.8082,
2726.979,
766.0579,
506.2885,
2255.433,
15501.07,
3035.845,
5090.04,
983.5463,
719.1304,
3735.328,
12141.38,
10555.72,
5159.729,
98372.91,
4790.553,
681.2927,
17095.88,
2884.057,
862.9301,
534.043,
0,
207861.1,
2024, 
1403.68,
18161.34,
582.2029,
193.9996,
1153.075,
755.4231,
3011.23,
855.5268,
539.054,
2392.038,
17819.94,
3629.142,
8156.094,
806.3157,
807.8318,
3711.589,
13319.06,
12667.5,
5712.129,
128572.5,
5087.535,
736.4893,
17522.52,
3729.062,
950.7575,
587.5314,
0,
252863.6,
2025, 
1500.562,
22172.24,
621.0413,
277.4077,
1318.653,
797.7758,
3257.121,
972.6124,
930.6904,
3165.607,
19647.48,
4015.326,
10063.19,
847.6334,
869.0955,
3720.142,
28880.99,
17548.29,
6228.398,
145513.5,
5748.007,
1400.406,
20372.8,
4883.782,
1249.817,
666.9268,
0,
306669.5,
2026, 
1638.289,
25696.77,
657.8065,
292.3125,
1327.498,
826.4785,
3003.892,
1074.711,
1249.281,
2937.201,
21177.39,
4273.735,
10461.3,
922.0547,
1084.04,
3699.804,
46896.12,
22698.34,
7066.732,
167404.6,
6301.912,
1700.347,
24598.89,
5857.897,
1630.562,
654.6262,
0,
365132.6,
2027, 
1766.859,
28855.98,
709.1362,
366.1378,
1340.357,
865.8133,
2818.517,
1435.776,
1635.824,
2677.944,
22868.17,
4595.645,
10946.07,
1054.404,
1859.608,
3675.71,
55067.77,
27709.38,
7054.305,
205863.1,
7324.339,
3279.665,
27713.68,
7207.26,
2166.556,
631.6971,
0,
431489.7,
2028, 
1941.129,
31531.65,
1058.041,
475.8764,
1353.864,
907.8474,
2598.297,
2070.188,
2029.69,
2469.485,
25138.27,
4631.727,
11591.59,
1189.945,
2458.741,
3639.281,
58659.65,
34920.93,
7034.254,
238501.2,
9695.965,
6164.45,
29511.91,
8731.634,
3179.354,
618.2774,
0,
492103.2,
2029, 
2168.404,
34014.35,
1466.698,
589.6951,
1379.848,
1154.569,
2407.631,
2930.34,
2273.319,
2351.322,
27200.83,
5898.452,
11765.54,
1268.958,
3332.232,
3609.451,
62914.62,
43641.85,
7079.993,
274482.8,
12887.49,
10076.96,
45530.51,
10651.38,
4347.048,
591.2196,
0,
576015.5,
2030, 
2428.582,
36327.16,
1762.226,
756.5976,
1396.326,
1474.528,
2151.555,
3773.907,
2264.102,
3981.815,
29533.96,
6761.691,
11799.28,
1401.277,
4340,
3590.247,
65778.23,
53242.25,
7109.473,
307541.2,
16419.89,
14984.6,
39477.98,
12711.28,
5508.837,
524.0103,
0,
637041.1,
2031, 
2716.682,
37266.96,
2096.595,
973.2267,
1420.923,
1915.265,
2025.457,
3892.212,
2159.975,
3567.92,
32386.44,
7390.37,
11691.34,
1524.662,
5266.102,
3539.432,
59727.13,
63212.09,
7309.604,
346835.6,
20251.2,
20468.74,
36658.61,
14784.38,
6656.567,
444.1004,
0,
696181.6,
2032, 
3123.318,
38291.69,
2504.696,
1269.398,
1480.274,
2560.536,
2032.299,
3724.826,
1897.623,
3139.631,
40395.29,
8467.987,
11823.2,
1658.599,
6027.562,
3505.469,
54145.18,
78811.07,
7493.246,
394992.5,
24488.72,
23797.62,
39229.51,
17268.01,
7817.168,
357.6068,
0,
780303,
2033, 
3448.028,
42729.16,
2747.398,
2112.225,
1584.055,
3408.5,
2285.948,
3489.552,
1550.752,
2716.706,
63243.87,
19591.01,
12131.78,
1755.835,
7086.859,
3430.179,
48789.42,
104411.5,
7539.89,
442539.8,
28465.78,
27514.67,
43409.27,
19785.08,
9073.746,
308.3011,
0,
905149.3,
2034, 
4291.656,
51854.85,
2902.079,
3308.365,
1796.696,
5169.873,
2906.657,
3224.686,
1254.76,
2306.859,
105934.8,
55899.42,
12285.24,
1862.827,
8350.002,
3448.281,
44727.02,
142945.6,
7858.624,
496758.7,
33318.95,
31793.42,
48631.14,
22428.86,
11336.54,
329.6647,
0,
1106926,
2035, 
5063.077,
66551.84,
3041.56,
4871.377,
2204.617,
11682.79,
3962.774,
2993.327,
1098.491,
1901.388,
173104.9,
136794.3,
12504.05,
1947.042,
10366,
3517.103,
41606.54,
196706.2,
8496.273,
572310.6,
39884.13,
38009.74,
53383.17,
25397.91,
15703.55,
425.0519,
0,
1433528,
2036, 
5763.305,
97648.87,
3280.74,
7176.133,
2808.061,
23355.05,
5231.543,
3513.73,
1483.576,
1946.727,
276950.8,
226372.5,
14814.94,
2044.251,
13083.65,
3633.44,
46205.43,
253190.7,
9312.34,
712301.6,
48650,
43854.93,
58512.46,
30550.49,
21955.45,
884.3668,
0,
1914525,
2037, 
8528.197,
135363.7,
3768.677,
13664.25,
3593.304,
41876.04,
6376.642,
3963.35,
1942.926,
2174.531,
411003.8,
311310.9,
17232.15,
2209.412,
16965.61,
3753.496,
52823.31,
330025.8,
10172.75,
1090938,
62144.46,
48832.9,
62407.94,
41648.64,
30774.95,
1538.674,
0,
2715034,
2038, 
14589.56,
213879,
5856.252,
28172.78,
4957.096,
69590.09,
6986.586,
4630.412,
2194.188,
3063.067,
516025.7,
357339.8,
19694.46,
2175.905,
22160.61,
3882.042,
73151.36,
496543.6,
11273.78,
1807681,
81402.53,
53726.49,
66586.67,
63389.34,
43202.25,
1740.917,
0,
3973896,
2039, 
24973.58,
358700.4,
11621.81,
50200.06,
9103.636,
109887.8,
7554.984,
6769.485,
2629.14,
6281.553,
616537.3,
411057.8,
23011.19,
2383.632,
29055.11,
3974.094,
105609,
722173.2,
12774.76,
3074071,
107412.7,
67135.23,
69049.75,
96004.44,
62120.46,
2196.017,
0,
5992288,
2040, 
43794.63,
590021.9,
23062.27,
76831.83,
15251.29,
149708.3,
11870.32,
20937.62,
3110.924,
24102.09,
699638.6,
438648.3,
25703.32,
3215.592,
43336.71,
4098.814,
166257.7,
993446.4,
12700.32,
4477952,
137840.3,
81015.32,
71292.85,
131620.7,
96792.95,
3396.554,
0,
8345648,
2041, 
65337.06,
965703.1,
41558.84,
100170.1,
25475.83,
185015.3,
29205.08,
43204.68,
3399.683,
57958.39,
777949.4,
460387.3,
29791.39,
4409.191,
71236.97,
4346.911,
277404.4,
1299022,
12529.9,
5476273,
174759.8,
94427.74,
72932.53,
167160.9,
154755.5,
4529.409,
0,
1.059894e+07,
2042, 
84933.46,
1359949,
62387.29,
119287.3,
43368.99,
227385.1,
65441,
75685.3,
4004.014,
80441.58,
821762,
479772.8,
37843.09,
12553.17,
125459.3,
4678.35,
479996.8,
1599678,
12478.91,
6068880,
230941.6,
114114.8,
75998.11,
186007,
270718.9,
6892.727,
0,
1.265066e+07,
2043, 
102311,
1659500,
94617.69,
136879,
77715.95,
275827.1,
160065.2,
127801.2,
5375.211,
89885.13,
842083,
492522,
47892.99,
23742.56,
193943,
5014.774,
723793.6,
1897771,
12444.29,
6636872,
302805.4,
136913.5,
80266.92,
197463.1,
376770.1,
13584.26,
0,
1.471386e+07,
2044, 
114791.5,
1908633,
134179.8,
154108.1,
121000.6,
322633.2,
391978.8,
231947.3,
22912.52,
98416.38,
870326.1,
499679.7,
59961.89,
34944.66,
258847,
5352.057,
1017596,
2207106,
12274.88,
7006096,
387137.3,
161696.9,
87546.2,
211279.3,
482945.3,
23541.84,
0,
1.682693e+07,
2045, 
121159.2,
2016406,
165117.7,
166613.7,
178576,
371821.9,
620504.9,
315816.6,
104922.9,
110496.4,
871652.4,
504866.1,
75785.54,
46993.68,
307295.5,
5576.531,
1187272,
2454232,
11976.22,
7291019,
503529.6,
173290.3,
95806.88,
204850.8,
554951.4,
43251.04,
0,
1.850378e+07,
2046, 
116033.9,
2056439,
175958.1,
183144.7,
230820.5,
423634.8,
721898.6,
391809.8,
223550.7,
127188.5,
867281.4,
507396,
94444.75,
61716.47,
337217.7,
6108.914,
1270145,
2607740,
11423.17,
7550551,
617646.8,
177934.5,
101222.8,
214823.5,
605904.8,
67270.23,
0,
1.97493e+07,
2047, 
124352.1,
2127771,
199414.3,
195558.1,
271882.5,
473604.7,
830263.7,
479348.9,
267771.6,
146754.2,
849155.1,
509505.3,
111935,
75312.18,
356682.7,
8000.42,
1355142,
2762408,
11390.48,
7792253,
708845.8,
172334.1,
102975.5,
220188.3,
654235.6,
102448.3,
0,
2.090953e+07,
2048, 
114529.6,
2133597,
210251,
211749.3,
322903.5,
540477.9,
911943.3,
550925.4,
305317.5,
168397.9,
831560.4,
511927.8,
123727.1,
86576.88,
371186.9,
10561.24,
1427317,
2858289,
12452.1,
8002238,
779559.4,
157865.8,
102248.8,
227805.6,
711773.8,
129551.5,
0,
2.181473e+07,
2049, 
124370.1,
2164964,
223669.5,
229019.7,
371339.3,
590123.3,
986034.4,
593297.3,
310889.2,
186137.2,
799894.4,
515556.2,
133920.2,
97919.71,
382039.6,
14243.65,
1512552,
2907432,
13953.58,
8213734,
814720.1,
148444.7,
94800.22,
239453,
792525,
148583.7,
0,
2.260962e+07,
2050, 
119167.1,
2186674,
241394.5,
241115.6,
427196,
628142.5,
1049294,
611564.9,
299328.1,
204588.3,
786149.6,
518847.7,
142717.9,
107821.2,
390973.4,
14913.84,
1623628,
2936853,
15126.48,
8437128,
842590.8,
143449.7,
86439.33,
252791.6,
885353.6,
162048.3,
0,
2.33553e+07,
2051, 
133188.1,
2190770,
266979.5,
249052.3,
499215.2,
681766.9,
1106375,
629294.1,
306617.7,
227598,
780909.6,
522021.1,
143966.3,
112872.4,
400066.6,
14022.7,
1737869,
2965606,
15715.23,
8634515,
908208.3,
139946.9,
81699.54,
265111.8,
994846.3,
170735.2,
0,
2.417897e+07,
2052, 
132225.7,
2218972,
299224,
250045.5,
617465.9,
732300.4,
1159983,
639636.6,
302859.7,
251756.4,
787648.6,
525767.4,
158363.4,
117071.8,
411111.8,
16848.75,
1841455,
2994584,
16833.37,
8759635,
927541.6,
148126.6,
77919.41,
275556,
1097187,
175846.8,
0,
2.493596e+07,
2053, 
149555.9,
2232905,
332270.2,
243894.4,
753835.4,
773550.3,
1211341,
669446.5,
307501.6,
281772.9,
812117.8,
531000.3,
178316.1,
121200.9,
421284.8,
24078.79,
1936114,
3005368,
16757.08,
8876475,
967534.1,
156676.3,
75972.96,
283920.4,
1207893,
185655.7,
0,
2.575644e+07,
2054, 
152971.8,
2281236,
359228.8,
242232.2,
889546.4,
805782.6,
1258365,
716190.1,
301389.6,
311935.3,
827708.3,
536392.4,
188121.9,
124429.4,
430993.6,
50239,
2013121,
2983437,
15827.92,
8972256,
1005748,
175968.6,
73100.09,
287987.7,
1315307,
204459.5,
0,
2.652397e+07,
2055, 
170173.8,
2363103,
375293.3,
241192.5,
1019873,
858098.2,
1302097,
777205.6,
330298,
335629,
814850.2,
534714.5,
186125.7,
126524,
440938.3,
122309.2,
2067582,
2999766,
15365.65,
9037770,
1039633,
187900.8,
71247.66,
291466,
1409382,
230208.5,
0,
2.734875e+07,
2056, 
172571.2,
2398425,
386393.3,
244626.2,
1147265,
893625.3,
1363501,
829788.9,
340947.6,
355370.6,
791875.8,
534811,
187250.6,
127556.5,
455858.4,
201680.2,
2146198,
3040631,
14867.86,
9070615,
1041430,
197153.2,
70214.73,
300400.4,
1508826,
258228.7,
0,
2.808011e+07,
2057, 
191602.7,
2401209,
405048,
251980.9,
1248219,
934541.4,
1428204,
880440.9,
365651.6,
372792.3,
756663.8,
532896.2,
176902.8,
126878.3,
474239.1,
302336.3,
2223707,
3073835,
14577.56,
9080276,
1039627,
202717,
70974.33,
310418.9,
1603659,
277859.1,
0,
2.874726e+07,
2058, 
197204.9,
2381490,
422119.4,
251680.3,
1360776,
990810.5,
1494414,
935060.5,
369705.8,
387733.4,
734070.4,
526014.9,
162446.5,
125961.7,
493643.4,
397458.7,
2312836,
3084971,
14488.61,
9090507,
1049420,
209438.3,
71585.74,
332621,
1698160,
296397.4,
0,
2.939101e+07,
2059, 
215018.7,
2374921,
447638.2,
248920.8,
1483449,
1038245,
1557001,
998051.8,
386542.8,
399468.6,
713870,
519473.8,
149048.2,
123398.1,
513224.3,
492193.2,
2410998,
3063969,
14559.33,
9095709,
1073626,
214947.4,
75373.7,
360310.2,
1799143,
313229.6,
0,
3.008233e+07,
2060, 
214076.8,
2360229,
472312.3,
243665.1,
1617020,
1097344,
1618486,
1064584,
386651.8,
414655.9,
704337.4,
513858.6,
143029.9,
120848.8,
534226.9,
568547.6,
2538867,
2984091,
14621.36,
9108090,
1093194,
215210,
83559.63,
386886.8,
1903914,
330302.4,
0,
3.073261e+07,
2061, 
230165.3,
2380773,
507818.4,
239352,
1734981,
1141811,
1683778,
1155827,
408150,
432172.1,
687715.9,
506045.7,
141885.5,
116499.9,
554891.7,
632919.6,
2671114,
2868285,
15068.76,
9121873,
1103325,
219966.1,
88805.45,
410474.9,
2018141,
351875.2,
0,
3.142371e+07,
2062, 
234515.6,
2445692,
536101.4,
229875,
1809763,
1172458,
1755702,
1261869,
417535.3,
451968.9,
662235.9,
498107.6,
142651.7,
108920.2,
576592.1,
671260.7,
2801438,
2735975,
15993.52,
9138453,
1124097,
228088.3,
93809.13,
427285.1,
2135224,
378228.5,
0,
3.205384e+07,
2063, 
243506,
2533026,
570679.5,
221432.7,
1887081,
1204345,
1840860,
1396052,
446056.1,
471689.9,
634945.3,
469437.9,
153458.7,
98594.62,
600122.1,
719311.4,
2924199,
2601718,
19292.84,
9163004,
1150836,
234856.7,
99445.9,
440269.9,
2252514,
411607.3,
0,
3.278834e+07,
2064, 
226863.2,
2623301,
597008,
211265.3,
1974754,
1231973,
1950042,
1543350,
443035.2,
489097.9,
589484.6,
435033.6,
170781.8,
86571.89,
626149.7,
774734.8,
3038016,
2488187,
22413.82,
9267886,
1158367,
239349.9,
101839.8,
455166.7,
2367566,
449046.3,
0,
3.356128e+07,
2065, 
220607.9,
2675265,
618765.7,
201520.3,
2050483,
1254968,
2058080,
1735161,
443094.2,
506884.1,
562269.2,
409148.8,
183937.4,
79872.52,
650294.8,
833315.5,
3139480,
2357106,
27362.48,
9389525,
1137263,
253159.7,
100779.9,
471239.8,
2480487,
493944.3,
0,
3.433401e+07,
2066, 
223985,
2703727,
628006.1,
194648,
2129214,
1268796,
2164236,
1871618,
454446.3,
524075.6,
556079.4,
420263.6,
199273.8,
80051.97,
673207.9,
880721.5,
3243492,
2226019,
32141.62,
9517365,
1095224,
262409.2,
98064.75,
489086.6,
2601273,
541077.3,
0,
3.50785e+07,
2067, 
232898.2,
2694675,
623853.4,
193117.3,
2209426,
1287023,
2269767,
1993063,
452883.9,
538259.8,
561725.1,
434587.8,
205006,
82113.72,
687143.8,
921099.7,
3316361,
2073268,
34576.76,
9669173,
1037075,
267417,
92771.55,
497799.4,
2722691,
597272.3,
0,
3.569505e+07,
2068, 
241218.1,
2829075,
617649.8,
191761.7,
2281854,
1311352,
2367995,
2063357,
466785,
549317.5,
577471.6,
445681.8,
212117.7,
84585.68,
698128.4,
956509.1,
3357606,
1893889,
37462.2,
9920412,
979839.5,
268074.8,
88204.52,
529771.1,
2813188,
646047.2,
0,
3.642935e+07,
2069, 
247280.6,
3008017,
616072.3,
189958.8,
2347416,
1341861,
2449353,
2200152,
508087.3,
556028.1,
595882.7,
458303.4,
225777.8,
86457.55,
708142.6,
978892.9,
3366382,
1688350,
37086.8,
1.01656e+07,
955261.1,
262942.2,
84846.05,
532223.3,
2886592,
704787.6,
0,
3.720175e+07,
2070, 
259097.6,
3213057,
638737.1,
188779.5,
2425311,
1384157,
2521773,
2314633,
522416.4,
559507.9,
618983.6,
468216.6,
233222.4,
80834.41,
719721.1,
988747.4,
3334642,
1481315,
39201.39,
1.036359e+07,
939728.3,
257550.7,
83467.2,
555094.3,
2988738,
767902,
0,
3.794842e+07,
2071, 
281223.9,
3432149,
684070.4,
187983.3,
2527369,
1437927,
2593945,
2471938,
521983.2,
564053.6,
646086.4,
479750.2,
237190.3,
80165.69,
732062.2,
993781.3,
3285877,
1330337,
40461.68,
1.041455e+07,
942712.8,
253715.2,
82661.27,
556813.9,
3083113,
832272.1,
0,
3.869419e+07,
2072, 
306057.6,
3551323,
746473.2,
186743.8,
2648436,
1493659,
2689895,
2645433,
568825.1,
569538.5,
680153.9,
482790,
238579.9,
90649.86,
743667.3,
988205.4,
3144803,
1239839,
42140.98,
1.044081e+07,
960089.3,
257090.4,
82493.22,
579778.9,
3155061,
889934.6,
0,
3.942247e+07,
2073, 
330289.1,
3502766,
808082.6,
189681.9,
2770864,
1527253,
2800173,
2821377,
604081.3,
576432.7,
718255.1,
486792.7,
243400.4,
105940.8,
762992.8,
993612.1,
2922158,
1209904,
42557.12,
1.043472e+07,
969660.6,
266343.3,
81978.21,
582079.6,
3225585,
947131.6,
0,
3.992411e+07,
2074, 
356773.5,
3472770,
860676.8,
194709,
2917333,
1555868,
2924132,
3019042,
653233,
583685.1,
752132.1,
490999.8,
242336.7,
123517.5,
784300.8,
1002097,
2679263,
1187390,
42438.78,
1.041258e+07,
956808.8,
261063,
79196.7,
621113.1,
3283456,
1002266,
0,
4.045918e+07,
2075, 
380847.8,
3498909,
917896.7,
197560,
3039089,
1586800,
3006399,
3167110,
671805.4,
591566.2,
786233.3,
496702.9,
231170.3,
141701.9,
812678,
1018081,
2526769,
1155025,
43229.41,
1.044048e+07,
943631.4,
261955.4,
76158.74,
650645.6,
3337464,
1055239,
0,
4.103514e+07,
2076, 
401115.7,
3548721,
984206.4,
201117.9,
3133938,
1625234,
3043134,
3323919,
735643.1,
601780.8,
814564.3,
508026.3,
220435.1,
157959.8,
852136,
1033770,
2341661,
1111184,
46174.64,
1.047098e+07,
929235.9,
260564.4,
74400.13,
683588.1,
3273646,
1116933,
0,
4.149407e+07,
2077, 
408674.7,
3623441,
1057492,
209758.7,
3224027,
1660401,
2981755,
3486872,
793257.7,
613770.7,
836568.8,
516019.4,
225593,
168980.7,
891200.2,
1081240,
2161977,
1092728,
49564.72,
1.057363e+07,
913988.6,
261728.8,
73527.38,
719009.4,
3264637,
1180096,
0,
4.206994e+07,
2078, 
419721.6,
3721010,
1118617,
209558,
3290656,
1695569,
2906853,
3655175,
864243.8,
627403.8,
831850.4,
517168.3,
239589.2,
182331.5,
918848.1,
1134984,
1949201,
1082063,
53234.11,
1.067815e+07,
895622.5,
268071.4,
72779.06,
753347.2,
3252207,
1245048,
0,
4.25833e+07,
2079, 
414967.6,
3810554,
1180706,
206928.5,
3359036,
1734222,
2869365,
3814415,
910681.1,
641162.3,
830470.3,
518684.5,
251036.8,
197568.9,
932025.2,
1138768,
1789989,
1078923,
57213.68,
1.055684e+07,
880195.8,
275306.6,
73231.74,
775824.1,
3275597,
1316800,
0,
4.289051e+07,
2080, 
431238.1,
3923561,
1244740,
205566.4,
3424605,
1773361,
2874880,
3991161,
969968.5,
654798.6,
830013.3,
513171.5,
256646.8,
220688.6,
934539.9,
1190877,
1649363,
1067007,
61634.74,
1.047788e+07,
864225.9,
281745.7,
74063.73,
794680.3,
3229020,
1390360,
0,
4.33298e+07,
2081, 
415361.8,
4064633,
1337640,
212421.6,
3461195,
1822576,
2910403,
4184021,
1027807,
666866.8,
827722.4,
506831.4,
264693.5,
244234.7,
938285.6,
1206297,
1518022,
1047677,
66040.58,
1.032008e+07,
854428.8,
286004.5,
74088.74,
785751.5,
3031685,
1467451,
0,
4.354222e+07,
2082, 
412231.2,
4201993,
1385233,
210439,
3479846,
1840590,
2971267,
4363300,
1116899,
677831.3,
803586.8,
497094.7,
268641.5,
252412.9,
948675.4,
1215008,
1370084,
1031224,
69611.3,
1.017648e+07,
838561.4,
287958,
74142.26,
796393.1,
2756892,
1535536,
0,
4.358192e+07,
2083, 
406568.9,
4336376,
1435542,
213771.4,
3485824,
1856383,
3199852,
4551095,
1157698,
684986.8,
794158.2,
486727.6,
271740.3,
256786.4,
952234.2,
1203160,
1208255,
1015479,
69805.98,
1.000748e+07,
823199.9,
284456.3,
74315.57,
803832.1,
2434694,
1602328,
0,
4.361674e+07,
2084, 
394144.3,
4412241,
1486027,
216656.3,
3482802,
1871360,
3398407,
4744162,
1248791,
689198.9,
783689.7,
480277.9,
269043.7,
260665.6,
960898.7,
1167329,
1053975,
1001773,
69971.34,
9872867,
827256.7,
281201.9,
76091.62,
817245.8,
2241418,
1674765,
0,
4.378226e+07,
2085, 
381761.7,
4485341,
1567059,
215908.4,
3479597,
1885113,
3488589,
4937141,
1361198,
692427.5,
780695.8,
482784.5,
260348.5,
258722.4,
975614.5,
1165198,
947544.9,
994563.4,
70089.87,
9802049,
825998.2,
274750.6,
77460.45,
829213.4,
2074393,
1751036,
0,
4.40646e+07,
2086, 
364473.8,
4538862,
1628102,
209017.6,
3456643,
1891353,
3626650,
5183683,
1494448,
694721.1,
773813.9,
490760.1,
256668.1,
254141.8,
988724.9,
1175913,
848918,
978495.9,
70271.44,
9728553,
815007.8,
270412.3,
79417.77,
841907.6,
1974960,
1846164,
0,
4.448208e+07,
2087, 
352345.3,
4535170,
1692564,
207924.1,
3434547,
1897178,
3710643,
5428336,
1646366,
700671.8,
778659.9,
495799.3,
254960,
257771.1,
1000125,
1216886,
806397.7,
952708.5,
70668.57,
9655062,
812531.1,
266369,
82034.58,
852862.7,
1989053,
1946409,
0,
4.504404e+07,
2088, 
342369.5,
4518858,
1791717,
209250.5,
3450864,
1924735,
3756520,
5705103,
1836904,
712344.8,
779113.1,
502254,
258840.6,
261572.9,
1013949,
1303426,
706118.9,
926543.9,
70994.62,
9576380,
817648.4,
264181.1,
85664.34,
865154.2,
2081451,
2039831,
0,
4.580179e+07,
2089, 
332705.4,
4511372,
1844314,
212254.8,
3475503,
1974262,
3715351,
5975292,
2025842,
725228.9,
775524.6,
504713.4,
265152.8,
264319.2,
1021475,
1365263,
568984.7,
899960.4,
70635.85,
9471164,
803222.3,
261513.3,
88907.58,
877832,
2111709,
2144656,
0,
4.628716e+07,
2090, 
325618.5,
4432679,
1850486,
214504.2,
3521677,
2010098,
3678316,
6207745,
2219436,
737855.4,
766066.4,
499343.9,
274643.4,
262654.6,
1040556,
1426000,
485007.2,
870889,
70031.9,
9381972,
794119.3,
261004.5,
91285,
893514.6,
2145134,
2251578,
0,
4.671222e+07,
2091, 
307258.7,
4340186,
1870193,
218315.2,
3557843,
2074182,
3604100,
6495682,
2440199,
741991.1,
752139.7,
498718.7,
284389.7,
261334.9,
1050840,
1478943,
398095.1,
877678.4,
70165.75,
9235275,
782957.1,
260182.2,
91077.4,
912532.1,
2141699,
2372056,
0,
4.711803e+07,
2092, 
312605.8,
4268552,
1878025,
220526.6,
3571044,
2129971,
3539637,
6732053,
2661156,
740277.1,
766325.4,
506642.4,
289159.2,
255929.7,
1055269,
1526727,
362321.4,
880832.2,
70240.84,
9140238,
769207.5,
261712,
90820.75,
930780.8,
2100303,
2496934,
0,
4.755729e+07,
2093, 
301043.5,
4373176,
1884043,
220369.7,
3558953,
2166653,
3457379,
6996122,
2829540,
738567.3,
786184,
508467.5,
282939.4,
246452.4,
1059531,
1573427,
324251.5,
899203.3,
70505.63,
9074546,
766423.1,
260673.8,
90496.23,
950121.6,
2023406,
2621150,
0,
4.806362e+07,
2094, 
275563,
4469982,
1881427,
218516.2,
3508868,
2198830,
3534164,
7222200,
2987195,
735455.5,
831850.1,
508167.8,
284344.4,
234788.9,
1063261,
1615882,
297344.3,
908888.3,
70828.98,
9059168,
772553.7,
259502.3,
90715.15,
967347.9,
1949864,
2749562,
0,
4.869627e+07,
2095, 
250356.7,
4562643,
1886022,
214320.3,
3450239,
2228840,
3386040,
7485356,
3141074,
733268.3,
865017,
510695.2,
285819.5,
230953.2,
1064576,
1647974,
286621,
908503.8,
71520.46,
9008246,
775098.3,
255854.7,
91671.3,
984192.2,
1883755,
2854810,
0,
4.906346e+07,
2096, 
231316.4,
4676720,
1886360,
207160.8,
3405947,
2248715,
3472611,
7813454,
3310064,
735881.8,
895698,
516502.9,
289971.5,
240909.5,
1065343,
1682398,
263963.6,
887027.8,
71537.1,
8964192,
784930.7,
253244.1,
94398.19,
1004390,
1846326,
2913775,
0,
4.976284e+07,
2097, 
215043.2,
4750179,
1882145,
201555.3,
3374533,
2263881,
3555754,
8234259,
3502064,
749255.3,
876689.8,
521781.6,
294461.3,
238966.7,
1063155,
1719168,
252881.9,
874196,
71382.66,
8943557,
802845.4,
251284.5,
97407.41,
1042683,
1793638,
2923337,
0,
5.04961e+07,
2098, 
201859.2,
4750874,
1913890,
195456.8,
3343724,
2286233,
3681289,
8626588,
3667429,
776207.9,
869965.4,
531730.3,
294455.5,
236796.9,
1047383,
1738418,
247984.7,
838364.4,
71122.91,
8937761,
810961,
249982.1,
99658.57,
1085581,
1724456,
2939361,
0,
5.116753e+07,
2099, 
188238.3,
4740469,
1991785,
193199.3,
3308962,
2298520,
3754102,
9127528,
3826969,
809169.1,
834263.6,
538649.7,
297744,
231579.4,
1031836,
1753239,
249189.8,
815870.9,
70878.99,
8922501,
813832.8,
244315,
100877,
1133477,
1654974,
2983712,
0,
5.191588e+07,
2100, 
177901.7,
4686302,
2072985,
190066.7,
3288169,
2317471,
3732631,
9563037,
3994092,
828407.3,
825136.9,
544498.9,
303836.3,
227437.3,
1018757,
1767634,
250937.8,
787584.3,
70965.23,
8906775,
812424.4,
237657.4,
100288.3,
1176227,
1584719,
3051098,
0,
5.251704e+07];
