real main.em.ep.isp.StorCapTot[28](t) = [1971, 
566.5516,
2974.242,
36.59344,
18.78446,
56.49295,
70.06173,
51.09151,
35.70309,
10.61529,
190.2325,
3522.189,
690.718,
37.31318,
556.4208,
110.5313,
1607.783,
123.688,
165.1254,
43.73093,
189.4541,
28.22084,
2.399819,
681.6126,
110.3267,
12.23423,
22.08051,
0,
11914.2,
1972, 
646.2068,
2975.325,
41.50105,
20.93361,
61.75048,
74.46001,
51.76905,
38.57457,
11.429,
206.3607,
3676.651,
753.3674,
43.05058,
588.0674,
113.3681,
1694.608,
139.7687,
172.2903,
47.06474,
207.8923,
32.03064,
2.773161,
728.3337,
108.9237,
12.26642,
31.6033,
0,
12480.37,
1973, 
716.0466,
3248.41,
45.12885,
23.28886,
71.53476,
83.28147,
53.04696,
42.95211,
11.59634,
219.3553,
3942.77,
784.9068,
43.52681,
621.6184,
121.3834,
1793.588,
167.1922,
178.2011,
53.26466,
227.295,
37.82142,
3.405518,
788.479,
124.1211,
14.25236,
40.17353,
0,
13456.64,
1974, 
740.7369,
3273.476,
57.15579,
24.33244,
79.6878,
91.07144,
56.72418,
43.06424,
11.21569,
234.7155,
4037.459,
833.147,
49.24638,
657.4884,
130.2095,
1903.219,
187.3378,
186.7154,
58.56364,
235.1268,
40.24563,
4.518979,
778.5542,
133.2379,
16.03489,
50.63234,
0,
13913.92,
1975, 
721.2789,
3369.763,
60.57953,
24.18607,
85.8364,
95.39849,
64.47839,
48.29572,
11.67795,
252.2754,
4023.85,
871.0328,
59.03473,
595.6721,
115.825,
1764.688,
217.4633,
206.9252,
65.50538,
278.3499,
41.93681,
5.131596,
796.1603,
138.2311,
17.99838,
53.29401,
0,
13984.87,
1976, 
771.6291,
3598.95,
64.31382,
27.3413,
98.93223,
102.9174,
73.92207,
50.22042,
13.53616,
264.1103,
4326.715,
925.7356,
67.06866,
622.4441,
122.6964,
1878.463,
256.2046,
232.1196,
71.59802,
308.7292,
47.25505,
4.763779,
851.8198,
144.1164,
18.93959,
57.16557,
0,
15001.71,
1977, 
827.6048,
3719.497,
69.53983,
29.62483,
109.1073,
112.6814,
84.54721,
54.93718,
14.22287,
264.156,
4423.47,
965.7787,
75.03923,
640.547,
126.8969,
1944.615,
324.4036,
246.7958,
78.35242,
337.0684,
52.46521,
5.954966,
887.6619,
151.6248,
20.39258,
62.17315,
0,
15629.16,
1978, 
887.8226,
3821.181,
76.84139,
31.27752,
120.8145,
118.2056,
95.1682,
53.08574,
14.94951,
275.613,
4588.078,
1016.439,
79.9075,
661.4203,
131.2871,
2035.778,
366.1609,
271.1016,
86.89745,
384.1993,
54.3092,
8.341752,
928.8909,
156.2169,
22.91259,
60.36849,
0,
16347.27,
1979, 
930.5836,
3897.239,
82.38015,
32.64764,
135.3507,
131.7877,
106.4107,
61.24861,
15.33246,
289.3206,
4782.964,
1024.307,
81.57787,
677.9902,
180.5236,
2084.631,
423.5063,
275.0294,
94.17832,
419.8944,
59.07838,
10.05396,
978.6647,
163.4653,
25.65977,
65.03242,
0,
17028.86,
1980, 
956.9705,
3946.067,
86.42492,
32.93711,
155.3486,
141.0116,
118.9684,
68.54221,
15.51166,
313.1775,
4815.501,
1071.879,
84.04609,
709.9711,
197.6389,
2245.674,
469.0141,
287.0997,
98.33775,
410.6411,
63.2188,
12.65398,
966.4479,
171.3388,
26.91668,
59.91519,
0,
17525.25,
1981, 
1006.165,
3977.724,
94.37408,
34.07282,
149.4476,
146.5888,
135.104,
67.05521,
16.40012,
357.5449,
4864.923,
1079.755,
88.10229,
727.1836,
202.5044,
2371.116,
556.1702,
314.95,
106.1865,
414.6992,
67.21867,
12.48687,
976.3061,
182.4507,
28.79957,
56.71403,
0,
18034.04,
1982, 
987.8763,
3879.774,
98.61698,
35.28294,
156.7041,
148.7295,
147.9557,
74.63887,
17.75323,
375.8919,
4857.618,
1095.41,
96.06812,
741.8357,
209.7063,
2461.393,
659.3623,
336.1757,
111.9568,
442.2256,
72.0631,
15.20176,
966.7123,
185.5411,
30.89977,
56.68878,
0,
18262.08,
1983, 
1032.313,
3967.786,
97.85336,
37.51175,
162.1703,
155.8778,
163.2668,
69.43452,
18.89731,
382.6582,
4973.012,
1145.789,
100.4165,
762.8631,
216.3593,
2589.904,
675.0385,
359.6462,
121.9811,
477.8961,
78.78671,
17.83483,
1020.775,
190.2068,
34.35219,
55.52523,
0,
18908.16,
1984, 
1112.937,
4148.679,
106.0188,
38.59267,
181.4442,
160.4629,
180.22,
64.50052,
18.92468,
423.2356,
5155.273,
1198.988,
113.4878,
792.8245,
225.6621,
2754.897,
727.5253,
397.668,
131.3843,
501.698,
84.95766,
20.98054,
1074.521,
203.2511,
38.75315,
54.75077,
0,
19911.64,
1985, 
1180.38,
4230.036,
92.49159,
38.04678,
196.4625,
163.4464,
193.5836,
78.1764,
20.27873,
437.7979,
5346.953,
1203.015,
123.9709,
812.9532,
233.2524,
2858.612,
780.3896,
435.9336,
141.4574,
536.4264,
89.71431,
21.78793,
1116.508,
218.1732,
41.8441,
56.80769,
0,
20648.5,
1986, 
1207.813,
4229.519,
103.6125,
40.66665,
207.7571,
185.0851,
191.2274,
81.85085,
21.52281,
449.8643,
5433.236,
1259.055,
142.1425,
831.6603,
237.0043,
2987.03,
850.5451,
476.1476,
152.6593,
588.5261,
92.82383,
30.7014,
1132.483,
225.4151,
46.27436,
58.08899,
0,
21262.71,
1987, 
1287.623,
4307.051,
111.3837,
43.02758,
210.5404,
199.1129,
204.588,
85.31209,
23.23072,
460.6482,
5612.606,
1284.988,
159.1042,
863.2498,
238.6665,
3106.901,
869.8856,
517.3069,
169.5675,
650.3063,
100.1051,
35.58298,
1207.819,
237.7348,
51.20742,
56.62699,
0,
22094.18,
1988, 
1317.798,
4484.585,
113.526,
43.28682,
218.5223,
225.1013,
223.0472,
89.5977,
24.72464,
478.0786,
5859.241,
1278.846,
167.0093,
890.5942,
242.927,
3183.245,
1000.79,
569.975,
191.7332,
711.4371,
109.9127,
37.5843,
1276.658,
248.4913,
58.77047,
62.60328,
0,
23108.09,
1989, 
1289.948,
4891.889,
120.301,
46.22469,
232.4942,
215.0627,
233.4668,
93.52522,
26.15289,
488.7645,
6047.048,
1295.535,
180.1682,
906.2195,
244.232,
3416.993,
1020.844,
622.7436,
209.0354,
764.9399,
120.5463,
41.57862,
1357.823,
266.7864,
61.29194,
60.03375,
0,
24253.65,
1990, 
1248.779,
4995.017,
124.1782,
46.64644,
222.7405,
232.0306,
241.6987,
95.23464,
30.09094,
496.742,
6181.613,
1224.485,
199.0557,
975.4499,
302.9716,
3331.973,
1092.568,
669.6951,
224.4326,
813.0229,
132.6228,
49.40138,
1481.831,
273.6826,
66.6948,
66.78695,
0,
24819.44,
1991, 
1322.161,
5037.782,
128.2777,
45.39424,
236.8476,
218.3639,
254.9268,
97.33855,
32.04647,
497.4437,
6320.271,
1168.032,
202.7469,
899.2224,
259.5056,
3106.486,
1209.781,
729.2949,
236.5093,
971.8834,
143.0402,
55.9022,
1530.546,
281.3866,
71.52882,
73.58549,
0,
25130.3,
1992, 
1353.038,
5124.866,
131.5307,
47.91127,
243.21,
225.8121,
269.5014,
101.0303,
33.27724,
509.8634,
6363.897,
1085.708,
228.4895,
766.1619,
240.8473,
2686.772,
1286.643,
762.0281,
251.3727,
1073.014,
154.8902,
61.08335,
1548.467,
286.9293,
78.56659,
63.65348,
0,
24978.56,
1993, 
1400.01,
5248.25,
132.9789,
48.91609,
252.994,
238.4785,
291.5902,
101.4027,
34.5179,
530.7994,
6374.867,
1084.607,
251.0684,
695.1774,
202.8727,
2712.543,
1325.593,
804.2761,
278.3866,
1107.727,
170.7039,
68.28239,
1565.738,
296.0274,
81.98215,
65.08043,
0,
25364.87,
1994, 
1477.075,
5383.495,
143.0418,
52.48103,
260.1824,
253.114,
311.4686,
101.3972,
35.24347,
548.6053,
6510.382,
1149.623,
264.1108,
633.6509,
199.391,
2393.355,
1409.661,
863.0419,
312.2456,
1202.153,
192.6088,
75.9335,
1637.837,
305.2038,
86.18166,
63.10422,
0,
25864.59,
1995, 
1492.358,
5533.307,
145.9409,
55.38453,
273.2166,
265.1011,
329.4654,
107.2202,
38.49891,
555.4975,
6679.871,
1147.488,
295.2812,
664.9861,
197.7865,
2387.472,
1480.046,
936.0296,
348.1949,
1308.391,
213.4612,
88.07734,
1664.714,
313.7807,
91.62784,
64.4907,
0,
26677.69,
1996, 
1536.592,
5667.45,
138.9019,
58.28429,
286.8662,
277.522,
372.3477,
111.6934,
40.28891,
579.8901,
6784.958,
1265.583,
320.9588,
667.1891,
191.0033,
2357.417,
1541.957,
987.7862,
385.8134,
1374.571,
232.4093,
102.2018,
1712.868,
320.4303,
96.04258,
58.23957,
0,
27469.27,
1997, 
1559.342,
5802.427,
149.5488,
63.06667,
301.825,
299.6814,
400.9504,
112.1591,
43.41781,
601.1138,
6916.942,
1288.991,
349.7049,
661.0506,
187.3509,
2320.698,
1667.711,
1042.449,
421.7539,
1457.868,
248.7852,
107.9071,
1751.484,
330.9117,
99.70744,
61.11289,
0,
28247.96,
1998, 
1540.502,
5942.704,
161.3505,
67.64514,
311.2068,
315.6461,
428.1231,
109.5415,
44.6395,
593.0471,
7067.12,
1305.685,
372.6068,
635.3332,
180.1687,
2349.512,
1881.152,
1116.271,
413.5285,
1527.62,
245.2153,
111.2417,
1754.626,
350.3318,
103.3465,
79.88207,
0,
29008.04,
1999, 
1572.173,
6056.596,
170.9669,
72.95131,
323.2835,
316.1193,
453.727,
115.0014,
45.93073,
591.5038,
7145.375,
1276.521,
385.2715,
656.6154,
176.9925,
2412.155,
1803.323,
1199.151,
460.158,
1591.114,
262.1667,
129.9425,
1780.156,
369.1241,
103.2132,
86.45398,
0,
29555.99,
2000, 
1619.371,
6343.604,
182.238,
74.65186,
335.1506,
332.5863,
482.9996,
118.5998,
47.61496,
619.6091,
7169.197,
1355.529,
416.27,
649.2672,
180.2932,
2529.043,
1817.155,
1267.186,
544.5,
1796.149,
284.5648,
139.9362,
1853.202,
380.3521,
112.5751,
94.09607,
0,
30745.74,
2001, 
1579.686,
6030.691,
187.8649,
76.65719,
328.2157,
330.687,
511.2371,
126.1115,
49.8312,
599.2078,
7150.264,
1475.728,
415.541,
690.7476,
173.3084,
2642.879,
1899.68,
1315.608,
581.4227,
1977.393,
302.2628,
148.0281,
1834.227,
404.3328,
126.3338,
106.0062,
0,
31063.95,
2002, 
1601.415,
6216.287,
190.791,
79.93092,
348.0696,
326.6883,
535.3976,
133.9789,
49.97201,
648.6313,
6984.259,
1408.213,
441.9584,
687.0113,
176.5705,
2552.34,
1972.567,
1355.967,
621.3344,
2139.706,
320.4366,
156.7272,
1869.328,
404.9095,
133.2686,
112.9466,
0,
31468.7,
2003, 
1559.413,
6274.109,
234.026,
81.73318,
362.091,
343.3474,
562.7003,
132.2837,
52.96287,
678.9907,
6913.208,
1413.257,
479.7037,
712.0392,
187.6726,
2601.264,
2073.951,
1448.11,
648.2044,
2451.419,
346.4098,
163.703,
1866.891,
387.697,
141.5318,
108.1215,
0,
32224.84,
2004, 
1582.393,
6472.959,
233.6507,
82.24094,
387.2316,
366.0474,
595.9068,
146.1196,
57.43266,
701.6751,
6836.201,
1496.289,
513.3503,
744.4051,
194.4859,
2682.988,
2209.005,
1541.43,
683.4819,
2810.098,
369.9604,
174.8055,
1920.487,
398.1723,
152.954,
116.0364,
0,
33469.8,
2005, 
1540.254,
6485.256,
245.5911,
86.54607,
398.4743,
380.5705,
609.2902,
155.0974,
61.99234,
710.6077,
6735.933,
1466.694,
545.8458,
723.8307,
199.4023,
3028.797,
2217.364,
1638.737,
727.5091,
3177.05,
398.8748,
186.6988,
1964.978,
398.9422,
164.6812,
124.845,
0,
34373.86,
2006, 
1485.825,
6463.256,
252.4695,
91.60366,
416.5012,
402.6556,
645.9787,
164.3182,
65.97832,
744.4606,
6585.41,
1489.93,
587.1328,
757.2524,
203.939,
3050.433,
2345.201,
1774.328,
750.1319,
3644.884,
421.5752,
189.8485,
1990.177,
401.1119,
174.2884,
127.9488,
0,
35226.64,
2007, 
1574.616,
6502.178,
262.4506,
94.17696,
441.5191,
412.5297,
715.0487,
173.6387,
71.87372,
762.7435,
6347.134,
1480.019,
635.1719,
768.7031,
212.2415,
3075.496,
2528.98,
1906.603,
792.1208,
4191.766,
446.922,
193.5317,
2050.21,
418.7291,
180.2431,
131.2264,
0,
36369.87,
2008, 
1563.847,
6385.139,
266.4972,
92.62334,
459.9324,
439.751,
747.4357,
177.1391,
71.78601,
759.8241,
6246.59,
1477.88,
642.6093,
730.3879,
194.8627,
3136.452,
2638.011,
1834.646,
845.5485,
4635.34,
458.1951,
197.8769,
1980.882,
418.6229,
187.713,
133.3993,
0,
36722.99,
2009, 
1493.506,
6045.724,
264.5738,
92.49049,
464.9342,
444.9886,
852.1871,
184.4754,
78.40525,
741.1968,
5756.231,
1420.101,
626.1167,
631.3987,
186.8143,
2963.483,
2909.682,
1969.728,
883.3432,
5351.197,
481.4889,
202.2376,
1975.546,
402.4926,
195.6768,
144.8651,
0,
36762.88,
2010, 
1482.595,
6199.616,
280.775,
96.66779,
516.3356,
440.5338,
924.0106,
198.6546,
89.23954,
772.5826,
6011.476,
1454.564,
676.819,
650.3869,
206.2489,
2981.451,
3046.221,
2124.57,
953.2398,
6455.383,
526.2274,
218.1928,
2075.063,
424.4415,
202.2079,
152.9253,
0,
39160.43,
2011, 
1544.363,
5996.32,
311.4387,
101.209,
535.131,
455.4876,
952.1202,
205.234,
104.1681,
780.5979,
6066.767,
1456.575,
737.1404,
662.8296,
199.727,
3052.212,
3174.037,
2358.883,
993.0212,
7877.498,
554.1768,
231.8232,
2103.025,
424.2169,
215.4379,
156.1425,
0,
41249.58,
2012, 
1502.155,
5973.435,
330.333,
105.0188,
564.4674,
486.4179,
1014.098,
211.0605,
116.2693,
776.654,
6259.679,
1385.717,
798.5297,
665.5253,
212.783,
3055.626,
3386.304,
2485.505,
1034.501,
9031.241,
614.5838,
242.8159,
2214.597,
443.5868,
232.0877,
160.2252,
0,
43303.22,
2013, 
1408.759,
6041.557,
316.2844,
110.4097,
588.6113,
522.4507,
1073.433,
236.5547,
127.3033,
803.6938,
6010.973,
1365.558,
813.5799,
645.081,
255.06,
3067.285,
3584.146,
2664.273,
1081.615,
10685.49,
678.5194,
267.4494,
2609.891,
474.4723,
262.2622,
168.5299,
0,
45863.24,
2014, 
1362.691,
6148.035,
333.9955,
114.8022,
626.2747,
526.2446,
1141.694,
250.875,
144.9007,
892.517,
6045.571,
1332.247,
859.7811,
605.9125,
232.9965,
3092.466,
3884.247,
2988.153,
1142.209,
12523.86,
783.8417,
287.3402,
3149.943,
484.7799,
285.3234,
191.1501,
0,
49431.86,
2015, 
1279.195,
6376.903,
347.8495,
125.4777,
630.1173,
565.4464,
1278.975,
275.2195,
164.0419,
936.1159,
5637.745,
1291.303,
917.8361,
554.8704,
242.1418,
3106.93,
4340.027,
3270.218,
1232.558,
14742.56,
875.3755,
305.9794,
3791.955,
522.9257,
305.7781,
200.9004,
0,
53318.45,
2016, 
1258.182,
6638.997,
368.617,
128.8247,
664.0055,
573.6035,
1401.214,
284.4418,
174.4809,
1038.197,
5876.255,
1311.365,
1037.704,
551.9476,
286.986,
3104.733,
4783.092,
3666.195,
1325.766,
16880.76,
1043.143,
330.7112,
4330.463,
566.3871,
355.7095,
195.3031,
0,
58177.09,
2017, 
1298.908,
7101.319,
374.7403,
128.4069,
711.8107,
574.6298,
1445.359,
301.2908,
185.4266,
1135.262,
6032.083,
1313.941,
1310.228,
563.9557,
363.3509,
3161.751,
4878.105,
4126.037,
1452.532,
20089.25,
1137.133,
352.2082,
4839.668,
626.2346,
402.7133,
211.3837,
0,
64117.72,
2018, 
1261.633,
7560.39,
401.4799,
135.889,
743.5224,
584.4091,
1624.003,
331.2455,
220.85,
1269.393,
6404.33,
1488.643,
1827.334,
607.3622,
377.1115,
3134.872,
4867.05,
4725.158,
1611.544,
23557.1,
1240.912,
410.4755,
5312.705,
763.2847,
439.0885,
235.139,
0,
71134.93,
2019, 
1303.639,
7872.134,
399.7914,
141.2476,
795.7416,
554.619,
1765.437,
359.2179,
252.2923,
1303.919,
7156.487,
1409.984,
1956.277,
671.5881,
412.0594,
3158.957,
5511.616,
5124.904,
1832.982,
26590.98,
1586.48,
449.7872,
5747.204,
926.4875,
468.4481,
264.0771,
0,
78016.36,
2020, 
1277.865,
8155.694,
413.9762,
132.9028,
771.0683,
549.0471,
1823.009,
383.2403,
264.7842,
1352.048,
7769.876,
1495.928,
2112.652,
698.9405,
373.888,
3036.703,
5928.336,
5241.512,
2069.469,
30866.24,
1932.271,
452.9386,
6223.579,
1112.845,
493.9219,
267.848,
0,
85200.59,
2021, 
1302.346,
9258.819,
440.0934,
145.5476,
852.8276,
616.6503,
1930.446,
412.4815,
294.7313,
1426.973,
8102.391,
1679.646,
2373.906,
720.0813,
466.1516,
3165.592,
6338.082,
5798.328,
2418.812,
36264.14,
2577.555,
488.4893,
6736.478,
1362.353,
560.7213,
292.6432,
0,
96026.28,
2022, 
1277.382,
10192.51,
473.7734,
155.2251,
900.7879,
616.4807,
1965.784,
492.739,
333.0948,
1430.465,
8876.821,
1823.352,
2626.398,
601.3568,
506.1995,
3138.245,
7294.294,
6728.839,
2591.232,
40276.74,
2731.296,
533.3984,
7058.711,
1586.792,
641.9991,
365.4729,
0,
105219.4,
2023, 
1212.804,
11600.03,
493.9665,
161.8187,
967.1918,
632.9297,
2114.374,
577.5882,
356.0761,
1444.343,
9789.211,
2015.222,
2864.74,
622.8763,
571.7231,
3174.052,
8108.309,
7424.027,
2799.984,
48783.3,
2913.07,
587.2379,
7301.193,
1816.058,
671.1275,
389.9131,
0,
119393.2,
2024, 
1151.161,
13584.99,
507.6723,
169.0663,
1005.772,
659.4041,
2288.767,
642.4661,
384.399,
1504.203,
10666.91,
2287.088,
3842.91,
566.0353,
632.0486,
3147.833,
8663.589,
8609.214,
3016.498,
57161.09,
3082.473,
632.8224,
7447.75,
2136.804,
728.6749,
422.4528,
0,
134942.1,
2025, 
1193.337,
15843.32,
540.9742,
217.2651,
1148.606,
695.682,
2442.759,
722.2634,
560.5765,
1805.55,
11591,
2472.218,
4399.377,
592.6891,
677.7518,
3128.507,
14189.36,
10908.72,
3199.031,
62051.58,
3388.555,
1072.74,
8382.822,
2542.218,
899.3038,
466.7001,
0,
155132.9,
2026, 
1268.978,
17356.54,
572.7004,
227.3203,
1156.337,
720.3979,
2417.5,
819.6296,
712.1257,
1781.896,
12317.97,
2610.225,
4588.265,
638.9135,
813.0891,
3105.617,
19183.5,
13200.95,
3516.497,
68864.41,
3672.02,
1246.966,
9723.787,
2870.407,
1107.982,
483.3363,
0,
174977.3,
2027, 
1339.128,
18820.52,
616.8528,
259.9675,
1167.474,
753.825,
2408.867,
1042.654,
889.1965,
1708.818,
13141.04,
2767.838,
4792.764,
705.8497,
1210.639,
3081.187,
21234.39,
15487.07,
3505.13,
79696.52,
4131.671,
1964.663,
10610.67,
3292.227,
1374.548,
495.5969,
0,
196499.1,
2028, 
1435.345,
20010.63,
775.3821,
303.9522,
1179.173,
789.6183,
2377.675,
1370.746,
1069.708,
1652.914,
14170.61,
2870.255,
5025.977,
772.6645,
1468.983,
3047.5,
22208.35,
18529.93,
3371.456,
88649.15,
5042.27,
2978.038,
10824.26,
3734.574,
1809.486,
513.0555,
0,
215981.7,
2029, 
1560.74,
21240.95,
933.6251,
348.8422,
1201.353,
904.6439,
2350.029,
1761.447,
1206.43,
1620.319,
15089.44,
3391.675,
5178.696,
818.069,
1796.049,
3021.417,
23288.21,
21972.35,
3371.908,
98146.22,
6149.691,
4029.346,
14497.6,
4325.896,
2266.933,
523.6123,
0,
240995.5,
2030, 
1700.011,
22612.91,
1050.437,
409.9251,
1215.507,
1041.022,
2276.022,
2127.607,
1281.815,
2154.333,
16093.05,
3772.712,
5293.31,
883.7875,
2118.565,
3005.355,
24051.15,
25568.28,
3359.83,
106769.1,
7270.377,
5122.931,
13063.45,
4979.696,
2693.343,
511.9157,
0,
260426.5,
2031, 
1847.376,
23504.29,
1181.433,
481.8387,
1236.773,
1205.323,
2272.357,
2295.196,
1334.361,
2059.25,
17488.85,
4108.139,
5348.833,
940.7101,
2430.291,
2961.722,
22866.93,
29202.79,
3390.44,
116197,
8362.894,
6262.795,
12621.68,
5606.586,
3119.714,
489.83,
0,
278817.4,
2032, 
2048.662,
24306.58,
1326.863,
581.5182,
1288.114,
1418.825,
2332.565,
2338.792,
1311.375,
1946.842,
20685.95,
4570.767,
5449.828,
1000.484,
2648.784,
2931.846,
21724.19,
33694.57,
3435.292,
127153.1,
9548.568,
7090.776,
13110.1,
6310.543,
3545.808,
454.7618,
0,
302255.5,
2033, 
2221.592,
26698.07,
1424.338,
834.7399,
1377.788,
1671.288,
2516.571,
2345.47,
1242.259,
1821.618,
28427.72,
8287.681,
5575.443,
1040.766,
2982.203,
2865.987,
20533.6,
39825.85,
3454.169,
137737.6,
10711.13,
8094.306,
13929.32,
7010.134,
3983.221,
440.4321,
0,
337053.3,
2034, 
2605.912,
30481.15,
1499.257,
1141.637,
1532.8,
2240.475,
2867.985,
2352.047,
1167.988,
1686.255,
40162.87,
16139.5,
5673.462,
1091.732,
3336.208,
2854.641,
19657.54,
47004.08,
3566.219,
149574.2,
12126.05,
9304.834,
14930.48,
7721.26,
4699.333,
479.1058,
0,
385897,
2035, 
2922.88,
36043.54,
1576.438,
1495.318,
1787.602,
3897.882,
3400.696,
2441.435,
1140.063,
1552.642,
54963.49,
28859.12,
5853.051,
1136.015,
3867.772,
2864.82,
18939.21,
55906.18,
3787.396,
165651.7,
13942.25,
10678.97,
15814.15,
8486.901,
5984.907,
579.7556,
0,
453574.2,
2036, 
3184.616,
46214.55,
1671.865,
1951.888,
2149.637,
6120.184,
4300.024,
2913.471,
1391.245,
1614.056,
73242.53,
40721.86,
6632.872,
1184.696,
4526.032,
2892.91,
20509.03,
64713.83,
4062.659,
193416.5,
16248.37,
11937.23,
16735.2,
9499.565,
7669.756,
931.8553,
0,
546436.4,
2037, 
4170.648,
56855.59,
1820.718,
2964.909,
2561.384,
8865.256,
5261.471,
3252.072,
1664.774,
1738.994,
94494.94,
53791.75,
7391.183,
1258.242,
5458.684,
2920.22,
22679.42,
75312.18,
4346.11,
255661.3,
19372.47,
13014.5,
17419.49,
11094.83,
9791.091,
1326.662,
0,
684488.9,
2038, 
5909.768,
77901.71,
2443.643,
5543.991,
3174.158,
12916.03,
5664.833,
3666.997,
1841.749,
2072.286,
109207.7,
60804.46,
8143.229,
1279.78,
6628.864,
2949.957,
28468.1,
104246.3,
4707.452,
366952.5,
23508.1,
14012.92,
18131.59,
13845.89,
12448.64,
1466.78,
0,
897937.4,
2039, 
8355.991,
104405.5,
3907.806,
9029.516,
4468.111,
18991.11,
6045.718,
4563.501,
2082.149,
3028.756,
121643.3,
67916.41,
9097.183,
1421.586,
8063.271,
2969.123,
36624.47,
146204.6,
5214.1,
559230.1,
28731.79,
16344.66,
18533.8,
17940.94,
16130.4,
1692.449,
0,
1222636,
2040, 
12012.72,
131390.1,
6113.348,
13175.7,
5885.098,
24884.28,
7713.08,
8643.636,
2343.525,
6578.915,
131611.9,
68432.48,
9873.979,
1765.488,
10514.02,
3010.616,
49010.15,
194478.1,
5200.388,
773418.6,
34338.59,
18657.87,
18889.68,
22756.04,
21734.95,
2137.589,
0,
1584571,
2041, 
15382.72,
181421,
8873.879,
16591.99,
7625.438,
29792.69,
12573.6,
13232.59,
2549.004,
10907.79,
141302,
69099.31,
10938.47,
2232.05,
14158.15,
3116.303,
67134.02,
249799.7,
5164.778,
904389.6,
40564.89,
20839.13,
19153.23,
28299.33,
29614.58,
2529.878,
0,
1907286,
2042, 
18029.9,
235050.7,
11920.65,
19208.12,
10902.43,
35749,
19194.89,
19086.73,
2856.624,
14037.47,
146406.8,
69571.55,
12782.24,
4528.843,
22095.19,
3268.281,
99881.42,
298048.6,
5171.405,
969356.3,
48343.07,
23719.89,
19665.6,
31293.23,
47643.18,
3307.92,
0,
2191120,
2043, 
20180.38,
280520.2,
17399.99,
21554.29,
17026.48,
42878.59,
34915.98,
29851.13,
3394.122,
14940.73,
148474,
69792.82,
14855.56,
6804.863,
33313.3,
3434.396,
140987.8,
338661,
5198.935,
1021891,
57250.77,
27499.41,
20404.68,
32915.33,
65117.21,
4960.959,
0,
2474224,
2044, 
21711.04,
320080.9,
24087.08,
23851.24,
23913.5,
49722.67,
74408.46,
48337.07,
7420.359,
15759.16,
151832.1,
69943.7,
17130.4,
8648.748,
42666.64,
3611.063,
180544.8,
380178.8,
5223.369,
1037507,
70288.89,
32152.99,
21534.84,
35033.13,
82326.09,
6834.601,
0,
2754749,
2045, 
22552.99,
335400.3,
29225.79,
25592.47,
32325.71,
56872.59,
101057.9,
61496.5,
20474.64,
17324.92,
151396,
70066,
19826.28,
10241.97,
47766.85,
3768.574,
187978.1,
405721.2,
5238.874,
1042097,
88484.96,
34447.48,
22785.08,
33028.84,
92717.47,
9698.708,
0,
2927588,
2046, 
22184.44,
340159.9,
31089.53,
27771.99,
39619.34,
64440.04,
105933.1,
72457.2,
39038.24,
19672.56,
150275.6,
70197.2,
22735.75,
12014.3,
49753.64,
4053.647,
194315.1,
415892.3,
5227.138,
1048065,
107995.6,
35494.72,
23557.81,
34542.48,
99982.02,
12652.54,
0,
3049121,
2047, 
23219.22,
350407.7,
35000.04,
29676.69,
45292.52,
71512.64,
117200.5,
84002.48,
42701.26,
22352.76,
146846.6,
70394.94,
26510.04,
13746.39,
50610.54,
4801.554,
201624.8,
427459.4,
5290.671,
1057632,
123306.4,
34642.2,
23741.99,
35023.93,
107002.1,
18488.46,
0,
3168488,
2048, 
22312.17,
350731.6,
36943.69,
32115.53,
52117.39,
80755.83,
124259.2,
93506.73,
46149.41,
25258.9,
143451,
70685.12,
29092.82,
15229.55,
51477.66,
5699.028,
210872.3,
439672.3,
5494.173,
1069165,
134874.1,
32511.03,
23559.15,
36049.78,
115351.1,
23193.03,
0,
3270528,
2049, 
23535.27,
356370.4,
39375.11,
34691.46,
58805.13,
87695.02,
130529.2,
99853.58,
43237.72,
27502.94,
138851.2,
71201.15,
31350.56,
16696.39,
52505.89,
6922.712,
222971.4,
453009,
5789.227,
1082539,
140474.8,
31584.76,
22485.56,
37661.14,
126347.8,
26539.55,
0,
3368526,
2050, 
23153.37,
360792.6,
42639.16,
36606.96,
67246.7,
93222.91,
139999.3,
103894.8,
39423.67,
30256.08,
137408.8,
71762.41,
33342.51,
17868.96,
53986.91,
7691.071,
238273.1,
467402,
6045.032,
1096152,
143612,
31542.92,
21291.87,
39481.01,
138915.5,
28933.57,
0,
3470945,
2051, 
24852.6,
362446.6,
47315.66,
37984.99,
78094.51,
101044.9,
147559.6,
108205.6,
40107.7,
34101.89,
137948.8,
72341.08,
33782.77,
18272.13,
55816.36,
7981.572,
255015.7,
482744.6,
6161.481,
1106229,
151084.6,
31690.81,
20693.35,
41246.75,
152305.1,
30469.92,
0,
3585498,
2052, 
25038.83,
368468.7,
52865.7,
38519.01,
96695.2,
108322.7,
153815.3,
112617.6,
39057.31,
38107.97,
139938.8,
73025.2,
36813.25,
18616.52,
58498.93,
9224.873,
271739.6,
499298.6,
6479.735,
1114945,
152691,
33356.45,
20260.71,
42955.66,
162149.5,
31359.86,
0,
3704862,
2053, 
27041.3,
372210.8,
58179.52,
37963.86,
118046.2,
113556.8,
159220.2,
119021.3,
39199.16,
42727.64,
143715.9,
73732.55,
40878.7,
19047,
60852.59,
11897.11,
287997.1,
512262.8,
6477.227,
1122265,
157257.3,
35169.62,
20028.36,
44200.17,
171861.2,
33157.2,
0,
3827967,
2054, 
27807.44,
381218.1,
62406.47,
37905.72,
139080.9,
117121.5,
163374.9,
127628.2,
37703.71,
46838.47,
146182.4,
74396.15,
42933.02,
19302.06,
62020.25,
19469.92,
300400,
514799.4,
6256.099,
1127817,
161645.4,
38345.2,
19577.83,
44748.16,
181839,
36602.27,
0,
3937420,
2055, 
29679.97,
395902.5,
64635.59,
37970.09,
159314.3,
122597.5,
167848.8,
137238.8,
41226.66,
49464.66,
145671.5,
75106.59,
42735.78,
19317.64,
62761.94,
34845.14,
311233.3,
522547.7,
6174.467,
1132233,
165813.1,
40775.47,
19316.11,
45202.69,
191819.3,
41326.39,
0,
4062759,
2056, 
30546.54,
402527.5,
65957.35,
38588.37,
177937.8,
124954.9,
175590.3,
145311.9,
42264.16,
51220.98,
143731.5,
75867.98,
43162.6,
19218.01,
63763.62,
47670.11,
323328.1,
533388.3,
6083.335,
1133827,
167148.5,
42643.82,
19241.1,
46626.39,
203856.1,
46425.49,
0,
4170882,
2057, 
33415.7,
403323.7,
68558.59,
39759.08,
191716.4,
130472.2,
184015.6,
152960.2,
45363.99,
52657.59,
140212.7,
76643.57,
41415.17,
18732.59,
65510.88,
60948.37,
334803,
543615,
6051.859,
1135035,
168250.2,
44138.17,
19501.01,
48330.34,
216278.2,
49631.79,
0,
4271341,
2058, 
35124.46,
400172.3,
71378.98,
39483.91,
206802,
136118.8,
192563.7,
160984.8,
45485.11,
53856.37,
138323,
77190.43,
38800.94,
18334.93,
67614.51,
71807.56,
349079.9,
551746.2,
6069.075,
1136313,
170780.3,
45817.59,
19719.82,
52149.55,
229214.1,
52698.28,
0,
4367630,
2059, 
37753.9,
399206,
75315.41,
38804.91,
222934.9,
142316.7,
201014.7,
169338,
47389.95,
54806.45,
136730,
77751.28,
36342.35,
17797.57,
69845.52,
81362.54,
365004.4,
555610.4,
6077.226,
1136964,
175133.8,
47364.59,
20515.95,
57069.98,
242562.2,
55641.95,
0,
4470655,
2060, 
38294.82,
397028.8,
79585.38,
37914.32,
240189,
149290.4,
209595.8,
178155.1,
46944.02,
56388.33,
136403.6,
78418.45,
35314.52,
17565.88,
72346.68,
91114.05,
382878.2,
551830.1,
6053.34,
1138511,
178914.6,
48231.88,
22008.89,
61474.68,
256486.4,
58675.49,
0,
4569614,
2061, 
40659.41,
400660.8,
85469.07,
37248.93,
254748.3,
155275.1,
218737.4,
188387.2,
49430.87,
58276.44,
135290.3,
79226.01,
35371.29,
17335.8,
74921.86,
99235.07,
400796.3,
542923.8,
6103.062,
1140234,
181487.1,
50064.25,
22856.46,
65300.41,
272267.9,
62348.36,
0,
4674656,
2062, 
41988.57,
411755.9,
90294.38,
35831.42,
262550.8,
160076,
227679,
198909,
50258.54,
60752.73,
133072.4,
80298.61,
35856.48,
16746.14,
77154.26,
104057,
417351.7,
531377.1,
6278.251,
1142307,
185276.4,
52415.46,
23640.81,
67988.91,
288437,
66451.18,
0,
4768805,
2063, 
43207.11,
426417.5,
96205.47,
34634.64,
271340.3,
165055.3,
239587.8,
214025.5,
53598.66,
63525.15,
130565.9,
76757.84,
38223.47,
15772.19,
79507.16,
109674,
434199.9,
518510,
7115.282,
1145376,
189827.9,
54405.32,
24493.08,
70195.55,
305010.8,
71267.49,
0,
4878499,
2064, 
41185.45,
441600.4,
100876,
33093.29,
281155.9,
169718.9,
254385.2,
235685.3,
53271.75,
65874.53,
126032.2,
71783.76,
41759.25,
14352.27,
81728.14,
115928.4,
448983.4,
505540.3,
7858.53,
1160655,
192169.1,
55805.59,
24842.82,
72666.1,
322298.7,
76558.09,
0,
4995808,
2065, 
40453.33,
450255.2,
104799.2,
31526.44,
288235.6,
174348.1,
269180.7,
262841.6,
54214.6,
67991.55,
123653.8,
68208.92,
44325.78,
13589.38,
83540.65,
121670.2,
461337.8,
483449.6,
9033.197,
1178457,
191086.4,
58633.74,
24705.27,
75662.68,
340109.7,
82613.41,
0,
5103924,
2066, 
41041.69,
455104.7,
106940.8,
30539.77,
295272.8,
178013.5,
284366.8,
279788.3,
56073.55,
70071.21,
123852.9,
69838.1,
47327.47,
13890.89,
85146.08,
125320.9,
472476.3,
460569.7,
10178.77,
1197545,
187397.5,
60727.67,
24318.24,
78890.42,
360885.3,
89214.68,
0,
5204793,
2067, 
42507.56,
453938.7,
106834.9,
30298.59,
301983.1,
183592.1,
301706.8,
294221.4,
56971.3,
71679.4,
125659.4,
72023.83,
48475.32,
14466.23,
86873.35,
127830.1,
482972.4,
432406.1,
10671.57,
1220254,
181529.7,
62120.93,
23505.62,
79975.31,
382888.5,
96515.44,
0,
5291901,
2068, 
44157.32,
476367.8,
106388.3,
30022.18,
308596.7,
188485.9,
317591.7,
301071.8,
59055.63,
72838.04,
128474.5,
73773.7,
49793.48,
15110.85,
88492.2,
129481.6,
491860.3,
401061.6,
11228.74,
1264189,
175495.3,
62826.21,
22796.27,
85705.78,
404979.8,
102361.8,
0,
5412207,
2069, 
45348.48,
505822.6,
106573.5,
29564.19,
315765,
195803,
331826.5,
318149.7,
63317.89,
73551.4,
131496.9,
75718.45,
52126,
15698.78,
90102.31,
129751.7,
500991.8,
367292.6,
11236.98,
1303946,
173516.1,
62668.15,
22330.95,
85387.48,
426750.5,
108712,
0,
5543449,
2070, 
47350.33,
539506.4,
110763.9,
29224.12,
324493.7,
204040.7,
342861.7,
329176.5,
65549.38,
74071.7,
134899.4,
77049.13,
53547.34,
15332.68,
92061.41,
129447.6,
509202.4,
333854,
11669.34,
1332798,
172658.5,
62448.58,
22242.91,
89082.25,
448177.2,
115140.5,
0,
5666650,
2071, 
50780.41,
575347.4,
117815.2,
28880.23,
338397.8,
210064,
353921.6,
347139.9,
66797.63,
74782.09,
138482.4,
78435.63,
54215.01,
15449.76,
94239,
129895.9,
515094.1,
308606.6,
11914.93,
1338500,
174178.7,
62387.57,
22279.84,
88347.2,
471252.1,
121940.5,
0,
5789146,
2072, 
54624.77,
591592.7,
127390.3,
28594.45,
355149,
215718.4,
369433.7,
367275.1,
71674.69,
75530.54,
142634.6,
78659.45,
54417.68,
16996.12,
96184.06,
129421.1,
502391.1,
292218,
12207.48,
1339577,
177572.2,
63426.02,
22410.23,
92022.11,
495365.5,
128295.8,
0,
5900783,
2073, 
58219.61,
577147.8,
134508.5,
28702.38,
369440.3,
220920.5,
386342.9,
382153.8,
75977.09,
76418.69,
147305,
78703.93,
55278.63,
19094.09,
98987.23,
132540.3,
469811.8,
283180.8,
12265.97,
1335194,
179966.8,
65277.26,
22436.73,
91165.71,
520046.7,
134576.2,
0,
5955662,
2074, 
62216.17,
564834.9,
137274.5,
28976.95,
387929.8,
226118.1,
405633.9,
404419.5,
80819.69,
77211.16,
151194.5,
78822.09,
55052.73,
21568.28,
101251.5,
137050.2,
431334.1,
276828.3,
12225.49,
1329129,
179279,
64729.83,
22035.64,
97272.75,
544489.2,
140881.1,
0,
6018578,
2075, 
65755.66,
568326.9,
139997.6,
29359.23,
404963,
231388.5,
418502.6,
418495.8,
83511.3,
78004.45,
155397.1,
79190.33,
53111.62,
24285.78,
104279.4,
143497.5,
412332.3,
266069.5,
12361.07,
1332245,
178518.8,
65109.48,
21569.94,
101361.3,
569562.6,
147174.5,
0,
6104372,
2076, 
68731.2,
572040.8,
143206.1,
29799.47,
417684.3,
236909.8,
420327.1,
432637.4,
89653.13,
79123.44,
158943.1,
80297.19,
51206.75,
26538.84,
109654.8,
151475.1,
384305.8,
252481.6,
12812.53,
1334998,
177549,
65068.63,
21300.71,
105813.4,
568592.2,
154633,
0,
6145783,
2077, 
70022.91,
580685.3,
152565.3,
30388.84,
429467.8,
242241,
403238.6,
449760.3,
95541.01,
80547,
161786.1,
80756.38,
52146.17,
27960.21,
114606.6,
164496.4,
355173.3,
247469.8,
13179.8,
1346383,
176499.4,
65521.11,
21171.01,
110600.6,
575133.9,
162273.3,
0,
6209616,
2078, 
71616.05,
592371.8,
159745,
30291.16,
438165.5,
247397.8,
383818.4,
471207.5,
103719.8,
82189.22,
161627.1,
80140.33,
54723.36,
29781.94,
117918.4,
179684.2,
322875,
248207.8,
13562.53,
1358521,
175041.2,
66821.88,
21068.56,
115379.4,
578880.6,
169548.4,
0,
6274304,
2079, 
71291.2,
603648.8,
167144.1,
30065.02,
448214.8,
252262,
373377.3,
488600.6,
109357.1,
83792.7,
161810.8,
80134.15,
56788.68,
32047.99,
119063.5,
183634.1,
307476.5,
249466.9,
13955.53,
1338046,
173926.4,
68424.53,
21165.72,
118359.8,
587774.9,
176818.5,
0,
6316648,
2080, 
72955.73,
618024.3,
174618.3,
29809.88,
458319.6,
257100.6,
370691.5,
510562.7,
116413.7,
85258.88,
162052.9,
79438.31,
57759.71,
35473.45,
118597.8,
193145.8,
292282.5,
249606.4,
14373.25,
1326460,
172533.8,
69795.53,
21327.03,
120670.5,
584268.6,
184181.5,
0,
6375722,
2081, 
70916.61,
636719.5,
187216.3,
30477.59,
462666.4,
261894.7,
373209.3,
534348.2,
123348.6,
86595.63,
162018.7,
79168.16,
59145.46,
38363.84,
118440.7,
198043.5,
278319,
248712.5,
14777.05,
1303420,
171855,
70822.3,
21335.35,
119406.7,
555500.9,
193103.1,
0,
6399825,
2082, 
70044.96,
653757.8,
192215.5,
30285.49,
463571.8,
266698.6,
380180.1,
556236.1,
134161,
87714.02,
159446.6,
78002.41,
59781.06,
38466.21,
119399.4,
202105.1,
262494.6,
248125.8,
15082.67,
1282959,
170300.5,
71410.13,
21339.09,
120567.4,
512501.2,
201077,
0,
6397924,
2083, 
68685.83,
670067.6,
197959,
30452.61,
462735.5,
270550.9,
414918.6,
582702.9,
139017.4,
88190.86,
158549.7,
77253.89,
60262.05,
38214.66,
119628,
202599,
244059,
247447.9,
15041.58,
1258776,
168724,
71010.09,
21370.33,
120757.6,
459311.8,
209729.9,
0,
6398017,
2084, 
66336.2,
678156.8,
203347.5,
30608.53,
460258.2,
274311.6,
447141,
608207.4,
150321,
88161.09,
157531.4,
76581.66,
59701.88,
38181.63,
120604,
198926.1,
224879.7,
246933.1,
14999.8,
1239920,
169764.8,
70558.55,
21694.09,
122023.9,
430507.5,
220103.8,
0,
6419761,
2085, 
63848.42,
688144.4,
213977.5,
30411.95,
458281.7,
278054.2,
459640.3,
635743.4,
164159.8,
87907.58,
157365.2,
77143.45,
58242.27,
36375.12,
122403.8,
199481.8,
210917.9,
247322.3,
14956.93,
1230786,
169980.7,
69653.41,
21934.14,
123170.2,
408338.1,
229521,
0,
6457762,
2086, 
60731.05,
695579.3,
221412.2,
29339.57,
453024.5,
281882.5,
480441.7,
669794.1,
178353.1,
87789.94,
156651.8,
78456.64,
57609,
34315.02,
124007.2,
201514.3,
195805.1,
246684,
14933.1,
1221316,
168947.7,
68975.49,
22251.86,
124609.8,
395968.7,
243167.4,
0,
6513561,
2087, 
58513.73,
695792.4,
230196.1,
29381.19,
448913.6,
286306.8,
491334.3,
707110.9,
195109,
88203.31,
157349,
79341.34,
57325.38,
34140.82,
125400.2,
207962.9,
188403.2,
244892.9,
14946.36,
1212018,
168848.5,
68382.91,
22672.15,
126114.3,
400979.1,
256414.3,
0,
6596052,
2088, 
56686.11,
697380.9,
244899.7,
29964.02,
451827.7,
290951,
495804,
745246.8,
220382.8,
89433.21,
157511.9,
80239.34,
58047.81,
34665.72,
126993.8,
220796.3,
171145.1,
243011.3,
14949.09,
1201773,
169987.6,
68196.03,
23240.51,
128292.9,
417889.5,
268778.2,
0,
6708094,
2089, 
55270.23,
701144,
251704.9,
30864.08,
455897,
299727.7,
485837.4,
782274.4,
244983,
90799.45,
157171,
80648.7,
59180.63,
35024.1,
127816.7,
226749.6,
146385.5,
241102,
14833.63,
1187546,
169714.1,
67977.8,
23733.43,
130543.5,
425150,
281846.7,
0,
6773925,
2090, 
53351.21,
696651.8,
250447.7,
31607.76,
463345.9,
304486.5,
477831.3,
804632.3,
269117.6,
92338.02,
156129.5,
79827.98,
60808.52,
34710.15,
130425.1,
231152.4,
130329.7,
238909.2,
14685.42,
1175772,
169418.7,
68206.56,
24065.76,
133066.1,
432722,
296162.4,
0,
6820202,
2091, 
51841.71,
689950.8,
251564,
32435.24,
468766.7,
308477.2,
464887.3,
840675.2,
297659.3,
92667.63,
154521.7,
79747.05,
62453.34,
34534.04,
132157.3,
234631.4,
111289.6,
240752.4,
14682.41,
1155217,
168107.6,
68333.21,
23965.72,
135928.4,
434475.3,
311712.3,
0,
6861434,
2092, 
52105.78,
688308.1,
250945.7,
32980.66,
470538.5,
312149.5,
453759.9,
859732.4,
328047.7,
92097.27,
156398.1,
80968.73,
63203.86,
33822.58,
132865.7,
237764.6,
101614.7,
242042.1,
14666.88,
1142530,
166197.6,
68745.97,
23848.08,
138143.6,
429973.4,
327380.1,
0,
6900832,
2093, 
50641.36,
710038.3,
250973.5,
33312,
468023.1,
315451.6,
439902.7,
889084.3,
351077.3,
91435.86,
158980.4,
81306.73,
62146.9,
32472.15,
133435.1,
240271.5,
91081.57,
245049.9,
14688.72,
1134318,
165899.2,
68774.74,
23734.47,
140265,
419705.3,
340738.3,
0,
6952808,
2094, 
46888.59,
725269.2,
249606.3,
33529.89,
458969.4,
318614.2,
451294.7,
914310.3,
371604.4,
90486.55,
164616.4,
81018.28,
62310.27,
30814.95,
133827.3,
242252.3,
83316.92,
246964.4,
14725.56,
1132396,
166855,
68784.45,
23710.67,
142319,
409634.5,
356189.6,
0,
7020309,
2095, 
43415.91,
736102.1,
249583.9,
33246.93,
449374.4,
321621.4,
427430,
946479.6,
392097.5,
89700.74,
168716.8,
80910.97,
62536.1,
30982,
133846.1,
242977.1,
80155.4,
247636.5,
14832.77,
1126031,
167483.6,
68351.18,
23825.26,
144672.5,
400615,
365944.7,
0,
7048570,
2096, 
41508.46,
748911,
249125.6,
32446.99,
442144.8,
324337.2,
439712.6,
986985.3,
415151,
89978.27,
172451.3,
80929.79,
63201.83,
34268.44,
133893.8,
243825.9,
73764.58,
245914.3,
14823.97,
1120524,
169405.4,
68135.49,
24253.24,
147898.1,
396116.3,
369881.1,
0,
7129589,
2097, 
39809.98,
755641.8,
248230.4,
31963.49,
438150.1,
329106.3,
450943.5,
1041442,
440456.9,
91811.63,
170374.2,
80992.84,
63913.31,
34307.53,
133608.3,
244663.4,
71080.19,
245138.9,
14784.5,
1118050,
172743.9,
68125.04,
24725.06,
154212.7,
388890.8,
369815.7,
0,
7222983,
2098, 
38394.18,
755334.9,
253493.4,
31387.13,
434244,
338999,
469066.8,
1091039,
460900.3,
95058.96,
169747.8,
81337.67,
63942.76,
33691.05,
131381.1,
245230.3,
70144.35,
241699.7,
14732.52,
1118204,
174479.7,
68183.59,
25066.19,
161136.1,
378563.1,
371000.9,
0,
7316459,
2099, 
36885.14,
754840.6,
266616,
31133.27,
429927.8,
341425.8,
478639.9,
1159247,
479284.8,
100299.7,
165884.7,
81695.45,
64497.42,
32116.21,
129250.4,
245296.6,
70764.2,
239811.5,
14683.9,
1116542,
175250.3,
67412.27,
25226.86,
168368.9,
368010,
376798.5,
0,
7419909,
2100, 
35668.64,
748363.7,
280669.5,
31067.79,
430246.9,
343698.5,
473619.8,
1218349,
498478.8,
103096.9,
165144.9,
82067.55,
65502.33,
30763.06,
127556.3,
246049.9,
71572.39,
237070.9,
14685.62,
1114562,
175379,
66306.84,
25110.59,
174275.2,
357107.2,
387604.1,
0,
7504018];
