real main.em.dem.hi.CE.Cement_Production[28](t) = [1971, 
8.317,
71.054,
7.520999,
5.215999,
9.803001,
14.936,
7.026,
3.428,
1.436,
5.861,
187.588,
41.77,
7.553,
1.94,
0,
100.331,
9.703,
14.931,
11.672,
32.187,
8.483,
0.487,
59.434,
5.586,
3.228,
2.222,
0,
621.713,
1972, 
9.091,
74.93,
8.753,
7.050999,
11.382,
15.606,
6.979,
3.822,
1.397,
6.112,
213.191,
45.894,
7.595,
1.952,
0,
104.299,
11.295,
15.785,
11.786,
36.019,
9.256001,
0.596,
66.292,
5.929,
3.102,
2.513,
0,
680.627,
1973, 
10.053,
77.576,
9.918,
7.588999,
13.398,
16.182,
6.846,
3.85,
1.411,
6.864,
206.852,
48.525,
8.946,
1.987,
0,
109.521,
10.994,
15.016,
13.975,
37.897,
11.17,
0.74,
78.12,
6.301,
3.464,
2.87,
0,
710.065,
1974, 
10.641,
73.558,
10.672,
7.624999,
15.187,
16.977,
7.144,
4.037,
1.451,
7.301,
203.452,
52.201,
8.94,
2.04,
0,
115.145,
13.005,
14.319,
14.842,
37.832,
10.829,
0.831,
73.108,
6.675,
3.863,
2.891,
0,
714.566,
1975, 
9.741,
62.13,
11.2,
7.123999,
16.391,
16.52,
7.791,
4.533,
1.419,
7.176,
192.852,
55.812,
10.833,
2.169,
0,
122.057,
14.87,
16.248,
17.129,
46.9937,
11.881,
1.077,
65.517,
6.292,
3.999,
2.667,
0,
714.4217,
1976, 
9.898,
67.581,
12.691,
7.634999,
18.675,
17.501,
7.991,
4.581,
1.513,
7.048,
198.166,
59.909,
12.154,
24.668,
0,
124.246,
15.867,
18.516,
18.873,
47.6281,
12.959,
1.81,
68.712,
6.162,
3.857,
1.775,
0,
770.4161,
1977, 
9.933,
72.629,
13.328,
7.535999,
21.123,
17.995,
8.849,
4.653,
1.77,
6.573,
203.119,
63.284,
13.39,
25.11467,
0,
127.056,
16.602,
19.173,
21.198,
56.7764,
13.686,
2.549,
73.138,
6.119,
3.928,
1.778,
0,
811.3,
1978, 
10.473,
77.546,
14.15,
8.235,
23.239,
19.139,
10.202,
4.846,
1.626,
6.823,
206.804,
66.265,
15.572,
24.61233,
0,
126.956,
18.953,
19.626,
22.133,
66.6375,
14.187,
3.649,
84.882,
5.952,
4.286,
1.749,
0,
858.5428,
1979, 
11.459,
76.648,
15.352,
8.558999,
24.871,
20.969,
13.056,
5.206,
1.652,
6.199,
209.948,
65.815,
13.573,
23.802,
0,
123.019,
23.557,
18.27,
24.413,
75.3604,
17.259,
4.432,
87.804,
5.981,
4.134,
1.757,
0,
883.0954,
1980, 
10.34,
68.241,
16.398,
8.938279,
27.194,
23.439,
14.922,
5.429,
1.80305,
7.125,
210.581,
71.827,
12.975,
23.71467,
4.2,
125.049,
26.268,
17.803,
23.612,
81.52399,
15.203,
5.259,
87.957,
6.057,
4.431,
1.672,
0,
901.962,
1981, 
10.152,
65.054,
18.173,
8.829503,
26.051,
23.459,
16.26,
6.641,
1.77682,
8.095,
204.569,
66.84,
15.043,
23.78933,
4.41925,
127.169,
31.741,
20.908,
23.617,
84.52,
16.272,
5.719,
84.82801,
6.553,
4.696,
1.869,
0,
907.0439,
1982, 
8.136,
57.475,
19.343,
8.506739,
25.644,
22.422,
16.086,
6.631,
1.60826,
8.08,
198.328,
75.157,
15.778,
24.054,
4.6385,
200.392,
34.413,
22.65,
25.887,
96.815,
17.921,
5.832,
80.686,
7.054,
4.644629,
1.73,
0,
989.9121,
1983, 
7.871,
63.927,
17.363,
8.913981,
20.87,
20.749,
18.043,
6.107,
1.599,
7.897,
198.173,
78.859,
13.595,
25.132,
13.49375,
208.56,
37.043,
25.261,
29.282,
110.132,
19.459,
8.095,
80.891,
6.262,
4.893568,
1.523,
0,
1033.994,
1984, 
9.386999,
70.452,
18.702,
8.833752,
19.497,
21.128,
22.488,
5.557,
1.568577,
8.084,
186.505,
82.269,
15.738,
26.015,
14.2401,
211.5,
43.223,
29.541,
28.413,
125.008,
19.517,
8.893001,
78.86,
5.617,
5.32135,
1.54,
0,
1067.898,
1985, 
10.192,
70.284,
20.255,
8.695295,
20.635,
21.206,
24.608,
6.944,
1.562796,
6.88,
176.347,
76.718,
17.581,
25.795,
15.051,
212.779,
44.516,
31.971,
28.509,
147.936,
17.98,
9.94,
72.847,
6.667,
5.57609,
1.65,
0,
1083.125,
1986, 
10.611,
71.112,
19.825,
9.727639,
25.252,
24.022,
22.808,
7.3322,
1.713959,
6.246,
176.827,
80.356,
20.004,
27.166,
16.889,
219.266,
42.843,
34.983,
31.53,
168.721,
18.707,
11.323,
71.264,
7.133278,
6.878,
1.924,
0,
1134.464,
1987, 
12.603,
67.38,
23.482,
10.28211,
25.468,
26.243,
26.097,
6.6949,
1.888073,
5.999,
181.316,
80.014,
21.98,
27.606,
17.332,
222.991,
45.763,
37.135,
34.946,
189.016,
20.774,
11.814,
71.551,
6.917004,
7.756,
2.074,
0,
1185.122,
1988, 
12.35,
71.544,
23.606,
9.706407,
25.329,
26.25486,
27.549,
7.6606,
1.816,
6.760001,
193.818,
82.502,
22.568,
28.16,
17.628,
225.236,
48.797,
41.136,
41.411,
212.831,
23.459,
13.118,
77.554,
7.058201,
8.302,
2.23,
0,
1258.384,
1989, 
12.591,
71.308,
24.21,
10.27073,
25.921,
23.293,
27.887,
7.945941,
2.309,
7.261,
202.05,
80.533,
23.704,
27.958,
18.42,
227.651,
54.065,
44.197,
47.12099,
212.949,
27.675,
14.788,
79.717,
7.755054,
8.279,
2.263,
0,
1292.122,
1990, 
11.745,
70.944,
24.683,
10.25889,
25.85,
23.45166,
30.144,
6.679068,
2.458,
6.563,
200.368,
72.992,
24.299,
27.275,
18.225,
222.811,
55.37,
46.17,
49.914,
211.96,
35.097,
14.786,
84.445,
7.357902,
8.611,
2.506,
0,
1294.964,
1991, 
9.372,
67.193,
25.208,
9.027902,
27.491,
24.69829,
32.726,
7.016109,
2.332,
6.147,
194.9965,
52.952,
26.029,
25.956,
17.003,
79.893,
46.29,
52.013,
55.167,
246.56,
39.188,
13.48,
89.564,
6.452879,
9.018,
2.836,
0,
1168.61,
1992, 
8.592,
69.585,
27.114,
9.19588,
23.902,
29.29976,
32.958,
7.428288,
2.466,
5.85,
185.845,
41.594,
28.455,
23.089,
14.963,
63.32,
52.276,
53.936,
61.444,
309.994,
42.915,
14.048,
88.252,
6.670589,
9.614,
2.404,
0,
1215.21,
1993, 
9.394001,
73.807,
28.725,
9.73794,
24.845,
40.0546,
30.214,
7.554194,
2.517,
6.135,
171.025,
37.99,
31.134,
17.03,
11.312,
51.022,
57.5946,
57.326,
64.313,
369.672,
50.609,
19.61,
88.046,
7.491562,
9.70181,
2.342,
0,
1279.203,
1994, 
10.584,
77.94801,
31.594,
10.56813,
25.229,
30.79477,
30.53,
6.448114,
2.478112,
7.068,
180.743,
41.162,
29.356,
12.962,
8.107,
37.898,
59.5058,
63.461,
69.088,
423.193,
57.7171,
24.564,
91.62401,
8.107636,
9.899,
2.014,
0,
1352.644,
1995, 
10.44,
76.906,
25.295,
10.925,
28.256,
33.93748,
32.42,
6.674058,
3.141187,
7.437,
178.958,
41.78201,
33.153,
8.911,
6.016,
36.949,
61.9665,
67.722,
73.101,
477.628,
64.9424,
23.136,
90.474,
7.7452,
9.767,
2.469,
0,
1420.152,
1996, 
11.1,
80.8,
25.4,
9.11,
34.6,
32.554,
37.57,
10.568,
2.827,
7.67,
172.793,
42.584,
35.2,
6.51,
4.345,
28.39,
50.613,
80,
74.3,
513.636,
57.774,
36.5,
94.5,
7.692,
10.709,
2.77,
0,
1470.515,
1997, 
11.7,
82.5,
27.5,
9.303,
38.1,
34.8,
39.03,
14.16,
2.73,
7.49,
176.439,
43.813,
36,
7.102001,
4.595,
27.331,
50.333,
80,
76.8,
516.542,
71.588,
41.2,
91.90001,
7.66,
10.831,
2.79,
0,
1512.237,
1998, 
12.1,
82.2,
27.7,
11.065,
40,
37.166,
38.49,
11.481,
3.176,
9.5,
196.397,
44.22,
38.2,
7.704,
4.577,
26.715,
43.822,
85,
63.8,
535.149,
53.49,
44,
81.3,
7.63,
10.706,
3.466,
0,
1519.054,
1999, 
12.6,
87.3,
29.4,
12.832,
40.3,
37.72,
41.56,
11.198,
3.075,
8.9,
195.813,
45,
34.4,
7.98,
5.336,
29.2,
44.518,
90,
64.2,
592.794,
67.355,
41.5,
80.1,
7.545,
11.282,
3.427,
0,
1605.335,
2000, 
12.6,
89.5,
31.7,
10.924,
39.2,
38.36,
45.01,
11.471,
3.194,
8.99,
201.394,
44.804,
35.8,
7.382,
4.52,
33.167,
51.709,
95,
67.4,
601.972,
64.405,
51.7,
81.09999,
8.545,
12.05,
3.029,
0,
1654.926,
2001, 
13,
90.4,
30,
11.049,
39.5,
38.45,
48.52,
12.555,
3.183,
9.17,
198.62,
41.374,
35,
7.8,
4.988999,
36.398,
54.939,
100,
57.16,
680.418,
67.202,
55.1,
76.6,
8.545,
12.445,
3.046,
0,
1735.463,
2002, 
13.2,
91.3,
31,
11.998,
38,
30.67,
48.22,
13.39,
3.223,
9.620001,
190.81,
41.409,
32.6,
9.61,
5.083,
39.203,
56.557,
100,
60.82,
724.548,
75.43,
61.6,
71.8,
8.7,
12.85,
2.658,
0,
1784.299,
2003, 
14.1,
94.3,
32,
13.334,
38,
33.07,
52.04,
13.445,
4.147,
10.2,
205.06,
44.314,
35.1,
11.645,
6.173,
42.739,
57.4,
100,
64.74,
880.65,
82.585,
64.5,
68.8,
9.15,
17.035,
3.419,
0,
1997.946,
2004, 
14.9,
98.99999,
35,
13.316,
34.4,
37.54,
55.12,
13.633,
4.529,
12,
209.57,
47.582,
38,
13.77,
6.684,
48.056,
62.533,
125,
59.93,
990.31,
93.211,
68.2,
67.4,
9.2,
17.39,
3.485,
0,
2179.759,
2005, 
14.3,
101,
37.5,
14.631,
36.7,
42.3,
59.49,
13.926,
5.305,
14.5,
209.482,
49.7,
42.8,
15.971,
6.873,
51.095,
68.981,
130,
57.1,
1090.012,
101.459,
66.6,
69.6,
9.269,
17.66,
3.535,
0,
2329.789,
2006, 
14,
99.7,
40,
15.314,
36.7,
45.28,
61.93,
16.177,
5.547,
13,
219.626,
55.181,
48,
18.037,
7.492,
57.395,
73.202,
155,
59.7,
1259.441,
101.86,
67,
69.9,
10.39,
18.175,
5.06,
0,
2573.107,
2007, 
14.5,
96.9,
40.7,
15.882,
46.4,
48.95,
63.95,
21.996,
5.838,
15.3,
231.62,
60.693,
48.8,
19.88,
8.1,
62.762,
86.86,
170,
63.13,
1369.18,
105.895,
77,
67.7,
10.979,
28.33,
5.295,
0,
2786.64,
2008, 
13.7,
87.60001,
40.1,
16.915,
46.5,
51.39,
78.46,
28.503,
7.118,
13.5,
200.297,
62.942,
51.4,
20.92,
9.04,
56.32,
89.5,
180,
58.12,
1407.57,
110.188,
81.4,
62.8,
10.743,
29.325,
5.47,
0,
2819.821,
2009, 
11,
64.9,
35.2,
14.762,
51.7,
49.98,
86.79,
27.251,
8.475,
11.8,
168.876,
49.868,
53,
14.78,
8.724,
46.927,
105.65,
180,
56.5,
1646.135,
115.564,
88,
54.8,
10.648,
33.425,
6.329,
0,
3001.084,
2010, 
12.4,
67.2,
34.5,
15.584,
59.1,
50.23,
85.26,
30.25,
11.03,
10.9,
162.47,
49.967,
62.7,
15.09,
8.988,
53.025,
109.31,
220,
53.6,
1896.623,
129.993,
83,
51.5,
10.358,
37.531,
6.847,
0,
3327.456,
2011, 
12,
68.6,
34.5,
14.596,
62.6,
50.08,
84.55,
29.462,
12.704,
11.2,
164.972,
52.527,
63.4,
16.5,
9.519,
58.912,
126.24,
270,
54.7,
2117.326,
133.828,
95,
51.3,
10.058,
43.338,
7.679,
0,
3655.591,
2012, 
12.465,
74.934,
36.184,
18.39,
69.323,
55.27501,
99.711,
34.5,
14.52,
11.56,
135.855,
46.49001,
63.879,
15.949,
17.691,
65.65,
187.953,
270,
53.308,
2228.272,
132.478,
52.55,
54.737,
9.915001,
50.777,
10.601,
0,
3822.967,
2013, 
11.611,
77.41499,
34.612,
18.588,
69.975,
59.163,
94.874,
40.283,
16.353,
12.168,
133.019,
44.352,
71.337,
16.064,
18.772,
70.849,
192.102,
280,
53.891,
2430.161,
138.998,
56.89,
57.962,
9.899999,
53.78099,
11.552,
0,
4074.672,
2014, 
11.879,
83.124,
36.597,
19.663,
71.254,
59.394,
104.917,
40.665,
18.186,
12.068,
131.91,
45.217,
71.239,
15.553,
21.27,
74.128,
193.043,
280,
53.723,
2509.493,
143.824,
56.96,
57.913,
10.394,
54.722,
13.937,
0,
4191.073,
2015, 
12.167,
84.94,
39.613,
19.827,
65.283,
60.062,
103.157,
43.019,
20.912,
12.992,
133.206,
46.395,
71.419,
14.194,
23.293,
66.963,
188.614,
260,
58.744,
2374.785,
158.639,
60.05,
54.827,
11.016,
64.29,
14.236,
0,
4062.643,
2016, 
11.693,
85.153,
40.577,
19.466,
57.557,
55.292,
105.928,
46.84,
22.622,
13,
135.046,
46.83101,
75.403,
14.501,
23.837,
59.321,
178.263,
280,
63.827,
2424.398,
164.924,
62.2,
53.255,
10.831,
70.756,
14.521,
0,
4136.042,
2017, 
12.706,
86.799,
41.601,
19.991,
54.004,
55.777,
124.553,
44.91,
23.252,
13.17,
136.163,
50.9,
80.55199,
14.609,
26.55,
60.09,
168.605,
283,
64.24,
2344.131,
172.963,
69.479,
55.195,
10.305,
75.794,
13.546,
0,
4102.885,
2018, 
13.554,
86.99999,
48.328,
19.209,
53.553,
53.00299,
102.7,
52.421,
23.35,
13.68,
138.733,
54.454,
72.544,
14.993,
27.588,
59.65,
173.253,
310,
57.923,
2249.513,
188.088,
75.413,
55.307,
10.879,
85.162,
14.813,
0,
4055.111,
2019, 
14,
88.1,
45.163,
18.628,
56.611,
53.091,
100.087,
57.746,
21.854,
12.726,
139.456,
56.943,
56.966,
15.258,
29.807,
64.436,
178.069,
334,
56.235,
2353.969,
207.594,
72.04,
53.462,
11.105,
88.543,
17.057,
0,
4202.946,
2020, 
14,
89.8,
47.833,
16.711,
61.052,
47.215,
90.375,
63.428,
24.867,
10.8,
137.154,
57.886,
72.299,
15.539,
31.519,
62.563,
193.587,
290,
53.208,
2391.468,
214.147,
62.83,
50.905,
10.72,
87.684,
17.504,
0,
4215.094,
2021, 
14,
91.3,
51.559,
18.552,
65.884,
57.598,
101.499,
69.572,
27.44,
12.5,
143.357,
59.388,
78.495,
17.009,
35.204,
66.584,
192.297,
350,
55.824,
2377.575,
227.432,
65.15,
50.083,
10.96,
97.859,
17.643,
0,
4354.764,
2022, 
15,
91.59999,
49.8,
18.761,
63.546,
60.309,
96.689,
70.41,
26.17,
12,
141.065,
57.383,
73.708,
11.6,
35.455,
67.772,
192.559,
380,
57.612,
2144.181,
236.292,
64.16,
53.2,
11.183,
94.53801,
18.001,
0,
4142.994,
2023, 
15.02206,
91.95734,
50.42493,
19.13993,
64.30685,
60.71444,
99.18034,
73.04947,
24.39047,
12.0997,
141.1205,
57.35944,
73.86643,
11.61508,
36.24061,
68.07956,
195.4589,
394.4888,
57.55337,
2149.911,
238.8919,
65.87193,
52.89809,
11.23453,
96.18477,
18.7782,
0,
4179.838,
2024, 
15.05099,
92.29304,
50.93738,
19.5428,
64.76903,
61.60276,
101.5414,
76.31393,
26.43354,
12.25586,
141.2814,
57.45871,
74.00143,
11.65189,
37.00993,
68.2404,
198.649,
408.7563,
57.53511,
2154.637,
241.8055,
67.56921,
52.55898,
11.29142,
99.7504,
19.92802,
0,
4222.865,
2025, 
15.10323,
92.68784,
51.38185,
19.95422,
65.30798,
62.52968,
104.0302,
79.82773,
29.46574,
12.40327,
141.6331,
57.59959,
74.24785,
11.76115,
37.79411,
68.38871,
201.8803,
422.9515,
57.55301,
2158.905,
244.9335,
69.26093,
52.25282,
11.36206,
103.9331,
21.18652,
0,
4268.334,
2026, 
15.12326,
92.92268,
51.86609,
20.3545,
65.64734,
63.30066,
106.0451,
83.98176,
32.78827,
12.52729,
141.552,
57.41426,
74.40288,
12.00784,
38.3835,
68.29741,
204.5288,
436.119,
57.35956,
2152.776,
247.4989,
70.73146,
51.87349,
11.38759,
109.4559,
23.01074,
0,
4301.356,
2027, 
15.1534,
93.233,
52.34368,
20.74258,
65.99184,
64.04218,
107.7388,
88.08029,
36.02659,
12.65628,
141.5442,
57.22416,
74.58952,
12.24457,
38.95698,
68.19845,
207.1135,
448.3418,
57.17093,
2145.663,
249.9557,
72.14454,
51.52805,
11.39874,
114.7236,
24.78937,
0,
4331.596,
2028, 
15.19299,
93.6153,
52.81546,
21.1284,
66.33963,
64.76482,
109.2891,
92.07751,
39.18721,
12.79324,
141.6165,
57.01861,
74.78277,
12.47362,
39.51429,
68.09268,
209.6167,
459.7834,
56.97447,
2137.241,
252.2807,
73.52197,
51.20855,
11.40407,
119.7792,
26.53732,
0,
4359.049,
2029, 
15.25122,
94.10845,
53.28629,
21.5229,
66.7021,
65.49186,
110.6734,
96.00406,
42.2763,
12.94281,
141.8314,
56.80347,
75.03059,
12.43238,
40.05462,
67.9811,
212.0209,
470.5801,
56.7861,
2127.099,
254.528,
74.88988,
50.94646,
11.41103,
124.6838,
28.26072,
0,
4383.599,
2030, 
15.32206,
94.74853,
53.755,
21.93577,
67.06847,
66.24389,
111.978,
99.90864,
45.29945,
13.10899,
142.1614,
56.5772,
75.25524,
12.3236,
40.57673,
67.86472,
214.2949,
480.8529,
56.57339,
2114.76,
256.6072,
76.27232,
50.70888,
11.43292,
129.4641,
29.96453,
0,
4405.059,
2031, 
15.42509,
95.51039,
54.23306,
22.41298,
67.59963,
67.08292,
113.379,
106.1622,
49.26598,
13.36775,
142.67,
56.30956,
75.51654,
12.18314,
41.08452,
67.79468,
216.3255,
490.8141,
56.30692,
2097.315,
258.5007,
77.63953,
50.56299,
11.47139,
135.02,
32.28153,
0,
4426.236,
2032, 
15.55133,
96.42917,
54.7121,
22.90862,
68.14204,
67.94534,
114.618,
112.3018,
53.13536,
13.64871,
143.3432,
56.04005,
75.76936,
12.01978,
41.5667,
67.70783,
218.1669,
500.3514,
56.02797,
2076.718,
260.2118,
79.07108,
50.46503,
11.52154,
140.4453,
34.55037,
0,
4443.369,
2033, 
15.69907,
97.53719,
55.19512,
23.43436,
68.70949,
68.82977,
115.7055,
118.3182,
56.93245,
13.95717,
144.2082,
55.76702,
76.01262,
11.85913,
42.02222,
67.59473,
219.7917,
509.5772,
55.74242,
2052.526,
261.7344,
80.59161,
50.4216,
11.58728,
145.795,
36.78598,
0,
4456.335,
2034, 
15.86149,
98.85551,
55.68258,
23.9984,
69.32068,
69.75773,
116.6927,
124.2703,
60.67751,
14.29719,
145.2611,
55.48409,
76.20871,
11.75647,
42.45078,
67.46114,
221.1727,
518.577,
55.44761,
2024.393,
263.0224,
82.22095,
50.41878,
11.65862,
151.1068,
39.00382,
0,
4465.058,
2035, 
16.04662,
100.3755,
56.1762,
24.60575,
69.98275,
70.75363,
117.5764,
130.2104,
64.37987,
14.67203,
146.5116,
55.19388,
76.34918,
11.7491,
42.8517,
67.31419,
222.2906,
527.4221,
55.17008,
1992.105,
264.0644,
83.9752,
50.45576,
11.72186,
156.4173,
41.21701,
0,
4469.588,
2036, 
16.27048,
102.0317,
56.66161,
25.28104,
70.76167,
71.85454,
118.4946,
137.4627,
68.87965,
15.12396,
148.0617,
54.89048,
76.45939,
11.81634,
43.21666,
67.19209,
223.0307,
536.1327,
54.93193,
1953.658,
264.6288,
85.81806,
50.56642,
11.79599,
162.343,
43.88639,
0,
4471.25,
2037, 
16.49696,
103.7305,
57.15375,
26.00207,
71.60805,
73.03841,
119.2171,
144.7133,
73.30814,
15.60762,
149.8342,
54.58372,
76.54669,
11.94779,
43.55383,
67.06274,
223.4937,
544.6967,
54.66156,
1911.18,
264.9945,
87.79215,
50.73281,
11.90291,
168.2489,
46.5536,
0,
4468.662,
2038, 
16.72357,
105.5777,
57.65115,
26.76926,
72.52021,
74.30373,
119.818,
151.9911,
77.69436,
16.12173,
151.7753,
54.27005,
76.54881,
12.12155,
43.86422,
66.92635,
223.6795,
553.1432,
54.174,
1864.924,
265.0998,
89.89271,
50.91879,
12.02059,
174.1401,
49.22021,
0,
4461.89,
2039, 
16.96366,
107.5603,
58.15565,
27.57975,
73.48479,
75.63303,
120.4262,
159.2159,
82.05888,
16.66456,
153.8871,
53.95149,
76.49686,
12.31403,
44.14949,
66.77814,
223.6024,
561.4939,
53.64821,
1815.272,
264.9911,
92.11147,
51.13438,
12.13541,
180.0365,
51.8835,
0,
4451.629,
2040, 
17.21846,
109.6495,
58.66727,
28.42641,
74.50851,
77.01372,
120.9757,
166.3656,
86.40598,
17.23315,
156.1614,
53.62968,
76.41708,
12.50978,
44.41143,
66.63357,
223.2834,
569.7568,
53.09733,
1762.716,
264.712,
94.43539,
51.38534,
12.25501,
185.9478,
54.54725,
0,
4438.364,
2041, 
17.50109,
111.7798,
59.15788,
29.30708,
75.57324,
78.4032,
121.4933,
174.8895,
91.65302,
17.84165,
158.6768,
53.30784,
76.37229,
12.69506,
44.63476,
66.53902,
222.5798,
577.6463,
52.52611,
1706.049,
264.1498,
96.75173,
51.72657,
12.37467,
192.4117,
57.72122,
0,
4423.763,
2042, 
17.78988,
113.9637,
59.64731,
30.20885,
76.65083,
79.80261,
121.9983,
183.2842,
96.79872,
18.46156,
161.2802,
52.98306,
76.28866,
12.88065,
44.84013,
66.46534,
221.6906,
585.3609,
51.93156,
1647.762,
263.4426,
99.12811,
52.07754,
12.48675,
198.7958,
60.87376,
0,
4406.893,
2043, 
18.0764,
116.2035,
60.13078,
31.1275,
77.74285,
81.23252,
122.4994,
191.6542,
101.8673,
19.08771,
163.9129,
52.65326,
76.13047,
13.06503,
45.03041,
66.40614,
220.6405,
592.8878,
51.30293,
1588.479,
262.5692,
101.5419,
52.40982,
12.60007,
205.0866,
64.00816,
0,
4388.347,
2044, 
18.35829,
118.5277,
60.60569,
32.0548,
78.83089,
82.68513,
122.9701,
199.9815,
106.8629,
19.71527,
166.5451,
52.31889,
75.90572,
13.24671,
45.20761,
66.35524,
219.4645,
600.2136,
50.6467,
1528.814,
261.5569,
103.9718,
52.7177,
12.73045,
211.278,
67.12405,
0,
4368.689,
2045, 
18.63337,
120.9343,
61.06984,
32.98409,
79.90488,
84.14407,
123.4236,
208.2377,
111.7934,
20.3395,
169.149,
51.9804,
75.6224,
13.42429,
45.37427,
66.3047,
218.1984,
607.3232,
49.96914,
1469.34,
260.4326,
106.3967,
52.996,
12.88538,
217.3618,
70.21704,
0,
4348.44,
2046, 
18.91532,
123.359,
61.48501,
33.89927,
80.9317,
85.55146,
123.8469,
217.9305,
117.5359,
20.95197,
171.7781,
51.65241,
75.32437,
13.59291,
45.49956,
66.26382,
216.6528,
613.781,
49.2901,
1408.708,
259.1044,
108.6795,
53.30218,
13.05606,
223.753,
73.77011,
0,
4328.616,
2047, 
19.18474,
125.8045,
61.88283,
34.79729,
81.91859,
86.92777,
124.3449,
227.4357,
123.1171,
21.54826,
174.3211,
51.32068,
74.81154,
13.75485,
45.61875,
66.21719,
215.0864,
619.9386,
48.59607,
1349.389,
257.7025,
110.9145,
53.56388,
13.23062,
229.9481,
77.23878,
0,
4308.614,
2048, 
19.5239,
128.0487,
62.29363,
35.6532,
82.78838,
88.19437,
124.6675,
236.5057,
128.4509,
22.13255,
177.1565,
51.02033,
75.18933,
13.85521,
45.73202,
66.139,
213.5776,
625.8387,
48.14776,
1291.766,
257.0593,
113.1075,
54.14672,
13.34096,
236.138,
80.58464,
0,
4291.059,
2049, 
19.84665,
130.2753,
62.68497,
36.48116,
83.60957,
89.41861,
124.9674,
245.4756,
133.6259,
22.69472,
179.8645,
50.71646,
75.56404,
13.94722,
45.84302,
66.05449,
212.1016,
631.4266,
47.69379,
1236.153,
256.3712,
115.2246,
54.67528,
13.46584,
242.1279,
83.86248,
0,
4274.171,
2050, 
20.15582,
132.4788,
63.05789,
37.27786,
84.38085,
90.59431,
125.2529,
254.3458,
138.6587,
23.23292,
182.4498,
50.41094,
75.81709,
14.03034,
45.95335,
65.96349,
210.6698,
636.7021,
47.25826,
1182.791,
255.6855,
117.2563,
55.16257,
13.5969,
247.9246,
87.07376,
0,
4258.182,
2051, 
20.46098,
134.5944,
63.38094,
38.0265,
85.07189,
91.68608,
125.4832,
264.5269,
144.3432,
23.73639,
184.9122,
50.11,
75.98088,
14.10337,
46.0169,
65.85666,
209.0728,
641.3696,
46.84129,
1130.276,
254.7878,
119.1127,
55.62452,
13.72817,
253.7776,
90.65994,
0,
4243.541,
2052, 
20.74678,
136.6656,
63.68256,
38.73902,
85.71778,
92.745,
125.7031,
274.458,
149.8166,
24.20991,
187.212,
49.8062,
76.09446,
14.16664,
46.08175,
65.74445,
207.5292,
645.6874,
46.27345,
1080.424,
253.8709,
120.8673,
56.02369,
13.87046,
259.3718,
94.12299,
0,
4229.631,
2053, 
21.01743,
138.6557,
63.96467,
39.41304,
86.30383,
93.75079,
125.9186,
284.1052,
155.0781,
24.65349,
189.3666,
49.5016,
76.19496,
14.22011,
46.14848,
65.62592,
206.0737,
649.6667,
45.64944,
1033.289,
252.9811,
122.5153,
56.37772,
14.01544,
264.7256,
97.46912,
0,
4216.682,
2054, 
21.27481,
140.535,
64.22839,
40.04669,
86.83031,
94.69293,
126.1345,
293.4729,
160.1422,
25.06733,
191.3832,
49.19712,
76.29984,
14.26386,
46.21772,
65.50034,
204.7144,
653.3188,
45.04193,
988.878,
252.1411,
124.0555,
56.69535,
14.15399,
269.8519,
100.703,
0,
4204.841,
2055, 
21.51883,
142.3018,
64.47441,
40.64016,
87.29858,
95.57172,
126.3544,
302.5769,
165.0216,
25.45174,
193.2612,
48.89284,
76.4098,
14.29806,
46.28999,
65.36789,
203.4555,
656.655,
44.45169,
947.1611,
251.3536,
125.4878,
56.97865,
14.28628,
274.7597,
103.8307,
0,
4194.15,
2056, 
21.75705,
143.9446,
64.66268,
41.17488,
87.65968,
96.33146,
126.5099,
312.6645,
170.3759,
25.79446,
194.9895,
48.58656,
76.542,
14.32591,
46.31801,
65.22308,
202.0789,
659.3359,
43.85036,
907.2465,
250.5128,
126.7239,
57.26627,
14.40687,
279.6218,
107.248,
0,
4185.151,
2057, 
21.98105,
145.4756,
64.83345,
41.66842,
87.96314,
97.02723,
126.6677,
322.3855,
175.4863,
26.10715,
196.5765,
48.28016,
76.67302,
14.34457,
46.34882,
65.07081,
200.8097,
661.7014,
43.28675,
869.933,
249.7186,
127.8525,
57.52366,
14.52065,
284.2356,
110.5215,
0,
4176.993,
2058, 
22.19201,
146.897,
64.98769,
42.12229,
88.21169,
97.66129,
126.8302,
331.7695,
180.3732,
26.39115,
198.03,
47.974,
76.80909,
14.35441,
46.38253,
64.91142,
199.6468,
663.769,
42.81974,
835.11,
248.9772,
128.8772,
57.75935,
14.62738,
288.6179,
113.6628,
0,
4169.765,
2059, 
22.38965,
148.2122,
65.12593,
42.53821,
88.40813,
98.23618,
126.999,
340.8422,
185.0548,
26.64773,
199.3516,
47.66783,
76.94492,
14.35589,
46.41922,
64.74528,
198.5874,
665.5543,
42.48723,
802.6542,
248.2812,
129.8019,
57.96932,
14.72726,
292.7816,
116.6818,
0,
4163.465,
2060, 
22.57544,
149.4252,
65.25307,
42.91799,
88.55537,
98.75462,
127.1753,
349.6264,
189.5471,
26.87839,
200.5514,
47.36207,
77.08762,
14.34944,
46.45884,
64.57269,
197.6286,
667.0743,
42.30819,
772.4335,
247.6369,
130.6314,
58.16307,
14.82163,
296.7421,
119.5877,
0,
4158.118,
2061, 
22.826,
151.0112,
65.54354,
43.38604,
88.88576,
99.48267,
127.6644,
360.3127,
194.981,
27.1564,
202.2581,
47.19965,
77.48774,
14.3823,
46.61616,
64.58195,
197.1643,
669.9756,
42.48058,
746.4244,
247.733,
131.6965,
58.34607,
14.94966,
301.5159,
123.0799,
0,
4167.142,
2062, 
23.06546,
152.5137,
65.82151,
43.8227,
89.17249,
100.1621,
128.1607,
370.6916,
200.2088,
27.41169,
203.8561,
47.03595,
77.88352,
14.40819,
46.7763,
64.58505,
196.7917,
672.6447,
42.89257,
722.2368,
247.8617,
132.6806,
58.62724,
15.07287,
306.0982,
126.4499,
0,
4176.932,
2063, 
23.29447,
153.9367,
66.08764,
44.22986,
89.41832,
100.7956,
128.6647,
380.7939,
205.2507,
27.64566,
205.3518,
46.87101,
78.27562,
14.42752,
46.93919,
64.58228,
196.5064,
675.0959,
42.86253,
699.748,
248.0216,
133.5883,
58.8792,
15.19163,
310.504,
129.7096,
0,
4186.672,
2064, 
23.51368,
155.2848,
66.34263,
44.60934,
89.6259,
101.3861,
129.1769,
390.6461,
210.1242,
27.85969,
206.7514,
46.70491,
78.66459,
14.44069,
47.10469,
64.57393,
196.3037,
677.3436,
42.75792,
678.8377,
248.2111,
134.425,
59.10398,
15.30618,
314.7469,
132.8694,
0,
4196.715,
2065, 
23.72379,
156.5624,
66.58719,
44.96292,
89.79787,
101.9362,
129.6974,
400.2715,
214.8449,
28.05512,
208.0616,
46.53773,
79.05141,
14.44809,
47.27267,
64.56031,
196.1789,
679.4012,
42.67302,
659.388,
248.4292,
135.1953,
59.30383,
15.41658,
318.8398,
135.9384,
0,
4207.135,
2066, 
23.92957,
157.7597,
66.7868,
45.27137,
89.88251,
102.3932,
130.1244,
410.457,
219.7504,
28.2163,
209.3136,
46.36452,
79.45299,
14.45156,
47.42179,
64.534,
195.9139,
680.755,
42.63725,
641.3655,
248.5934,
135.82,
59.4881,
15.51552,
322.7127,
139.1229,
0,
4218.034,
2067, 
24.12678,
158.8952,
66.97667,
45.55613,
89.93513,
102.8132,
130.5567,
420.3509,
224.4682,
28.36051,
210.4851,
46.19011,
79.84832,
14.45,
47.5723,
64.50264,
195.718,
681.9357,
42.62631,
624.5811,
248.7768,
136.3856,
59.64847,
15.61069,
326.4298,
142.1941,
0,
4228.995,
2068, 
24.31608,
159.973,
67.15742,
45.81889,
89.95805,
103.1989,
130.9943,
429.9833,
229.017,
28.489,
211.582,
46.01458,
80.23838,
14.44376,
47.72411,
64.46656,
195.5864,
682.9553,
42.64475,
608.9323,
248.9785,
136.8964,
59.78703,
15.7024,
330.0043,
145.1635,
0,
4240.026,
2069, 
24.4981,
160.9973,
67.3297,
46.06127,
89.9535,
103.5527,
131.4371,
439.38,
233.4132,
28.60299,
212.6102,
45.83801,
80.62394,
14.43315,
47.87705,
64.42599,
195.5144,
683.8246,
42.69624,
594.3228,
249.1971,
137.3565,
59.90567,
15.79073,
333.4482,
148.041,
0,
4251.132,
2070, 
24.67344,
161.9721,
67.49404,
46.28481,
89.92353,
103.8768,
131.8848,
448.5642,
237.6714,
28.70358,
213.5751,
45.66045,
81.00563,
14.41849,
48.03102,
64.38116,
195.4976,
684.5549,
42.78466,
580.6622,
249.4313,
137.7698,
60.00618,
15.87577,
336.7725,
150.8354,
0,
4262.311,
2071, 
24.83901,
162.8574,
67.61421,
46.46873,
89.82034,
104.1132,
132.268,
458.0946,
241.9786,
28.77646,
214.507,
45.48411,
81.38422,
14.4023,
48.16651,
64.33102,
195.3508,
684.5888,
42.90876,
568.028,
249.574,
138.0654,
60.12855,
15.94988,
339.8374,
153.6804,
0,
4273.218,
2072, 
24.99741,
163.7,
67.72687,
46.63569,
89.69471,
104.323,
132.6534,
467.3587,
246.1184,
28.83735,
215.3784,
45.30636,
81.74884,
14.38267,
48.30226,
64.27704,
195.2505,
684.4661,
42.83964,
556.1788,
249.7174,
138.3203,
60.26384,
16.021,
342.7774,
156.4242,
0,
4283.7,
2073, 
25.14921,
164.5034,
67.83252,
46.78703,
89.54829,
104.5084,
133.041,
476.3841,
250.1076,
28.88718,
216.1943,
45.12727,
82.10045,
14.35984,
48.43821,
64.21941,
195.1927,
684.2321,
42.76809,
545.0426,
249.8609,
138.5379,
60.4079,
16.08935,
345.6033,
159.0772,
0,
4294,
2074, 
25.29496,
165.2707,
67.93164,
46.92395,
89.38278,
104.6712,
133.4307,
485.1949,
253.9607,
28.92685,
216.9592,
44.94693,
82.44033,
14.33403,
48.57424,
64.15829,
195.1739,
683.8918,
42.69431,
534.5533,
250.0043,
138.7212,
60.55592,
16.1552,
348.3248,
161.6483,
0,
4304.125,
2075, 
25.43516,
166.0048,
68.02467,
47.04762,
89.1996,
104.813,
133.8222,
493.8118,
257.6906,
28.95806,
217.6773,
44.76538,
82.76924,
14.30547,
48.71029,
64.09389,
195.1906,
683.4515,
42.61833,
524.65,
250.1471,
138.8731,
60.70202,
16.21881,
350.9507,
164.1455,
0,
4314.077,
2076, 
25.55998,
166.6211,
68.07864,
47.13458,
88.95377,
104.8733,
134.157,
502.5413,
261.3692,
28.96656,
218.3465,
44.59382,
83.07783,
14.27737,
48.82644,
64.02773,
195.0974,
682.4125,
42.55461,
515.3311,
250.1898,
138.9137,
60.86734,
16.27115,
353.2713,
166.6025,
0,
4322.917,
2077, 
25.67979,
167.2093,
68.12779,
47.20977,
88.69263,
104.9151,
134.4917,
511.0335,
264.9056,
28.96805,
218.975,
44.42114,
83.37492,
14.24692,
48.94201,
63.95855,
195.0334,
681.2842,
42.4417,
506.4919,
250.2286,
138.9279,
61.02158,
16.32169,
355.4966,
168.9718,
0,
4331.371,
2078, 
25.79582,
167.7715,
68.17434,
47.27412,
88.41735,
104.9399,
134.8263,
519.3126,
268.3137,
28.96316,
219.5702,
44.24777,
83.66763,
14.21429,
49.05697,
63.88651,
194.9967,
680.0776,
42.28881,
498.0859,
250.2706,
138.9185,
61.17228,
16.37065,
357.6364,
171.2623,
0,
4339.512,
2079, 
25.91048,
168.31,
68.21928,
47.32849,
88.12903,
104.9489,
135.1607,
527.3996,
271.6055,
28.95251,
220.1449,
44.07459,
84.02843,
14.17964,
49.1713,
63.81177,
194.9858,
678.7999,
42.10351,
490.0705,
250.3324,
138.8883,
61.3264,
16.41828,
359.7022,
173.4815,
0,
4347.484,
2080, 
26.02152,
168.8268,
68.26205,
47.37368,
87.82866,
104.9434,
135.4948,
535.3129,
274.7918,
28.93618,
220.6895,
43.90058,
84.45808,
14.14312,
49.28492,
63.73443,
194.9968,
677.4532,
41.88188,
482.4073,
250.3921,
138.8385,
61.4693,
16.46479,
361.6953,
175.6363,
0,
4355.238,
2081, 
26.11423,
169.2167,
68.2758,
47.38836,
87.49548,
104.873,
135.768,
543.1526,
277.8741,
28.90712,
221.1583,
43.74226,
84.94025,
14.10829,
49.38074,
63.65992,
194.9229,
675.6874,
41.65686,
475.1406,
250.3428,
138.6896,
61.61912,
16.49881,
363.4119,
177.6846,
0,
4361.71,
2082, 
26.20334,
169.5883,
68.2876,
47.3949,
87.15195,
104.7899,
136.0396,
550.7828,
280.8383,
28.87258,
221.5993,
43.58302,
85.47585,
14.07183,
49.47538,
63.58294,
194.8665,
673.8632,
41.42714,
468.1594,
250.2863,
138.5123,
61.73595,
16.53193,
365.0568,
179.6577,
0,
4367.835,
2083, 
26.28917,
169.9431,
68.29788,
47.39393,
86.79881,
104.6949,
136.3095,
558.2244,
283.6956,
28.83293,
222.0152,
43.42292,
86.06037,
14.03384,
49.56883,
63.50359,
194.8258,
671.9777,
41.25475,
461.4348,
250.2229,
138.3179,
61.81065,
16.56423,
366.6358,
181.5631,
0,
4373.692,
2084, 
26.37201,
170.2825,
68.30671,
47.38605,
86.43678,
104.589,
136.5778,
565.4957,
286.4556,
28.78889,
222.4081,
43.26201,
86.68304,
13.99444,
49.66113,
63.42198,
194.7991,
670.0359,
41.22715,
454.9408,
250.1528,
138.1077,
61.85717,
16.59576,
368.1542,
183.4072,
0,
4379.399,
2085, 
26.45214,
170.608,
68.3141,
47.37181,
86.06652,
104.4729,
136.8445,
572.6123,
289.127,
28.74099,
222.78,
43.10036,
87.34128,
13.95371,
49.75227,
63.33823,
194.7849,
668.0394,
41.39142,
448.6538,
250.0762,
137.8829,
61.89034,
16.6266,
369.6169,
185.1956,
0,
4385.034,
2086, 
26.51267,
170.8232,
68.29643,
47.33376,
85.68111,
104.3069,
137.055,
579.4988,
291.6717,
28.68147,
223.0573,
42.95551,
88.0049,
13.91528,
49.82745,
63.25643,
194.705,
665.7768,
41.7957,
442.8051,
249.9036,
137.578,
61.92256,
16.64499,
370.8625,
186.8525,
0,
4389.725,
2087, 
26.56974,
171.0265,
68.27717,
47.29004,
85.28862,
104.1319,
137.2629,
586.2012,
294.1192,
28.61199,
223.3115,
42.80952,
88.66903,
13.87566,
49.90105,
63.17245,
194.6342,
663.4725,
41.83777,
437.1222,
249.7147,
137.2604,
61.93975,
16.66276,
372.0518,
188.4458,
0,
4393.661,
2088, 
26.62364,
171.2191,
68.25641,
47.24104,
84.88956,
103.9486,
137.4683,
592.7375,
296.4783,
28.53882,
223.5446,
42.66248,
89.32918,
13.83493,
49.97314,
63.08642,
194.5714,
661.1252,
41.75386,
431.5879,
249.5108,
136.9311,
61.94669,
16.67998,
373.1892,
189.9815,
0,
4397.109,
2089, 
26.67461,
171.4019,
68.23431,
47.18718,
84.48435,
103.7575,
137.6713,
599.1229,
298.7566,
28.46227,
223.7582,
42.51444,
89.98139,
13.79316,
50.04378,
62.99842,
194.5156,
658.7332,
41.66495,
426.1867,
249.2923,
136.5911,
61.94619,
16.69669,
374.2786,
191.465,
0,
4400.212,
2090, 
26.72293,
171.5757,
68.21103,
47.12881,
84.07343,
103.5591,
137.872,
605.3714,
300.9609,
28.38259,
223.9543,
42.36548,
90.6105,
13.75041,
50.11299,
62.90853,
194.4661,
656.3033,
41.57151,
420.9048,
249.0604,
136.2411,
61.94035,
16.71292,
375.3238,
192.9008,
0,
4402.985,
2091, 
26.75442,
171.6722,
68.17094,
47.05384,
83.66468,
103.3248,
137.9937,
611.24,
303.0057,
28.29335,
224.0573,
42.23063,
91.16999,
13.70828,
50.16743,
62.81232,
194.3473,
653.69,
41.46923,
416.0458,
248.7522,
135.8216,
61.93069,
16.71898,
376.1798,
194.2166,
0,
4404.492,
2092, 
26.7869,
171.7612,
68.13134,
46.97482,
83.25101,
103.0841,
138.1124,
616.9476,
304.9701,
28.20164,
224.1608,
42.09632,
91.72456,
13.66525,
50.22017,
62.71421,
194.2348,
651.0431,
41.37288,
411.2817,
248.4593,
135.3944,
61.93258,
16.72464,
376.9996,
195.48,
0,
4405.726,
2093, 
26.8173,
171.8432,
68.08388,
46.89204,
82.83278,
102.8374,
138.2281,
622.5092,
306.8609,
28.10737,
224.2507,
41.96125,
92.24428,
13.62139,
50.27128,
62.61426,
194.1262,
648.3618,
41.27281,
406.6027,
248.1547,
134.9595,
61.93485,
16.72991,
377.7798,
196.6957,
0,
4406.593,
2094, 
26.84579,
171.9191,
68.01521,
46.80576,
82.41026,
102.5851,
138.3411,
627.938,
308.6842,
28.01074,
224.3281,
41.82547,
92.71066,
13.57674,
50.32084,
62.51256,
194.0208,
645.645,
41.16927,
401.9992,
247.839,
134.5172,
61.93805,
16.73483,
378.5233,
197.8678,
0,
4407.084,
2095, 
26.87251,
171.9891,
67.94472,
46.71622,
81.98373,
102.3276,
138.4514,
633.2455,
310.4457,
27.91191,
224.394,
41.68901,
93.21397,
13.53134,
50.36887,
62.40917,
193.9182,
642.8953,
41.0625,
397.4637,
247.5127,
134.0681,
61.94209,
16.73942,
379.2326,
199.0001,
0,
4407.33,
2096, 
26.88537,
171.9977,
67.8516,
46.61806,
81.56961,
102.0486,
138.4738,
638.084,
312.0361,
27.805,
224.3621,
41.55797,
93.67075,
13.48291,
50.39496,
62.28262,
193.7322,
640.0644,
40.95447,
393.1621,
247.1243,
133.567,
61.92878,
16.73636,
379.7958,
200.0121,
0,
4406.199,
2097, 
26.89646,
172.0014,
67.75684,
46.51695,
81.15205,
101.765,
138.4932,
642.7831,
313.5597,
27.69613,
224.3192,
41.42623,
93.87089,
13.4338,
50.41936,
62.1544,
193.5477,
637.2104,
40.84278,
388.9146,
246.7239,
133.0601,
61.90625,
16.73302,
380.3255,
200.9815,
0,
4404.491,
2098, 
26.90592,
172.0008,
67.66056,
46.4131,
80.73125,
101.477,
138.5095,
647.3552,
315.0219,
27.58542,
224.2663,
41.29381,
93.95419,
13.38403,
50.44215,
62.02459,
193.3643,
634.3386,
40.7277,
384.7155,
246.3122,
132.5477,
61.87485,
16.72941,
380.8238,
201.9119,
0,
4402.372,
2099, 
26.91388,
171.9961,
67.56281,
46.30667,
80.3074,
101.1849,
138.523,
651.8111,
316.4277,
27.47301,
224.2041,
41.16079,
94.02858,
13.33365,
50.46338,
61.89324,
193.1818,
631.452,
40.60949,
380.5593,
245.8899,
132.0303,
61.83334,
16.72555,
381.2932,
202.8064,
0,
4399.972,
2100, 
26.92048,
171.9877,
67.46368,
46.19785,
79.88066,
100.8889,
138.5338,
656.1606,
317.7814,
27.359,
224.1334,
41.02717,
94.09485,
13.28268,
50.48312,
61.76041,
192.9999,
628.5491,
40.48837,
376.4414,
245.4576,
131.5082,
61.78103,
16.72147,
381.7355,
203.6681,
0,
4397.307];
