real main.em.dem.hi.Clinker_Production[28](t) = [1971, 
7.4853,
63.9486,
6.16722,
4.277119,
8.038461,
12.24752,
6.25314,
3.05092,
1.27804,
5.21629,
148.1945,
32.9983,
6.87323,
1.5908,
0,
82.27142,
8.05349,
12.39273,
10.62152,
26.71521,
7.71953,
0.44317,
51.11324,
4.80396,
2.93748,
1.97758,
0,
516.6688,
1972, 
8.181899,
67.437,
7.17746,
5.781819,
9.33324,
12.79692,
6.21131,
3.40158,
1.24333,
5.43968,
168.4209,
36.25626,
6.91145,
1.60064,
0,
85.52518,
9.37485,
13.10155,
10.72526,
29.89577,
8.42296,
0.54236,
57.01112,
5.09894,
2.82282,
2.23657,
0,
564.9509,
1973, 
9.0477,
69.8184,
8.13276,
6.222979,
10.98636,
13.26924,
6.09294,
3.4265,
1.25579,
6.10896,
163.4131,
38.33475,
8.140861,
1.62934,
0,
89.80722,
9.12502,
12.46328,
12.71725,
31.45451,
10.1647,
0.6734,
67.1832,
5.41886,
3.15224,
2.5543,
0,
590.5936,
1974, 
9.5769,
66.20219,
8.75104,
6.252499,
12.45334,
13.92114,
6.35816,
3.59293,
1.29139,
6.49789,
160.7271,
41.23879,
8.1354,
1.6728,
0,
94.4189,
10.79415,
11.88477,
13.50622,
31.40056,
9.854391,
0.75621,
62.87288,
5.7405,
3.51533,
2.57299,
0,
593.9885,
1975, 
8.7669,
55.917,
9.184,
5.841679,
13.44062,
13.5464,
6.93399,
4.03437,
1.26291,
6.38664,
152.3531,
44.09148,
9.85803,
1.77858,
0,
100.0867,
12.3421,
13.48584,
15.58739,
39.00477,
10.81171,
0.9800701,
56.34462,
5.41112,
3.63909,
2.37363,
0,
593.4628,
1976, 
8.908199,
60.8229,
10.40662,
6.260699,
15.3135,
14.35082,
7.11199,
4.07709,
1.34657,
6.27272,
156.5511,
47.32811,
11.06014,
20.22776,
0,
101.8817,
13.16961,
15.36828,
17.17443,
39.53132,
11.79269,
1.6471,
59.09232,
5.29932,
3.50987,
1.57975,
0,
640.0847,
1977, 
8.939699,
65.3661,
10.92896,
6.179519,
17.32086,
14.7559,
7.87561,
4.14117,
1.5753,
5.84997,
160.464,
49.99436,
12.1849,
20.59403,
0,
104.1859,
13.77966,
15.91359,
19.29018,
47.12441,
12.45426,
2.31959,
62.89868,
5.26234,
3.57448,
1.58242,
0,
674.5559,
1978, 
9.425699,
69.7914,
11.603,
6.7527,
19.05598,
15.69398,
9.07978,
4.31294,
1.44714,
6.07247,
163.3752,
52.34935,
14.17052,
20.18211,
0,
104.1039,
15.73099,
16.28958,
20.14103,
55.30912,
12.91017,
3.32059,
72.99853,
5.11872,
3.90026,
1.55661,
0,
714.6918,
1979, 
10.3131,
68.9832,
12.58864,
7.018379,
20.39422,
17.19458,
11.61984,
4.63334,
1.47028,
5.51711,
165.8589,
51.99385,
12.35143,
19.51764,
0,
100.8756,
19.55231,
15.1641,
22.21583,
62.54913,
15.70569,
4.03312,
75.51144,
5.14366,
3.76194,
1.56373,
0,
735.5311,
1980, 
9.306,
61.4169,
13.44636,
7.329389,
22.29908,
19.21998,
13.28058,
4.83181,
1.604715,
6.34125,
166.359,
56.74334,
11.80725,
19.44603,
3.444,
102.5402,
21.80244,
14.77649,
21.48692,
67.66492,
13.83473,
4.78569,
75.64302,
5.20902,
4.03221,
1.48808,
0,
750.1393,
1981, 
9.1368,
58.5486,
14.90186,
7.240192,
21.36182,
19.23638,
14.4714,
5.91049,
1.58137,
7.20455,
161.6095,
52.8036,
13.68913,
19.50725,
3.623785,
104.2786,
26.34503,
17.35364,
21.49147,
70.1516,
14.80752,
5.20429,
72.95209,
5.63558,
4.27336,
1.66341,
0,
754.9833,
1982, 
7.3224,
51.7275,
15.86126,
6.975526,
21.02808,
18.38604,
14.31654,
5.90159,
1.431351,
7.1912,
156.6791,
59.37403,
14.35798,
19.72428,
3.80357,
164.3214,
28.56279,
18.7995,
23.55717,
80.35645,
16.30811,
5.30712,
69.38996,
6.06644,
4.226613,
1.5397,
0,
822.5157,
1983, 
7.083899,
57.5343,
14.23766,
7.309465,
17.1134,
17.01418,
16.05827,
5.43523,
1.42311,
7.02833,
156.5567,
62.29861,
12.37145,
20.60824,
11.06487,
171.0192,
30.74569,
20.96663,
26.64662,
91.40956,
17.70769,
7.36645,
69.56626,
5.38532,
4.453147,
1.35547,
0,
859.7597,
1984, 
8.448299,
63.4068,
15.33564,
7.243676,
15.98754,
17.32496,
20.01432,
4.94573,
1.396034,
7.194759,
147.339,
64.99251,
14.32158,
21.3323,
11.67688,
173.43,
35.87509,
24.51903,
25.85583,
103.7566,
17.76047,
8.09263,
67.8196,
4.83062,
4.842429,
1.3706,
0,
889.1129,
1985, 
9.1728,
63.2556,
16.6091,
7.130142,
16.9207,
17.38892,
21.90112,
6.18016,
1.390888,
6.1232,
139.3141,
60.60722,
15.99871,
21.1519,
12.34182,
174.4788,
36.94828,
26.53593,
25.94319,
122.7869,
16.3618,
9.0454,
62.64842,
5.73362,
5.074242,
1.4685,
0,
902.5115,
1986, 
9.5499,
64.0008,
16.2565,
7.976664,
20.70664,
19.69804,
20.29912,
6.525658,
1.525423,
5.55894,
139.6933,
63.48124,
18.20364,
22.27612,
13.84898,
179.7981,
35.55969,
29.03589,
28.6923,
140.0384,
17.02337,
10.30393,
61.28704,
6.134619,
6.25898,
1.71236,
0,
945.4457,
1987, 
11.3427,
60.64199,
19.25524,
8.431331,
20.88376,
21.51926,
23.22633,
5.958461,
1.680385,
5.33911,
143.2396,
63.21106,
20.0018,
22.63692,
14.21224,
182.8526,
37.98329,
30.82205,
31.80086,
156.8833,
18.90434,
10.75074,
61.53386,
5.948624,
7.05796,
1.84586,
0,
987.9637,
1988, 
11.115,
64.3896,
19.35692,
7.959253,
20.76978,
21.52898,
24.51861,
6.817934,
1.61624,
6.0164,
153.1162,
65.17658,
20.53688,
23.0912,
14.45496,
184.6935,
40.50151,
34.14288,
37.68401,
176.6497,
21.34769,
11.93738,
66.69644,
6.070053,
7.55482,
1.9847,
0,
1049.727,
1989, 
11.3319,
64.1772,
19.8522,
8.422002,
21.25522,
19.10026,
24.81943,
7.071888,
2.05501,
6.46229,
159.6195,
63.62107,
21.57064,
22.92556,
15.1044,
186.6738,
44.87395,
36.68351,
42.88011,
176.7477,
25.18425,
13.45708,
68.55663,
6.669346,
7.53389,
2.01407,
0,
1078.663,
1990, 
10.5705,
63.8496,
20.24006,
8.412292,
21.197,
19.23036,
26.82816,
5.94437,
2.18762,
5.84107,
158.2907,
57.66368,
22.11209,
22.3655,
14.9445,
182.705,
45.9571,
38.3211,
45.42174,
175.9268,
31.93827,
13.45526,
72.6227,
6.327796,
7.83601,
2.23034,
0,
1082.42,
1991, 
8.406684,
60.27212,
20.59494,
7.375795,
22.46015,
20.1785,
29.02796,
6.223289,
2.068484,
5.452389,
153.8522,
41.77913,
23.6083,
21.28392,
13.94246,
65.51226,
38.37441,
43.27482,
50.03647,
205.1379,
35.54351,
12.22636,
76.84591,
5.53657,
8.179326,
2.515532,
0,
979.7095,
1992, 
7.681248,
62.20899,
22.0708,
7.485446,
19.45623,
23.85,
29.13487,
6.566607,
2.179944,
5.1714,
146.4459,
32.77607,
25.72332,
18.93298,
12.26966,
51.9224,
43.28453,
44.98262,
55.54538,
258.535,
38.79516,
12.69939,
75.54371,
5.710024,
8.691056,
2.125136,
0,
1019.788,
1993, 
8.370054,
65.76203,
23.29597,
7.897469,
20.14929,
32.48428,
26.61853,
6.655245,
2.217477,
5.404935,
134.5967,
29.89813,
28.05173,
13.9646,
9.27584,
41.83804,
47.63074,
47.92454,
57.94602,
309.0458,
45.59871,
17.66861,
75.19128,
6.397794,
8.741331,
2.063302,
0,
1074.688,
1994, 
9.398592,
69.21783,
25.52795,
8.539049,
20.38503,
24.88217,
26.80534,
5.661444,
2.175782,
6.205704,
142.064,
32.35333,
26.36169,
10.62884,
6.64774,
31.07636,
49.15179,
53.18032,
62.04102,
354.6357,
51.82996,
22.05847,
78.06365,
6.907706,
8.889302,
1.768292,
0,
1136.457,
1995, 
9.2394,
68.06181,
20.36247,
8.794625,
22.74608,
27.31967,
28.3675,
5.839801,
2.748538,
6.507375,
140.482,
32.79887,
29.67193,
7.30702,
4.93312,
30.29818,
51.12236,
56.88648,
65.42539,
401.2075,
58.12344,
20.70672,
76.9029,
6.58342,
8.741465,
2.160375,
0,
1193.339,
1996, 
9.7902,
71.2656,
20.3708,
7.30622,
27.7492,
26.10831,
32.76104,
9.215296,
2.465144,
6.68824,
135.4697,
33.38586,
31.3984,
5.3382,
3.5629,
23.2798,
41.70511,
67.36,
66.2756,
432.4815,
51.53441,
32.558,
80.136,
6.522816,
9.552428,
2.41544,
0,
1236.696,
1997, 
10.2843,
72.5175,
21.9725,
7.433097,
30.4419,
27.8052,
33.91707,
12.30504,
2.37237,
6.50881,
138.1517,
34.30558,
32.004,
5.82364,
3.7679,
22.41142,
41.42406,
67.52,
68.2752,
435.9614,
63.64173,
36.6268,
77.74741,
6.48036,
9.628759,
2.42451,
0,
1271.752,
1998, 
10.5996,
72.00719,
22.0492,
8.807739,
31.84,
29.58414,
33.33234,
9.942546,
2.750416,
8.227,
153.5825,
34.58004,
33.8452,
6.31728,
3.75314,
21.9063,
36.02168,
71.91,
56.5268,
452.7361,
47.39214,
38.984,
68.6172,
6.43972,
9.485516,
3.001556,
0,
1274.239,
1999, 
10.9998,
76.21291,
23.3142,
10.17578,
31.9579,
29.91196,
35.86628,
9.663874,
2.653725,
7.680699,
152.93,
35.145,
30.3752,
6.5436,
4.37552,
23.944,
36.54928,
76.32,
56.6886,
502.6893,
59.47447,
36.6445,
67.4442,
6.35289,
9.962006,
2.957501,
0,
1346.833,
2000, 
10.962,
77.865,
25.043,
8.62996,
30.968,
30.3044,
38.7086,
9.86506,
2.74684,
7.7314,
157.0873,
34.94712,
31.504,
6.05324,
3.7064,
27.19694,
42.40138,
80.75,
59.312,
511.6762,
56.6764,
45.496,
68.12399,
7.1778,
10.604,
2.60494,
0,
1388.142,
2001, 
11.232,
78.10561,
23.4,
8.618219,
30.81,
29.991,
41.242,
10.67175,
2.70555,
7.7945,
154.5264,
32.18897,
30.59,
6.3804,
4.081002,
29.77356,
44.72034,
83.4,
49.95784,
567.4686,
58.73455,
48.1574,
64.1908,
7.16071,
10.87693,
2.5891,
0,
1439.367,
2002, 
11.3256,
78.3354,
23.87,
9.23846,
29.26,
23.6159,
40.5048,
11.2476,
2.70732,
8.0808,
148.0686,
32.13338,
28.2968,
7.84176,
4.147728,
31.98965,
45.69806,
81.8,
52.79176,
592.6802,
65.47324,
53.4688,
60.0248,
7.2732,
11.1538,
2.23272,
0,
1463.26,
2003, 
12.0132,
80.34361,
24.32,
10.13384,
28.88,
25.1332,
43.1932,
11.15935,
3.44201,
8.466,
158.7164,
34.29903,
30.2562,
9.479031,
5.024822,
34.78955,
46.0348,
80.2,
55.80588,
706.2813,
71.18827,
55.599,
57.3792,
7.6311,
14.68417,
2.83777,
0,
1617.291,
2004, 
12.6054,
83.754,
26.25,
9.987,
25.8,
28.155,
45.1984,
11.17906,
3.71378,
9.84,
161.7881,
36.73331,
32.528,
11.18124,
5.427408,
39.02147,
49.77627,
98.25,
51.30008,
778.3837,
79.78861,
58.3792,
56.0768,
7.6544,
14.88584,
2.8577,
0,
1740.515,
2005, 
12.012,
84.84,
27.75,
10.82694,
27.158,
31.302,
48.1869,
11.28006,
4.29705,
11.745,
161.3011,
38.269,
36.38,
12.93651,
5.56713,
41.38695,
54.495,
100.1,
48.535,
839.3092,
86.24015,
56.61,
57.768,
7.69327,
15.011,
2.86335,
0,
1833.864,
2006, 
11.76,
83.74799,
29.6,
11.33236,
27.158,
33.5072,
50.1633,
13.10337,
4.49307,
10.53,
169.112,
42.48937,
40.8,
14.60997,
6.06852,
46.48995,
57.82959,
119.35,
50.745,
969.7696,
86.581,
56.95,
58.017,
8.6237,
15.44875,
4.0986,
0,
2022.378,
2007, 
12.18,
81.396,
30.118,
11.75268,
34.336,
36.223,
51.7995,
17.81676,
4.72878,
12.393,
178.3474,
46.73361,
41.48,
16.1028,
6.561,
50.83722,
68.6194,
130.9,
53.6605,
1054.269,
90.01075,
65.45,
56.191,
9.11257,
24.0805,
4.28895,
0,
2189.388,
2008, 
11.508,
73.584,
29.674,
12.5171,
34.41,
38.0286,
63.5526,
23.08743,
5.76558,
10.935,
154.2287,
48.46534,
43.69,
16.9452,
7.3224,
45.6192,
70.705,
138.6,
49.402,
1083.829,
93.65981,
69.19,
52.124,
8.91669,
24.92625,
4.4307,
0,
2215.116,
2009, 
9.24,
54.516,
26.048,
10.92388,
38.258,
36.9852,
70.2999,
22.07331,
6.86475,
9.558001,
130.0345,
38.39836,
45.05,
11.9718,
7.06644,
38.01087,
83.4635,
138.6,
48.025,
1267.524,
98.22941,
74.8,
45.484,
8.83784,
28.41125,
5.12649,
0,
2353.801,
2010, 
10.416,
56.44799,
25.53,
11.53216,
43.734,
37.1702,
69.0606,
24.5025,
8.934299,
8.829,
125.1019,
38.47459,
53.295,
12.2229,
7.28028,
42.95025,
86.3549,
169.4,
45.56,
1460.4,
110.494,
70.55,
42.745,
8.597139,
31.90135,
5.54607,
0,
2607.03,
2011, 
10.08,
57.624,
25.53,
10.80104,
46.324,
37.0592,
68.4855,
23.86422,
10.29024,
9.072,
127.0284,
40.44579,
53.89,
13.365,
7.71039,
47.71872,
99.7296,
207.9,
46.495,
1630.341,
113.7538,
80.75,
42.579,
8.34814,
36.8373,
6.21999,
0,
2862.242,
2012, 
10.4706,
62.94456,
26.77616,
13.6086,
51.29902,
40.9035,
80.76591,
27.945,
11.7612,
9.363601,
104.6083,
35.7973,
54.29715,
12.91869,
14.32971,
53.1765,
148.4829,
207.9,
45.3118,
1715.769,
112.6063,
44.6675,
45.43171,
8.22945,
43.16045,
8.58681,
0,
2991.112,
2013, 
9.75324,
65.02859,
25.61288,
13.75512,
51.7815,
43.78062,
76.84794,
32.62923,
13.24593,
9.85608,
102.4246,
34.15104,
60.63645,
13.01184,
15.20532,
57.38769,
151.7606,
215.6,
45.80735,
1871.224,
118.1483,
48.3565,
48.10846,
8.216999,
45.71385,
9.357121,
0,
3187.401,
2014, 
9.978359,
69.82416,
27.08178,
14.55062,
52.72796,
43.95156,
84.98277,
32.93865,
14.73066,
9.77508,
101.5707,
34.81709,
60.55315,
12.59793,
17.2287,
60.04368,
152.504,
215.6,
45.66455,
1932.309,
122.2504,
48.416,
48.06779,
8.62702,
46.5137,
11.28897,
0,
3278.595,
2015, 
10.22028,
71.3496,
29.31362,
14.67198,
48.30942,
44.44588,
83.55717,
34.84539,
16.93872,
10.52352,
102.5686,
35.72415,
60.70615,
11.49714,
18.86733,
54.24003,
149.0051,
200.2,
49.9324,
1828.584,
134.8432,
51.0425,
45.50641,
9.14328,
54.6465,
11.53116,
0,
3182.214,
2016, 
9.82212,
71.52852,
30.02698,
14.40484,
42.59218,
40.91608,
85.80168,
37.9404,
18.32382,
10.53,
103.9854,
36.05987,
64.09255,
11.74581,
19.30797,
48.05001,
140.8278,
215.6,
54.25295,
1866.786,
140.1854,
52.87,
44.20165,
8.98973,
60.1426,
11.76201,
0,
3240.747,
2017, 
10.67304,
72.91116,
30.78474,
14.79334,
39.96296,
41.27498,
100.8879,
36.3771,
18.83412,
10.6677,
104.8455,
39.193,
68.4692,
11.83329,
21.5055,
48.6729,
133.198,
217.91,
54.604,
1804.981,
147.0186,
59.05715,
45.81185,
8.55315,
64.4249,
10.97226,
0,
3218.217,
2018, 
11.38536,
73.07999,
35.76272,
14.21466,
39.62922,
39.22222,
83.187,
42.46101,
18.9135,
11.0808,
106.8244,
41.92958,
61.6624,
12.14433,
22.34628,
48.3165,
136.8699,
238.7,
49.23455,
1732.125,
159.8748,
64.10105,
45.90481,
9.02957,
72.3877,
11.99853,
0,
3182.386,
2019, 
11.76,
74.004,
33.42062,
13.78472,
41.89214,
39.28734,
81.07047,
46.77426,
17.70174,
10.30806,
107.3811,
43.84611,
48.4211,
12.35898,
24.14367,
52.19316,
140.6745,
257.18,
47.79975,
1812.556,
176.4549,
61.234,
44.37346,
9.21715,
75.26155,
13.81617,
0,
3296.915,
2020, 
11.76,
75.432,
35.39642,
12.36614,
45.17848,
34.9391,
73.20375,
51.37668,
20.14227,
8.748,
105.6086,
44.57222,
61.45415,
12.58659,
25.53039,
50.67603,
152.9337,
223.3,
45.2268,
1841.43,
182.025,
53.4055,
42.25115,
8.8976,
74.5314,
14.17824,
0,
3307.15,
2021, 
11.76,
76.692,
38.15366,
13.72848,
48.75416,
42.62252,
82.21419,
56.35332,
22.2264,
10.125,
110.3849,
45.72876,
66.72076,
13.77729,
28.51524,
53.93304,
151.9146,
269.5,
47.4504,
1830.733,
193.3172,
55.3775,
41.56889,
9.0968,
83.18015,
14.29083,
0,
3418.119,
2022, 
12.6,
76.94399,
36.852,
13.88314,
47.02404,
44.62866,
78.31809,
57.0321,
21.1977,
9.72,
108.62,
44.18491,
62.6518,
9.396,
28.71855,
54.89532,
152.1216,
292.6,
48.9702,
1651.019,
200.8482,
54.536,
44.156,
9.28189,
80.35731,
14.58081,
0,
3255.138,
2023, 
12.58652,
77.16844,
37.14637,
14.16171,
47.57108,
44.90646,
80.33607,
59.17007,
19.75628,
9.792399,
105.3699,
42.82838,
62.78647,
9.390163,
29.3549,
55.02251,
154.3992,
303.0112,
46.04269,
1655.431,
202.9674,
54.34435,
43.90541,
9.319287,
81.75706,
15.21034,
0,
3273.736,
2024, 
12.53773,
77.20546,
37.29748,
14.44665,
47.85534,
45.4882,
82.2447,
61.81429,
21.41117,
9.920479,
101.0947,
41.11489,
62.90122,
9.388192,
29.97805,
55.09399,
156.9282,
313.1567,
42.19242,
1659.07,
205.3009,
53.4923,
43.62395,
9.352444,
84.78784,
16.14169,
0,
3293.839,
2025, 
12.43724,
76.97121,
37.50875,
14.7221,
48.3279,
46.00345,
84.26449,
64.66046,
23.86725,
10.04165,
99.14319,
38.70912,
63.11067,
9.440484,
30.61323,
55.14173,
159.4855,
324.8626,
40.28711,
1662.356,
208.1232,
53.67722,
43.36983,
9.396427,
88.34309,
17.16108,
0,
3322.025,
2026, 
12.27944,
76.40125,
37.86225,
14.98824,
48.57903,
46.36851,
85.59963,
67.79008,
26.46669,
10.11203,
98.61945,
37.31927,
62.91508,
9.635505,
30.98316,
54.80449,
161.1687,
335.2882,
40.15169,
1655.054,
209.2851,
54.81688,
42.86825,
9.410704,
92.55591,
18.57427,
0,
3339.898,
2027, 
12.09968,
75.5536,
38.21089,
15.27572,
48.83397,
46.70876,
86.66511,
70.85179,
28.97979,
10.18071,
97.42213,
37.19571,
62.7447,
9.849536,
31.337,
54.42231,
162.7912,
344.1472,
40.01965,
1647.011,
210.2628,
55.91202,
42.39728,
9.378881,
96.50551,
19.94057,
0,
3354.697,
2028, 
11.90738,
74.59016,
38.55529,
15.53661,
49.09133,
47.02692,
87.60611,
73.80933,
31.41246,
10.25506,
95.85286,
37.0621,
62.57822,
9.676083,
31.67465,
54.06831,
164.3395,
331.6333,
39.88213,
1637.981,
211.1085,
56.97952,
41.95004,
9.342215,
100.2313,
21.27231,
0,
3345.423,
2029, 
11.70804,
73.5082,
38.89899,
15.85213,
49.35956,
47.3696,
88.40588,
76.68804,
33.77031,
10.33872,
94.08923,
36.92226,
62.45547,
9.323435,
31.99563,
53.86882,
165.8003,
320.2387,
39.75027,
1627.656,
211.8692,
58.03966,
41.55193,
9.306837,
103.7868,
22.57466,
0,
3335.128,
2030, 
11.49688,
72.32178,
39.24115,
16.16878,
49.63067,
47.74725,
89.1345,
79.52728,
36.05836,
10.43475,
92.40491,
36.77518,
62.31134,
8.968675,
32.29908,
53.9687,
167.15,
312.5544,
39.60138,
1615.677,
212.4708,
59.11105,
41.17561,
9.283529,
107.1962,
23.85176,
0,
3326.561,
2031, 
11.28831,
71.11436,
39.59013,
16.54313,
50.02373,
48.20001,
89.93221,
84.20789,
39.07778,
10.59791,
92.73548,
36.98975,
62.19542,
8.641201,
32.57949,
53.77474,
168.2846,
319.0292,
39.41484,
1599.832,
212.9012,
60.17064,
40.87512,
9.27347,
111.2025,
25.60571,
0,
3334.081,
2032, 
11.07291,
70.07933,
39.93515,
16.95238,
50.42511,
48.67528,
90.59409,
88.76336,
41.99819,
10.78621,
93.17311,
36.6864,
62.07027,
8.352257,
32.81409,
52.02075,
169.1485,
325.2284,
39.21958,
1581.628,
213.1655,
61.28008,
40.61426,
9.272532,
115.0528,
27.30861,
0,
3336.318,
2033, 
10.86703,
69.17687,
40.27334,
17.34143,
50.84502,
49.16058,
91.02322,
93.18742,
44.83999,
10.99267,
93.73531,
36.24856,
61.93508,
8.118634,
33.00405,
50.40807,
169.6893,
331.2252,
39.0197,
1560.741,
213.2612,
62.4585,
40.39778,
9.283731,
118.7938,
28.97264,
0,
3335,
2034, 
10.65932,
68.1782,
40.63606,
17.75882,
51.2973,
49.66967,
91.22089,
97.52735,
47.61971,
11.22044,
94.41969,
36.06466,
61.75954,
7.975751,
33.15779,
48.91672,
169.8794,
337.075,
38.81333,
1536.919,
213.1534,
63.72123,
40.21402,
9.298913,
122.4569,
30.6102,
0,
3330.223,
2035, 
10.45263,
66.99649,
41.00863,
18.20825,
51.78724,
50.25428,
91.24054,
101.8245,
50.34505,
11.47353,
95.23254,
35.87602,
61.53744,
7.946309,
33.32463,
47.52049,
169.7282,
342.8243,
38.61906,
1510.015,
212.8359,
64.97701,
40.06187,
9.307159,
126.0723,
32.2317,
0,
3321.702,
2036, 
10.57581,
66.3206,
41.36297,
18.70797,
52.36363,
50.95102,
91.19501,
107.1109,
53.67103,
11.78459,
96.24011,
35.67881,
61.28985,
8.014143,
33.50455,
46.22045,
169.1022,
348.4862,
38.45235,
1478.528,
212.1265,
65.99499,
39.9677,
9.323549,
130.1342,
34.19628,
0,
3311.304,
2037, 
10.72303,
67.42485,
41.72224,
19.24153,
52.98996,
51.75309,
90.88731,
112.3554,
56.91644,
12.11776,
97.3922,
35.47942,
61.02303,
8.170219,
33.73851,
44.98014,
168.1342,
354.0529,
38.26309,
1444.088,
211.2536,
66.90313,
39.91657,
9.365206,
134.1281,
36.14422,
0,
3299.164,
2038, 
10.87032,
68.62547,
41.98049,
19.80926,
53.66496,
52.66239,
90.39947,
117.5803,
60.10435,
12.47177,
98.65392,
35.27553,
60.6879,
8.076543,
33.93336,
43.78146,
166.8768,
359.5431,
37.9218,
1406.898,
210.1711,
67.78222,
39.87959,
9.414527,
138.0583,
38.07676,
0,
3283.2,
2039, 
11.02638,
69.91417,
42.09398,
20.40902,
54.37875,
53.66622,
89.85595,
122.7236,
63.25099,
12.84504,
100.0266,
35.06847,
60.31013,
8.004122,
34.03043,
43.40579,
165.408,
364.971,
37.55375,
1367.263,
208.919,
68.77046,
39.86436,
9.460769,
141.9408,
39.9918,
0,
3265.152,
2040, 
11.192,
71.27214,
42.09423,
21.03555,
55.1363,
54.75144,
89.2359,
127.7688,
66.35979,
13.23506,
101.5049,
34.85929,
59.91099,
8.131359,
34.10798,
43.31182,
163.7733,
370.3419,
37.16813,
1325.563,
207.5342,
69.91803,
39.87502,
9.509891,
145.7831,
41.89229,
0,
3245.266,
2041, 
11.37571,
72.65687,
41.98167,
21.68724,
55.9242,
55.87742,
88.55566,
133.8254,
70.1329,
13.65243,
103.1399,
34.65009,
59.53984,
8.25179,
34.15452,
43.25037,
161.8737,
375.4701,
36.76828,
1280.902,
205.9312,
71.16563,
39.95361,
9.558196,
150.0042,
44.16828,
0,
3224.451,
2042, 
11.56342,
74.07643,
41.86605,
22.35455,
56.72161,
57.05936,
87.81583,
139.7359,
73.79935,
14.07509,
104.8322,
34.43898,
59.13897,
8.372419,
34.18612,
43.20247,
159.8425,
380.4846,
36.35209,
1234.188,
204.2207,
72.57028,
40.03722,
9.599813,
154.1065,
46.41016,
0,
3201.051,
2043, 
11.74966,
75.5323,
41.79358,
23.03435,
57.52971,
58.31803,
87.0389,
145.5805,
77.37837,
14.49902,
106.5434,
34.22462,
58.68137,
8.492268,
34.2051,
43.16399,
157.6213,
385.377,
35.91205,
1185.31,
202.3884,
74.11391,
40.104,
9.641577,
158.0807,
48.6206,
0,
3174.935,
2044, 
11.93289,
77.043,
41.79105,
23.72055,
58.33486,
59.64899,
86.21608,
151.346,
80.87383,
14.92052,
108.2543,
34.00727,
58.17414,
8.610361,
34.21312,
43.13091,
155.2242,
390.1388,
35.45269,
1134.834,
200.4572,
75.77104,
40.1498,
9.695508,
161.9235,
50.79948,
0,
3146.664,
2045, 
12.11169,
78.60727,
41.86568,
24.40823,
59.12962,
61.0581,
85.37182,
157.0112,
84.29225,
15.33598,
109.9469,
33.78726,
57.62427,
8.725785,
34.2122,
43.09805,
152.6862,
394.7601,
34.97839,
1084.054,
198.4496,
77.52142,
40.17097,
9.76712,
165.6297,
52.94365,
0,
3117.548,
2046, 
12.29496,
80.18333,
41.99525,
25.08546,
59.88946,
62.51473,
84.50728,
163.7094,
88.29296,
15.73912,
111.6557,
33.57407,
57.06574,
8.835392,
34.17927,
43.07148,
149.886,
398.9576,
34.50307,
1032.247,
196.2975,
79.25759,
40.21117,
9.849495,
169.5153,
55.41611,
0,
3088.735,
2047, 
12.47008,
81.77289,
42.20918,
25.75,
60.61976,
64.04277,
83.69872,
170.2129,
92.14086,
16.12672,
113.3087,
33.35844,
56.34805,
8.940655,
34.14108,
43.04117,
147.0423,
402.9601,
34.01725,
981.5517,
194.1016,
81.03864,
40.21576,
9.933548,
173.1969,
57.80551,
0,
3060.045,
2048, 
12.69054,
83.23167,
42.52198,
26.38337,
61.2634,
65.26383,
82.7785,
176.3386,
95.77298,
16.50203,
115.1517,
33.16322,
56.30177,
9.005884,
34.09779,
42.99035,
144.2089,
406.7952,
33.70343,
932.0428,
192.486,
82.85677,
40.45843,
9.968365,
176.8202,
60.08391,
0,
3032.882,
2049, 
12.90032,
84.67892,
42.89423,
26.99606,
61.87109,
66.16977,
81.84898,
182.3393,
99.25732,
16.85764,
116.9119,
32.9657,
56.24987,
9.06569,
34.0522,
42.93542,
141.3667,
410.4273,
33.37091,
883.8691,
190.8427,
84.67484,
40.65654,
10.0132,
180.24,
62.29305,
0,
3005.749,
2050, 
13.10128,
86.11122,
43.31184,
27.58562,
62.44183,
67.03979,
81.41439,
188.2159,
102.6074,
17.19236,
118.5924,
32.76711,
56.10465,
9.119718,
34.00548,
43.40017,
138.5245,
413.8564,
33.00246,
837.3196,
189.2073,
86.47325,
40.8203,
10.0617,
183.4642,
64.43459,
0,
2980.176,
2051, 
13.29964,
87.48637,
43.74611,
28.13961,
62.9532,
67.8477,
81.56409,
195.7499,
106.814,
17.56493,
120.1929,
32.5715,
56.22585,
9.167188,
34.0525,
42.85873,
135.8973,
416.8903,
32.62104,
791.1339,
188.5429,
88.14342,
41.16214,
10.15885,
187.7954,
67.08836,
0,
2959.668,
2052, 
13.48541,
88.83265,
44.2061,
28.66687,
63.43116,
68.6313,
81.70702,
203.0989,
110.8643,
17.91533,
121.6878,
32.37403,
56.3099,
9.208317,
34.10049,
42.73389,
134.894,
419.6968,
32.13301,
746.84,
187.8645,
89.44183,
41.45753,
10.26414,
191.9352,
69.65101,
0,
2941.431,
2053, 
13.66133,
90.12619,
44.68382,
29.16565,
63.86483,
69.37559,
81.8471,
210.2379,
114.7578,
18.24358,
123.0883,
32.17604,
56.38427,
9.243073,
34.14988,
42.65685,
133.9479,
422.2833,
31.63895,
705.3212,
187.206,
90.66135,
41.71952,
10.37143,
195.8969,
72.12715,
0,
2924.836,
2054, 
13.82863,
91.34776,
45.17138,
29.63455,
64.25443,
70.07277,
81.9874,
217.17,
118.5052,
18.54982,
124.3991,
31.97813,
56.46188,
9.271507,
34.20111,
42.57522,
133.0643,
424.6572,
31.18376,
666.5223,
186.5844,
91.80109,
41.95341,
10.47395,
199.6904,
74.5202,
0,
2909.86,
2055, 
13.98724,
92.49618,
45.65458,
30.07372,
64.60094,
70.72307,
82.13039,
223.9069,
122.116,
18.83429,
125.6198,
31.78034,
56.54325,
9.293737,
34.25459,
42.48913,
132.246,
426.8257,
30.76232,
630.3943,
186.0016,
92.86101,
42.15593,
10.57184,
203.3222,
76.83471,
0,
2896.48,
2056, 
14.14208,
93.56401,
46.09993,
30.46941,
64.86816,
71.28528,
82.23143,
231.3717,
126.0782,
19.0879,
126.7432,
31.58126,
56.64108,
9.311842,
34.27533,
42.395,
131.3513,
428.5683,
30.35964,
596.2004,
185.3795,
93.77569,
42.35447,
10.66108,
206.9201,
79.36349,
0,
2885.08,
2057, 
14.28769,
94.55913,
46.53478,
30.83463,
65.09273,
71.80015,
82.33401,
238.5653,
129.8598,
19.31929,
127.7747,
31.3821,
56.73804,
9.323967,
34.29813,
42.29602,
130.5263,
430.1059,
30.00925,
565.4564,
184.7918,
94.61086,
42.50767,
10.74037,
210.3343,
81.78591,
0,
2875.869,
2058, 
14.4248,
95.48306,
46.95827,
31.17049,
65.27665,
72.26936,
82.43963,
245.5094,
133.4762,
19.52945,
128.7195,
31.1831,
56.83873,
9.406629,
34.32307,
42.19242,
129.7704,
431.4498,
29.74294,
542.8215,
184.2431,
95.36915,
42.61209,
10.80452,
213.5772,
84.11044,
0,
2873.702,
2059, 
14.55327,
96.33793,
47.36829,
31.47828,
65.42201,
72.69477,
82.54938,
252.2232,
136.9406,
19.71932,
129.5785,
30.98409,
56.93924,
9.46876,
34.35022,
42.08443,
129.0818,
432.6103,
29.56966,
521.7252,
183.7281,
96.05344,
42.67468,
10.85293,
216.6584,
86.34456,
0,
2871.991,
2060, 
14.67404,
97.12634,
47.63474,
31.75931,
65.53098,
73.07841,
82.66397,
258.7235,
140.2649,
19.89001,
130.3584,
30.78535,
57.04484,
9.509459,
34.37954,
41.97225,
128.4586,
433.5983,
29.49129,
502.0817,
183.2513,
96.66724,
42.69287,
10.96801,
219.5891,
88.49493,
0,
2870.689,
2061, 
14.8369,
98.15729,
47.84679,
32.10567,
65.77546,
73.61718,
82.98189,
266.6314,
144.286,
20.09573,
131.4677,
30.67977,
57.34093,
9.555441,
34.49596,
41.97827,
128.1568,
435.4841,
29.62524,
485.1759,
183.3224,
97.45541,
43.17609,
11.06275,
223.1218,
91.07912,
0,
2879.512,
2062, 
14.99255,
99.1339,
48.04971,
32.4288,
65.98764,
74.11995,
83.30444,
274.3118,
148.1545,
20.28465,
132.5064,
30.57336,
57.6338,
9.568823,
34.61446,
41.98028,
127.9146,
437.219,
29.87948,
469.4539,
183.4176,
98.18364,
43.38416,
11.15392,
226.5127,
93.57292,
0,
2888.337,
2063, 
15.14141,
100.0589,
48.24398,
32.73009,
66.16956,
74.58878,
83.63206,
281.7875,
151.8855,
20.45779,
133.4786,
30.46615,
57.92396,
9.545938,
34.735,
41.97848,
127.7291,
438.8123,
29.76443,
454.8362,
183.536,
98.84383,
43.57061,
11.2418,
229.7729,
95.98511,
0,
2896.916,
2064, 
15.28389,
100.9351,
48.43012,
33.01091,
66.32317,
75.02573,
83.96498,
289.0781,
155.4919,
20.61617,
134.3884,
30.35819,
58.2118,
9.484441,
34.8406,
41.97305,
127.5974,
440.2733,
29.57561,
441.2445,
183.6762,
99.35867,
43.73695,
11.32658,
232.9127,
98.32336,
0,
2905.442,
2065, 
15.42046,
101.7655,
48.60865,
33.27256,
66.45042,
75.43276,
84.30329,
296.2009,
158.9853,
20.76079,
135.2401,
30.24953,
58.49804,
9.391257,
34.89856,
41.9642,
127.5163,
441.6107,
29.37634,
428.6022,
183.8376,
99.73521,
43.88483,
11.40827,
235.9414,
100.5944,
0,
2913.949,
2066, 
15.55422,
102.5438,
48.75436,
33.50082,
66.51305,
75.77094,
84.58084,
303.7382,
162.6153,
20.88006,
136.0539,
30.13694,
58.79521,
9.393515,
34.89461,
41.9471,
127.344,
442.4907,
29.1778,
416.8876,
183.9591,
99.92456,
44.02119,
11.48149,
238.8074,
102.951,
0,
2922.718,
2067, 
15.6824,
103.2819,
48.89297,
33.71153,
66.552,
76.08178,
84.86185,
311.0597,
166.1064,
20.98678,
136.8153,
30.02357,
59.08776,
9.392503,
34.84297,
41.92672,
127.2167,
443.2582,
28.95977,
405.9777,
184.0948,
99.99657,
44.13987,
11.55191,
241.558,
105.2237,
0,
2931.283,
2068, 
15.80545,
103.9824,
49.02491,
33.90598,
66.56896,
76.36719,
85.1463,
318.1877,
169.4726,
21.08186,
137.5283,
29.90948,
59.3764,
9.388442,
34.76408,
41.90326,
127.1311,
443.9209,
28.71877,
395.806,
184.2441,
99.95646,
44.2424,
11.61978,
244.2032,
107.421,
0,
2939.677,
2069, 
15.92377,
104.6482,
49.15068,
34.08534,
66.56559,
76.62899,
85.43411,
325.1412,
172.7258,
21.16621,
138.1967,
29.7947,
59.66172,
9.381547,
34.65665,
41.87689,
127.0844,
444.486,
28.45337,
386.3098,
184.4058,
99.808,
44.3302,
11.68514,
246.7517,
109.5504,
0,
2947.903,
2070, 
16.03773,
105.2818,
49.27065,
34.25076,
66.54341,
76.86885,
85.72513,
331.9375,
175.8768,
21.24065,
138.8238,
29.67929,
59.94417,
9.372016,
34.52153,
41.84776,
127.0734,
444.9606,
28.1626,
377.4304,
184.5792,
99.5545,
44.40458,
11.74807,
249.2117,
111.6182,
0,
2955.965,
2071, 
16.14535,
105.8573,
49.35838,
34.38686,
66.46705,
77.04374,
85.97417,
338.99,
179.0642,
21.29458,
139.4295,
29.56467,
60.22433,
9.361497,
34.34634,
41.81517,
126.978,
444.9827,
27.89069,
369.2182,
184.6848,
99.14643,
44.42738,
11.80291,
251.4797,
113.7235,
0,
2963.657,
2072, 
16.24831,
106.405,
49.44062,
34.51041,
66.37408,
77.19905,
86.22471,
345.8454,
182.1276,
21.33964,
139.996,
29.44913,
60.49414,
9.348736,
34.14716,
41.78008,
126.9128,
449.343,
27.84577,
361.5162,
184.7909,
98.64008,
44.38629,
11.79176,
253.6553,
115.7539,
0,
2975.566,
2073, 
16.34698,
106.9272,
49.51774,
34.6224,
66.26574,
77.33624,
86.47667,
352.5243,
185.0796,
21.37651,
140.5263,
29.33272,
60.75433,
9.333893,
33.92601,
41.74261,
126.8753,
452.6103,
27.79926,
354.2777,
184.8971,
98.03796,
44.29471,
11.71435,
255.7464,
117.7171,
0,
2986.059,
2074, 
16.44172,
107.4259,
49.5901,
34.72372,
66.14326,
77.45668,
86.72995,
359.0443,
187.9309,
21.40587,
141.0235,
29.2155,
61.00584,
9.31712,
33.68501,
41.70288,
126.863,
455.3159,
27.7513,
347.4597,
185.0032,
97.3438,
44.16626,
11.57569,
257.7603,
119.6197,
0,
2995.701,
2075, 
16.53285,
107.9031,
49.65801,
34.81524,
66.00771,
77.56165,
86.98441,
365.4207,
190.691,
21.38336,
141.4903,
29.0975,
61.24924,
9.298556,
33.41911,
41.66103,
126.8739,
457.6306,
27.70192,
341.0225,
185.1088,
96.56173,
44.01401,
11.37732,
259.7036,
121.4677,
0,
3004.636,
2076, 
16.61399,
108.3037,
49.69741,
34.87959,
65.82579,
77.60623,
87.20201,
371.8806,
193.4132,
21.28243,
141.9252,
28.98598,
61.47759,
9.280289,
33.11915,
41.61802,
126.8133,
459.3619,
27.66049,
334.9652,
185.1404,
95.63362,
43.86424,
11.12575,
261.4207,
123.2859,
0,
3012.383,
2077, 
16.69186,
108.686,
49.71848,
34.93523,
65.63255,
77.63717,
87.41959,
378.1648,
196.0302,
21.11787,
142.3337,
28.87374,
61.69744,
9.260495,
32.79906,
41.57306,
126.7717,
460.9848,
27.5871,
329.2197,
185.1692,
94.60365,
43.70744,
10.85491,
263.0674,
125.0392,
0,
3019.576,
2078, 
16.76728,
109.0515,
49.68151,
34.98285,
65.42884,
77.6555,
87.63708,
384.2913,
198.5522,
20.8995,
142.7206,
28.76105,
61.91404,
9.23929,
32.45639,
41.52623,
126.7479,
461.8618,
27.48773,
323.7558,
185.2002,
93.46641,
43.54299,
10.64092,
264.6509,
126.7341,
0,
3025.654,
2079, 
16.84181,
109.4015,
49.58894,
35.02308,
65.21548,
77.66219,
87.85448,
390.2757,
200.9881,
20.63981,
143.0942,
28.64848,
62.09815,
9.216768,
32.09402,
41.47765,
126.7408,
461.9608,
27.36728,
318.5458,
185.246,
92.2179,
43.38043,
10.67188,
266.1796,
128.3763,
0,
3030.807,
2080, 
16.91399,
109.7374,
49.44334,
35.05652,
64.99321,
77.6581,
88.07162,
396.1316,
203.3459,
20.356,
143.4482,
28.53537,
62.22403,
9.193027,
32.03519,
41.42738,
126.7479,
461.4758,
27.22322,
313.5647,
185.2901,
90.86669,
43.21941,
10.70211,
267.6545,
129.9709,
0,
3035.286,
2081, 
16.97425,
109.9909,
49.2201,
35.06739,
64.74666,
77.60606,
88.24919,
401.9329,
205.6268,
20.06388,
143.7529,
28.43247,
62.28154,
9.17039,
32.09748,
41.37894,
126.6999,
459.5976,
27.07696,
308.8414,
185.2537,
90.14822,
43.08736,
10.72422,
268.9248,
131.4866,
0,
3038.433,
2082, 
17.03217,
110.2324,
48.9552,
35.07222,
64.49245,
77.54454,
88.4257,
407.5793,
207.8203,
19.77423,
144.0396,
28.32896,
62.29385,
9.146689,
32.15899,
41.32891,
126.6632,
457.0671,
26.92764,
304.3036,
185.2119,
90.03299,
42.97857,
10.74575,
270.142,
132.9467,
0,
3041.245,
2083, 
17.08796,
110.463,
48.64675,
35.07151,
64.23112,
77.47425,
88.60117,
413.0861,
209.9347,
19.48951,
144.3099,
28.2249,
62.26825,
9.121999,
32.21974,
41.27733,
126.6367,
454.8803,
26.81559,
299.9326,
185.1649,
89.90661,
42.90274,
10.76675,
271.3105,
134.3567,
0,
3044.182,
2084, 
17.14181,
110.6836,
48.30196,
35.06568,
63.96322,
77.39585,
88.77559,
418.4668,
211.9772,
19.19942,
144.5652,
28.12031,
62.21537,
9.096386,
32.27974,
41.22429,
126.6194,
452.8661,
26.79765,
295.7115,
185.1131,
89.77,
42.84399,
10.78725,
272.4341,
135.7213,
0,
3047.137,
2085, 
17.19389,
110.8952,
47.9274,
35.05514,
63.68922,
77.30991,
88.94894,
423.7331,
213.954,
18.89841,
144.807,
28.01523,
62.13981,
9.069912,
32.33897,
41.16985,
126.6102,
451.1999,
26.90442,
291.6249,
185.0564,
89.62392,
42.78687,
10.80729,
273.5165,
137.0448,
0,
3050.321,
2086, 
17.23324,
111.035,
47.51173,
35.02699,
63.0322,
77.18707,
89.08572,
428.8292,
215.8371,
18.64296,
144.9872,
27.92108,
62.0279,
9.044931,
32.38784,
41.11668,
126.5583,
449.9301,
27.16721,
287.8233,
184.9287,
89.42569,
42.73661,
10.81924,
274.4383,
138.2708,
0,
3053.005,
2087, 
17.27033,
111.1672,
47.07557,
34.99463,
61.95092,
77.05759,
89.22086,
433.7889,
217.6482,
18.59779,
145.1525,
27.82619,
61.9063,
9.019178,
32.43568,
41.06209,
126.5122,
448.2075,
27.19455,
284.1294,
184.7889,
89.21924,
42.68301,
10.8308,
275.3184,
139.4499,
0,
3054.508,
2088, 
17.30536,
111.2924,
46.6221,
34.95837,
60.47961,
76.92194,
89.3544,
438.6257,
219.394,
18.55023,
145.304,
27.73061,
61.77932,
8.992702,
32.48254,
41.00617,
126.4714,
446.5242,
27.14001,
280.5321,
184.638,
89.00523,
42.6228,
10.84199,
276.16,
140.5863,
0,
3055.322,
2089, 
17.3385,
111.4112,
46.15359,
34.91851,
58.62632,
76.78053,
89.48636,
443.351,
221.0799,
18.50047,
145.4428,
27.63438,
61.64995,
8.965553,
32.52846,
40.94897,
126.4352,
445.4098,
27.08222,
277.0214,
184.4763,
88.78419,
42.55445,
10.85285,
276.9662,
141.6841,
0,
3056.083,
2090, 
17.3699,
111.5242,
45.67164,
34.87532,
56.47863,
76.59665,
89.61679,
447.9748,
222.7111,
18.44868,
145.5703,
27.53756,
61.52751,
8.937769,
32.57344,
40.89054,
126.403,
444.3075,
27.02148,
273.5881,
184.3047,
88.55672,
42.47758,
10.8634,
277.7396,
142.7466,
0,
3056.313,
2091, 
17.39037,
111.5869,
45.16667,
34.81984,
54.38204,
76.28223,
89.6959,
452.3176,
224.2242,
18.39068,
145.6372,
27.44991,
61.40887,
8.910381,
32.60883,
40.82801,
126.3257,
444.0107,
26.955,
270.4298,
184.0767,
88.28401,
42.38971,
10.86734,
278.373,
143.7203,
0,
3056.532,
2092, 
17.41149,
111.6447,
44.65034,
34.76137,
54.11316,
75.86274,
89.77303,
456.5413,
225.6778,
18.33107,
145.7045,
27.36261,
61.3189,
8.882414,
32.64311,
40.76423,
126.2526,
444.0327,
26.89237,
267.3331,
183.8599,
88.00639,
42.30186,
10.87101,
278.9797,
144.6552,
0,
3058.628,
2093, 
17.43125,
111.6981,
44.25452,
34.70011,
53.8413,
75.34138,
89.8483,
460.6568,
227.0771,
18.26979,
145.763,
27.27481,
61.24076,
8.853902,
32.67633,
40.69927,
126.182,
444.4723,
26.82732,
264.2917,
183.6345,
87.72364,
42.20383,
10.87444,
279.5571,
145.5548,
0,
3060.948,
2094, 
17.44976,
111.7474,
44.20988,
34.63626,
53.56666,
74.72188,
89.92172,
464.6741,
228.4263,
18.20698,
145.8133,
27.18655,
61.18295,
8.824879,
32.70854,
40.63316,
126.1135,
445.6563,
26.76003,
261.2995,
183.4009,
87.43617,
42.09624,
10.87764,
280.1072,
146.4221,
0,
3064.08,
2095, 
17.46713,
111.7929,
44.16406,
34.57001,
53.28942,
74.00828,
89.99339,
468.6017,
229.7298,
18.14274,
145.8561,
27.09785,
61.10227,
8.795371,
32.73976,
40.56596,
126.0468,
447.4521,
26.69062,
258.3514,
183.1594,
87.14429,
41.98033,
10.88062,
280.6321,
147.2601,
0,
3067.514,
2096, 
17.47549,
111.7985,
44.10354,
34.49737,
53.02024,
73.19325,
90.00798,
472.1822,
230.9067,
18.07325,
145.8353,
27.01268,
61.00465,
8.763892,
32.75672,
40.4837,
125.9259,
448.8895,
26.6204,
255.5553,
182.872,
86.81856,
41.84941,
10.87863,
281.0489,
148.009,
0,
3069.583,
2097, 
17.4827,
111.8009,
44.04195,
34.42254,
52.74883,
72.29365,
90.02055,
475.6595,
232.0341,
18.00249,
145.8075,
26.92705,
61.01608,
8.731968,
32.77259,
40.40036,
125.806,
450.1148,
26.5478,
252.7945,
182.5757,
86.48904,
41.7187,
10.87646,
281.4409,
148.7263,
0,
3071.253,
2098, 
17.48885,
111.8005,
43.97936,
34.34569,
52.47532,
71.3149,
90.03119,
479.0428,
233.1162,
17.93052,
145.7731,
26.84098,
61.07022,
8.69962,
32.7874,
40.31598,
125.6868,
450.6884,
26.473,
250.065,
182.271,
86.15601,
41.58847,
10.87411,
281.8096,
149.4148,
0,
3072.04,
2099, 
17.49402,
111.7975,
43.91582,
34.26693,
52.19981,
70.26372,
90.03996,
482.3402,
234.1565,
17.85746,
145.7326,
26.75451,
61.11858,
8.66687,
32.80119,
40.23061,
125.5682,
450.2643,
26.39616,
247.3635,
181.9585,
85.81969,
41.46031,
10.87161,
282.157,
150.0768,
0,
3071.572,
2100, 
17.49831,
111.792,
43.85139,
34.18641,
51.92243,
69.14809,
90.04697,
485.5589,
235.1583,
17.78335,
145.6867,
26.66766,
61.16165,
8.633741,
32.81403,
40.14426,
125.4499,
449.2101,
26.31744,
244.6869,
181.6387,
85.48032,
41.33515,
10.86896,
282.4843,
150.7144,
0,
3070.24];
