real main.em.ep.isp.StorResTot[28](t) = [1971, 
650.2043,
6655.436,
42.08362,
21.60265,
64.87003,
80.52728,
58.72234,
41.01139,
12.12848,
217.2017,
4045.412,
790.4434,
44.82675,
637.7261,
125.547,
1842.407,
149.6583,
187.5422,
60.78517,
214.7469,
32.17235,
2.731125,
946.1337,
246.709,
13.90568,
25.25577,
0,
17209.79,
1972, 
741.8291,
6657.843,
47.72691,
24.07335,
70.90247,
85.60682,
59.51014,
44.30545,
13.06972,
235.834,
4225.164,
862.6854,
51.80706,
676.4346,
128.979,
1948.756,
169.116,
195.9843,
65.4228,
235.7861,
36.51533,
3.157201,
1010.98,
243.6144,
13.96319,
36.19423,
0,
17885.26,
1973, 
822.1112,
7269.948,
51.8984,
26.78122,
82.16986,
95.75301,
60.99394,
49.34061,
13.25924,
250.8531,
4530.363,
899.4108,
52.40311,
714.6973,
138.2329,
2062.017,
202.2984,
202.9921,
74.03807,
257.8695,
43.11667,
3.878756,
1094.683,
277.6542,
16.23113,
46.06017,
0,
19339.05,
1974, 
850.5595,
7326.931,
65.72849,
27.97986,
91.55791,
104.7348,
65.2244,
49.4925,
12.81723,
268.6708,
4637.781,
955.7453,
59.42364,
755.8891,
148.2977,
2187.943,
226.6747,
212.9061,
81.38277,
266.9743,
45.87998,
5.159269,
1080.839,
298.1193,
18.26014,
58.10802,
0,
19903.08,
1975, 
828.2977,
7544.484,
69.66485,
27.81024,
98.6468,
109.7447,
74.15511,
55.5097,
13.36435,
288.806,
4620.787,
999.7319,
71.31312,
684.1312,
131.9432,
2026.462,
263.1264,
236.3842,
91.0008,
316.2711,
47.80762,
5.857369,
1104.864,
309.3614,
20.49623,
61.1617,
0,
20101.18,
1976, 
886.3723,
8058.391,
73.95848,
31.43783,
113.7049,
118.4277,
85.01573,
57.71395,
15.50538,
302.6935,
4967.698,
1062.252,
81.06986,
715.2866,
139.6969,
2158.21,
310.0033,
265.6773,
99.47146,
351.2398,
53.8702,
5.43931,
1181.715,
322.6221,
21.57173,
65.62288,
0,
21544.67,
1977, 
950.8682,
8329.101,
79.96756,
34.0629,
125.4388,
129.6713,
97.22808,
63.13311,
16.30076,
302.8003,
5077.862,
1106.948,
90.85435,
734.8352,
144.3448,
2229.876,
392.5233,
282.973,
108.8643,
383.5743,
59.80947,
6.798705,
1231.221,
339.4752,
23.22766,
71.39485,
0,
22413.15,
1978, 
1020.176,
8557.544,
88.36341,
35.96249,
138.894,
136.0472,
109.4548,
61.01228,
17.13536,
316.0778,
5265.941,
1163.831,
96.89062,
758.2071,
149.2396,
2332.665,
443.049,
311.1835,
120.7325,
437.5261,
61.91151,
9.522752,
1288.417,
349.7954,
26.09822,
69.31483,
0,
23364.99,
1979, 
1069.449,
8728.632,
94.7359,
37.54338,
155.6617,
151.684,
122.4012,
70.41045,
17.59848,
332.3224,
5490.521,
1172.046,
98.85152,
776.2701,
205.1706,
2386.209,
512.4371,
315.6826,
130.8803,
478.3406,
67.34981,
11.47709,
1357.881,
366.2189,
29.23367,
74.67986,
0,
24253.69,
1980, 
1099.906,
8839.066,
99.3913,
37.88153,
178.7118,
162.2803,
136.8613,
78.80919,
17.81146,
360.1478,
5527.903,
1224.595,
101.791,
812.5292,
224.5313,
2569.984,
567.5014,
329.5328,
136.6579,
467.2999,
71.89979,
14.44793,
1341.032,
383.9915,
30.66959,
68.78979,
0,
24884.02,
1981, 
1156.483,
8910.482,
108.5324,
39.18673,
171.9158,
168.6935,
155.4079,
77.09692,
18.83805,
411.1654,
5582.705,
1233.527,
106.6564,
833.5927,
230.3302,
2718.214,
672.96,
361.6109,
146.5569,
472.05,
76.49432,
14.23657,
1354.125,
408.8092,
32.81543,
65.25387,
0,
25527.74,
1982, 
1135.482,
8689.765,
113.4111,
40.57785,
180.2511,
171.1206,
170.1903,
85.8194,
20.39914,
432.2645,
5572.04,
1250.283,
116.3066,
851.2328,
238.5744,
2824.45,
797.8197,
385.8766,
154.5342,
503.5536,
81.97142,
17.3322,
1339.933,
415.5435,
35.20693,
65.18194,
0,
25689.12,
1983, 
1186.604,
8879.388,
112.5324,
43.14086,
186.5418,
179.3064,
187.7616,
79.83687,
21.71525,
440.0118,
5703.721,
1306.279,
121.5359,
875.3495,
246.1661,
2972.111,
816.7881,
412.9714,
168.402,
544.6578,
89.59476,
20.33455,
1414.213,
425.7747,
39.14055,
63.80518,
0,
26537.68,
1984, 
1279.252,
9275.71,
121.9226,
44.38401,
208.7219,
184.5802,
207.2632,
74.16449,
21.74719,
486.714,
5911.01,
1364.705,
137.2658,
909.6727,
256.7058,
3161.098,
880.2999,
456.74,
181.2701,
571.7723,
96.62602,
23.92158,
1487.968,
454.8972,
44.1608,
62.89334,
0,
27905.47,
1985, 
1356.82,
9439.755,
106.3669,
43.75695,
226.0758,
187.977,
222.6159,
89.89499,
23.30917,
503.5023,
6129.066,
1366.629,
149.8934,
932.7515,
265.4371,
3281.373,
944.2634,
501.3238,
195.1964,
611.497,
102.1079,
24.83844,
1545.313,
488.2379,
47.68658,
65.24963,
0,
28850.94,
1986, 
1388.587,
9431.972,
119.7516,
46.77039,
239.0653,
212.8153,
219.8301,
94.1068,
24.74331,
517.3866,
6226.547,
1429.65,
171.8741,
954.3557,
269.7981,
3429.291,
1029.155,
547.6234,
210.6439,
671.559,
105.6766,
35.00293,
1567.005,
504.3436,
52.75177,
66.7255,
0,
29567.03,
1987, 
1480.452,
9600.835,
129.6988,
49.4855,
242.2781,
228.9149,
235.1161,
98.10306,
26.71317,
529.8065,
6429.994,
1457.692,
192.3942,
990.6242,
271.7613,
3566.837,
1052.559,
594.1036,
234.0949,
741.657,
113.9284,
40.56751,
1670.616,
531.8109,
58.39321,
65.06826,
0,
30633.5,
1988, 
1515.243,
9994.088,
132.2068,
49.78318,
251.4518,
258.6843,
256.2821,
103.0444,
28.43648,
549.8284,
6710.319,
1449.185,
201.8761,
1022.019,
276.7496,
3655.658,
1210.954,
654.0717,
264.8064,
811.0926,
124.7463,
42.84838,
1765.054,
555.6599,
67.02898,
71.97593,
0,
32023.09,
1989, 
1483.342,
10901.34,
140.8454,
53.16127,
267.4715,
246.986,
268.3087,
107.5662,
30.08102,
562.0172,
6922.407,
1467.511,
217.692,
1040.853,
278.4375,
3926.95,
1235.244,
714.745,
288.8085,
871.9695,
136.9057,
47.40181,
1876.493,
596.2153,
69.92013,
69.04436,
0,
33821.72,
1990, 
1436.264,
11106.86,
145.6215,
53.67681,
256.2117,
266.5494,
277.7395,
109.5351,
34.6125,
571.1482,
7072.581,
1388.895,
240.4582,
1122.623,
345.2509,
3836.244,
1322.039,
768.476,
310.1635,
926.4404,
150.6705,
56.30821,
2049.886,
611.2876,
76.10166,
76.83247,
0,
34612.47,
1991, 
1520.971,
11201.1,
149.8858,
52.2224,
272.4785,
250.9765,
292.9842,
111.9585,
36.86197,
572.0171,
7232.287,
1326.275,
245.1617,
1035.051,
295.7865,
3578.147,
1463.872,
836.7239,
327.1017,
1107.925,
162.5718,
63.71798,
2117.667,
628.5201,
81.62891,
84.6722,
0,
35048.56,
1992, 
1556.499,
11404.14,
153.5215,
55.11226,
279.7842,
259.6443,
309.7255,
116.2096,
38.27897,
586.3115,
7283.461,
1229.975,
276.5449,
882.2156,
274.5859,
3096.074,
1556.874,
874.2656,
347.8564,
1223.278,
176.1656,
69.62463,
2143.024,
641.1152,
89.66234,
73.2529,
0,
34997.2,
1993, 
1610.648,
11678.13,
155.1111,
56.25817,
291.0233,
274.2476,
335.1377,
116.6375,
39.7077,
610.7186,
7298.413,
1224.982,
303.4851,
801.2318,
231.332,
3130.287,
1603.986,
923.4086,
385.4872,
1262.599,
194.2899,
77.83173,
2167.243,
661.8974,
93.5687,
74.89023,
0,
35602.55,
1994, 
1699.403,
11974.62,
166.9052,
60.35763,
299.2108,
291.2495,
357.9743,
116.6322,
40.54221,
631.9733,
7453.978,
1295.227,
319.3278,
730.557,
227.8923,
2761.042,
1705.699,
990.9883,
432.8051,
1370.021,
219.3758,
86.55473,
2267.631,
682.5681,
98.37183,
72.59665,
0,
36353.5,
1995, 
1717.086,
12318.42,
169.9525,
63.69678,
314.1874,
305.0908,
378.6151,
123.3258,
44.28325,
640.4877,
7650.236,
1299.505,
357.071,
766.4138,
226.1076,
2754.282,
1790.839,
1074.698,
482.8529,
1490.932,
243.2129,
100.4011,
2305.06,
701.7986,
104.592,
74.19006,
0,
37497.34,
1996, 
1768.09,
12615.65,
162.1064,
67.02727,
329.8503,
319.343,
427.8808,
128.4738,
46.3447,
668.2766,
7772.868,
1430.746,
388.2513,
768.6699,
218.4147,
2719.837,
1865.739,
1133.938,
535.288,
1565.83,
264.9106,
116.5101,
2372.291,
716.4324,
109.6288,
66.99332,
0,
38579.39,
1997, 
1794.264,
12920.19,
174.7037,
72.52695,
346.98,
344.9538,
460.6667,
129.0093,
49.94375,
692.3881,
7928.047,
1457.584,
423.1375,
761.6976,
214.3736,
2676.606,
2017.888,
1196.044,
585.3304,
1660.247,
283.6655,
123.0142,
2426.219,
739.9269,
113.8067,
70.29782,
0,
39663.51,
1998, 
1772.36,
13230,
187.8176,
77.79247,
357.7238,
363.5625,
491.8447,
125.9948,
51.34717,
682.2135,
8104.992,
1478.366,
450.8419,
732.0541,
206.3665,
2709.324,
2276.146,
1280.419,
574.0344,
1740.482,
279.6653,
126.7809,
2431.172,
783.4292,
117.968,
91.88129,
0,
40724.57,
1999, 
1808.983,
13433.88,
198.6012,
83.89232,
371.5749,
363.8885,
521.2365,
132.2802,
52.8501,
680.4774,
8198.571,
1448.059,
466.1068,
759.8488,
202.8201,
2781.925,
2181.883,
1375.69,
638.8704,
1812.986,
299.0743,
148.0257,
2468.012,
824.7054,
117.8355,
99.44624,
0,
41471.52,
2000, 
1862.723,
14056.55,
211.5441,
85.8421,
385.2501,
382.4918,
555.1208,
136.4384,
54.78197,
712.5856,
8233.925,
1539.884,
503.9484,
751.3576,
206.795,
2919.704,
2198.635,
1452.44,
756.191,
2049.3,
324.6759,
159.5296,
2577.531,
848.0419,
128.5079,
108.2366,
0,
43202.03,
2001, 
1816.741,
13379.4,
217.8178,
88.14159,
377.3854,
380.3329,
587.2446,
145.1077,
57.31907,
689.0549,
8216.236,
1679.079,
511.1082,
800.095,
198.3917,
3050.198,
2298.49,
1507.699,
807.5603,
2258.657,
344.9304,
168.4209,
2556.884,
898.8673,
144.2054,
121.9357,
0,
43301.3,
2002, 
1841.27,
13730.95,
220.9967,
91.9101,
400.2646,
375.7524,
614.9138,
154.1787,
57.48415,
745.5128,
8028.687,
1605.132,
539.5684,
795.1676,
202.1995,
2944.435,
2386.734,
1553.73,
862.9438,
2445.948,
365.7003,
178.3669,
2611.299,
897.3185,
152.1188,
129.9191,
0,
43932.5,
2003, 
1792.672,
13846.21,
270.5548,
93.97657,
416.4992,
394.8934,
646.1078,
152.245,
60.92315,
780.3483,
7963.413,
1614.084,
582.7248,
823.3882,
215.0457,
3000.281,
2509.429,
1657.163,
900.2751,
2803.022,
395.2888,
186.3074,
2612.133,
853.2807,
161.523,
124.3671,
0,
44856.16,
2004, 
1818.877,
14240.27,
269.8676,
94.54935,
445.4957,
421.2989,
684.6375,
168.1959,
66.08598,
806.3162,
7884.784,
1709.108,
622.0587,
860.2629,
222.8512,
3095.232,
2672.821,
1764.998,
949.2018,
3214.855,
422.1377,
198.8683,
2692.486,
873.2141,
174.5772,
133.4778,
0,
46506.53,
2005, 
1775.027,
14205.93,
283.3763,
99.50399,
458.3857,
438.4017,
700.2004,
178.5921,
71.35345,
816.5655,
7786.789,
1679.142,
659.8243,
835.2254,
228.2402,
3493.333,
2682.939,
1878.247,
1011.511,
3638.848,
455.4117,
212.4116,
2763.959,
866.5447,
187.964,
143.646,
0,
47551.37,
2006, 
1708.701,
14009.67,
291.2762,
105.3148,
479.0306,
463.6033,
742.2212,
189.2679,
76.11848,
855.3786,
7628.063,
1703.825,
708.1146,
872.5941,
233.4929,
3506.852,
2837.534,
2033.336,
1043.075,
4182.338,
481.4656,
216.2711,
2810.811,
861.9756,
198.9544,
147.2116,
0,
48386.49,
2007, 
1810.546,
13963.24,
302.5293,
108.2904,
507.7174,
475.1934,
821.8243,
200.0999,
83.14445,
876.291,
7384.367,
1691.129,
765.2966,
886.0606,
243.1299,
3524.707,
3059.927,
2183.93,
1102.112,
4821.797,
510.2217,
220.7971,
2897.305,
902.778,
205.7883,
150.9808,
0,
49699.2,
2008, 
1798.187,
13369.64,
306.9431,
106.5258,
528.8588,
506.7938,
859.3749,
204.1429,
83.41149,
872.7752,
7345.198,
1689.02,
774.186,
839.1837,
223.1415,
3586.369,
3192.406,
2101.612,
1180.882,
5364.201,
522.9274,
225.7515,
2802.639,
899.8297,
214.3777,
153.4856,
0,
49751.86,
2009, 
1718.224,
12333.32,
304.5126,
106.3577,
534.577,
512.4514,
979.0182,
212.605,
92.05245,
851.2219,
6861.276,
1633.931,
754.6059,
724.4411,
213.9502,
3378.944,
3522.736,
2257.094,
1237.595,
6262.616,
549.3271,
230.8208,
2809.042,
814.7662,
223.5797,
166.6793,
0,
49285.75,
2010, 
1707.849,
12360.82,
322.9584,
111.1583,
593.7175,
507.1559,
1066.244,
229.9976,
107.0622,
887.1885,
7298.949,
1701.827,
812.8433,
744.8472,
236.0934,
3392.69,
3691.416,
2434.544,
1337.12,
7649.375,
600.2752,
248.9656,
2964.596,
834.1943,
231.4498,
175.9856,
0,
52249.32,
2011, 
1784.756,
11535.96,
358.1035,
116.3307,
615.4097,
524.566,
1103.726,
237.3408,
127.0062,
896.2224,
7638.179,
1733.92,
883.4951,
759.9153,
228.403,
3467.827,
3852.424,
2710.727,
1395.337,
9507.566,
632.6328,
265.3046,
3039.937,
809.0313,
247.5687,
179.7556,
0,
54651.45,
2012, 
1743.7,
11163.9,
379.4774,
120.6334,
648.9523,
560.4635,
1175.241,
244.5608,
142.8354,
891.5183,
8123.473,
1672.218,
955.3433,
765.0994,
243.2413,
3475.315,
4118.812,
2864.661,
1459.425,
11114.43,
706.7933,
277.8106,
3242.804,
822.2548,
268.0856,
184.72,
0,
57365.77,
2013, 
1650.972,
10872.82,
362.694,
126.7482,
676.1641,
602.3596,
1245.854,
275.7026,
156.9635,
932.2008,
7861.174,
1669.882,
970.3998,
747.7422,
292.0303,
3489.086,
4381.141,
3080.464,
1536.894,
13488.91,
788.3342,
306.0009,
3975.761,
856.5041,
305.6919,
194.7659,
0,
60847.26,
2014, 
1609.312,
10801.76,
382.7408,
131.6766,
718.3961,
606.5669,
1326.8,
292.6451,
180.3037,
1082.223,
7959.043,
1649.209,
1026.486,
712.4546,
266.81,
3521.772,
4765.572,
3491.042,
1641.938,
16178.23,
920.1191,
328.7056,
5108.621,
831.9778,
336.0202,
221.5218,
0,
66091.95,
2015, 
1519.122,
11033.09,
398.415,
143.8129,
721.6334,
650.9663,
1504.572,
321.9518,
206.7333,
1166.616,
7322.678,
1599.007,
1098.612,
655.8817,
277.5372,
3542.612,
5335.771,
3863.804,
1800.85,
19928.22,
1040.448,
350.3811,
6631.66,
873.9674,
362.2047,
233.1814,
0,
72583.73,
2016, 
1500.079,
10902.39,
422.6337,
147.6046,
759.3638,
659.4471,
1656.55,
336.0603,
220.6939,
1348.621,
7673.833,
1617.778,
1278.618,
656.908,
329.641,
3547.991,
5913.553,
4428.04,
1958.908,
23587.79,
1274.594,
378.7902,
7920.582,
935.0018,
429.119,
228.0372,
0,
80112.63,
2017, 
1546.847,
11228.4,
429.5166,
147.0464,
810.8747,
660.1444,
1720.007,
361.1909,
237.4783,
1539.792,
7934.696,
1615.453,
1726.62,
677.0391,
417.3818,
3614.294,
6083.014,
5110.921,
2186.713,
29354.02,
1407.043,
403.8653,
9236.455,
1021.419,
494.1235,
249.425,
0,
90213.77,
2018, 
1502.495,
11710.83,
460.3737,
155.3471,
845.9387,
670.4202,
2020.352,
408.7073,
292.3855,
1818.636,
8522.997,
1844.942,
2830.936,
751.7073,
432.9543,
3620.264,
6174.781,
6037.98,
2478.148,
36031.48,
1541.816,
472.1352,
10561.88,
1180.369,
542.8903,
280.0772,
0,
103190.8,
2019, 
1555.186,
11836.05,
458.0235,
161.412,
904.2334,
635.7079,
2250.222,
449.0653,
337.2342,
1908.233,
9791.929,
1769.217,
3171.679,
938.8964,
474.2907,
3686.075,
7275.767,
6722.156,
2923.128,
42049.66,
2110.417,
517.8292,
11910.01,
1372.126,
579.3201,
327.7031,
0,
116115.6,
2020, 
1528.993,
11435.36,
474.3067,
151.9427,
876.4107,
628.9158,
2316.19,
484.4218,
360.1761,
2086.324,
10992.33,
1929.522,
3530.036,
1031.903,
450.5169,
3584.627,
7976.363,
7079.057,
3471.366,
51198.34,
2836.599,
521.7471,
13455.71,
1605.551,
613.7084,
333.8098,
0,
130954.2,
2021, 
1572.207,
12518.81,
504.4044,
166.3672,
966.9208,
706.0663,
2452.313,
537.2901,
407.9021,
2220.533,
11695.86,
2251.438,
3997.787,
1084.31,
555.637,
3758.318,
8687.148,
8036.284,
4206.658,
62338.93,
4249.303,
562.483,
15027.82,
1954,
707.0153,
369.9613,
0,
151535.8,
2022, 
1603.515,
13484.36,
542.8959,
177.4497,
1022.619,
705.7703,
2516.885,
639.5327,
471.8651,
2250.271,
13238.58,
2545.142,
4511.854,
954.6097,
623.2083,
3726.258,
10335.17,
9566.367,
4634.063,
72648.01,
4431.418,
615.9364,
16392.52,
2349.661,
818.4105,
495.1471,
0,
171301.5,
2023, 
1587.765,
15289.17,
568.9619,
185.2896,
1096.847,
724.1815,
2733.027,
764.2778,
506.3446,
2253.221,
15512.69,
3003.927,
5083.204,
982.5308,
716.4895,
3787.555,
12141.49,
10547.99,
5150.641,
98357.68,
4789.759,
682.5447,
17105.5,
2899.249,
862.8359,
533.5142,
0,
207866.7,
2024, 
1369.304,
18055.5,
583.1761,
193.6422,
1140.598,
754.199,
3016.486,
853.6727,
539.1699,
2390.551,
17835.6,
3593.206,
8158.245,
805.5032,
804.4039,
3800.349,
13319.22,
12659.77,
5703.214,
128520.8,
5087.009,
736.4613,
17533.01,
3757.67,
950.4978,
587.2366,
0,
252748.5,
2025, 
1383.18,
22269.85,
590.5418,
275.1674,
1292.471,
796.9319,
3232.889,
960.822,
804.1946,
3161.736,
19658.95,
4012.696,
8948.828,
847.153,
875.6079,
3793.738,
29374.74,
17322.37,
6272.743,
141853,
5791.338,
1398.782,
20317.64,
4887.188,
1263.801,
664.5344,
0,
302050.8,
2026, 
1358.945,
25814.06,
636.178,
289.2669,
1301.414,
826.1021,
2941.955,
1031.557,
1019.543,
2926.648,
21191.75,
4047.148,
8451.16,
921.668,
1401.784,
3785.604,
46272.88,
21521.92,
7035.124,
176280.2,
6280.8,
1663.924,
24573.17,
5832.436,
1632.041,
651.3224,
0,
369688.6,
2027, 
1346.551,
28963.32,
679.9175,
363.6188,
1314.01,
866.835,
2710.955,
1341.092,
1270.811,
2655.7,
22883.88,
4338.634,
8281.278,
1054.336,
2277.316,
3769.707,
54927.52,
26324.71,
7028.62,
209464.8,
7284.122,
2798.209,
27720.4,
7147.219,
2225.459,
614.9224,
0,
429653.9,
2028, 
1408.582,
31575.99,
727.5,
476.6895,
1327.039,
905.8334,
2454.288,
1903.584,
1515.941,
2432.915,
25125.45,
4747.746,
8160.151,
1191.093,
3658.284,
3740.766,
58666.32,
32549.61,
6998.175,
247387.5,
9874.01,
4960.76,
29528.13,
8647.066,
3343.286,
571.6531,
0,
493878.4,
2029, 
1541.673,
33967.46,
784.3237,
595.8289,
1352.026,
1106.653,
2226.298,
2672.194,
1693.452,
2300.342,
27143.46,
6029.085,
8515.738,
1272.161,
5375.302,
3716.009,
62930.36,
39870.06,
7003.16,
286407.9,
13143.58,
7884.994,
45667.47,
10518.98,
4549.601,
520.0148,
0,
578788.1,
2030, 
1734.141,
36106.91,
1096.35,
773.8354,
1368.038,
1378.607,
1953.434,
3544.338,
1686.221,
3970.014,
29945.55,
6953.577,
8902.739,
1403.396,
8189.689,
3702.526,
65861.89,
47729.03,
7028.701,
324674.2,
16717.68,
10988.46,
39569.09,
12570.74,
5709.258,
438.8567,
0,
643997.3,
2031, 
1984.757,
37035.24,
1425.898,
1028.137,
1394.055,
1750.014,
1832.455,
3875.423,
1509.48,
3556.85,
35789.47,
8744.465,
8729.231,
1544.074,
11535.91,
3663.001,
60014.21,
55531.42,
7115.272,
370955.6,
20479.17,
14911.55,
41316.57,
14412.99,
6785.599,
352.4507,
0,
717273.3,
2032, 
2321.179,
39956.45,
1730.19,
1453.228,
1457.547,
2303.371,
1894.185,
3848.193,
1272.727,
3129.635,
106906.5,
25654.31,
8587.043,
1689.637,
14942.33,
3641.576,
54657.46,
65424.09,
7516.473,
426238.1,
24733.87,
17331.65,
44109.07,
16545.89,
7764.238,
276.5813,
0,
885385.6,
2033, 
2709.824,
41920.09,
1904.746,
2241.089,
1548.554,
3047.034,
2286.08,
3681.001,
985.6095,
2706.769,
180631.1,
81851.19,
8639.14,
1801.82,
17530.04,
3575.497,
49329.11,
80252.33,
8023.566,
484109.9,
28138.14,
20318.86,
47208.76,
18827.48,
8724.05,
203.3285,
0,
1102195,
2034, 
3121.664,
44333.83,
1971.194,
3116.222,
1651.667,
4548.088,
2995.957,
3395.454,
727.9182,
2296.716,
310171.6,
195488.9,
8833.203,
1928.888,
19726.22,
3549.603,
44995.45,
103507.4,
8745.857,
565151.4,
32091.09,
23951.4,
51261.67,
21308.67,
10156.88,
134.692,
0,
1469162,
2035, 
3411.397,
46540.28,
2007.174,
4035.903,
1785.368,
8700.283,
3917.121,
3031.165,
492.9037,
1897.313,
477449.3,
374795.4,
9115.929,
2031.252,
22112.44,
3526.464,
41281.67,
133089.6,
9634.912,
657836.4,
36923.38,
28800.42,
54335.67,
24222.33,
12682.5,
76.83425,
0,
1963733,
2036, 
3759.854,
57227.01,
2001.849,
4959.603,
2042.016,
18231.47,
4985.152,
3439.177,
464.1729,
1937.046,
630303.2,
422257.3,
11324.65,
2130.772,
25523.06,
3509.37,
45139.14,
165428.9,
11365.18,
758486.2,
43079.84,
33897.21,
57201.8,
27406.04,
16073.81,
88.21378,
0,
2352262,
2037, 
4257.778,
86862.09,
2035.687,
6247.565,
2443.684,
34024.69,
6031.251,
3878.968,
443.2862,
2046.997,
731464.8,
454188.3,
13502.7,
2261.421,
29160.42,
3499.98,
49391.21,
206185.5,
12485.92,
862135.2,
50318.85,
39948.92,
60296.19,
31087.11,
20626.7,
105.2928,
0,
2714931,
2038, 
4946.04,
127659.8,
2222.894,
7802.491,
2467.106,
56183.02,
6929.989,
4337.236,
426.2306,
2168.125,
791365.4,
472976.4,
15542.43,
2478.681,
36064.43,
3493.707,
57107.6,
251004.8,
12506.27,
1042510,
58792.97,
45127.89,
63462.2,
35318.46,
26254.65,
139.198,
0,
3129288,
2039, 
5730.419,
191704.7,
2627.453,
9485.446,
2414.756,
88746.94,
7632.625,
4854.422,
414.2059,
2288.591,
870031.1,
482202.7,
17401.72,
2805.213,
45907.69,
3493.032,
77755.21,
341956.8,
12518.33,
1328070,
68774.62,
54017.51,
65914.17,
39291.85,
32704.07,
184.1274,
0,
3758927,
2040, 
7446.93,
283628.7,
3124.306,
11422.01,
2377.349,
123729,
8105.315,
5424.288,
406.2624,
2411.083,
914581.9,
484204.1,
18869.16,
3182.202,
58438.52,
3514.53,
104660.3,
493871.4,
12364.45,
1563391,
80372.52,
62953.77,
67997.16,
42925.54,
40225.43,
242.8573,
0,
4399870,
2041, 
9768.406,
383347.3,
3863.537,
12926.74,
2358.46,
148183,
8575.527,
6101.223,
401.632,
2732.698,
936785,
481974.5,
20421.99,
3507.443,
83522.97,
3579.323,
131882.6,
667654.4,
12515.05,
1877971,
92942.8,
75162.48,
69174.94,
46834.14,
48539.21,
316.7824,
0,
5131043,
2042, 
12837.53,
478372.1,
6193.435,
17246.34,
2429.529,
172673.4,
9063.563,
6883.123,
401.6244,
3306.367,
950750.4,
481396.2,
22627.27,
3664.715,
112088.1,
3679.979,
168223.5,
842653.6,
13075.63,
2205097,
105610.7,
92367.02,
69760.67,
51244.71,
57103.91,
434.894,
0,
5889186,
2043, 
21470.67,
622936.4,
9392.204,
23638.08,
2508.688,
211043.8,
9584.274,
7714.911,
403.945,
3879.188,
961359.8,
480028.8,
25716.44,
3803.492,
141780.2,
3805.943,
217939.9,
1008675,
13386.66,
2553716,
118686.9,
112296.3,
69574.63,
55165.11,
68429.12,
635.1982,
0,
6747571,
2044, 
33753.45,
776625.5,
13639.65,
31877.05,
2596.936,
253043.4,
10422.18,
8659.494,
412.0797,
4762.951,
972225.6,
479172.4,
28144.25,
3926.039,
170368.2,
3954.17,
279584.9,
1214692,
13563.54,
2926455,
132319.4,
137751.3,
69227.58,
58657.09,
82242.14,
975.725,
0,
7709052,
2045, 
48559.77,
914201.8,
21836.73,
42307.53,
2747.528,
301170,
14151.59,
10571.78,
427.003,
5878.969,
976927.6,
480315,
33642.97,
4072.82,
197363.4,
4234.455,
370335.6,
1438157,
14047.66,
3424775,
146117.2,
150887,
67538.55,
60720.26,
99013.46,
1505.109,
0,
8831506,
2046, 
67389.73,
1084256,
50533.44,
54588.29,
2929.907,
357448.8,
20588.86,
12343.87,
439.7987,
6902.213,
966750.6,
480125.6,
44429.44,
4231.111,
219497.1,
4683.586,
423861.2,
1657802,
14482.11,
3946023,
160642.4,
170076.8,
63480.29,
61562.37,
115463.5,
2160.318,
0,
9992692,
2047, 
91334.69,
1261835,
97319.04,
67066.55,
3153.436,
413569.6,
29246.03,
14075.44,
751.5482,
8508.606,
940947.9,
480117.8,
57382.76,
4396.436,
238924,
5244.306,
500620.3,
1919322,
14941.62,
4447902,
182202.3,
174893.9,
58386.8,
62219.06,
137789.5,
2570.693,
0,
1.121472e+07,
2048, 
127543.5,
1394230,
153220.3,
79163.58,
3477.154,
486475.4,
40108.68,
16052.76,
1623.606,
10888.07,
927892.1,
477121,
74567.11,
4578.857,
258636.3,
5853.293,
558303.8,
2155894,
14996.41,
4911694,
229964.3,
185254.7,
54117.93,
63255.34,
158091.2,
2988.015,
0,
1.239599e+07,
2049, 
172687.6,
1569560,
184381.8,
92942.73,
3862.53,
542336.7,
52176.41,
18602.46,
4110.146,
13863.1,
920620.7,
473357.4,
87449.51,
4786.724,
276530.4,
6474.407,
598843.2,
2333003,
14829.71,
5348474,
274978.8,
196829.6,
51358.41,
65143.73,
181101.6,
3445.821,
0,
1.349175e+07,
2050, 
210770.3,
1804273,
220002.1,
108887,
4291.32,
597042.4,
64792.18,
21642.84,
4912.896,
16991,
927686.1,
470579.5,
98093.57,
5471.89,
298643,
7005.24,
618449.1,
2459787,
14333.05,
5721576,
309962.6,
206327.9,
50994.77,
68392.91,
207130,
3960.47,
0,
1.4522e+07,
2051, 
233855.7,
2052012,
250279.8,
129313.2,
4760.027,
657610.1,
76429.14,
24756.14,
5523.392,
21223.35,
951980.3,
468322,
117812.4,
7054.964,
312828.1,
7450.4,
641016.8,
2526200,
14723.77,
6156562,
338490.4,
215263.9,
52696.5,
70293.46,
237523.2,
4451.958,
0,
1.557843e+07,
2052, 
264543.9,
2318408,
283538.8,
148910,
5190.807,
710697.9,
89386.54,
28867.87,
6115.456,
28048.21,
981659.8,
465918.8,
144880.6,
9527.632,
325214.9,
8021.757,
669831.4,
2511191,
14460.48,
6643858,
349583.8,
227196.4,
55450.16,
72568.13,
279978.4,
4935.752,
0,
1.664798e+07,
2053, 
284729,
2542532,
318646.9,
168490.2,
5562.631,
765067.1,
104992.7,
34817.06,
8797.091,
39384.54,
978285.8,
462605,
166197.7,
13134.85,
339004.4,
8955.94,
724744.6,
2459032,
14451.46,
7078423,
354808.3,
237919.5,
59998.13,
76936.52,
324644.4,
5369.315,
0,
1.757753e+07,
2054, 
297962.4,
2689270,
363316.2,
185885.4,
5900.58,
803440.1,
133337,
41351.13,
11762.67,
53554.1,
949647.3,
456696.8,
185436.6,
17583.16,
352685.9,
10455.92,
771364.6,
2386953,
14394.96,
7417456,
358829.6,
250904,
65495.85,
82563.48,
391856.3,
6110.115,
0,
1.830421e+07,
2055, 
307924.2,
2840423,
407437,
206792.7,
6806.572,
845139.6,
158579.7,
48552.3,
13631.51,
70375.64,
929352.3,
446337.8,
202456.6,
23308.75,
364867.2,
12593.2,
829191.4,
2314041,
14381.89,
7621160,
365948.5,
257623.4,
70628.18,
94533.56,
450552.3,
7036.197,
0,
1.890967e+07,
2056, 
314434.7,
2999162,
445554.1,
217321.1,
7968.632,
884016.4,
218076.1,
55858.25,
15558.84,
90089.88,
909347.9,
436947.1,
207331.5,
31804.33,
382623.1,
15177.39,
944735.9,
2233618,
15102.24,
7771318,
380046.8,
255954.7,
75746.08,
105612.5,
491209.3,
8222.591,
0,
1.951284e+07,
2057, 
319288.1,
3106899,
467603.8,
226802.2,
9554.201,
920449.3,
294096.3,
63832.09,
16744.96,
112630.7,
898839.4,
431277.4,
200126.2,
42218.31,
404995.2,
17753.33,
1048128,
2181512,
15769,
7919772,
389595.1,
254653.2,
80160.76,
116222.7,
549090.5,
9896.151,
0,
2.009791e+07,
2058, 
324376.3,
3147189,
488887.2,
229049.9,
11857.66,
963176.9,
379028.9,
72919.47,
20692.94,
137306.4,
897400.7,
431008.8,
195533.7,
54661.07,
433113.2,
19949.75,
1121985,
2141988,
15705.04,
8041915,
391499,
248112.9,
80985.17,
125078.4,
633130.4,
12154.4,
0,
2.06187e+07,
2059, 
326696.6,
3148160,
512229.1,
236678.3,
14914.19,
996933.2,
442087.2,
85181.67,
30350.45,
163154.4,
893690.6,
422880.3,
194850.8,
67749,
458621.4,
20733.29,
1269507,
2110193,
16149.22,
8172628,
386271.9,
248102.2,
77851.92,
135347.9,
711298.4,
15111.1,
0,
2.115737e+07,
2060, 
329087.3,
3152335,
535350.7,
241827.8,
18489.46,
1027034,
492965.5,
98378.52,
53077.7,
196387.2,
900061.2,
415155.2,
198339.6,
83807.66,
486324.1,
21191.83,
1317036,
2095451,
17121.13,
8317258,
371851.2,
254044.8,
83243.02,
146809.7,
822093.9,
18532.9,
0,
2.169325e+07,
2061, 
330094.9,
3172014,
557570.1,
245739.1,
23315.26,
1056705,
531760.2,
113207.6,
97279.07,
226191.1,
935581.1,
408832.1,
208474.2,
103275.2,
510191.3,
21693.86,
1338577,
2104620,
18539.21,
8433628,
361612.7,
258230.5,
85893.66,
158507.2,
949794.9,
22322.85,
0,
2.227365e+07,
2062, 
332649.6,
3207722,
580837.3,
248829.8,
28574.34,
1089348,
552538.5,
131642.5,
192836.7,
254944.3,
957344.8,
401997.9,
221340.2,
128364.7,
536030.3,
22123.68,
1356579,
2129238,
19410.71,
8472671,
349957.6,
272591,
88480.98,
173879.2,
1063744,
27031.74,
0,
2.284071e+07,
2063, 
333741.5,
3247999,
603778.3,
252177.8,
35155.94,
1123239,
571312.7,
158319.7,
306801.9,
283084.3,
960181.3,
389843.1,
236014.4,
154528.1,
558055,
22593,
1374367,
2130794,
20072.21,
8496545,
343716.6,
284284.8,
89768.96,
190338.3,
1188287,
32896.08,
0,
2.338789e+07,
2064, 
334750.1,
3303612,
624938.2,
258884.2,
42980.98,
1160919,
609108.4,
183706.4,
426692.5,
308696.7,
979452.8,
391951.1,
247236.5,
181161.1,
584288.1,
23044.47,
1399330,
2175583,
20470.25,
8513009,
365912.4,
284463.8,
90228.41,
206839.1,
1297892,
39545.65,
0,
2.40547e+07,
2065, 
325069.2,
3366314,
643947.4,
265425.3,
54079.84,
1219677,
674222.1,
222303.7,
518409,
334274.3,
1008114,
403835.3,
254159.8,
198264.2,
611122.9,
23657.8,
1428051,
2187385,
21361.95,
8525154,
398145,
279043,
89933.84,
223860.8,
1410805,
48305.67,
0,
2.473492e+07,
2066, 
307914.8,
3447237,
664274.5,
274469.7,
73421.05,
1297558,
762650.1,
242665.4,
580288.9,
353260.4,
1002738,
427191.9,
260992.2,
212257.4,
639369.2,
24437.16,
1475696,
2198060,
22382.75,
8533239,
426500.3,
269923,
90272.64,
243379.7,
1516317,
60520.14,
0,
2.540702e+07,
2067, 
283284.1,
3547827,
684210.4,
282513.2,
98571.16,
1378481,
872100.4,
271583.6,
627412.3,
366658.5,
996416.3,
454724.7,
262857.6,
223838.3,
668112.3,
29782.03,
1541755,
2174813,
23330.87,
8545076,
457394.5,
254587.3,
91059.03,
265963.2,
1649715,
76207.41,
0,
2.612827e+07,
2068, 
255814.3,
3643032,
706225.1,
291729.8,
130314.5,
1451594,
964787,
298093.2,
666991.7,
380705.6,
1015302,
470079.9,
266592.4,
233970.8,
694775.7,
37515.36,
1631878,
2105131,
24432.91,
8552193,
485232.5,
238859.7,
92900.25,
293408.4,
1789712,
96256.05,
0,
2.681753e+07,
2069, 
235594.9,
3710184,
760160.3,
295929.1,
170922.7,
1493112,
1068550,
317330.8,
708952.9,
396555.2,
1018878,
487458.9,
271405.3,
238563.7,
721167.9,
45974.4,
1743748,
2025842,
25520.15,
8560497,
510973.9,
225575.8,
94990.86,
323300.2,
1941354,
117785.9,
0,
2.751033e+07,
2070, 
207821.9,
3788555,
795488,
294833.6,
223459.6,
1521744,
1161900,
338213.1,
753155.4,
412960.7,
1037499,
505379.3,
277984.7,
238736,
745388,
57049.73,
1864497,
1968688,
26774.8,
8596284,
514136.5,
218812.3,
96936.43,
354821.5,
2088277,
145209.6,
0,
2.823461e+07,
2071, 
184200.5,
3839920,
825013.4,
287279,
285604.9,
1566259,
1239356,
356212.1,
793780.6,
436302.3,
1048409,
518730.2,
282636.5,
238408.3,
769547,
68448.65,
1927310,
1976922,
28061.91,
8637769,
508046,
219327.6,
97764.45,
386556.1,
2286460,
169968.4,
0,
2.897829e+07,
2072, 
169540.5,
3879001,
863308.6,
273868.8,
392878.5,
1637005,
1298085,
397824.4,
852479.8,
467163.1,
1067967,
530243.8,
289428,
237453.5,
790875.9,
81295.64,
1981587,
2006299,
29044.41,
8679659,
505494.3,
224079.3,
97320.51,
418580.7,
2471262,
197460.1,
0,
2.98392e+07,
2073, 
162222.5,
3915945,
901611.3,
261859.3,
519488,
1720750,
1345347,
449695.2,
918085.4,
494484.4,
1079267,
536561.9,
292643.2,
235686.3,
808462.8,
102121.1,
2035337,
2069299,
29578.48,
8710728,
505476.2,
231143.7,
95239.33,
451657.5,
2674683,
223206.8,
0,
3.077058e+07,
2074, 
160132.3,
3950180,
928505.8,
260007.1,
651519.5,
1709220,
1387689,
527145.6,
980238.8,
519360.5,
1079347,
535986.6,
292405.1,
233404.3,
822156.8,
132298.8,
2100098,
2110499,
30309.63,
8737879,
521371.7,
239552,
91773.04,
485766.8,
2809904,
249962,
0,
3.154671e+07,
2075, 
159202.2,
3986104,
960020.5,
264885,
785739.1,
1718126,
1458083,
629445.3,
1048754,
540235.4,
1098580,
534582.9,
293797.1,
230335.5,
831368.7,
161350.6,
2182833,
2117075,
31402.65,
8758150,
537533.5,
244393.1,
85942.76,
513760.1,
2940732,
278305.2,
0,
3.239074e+07,
2076, 
159763.1,
4026734,
978469.3,
274646.7,
913456.4,
1748219,
1528655,
718918,
1100037,
556448.9,
1124743,
535449.4,
295434.6,
227239.3,
838738.1,
190318.4,
2289940,
2081645,
33208.64,
8798402,
554153.7,
243150.2,
80611.72,
542750.9,
3067091,
312229.1,
0,
3.322045e+07,
2077, 
162107.5,
4065520,
1019307,
288197.4,
1060881,
1772384,
1566060,
832174.7,
1157857,
567014.3,
1151304,
537192.2,
298679.4,
224535.4,
847123.1,
221474.2,
2401004,
2058014,
35781.96,
8865240,
584008.9,
240146.7,
76702.23,
570484.1,
3187504,
343323.9,
0,
3.413402e+07,
2078, 
169804.8,
4089871,
1052974,
300414.5,
1227870,
1811400,
1603840,
940323.9,
1222309,
574916.7,
1161882,
540007.2,
301500.9,
222171.7,
858110.9,
253696,
2512142,
2048482,
37931.38,
8914974,
614697.4,
237773.6,
72331.62,
598770.9,
3301427,
382463.3,
0,
3.505208e+07,
2079, 
182087.3,
4106447,
1087810,
311509.4,
1364029,
1842415,
1642371,
1036988,
1300266,
585527.5,
1169896,
542288.1,
306411.8,
220177.2,
870889.4,
288180.2,
2599061,
2069963,
39898.78,
8951842,
628952.7,
238828.5,
72246.31,
625746.9,
3396015,
436758.9,
0,
3.59166e+07,
2080, 
199020.9,
4120741,
1136699,
310608.3,
1528415,
1874728,
1680426,
1113327,
1392497,
608727.3,
1169220,
543725.5,
311591.3,
218539.8,
885303.9,
323763.3,
2694440,
2099208,
41935.13,
8985549,
634873.1,
237275.1,
74672.79,
645278,
3478040,
505037.6,
0,
3.681364e+07,
2081, 
220734.3,
4138000,
1198734,
309478.9,
1686089,
1878493,
1722873,
1191326,
1507546,
637543.1,
1163172,
544341.4,
317363.7,
217656.7,
899378.1,
358897.6,
2820030,
2153350,
43198.27,
9007207,
643365.7,
232204,
77302.92,
665593.2,
3540509,
577979.6,
0,
3.775236e+07,
2082, 
249237.5,
4153897,
1260807,
306275.9,
1817692,
1884903,
1776537,
1227273,
1602530,
669448.3,
1168056,
544369.7,
320168,
217510.3,
910294.3,
392092.8,
2952919,
2193982,
44935.58,
9025155,
650603.6,
227192.8,
80427.43,
685704.3,
3590971,
651836.1,
0,
3.860482e+07,
2083, 
293245.8,
4173913,
1316604,
302745.6,
1967356,
1897188,
1833864,
1298472,
1695973,
703875.9,
1182697,
545492.9,
318738.2,
218060.3,
920702.1,
423054.9,
3107430,
2214552,
47327.9,
9036506,
637472.1,
217986.3,
84227.79,
706364.8,
3627684,
709621.1,
0,
3.948115e+07,
2084, 
351221.5,
4193968,
1396855,
302297.6,
2056793,
1904304,
1933412,
1437086,
1799649,
723200.3,
1214313,
544815.4,
319011.4,
218884,
931956.9,
457406.6,
3244893,
2221199,
50284.14,
9033609,
620383,
209808.4,
88924.86,
722571.3,
3660264,
768516,
0,
4.040562e+07,
2085, 
418308.6,
4211421,
1433354,
304255.1,
2121615,
1909129,
2025172,
1652198,
1848210,
742628.9,
1248738,
542837.1,
321679,
219616.9,
943379.3,
487488.9,
3329772,
2205070,
53764.17,
9027795,
609715.9,
205001.1,
93761.15,
738708.4,
3708903,
816052.3,
0,
4.121857e+07,
2086, 
463435.1,
4222184,
1465739,
308723.2,
2198802,
1918861,
2113451,
1866991,
1913310,
764269.7,
1285742,
540580.1,
321083.2,
220523.8,
957406.4,
522894.1,
3364283,
2186402,
58057.15,
8981969,
614842.4,
205822.6,
99428.27,
751171.4,
3807137,
856848.5,
0,
4.200996e+07,
2087, 
496151.6,
4228409,
1502555,
307803,
2281314,
1902118,
2210497,
2058836,
1999473,
809930.4,
1303752,
538232.4,
319153.8,
221862,
970861.1,
562206.4,
3472854,
2168095,
60108.61,
8919074,
623587.6,
209045.3,
104107.3,
765199.6,
3909089,
898716.9,
0,
4.284303e+07,
2088, 
502618.8,
4225250,
1532121,
305716.8,
2357657,
1897223,
2335562,
2328304,
2056273,
836248.6,
1300134,
534604.6,
317408.3,
223310.8,
988399.5,
607351.1,
3577914,
2147666,
59892.54,
8821943,
637954.3,
213416,
108753.2,
783816.9,
3986275,
928326.3,
0,
4.361414e+07,
2089, 
491888.8,
4222880,
1569414,
301275.8,
2435375,
1899685,
2468422,
2586455,
2090363,
851314.6,
1290915,
530813.5,
314219.3,
224555.1,
1002048,
651808,
3735489,
2129827,
59814.98,
8728998,
659052.3,
217738.9,
111878.5,
797484.8,
4023508,
972946.2,
0,
4.436817e+07,
2090, 
484821.7,
4214906,
1599085,
290259.4,
2511220,
1900625,
2604852,
2797298,
2178877,
861594.7,
1277566,
527353.1,
310839.8,
225395.6,
1016404,
691743.8,
3832006,
2114835,
59260.36,
8591116,
685576.3,
218558.2,
114005.7,
816073.6,
4063257,
1033211,
0,
4.502074e+07,
2091, 
477448.1,
4199873,
1617574,
278339.1,
2574156,
1902522,
2719643,
3047255,
2301317,
869599.8,
1256117,
523164.7,
307449.7,
226469.3,
1029560,
742488.9,
3947444,
2089916,
58646.14,
8504889,
697570.4,
214607.4,
114941,
830923.8,
4099659,
1104605,
0,
4.573618e+07,
2092, 
470695.7,
4178513,
1656638,
265651.7,
2632158,
1901845,
2828693,
3275673,
2406062,
876357,
1265016,
518924.2,
304111.2,
226321.1,
1045296,
789087,
4086420,
2047769,
58692.26,
8417379,
690485.6,
207625.4,
115588.7,
837031.9,
4114538,
1200609,
0,
4.641718e+07,
2093, 
464530,
4148155,
1681506,
256010.8,
2687111,
1894727,
2887288,
3490670,
2573275,
882265.9,
1282619,
514524.8,
300697.4,
224688.8,
1061813,
833207.4,
4220759,
1984953,
61092.34,
8339667,
685088.9,
200798.3,
115640.8,
859347.7,
4138443,
1289917,
0,
4.707879e+07,
2094, 
460436.3,
4105924,
1713670,
246530.8,
2758868,
1885035,
3016961,
3658582,
2721070,
903771.3,
1316445,
511251.7,
301456.5,
223374.9,
1078259,
873321.1,
4367663,
1942566,
68561.18,
8287066,
712135.2,
196515.1,
116166.2,
876226.8,
4166898,
1374574,
0,
4.788332e+07,
2095, 
458590.2,
4069580,
1748802,
239699.4,
2847408,
1880882,
3164607,
3869445,
2846464,
906241.9,
1342966,
508772.2,
300193.3,
222249.8,
1090168,
909338.4,
4509639,
1914492,
72429.75,
8224409,
719290.4,
197803.8,
117231.3,
905595.6,
4188246,
1467021,
0,
4.872156e+07,
2096, 
458277.8,
4018355,
1797194,
234041.8,
2964959,
1875717,
3337064,
4112012,
2955483,
925226.7,
1367219,
507731,
302522.3,
220339.4,
1098361,
958187,
4579503,
1886019,
73452.21,
8174481,
742676.7,
202740.8,
119102.9,
911387.1,
4213213,
1535844,
0,
4.957111e+07,
2097, 
460465.3,
3950583,
1812350,
229168.3,
3102215,
1877054,
3457894,
4380013,
3052429,
926270.3,
1396722,
507565.9,
309407.9,
218287.9,
1102020,
1007097,
4646280,
1878323,
75602.36,
8136857,
778946.4,
207896,
121848.7,
926745,
4196575,
1605391,
0,
5.036401e+07,
2098, 
463676.1,
3853304,
1859822,
226292.6,
3237650,
1880083,
3558147,
4702125,
3170958,
944530.3,
1395005,
509692.8,
321395,
217467.8,
1105493,
1067861,
4715211,
1898734,
76693.16,
8110784,
843292.3,
217675.8,
124568,
947281.5,
4124279,
1702076,
0,
5.12741e+07,
2099, 
466382.3,
3745939,
1897700,
227089.5,
3333484,
1881517,
3652194,
4887892,
3239260,
947369.7,
1398642,
512043.3,
327075.7,
219909.1,
1105616,
1137511,
4790276,
1910647,
77329.03,
8087440,
881960.9,
222085,
128238.5,
968069.1,
4102801,
1800631,
0,
5.19491e+07,
2100, 
469416,
3662279,
1949812,
229407.3,
3401855,
1878889,
3737110,
5080122,
3312808,
973784.3,
1392190,
515468.5,
336243.3,
222545.4,
1109841,
1204491,
4866850,
1921899,
77939.09,
8148483,
915626.8,
228650.5,
135110,
989234.5,
4182049,
1904580,
0,
5.284668e+07];
