real main.em.ep.isp.StorCapTot[28](t) = [1971, 
565.3951,
2971.177,
36.59446,
18.78491,
56.40872,
70.02373,
51.0629,
35.66208,
10.54651,
188.871,
3517.749,
687.3421,
37.0469,
554.5444,
110.129,
1602.093,
123.6846,
163.0802,
43.73034,
188.3745,
28.22136,
2.395723,
680.6717,
110.138,
12.19796,
21.96154,
0,
11887.89,
1972, 
645.0688,
2972.251,
41.50166,
20.93335,
61.65432,
74.44071,
51.74794,
38.52648,
11.36498,
205.0731,
3674.055,
750.1613,
42.81575,
588.204,
113.1394,
1694.571,
139.7652,
170.4212,
47.06676,
206.8299,
32.03099,
2.769474,
727.324,
108.7564,
12.24841,
31.47324,
0,
12464.2,
1973, 
714.8793,
3245.513,
45.12904,
23.28802,
71.45206,
83.26349,
53.03821,
42.90488,
11.52977,
218.1331,
3939.446,
782.0964,
43.30835,
621.4759,
121.2569,
1793.058,
167.1888,
176.5149,
53.2648,
226.2013,
37.82164,
3.402417,
787.5419,
123.9528,
14.23783,
40.05232,
0,
13439.95,
1974, 
739.617,
3270.951,
57.15521,
24.33031,
79.61558,
91.07374,
56.71687,
43.03696,
11.14541,
233.6268,
4032.854,
831.0829,
49.11044,
657.2949,
130.0857,
1902.559,
187.3344,
185.1357,
58.54875,
234.188,
40.2456,
4.525674,
777.5819,
133.089,
16.01767,
50.52871,
0,
13897.45,
1975, 
720.2589,
3368.073,
60.57813,
24.18282,
85.77982,
95.43021,
64.4827,
48.2693,
11.62118,
251.1357,
4018.075,
869.3321,
58.93646,
594.8967,
115.7397,
1762.141,
217.4598,
205.5515,
65.4682,
277.4308,
41.93651,
5.138043,
794.8664,
138.1078,
17.97915,
53.18409,
0,
13966.05,
1976, 
770.7585,
3597.496,
64.31172,
27.33724,
98.87386,
102.9806,
73.92673,
50.18605,
13.48294,
263.2117,
4319.737,
923.6973,
66.99989,
621.9884,
122.5412,
1876.704,
256.201,
231.0237,
71.5622,
308.1051,
47.25456,
4.771325,
850.1547,
144.0277,
18.92257,
57.06338,
0,
14983.32,
1977, 
826.8419,
3718.35,
69.53701,
29.61992,
109.0772,
112.7576,
84.54616,
54.89835,
14.17457,
263.3046,
4415.533,
962.5632,
75.08624,
638.9871,
126.6182,
1939.022,
324.3994,
246.0635,
78.31963,
336.4687,
52.46445,
5.963777,
885.7704,
151.5514,
20.37514,
62.08248,
0,
15604.38,
1978, 
887.1095,
3820.333,
76.83775,
31.27173,
120.7774,
118.3019,
95.17813,
53.05415,
14.90031,
274.8502,
4579.079,
1012.027,
80.07489,
659.3105,
130.9119,
2028.404,
366.1562,
270.5943,
86.85789,
383.7948,
54.30834,
8.353292,
926.9186,
156.1586,
22.89318,
60.27376,
0,
16318.73,
1979, 
929.9561,
3896.712,
82.37904,
32.64642,
135.358,
131.8992,
106.4358,
61.22648,
15.30302,
288.976,
4774.364,
1019.171,
81.69547,
675.0175,
179.9742,
2074.964,
423.5017,
274.5066,
94.15851,
419.597,
59.07878,
10.06762,
976.8931,
163.4906,
25.64357,
64.93901,
0,
16997.96,
1980, 
956.4402,
3946.016,
86.42722,
32.94046,
155.4016,
141.1133,
119.0098,
68.52973,
15.48823,
313.172,
4806.871,
1064.865,
84.12477,
706.5472,
196.9572,
2234.769,
469.0094,
286.5503,
98.315,
409.9122,
63.06999,
12.67362,
964.7715,
171.4248,
26.90315,
59.81721,
0,
17491.12,
1981, 
1005.637,
3978.002,
94.37601,
34.07541,
149.492,
146.69,
135.1373,
67.0408,
16.38091,
357.5352,
4854.483,
1072.632,
88.14577,
724.8632,
202.0441,
2363.665,
556.1653,
314.4442,
105.4366,
414.0789,
67.10028,
12.48822,
974.1905,
182.5041,
28.78546,
56.7425,
0,
18002.14,
1982, 
987.376,
3880.227,
98.61839,
35.28508,
156.7401,
148.8005,
147.991,
74.62556,
17.73838,
375.8822,
4845.106,
1087.203,
96.12112,
740.2025,
209.2758,
2456.043,
659.3551,
335.5448,
111.1757,
441.7137,
71.90475,
15.20368,
963.9808,
185.5105,
30.88327,
56.67995,
0,
18229.19,
1983, 
1031.83,
3968.32,
97.85429,
37.5138,
162.2103,
155.9186,
163.2696,
69.42336,
18.88283,
382.619,
4959.603,
1135.895,
100.4429,
761.1735,
215.9352,
2584.444,
675.0315,
359.1056,
121.1525,
477.7701,
78.5919,
17.83733,
1017.419,
190.078,
34.33382,
55.48276,
0,
18872.14,
1984, 
1112.393,
4149.27,
106.0196,
38.59479,
181.4973,
160.5045,
180.2275,
64.49086,
18.9106,
423.2296,
5139.854,
1186.7,
113.4429,
791.0198,
225.1805,
2748.781,
727.5205,
397.1652,
130.4102,
501.5547,
84.75967,
20.98384,
1070.48,
203.0791,
38.73755,
54.68986,
0,
19869.5,
1985, 
1179.844,
4229.867,
92.49298,
38.04953,
196.5876,
163.4583,
193.5775,
78.16956,
20.26884,
437.8281,
5329.465,
1188.373,
123.879,
811.0883,
232.8396,
2853.367,
780.383,
435.9338,
140.4291,
536.3925,
89.5683,
21.78811,
1111.734,
217.9633,
41.83034,
56.73882,
0,
20601.92,
1986, 
1207.466,
4229.596,
104.1319,
40.66994,
207.8828,
185.0568,
191.1551,
81.832,
21.51592,
449.9014,
5414.228,
1243.174,
142.0448,
829.8746,
236.665,
2981.992,
850.5416,
476.1943,
151.5424,
589.0726,
92.69865,
30.70433,
1127.34,
225.1551,
46.27349,
58.02217,
0,
21214.73,
1987, 
1287.349,
4307.618,
112.7816,
43.03091,
210.6767,
199.0565,
204.4473,
85.30701,
23.22885,
460.7013,
5591.132,
1267.558,
159.0036,
861.4124,
238.3871,
3101.597,
869.8831,
516.6118,
168.4136,
650.562,
99.93705,
35.58554,
1201.88,
237.4182,
51.22211,
56.5811,
0,
22041.38,
1988, 
1317.601,
4485.579,
114.9625,
43.28976,
218.6537,
224.9429,
222.852,
89.60383,
24.72737,
478.1117,
5834.878,
1260.161,
166.8399,
888.7118,
242.7628,
3178.833,
1000.788,
568.7579,
190.5082,
711.4704,
109.4265,
37.5863,
1269.82,
248.0658,
58.79736,
62.58776,
0,
23050.32,
1989, 
1289.861,
4893.242,
122.4743,
46.22724,
232.5839,
214.7705,
233.31,
93.53584,
26.15741,
488.7106,
6019.259,
1276.096,
179.9109,
905.0895,
244.2434,
3414.739,
1020.843,
621.5173,
207.7759,
764.8553,
120.0925,
41.58054,
1349.992,
266.1709,
61.33345,
60.03858,
0,
24194.41,
1990, 
1248.924,
4996.506,
126.6274,
46.67553,
222.7928,
231.7821,
241.5106,
95.24791,
30.09782,
496.6506,
6149.772,
1207.735,
198.7259,
976.1937,
302.8517,
3335.865,
1092.569,
668.2399,
223.1393,
812.6365,
132.167,
49.39317,
1474.732,
272.8996,
66.75584,
66.81084,
0,
24767.3,
1991, 
1322.582,
5039.184,
130.3355,
45.41085,
236.9379,
218.2404,
254.7658,
97.35524,
32.05389,
497.4062,
6288.577,
1153.283,
202.6131,
900.0445,
259.4619,
3111.433,
1209.783,
727.5859,
235.325,
971.829,
142.6067,
55.89296,
1523.495,
280.5988,
71.6043,
73.628,
0,
25082.03,
1992, 
1353.476,
5126.514,
133.497,
47.92377,
243.2906,
225.7777,
269.3234,
101.0518,
33.28606,
509.8361,
6332.977,
1069.544,
228.5496,
767.144,
240.8649,
2692.239,
1286.647,
760.2308,
250.2564,
1072.993,
154.5309,
61.07423,
1541.728,
286.2254,
78.65118,
63.69817,
0,
24931.33,
1993, 
1400.563,
5249.732,
134.8793,
48.92026,
253.0638,
238.4762,
291.421,
101.4239,
34.52843,
531.0596,
6345.839,
1065.201,
250.8143,
696.7233,
202.9228,
2721.989,
1325.594,
802.9638,
277.3289,
1107.46,
170.4294,
68.27345,
1559.137,
295.506,
82.0778,
65.12194,
0,
25321.45,
1994, 
1477.74,
5384.999,
145.1352,
52.48501,
260.1834,
253.2607,
311.2784,
101.4193,
35.25409,
549.542,
6480.966,
1126.282,
263.9073,
635.267,
199.9055,
2400.906,
1409.661,
861.7289,
311.3705,
1201.617,
192.4346,
75.9252,
1631.346,
304.759,
86.29108,
63.12753,
0,
25816.79,
1995, 
1493.11,
5534.94,
147.785,
55.38862,
273.2066,
265.2966,
329.2269,
107.2398,
38.50718,
556.9459,
6651.439,
1130.002,
295.1002,
666.4468,
198.34,
2395.028,
1480.046,
934.5203,
347.3752,
1307.62,
213.3435,
88.07111,
1658.25,
313.3444,
91.7474,
64.5131,
0,
26636.83,
1996, 
1537.461,
5668.926,
140.9624,
58.28796,
286.8267,
277.6898,
372.0666,
111.7164,
40.29974,
581.11,
6757.826,
1244.123,
320.869,
668.4086,
191.5919,
2365.075,
1541.957,
986.032,
385.0982,
1373.183,
232.3757,
102.2019,
1706.593,
319.9767,
96.16562,
58.25506,
0,
27425.08,
1997, 
1560.221,
5803.345,
151.9166,
63.0705,
301.7221,
299.9626,
400.5761,
112.182,
43.42935,
602.0767,
6892.429,
1267.46,
349.7006,
662.3458,
188.0471,
2327.483,
1667.711,
1040.037,
421.1,
1455.89,
248.8274,
107.9072,
1745.369,
330.4793,
99.8303,
61.12854,
0,
28204.25,
1998, 
1541.172,
5943.403,
163.3201,
67.65081,
311.0652,
316.1455,
427.6874,
109.5607,
44.64969,
593.2291,
7045.756,
1285.531,
372.6195,
636.5688,
181.0233,
2355.934,
1881.151,
1113.407,
412.9665,
1525.477,
245.3184,
111.2113,
1748.839,
349.9771,
103.4804,
79.89678,
0,
28967.04,
1999, 
1573.015,
6057.186,
172.6971,
72.95953,
323.1096,
316.4294,
453.2455,
115.0246,
45.95658,
591.7195,
7126.292,
1259.177,
385.2353,
660.738,
177.9123,
2419.065,
1803.323,
1196.249,
459.5858,
1588.78,
262.3439,
129.8471,
1775.067,
368.8039,
103.3469,
86.475,
0,
29523.58,
2000, 
1619.697,
6344.291,
183.9537,
74.66227,
335.0011,
332.6061,
482.4213,
118.6216,
47.63646,
619.6397,
7152.521,
1339.021,
416.5361,
653.3544,
181.3992,
2538.873,
1817.156,
1262.988,
543.8885,
1794.982,
284.8001,
139.9342,
1849.39,
380.1482,
112.7044,
94.11053,
0,
30720.34,
2001, 
1579.719,
6031.206,
189.4091,
76.66704,
328.1642,
330.7289,
510.2729,
126.1315,
49.84262,
599.1782,
7135.165,
1460.054,
422.4892,
695.7208,
174.0278,
2652.346,
1899.68,
1310.984,
580.7737,
1977.972,
302.5647,
147.725,
1831.389,
404.1982,
126.4622,
106.0162,
0,
31048.89,
2002, 
1601.05,
6216.21,
192.1736,
79.94642,
348.0615,
326.7459,
534.3184,
133.9978,
49.98583,
648.272,
6969.877,
1395.731,
445.9738,
691.4359,
177.368,
2560.378,
1972.567,
1350.997,
620.5974,
2141.582,
320.7811,
156.4462,
1867.587,
404.8233,
133.3852,
112.9533,
0,
31453.25,
2003, 
1558.791,
6273.925,
235.2676,
81.74721,
362.1785,
343.3904,
561.4785,
132.2992,
52.97624,
678.5637,
6903.052,
1403.493,
481.6523,
715.9754,
188.6366,
2608.94,
2073.951,
1440.945,
647.3823,
2454.221,
346.7341,
163.4108,
1866.122,
387.6267,
141.6298,
108.1267,
0,
32212.51,
2004, 
1581.586,
6472.802,
234.6701,
82.24941,
387.3928,
366.3536,
594.9327,
146.1338,
57.44344,
701.1445,
6821.571,
1486.092,
514.1426,
748.0402,
195.4836,
2691.502,
2209.006,
1534.718,
682.556,
2814.304,
370.2732,
174.4283,
1920.669,
398.1951,
153.0503,
116.0427,
0,
33454.79,
2005, 
1543.358,
6485.036,
246.4169,
86.55426,
398.6035,
381.2256,
608.4113,
155.1086,
62.00078,
710.0569,
6720.834,
1459.978,
545.3374,
726.2683,
200.2108,
3037.676,
2217.365,
1633.148,
726.4254,
3182.857,
399.2417,
186.3076,
1965.863,
398.9936,
164.7539,
124.8803,
0,
34366.91,
2006, 
1485.209,
6463.274,
253.2986,
91.61446,
416.5829,
403.1402,
644.8983,
164.3274,
65.98615,
743.8075,
6568.492,
1481.368,
585.3354,
758.7625,
204.8183,
3049.432,
2345.201,
1768.021,
748.8411,
3651.775,
421.8054,
189.6847,
1991.24,
401.0588,
174.3476,
127.9804,
0,
35200.3,
2007, 
1573.768,
6502.154,
263.0916,
94.19965,
441.549,
413.2222,
714.046,
173.648,
71.88458,
761.9922,
6336.264,
1470.151,
632.9545,
770.4725,
213.2718,
3064.957,
2529.003,
1898.823,
790.6597,
4199.039,
446.9901,
193.6209,
2051.414,
418.7111,
180.294,
131.2576,
0,
36337.44,
2008, 
1562.947,
6384.727,
266.9301,
92.66202,
459.9495,
440.7023,
746.6286,
177.1564,
71.8033,
758.9349,
6237.907,
1467.459,
641.0939,
729.7098,
195.7382,
3118.576,
2638.016,
1827.205,
844.074,
4642.784,
458.112,
197.9269,
1982.143,
418.7217,
187.7509,
133.4353,
0,
36683.09,
2009, 
1492.39,
6045.008,
264.8589,
92.53746,
464.9567,
445.6431,
850.5972,
184.5089,
78.43336,
740.1929,
5746.888,
1411.765,
625.934,
629.9334,
187.6756,
2938.204,
2909.691,
1962.299,
881.7204,
5356.077,
481.1257,
202.3239,
1976.7,
402.6847,
195.7019,
144.9071,
0,
36712.76,
2010, 
1481.222,
6198.645,
280.9409,
96.72885,
516.4653,
441.0455,
922.3793,
198.7336,
89.29186,
771.4053,
6003.943,
1447.471,
676.376,
647.6618,
207.0995,
2950.156,
3046.44,
2116.348,
951.6044,
6456.727,
525.5093,
218.2254,
2076.254,
424.6773,
202.2233,
152.9949,
0,
39100.57,
2011, 
1542.536,
5995.045,
311.5377,
101.2479,
535.3832,
456.192,
953.186,
205.3536,
104.2321,
779.129,
6057.01,
1449.709,
737.6721,
658.8655,
200.3535,
3015.484,
3174.101,
2348.413,
991.4055,
7878.156,
553.0667,
232.5229,
2104.066,
424.6695,
215.447,
156.2239,
0,
41181.01,
2012, 
1500,
5971.355,
330.3058,
105.0472,
564.7504,
487.4852,
1015.099,
211.2207,
116.3557,
774.8246,
6247.069,
1379.506,
798.6833,
661.2039,
213.3696,
3021.991,
3386.411,
2475.237,
1032.809,
9029.835,
612.9449,
243.3817,
2215.165,
444.0981,
232.0977,
160.3334,
0,
43230.58,
2013, 
1409.216,
6037.742,
315.757,
110.4133,
588.5507,
523.9561,
1076.097,
236.7998,
127.4222,
801.2288,
5995.381,
1359.135,
813.5629,
641.7047,
256.1597,
3033.941,
3584.295,
2651.109,
1079.617,
10682.44,
676.435,
267.9693,
2609.913,
474.837,
262.2715,
168.6631,
0,
45784.62,
2014, 
1365.216,
6141.215,
333.3959,
114.7734,
625.7964,
527.735,
1145.586,
251.1702,
145.0345,
889.5321,
6023.522,
1324.885,
860.8146,
602.2682,
234.0102,
3058.502,
3884.448,
2973.917,
1139.892,
12521.9,
781.5029,
287.8329,
3149.283,
484.7819,
285.3293,
191.2885,
0,
49343.63,
2015, 
1274.226,
6365.407,
347.245,
125.4136,
629.0422,
566.5461,
1283.219,
275.4929,
164.1872,
933.5518,
5607.788,
1281.909,
918.0795,
551.8569,
243.0923,
3075.236,
4340.302,
3256.517,
1229.529,
14739.47,
872.8184,
306.3836,
3790.197,
522.5352,
305.7794,
201.0302,
0,
53206.86,
2016, 
1251.574,
6622.056,
368.4552,
128.7275,
663.5425,
574.06,
1404.035,
284.7198,
174.6331,
1035.739,
5836.576,
1299.578,
1036.186,
549.6064,
287.4826,
3078.874,
4783.353,
3654.81,
1321.888,
16879.12,
1040.509,
331.1926,
4327.507,
565.3259,
355.6442,
195.4336,
0,
58050.63,
2017, 
1289.842,
7077.775,
374.4357,
128.2212,
709.332,
574.8222,
1448.323,
301.5233,
185.577,
1132.265,
6028.562,
1300.061,
1305.621,
561.3277,
363.8872,
3135.961,
4878.351,
4116.484,
1447.87,
20094.45,
1134.019,
353.0933,
4835.521,
624.6139,
402.6216,
211.5187,
0,
64016.07,
2018, 
1250.143,
7531.365,
401.458,
135.5527,
740.4254,
583.9454,
1627.886,
331.4266,
221.009,
1266.692,
6398.786,
1472.705,
1820.261,
605.6222,
376.3805,
3125.749,
4867.264,
4718.147,
1606.207,
23550.56,
1237.816,
411.931,
5307.386,
761.3093,
438.9893,
235.2565,
0,
71024.27,
2019, 
1289.778,
7838.29,
399.6429,
140.8151,
791.7687,
554.202,
1769.316,
359.2982,
252.4483,
1301.248,
7146.557,
1390.904,
1947.226,
670.2047,
411.2515,
3166.187,
5511.548,
5118.226,
1826.678,
26583.26,
1583.531,
450.8109,
5740.975,
924.3907,
468.3828,
264.1612,
0,
77901.1,
2020, 
1266.646,
8123.261,
413.9666,
132.5251,
766.7391,
548.8086,
1825.463,
383.1367,
264.9096,
1349.372,
7756.188,
1477.384,
2102.146,
697.4646,
372.8519,
3061.93,
5928.354,
5237.749,
2062.935,
30851.81,
1929.23,
453.4697,
6217.333,
1111.117,
494.0463,
267.8839,
0,
85096.72,
2021, 
1286.08,
9220.465,
440.0713,
145.0636,
845.5304,
616.2877,
1933.281,
412.3448,
294.8287,
1424.724,
8084.276,
1657.258,
2362.382,
717.6393,
459.4185,
3203.394,
6338.188,
5794.989,
2411.588,
36245.53,
2575.417,
488.8349,
6729.423,
1361.316,
560.807,
292.6948,
0,
95901.83,
2022, 
1312.544,
10148.89,
473.6057,
154.7162,
893.2933,
616.1225,
1971.296,
491.6914,
333.1985,
1427.378,
8851.272,
1801.001,
2615.6,
600.157,
504.2851,
3172.944,
7294.358,
6717.854,
2581.36,
40258.43,
2729.106,
534.5331,
7050.292,
1587.231,
641.9476,
365.361,
0,
105128.5,
2023, 
1299.966,
11554.88,
496.203,
161.4981,
957.7868,
632.3875,
2119.878,
575.9537,
356.1331,
1441.634,
9749.399,
1991.784,
2853.865,
621.9747,
569.2999,
3219.443,
8108.418,
7413.217,
2788.545,
48753.37,
2911.342,
588.3378,
7292.314,
1816.368,
671.0391,
389.415,
0,
119334.5,
2024, 
1122.733,
13540.1,
508.5165,
168.755,
994.8304,
658.3489,
2293.63,
640.7589,
384.514,
1502.292,
10609.47,
2262.05,
3831.498,
565.3394,
628.8556,
3205.383,
8663.75,
8594.741,
3002.863,
57099.11,
3081.297,
632.7978,
7438.3,
2140.329,
728.4269,
422.1704,
0,
134720.9,
2025, 
1125.612,
15821.25,
514.8824,
216.1716,
1125.925,
694.9557,
2433.455,
715.7544,
514.1083,
1802.954,
11547.75,
2460.468,
4094.594,
592.2867,
679.9485,
3192.445,
14336.38,
10800.78,
3205.536,
60998.14,
3404.63,
1071.146,
8356.977,
2536.063,
906.2204,
465.3948,
0,
153613.8,
2026, 
1099.519,
17340.12,
554.9037,
226.0009,
1133.744,
720.069,
2388.81,
798.0961,
633.5485,
1777.394,
12271.31,
2514.711,
4045.659,
638.6553,
977.3014,
3180.155,
19038.2,
12744.54,
3491.641,
71159.71,
3664.75,
1227.176,
9707.995,
2855.575,
1108.341,
481.5966,
0,
175779.5,
2027, 
1083.612,
18804.18,
592.8093,
258.8777,
1144.653,
754.765,
2356.013,
998.2054,
771.5878,
1700.424,
13100.67,
2676.712,
4084.157,
705.7322,
1385.895,
3162.842,
21204.67,
14927.36,
3496.646,
80504.11,
4120.17,
1769.448,
10603.78,
3267.292,
1399.007,
487.3875,
0,
195361,
2028, 
1118.21,
19983.48,
633.5208,
304.1942,
1155.934,
787.9333,
2302.563,
1301.672,
913.5178,
1639.486,
14126.64,
2927.102,
4127.854,
772.9573,
1888.99,
3135.656,
22213.82,
17630.85,
3340.088,
90598.16,
5106.211,
2599.447,
10823.03,
3703.462,
1867.54,
489.619,
0,
215491.9,
2029, 
1198.446,
21207.35,
682.1027,
350.6693,
1177.241,
885.8835,
2253.54,
1666.426,
1037.977,
1600.809,
15032.31,
3456.857,
4292.921,
819.0452,
2377.399,
3114.785,
23296.83,
20639.16,
3280.324,
100607.2,
6233.617,
3522.829,
14499.12,
4275.711,
2325.053,
486.0454,
0,
240319.6,
2030, 
1312.595,
22545.35,
830.516,
415.0674,
1190.98,
1006.724,
2161.688,
2045.746,
1104.233,
2150.921,
16221.39,
3884.236,
4451.915,
884.3271,
3115.033,
3103.682,
24077.08,
23739.22,
3256.778,
110208,
7356.501,
4314.144,
13057.73,
4925.905,
2740.83,
463.0577,
0,
260563.7,
2031, 
1455.275,
23295.17,
975.3635,
497.2093,
1213.502,
1153.176,
2158.972,
2280.926,
1109.504,
2060.024,
18694.83,
4638.115,
4469.682,
948.2906,
3969.579,
3069.844,
22971.69,
26820.44,
3281.462,
121011.1,
8447.556,
5240.083,
13370.54,
5501.338,
3142.959,
431.6149,
0,
282208.3,
2032, 
1638.974,
24616.47,
1099.309,
641.1108,
1268.443,
1348.942,
2257.895,
2382.658,
1062.887,
1953.277,
39831.91,
9822.307,
4496.114,
1013.515,
4720.502,
3050.853,
21925.66,
30330.09,
3427.062,
133195.4,
9649.827,
5880.931,
13935.56,
6134.507,
3521.227,
397.1455,
0,
329602.5,
2033, 
1837.751,
25566.48,
1177.794,
871.8433,
1347.248,
1583.804,
2531.443,
2432.318,
969.105,
1833.752,
55527.75,
20489.75,
4565.062,
1061.316,
5307.235,
2992.982,
20782.5,
34664.14,
3632.951,
145795,
10683.75,
6669.617,
14556.71,
6794.67,
3902.809,
352.3665,
0,
377930.2,
2034, 
2053.949,
26717.7,
1223.359,
1102.326,
1436.688,
2051.352,
2918.869,
2435.792,
857.5756,
1701.669,
77196.02,
36423.21,
4668.229,
1120.704,
5768.487,
2967.414,
19841.73,
40762.45,
3924.925,
163236.6,
11865.8,
7644.908,
15349.97,
7492.849,
4396.701,
293.7569,
0,
445453,
2035, 
2194.542,
27788.15,
1257.907,
1330.137,
1552.714,
3232.238,
3346.193,
2406.224,
720.3338,
1556.926,
101920.5,
63924.71,
4788.085,
1173.135,
6275.799,
2944.274,
18975.1,
47428.58,
4287.998,
182159.8,
13258.27,
8896.897,
15951.29,
8267.089,
5229.612,
222.7479,
0,
531089.3,
2036, 
2341.755,
32137.16,
1280.26,
1551.366,
1732.123,
5275.379,
4010.155,
2746.758,
724.2979,
1605.206,
121064.6,
69226.65,
5547.27,
1224.25,
6950.844,
2925.48,
20352.59,
53943.1,
4922.999,
200908.5,
14874.46,
10083.52,
16502.31,
9074.024,
6279.975,
250.2194,
0,
597535.3,
2037, 
2555.56,
42378.8,
1314.774,
1835.105,
1974.029,
7866.34,
4666.623,
3110.372,
731.7117,
1678.875,
132699.8,
69995.53,
6321.864,
1283.793,
7622.838,
2913.305,
21868.69,
61469.96,
5323.226,
219720.8,
16676.01,
11466.21,
17071.26,
9834.829,
7585.133,
285.9091,
0,
660251.4,
2038, 
2836.065,
54158.2,
1397.751,
2152.709,
2016.495,
10898.56,
5256.97,
3483.314,
739.9724,
1757.188,
138684.1,
70172.48,
7037.124,
1369.12,
8776.126,
2905.396,
24339.08,
69234.31,
5389.029,
254502.2,
18657.27,
12649.44,
17626.38,
10504.72,
9090.571,
343.2689,
0,
735977.8,
2039, 
3160.753,
71773.76,
1543.754,
2478.091,
2018.738,
15916.63,
5783.894,
3874.767,
750.8871,
1835.002,
147833.3,
69748.32,
7687.142,
1487.8,
10261.31,
2905.255,
30181.1,
89801.19,
5457.904,
308168.8,
20801,
14488.05,
18041.13,
11175.6,
10727.46,
411.5931,
0,
858313.3,
2040, 
3841.72,
93796.75,
1708.612,
2836.046,
2029.126,
21381.94,
6244.841,
4282.596,
771.5279,
1916.03,
150773.1,
68921.45,
8222.816,
1619.554,
11965.89,
2923.049,
37014.85,
123334.7,
5477.339,
349414.1,
23409.1,
16275.9,
18390.65,
11848.31,
12537.95,
492.5583,
0,
981430.4,
2041, 
4656.886,
111489.8,
1927.424,
3135.26,
2050.998,
24925.49,
6707.009,
4742.001,
801.4615,
2093.94,
152920.2,
68483.02,
8769.174,
1744.478,
16377.12,
2978.281,
43375.82,
159465.4,
5554.105,
402125.7,
26216.75,
18554.12,
18595.69,
12579.76,
14487.11,
587.1974,
0,
1115344,
2042, 
5611.829,
123352.3,
2675.536,
4081.293,
2113.349,
28543.77,
7175.859,
5251.161,
839.0629,
2374.042,
153655,
68202.66,
9486.887,
1840.055,
21056.91,
3061.026,
51002.17,
194021.9,
5692.888,
455071,
29072.55,
21434.33,
18697.76,
13216.34,
16446.33,
715.272,
0,
1244691,
2043, 
8076.262,
140890.4,
3563.245,
5444.882,
2182.66,
34249.01,
7612.99,
5799.77,
882.0693,
2643.005,
153579.8,
67021.23,
10411.48,
1932.708,
25715.37,
3160.041,
60343.87,
226737.7,
5758.483,
509833.5,
31970.76,
24400.61,
18665.97,
13738.46,
18945.41,
897.8217,
0,
1384458,
2044, 
10973.71,
159034.1,
4582.879,
7081.416,
2259.784,
40425.85,
8129.157,
6405.454,
933.7631,
3015.522,
154499.8,
66114.6,
11129.2,
2022.603,
30111.85,
3260.781,
70802.08,
265977.3,
5798.874,
566924.3,
34955.11,
27801.61,
18603.33,
14183.44,
21826.76,
1155.112,
0,
1538008,
2045, 
13937.53,
175466.4,
6249.671,
9021.46,
2390.627,
47455.72,
9782.417,
7394.66,
987.7536,
3448.574,
153766.2,
65804.05,
12564.21,
2122.455,
33951.61,
3420.526,
88410.77,
306486.1,
5918.553,
652895.5,
37962.99,
29683.23,
18303.37,
14436.73,
25058.5,
1486.999,
0,
1728407,
2046, 
17163.54,
196343.4,
12109.96,
11132.14,
2549.21,
55844.96,
12273.46,
8338.548,
1037.206,
3840.942,
151573.2,
65256.53,
15037.23,
2227.755,
36954.9,
3659.109,
98603.43,
345644.3,
6021.866,
739926.3,
41021.39,
32144.8,
17561.95,
14513.47,
28254.94,
1856.999,
0,
1920892,
2047, 
20744.86,
220153,
19870.8,
13166.56,
2743.431,
64154.76,
15205.62,
9256.64,
1409.588,
4388.022,
147598.4,
64939.77,
17682.7,
2332.059,
39535.34,
3941.608,
113354.2,
389844.1,
6128.96,
818827.4,
45354.95,
33097.43,
16598.43,
14550.68,
32249.4,
2124.533,
0,
2119253,
2048, 
25833.77,
240107.1,
27918.86,
15113.73,
3024.664,
74931.3,
18448.73,
10216.67,
2154.16,
5104.66,
145381.3,
64159.86,
20801.69,
2438.042,
42109.21,
4230.265,
124255.3,
429479.6,
6144.927,
886875.3,
55003.22,
34601.8,
15771.37,
14628.66,
35859.66,
2389.24,
0,
2306983,
2049, 
31774.84,
267306.3,
32648.16,
17236.28,
3359.554,
82510.68,
21741.76,
11352.43,
3572.345,
5920.331,
143952.2,
63537.04,
22990.98,
2547.19,
44432.88,
4517.36,
131609.3,
458225.9,
6097.984,
948719.6,
63827.91,
36201.91,
15234.52,
14877.86,
39777.43,
2667.686,
0,
2476641,
2050, 
36845.15,
305427,
38185.35,
19640.96,
3732.341,
89670.73,
24989.3,
12637.03,
4132.337,
6710.158,
144297,
63070.5,
24736.55,
2828.47,
47287.12,
4773.801,
135117.8,
479681.8,
5969.334,
997749,
70542.29,
37973.5,
15177.14,
15294.55,
44088.26,
2971.591,
0,
2633529,
2051, 
40316.94,
346266.9,
42954.4,
22863.45,
4139.738,
97882.23,
28024.92,
13966.84,
4513.252,
7702.18,
146685.9,
62697.43,
28720.32,
3401.027,
48654.13,
5004.92,
139749.3,
491772.1,
6111.758,
1054421,
76124.52,
39448.44,
15538.48,
15667.86,
49049.24,
3284.341,
0,
2794962,
2052, 
44362.45,
389966.2,
48320.39,
25926.34,
4514.144,
105014.7,
31245.2,
15575.73,
4880.108,
9315.418,
149763.6,
62463.57,
34374.26,
4189.888,
49675.86,
5284.42,
145043.6,
491842.7,
6058.473,
1114552,
78635.28,
41431.05,
16103.23,
16090.03,
55981.51,
3606.958,
0,
2954217,
2053, 
46613.9,
426559.8,
54272.2,
29042.52,
4837.332,
112247.3,
34444.45,
17678.15,
6069.618,
12038.05,
149491.4,
62445.22,
38633.38,
5195.325,
50720.96,
5688.094,
155031.4,
486356.2,
6064.505,
1166166,
79969.51,
43335.7,
16995.13,
16718.2,
63864.05,
3922.335,
0,
3094400,
2054, 
47684.2,
445416.7,
61552.7,
31799.11,
5128.758,
116493.1,
39957.01,
19872.62,
7118.11,
14999.01,
146939.1,
62209.18,
42413.98,
6283.514,
51789.75,
6264.728,
163463.4,
477898,
6059.376,
1192682,
81001.51,
45679.22,
18048.76,
17438.6,
75546.17,
4367.286,
0,
3188106,
2055, 
48350.13,
464387.6,
68911.95,
34701.44,
5583.511,
120319.6,
45042.68,
22159.16,
7898.012,
18096.19,
145401.5,
60880.5,
45648.77,
7521.343,
52851.84,
7009.263,
173872.1,
468315.6,
6065.775,
1195530,
82563.27,
47239.66,
19017.5,
19243.33,
84798.64,
4877.97,
0,
3256287,
2056, 
48716.68,
484705.8,
74836.26,
36176.06,
6099.821,
123997.6,
57500,
24473.33,
8726.653,
21448.37,
143809.2,
60421.43,
46611.91,
9226.37,
54002.26,
7841.761,
194392.3,
458434.8,
6249.835,
1196791,
85207.4,
47750.31,
19976.19,
20821.08,
91200.86,
5478.511,
0,
3334896,
2057, 
48815.86,
497718.3,
76269.75,
37536.88,
6741.578,
127628.6,
72378.31,
26938.6,
9349.791,
24993.53,
142932,
60618.85,
45333.91,
11120.3,
56172.16,
8629.156,
212107,
452167.4,
6413.82,
1197135,
87108.19,
48419.6,
20795.54,
22248.32,
101442.7,
6214.668,
0,
3407230,
2058, 
49436.93,
495856,
77748.12,
37788.65,
7558.561,
131078.6,
88438.49,
29663.97,
10831.95,
28655.06,
142738,
62531.89,
44550.31,
13132.39,
59146.45,
9289.215,
224830.5,
447671.2,
6376.724,
1196843,
87630.76,
48265.54,
20968.48,
23351.71,
115390.3,
7104.955,
0,
3466878,
2059, 
49966.97,
493582.3,
79294.61,
38679.75,
8556.557,
134388.6,
99416.6,
33032.84,
13766.61,
32660.27,
143537.7,
62247.98,
44507.61,
15032.03,
61517.54,
9672.935,
249564,
444219.7,
6471.739,
1195733,
86865.49,
48884.73,
20433.73,
24696.39,
128035.7,
8176.423,
0,
3532942,
2060, 
50689.11,
493509.4,
80861.84,
39389.99,
9644.39,
137676.7,
108057.2,
36564.44,
18957.71,
37733.07,
148115.1,
61974.16,
45309.84,
17137.34,
64481.53,
10004.28,
256630,
443669.8,
6700.058,
1194387,
84459.91,
50127.22,
21446.74,
26264.06,
147653.9,
9340.326,
0,
3600785,
2061, 
51359.36,
497662.2,
82453.79,
39810.67,
10977.11,
140995,
114691.5,
40758.03,
27148.3,
42133.18,
157820,
62069.49,
47275.45,
19906.84,
67076.96,
10370.16,
261163.6,
446921.3,
7034.116,
1191921,
82741.29,
51026.05,
21940.37,
28070.69,
168799.4,
10579.69,
0,
3682705,
2062, 
52439.48,
505051.1,
85182.82,
39983.14,
12333.5,
144206.6,
118174.6,
45962.04,
44376.54,
45914.07,
164728.3,
62631.45,
49725.27,
23994.64,
70149.73,
10729.19,
264763.3,
452567.6,
7226.834,
1188943,
80763.27,
53056.31,
22383.63,
30533.77,
188581.1,
12011.87,
0,
3776413,
2063, 
53383.54,
510897.4,
88217.57,
40203.44,
13887.93,
147425.5,
121103.5,
53283.53,
62539.9,
49475.5,
167634.2,
62378.4,
52392.66,
28057.94,
73037.33,
11124.66,
268050.9,
454181.8,
7368.439,
1185647,
79733.36,
54735.5,
22577.92,
33154.84,
209979.1,
13667.72,
0,
3864139,
2064, 
54420.21,
515293.7,
90998.84,
40926.63,
15609.37,
151262.8,
127616.5,
60158.51,
80183.98,
52635.61,
172825.6,
62358.56,
54478.72,
31960.39,
76833.22,
11503.03,
271631,
463691.7,
7434.809,
1182065,
84215.73,
55030.65,
22645.08,
35767.38,
227518.9,
15440.93,
0,
3964507,
2065, 
53497.09,
520051.7,
93553.74,
41829.53,
18061.5,
159615.2,
138864.3,
69926.67,
93534.4,
55725.63,
178120.6,
62791.78,
55829.67,
33681.88,
80877.12,
11933.33,
275592.1,
467144.5,
7626.758,
1178274,
90628.6,
54660.26,
22598.65,
38465.2,
245319.6,
17603.34,
0,
4065807,
2066, 
51359.96,
525417.4,
96167.73,
43066.26,
22373.38,
172000.1,
154216.5,
75732.93,
104288.9,
57812.06,
178480.8,
63805.78,
56967.81,
34776.41,
85175.08,
12411.47,
281395.9,
470897.9,
7847.961,
1173027,
96005.65,
53875.18,
22641.41,
41577.06,
262203.8,
20887.51,
0,
4164412,
2067, 
48001.97,
530886.9,
98624.3,
44132.73,
27386.12,
185488.7,
172604.5,
83069.26,
111639.7,
58833.39,
178143.5,
65359.2,
57260.95,
35533.73,
89632.02,
14465.6,
289201.4,
467656.6,
8048.061,
1167915,
101676.4,
52325.93,
22755.76,
45179.9,
282979.9,
24877.13,
0,
4263679,
2068, 
44228.48,
535567.5,
101227.5,
45433.91,
33038.09,
197947.4,
187122.8,
89738,
117584.3,
59817.82,
180930.5,
65867.65,
57893.16,
36112.7,
93722.07,
17139.47,
299681.5,
456297.6,
8278.726,
1162874,
106691.5,
50573.83,
23045.03,
49641.74,
303759.5,
29696.75,
0,
4353912,
2069, 
41320.43,
539008.8,
109515.3,
46026.98,
39471.64,
205148,
203333.7,
94726.96,
123741.5,
60763.13,
181578.8,
66243.93,
58611.8,
36005.12,
97718.05,
19817.2,
312868.8,
443401.8,
8500.235,
1158835,
110974.5,
49214.89,
23382.19,
54620.92,
326603.3,
34622.27,
0,
4446055,
2070, 
37825.96,
542088.4,
114522.7,
45672.8,
46913.53,
210554.7,
217296.5,
99979.38,
130135.6,
61668.84,
184083.7,
66761.55,
59598.69,
35280.73,
101324.8,
23018.1,
327018.4,
435187.6,
8754.931,
1158123,
110990,
48799.66,
23703.42,
59850.89,
348591.3,
40563,
0,
4538308,
2071, 
35048.49,
544307.3,
118812.7,
44358.21,
54997.84,
218290.8,
229034.9,
104997.7,
136450.9,
64337.29,
184338.1,
67357.84,
60199.88,
34575.38,
104935.3,
26032.21,
332249,
439189.8,
9010.773,
1157248,
109086.3,
49337.32,
23851.6,
65090.3,
378497.6,
45738.05,
0,
4637374,
2072, 
33520.25,
546897.3,
123954.2,
42149.79,
72912.3,
229894.9,
237898.8,
114684.9,
144715.3,
68843.36,
185422.4,
68055.58,
61019.15,
33861,
108036.5,
29149.37,
336796.2,
447833.8,
9199.273,
1155522,
106925.8,
50435.06,
23788.78,
70370.27,
406426.8,
51094.41,
0,
4759407,
2073, 
32912.1,
549919.2,
129307.1,
40142.93,
94825.11,
243557.6,
245154.2,
126333.6,
154022.1,
72975.77,
186695.2,
68715.09,
61419.32,
33192.26,
110493.7,
33864.48,
341418.9,
462386.3,
9285.94,
1153317,
106194.8,
51827.25,
23439.47,
75813.3,
435738.3,
56061.88,
0,
4899013,
2074, 
32921.39,
553231,
132618.7,
39803.24,
117006.1,
242811.5,
251910.3,
142689.9,
163197.6,
76799.79,
186078.3,
69052.89,
61419.13,
32575.04,
112256.1,
40124.09,
345972.2,
472744.4,
9403.645,
1151648,
108355.1,
53379.42,
22821.71,
80785.2,
450855,
60738.87,
0,
5011198,
2075, 
33046.91,
556790.4,
137512.2,
40543.06,
139085.6,
244747.3,
263683.7,
163185.7,
172305.1,
79874.39,
187292,
69336.83,
61610,
32023.34,
113318.8,
45573.49,
350510,
476190.5,
9592.754,
1146860,
110651.4,
54412.7,
21799.49,
84485.36,
465878.5,
65384.24,
0,
5125694,
2076, 
33344.71,
560319.3,
139354.6,
42025.43,
159630.7,
249597.3,
274347.4,
181064.3,
179031.2,
82430.41,
189127.7,
69725.89,
61800.12,
31532.98,
114047.4,
50570.14,
355001.9,
471844.5,
9898.063,
1143408,
113114,
54571.57,
20849.09,
88223.13,
482056,
71030.4,
0,
5227946,
2077, 
33890.95,
564161.6,
145446.6,
44116.91,
183255.6,
253386.1,
277663.3,
202383.4,
185907.8,
83987.12,
192818.8,
70333.76,
62178.45,
31098.73,
115029.1,
55572.31,
363624.3,
469382.7,
10346.12,
1150062,
118261.1,
54499.91,
20140.4,
91745.16,
498174.1,
76077.5,
0,
5353544,
2078, 
35159.55,
568027.6,
149556.8,
46040.64,
209557.8,
259036.6,
280950.3,
222402,
192929.9,
85017.88,
193546.2,
70888.92,
62503.56,
30708.32,
116547.9,
60403.46,
375426.8,
468516,
10694.01,
1154326,
123481.4,
54491.47,
19406.63,
95266.15,
514004.3,
82643.56,
0,
5481534,
2079, 
36993.67,
571967.3,
154024.4,
47668.13,
231137.5,
263211.8,
283989.2,
240477.5,
200028.9,
86203.29,
192650.6,
71336.13,
63061.41,
30376.06,
118436.8,
65270.25,
384729.8,
472194.1,
11017.51,
1157081,
125637.6,
54938.79,
19389.94,
98407.4,
529564.8,
92204.32,
0,
5601998,
2080, 
39434.18,
575945.6,
160465.3,
47389.97,
256853.7,
266950.3,
287003,
254772,
207211.1,
89801.57,
191262.9,
71756.45,
63640.16,
30082.99,
120668.9,
69996.63,
394368.7,
476958.6,
11343.52,
1159985,
126399.1,
55013.26,
19807.46,
99947.26,
544945.9,
104139.9,
0,
5726144,
2081, 
42455.02,
579628.9,
168893.6,
47069.58,
280359.3,
265760.6,
289668.3,
268982.5,
222347.5,
93954.43,
188604.9,
72147.6,
64252.32,
29829.82,
122895.4,
75922.88,
407773.8,
485904,
11528.42,
1161073,
128025.2,
54587.66,
20268.5,
101411.4,
559856.5,
116995.8,
0,
5860197,
2082, 
46280.05,
583324.1,
177528.5,
46454.79,
299726.6,
264764.9,
292250,
276951.9,
236302.6,
98831.6,
187972.7,
72417.76,
64531.21,
29612.97,
124644.9,
81474.61,
426173.3,
492284.7,
11780.01,
1162153,
129501.4,
54137.92,
20799.95,
102823.5,
574527.5,
129668.1,
0,
5986918,
2083, 
52198.58,
586910.9,
185129.3,
45771.64,
322165.4,
264570.9,
294714.4,
290198.5,
250191.5,
104052.3,
188453.1,
72706.13,
64346.7,
29429.65,
126331.6,
86510.48,
447492.7,
495728.5,
12114.39,
1161976,
127387.4,
53045.24,
21440.55,
104213.6,
588802.2,
139372.5,
0,
6115254,
2084, 
60819.17,
590556.1,
197024.8,
45625.48,
331418.2,
263347.6,
310363.2,
315215.3,
265784.9,
106201.1,
191549.3,
72639.84,
64350.88,
29275.29,
128236.5,
91957.3,
465727.4,
497440,
12524.76,
1159784,
124430.6,
52058.23,
22202.2,
105554.8,
602763.1,
148908.6,
0,
6255759,
2085, 
70260.08,
594373.4,
201381.5,
45805.8,
334159.7,
262158.3,
325973,
353487.7,
272647.7,
108251.7,
196411.9,
72565.73,
64615.98,
29150.97,
130135.6,
96600.16,
474368.7,
495037.1,
13002.41,
1157557,
122904.1,
51561.71,
22981.03,
106885.1,
616886.6,
156415.2,
0,
6375579,
2086, 
75714.32,
597846.9,
205060.1,
46298.11,
336878.5,
262465.8,
341170.9,
391694.2,
283031.5,
110572.3,
201674.5,
72456.66,
64507.44,
29054.2,
132434.4,
101919.9,
475468.5,
492294.6,
13563.08,
1150252,
123717.2,
51913.47,
23828.4,
108080,
631682.4,
163368.3,
0,
6486948,
2087, 
79127.75,
601008.1,
209524.5,
46163.09,
339491.9,
257153.3,
357362.4,
427339.5,
297349.7,
117376.9,
204215.8,
72172.09,
64253.35,
28970.85,
134538.6,
107693.7,
489387.7,
488948.8,
13735.86,
1140740,
124782.4,
52630.98,
24474.18,
109289.8,
646099.5,
170585.9,
0,
6604417,
2088, 
78364.24,
604339,
213379.6,
45950.4,
341851.1,
255847.9,
377032.9,
474098.3,
305805.6,
120153.4,
203319.5,
71847.31,
64023.6,
28907.29,
137361.6,
114258.8,
502814.8,
484576.6,
13491.18,
1125660,
126477.5,
53516.47,
25081.42,
110505.8,
660355.3,
176379.7,
0,
6715399,
2089, 
75023.84,
607610.2,
218049.8,
45348.05,
345522.1,
255479.2,
396581.4,
516326.3,
310982.6,
121362.2,
201620.8,
71557.1,
63645.22,
28859.4,
139490.2,
120765.2,
524638.9,
480245.2,
13277.32,
1112050,
128908.2,
54382.37,
25466.14,
111709.2,
674504.5,
184114.9,
0,
6827521,
2090, 
73187.88,
610671.9,
221631.5,
43900.88,
353109.8,
255716,
417597.4,
548463.8,
326974.2,
121503.2,
199036.7,
71308.13,
63233.44,
28826.53,
141751.6,
126645.3,
537880.6,
475930.8,
13053.04,
1091065,
131804.4,
54690.73,
25705.43,
112974.6,
687231.9,
194004.6,
0,
6927900,
2091, 
71311.69,
613403.3,
222982.8,
42242.3,
359101.3,
255353.4,
435242.3,
584734.9,
347566.7,
121720.7,
195654,
71106.98,
62817.1,
28818.83,
143785.2,
133998.8,
553927.3,
469997.5,
12826.42,
1079149,
132929.8,
54231.34,
25779.5,
114184.7,
699316.4,
205512,
0,
7037694,
2092, 
69820.24,
616121.9,
228523.1,
40413.71,
364672.9,
254657.9,
451607.6,
612843.6,
366002.9,
122140,
196721.3,
70936.08,
62402.12,
28837.04,
146234.1,
140331.3,
573133.1,
460616.8,
12675.69,
1067434,
132001.4,
53272.63,
25812.15,
115383.4,
710909,
220149.8,
0,
7143654,
2093, 
68584.93,
618825,
231564,
38844.71,
370197.8,
254121,
460305,
640211.8,
395066.9,
122256.7,
199040.7,
70770.13,
61980.57,
28840.13,
148763.8,
145955.5,
591807.4,
447936.4,
12897.97,
1057292,
131193.7,
52316.13,
25763.96,
116643.8,
722738.3,
233929.1,
0,
7247847,
2094, 
67789.18,
621199.1,
235035.5,
37279,
378592.7,
252736.8,
481026.2,
665993.1,
418652.9,
125511.2,
204059.7,
70546.16,
62025.42,
28851.23,
151201.6,
150716.1,
612100.1,
439103,
13885.58,
1051097,
133928.3,
51752.87,
25782.92,
117897.4,
734137,
247311.2,
0,
7378212,
2095, 
67565.22,
623740.4,
238252.1,
35955.01,
389420.8,
252231.1,
504760.9,
693931.5,
437543.5,
124981.3,
208324.9,
70410.87,
61833.65,
28865.73,
152844.7,
154781.6,
631735.1,
432982.1,
14270.22,
1043337,
134657.9,
52100.96,
25883.22,
119115.3,
744770.8,
261932.9,
0,
7506229,
2096, 
67717.01,
625613.1,
245892.1,
34877.68,
404896.5,
252219.9,
531782.6,
729863.2,
454121.8,
127513,
212179,
70306.77,
62043.29,
28884.47,
153859.3,
159913,
640708.4,
426504.5,
14311.59,
1037609,
136938.3,
53032.24,
26096.6,
120352.1,
755458.3,
272825.8,
0,
7645519,
2097, 
68476.98,
626752.8,
248524.3,
34075.14,
424641.3,
253091.7,
546116.5,
771487.7,
468968,
126823.2,
217372.4,
70247.1,
62749.25,
28905.4,
154108.8,
164711.7,
649552.6,
423182.7,
14434.08,
1033572,
141152.8,
53984.94,
26431.73,
121610.2,
759889.9,
284281.5,
0,
7775145,
2098, 
69595.45,
618070.3,
254602.5,
33852.01,
443662.1,
254387.3,
557757.6,
814047.4,
487349.1,
129398.2,
218279.6,
70428.41,
63918.16,
28927.92,
154345,
170233.2,
658744.3,
425038.7,
14467.5,
1030885,
149333,
55652.18,
26760.02,
122909.3,
751063.4,
297973.4,
0,
7901682,
2099, 
70824.58,
606615.2,
261220.4,
34335.49,
456693.1,
255902.1,
568436.6,
838138.4,
496013,
129020.5,
219468.9,
70797.91,
64427.21,
28953.79,
153979.1,
175602.3,
669143.3,
425480,
14483.78,
1027933,
155174.8,
56489.73,
27196.64,
124168.4,
750545.1,
311702.2,
0,
7992746,
2100, 
72306.27,
597383.1,
269877.6,
35057,
464678.4,
257572.7,
578177.2,
862525.5,
508344.8,
132853.7,
218611.9,
71149.35,
65256.84,
28984.55,
154340.5,
179240.3,
679800.6,
425615.3,
14493.82,
1036661,
160084.2,
57607.3,
27988.21,
125379.5,
767041.2,
326523.9,
0,
8117555];
