real main.em.ep.ncl.NuclFuelEff[27](t) = [1971, 
170,
170,
170,
170,
170,
170,
170,
170,
170,
170,
170,
170,
170,
170,
170,
170,
170,
170,
170,
170,
170,
170,
170,
170,
170,
170,
0,
1972, 
170,
170,
170.3448,
170,
170.3448,
170.3448,
170.3448,
170.3448,
170.3448,
170.3448,
170,
170.3448,
170.3448,
170.3448,
170.3448,
170,
170.3448,
170,
170.3448,
170.3448,
170.3448,
170.3448,
170,
170.3448,
170.3448,
170.3448,
0,
1973, 
170.1724,
170.1724,
170.6897,
170.1724,
170.6897,
170.6897,
170.6897,
170.6897,
170.6897,
170.6897,
170.1724,
170.6897,
170.6897,
170.6897,
170.6897,
170.1724,
170.6897,
170.1724,
170.6897,
170.6897,
170.6897,
170.6897,
170.1724,
170.6897,
170.6897,
170.6897,
0,
1974, 
170.3448,
170.3448,
171.0345,
170.3448,
171.0345,
171.0345,
171.0345,
171.0345,
171.0345,
171.0345,
170.3448,
171.0345,
171.0345,
171.0345,
171.0345,
170.3448,
171.0345,
170.3448,
171.0345,
171.0345,
171.0345,
171.0345,
170.3448,
171.0345,
171.0345,
171.0345,
0,
1975, 
170.5172,
170.5172,
171.3793,
170.5172,
171.3793,
171.3793,
171.3793,
171.3793,
171.3793,
171.3793,
170.5172,
171.3793,
171.3793,
171.3793,
171.3793,
170.5172,
171.3793,
170.5172,
171.3793,
171.3793,
171.3793,
171.3793,
170.5172,
171.3793,
171.3793,
171.3793,
0,
1976, 
171.327,
171.3623,
171.7241,
170.5172,
171.7241,
171.3793,
171.7241,
171.7241,
171.7241,
171.7241,
171.3228,
171.3793,
171.7241,
171.7241,
171.3793,
171.3486,
171.7241,
171.2341,
171.7241,
171.7241,
171.7241,
171.7241,
171.3629,
171.7241,
171.3793,
171.7241,
0,
1977, 
171.333,
171.4064,
172.069,
170.5172,
172.069,
171.3793,
172.069,
172.069,
172.069,
172.069,
171.4478,
171.3793,
172.069,
172.069,
171.3793,
171.5026,
172.069,
171.2539,
172.069,
172.069,
172.069,
172.069,
171.4782,
172.069,
171.3793,
172.069,
0,
1978, 
171.6898,
171.503,
172.4138,
170.5172,
172.4138,
171.3793,
172.4138,
172.4138,
172.4138,
172.4138,
171.6004,
171.3793,
172.4138,
172.4138,
171.3793,
171.5482,
172.4138,
171.2856,
172.4138,
172.4138,
172.4138,
172.4138,
171.4801,
172.4138,
171.3793,
172.4138,
0,
1979, 
171.8529,
171.5842,
172.7586,
170.5172,
172.7586,
171.3793,
172.7586,
172.7586,
172.7586,
172.7586,
171.7551,
171.3793,
172.7586,
172.4138,
171.3793,
171.5524,
172.7586,
171.3277,
172.4138,
172.4138,
172.7586,
172.7586,
171.7984,
172.7586,
171.3793,
172.7586,
0,
1980, 
172.0194,
171.5955,
173.1035,
170.5172,
173.1035,
171.3793,
173.1035,
173.1035,
173.1035,
173.1035,
171.9291,
171.6823,
173.1035,
172.4138,
171.3793,
171.7449,
173.1035,
171.3793,
172.4138,
172.5862,
173.1035,
173.1035,
172.048,
173.1035,
171.3793,
173.1035,
0,
1981, 
172.1633,
171.655,
173.4483,
170.5172,
173.4483,
171.3793,
173.4483,
173.4483,
173.4483,
173.4483,
172.1892,
171.6823,
173.4483,
172.4138,
171.3793,
172.0715,
173.4483,
171.4393,
172.4138,
172.5862,
173.4483,
173.4483,
172.0497,
173.4483,
171.3793,
173.4483,
0,
1982, 
172.3306,
171.7886,
173.4483,
170.5172,
173.4483,
171.6534,
173.7931,
173.7931,
173.7931,
173.4483,
172.3811,
172.4267,
173.7931,
172.6927,
171.3793,
172.2091,
173.7931,
172.2115,
172.9527,
172.5862,
173.7931,
173.7931,
172.1927,
173.7931,
171.4298,
173.7931,
0,
1983, 
172.499,
171.9276,
173.6207,
170.5172,
173.6207,
171.9037,
174.1379,
174.1379,
174.1379,
173.6207,
172.5679,
172.8319,
174.1379,
172.9264,
171.3793,
172.3531,
174.1379,
172.6506,
173.2406,
172.5862,
174.1379,
174.1379,
172.3413,
174.1379,
171.486,
174.1379,
0,
1984, 
172.6683,
172.071,
173.7931,
170.5172,
173.7931,
172.1377,
174.4828,
174.4828,
174.4828,
173.7931,
172.7513,
173.1306,
174.4828,
173.1386,
171.3793,
172.5018,
174.4828,
172.9738,
173.4695,
172.5862,
174.4828,
174.4828,
172.4938,
174.4828,
171.5477,
174.4828,
0,
1985, 
172.8381,
172.2178,
173.9655,
170.5172,
173.9655,
172.36,
174.8276,
174.8276,
174.8276,
173.9655,
172.9324,
173.3823,
174.8276,
173.339,
171.3793,
172.6541,
174.8276,
173.2432,
173.6755,
172.5862,
174.8276,
174.8276,
172.6495,
174.8276,
171.6144,
174.8276,
0,
1986, 
173.0084,
172.3676,
174.1379,
170.5172,
174.1379,
172.5737,
175.1724,
175.1724,
175.1724,
174.1379,
173.1119,
173.6091,
175.1724,
173.5321,
171.3793,
172.8094,
175.1724,
173.4832,
173.8701,
172.5862,
175.1724,
175.1724,
172.8076,
175.1724,
171.6858,
175.1724,
0,
1987, 
173.179,
172.5199,
174.3103,
170.5172,
174.3103,
172.7807,
175.5172,
175.5172,
175.5172,
174.3103,
173.2901,
173.8212,
175.5172,
173.7205,
171.3793,
172.9669,
175.5172,
173.7054,
174.0583,
172.5862,
175.5172,
175.5172,
172.9677,
175.5172,
171.7616,
175.5172,
0,
1988, 
173.3499,
172.6743,
174.4828,
170.5172,
174.4828,
172.9827,
175.8621,
175.8621,
175.8621,
174.4828,
173.4675,
174.0237,
175.8621,
173.9055,
171.3793,
173.1263,
175.8621,
173.916,
174.2425,
172.5862,
175.8621,
175.8621,
173.1293,
175.8621,
171.8415,
175.8621,
0,
1989, 
173.521,
172.8304,
174.6552,
170.5172,
174.6552,
173.1806,
176.2069,
176.2069,
176.2069,
174.6552,
173.6441,
174.2199,
176.2069,
174.0882,
171.3793,
173.2872,
176.2069,
174.1187,
174.4241,
172.5862,
176.2069,
176.2069,
173.2922,
176.2069,
171.9253,
176.2069,
0,
1990, 
173.6923,
172.988,
174.8276,
170.5172,
174.8276,
173.3753,
176.5517,
176.5517,
176.5517,
174.8276,
173.8201,
174.4115,
176.5517,
174.2692,
171.3793,
173.4494,
176.5517,
174.3157,
174.6038,
172.5862,
176.5517,
176.5517,
173.4562,
176.5517,
172.0127,
176.5517,
0,
1991, 
173.6923,
173.0888,
175,
170.5172,
175,
173.5672,
176.8965,
176.8965,
176.8965,
174.9655,
173.8201,
174.5997,
176.8965,
174.2692,
171.3793,
173.6126,
176.8965,
174.5084,
174.7822,
172.5862,
176.8965,
176.8965,
173.4562,
176.8965,
172.1035,
176.8965,
0,
1992, 
173.6923,
173.0956,
175.3062,
170.5172,
175,
173.5672,
177.2414,
177.2414,
177.2414,
174.9655,
173.8201,
174.63,
177.2414,
174.2692,
171.3793,
173.6653,
177.2414,
174.687,
174.8877,
172.5862,
177.2414,
177.2414,
173.4562,
177.2414,
172.1035,
177.2414,
0,
1993, 
173.6923,
173.1031,
175.5751,
170.5172,
175,
173.5672,
177.5862,
177.5862,
177.5862,
174.9655,
173.8201,
174.664,
177.5862,
174.2692,
171.3793,
173.7218,
177.5862,
174.8646,
174.9995,
172.5862,
177.5862,
177.5862,
173.4562,
177.5862,
172.1035,
177.5862,
0,
1994, 
173.6923,
173.1111,
175.8205,
170.5172,
175,
173.5672,
177.931,
177.931,
177.931,
174.9655,
173.8201,
174.6693,
177.931,
174.2692,
171.3793,
173.7818,
177.931,
175.0416,
175.1168,
172.7416,
177.931,
177.931,
173.4562,
177.931,
172.1035,
177.931,
0,
1995, 
173.6923,
173.1198,
176.0501,
170.5172,
175,
173.5672,
178.2759,
178.2759,
178.2759,
174.9655,
173.8201,
174.6693,
178.2759,
174.2692,
171.3793,
173.8453,
178.2759,
175.218,
175.2389,
174.039,
178.2759,
178.2759,
173.4562,
178.2759,
172.1035,
178.2759,
0,
1996, 
173.6923,
173.129,
176.2684,
170.5172,
175,
173.5672,
178.6207,
178.6207,
178.6207,
174.9655,
173.8201,
174.6693,
178.6207,
174.2692,
171.3793,
173.9121,
178.6207,
175.394,
175.3652,
174.8863,
178.6207,
178.6207,
173.4562,
178.6207,
172.1035,
178.6207,
0,
1997, 
173.6923,
173.1388,
176.2811,
170.5172,
176.091,
173.5672,
178.9655,
178.9655,
178.9655,
174.9655,
173.8201,
174.6693,
178.9655,
174.2692,
171.3793,
173.9185,
178.9655,
175.6904,
175.6203,
174.8863,
178.9655,
178.9655,
173.4562,
178.9655,
174.2171,
178.9655,
0,
1998, 
173.6923,
173.1492,
176.2954,
170.5172,
176.7567,
173.5672,
179.3103,
179.3103,
179.3103,
174.9655,
173.8201,
174.6693,
179.3103,
174.2692,
171.3793,
173.9252,
179.3103,
175.966,
175.8634,
174.8863,
179.3103,
179.3103,
173.4562,
179.3103,
175.38,
179.3103,
0,
1999, 
173.6923,
173.1601,
176.3115,
170.5172,
177.2368,
173.5672,
179.6552,
179.6552,
179.6552,
174.9655,
173.8201,
174.6693,
179.6552,
174.2692,
171.3793,
173.9324,
179.6552,
176.2255,
176.0969,
174.8863,
179.6552,
179.6552,
173.4562,
179.6552,
176.1532,
179.6552,
0,
2000, 
173.6923,
173.1717,
176.3292,
170.5172,
177.6196,
173.5672,
180,
180,
180,
174.9655,
173.8201,
174.6693,
180,
174.2692,
171.3793,
173.9401,
180,
176.4725,
176.3226,
174.8863,
180,
180,
173.4562,
180,
176.7289,
180,
0,
2001, 
173.6923,
173.1838,
176.3486,
170.5172,
177.8445,
173.5672,
181.4,
181.4,
181.4,
174.9655,
173.8201,
174.6693,
181.4,
174.2692,
171.3793,
173.9482,
181.4,
176.7095,
176.542,
174.8863,
181.4,
181.4,
173.4562,
181.4,
177.1907,
181.4,
0,
2002, 
173.6923,
173.1983,
176.3874,
170.5172,
177.8445,
173.5672,
182.8,
182.8,
182.8,
174.9655,
173.8201,
174.6693,
182.8,
174.2692,
171.3793,
174.1002,
182.8,
176.8721,
176.8119,
176.7544,
182.8,
182.8,
173.4562,
182.8,
177.1907,
182.8,
0,
2003, 
173.6923,
173.2153,
176.3874,
170.5172,
177.8445,
173.5672,
184.2,
184.2,
184.2,
174.9655,
173.8201,
174.6693,
184.2,
174.2692,
171.3793,
174.2741,
184.2,
177.0707,
177.127,
178.1017,
184.2,
184.2,
173.4562,
184.2,
177.1907,
184.2,
0,
2004, 
173.6923,
173.2346,
176.3874,
170.5172,
177.8445,
173.5672,
185.6,
185.6,
185.6,
174.9655,
173.8201,
174.6693,
185.6,
174.5482,
171.3793,
174.4687,
185.6,
177.3019,
177.4806,
179.2132,
185.6,
185.6,
173.4562,
185.6,
177.1907,
185.6,
0,
2005, 
173.6923,
173.2564,
176.3874,
170.5172,
177.8445,
173.5672,
187,
187,
187,
174.9655,
173.8201,
174.6693,
187,
174.8803,
171.3793,
174.6827,
187,
177.5625,
177.8672,
180.1977,
187,
187,
173.4562,
187,
177.1907,
187,
0,
2006, 
173.6923,
173.2805,
176.3874,
170.5172,
177.8445,
173.5672,
188.4,
188.4,
188.4,
174.9655,
173.8201,
174.6693,
188.4,
175.2339,
171.3793,
174.915,
188.4,
177.8499,
178.2823,
181.1063,
188.4,
188.4,
173.4562,
188.4,
177.1907,
188.4,
0,
2007, 
173.6923,
173.3071,
176.3874,
170.5172,
177.8445,
173.5672,
189.8,
189.8,
189.8,
174.9655,
173.8201,
174.6693,
189.8,
175.2339,
171.3793,
175.0492,
189.8,
178.7057,
178.5045,
181.8029,
189.8,
189.8,
173.4562,
189.8,
177.1907,
189.8,
0,
2008, 
173.6923,
173.3359,
176.3874,
170.5172,
177.8445,
173.5672,
191.2,
191.2,
191.2,
174.9655,
173.8201,
174.6693,
191.2,
175.2339,
171.3793,
175.1945,
191.2,
179.5383,
178.7474,
182.5002,
191.2,
191.2,
173.4562,
191.2,
177.1907,
191.2,
0,
2009, 
173.6923,
173.3672,
176.3874,
170.5172,
177.8445,
173.5672,
192.6,
192.6,
192.6,
174.9655,
173.8201,
174.6693,
192.6,
175.2339,
171.3793,
175.3507,
192.6,
180.3523,
179.0094,
183.1979,
192.6,
192.6,
173.4562,
192.6,
177.1907,
192.6,
0,
2010, 
173.6923,
173.4007,
176.3874,
170.5172,
177.8445,
173.5672,
194,
194,
194,
174.9655,
173.8201,
174.6693,
194,
175.2339,
171.3793,
175.5173,
194,
181.1514,
179.2896,
183.8959,
194,
194,
173.4562,
194,
177.1907,
194,
0,
2011, 
173.6923,
173.4366,
176.3874,
170.5172,
177.8445,
173.5672,
195.4,
195.4,
195.4,
174.9655,
173.8201,
174.6693,
195.4,
175.2339,
171.3793,
175.6942,
195.4,
181.9384,
179.5866,
184.5942,
195.4,
195.4,
173.4562,
195.4,
177.1907,
195.4,
0,
2012, 
173.6923,
173.4748,
176.7883,
170.5172,
177.8445,
176.3999,
196.8,
196.8,
196.8,
175.1008,
173.8201,
174.7774,
196.8,
175.2339,
171.3793,
176.18,
195.4,
182.6691,
180.0838,
187.2853,
196.8,
196.8,
173.4562,
196.8,
179.2097,
196.8,
0,
2013, 
173.6923,
173.5153,
177.2015,
170.5172,
177.8445,
178.7428,
198.2,
198.2,
198.2,
175.2436,
173.8201,
174.8917,
198.2,
175.2339,
171.3793,
176.6761,
196.1,
183.3966,
180.5934,
189.1823,
198.2,
198.2,
173.4562,
198.2,
180.9654,
198.2,
0,
2014, 
173.6923,
173.558,
177.6263,
170.5172,
177.8445,
180.7472,
199.6,
199.6,
199.6,
175.3936,
173.8201,
175.012,
199.6,
175.2339,
171.3793,
177.1819,
196.8,
184.1214,
181.1143,
190.6814,
199.6,
199.6,
173.4562,
199.6,
182.5295,
199.6,
0,
2015, 
173.6923,
173.6031,
178.0621,
170.5172,
177.8445,
182.5079,
201,
201,
201,
175.5508,
173.8201,
175.1383,
201,
175.2339,
171.3793,
177.6965,
197.5,
184.8439,
181.6454,
191.9527,
201,
201,
173.4562,
201,
183.9498,
201,
0,
2016, 
173.7264,
173.6504,
178.5081,
170.5172,
177.8445,
184.0875,
202.4,
202.4,
202.4,
175.6332,
173.8201,
175.2704,
202.4,
175.2339,
171.3793,
178.2194,
198.2,
185.5644,
182.186,
193.0814,
202.4,
202.4,
173.4562,
202.4,
185.2595,
202.4,
0,
2017, 
173.7778,
173.7,
178.8741,
170.5172,
177.8445,
184.1076,
203.8,
203.8,
203.8,
175.6332,
173.8201,
175.3267,
203.8,
175.6863,
171.3793,
178.8382,
199.1542,
185.866,
182.4462,
194.333,
203.8,
203.8,
173.4562,
203.8,
187.8991,
203.8,
0,
2018, 
173.8315,
173.7518,
179.2501,
170.5172,
177.8445,
184.1293,
205.2,
205.2,
205.2,
175.6332,
173.8201,
175.3856,
205.2,
176.1469,
171.3793,
179.461,
200.0143,
186.1817,
182.7175,
195.4539,
205.2,
205.2,
173.4562,
205.2,
190.021,
205.2,
0,
2019, 
173.8875,
173.8058,
179.6358,
170.5172,
177.8445,
184.1525,
206.6,
206.6,
206.6,
175.6332,
173.8201,
175.4472,
206.6,
176.6152,
171.3793,
179.6274,
200.8244,
186.5106,
182.9997,
196.4858,
206.6,
206.6,
173.4562,
206.6,
191.8081,
206.6,
0,
2020, 
173.9458,
173.862,
180.0306,
170.5172,
177.8445,
184.1771,
208,
208,
208,
175.6332,
173.8201,
175.5114,
208,
177.0909,
171.3793,
179.6534,
201.6047,
186.8522,
183.2922,
197.4541,
208,
208,
173.4562,
208,
193.3662,
208,
0,
2021, 
174.0064,
173.9205,
180.4343,
170.5172,
177.8445,
184.2033,
209.4,
209.4,
209.4,
175.6332,
173.8201,
175.5783,
209.4,
177.5735,
171.3793,
179.6807,
202.3659,
187.2057,
183.5323,
198.3755,
209.4,
209.4,
173.4562,
209.4,
194.7607,
209.4,
0,
2022, 
174.0693,
173.9811,
180.4343,
170.5172,
177.8445,
184.2033,
210.8,
210.8,
210.8,
175.6332,
173.8201,
175.7082,
210.8,
177.5735,
171.3793,
179.7093,
205.0766,
189.4648,
183.5323,
198.9279,
210.8,
210.8,
173.4562,
210.8,
200.794,
210.8,
0,
2023, 
174.1344,
174.0439,
180.4343,
170.5172,
177.8445,
184.2033,
212.2,
212.2,
212.2,
175.6332,
173.8201,
175.7082,
212.2,
177.5735,
171.3793,
179.7392,
206.5278,
189.483,
185.0889,
199.4209,
212.2,
212.2,
173.4562,
212.2,
203.9228,
212.2,
0,
2024, 
174.2018,
174.5581,
180.4343,
170.5172,
177.8445,
184.2033,
213.6,
213.6,
213.6,
175.6332,
173.8201,
176.381,
213.6,
178.8745,
171.3793,
179.7704,
207.1935,
190.591,
185.8088,
199.7892,
213.6,
213.6,
173.4562,
213.6,
203.9228,
213.6,
0,
2025, 
174.2714,
175.0772,
180.4343,
170.5172,
177.8445,
184.2033,
215,
215,
215,
175.6332,
173.8201,
177.0549,
215,
180.1319,
171.3793,
179.8028,
207.8664,
191.661,
186.5277,
200.1761,
215,
215,
173.4562,
215,
203.9228,
215,
0,
2026, 
174.3432,
175.1434,
180.4343,
170.5172,
177.8445,
184.2033,
216.4,
216.4,
216.4,
175.6332,
173.8201,
178.4707,
215,
180.1319,
171.3793,
181.3936,
207.8664,
191.661,
187.9918,
201.2947,
216.4,
216.4,
173.4562,
216.4,
206.9019,
216.4,
0,
2027, 
174.424,
175.2179,
180.4343,
170.5172,
177.8445,
184.2033,
217.8,
217.8,
217.8,
175.6332,
173.8201,
178.4707,
215.7,
180.1319,
171.3793,
182.9099,
207.8664,
200.6208,
187.9918,
202.5623,
217.8,
217.8,
173.4562,
217.8,
208.9149,
217.8,
0,
2028, 
174.5141,
175.301,
180.4343,
170.5172,
177.8445,
184.7867,
219.2,
219.2,
219.2,
175.6332,
173.8201,
178.4707,
216.4,
180.1319,
171.3793,
182.946,
207.8664,
203.3124,
189.4497,
204.3181,
219.2,
219.2,
173.4562,
219.2,
208.9149,
219.2,
0,
2029, 
174.6138,
175.3931,
180.4343,
170.5172,
177.8445,
184.7867,
219.2,
220.6,
220.6,
175.6332,
173.8201,
178.4707,
217.1,
180.1319,
171.3793,
183.4749,
207.8664,
203.3208,
189.4497,
205.4634,
220.6,
220.6,
173.4562,
220.6,
208.9149,
220.6,
0,
2030, 
174.7234,
175.4945,
180.4343,
170.5172,
177.8445,
184.7867,
219.2,
222,
222,
175.6332,
173.8201,
178.4707,
217.1,
180.1319,
171.3793,
184.9388,
207.8664,
203.3306,
189.4497,
206.9229,
222,
222,
173.4562,
222,
208.9149,
222,
0,
2031, 
175.2948,
176.9359,
180.4343,
170.5172,
177.8445,
185.5214,
221.3,
223.4,
223.4,
175.6332,
173.8201,
178.7912,
217.1,
180.1319,
171.3793,
184.9388,
207.8664,
203.3551,
189.4497,
206.9229,
223.4,
223.4,
173.4562,
223.4,
211.2175,
223.4,
0,
2032, 
175.304,
176.947,
180.4343,
170.6897,
177.8445,
185.5214,
221.3,
224.8,
224.8,
175.6332,
173.8266,
178.7912,
218.6947,
180.1319,
209.786,
184.9511,
207.8664,
213.8219,
193.5432,
206.9229,
224.8,
224.8,
174.7662,
224.8,
214.4338,
224.8,
0,
2033, 
175.3126,
176.9575,
200.0197,
170.8621,
177.8445,
185.5214,
221.3,
226.2,
226.2,
175.6332,
173.8325,
191.3007,
219.5537,
181.7267,
211.9878,
184.9633,
211.0164,
215.6276,
195.0605,
206.9229,
226.2,
226.2,
176.0508,
226.2,
215.7984,
226.2,
0,
2034, 
175.3206,
176.9675,
206.6769,
171.0345,
177.8445,
185.5214,
221.3,
227.6,
227.6,
175.6332,
191.1854,
202.4033,
220.2945,
183.5516,
211.9878,
184.9751,
212.9134,
216.0191,
196.2596,
206.9229,
227.6,
227.6,
176.6382,
227.6,
217.2412,
227.6,
0,
2035, 
175.3281,
176.9771,
206.6769,
229,
177.8445,
200.1307,
221.3,
229,
229,
175.6332,
191.5095,
202.9607,
220.64,
184.3678,
211.9878,
184.9867,
213.2427,
216.2051,
196.7832,
206.9229,
229,
229,
176.9269,
229,
217.7894,
229,
0,
2036, 
175.8052,
179.5999,
206.6769,
230.4,
177.8445,
208.6114,
221.3,
230.4,
230.4,
175.6332,
193.029,
204.2743,
221.0077,
184.8715,
223.6643,
186.3333,
213.8203,
216.4855,
197.3712,
206.9229,
230.4,
230.4,
178.1771,
230.4,
218.9037,
230.4,
0,
2037, 
175.8131,
180.1598,
206.6769,
231.8,
177.8445,
210.175,
222.6217,
231.8,
231.8,
176.1229,
193.9848,
204.7741,
221.6573,
185.5198,
223.6643,
187.4548,
213.8203,
216.4925,
198.443,
206.9229,
231.8,
231.8,
178.9986,
231.8,
219.8232,
231.8,
0,
2038, 
176.3387,
181.0534,
206.6769,
233.2,
177.8445,
210.45,
223.0298,
233.2,
233.2,
177.1011,
195.0438,
204.7741,
222.0793,
185.7977,
223.6643,
187.7118,
213.8203,
217.2874,
198.443,
206.9229,
233.2,
233.2,
181.43,
233.2,
220.9746,
233.2,
0,
2039, 
176.6996,
181.7454,
206.6769,
234.6,
177.8445,
210.45,
224.3048,
234.6,
234.6,
178.5415,
196.0711,
204.7741,
222.4086,
188.3317,
223.6643,
187.7271,
213.8203,
217.294,
200.1224,
207.1728,
234.6,
234.6,
185.5913,
234.6,
222.303,
234.6,
0,
2040, 
177.0986,
181.825,
206.6769,
236,
177.8445,
210.45,
224.3048,
236,
236,
180.3972,
197.2377,
205.1398,
222.7798,
188.3317,
223.73,
188.3437,
213.8203,
217.3007,
200.2277,
207.4239,
236,
236,
188.4786,
236,
222.9249,
236,
0,
2041, 
177.4664,
182.1655,
206.6769,
237.4,
177.8445,
210.45,
224.3048,
237.4,
237.4,
182.6065,
199.1351,
205.1398,
222.7798,
188.9447,
223.73,
189.6987,
213.8203,
217.3072,
200.3331,
207.4239,
237.4,
237.4,
188.5477,
237.4,
223.61,
237.4,
0,
2042, 
177.9316,
182.9207,
207.2576,
238.8,
177.9956,
211.1875,
224.3048,
238.8,
238.8,
186.1609,
200.8625,
206.3879,
222.7798,
190.5018,
223.73,
190.3952,
214.1476,
217.547,
200.8615,
207.7531,
238.8,
238.8,
189.9156,
238.8,
224.2609,
238.8,
0,
2043, 
178.4735,
183.7866,
207.8528,
240.2,
178.1451,
211.948,
224.3048,
240.2,
240.2,
190.4791,
202.9395,
207.7243,
223.0078,
191.8268,
223.73,
191.1385,
214.1476,
217.9842,
201.6567,
207.8943,
240.2,
240.2,
191.5216,
240.2,
224.8877,
240.2,
0,
2044, 
179.1268,
184.7978,
208.4633,
241.6,
178.293,
212.7329,
224.3048,
241.6,
241.6,
195.7673,
205.1849,
213.5364,
223.8049,
193.3504,
223.73,
191.9354,
214.1476,
218.0995,
202.6214,
208.1115,
241.6,
241.6,
195.937,
241.6,
225.3604,
241.6,
0,
2045, 
181.5294,
186.0054,
209.0901,
243,
178.439,
213.5438,
224.3048,
243,
243,
201.6058,
208.0945,
215.366,
225.021,
195.1286,
223.73,
192.7937,
214.1834,
218.2146,
203.5089,
208.1115,
243,
243,
203.0735,
243,
226.28,
243,
0,
2046, 
194.9746,
187.4874,
209.7338,
244.4,
178.5829,
222.8556,
224.3048,
244.4,
244.4,
207.6338,
213.0986,
217.247,
225.7896,
197.4339,
223.73,
193.7229,
214.1834,
218.3293,
204.0951,
208.203,
244.4,
244.4,
209.5635,
244.4,
226.8141,
244.4,
0,
2047, 
210.4494,
189.3699,
210.3957,
245.8,
178.7245,
225.6035,
224.3048,
245.8,
245.8,
214.4712,
216.5434,
220.6054,
226.3503,
200.6867,
223.73,
194.7347,
214.1834,
219.3155,
204.6686,
210.1494,
245.8,
245.8,
216.3911,
245.8,
227.3948,
245.8,
0,
2048, 
218.5651,
191.8696,
211.0766,
247.2,
178.8633,
227.1305,
224.3048,
247.2,
247.2,
220.7304,
221.0475,
223.6669,
226.7237,
204.5077,
223.73,
195.8433,
214.1834,
219.4763,
205.2618,
210.2396,
247.2,
247.2,
223.3564,
247.2,
227.982,
247.2,
0,
2049, 
227.7291,
195.3939,
211.7778,
248.6,
178.9992,
228.0265,
224.3048,
248.6,
248.6,
227.459,
225.4764,
225.7346,
226.8025,
210.4187,
223.73,
197.0666,
214.1834,
219.5884,
205.8127,
210.9853,
248.6,
248.6,
230.6643,
248.6,
228.9592,
248.6,
0,
2050, 
239.8181,
200.8111,
212.5005,
250,
179.1315,
228.7432,
224.3048,
250,
250,
234.9951,
230.5484,
228.5238,
226.8564,
217.3757,
223.73,
198.4269,
214.1834,
220.1544,
206.3781,
211.6137,
250,
250,
238.575,
250,
230.1036,
250,
0,
2051, 
239.8181,
205.9911,
213.246,
253,
179.2599,
229.4753,
224.3048,
253,
253,
240.772,
232.6258,
230.7916,
226.8564,
218.4464,
223.73,
199.953,
214.1834,
221.2075,
207.1964,
213.5675,
253,
253,
239.1806,
253,
231.1291,
253,
0,
2052, 
239.8181,
206.3931,
214.7574,
256,
179.2599,
229.4753,
224.3048,
256,
256,
241.3133,
233.4945,
231.1978,
226.9596,
218.4464,
223.73,
200.4623,
214.1834,
225.3604,
207.5365,
214.2424,
256,
256,
239.7428,
256,
231.4641,
256,
0,
2053, 
239.8181,
206.8016,
216.3851,
259,
179.2599,
229.4753,
224.3048,
259,
259,
241.7845,
233.8472,
231.5191,
228.2228,
218.4464,
223.73,
200.9869,
214.1834,
227.6227,
208.3436,
215.359,
259,
259,
240.2241,
259,
232.3174,
259,
0,
2054, 
241.9597,
207.2168,
218.1447,
262,
183.28,
229.4753,
224.3048,
262,
262,
241.9834,
233.8472,
231.6044,
228.2228,
219.3291,
223.73,
201.5277,
214.1834,
227.7169,
209.8401,
216.2983,
262,
262,
240.5875,
262,
233.4374,
262,
0,
2055, 
244.4317,
207.6389,
220.0551,
262,
185.9165,
229.4753,
224.3048,
265,
265,
242.3076,
233.8472,
231.9019,
229.7894,
220.436,
224.0869,
202.0859,
214.1834,
227.8108,
211.2137,
217.1928,
262,
265,
240.7928,
265,
234.9486,
265,
0,
2056, 
244.4317,
208.0684,
222.1389,
264.3557,
185.9165,
229.4753,
224.3048,
268,
268,
242.5504,
237.0143,
231.9019,
229.7894,
220.7756,
228.9341,
202.6628,
214.1834,
227.9044,
211.9563,
217.8873,
262,
268,
242.1091,
268,
235.2743,
268,
0,
2057, 
244.4317,
208.5055,
222.259,
264.3557,
190.3937,
229.4753,
224.3048,
271,
271,
242.5504,
240.1355,
232.3898,
229.7894,
222.9047,
231.8248,
202.7149,
214.1834,
228.0687,
212.7276,
218.0605,
262,
271,
247.8329,
271,
238.3772,
271,
0,
2058, 
244.4317,
208.9506,
222.3788,
265.5223,
196.4697,
229.4753,
224.3048,
274,
274,
242.5504,
242.6,
232.3898,
229.7894,
224.6064,
233.3965,
202.7664,
214.1834,
230.7984,
213.5272,
218.0605,
262,
271,
251.1691,
274,
239.0156,
274,
0,
2059, 
244.4317,
209.404,
222.4984,
268.3657,
203.8443,
229.4753,
224.3048,
277,
277,
242.5504,
244.2273,
232.3898,
229.7894,
225.9527,
233.3965,
202.8175,
214.1834,
230.9608,
214.6166,
218.0789,
262,
273.443,
252.3511,
277,
239.0991,
277,
0,
2060, 
244.4317,
209.8661,
222.6176,
268.3657,
222.0751,
229.4753,
224.3048,
280,
280,
242.5504,
244.2273,
232.3898,
229.7894,
225.9527,
233.3965,
202.868,
214.1834,
234.1674,
215.4819,
218.1393,
262,
273.8838,
253.434,
280,
239.5002,
280,
0,
2061, 
244.4317,
210.3374,
222.7366,
268.3657,
263.6266,
230.724,
224.3048,
283,
283,
242.5504,
243.9388,
233.297,
229.7894,
225.9527,
234.4693,
202.9179,
214.1834,
236.9754,
216.3824,
218.2855,
262,
274.6326,
254.4341,
283,
239.9588,
283,
0,
2062, 
244.4317,
210.8014,
222.907,
268.3657,
269.7822,
233.7543,
224.3048,
286,
286,
243.5159,
242.2917,
234.0734,
229.7894,
225.9527,
237.5078,
203.6768,
214.1834,
239.3168,
217.28,
218.7204,
262,
274.6326,
255.3208,
286,
240.0629,
286,
0,
2063, 
244.4317,
211.2577,
222.907,
268.3657,
274.9043,
237.3241,
224.3048,
289,
289,
243.9151,
239.0701,
234.3266,
229.7894,
225.9527,
239.9287,
204.4401,
214.1834,
242.004,
218.2172,
219.026,
262,
274.6326,
256.0844,
289,
243.6834,
289,
0,
2064, 
244.4317,
211.7058,
222.907,
268.3657,
279.2419,
237.3241,
224.3048,
292,
292,
244.2795,
263.3622,
235.4096,
229.7894,
227.8084,
241.3489,
205.2082,
214.1834,
244.1784,
219.2615,
219.3014,
262,
276.1271,
256.7241,
292,
245.9998,
292,
0,
2065, 
244.4317,
212.1456,
222.907,
268.4388,
279.7814,
237.3241,
224.3048,
295,
295,
244.2795,
275.0574,
237.8369,
229.7894,
229.9841,
241.3489,
205.9816,
214.1834,
246.6142,
220.1951,
219.57,
262,
276.2543,
257.2276,
295,
245.9998,
295,
0,
2066, 
244.4317,
212.5763,
222.907,
268.4388,
284.4899,
237.3241,
224.3048,
298,
298,
244.2795,
277.5806,
243.1947,
230.6455,
232.3203,
247.1459,
206.7611,
214.1834,
248.6868,
221.1421,
219.8907,
262,
276.498,
257.5681,
298,
247.008,
298,
0,
2067, 
244.4317,
212.9977,
222.907,
268.4388,
284.4899,
237.3241,
224.3048,
301,
301,
244.2795,
277.5806,
246.0973,
231.0456,
232.3203,
251.6999,
207.1718,
214.1834,
254.2576,
221.6103,
220.1798,
262,
276.9489,
257.8185,
301,
247.968,
301,
0,
2068, 
244.4317,
213.4093,
222.907,
268.4388,
284.4899,
237.3241,
224.3048,
304,
304,
244.2795,
277.5806,
246.0973,
231.3809,
232.3203,
256.2082,
207.5693,
214.1834,
258.407,
222.0719,
220.445,
262,
278.7172,
257.9172,
304,
248.6486,
304,
0,
2069, 
244.4317,
213.8104,
222.907,
270.5874,
284.4899,
237.3241,
224.3048,
307,
307,
244.2795,
277.5806,
246.0973,
231.679,
232.3203,
259.116,
207.9526,
214.1834,
259.0015,
222.5264,
220.6872,
262,
285.8405,
258.0029,
307,
251.565,
307,
0,
2070, 
244.4317,
214.2005,
222.907,
270.5874,
284.4899,
237.3241,
224.3048,
310,
310,
244.2795,
277.5806,
247.2523,
231.679,
232.3203,
259.7877,
208.3207,
214.1834,
260.7022,
222.9735,
220.8837,
262,
288.3429,
258.0938,
310,
254.9557,
310,
0,
2071, 
244.4317,
214.579,
222.907,
270.9425,
284.4899,
237.3241,
224.3048,
313,
313,
244.4402,
277.5806,
248.9261,
231.679,
232.3203,
267.8647,
208.6725,
214.1834,
262.4926,
223.413,
221.1003,
262,
289.951,
258.1382,
313,
255.1779,
313,
0,
2072, 
244.4317,
214.9452,
223.2281,
281.1201,
284.4899,
238.6039,
224.3048,
316,
316,
246.0298,
277.5806,
249.8365,
231.679,
232.3203,
268.4141,
209.5936,
214.5548,
263.2794,
224.1132,
221.9331,
262,
291.3395,
258.181,
316,
258.4387,
316,
0,
2073, 
244.4317,
215.2984,
223.5403,
283.6041,
284.4899,
239.9201,
224.3048,
319,
319,
247.0321,
282.6875,
250.2187,
231.679,
232.3203,
269.1945,
210.5476,
214.9129,
267.9039,
224.8133,
222.7738,
262,
292.2068,
258.181,
319,
258.7742,
319,
0,
2074, 
244.4317,
215.6379,
223.8433,
286.8811,
284.4899,
241.2764,
224.3048,
322,
322,
247.3302,
292.2885,
250.3076,
231.679,
232.3203,
270.7524,
211.5426,
215.2569,
271.468,
225.5135,
223.6242,
262,
292.2834,
258.181,
322,
261.6386,
322,
0,
2075, 
244.4317,
215.9627,
224.1366,
287.6081,
284.4899,
242.6768,
224.3048,
325,
325,
247.6234,
254.9914,
250.3945,
231.8998,
232.3203,
272.1472,
212.5893,
215.5859,
273.1997,
226.2137,
224.4854,
262,
292.3673,
258.181,
325,
261.9584,
325,
0,
2076, 
244.5862,
216.272,
224.42,
287.6081,
284.4899,
244.1259,
224.3048,
328,
328,
247.767,
262.7626,
250.4792,
232.343,
232.3203,
273.4939,
213.7027,
215.899,
277.0643,
226.9139,
225.3585,
262,
292.4532,
258.3936,
328,
262.3528,
328,
0,
2077, 
244.8029,
216.5649,
241.3666,
289.8323,
284.4899,
244.1446,
224.3048,
331,
331,
247.767,
275.6645,
250.5128,
232.5249,
233.2951,
282.2037,
215.1342,
216.3389,
279.3161,
227.2359,
226.4715,
262,
293.6618,
258.459,
331,
263.3762,
331,
0,
2078, 
245.0147,
216.8402,
250.4576,
292.5306,
284.4899,
244.1628,
224.3048,
334,
334,
247.767,
280.6834,
250.5455,
232.5249,
234.2884,
282.9327,
216.7778,
216.7612,
280.2603,
227.5478,
227.6265,
262,
295.9541,
258.459,
334,
264.5502,
334,
0,
2079, 
245.2214,
217.0967,
250.8015,
292.5306,
284.4899,
244.1803,
224.3048,
337,
337,
247.767,
282.7789,
250.5772,
232.6167,
235.3022,
286.8514,
217.233,
217.1642,
281.8253,
227.8493,
228.8304,
262,
299.8445,
258.459,
337,
267.2379,
337,
0,
2080, 
245.423,
217.3333,
257.3051,
292.5306,
284.4899,
244.1972,
224.3048,
340,
340,
248.4973,
313.161,
250.608,
233.6037,
236.3386,
290.2019,
217.2957,
217.5457,
283.8436,
228.1399,
230.0914,
262,
302.3331,
258.459,
340,
269.5956,
340,
0,
2081, 
245.6193,
217.5485,
261.6199,
292.5306,
284.4899,
244.2135,
224.3048,
343,
343,
249.5265,
314.464,
250.6378,
234.0195,
237.4002,
290.2603,
217.3509,
217.9033,
284.4857,
228.3603,
231.4199,
262,
304.3643,
258.459,
343,
271.8701,
343,
0,
2082, 
259.8434,
217.7408,
267.2026,
293.4949,
284.4899,
244.2135,
224.3048,
346,
346,
250.6998,
314.9453,
250.692,
234.3091,
237.5278,
290.479,
217.3984,
219.9942,
287.7197,
228.3603,
232.2495,
262,
305.968,
258.5503,
346,
274.2241,
346,
0,
2083, 
260.0657,
217.9086,
270.6022,
293.4949,
284.4899,
244.2135,
224.3048,
349,
349,
250.7446,
314.9453,
250.692,
234.5004,
238.5372,
294.152,
217.4381,
222.5384,
289.2244,
229.6455,
232.9719,
262,
306.7918,
258.5688,
349,
276.8504,
349,
0,
2084, 
260.2837,
219.2785,
270.6022,
294.2098,
284.4899,
244.2135,
224.3048,
352,
352,
255.8692,
312.039,
250.9411,
234.6335,
242.1286,
294.3468,
217.4697,
224.2933,
291.0779,
230.2777,
233.5104,
262,
307.9164,
258.5688,
352,
277.7424,
352,
0,
2085, 
260.4973,
221.0715,
277.8026,
300.088,
284.4899,
244.2135,
224.3048,
355,
355,
258.8676,
311.8577,
251.1843,
234.6335,
245.3437,
294.537,
217.4933,
226.4795,
291.7664,
232.7416,
234.0146,
262,
309.2304,
258.5688,
355,
278.2333,
355,
0,
2086, 
269.8935,
221.3207,
277.8026,
300.088,
284.4899,
244.2135,
224.3048,
358,
358,
258.8676,
312.6583,
251.6959,
236.2051,
245.3437,
298.1194,
218.562,
226.4795,
294.5127,
235.2924,
235.5262,
262,
312.7315,
258.5688,
358,
279.2131,
358,
0,
2087, 
273.7812,
221.5514,
277.8026,
305.3726,
284.4899,
244.2135,
224.3048,
361,
361,
258.8676,
311.8177,
251.6959,
237.9284,
245.3442,
298.1194,
220.1891,
226.4795,
297.9801,
235.2924,
237.5691,
262,
314.8696,
258.5688,
361,
280.7002,
361,
0,
2088, 
274.0467,
221.7522,
278.3949,
309.5902,
284.4899,
244.4064,
224.3048,
364,
364,
258.8676,
311.8184,
251.7525,
239.8468,
245.5313,
298.3062,
220.2329,
226.4795,
300.6813,
236.884,
241.4973,
262,
316.8584,
258.5688,
364,
280.7002,
364,
0,
2089, 
274.3282,
221.9083,
280.0063,
312.4822,
284.4899,
244.4064,
225.4147,
367,
367,
258.8676,
312.4437,
251.8098,
242.0219,
245.78,
298.3062,
220.6,
226.4795,
302.3057,
236.884,
245.4349,
262,
317.9132,
258.5688,
367,
280.7002,
367,
0,
2090, 
274.6253,
222,
281.3313,
315.1635,
284.4899,
244.4064,
225.4147,
370,
370,
258.8676,
313.0109,
251.8098,
242.0219,
246.4816,
298.3062,
370,
226.4795,
303.8539,
236.884,
253.7327,
262,
318.0072,
258.5688,
370,
280.7002,
370,
0,
2091, 
276.1622,
373,
281.6877,
320.1455,
284.4899,
244.5978,
231.8195,
373,
373,
258.8676,
314.6208,
251.8938,
242.0219,
246.4816,
298.3062,
373,
226.4795,
306.6198,
236.884,
254.9845,
262,
318.0072,
258.5688,
373,
281.6399,
373,
0,
2092, 
276.1622,
376,
303.0436,
320.9622,
284.4899,
244.5978,
231.8195,
376,
376,
258.8676,
315.6298,
251.8938,
245.1246,
246.4816,
313.4662,
376,
226.4795,
315.682,
241.9585,
256.0266,
322.1169,
318.0072,
259.4552,
376,
283.605,
376,
0,
2093, 
276.1622,
379,
326.9529,
320.9622,
284.4899,
244.5978,
231.8195,
379,
379,
258.8676,
315.722,
256.4079,
247.5794,
250.9061,
318.0353,
379,
227.8253,
321.0534,
245.6592,
256.0266,
331.1694,
318.3546,
260.3541,
379,
284.7665,
379,
0,
2094, 
276.1622,
382,
354.2716,
320.9622,
284.4899,
244.5978,
231.8195,
382,
382,
258.8676,
318.9942,
269.4411,
250.1596,
257.2939,
318.392,
382,
230.4215,
323.8971,
250.1308,
257.9406,
331.1694,
318.5772,
260.766,
382,
286.2169,
382,
0,
2095, 
276.1622,
385,
354.2716,
321.3145,
284.4899,
249.6781,
231.8195,
385,
385,
258.8676,
319.0783,
270.9883,
251.4412,
260.3554,
318.5417,
385,
231.5924,
325.8297,
255.4516,
268.3437,
331.1694,
320.0832,
260.96,
385,
286.8076,
385,
0,
2096, 
276.1622,
388,
354.2716,
322.1284,
284.4899,
252.9109,
231.8195,
388,
388,
258.8676,
319.1129,
271.57,
252.754,
262.5657,
322.3397,
388,
237.7614,
327.9443,
267.0414,
269.3584,
331.1694,
321.2519,
261.114,
388,
287.6412,
388,
0,
2097, 
276.1622,
391,
354.2716,
322.3419,
284.4899,
254.8188,
232.8685,
391,
391,
260.0695,
319.1679,
275.5463,
255.2049,
265.1147,
325.2948,
391,
237.7614,
329.855,
279.861,
271.4444,
331.1694,
322.2252,
261.7932,
391,
288.6855,
391,
0,
2098, 
276.1622,
394,
354.2716,
322.3419,
284.4899,
255.1744,
233.2,
394,
394,
260.5078,
319.2257,
280.1436,
256.935,
266.2738,
327.9773,
394,
237.7614,
332.3701,
283.9215,
276.1172,
331.1694,
323.1284,
263.1725,
394,
290.1,
394,
0,
2099, 
276.1622,
397,
354.2716,
322.3419,
284.4899,
255.1744,
397,
397,
397,
261.1579,
319.2703,
282.6292,
258.2952,
266.2738,
330.4337,
397,
237.7614,
334.4704,
299.9138,
278.2549,
331.1694,
323.1548,
264.5382,
397,
291.9525,
397,
0,
2100, 
276.1622,
400,
354.2716,
322.3419,
284.4899,
255.1744,
400,
400,
400,
262.0852,
319.3111,
283.7668,
259.8288,
266.2738,
333.0759,
400,
237.7614,
336.5185,
302.9392,
280.8332,
331.1694,
323.1548,
265.2043,
400,
292.8828,
400,
0];
