real main.em.ep.isp.StorCapTot[28](t) = [1971, 
565.3951,
2971.177,
36.59446,
18.78491,
56.40872,
70.02373,
51.0629,
35.66208,
10.54651,
188.871,
3517.749,
687.3421,
37.0469,
554.5444,
110.129,
1602.093,
123.6846,
163.0802,
43.73034,
188.3745,
28.22136,
2.395723,
680.6717,
110.138,
12.19796,
21.96154,
0,
11887.89,
1972, 
645.0688,
2972.251,
41.50166,
20.93335,
61.65432,
74.44071,
51.74794,
38.52648,
11.36496,
205.0731,
3674.055,
750.1613,
42.81575,
588.204,
113.1394,
1694.571,
139.7652,
170.4211,
47.06676,
206.8299,
32.03099,
2.769475,
727.324,
108.7564,
12.24841,
31.47324,
0,
12464.2,
1973, 
714.8793,
3245.513,
45.12904,
23.28801,
71.45206,
83.26349,
53.03821,
42.90488,
11.52976,
218.1332,
3939.446,
782.0963,
43.30836,
621.476,
121.257,
1793.058,
167.1888,
176.5149,
53.26481,
226.2014,
37.82163,
3.402416,
787.5419,
123.9528,
14.23783,
40.05233,
0,
13439.95,
1974, 
739.617,
3270.951,
57.15521,
24.33067,
79.61533,
91.07869,
56.71687,
43.03695,
11.14532,
233.6268,
4032.852,
831.0828,
49.12922,
657.2949,
130.0857,
1902.559,
187.3344,
185.125,
58.54874,
234.1879,
40.24559,
4.525861,
777.5819,
133.089,
16.01766,
50.52867,
0,
13897.46,
1975, 
720.2589,
3368.073,
60.57813,
24.18325,
85.77917,
95.43327,
64.4827,
48.26931,
11.62102,
251.1311,
4018.073,
869.3322,
58.9721,
594.8968,
115.7397,
1762.141,
217.4598,
205.5317,
65.46823,
277.4307,
41.9365,
5.138251,
794.8664,
138.1078,
17.97915,
53.18402,
0,
13966.07,
1976, 
770.7585,
3597.496,
64.31172,
27.33772,
98.87271,
102.9838,
73.92672,
50.18605,
13.48273,
263.2019,
4319.735,
923.6973,
67.05134,
621.9884,
122.5412,
1876.704,
256.201,
230.9854,
71.56219,
308.1046,
47.25456,
4.77154,
850.1547,
144.0277,
18.92257,
57.06328,
0,
14983.32,
1977, 
826.8419,
3718.35,
69.537,
29.62038,
109.0733,
112.7603,
84.54615,
54.89832,
14.17433,
263.2902,
4415.528,
962.5634,
75.1629,
638.9871,
126.6182,
1939.023,
324.3994,
246.0201,
78.31963,
336.4682,
52.46445,
5.964016,
885.7702,
151.5515,
20.37514,
62.08236,
0,
15604.39,
1978, 
887.1095,
3820.333,
76.83775,
31.27218,
120.7728,
118.3044,
95.17812,
53.05405,
14.90004,
274.8417,
4579.075,
1012.027,
80.17468,
659.3107,
130.9119,
2028.405,
366.1562,
270.5517,
86.85787,
383.7943,
54.30836,
8.35358,
926.9185,
156.1583,
22.89318,
60.27359,
0,
16318.77,
1979, 
929.9561,
3896.712,
82.37904,
32.64663,
135.3528,
131.9015,
106.4358,
61.22644,
15.30274,
288.9659,
4774.361,
1019.171,
81.7829,
675.0175,
179.9742,
2074.965,
423.5017,
274.483,
94.15851,
419.5962,
59.07816,
10.06794,
976.8931,
163.4906,
25.64357,
64.93886,
0,
16998,
1980, 
956.4401,
3946.016,
86.42717,
32.94049,
155.3963,
141.1154,
119.0098,
68.52971,
15.488,
313.1628,
4806.869,
1064.865,
84.21157,
706.547,
196.9572,
2234.769,
469.0094,
286.5391,
98.31493,
409.9123,
63.06873,
12.67404,
964.7715,
171.4247,
26.90315,
59.81703,
0,
17491.18,
1981, 
1005.637,
3978.001,
94.37599,
34.07544,
149.4849,
146.6924,
135.1373,
67.04079,
16.38064,
357.5253,
4854.481,
1072.632,
88.23033,
724.8632,
202.0441,
2363.664,
556.1653,
314.4401,
105.4366,
414.079,
67.09756,
12.48827,
974.1904,
182.504,
28.78546,
56.63546,
0,
18002.09,
1982, 
987.376,
3880.227,
98.61836,
35.28513,
156.7313,
148.8027,
147.991,
74.62556,
17.73814,
375.8698,
4845.105,
1087.203,
96.21159,
740.2025,
209.2758,
2456.043,
659.3551,
335.5447,
111.1757,
441.7136,
71.90279,
15.20374,
963.9808,
185.5104,
30.88328,
56.61477,
0,
18229.19,
1983, 
1031.829,
3968.32,
97.85432,
37.51384,
162.191,
155.9216,
163.2696,
69.42338,
18.88261,
382.6068,
4959.604,
1135.895,
100.5357,
761.1735,
215.9352,
2584.444,
675.0314,
359.1055,
121.1526,
477.77,
78.58777,
17.83739,
1017.419,
190.0779,
34.33382,
55.45483,
0,
18872.17,
1984, 
1112.393,
4149.269,
106.0196,
38.59481,
181.4791,
160.5078,
180.2275,
64.49085,
18.91038,
423.2174,
5139.854,
1186.7,
113.5289,
791.02,
225.1806,
2748.781,
727.5204,
397.1645,
130.4102,
501.5546,
84.75751,
20.98391,
1070.48,
203.079,
38.73754,
54.67818,
0,
19869.54,
1985, 
1179.833,
4229.867,
92.49202,
38.04957,
196.5491,
163.4609,
193.5774,
78.16955,
20.26863,
437.8152,
5329.465,
1188.373,
123.9645,
811.0883,
232.8396,
2853.368,
780.3828,
435.9334,
140.4291,
536.3404,
89.56615,
21.78817,
1111.734,
217.9633,
41.83033,
56.73052,
0,
20601.88,
1986, 
1207.455,
4229.596,
104.1319,
40.66998,
207.8596,
185.0597,
191.155,
81.83199,
21.51568,
449.8878,
5414.227,
1243.174,
142.13,
829.8746,
236.665,
2981.992,
850.5414,
476.1934,
151.5424,
589.0726,
92.69881,
30.70439,
1127.34,
225.155,
46.27349,
58.01381,
0,
21214.76,
1987, 
1287.346,
4307.618,
112.7816,
43.03093,
210.6672,
199.0593,
204.4468,
85.30698,
23.22854,
460.6875,
5591.132,
1267.558,
159.0826,
861.4124,
238.3871,
3101.597,
869.8829,
516.6104,
168.4137,
650.562,
99.93712,
35.58558,
1201.88,
237.4181,
51.22211,
56.57265,
0,
22041.43,
1988, 
1317.601,
4485.579,
114.9625,
43.28976,
218.6441,
224.9127,
222.851,
89.60381,
24.72714,
478.0977,
5834.881,
1260.16,
166.9059,
888.7118,
242.7628,
3178.834,
1000.788,
568.7565,
190.5084,
711.4704,
109.4264,
37.58635,
1269.82,
248.0657,
58.79735,
62.57767,
0,
23050.32,
1989, 
1289.861,
4893.241,
122.4743,
46.22725,
232.5741,
214.7347,
233.3084,
93.53585,
26.15715,
488.6958,
6019.265,
1276.096,
179.9641,
905.0896,
244.2434,
3414.739,
1020.843,
621.5188,
207.7761,
764.8552,
120.0925,
41.58057,
1349.992,
266.1708,
61.33344,
60.02783,
0,
24194.4,
1990, 
1248.923,
4996.51,
126.6275,
46.67552,
222.7843,
231.7873,
241.5084,
95.24791,
30.09749,
496.6354,
6149.64,
1207.738,
198.7653,
976.1939,
302.8518,
3335.863,
1092.569,
668.2442,
223.1395,
812.6366,
132.1669,
49.3932,
1474.732,
272.8995,
66.75584,
66.80064,
0,
24767.19,
1991, 
1322.582,
5039.188,
130.3356,
45.41085,
236.9313,
218.2244,
254.7627,
97.35522,
32.05352,
497.3921,
6288.614,
1153.288,
202.6361,
900.0445,
259.4619,
3111.432,
1209.783,
727.5938,
235.3253,
971.8291,
142.6066,
55.89296,
1523.495,
280.5987,
71.60429,
73.61726,
0,
25082.06,
1992, 
1353.476,
5126.519,
133.4971,
47.92377,
243.2849,
225.7323,
269.3197,
101.0519,
33.28563,
509.8241,
6333.01,
1069.556,
228.556,
767.144,
240.8649,
2692.239,
1286.646,
760.2409,
250.2568,
1072.993,
154.5308,
61.07423,
1541.729,
286.2253,
78.65116,
63.69321,
0,
24931.32,
1993, 
1400.563,
5249.736,
134.8813,
48.92027,
253.0582,
238.422,
291.4167,
101.4239,
34.52805,
531.0497,
6345.888,
1065.244,
250.8167,
696.7232,
202.9228,
2721.993,
1325.593,
802.9744,
277.3294,
1107.48,
170.4296,
68.27345,
1559.137,
295.4307,
82.07779,
65.12054,
0,
25321.43,
1994, 
1477.74,
5385.002,
145.1323,
52.48501,
260.181,
253.1848,
311.2737,
101.4193,
35.25368,
549.5348,
6480.928,
1126.464,
263.8955,
633.2929,
199.9057,
2400.916,
1409.66,
861.7704,
311.3709,
1201.65,
192.435,
75.92519,
1631.347,
304.684,
86.29107,
63.12724,
0,
25814.87,
1995, 
1493.11,
5534.945,
147.7849,
55.38862,
273.2014,
265.2028,
329.222,
107.2398,
38.50672,
556.9418,
6651.219,
1130.273,
295.0763,
664.5671,
198.3401,
2395.043,
1480.045,
934.5535,
347.3756,
1307.701,
213.3443,
88.07111,
1658.251,
313.2729,
91.7474,
64.51295,
0,
26634.94,
1996, 
1537.462,
5668.93,
140.9612,
58.28796,
286.8224,
277.5948,
372.0617,
111.7164,
40.29938,
581.1083,
6757.418,
1244.485,
320.8386,
666.6448,
191.592,
2365.099,
1541.957,
986.04,
385.0984,
1373.27,
232.3765,
102.2019,
1706.595,
319.944,
96.16563,
58.25499,
0,
27423.22,
1997, 
1560.221,
5803.378,
151.9125,
63.07049,
301.7194,
299.8334,
400.5715,
112.182,
43.42894,
602.0753,
6891.858,
1267.573,
349.6754,
660.5526,
188.0473,
2327.508,
1667.711,
1040.008,
421.0998,
1455.938,
248.8287,
107.9072,
1745.37,
330.4466,
99.83031,
61.12849,
0,
28201.88,
1998, 
1541.175,
5943.437,
163.3221,
67.65079,
311.0638,
315.9265,
427.6834,
109.5607,
44.64923,
593.2267,
7045.218,
1285.672,
372.6056,
634.7513,
181.0235,
2355.972,
1881.151,
1113.368,
412.9661,
1525.535,
245.3198,
111.2143,
1748.84,
349.9438,
103.4804,
79.89674,
0,
28964.65,
1999, 
1573.02,
6057.218,
172.6933,
72.95951,
323.1105,
316.3152,
453.2419,
115.0245,
45.9561,
591.721,
7125.812,
1259.25,
385.2367,
658.7606,
177.9125,
2419.096,
1803.323,
1195.807,
459.5851,
1588.837,
262.3447,
129.8588,
1774.826,
368.7704,
103.3469,
86.47496,
0,
29520.5,
2000, 
1619.701,
6344.324,
183.8833,
74.66224,
335.002,
332.5786,
482.4183,
118.6216,
47.63601,
619.6481,
7151.987,
1339.135,
416.5612,
651.3626,
181.3994,
2538.943,
1817.155,
1262.908,
543.8875,
1795.028,
284.8007,
139.9345,
1849.401,
380.1145,
112.7044,
94.1105,
0,
30717.91,
2001, 
1579.724,
6036.887,
189.3477,
76.66696,
328.1645,
330.7645,
510.2705,
126.1314,
49.84194,
599.1876,
7134.575,
1460.221,
422.606,
693.5787,
174.0278,
2652.393,
1899.68,
1311.283,
580.7723,
1977.981,
302.5651,
147.7656,
1831.397,
404.1635,
126.4622,
106.0162,
0,
31052.47,
2002, 
1601.055,
6216.248,
192.1722,
79.94652,
348.0615,
326.7025,
534.3167,
133.9978,
49.98487,
648.2745,
6969.003,
1395.987,
446.0656,
689.3322,
177.368,
2560.416,
1972.567,
1351.733,
620.5956,
2141.593,
320.7812,
156.4853,
1867.594,
404.7896,
133.3852,
112.9533,
0,
31451.41,
2003, 
1558.796,
6273.961,
235.2676,
81.74722,
362.1778,
343.3486,
561.4773,
132.2992,
52.97656,
678.6013,
6901.652,
1404.014,
481.7314,
713.9355,
188.6367,
2608.962,
2073.951,
1442.437,
647.3806,
2454.234,
346.7342,
163.4594,
1866.122,
387.5928,
141.6298,
108.1267,
0,
32211.25,
2004, 
1581.591,
6482.581,
234.6699,
82.24966,
387.3919,
366.2629,
594.933,
146.1337,
57.44487,
701.2502,
6820.224,
1486.907,
514.2941,
746.0732,
195.4836,
2691.516,
2209.006,
1535.663,
682.5542,
2814.318,
370.2744,
174.5397,
1920.665,
398.1606,
153.0503,
116.0428,
0,
33463.28,
2005, 
1543.356,
6485.07,
246.4156,
86.55458,
398.6024,
380.9649,
608.4149,
155.1086,
62.00373,
710.2116,
6720.512,
1461.462,
545.5726,
724.3607,
200.2108,
3037.683,
2217.365,
1633.547,
726.4239,
3182.87,
399.2438,
186.3798,
1963.701,
398.9589,
164.7538,
124.8802,
0,
34364.63,
2006, 
1485.213,
6463.303,
253.2962,
91.61388,
416.582,
403.14,
644.9697,
164.3274,
65.99174,
744.0087,
6568.687,
1483.862,
585.7957,
756.8807,
204.8184,
3049.432,
2345.201,
1768.168,
748.8385,
3651.784,
421.8097,
189.6916,
1991.339,
401.0238,
174.3476,
127.9803,
0,
35202.11,
2007, 
1573.773,
6502.168,
263.0877,
94.19646,
441.5484,
412.9192,
714.1276,
173.6482,
71.88729,
762.2806,
6336.555,
1474.387,
633.5244,
769.5411,
213.2782,
3064.968,
2528.98,
1898.924,
790.6586,
4199.044,
446.9742,
193.6407,
2051.419,
418.6761,
180.2939,
131.2576,
0,
36341.76,
2008, 
1562.951,
6384.741,
266.92,
92.65521,
459.9484,
440.0783,
746.6765,
177.1564,
71.80117,
759.2958,
6237.505,
1472.688,
642.1831,
728.6863,
195.7457,
3118.581,
2638.011,
1827.456,
844.0995,
4642.79,
458.0624,
197.9534,
1982.131,
418.621,
187.7509,
133.4353,
0,
36687.92,
2009, 
1492.392,
6045.007,
263.382,
92.52688,
464.9546,
445.2896,
850.6191,
184.5091,
78.42539,
740.5822,
5746.563,
1416.712,
627.3519,
628.9778,
187.6835,
2938.212,
2909.683,
1962.636,
881.7267,
5356.225,
481.1093,
202.3488,
1971.888,
402.6635,
195.7019,
144.9068,
0,
36712.08,
2010, 
1481.226,
6198.587,
278.3769,
96.71484,
516.4615,
440.7814,
922.837,
198.7335,
89.27409,
771.6155,
6003.642,
1452.421,
678.7725,
646.9493,
207.1072,
2950.163,
3046.221,
2117.699,
951.6053,
6457.085,
525.5302,
218.2652,
2038.695,
424.6628,
202.2233,
152.9939,
0,
39068.64,
2011, 
1542.538,
5994.971,
308.0071,
101.2387,
535.3812,
455.5748,
951.6057,
205.3538,
104.2146,
779.2145,
6056.723,
1455.134,
738.9441,
658.1883,
200.361,
3015.488,
3174.039,
2348.916,
991.4028,
7878.211,
553.1151,
232.4643,
2104.476,
424.6576,
215.447,
156.223,
0,
41181.89,
2012, 
1500.009,
5971.22,
321.3286,
105.0393,
564.7498,
486.5066,
1013.446,
211.2207,
116.3336,
774.6719,
6246.794,
1384.532,
798.6323,
660.6943,
213.3771,
3021.994,
3386.307,
2475.7,
1032.806,
9029.801,
613.0059,
243.2937,
2215.26,
444.0895,
232.0977,
160.3326,
0,
43223.24,
2013, 
1409.239,
6037.588,
315.717,
110.4068,
588.5509,
522.5303,
1073.294,
236.7999,
127.3875,
782.677,
5995.31,
1364.06,
810.4157,
640.9208,
256.1672,
3033.942,
3584.153,
2651.429,
1079.614,
10682.44,
676.5652,
267.8756,
2610.019,
474.8314,
262.2715,
168.6618,
0,
45762.87,
2014, 
1365.224,
6140.879,
333.3417,
114.7688,
625.7955,
526.2805,
1142.269,
251.1705,
145.0017,
890.0177,
6023.584,
1330.002,
855.1353,
602.1039,
234.0187,
3058.502,
3884.258,
2973.902,
1139.888,
12521.97,
781.7025,
287.6436,
2998.309,
484.7793,
285.3292,
191.2875,
0,
49187.16,
2015, 
1274.214,
6377.304,
347.1738,
125.4044,
629.0385,
565.3804,
1280.286,
275.4929,
164.1555,
934.1093,
5607.855,
1287.445,
910.8051,
551.8533,
243.0989,
3075.235,
4340.049,
3256.795,
1229.526,
14739.56,
872.9019,
306.1872,
3803.149,
522.5348,
305.7786,
201.0295,
0,
53226.37,
2016, 
1251.562,
6621.862,
368.3535,
128.7144,
663.5331,
573.3879,
1403.135,
284.7196,
174.6081,
1036.019,
5836.625,
1305.227,
1026.159,
549.933,
287.4857,
3078.872,
4783.117,
3655.292,
1321.892,
16879.22,
1040.524,
330.7337,
4328.36,
565.327,
355.6433,
195.4317,
0,
58045.74,
2017, 
1289.851,
7077.683,
373.0431,
128.2261,
709.3212,
574.2794,
1447.073,
301.5231,
185.5518,
1132.549,
6028.534,
1305.933,
1110.031,
561.6414,
363.893,
3135.959,
4878.128,
4116.989,
1447.866,
20094.53,
1134.042,
352.2615,
4835.717,
624.6149,
402.6207,
211.5141,
0,
63823.38,
2018, 
1250.175,
7531.317,
395.1308,
135.5808,
740.4871,
583.8219,
1626.277,
331.4263,
220.975,
1267.015,
6398.774,
1478.155,
1814.912,
606.0884,
376.3839,
3125.751,
4867.069,
4718.585,
1605.271,
23550.63,
1237.884,
410.4019,
5307.647,
761.3094,
438.9886,
235.2515,
0,
71015.31,
2019, 
1289.81,
7838.308,
367.8568,
140.8391,
791.7881,
554.0856,
1767.377,
359.2981,
252.3991,
1301.575,
7146.568,
1396.328,
1942.851,
671.1516,
411.2558,
3166.191,
5511.382,
5118.683,
1826.69,
26583.34,
1583.601,
449.7093,
5741.272,
924.3891,
468.3812,
264.1583,
0,
77869.28,
2020, 
1266.55,
8122.854,
374.7699,
132.5053,
766.6927,
548.6738,
1824.576,
383.1367,
264.8426,
1349.691,
7756.191,
1480.698,
2091.997,
698.7318,
372.8579,
3061.934,
5928.16,
5237.908,
2062.959,
30851.87,
1929.268,
452.6929,
6217.805,
1111.114,
494.0402,
267.8814,
0,
85050.4,
2021, 
1286.084,
9222.867,
402.3939,
145.0055,
845.4611,
616.356,
1931.166,
412.3447,
294.7622,
1424.947,
8084.316,
1661.587,
2357.161,
718.8264,
459.4185,
3203.402,
6338.019,
5795.054,
2411.624,
36245.55,
2575.466,
488.0424,
6729.805,
1361.314,
560.8054,
292.6882,
0,
95864.47,
2022, 
1312.268,
10148.68,
463.3951,
154.6708,
893.3688,
615.6005,
1967.647,
491.7171,
333.1204,
1427.597,
8851.687,
1803.716,
2605.153,
601.1554,
504.2389,
3172.092,
7294.191,
6718.333,
2581.103,
40256.16,
2729.154,
533.3738,
7050.552,
1587.256,
641.9487,
365.403,
0,
105103.6,
2023, 
1299.205,
11553.58,
482.3617,
161.3623,
958.0314,
632.0856,
2116.1,
575.968,
356.044,
1441.503,
9752.729,
1992.729,
2846.885,
623.046,
569.1981,
3217.62,
8108.241,
7413.734,
2778.125,
48747.59,
2911.278,
587.0931,
7291.883,
1816.422,
671.0474,
389.4835,
0,
119293.3,
2024, 
1121.542,
13538.04,
506.0213,
168.5973,
994.8251,
658.9305,
2290.328,
640.7671,
384.4066,
1502.252,
10616.84,
2261.02,
3842.172,
566.4164,
628.6929,
3202.676,
8663.567,
8595.404,
2862.375,
57087.41,
3081.106,
631.259,
7437.463,
2140.612,
728.4355,
422.2615,
0,
134573.4,
2025, 
1123.562,
15835.09,
510.9623,
220.7566,
1125.642,
700.1821,
2435.272,
715.782,
564.1267,
1792.126,
11557.46,
2473.195,
4095.184,
593.3018,
679.8627,
3188.872,
14338.17,
10807.71,
3166.798,
60759.43,
3396.487,
1067.019,
8367.836,
2532.688,
906.0492,
465.5762,
0,
153419.1,
2026, 
1085.099,
17229.95,
528.0928,
234.1526,
1133.561,
726.6756,
2396.899,
797.2191,
718.5423,
1679.762,
12472.05,
2684.027,
4026.134,
639.6133,
975.5865,
3178.057,
13927.19,
12709.41,
3217.074,
71741.14,
3682.976,
1229.376,
8596.939,
2850.939,
1107.492,
481.5751,
0,
170049.5,
2027, 
1055.903,
18597.34,
551.5781,
270.7427,
1145.626,
763.3869,
2373.177,
996.4589,
898.593,
1579.185,
13336.05,
2884.807,
4071.499,
706.8221,
1381.869,
3168.157,
14767.32,
14821.5,
3367.273,
80413.34,
4172.367,
1899.065,
8879.483,
3262.817,
1396.728,
494.1341,
0,
187255.2,
2028, 
1077.216,
19546.74,
594.7332,
318.7534,
1158.319,
799.8375,
2328.227,
1297.309,
1077.622,
1500.434,
14406.87,
3192.573,
4175.067,
774.1107,
1882.535,
3149.062,
16154.92,
17321.14,
3395.915,
91134.56,
5081.318,
2841.582,
9302.368,
3698.543,
1863.097,
512.6698,
0,
208585.5,
2029, 
1150.776,
20588.25,
643.0599,
368.9405,
1180.925,
917.2115,
2288.938,
1657.31,
1206.853,
1449.327,
15507.36,
3513.192,
4415.12,
820.378,
2367.869,
3136.01,
17430.13,
20033.44,
3430.628,
101651.6,
6184.491,
3777.269,
9636.461,
4282.151,
2317.91,
524.4968,
0,
230480.1,
2030, 
1150.94,
21578.25,
697.5063,
434.3537,
1195.964,
1026.052,
2201.091,
2030.13,
1280.985,
1422.522,
16118.32,
3786.162,
4709.919,
885.4103,
3094.214,
3133.1,
17438.86,
22744.18,
3451.177,
111363,
7306.353,
4594.013,
9984.649,
4932.946,
2729.625,
514.5726,
0,
249804.3,
2031, 
1167.363,
22703.46,
810.0427,
539.6392,
1221.513,
1160.315,
2209.559,
2261.014,
1337.679,
1417.036,
16895.49,
4034.396,
4887.707,
948.3784,
3938.078,
3108.388,
17351.01,
25442.38,
3542.66,
122265.7,
8404.789,
5300.461,
10259.75,
5527.243,
3128.487,
494.1345,
0,
270356.7,
2032, 
1232.847,
24397.26,
928.8984,
722.0967,
1295.879,
1355.495,
2308.439,
2359.697,
1312.327,
1437.75,
17845.84,
4314.591,
5083.171,
1012.667,
4676.976,
3100.751,
17055.34,
28075.67,
3615.862,
134897,
9573.039,
5491.886,
10541.94,
6162.385,
3502.297,
460.0398,
0,
292760.1,
2033, 
1285.261,
26121.9,
1017.215,
928.2571,
1387.067,
1595.996,
2596.663,
2407.28,
1217.819,
1482.938,
19894.09,
4582.938,
5228.027,
1059.781,
5256.171,
3054.624,
16589.33,
31582.13,
3701.002,
147826.2,
10685.72,
5750.832,
10715.35,
6801.526,
3877.584,
404.6254,
0,
317050.3,
2034, 
1399.062,
27839.65,
1056.191,
1169.736,
1488.522,
1899.809,
3006.511,
2408.419,
1097.349,
1444.466,
26362.22,
4835.24,
5266.662,
1117.746,
5697.169,
3041.324,
16178.54,
37655.82,
3819.024,
166923.8,
11868.47,
6098.623,
10751.66,
7492.581,
4368.861,
347.2758,
0,
354634.7,
2035, 
1572.938,
29550.6,
1085.877,
1433.874,
1618.006,
3530.269,
3389.474,
2377.018,
948.7371,
1346.038,
33310.35,
5064.21,
5280.403,
1168.908,
6084.673,
3030.955,
15857.66,
45124.71,
3944.134,
188333.6,
13206.22,
6590.941,
10648.89,
8260.438,
5142.246,
278.9865,
0,
398180.2,
2036, 
1788.973,
31819.77,
1115.359,
1773.996,
1832.758,
5963.252,
4046.447,
2724.762,
946.9365,
1447.923,
40411.89,
5570.233,
5877.446,
1217.956,
6667.982,
3025.558,
17673.08,
52291.66,
4055.287,
210711,
14633.07,
7107.798,
10492.5,
9101.315,
6146.596,
315.5257,
0,
448759.1,
2037, 
1997.934,
34693.82,
1150.369,
2197.934,
1920.781,
8920.604,
4695.402,
3104.336,
949.7825,
1549.771,
46215.11,
6331.245,
6484.986,
1275.14,
7292.961,
3025.755,
19282.74,
59998.11,
4128.599,
232005,
16239.04,
7687.673,
10256.17,
9749.362,
7393.366,
360.9003,
0,
498906.9,
2038, 
2235.992,
38290.13,
1194.928,
2786.137,
1938.703,
12957.61,
5273.54,
3509.795,
954.1112,
1649.37,
51892.6,
7289.788,
7063.576,
1356.125,
8377.872,
3031.509,
21060.15,
68854.83,
4233.045,
267230.8,
17942.75,
8279.251,
10542.69,
10391.89,
8853.21,
425.8871,
0,
567616.3,
2039, 
2437.515,
42466.54,
1244.132,
4402.834,
1968.622,
18371.8,
5784.047,
3935.19,
973.5862,
1749.537,
56169.43,
8610.807,
7649.75,
1468.492,
9784.505,
3044.333,
22819.43,
87991.41,
4384.261,
325533.8,
19755.5,
8872.33,
10592.16,
11055.62,
10456.99,
486.5663,
0,
672009.2,
2040, 
2650.577,
50159.79,
1303.541,
6646.966,
2012.864,
23195.05,
6225.941,
4375.947,
1004.732,
1866.031,
58390.66,
10637.7,
8249.535,
1591.83,
11447.78,
3073.376,
24776.44,
116031.4,
4521.332,
369999.4,
21670.66,
9527.539,
10560.04,
11730.71,
12236.95,
562.889,
0,
774449.6,
2041, 
3081.687,
61097.61,
1369.949,
8608.283,
2071.306,
25644.5,
6673.158,
4837.722,
1044.407,
2041.844,
60304.78,
13294.29,
8945.919,
1713.666,
15457.46,
3141.861,
26346.86,
147755.1,
4746.702,
424173.2,
23813.5,
10314,
10602.96,
12448.99,
14318.23,
646.5294,
0,
894494.4,
2042, 
3785.16,
71132,
1446.229,
10548.68,
2143.386,
28026.38,
7130.497,
5324.321,
1094.692,
2293.404,
62286.09,
17838.22,
9669.561,
1802.876,
19669.79,
3241.029,
28191.47,
177251.1,
5024.635,
479280.7,
26278.81,
11111.78,
10654.1,
13280.01,
16351.98,
733.2195,
0,
1015590,
2043, 
4513.358,
80614.39,
1560.988,
12817.05,
2218.534,
32236.66,
7626.839,
5827.269,
1149.701,
2572.403,
64235.14,
23368.17,
10870.18,
1888.012,
23929.33,
3372.021,
30213.67,
205094.5,
5361.787,
533803.4,
28850,
12012.35,
10831.65,
14079.54,
19013.66,
848.2681,
0,
1138909,
2044, 
5347.68,
89801.91,
1706.082,
15626.14,
2330.865,
37101.94,
8178.669,
6511.712,
1202.954,
2844.027,
69116.79,
28129.49,
12959.96,
1985.076,
27721.07,
3539.25,
32628.29,
240763,
5549.227,
594257.8,
31443.4,
13027.68,
11186.88,
14800.52,
22168.24,
1021.822,
0,
1280950,
2045, 
6018.036,
98909.06,
1997.002,
18132,
2472.087,
43525.92,
9651.482,
7418.429,
1243.887,
3147.934,
72493.66,
31867.99,
15091.44,
2106.262,
31891.04,
3793.217,
37712.66,
277524.3,
5599.387,
686806.6,
34181.89,
13971.03,
11501.69,
15420.22,
25675.36,
1222.219,
0,
1459375,
2046, 
7065.625,
107081.1,
3179.735,
19574.64,
2637.064,
52589.29,
11803.27,
8336.845,
1276.375,
3505.871,
75474.37,
34938.98,
17428.02,
2242.433,
35222.51,
4095.54,
44572.29,
322467.7,
5632.149,
775846.6,
37178.9,
14967.19,
11777.57,
16017.47,
29201.69,
1482.037,
0,
1645595,
2047, 
8844.565,
112577.2,
4596.521,
21116.88,
2848.649,
60947.13,
14316.48,
9263.634,
1558.872,
3910.308,
77902.06,
37117.68,
19653.99,
2379.484,
37858,
4411.127,
53741.71,
366766.9,
5633.064,
854263.8,
40333.95,
15956.74,
11952.93,
16490.26,
33322.73,
1793.605,
0,
1819558,
2048, 
10626.06,
121392.6,
8154.083,
22980.11,
3141.695,
71944.86,
17146.44,
10354.33,
2281.865,
4381.632,
78950.12,
38184.38,
21884.54,
2534.332,
40148.77,
4703.591,
63671.24,
410213.9,
5585.287,
926801,
43931.09,
16991.98,
11964.06,
16940.24,
37418.05,
2111.452,
0,
1994438,
2049, 
12741.1,
130102,
14293.4,
26134.15,
3480.61,
80135.31,
20030.21,
11517.22,
3456.703,
6084.493,
78208.77,
39117.86,
23603.79,
3077.365,
42256.53,
4956.885,
70959.37,
443155.6,
5639.071,
983663.7,
51684.83,
17782.97,
11914.98,
17257.47,
41442.04,
2330.615,
0,
2145027,
2050, 
15165.84,
142134.9,
20682.14,
29285.34,
3861.848,
88748.48,
22960.81,
12730.67,
4100.583,
8528.032,
77898.36,
40556.32,
26029.56,
3588.736,
44447.74,
5181.98,
79923.63,
465435.2,
5724.649,
1032182,
60024.91,
18779.48,
11862.89,
17555.91,
45752.28,
2559.654,
0,
2285702,
2051, 
16799.57,
155405,
24606.07,
32071.79,
4270.469,
96300.2,
25886.01,
13896.92,
4477.905,
11097.33,
77687.52,
41782.38,
29483.21,
4151.08,
47569.22,
5433.077,
86914.46,
476328.9,
5719.325,
1095152,
67846.46,
19967.32,
11981.13,
17462.72,
50773.25,
2796.154,
0,
2425860,
2052, 
18713.15,
171981,
27705.4,
34627.23,
4643.441,
103413.2,
28560.92,
15188.81,
4847.236,
13995.51,
76595.88,
43061.2,
33588.63,
4872.263,
48835.99,
5807.8,
92648,
478079.2,
5710.363,
1157520,
72837.95,
21018.69,
12256.61,
17418.44,
57229.79,
3040.987,
0,
2554197,
2053, 
20817.37,
189918.9,
30926.83,
36698.79,
4974.995,
110099,
32044.12,
16710.39,
5727.105,
17213.67,
75822.43,
44285.87,
37638.59,
5723.446,
49938.84,
6311.28,
97417.98,
471585.9,
5706.416,
1171174,
76271.04,
22029.76,
12655.01,
17785.71,
65063.99,
3307.689,
0,
2627850,
2054, 
23329.92,
212375.7,
34154.6,
38070.7,
5271.307,
116723.9,
37113.36,
18309.9,
6647.466,
20588.54,
75142.77,
45583.72,
42990.05,
6801.711,
51076.4,
7014.143,
102133.2,
462287.2,
5668.436,
1172362,
78826.21,
22269.47,
13184.26,
18730.75,
78488.89,
3596.57,
0,
2698742,
2055, 
26175.86,
237868.2,
37860.55,
38615.28,
5790.396,
120591.1,
41667.22,
20108.91,
7288.739,
24198.24,
74035.41,
46402.38,
47771.66,
8791.14,
52201.13,
7865.376,
110383.2,
452472.1,
5597.441,
1172864,
80328.39,
22885.62,
13799.73,
19795.69,
88779.21,
3924.483,
0,
2768062,
2056, 
29465.75,
270842.3,
41903.26,
39255.38,
6263.408,
124274.4,
52257.16,
22071.75,
7957.657,
27979.25,
72561.83,
46919.34,
51852.08,
11046.32,
53366.88,
8704.668,
121300.5,
443656,
5525.245,
1171722,
82572.4,
23538.56,
14490.21,
21756.05,
95782.4,
4286,
0,
2851351,
2057, 
32595.11,
308156.7,
46215.38,
39783.47,
7042.113,
127936.4,
66069.18,
24229,
8407.285,
31785.19,
70421.23,
47383.55,
54207.68,
13309.65,
55247.26,
9390.564,
133723.1,
436663.1,
5414.366,
1169655,
85239.51,
24299.94,
15205.95,
23151.41,
109921.9,
4656.34,
0,
2950111,
2058, 
35279.01,
341062.9,
51404.89,
40396.84,
7874.053,
131386.9,
81335.83,
26427.93,
9723.305,
35453.86,
69353.64,
47221.15,
54998.7,
15334.47,
57552.04,
9877.445,
146204.8,
432596.4,
5302.31,
1166798,
87651.84,
25070.88,
15835.6,
24758.8,
126500.3,
5217.766,
0,
3050620,
2059, 
37155.43,
375852.2,
56871.83,
41119.75,
8878.928,
134673.5,
92269.27,
28958.98,
12737.21,
38926.85,
70809.83,
47389.59,
55475.35,
17344.15,
59184.08,
10148.95,
167195.6,
428268.5,
5162.435,
1163174,
90027.73,
25999.9,
16540.87,
26529.25,
145818.8,
5895.755,
0,
3162408,
2060, 
40400.94,
408799.8,
62238.79,
41402.75,
10136.32,
137940.6,
100905.6,
31393.96,
18052.29,
42746.67,
73157.59,
46778.82,
55970.85,
20305.54,
59786.05,
10419.84,
182800.8,
427126.1,
5040.791,
1159344,
92706.71,
27094.58,
17057.97,
28520.63,
166555.4,
6621.095,
0,
3273305,
2061, 
41402.8,
436320,
67427.47,
41027.08,
11476.2,
141400.3,
107387.8,
33699.54,
24774.75,
45943.99,
75243.23,
45150.18,
56403.87,
23215.27,
61406.66,
10731.34,
195881.4,
428795.5,
5065.487,
1154696,
97633,
28511.14,
17423.31,
30414.29,
185627.1,
7380.466,
0,
3374438,
2062, 
42516.26,
463473.3,
72785.7,
41073.84,
12863.95,
144768.8,
111065.7,
37060.13,
41057.32,
49219.03,
78027.54,
42108.5,
56826.47,
26383.84,
63546.5,
11059.58,
209299.1,
435617.4,
5384.865,
1149478,
103269.7,
29991.78,
17615.88,
32836.93,
206103.7,
8200.272,
0,
3491634,
2063, 
42627.84,
477514.7,
78073.73,
42004.12,
14442.46,
148106.7,
113941.2,
43357.16,
60702.24,
52249.53,
80942.11,
39723.44,
57152.06,
29306.55,
66658.32,
11408.41,
218457.6,
440835.4,
5348.957,
1143884,
107843.1,
31051.47,
17612.55,
35505.76,
222821.4,
9109.364,
0,
3590680,
2064, 
42134.31,
491750.8,
79464.3,
43446.96,
16247.39,
151403.6,
120036.4,
51119.13,
77351.88,
54408.91,
83587.62,
37052.97,
57604.18,
31032.9,
69885.84,
11751.96,
222041.5,
447680.1,
5333.074,
1138016,
111372.2,
31514.53,
17321.12,
38224.34,
235731.8,
10438.84,
0,
3675952,
2065, 
41176.56,
508648.1,
80850.88,
44557.34,
19551.22,
156132.4,
130317.3,
58070.76,
88096.67,
55456.11,
86177.73,
34137.13,
57932.87,
31598.7,
73516.42,
12130.64,
229980,
452799.4,
5349.638,
1133826,
116294.8,
32111.78,
16830.68,
41057.63,
253176.9,
12030.58,
0,
3771808,
2066, 
40005.49,
524883.7,
82282.17,
45651.08,
23950.38,
162691.8,
144342.3,
65962.69,
96879.81,
56522.98,
88861.48,
31116.78,
58331.68,
32071.67,
76905.05,
12522.77,
243133.1,
456907.6,
5418.551,
1127891,
119135.6,
32452.21,
16103.21,
44608.64,
271380.2,
13792.58,
0,
3873805,
2067, 
39070.37,
538341.4,
83768.8,
46204.41,
29126.36,
171428.5,
162302.6,
73196.06,
107304.6,
57532.19,
91391.23,
28129.71,
58839.48,
32325.61,
80922.1,
12959,
256030,
455968.7,
5497.372,
1122920,
117133.3,
33017.04,
15169.35,
48705.95,
288850.5,
15818.21,
0,
3971953,
2068, 
38799.56,
541296.4,
85273.45,
45453.64,
34942.37,
181831.2,
178881,
79466.98,
115218.6,
58482.8,
93572.85,
25304.26,
59325.42,
32337.04,
84578.67,
15706.79,
272023.9,
446843.8,
5614.235,
1118478,
116029,
33844.62,
14200.87,
53051.21,
310991.5,
18069.92,
0,
4059618,
2069, 
38952.26,
543780.3,
86794.42,
44131.71,
40965.76,
189855.6,
195637.1,
85086.26,
121262.1,
59379.31,
95602.14,
22647.93,
59878.88,
32239.04,
87791.12,
18205.37,
290356.7,
430351.7,
5755.531,
1114160,
118551.4,
35614.85,
13234.06,
57770.15,
336131.7,
22167.44,
0,
4146303,
2070, 
39594.76,
546364.2,
89264.4,
42627.33,
49656.21,
197850.4,
210002.4,
92417.27,
127656.7,
60667.47,
97797.16,
20396.79,
60172.81,
32107.27,
90032.19,
20965.15,
298467.4,
414594,
5835.823,
1109916,
121643.9,
37831.15,
12434.29,
63005.86,
363699,
27989.77,
0,
4232990,
2071, 
39677.95,
547453.9,
93063.59,
40648.75,
56879.93,
204910.8,
221293.5,
99207.16,
134216.4,
64752.07,
99303.7,
18834.79,
60581.83,
31946.89,
90778.22,
23665.23,
306802.4,
410073.3,
5745.648,
1109178,
124188.7,
39203.78,
11839.78,
67532.81,
395174.2,
34158.46,
0,
4331112,
2072, 
39244.65,
547661.2,
96751.17,
39307.75,
79274.55,
219022,
229512,
108842.5,
142049,
69137.54,
100139.7,
17938.58,
61005.65,
31563.88,
90050.54,
26450.03,
316745.8,
415899.5,
5668.82,
1123360,
130085.4,
40353.93,
11585.25,
70720.57,
427516.1,
41187.68,
0,
4481074,
2073, 
38287.39,
547552.9,
99927.19,
40036.7,
100941.3,
231430.5,
235997.5,
122330.4,
151739,
73342.55,
99070.4,
18058.54,
61399.82,
31184.1,
88019.3,
28795.43,
328269.7,
427515.2,
5710.369,
1138046,
134915.1,
41256.06,
11424.5,
74242.44,
445734.3,
48937.22,
0,
4624164,
2074, 
37596.02,
547542.8,
103923.9,
41163.95,
123320.8,
230180.9,
241275.4,
140260.9,
159840.3,
77438.2,
98486.43,
19152.17,
61663.14,
30829.99,
85014.31,
31338.9,
339195.7,
441381.9,
6067.743,
1152011,
137439.5,
42117.81,
11319.42,
78295.9,
461732.4,
55075.52,
0,
4753665,
2075, 
36713.8,
547702.8,
107729.5,
42980.1,
145532.9,
226640.1,
249382.6,
162314.8,
169135.7,
81118.16,
98879.93,
21399.94,
61727.14,
30514.42,
82382.04,
35235.07,
349554.9,
452877.5,
6487.538,
1163044,
138718.3,
42697.21,
11140.03,
81955.89,
477664.5,
60503.59,
0,
4884033,
2076, 
35973.2,
547824,
111735.3,
45147.63,
169411.3,
224905.4,
259369.3,
181576.1,
178219.6,
83541.38,
100318.6,
23798.4,
61686.05,
30241.13,
81712.64,
38509.4,
357471.7,
455290.2,
6867.573,
1166785,
139682.5,
43327.91,
11012.91,
84932.34,
494767.5,
66454.01,
0,
5000561,
2077, 
35619.91,
548355,
118039.5,
46567.32,
194908.8,
223303.3,
271162.2,
205236.4,
187290.7,
85265.24,
103975.4,
25886.91,
61672.01,
30003.46,
81774.21,
41827.36,
361538.5,
451038.7,
7290.601,
1166337,
139968.9,
44106.77,
10879.84,
86638.18,
511843.7,
71633.73,
0,
5112164,
2078, 
35851.31,
549004.2,
119296.6,
46440.91,
219241.7,
222809.1,
282509.5,
223219.8,
194487.8,
88297.17,
106581.4,
27872.64,
61679.48,
29787.46,
81988.88,
44782.1,
365387.1,
447878.5,
7821.832,
1157105,
142825,
44645.41,
10976.93,
88198.02,
528518.6,
79678.89,
0,
5206886,
2079, 
36465.95,
549893.9,
124429.8,
45913.39,
241741.8,
223929.5,
284999.9,
246179,
201784.5,
90516.79,
109028.6,
29679.13,
61970.31,
29605.13,
82496.27,
48095.58,
369024.9,
447541.5,
8237.164,
1148176,
144043.2,
45142.52,
11000.92,
89693.88,
544916.7,
89901.31,
0,
5304408,
2080, 
37149.88,
551008.2,
125149.8,
45308.65,
266293.7,
227416.6,
287395.4,
267291.9,
209166,
94564.94,
109897.7,
32424.53,
62532.44,
29434.77,
84033.73,
50795.13,
372627.6,
449445.3,
8631.382,
1137574,
147377.3,
45560.02,
11161.46,
91161.95,
561196.5,
103467.2,
0,
5408067,
2081, 
38211.29,
554474.4,
129887.6,
44736.17,
285662.3,
229135.2,
289381.4,
278115,
217315.7,
97589.84,
110039.2,
36996.17,
63223.19,
29277.79,
85842.52,
53884.69,
375562.1,
455490,
8992.186,
1125208,
151325.9,
45413.66,
11349.43,
92575.4,
576991.9,
117790.8,
0,
5504472,
2082, 
39899.65,
559515.1,
133920.2,
44903.43,
302418.8,
229297.1,
291180,
288032.8,
233996.4,
101300,
109042.5,
42824.87,
63663.58,
29134.97,
87680.52,
57070.71,
379667.1,
461154.5,
9378.724,
1120434,
152716.4,
45607.35,
11554.84,
93789.95,
592532.6,
133458.5,
0,
5614174,
2083, 
41560.57,
565324.4,
141556.5,
45463.64,
315275.3,
229808.1,
292861.2,
307883.8,
249198.2,
102257,
107387.4,
49902.24,
63921.45,
29006.19,
90865.55,
60004.49,
389764.6,
465048.7,
9733.737,
1118733,
151174.4,
45771.44,
11779.58,
95003.41,
607801.4,
145893.8,
0,
5732980,
2084, 
42826.34,
570163.1,
150409.6,
46360.02,
317701.6,
231037.5,
294291.3,
331344.7,
265101.6,
104083.1,
106137.2,
57669.02,
64016.54,
28890.12,
94494.76,
63254.78,
399960.5,
467284,
10077.83,
1113537,
147075.3,
45538.29,
11903.21,
96208.3,
622779.4,
157039.3,
0,
5839184,
2085, 
44643.5,
573275.6,
162233,
46643.89,
320038.8,
232127.5,
295536.4,
369157.6,
274472,
105182,
104312.5,
64474.23,
64001.49,
28789.71,
98035.21,
67307.5,
410271.3,
464228.7,
10545.08,
1110476,
143019.2,
45780.99,
11992.8,
97391.98,
637588.1,
166121.8,
0,
5947647,
2086, 
46586.72,
573781.4,
174788.5,
46839.32,
322450.3,
232519.9,
296896.9,
408517.4,
280463.3,
108078.8,
105663.2,
66157.27,
64024.74,
28706.53,
101881.5,
72754.41,
420220.8,
462363.7,
10885.03,
1098990,
143162.3,
45947.5,
12118.99,
98531.37,
652895.5,
173778.7,
0,
6049004,
2087, 
48969.95,
572260.9,
186966.3,
46241.92,
324637.1,
232274.8,
308822.8,
448706.8,
292852.7,
110088.1,
109965.6,
67754.46,
64098.39,
28624.72,
106035.6,
79197.54,
428847,
460110.2,
11062.3,
1078727,
143223.6,
46179.29,
12410.75,
99666.22,
667770.1,
181254.6,
0,
6156749,
2088, 
52207.13,
569966.3,
190951.8,
45472.82,
326565.9,
230321.8,
324695.3,
496588,
306086.2,
111976.7,
115427.2,
69062.74,
64006.13,
28551.48,
109894.4,
85627.82,
445468.7,
456475.3,
11094.77,
1057727,
142883.9,
46610.11,
12468.8,
100804.5,
680106,
189703,
0,
6270744,
2089, 
55410.76,
568949.3,
196492.2,
43423.18,
331432,
228839.8,
341948.8,
538077,
322426.5,
114383.9,
121328.9,
69943.77,
64054.54,
28481.36,
113738.9,
92038.13,
463410.8,
452734.3,
11037.46,
1036666,
142374.6,
46939.02,
12812.7,
101922.2,
691659,
197810.9,
0,
6388336,
2090, 
58363.05,
566777.2,
200589.4,
41272.5,
337128.4,
230213.7,
357679.7,
578209.1,
346700.1,
116047.6,
125016.3,
70171.33,
64011.09,
28415.24,
116838.4,
97896.66,
480009.1,
450680.2,
11100.34,
1020237,
141480.8,
47202.56,
13245.39,
103054.5,
702648.9,
209121,
0,
6514110,
2091, 
61491.3,
564607,
202724.5,
38498.2,
342371.8,
231946.8,
374656.4,
609306.6,
374055.4,
117325.2,
127570.4,
69846.87,
63873.54,
28361.42,
118115.9,
105285.3,
497220.9,
450981.5,
11222.5,
1010318,
140624.4,
47731.57,
13446.63,
104171.3,
713261.3,
222073.9,
0,
6641089,
2092, 
64072.23,
562284.4,
200160.8,
36088.52,
348176.1,
233489.6,
394459.3,
637338,
395081.3,
118662.6,
128627.9,
69453.81,
63645.63,
28314.39,
119341.1,
112590.3,
512531.8,
451302,
11326.92,
999171.5,
139187,
47294.38,
13976.45,
105313.3,
722769.9,
235861.7,
0,
6750521,
2093, 
67355.36,
561725.8,
196758.2,
34595.46,
354483.5,
235108.1,
413183.7,
662495.4,
419094.1,
120161.5,
131296.4,
69049.32,
63296.63,
28257.64,
121015,
122531.1,
520233.1,
446062.3,
11456.7,
991520.9,
138555.2,
47215.83,
15922.23,
106432.6,
709928.7,
250685.7,
0,
6838421,
2094, 
70622.39,
561671,
196987.2,
34340.73,
360418.9,
236692.8,
428722.8,
684209.3,
436730.6,
121673.4,
134054.3,
68616.52,
62914.78,
28193.95,
122300.3,
133555.8,
530736.4,
437631,
11640.13,
982732.9,
139178.8,
46460.49,
17766.8,
107551.6,
700394.9,
263922.9,
0,
6919721,
2095, 
73554.15,
561483,
196824.6,
34300.81,
368197.6,
238264.5,
441458.3,
708701.9,
455327,
123323.2,
136369.9,
68165.33,
62576.63,
28126.46,
124169.5,
142710.4,
543066.4,
432502,
11756.61,
971202.8,
141025.7,
46312.82,
19279.79,
108641.1,
693947.6,
277962.2,
0,
7009251,
2096, 
76662.03,
560941.7,
199491.2,
35022.09,
377313.9,
239765.6,
454081.8,
745930.7,
468610.7,
125049,
141099.4,
67660.48,
62172.41,
28052.11,
125566.9,
149457.3,
554518.3,
429162.1,
11769.54,
964204.9,
145416.9,
45683.77,
21168.94,
109731.7,
692436.4,
292413.2,
0,
7123383,
2097, 
79338.55,
560194.6,
203097,
35925.75,
392113.4,
241128.1,
466316.6,
801395.1,
498097.4,
126898.9,
149481.6,
67107.02,
61701.54,
27975.43,
126421.5,
153797.5,
562393.9,
425979.3,
11597.78,
957891.7,
149125.8,
45665.94,
22694.2,
110801.9,
702225.1,
310739,
0,
7290105,
2098, 
79960.68,
559380.3,
209670.3,
36587.54,
405392.7,
242466.2,
479301.2,
825504.6,
510105.9,
128843.1,
155492.6,
66529.85,
61536,
27894.11,
126599.6,
157448,
567257.2,
425093.4,
11406.09,
953753.1,
154815.8,
45820.17,
23892.74,
111764.8,
726836.4,
320923.6,
0,
7414276,
2099, 
80294.08,
558538.3,
215948.8,
36124.57,
418648.2,
242246.6,
483816.6,
849435.8,
521485.3,
131183.2,
162481.5,
65927.67,
61497.28,
27790.02,
126204.1,
159881.8,
572654.1,
427570.1,
11278.66,
953605.8,
159781.8,
46254.08,
24977.07,
112815.8,
751853.2,
330903.7,
0,
7533198,
2100, 
80647.98,
557851.8,
219188.9,
35443.64,
430562.2,
242249.3,
499373.8,
873822.8,
532382.6,
133722.6,
167368.9,
65340.17,
61541.03,
27671.08,
124963.5,
162673.2,
579589.7,
427478.6,
11440.7,
955460.7,
164227.9,
47178.8,
25985.75,
113866.3,
773542.6,
340772.1,
0,
7654347];
