real main.em.ep.ncl.NuclFuelEff[27](t) = [1971, 
170,
170,
170,
170,
170,
170,
170,
170,
170,
170,
170,
170,
170,
170,
170,
170,
170,
170,
170,
170,
170,
170,
170,
170,
170,
170,
0,
1972, 
170,
170,
170.3448,
170,
170.3448,
170.3448,
170.3448,
170.3448,
170.3448,
170.3448,
170,
170.3448,
170.3448,
170.3448,
170.3448,
170,
170.3448,
170,
170.3448,
170.3448,
170.3448,
170.3448,
170,
170.3448,
170.3448,
170.3448,
0,
1973, 
170.1724,
170.1724,
170.6897,
170.1724,
170.6897,
170.6897,
170.6897,
170.6897,
170.6897,
170.6897,
170.1724,
170.6897,
170.6897,
170.6897,
170.6897,
170.1724,
170.6897,
170.1724,
170.6897,
170.6897,
170.6897,
170.6897,
170.1724,
170.6897,
170.6897,
170.6897,
0,
1974, 
170.3448,
170.3448,
171.0345,
170.3448,
171.0345,
171.0345,
171.0345,
171.0345,
171.0345,
171.0345,
170.3448,
171.0345,
171.0345,
171.0345,
171.0345,
170.3448,
171.0345,
170.3448,
171.0345,
171.0345,
171.0345,
171.0345,
170.3448,
171.0345,
171.0345,
171.0345,
0,
1975, 
170.5172,
170.5172,
171.3793,
170.5172,
171.3793,
171.3793,
171.3793,
171.3793,
171.3793,
171.3793,
170.5172,
171.3793,
171.3793,
171.3793,
171.3793,
170.5172,
171.3793,
170.5172,
171.3793,
171.3793,
171.3793,
171.3793,
170.5172,
171.3793,
171.3793,
171.3793,
0,
1976, 
171.327,
171.3623,
171.7241,
170.5172,
171.7241,
171.3793,
171.7241,
171.7241,
171.7241,
171.7241,
171.3228,
171.3793,
171.7241,
171.7241,
171.3793,
171.3486,
171.7241,
171.2341,
171.7241,
171.7241,
171.7241,
171.7241,
171.3629,
171.7241,
171.3793,
171.7241,
0,
1977, 
171.333,
171.4064,
172.069,
170.5172,
172.069,
171.3793,
172.069,
172.069,
172.069,
172.069,
171.4478,
171.3793,
172.069,
172.069,
171.3793,
171.5026,
172.069,
171.2539,
172.069,
172.069,
172.069,
172.069,
171.4782,
172.069,
171.3793,
172.069,
0,
1978, 
171.6898,
171.503,
172.4138,
170.5172,
172.4138,
171.3793,
172.4138,
172.4138,
172.4138,
172.4138,
171.6004,
171.3793,
172.4138,
172.4138,
171.3793,
171.5482,
172.4138,
171.2856,
172.4138,
172.4138,
172.4138,
172.4138,
171.4801,
172.4138,
171.3793,
172.4138,
0,
1979, 
171.8529,
171.5842,
172.7586,
170.5172,
172.7586,
171.3793,
172.7586,
172.7586,
172.7586,
172.7586,
171.7551,
171.3793,
172.7586,
172.4138,
171.3793,
171.5524,
172.7586,
171.3277,
172.4138,
172.4138,
172.7586,
172.7586,
171.7984,
172.7586,
171.3793,
172.7586,
0,
1980, 
172.0194,
171.5955,
173.1035,
170.5172,
173.1035,
171.3793,
173.1035,
173.1035,
173.1035,
173.1035,
171.9291,
171.6823,
173.1035,
172.4138,
171.3793,
171.7449,
173.1035,
171.3793,
172.4138,
172.5862,
173.1035,
173.1035,
172.048,
173.1035,
171.3793,
173.1035,
0,
1981, 
172.1633,
171.655,
173.4483,
170.5172,
173.4483,
171.3793,
173.4483,
173.4483,
173.4483,
173.4483,
172.1892,
171.6823,
173.4483,
172.4138,
171.3793,
172.0715,
173.4483,
171.4393,
172.4138,
172.5862,
173.4483,
173.4483,
172.0497,
173.4483,
171.3793,
173.4483,
0,
1982, 
172.3306,
171.7886,
173.4483,
170.5172,
173.4483,
171.6534,
173.7931,
173.7931,
173.7931,
173.4483,
172.3811,
172.4267,
173.7931,
172.6927,
171.3793,
172.2091,
173.7931,
172.2115,
172.9527,
172.5862,
173.7931,
173.7931,
172.1927,
173.7931,
171.4298,
173.7931,
0,
1983, 
172.499,
171.9276,
173.6207,
170.5172,
173.6207,
171.9037,
174.1379,
174.1379,
174.1379,
173.6207,
172.5679,
172.8319,
174.1379,
172.9264,
171.3793,
172.3531,
174.1379,
172.6506,
173.2406,
172.5862,
174.1379,
174.1379,
172.3413,
174.1379,
171.486,
174.1379,
0,
1984, 
172.6683,
172.071,
173.7931,
170.5172,
173.7931,
172.1377,
174.4828,
174.4828,
174.4828,
173.7931,
172.7513,
173.1306,
174.4828,
173.1386,
171.3793,
172.5018,
174.4828,
172.9738,
173.4695,
172.5862,
174.4828,
174.4828,
172.4938,
174.4828,
171.5477,
174.4828,
0,
1985, 
172.8381,
172.2178,
173.9655,
170.5172,
173.9655,
172.36,
174.8276,
174.8276,
174.8276,
173.9655,
172.9324,
173.3823,
174.8276,
173.339,
171.3793,
172.6541,
174.8276,
173.2432,
173.6755,
172.5862,
174.8276,
174.8276,
172.6495,
174.8276,
171.6144,
174.8276,
0,
1986, 
173.0084,
172.3676,
174.1379,
170.5172,
174.1379,
172.5737,
175.1724,
175.1724,
175.1724,
174.1379,
173.1119,
173.6091,
175.1724,
173.5321,
171.3793,
172.8094,
175.1724,
173.4832,
173.8701,
172.5862,
175.1724,
175.1724,
172.8076,
175.1724,
171.6858,
175.1724,
0,
1987, 
173.179,
172.5199,
174.3103,
170.5172,
174.3103,
172.7807,
175.5172,
175.5172,
175.5172,
174.3103,
173.2901,
173.8212,
175.5172,
173.7205,
171.3793,
172.9669,
175.5172,
173.7054,
174.0583,
172.5862,
175.5172,
175.5172,
172.9677,
175.5172,
171.7616,
175.5172,
0,
1988, 
173.3499,
172.6743,
174.4828,
170.5172,
174.4828,
172.9827,
175.8621,
175.8621,
175.8621,
174.4828,
173.4675,
174.0237,
175.8621,
173.9055,
171.3793,
173.1263,
175.8621,
173.916,
174.2425,
172.5862,
175.8621,
175.8621,
173.1293,
175.8621,
171.8415,
175.8621,
0,
1989, 
173.521,
172.8304,
174.6552,
170.5172,
174.6552,
173.1806,
176.2069,
176.2069,
176.2069,
174.6552,
173.6441,
174.2199,
176.2069,
174.0882,
171.3793,
173.2872,
176.2069,
174.1187,
174.4241,
172.5862,
176.2069,
176.2069,
173.2922,
176.2069,
171.9253,
176.2069,
0,
1990, 
173.6923,
172.988,
174.8276,
170.5172,
174.8276,
173.3753,
176.5517,
176.5517,
176.5517,
174.8276,
173.8201,
174.4115,
176.5517,
174.2692,
171.3793,
173.4494,
176.5517,
174.3157,
174.6038,
172.5862,
176.5517,
176.5517,
173.4562,
176.5517,
172.0127,
176.5517,
0,
1991, 
173.6923,
173.0888,
175,
170.5172,
175,
173.5672,
176.8965,
176.8965,
176.8965,
174.9655,
173.8201,
174.5997,
176.8965,
174.2692,
171.3793,
173.6126,
176.8965,
174.5084,
174.7822,
172.5862,
176.8965,
176.8965,
173.4562,
176.8965,
172.1035,
176.8965,
0,
1992, 
173.6923,
173.0956,
175.3062,
170.5172,
175,
173.5672,
177.2414,
177.2414,
177.2414,
174.9655,
173.8201,
174.63,
177.2414,
174.2692,
171.3793,
173.6653,
177.2414,
174.687,
174.8877,
172.5862,
177.2414,
177.2414,
173.4562,
177.2414,
172.1035,
177.2414,
0,
1993, 
173.6923,
173.1031,
175.5751,
170.5172,
175,
173.5672,
177.5862,
177.5862,
177.5862,
174.9655,
173.8201,
174.664,
177.5862,
174.2692,
171.3793,
173.7218,
177.5862,
174.8646,
174.9995,
172.5862,
177.5862,
177.5862,
173.4562,
177.5862,
172.1035,
177.5862,
0,
1994, 
173.6923,
173.1111,
175.8205,
170.5172,
175,
173.5672,
177.931,
177.931,
177.931,
174.9655,
173.8201,
174.6693,
177.931,
174.2692,
171.3793,
173.7818,
177.931,
175.0416,
175.1168,
172.7416,
177.931,
177.931,
173.4562,
177.931,
172.1035,
177.931,
0,
1995, 
173.6923,
173.1198,
176.0501,
170.5172,
175,
173.5672,
178.2759,
178.2759,
178.2759,
174.9655,
173.8201,
174.6693,
178.2759,
174.2692,
171.3793,
173.8453,
178.2759,
175.218,
175.2389,
174.039,
178.2759,
178.2759,
173.4562,
178.2759,
172.1035,
178.2759,
0,
1996, 
173.6923,
173.129,
176.2684,
170.5172,
175,
173.5672,
178.6207,
178.6207,
178.6207,
174.9655,
173.8201,
174.6693,
178.6207,
174.2692,
171.3793,
173.9121,
178.6207,
175.394,
175.3652,
174.8863,
178.6207,
178.6207,
173.4562,
178.6207,
172.1035,
178.6207,
0,
1997, 
173.6923,
173.1388,
176.2811,
170.5172,
176.091,
173.5672,
178.9655,
178.9655,
178.9655,
174.9655,
173.8201,
174.6693,
178.9655,
174.2692,
171.3793,
173.9185,
178.9655,
175.6904,
175.6203,
174.8863,
178.9655,
178.9655,
173.4562,
178.9655,
174.2171,
178.9655,
0,
1998, 
173.6923,
173.1492,
176.2954,
170.5172,
176.7567,
173.5672,
179.3103,
179.3103,
179.3103,
174.9655,
173.8201,
174.6693,
179.3103,
174.2692,
171.3793,
173.9252,
179.3103,
175.966,
175.8634,
174.8863,
179.3103,
179.3103,
173.4562,
179.3103,
175.38,
179.3103,
0,
1999, 
173.6923,
173.1601,
176.3115,
170.5172,
177.2368,
173.5672,
179.6552,
179.6552,
179.6552,
174.9655,
173.8201,
174.6693,
179.6552,
174.2692,
171.3793,
173.9324,
179.6552,
176.2255,
176.0969,
174.8863,
179.6552,
179.6552,
173.4562,
179.6552,
176.1532,
179.6552,
0,
2000, 
173.6923,
173.1717,
176.3292,
170.5172,
177.6196,
173.5672,
180,
180,
180,
174.9655,
173.8201,
174.6693,
180,
174.2692,
171.3793,
173.9401,
180,
176.4725,
176.3226,
174.8863,
180,
180,
173.4562,
180,
176.7289,
180,
0,
2001, 
173.6923,
173.1838,
176.3486,
170.5172,
177.8445,
173.5672,
181.4,
181.4,
181.4,
174.9655,
173.8201,
174.6693,
181.4,
174.2692,
171.3793,
173.9482,
181.4,
176.7095,
176.542,
174.8863,
181.4,
181.4,
173.4562,
181.4,
177.1907,
181.4,
0,
2002, 
173.6923,
173.1983,
176.3874,
170.5172,
177.8445,
173.5672,
182.8,
182.8,
182.8,
174.9655,
173.8201,
174.6693,
182.8,
174.2692,
171.3793,
174.1002,
182.8,
176.8721,
176.8119,
176.7544,
182.8,
182.8,
173.4562,
182.8,
177.1907,
182.8,
0,
2003, 
173.6923,
173.2153,
176.3874,
170.5172,
177.8445,
173.5672,
184.2,
184.2,
184.2,
174.9655,
173.8201,
174.6693,
184.2,
174.2692,
171.3793,
174.2741,
184.2,
177.0707,
177.127,
178.1017,
184.2,
184.2,
173.4562,
184.2,
177.1907,
184.2,
0,
2004, 
173.6923,
173.2346,
176.3874,
170.5172,
177.8445,
173.5672,
185.6,
185.6,
185.6,
174.9655,
173.8201,
174.6693,
185.6,
174.5482,
171.3793,
174.4687,
185.6,
177.3019,
177.4806,
179.2132,
185.6,
185.6,
173.4562,
185.6,
177.1907,
185.6,
0,
2005, 
173.6923,
173.2564,
176.3874,
170.5172,
177.8445,
173.5672,
187,
187,
187,
174.9655,
173.8201,
174.6693,
187,
174.8803,
171.3793,
174.6827,
187,
177.5625,
177.8672,
180.1977,
187,
187,
173.4562,
187,
177.1907,
187,
0,
2006, 
173.6923,
173.2805,
176.3874,
170.5172,
177.8445,
173.5672,
188.4,
188.4,
188.4,
174.9655,
173.8201,
174.6693,
188.4,
175.2339,
171.3793,
174.915,
188.4,
177.8499,
178.2823,
181.1063,
188.4,
188.4,
173.4562,
188.4,
177.1907,
188.4,
0,
2007, 
173.6923,
173.3071,
176.3874,
170.5172,
177.8445,
173.5672,
189.8,
189.8,
189.8,
174.9655,
173.8201,
174.6693,
189.8,
175.2339,
171.3793,
175.0492,
189.8,
178.7057,
178.5045,
181.8029,
189.8,
189.8,
173.4562,
189.8,
177.1907,
189.8,
0,
2008, 
173.6923,
173.3359,
176.3874,
170.5172,
177.8445,
173.5672,
191.2,
191.2,
191.2,
174.9655,
173.8201,
174.6693,
191.2,
175.2339,
171.3793,
175.1945,
191.2,
179.5383,
178.7474,
182.5002,
191.2,
191.2,
173.4562,
191.2,
177.1907,
191.2,
0,
2009, 
173.6923,
173.3672,
176.3874,
170.5172,
177.8445,
173.5672,
192.6,
192.6,
192.6,
174.9655,
173.8201,
174.6693,
192.6,
175.2339,
171.3793,
175.3507,
192.6,
180.3523,
179.0094,
183.1979,
192.6,
192.6,
173.4562,
192.6,
177.1907,
192.6,
0,
2010, 
173.6923,
173.4007,
176.3874,
170.5172,
177.8445,
173.5672,
194,
194,
194,
174.9655,
173.8201,
174.6693,
194,
175.2339,
171.3793,
175.5173,
194,
181.1514,
179.2896,
183.8959,
194,
194,
173.4562,
194,
177.1907,
194,
0,
2011, 
173.6923,
173.4366,
176.3874,
170.5172,
177.8445,
173.5672,
195.4,
195.4,
195.4,
174.9655,
173.8201,
174.6693,
195.4,
175.2339,
171.3793,
175.6942,
195.4,
181.9384,
179.5866,
184.5942,
195.4,
195.4,
173.4562,
195.4,
177.1907,
195.4,
0,
2012, 
173.6923,
173.4748,
176.7883,
170.5172,
177.8445,
176.3999,
196.8,
196.8,
196.8,
175.1008,
173.8201,
174.7774,
196.8,
175.2339,
171.3793,
176.18,
195.4,
182.6691,
180.0838,
187.2853,
196.8,
196.8,
173.4562,
196.8,
179.2097,
196.8,
0,
2013, 
173.6923,
173.5153,
177.2015,
170.5172,
177.8445,
178.7428,
198.2,
198.2,
198.2,
175.2436,
173.8201,
174.8917,
198.2,
175.2339,
171.3793,
176.6761,
196.1,
183.3966,
180.5934,
189.1823,
198.2,
198.2,
173.4562,
198.2,
180.9654,
198.2,
0,
2014, 
173.6923,
173.558,
177.6263,
170.5172,
177.8445,
180.7472,
199.6,
199.6,
199.6,
175.3936,
173.8201,
175.012,
199.6,
175.2339,
171.3793,
177.1819,
196.8,
184.1214,
181.1143,
190.6814,
199.6,
199.6,
173.4562,
199.6,
182.5295,
199.6,
0,
2015, 
173.6923,
173.6031,
178.0621,
170.5172,
177.8445,
182.5079,
201,
201,
201,
175.5508,
173.8201,
175.1383,
201,
175.2339,
171.3793,
177.6965,
197.5,
184.8439,
181.6454,
191.9527,
201,
201,
173.4562,
201,
183.9498,
201,
0,
2016, 
173.7264,
173.6504,
178.5081,
170.5172,
177.8445,
184.0875,
202.4,
202.4,
202.4,
175.6332,
173.8201,
175.2704,
202.4,
175.2339,
171.3793,
178.2194,
198.2,
185.5644,
182.186,
193.0814,
202.4,
202.4,
173.4562,
202.4,
185.2595,
202.4,
0,
2017, 
173.7778,
173.7,
178.8741,
170.5172,
177.8445,
184.1076,
203.8,
203.8,
203.8,
175.6332,
173.8201,
175.3267,
203.8,
175.6863,
171.3793,
178.8382,
199.1542,
185.866,
182.4462,
194.333,
203.8,
203.8,
173.4562,
203.8,
187.8991,
203.8,
0,
2018, 
173.8315,
173.7518,
179.2501,
170.5172,
177.8445,
184.1293,
205.2,
205.2,
205.2,
175.6332,
173.8201,
175.3856,
205.2,
176.1469,
171.3793,
179.461,
200.0143,
186.1817,
182.7175,
195.4539,
205.2,
205.2,
173.4562,
205.2,
190.021,
205.2,
0,
2019, 
173.8875,
173.8058,
179.6358,
170.5172,
177.8445,
184.1525,
206.6,
206.6,
206.6,
175.6332,
173.8201,
175.4472,
206.6,
176.6152,
171.3793,
179.6274,
200.8244,
186.5106,
182.9997,
196.4858,
206.6,
206.6,
173.4562,
206.6,
191.8081,
206.6,
0,
2020, 
173.9458,
173.862,
180.0306,
170.5172,
177.8445,
184.1771,
208,
208,
208,
175.6332,
173.8201,
175.5114,
208,
177.0909,
171.3793,
179.6534,
201.6047,
186.8522,
183.2922,
197.4541,
208,
208,
173.4562,
208,
193.3662,
208,
0,
2021, 
174.0064,
173.9205,
180.4343,
170.5172,
177.8445,
184.2033,
209.4,
209.4,
209.4,
175.6332,
173.8201,
175.5783,
209.4,
177.5735,
171.3793,
179.6807,
202.3659,
187.2057,
183.5323,
198.3755,
209.4,
209.4,
173.4562,
209.4,
194.7607,
209.4,
0,
2022, 
174.0693,
173.9811,
180.4343,
170.5172,
177.8445,
184.2033,
210.8,
210.8,
210.8,
175.6332,
173.8201,
175.7082,
210.8,
177.5735,
171.3793,
179.7093,
205.0766,
189.4648,
183.5323,
198.9279,
210.8,
210.8,
173.4562,
210.8,
200.794,
210.8,
0,
2023, 
174.1344,
174.0439,
180.4343,
170.5172,
177.8445,
184.2033,
212.2,
212.2,
212.2,
175.6332,
173.8201,
175.7082,
212.2,
177.5735,
171.3793,
179.7392,
206.5278,
189.483,
185.0889,
199.4209,
212.2,
212.2,
173.4562,
212.2,
203.9228,
212.2,
0,
2024, 
174.2018,
174.5581,
180.4343,
170.5172,
177.8445,
184.2033,
213.6,
213.6,
213.6,
175.6332,
173.8201,
176.381,
213.6,
178.8745,
171.3793,
179.7704,
207.1935,
190.591,
185.8088,
199.7892,
213.6,
213.6,
173.4562,
213.6,
203.9228,
213.6,
0,
2025, 
174.2714,
175.0772,
180.4343,
170.5172,
177.8445,
184.2033,
215,
215,
215,
175.6332,
173.8201,
177.0549,
215,
180.1319,
171.3793,
179.8028,
207.8664,
191.661,
186.5277,
200.1761,
215,
215,
173.4562,
215,
203.9228,
215,
0,
2026, 
174.3432,
175.1434,
180.4343,
170.5172,
177.8445,
184.2033,
216.4,
216.4,
216.4,
175.6332,
173.8201,
178.4707,
215,
180.1319,
171.3793,
181.3936,
207.8664,
191.661,
187.9918,
201.2947,
216.4,
216.4,
173.4562,
216.4,
206.9019,
216.4,
0,
2027, 
174.424,
175.2179,
180.4343,
170.5172,
177.8445,
184.2033,
217.8,
217.8,
217.8,
175.6332,
173.8201,
178.4707,
215.7,
180.1319,
171.3793,
182.9099,
207.8664,
200.6208,
187.9918,
202.5623,
217.8,
217.8,
173.4562,
217.8,
208.9149,
217.8,
0,
2028, 
174.5141,
175.301,
180.4343,
170.5172,
177.8445,
184.2033,
219.2,
219.2,
219.2,
175.6332,
173.8201,
178.4707,
216.4,
180.1319,
171.3793,
182.946,
207.8664,
203.3124,
189.4497,
204.3181,
219.2,
219.2,
173.4562,
219.2,
208.9149,
219.2,
0,
2029, 
174.6138,
175.3931,
180.4343,
170.5172,
177.8445,
184.811,
219.2,
220.6,
220.6,
175.6332,
173.8201,
178.4707,
217.1,
180.1319,
171.3793,
183.4749,
207.8664,
203.3208,
189.4497,
205.4634,
220.6,
220.6,
173.4562,
220.6,
208.9149,
220.6,
0,
2030, 
174.7234,
175.4945,
180.4343,
170.5172,
177.8445,
184.811,
219.2,
222,
222,
175.6332,
173.8201,
178.4707,
217.1,
180.1319,
171.3793,
184.9388,
207.8664,
203.3306,
189.4497,
206.9229,
222,
222,
173.4562,
222,
208.9149,
222,
0,
2031, 
175.2948,
175.4945,
180.4343,
170.5172,
177.8445,
185.5452,
221.3,
223.4,
223.4,
175.6332,
173.8201,
178.7912,
217.1,
180.1319,
171.3793,
184.9388,
207.8664,
203.3551,
189.4497,
206.9229,
223.4,
223.4,
173.4562,
223.4,
211.2175,
223.4,
0,
2032, 
176.2125,
175.5036,
204.7411,
170.6897,
177.8445,
185.5452,
221.3,
224.8,
224.8,
175.6332,
173.8266,
178.7912,
218.8887,
180.1319,
222.2314,
184.9511,
216.8825,
218.6758,
189.4497,
206.9229,
224.8,
224.8,
174.7319,
224.8,
214.4031,
224.8,
0,
2033, 
177.9862,
175.5121,
217.0391,
170.8621,
199.9268,
213.6727,
221.3,
226.2,
226.2,
175.6332,
173.8325,
178.7912,
219.8535,
187.1184,
222.8134,
184.9633,
220.0227,
219.0798,
194.1478,
218.045,
226.2,
226.2,
180.5416,
226.2,
215.9629,
226.2,
0,
2034, 
181.1144,
175.5201,
217.0391,
171.0345,
216.7416,
219.3009,
221.3,
227.6,
227.6,
175.6332,
173.8378,
203.1147,
220.1718,
187.7802,
222.8134,
184.9751,
221.5851,
219.4498,
196.1674,
218.238,
227.6,
227.6,
192.1535,
227.6,
217.2946,
227.6,
0,
2035, 
184.9525,
175.5275,
217.0391,
229,
220.2831,
219.6898,
224.9756,
229,
229,
177.9637,
188.248,
203.7444,
220.4964,
189.5842,
222.8134,
184.9867,
221.7344,
219.9135,
196.7323,
218.3887,
229,
229,
192.1641,
229,
217.7687,
229,
0,
2036, 
186.2534,
179.8592,
218.1848,
230.4,
220.546,
221.5303,
225.2049,
230.4,
230.4,
212.7067,
189.5408,
205.0439,
220.7399,
190.9957,
224.0696,
186.3333,
221.9701,
220.5168,
197.3865,
218.5549,
230.4,
230.4,
194.5533,
230.4,
218.7867,
230.4,
0,
2037, 
186.2759,
182.8887,
218.4559,
231.8,
220.7159,
221.5303,
225.5675,
231.8,
231.8,
213.4902,
190.2578,
205.4828,
222.0093,
191.3405,
224.472,
187.4548,
222.1618,
220.6591,
198.5485,
218.8857,
231.8,
231.8,
195.8809,
231.8,
220.3368,
231.8,
0,
2038, 
187.8126,
184.1294,
218.711,
233.2,
221.5202,
222.1301,
225.9766,
233.2,
233.2,
213.9685,
193.1304,
205.4828,
223.0943,
191.4601,
224.9781,
187.7118,
222.3875,
221.4528,
198.624,
219.2454,
233.2,
233.2,
195.8949,
233.2,
221.7084,
233.2,
0,
2039, 
188.8809,
195.4655,
218.9773,
234.6,
221.5202,
222.5254,
226.4016,
234.6,
234.6,
214.0757,
196.8109,
205.4828,
224.1125,
194.7684,
225.0219,
187.7271,
222.6633,
222.0592,
200.437,
219.8671,
234.6,
234.6,
198.3474,
234.6,
222.2866,
234.6,
0,
2040, 
190.0829,
197.3721,
219.2554,
236,
221.5202,
222.5254,
227.4997,
236,
236,
214.3929,
198.0446,
205.8485,
225.1172,
195.0215,
225.1539,
188.3437,
223,
222.4267,
200.6118,
219.9778,
236,
236,
201.4332,
236,
222.833,
236,
0,
2041, 
191.7099,
199.2875,
219.6188,
237.4,
221.5202,
222.5254,
227.9234,
237.4,
237.4,
215.1467,
199.8845,
205.8485,
225.3391,
195.1494,
225.2687,
189.6987,
223.508,
222.7705,
200.8368,
219.9778,
237.4,
237.4,
201.4539,
237.4,
223.3752,
237.4,
0,
2042, 
193.7456,
205.9722,
220.4875,
238.8,
222.0663,
222.747,
229.8712,
238.8,
238.8,
217.2634,
201.569,
207.096,
225.6415,
196.4752,
225.2687,
190.3952,
223.9316,
223.3495,
201.6221,
219.9778,
238.8,
238.8,
203.0209,
238.8,
224.7336,
238.8,
0,
2043, 
195.4473,
211.3577,
223.5388,
240.2,
222.2456,
223.1968,
229.951,
240.2,
240.2,
218.4274,
203.4592,
208.4296,
227.3733,
197.9463,
230.185,
191.1385,
226.8388,
228.6179,
202.3173,
219.9778,
240.2,
240.2,
204.7533,
240.2,
226.6622,
240.2,
0,
2044, 
197.6683,
214.6817,
229.0772,
241.6,
222.425,
223.417,
230.2746,
241.6,
241.6,
220.7674,
205.6003,
209.86,
228.501,
205.891,
231.2251,
191.9354,
229.3265,
229.0626,
206.8737,
219.9778,
241.6,
241.6,
210.6669,
241.6,
228.0599,
241.6,
0,
2045, 
202.3009,
216.8384,
229.3956,
243,
222.6044,
224.052,
230.7637,
243,
243,
222.8701,
208.0516,
211.3999,
229.083,
208.3976,
231.4432,
192.7937,
231.1631,
229.5566,
209.321,
219.9778,
243,
243,
221.2553,
243,
229.2792,
243,
0,
2046, 
205.24,
219.5466,
229.8526,
244.4,
222.7839,
226.9446,
233.7204,
244.4,
244.4,
225.5052,
210.8927,
213.0643,
229.6896,
212.399,
231.6353,
195.1728,
231.7897,
230.1724,
210.5152,
219.9778,
244.4,
244.4,
223.3884,
244.4,
230.0823,
244.4,
0,
2047, 
208.8419,
228.6691,
230.0225,
245.8,
223.3942,
228.6451,
234.399,
245.8,
245.8,
233.5993,
215.2165,
214.871,
230.1433,
215.6629,
231.6393,
199.4608,
232.4366,
230.9408,
211.7215,
219.9778,
245.8,
245.8,
225.6181,
245.8,
230.942,
245.8,
0,
2048, 
213.3772,
230.5278,
230.1924,
247.2,
225.9303,
229.1663,
235.1082,
247.2,
247.2,
235.1824,
227.3169,
216.8414,
231.3422,
218.399,
231.7687,
220.8527,
233.0172,
231.4451,
213.3256,
219.9778,
247.2,
247.2,
228.0033,
247.2,
232.2547,
247.2,
0,
2049, 
219.2872,
232.5088,
230.3623,
248.6,
226.605,
229.4192,
235.8271,
248.6,
248.6,
236.409,
234.166,
219.0013,
232.4592,
221.5101,
231.7687,
227.225,
233.6387,
232.3266,
214.0051,
219.9778,
248.6,
248.6,
230.5766,
248.6,
233.5263,
248.6,
0,
2050, 
227.3431,
234.6258,
230.5321,
250,
228.4363,
229.8486,
236.5214,
250,
250,
237.7096,
238.8183,
221.3823,
233.5199,
225.0851,
231.7687,
229.3381,
234.2959,
233.0501,
215.8167,
220.1546,
250,
250,
233.4171,
250,
234.3631,
250,
0,
2051, 
227.3431,
236.0193,
230.702,
253,
230.6823,
230.3638,
237.6307,
253,
253,
238.9975,
238.9913,
224.2193,
234.5711,
225.0851,
231.7687,
231.6523,
234.9667,
233.5686,
216.6178,
220.1546,
253,
253,
233.4663,
253,
235.1607,
253,
0,
2052, 
227.3431,
236.11,
231.0298,
256,
234.817,
233.9304,
238.4257,
256,
256,
239.918,
239.1205,
224.7471,
235.0098,
225.0851,
231.7687,
233.2946,
235.769,
234.151,
217.1829,
220.1546,
256,
256,
233.537,
256,
236.0499,
256,
0,
2053, 
227.4723,
236.7869,
231.3596,
259,
236.2601,
241.1303,
240.448,
259,
259,
240.8397,
239.1205,
225.176,
235.5266,
225.0851,
231.7687,
234.127,
236.5509,
234.9025,
217.8503,
221.4322,
259,
259,
233.617,
259,
237.4965,
259,
0,
2054, 
228.9312,
236.8753,
231.6913,
262,
237.2155,
244.9505,
241.0551,
262,
262,
241.4251,
239.1205,
225.2353,
237.4326,
225.0851,
231.7687,
235.8568,
238.906,
239.7173,
218.4109,
223.8005,
262,
262,
233.6786,
262,
239.4674,
262,
0,
2055, 
230.6629,
236.9635,
232.025,
262,
240.6595,
245.4392,
241.9385,
265,
265,
242.2774,
239.1205,
227.4746,
238.8808,
225.0851,
231.7687,
237.0144,
241.4093,
240.5222,
219.9003,
225.3284,
262,
262,
236.4927,
262,
241.2475,
265,
0,
2056, 
230.8346,
237.0513,
232.3607,
262.9124,
240.7515,
246.0473,
242.9369,
268,
268,
242.8428,
239.1205,
235.9514,
239.7197,
225.0851,
231.7687,
237.7542,
243.5712,
241.3911,
220.9934,
225.3943,
263.2379,
262.5833,
236.7677,
262.1396,
242.935,
268,
0,
2057, 
230.8346,
238.0103,
232.3792,
263.1339,
243.2724,
247.5903,
246.3354,
271,
271,
242.8428,
239.173,
241.542,
240.5666,
225.0851,
231.7687,
238.0462,
244.6808,
242.4552,
222.0848,
226.1344,
263.8012,
262.8123,
237.2245,
262.366,
244.4656,
271,
0,
2058, 
230.8346,
238.1086,
232.3976,
263.47,
245.2579,
248.7472,
247.6245,
274,
274,
242.8428,
239.2878,
241.542,
241.255,
225.4685,
231.7687,
239.921,
245.8342,
243.7473,
222.9132,
227.3734,
264.0175,
263.1442,
237.2245,
262.6698,
246.0566,
274,
0,
2059, 
230.8346,
238.3724,
232.416,
263.8816,
248.7495,
249.3342,
248.9343,
277,
277,
243.2351,
240.5137,
241.542,
242.7942,
225.4685,
234.1011,
240.2262,
246.8906,
244.7663,
223.8526,
229.2505,
264.2748,
263.5373,
237.2245,
263.032,
248.0341,
277,
0,
2060, 
230.8346,
238.4579,
232.4342,
264.3769,
251.3788,
249.8056,
250.2737,
280,
280,
243.2351,
240.9845,
242.2421,
244.3214,
226.0807,
235.1508,
240.256,
248.0544,
246.2634,
224.8471,
230.149,
264.5967,
264.0078,
237.2245,
263.44,
250.0208,
280,
0,
2061, 
233.7282,
238.6069,
232.4523,
264.9345,
253.7245,
250.3988,
251.5761,
283,
283,
243.2351,
240.9845,
245.4469,
244.3214,
226.6519,
235.9714,
240.2857,
248.1154,
247.5875,
226.0628,
230.8424,
264.9576,
264.5342,
237.2245,
263.9426,
251.6566,
283,
0,
2062, 
234.4197,
240.38,
232.4782,
265.6671,
256.5562,
251.1064,
253.4176,
286,
286,
243.2351,
240.9845,
247.6968,
244.3214,
227.0303,
238.7451,
240.7417,
248.3048,
248.7001,
227.5077,
231.2621,
265.3712,
265.0867,
237.2245,
264.4686,
253.3276,
286,
0,
2063, 
238.1629,
242.3466,
232.4782,
266.5119,
258.7377,
253.6957,
254.8148,
289,
289,
247.5207,
244.0959,
247.7574,
244.3214,
227.0303,
242.5959,
241.1939,
249.0218,
249.8799,
228.5174,
231.5345,
265.9045,
265.715,
237.2245,
265.0637,
255.0644,
289,
0,
2064, 
238.1629,
245.7579,
232.4782,
267.3866,
261.4624,
259.4962,
257.3879,
292,
292,
248.8044,
246.5405,
247.7864,
244.3214,
231.6972,
244.9119,
241.6423,
249.4519,
251.1645,
229.3059,
231.6812,
266.502,
266.3649,
237.2245,
265.8236,
257.2972,
292,
0,
2065, 
238.2215,
248.2261,
232.4782,
268.3667,
263.8953,
262.6301,
258.5014,
295,
295,
248.8044,
248.4436,
247.8451,
244.3214,
234.1061,
247.0471,
242.0866,
249.875,
256.6563,
230.0977,
231.7965,
267.2142,
267.1023,
237.2245,
266.6367,
259.9937,
295,
0,
2066, 
238.7812,
249.9342,
232.4782,
277.49,
266.7854,
262.6301,
259.8221,
298,
298,
248.8044,
248.4436,
249.4498,
246.2779,
235.4463,
248.2553,
242.5268,
251.3373,
258.0267,
230.8929,
231.9088,
275.7824,
275.3887,
237.2245,
269.0262,
262.577,
298,
0,
2067, 
238.7812,
250.1172,
232.4782,
280.3969,
268.2786,
262.6301,
261.333,
301,
301,
248.8044,
248.4436,
253.0401,
246.2779,
235.7628,
249.6974,
243.3506,
253.9055,
259.3927,
231.2839,
231.9953,
279.7856,
278.6814,
237.2245,
271.5576,
264.8152,
301,
0,
2068, 
239.2122,
250.7738,
232.4782,
281.2037,
268.2786,
262.6301,
264.3044,
304,
304,
248.8044,
248.549,
254.7682,
246.2779,
237.1273,
264.2161,
245.842,
254.7648,
260.9004,
231.7277,
232.0793,
281.1158,
280.9056,
237.2245,
274.1183,
266.7411,
304,
0,
2069, 
240.1985,
252.7391,
232.4782,
282.0637,
268.2786,
262.6301,
264.7689,
307,
307,
248.8044,
248.549,
255.0702,
246.2779,
237.1273,
264.2161,
246.818,
254.806,
262.5602,
232.5397,
233.7901,
281.6824,
281.6243,
237.2245,
275.7376,
268.636,
307,
0,
2070, 
240.4291,
252.9845,
232.4782,
282.9598,
268.2786,
262.6301,
265.7294,
310,
310,
248.8044,
248.549,
255.1708,
246.2779,
238.2854,
264.2161,
247.5334,
254.806,
263.931,
235.26,
235.147,
282.2549,
281.6243,
237.2245,
276.1613,
270.8142,
310,
0,
2071, 
242.5999,
253.107,
232.4782,
283.0986,
268.2786,
262.6301,
268.0587,
313,
313,
248.8044,
248.549,
255.1708,
254.8667,
238.7378,
264.2161,
247.7499,
254.806,
265.6912,
237.4028,
238.1132,
282.8423,
281.7421,
237.2245,
276.1784,
273.0901,
313,
0,
2072, 
245.6773,
255.4995,
232.5311,
283.4468,
268.2786,
262.7627,
271.07,
316,
316,
248.8363,
248.549,
255.2648,
254.8667,
239.0679,
264.2161,
248.3151,
254.8588,
267.2663,
247.3642,
241.5226,
283.4138,
283.4202,
237.2245,
276.1784,
275.118,
316,
0,
2073, 
260.2118,
256.3567,
232.582,
286.1337,
268.2786,
262.8931,
271.6301,
319,
319,
250.8309,
248.549,
255.357,
254.8667,
239.0679,
264.2161,
248.8774,
255.106,
268.642,
248.5576,
245.1271,
283.9714,
284.816,
238.722,
276.1784,
277.0912,
319,
0,
2074, 
261.7411,
256.4172,
232.6311,
286.393,
268.2786,
263.0212,
271.8929,
322,
322,
266.8595,
248.549,
255.5408,
254.8667,
239.0679,
264.2161,
249.4366,
255.1565,
270.0558,
250.0322,
249.4502,
284.6251,
285.9055,
244.6349,
276.1784,
279.0274,
322,
0,
2075, 
263.1952,
256.4763,
232.6784,
288.4141,
268.88,
263.147,
273.3734,
325,
325,
269.6587,
248.549,
255.8634,
254.8667,
239.263,
264.5043,
249.9927,
255.2059,
271.5362,
250.6903,
253.0003,
285.3641,
286.7849,
254.318,
276.1784,
281.3145,
325,
0,
2076, 
265.1184,
256.5342,
232.7238,
289.0145,
268.915,
263.2705,
275.1357,
328,
328,
271.0633,
248.549,
255.9498,
254.8667,
240.2017,
264.8227,
250.5456,
255.2541,
276.5957,
251.9966,
257.3861,
286.1727,
287.7671,
260.6166,
276.1784,
283.9886,
328,
0,
2077, 
270.3316,
256.5906,
232.7586,
296.7424,
268.9725,
263.2721,
275.5359,
331,
331,
271.0633,
248.8532,
255.9842,
254.8667,
241.8577,
265.8049,
252.2745,
255.888,
278.0948,
252.302,
261.5601,
293.3719,
294.3475,
262.7356,
276.6733,
286.6222,
331,
0,
2078, 
291.4762,
256.6458,
232.7919,
299.7413,
269.2264,
263.2736,
275.5749,
334,
334,
271.3086,
248.8532,
256.0177,
254.8667,
242.4567,
266.6248,
253.8605,
257.3916,
279.54,
252.6024,
264.7705,
297.5251,
297.5907,
263.3164,
277.6228,
289.0394,
334,
0,
2079, 
303.0415,
256.6996,
232.8236,
300.8207,
270.6019,
263.2751,
275.8327,
337,
337,
271.3086,
249.2371,
256.0503,
254.8667,
244.4814,
266.6248,
255.2071,
258.5252,
281.0808,
252.8978,
268.008,
299.0809,
299.9233,
263.3525,
277.9534,
291.2256,
337,
0,
2080, 
305.1091,
256.752,
232.8538,
301.9147,
273.7328,
263.2766,
275.9496,
340,
340,
271.3086,
249.4662,
256.0881,
254.8667,
245.0872,
293.0317,
265.0089,
258.5907,
282.7391,
253.1882,
270.029,
299.8179,
300.8914,
263.4117,
277.9534,
293.3516,
340,
0,
2081, 
306.0469,
256.8031,
232.8825,
302.9973,
275.0523,
263.278,
275.9496,
343,
343,
271.3086,
249.4662,
257.259,
256.8966,
245.69,
293.0317,
273.4105,
258.6545,
284.1338,
254.2192,
271.7831,
300.5453,
301.1391,
263.5278,
277.9534,
295.6539,
343,
0,
2082, 
306.4336,
257.1932,
232.8825,
303.47,
276.6187,
263.278,
276.48,
346,
346,
271.3086,
249.4662,
259.5244,
257.4077,
245.69,
293.0317,
280.1021,
258.9843,
285.9169,
255.3439,
272.0819,
301.2753,
301.5496,
263.6335,
277.9534,
298.2818,
346,
0,
2083, 
307.0344,
257.5754,
232.8825,
304.1079,
277.954,
263.278,
276.9513,
349,
349,
271.3086,
244.5318,
260.4073,
257.7295,
245.69,
293.0317,
281.8629,
265.0616,
287.4664,
258.1784,
272.3368,
301.9633,
303.2363,
263.7201,
277.9534,
300.6831,
349,
0,
2084, 
309.7141,
258.2144,
232.8825,
306.5674,
278.3314,
263.278,
278.4884,
352,
352,
271.3086,
240.1998,
260.6794,
258.1137,
248.6698,
293.0317,
282.0041,
265.2157,
288.8734,
260.937,
272.9484,
302.638,
304.5855,
264.9204,
277.9534,
302.7372,
352,
0,
2085, 
311.3168,
258.8637,
232.8825,
307.1422,
278.576,
263.278,
279.8154,
355,
355,
271.3086,
236.8742,
260.9467,
258.1652,
250.196,
293.59,
282.028,
265.3665,
290.3144,
262.9347,
273.7214,
303.3976,
305.667,
265.7533,
277.9534,
304.733,
355,
0,
2086, 
312.5572,
259.0611,
232.9888,
309.0295,
279.0707,
263.278,
281.0014,
358,
358,
272.1048,
285.8149,
261.512,
259.3322,
250.196,
294.1902,
283.2065,
267.279,
291.76,
265.3703,
275.2398,
304.1886,
306.6055,
268.0014,
277.9534,
307.1456,
358,
0,
2087, 
312.6559,
259.3897,
232.9888,
309.8433,
279.6765,
263.278,
284.966,
361,
361,
272.1048,
294.1749,
261.512,
260.7956,
250.196,
294.5709,
284.4044,
269.3087,
296.7687,
265.9593,
276.2649,
305.0186,
307.5477,
270.2408,
277.9534,
309.828,
361,
0,
2088, 
312.7615,
260.6017,
232.9888,
316.4687,
280.0374,
263.278,
285.6074,
364,
364,
272.1048,
297.8155,
261.512,
267.9624,
250.196,
294.6723,
285.5627,
275.6527,
298.4639,
267.9374,
277.6474,
311.4958,
313.3062,
275.2216,
277.9534,
312.1799,
364,
0,
2089, 
312.8738,
261.6697,
232.9888,
316.4687,
280.9059,
263.2962,
286.4059,
367,
367,
273.0143,
292.7403,
262.2803,
274.0649,
250.196,
294.7922,
286.235,
277.6114,
299.9072,
267.9374,
280.5543,
315.5553,
316.3918,
283.7217,
277.9534,
314.3678,
367,
0,
2090, 
312.9926,
262.2131,
232.9888,
317.0942,
281.5936,
263.2962,
287.5777,
370,
370,
273.0143,
290.8563,
266.1359,
278.9993,
250.196,
294.8942,
287.374,
279.8002,
301.448,
268.7802,
284.3659,
317.1666,
318.7115,
287.2108,
277.9534,
316.4197,
370,
0,
2091, 
313.5979,
262.8446,
232.9888,
317.9789,
281.7873,
263.316,
289.0484,
373,
373,
273.0143,
292.4359,
268.55,
286.224,
253.9404,
294.8942,
287.7331,
282.7827,
303.1118,
270.7664,
285.8344,
317.9596,
319.7614,
287.7084,
277.9534,
318.6434,
373,
0,
2092, 
314.562,
264.2202,
237.0147,
320.6064,
281.9072,
263.316,
289.2581,
376,
376,
273.0143,
294.6132,
268.8279,
291.0464,
257.1018,
303.3369,
287.7331,
284.7214,
308.221,
275.6196,
287.1295,
318.7344,
320.1145,
288.8002,
277.9534,
321.2443,
376,
0,
2093, 
316.5139,
265.6851,
242.7149,
322.3171,
282.8321,
265.8389,
289.6116,
379,
379,
273.0898,
295.145,
269.2147,
292.8088,
267.5472,
307.4303,
287.7331,
287.022,
310.237,
285.4582,
310.7735,
319.2695,
320.6145,
292.6658,
277.9534,
323.7565,
379,
0,
2094, 
320.4076,
270.9381,
242.7149,
325.1669,
286.4585,
269.0331,
290.3737,
382,
382,
275.3552,
302.2813,
291.3181,
293.4675,
288.4686,
308.6255,
287.7331,
289.0829,
310.5231,
292.1156,
312.9289,
320.2548,
322.2437,
306.8022,
277.9534,
326.0734,
382,
0,
2095, 
326.298,
275.2297,
242.7149,
327.6485,
289.3802,
269.4017,
293.5475,
385,
385,
282.6728,
324.5201,
293.8567,
294.1388,
306.1105,
310.3108,
287.7489,
289.2933,
311.6057,
295.9851,
315.2308,
320.9923,
323.5592,
307.7911,
277.9534,
328.1659,
385,
0,
2096, 
326.298,
279.7712,
243.9178,
328.3414,
289.6861,
269.6287,
294.2122,
388,
388,
303.722,
324.6022,
295.1517,
294.4213,
314.1109,
311.0425,
288.0126,
289.5732,
315.547,
299.0833,
317.4891,
322.2475,
324.6447,
308.339,
277.9534,
330.1982,
388,
0,
2097, 
326.298,
281.0578,
244.2047,
328.3414,
289.9272,
269.6287,
295.2866,
391,
391,
308.2418,
329.049,
298.2835,
296.0029,
315.1802,
311.799,
288.3632,
289.7709,
317.0389,
303.8728,
323.541,
323.2657,
325.5861,
309.8912,
277.9534,
332.61,
391,
0,
2098, 
326.298,
281.2881,
263.4434,
331.1457,
290.9013,
270.0807,
296.7086,
394,
394,
310.9849,
337.6385,
302.4119,
298.0123,
315.5425,
312.6846,
288.5344,
292.3214,
321.8163,
304.4142,
326.8557,
324.0789,
326.5243,
311.662,
277.9534,
335.242,
394,
0,
2099, 
326.298,
286.8891,
263.9409,
335.2948,
291.2793,
270.3623,
297.5654,
397,
397,
311.0657,
345.8607,
308.572,
304.6543,
316.353,
312.753,
288.5344,
292.5505,
323.6685,
307.1954,
330.0749,
330.0517,
326.909,
314.741,
277.9534,
337.6139,
397,
0,
2100, 
326.298,
288.0023,
264.4249,
336.504,
291.5706,
270.3623,
299.2092,
400,
400,
311.29,
344.5584,
311.1656,
310.4993,
317.034,
312.9294,
288.5344,
292.8072,
325.3065,
307.5235,
330.0749,
333.9943,
328.7202,
314.741,
277.9534,
339.8331,
400,
0];
