real main.em.dem.GDPpc[28](t) = [1971, 
18025.7,
20588.72,
7131.387,
5135.072,
4627.022,
6490.836,
2693.479,
1385.493,
800.5674,
7680.814,
15199.47,
6603.938,
4822.903,
4344.088,
2169.726,
6596.91,
7619.628,
796.2614,
2695.758,
566.5772,
1269.914,
861.4948,
13916.97,
15691.06,
877.3312,
1408.711,
0,
4924.715,
1972, 
18755.83,
21545.43,
7482.806,
5338.452,
5062.171,
6497.796,
2964.886,
1391.376,
804.2031,
7600.829,
15796.79,
6871.404,
5046.164,
4423.322,
2199.454,
6713.989,
8453.769,
774.7964,
2768.704,
591.6257,
1319.411,
906.8879,
14878.82,
16085.19,
805.4592,
1423.226,
0,
5090.915,
1973, 
19822,
22608.04,
7827.696,
5395.166,
5634.889,
6636.509,
2966.555,
1412.128,
798.652,
7737.135,
16672.98,
7164.145,
5075.279,
4718.648,
2335.704,
7157.659,
9221.72,
783.1033,
3030.457,
636.1968,
1407.655,
971.1509,
15854.73,
16413.83,
828.6378,
1457.276,
0,
5322.923,
1974, 
20318.25,
22299.5,
8035.033,
5357.973,
6001.288,
6804.255,
3170.684,
1502.656,
809.7331,
7994.749,
16982.68,
7718.882,
5222.716,
4898.225,
2413.558,
7431.844,
10048.69,
774.9598,
3192.208,
633.6603,
1445.375,
1024.68,
15458.06,
16917.32,
853.4778,
1480.218,
0,
5370.991,
1975, 
20451.19,
22060.54,
8251.832,
5451.598,
6166.741,
6732.178,
3279.306,
1452.761,
823.1337,
7922.092,
16776.05,
8040.493,
5459.658,
4981.046,
2443.151,
7560.977,
10053.5,
827.0154,
3334.332,
658.5936,
1469.266,
1060.138,
15746.74,
16790.77,
846.13,
1421.38,
0,
5354.92,
1976, 
21262.92,
23036.41,
8374.157,
5626.064,
6612.648,
6781.431,
3621.714,
1515.54,
854.1343,
7898.8,
17432.06,
8480.507,
5888.265,
5241.751,
2559.255,
7954.266,
10780.2,
821.7554,
3603.506,
675.8064,
1568.291,
1094.294,
16198.01,
16948.99,
866.3408,
1387.807,
0,
5538.498,
1977, 
21739.13,
23887.94,
8421.252,
5897.804,
6756.245,
6982.911,
3794.459,
1525.414,
869.6584,
7699.677,
17852.02,
9000.721,
5950.076,
5465.192,
2656.146,
8293.8,
10917.79,
861.3549,
3883.855,
720.6266,
1638.323,
1159.308,
16747.41,
17074.64,
867.564,
1346.514,
0,
5679.82,
1978, 
22334.27,
24995.59,
8935.027,
6102.653,
6812.455,
6943.699,
3907.863,
1461.469,
841.2719,
7741.208,
18323.95,
9468.698,
5905.608,
5695.737,
2755.574,
8645.484,
10536.47,
889.7242,
4166.839,
790.7791,
1714.774,
1238.283,
17476.81,
16971.29,
906.8549,
1298.553,
0,
5829.664,
1979, 
22921.16,
25552.23,
9560.348,
6092.561,
7104.538,
7185.399,
4075.367,
1479.4,
832.8496,
7840.325,
18929.63,
9789.172,
5740.513,
5836.729,
2811,
8864.585,
10947.24,
823.8907,
4377.384,
840.6167,
1794.445,
1295.252,
18283.88,
17308.82,
916.955,
1281.161,
0,
5964.365,
1980, 
23163.14,
25256.33,
10205.26,
6013.287,
7572.327,
7190.426,
4095.043,
1452.905,
828.705,
8153.932,
19177.92,
9744.632,
5478.383,
6069.517,
2910.013,
9216.292,
10746.25,
859.506,
4271.043,
890.6027,
1855.656,
1373.326,
18649.32,
17521.98,
939.1577,
1295.589,
0,
5998.541,
1981, 
23729.14,
25658,
10869.09,
6111.062,
7072.421,
7047.316,
3853.739,
1362.24,
832.1068,
8375.337,
19175.8,
9523.311,
5620.011,
6321.347,
3023.482,
9617.574,
10356.82,
890.5606,
4453.97,
931.0031,
1906.573,
1450.297,
19046.46,
17855.64,
970.4667,
1267.775,
0,
6010.893,
1982, 
22823.87,
24922.98,
10593.25,
6097.064,
6950.202,
6683.035,
3984.952,
1341.224,
831.9492,
8131.013,
19304.97,
9487.436,
5695.207,
6751.727,
3210.979,
10248.43,
9462.221,
900.8348,
4688.231,
976.3886,
2020.039,
1435.479,
19425.15,
18193.99,
989.3986,
1231.324,
0,
5964.083,
1983, 
23211.37,
25807.67,
9964.059,
6153.557,
6561.69,
6425.478,
3995.509,
1282.053,
831.0629,
7779.051,
19603.88,
9685.796,
5852.216,
7000.916,
3315.336,
10627.06,
9060.028,
945.163,
5079.116,
1053.122,
2062.688,
1522.775,
19597.75,
17668.38,
1015.109,
1201.375,
0,
6015.755,
1984, 
24299.49,
27399.11,
10138.41,
6230.195,
6756.077,
6485.092,
4019.197,
1248.601,
796.799,
7975.078,
20068.35,
9998.942,
6117.528,
7215.341,
3403.175,
10957.45,
8780.68,
959.7209,
5384.712,
1174.035,
2067.952,
1596.258,
20079.04,
18240.45,
1039.595,
1202.17,
0,
6177.66,
1985, 
25161.78,
28234.18,
10211.46,
6246.894,
7139.268,
6324.582,
4133.836,
1284.188,
761.3655,
7693.749,
20546.55,
10119.9,
6252.194,
7231.61,
3404.665,
11014.04,
8386.904,
987.9305,
5651.163,
1264.867,
2004.524,
1619.961,
20981.66,
18793.35,
1068.855,
1209.845,
0,
6275.503,
1986, 
25435.69,
28889.27,
9644.588,
6258.291,
7553.835,
6619.767,
4022.011,
1285.169,
779.3807,
7525,
21072.92,
10397.69,
6565.622,
7289.014,
3410.315,
11055.36,
8004.08,
1012.685,
6122.17,
1367.061,
2017.115,
1683.776,
21501.41,
19283.07,
1091.995,
1206.85,
0,
6365.998,
1987, 
26146.49,
29519.71,
9637.398,
6322.337,
7673.975,
6768.011,
3838.14,
1240.093,
820.2136,
7521.478,
21595.54,
10568.02,
7059.51,
7368.786,
3423.747,
11175.18,
7868.793,
1030.271,
6668.251,
1508.311,
2101.155,
1739.577,
22230.42,
19407.46,
1105.74,
1246.922,
0,
6473.156,
1988, 
27050.92,
30379.85,
9570.521,
6374.894,
7523.531,
6733.679,
3884.93,
1261,
821.2789,
7675.217,
22415.35,
10695.18,
7097.417,
7549.069,
3599.355,
11651.14,
7680.812,
1105.686,
7243.802,
1632.842,
2244.821,
1815.884,
23653.66,
19983.34,
1127.968,
1289.007,
0,
6642.254,
1989, 
27366.56,
31081.96,
9780.728,
6447.625,
7631.713,
6376.971,
3957.57,
1274.071,
834.4102,
7691.66,
23141.94,
10679.2,
6995.14,
7846.573,
3687.182,
12317.96,
7655.955,
1146.969,
7616.01,
1689.233,
2393.997,
1942.182,
24823.57,
20351.25,
1137.222,
1291.151,
0,
6770.982,
1990, 
27052.81,
31284.72,
10079.66,
6380.926,
7178.574,
6390.963,
4004.541,
1265.348,
821.6528,
7495.161,
23740.99,
9924.173,
7510.979,
7488.863,
3843.502,
11860.85,
7916.439,
1185.312,
8160.819,
1736.462,
2526.197,
2076.524,
26025.36,
20744.13,
1161.731,
1291.267,
0,
6807.69,
1991, 
26156.04,
30855.28,
10305.09,
6276.783,
7167.804,
6732.243,
4053.06,
1257.346,
812.7501,
7242.42,
24072.15,
8845.062,
7433.463,
6909.822,
3460.796,
11207.94,
8032.401,
1173.358,
8775.825,
1852.535,
2623.859,
2225.445,
26798.44,
20326.68,
1179.253,
1284.605,
0,
6776.878,
1992, 
26074.78,
31508.4,
10476.68,
6233.968,
7022.369,
7080.655,
4021.332,
1227.554,
803.2378,
6913.046,
24256.64,
8251.99,
7671.898,
6198.245,
3146.03,
9502.626,
8477.415,
1212.587,
9147.686,
2040.276,
2737.396,
2351.38,
26954.84,
20101.77,
1223.416,
1213.922,
0,
6786.975,
1993, 
26389.06,
31972.56,
10480.6,
6199.818,
7238.053,
7195.21,
3965.028,
1194.141,
814.662,
6826.668,
24107.88,
8068.821,
8115.384,
5407.86,
2840.36,
8647.017,
8408.716,
1245.062,
9574.646,
2243.661,
2893.716,
2488.523,
26917.76,
20636.26,
1220.913,
1108.931,
0,
6798.278,
1994, 
27366.22,
32871.2,
10745.36,
6284.081,
7509.604,
7386.602,
4006.418,
1166.051,
798.5344,
6883.903,
24704.82,
8381.351,
7602.811,
4266.155,
2467.293,
7565.564,
8525.458,
1301.963,
10254.54,
2463.474,
3082.369,
2634.95,
27116.15,
21240.62,
1234.786,
1101.903,
0,
6914.411,
1995, 
27851.94,
33292.92,
9894.47,
6387.906,
7723.665,
7507.502,
3971.964,
1174.865,
820.5782,
6948.519,
25250.52,
8868.516,
8061.251,
3788.413,
2278.397,
7261.488,
8525.457,
1373.79,
11043.38,
2654.993,
3277.861,
2806.983,
27561.15,
21882.24,
1278.556,
1125.655,
0,
7032.074,
1996, 
28032.4,
34108.96,
10217.9,
6565.691,
7771.271,
7628.711,
4127.618,
1195.513,
846.8434,
7111.549,
25646.1,
9292.298,
8508.948,
3526.296,
2258.805,
7023.942,
8765.96,
1450.131,
11670.62,
2851.902,
3458.425,
2977.691,
28243.62,
22486.01,
1305.664,
1177.455,
0,
7192.628,
1997, 
28951.6,
35210.62,
10720.61,
6767.845,
7913.353,
7964.193,
4164.798,
1207.545,
865.4262,
7176.842,
26292.55,
9634.274,
8999.519,
3557.207,
2285.418,
7144.26,
8829.913,
1481.559,
12066.25,
3056.159,
3547.629,
3067.95,
28624.13,
23018.93,
1314.06,
1215.532,
0,
7378.115,
1998, 
29870.1,
36237.3,
11059.1,
6963.645,
7798.799,
7983.648,
4257.673,
1215.845,
867.0916,
7102.681,
27006.55,
9914.649,
9055.145,
3600.348,
2274.89,
6801.33,
9009.427,
1545.437,
11156.84,
3204.725,
3331.017,
2633.08,
27985.07,
23650.4,
1330.169,
1246.188,
0,
7452.218,
1999, 
31237.79,
37405.6,
11308.07,
7150.771,
7703.894,
7600.39,
4331.432,
1205.784,
875.5386,
7162.754,
27729.33,
10121.81,
8610.54,
3655.677,
2347.512,
7254.708,
8940.858,
1630.772,
12106.01,
3395.04,
3452.535,
2617.542,
27898.03,
24598.03,
1353.693,
1257.437,
0,
7610.54,
2000, 
32563.29,
38340.24,
11881.7,
7374.437,
7920.492,
7644.868,
4392.518,
1211.977,
890.777,
7351.122,
28701.79,
10555.81,
9053.042,
3902.145,
2535.983,
8001.696,
9213.073,
1667.55,
13015.59,
3625.594,
3648.302,
2704.367,
28649.37,
25221.73,
1389.991,
1267.886,
0,
7858.492,
2001, 
32816.54,
38212.57,
11708.96,
7391.297,
7911.419,
7586.33,
4505.486,
1229.888,
915.4695,
7442.057,
29129.45,
10920.03,
8412.621,
4250.785,
2807.675,
8448.438,
9180.806,
1725.123,
13445.67,
3789.196,
3671.916,
2762.531,
28656.62,
25443.69,
1395.691,
1283.399,
0,
7920.604,
2002, 
33429.25,
38430.96,
11666.68,
7440.828,
8009.999,
7237.485,
4580.779,
1228.412,
913.5626,
7604.567,
29307.49,
11302.74,
8806.59,
4511.045,
3025.344,
8898.082,
9188.435,
1760.65,
14308.51,
4047.024,
3796.933,
2845.241,
28688.81,
26105.29,
1437.076,
1339.247,
0,
8021.29,
2003, 
33701.3,
39013.13,
11695.68,
7585.463,
7994.121,
7342.196,
4702.743,
1279.238,
926.085,
7732.848,
29469.26,
11814.58,
9145.75,
4945.633,
3263.119,
9605.862,
9526.202,
1877.288,
14634.21,
4346.401,
3948.602,
2939.942,
29056.55,
26603.28,
1484.305,
1359.277,
0,
8194.686,
2004, 
34374.57,
40046.78,
12038.26,
7714.614,
8344.161,
7874.344,
4853.247,
1350.488,
957.9957,
8001.647,
30002.44,
12516.89,
9870.96,
5573.686,
3548.419,
10343.2,
10049.02,
2000.71,
15233.18,
4716.491,
4163.552,
3045.907,
29825.45,
27316.85,
1553.889,
1431.622,
0,
8493.366,
2005, 
35069.09,
40880.21,
12296.23,
7961.29,
8505.417,
8358.868,
4994.974,
1382.886,
994.8387,
8294.74,
30374.05,
13142.54,
10562.13,
5865.295,
3832.548,
11087.96,
10431.33,
2154.28,
15766.58,
5105.734,
4335.763,
3176.415,
30386.93,
27736.18,
1630.904,
1534.786,
0,
8757.089,
2006, 
35678.3,
41582.83,
12767.46,
8303.328,
8749.111,
8851.23,
5188.476,
1415.222,
1053.264,
8662.022,
31153.33,
14001.68,
11139.77,
6372.678,
4116.699,
12079.63,
10753.66,
2319.276,
16484.36,
5710.797,
4555.583,
3336.961,
30883.79,
28055.33,
1708.347,
1644.823,
0,
9108.118,
2007, 
36076.95,
41994.6,
13016.47,
8536.51,
9192.428,
9378.722,
5376.484,
1455.59,
1114.764,
9046.816,
31925.78,
14870.36,
11505.05,
6926.69,
4464.693,
13182.92,
11048.96,
2509.865,
17224.57,
6468.843,
4803.606,
3503.375,
31548.18,
28603.42,
1787.923,
1786.492,
0,
9487.913,
2008, 
35943.27,
41472.76,
13004,
8617.106,
9579.529,
9797.014,
5569.961,
1494.747,
1157.453,
9283.536,
31795.75,
15503.36,
11428.83,
7272.916,
4701.851,
13897.7,
11261.91,
2570.536,
17535.91,
7033.179,
4933.041,
3678.212,
31212.37,
28975.5,
1823.596,
1875.362,
0,
9633.733,
2009, 
34587.1,
39659.04,
12076.24,
8463.482,
9463.923,
9682.452,
5692.458,
1526.643,
1186.47,
9061.423,
30297.5,
14918.34,
10737.63,
6527.622,
4807.92,
12885.34,
11152.3,
2743.423,
17505.75,
7609.502,
4883.043,
3797.809,
29485.62,
28823.22,
1879.526,
1888.283,
0,
9468.096,
2010, 
35234.42,
40307.37,
12513.06,
8598.577,
10082.66,
10109.3,
5846.381,
1585.358,
1228.634,
9201.972,
30782.04,
15164.9,
11487.01,
6880.714,
5086.407,
13448.16,
11458.52,
2984.325,
18550.59,
8363.534,
5226.279,
3981.006,
30724.65,
28900.85,
1922.714,
1965.391,
0,
9835.555,
2011, 
35929.19,
40614.76,
12791.75,
8771.604,
10388.88,
10595.72,
5498.457,
1627.478,
1245.085,
9360.387,
31107.58,
15683.06,
12569.63,
7280.101,
5415.785,
14103.2,
11871.35,
3141.693,
19134.22,
9100.879,
5373.294,
4166.825,
30699.55,
29161.33,
1974.979,
2022.382,
0,
10109.83,
2012, 
36155.53,
41192.86,
13079.2,
8928.644,
10495.51,
10815.24,
5808.224,
1661.976,
6605.479,
9417.458,
30834.64,
15833.34,
12958.59,
7347.33,
5651.083,
14579.9,
11839.45,
3272.565,
19466.1,
9748.145,
5635.146,
4357.203,
31176.83,
29780.02,
2048.09,
2108.916,
0,
10526.63,
2013, 
36657.27,
41571.86,
13083.05,
9077.41,
10717.42,
11083.8,
5775.893,
1713.958,
6255.684,
9497.891,
30778.82,
16115.35,
13822.97,
7406.323,
5945.894,
14824.36,
11902.85,
3440.614,
19916.52,
10436.58,
5840.187,
4536.373,
31827.55,
30109.95,
2110.277,
2168.549,
0,
10733.94,
2014, 
37315.26,
42335.81,
13279.19,
9211.155,
10680.09,
11023.2,
5734.922,
1764.415,
5768.025,
9521.318,
31175.6,
16620.79,
14291.74,
7147.713,
6179.454,
14905.7,
12056.1,
3653.474,
20471.72,
11127.2,
6025.329,
4705.194,
31983.1,
30504.31,
2181.551,
2218.54,
0,
10958.07,
2015, 
37309.7,
43248.07,
13546.62,
9427.321,
10214.93,
9316.26,
5813.64,
1762.443,
5318.002,
9496.518,
31728.95,
17273.13,
14910.5,
6624.37,
6293.709,
14480.94,
12066.76,
3907.506,
20941.45,
11820.8,
6241.331,
4871.595,
32462.57,
30895.16,
2255.664,
2222.513,
0,
11134.57,
2016, 
37466.78,
43599.98,
13772.46,
9564.341,
9779.766,
9299.056,
5882.329,
1714.216,
4941.287,
9410.663,
32193.69,
17882.27,
15134.97,
6706.847,
6410.598,
14398.92,
12556.27,
4140.042,
21476.24,
12536.35,
6460.721,
5051.661,
32824.04,
31382.41,
2342.176,
2203.921,
0,
11357.1,
2017, 
38008.09,
44519.29,
14085.92,
9856.938,
10096.7,
9584.612,
6118.236,
1782.133,
5150.115,
9742.405,
32630.29,
18440.92,
15627.45,
6990.898,
6751.703,
14931.53,
12861.74,
4369.362,
22238.85,
13490.89,
6727.156,
5343.159,
33201.71,
31953.61,
2431.978,
2286.234,
0,
11744.83,
2018, 
38557.21,
45457.98,
14406.52,
10158.49,
10423.9,
9878.938,
6363.605,
1852.742,
5367.768,
10085.84,
33072.82,
19017.03,
16135.95,
7286.979,
7110.957,
15483.84,
13174.64,
4611.385,
23028.54,
14518.11,
7004.58,
5651.478,
33583.73,
32535.21,
2525.222,
2371.622,
0,
12152.21,
2019, 
39114.27,
46416.46,
14734.41,
10469.26,
10761.7,
10182.3,
6618.815,
1926.147,
5594.619,
10441.39,
33521.34,
19611.13,
16661,
7595.601,
7489.328,
16056.58,
13495.15,
4866.813,
23846.26,
15623.55,
7293.443,
5977.587,
33970.14,
33127.39,
2622.042,
2460.199,
0,
12580.38,
2020, 
36474.92,
44311.41,
13101.45,
9628.859,
9990.015,
9321.823,
6265.109,
1830.733,
5319.198,
9162.838,
30502.15,
18418.95,
16019.79,
7293.584,
7203.409,
14892.52,
12587.69,
4320.086,
23562.44,
15859.14,
6892.206,
5733.114,
32066.25,
31237.28,
2462.225,
2339.978,
0,
11926.06,
2021, 
37561.74,
45982.84,
13441.94,
9912.811,
10306.93,
9605.21,
6373.441,
1845.016,
5366.186,
9223.912,
32392.36,
19410.27,
16521.19,
7432.707,
7365.907,
15699.93,
12745.85,
4806.1,
24462.53,
17080.81,
7149.485,
6007.894,
32594.32,
31762.13,
2507.673,
2360.879,
0,
12502.49,
2022, 
37868.64,
46421.27,
13642.97,
10117.96,
10462.58,
9818.451,
6433.463,
1881.95,
5478.966,
9318.537,
32763.29,
19964.11,
16870.18,
7700.58,
7548.202,
15985.03,
12797.35,
5131.035,
25149.07,
18037.08,
7425.988,
6273.724,
32832.59,
32286.74,
2551.862,
2410.721,
0,
12824.65,
2023, 
38110.28,
46791.5,
13904.77,
10374.9,
10632.9,
10077.48,
6495.171,
1925.24,
5610.251,
9418.157,
33151.75,
20534,
17232.38,
7984.423,
7751.469,
16295.04,
12853.59,
5500.997,
25937.38,
19037.81,
7725.462,
6572.109,
33096.13,
32800.31,
2598.265,
2468.707,
0,
13168.43,
2024, 
38352.71,
47139.79,
14154.85,
10622.61,
10796.54,
10328.82,
6548.38,
1971.041,
5748.879,
9516.92,
33504.31,
21081.83,
17680.38,
8291.412,
8049.627,
16582.86,
12903.8,
5868.494,
26660.32,
20036.98,
8039.879,
6869.409,
33346.82,
33262.08,
2648.762,
2529.925,
0,
13506.71,
2025, 
38599.38,
47714.21,
14409.92,
10872.78,
11055.41,
10584.93,
6607.474,
2019.09,
5894.097,
9715.78,
33864.63,
21650.94,
18140.8,
8611.156,
8340.39,
16960.43,
12964.11,
6150.745,
27435.85,
20748.52,
8357.178,
7200.44,
33693.09,
33767.52,
2702.634,
2594.045,
0,
13796.28,
2026, 
38996.84,
48281.76,
14730.92,
11200.06,
11296.34,
10858.38,
6850.432,
2105.34,
6135.489,
9994.438,
34266.63,
22200.57,
18578,
8931.155,
8683.779,
17482.9,
13253.37,
6422.609,
28130.7,
21639.92,
8637.699,
7533.135,
34139.7,
34178.23,
2806.684,
2665.166,
0,
14143.65,
2027, 
39398.39,
48856.05,
15059.07,
11537.19,
11542.51,
11138.9,
7102.323,
2195.273,
6386.768,
10281.09,
34673.4,
22764.16,
19025.73,
9263.047,
9041.308,
18021.48,
13549.08,
6706.491,
28843.15,
22569.61,
8927.636,
7881.203,
34592.22,
34593.95,
2914.74,
2738.236,
0,
14502.68,
2028, 
39804.09,
49437.18,
15394.53,
11884.46,
11794.05,
11426.66,
7363.477,
2289.048,
6648.337,
10575.96,
35085,
23342.06,
19484.26,
9607.271,
9413.556,
18576.64,
13851.39,
7002.92,
29573.64,
23539.25,
9227.306,
8245.353,
35050.75,
35014.71,
3026.955,
2813.309,
0,
14873.83,
2029, 
40213.95,
50025.22,
15737.46,
12242.2,
12051.07,
11721.86,
7634.232,
2386.829,
6920.619,
10879.29,
35501.48,
23934.63,
19953.83,
9964.288,
9801.13,
19148.91,
14160.45,
7312.451,
30322.64,
24550.54,
9537.033,
8626.327,
35515.35,
35440.6,
3143.491,
2890.441,
0,
15257.52,
2030, 
40628.04,
50620.26,
16088.03,
12610.7,
12313.7,
12024.69,
7914.944,
2488.787,
7204.052,
11191.32,
35922.91,
24542.23,
20434.72,
10334.57,
10204.66,
19738.8,
14476.4,
7635.664,
31090.6,
25605.29,
9857.158,
9024.905,
35986.11,
35871.67,
3264.513,
2969.688,
0,
15654.22,
2031, 
41091.2,
51103.9,
16435.56,
12977.07,
12547.61,
12315.44,
8178.067,
2590.673,
7497.228,
11481.1,
36365.28,
25116.71,
20880.72,
10680.69,
10555.34,
20246.19,
14759.97,
7935.425,
31759.71,
26423.88,
10155.04,
9387.134,
36390.28,
36274.26,
3384.778,
3048.35,
0,
15988.71,
2032, 
41559.64,
51592.16,
16790.59,
13354.08,
12785.96,
12613.23,
8449.938,
2696.73,
7802.334,
11778.39,
36813.09,
25704.63,
21336.45,
11038.4,
10918.07,
20766.63,
15049.09,
8246.953,
32443.22,
27268.65,
10461.92,
9763.901,
36798.99,
36681.38,
3509.473,
3129.096,
0,
16332.72,
2033, 
42033.41,
52085.08,
17153.29,
13742.04,
13028.85,
12918.21,
8730.845,
2807.128,
8119.857,
12083.38,
37266.43,
26306.32,
21802.13,
11408.1,
11293.27,
21300.44,
15343.87,
8570.713,
33141.44,
28140.43,
10778.07,
10155.79,
37212.29,
37093.06,
3638.761,
3211.981,
0,
16686.54,
2034, 
42512.59,
52582.72,
17523.83,
14141.28,
13276.35,
13230.58,
9021.092,
2922.047,
8450.303,
12396.26,
37725.34,
26922.09,
22277.97,
11790.17,
11681.36,
21847.97,
15644.43,
8907.182,
33854.69,
29040.08,
11103.78,
10563.41,
37630.23,
37509.36,
3772.813,
3297.062,
0,
17050.47,
2035, 
42997.23,
53085.11,
17902.38,
14552.12,
13528.54,
13550.49,
9320.987,
3041.669,
8794.195,
12717.25,
38189.9,
27552.28,
22764.2,
12185.04,
12082.78,
22409.58,
15950.87,
9256.859,
34583.29,
29968.49,
11439.33,
10987.39,
38052.87,
37930.34,
3911.803,
3384.396,
0,
17424.86,
2036, 
43493.2,
53524.19,
18276.38,
14977.28,
13777.47,
13864.68,
9608.662,
3167.504,
9169.21,
13021.56,
38692.33,
28132.86,
23247.12,
12546.14,
12419.69,
22873.78,
16237.38,
9593.478,
35242.6,
30773.2,
11771.82,
11394.59,
38438,
38357.22,
4056.429,
3488.504,
0,
17769.24,
2037, 
43994.88,
53966.9,
18658.19,
15414.86,
14030.97,
14186.16,
9905.216,
3298.545,
9560.216,
13333.15,
39201.38,
28725.68,
23740.27,
12917.94,
12765.99,
23347.6,
16529.03,
9942.336,
35914.48,
31599.53,
12113.98,
11816.88,
38827.02,
38788.91,
4206.401,
3595.815,
0,
18122.85,
2038, 
44502.34,
54413.28,
19047.99,
15865.22,
14289.14,
14515.09,
10210.92,
3435.007,
9967.896,
13652.2,
39717.12,
29330.98,
24243.89,
13300.75,
13121.95,
23831.24,
16825.92,
10303.88,
36599.18,
32448.04,
12466.09,
12254.82,
39219.99,
39225.45,
4361.919,
3706.427,
0,
18485.98,
2039, 
45015.67,
54863.34,
19445.92,
16328.74,
14552.06,
14851.65,
10526.06,
3577.114,
10392.96,
13978.89,
40239.64,
29949.04,
24758.2,
13694.92,
13487.84,
24324.89,
17128.14,
10678.57,
37296.93,
33319.34,
12828.43,
12708.99,
39616.93,
39666.91,
4523.186,
3820.442,
0,
18858.92,
2040, 
45534.91,
55317.13,
19852.17,
16805.81,
14819.81,
15196.02,
10850.93,
3725.101,
10836.15,
14313.39,
40769.04,
30580.13,
25283.41,
14100.76,
13863.92,
24828.77,
17435.79,
11066.89,
38007.97,
34214.04,
13201.3,
13179.99,
40017.89,
40113.34,
4690.416,
3937.964,
0,
19241.99,
2041, 
46016.57,
55719.13,
20268.66,
17294.91,
15081.18,
15536.2,
11164.58,
3880.563,
11311.07,
14627.5,
41309.39,
31138.57,
25791.34,
14464.71,
14173.91,
25221.62,
17717.57,
11436.15,
38678.98,
35017.27,
13568.62,
13621.94,
40449.92,
40574.29,
4861.149,
4076.685,
0,
19600.2,
2042, 
46503.33,
56124.04,
20693.88,
17798.25,
15347.15,
15884,
11487.3,
4042.513,
11806.8,
14948.51,
41856.91,
31707.2,
26309.46,
14838.04,
14490.82,
25620.68,
18003.89,
11817.72,
39361.83,
35839.35,
13946.16,
14078.72,
40886.62,
41040.53,
5038.098,
4220.292,
0,
19967.69,
2043, 
46995.23,
56531.9,
21128.03,
18316.24,
15617.82,
16239.58,
11819.34,
4211.223,
12324.25,
15276.56,
42411.68,
32286.21,
26838,
15221.02,
14814.82,
26026.06,
18294.85,
12212.04,
40056.74,
36680.73,
14334.21,
14550.81,
41328.03,
41512.13,
5221.487,
4368.958,
0,
20344.77,
2044, 
47492.34,
56942.72,
21571.29,
18849.3,
15893.26,
16603.13,
12160.98,
4386.973,
12864.39,
15611.8,
42973.8,
32875.8,
27377.15,
15613.88,
15146.06,
26437.85,
18590.51,
12619.5,
40763.92,
37541.87,
14733.05,
15038.73,
41774.21,
41989.16,
5411.552,
4522.862,
0,
20731.74,
2045, 
47994.71,
57356.53,
22023.84,
19397.87,
16173.55,
16974.81,
12512.5,
4570.057,
13428.2,
15954.41,
43543.38,
33476.16,
27927.13,
16016.88,
15484.71,
26856.16,
18890.94,
13040.57,
41483.58,
38423.22,
15142.99,
15543.02,
42225.2,
42471.66,
5608.536,
4682.187,
0,
21128.92,
2046, 
48437.29,
57703.29,
22495.99,
19956.47,
16447.3,
17346.28,
12853.78,
4760.846,
14022.14,
16276.05,
44109.7,
34029.86,
28460.96,
16383.85,
15757.4,
27191.23,
19170.1,
13443.95,
42162.89,
39180.37,
15544.9,
16019.01,
42678.71,
42921.63,
5808.711,
4861.229,
0,
21498.24,
2047, 
48883.96,
58052.13,
22978.27,
20531.15,
16725.68,
17725.87,
13204.36,
4959.599,
14642.35,
16604.17,
44683.38,
34592.71,
29004.99,
16759.22,
16034.89,
27530.49,
19453.38,
13859.81,
42853.32,
39952.45,
15957.47,
16509.58,
43137.08,
43376.37,
6016.031,
5047.119,
0,
21877.06,
2048, 
49334.75,
58403.09,
23470.88,
21122.39,
17008.76,
18113.77,
13564.51,
5166.649,
15290,
16938.91,
45264.53,
35164.88,
29559.42,
17143.2,
16317.27,
27873.97,
19740.85,
14288.53,
43555.06,
40739.74,
16381,
17015.18,
43600.37,
43835.93,
6230.75,
5240.117,
0,
22265.71,
2049, 
49789.69,
58756.17,
23974.06,
21730.65,
17296.64,
18510.15,
13934.48,
5382.344,
15966.29,
17280.39,
45853.24,
35746.52,
30124.44,
17535.97,
16604.62,
28221.75,
20032.56,
14730.51,
44268.29,
41542.54,
16815.76,
17536.26,
44068.64,
44300.36,
6453.133,
5440.494,
0,
22664.52,
2050, 
50248.82,
59111.39,
24488.02,
22356.42,
17589.39,
18915.21,
14314.54,
5607.043,
16672.5,
17628.76,
46449.6,
36337.77,
30700.27,
17937.74,
16897.03,
28573.86,
20328.59,
15186.17,
44993.2,
42361.16,
17262.06,
18073.3,
44541.94,
44769.7,
6683.454,
5648.534,
0,
23073.82,
2051, 
50680.82,
59446.76,
25015.85,
22995.19,
17890.63,
19321.09,
14692.81,
5843.596,
17408.94,
17969.73,
47060.23,
36908.29,
31277.83,
18336.11,
17164.17,
28930.7,
20630.57,
15629.89,
45712.23,
43063.65,
17704.4,
18588.46,
45047.1,
45233.2,
6919.486,
5874.508,
0,
23470.46,
2052, 
51116.53,
59784.03,
25555.05,
23652.2,
18197.03,
19735.67,
15081.07,
6090.129,
18177.91,
18317.29,
47678.88,
37487.75,
31866.26,
18743.32,
17435.53,
29292,
20937.04,
16086.57,
46442.75,
43777.79,
18158.08,
19118.31,
45557.99,
45701.5,
7163.855,
6109.522,
0,
23877.51,
2053, 
51555.98,
60123.21,
26105.88,
24327.99,
18508.68,
20159.15,
15479.6,
6347.063,
18980.85,
18671.57,
48305.67,
38076.32,
32465.75,
19159.58,
17711.17,
29657.81,
21248.06,
16556.59,
47184.95,
44503.77,
18623.39,
19663.26,
46074.67,
46174.64,
7416.854,
6353.938,
0,
24295.3,
2054, 
51999.21,
60464.32,
26668.59,
25023.09,
18825.66,
20591.72,
15888.65,
6614.836,
19819.26,
19032.71,
48940.7,
38674.13,
33076.53,
19585.08,
17991.18,
30028.19,
21563.71,
17040.35,
47939,
45241.79,
19100.62,
20223.74,
46597.21,
46652.68,
7678.787,
6608.132,
0,
24724.23,
2055, 
52446.26,
60807.37,
27243.42,
25738.04,
19148.07,
21033.57,
16308.51,
6893.906,
20694.7,
19400.83,
49584.07,
39281.32,
33698.79,
20020.03,
18275.61,
30403.19,
21884.04,
17538.24,
48705.11,
45992.04,
19590.07,
20800.2,
47125.68,
47135.67,
7949.971,
6872.495,
0,
25164.69,
2056, 
52928.76,
61154.57,
27822.78,
26465.29,
19475.83,
21474.47,
16729.87,
7182.622,
21599.59,
19768.97,
50265.96,
39919.15,
34316.79,
20474.45,
18574.74,
30861,
22225.48,
18029.94,
49387.51,
46713.45,
20075.41,
21356.55,
47687.52,
47668,
8228.417,
7151.25,
0,
25612.36,
2057, 
53415.7,
61503.76,
28414.46,
27213.08,
19809.19,
21924.61,
17162.11,
7483.429,
22544.05,
20144.1,
50957.23,
40567.33,
34946.12,
20939.19,
18878.76,
31325.71,
22572.25,
18535.42,
50079.46,
47446.18,
20572.77,
21927.79,
48256.06,
48206.35,
8516.615,
7441.313,
0,
26071.89,
2058, 
53907.13,
61854.93,
29018.73,
27982,
20148.27,
22384.19,
17605.51,
7796.834,
23529.81,
20526.34,
51658.01,
41226.04,
35586.99,
21414.47,
19187.76,
31797.41,
22924.44,
19055.07,
50781.12,
48190.4,
21082.45,
22514.31,
48831.38,
48750.77,
8814.908,
7743.141,
0,
26543.7,
2059, 
54403.07,
62208.12,
29635.84,
28772.65,
20493.14,
22853.39,
18060.38,
8123.365,
24558.67,
20915.84,
52368.43,
41895.44,
36239.62,
21900.55,
19501.82,
32276.22,
23282.11,
19589.3,
51492.6,
48946.29,
21604.76,
23116.52,
49413.55,
49301.35,
9123.648,
8057.21,
0,
27028.21,
2060, 
54903.57,
62563.32,
30266.08,
29585.63,
20843.92,
23332.44,
18526.99,
8463.57,
25632.52,
21312.73,
53088.61,
42575.71,
36904.21,
22397.66,
19821.01,
32762.24,
23645.37,
20138.5,
52214.05,
49714.04,
22140.01,
23734.83,
50002.67,
49858.14,
9443.202,
8384.02,
0,
27525.88,
2061, 
55482.05,
62939.02,
30901.81,
30404.62,
21190.12,
23808.28,
18991.05,
8808.688,
26730.35,
21704.37,
53835.41,
43299.77,
37562.01,
22905.35,
20161.79,
33266.23,
24029.25,
20677.78,
52901.55,
50447.63,
22672.3,
24329.4,
50614.8,
50463.7,
9768.423,
8721.814,
0,
28026.79,
2062, 
56066.62,
63316.97,
31550.89,
31246.27,
21542.07,
24293.83,
19466.73,
9167.88,
27875.2,
22103.2,
54592.72,
44036.14,
38231.54,
23424.54,
20508.43,
33777.98,
24419.37,
21231.5,
53598.11,
51192.05,
23217.38,
24938.87,
51234.43,
51076.61,
10104.84,
9073.219,
0,
28541.1,
2063, 
56657.34,
63697.2,
32213.61,
32111.22,
21899.87,
24789.28,
19954.32,
9541.718,
29069.09,
22509.37,
55360.68,
44785.03,
38913,
23955.51,
20861.03,
34297.61,
24815.81,
21800.06,
54303.84,
51947.45,
23775.56,
25563.6,
51861.64,
51696.98,
10452.85,
9438.782,
0,
29069.26,
2064, 
57254.3,
64079.71,
32890.25,
33000.12,
22263.61,
25294.84,
20454.13,
9930.8,
30314.1,
22922.99,
56139.45,
45546.66,
39606.61,
24498.51,
21219.68,
34825.23,
25218.7,
22383.83,
55018.86,
52713.99,
24347.17,
26203.99,
52496.52,
52324.87,
10812.84,
9819.074,
0,
29611.76,
2065, 
57857.54,
64464.52,
33581.09,
33913.62,
22633.39,
25810.71,
20966.45,
10335.75,
31612.45,
23344.22,
56929.17,
46321.23,
40312.58,
25053.82,
21584.51,
35360.96,
25628.13,
22983.24,
55743.3,
53491.85,
24932.52,
26860.41,
53139.19,
52960.39,
11185.24,
10214.69,
0,
30169.12,
2066, 
58512.09,
64829.05,
34261.36,
34829.75,
23005.59,
26320.33,
21462.64,
10742.46,
32927.01,
23757.77,
57712.29,
47102.63,
41010.42,
25586.75,
21947.05,
35875.74,
26044.07,
23563.5,
56496.09,
54233.59,
25507.69,
27486.52,
53801.91,
53619.28,
11561.92,
10617.86,
0,
30721.38,
2067, 
59174.05,
65195.65,
34955.41,
35770.63,
23383.9,
26840.02,
21970.57,
11165.18,
34296.25,
24178.64,
58506.19,
47897.2,
41720.34,
26131.02,
22315.68,
36398.02,
26466.76,
24158.4,
57259.04,
54985.62,
26096.12,
28127.22,
54472.89,
54286.36,
11951.3,
11036.95,
0,
31288.4,
2068, 
59843.5,
65564.32,
35663.52,
36736.93,
23768.43,
27369.97,
22490.52,
11604.53,
35722.42,
24606.97,
59311,
48705.18,
42442.55,
26686.86,
22690.5,
36927.89,
26896.31,
24768.33,
58032.29,
55748.07,
26698.13,
28782.86,
55152.24,
54961.74,
12353.79,
11472.57,
0,
31870.73,
2069, 
60520.52,
65935.08,
36385.97,
37729.34,
24159.29,
27910.38,
23022.78,
12061.17,
37207.89,
25042.89,
60126.89,
49526.79,
43177.26,
27254.53,
23071.62,
37465.49,
27332.84,
25393.65,
58815.99,
56521.1,
27314.03,
29453.78,
55840.07,
55645.52,
12769.83,
11925.39,
0,
32468.88,
2070, 
61205.2,
66307.93,
37123.06,
38748.55,
24556.57,
28461.46,
23567.63,
12535.78,
38755.14,
25486.53,
60954,
50362.26,
43924.69,
27834.27,
23459.14,
38010.91,
27776.45,
26034.76,
59610.28,
57304.84,
27944.13,
30140.34,
56536.47,
56337.82,
13199.88,
12396.09,
0,
33083.43,
2071, 
61900.41,
66667.69,
37857.14,
39767.42,
24969.55,
29004,
24091.7,
13008.15,
40305.98,
25925.63,
61755.46,
51161.78,
44655.72,
28369.27,
23826.07,
38502.36,
28223.93,
26655.09,
60367.22,
58036.23,
28564.85,
30806.43,
57231.92,
57018.12,
13628.52,
12870.58,
0,
33687.05,
2072, 
62603.51,
67029.4,
38605.74,
40813.09,
25389.48,
29556.87,
24627.41,
13498.32,
41918.87,
26372.3,
62567.45,
51973.98,
45398.91,
28914.55,
24198.74,
39000.16,
28678.61,
27290.19,
61133.77,
58776.94,
29199.36,
31487.23,
57935.93,
57706.64,
14071.07,
13363.24,
0,
34306.8,
2073, 
63314.6,
67393.08,
39369.14,
41886.25,
25816.48,
30120.29,
25175.04,
14006.96,
43596.31,
26826.67,
63390.12,
52799.09,
46154.47,
29470.32,
24577.24,
39504.41,
29140.62,
27940.43,
61910.06,
59527.11,
29847.96,
32183.09,
58648.59,
58403.48,
14527.99,
13874.76,
0,
34943.21,
2074, 
64033.77,
67758.73,
40147.64,
42987.63,
26250.65,
30694.44,
25734.86,
14534.77,
45340.87,
27288.86,
64223.6,
53637.29,
46922.61,
30036.76,
24961.67,
40015.16,
29610.08,
28606.16,
62696.2,
60286.86,
30510.98,
32894.32,
59370.02,
59108.73,
14999.75,
14405.86,
0,
35596.87,
2075, 
64761.1,
68126.35,
40941.54,
44117.96,
26692.13,
31279.54,
26307.11,
15082.47,
47155.24,
27759.02,
65068.04,
54488.8,
47703.52,
30614.1,
25352.1,
40532.53,
30087.1,
29287.75,
63492.33,
61056.3,
31188.71,
33621.27,
60100.32,
59822.49,
15486.84,
14957.28,
0,
36268.39,
2076, 
65503.8,
68521.46,
41732.83,
45246.81,
27133.08,
31861.27,
26857.69,
15623.38,
48961.57,
28222.02,
65903.13,
55304.58,
48468.92,
31161.63,
25737.26,
41012.77,
30574.21,
29950.61,
64291.68,
61819.12,
31854.03,
34332.59,
60829.08,
60535.33,
15967.68,
15508.88,
0,
36936.18,
2077, 
66255.02,
68918.87,
42539.42,
46404.54,
27581.31,
32453.82,
27419.79,
16183.68,
50837.1,
28692.74,
66748.92,
56132.58,
49246.6,
31718.95,
26128.27,
41498.7,
31069.22,
30628.46,
65101.09,
62591.47,
32533.53,
35058.97,
61566.68,
61256.66,
16463.45,
16080.82,
0,
37621.52,
2078, 
67014.84,
69318.57,
43361.6,
47591.88,
28036.96,
33057.39,
27993.66,
16764.08,
52784.47,
29171.32,
67605.57,
56972.97,
50036.76,
32286.25,
26525.21,
41990.38,
31572.24,
31321.66,
65920.69,
63373.47,
33227.53,
35800.71,
62313.21,
61986.58,
16974.61,
16673.85,
0,
38325.02,
2079, 
67783.39,
69720.59,
44199.67,
48809.61,
28500.13,
33672.19,
28579.54,
17365.29,
54806.43,
29657.88,
68473.21,
57825.95,
50839.6,
32863.68,
26928.2,
42487.89,
32083.41,
32030.55,
66750.61,
64165.25,
33936.33,
36558.15,
63068.8,
62725.21,
17501.65,
17288.75,
0,
39047.29,
2080, 
68560.74,
70124.95,
45053.94,
50058.5,
28970.95,
34298.42,
29177.67,
17988.07,
56905.85,
30152.55,
69351.99,
58691.7,
51655.31,
33451.45,
27337.3,
42991.3,
32602.85,
32755.49,
67590.98,
64966.91,
34660.25,
37331.61,
63833.55,
63472.63,
18045.05,
17926.33,
0,
39788.98,
2081, 
69342.79,
70526.83,
45904.68,
51304.45,
29440.85,
34919.22,
29757.45,
18600.88,
58989.99,
30631.56,
70223.95,
59524.14,
52459.48,
34021.82,
27744.9,
43487.51,
33129.59,
33463.39,
68409.45,
65733.53,
35366.74,
38088.82,
64637.05,
64214.64,
18579.68,
18560.31,
0,
40522.28,
2082, 
70133.76,
70931.02,
46771.49,
52581.41,
29918.37,
35551.26,
30348.74,
19234.55,
61150.45,
31118.18,
71106.87,
60368.4,
53276.16,
34601.93,
28158.57,
43989.45,
33664.84,
34186.59,
69237.84,
66509.2,
36087.63,
38861.38,
65450.66,
64965.33,
19130.15,
19216.72,
0,
41274.58,
2083, 
70933.75,
71337.52,
47654.66,
53890.16,
30403.64,
36194.74,
30951.78,
19889.82,
63390.04,
31612.53,
72000.89,
61224.64,
54105.55,
35191.93,
28578.42,
44497.18,
34208.73,
34925.41,
70076.27,
67294.02,
36823.21,
39649.62,
66274.52,
65724.79,
19696.93,
19896.34,
0,
42046.51,
2084, 
71742.86,
71746.35,
48554.52,
55231.47,
30896.78,
36849.86,
31566.8,
20567.42,
65711.66,
32114.73,
72906.16,
62093.01,
54947.86,
35791.98,
29004.52,
45010.77,
34761.42,
35680.21,
70924.84,
68088.11,
37573.79,
40453.84,
67108.73,
66493.13,
20280.51,
20600,
0,
42838.72,
2085, 
72561.2,
72157.52,
49471.36,
56606.18,
31397.91,
37516.85,
32194.05,
21268.09,
68118.29,
32624.91,
73822.8,
62973.71,
55803.28,
36402.27,
29436.98,
45530.29,
35323.03,
36451.32,
71783.69,
68891.56,
38339.67,
41274.38,
67953.45,
67270.45,
20881.37,
21328.54,
0,
43651.89,
2086, 
73398.65,
72568.12,
50389.18,
57968.03,
31900.2,
38174.75,
32804.18,
21955.66,
70499.69,
33122.92,
74747.77,
63832.93,
56641.86,
37002.38,
29870.09,
46058.66,
35894.12,
37205.32,
72603.24,
69667.92,
39089.55,
42077.49,
68829.54,
68066.19,
21476.29,
22052.76,
0,
44458.54,
2087, 
74245.76,
72981.05,
51324.02,
59362.65,
32410.52,
38844.2,
33425.87,
22665.46,
72964.34,
33628.54,
75684.32,
64703.88,
57493.04,
37612.39,
30309.56,
46593.15,
36474.44,
37974.93,
73432.16,
70453.02,
39854.1,
42896.23,
69716.91,
68871.34,
22088.15,
22801.57,
0,
45285.7,
2088, 
75102.64,
73396.32,
52276.21,
60790.82,
32929,
39525.38,
34059.34,
23398.21,
75515.15,
34141.86,
76632.62,
65586.7,
58357.01,
38232.45,
30755.51,
47133.85,
37064.15,
38760.45,
74270.53,
71246.98,
40633.61,
43730.91,
70615.73,
69686.01,
22717.45,
23575.8,
0,
46134.02,
2089, 
75969.41,
73813.96,
53246.07,
62253.36,
33455.77,
40218.5,
34704.82,
24154.64,
78155.14,
34663.03,
77592.8,
66481.58,
59233.96,
38862.74,
31208.01,
47680.82,
37663.39,
39562.22,
75118.48,
72049.88,
41428.36,
44581.82,
71526.13,
70510.32,
23364.68,
24376.33,
0,
47004.18,
2090, 
76846.2,
74233.98,
54233.91,
63751.07,
33990.98,
40923.79,
35362.53,
24935.53,
80887.42,
35192.15,
78565,
67388.66,
60124.1,
39503.41,
31667.17,
48234.14,
38272.31,
40380.57,
75976.1,
72861.82,
42238.65,
45449.29,
72448.28,
71344.38,
24030.35,
25204.03,
0,
47896.89,
2091, 
77774.25,
74657,
55215.2,
65228.14,
34531.07,
41617.11,
36005.1,
25696.12,
83576.61,
35710.01,
79552.26,
68294.78,
60994.18,
40132.62,
32123.88,
48793.55,
38884.34,
41183.8,
76788.49,
73641.3,
43031.48,
46299.11,
73391.93,
72217.92,
24689.42,
26022.89,
0,
48780.67,
2092, 
78713.52,
75082.45,
56214.25,
66739.44,
35079.73,
42322.17,
36659.34,
26479.91,
86355.2,
36235.49,
80551.92,
69213.08,
61876.84,
40771.85,
32587.17,
49359.44,
39506.16,
42003,
77609.57,
74429.12,
43839.19,
47164.82,
74347.87,
73102.16,
25366.57,
26868.35,
0,
49686.39,
2093, 
79664.13,
75510.3,
57231.37,
68285.75,
35637.13,
43039.18,
37325.48,
27287.61,
89226.17,
36768.7,
81564.15,
70143.73,
62772.28,
41421.26,
33057.14,
49931.89,
40137.93,
42838.49,
78439.42,
75225.36,
44662.07,
48046.72,
75316.26,
73997.23,
26062.29,
27741.28,
0,
50614.7,
2094, 
80626.21,
75940.61,
58266.9,
69867.88,
36203.37,
43768.34,
38003.71,
28119.95,
92192.59,
37309.76,
82589.1,
71086.88,
63680.68,
42081.01,
33533.9,
50510.98,
40779.79,
43690.61,
79278.16,
76030.13,
45500.38,
48945.11,
76297.26,
74903.25,
26777.09,
28642.57,
0,
51566.32,
2095, 
81599.92,
76373.37,
59321.16,
71486.68,
36778.61,
44509.86,
38694.28,
28977.67,
95257.63,
37858.78,
83626.92,
72042.73,
64602.22,
42751.27,
34017.53,
51096.8,
41431.92,
44559.67,
80125.85,
76843.49,
46354.44,
49860.29,
77291.04,
75820.37,
27511.49,
29573.14,
0,
52541.94,
2096, 
82632.29,
76811.59,
60360.28,
73075.45,
37357.81,
45236.92,
39362.43,
29807.89,
98259.05,
38395.63,
84684.15,
73010.16,
65498.47,
43400.46,
34487.98,
51665.71,
42081.54,
45396.59,
80970.24,
77627.58,
47189.89,
50755.7,
78299.29,
76772.74,
28234.88,
30490.7,
0,
53500.88,
2097, 
83677.72,
77252.34,
61417.61,
74699.54,
37946.14,
45975.86,
40042.11,
30661.89,
101355,
38940.09,
85754.74,
73990.59,
66407.16,
44059.52,
34964.95,
52240.96,
42741.34,
46249.23,
81823.54,
78419.66,
48040.4,
51667.18,
79320.69,
77737.09,
28977.29,
31436.74,
0,
54482.86,
2098, 
84736.38,
77695.61,
62493.45,
76359.72,
38543.73,
46726.86,
40733.53,
31540.37,
104548.6,
39492.27,
86838.87,
74984.18,
67328.46,
44728.57,
35448.5,
52822.62,
43411.49,
47117.89,
82685.83,
79219.83,
48906.24,
52595.03,
80355.41,
78713.54,
29739.21,
32412.12,
0,
55488.57,
2099, 
85808.42,
78141.43,
63588.14,
78056.8,
39150.73,
47490.14,
41436.89,
32444.01,
107842.7,
40052.28,
87936.7,
75991.12,
68262.53,
45407.79,
35938.75,
53410.75,
44092.15,
48002.85,
83557.2,
80028.16,
49787.69,
53539.54,
81403.63,
79702.26,
30521.17,
33417.77,
0,
56518.7,
2100, 
86894.03,
78589.8,
64702,
79791.59,
39767.29,
48265.88,
42152.39,
33373.54,
111240.7,
40620.23,
89048.41,
77011.57,
69209.57,
46097.32,
36435.78,
54005.43,
44783.48,
48904.45,
84437.75,
80844.74,
50685.02,
54501.02,
82465.52,
80703.4,
31323.7,
34454.63,
0,
57573.96];
