real main.em.dem.RURPOPTOT[28](t) = [1971, 
5.3309,
53.54213,
20.87916,
25.0041,
42.58309,
35.28856,
42.97043,
111.6185,
77.8634,
12.00652,
106.651,
58.49127,
22.21433,
28.69478,
18.89988,
54.23365,
37.47054,
455.5753,
26.24048,
710.3481,
126.9501,
99.91839,
49.19978,
3.430035,
140.6397,
40.64558,
0,
2406.69,
1972, 
5.414045,
54.13614,
21.14098,
25.30899,
42.64231,
35.48507,
43.65652,
113.602,
79.74329,
12.34005,
106.3893,
58.15699,
22.47094,
28.43312,
19.22999,
53.49019,
38.00792,
464.0043,
26.23686,
726.788,
129.5238,
102.0225,
49.07536,
3.478703,
142.8659,
41.60506,
0,
2445.248,
1973, 
5.48415,
54.66267,
21.39331,
25.60349,
42.67241,
35.67015,
44.3621,
115.693,
81.66162,
12.68159,
106.0517,
57.83631,
22.7237,
28.14082,
19.56908,
52.73188,
38.54213,
472.6942,
26.19121,
742.6169,
132.0879,
104.137,
48.94271,
3.509408,
145.8974,
42.64057,
0,
2484.198,
1974, 
5.561762,
55.15897,
21.63295,
25.88819,
42.66549,
35.84608,
45.09534,
117.8995,
83.74389,
13.02776,
105.6482,
57.53079,
22.96222,
27.83028,
19.91417,
51.9754,
39.07914,
481.573,
26.08376,
757.5426,
134.5951,
106.2474,
48.77202,
3.537104,
148.9763,
43.72457,
0,
2522.512,
1975, 
5.6427,
55.66364,
21.85744,
26.16269,
42.62256,
36.00422,
45.96502,
120.2243,
85.87271,
13.37644,
105.1572,
57.23004,
23.17493,
27.50778,
20.26554,
51.23753,
39.61753,
490.514,
25.91869,
770.8582,
136.9523,
108.3541,
48.53373,
3.556973,
152.0712,
44.84987,
0,
2559.191,
1976, 
5.714859,
56.15312,
22.08029,
26.46226,
42.59513,
36.14133,
46.97479,
122.5918,
88.05566,
13.72416,
104.8114,
56.93825,
23.48053,
27.19997,
20.66603,
50.69193,
40.46425,
499.2188,
25.66588,
779.1639,
139.0399,
110.3224,
48.43464,
3.604437,
154.7878,
45.95852,
0,
2590.942,
1977, 
5.778996,
56.68716,
22.29558,
26.7528,
42.54447,
36.27172,
47.939,
125.0279,
90.16054,
14.07989,
104.458,
56.59731,
23.81182,
26.86981,
21.07894,
50.14142,
41.33032,
508.0645,
25.35181,
786.5013,
141.3341,
112.28,
48.29004,
3.649195,
157.6168,
47.08779,
0,
2622.001,
1978, 
5.836784,
57.29321,
22.50303,
27.04078,
42.47003,
36.39812,
48.86406,
127.6935,
92.46822,
14.44715,
104.092,
56.18722,
24.14783,
26.51992,
21.4968,
49.57719,
41.90651,
517.0798,
25.00279,
793.2042,
143.8305,
114.2392,
48.09616,
3.693363,
160.5877,
48.19955,
0,
2652.875,
1979, 
5.896727,
57.93459,
22.67951,
27.31756,
42.36533,
36.5098,
49.83291,
130.5253,
94.99341,
14.81862,
103.7077,
55.74789,
24.46951,
26.17438,
21.90288,
48.96127,
42.50531,
526.2998,
24.636,
800.287,
146.3232,
116.202,
47.85307,
3.737862,
163.6014,
49.33001,
0,
2684.613,
1980, 
5.965366,
58.60011,
22.79024,
27.58464,
42.22862,
36.60883,
50.85098,
133.3259,
97.21715,
15.19582,
103.3617,
55.26754,
24.78687,
25.83604,
22.30139,
48.29193,
43.29433,
535.875,
24.26734,
807.9919,
148.8697,
118.1594,
47.56017,
3.787886,
166.6993,
50.60548,
0,
2717.324,
1981, 
6.005123,
58.91914,
22.94324,
27.88272,
42.12305,
36.75208,
51.88082,
136.1799,
99.76601,
15.53518,
103.2833,
55.08809,
24.509,
25.53134,
22.76367,
47.95033,
44.44251,
546.4286,
23.96069,
813.1125,
151.4688,
119.7402,
47.63391,
3.851759,
170.0716,
51.96035,
0,
2749.784,
1982, 
6.039576,
59.18735,
23.04584,
28.19102,
41.97256,
36.87865,
52.93684,
139.1349,
102.7278,
15.8823,
103.138,
54.88362,
24.23991,
25.21213,
23.24346,
47.63463,
45.56839,
557.1001,
23.68213,
819.0618,
154.1125,
121.292,
47.68499,
3.921091,
173.6796,
53.24115,
0,
2783.692,
1983, 
6.066895,
59.45906,
23.13374,
28.53135,
41.77602,
36.99142,
54.03366,
141.9424,
105.466,
16.25341,
102.956,
54.65441,
23.99251,
24.89329,
23.74702,
47.36285,
46.47746,
567.9618,
23.37427,
824.3944,
156.8055,
122.8039,
47.72655,
3.987806,
177.8083,
54.58384,
0,
2817.184,
1984, 
6.089249,
59.72041,
23.2023,
28.88336,
41.52802,
37.08681,
55.14305,
144.7208,
108.0687,
16.65195,
102.7695,
54.40343,
23.70971,
24.57271,
24.27036,
47.09251,
47.43056,
579.0526,
23.03145,
828.8737,
159.5263,
124.2454,
47.75797,
4.050673,
181.9711,
55.92133,
0,
2849.774,
1985, 
6.111053,
59.97549,
23.24776,
29.23351,
41.22372,
37.15934,
56.24821,
147.6701,
110.7668,
17.08845,
102.5986,
54.12428,
23.38402,
24.23379,
24.80985,
46.80183,
48.33125,
590.2687,
22.6547,
833.9901,
162.2145,
125.5715,
47.77541,
4.113485,
186.175,
57.26669,
0,
2883.038,
1986, 
6.163498,
60.19626,
23.29127,
29.53341,
40.95181,
37.30483,
57.4432,
150.6624,
113.4928,
17.47205,
102.4019,
53.91643,
23.20394,
24.01875,
25.47657,
46.76882,
49.4931,
601.6981,
22.20133,
839.8228,
164.8253,
126.5886,
47.39083,
4.157255,
190.3805,
58.58787,
0,
2917.443,
1987, 
6.227156,
60.40279,
23.31445,
29.83052,
40.62283,
37.43814,
58.58862,
153.7343,
116.384,
17.90146,
102.2444,
53.6815,
22.98569,
23.80235,
26.19003,
46.76286,
50.67909,
613.1934,
21.73445,
846.5591,
167.4073,
127.5054,
46.98769,
4.205185,
194.5261,
59.84075,
0,
2952.75,
1988, 
6.304007,
60.62535,
23.32726,
30.13259,
40.23825,
37.5591,
59.69976,
156.8972,
119.0707,
18.33383,
102.1224,
53.40718,
22.73949,
23.57092,
26.91767,
46.71466,
51.79909,
624.7354,
21.24156,
852.9722,
169.9445,
128.3551,
46.56783,
4.256023,
198.8261,
61.05314,
0,
2987.411,
1989, 
6.392519,
60.89767,
23.3278,
30.436,
39.79813,
37.6638,
60.78027,
160.1684,
121.6734,
18.75276,
102.0155,
53.10069,
22.46709,
23.32592,
27.59438,
46.57693,
52.90287,
636.3922,
20.72644,
858.7083,
172.4581,
129.1362,
46.12122,
4.307213,
203.2686,
62.28585,
0,
3021.278,
1990, 
6.476763,
61.27585,
23.35651,
30.73802,
39.30122,
37.74722,
61.81726,
163.3823,
124.5857,
19.12648,
101.9197,
52.76594,
22.16262,
23.0616,
28.19031,
46.36485,
53.89346,
648.0778,
20.1831,
864.7195,
174.9997,
129.8393,
45.64891,
4.363041,
207.5632,
63.51092,
0,
3055.071,
1991, 
6.499489,
61.15347,
23.49781,
30.93403,
38.85607,
37.84869,
62.85244,
166.6549,
127.5439,
19.42174,
101.8416,
52.65108,
22.2463,
23.04826,
28.88431,
46.57454,
55.03129,
659.9841,
19.99808,
866.6833,
177.9242,
130.343,
45.40934,
4.398262,
211.9276,
64.71378,
0,
3086.922,
1992, 
6.514513,
61.03716,
23.62929,
31.11233,
38.35596,
37.92056,
63.85618,
170.0557,
130.4198,
19.62062,
101.7836,
52.38731,
22.31194,
23.03878,
29.52288,
46.69915,
56.20005,
671.9188,
19.76217,
865.6713,
180.8676,
130.7932,
45.16122,
4.420029,
216.7118,
65.88863,
0,
3115.66,
1993, 
6.525507,
60.89009,
23.75172,
31.27113,
37.81223,
37.96717,
64.83994,
173.4825,
133.4225,
19.77161,
101.6953,
52.07043,
22.37123,
22.98156,
30.05123,
46.76448,
56.9802,
683.8826,
19.52597,
863.6027,
183.8211,
131.1732,
44.89793,
4.435272,
222.0137,
67.09608,
0,
3143.097,
1994, 
6.533401,
60.68936,
23.86415,
31.40739,
37.23093,
37.9905,
65.7843,
177.3295,
135.7995,
19.90492,
101.5628,
51.81072,
22.4267,
22.81998,
30.49863,
46.76211,
57.64793,
695.866,
19.2838,
860.8818,
186.6349,
131.5006,
44.6343,
4.451767,
227.3131,
68.42091,
0,
3169.05,
1995, 
6.538864,
60.43704,
23.96069,
31.52609,
36.61108,
37.98538,
66.68374,
181.1932,
138.4928,
20.01983,
101.4008,
51.58048,
22.46314,
22.60622,
30.92809,
46.70973,
58.40231,
707.8484,
19.01874,
857.5513,
189.3101,
131.78,
44.35972,
4.472794,
232.2949,
69.72714,
0,
3193.903,
1996, 
6.500113,
60.2039,
24.14332,
31.67665,
35.98622,
38.04044,
67.61156,
184.324,
142.6764,
20.11246,
101.1489,
51.50162,
22.52178,
22.38467,
31.29035,
46.6453,
59.15895,
719.6891,
19.02615,
852.5435,
191.6991,
131.426,
44.31699,
4.485121,
236.9897,
70.90723,
0,
3217.01,
1997, 
6.455809,
59.96553,
24.31184,
31.8114,
35.32268,
38.0697,
68.52673,
187.4069,
146.8184,
20.17539,
100.8941,
51.40125,
22.56836,
22.15799,
31.59109,
46.58442,
59.92112,
731.4862,
19.03709,
846.9066,
194.0391,
131.0034,
44.27691,
4.493944,
241.6526,
72.09976,
0,
3238.978,
1998, 
6.403723,
59.70824,
24.46854,
31.92892,
34.61983,
38.07272,
69.41244,
190.8096,
150.5345,
20.20751,
100.6336,
51.25414,
22.59778,
21.93602,
31.84098,
46.52686,
60.6984,
743.2346,
19.03749,
840.767,
196.2787,
130.4814,
44.22865,
4.498425,
246.4144,
73.40013,
0,
3259.995,
1999, 
6.348265,
59.40584,
24.61239,
32.03028,
33.87216,
38.04753,
70.26755,
194.3815,
154.3304,
20.21036,
100.3682,
51.08924,
22.60946,
21.70893,
32.14162,
46.45319,
61.47316,
754.8765,
19.027,
834.1542,
198.3576,
129.8255,
44.16797,
4.501471,
251.2901,
74.72009,
0,
3280.271,
2000, 
6.296829,
59.05173,
24.74045,
32.11189,
33.07834,
37.99118,
71.11781,
198.0883,
158.2939,
20.18073,
100.1196,
50.99459,
22.60579,
21.47587,
32.56698,
46.34073,
62.25636,
766.486,
19.00925,
827.4049,
200.2222,
129.0506,
44.10746,
4.506388,
256.0998,
76.08908,
0,
3300.287,
2001, 
6.322454,
58.73265,
24.80961,
32.17517,
32.43492,
37.93416,
71.95602,
201.8459,
162.3558,
20.13431,
99.4585,
50.75578,
22.61266,
21.17602,
32.9396,
46.29019,
63.07113,
778.2056,
18.95195,
815.575,
201.7234,
130.523,
44.00896,
4.513977,
260.9258,
77.39693,
0,
3316.829,
2002, 
6.347296,
58.35399,
24.86961,
32.22057,
31.75018,
37.84607,
72.80801,
205.6898,
166.5415,
20.09038,
98.88342,
50.44414,
22.59544,
20.88309,
33.32088,
46.24047,
63.6989,
789.8474,
18.88197,
803.2161,
203.166,
131.9634,
43.90077,
4.524168,
265.981,
78.71513,
0,
3332.78,
2003, 
6.366766,
57.93202,
24.91737,
32.24714,
31.01884,
37.72853,
73.66236,
209.5612,
170.8454,
20.04679,
98.40732,
50.11199,
22.55609,
20.61293,
33.71222,
46.20376,
64.2953,
801.2358,
18.80502,
790.4767,
204.5414,
133.3723,
43.77972,
4.534388,
270.8188,
80.09457,
0,
3347.885,
2004, 
6.384504,
57.50679,
24.95656,
32.25558,
30.25156,
37.58502,
74.51827,
213.52,
175.2688,
20.00287,
97.9696,
49.76839,
22.52077,
20.35682,
34.12458,
46.18644,
65.04929,
812.3633,
18.72433,
777.5034,
205.8462,
134.7094,
43.64723,
4.542101,
275.1055,
81.53187,
0,
3362.199,
2005, 
6.403879,
57.07339,
24.98141,
32.24908,
29.45607,
37.41988,
75.36802,
217.6016,
179.7682,
19.95831,
97.52386,
49.42543,
22.47675,
20.10136,
34.5608,
46.18174,
65.96617,
823.0726,
18.63145,
764.3707,
207.0929,
136.0415,
43.50001,
4.55028,
279.123,
83.01926,
0,
3375.918,
2006, 
6.436756,
56.72594,
24.99868,
32.28113,
28.90732,
37.28821,
76.13899,
221.5843,
184.3494,
19.91212,
97.03979,
49.02677,
22.441,
19.78015,
34.97519,
46.00984,
67.01062,
832.6808,
18.53359,
757.235,
208.0918,
137.3468,
43.31254,
4.567228,
282.6795,
84.58031,
0,
3393.934,
2007, 
6.471933,
56.37573,
25.00066,
32.31158,
28.33037,
37.13387,
76.93738,
225.6176,
189.1163,
19.87315,
96.62122,
48.63898,
22.38754,
19.47612,
35.41541,
45.90955,
68.15073,
841.902,
18.43366,
750.0825,
209.0829,
138.6787,
43.12486,
4.593149,
285.7215,
86.20709,
0,
3411.594,
2008, 
6.511499,
56.00034,
24.98613,
32.3376,
27.72594,
36.95677,
77.75912,
229.7019,
194.0286,
19.85497,
96.19901,
48.27396,
22.32096,
19.18771,
35.88589,
45.86646,
69.30225,
850.8397,
18.33196,
742.9028,
210.0006,
140.0079,
42.92574,
4.625473,
288.6955,
87.85017,
0,
3429.079,
2009, 
6.554174,
55.58287,
24.95947,
32.35551,
27.09746,
36.76534,
78.60082,
233.8532,
199.0238,
19.84495,
95.6557,
47.93786,
22.26269,
18.92066,
36.39647,
45.85532,
70.38516,
859.5925,
18.23167,
735.7251,
210.8733,
141.3052,
42.71576,
4.655905,
292.039,
89.49344,
0,
3446.683,
2010, 
6.595016,
55.12244,
24.95068,
32.34875,
26.45078,
36.56564,
79.49316,
238.0767,
204.028,
19.83259,
95.03287,
47.60467,
22.21552,
18.65963,
36.92996,
45.84602,
71.26704,
868.3054,
18.13687,
728.4382,
211.7138,
142.5839,
42.48873,
4.676292,
295.5897,
91.23079,
0,
3464.183,
2011, 
6.55267,
54.72876,
24.92295,
32.31144,
26.26555,
36.39258,
79.88154,
242.4139,
208.3775,
19.79893,
94.05054,
46.84787,
22.29832,
18.34964,
37.11869,
45.25239,
71.97934,
873.0117,
17.97849,
722.5236,
212.1165,
142.8521,
41.96295,
4.682455,
298.2498,
93.03333,
0,
3473.954,
2012, 
6.509514,
54.33405,
24.88155,
32.281,
26.06721,
36.20892,
80.2933,
246.7307,
212.7072,
19.77422,
93.0105,
46.09112,
22.41271,
18.06125,
37.31097,
44.69849,
72.61961,
877.4259,
17.84412,
716.7834,
212.4782,
143.0986,
41.41998,
4.691448,
300.5457,
94.92186,
0,
3483.202,
2013, 
6.464586,
53.91531,
24.81433,
32.2362,
25.85484,
36.01166,
80.91145,
251.0109,
217.1451,
19.75171,
91.89935,
45.3362,
22.57824,
17.78015,
37.51297,
44.15971,
73.23727,
881.496,
17.7079,
710.9384,
212.766,
143.2644,
40.8714,
4.702095,
302.3412,
96.9119,
0,
3491.619,
2014, 
6.411633,
53.4707,
24.72224,
32.17351,
25.63411,
35.80226,
81.52951,
255.3269,
221.4988,
19.76725,
90.76871,
44.58697,
22.80555,
17.48782,
37.72703,
43.6194,
73.84621,
885.0165,
17.56885,
704.7164,
212.9437,
143.3348,
40.3155,
4.71067,
303.994,
98.95981,
0,
3498.739,
2015, 
6.354061,
52.99744,
24.60564,
32.09396,
25.40463,
35.58543,
82.06815,
259.6039,
225.8091,
19.877,
89.63559,
43.83579,
23.02346,
17.20173,
37.94421,
43.09109,
74.43182,
888.0207,
17.4219,
698.0731,
213.0595,
143.3159,
39.75378,
4.717972,
305.3462,
101.091,
0,
3504.363,
2016, 
6.303759,
52.5145,
24.47462,
32.00044,
25.16068,
35.35837,
82.5388,
263.9302,
230.2179,
19.76365,
88.50131,
43.08371,
23.18646,
16.92487,
38.15036,
42.57199,
74.87198,
890.9459,
17.24358,
691.1188,
213.1654,
143.2027,
39.18416,
4.727077,
306.5374,
103.3038,
0,
3508.983,
2017, 
6.261135,
52.01373,
24.32458,
31.89113,
24.90633,
35.10777,
82.94792,
268.2699,
234.679,
19.53166,
87.36224,
42.34721,
23.25576,
16.64156,
38.33051,
42.01861,
75.16127,
893.5516,
17.03571,
684.1268,
213.1849,
142.994,
38.59387,
4.737175,
308.0201,
105.5036,
0,
3512.798,
2018, 
6.222364,
51.46268,
24.13729,
31.77918,
24.6467,
34.82143,
83.28516,
272.4874,
239.2389,
19.46001,
86.20599,
41.61536,
23.22045,
16.34849,
38.49543,
41.42097,
75.4904,
895.4874,
16.81646,
676.2553,
213.0544,
142.7069,
37.98351,
4.746414,
309.6957,
107.6258,
0,
3514.71,
2019, 
6.181503,
50.87283,
23.92233,
31.64853,
24.37462,
34.50117,
83.53596,
276.615,
244.0171,
19.3971,
85.05313,
40.88634,
23.16793,
16.04936,
38.65561,
40.7928,
75.7982,
896.8007,
16.58594,
667.3546,
212.8087,
142.3577,
37.35918,
4.756042,
311.4136,
109.6877,
0,
3514.594,
2020, 
6.117886,
50.18765,
23.67033,
31.4998,
24.07259,
34.14392,
83.72411,
280.7424,
248.8469,
19.31536,
83.81082,
40.12502,
23.1064,
15.73119,
38.81646,
40.10281,
75.71173,
897.4167,
16.33444,
657.5886,
212.5112,
141.8497,
36.71416,
4.752777,
313.5123,
111.75,
0,
3512.155,
2021, 
6.042496,
49.57129,
23.49193,
31.42325,
23.8624,
33.86848,
84.05922,
285.6301,
253.5282,
19.21254,
82.71762,
39.56545,
23.05497,
15.1034,
39.00441,
39.52443,
76.01701,
896.3456,
16.10978,
648.6763,
212.1191,
141.3987,
36.1013,
4.727135,
315.9698,
113.8968,
0,
3511.021,
2022, 
5.966137,
48.94852,
23.30807,
31.33996,
23.64919,
33.58522,
84.36444,
290.3487,
258.1221,
19.10556,
81.6214,
39.00746,
22.99995,
14.4863,
39.17969,
38.94656,
76.29454,
895.1439,
15.88484,
639.7579,
211.6852,
140.9238,
35.49269,
4.700445,
318.3323,
115.9854,
0,
3509.181,
2023, 
5.888805,
48.31934,
23.11877,
31.24992,
23.43294,
33.2941,
84.63982,
294.8984,
262.6288,
18.99443,
80.52222,
38.45102,
22.94133,
13.87991,
39.34228,
38.3692,
76.54436,
893.8116,
15.65963,
630.8337,
211.2093,
140.4251,
34.88835,
4.672705,
320.5998,
118.0159,
0,
3506.632,
2024, 
5.810505,
47.68375,
22.92402,
31.15316,
23.21367,
32.99515,
84.88533,
299.2791,
267.0481,
18.87914,
79.42007,
37.89616,
22.87912,
13.28421,
39.4922,
37.79237,
76.76645,
892.3487,
15.43415,
621.9035,
210.6915,
139.9024,
34.28825,
4.643913,
322.7724,
119.9883,
0,
3503.375,
2025, 
5.731228,
47.04175,
22.72382,
31.04964,
22.99138,
32.68837,
85.10097,
303.4907,
271.38,
18.75969,
78.31497,
37.34285,
22.81332,
12.69921,
39.62945,
37.21602,
76.96082,
890.7552,
15.20838,
612.9675,
210.1317,
139.3559,
33.69244,
4.614077,
324.85,
121.9025,
0,
3499.412,
2026, 
5.648487,
46.42239,
22.53214,
30.93274,
22.75902,
32.37717,
85.22748,
308.1726,
275.9337,
18.64106,
77.15417,
36.68458,
22.72292,
12.54863,
39.69271,
36.56962,
77.10898,
889.1207,
14.95873,
602.983,
209.3285,
138.7844,
33.09787,
4.581604,
326.8392,
123.9158,
0,
3494.738,
2027, 
5.564865,
45.79556,
22.33456,
30.80927,
22.52382,
32.058,
85.32555,
312.671,
280.3955,
18.51812,
75.99203,
36.03071,
22.62936,
12.39773,
39.74466,
35.92589,
77.22986,
887.3538,
14.70955,
593.0243,
208.4879,
138.189,
32.50766,
4.548128,
328.7332,
125.868,
0,
3489.368,
2028, 
5.48037,
45.16132,
22.13107,
30.67921,
22.28581,
31.73088,
85.39523,
316.9859,
284.7657,
18.39088,
74.82858,
35.38126,
22.53267,
12.24651,
39.78532,
35.28482,
77.32352,
885.4545,
14.46083,
583.0912,
207.6102,
137.5697,
31.92177,
4.513653,
330.5322,
127.7589,
0,
3483.302,
2029, 
5.394993,
44.51962,
21.92166,
30.54259,
22.04498,
31.3958,
85.43652,
321.1173,
289.0442,
18.25934,
73.66382,
34.73623,
22.43282,
12.09496,
39.81468,
34.64642,
77.38986,
883.423,
14.21258,
573.1838,
206.6952,
136.9267,
31.34023,
4.478172,
332.236,
129.5887,
0,
3476.54,
2030, 
5.308739,
43.87048,
21.70634,
30.3994,
21.80133,
31.05278,
85.44939,
325.0652,
293.2309,
18.1235,
72.49771,
34.09563,
22.32984,
11.94309,
39.83274,
34.01066,
77.42899,
881.2592,
13.96479,
563.3019,
205.7429,
136.2597,
30.76301,
4.441689,
333.8448,
131.3573,
0,
3469.082,
2031, 
5.238258,
43.32828,
21.5293,
30.28814,
21.62137,
30.77412,
85.54703,
329.8536,
297.3814,
18.01149,
71.53857,
33.54631,
22.21217,
11.78457,
39.84861,
33.47192,
77.55212,
877.9217,
13.74112,
554.7108,
204.7086,
135.6485,
30.22443,
4.40715,
335.3439,
133.2971,
0,
3463.531,
2032, 
5.167099,
42.77982,
21.3479,
30.17218,
21.43991,
30.48987,
85.62143,
334.472,
301.4374,
17.89668,
70.57813,
33.00071,
22.09212,
11.6264,
39.85526,
32.93528,
77.65352,
874.4765,
13.51833,
546.155,
203.6463,
135.0205,
29.68997,
4.371758,
336.7565,
135.1797,
0,
3457.38,
2033, 
5.095261,
42.22507,
21.16212,
30.05154,
21.25696,
30.19997,
85.67261,
338.9203,
305.3988,
17.77908,
69.61642,
32.45883,
21.96968,
11.46859,
39.85266,
32.40075,
77.7332,
870.9237,
13.29642,
537.6345,
202.5559,
134.3757,
29.1596,
4.335506,
338.0825,
137.0051,
0,
3450.631,
2034, 
5.022743,
41.66403,
20.97195,
29.92619,
21.07253,
29.90446,
85.70058,
343.1986,
309.2656,
17.65867,
68.65344,
31.92066,
21.84485,
11.31114,
39.84085,
31.86832,
77.79114,
867.2631,
13.07537,
529.1495,
201.4375,
133.7141,
28.63332,
4.298393,
339.3219,
138.7734,
0,
3443.282,
2035, 
4.949543,
41.09668,
20.7774,
29.79616,
20.88658,
29.6033,
85.70529,
347.3068,
313.0378,
17.53546,
67.68915,
31.38621,
21.71763,
11.15404,
39.8198,
31.338,
77.82736,
863.4951,
12.85521,
520.6997,
200.291,
133.0357,
28.11114,
4.260426,
340.4746,
140.4845,
0,
3435.334,
2036, 
4.874077,
40.51315,
20.55712,
29.6259,
20.67459,
29.26346,
85.65894,
351.6428,
316.6573,
17.38556,
66.73431,
30.85837,
21.56738,
10.97943,
39.77471,
30.82583,
77.78476,
858.4355,
12.62127,
511.8609,
198.8614,
132.1616,
27.58884,
4.219933,
341.2777,
142.1817,
0,
3424.586,
2037, 
4.797989,
39.92368,
20.33316,
29.45176,
20.46172,
28.91905,
85.59001,
355.8,
320.1833,
17.2335,
65.77786,
30.33418,
21.41521,
10.80564,
39.72071,
30.31529,
77.72177,
853.2932,
12.38864,
503.0694,
197.4098,
131.2746,
27.07076,
4.178635,
341.9994,
143.8209,
0,
3413.29,
2038, 
4.721287,
39.32831,
20.10551,
29.27374,
20.24794,
28.5701,
85.49852,
359.7784,
323.6155,
17.07928,
64.81979,
29.81362,
21.26111,
10.63266,
39.65782,
29.80638,
77.6384,
848.0682,
12.15733,
494.3249,
195.9363,
130.3748,
26.55689,
4.136532,
342.6396,
145.4021,
0,
3401.445,
2039, 
4.643959,
38.72699,
19.87417,
29.09185,
20.03325,
28.21663,
85.38446,
363.5779,
326.9541,
16.92289,
63.86011,
29.29673,
21.10506,
10.46051,
39.58603,
29.2991,
77.53467,
842.7603,
11.92733,
485.6276,
194.4408,
129.4621,
26.04721,
4.09362,
343.1985,
146.9254,
0,
3389.051,
2040, 
4.566017,
38.11975,
19.63915,
28.90609,
19.81766,
27.8586,
85.24785,
367.1987,
330.1989,
16.76435,
62.89883,
28.78347,
20.94709,
10.28918,
39.50534,
28.79344,
77.41052,
837.3697,
11.69865,
476.9775,
192.9232,
128.5365,
25.54175,
4.049904,
343.6759,
148.3907,
0,
3376.109,
2041, 
4.502499,
37.60687,
19.43381,
28.74246,
19.6394,
27.55278,
85.18643,
371.4816,
333.2683,
16.62602,
62.10272,
28.34781,
20.78353,
10.12603,
39.45477,
28.3761,
77.35321,
831.0668,
11.4963,
469.309,
191.4243,
127.6611,
25.07793,
4.010769,
344.0367,
149.9222,
0,
3364.589,
2042, 
4.438496,
37.08932,
19.22602,
28.57636,
19.46091,
27.24411,
85.10674,
375.6064,
336.2477,
16.48644,
61.30505,
27.91497,
20.61863,
9.963844,
39.39672,
27.9597,
77.28024,
824.7106,
11.29531,
461.6898,
189.9106,
126.7781,
24.61789,
3.970928,
344.3275,
151.4011,
0,
3352.623,
2043, 
4.374001,
36.56717,
19.0158,
28.40778,
19.28215,
26.93262,
85.00877,
379.5729,
339.1373,
16.34563,
60.50583,
27.48497,
20.45236,
9.802628,
39.33123,
27.54424,
77.19171,
818.3007,
11.09568,
454.1198,
188.3824,
125.8876,
24.16161,
3.930374,
344.5483,
152.8275,
0,
3340.211,
2044, 
4.309021,
36.04037,
18.80315,
28.23671,
19.10316,
26.61827,
84.89255,
383.3813,
341.9368,
16.20358,
59.70505,
27.0578,
20.28476,
9.642376,
39.25827,
27.12973,
77.08755,
811.8374,
10.89742,
446.599,
186.8394,
124.9895,
23.70908,
3.889111,
344.6992,
154.2014,
0,
3327.353,
2045, 
4.243553,
35.50891,
18.58804,
28.06316,
18.9239,
26.3011,
84.75801,
387.0316,
344.6464,
16.06028,
58.90271,
26.63347,
20.1158,
9.483093,
39.17784,
26.71616,
76.96774,
805.3207,
10.70051,
439.1275,
185.2819,
124.0839,
23.26032,
3.847137,
344.7802,
155.5228,
0,
3314.047,
2046, 
4.178074,
34.9653,
18.35072,
27.85471,
18.72298,
25.95447,
84.5255,
390.5952,
347.0803,
15.89146,
58.10275,
26.22128,
19.92044,
9.321579,
39.05274,
26.31055,
76.74338,
797.6267,
10.49897,
431.1407,
183.5134,
123.015,
22.82043,
3.804161,
344.5307,
156.7203,
0,
3297.461,
2047, 
4.112087,
34.41733,
18.11159,
27.64446,
18.52222,
25.60585,
84.27654,
393.9992,
349.4273,
15.722,
57.30112,
25.8117,
19.72431,
9.161114,
38.92098,
25.90567,
76.50534,
789.9045,
10.29895,
423.2175,
181.7349,
121.9418,
22.38416,
3.760483,
344.2165,
157.8666,
0,
3280.494,
2048, 
4.045601,
33.86502,
17.87065,
27.43241,
18.32167,
25.25522,
84.01109,
397.2435,
351.6874,
15.5519,
56.49777,
25.40475,
19.5274,
9.001698,
38.7826,
25.50154,
76.25366,
782.1541,
10.10046,
415.3577,
179.9465,
120.8643,
21.95152,
3.716106,
343.8376,
158.9618,
0,
3263.145,
2049, 
3.978607,
33.30835,
17.62791,
27.21857,
18.12131,
24.90259,
83.72922,
400.3281,
353.8607,
15.38115,
55.69278,
25.00043,
19.32973,
8.84333,
38.63756,
25.09814,
75.98831,
774.3756,
9.9035,
407.5615,
178.1481,
119.7825,
21.52251,
3.671032,
343.394,
160.0058,
0,
3245.411,
2050, 
3.911102,
32.74731,
17.38336,
27.00294,
17.92113,
24.54799,
83.43086,
403.2531,
355.947,
15.20975,
54.88611,
24.59873,
19.13127,
8.686012,
38.48589,
24.69551,
75.70935,
766.5688,
9.708069,
399.8286,
176.3398,
118.6963,
21.09712,
3.625252,
342.8857,
160.9986,
0,
3227.295,
2051, 
3.854946,
32.2706,
17.16988,
26.80969,
17.74564,
24.24147,
83.17094,
406.5401,
357.7498,
15.05484,
54.18298,
24.25108,
18.92719,
8.542862,
38.32893,
24.34396,
75.45993,
758.5783,
9.528839,
392.6935,
174.6025,
117.6988,
20.71454,
3.587463,
342.3522,
161.9537,
0,
3210.355,
2052, 
3.798428,
31.79074,
16.95531,
26.61552,
17.57059,
23.93394,
82.89912,
409.6926,
359.4739,
14.8998,
53.47919,
23.90556,
18.7229,
8.400681,
38.16731,
23.99326,
75.20071,
750.5781,
9.351147,
385.6204,
172.8605,
116.6997,
20.33502,
3.549133,
341.766,
162.8647,
0,
3193.124,
2053, 
3.74155,
31.30771,
16.73962,
26.42041,
17.39597,
23.62538,
82.61534,
412.7106,
361.1195,
14.74462,
52.77466,
23.56219,
18.51841,
8.25946,
38.00104,
23.6434,
74.93173,
742.5679,
9.174976,
378.6094,
171.1138,
115.6989,
19.95857,
3.510273,
341.1271,
163.7316,
0,
3175.604,
2054, 
3.684319,
30.82153,
16.52284,
26.22437,
17.22179,
23.31583,
82.3196,
415.594,
362.6865,
14.58929,
52.06943,
23.22095,
18.31371,
8.119205,
37.83011,
23.29439,
74.65298,
734.5481,
9.000351,
371.6607,
169.3624,
114.6965,
19.58519,
3.470875,
340.4355,
164.5544,
0,
3157.795,
2055, 
3.626724,
30.33215,
16.30496,
26.0274,
17.04805,
23.00523,
82.01192,
418.343,
364.1749,
14.43382,
51.36349,
22.88184,
18.10882,
7.979916,
37.65453,
22.94621,
74.36447,
726.5184,
8.827255,
364.7742,
167.6063,
113.6926,
19.21487,
3.430943,
339.6912,
165.333,
0,
3139.696,
2056, 
3.568233,
29.83679,
16.073,
25.80482,
16.86029,
22.67383,
81.59657,
420.7419,
365.2573,
14.263,
50.63794,
22.54263,
17.88186,
7.841724,
37.41766,
22.59117,
73.97119,
717.8431,
8.644871,
357.6125,
165.6797,
112.5893,
18.84802,
3.388958,
338.585,
165.925,
0,
3118.676,
2057, 
3.509403,
29.33841,
15.84035,
25.58179,
16.6732,
22.342,
81.17133,
423.0106,
366.2668,
14.09238,
49.91223,
22.20559,
17.65522,
7.704494,
37.17734,
22.2372,
73.5701,
709.1731,
8.464298,
350.5206,
163.7523,
111.4863,
18.48424,
3.346493,
337.4324,
166.4755,
0,
3097.424,
2058, 
3.450233,
28.83694,
15.60703,
25.35829,
16.48683,
22.00977,
80.73622,
425.1492,
367.2034,
13.92197,
49.18637,
21.87074,
17.42889,
7.56823,
36.93358,
21.88429,
73.16125,
700.5082,
8.285538,
343.4986,
161.8242,
110.3836,
18.1235,
3.303543,
336.2333,
166.9846,
0,
3075.938,
2059, 
3.390724,
28.33246,
15.373,
25.13434,
16.30113,
21.67711,
80.29121,
427.1573,
368.067,
13.75176,
48.46033,
21.53807,
17.2029,
7.432919,
36.68636,
21.53244,
72.7446,
691.8486,
8.108585,
336.5463,
159.8952,
109.2812,
17.76583,
3.260105,
334.9878,
167.4524,
0,
3054.22,
2060, 
3.330883,
27.82489,
15.13828,
24.90992,
16.11613,
21.34404,
79.83632,
429.0353,
368.8578,
13.58176,
47.7341,
21.20759,
16.97721,
7.298576,
36.43571,
21.18163,
72.32013,
683.194,
7.933445,
329.6638,
157.9655,
108.179,
17.41121,
3.216183,
333.6958,
167.8787,
0,
3032.268,
2061, 
3.281689,
27.40564,
14.93237,
24.70838,
15.94774,
21.05492,
79.40453,
431.137,
369.3329,
13.42727,
47.10413,
20.91261,
16.75394,
7.1777,
36.19806,
20.87289,
71.91791,
674.5869,
7.775997,
323.4814,
156.1656,
107.1601,
17.08204,
3.178806,
332.3805,
168.2488,
0,
3011.629,
2062, 
3.232243,
26.98386,
14.72618,
24.50676,
15.78009,
20.76588,
78.96616,
433.1313,
369.7468,
13.27318,
46.47443,
20.61954,
16.53133,
7.057667,
35.95822,
20.56525,
71.51093,
665.9996,
7.620106,
317.3575,
154.3678,
106.1429,
16.75572,
3.141079,
331.0301,
168.5848,
0,
2990.83,
2063, 
3.182533,
26.5596,
14.5197,
24.30505,
15.61319,
20.47694,
78.52121,
435.0184,
370.0994,
13.1195,
45.84494,
20.32837,
16.30936,
6.938469,
35.7162,
20.25871,
71.09918,
657.4323,
7.465778,
311.2921,
152.5721,
105.1274,
16.43224,
3.102997,
329.6447,
168.8868,
0,
2969.867,
2064, 
3.132572,
26.13287,
14.31294,
24.10326,
15.44704,
20.1881,
78.06972,
436.7983,
370.3907,
12.96624,
45.2157,
20.03909,
16.08807,
6.820114,
35.47199,
19.95326,
70.68262,
648.8848,
7.313007,
305.2853,
150.7785,
104.1136,
16.11163,
3.064564,
328.2243,
169.1548,
0,
2948.743,
2065, 
3.082352,
25.70364,
14.1059,
23.90138,
15.28163,
19.89937,
77.61165,
438.4709,
370.6208,
12.81338,
44.5867,
19.75172,
15.86742,
6.702599,
35.22559,
19.64891,
70.26132,
640.3572,
7.161797,
299.3369,
148.987,
103.1014,
15.79385,
3.025776,
326.7689,
169.3887,
0,
2927.457,
2066, 
3.031418,
25.26944,
13.88972,
23.68327,
15.10616,
19.59695,
77.06833,
439.7063,
370.3586,
12.65022,
43.95709,
19.46355,
15.63717,
6.586605,
34.95287,
19.34218,
69.75143,
631.2971,
7.013851,
293.5156,
147.0962,
102.0228,
15.47272,
2.985085,
324.9328,
169.3908,
0,
2903.778,
2067, 
2.980247,
24.83286,
13.67355,
23.46535,
14.93159,
19.29504,
76.52008,
440.8406,
370.0428,
12.48769,
43.32776,
19.17733,
15.40782,
6.471436,
34.67844,
19.03664,
69.23837,
622.2704,
6.867432,
287.7515,
145.2099,
100.9471,
15.15462,
2.944092,
323.0686,
169.3626,
0,
2879.984,
2068, 
2.928837,
24.39386,
13.45738,
23.24763,
14.75797,
18.99364,
75.96686,
441.8741,
369.6734,
12.3258,
42.6987,
18.89306,
15.17938,
6.357082,
34.40232,
18.73228,
68.72214,
613.277,
6.722527,
282.0444,
143.3279,
99.87434,
14.83953,
2.902798,
321.1762,
169.3042,
0,
2856.074,
2069, 
2.877186,
23.95251,
13.2412,
23.0301,
14.58522,
18.69273,
75.40869,
442.8065,
369.2505,
12.16454,
42.06992,
18.61073,
14.95186,
6.243557,
34.1245,
18.42912,
68.20279,
604.317,
6.579144,
276.3945,
141.4504,
98.80444,
14.52745,
2.861202,
319.2557,
169.2155,
0,
2832.047,
2070, 
2.825294,
23.50876,
13.02501,
22.81277,
14.41341,
18.39232,
74.84555,
443.6379,
368.7739,
12.00391,
41.44138,
18.33037,
14.72525,
6.130848,
33.84499,
18.12715,
67.68027,
595.3901,
6.437283,
270.8018,
139.5774,
97.73744,
14.21838,
2.819302,
317.3072,
169.0965,
0,
2807.904,
2071, 
2.782021,
23.13901,
12.83415,
22.61229,
14.25423,
18.1293,
74.33069,
444.5889,
368.016,
11.85667,
40.91135,
18.08125,
14.50939,
6.03043,
33.59748,
17.86472,
67.19656,
586.7003,
6.314011,
265.8866,
137.8531,
96.75305,
13.93516,
2.784813,
315.3591,
168.9233,
0,
2785.244,
2072, 
2.738583,
22.76752,
12.64351,
22.41222,
14.09592,
17.86697,
73.81252,
445.459,
367.2172,
11.71011,
40.38147,
17.83375,
14.29454,
5.930695,
33.34886,
17.60329,
66.7114,
578.0527,
6.191929,
261.0163,
136.1346,
95.77197,
13.65459,
2.750118,
313.3922,
168.7263,
0,
2762.519,
2073, 
2.694977,
22.39429,
12.45308,
22.21252,
13.93846,
17.60539,
73.29099,
446.2485,
366.3773,
11.56424,
39.85175,
17.58787,
14.0807,
5.831657,
33.09914,
17.3429,
66.2247,
569.4478,
6.071033,
256.1908,
134.4218,
94.79425,
13.37672,
2.715218,
311.4066,
168.5057,
0,
2739.729,
2074, 
2.651215,
22.01926,
12.26286,
22.01323,
13.78188,
17.34454,
72.76611,
446.957,
365.4964,
11.41904,
39.32217,
17.34361,
13.86787,
5.733303,
32.84832,
17.08353,
65.73648,
560.8853,
5.951328,
251.4103,
132.7147,
93.81987,
13.10152,
2.680111,
309.4021,
168.2613,
0,
2716.874,
2075, 
2.607285,
21.64249,
12.07286,
21.81433,
13.62614,
17.0844,
72.2379,
447.5848,
364.5745,
11.27454,
38.79272,
17.10099,
13.65604,
5.635643,
32.59638,
16.82518,
65.24677,
552.3654,
5.832809,
246.6746,
131.0133,
92.84883,
12.82901,
2.644802,
307.3789,
167.9931,
0,
2693.954,
2076, 
2.561684,
21.25253,
11.87717,
21.60205,
13.46402,
16.814,
71.66638,
447.6854,
363.173,
11.12346,
38.26169,
16.86544,
13.43945,
5.540005,
32.32578,
16.56821,
64.70456,
543.4792,
5.717941,
242.0264,
129.2473,
91.82607,
12.56573,
2.607738,
305.0209,
167.4779,
0,
2668.894,
2077, 
2.515976,
20.8613,
11.68185,
21.39038,
13.30286,
16.54463,
71.09229,
447.7131,
361.7385,
10.97321,
37.73083,
16.63142,
13.22401,
5.445026,
32.05441,
16.31224,
64.16174,
534.6458,
5.604206,
237.4224,
127.4886,
90.80753,
12.30495,
2.570522,
302.6502,
166.9431,
0,
2643.811,
2078, 
2.470158,
20.46872,
11.48694,
21.17933,
13.14267,
16.27629,
70.51566,
447.6678,
360.2708,
10.82378,
37.20016,
16.39893,
13.00972,
5.350704,
31.78227,
16.05728,
63.61832,
525.8649,
5.491608,
232.8625,
125.7372,
89.79327,
12.04668,
2.53315,
300.267,
166.3888,
0,
2618.705,
2079, 
2.424236,
20.07486,
11.29242,
20.96889,
12.98343,
16.00896,
69.93646,
447.55,
358.77,
10.67517,
36.66971,
16.16797,
12.79659,
5.257042,
31.50937,
15.80336,
63.07434,
517.1366,
5.380138,
228.3467,
123.9931,
88.78328,
11.79091,
2.495625,
297.8712,
165.8149,
0,
2593.575,
2080, 
2.378208,
19.67972,
11.09828,
20.75907,
12.82513,
15.74268,
69.35474,
447.3594,
357.2361,
10.5274,
36.13943,
15.93854,
12.58461,
5.164032,
31.23569,
15.55043,
62.52969,
508.4609,
5.269806,
223.8751,
122.2562,
87.77753,
11.53764,
2.457943,
295.4629,
165.2214,
0,
2568.422,
2081, 
2.338665,
19.34296,
10.9276,
20.56411,
12.67953,
15.50581,
68.82468,
447.1617,
355.6039,
10.3931,
35.68256,
15.73912,
12.38563,
5.081383,
30.99088,
15.33209,
62.03101,
500.2799,
5.171772,
219.8577,
120.6683,
86.83698,
11.31487,
2.426273,
293.1347,
164.5418,
0,
2544.817,
2082, 
2.299088,
19.00558,
10.75735,
20.36983,
12.53476,
15.27,
68.29306,
446.9087,
353.9481,
10.25956,
35.22604,
15.54089,
12.18779,
4.999279,
30.74567,
15.11461,
61.53235,
492.152,
5.074654,
215.8761,
119.0878,
85.90077,
11.09407,
2.394527,
290.8001,
163.8488,
0,
2521.221,
2083, 
2.259487,
18.6676,
10.58759,
20.17622,
12.39084,
15.03526,
67.75992,
446.6003,
352.2687,
10.12679,
34.76987,
15.34386,
11.9911,
4.917721,
30.50005,
14.89795,
61.03372,
484.0773,
4.978458,
211.9302,
117.5149,
84.96889,
10.87527,
2.362705,
288.4589,
163.1423,
0,
2497.636,
2084, 
2.219856,
18.32895,
10.41824,
19.98331,
12.24773,
14.80159,
67.22522,
446.2365,
350.5656,
9.994774,
34.31412,
15.14799,
11.79556,
4.836708,
30.25404,
14.68213,
60.53522,
476.0557,
4.883179,
208.02,
115.9495,
84.0414,
10.65847,
2.330811,
286.1113,
162.4223,
0,
2474.06,
2085, 
2.180195,
17.98969,
10.24937,
19.79108,
12.10544,
14.569,
66.68896,
445.8171,
348.8389,
9.86351,
33.85873,
14.95334,
11.60117,
4.756241,
30.00764,
14.46715,
60.03674,
468.0873,
4.788822,
204.1454,
114.3916,
83.11821,
10.44365,
2.298832,
283.7572,
161.6888,
0,
2450.494,
2086, 
2.138905,
17.63956,
10.07779,
19.59116,
11.96306,
14.33163,
66.11917,
444.84,
346.7709,
9.730316,
33.39261,
14.76728,
11.40512,
4.67738,
29.74806,
14.25323,
59.51263,
460.0364,
4.696018,
200.429,
112.7977,
82.16096,
10.23615,
2.265133,
281.2145,
160.7346,
0,
2425.529,
2087, 
2.097649,
17.28918,
9.906769,
19.39205,
11.82152,
14.09547,
65.54843,
443.8159,
344.6849,
9.597927,
32.92719,
14.5823,
11.21029,
4.599041,
29.48832,
14.04015,
58.98901,
452.0421,
4.604118,
196.7463,
111.2123,
81.20869,
10.0305,
2.231407,
278.6688,
159.7707,
0,
2400.601,
2088, 
2.056427,
16.93863,
9.736298,
19.19374,
11.68082,
13.86057,
64.97675,
442.7449,
342.5809,
9.466351,
32.46243,
14.39838,
11.01669,
4.521221,
29.22842,
13.82788,
58.46588,
444.1044,
4.51313,
193.0972,
109.6353,
80.26132,
9.826698,
2.197655,
276.12,
158.7971,
0,
2375.709,
2089, 
2.015232,
16.58783,
9.56636,
18.99625,
11.54095,
13.62686,
64.40411,
441.627,
340.459,
9.335575,
31.99832,
14.21552,
10.8243,
4.44392,
28.96835,
13.61647,
57.94324,
436.2233,
4.423046,
189.4818,
108.0667,
79.31889,
9.624741,
2.163876,
273.5682,
157.814,
0,
2350.854,
2090, 
1.974072,
16.23685,
9.396988,
18.79956,
11.40195,
13.39438,
63.83051,
440.462,
338.3191,
9.205612,
31.53491,
14.03374,
10.63314,
4.367138,
28.70811,
13.40588,
57.42108,
428.3987,
4.33387,
185.9001,
106.5066,
78.38142,
9.424629,
2.13007,
271.0135,
156.821,
0,
2326.035,
2091, 
1.938629,
15.94058,
9.248856,
18.61847,
11.27557,
13.1884,
63.29391,
439.2167,
336.1779,
9.086292,
31.12778,
13.87566,
10.45644,
4.298241,
28.47551,
13.22171,
56.94226,
421.1858,
4.253216,
182.7576,
105.0998,
77.50273,
9.244667,
2.101776,
268.6241,
155.8181,
0,
2302.971,
2092, 
1.903255,
15.64438,
9.101242,
18.43814,
11.14989,
12.98358,
62.75717,
437.9385,
334.0255,
8.967709,
30.7215,
13.7184,
10.28088,
4.229786,
28.24294,
13.03828,
56.4642,
414.025,
4.173317,
179.641,
103.7008,
76.62872,
9.066277,
2.073494,
266.2347,
154.8092,
0,
2279.958,
2093, 
1.86795,
15.34824,
8.954147,
18.25858,
11.0249,
12.77988,
62.22028,
436.6272,
331.862,
8.84985,
30.31601,
13.56197,
10.10645,
4.161781,
28.0104,
12.85561,
55.98697,
406.9163,
4.094177,
176.5504,
102.3094,
75.75945,
8.889458,
2.045223,
263.8453,
153.7943,
0,
2256.996,
2094, 
1.83271,
15.05215,
8.807556,
18.07979,
10.90062,
12.57729,
61.68323,
435.2828,
329.6873,
8.732731,
29.91135,
13.40638,
9.933151,
4.094223,
27.77789,
12.67366,
55.51047,
399.8597,
4.015789,
173.4858,
100.9258,
74.89482,
8.714211,
2.016968,
261.4559,
152.7735,
0,
2234.085,
2095, 
1.797539,
14.75613,
8.661499,
17.90177,
10.77704,
12.37584,
61.14606,
433.9055,
327.5015,
8.616344,
29.50751,
13.25161,
9.761009,
4.027107,
27.54539,
12.49246,
55.03482,
392.8551,
3.93816,
170.4473,
99.54977,
74.03493,
8.540535,
1.98872,
259.0663,
151.7467,
0,
2211.227,
2096, 
1.761642,
14.45541,
8.513718,
17.72179,
10.6563,
12.17352,
60.56818,
431.995,
325.0386,
8.498676,
29.09396,
13.10035,
9.588882,
3.959671,
27.29953,
12.3074,
54.53357,
385.8773,
3.863361,
167.5162,
98.16702,
73.15771,
8.368073,
1.959618,
256.5715,
150.5853,
0,
2187.332,
2097, 
1.725842,
14.15494,
8.366516,
17.5426,
10.53622,
11.97238,
59.99084,
430.0594,
322.5692,
8.381775,
28.68149,
12.94987,
9.417931,
3.8927,
27.05392,
12.12318,
54.03354,
378.9523,
3.789276,
164.6101,
96.79227,
72.28551,
8.197182,
1.930553,
254.0786,
149.4203,
0,
2163.508,
2098, 
1.69014,
13.85474,
8.219894,
17.36423,
10.41682,
11.77243,
59.41412,
428.0989,
320.0933,
8.265644,
28.27014,
12.80019,
9.248146,
3.826191,
26.80856,
11.93983,
53.53467,
372.08,
3.715908,
161.7286,
95.42545,
71.41832,
8.027885,
1.901524,
251.5876,
148.2517,
0,
2139.755,
2099, 
1.654537,
13.55478,
8.073853,
17.18665,
10.29811,
11.57364,
58.83795,
426.1135,
317.6108,
8.150276,
27.85983,
12.6513,
9.079521,
3.760151,
26.56346,
11.75733,
53.03702,
365.2603,
3.643261,
158.872,
94.06665,
70.55614,
7.860161,
1.872532,
249.0986,
147.0794,
0,
2116.072,
2100, 
1.619026,
13.25513,
7.928391,
17.00989,
10.18007,
11.37605,
58.26239,
424.1031,
315.1218,
8.035671,
27.45062,
12.5032,
8.912064,
3.694576,
26.31862,
11.57568,
52.54059,
358.4933,
3.571327,
156.0402,
92.71582,
69.69897,
7.694023,
1.843578,
246.6114,
145.9035,
0,
2092.459];
