real main.em.dem.URBPOPTOT[28](t) = [1971, 
16.55778,
149.3658,
31.01851,
19.0625,
56.1832,
63.40449,
29.59219,
33.5097,
10.16387,
11.02492,
245.692,
57.38208,
14.14562,
31.89108,
14.35385,
89.44347,
32.40678,
114.4239,
22.42951,
153.8356,
41.8994,
20.97806,
57.58957,
13.91833,
25.49651,
5.648327,
0,
1361.417,
1972, 
16.80818,
151.1022,
32.40245,
19.71508,
58.55209,
65.3644,
30.60663,
35.11626,
10.72804,
11.35846,
248.0665,
58.67188,
14.71709,
32.636,
14.78165,
91.11504,
34.22383,
118.8337,
23.50835,
157.4106,
43.40672,
22.09233,
59.14505,
14.26358,
26.69394,
6.130322,
0,
1397.45,
1973, 
17.01788,
152.6521,
33.8349,
20.37761,
60.99449,
67.37376,
31.66016,
36.80648,
11.31489,
11.70092,
250.2977,
60.00301,
15.30454,
33.36157,
15.22442,
92.79922,
36.12948,
123.4133,
24.59662,
160.8539,
44.94205,
23.24418,
60.73676,
14.54108,
28.07873,
6.645534,
0,
1433.905,
1974, 
17.25067,
154.119,
35.31293,
21.05054,
63.50189,
69.4388,
32.76005,
38.58701,
11.94295,
12.04926,
252.4044,
61.3795,
15.9012,
34.08029,
15.68019,
94.52621,
38.13467,
128.1489,
25.67258,
164.1021,
46.48926,
24.43108,
62.328,
14.81125,
29.51485,
7.191883,
0,
1470.81,
1975, 
17.49355,
155.6109,
36.83444,
21.73356,
66.07796,
71.54473,
33.98837,
40.46308,
12.59721,
12.40152,
254.3291,
62.79263,
16.49866,
34.79873,
16.14948,
96.33045,
40.24416,
133.0102,
26.73526,
167.0021,
48.01526,
25.6536,
63.87792,
15.05342,
30.9973,
7.769917,
0,
1508.003,
1976, 
17.72725,
157.1169,
38.37225,
22.37855,
68.69138,
73.68161,
35.33956,
42.4097,
13.28987,
12.75614,
255.8307,
64.20182,
17.02046,
35.46351,
16.58696,
97.99542,
42.45204,
138.2326,
27.77761,
173.4075,
49.74739,
27.05447,
65.19022,
15.22606,
32.90102,
8.422878,
0,
1549.274,
1977, 
17.93631,
158.7502,
39.96693,
23.03135,
71.39542,
75.88436,
36.69107,
44.44168,
13.99171,
13.11995,
257.3291,
65.58688,
17.57384,
36.1107,
17.03983,
99.69273,
44.78354,
143.6211,
28.79088,
179.7353,
51.59585,
28.49911,
66.47147,
15.38663,
34.89709,
9.1102,
0,
1591.433,
1978, 
18.12591,
160.5882,
41.62097,
23.6976,
74.19435,
78.16198,
38.04688,
46.62104,
14.74675,
13.49629,
258.8112,
66.92074,
18.14437,
36.74178,
17.50227,
101.4059,
46.89989,
149.188,
29.79929,
186.0484,
53.56418,
29.99142,
67.71336,
15.54412,
36.99677,
9.825553,
0,
1634.397,
1979, 
18.3224,
162.5285,
43.2934,
24.36984,
77.08198,
80.49475,
39.47189,
48.93215,
15.56026,
13.87839,
260.2619,
68.24677,
18.71797,
37.38923,
17.96074,
103.055,
49.13599,
154.9486,
30.82109,
192.5812,
55.57951,
31.53301,
68.91244,
15.70238,
39.18182,
10.57697,
0,
1678.538,
1980, 
18.54614,
164.5399,
44.91494,
25.04933,
80.05976,
82.88955,
40.97305,
51.30556,
16.34808,
14.26772,
261.8241,
69.54844,
19.30219,
38.05837,
18.41853,
104.6295,
51.69957,
160.9534,
31.87681,
199.4025,
57.66471,
33.12248,
70.06403,
15.88321,
41.4654,
11.39435,
0,
1724.202,
1981, 
18.81066,
166.7349,
46.29053,
25.68452,
83.04501,
85.28377,
42.56048,
53.70035,
17.15356,
14.69738,
263.0722,
70.4589,
20.47287,
38.67439,
18.82755,
105.8749,
54.58127,
166.4407,
33.00641,
209.6132,
59.92344,
35.11518,
70.75181,
16.09804,
43.27562,
12.1598,
0,
1772.307,
1982, 
19.06194,
168.8141,
47.61094,
26.34214,
86.09253,
87.72739,
44.21246,
56.20863,
18.05336,
15.14012,
264.1583,
71.35032,
21.71008,
39.2785,
19.25221,
107.2025,
57.56163,
172.0694,
34.22338,
220.3197,
62.25845,
37.17195,
71.41315,
16.33415,
45.1948,
12.93814,
0,
1821.7,
1983, 
19.29383,
170.9309,
48.94657,
27.04353,
89.20135,
90.22922,
45.94361,
58.73206,
18.93817,
15.61177,
265.1573,
72.22181,
23.03392,
39.89314,
19.69778,
108.658,
60.39155,
177.8647,
35.45084,
231.1527,
64.67381,
39.29042,
72.0672,
16.55779,
47.30351,
13.7623,
0,
1872.048,
1984, 
19.51283,
173.0459,
50.28735,
27.77074,
92.36076,
92.78273,
47.73256,
61.318,
19.82176,
16.11626,
266.1512,
73.07613,
24.39706,
40.51543,
20.16101,
110.1492,
63.40182,
183.8425,
36.67807,
242.0296,
67.16282,
41.46107,
72.71276,
16.76396,
49.47939,
14.61715,
0,
1923.348,
1985, 
19.73287,
175.1707,
51.62425,
28.51133,
95.55946,
95.37577,
49.56621,
64.05389,
20.74609,
16.66451,
267.1921,
73.90344,
25.79166,
41.11751,
20.639,
111.6255,
66.47091,
189.9734,
37.9035,
253.3809,
69.70146,
43.66773,
73.34363,
16.96849,
51.72571,
15.50678,
0,
1975.917,
1986, 
19.95257,
177.3165,
52.93309,
29.30936,
98.69155,
97.9297,
51.31949,
66.89189,
21.83201,
17.40578,
268.3198,
74.59602,
27.01995,
41.60295,
21.07257,
112.9916,
69.39601,
196.1809,
39.22042,
265.4718,
72.3623,
46.06959,
74.31947,
17.20695,
53.90954,
16.4598,
0,
2029.782,
1987, 
20.20973,
179.4504,
54.23906,
30.12376,
101.8434,
100.5409,
53.06633,
69.84978,
22.98326,
18.21787,
269.5592,
75.25814,
28.26446,
42.09317,
21.53888,
114.4486,
72.44894,
202.5227,
40.5747,
278.2006,
75.07957,
48.51637,
75.2812,
17.46421,
56.12967,
17.42958,
0,
2085.334,
1988, 
20.51106,
181.6625,
55.56475,
30.96287,
105.0157,
103.2111,
54.81968,
72.93714,
24.12789,
19.06002,
270.9023,
75.87094,
29.5364,
42.56364,
22.01071,
115.8279,
75.50358,
208.9944,
41.94436,
291.1929,
77.84642,
51.01923,
76.23048,
17.73526,
58.44875,
18.42327,
0,
2141.923,
1989, 
20.85189,
184.0564,
56.90595,
31.82368,
108.2053,
105.9318,
56.58236,
76.16714,
25.28821,
19.91592,
272.2968,
76.44273,
30.83814,
43.01562,
22.43495,
117.0071,
78.63169,
215.6205,
43.33603,
304.3217,
80.67289,
53.57714,
77.14943,
18.00956,
60.86648,
19.45945,
0,
2199.409,
1990, 
21.18044,
186.8079,
58.36391,
32.70392,
111.4052,
108.6904,
58.34179,
79.46465,
26.54717,
20.75109,
273.7327,
76.97747,
32.16152,
43.43694,
22.78823,
118.0169,
81.68829,
222.3744,
44.73646,
317.9212,
83.58435,
56.18553,
78.03741,
18.30509,
63.29734,
20.53064,
0,
2258.031,
1991, 
21.51627,
190.4067,
59.85378,
33.6912,
114.4804,
111.414,
60.02969,
82.83587,
27.82164,
21.48922,
275.2653,
77.14074,
33.07487,
43.5731,
23.01797,
118.3589,
84.86355,
228.9576,
45.60486,
333.1993,
86.13196,
59.00925,
78.66465,
18.61054,
65.61117,
21.57228,
0,
2316.195,
1992, 
21.83313,
194.1382,
61.36387,
34.68797,
117.5448,
114.1436,
61.71907,
86.3683,
29.11315,
22.14013,
276.8659,
77.08513,
33.9901,
43.71719,
23.19252,
118.4837,
88.1787,
235.6552,
46.38153,
347.7109,
88.73692,
61.90188,
79.28347,
18.8633,
68.10455,
22.6388,
0,
2373.842,
1993, 
22.14266,
197.8897,
62.89672,
35.69186,
120.6286,
116.8915,
63.42063,
90.0153,
30.46856,
22.75383,
278.3986,
76.94939,
34.92478,
43.77102,
23.27152,
118.4578,
90.9694,
242.4687,
47.17991,
362.1195,
91.39593,
64.85572,
79.88165,
19.09183,
70.81512,
23.75155,
0,
2431.102,
1994, 
22.44779,
201.5842,
64.45027,
36.69884,
123.7495,
119.6634,
65.11499,
93.98888,
31.71463,
23.36307,
279.8226,
76.89619,
35.88354,
43.6253,
23.28118,
118.2605,
93.65473,
249.396,
47.98721,
376.5573,
94.03429,
67.87959,
80.48497,
19.32923,
73.58247,
24.94331,
0,
2488.394,
1995, 
22.75056,
205.2235,
66.00888,
37.71416,
126.9043,
122.4427,
66.79578,
98.08717,
33.06687,
23.96626,
281.1772,
76.88528,
36.84235,
43.37797,
23.27169,
117.9375,
96.55666,
256.4308,
48.76022,
391.0198,
96.65052,
70.97659,
81.07425,
19.59007,
76.3037,
26.16765,
0,
2545.982,
1996, 
23.09374,
208.7804,
67.44324,
38.68304,
130.0509,
125.1189,
68.40775,
102.1304,
34.6593,
24.54914,
282.5522,
76.80133,
37.77201,
43.09809,
23.3231,
117.5974,
99.44969,
263.5921,
49.24837,
406.4626,
99.53178,
74.73365,
81.40923,
19.87457,
79.13634,
27.24805,
0,
2604.747,
1997, 
23.42694,
212.4299,
68.87125,
39.65788,
133.224,
127.7947,
70.03254,
106.2661,
36.28039,
25.10966,
283.9313,
76.68523,
38.70907,
42.80607,
23.32575,
117.2671,
102.4294,
270.849,
49.75267,
421.8944,
102.448,
78.58504,
81.75108,
20.14908,
82.02011,
28.3631,
0,
2664.06,
1998, 
23.74109,
216.1268,
70.29875,
40.63652,
136.42,
130.4675,
71.65276,
110.7086,
37.8334,
25.64466,
285.3065,
76.49926,
39.64442,
42.52085,
23.28879,
116.9459,
105.5153,
278.2,
50.2364,
437.3528,
105.3714,
82.51292,
82.07973,
20.4094,
85.00034,
29.55213,
0,
2723.966,
1999, 
24.05151,
219.7757,
71.72242,
41.61992,
139.6141,
133.1288,
73.26677,
115.3846,
39.44256,
26.15432,
286.6802,
76.28655,
40.57616,
42.2234,
23.2869,
116.5852,
108.6801,
285.6235,
50.69794,
452.8322,
108.2674,
86.49284,
82.38709,
20.66835,
88.08476,
30.78243,
0,
2784.316,
2000, 
24.38648,
223.3468,
73.133,
42.60287,
142.7954,
135.7663,
74.90108,
120.2836,
41.13206,
26.63254,
288.1147,
76.17857,
41.50776,
41.91194,
23.37214,
116.1281,
111.9462,
293.1477,
51.14639,
468.5029,
111.1028,
90.53011,
82.6964,
20.9412,
91.21206,
32.06764,
0,
2845.487,
2001, 
24.68031,
226.7378,
74.58468,
43.57431,
145.777,
138.326,
76.58418,
125.5671,
42.91576,
27.0954,
290.0404,
76.23846,
42.45937,
41.64022,
23.61548,
115.505,
115.2369,
300.7654,
51.62536,
489.2111,
114.1406,
92.28796,
83.05676,
21.23627,
94.41801,
33.4408,
0,
2910.76,
2002, 
24.9751,
229.9963,
76.04748,
44.54586,
148.7265,
140.8511,
78.30956,
131.0745,
44.77455,
27.57114,
292.2457,
76.18717,
43.39322,
41.37648,
23.86448,
114.888,
118.2662,
308.4656,
52.0771,
509.9727,
117.2089,
94.04424,
83.40098,
21.54996,
97.77605,
34.85891,
0,
2976.448,
2003, 
25.25268,
233.1778,
77.51198,
45.51552,
151.6104,
143.3444,
80.06573,
136.7762,
46.70897,
28.05726,
294.7806,
76.10236,
44.31124,
41.15257,
24.12016,
114.3072,
121.3136,
316.1793,
52.51642,
530.8558,
120.3019,
95.7988,
83.72263,
21.87053,
101.1242,
36.34632,
0,
3042.824,
2004, 
25.52716,
236.4411,
78.98926,
46.48355,
154.4705,
145.8165,
81.85236,
142.7185,
48.72156,
28.55321,
297.474,
75.99724,
45.2643,
40.95185,
24.3903,
113.778,
124.741,
323.9012,
52.95188,
551.946,
123.4168,
97.52232,
84.02406,
22.18582,
104.333,
37.90445,
0,
3110.356,
2005, 
25.81204,
239.7693,
80.46098,
47.45392,
157.3413,
148.2821,
83.6614,
148.9352,
50.80208,
29.05884,
300.1895,
75.89013,
46.22797,
40.7478,
24.6769,
113.283,
128.5761,
331.566,
53.3591,
573.2979,
126.56,
99.26242,
84.29836,
22.51027,
107.5022,
39.53257,
0,
3179.057,
2006, 
26.09511,
243.0272,
81.88811,
48.38655,
159.9134,
150.6762,
85.56937,
155.5645,
52.99508,
29.57964,
302.9275,
75.86497,
47.16033,
40.62985,
25.03261,
113.0525,
133.0161,
339.693,
53.75152,
588.7703,
129.9574,
101.1589,
84.58963,
22.87038,
110.8396,
41.2702,
0,
3244.28,
2007, 
26.39052,
246.3677,
83.30231,
49.33836,
162.4491,
153.0494,
87.54384,
162.4546,
55.29406,
30.12295,
305.9214,
75.85276,
48.08133,
40.53977,
25.40839,
112.9974,
137.7847,
347.7897,
54.14345,
604.4955,
133.4233,
103.1007,
84.88157,
23.28374,
114.0413,
43.09365,
0,
3311.152,
2008, 
26.70704,
249.6946,
84.69836,
50.30563,
164.9464,
155.3991,
89.58206,
169.6157,
57.69037,
30.71084,
308.9601,
75.87252,
48.99976,
40.47548,
25.80756,
113.0829,
142.724,
355.8951,
54.53571,
620.4763,
136.9168,
105.0667,
85.1519,
23.73907,
117.2788,
44.98129,
0,
3379.314,
2009, 
27.03974,
252.9292,
86.08996,
51.28282,
167.4201,
157.7592,
91.68176,
177.0704,
60.16788,
31.32583,
311.6618,
75.93477,
49.96295,
40.45042,
26.23738,
113.2475,
147.6734,
364.0476,
54.93785,
636.7489,
140.4555,
107.035,
85.40128,
24.1948,
120.7324,
46.92663,
0,
3448.415,
2010, 
27.3684,
256.0604,
87.58172,
52.24329,
169.9027,
160.1559,
93.8808,
184.8344,
62.70588,
31.95233,
314.1489,
75.99902,
50.97982,
40.433,
26.68563,
113.4169,
152.3471,
372.3082,
55.36261,
653.2286,
144.0482,
109.0156,
85.61671,
24.60799,
124.3429,
48.98152,
0,
3518.208,
2011, 
27.77086,
259.1479,
89.22753,
53.23426,
171.9198,
162.5541,
96.4157,
192.9156,
65.72274,
32.64439,
316.9093,
76.44888,
51.87553,
40.4686,
27.50165,
114.2218,
156.7437,
384.6095,
55.97517,
668.2053,
148.0481,
112.0542,
86.04431,
25.00815,
129.027,
51.24936,
0,
3595.943,
2012, 
28.18237,
262.3173,
90.87436,
54.26083,
173.9105,
164.977,
99.05,
201.2551,
68.82458,
33.37081,
319.5248,
76.8903,
52.86473,
40.54591,
28.34196,
115.1352,
161.1121,
397.0613,
56.67784,
683.6206,
152.1116,
115.1506,
86.43372,
25.43399,
133.6738,
53.64047,
0,
3675.242,
2013, 
28.5991,
265.4598,
92.47636,
55.28816,
175.8669,
167.4112,
102.0189,
209.8474,
72.05518,
34.1219,
321.9396,
77.32606,
53.99788,
40.63462,
29.21225,
116.0991,
165.5601,
409.6361,
57.39215,
699.2277,
156.2154,
118.2572,
86.80753,
25.88011,
138.2107,
56.16969,
0,
3755.711,
2014, 
28.99298,
268.5633,
94.03365,
56.30958,
177.8255,
169.8636,
105.0763,
218.7617,
75.35349,
34.9623,
324.3253,
77.76263,
55.30652,
40.69233,
30.11573,
117.0717,
170.1221,
422.2299,
58.11532,
714.7549,
160.3311,
121.3591,
87.16124,
26.32657,
142.7898,
58.81778,
0,
3837.024,
2015, 
29.37806,
271.6104,
95.54426,
57.32601,
179.7836,
172.3573,
108.1211,
227.9445,
78.73342,
35.9995,
326.7414,
78.18674,
56.62272,
40.75883,
31.04658,
118.0905,
174.7681,
434.8458,
58.83052,
730.1343,
164.4926,
124.4582,
87.49715,
26.77781,
147.3325,
61.60525,
0,
3918.987,
2016, 
29.80977,
274.6957,
97.04459,
58.34184,
181.6989,
174.8803,
111.1651,
237.4838,
82.24644,
36.65862,
329.1943,
78.59962,
57.83294,
40.84193,
31.99394,
119.1504,
179.2081,
447.6905,
59.45602,
745.4575,
168.7406,
127.5467,
87.8097,
27.25172,
151.8989,
64.53745,
0,
4001.235,
2017, 
30.29321,
277.7775,
98.51467,
59.35305,
183.5986,
177.3663,
114.2147,
247.3601,
85.88006,
37.10955,
331.6721,
79.03147,
58.83407,
40.90408,
32.94516,
120.1293,
183.4143,
460.6441,
59.99225,
761.0103,
173.0156,
130.6197,
88.0686,
27.74454,
156.7157,
67.5602,
0,
4083.769,
2018, 
30.81289,
280.6774,
99.87657,
60.38386,
185.5199,
179.749,
117.253,
257.4581,
89.65507,
37.87963,
334.1274,
79.46306,
59.58885,
40.93587,
33.90894,
120.9927,
187.8453,
473.5159,
60.49859,
775.8369,
177.2628,
133.6892,
88.27235,
28.24609,
161.7458,
70.63353,
0,
4165.829,
2019, 
31.34108,
283.4468,
101.163,
61.40376,
187.4083,
182.0304,
120.2558,
267.8125,
93.62193,
38.68995,
336.64,
79.89098,
60.31375,
40.94519,
34.89466,
121.7737,
192.3571,
486.3113,
60.97333,
789.6793,
181.5055,
136.7677,
88.4325,
28.76421,
166.9196,
73.76814,
0,
4247.11,
2020, 
31.77082,
285.7544,
102.328,
62.41275,
189.1237,
184.1861,
123.2532,
278.5185,
97.72328,
39.48657,
338.8376,
80.24495,
61.02903,
40.89707,
35.90796,
122.371,
195.9867,
498.9704,
61.37772,
802.6342,
185.7952,
139.7579,
88.53059,
29.21801,
172.4283,
77.00595,
0,
4325.55,
2021, 
32.02388,
287.6975,
103.4693,
63.35751,
190.3363,
186.0888,
126.1483,
289.4769,
101.9805,
40.06502,
340.4556,
80.61507,
61.73729,
39.92888,
36.88,
122.8755,
199.9748,
511.1954,
61.64821,
812.0198,
189.8111,
142.3936,
88.53091,
29.5219,
178.2001,
80.25311,
0,
4396.686,
2022, 
32.2779,
289.647,
104.6162,
64.309,
191.5519,
187.9993,
129.0733,
300.6043,
106.3251,
40.64764,
342.0766,
80.98361,
62.44914,
38.95,
37.86472,
123.3795,
203.9907,
523.5511,
61.91898,
821.4114,
193.8689,
145.053,
88.52699,
29.82684,
184.067,
83.55842,
0,
4468.528,
2023, 
32.5329,
291.6029,
105.7685,
65.26723,
192.7705,
189.9177,
132.0282,
311.9006,
110.757,
41.2344,
343.7006,
81.35061,
63.16459,
37.96042,
38.86212,
123.883,
208.0343,
536.0373,
62.19001,
830.8088,
197.9686,
147.7364,
88.51878,
30.13283,
190.0288,
86.92188,
0,
4541.079,
2024, 
32.78887,
293.5652,
106.9262,
66.2322,
193.9921,
191.8439,
135.0129,
323.366,
115.2762,
41.82533,
345.3275,
81.71602,
63.88362,
36.96014,
39.87219,
124.386,
212.1056,
548.6541,
62.46132,
840.2122,
202.1102,
150.4436,
88.50634,
30.43987,
196.0856,
90.3435,
0,
4614.337,
2025, 
33.04581,
295.534,
108.0894,
67.20392,
195.2168,
193.778,
138.0275,
335.0004,
119.8828,
42.42041,
346.9574,
82.07988,
64.60625,
35.94917,
40.89494,
124.8885,
216.2046,
561.4015,
62.73292,
849.6215,
206.2938,
153.1748,
88.48962,
30.74795,
202.2374,
93.82327,
0,
4688.302,
2026, 
33.289,
297.6954,
109.3259,
68.16767,
196.3837,
195.7406,
140.9738,
347.5246,
124.7164,
43.03112,
348.3522,
82.20341,
65.27212,
36.14811,
41.86569,
125.149,
220.2786,
574.3372,
62.90552,
857.5543,
210.3168,
155.9286,
88.46067,
31.04635,
208.4883,
97.48495,
0,
4762.64,
2027, 
33.53308,
299.8643,
110.5683,
69.13799,
197.5534,
197.7111,
143.9486,
360.2324,
129.6417,
43.64613,
349.7483,
82.32255,
65.94113,
36.34736,
42.84775,
125.4068,
224.3799,
587.4053,
63.07764,
865.4614,
214.3771,
158.7062,
88.42738,
31.34575,
214.8344,
101.2078,
0,
4837.674,
2028, 
33.77802,
302.0405,
111.8166,
70.11489,
198.7259,
199.6896,
146.9517,
373.1237,
134.6587,
44.26544,
351.1458,
82.43726,
66.61328,
36.54695,
43.84111,
125.6619,
228.5084,
600.6055,
63.24931,
873.343,
218.4746,
161.5078,
88.38976,
31.64616,
221.2755,
104.9919,
0,
4913.403,
2029, 
34.02385,
304.2243,
113.0708,
71.09837,
199.9012,
201.6761,
149.9833,
386.1985,
139.7675,
44.88906,
352.5445,
82.54755,
67.28859,
36.74686,
44.84576,
125.9144,
232.6642,
613.9382,
63.42051,
881.1988,
222.6093,
164.3331,
88.34779,
31.94757,
227.8118,
108.8371,
0,
4989.829,
2030, 
34.27056,
306.4155,
114.331,
72.0884,
201.0794,
203.6705,
153.0433,
399.4567,
144.9679,
45.51697,
353.9446,
82.65342,
67.96703,
36.94709,
45.86171,
126.1643,
236.8472,
627.4032,
63.59125,
889.029,
226.7814,
167.1824,
88.3015,
32.24998,
234.4432,
112.7436,
0,
5066.951,
2031, 
34.49012,
308.4697,
115.4322,
72.93509,
201.9378,
205.3722,
155.8825,
413.0146,
150.342,
46.02678,
355.1771,
82.64328,
68.55053,
37.04517,
46.7906,
126.3387,
240.7289,
640.0519,
63.6383,
894.0706,
230.4709,
169.5984,
88.18221,
32.53084,
240.8607,
116.6709,
0,
5137.252,
2032, 
34.71037,
310.5302,
116.5379,
73.78648,
202.7977,
207.0795,
158.745,
426.7427,
155.8107,
46.53939,
356.4109,
82.62943,
69.13641,
37.14289,
47.72872,
126.5111,
244.6322,
652.8083,
63.68446,
899.0769,
234.1884,
172.0312,
88.05882,
32.81255,
247.3648,
120.6553,
0,
5208.152,
2033, 
34.93129,
312.597,
117.6479,
74.64256,
203.6591,
208.7925,
161.6307,
440.6407,
161.3739,
47.05479,
357.6459,
82.61185,
69.72469,
37.24026,
48.67607,
126.6813,
248.5573,
665.6724,
63.72975,
904.0479,
237.934,
174.4809,
87.93132,
33.09513,
253.9555,
124.6969,
0,
5279.651,
2034, 
35.15289,
314.67,
118.7622,
75.50333,
204.522,
210.5111,
164.5396,
454.7089,
167.0318,
47.57301,
358.8822,
82.59057,
70.31535,
37.33727,
49.63264,
126.8495,
252.5042,
678.6441,
63.77417,
908.9835,
241.7076,
176.9474,
87.79974,
33.37857,
260.6328,
128.7957,
0,
5351.75,
2035, 
35.37518,
316.7494,
119.881,
76.3688,
205.3864,
212.2353,
167.4718,
468.9471,
172.7843,
48.09401,
360.1199,
82.56557,
70.9084,
37.43393,
50.59846,
127.0155,
256.4727,
691.7234,
63.81771,
913.8837,
245.5092,
179.4307,
87.66406,
33.66286,
267.3968,
132.9516,
0,
5424.448,
2036, 
35.58652,
318.757,
120.8785,
77.14642,
206.0078,
213.7235,
170.3717,
483.9028,
178.5986,
48.55109,
361.4169,
82.54458,
71.43553,
37.46924,
51.5543,
127.2458,
260.2721,
703.9398,
63.78629,
917.9875,
249.0194,
181.6849,
87.51097,
33.93462,
274.036,
137.2063,
0,
5494.568,
2037, 
35.79848,
320.7705,
121.8798,
77.92792,
206.6301,
215.2162,
173.2942,
499.0373,
184.5065,
49.01033,
362.7155,
82.51994,
71.96458,
37.50372,
52.51905,
127.4744,
264.0918,
716.2389,
63.75356,
922.0441,
252.5515,
183.9519,
87.35366,
34.20718,
280.7567,
141.519,
0,
5565.237,
2038, 
36.01106,
322.7899,
122.8847,
78.71329,
207.2532,
216.7135,
176.2393,
514.3506,
190.5082,
49.47173,
364.0158,
82.49168,
72.49557,
37.53739,
53.49269,
127.7014,
267.9319,
728.6208,
63.71952,
926.0536,
256.1056,
186.2318,
87.19215,
34.48056,
287.5588,
145.8897,
0,
5636.454,
2039, 
36.22426,
324.8153,
123.8933,
79.50254,
207.8773,
218.2153,
179.207,
529.8428,
196.6035,
49.9353,
365.3177,
82.45975,
73.0285,
37.57024,
54.47522,
127.9267,
271.7923,
741.0854,
63.68416,
930.0161,
259.6816,
188.5246,
87.02644,
34.75473,
294.4423,
150.3184,
0,
5708.221,
2040, 
36.43808,
326.8466,
124.9055,
80.29566,
208.5023,
219.7216,
182.1972,
545.5137,
202.7926,
50.40102,
366.6212,
82.42418,
73.56335,
37.60226,
55.46667,
128.1505,
275.6732,
753.6329,
63.64749,
933.9312,
263.2797,
190.8302,
86.85651,
35.02972,
301.4073,
154.805,
0,
5780.536,
2041, 
36.63046,
328.6677,
125.7242,
80.93095,
208.8287,
220.9002,
184.947,
561.1021,
208.946,
50.75659,
367.8104,
82.33826,
74.00991,
37.57772,
56.38564,
128.3743,
279.1653,
764.7595,
63.50771,
935.3917,
266.3321,
192.6633,
86.6414,
35.29272,
307.9358,
159.2013,
0,
5844.821,
2042, 
36.82333,
330.4934,
126.5452,
81.56872,
209.1553,
222.0816,
187.7151,
576.8486,
215.1894,
51.1134,
369.0011,
82.24952,
74.45781,
37.55221,
57.31208,
128.5972,
282.6732,
775.9395,
63.36658,
936.8029,
269.3992,
194.5038,
86.42252,
35.55643,
314.5342,
163.6502,
0,
5909.553,
2043, 
37.01669,
332.3237,
127.3687,
82.20898,
209.4822,
223.2658,
190.5015,
592.7534,
221.5228,
51.47144,
370.1934,
82.15794,
74.90707,
37.52573,
58.24597,
128.8191,
286.1966,
787.1729,
63.22409,
938.1649,
272.4808,
196.352,
86.19987,
35.82085,
321.2026,
168.1516,
0,
5974.73,
2044, 
37.21054,
334.1587,
128.1947,
82.85171,
209.8093,
224.4529,
193.3062,
608.8163,
227.9462,
51.83072,
371.3872,
82.06353,
75.35767,
37.49829,
59.18734,
129.0401,
289.7356,
798.46,
63.08024,
939.4777,
275.5771,
198.2076,
85.97347,
36.08599,
327.941,
172.7055,
0,
6040.355,
2045, 
37.40487,
335.9984,
129.0231,
83.49692,
210.1367,
225.6428,
196.1291,
625.0374,
234.4594,
52.19126,
372.5826,
81.96629,
75.80962,
37.46988,
60.13616,
129.2601,
293.2903,
809.8004,
62.93502,
940.7411,
278.6881,
200.0708,
85.74329,
36.35183,
334.7493,
177.3119,
0,
6106.427,
2046, 
37.60402,
337.7701,
129.714,
84.04678,
210.2235,
226.6032,
198.7829,
641.5341,
240.9338,
52.47286,
373.8049,
81.89525,
76.16717,
37.42766,
61.03428,
129.5138,
296.5167,
820.0387,
62.75257,
940.7241,
281.5125,
201.6862,
85.52849,
36.61555,
341.3693,
181.8881,
0,
6168.161,
2047, 
37.80367,
339.5461,
130.4068,
84.59843,
210.3101,
227.5655,
201.4531,
658.1905,
247.495,
52.75511,
375.0288,
81.82159,
76.52549,
37.3844,
61.93904,
129.7667,
299.7568,
830.3053,
62.5686,
940.6433,
284.3468,
203.3059,
85.31006,
36.87998,
348.054,
186.5154,
0,
6230.277,
2048, 
38.00383,
341.3265,
131.1013,
85.15189,
210.3966,
228.5299,
204.1398,
675.0065,
254.1431,
53.03801,
376.2545,
81.74531,
76.88458,
37.34008,
62.85044,
130.0189,
303.0106,
840.6,
62.3831,
940.4993,
287.191,
204.9298,
85.08801,
37.14511,
354.8035,
191.1939,
0,
6292.775,
2049, 
38.20449,
343.1112,
131.7977,
85.70713,
210.4828,
229.4962,
206.843,
691.9823,
260.8782,
53.32154,
377.4818,
81.66639,
77.24445,
37.29472,
63.76849,
130.2703,
306.278,
850.923,
62.19607,
940.2917,
290.0452,
206.5581,
84.86231,
37.41093,
361.6176,
195.9235,
0,
6355.657,
2050, 
38.40566,
344.9003,
132.4959,
86.26418,
210.5689,
230.4646,
209.5626,
709.1177,
267.7001,
53.60574,
378.7107,
81.58486,
77.60509,
37.2483,
64.69318,
130.521,
309.559,
861.2741,
62.00751,
940.0206,
292.9094,
208.1907,
84.633,
37.67746,
368.4963,
200.7044,
0,
6418.921,
2051, 
38.57576,
346.4298,
133.0372,
86.67345,
210.4115,
231.1499,
211.8956,
725.551,
274.2597,
53.79077,
379.6248,
81.45636,
77.85536,
37.17637,
65.47169,
130.6683,
312.3433,
870.2098,
61.71159,
937.2977,
295.2144,
209.4323,
84.39114,
37.916,
374.7625,
205.221,
0,
6472.527,
2052, 
38.74621,
347.9624,
133.5796,
87.08364,
210.2538,
231.8363,
214.2406,
742.1188,
280.8979,
53.97594,
380.5395,
81.32571,
78.10583,
37.10347,
66.25484,
130.8147,
315.1374,
879.1552,
61.41413,
934.5128,
297.5241,
210.6755,
84.14621,
38.15508,
381.0813,
209.7817,
0,
6526.423,
2053, 
38.91703,
349.4982,
134.1231,
87.49478,
210.0955,
232.5237,
216.5976,
758.8212,
287.6147,
54.16126,
381.4549,
81.19292,
78.35651,
37.02961,
67.04267,
130.9603,
317.9413,
888.1104,
61.11515,
931.6656,
299.8386,
211.9203,
83.89822,
38.39469,
387.453,
214.3867,
0,
6580.608,
2054, 
39.0882,
351.0371,
134.6678,
87.90685,
209.9369,
233.2121,
218.9665,
775.6581,
294.4101,
54.34672,
382.3711,
81.058,
78.60738,
36.95478,
67.83514,
131.105,
320.755,
897.0754,
60.81462,
928.7563,
302.1577,
213.1668,
83.64716,
38.63484,
393.8773,
219.0357,
0,
6635.082,
2055, 
39.25973,
352.5793,
135.2135,
88.31984,
209.7778,
233.9015,
221.3473,
792.6295,
301.2841,
54.53231,
383.2879,
80.92094,
78.85846,
36.87899,
68.63228,
131.2489,
323.5784,
906.0504,
60.51257,
925.7848,
304.4816,
214.4148,
83.39304,
38.87552,
400.3542,
223.7288,
0,
6689.847,
2056, 
39.42561,
354.0907,
135.6507,
88.649,
209.4386,
234.3871,
223.478,
809.3212,
307.9607,
54.65978,
384.0622,
80.77365,
79.01317,
36.80289,
69.32912,
131.3473,
325.993,
914.2252,
60.13373,
921.8819,
306.5036,
215.4777,
83.13768,
39.09932,
406.5128,
228.2699,
0,
6739.625,
2057, 
39.59182,
355.6052,
136.0885,
88.97863,
209.0988,
234.8732,
225.6185,
826.1431,
314.7102,
54.78704,
384.8366,
80.62418,
79.16756,
36.72582,
70.02943,
131.4446,
328.4155,
922.3949,
59.75309,
917.9092,
308.5264,
216.5403,
82.87926,
39.32359,
412.7178,
232.8523,
0,
6789.636,
2058, 
39.75838,
357.1227,
136.527,
89.30871,
208.7583,
235.3596,
227.7689,
843.0952,
321.5327,
54.9141,
385.6112,
80.47253,
79.32163,
36.64779,
70.73317,
131.5409,
330.8456,
930.5594,
59.37064,
913.8668,
310.55,
217.6025,
82.61779,
39.54834,
418.9693,
237.4762,
0,
6839.879,
2059, 
39.92527,
358.6433,
136.9663,
89.63925,
208.4172,
235.8465,
229.9292,
860.1776,
328.4281,
55.04095,
386.386,
80.31868,
79.47538,
36.5688,
71.44037,
131.636,
333.2836,
938.7187,
58.98637,
909.7545,
312.5744,
218.6646,
82.35326,
39.77359,
425.2672,
242.1414,
0,
6890.356,
2060, 
40.0925,
360.1669,
137.4062,
89.97025,
208.0753,
236.3338,
232.0993,
877.3903,
335.3964,
55.16759,
387.161,
80.16265,
79.62881,
36.48884,
72.151,
131.7302,
335.7294,
946.8729,
58.60029,
905.5724,
314.5996,
219.7264,
82.08568,
39.99932,
431.6116,
246.8481,
0,
6941.067,
2061, 
40.24034,
361.5723,
137.7128,
90.19559,
207.5334,
236.5778,
233.8627,
893.5399,
341.8406,
55.21746,
387.7059,
79.9501,
79.68893,
36.39455,
72.72773,
131.7229,
337.6061,
953.3845,
58.16418,
900.2658,
316.1099,
220.4486,
81.75768,
40.19309,
437.1804,
251.1591,
0,
6982.752,
2062, 
40.38843,
362.9802,
138.0197,
90.42101,
206.9908,
236.8217,
235.6327,
909.7969,
348.3461,
55.26692,
388.2505,
79.73564,
79.74839,
36.29942,
73.30665,
131.7146,
339.4876,
959.8763,
57.72651,
894.9007,
317.6181,
221.1692,
81.42683,
40.38722,
442.7841,
255.5041,
0,
7024.6,
2063, 
40.53679,
364.3905,
138.3269,
90.64651,
206.4475,
237.0655,
237.4092,
926.161,
354.9129,
55.31598,
388.7949,
79.51929,
79.80719,
36.20345,
73.88776,
131.7051,
341.3738,
966.3483,
57.28728,
889.4769,
319.1242,
221.8882,
81.09315,
40.5817,
448.423,
259.8831,
0,
7066.61,
2064, 
40.68539,
365.8033,
138.6344,
90.87211,
205.9034,
237.3092,
239.1923,
942.6325,
361.541,
55.36461,
389.339,
79.30103,
79.86533,
36.10664,
74.47105,
131.6945,
343.2648,
972.8002,
56.84649,
883.9948,
320.6282,
222.6054,
80.75661,
40.77653,
454.0968,
264.2963,
0,
7108.782,
2065, 
40.83426,
367.2187,
138.9421,
91.09779,
205.3586,
237.5528,
240.9819,
959.2111,
368.2303,
55.41285,
389.8829,
79.08088,
79.92282,
36.00898,
75.05653,
131.6829,
345.1606,
979.2324,
56.40414,
878.4541,
322.1301,
223.321,
80.41722,
40.97172,
459.8058,
268.7434,
0,
7151.115,
2066, 
40.97727,
368.6,
139.1618,
91.26131,
204.6666,
237.6292,
242.5307,
975.1654,
374.5451,
55.41379,
390.4191,
78.84788,
79.9271,
35.9142,
75.59196,
131.6464,
346.6447,
984.783,
55.97384,
873.059,
323.4071,
223.8856,
80.04296,
41.14591,
465.0551,
272.906,
0,
7189.201,
2067, 
41.12051,
369.9837,
139.3814,
91.42463,
203.9737,
237.7052,
244.0843,
991.2208,
380.9135,
55.41409,
390.955,
78.61293,
79.93047,
35.8186,
76.12911,
131.6087,
348.132,
990.3001,
55.54202,
867.6067,
324.6797,
224.4474,
79.66567,
41.32041,
470.3326,
277.0988,
0,
7227.402,
2068, 
41.26399,
371.3698,
139.601,
91.58775,
203.2799,
237.7806,
245.643,
1007.377,
387.3355,
55.41376,
391.4906,
78.37603,
79.93293,
35.72218,
76.66795,
131.5699,
349.6225,
995.7842,
55.10868,
862.0972,
325.9478,
225.0062,
79.28539,
41.4952,
475.6382,
281.322,
0,
7265.719,
2069, 
41.40771,
372.7583,
139.8207,
91.75069,
202.5852,
237.8555,
247.2065,
1023.634,
393.8111,
55.4128,
392.0259,
78.13719,
79.93447,
35.62494,
77.2085,
131.5298,
351.1161,
1001.235,
54.67382,
856.5306,
327.2115,
225.5622,
78.90208,
41.6703,
480.9719,
285.5754,
0,
7304.152,
2070, 
41.55167,
374.1492,
140.0403,
91.91342,
201.8896,
237.9299,
248.7751,
1039.993,
400.3403,
55.41121,
392.561,
77.89639,
79.9351,
35.52687,
77.75072,
131.4886,
352.6128,
1006.652,
54.23743,
850.907,
328.4708,
226.1152,
78.51576,
41.8457,
486.3336,
289.8591,
0,
7342.701,
2071, 
41.6706,
375.3542,
140.1432,
91.98466,
201.0474,
237.7985,
250.0693,
1054.954,
406.1154,
55.34967,
393.027,
77.63194,
79.87675,
35.42477,
78.19875,
131.4045,
353.649,
1010.389,
53.80923,
845.0355,
329.2708,
226.4023,
78.09684,
41.99052,
490.8399,
293.6658,
0,
7373.2,
2072, 
41.78969,
376.5609,
140.2458,
92.0555,
200.2044,
237.6663,
251.3669,
1069.996,
411.9316,
55.28746,
393.4928,
77.36588,
79.81739,
35.32199,
78.6479,
131.3193,
354.6866,
1014.083,
53.37984,
839.1192,
330.065,
226.686,
77.67525,
42.13555,
495.3649,
297.4963,
0,
7403.762,
2073, 
41.90895,
377.7693,
140.3483,
92.12596,
199.3605,
237.5334,
252.6678,
1085.119,
417.7888,
55.22456,
393.9585,
77.09818,
79.75702,
35.21851,
79.09814,
131.2332,
355.7257,
1017.735,
52.94926,
833.1581,
330.8535,
226.9664,
77.25097,
42.28078,
499.9087,
301.3505,
0,
7434.389,
2074, 
42.02836,
378.9795,
140.4505,
92.19602,
198.5158,
237.3997,
253.9721,
1100.323,
423.6869,
55.16098,
394.424,
76.82887,
79.69564,
35.11434,
79.54949,
131.146,
356.7664,
1021.344,
52.51749,
827.152,
331.6363,
227.2435,
76.82402,
42.42622,
504.4713,
305.2285,
0,
7465.081,
2075, 
42.14794,
380.1915,
140.5524,
92.26569,
197.6702,
237.2654,
255.2797,
1115.608,
429.6261,
55.09671,
394.8894,
76.55793,
79.63326,
35.00948,
80.00195,
131.0578,
357.8085,
1024.911,
52.08453,
821.101,
332.4134,
227.5172,
76.39439,
42.57185,
509.0526,
309.1302,
0,
7495.837,
2076, 
42.24278,
381.2003,
140.5844,
92.27608,
196.7179,
236.9755,
256.4476,
1129.846,
435.0809,
54.99589,
395.336,
76.31007,
79.53574,
34.91236,
80.41183,
130.9713,
358.5694,
1027.663,
51.67262,
815.1489,
333.0033,
227.651,
76.00175,
42.69234,
513.1208,
312.6389,
0,
7522.006,
2077, 
42.33772,
382.2103,
140.6159,
92.28587,
195.7646,
236.6845,
257.618,
1144.158,
440.5689,
54.89424,
395.7823,
76.06068,
79.43707,
34.81459,
80.82248,
130.8838,
359.3309,
1030.362,
51.25957,
809.1526,
333.586,
227.7806,
75.60661,
42.81297,
517.2016,
316.1671,
0,
7548.199,
2078, 
42.43277,
383.2217,
140.647,
92.29504,
194.8104,
236.3925,
258.7911,
1158.542,
446.0899,
54.79176,
396.2286,
75.80975,
79.33724,
34.71615,
81.23389,
130.7953,
360.093,
1033.008,
50.84539,
803.1122,
334.1613,
227.906,
75.20897,
42.93376,
521.295,
319.7149,
0,
7574.414,
2079, 
42.52793,
384.2344,
140.6778,
92.30359,
193.8553,
236.0996,
259.9666,
1172.999,
451.6442,
54.68847,
396.6746,
75.55731,
79.23627,
34.61706,
81.64607,
130.7057,
360.8557,
1035.602,
50.43007,
797.0278,
334.7293,
228.027,
74.80882,
43.05471,
525.4009,
323.2823,
0,
7600.652,
2080, 
42.62319,
385.2483,
140.7081,
92.31153,
192.8991,
235.8055,
261.1447,
1187.529,
457.2315,
54.58434,
397.1204,
75.30333,
79.13413,
34.51731,
82.05903,
130.6152,
361.6191,
1038.144,
50.01362,
790.8991,
335.2901,
228.1439,
74.40617,
43.17581,
529.5193,
326.8692,
0,
7626.915,
2081, 
42.67889,
385.9425,
140.6566,
92.24348,
191.8803,
235.3498,
262.0908,
1200.292,
462.0521,
54.44564,
397.3926,
75.06196,
78.98693,
34.41659,
82.38803,
130.4981,
362.0901,
1039.39,
49.6071,
784.5332,
335.4614,
228.0267,
74.03523,
43.25803,
532.8469,
329.8473,
0,
7645.472,
2082, 
42.73462,
386.6372,
140.6046,
92.17475,
190.8606,
234.893,
263.0385,
1213.11,
466.8962,
54.30619,
397.6646,
74.8194,
78.83858,
34.31532,
82.71744,
130.3802,
362.561,
1040.584,
49.19967,
778.1316,
335.6252,
227.9052,
73.66232,
43.34033,
536.1808,
332.8387,
0,
7664.021,
2083, 
42.79036,
387.3326,
140.5522,
92.10534,
189.8401,
234.4352,
263.9876,
1225.984,
471.7641,
54.16597,
397.9361,
74.57565,
78.68909,
34.2135,
83.04725,
130.2615,
363.032,
1041.724,
48.7913,
771.6943,
335.7815,
227.7793,
73.28741,
43.42271,
539.5214,
335.8438,
0,
7682.558,
2084, 
42.84615,
388.0286,
140.4993,
92.03524,
188.8187,
233.9762,
264.9384,
1238.914,
476.6555,
54.02499,
398.2073,
74.33073,
78.53844,
34.11114,
83.37745,
130.1419,
363.5028,
1042.811,
48.38203,
765.2213,
335.9302,
227.6491,
72.91051,
43.50515,
542.8683,
338.8622,
0,
7701.086,
2085, 
42.90196,
388.7253,
140.4459,
91.96446,
187.7965,
233.5162,
265.8907,
1251.898,
481.5707,
53.88325,
398.4781,
74.08459,
78.38664,
34.00824,
83.70805,
130.0215,
363.9736,
1043.845,
47.97183,
758.7125,
336.0715,
227.5146,
72.53162,
43.58768,
546.2217,
341.8943,
0,
7719.606,
2086, 
42.92574,
389.1957,
140.3483,
91.85374,
186.7589,
232.9602,
266.7155,
1263.512,
486.0641,
53.72586,
398.6162,
73.8744,
78.21448,
33.91248,
84.00301,
129.9022,
364.2868,
1044.519,
47.56712,
752.6275,
336.0757,
227.2695,
72.18832,
43.63848,
549.226,
344.4957,
0,
7734.477,
2087, 
42.9495,
389.6664,
140.25,
91.7422,
185.7203,
232.4029,
267.5413,
1275.173,
490.5755,
53.56766,
398.7537,
73.66313,
78.04109,
33.8162,
84.29813,
129.7821,
364.5995,
1045.135,
47.1615,
746.5087,
336.0714,
227.0194,
71.84317,
43.6893,
552.2332,
347.1068,
0,
7749.311,
2088, 
42.97321,
390.1374,
140.1512,
91.62986,
184.6809,
231.8445,
268.368,
1286.88,
495.105,
53.40865,
398.8905,
73.4508,
77.86648,
33.71941,
84.59342,
129.6611,
364.9118,
1045.695,
46.75497,
740.3563,
336.0588,
226.7644,
71.49617,
43.74016,
555.2435,
349.7275,
0,
7764.109,
2089, 
42.99691,
390.6085,
140.0519,
91.51671,
183.6407,
231.2847,
269.1957,
1298.635,
499.6523,
53.24884,
399.0267,
73.2374,
77.69064,
33.62209,
84.88889,
129.5393,
365.2236,
1046.198,
46.34754,
734.1702,
336.0378,
226.5045,
71.14733,
43.79103,
558.2568,
352.3579,
0,
7778.871,
2090, 
43.02056,
391.0798,
139.952,
91.40275,
182.5997,
230.7238,
270.0244,
1310.436,
504.2177,
53.08821,
399.1621,
73.02293,
77.51359,
33.52426,
85.18451,
129.4166,
365.5349,
1046.645,
45.9392,
727.9504,
336.0082,
226.2396,
70.79665,
43.84194,
561.2731,
354.998,
0,
7793.596,
2091, 
43.01093,
391.3291,
139.8033,
91.23937,
181.5623,
230.0634,
270.6053,
1320.229,
508.0344,
52.90015,
399.0954,
72.82181,
77.30873,
33.42176,
85.41009,
129.2509,
365.6243,
1046.204,
45.52552,
722.017,
335.716,
225.7944,
70.44241,
43.85997,
563.6699,
357.1336,
0,
7802.073,
2092, 
43.00124,
391.5784,
139.6541,
91.07523,
180.5243,
229.4018,
271.1864,
1330.055,
511.8622,
52.71134,
399.0278,
72.61986,
77.10272,
33.31882,
85.63565,
129.0844,
365.713,
1045.71,
45.11108,
716.0575,
335.416,
225.3445,
70.08659,
43.87798,
566.0669,
359.2751,
0,
7810.498,
2093, 
42.99147,
391.8276,
139.5043,
90.91032,
179.4855,
228.7391,
271.7677,
1339.915,
515.7012,
52.52181,
398.9594,
72.41708,
76.89558,
33.21543,
85.86117,
128.9171,
365.8008,
1045.165,
44.69588,
710.072,
335.1084,
224.8899,
69.72922,
43.89599,
568.4639,
361.4226,
0,
7818.873,
2094, 
42.98164,
392.0768,
139.3541,
90.74465,
178.4461,
228.0753,
272.3491,
1349.807,
519.5513,
52.33154,
398.8902,
72.21346,
76.68732,
33.11159,
86.08667,
128.7492,
365.8878,
1044.568,
44.27993,
704.0605,
334.7931,
224.4307,
69.37026,
43.91398,
570.8608,
363.576,
0,
7827.197,
2095, 
42.97174,
392.3259,
139.2033,
90.5782,
177.406,
227.4103,
272.9307,
1359.732,
523.4127,
52.14054,
398.8202,
72.00903,
76.4779,
33.00731,
86.31214,
128.5804,
365.9741,
1043.918,
43.86322,
698.023,
334.47,
223.9667,
69.00974,
43.93196,
573.2579,
365.7354,
0,
7835.469,
2096, 
42.94249,
392.4446,
139.0155,
90.39707,
176.4005,
226.7071,
273.3292,
1368.105,
526.8542,
51.9365,
398.6049,
71.81841,
76.25861,
32.89618,
86.49509,
128.3628,
365.8829,
1043.148,
43.46911,
692.2965,
334.0901,
223.4308,
68.6447,
43.93042,
575.4189,
367.5869,
0,
7840.468,
2097, 
42.91313,
392.5632,
138.8271,
90.21513,
175.3943,
226.0028,
273.7272,
1376.504,
530.3023,
51.7317,
398.3886,
71.627,
76.03814,
32.78458,
86.67779,
128.1444,
365.7904,
1042.326,
43.07428,
686.545,
333.7021,
222.8899,
68.27809,
43.92883,
577.5781,
369.442,
0,
7845.396,
2098, 
42.88368,
392.6814,
138.6381,
90.03239,
174.3875,
225.2973,
274.1246,
1384.928,
533.7569,
51.52613,
398.1712,
71.4348,
75.81651,
32.67253,
86.86023,
127.9251,
365.6969,
1041.451,
42.67874,
680.769,
333.3062,
222.344,
67.90988,
43.92722,
579.7353,
371.3007,
0,
7850.255,
2099, 
42.85413,
392.7994,
138.4485,
89.84885,
173.3799,
224.5906,
274.5214,
1393.376,
537.218,
51.31979,
397.9528,
71.24181,
75.59371,
32.56,
87.04242,
127.7049,
365.6021,
1040.523,
42.28247,
674.968,
332.9023,
221.793,
67.54011,
43.92556,
581.8906,
373.1631,
0,
7855.042,
2100, 
42.82449,
392.9171,
138.2584,
89.6645,
172.3717,
223.8827,
274.9176,
1401.849,
540.6857,
51.11269,
397.7332,
71.04803,
75.36975,
32.44701,
87.22435,
127.4839,
365.506,
1039.543,
41.88549,
669.1422,
332.4905,
221.2371,
67.16875,
43.92387,
584.044,
375.0291,
0,
7859.761];
