real main.em.ep.ncl.NuclFuelEff[27](t) = [1971, 
170,
170,
170,
170,
170,
170,
170,
170,
170,
170,
170,
170,
170,
170,
170,
170,
170,
170,
170,
170,
170,
170,
170,
170,
170,
170,
0,
1972, 
170,
170,
170.3448,
170,
170.3448,
170.3448,
170.3448,
170.3448,
170.3448,
170.3448,
170,
170.3448,
170.3448,
170.3448,
170.3448,
170,
170.3448,
170,
170.3448,
170.3448,
170.3448,
170.3448,
170,
170.3448,
170.3448,
170.3448,
0,
1973, 
170.1724,
170.1724,
170.6897,
170.1724,
170.6897,
170.6897,
170.6897,
170.6897,
170.6897,
170.6897,
170.1724,
170.6897,
170.6897,
170.6897,
170.6897,
170.1724,
170.6897,
170.1724,
170.6897,
170.6897,
170.6897,
170.6897,
170.1724,
170.6897,
170.6897,
170.6897,
0,
1974, 
170.3448,
170.3448,
171.0345,
170.3448,
171.0345,
171.0345,
171.0345,
171.0345,
171.0345,
171.0345,
170.3448,
171.0345,
171.0345,
171.0345,
171.0345,
170.3448,
171.0345,
170.3448,
171.0345,
171.0345,
171.0345,
171.0345,
170.3448,
171.0345,
171.0345,
171.0345,
0,
1975, 
170.5172,
170.5172,
171.3793,
170.5172,
171.3793,
171.3793,
171.3793,
171.3793,
171.3793,
171.3793,
170.5172,
171.3793,
171.3793,
171.3793,
171.3793,
170.5172,
171.3793,
170.5172,
171.3793,
171.3793,
171.3793,
171.3793,
170.5172,
171.3793,
171.3793,
171.3793,
0,
1976, 
171.327,
171.3623,
171.7241,
170.5172,
171.7241,
171.3793,
171.7241,
171.7241,
171.7241,
171.7241,
171.3228,
171.3793,
171.7241,
171.7241,
171.3793,
171.3486,
171.7241,
171.2341,
171.7241,
171.7241,
171.7241,
171.7241,
171.3629,
171.7241,
171.3793,
171.7241,
0,
1977, 
171.333,
171.4064,
172.069,
170.5172,
172.069,
171.3793,
172.069,
172.069,
172.069,
172.069,
171.4478,
171.3793,
172.069,
172.069,
171.3793,
171.5026,
172.069,
171.2539,
172.069,
172.069,
172.069,
172.069,
171.4782,
172.069,
171.3793,
172.069,
0,
1978, 
171.6898,
171.503,
172.4138,
170.5172,
172.4138,
171.3793,
172.4138,
172.4138,
172.4138,
172.4138,
171.6004,
171.3793,
172.4138,
172.4138,
171.3793,
171.5482,
172.4138,
171.2856,
172.4138,
172.4138,
172.4138,
172.4138,
171.4801,
172.4138,
171.3793,
172.4138,
0,
1979, 
171.8529,
171.5842,
172.7586,
170.5172,
172.7586,
171.3793,
172.7586,
172.7586,
172.7586,
172.7586,
171.7551,
171.3793,
172.7586,
172.4138,
171.3793,
171.5524,
172.7586,
171.3277,
172.4138,
172.4138,
172.7586,
172.7586,
171.7984,
172.7586,
171.3793,
172.7586,
0,
1980, 
172.0194,
171.5955,
173.1035,
170.5172,
173.1035,
171.3793,
173.1035,
173.1035,
173.1035,
173.1035,
171.9291,
171.6823,
173.1035,
172.4138,
171.3793,
171.7449,
173.1035,
171.3793,
172.4138,
172.5862,
173.1035,
173.1035,
172.048,
173.1035,
171.3793,
173.1035,
0,
1981, 
172.1633,
171.655,
173.4483,
170.5172,
173.4483,
171.3793,
173.4483,
173.4483,
173.4483,
173.4483,
172.1892,
171.6823,
173.4483,
172.4138,
171.3793,
172.0715,
173.4483,
171.4393,
172.4138,
172.5862,
173.4483,
173.4483,
172.0497,
173.4483,
171.3793,
173.4483,
0,
1982, 
172.3306,
171.7886,
173.4483,
170.5172,
173.4483,
171.6534,
173.7931,
173.7931,
173.7931,
173.4483,
172.3811,
172.4267,
173.7931,
172.6927,
171.3793,
172.2091,
173.7931,
172.2115,
172.9527,
172.5862,
173.7931,
173.7931,
172.1927,
173.7931,
171.4298,
173.7931,
0,
1983, 
172.499,
171.9276,
173.6207,
170.5172,
173.6207,
171.9037,
174.1379,
174.1379,
174.1379,
173.6207,
172.5679,
172.8319,
174.1379,
172.9264,
171.3793,
172.3531,
174.1379,
172.6506,
173.2406,
172.5862,
174.1379,
174.1379,
172.3413,
174.1379,
171.486,
174.1379,
0,
1984, 
172.6683,
172.071,
173.7931,
170.5172,
173.7931,
172.1377,
174.4828,
174.4828,
174.4828,
173.7931,
172.7513,
173.1306,
174.4828,
173.1386,
171.3793,
172.5018,
174.4828,
172.9738,
173.4695,
172.5862,
174.4828,
174.4828,
172.4938,
174.4828,
171.5477,
174.4828,
0,
1985, 
172.8381,
172.2178,
173.9655,
170.5172,
173.9655,
172.36,
174.8276,
174.8276,
174.8276,
173.9655,
172.9324,
173.3823,
174.8276,
173.339,
171.3793,
172.6541,
174.8276,
173.2432,
173.6755,
172.5862,
174.8276,
174.8276,
172.6495,
174.8276,
171.6144,
174.8276,
0,
1986, 
173.0084,
172.3676,
174.1379,
170.5172,
174.1379,
172.5737,
175.1724,
175.1724,
175.1724,
174.1379,
173.1119,
173.6091,
175.1724,
173.5321,
171.3793,
172.8094,
175.1724,
173.4832,
173.8701,
172.5862,
175.1724,
175.1724,
172.8076,
175.1724,
171.6858,
175.1724,
0,
1987, 
173.179,
172.5199,
174.3103,
170.5172,
174.3103,
172.7807,
175.5172,
175.5172,
175.5172,
174.3103,
173.2901,
173.8212,
175.5172,
173.7205,
171.3793,
172.9669,
175.5172,
173.7054,
174.0583,
172.5862,
175.5172,
175.5172,
172.9677,
175.5172,
171.7616,
175.5172,
0,
1988, 
173.3499,
172.6743,
174.4828,
170.5172,
174.4828,
172.9827,
175.8621,
175.8621,
175.8621,
174.4828,
173.4675,
174.0237,
175.8621,
173.9055,
171.3793,
173.1263,
175.8621,
173.916,
174.2425,
172.5862,
175.8621,
175.8621,
173.1293,
175.8621,
171.8415,
175.8621,
0,
1989, 
173.521,
172.8304,
174.6552,
170.5172,
174.6552,
173.1806,
176.2069,
176.2069,
176.2069,
174.6552,
173.6441,
174.2199,
176.2069,
174.0882,
171.3793,
173.2872,
176.2069,
174.1187,
174.4241,
172.5862,
176.2069,
176.2069,
173.2922,
176.2069,
171.9253,
176.2069,
0,
1990, 
173.6923,
172.988,
174.8276,
170.5172,
174.8276,
173.3753,
176.5517,
176.5517,
176.5517,
174.8276,
173.8201,
174.4115,
176.5517,
174.2692,
171.3793,
173.4494,
176.5517,
174.3157,
174.6038,
172.5862,
176.5517,
176.5517,
173.4562,
176.5517,
172.0127,
176.5517,
0,
1991, 
173.6923,
173.0888,
175,
170.5172,
175,
173.5672,
176.8965,
176.8965,
176.8965,
174.9655,
173.8201,
174.5997,
176.8965,
174.2692,
171.3793,
173.6126,
176.8965,
174.5084,
174.7822,
172.5862,
176.8965,
176.8965,
173.4562,
176.8965,
172.1035,
176.8965,
0,
1992, 
173.6923,
173.0956,
175.3062,
170.5172,
175,
173.5672,
177.2414,
177.2414,
177.2414,
174.9655,
173.8201,
174.63,
177.2414,
174.2692,
171.3793,
173.6653,
177.2414,
174.687,
174.8877,
172.5862,
177.2414,
177.2414,
173.4562,
177.2414,
172.1035,
177.2414,
0,
1993, 
173.6923,
173.1031,
175.5751,
170.5172,
175,
173.5672,
177.5862,
177.5862,
177.5862,
174.9655,
173.8201,
174.664,
177.5862,
174.2692,
171.3793,
173.7218,
177.5862,
174.8646,
174.9995,
172.5862,
177.5862,
177.5862,
173.4562,
177.5862,
172.1035,
177.5862,
0,
1994, 
173.6923,
173.1111,
175.8205,
170.5172,
175,
173.5672,
177.931,
177.931,
177.931,
174.9655,
173.8201,
174.6693,
177.931,
174.2692,
171.3793,
173.7818,
177.931,
175.0416,
175.1168,
172.7416,
177.931,
177.931,
173.4562,
177.931,
172.1035,
177.931,
0,
1995, 
173.6923,
173.1198,
176.0501,
170.5172,
175,
173.5672,
178.2759,
178.2759,
178.2759,
174.9655,
173.8201,
174.6693,
178.2759,
174.2692,
171.3793,
173.8453,
178.2759,
175.218,
175.2389,
174.039,
178.2759,
178.2759,
173.4562,
178.2759,
172.1035,
178.2759,
0,
1996, 
173.6923,
173.129,
176.2684,
170.5172,
175,
173.5672,
178.6207,
178.6207,
178.6207,
174.9655,
173.8201,
174.6693,
178.6207,
174.2692,
171.3793,
173.9121,
178.6207,
175.394,
175.3652,
174.8863,
178.6207,
178.6207,
173.4562,
178.6207,
172.1035,
178.6207,
0,
1997, 
173.6923,
173.1388,
176.2811,
170.5172,
176.091,
173.5672,
178.9655,
178.9655,
178.9655,
174.9655,
173.8201,
174.6693,
178.9655,
174.2692,
171.3793,
173.9185,
178.9655,
175.6904,
175.6203,
174.8863,
178.9655,
178.9655,
173.4562,
178.9655,
174.2171,
178.9655,
0,
1998, 
173.6923,
173.1492,
176.2954,
170.5172,
176.7567,
173.5672,
179.3103,
179.3103,
179.3103,
174.9655,
173.8201,
174.6693,
179.3103,
174.2692,
171.3793,
173.9252,
179.3103,
175.966,
175.8634,
174.8863,
179.3103,
179.3103,
173.4562,
179.3103,
175.38,
179.3103,
0,
1999, 
173.6923,
173.1601,
176.3115,
170.5172,
177.2368,
173.5672,
179.6552,
179.6552,
179.6552,
174.9655,
173.8201,
174.6693,
179.6552,
174.2692,
171.3793,
173.9324,
179.6552,
176.2255,
176.0969,
174.8863,
179.6552,
179.6552,
173.4562,
179.6552,
176.1532,
179.6552,
0,
2000, 
173.6923,
173.1717,
176.3292,
170.5172,
177.6196,
173.5672,
180,
180,
180,
174.9655,
173.8201,
174.6693,
180,
174.2692,
171.3793,
173.9401,
180,
176.4725,
176.3226,
174.8863,
180,
180,
173.4562,
180,
176.7289,
180,
0,
2001, 
173.6923,
173.1838,
176.3486,
170.5172,
177.8445,
173.5672,
181.4,
181.4,
181.4,
174.9655,
173.8201,
174.6693,
181.4,
174.2692,
171.3793,
173.9482,
181.4,
176.7095,
176.542,
174.8863,
181.4,
181.4,
173.4562,
181.4,
177.1907,
181.4,
0,
2002, 
173.6923,
173.1983,
176.3874,
170.5172,
177.8445,
173.5672,
182.8,
182.8,
182.8,
174.9655,
173.8201,
174.6693,
182.8,
174.2692,
171.3793,
174.1002,
182.8,
176.8721,
176.8119,
176.7544,
182.8,
182.8,
173.4562,
182.8,
177.1907,
182.8,
0,
2003, 
173.6923,
173.2153,
176.3874,
170.5172,
177.8445,
173.5672,
184.2,
184.2,
184.2,
174.9655,
173.8201,
174.6693,
184.2,
174.2692,
171.3793,
174.2741,
184.2,
177.0707,
177.127,
178.1017,
184.2,
184.2,
173.4562,
184.2,
177.1907,
184.2,
0,
2004, 
173.6923,
173.2346,
176.3874,
170.5172,
177.8445,
173.5672,
185.6,
185.6,
185.6,
174.9655,
173.8201,
174.6693,
185.6,
174.5482,
171.3793,
174.4687,
185.6,
177.3019,
177.4806,
179.2132,
185.6,
185.6,
173.4562,
185.6,
177.1907,
185.6,
0,
2005, 
173.6923,
173.2564,
176.3874,
170.5172,
177.8445,
173.5672,
187,
187,
187,
174.9655,
173.8201,
174.6693,
187,
174.8803,
171.3793,
174.6827,
187,
177.5625,
177.8672,
180.1977,
187,
187,
173.4562,
187,
177.1907,
187,
0,
2006, 
173.6923,
173.2805,
176.3874,
170.5172,
177.8445,
173.5672,
188.4,
188.4,
188.4,
174.9655,
173.8201,
174.6693,
188.4,
175.2339,
171.3793,
174.915,
188.4,
177.8499,
178.2823,
181.1063,
188.4,
188.4,
173.4562,
188.4,
177.1907,
188.4,
0,
2007, 
173.6923,
173.3071,
176.3874,
170.5172,
177.8445,
173.5672,
189.8,
189.8,
189.8,
174.9655,
173.8201,
174.6693,
189.8,
175.2339,
171.3793,
175.0492,
189.8,
178.7057,
178.5045,
181.8029,
189.8,
189.8,
173.4562,
189.8,
177.1907,
189.8,
0,
2008, 
173.6923,
173.3359,
176.3874,
170.5172,
177.8445,
173.5672,
191.2,
191.2,
191.2,
174.9655,
173.8201,
174.6693,
191.2,
175.2339,
171.3793,
175.1945,
191.2,
179.5383,
178.7474,
182.5002,
191.2,
191.2,
173.4562,
191.2,
177.1907,
191.2,
0,
2009, 
173.6923,
173.3672,
176.3874,
170.5172,
177.8445,
173.5672,
192.6,
192.6,
192.6,
174.9655,
173.8201,
174.6693,
192.6,
175.2339,
171.3793,
175.3507,
192.6,
180.3523,
179.0094,
183.1979,
192.6,
192.6,
173.4562,
192.6,
177.1907,
192.6,
0,
2010, 
173.6923,
173.4007,
176.3874,
170.5172,
177.8445,
173.5672,
194,
194,
194,
174.9655,
173.8201,
174.6693,
194,
175.2339,
171.3793,
175.5173,
194,
181.1514,
179.2896,
183.8959,
194,
194,
173.4562,
194,
177.1907,
194,
0,
2011, 
173.6923,
173.4366,
176.3874,
170.5172,
177.8445,
173.5672,
195.4,
195.4,
195.4,
174.9655,
173.8201,
174.6693,
195.4,
175.2339,
171.3793,
175.6942,
195.4,
181.9384,
179.5866,
184.5942,
195.4,
195.4,
173.4562,
195.4,
177.1907,
195.4,
0,
2012, 
173.6923,
173.4748,
176.7883,
170.5172,
177.8445,
176.3999,
196.8,
196.8,
196.8,
175.1008,
173.8201,
174.7774,
196.8,
175.2339,
171.3793,
176.18,
195.4,
182.6691,
180.0838,
187.2853,
196.8,
196.8,
173.4562,
196.8,
179.2097,
196.8,
0,
2013, 
173.6923,
173.5153,
177.2015,
170.5172,
177.8445,
178.7428,
198.2,
198.2,
198.2,
175.2436,
173.8201,
174.8917,
198.2,
175.2339,
171.3793,
176.6761,
196.1,
183.3966,
180.5934,
189.1823,
198.2,
198.2,
173.4562,
198.2,
180.9654,
198.2,
0,
2014, 
173.6923,
173.558,
177.6263,
170.5172,
177.8445,
180.7472,
199.6,
199.6,
199.6,
175.3936,
173.8201,
175.012,
199.6,
175.2339,
171.3793,
177.1819,
196.8,
184.1214,
181.1143,
190.6814,
199.6,
199.6,
173.4562,
199.6,
182.5295,
199.6,
0,
2015, 
173.6923,
173.6031,
178.0621,
170.5172,
177.8445,
182.5079,
201,
201,
201,
175.5508,
173.8201,
175.1383,
201,
175.2339,
171.3793,
177.6965,
197.5,
184.8439,
181.6454,
191.9527,
201,
201,
173.4562,
201,
183.9498,
201,
0,
2016, 
173.7264,
173.6504,
178.5081,
170.5172,
177.8445,
184.0875,
202.4,
202.4,
202.4,
175.6332,
173.8201,
175.2704,
202.4,
175.2339,
171.3793,
178.2194,
198.2,
185.5644,
182.186,
193.0814,
202.4,
202.4,
173.4562,
202.4,
185.2595,
202.4,
0,
2017, 
173.7778,
173.7,
178.8741,
170.5172,
177.8445,
184.1076,
203.8,
203.8,
203.8,
175.6332,
173.8201,
175.3267,
203.8,
175.6863,
171.3793,
178.8382,
199.1542,
185.866,
182.4462,
194.333,
203.8,
203.8,
173.4562,
203.8,
187.8991,
203.8,
0,
2018, 
173.8315,
173.7518,
179.2501,
170.5172,
177.8445,
184.1293,
205.2,
205.2,
205.2,
175.6332,
173.8201,
175.3856,
205.2,
176.1469,
171.3793,
179.461,
200.0143,
186.1817,
182.7175,
195.4539,
205.2,
205.2,
173.4562,
205.2,
190.021,
205.2,
0,
2019, 
173.8875,
173.8058,
179.6358,
170.5172,
177.8445,
184.1525,
206.6,
206.6,
206.6,
175.6332,
173.8201,
175.4472,
206.6,
176.6152,
171.3793,
179.6274,
200.8244,
186.5106,
182.9997,
196.4858,
206.6,
206.6,
173.4562,
206.6,
191.8081,
206.6,
0,
2020, 
173.9458,
173.862,
180.0306,
170.5172,
177.8445,
184.1771,
208,
208,
208,
175.6332,
173.8201,
175.5114,
208,
177.0909,
171.3793,
179.6534,
201.6047,
186.8522,
183.2922,
197.4541,
208,
208,
173.4562,
208,
193.3662,
208,
0,
2021, 
174.0064,
173.9205,
180.4343,
170.5172,
177.8445,
184.2033,
209.4,
209.4,
209.4,
175.6332,
173.8201,
175.5783,
209.4,
177.5735,
171.3793,
179.6807,
202.3659,
187.2057,
183.5323,
198.3755,
209.4,
209.4,
173.4562,
209.4,
194.7607,
209.4,
0,
2022, 
174.0693,
173.9811,
180.4343,
170.5172,
177.8445,
184.2033,
210.8,
210.8,
210.8,
175.6332,
173.8201,
175.7082,
210.8,
177.5735,
171.3793,
179.7093,
205.0766,
189.4648,
183.5323,
198.9279,
210.8,
210.8,
173.4562,
210.8,
200.794,
210.8,
0,
2023, 
174.1344,
174.0439,
180.4343,
170.5172,
177.8445,
184.2033,
212.2,
212.2,
212.2,
175.6332,
173.8201,
175.7082,
212.2,
177.5735,
171.3793,
179.7392,
206.5278,
189.483,
185.0889,
199.4209,
212.2,
212.2,
173.4562,
212.2,
203.9228,
212.2,
0,
2024, 
174.2018,
174.5581,
180.4343,
170.5172,
177.8445,
184.2033,
213.6,
213.6,
213.6,
175.6332,
173.8201,
176.381,
213.6,
178.8745,
171.3793,
179.7704,
207.1935,
190.591,
185.8088,
199.7892,
213.6,
213.6,
173.4562,
213.6,
203.9228,
213.6,
0,
2025, 
174.2714,
175.0772,
180.4343,
170.5172,
177.8445,
184.2033,
215,
215,
215,
175.6332,
173.8201,
177.0549,
215,
180.1319,
171.3793,
179.8028,
207.8664,
191.661,
186.5277,
200.1761,
215,
215,
173.4562,
215,
203.9228,
215,
0,
2026, 
174.3432,
175.1434,
180.4343,
170.5172,
177.8445,
184.2033,
216.4,
216.4,
216.4,
175.6332,
173.8201,
178.4707,
215,
180.1319,
171.3793,
181.3936,
207.8664,
191.661,
187.9918,
201.2947,
216.4,
216.4,
173.4562,
216.4,
206.9019,
216.4,
0,
2027, 
174.424,
175.2179,
180.4343,
170.5172,
177.8445,
184.2033,
217.8,
217.8,
217.8,
175.6332,
173.8201,
178.4707,
215.7,
180.1319,
171.3793,
182.9099,
207.8664,
200.6208,
187.9918,
202.5623,
217.8,
217.8,
173.4562,
217.8,
208.9149,
217.8,
0,
2028, 
174.5141,
175.301,
180.4343,
170.5172,
177.8445,
184.7867,
219.2,
219.2,
219.2,
175.6332,
173.8201,
178.4707,
216.4,
180.1319,
171.3793,
182.946,
207.8664,
203.3124,
189.4497,
204.3181,
219.2,
219.2,
173.4562,
219.2,
208.9149,
219.2,
0,
2029, 
174.6138,
175.3931,
180.4343,
170.5172,
177.8445,
184.7867,
219.2,
220.6,
220.6,
175.6332,
173.8201,
178.4707,
217.1,
180.1319,
171.3793,
183.4749,
207.8664,
203.3208,
189.4497,
205.4634,
220.6,
220.6,
173.4562,
220.6,
208.9149,
220.6,
0,
2030, 
174.7234,
175.4945,
180.4343,
170.5172,
177.8445,
184.7867,
219.2,
222,
222,
175.6332,
173.8201,
178.4707,
217.1,
180.1319,
171.3793,
183.4749,
207.8664,
203.3306,
189.4497,
206.9229,
222,
222,
173.4562,
222,
208.9149,
222,
0,
2031, 
175.2948,
176.9359,
180.4343,
170.5172,
177.8445,
185.5214,
221.3,
223.4,
223.4,
175.6332,
173.8201,
178.7912,
217.1,
180.1319,
171.3793,
183.4749,
207.8664,
203.3551,
189.4497,
206.9229,
223.4,
223.4,
173.4562,
223.4,
211.2175,
223.4,
0,
2032, 
175.304,
176.947,
180.4343,
170.6897,
177.8445,
185.5214,
221.3,
224.8,
224.8,
175.6332,
173.8266,
178.7912,
218.1377,
180.1319,
220.3175,
183.4865,
207.8664,
213.3668,
194.7941,
206.9229,
224.8,
224.8,
174.7745,
224.8,
214.434,
224.8,
0,
2033, 
175.3126,
176.9575,
206.2884,
170.8621,
177.8445,
185.5214,
221.3,
226.2,
226.2,
175.6332,
173.8325,
191.6406,
219.3219,
182.0934,
220.4225,
183.4979,
210.9969,
215.2658,
194.7941,
206.9229,
226.2,
226.2,
176.097,
226.2,
214.8796,
226.2,
0,
2034, 
175.3206,
176.9675,
209.4783,
171.0345,
177.8445,
185.5214,
221.3,
227.6,
227.6,
175.6332,
190.2849,
202.2097,
220.3395,
184.0076,
220.4225,
183.509,
212.8342,
215.6877,
195.9624,
206.9229,
227.6,
227.6,
176.6832,
227.6,
216.5798,
227.6,
0,
2035, 
175.0175,
176.9771,
209.4783,
229,
177.8445,
201.6044,
221.3,
229,
229,
175.6332,
191.2856,
202.7537,
220.8548,
184.8529,
220.4225,
183.5198,
213.1451,
215.828,
196.4924,
206.9229,
229,
229,
176.9789,
229,
217.1841,
229,
0,
2036, 
175.4773,
179.5999,
209.4783,
230.4,
177.8445,
209.1805,
222.5067,
230.4,
230.4,
175.6332,
192.6674,
204.0492,
221.2103,
185.3572,
223.4675,
184.7758,
213.8608,
216.3792,
197.1252,
206.9229,
230.4,
230.4,
178.2267,
230.4,
218.4377,
230.4,
0,
2037, 
175.485,
180.1598,
209.4783,
231.8,
177.8445,
210.213,
222.5067,
231.8,
231.8,
176.1229,
193.7265,
204.5424,
222.0395,
185.9872,
223.4675,
185.827,
213.8608,
216.3863,
198.2872,
206.9229,
231.8,
231.8,
179.0546,
231.8,
219.1149,
231.8,
0,
2038, 
175.9899,
181.0534,
209.4783,
233.2,
177.8445,
210.3378,
223.3163,
233.2,
233.2,
177.1011,
194.7755,
204.5424,
222.5247,
186.2718,
223.4675,
186.0682,
213.8608,
216.8383,
198.3447,
206.9229,
233.2,
233.2,
181.5533,
233.2,
219.9324,
233.2,
0,
2039, 
176.3378,
181.7454,
209.4783,
234.6,
177.8445,
210.3378,
224.5758,
234.6,
234.6,
178.5415,
195.7858,
204.5424,
222.9165,
188.8585,
223.4675,
186.0826,
213.8608,
216.9351,
200.1296,
207.5746,
234.6,
234.6,
185.7054,
234.6,
221.2082,
234.6,
0,
2040, 
176.7234,
181.825,
209.4783,
236,
177.8445,
210.3378,
224.5758,
236,
236,
180.3972,
196.9299,
204.9091,
223.0717,
188.8585,
223.4675,
186.6601,
213.8608,
216.9419,
200.3039,
208.2572,
236,
236,
188.5961,
236,
222.3422,
236,
0,
2041, 
177.0804,
182.1655,
209.4783,
237.4,
177.8445,
210.3378,
224.5758,
237.4,
237.4,
182.6065,
198.7758,
204.9091,
223.3929,
189.3386,
223.4675,
187.9343,
213.8608,
216.9487,
200.4697,
208.2572,
237.4,
237.4,
188.6641,
237.4,
223.4925,
237.4,
0,
2042, 
177.5343,
182.9207,
210.0065,
238.8,
177.9956,
211.0727,
224.5758,
238.8,
238.8,
186.1609,
200.3875,
206.1613,
223.8297,
190.8781,
223.4675,
188.5921,
215.5625,
217.1402,
201.0112,
208.2572,
238.8,
238.8,
190.0381,
238.8,
224.191,
238.8,
0,
2043, 
178.0687,
183.7866,
210.5454,
240.2,
178.1451,
211.8304,
224.5758,
240.2,
240.2,
190.4791,
202.487,
207.503,
223.937,
192.2158,
223.4675,
189.2962,
215.5625,
217.2614,
201.7217,
208.2572,
240.2,
240.2,
191.6505,
240.2,
224.8844,
240.2,
0,
2044, 
178.7238,
184.7978,
211.0953,
241.6,
178.293,
212.6124,
224.5758,
241.6,
241.6,
195.7286,
204.5362,
211.4398,
224.0814,
193.7516,
223.4675,
190.0533,
215.5625,
217.3822,
203.3042,
208.2572,
241.6,
241.6,
195.8903,
241.6,
225.6062,
241.6,
0,
2045, 
179.6481,
186.0054,
211.6568,
243,
178.439,
213.4203,
224.5758,
243,
243,
201.5945,
207.1219,
214.3931,
224.9147,
195.5405,
223.4675,
190.872,
215.5625,
217.9613,
204.7195,
208.433,
243,
243,
203.027,
243,
226.4879,
243,
0,
2046, 
180.8489,
187.4874,
212.2304,
244.4,
178.5829,
223.0914,
224.5758,
244.4,
244.4,
207.6355,
210.1828,
219.5591,
226.5653,
197.9225,
223.4675,
191.7624,
215.5625,
218.0805,
205.3215,
209.067,
244.4,
244.4,
209.5161,
244.4,
227.0909,
244.4,
0,
2047, 
182.7322,
189.3699,
212.8167,
245.8,
178.7245,
225.5677,
224.5758,
245.8,
245.8,
214.4563,
213.3504,
223.9081,
226.5653,
201.1149,
223.4675,
192.7371,
217.2037,
218.1995,
206.2531,
209.8647,
245.8,
245.8,
216.3428,
245.8,
227.675,
245.8,
0,
2048, 
186.1694,
191.8696,
213.4163,
247.2,
178.8633,
227.1386,
224.5758,
247.2,
247.2,
220.733,
217.6952,
227.1335,
226.5653,
204.8549,
223.4675,
193.812,
217.2037,
219.4423,
207.2812,
210.2449,
247.2,
247.2,
223.3066,
247.2,
228.259,
247.2,
0,
2049, 
196.4713,
195.3939,
214.0299,
248.6,
178.9992,
227.8403,
224.5758,
248.6,
248.6,
227.4617,
222.4353,
229.0292,
226.5653,
210.5678,
223.4675,
195.0071,
217.2037,
221.0489,
207.8371,
211.2286,
248.6,
248.6,
230.6124,
248.6,
228.8692,
248.6,
0,
2050, 
227.2537,
200.8111,
214.6581,
250,
179.1315,
228.5567,
224.5758,
250,
250,
234.9595,
228.1315,
230.754,
226.5653,
217.3051,
223.4675,
196.3481,
217.2037,
222.5353,
208.4068,
211.9277,
250,
250,
238.5202,
250,
230.0404,
250,
0,
2051, 
237.9134,
205.9911,
215.3018,
253,
179.2599,
229.2884,
224.5758,
253,
253,
240.7665,
233.7336,
232.5835,
226.5653,
218.3105,
223.4675,
197.8685,
217.2037,
222.6464,
208.9911,
211.9661,
253,
253,
239.1287,
253,
231.4661,
253,
0,
2052, 
241.647,
206.3931,
216.5924,
256,
179.2599,
229.2884,
224.5758,
256,
256,
241.2837,
234.0127,
232.8711,
226.5653,
218.3105,
223.4675,
198.3797,
217.2037,
225.0146,
209.3321,
212.6211,
256,
256,
239.6929,
256,
231.9949,
256,
0,
2053, 
241.647,
206.8016,
217.9609,
259,
179.2599,
229.2884,
224.5758,
259,
259,
241.7882,
234.1145,
233.1599,
228.3697,
218.3105,
223.4675,
198.9078,
217.2037,
228.0345,
209.6767,
213.2603,
259,
259,
240.1758,
259,
232.4467,
259,
0,
2054, 
241.647,
207.2168,
219.4155,
262,
179.2599,
229.2884,
224.5758,
262,
262,
242.0065,
234.1145,
233.1997,
228.3697,
219.0456,
223.4675,
199.4542,
217.2037,
228.1308,
210.0251,
213.9445,
262,
262,
240.5401,
262,
233.0002,
262,
0,
2055, 
241.647,
207.6389,
220.966,
262,
183.693,
229.2884,
224.5758,
265,
265,
242.3304,
234.4706,
233.1997,
228.3697,
220.1599,
223.4675,
200.0202,
217.2037,
228.2268,
210.3774,
214.0959,
262,
262,
240.7458,
265,
235.3481,
265,
0,
2056, 
241.647,
208.0684,
222.6235,
263.1433,
187.1549,
229.2884,
224.5758,
268,
268,
242.6897,
238.1485,
233.1997,
228.3697,
220.4841,
224.1241,
200.6074,
217.2037,
228.3225,
210.7336,
214.2472,
262,
262.8696,
240.7458,
268,
236.4955,
268,
0,
2057, 
247.1355,
208.5055,
222.718,
263.1433,
192.3897,
229.2884,
224.5758,
271,
271,
242.6897,
241.8136,
233.1997,
230.1031,
222.5658,
225.1388,
200.6605,
217.2037,
228.4904,
211.6214,
214.2743,
262,
262.8696,
241.2208,
271,
236.6889,
271,
0,
2058, 
247.1355,
208.9506,
222.8121,
263.2803,
198.9569,
229.2884,
224.5758,
274,
274,
242.6897,
244.7366,
233.1997,
230.1031,
224.2407,
226.2826,
200.713,
217.2037,
228.6583,
212.3956,
214.5917,
262,
262.8696,
247.0994,
274,
238.7173,
274,
0,
2059, 
247.1355,
209.404,
222.906,
265.1813,
209.2356,
229.2884,
224.5758,
277,
277,
242.6897,
246.6808,
233.1997,
230.1031,
225.5467,
226.4892,
200.7649,
217.2037,
228.8262,
213.4782,
214.8365,
262,
264.0954,
250.3322,
277,
238.8064,
277,
0,
2060, 
247.1355,
209.8661,
222.9995,
265.1813,
228.7687,
229.2884,
224.5758,
280,
280,
242.6897,
246.6874,
233.1997,
230.1031,
225.5467,
226.4892,
200.8163,
217.2037,
233.4942,
214.3161,
214.9285,
262,
265.8257,
253.3487,
280,
239.1906,
280,
0,
2061, 
247.1355,
210.3374,
223.0926,
265.1813,
266.3674,
229.2884,
224.5758,
283,
283,
242.6897,
245.61,
233.1997,
230.1031,
225.5467,
226.4892,
200.867,
217.2037,
236.1683,
215.1878,
214.9285,
262,
265.8257,
254.9994,
283,
239.5402,
283,
0,
2062, 
247.1355,
210.8014,
223.2258,
265.1813,
266.3674,
229.2884,
224.5758,
286,
286,
243.5632,
243.8037,
233.1997,
230.1031,
225.5467,
227.0092,
201.6364,
217.2037,
238.381,
216.2906,
215.2122,
262,
266.5594,
256.6555,
286,
240.532,
286,
0,
2063, 
247.1355,
211.2577,
223.2258,
265.1813,
274.7073,
229.2884,
224.5758,
289,
289,
243.9229,
241.4389,
233.1997,
230.1031,
225.5467,
227.6987,
202.4115,
217.2037,
238.4645,
217.4162,
215.4888,
262,
270.0839,
257.3303,
289,
240.7825,
289,
0,
2064, 
247.1355,
211.7058,
223.2258,
265.1813,
279.3317,
229.2884,
224.5758,
292,
292,
244.5002,
260.4692,
233.1997,
230.2356,
227.368,
228.0621,
203.1931,
217.2037,
241.6105,
218.3793,
215.7581,
262,
272.724,
257.8744,
292,
243.0527,
292,
0,
2065, 
247.1355,
212.1456,
223.2258,
265.1813,
279.3317,
229.2884,
224.5758,
295,
295,
244.5002,
263.8583,
233.1997,
231.1274,
229.5009,
228.0621,
203.9819,
217.2037,
243.4154,
219.2836,
216.0737,
262,
275.2525,
258.2509,
295,
245.9057,
295,
0,
2066, 
247.1355,
212.5763,
223.2258,
265.1813,
282.9059,
229.2884,
224.5758,
298,
298,
244.5002,
263.8583,
233.1997,
231.8343,
231.7881,
228.0621,
204.7792,
217.2037,
245.9342,
220.1996,
216.7988,
262,
277.5435,
258.4388,
298,
248.1539,
298,
0,
2067, 
247.1355,
212.9977,
223.2258,
265.7549,
282.9059,
229.2884,
224.5758,
301,
301,
244.5002,
264.183,
233.7358,
231.8343,
231.7881,
228.0621,
205.1994,
217.2037,
248.9105,
220.6519,
217.2899,
262,
279.2239,
258.4388,
301,
249.0696,
301,
0,
2068, 
247.1355,
213.4093,
223.2258,
266.9159,
282.9059,
229.2884,
224.5758,
304,
304,
244.5002,
264.6527,
234.0457,
231.8343,
231.7881,
229.4389,
205.6048,
217.2037,
251.7567,
221.097,
217.6715,
262,
279.5275,
258.7334,
304,
250.4392,
304,
0,
2069, 
247.1355,
213.8104,
223.2258,
266.9159,
282.9059,
229.2884,
224.5758,
307,
307,
244.5002,
267.4355,
235.253,
232.3619,
231.7881,
230.9604,
205.9943,
217.2037,
257.2603,
221.5347,
217.8563,
262,
279.6659,
258.7725,
307,
253.6169,
307,
0,
2070, 
247.1155,
214.2005,
223.2258,
266.9159,
282.9059,
229.2884,
224.5758,
310,
310,
244.5002,
268.4601,
236.9396,
232.9181,
231.7881,
232.7617,
206.3666,
217.2037,
261.2333,
221.9645,
218.0338,
262,
279.6659,
258.7725,
310,
253.8112,
310,
0,
2071, 
247.1355,
214.579,
223.2258,
272.2429,
282.9059,
229.2884,
224.5758,
313,
313,
244.5002,
270.3342,
238.8369,
233.4872,
231.7881,
233.3648,
206.7202,
217.2037,
262.8957,
222.3862,
218.204,
262,
280.8434,
258.8515,
313,
255.5532,
313,
0,
2072, 
247.1355,
214.9452,
223.4771,
276.4187,
282.9059,
230.5071,
224.5758,
316,
316,
245.8584,
270.8918,
239.8518,
233.6353,
231.7881,
236.8478,
207.6448,
217.5853,
264.0999,
223.0567,
219.0059,
262,
282.3996,
258.8667,
316,
259.3116,
316,
0,
2073, 
247.1355,
215.2984,
223.7201,
277.1039,
282.9059,
231.7644,
224.5758,
319,
319,
247.5122,
270.8918,
240.6781,
233.7864,
231.7881,
247.666,
208.6095,
217.9555,
265.6879,
223.7256,
219.8152,
262,
289.1932,
259.0921,
319,
261.4375,
319,
0,
2074, 
247.1355,
215.6379,
223.9548,
277.1039,
282.9059,
233.065,
224.5758,
322,
322,
247.9249,
270.925,
240.7588,
233.7864,
231.7881,
254.6563,
209.6258,
218.3138,
267.6934,
224.3929,
220.6329,
262,
292.414,
259.2142,
322,
261.6846,
322,
0,
2075, 
247.1355,
215.9627,
224.1808,
277.1039,
282.9059,
234.414,
224.5758,
325,
325,
248.218,
236.1451,
240.8372,
233.8208,
231.7881,
256.7768,
210.7106,
218.6594,
275.1005,
225.0585,
221.4828,
262,
294.8393,
259.2828,
325,
263.9694,
325,
0,
2076, 
247.3279,
216.272,
224.3979,
278.9707,
282.9059,
235.8175,
224.5758,
328,
328,
248.3617,
235.8174,
240.9131,
234.0658,
231.7881,
258.5524,
211.8888,
218.9917,
277.4997,
225.7222,
222.45,
262,
296.8803,
259.4544,
328,
264.6574,
328,
0,
2077, 
247.5988,
216.5649,
224.564,
281.4794,
282.9059,
235.8356,
224.5758,
331,
331,
248.3617,
236.0258,
241.1133,
235.7713,
232.7358,
260.2393,
213.4589,
219.4637,
279.7859,
226.0265,
223.7104,
262,
297.3106,
259.5569,
331,
266.2272,
331,
0,
2078, 
247.8645,
216.8402,
224.722,
282.9082,
282.9059,
235.853,
224.5758,
334,
334,
248.3617,
236.7372,
241.1423,
237.8884,
233.7,
261.4239,
215.3741,
219.9223,
281.5824,
226.3203,
224.8344,
262,
297.3869,
259.5979,
334,
267.513,
334,
0,
2079, 
248.1249,
217.0967,
224.8717,
289.1849,
282.9059,
235.8697,
224.5758,
337,
337,
248.3617,
236.8601,
241.1702,
239.0915,
234.6825,
262.21,
215.9289,
220.3663,
283.2888,
226.6033,
226.0092,
262,
300.1326,
259.5979,
337,
268.6443,
337,
0,
2080, 
248.3799,
217.3333,
225.0128,
292.1769,
282.9059,
235.8856,
224.5758,
340,
340,
248.3617,
263.2864,
241.197,
240.055,
235.6851,
263.2442,
216.0055,
220.7945,
283.3453,
226.8749,
227.2444,
262,
303.9728,
259.6434,
340,
270.6414,
340,
0,
2081, 
248.6294,
217.5485,
250.671,
294.4034,
282.9059,
235.9007,
224.5758,
343,
343,
248.5924,
272.8305,
241.2228,
240.8033,
236.7102,
263.9423,
216.0718,
221.2052,
283.4008,
227.08,
228.5524,
262,
305.6436,
259.6669,
343,
273.7203,
343,
0,
2082, 
248.8733,
217.7408,
263.9059,
294.4034,
282.9059,
235.9007,
224.5758,
346,
346,
250.4411,
272.8305,
241.3272,
241.3513,
236.7102,
264.559,
216.1274,
223.6075,
283.7722,
227.08,
229.3719,
262,
306.6,
259.6669,
346,
276.2421,
346,
0,
2083, 
249.1115,
217.9086,
265.4371,
295.0179,
282.9059,
235.9007,
224.5758,
349,
349,
251.6462,
276.343,
241.5094,
241.7452,
237.6476,
265.1855,
216.1723,
226.4068,
283.7753,
228.2624,
230.0854,
262,
307.7581,
259.6669,
349,
279.5091,
349,
0,
2084, 
249.3439,
219.2785,
266.7325,
295.6448,
282.9059,
235.9007,
224.5758,
352,
352,
254.7021,
275.1013,
242.6394,
242.1635,
241.8692,
265.6779,
216.206,
228.2461,
285.5568,
228.8399,
230.5904,
262,
309.1305,
259.6669,
352,
281.3888,
352,
0,
2085, 
249.5703,
221.0715,
266.7325,
295.7198,
282.9059,
235.9007,
224.5758,
355,
355,
254.7021,
275.1013,
243.1873,
242.522,
245.6874,
266.4523,
216.2283,
230.4242,
289.6425,
229.4082,
231.2093,
262,
309.7712,
259.6669,
355,
283.0637,
355,
0,
2086, 
250.014,
221.3207,
272.8643,
302.225,
282.9059,
235.9007,
224.5758,
358,
358,
254.8801,
273.7379,
244.2655,
244.8364,
245.6874,
267.1984,
217.1258,
230.4242,
293.9993,
230.6298,
232.7066,
262,
310.7711,
259.6669,
358,
284.1009,
358,
0,
2087, 
259.4186,
221.5514,
272.8643,
304.7083,
282.9059,
235.9007,
224.5758,
361,
361,
255.2773,
272.0684,
244.5678,
247.4036,
245.6874,
268.1252,
219.1085,
230.4242,
298.0536,
230.6298,
234.8999,
262,
312.0109,
259.6669,
361,
285.1485,
361,
0,
2088, 
263.7393,
221.7522,
273.7863,
306.2704,
282.9059,
236.0607,
224.5758,
364,
364,
255.5205,
318.3875,
244.8812,
250.4647,
245.6874,
269.1352,
219.2,
230.4242,
300.3523,
231.8184,
239.0627,
262,
314.2683,
259.6669,
364,
285.5864,
364,
0,
2089, 
353.8971,
221.9083,
275.0428,
308.8117,
282.9059,
236.0607,
225.6608,
367,
367,
255.5205,
327.0613,
245.7208,
254.1459,
246.3046,
271.1349,
367,
230.4242,
301.2521,
231.8184,
243.3093,
262,
316.0763,
259.6669,
367,
285.5864,
367,
0,
2090, 
354.1157,
222,
283.8911,
308.8117,
282.9059,
236.0607,
225.6608,
370,
370,
255.5205,
344.124,
245.8506,
255.0289,
247.0074,
271.8117,
370,
230.4242,
301.256,
243.8574,
256.2598,
262,
317.6117,
259.6669,
370,
285.9945,
370,
0,
2091, 
355.2368,
373,
292.4733,
309.3665,
282.9059,
236.2064,
231.2787,
373,
373,
255.5205,
348.4089,
246.002,
255.8974,
247.5954,
272.3894,
373,
230.4242,
302.9568,
257.2796,
276.8526,
262,
317.7941,
259.6669,
373,
286.997,
373,
0,
2092, 
355.2368,
376,
306.9822,
313.5069,
282.9059,
236.2064,
231.2787,
376,
376,
255.5205,
352.3295,
247.1252,
258.8701,
247.6455,
319.366,
376,
230.4242,
310.1361,
277.5091,
296.4207,
262,
318.0148,
260.6131,
376,
289.0951,
376,
0,
2093, 
355.2368,
379,
342.2543,
317.7953,
282.9059,
236.2064,
231.2787,
379,
379,
255.5205,
353.0195,
253.6361,
263.1234,
251.2724,
322.3453,
379,
233.0845,
315.8978,
279.5151,
306.4895,
262,
318.1576,
261.5995,
379,
289.458,
379,
0,
2094, 
355.2368,
382,
359.8846,
321.113,
282.9059,
236.2064,
231.2787,
382,
382,
255.5205,
357.3018,
267.7285,
268.2048,
256.1918,
323.191,
382,
236.8194,
318.228,
285.934,
306.4895,
262,
318.3817,
262.0392,
382,
290.9666,
382,
0,
2095, 
355.2368,
385,
359.8846,
321.113,
282.9059,
240.3426,
231.2787,
385,
385,
255.5205,
357.678,
270.7062,
271.5637,
258.9989,
325.3452,
385,
237.8048,
318.4535,
295.4384,
309.2576,
363.9622,
318.4023,
262.2524,
385,
291.5534,
385,
0,
2096, 
355.2368,
388,
359.8846,
321.113,
282.9059,
242.4851,
232.6769,
388,
388,
255.5205,
357.7035,
275.2416,
273.6657,
261.3721,
327.9843,
388,
240.5848,
322.4707,
304.4585,
311.8576,
363.9622,
318.4023,
262.4117,
388,
292.4319,
388,
0,
2097, 
355.2368,
391,
359.8846,
321.2966,
282.9059,
243.477,
232.6769,
391,
391,
255.7198,
357.8182,
279.3244,
279.466,
264.3363,
330.5839,
391,
240.5848,
322.4707,
318.9348,
317.4934,
372.5484,
318.4023,
262.5365,
391,
293.1241,
391,
0,
2098, 
355.2368,
394,
359.8846,
321.5625,
282.9059,
243.5928,
233.2,
394,
394,
256.1055,
357.8976,
282.4268,
283.6306,
265.5893,
333.1685,
394,
240.5848,
325.8471,
319.3525,
323.5865,
372.5484,
318.4023,
263.9912,
394,
293.9682,
394,
0,
2099, 
355.2368,
397,
359.8846,
321.591,
282.9059,
243.5928,
397,
397,
397,
256.6732,
357.9564,
287.1704,
286.456,
265.5893,
335.6222,
397,
240.5848,
325.9586,
330.375,
326.6636,
372.5484,
318.4023,
265.6531,
397,
295.3812,
397,
0,
2100, 
355.2368,
400,
359.8846,
321.9209,
282.9059,
243.5928,
400,
400,
400,
257.4276,
358.0085,
292.3475,
287.5548,
265.5893,
338.6402,
400,
240.5848,
326.5017,
331.9747,
329.7258,
372.5484,
318.4023,
266.4784,
400,
296.772,
400,
0];
