real main.em.dem.hi.CE.Cement_Production[28](t) = [1971, 
8.317,
71.054,
7.520999,
5.215999,
9.803001,
14.936,
7.026,
3.428,
1.436,
5.861,
187.588,
41.77,
7.553,
1.94,
0,
100.331,
9.703,
14.931,
11.672,
32.187,
8.483,
0.487,
59.434,
5.586,
3.228,
2.222,
0,
621.713,
1972, 
9.091,
74.93,
8.753,
7.050999,
11.382,
15.606,
6.979,
3.822,
1.397,
6.112,
213.191,
45.894,
7.595,
1.952,
0,
104.299,
11.295,
15.785,
11.786,
36.019,
9.256001,
0.596,
66.292,
5.929,
3.102,
2.513,
0,
680.627,
1973, 
10.053,
77.576,
9.918,
7.588999,
13.398,
16.182,
6.846,
3.85,
1.411,
6.864,
206.852,
48.525,
8.946,
1.987,
0,
109.521,
10.994,
15.016,
13.975,
37.897,
11.17,
0.74,
78.12,
6.301,
3.464,
2.87,
0,
710.065,
1974, 
10.641,
73.558,
10.672,
7.624999,
15.187,
16.977,
7.144,
4.037,
1.451,
7.301,
203.452,
52.201,
8.94,
2.04,
0,
115.145,
13.005,
14.319,
14.842,
37.832,
10.829,
0.831,
73.108,
6.675,
3.863,
2.891,
0,
714.566,
1975, 
9.741,
62.13,
11.2,
7.123999,
16.391,
16.52,
7.791,
4.533,
1.419,
7.176,
192.852,
55.812,
10.833,
2.169,
0,
122.057,
14.87,
16.248,
17.129,
46.9937,
11.881,
1.077,
65.517,
6.292,
3.999,
2.667,
0,
714.4217,
1976, 
9.898,
67.581,
12.691,
7.634999,
18.675,
17.501,
7.991,
4.581,
1.513,
7.048,
198.166,
59.909,
12.154,
24.668,
0,
124.246,
15.867,
18.516,
18.873,
47.6281,
12.959,
1.81,
68.712,
6.162,
3.857,
1.775,
0,
770.4161,
1977, 
9.933,
72.629,
13.328,
7.535999,
21.123,
17.995,
8.849,
4.653,
1.77,
6.573,
203.119,
63.284,
13.39,
25.11467,
0,
127.056,
16.602,
19.173,
21.198,
56.7764,
13.686,
2.549,
73.138,
6.119,
3.928,
1.778,
0,
811.3,
1978, 
10.473,
77.546,
14.15,
8.235,
23.239,
19.139,
10.202,
4.846,
1.626,
6.823,
206.804,
66.265,
15.572,
24.61233,
0,
126.956,
18.953,
19.626,
22.133,
66.6375,
14.187,
3.649,
84.882,
5.952,
4.286,
1.749,
0,
858.5428,
1979, 
11.459,
76.648,
15.352,
8.558999,
24.871,
20.969,
13.056,
5.206,
1.652,
6.199,
209.948,
65.815,
13.573,
23.802,
0,
123.019,
23.557,
18.27,
24.413,
75.3604,
17.259,
4.432,
87.804,
5.981,
4.134,
1.757,
0,
883.0954,
1980, 
10.34,
68.241,
16.398,
8.938279,
27.194,
23.439,
14.922,
5.429,
1.80305,
7.125,
210.581,
71.827,
12.975,
23.71467,
4.2,
125.049,
26.268,
17.803,
23.612,
81.52399,
15.203,
5.259,
87.957,
6.057,
4.431,
1.672,
0,
901.962,
1981, 
10.152,
65.054,
18.173,
8.829503,
26.051,
23.459,
16.26,
6.641,
1.77682,
8.095,
204.569,
66.84,
15.043,
23.78933,
4.41925,
127.169,
31.741,
20.908,
23.617,
84.52,
16.272,
5.719,
84.82801,
6.553,
4.696,
1.869,
0,
907.0439,
1982, 
8.136,
57.475,
19.343,
8.506739,
25.644,
22.422,
16.086,
6.631,
1.60826,
8.08,
198.328,
75.157,
15.778,
24.054,
4.6385,
200.392,
34.413,
22.65,
25.887,
96.815,
17.921,
5.832,
80.686,
7.054,
4.644629,
1.73,
0,
989.9121,
1983, 
7.871,
63.927,
17.363,
8.913981,
20.87,
20.749,
18.043,
6.107,
1.599,
7.897,
198.173,
78.859,
13.595,
25.132,
13.49375,
208.56,
37.043,
25.261,
29.282,
110.132,
19.459,
8.095,
80.891,
6.262,
4.893568,
1.523,
0,
1033.994,
1984, 
9.386999,
70.452,
18.702,
8.833752,
19.497,
21.128,
22.488,
5.557,
1.568577,
8.084,
186.505,
82.269,
15.738,
26.015,
14.2401,
211.5,
43.223,
29.541,
28.413,
125.008,
19.517,
8.893001,
78.86,
5.617,
5.32135,
1.54,
0,
1067.898,
1985, 
10.192,
70.284,
20.255,
8.695295,
20.635,
21.206,
24.608,
6.944,
1.562796,
6.88,
176.347,
76.718,
17.581,
25.795,
15.051,
212.779,
44.516,
31.971,
28.509,
147.936,
17.98,
9.94,
72.847,
6.667,
5.57609,
1.65,
0,
1083.125,
1986, 
10.611,
71.112,
19.825,
9.727639,
25.252,
24.022,
22.808,
7.3322,
1.713959,
6.246,
176.827,
80.356,
20.004,
27.166,
16.889,
219.266,
42.843,
34.983,
31.53,
168.721,
18.707,
11.323,
71.264,
7.133278,
6.878,
1.924,
0,
1134.464,
1987, 
12.603,
67.38,
23.482,
10.28211,
25.468,
26.243,
26.097,
6.6949,
1.888073,
5.999,
181.316,
80.014,
21.98,
27.606,
17.332,
222.991,
45.763,
37.135,
34.946,
189.016,
20.774,
11.814,
71.551,
6.917004,
7.756,
2.074,
0,
1185.122,
1988, 
12.35,
71.544,
23.606,
9.706407,
25.329,
26.25486,
27.549,
7.6606,
1.816,
6.760001,
193.818,
82.502,
22.568,
28.16,
17.628,
225.236,
48.797,
41.136,
41.411,
212.831,
23.459,
13.118,
77.554,
7.058201,
8.302,
2.23,
0,
1258.384,
1989, 
12.591,
71.308,
24.21,
10.27073,
25.921,
23.293,
27.887,
7.945941,
2.309,
7.261,
202.05,
80.533,
23.704,
27.958,
18.42,
227.651,
54.065,
44.197,
47.12099,
212.949,
27.675,
14.788,
79.717,
7.755054,
8.279,
2.263,
0,
1292.122,
1990, 
11.745,
70.944,
24.683,
10.25889,
25.85,
23.45166,
30.144,
6.679068,
2.458,
6.563,
200.368,
72.992,
24.299,
27.275,
18.225,
222.811,
55.37,
46.17,
49.914,
211.96,
35.097,
14.786,
84.445,
7.357902,
8.611,
2.506,
0,
1294.964,
1991, 
9.372,
67.193,
25.208,
9.027902,
27.491,
24.69829,
32.726,
7.016109,
2.332,
6.147,
194.9965,
52.952,
26.029,
25.956,
17.003,
79.893,
46.29,
52.013,
55.167,
246.56,
39.188,
13.48,
89.564,
6.452879,
9.018,
2.836,
0,
1168.61,
1992, 
8.592,
69.585,
27.114,
9.19588,
23.902,
29.29976,
32.958,
7.428288,
2.466,
5.85,
185.845,
41.594,
28.455,
23.089,
14.963,
63.32,
52.276,
53.936,
61.444,
309.994,
42.915,
14.048,
88.252,
6.670589,
9.614,
2.404,
0,
1215.21,
1993, 
9.394001,
73.807,
28.725,
9.73794,
24.845,
40.0546,
30.214,
7.554194,
2.517,
6.135,
171.025,
37.99,
31.134,
17.03,
11.312,
51.022,
57.5946,
57.326,
64.313,
369.672,
50.609,
19.61,
88.046,
7.491562,
9.70181,
2.342,
0,
1279.203,
1994, 
10.584,
77.94801,
31.594,
10.56813,
25.229,
30.79477,
30.53,
6.448114,
2.478112,
7.068,
180.743,
41.162,
29.356,
12.962,
8.107,
37.898,
59.5058,
63.461,
69.088,
423.193,
57.7171,
24.564,
91.62401,
8.107636,
9.899,
2.014,
0,
1352.644,
1995, 
10.44,
76.906,
25.295,
10.925,
28.256,
33.93748,
32.42,
6.674058,
3.141187,
7.437,
178.958,
41.78201,
33.153,
8.911,
6.016,
36.949,
61.9665,
67.722,
73.101,
477.628,
64.9424,
23.136,
90.474,
7.7452,
9.767,
2.469,
0,
1420.152,
1996, 
11.1,
80.8,
25.4,
9.11,
34.6,
32.554,
37.57,
10.568,
2.827,
7.67,
172.793,
42.584,
35.2,
6.51,
4.345,
28.39,
50.613,
80,
74.3,
513.636,
57.774,
36.5,
94.5,
7.692,
10.709,
2.77,
0,
1470.515,
1997, 
11.7,
82.5,
27.5,
9.303,
38.1,
34.8,
39.03,
14.16,
2.73,
7.49,
176.439,
43.813,
36,
7.102001,
4.595,
27.331,
50.333,
80,
76.8,
516.542,
71.588,
41.2,
91.90001,
7.66,
10.831,
2.79,
0,
1512.237,
1998, 
12.1,
82.2,
27.7,
11.065,
40,
37.166,
38.49,
11.481,
3.176,
9.5,
196.397,
44.22,
38.2,
7.704,
4.577,
26.715,
43.822,
85,
63.8,
535.149,
53.49,
44,
81.3,
7.63,
10.706,
3.466,
0,
1519.054,
1999, 
12.6,
87.3,
29.4,
12.832,
40.3,
37.72,
41.56,
11.198,
3.075,
8.9,
195.813,
45,
34.4,
7.98,
5.336,
29.2,
44.518,
90,
64.2,
592.794,
67.355,
41.5,
80.1,
7.545,
11.282,
3.427,
0,
1605.335,
2000, 
12.6,
89.5,
31.7,
10.924,
39.2,
38.36,
45.01,
11.471,
3.194,
8.99,
201.394,
44.804,
35.8,
7.382,
4.52,
33.167,
51.709,
95,
67.4,
601.972,
64.405,
51.7,
81.09999,
8.545,
12.05,
3.029,
0,
1654.926,
2001, 
13,
90.4,
30,
11.049,
39.5,
38.45,
48.52,
12.555,
3.183,
9.17,
198.62,
41.374,
35,
7.8,
4.988999,
36.398,
54.939,
100,
57.16,
680.418,
67.202,
55.1,
76.6,
8.545,
12.445,
3.046,
0,
1735.463,
2002, 
13.2,
91.3,
31,
11.998,
38,
30.67,
48.22,
13.39,
3.223,
9.620001,
190.81,
41.409,
32.6,
9.61,
5.083,
39.203,
56.557,
100,
60.82,
724.548,
75.43,
61.6,
71.8,
8.7,
12.85,
2.658,
0,
1784.299,
2003, 
14.1,
94.3,
32,
13.334,
38,
33.07,
52.04,
13.445,
4.147,
10.2,
205.06,
44.314,
35.1,
11.645,
6.173,
42.739,
57.4,
100,
64.74,
880.65,
82.585,
64.5,
68.8,
9.15,
17.035,
3.419,
0,
1997.946,
2004, 
14.9,
98.99999,
35,
13.316,
34.4,
37.54,
55.12,
13.633,
4.529,
12,
209.57,
47.582,
38,
13.77,
6.684,
48.056,
62.533,
125,
59.93,
990.31,
93.211,
68.2,
67.4,
9.2,
17.39,
3.485,
0,
2179.759,
2005, 
14.3,
101,
37.5,
14.631,
36.7,
42.3,
59.49,
13.926,
5.305,
14.5,
209.482,
49.7,
42.8,
15.971,
6.873,
51.095,
68.981,
130,
57.1,
1090.012,
101.459,
66.6,
69.6,
9.269,
17.66,
3.535,
0,
2329.789,
2006, 
14,
99.7,
40,
15.314,
36.7,
45.28,
61.93,
16.177,
5.547,
13,
219.626,
55.181,
48,
18.037,
7.492,
57.395,
73.202,
155,
59.7,
1259.441,
101.86,
67,
69.9,
10.39,
18.175,
5.06,
0,
2573.107,
2007, 
14.5,
96.9,
40.7,
15.882,
46.4,
48.95,
63.95,
21.996,
5.838,
15.3,
231.62,
60.693,
48.8,
19.88,
8.1,
62.762,
86.86,
170,
63.13,
1369.18,
105.895,
77,
67.7,
10.979,
28.33,
5.295,
0,
2786.64,
2008, 
13.7,
87.60001,
40.1,
16.915,
46.5,
51.39,
78.46,
28.503,
7.118,
13.5,
200.297,
62.942,
51.4,
20.92,
9.04,
56.32,
89.5,
180,
58.12,
1407.57,
110.188,
81.4,
62.8,
10.743,
29.325,
5.47,
0,
2819.821,
2009, 
11,
64.9,
35.2,
14.762,
51.7,
49.98,
86.79,
27.251,
8.475,
11.8,
168.876,
49.868,
53,
14.78,
8.724,
46.927,
105.65,
180,
56.5,
1646.135,
115.564,
88,
54.8,
10.648,
33.425,
6.329,
0,
3001.084,
2010, 
12.4,
67.2,
34.5,
15.584,
59.1,
50.23,
85.26,
30.25,
11.03,
10.9,
162.47,
49.967,
62.7,
15.09,
8.988,
53.025,
109.31,
220,
53.6,
1896.623,
129.993,
83,
51.5,
10.358,
37.531,
6.847,
0,
3327.456,
2011, 
12,
68.6,
34.5,
14.596,
62.6,
50.08,
84.55,
29.462,
12.704,
11.2,
164.972,
52.527,
63.4,
16.5,
9.519,
58.912,
126.24,
270,
54.7,
2117.326,
133.828,
95,
51.3,
10.058,
43.338,
7.679,
0,
3655.591,
2012, 
12.465,
74.934,
36.184,
18.39,
69.323,
55.27501,
99.711,
34.5,
14.52,
11.56,
135.855,
46.49001,
63.879,
15.949,
17.691,
65.65,
187.953,
270,
53.308,
2228.272,
132.478,
52.55,
54.737,
9.915001,
50.777,
10.601,
0,
3822.967,
2013, 
11.611,
77.41499,
34.612,
18.588,
69.975,
59.163,
94.874,
40.283,
16.353,
12.168,
133.019,
44.352,
71.337,
16.064,
18.772,
70.849,
192.102,
280,
53.891,
2430.161,
138.998,
56.89,
57.962,
9.899999,
53.78099,
11.552,
0,
4074.672,
2014, 
11.879,
83.124,
36.597,
19.663,
71.254,
59.394,
104.917,
40.665,
18.186,
12.068,
131.91,
45.217,
71.239,
15.553,
21.27,
74.128,
193.043,
280,
53.723,
2509.493,
143.824,
56.96,
57.913,
10.394,
54.722,
13.937,
0,
4191.073,
2015, 
12.167,
84.94,
39.613,
19.827,
65.283,
60.062,
103.157,
43.019,
20.912,
12.992,
133.206,
46.395,
71.419,
14.194,
23.293,
66.963,
188.614,
260,
58.744,
2374.785,
158.639,
60.05,
54.827,
11.016,
64.29,
14.236,
0,
4062.643,
2016, 
11.693,
85.153,
40.577,
19.466,
57.557,
55.292,
105.928,
46.84,
22.622,
13,
135.046,
46.83101,
75.403,
14.501,
23.837,
59.321,
178.263,
280,
63.827,
2424.398,
164.924,
62.2,
53.255,
10.831,
70.756,
14.521,
0,
4136.042,
2017, 
12.706,
86.799,
41.601,
19.991,
54.004,
55.777,
124.553,
44.91,
23.252,
13.17,
136.163,
50.9,
80.55199,
14.609,
26.55,
60.09,
168.605,
283,
64.24,
2344.131,
172.963,
69.479,
55.195,
10.305,
75.794,
13.546,
0,
4102.885,
2018, 
13.554,
86.99999,
48.328,
19.209,
53.553,
53.00299,
102.7,
52.421,
23.35,
13.68,
138.733,
54.454,
72.544,
14.993,
27.588,
59.65,
173.253,
310,
57.923,
2249.513,
188.088,
75.413,
55.307,
10.879,
85.162,
14.813,
0,
4055.111,
2019, 
14,
88.1,
45.163,
18.628,
56.611,
53.091,
100.087,
57.746,
21.854,
12.726,
139.456,
56.943,
56.966,
15.258,
29.807,
64.436,
178.069,
334,
56.235,
2353.969,
207.594,
72.04,
53.462,
11.105,
88.543,
17.057,
0,
4202.946,
2020, 
14,
89.8,
47.833,
16.711,
61.052,
47.215,
90.375,
63.428,
24.867,
10.8,
137.154,
57.886,
72.299,
15.539,
31.519,
62.563,
193.587,
290,
53.208,
2391.468,
214.147,
62.83,
50.905,
10.72,
87.684,
17.504,
0,
4215.094,
2021, 
14,
91.3,
51.559,
18.552,
65.884,
57.598,
101.499,
69.572,
27.44,
12.5,
143.357,
59.388,
78.495,
17.009,
35.204,
66.584,
192.297,
350,
55.824,
2377.575,
227.432,
65.15,
50.083,
10.96,
97.859,
17.643,
0,
4354.764,
2022, 
15,
91.59999,
49.8,
18.761,
63.546,
60.309,
96.689,
70.41,
26.17,
12,
141.065,
57.383,
73.708,
11.6,
35.455,
67.772,
192.559,
380,
57.612,
2144.181,
236.292,
64.16,
53.2,
11.183,
94.53801,
18.001,
0,
4142.994,
2023, 
<<<<<<< HEAD
15.02206,
91.95734,
50.42493,
19.13993,
64.30685,
60.71444,
=======
15.02207,
91.95731,
50.42494,
19.139,
64.30685,
60.71427,
>>>>>>> 29fc07e (Remove T2MAT folder level)
99.18034,
73.04947,
24.39047,
12.0997,
141.1205,
57.35944,
<<<<<<< HEAD
73.86643,
=======
73.86648,
>>>>>>> 29fc07e (Remove T2MAT folder level)
11.61508,
36.24061,
68.07956,
195.4589,
394.4888,
<<<<<<< HEAD
57.55337,
2149.911,
238.8919,
65.87193,
52.89809,
11.23453,
96.18477,
18.7782,
0,
4179.838,
2024, 
15.05099,
92.29304,
50.93738,
19.5428,
64.76903,
61.60276,
=======
57.55339,
2149.911,
238.892,
65.87193,
52.89811,
11.23453,
96.18478,
18.7782,
0,
4179.837,
2024, 
15.05102,
92.29291,
50.9374,
19.54082,
64.76895,
61.60215,
>>>>>>> 29fc07e (Remove T2MAT folder level)
101.5414,
76.31393,
26.43354,
12.25586,
<<<<<<< HEAD
141.2814,
57.45871,
74.00143,
11.6519,
=======
141.2816,
57.45871,
74.00167,
11.65189,
>>>>>>> 29fc07e (Remove T2MAT folder level)
37.00993,
68.2404,
198.649,
408.7563,
<<<<<<< HEAD
57.53511,
2154.637,
241.8055,
67.56921,
52.55898,
11.29142,
99.7504,
19.92802,
0,
4222.865,
2025, 
15.10323,
92.68783,
51.38185,
19.95422,
65.30797,
62.52969,
=======
57.5352,
2154.637,
241.8054,
67.56923,
52.5591,
11.29142,
99.75047,
19.92802,
0,
4222.863,
2025, 
15.10329,
92.6875,
51.38188,
19.9511,
65.30797,
62.52838,
>>>>>>> 29fc07e (Remove T2MAT folder level)
104.0302,
79.82773,
29.46574,
12.40328,
<<<<<<< HEAD
141.6331,
57.59959,
74.24782,
11.76115,
37.79411,
68.38882,
201.8803,
422.9514,
57.55301,
2158.905,
244.9335,
69.26092,
52.2528,
11.36206,
103.9331,
21.18652,
0,
4268.334,
2026, 
15.16428,
93.18628,
52.01397,
20.41234,
65.83366,
63.47954,
106.3382,
84.21175,
32.87876,
12.56298,
141.949,
57.57829,
74.59523,
12.04618,
38.49343,
68.49477,
205.1135,
437.3673,
57.51873,
2158.944,
248.1847,
70.93359,
52.01177,
11.41789,
109.764,
23.07533,
0,
4313.57,
2027, 
15.23623,
93.76509,
52.64311,
20.86094,
66.36759,
64.40532,
108.3365,
88.56416,
36.22637,
12.72863,
142.3421,
57.55258,
74.97884,
12.32246,
39.18075,
68.59348,
208.3014,
450.9161,
57.49099,
2157.994,
251.3481,
72.55814,
51.80465,
11.45998,
115.3725,
24.929,
0,
4356.279,
2028, 
15.3185,
94.42071,
53.27009,
21.30994,
66.90803,
65.31762,
110.2025,
92.83907,
39.51463,
12.90331,
142.8205,
57.50982,
75.37354,
12.5922,
39.85571,
68.68573,
211.4254,
463.7559,
57.45703,
2155.718,
254.3991,
74.15614,
51.62357,
11.49692,
120.8,
26.76225,
0,
4396.437,
2029, 
15.42116,
95.19244,
53.90005,
21.77039,
67.46655,
66.23987,
111.9134,
97.06718,
42.74945,
13.09181,
143.4496,
57.45827,
75.83301,
12.56523,
40.51739,
68.77249,
214.468,
476.0187,
57.43507,
2151.689,
257.3976,
75.75397,
51.50324,
11.53618,
126.108,
28.58114,
0,
4433.899,
2030, 
15.53704,
96.11712,
54.53134,
22.25216,
68.03267,
67.19293,
113.5548,
101.2975,
45.93626,
13.29823,
144.1956,
57.39488,
76.26888,
12.49182,
41.16441,
68.85473,
217.3958,
487.8215,
57.38847,
2145.409,
260.2397,
77.37572,
51.40558,
11.59108,
131.3199,
30.39064,
0,
4468.458,
2031, 
15.68747,
97.16458,
55.17612,
22.80227,
68.77027,
68.24023,
115.3047,
107.9426,
50.10181,
13.60012,
145.132,
57.28997,
76.75157,
12.38747,
41.80064,
68.97066,
220.0936,
499.3716,
57.29156,
2133.896,
262.9172,
78.99158,
51.40423,
11.66325,
137.3532,
32.83455,
0,
4502.939,
2032, 
15.86179,
98.37611,
55.82567,
23.37428,
69.52435,
69.31789,
116.902,
114.5107,
54.19304,
13.9264,
146.2404,
57.18264,
77.22743,
12.26112,
42.41446,
69.08221,
222.614,
510.5592,
57.18324,
2119.1,
265.4231,
80.68246,
51.45121,
11.7479,
143.2881,
35.24382,
0,
4533.514,
2033, 
16.06187,
99.78654,
56.48315,
23.98076,
70.30921,
70.42517,
118.3571,
120.993,
58.23484,
14.28275,
147.551,
57.06886,
77.69685,
12.13855,
43.0046,
69.16801,
224.9275,
521.4935,
57.0706,
2100.538,
267.7514,
82.47431,
51.5545,
11.84902,
149.1805,
37.63359,
0,
4560.015,
2034, 
16.2791,
101.4192,
57.14909,
24.6302,
71.14415,
71.58431,
119.7194,
127.4491,
62.24768,
14.6736,
149.0627,
56.94567,
78.12203,
12.07514,
43.57055,
69.23379,
227.0046,
532.2599,
56.95166,
2077.823,
269.8542,
84.38837,
51.70077,
11.95667,
155.0689,
40.01964,
0,
4582.333,
2035, 
16.52187,
103.2704,
57.82473,
25.32817,
72.03697,
72.82054,
120.9848,
133.9323,
66.24126,
15.10258,
150.7863,
56.81421,
78.49302,
12.10824,
44.11139,
69.28665,
228.823,
542.9302,
56.85495,
2050.696,
271.7167,
86.44226,
51.88911,
12.05727,
160.9908,
42.4155,
0,
4600.479,
2036, 
16.80206,
105.2705,
58.49642,
26.1004,
73.0561,
74.17241,
122.2942,
141.8104,
71.08302,
15.61371,
152.8309,
56.66853,
78.83797,
12.21673,
44.61832,
69.36588,
230.2625,
553.525,
56.80819,
2017.051,
273.1005,
88.59974,
52.15617,
12.16976,
167.5837,
45.29672,
0,
4615.791,
2037, 
17.07253,
107.3337,
59.17821,
26.92455,
74.15077,
75.61778,
123.4129,
149.7334,
75.88074,
16.16055,
155.1056,
56.51741,
79.144,
12.39109,
45.09949,
69.43842,
231.4219,
564.0291,
56.56675,
1979.033,
274.2674,
90.90533,
52.47357,
12.31622,
174.1903,
48.19285,
0,
4626.557,
2038, 
17.35881,
109.5648,
59.87097,
27.80149,
75.31974,
77.15588,
124.414,
157.731,
80.66373,
16.74248,
157.5831,
56.35946,
79.38502,
12.60789,
45.55563,
69.50448,
232.3018,
574.4753,
56.22919,
1936.864,
275.1951,
93.35638,
52.82436,
12.47469,
180.8268,
51.10584,
0,
4633.272,
2039, 
17.66209,
111.9524,
60.57583,
28.72868,
76.54995,
78.76969,
125.4261,
165.7237,
85.4528,
17.3579,
160.2591,
56.19599,
79.58071,
12.84511,
45.98841,
69.55867,
232.9137,
584.8845,
55.85342,
1890.908,
275.916,
95.94534,
53.21301,
12.63159,
187.5106,
54.03333,
0,
4636.437,
2040, 
17.98243,
114.4685,
61.29255,
29.69922,
77.84833,
80.44693,
126.3825,
173.6904,
90.25236,
18.0039,
163.1203,
56.0281,
79.74841,
13.08684,
46.39944,
69.61785,
233.2764,
595.2642,
55.44897,
1841.644,
276.4633,
98.65948,
53.64084,
12.79462,
194.2499,
56.97944,
0,
4636.489,
2041, 
18.33275,
117.0465,
61.99146,
30.71131,
79.19711,
82.14425,
127.3126,
183.1502,
96.02443,
18.69551,
166.2462,
55.85873,
79.94678,
13.31873,
46.7725,
69.72916,
233.2377,
605.3141,
55.01784,
1787.777,
276.7092,
101.3816,
54.16222,
12.95904,
201.6067,
60.47813,
0,
4635.122,
2042, 
18.69184,
119.7002,
62.69374,
31.75158,
80.56711,
83.86316,
128.2322,
192.535,
101.725,
19.40328,
169.4841,
55.68531,
80.10729,
13.552,
47.12891,
69.86201,
233.0038,
615.2406,
54.56018,
1731.882,
276.8064,
104.1831,
54.69788,
13.11725,
208.9243,
63.97501,
0,
4631.373,
2043, 
19.0512,
122.4317,
63.39451,
32.81565,
81.95962,
85.62403,
129.1501,
201.9487,
107.3779,
20.12195,
172.7747,
55.50577,
80.19439,
13.78508,
47.4715,
70.01006,
232.6027,
625.0292,
54.0654,
1674.601,
276.7334,
107.0411,
55.21922,
13.27807,
216.1889,
67.4733,
0,
4625.85,
2044, 
19.40841,
125.2687,
64.09108,
33.89509,
83.35583,
87.41866,
130.0396,
211.3734,
112.9871,
20.8465,
176.0876,
55.32055,
80.21625,
14.01639,
47.80233,
70.16701,
232.067,
634.6647,
53.54018,
1616.57,
276.5184,
109.9333,
55.72027,
13.45728,
223.3934,
70.97248,
0,
4619.132,
2045, 
19.76116,
128.2082,
64.78099,
34.98291,
84.74518,
89.23019,
130.9143,
220.7801,
118.5598,
21.57196,
179.3933,
55.1301,
80.1811,
14.24442,
48.12397,
70.32488,
231.433,
644.1298,
52.99098,
1558.391,
276.1889,
112.8379,
56.19557,
13.66236,
230.5287,
74.46796,
0,
4611.758,
2046, 
20.12396,
131.1832,
65.42361,
36.06218,
86.09256,
90.99747,
131.7612,
231.7706,
125.0283,
22.28936,
182.7487,
54.9499,
80.13484,
14.46399,
48.40353,
70.49384,
230.4986,
652.9592,
52.43867,
1498.626,
275.6458,
115.609,
56.70586,
13.88452,
238.0358,
78.4739,
0,
4604.805,
2047, 
20.47633,
134.1962,
66.05224,
37.12954,
87.4053,
92.74234,
132.6852,
242.627,
131.3632,
22.99393,
186.0362,
54.76492,
79.93231,
14.67744,
48.67828,
70.65756,
229.5375,
661.5226,
51.86916,
1439.897,
275.0274,
118.3462,
57.17476,
14.11193,
245.3809,
82.41411,
0,
4597.699,
2048, 
20.89954,
137.0237,
66.69666,
38.15957,
88.60559,
94.38585,
133.4362,
253.1011,
137.4773,
23.68946,
189.6285,
54.60992,
80.60715,
14.82973,
48.94847,
70.79019,
228.6237,
669.8594,
51.54108,
1382.624,
275.16,
121.0537,
57.96432,
14.27645,
252.7518,
86.24969,
0,
4592.993,
2049, 
21.30923,
139.8477,
67.32494,
39.16595,
89.76129,
95.99367,
134.1675,
263.5268,
143.4588,
24.36561,
193.1131,
54.45081,
81.13811,
14.97401,
49.21788,
70.91685,
227.7255,
677.9128,
51.20494,
1327.158,
275.2576,
123.6981,
58.70612,
14.4568,
259.9562,
90.03503,
0,
4588.843,
2050, 
21.70683,
142.6612,
67.93748,
40.1449,
90.87044,
97.55931,
134.8877,
273.9037,
149.3234,
25.02011,
196.4871,
54.28894,
81.65335,
15.10959,
49.4882,
71.03735,
226.8711,
685.6796,
50.87151,
1273.775,
275.3584,
126.2735,
59.40798,
14.64455,
266.9969,
93.7711,
0,
4585.729,
2051, 
22.10275,
145.3931,
68.5004,
41.07788,
91.89862,
99.04281,
135.5529,
285.7533,
155.9263,
25.64114,
199.75,
54.13111,
82.07691,
15.23512,
49.70961,
71.1414,
225.8501,
692.8376,
50.54679,
1220.977,
275.2323,
128.6711,
60.0876,
14.83319,
274.1422,
97.93494,
0,
4584.046,
2052, 
22.48079,
148.0897,
69.04398,
41.97726,
92.88305,
100.4977,
136.2108,
297.4003,
162.34,
26.23363,
202.8602,
53.96947,
82.4535,
15.35085,
49.93379,
71.24013,
224.8767,
699.6612,
50.11372,
1170.738,
275.0903,
130.9707,
60.71057,
15.03376,
281.0526,
101.9908,
0,
4583.204,
2053, 
22.84492,
150.7127,
69.57005,
42.84026,
93.80851,
101.903,
136.8681,
308.81,
168.5632,
26.79727,
205.8327,
53.80604,
82.81974,
15.45665,
50.16139,
71.33252,
223.9931,
706.1595,
49.62419,
1123.14,
274.9785,
133.1688,
61.29322,
15.23786,
287.7449,
105.9447,
0,
4583.412,
2054, 
23.19672,
153.2314,
70.07946,
43.66461,
94.6748,
103.2477,
137.5298,
319.9861,
174.6098,
27.33197,
208.6728,
53.64168,
83.19212,
15.55249,
50.39317,
71.41782,
223.2088,
712.3413,
49.14985,
1078.216,
274.9193,
135.263,
61.84775,
15.43631,
294.2309,
109.8008,
0,
4584.836,
2055, 
23.5369,
155.6426,
70.57307,
44.45017,
95.4828,
104.5316,
138.2002,
330.9435,
180.4924,
27.8379,
211.3827,
53.47683,
83.57839,
15.6385,
50.62968,
71.49614,
222.5298,
718.2168,
48.69408,
1035.957,
274.9238,
137.2525,
62.37277,
15.62924,
300.5198,
113.5648,
0,
4587.554,
2056, 
23.87272,
157.933,
71.00653,
45.1762,
96.17832,
105.6928,
138.804,
343.0488,
186.9328,
28.30123,
213.9448,
53.30869,
83.99041,
15.71808,
50.81915,
71.56137,
221.7175,
723.41,
48.22343,
995.4114,
274.8687,
139.0391,
62.9089,
15.81054,
306.7978,
117.6702,
0,
4592.146,
2057, 
24.19493,
160.1146,
71.42345,
45.86146,
96.81479,
106.791,
139.4141,
354.8268,
193.1453,
28.73443,
216.367,
53.13935,
84.40315,
15.78805,
51.01284,
71.61881,
221.0181,
728.2889,
47.81338,
957.4734,
274.864,
140.7186,
63.41917,
15.98551,
312.8418,
121.6432,
0,
4597.716,
2058, 
24.50398,
162.1891,
71.82449,
46.50726,
97.39462,
107.8279,
140.0334,
366.307,
199.1503,
29.13863,
218.6535,
52.96886,
84.81822,
15.84872,
51.211,
71.66878,
220.4313,
732.869,
47.52765,
922.0457,
274.9109,
142.2938,
63.90368,
16.15393,
318.6668,
125.4952,
0,
4604.344,
2059, 
24.80027,
164.1591,
72.21033,
47.11511,
97.92039,
108.8059,
140.6635,
377.5151,
204.9658,
29.51502,
220.8084,
52.79731,
85.23589,
15.90051,
51.4137,
71.71154,
219.9554,
737.1655,
47.39066,
889.0157,
275.0086,
143.7683,
64.35838,
16.3158,
324.2867,
129.2362,
0,
4612.039,
2060, 
25.08466,
166.0279,
72.58179,
47.68665,
98.39487,
109.7274,
141.3059,
388.4738,
210.608,
29.86495,
222.8389,
52.62487,
85.6592,
15.94383,
51.62092,
71.74744,
219.5878,
741.1942,
47.4268,
858.2595,
275.1592,
145.1462,
64.7925,
16.47185,
329.7151,
132.8753,
0,
4620.819,
2061, 
25.36275,
167.7903,
72.90033,
48.20671,
98.76195,
110.5363,
141.8494,
400.3474,
216.6456,
30.17382,
224.7336,
52.44427,
86.10139,
15.98034,
51.79573,
71.75774,
219.0717,
744.4177,
47.67549,
829.3606,
275.2633,
146.3296,
64.83095,
16.61364,
335.0187,
136.7554,
0,
4630.725,
2062, 
25.62852,
169.4597,
73.20475,
48.69189,
99.08055,
111.2912,
142.4008,
411.8795,
222.4543,
30.45745,
226.5078,
52.26225,
86.53897,
16.00911,
51.97367,
71.76116,
218.6576,
747.3831,
47.69599,
802.4854,
275.4038,
147.4229,
65.14227,
16.75012,
340.1096,
140.4999,
0,
4641.152,
2063, 
25.88272,
171.0408,
73.49589,
49.14429,
99.35368,
111.9952,
142.9608,
423.1044,
228.0563,
30.7174,
228.1685,
52.07888,
86.97272,
16.03058,
52.15465,
71.75809,
218.3404,
750.1066,
47.5133,
777.4979,
275.5793,
148.4313,
65.42123,
16.8817,
345.0044,
144.1218,
0,
4651.813,
2064, 
26.12605,
172.5387,
73.7746,
49.56593,
99.58436,
112.6512,
143.5299,
434.0512,
233.4713,
30.95519,
229.7226,
51.89424,
87.40321,
16.04521,
52.33854,
71.74881,
218.1151,
752.6038,
47.33819,
754.2642,
275.788,
149.3598,
65.67011,
17.00864,
349.7183,
147.6327,
0,
4662.9,
2065, 
26.35971,
173.9582,
74.0419,
49.9588,
99.77543,
113.2624,
144.1082,
444.7461,
238.7166,
31.17236,
231.1794,
51.70858,
87.83453,
16.05343,
52.52519,
71.73368,
217.9765,
754.8901,
47.17146,
732.6533,
276.032,
150.2148,
65.89297,
17.131,
354.2663,
151.0427,
0,
4674.406,
2066, 
26.58837,
175.2886,
74.25937,
50.30153,
99.86946,
113.7702,
144.5827,
456.0634,
244.1671,
31.35144,
232.5705,
51.51613,
88.28078,
16.05729,
52.69088,
71.70444,
217.682,
756.3945,
47.04882,
712.6284,
276.2145,
150.9083,
66.09774,
17.2407,
358.5696,
154.581,
0,
4686.428,
2067, 
26.8075,
176.5502,
74.46624,
50.61792,
99.92793,
114.2369,
145.063,
467.0566,
249.4091,
31.51167,
233.8722,
51.32233,
88.7201,
16.05556,
52.85812,
71.66961,
217.4644,
757.7063,
46.96038,
693.979,
276.4184,
151.5365,
66.27596,
17.34622,
362.6997,
157.9935,
0,
4698.525,
2068, 
27.01784,
177.7478,
74.66338,
50.90987,
99.9534,
114.6655,
145.5492,
477.7592,
254.4633,
31.65445,
235.091,
51.1273,
89.15356,
16.04862,
53.02679,
71.62952,
217.3182,
758.8391,
46.91018,
676.5915,
276.6425,
152.1043,
66.42992,
17.44791,
366.6714,
161.2928,
0,
4710.708,
2069, 
27.22009,
178.8859,
74.85175,
51.1792,
99.94833,
115.0585,
146.0412,
488.2001,
259.3481,
31.7811,
236.2335,
50.93111,
89.58202,
16.03684,
53.19674,
71.58443,
217.2382,
759.7737,
46.9017,
660.3587,
276.8854,
152.6163,
66.5618,
17.54588,
370.4981,
164.49,
0,
4722.949,
2070, 
27.41492,
179.969,
75.03212,
51.42757,
99.91502,
115.4187,
146.5387,
498.4046,
264.0793,
31.89287,
237.3057,
50.73382,
90.00616,
16.02054,
53.3678,
71.53462,
217.2195,
760.5618,
46.93577,
645.1802,
277.1458,
153.0767,
66.67348,
17.6402,
374.1916,
167.5949,
0,
4735.281,
2071, 
27.59838,
180.9526,
75.16428,
51.63193,
99.80037,
115.6813,
146.9644,
508.9939,
268.8651,
31.97411,
238.3386,
50.53769,
90.42302,
16.00256,
53.51834,
71.47893,
217.0562,
760.584,
47.02031,
631.1423,
277.3001,
153.4068,
66.77445,
17.72235,
377.5961,
170.756,
0,
4747.284,
2072, 
27.77394,
181.8889,
75.2893,
51.81744,
99.66078,
115.9145,
147.3927,
519.2874,
273.4649,
32.04274,
239.3048,
50.34,
90.82486,
15.98075,
53.66918,
71.41894,
216.9444,
760.4744,
47.12445,
617.9764,
277.4557,
153.6922,
66.85259,
17.80124,
380.8619,
173.8047,
0,
4759.06,
2073, 
27.94229,
182.7816,
75.40795,
51.98558,
99.49811,
116.1205,
147.8234,
529.3157,
277.8973,
32.09975,
240.2098,
50.14088,
91.21314,
15.95537,
53.82023,
71.35489,
216.8801,
760.2411,
47.25106,
605.6029,
277.6125,
153.9368,
66.90993,
17.87711,
384.0012,
176.7524,
0,
4770.631,
2074, 
28.10405,
183.6341,
75.52128,
52.13772,
99.31421,
116.3013,
148.2563,
539.1054,
282.1786,
32.14632,
241.0588,
49.94041,
91.58934,
15.9267,
53.97138,
71.28699,
216.859,
759.8905,
47.40287,
593.9482,
277.7702,
154.1441,
66.94843,
17.95024,
387.0247,
179.6092,
0,
4782.021,
2075, 
28.25996,
184.4497,
75.63003,
52.27514,
99.11067,
116.4589,
148.6913,
548.6798,
286.3229,
32.18356,
241.8574,
49.73877,
91.95589,
15.89497,
54.12255,
71.21543,
216.8777,
759.43,
47.34969,
582.9444,
277.93,
154.3173,
66.97048,
18.02091,
389.9427,
182.3839,
0,
4793.014,
2076, 
28.39896,
185.1346,
75.69765,
52.37176,
98.83752,
116.5259,
149.0633,
558.3793,
290.4102,
32.19537,
242.6023,
49.54827,
92.32706,
15.86374,
54.25161,
71.14192,
216.7742,
758.3046,
47.27979,
572.5901,
277.9799,
154.3679,
67.01304,
18.07905,
392.5216,
185.1139,
0,
4802.773,
2077, 
28.5323,
185.7881,
75.76163,
52.4553,
98.54737,
116.5723,
149.4352,
567.8151,
294.3396,
32.19923,
243.3018,
49.3565,
92.72943,
15.82991,
54.38002,
71.06506,
216.7034,
757.0812,
47.17779,
562.7688,
278.0251,
154.3898,
67.04412,
18.13521,
394.9946,
187.7465,
0,
4812.175,
2078, 
28.66203,
186.4128,
75.82291,
52.5268,
98.24151,
116.5998,
149.807,
577.0141,
298.1264,
32.1959,
243.967,
49.1642,
93.17967,
15.79366,
54.50775,
70.98502,
216.6631,
755.7694,
47.03257,
553.4288,
278.0785,
154.3861,
67.07106,
18.18961,
397.3738,
190.2914,
0,
4821.291,
2079, 
28.78944,
187.0111,
75.88222,
52.58721,
97.92115,
116.6099,
150.1786,
585.9996,
301.7839,
32.18607,
244.6055,
48.97178,
93.68404,
15.75516,
54.63476,
70.90197,
216.6509,
754.3765,
46.84734,
544.5228,
278.1472,
154.3529,
67.09466,
18.24253,
399.6691,
192.7572,
0,
4830.164,
2080, 
28.9128,
187.5853,
75.93919,
52.63742,
97.58739,
116.6038,
150.5498,
594.7922,
305.3242,
32.17,
245.2106,
48.77842,
94.23408,
15.71458,
54.76102,
70.81604,
216.6631,
752.896,
46.61684,
536.0081,
278.2134,
154.2757,
67.10297,
18.29421,
401.8837,
195.1515,
0,
4838.722,
2081, 
29.01582,
188.0186,
75.96361,
52.65373,
97.21721,
116.5256,
150.8533,
603.5029,
308.749,
32.1397,
245.7314,
48.60251,
94.81941,
15.67588,
54.8675,
70.73325,
216.5811,
750.9305,
46.37292,
527.934,
278.1587,
154.0995,
67.11873,
18.33201,
403.7911,
197.4273,
0,
4845.815,
2082, 
29.11482,
188.4315,
75.98634,
52.66099,
96.83553,
116.4332,
151.155,
611.9808,
312.0425,
32.10308,
246.2215,
48.42558,
95.44756,
15.63537,
54.97264,
70.64771,
216.5184,
748.8951,
46.16163,
520.1771,
278.0959,
153.9026,
67.10581,
18.36881,
405.6187,
199.6197,
0,
4852.558,
2083, 
29.21019,
188.8256,
76.00756,
52.65992,
96.44313,
116.3277,
151.455,
620.2493,
315.2173,
32.05844,
246.6836,
48.24769,
96.11597,
15.59316,
55.07648,
70.55954,
216.4731,
746.7944,
46.07185,
512.7053,
278.0254,
153.6865,
67.07745,
18.40469,
407.3731,
201.7368,
0,
4859.079,
2084, 
29.30223,
189.2028,
76.02738,
52.65117,
96.04088,
116.21,
151.7531,
628.3284,
318.284,
32.00221,
247.1201,
48.06891,
96.82839,
15.54938,
55.17904,
70.46886,
216.4434,
744.6324,
46.16528,
505.4898,
277.9475,
153.453,
67.03603,
18.43974,
409.0602,
203.7858,
0,
4865.47,
2085, 
29.39063,
189.5644,
76.04554,
52.63534,
95.62946,
116.0809,
152.0495,
636.236,
321.2523,
31.94103,
247.5304,
47.88903,
97.57743,
15.50413,
55.2803,
70.37582,
216.4273,
742.4068,
46.49217,
498.5042,
277.8571,
153.2031,
66.98215,
18.474,
410.6842,
205.7729,
0,
4871.786,
2086, 
29.457,
189.8035,
76.03595,
52.59307,
95.20123,
115.8965,
152.2833,
643.8876,
324.0797,
31.86817,
247.8342,
47.72771,
98.33669,
15.46142,
55.36382,
70.2849,
216.338,
739.8865,
46.56908,
492.0056,
277.6577,
152.8641,
66.94039,
18.49443,
412.0665,
207.6139,
0,
4876.551,
2087, 
29.51963,
190.0295,
76.00754,
52.54449,
94.76514,
115.7021,
152.5143,
651.3348,
326.7992,
31.79089,
248.1129,
47.56518,
99.1162,
15.4174,
55.44561,
70.19162,
216.2589,
737.3192,
46.4794,
485.6913,
277.4414,
152.511,
66.89897,
18.51418,
413.3863,
209.3842,
0,
4880.741,
2088, 
29.57896,
190.2435,
75.96273,
52.49004,
94.32173,
115.4984,
152.7426,
658.5972,
329.4203,
31.70955,
248.3692,
47.40157,
99.92357,
15.37214,
55.52572,
70.09602,
216.1887,
734.7094,
46.38446,
479.5421,
277.21,
152.145,
66.84718,
18.53332,
414.6489,
211.0906,
0,
4884.553,
2089, 
29.63534,
190.4465,
75.91496,
52.4302,
93.87151,
115.2861,
152.9681,
665.6922,
331.9518,
31.62448,
248.6055,
47.23698,
100.758,
15.32573,
55.6042,
69.99825,
216.1267,
732.05,
46.28492,
473.5409,
276.9651,
151.7671,
66.7862,
18.55188,
415.8589,
212.7388,
0,
4888.021,
2090, 
29.68883,
190.6397,
75.86435,
52.36535,
93.41493,
115.0657,
153.1911,
672.6349,
334.401,
31.53592,
248.8224,
47.07138,
101.6101,
15.27824,
55.68109,
69.89837,
216.0715,
729.3433,
46.1805,
467.6719,
276.7058,
151.3782,
66.71606,
18.56991,
417.0199,
214.3342,
0,
4891.155,
2091, 
29.72674,
190.7469,
75.79462,
52.28204,
92.96076,
114.8054,
153.3264,
679.1556,
336.673,
31.43702,
248.9506,
46.92276,
102.4715,
15.23142,
55.74159,
69.79148,
215.9412,
726.4424,
46.07572,
462.2732,
276.3881,
150.9128,
66.64825,
18.57665,
417.9768,
215.7963,
0,
4893.049,
2092, 
29.76264,
190.8457,
75.72267,
52.19425,
92.50113,
114.5379,
153.4582,
685.4974,
338.8556,
31.33511,
249.0648,
46.77345,
103.3253,
15.18361,
55.8002,
69.68246,
215.8161,
723.4999,
45.96807,
456.9798,
276.0609,
150.4381,
66.57446,
18.58293,
418.8872,
217.2,
0,
4894.548,
2093, 
29.79621,
190.9369,
75.64845,
52.10226,
92.03642,
114.2638,
153.5869,
691.677,
340.9565,
31.23035,
249.1637,
46.62329,
103.7473,
15.13488,
55.85698,
69.5714,
215.6953,
720.5176,
45.85628,
451.7807,
275.7208,
149.9547,
66.49329,
18.58879,
419.7538,
218.5508,
0,
4895.245,
2094, 
29.82767,
191.0212,
75.57208,
52.0064,
91.56696,
113.9835,
153.7124,
697.7089,
342.9825,
31.12297,
249.2488,
46.47234,
103.9152,
15.08526,
55.91204,
69.4584,
215.5781,
717.4983,
45.74064,
446.6659,
275.3683,
149.4633,
66.4093,
18.59425,
420.5794,
219.8531,
0,
4895.347,
2095, 
29.85717,
191.099,
75.49368,
51.90693,
91.09303,
113.6973,
153.8349,
703.6061,
344.9396,
31.01313,
249.321,
46.32064,
104.0726,
15.03482,
55.9654,
69.34353,
215.464,
714.4468,
45.62141,
441.6263,
275.0042,
148.9643,
66.32668,
18.59936,
421.3672,
221.1112,
0,
4895.13,
2096, 
29.87127,
191.1086,
75.39016,
51.79785,
90.63291,
113.3874,
153.8598,
708.9823,
346.7067,
30.89433,
249.2847,
46.17496,
104.1861,
14.98101,
55.99439,
69.20291,
215.2572,
711.2982,
45.50083,
436.8467,
274.571,
148.4075,
66.22855,
18.59596,
421.9927,
222.2357,
0,
4893.39,
2097, 
29.88342,
191.1127,
75.28481,
51.6855,
90.16897,
113.0723,
153.8813,
714.2034,
348.3996,
30.77334,
249.2363,
46.0285,
104.2878,
14.92644,
56.02151,
69.06045,
215.0521,
708.1259,
45.37619,
432.1274,
274.1247,
147.8441,
66.12714,
18.59224,
422.5808,
223.3128,
0,
4891.29,
2098, 
29.89377,
191.112,
75.17776,
51.57011,
89.70142,
112.7523,
153.8995,
719.2834,
350.0244,
30.65032,
249.1767,
45.88132,
104.379,
14.87115,
56.04683,
68.91621,
214.8483,
704.9324,
45.24784,
427.4617,
273.6659,
147.2748,
66.0237,
18.58823,
423.1342,
224.3465,
0,
4888.86,
2099, 
29.90247,
191.1068,
75.0691,
51.45185,
89.23045,
112.4277,
153.9145,
724.2346,
351.5864,
30.52541,
249.1069,
45.73344,
104.4605,
14.81516,
56.07042,
68.77026,
214.6454,
701.7192,
45.11604,
422.8437,
273.1954,
146.6999,
65.9183,
18.58395,
423.6555,
225.3405,
0,
4886.124,
2100, 
29.90967,
191.0975,
74.95891,
51.33094,
88.75629,
112.0988,
153.9265,
729.0674,
353.0905,
30.39872,
249.0277,
45.58492,
104.5329,
14.75853,
56.09234,
68.62268,
214.4432,
698.4865,
44.98107,
418.2682,
272.7141,
146.1197,
65.81492,
18.57941,
424.1466,
226.2979,
0,
4883.106];
=======
141.6335,
57.59962,
74.24835,
11.76115,
37.79411,
68.38882,
201.8804,
422.9514,
57.5532,
2158.905,
244.9337,
69.26094,
52.25307,
11.36206,
103.9332,
21.18652,
0,
4268.332,
2026, 
15.16443,
93.18574,
52.01431,
20.41041,
65.83366,
63.48307,
106.3388,
84.21175,
32.87876,
12.56299,
141.9505,
57.57883,
74.59642,
12.04618,
38.49343,
68.49382,
205.1131,
437.3672,
57.51927,
2158.946,
248.186,
70.93331,
52.0124,
11.41791,
109.7643,
23.07533,
0,
4313.578,
2027, 
15.23824,
93.71777,
52.64476,
20.85941,
66.36759,
64.41324,
108.3376,
88.56417,
36.22637,
12.72881,
142.3538,
57.55449,
74.99506,
12.32246,
39.18075,
68.59373,
208.3016,
450.9258,
57.49728,
2157.998,
251.3663,
72.55614,
51.81311,
11.46003,
115.3768,
24.929,
0,
4356.322,
2028, 
15.32294,
94.32114,
53.27358,
21.30771,
66.90801,
65.32962,
110.2042,
92.83907,
39.51463,
12.90368,
142.8418,
57.51326,
75.4085,
12.5922,
39.85571,
68.68712,
211.4267,
463.7704,
57.47034,
2155.723,
254.4384,
74.15162,
51.64179,
11.49699,
120.8093,
26.76225,
0,
4396.514,
2029, 
15.42936,
95.01683,
53.90639,
21.76907,
67.46654,
66.25571,
111.9155,
97.06718,
42.74945,
13.09249,
143.4707,
57.46376,
75.89597,
12.56522,
40.51739,
68.77494,
214.4708,
476.0399,
57.45875,
2151.696,
257.4683,
75.74784,
51.53604,
11.53626,
126.1247,
28.58114,
0,
4434.016,
2030, 
15.55066,
95.84386,
54.54158,
22.25143,
68.03264,
67.21172,
113.5573,
101.2975,
45.93626,
13.2993,
144.2024,
57.40296,
76.36952,
12.4918,
41.16442,
68.8581,
217.401,
487.8345,
57.4259,
2145.416,
260.3527,
77.36981,
51.45797,
11.59118,
131.3466,
30.39064,
0,
4468.598,
2031, 
15.70764,
96.7771,
55.19112,
22.80201,
68.77024,
68.26347,
115.3076,
107.9426,
50.10181,
13.60163,
145.1708,
57.30367,
76.89294,
12.38743,
41.80064,
68.99982,
220.1016,
499.383,
57.34374,
2133.905,
263.076,
78.98592,
51.47773,
11.66338,
137.3907,
32.83454,
0,
4503.182,
2032, 
15.88899,
97.90257,
55.84586,
23.37554,
69.52434,
69.34422,
116.9054,
114.5107,
54.19304,
13.92831,
146.2986,
57.19738,
77.40647,
12.26108,
42.41446,
69.10992,
222.6243,
510.5738,
57.24917,
2119.11,
265.6242,
80.6772,
51.54422,
11.74805,
143.3356,
35.24382,
0,
4533.837,
2033, 
16.09479,
99.2404,
56.50895,
23.98224,
70.30918,
70.45388,
118.3611,
120.993,
58.23485,
14.28502,
147.6102,
57.08453,
77.90921,
12.13851,
43.00459,
69.19381,
224.9395,
521.5109,
57.14916,
2100.549,
267.99,
82.46959,
51.66471,
11.8492,
149.2369,
37.63359,
0,
4560.397,
2034, 
16.31859,
100.7847,
57.18174,
24.63187,
71.14413,
71.61576,
119.7239,
127.4491,
62.24768,
14.67628,
149.125,
56.96391,
78.37388,
12.07511,
43.57053,
69.25748,
227.0185,
532.2806,
57.04606,
2077.834,
270.1371,
84.38468,
51.83136,
11.95687,
155.1357,
40.01964,
0,
4582.785,
2035, 
16.56932,
102.5297,
57.86568,
25.33,
72.03695,
72.85599,
120.9897,
133.9323,
66.24126,
15.10576,
150.861,
56.83542,
78.79205,
12.10821,
44.11133,
69.30826,
228.8394,
542.9549,
56.9702,
2050.709,
272.0527,
86.43974,
52.04402,
12.05749,
161.0701,
42.41551,
0,
4601.026,
2036, 
16.85082,
104.4542,
58.5458,
26.10243,
73.05609,
74.21307,
122.2995,
141.8104,
71.08302,
15.6173,
152.9201,
56.69225,
79.17641,
12.21672,
44.61821,
69.38538,
230.2809,
553.553,
56.78487,
2017.065,
273.4807,
88.59698,
52.33134,
12.17001,
167.6734,
45.29672,
0,
4616.274,
2037, 
17.12104,
106.5679,
59.23464,
26.92674,
74.15077,
75.66395,
123.4185,
149.7334,
75.88074,
16.16413,
155.1819,
56.54127,
79.48254,
12.39108,
45.09932,
69.45594,
231.4396,
564.0569,
56.48292,
1979.047,
274.6478,
90.90015,
52.64864,
12.3165,
174.2801,
48.19285,
0,
4627.027,
2038, 
17.40696,
108.8622,
59.93292,
27.80382,
75.31974,
77.20741,
124.4198,
157.731,
80.66373,
16.74604,
157.6471,
56.38338,
79.72289,
12.60789,
45.55561,
69.51434,
232.3185,
574.503,
56.14009,
1936.88,
275.5746,
93.34816,
52.99891,
12.475,
180.9164,
51.10584,
0,
4633.785,
2039, 
17.70844,
111.3313,
60.64041,
28.73111,
76.54996,
78.82617,
125.4321,
165.7237,
85.4528,
17.36134,
160.3073,
56.20696,
79.90776,
12.84511,
45.98841,
69.56723,
232.9281,
584.9112,
55.76027,
1890.925,
276.2835,
95.93384,
53.38181,
12.63193,
187.5973,
54.03333,
0,
4636.966,
2040, 
18.02619,
113.9398,
61.35623,
29.70174,
77.84833,
80.50788,
126.3886,
173.6904,
90.25236,
18.00717,
163.1538,
56.03528,
80.05897,
13.08684,
46.39944,
69.62651,
233.2877,
595.2892,
55.34988,
1841.661,
276.8122,
98.64504,
53.80098,
12.79498,
194.3322,
56.97944,
0,
4637.033,
2041, 
18.37285,
116.621,
62.05142,
30.71402,
79.1971,
82.2085,
127.3189,
183.1502,
96.02443,
18.69851,
166.2667,
55.87262,
80.23294,
13.31873,
46.7725,
69.73785,
233.245,
605.337,
54.90761,
1787.795,
277.0307,
101.3645,
54.30964,
12.95943,
201.6826,
60.47813,
0,
4635.667,
2042, 
18.72775,
119.3778,
62.74769,
31.75444,
80.56709,
83.93035,
128.2387,
192.535,
101.725,
19.40598,
169.501,
55.70492,
80.36502,
13.552,
47.12891,
69.87073,
233.0062,
615.2612,
54.43498,
1731.9,
277.0959,
104.1643,
54.83051,
13.11767,
208.9927,
63.97501,
0,
4631.911,
2043, 
19.08229,
122.205,
63.44058,
32.81865,
81.95959,
85.6937,
129.1566,
201.9487,
107.3779,
20.12428,
172.8031,
55.52356,
80.41882,
13.78508,
47.4715,
70.01878,
232.6004,
625.047,
53.92013,
1674.621,
276.9855,
107.0216,
55.3346,
13.27851,
216.2484,
67.4733,
0,
4626.359,
2044, 
19.43379,
125.123,
64.12754,
33.89819,
83.3558,
87.49039,
130.0462,
211.3734,
112.9871,
20.84841,
176.1456,
55.33612,
80.40053,
14.01639,
47.80233,
70.17573,
232.0606,
634.6791,
53.3689,
1616.591,
276.7254,
109.9142,
55.81493,
13.45774,
223.4423,
70.97248,
0,
4619.587,
2045, 
19.77963,
128.127,
64.80582,
34.9861,
84.74515,
89.30367,
130.9209,
220.7801,
118.5598,
21.57335,
179.49,
55.14294,
80.31595,
14.24442,
48.12397,
70.33361,
231.4218,
644.1401,
52.78737,
1558.412,
276.3404,
112.8203,
56.26475,
13.66285,
230.5645,
74.46796,
0,
4612.114,
2046, 
20.1341,
131.151,
65.4345,
36.0656,
86.09251,
91.07154,
131.7678,
231.7706,
125.0283,
22.29012,
182.8062,
54.95946,
80.20933,
14.46399,
48.40353,
70.50258,
230.4801,
652.9647,
52.19446,
1498.648,
275.7295,
115.5936,
56.74403,
13.88503,
238.0556,
78.4739,
0,
4604.92,
2047, 
20.47658,
134.1962,
66.04698,
37.13315,
87.40526,
92.81774,
132.6917,
242.627,
131.3632,
22.99395,
186.0469,
54.77053,
79.93415,
14.67744,
48.67828,
70.66628,
229.5056,
661.5223,
51.57536,
1439.919,
275.0294,
118.3339,
57.17572,
14.11246,
245.3814,
82.41411,
0,
4597.494,
2048, 
20.89944,
137.0237,
66.67731,
38.16333,
88.60556,
94.46178,
133.4428,
253.1011,
137.4773,
23.68945,
189.6379,
54.61553,
80.60633,
14.82973,
48.94847,
70.79887,
228.5816,
669.8588,
51.21955,
1382.647,
275.1591,
121.0476,
57.96392,
14.277,
252.7516,
86.24969,
0,
4592.734,
2049, 
21.3093,
139.8477,
67.29049,
39.16986,
89.76126,
96.06948,
134.1742,
263.5269,
143.4588,
24.36561,
193.1235,
54.45663,
81.13857,
14.97401,
49.21788,
70.92547,
227.6784,
677.9123,
50.86028,
1327.181,
275.2581,
123.6978,
58.70635,
14.45737,
259.9563,
90.03504,
0,
4588.552,
2050, 
21.70678,
142.6612,
67.88682,
40.14893,
90.87041,
97.63495,
134.8945,
273.9037,
149.3234,
25.0201,
196.4973,
54.29483,
81.65295,
15.10959,
49.4882,
71.04601,
226.8181,
685.6789,
50.50311,
1273.798,
275.3579,
126.2732,
59.40778,
14.64515,
266.9968,
93.7711,
0,
4585.39,
2051, 
22.10287,
145.3932,
68.4324,
41.08211,
91.89861,
99.11755,
135.5597,
285.7533,
155.9263,
25.64115,
199.7612,
54.13721,
82.07778,
15.23512,
49.70961,
71.14995,
225.7903,
692.837,
50.15586,
1221.001,
275.2333,
128.6708,
60.08803,
14.83381,
274.1424,
97.93495,
0,
4583.666,
2052, 
22.48093,
148.0897,
68.95781,
41.98167,
92.88301,
100.5716,
136.2177,
297.4003,
162.34,
26.23364,
202.8718,
53.97569,
82.45451,
15.35085,
49.93379,
71.2486,
224.8412,
699.6606,
49.71231,
1170.762,
275.0914,
130.9704,
60.70639,
15.0344,
281.0528,
101.9908,
0,
4582.814,
2053, 
22.84505,
150.7127,
69.46484,
42.84482,
93.80849,
101.9761,
136.8749,
308.81,
168.5632,
26.79728,
205.8445,
53.81235,
82.82075,
15.45665,
50.16139,
71.34089,
223.9849,
706.159,
49.2177,
1123.164,
274.9796,
133.1684,
61.2802,
15.23852,
287.7452,
105.9447,
0,
4583.017,
2054, 
23.19686,
153.2314,
69.96279,
43.6693,
94.67477,
103.3199,
137.5367,
319.9861,
174.6098,
27.33198,
208.6848,
53.64809,
83.19312,
15.55249,
50.39316,
71.42611,
223.2105,
712.3409,
48.73867,
1078.24,
274.9204,
135.2625,
61.81702,
15.43699,
294.2311,
109.8008,
0,
4584.417,
2055, 
23.53623,
155.6426,
70.45852,
44.45499,
95.48279,
104.6029,
138.2071,
330.9435,
180.4924,
27.83784,
211.3911,
53.48299,
83.57335,
15.6385,
50.62967,
71.50433,
222.5313,
718.2159,
48.27639,
1035.982,
274.9181,
137.2518,
62.3174,
15.62994,
300.5185,
113.5648,
0,
4587.084,
2056, 
23.87139,
157.933,
70.89422,
45.18116,
96.17831,
105.7632,
138.8109,
343.0488,
186.9328,
28.30112,
213.9503,
53.31466,
83.98038,
15.71809,
50.81914,
71.56942,
221.7188,
723.4086,
47.82554,
995.4357,
274.8575,
139.0382,
62.82283,
15.81126,
306.7951,
117.6702,
0,
4591.65,
2057, 
24.19387,
160.1146,
71.31406,
45.86657,
96.81479,
106.8604,
139.421,
354.8268,
193.1452,
28.73436,
216.374,
53.14548,
84.39516,
15.78804,
51.01285,
71.62671,
221.0198,
728.2877,
47.46862,
957.4977,
274.855,
140.7178,
63.2924,
15.98625,
312.8397,
121.6432,
0,
4597.242,
2058, 
24.50317,
162.1891,
71.71836,
46.51249,
97.39462,
107.8964,
140.0402,
366.307,
199.1503,
29.13857,
218.6619,
52.97519,
84.81215,
15.84872,
51.21101,
71.67652,
220.4334,
732.868,
47.2371,
922.0699,
274.904,
142.2931,
63.72438,
16.15469,
318.6652,
125.4952,
0,
4603.88,
2059, 
24.79981,
164.1591,
72.10771,
47.12045,
97.92038,
108.8734,
140.6703,
377.515,
204.9658,
29.51498,
220.8187,
52.80384,
85.23243,
15.90051,
51.4137,
71.71913,
219.9579,
737.1647,
47.14865,
889.0399,
275.0047,
143.7676,
64.1208,
16.31671,
324.2858,
129.2362,
0,
4611.578,
2060, 
25.08431,
166.028,
72.48281,
47.69209,
98.39486,
109.794,
141.3127,
388.4738,
210.608,
29.86492,
222.8499,
52.63148,
85.65654,
15.94383,
51.62092,
71.75488,
219.5906,
741.1934,
47.229,
858.2838,
275.1562,
145.1455,
64.48357,
16.47265,
329.7144,
132.8753,
0,
4620.337,
2061, 
25.3626,
167.7903,
72.80505,
48.21227,
98.76192,
110.602,
141.8561,
400.3474,
216.6456,
30.17381,
224.7457,
52.45101,
86.10027,
15.98034,
51.79573,
71.76503,
219.0749,
744.417,
47.20511,
829.3845,
275.262,
146.3289,
64.83038,
16.61445,
335.0185,
136.7554,
0,
4630.286,
2062, 
25.62856,
169.4597,
73.11339,
48.69757,
99.08051,
111.356,
142.4074,
411.8796,
222.4543,
30.45745,
226.521,
52.26911,
86.53923,
16.0091,
51.97367,
71.76833,
218.661,
747.3826,
47.00114,
802.5092,
275.4041,
147.4223,
65.1424,
16.75096,
340.1097,
140.4999,
0,
4640.498,
2063, 
25.88293,
171.0408,
73.40861,
49.15007,
99.35365,
112.0591,
142.9673,
423.1043,
228.0563,
30.71741,
228.1826,
52.08585,
86.97426,
16.03058,
52.15465,
71.76511,
218.3442,
750.1062,
46.81065,
777.5214,
275.5811,
148.4307,
65.42203,
16.88256,
345.0048,
144.1218,
0,
4651.159,
2064, 
26.12642,
172.5387,
73.69148,
49.57179,
99.58431,
112.7142,
143.5364,
434.0512,
233.4713,
30.95522,
229.7377,
51.9013,
87.40595,
16.04521,
52.33855,
71.75571,
218.1191,
752.6036,
46.63565,
754.2875,
275.7911,
149.3593,
65.67152,
17.00952,
349.719,
147.6327,
0,
4662.254,
2065, 
26.35982,
173.9582,
73.96277,
49.96474,
99.77537,
113.3245,
144.1146,
444.7461,
238.7166,
31.17237,
231.1933,
51.71555,
87.83534,
16.05343,
52.52519,
71.74044,
217.9806,
754.862,
46.39639,
732.6764,
276.0329,
150.2129,
65.89338,
17.13189,
354.2665,
151.0427,
0,
4673.654,
2066, 
26.58848,
175.2886,
74.18413,
50.30757,
99.86942,
113.8314,
144.589,
456.0634,
244.1671,
31.35145,
232.5846,
51.52313,
88.28156,
16.05729,
52.69088,
71.71104,
217.6862,
756.3508,
46.24813,
712.6513,
276.2154,
150.9038,
66.09814,
17.2416,
358.5698,
154.581,
0,
4685.635,
2067, 
26.80752,
176.5502,
74.39463,
50.62405,
99.92786,
114.2973,
145.0692,
467.0566,
249.4091,
31.51167,
233.8859,
51.32933,
88.72026,
16.05556,
52.85812,
71.67608,
217.4687,
757.6568,
46.10407,
694.0016,
276.4186,
151.5281,
66.27603,
17.34713,
362.6998,
157.9935,
0,
4697.667,
2068, 
27.0171,
177.7478,
74.59481,
50.91608,
99.95335,
114.7249,
145.5554,
477.7592,
254.4633,
31.65439,
235.1013,
51.13401,
89.14801,
16.04862,
53.02679,
71.63586,
217.3222,
758.79,
45.96236,
676.614,
276.6363,
152.0903,
66.42709,
17.44865,
366.6699,
161.2928,
0,
4709.734,
2069, 
27.21795,
178.886,
74.78537,
51.18546,
99.94828,
115.1172,
146.0473,
488.2001,
259.3481,
31.78093,
236.2373,
50.93726,
89.56593,
16.03683,
53.19673,
71.59064,
217.2415,
759.7612,
45.82283,
660.3807,
276.8674,
152.5951,
66.55359,
17.5464,
370.4938,
164.49,
0,
4721.834,
2070, 
27.41071,
179.969,
74.96691,
51.4339,
99.91496,
115.4765,
146.5447,
498.4046,
264.0793,
31.89254,
237.2997,
50.73912,
89.97455,
16.02054,
53.3678,
71.5407,
217.2217,
760.5805,
45.68509,
645.2019,
277.1103,
153.0467,
66.65736,
17.64054,
374.1832,
167.5949,
0,
4733.958,
2071, 
27.5921,
180.9526,
75.09919,
51.63833,
99.80035,
115.7383,
146.9703,
508.9939,
268.8651,
31.97333,
238.3229,
50.54213,
90.37579,
16.00256,
53.51834,
71.48488,
217.0573,
760.6283,
45.57159,
631.1638,
277.247,
153.3662,
66.75034,
17.72267,
377.5836,
170.756,
0,
4745.717,
2072, 
27.76582,
181.8889,
75.22323,
51.8239,
99.66074,
115.9707,
147.3985,
519.2874,
273.465,
32.0408,
239.2803,
50.34369,
90.76371,
15.98075,
53.66918,
71.42476,
216.9445,
760.5364,
45.46403,
617.9976,
277.387,
153.6394,
66.82139,
17.80163,
380.8457,
173.8047,
0,
4757.23,
2073, 
27.93255,
182.7816,
75.33961,
51.9921,
99.49809,
116.1759,
147.8291,
529.3157,
277.8973,
32.09602,
240.1777,
50.1439,
91.13989,
15.95537,
53.82023,
71.36059,
216.8793,
760.3104,
45.40496,
605.6238,
277.5302,
153.87,
66.87255,
17.87765,
383.9817,
176.7524,
0,
4768.559,
2074, 
28.09299,
183.6341,
75.44891,
52.14429,
99.3142,
116.356,
148.262,
539.1054,
282.1786,
32.14044,
241.0206,
49.94289,
91.50616,
15.9267,
53.97137,
71.29256,
216.8576,
759.9541,
45.39451,
593.9687,
277.6768,
154.0612,
66.906,
17.95094,
387.0026,
179.6092,
0,
4779.719,
2075, 
28.25144,
184.4498,
75.55282,
52.28172,
99.11066,
116.5129,
148.6969,
548.6798,
286.3229,
32.17649,
241.8313,
49.74229,
91.94427,
15.89497,
54.12255,
71.22089,
216.8778,
759.4871,
45.42748,
582.9647,
277.858,
154.217,
66.93777,
18.02184,
389.9257,
182.3839,
0,
4790.893,
2076, 
28.39353,
185.1346,
75.61356,
52.37841,
98.83752,
116.5791,
149.0688,
558.3793,
290.4102,
32.18753,
242.591,
49.55308,
92.42873,
15.86374,
54.25161,
71.14727,
216.7763,
758.3541,
45.37099,
572.61,
277.9342,
154.2479,
66.98316,
18.08011,
392.5108,
185.1139,
0,
4800.799,
2077, 
28.53027,
185.7881,
75.66843,
52.46199,
98.54737,
116.6248,
149.4406,
567.8151,
294.3396,
32.1907,
243.3066,
49.36272,
92.96064,
15.82991,
54.38002,
71.0703,
216.7075,
757.122,
45.25173,
562.7884,
278.0079,
154.2476,
67.0133,
18.13633,
394.9905,
187.7465,
0,
4810.329,
2078, 
28.66212,
186.4128,
75.71784,
52.53352,
98.24151,
116.6516,
149.8123,
577.014,
298.1264,
32.18663,
243.9819,
49.17129,
93.54697,
15.79366,
54.50775,
70.99014,
216.6685,
755.7975,
45.09279,
553.448,
278.0792,
154.2188,
67.02966,
18.19076,
397.374,
190.2914,
0,
4819.541,
2079, 
28.78953,
187.0111,
75.76215,
52.59395,
97.92114,
116.6609,
150.1838,
585.9996,
301.7839,
32.17573,
244.6206,
48.97886,
94.1908,
15.75516,
54.63477,
70.907,
216.6564,
754.3868,
44.89418,
544.5418,
278.148,
154.1637,
67.03346,
18.2437,
399.6693,
192.7572,
0,
4828.463,
2080, 
28.91291,
187.5853,
75.80168,
52.64417,
97.58739,
116.6541,
150.555,
594.7922,
305.3242,
32.15844,
245.2257,
48.7855,
94.89575,
15.71458,
54.76102,
70.82096,
216.6687,
752.8958,
44.65742,
536.0267,
278.2143,
154.0845,
67.02596,
18.2954,
401.8839,
195.1515,
0,
4837.123,
2081, 
29.01592,
188.0186,
75.8063,
52.66051,
97.21721,
116.5752,
150.8584,
603.5029,
308.749,
32.12739,
245.7466,
48.60959,
95.63304,
15.67588,
54.8675,
70.73807,
216.5867,
750.9302,
44.43685,
527.9523,
278.1596,
153.9062,
67.03658,
18.33322,
403.7913,
197.4273,
0,
4844.362,
2082, 
29.11492,
188.4314,
75.80665,
52.66779,
96.8355,
116.4822,
151.16,
611.9808,
312.0425,
32.09098,
246.2367,
48.43264,
96.42158,
15.63537,
54.97264,
70.65243,
216.524,
748.895,
44.2885,
520.1951,
278.0968,
153.7073,
67.03554,
18.37004,
405.6189,
199.6197,
0,
4851.315,
2083, 
29.21025,
188.8256,
75.80302,
52.66672,
96.44313,
116.376,
151.4599,
620.2493,
315.2173,
32.0495,
246.6987,
48.25473,
97.25046,
15.59316,
55.07648,
70.56416,
216.4787,
746.7942,
44.26493,
512.723,
278.026,
153.4893,
67.0238,
18.40595,
407.3732,
201.7368,
0,
4858.054,
2084, 
29.30091,
189.2028,
75.7952,
52.65797,
96.04086,
116.2576,
151.758,
628.3284,
318.284,
32.00209,
247.1286,
48.07536,
98.09537,
15.54938,
55.17904,
70.47339,
216.4483,
744.6313,
44.39967,
505.5072,
277.9363,
153.2536,
66.99726,
18.44102,
409.0575,
203.7858,
0,
4864.587,
2085, 
29.38751,
189.5644,
75.78358,
52.64212,
95.62943,
116.1279,
152.0543,
636.236,
321.2523,
31.94075,
247.5304,
47.89471,
98.96497,
15.50413,
55.2803,
70.38023,
216.4312,
742.4103,
44.74738,
498.5212,
277.8308,
153.0016,
66.95802,
18.4753,
410.678,
205.7729,
0,
4871,
2086, 
29.4524,
189.8035,
75.74241,
52.59986,
95.20123,
115.9427,
152.288,
643.8876,
324.0797,
31.86777,
247.8272,
47.73277,
99.8392,
15.46142,
55.36382,
70.28927,
216.341,
739.8985,
45.37437,
492.0224,
277.6189,
152.6604,
66.92274,
18.49575,
412.0573,
207.6139,
0,
4876.384,
2087, 
29.51381,
190.0295,
75.69798,
52.55127,
94.76511,
115.7477,
152.519,
651.3348,
326.7991,
31.79039,
248.1002,
47.56972,
100.7384,
15.4174,
55.44562,
70.19589,
216.2611,
737.3368,
46.35109,
485.7077,
277.3922,
152.3055,
66.87666,
18.51552,
413.3747,
209.3842,
0,
4881.722,
2088, 
29.57223,
190.2435,
75.65056,
52.49681,
94.32172,
115.5433,
152.7471,
658.5972,
329.4203,
31.70897,
248.3521,
47.40572,
101.6586,
15.37214,
55.52572,
70.10024,
216.1905,
734.728,
46.36975,
479.5582,
277.1531,
151.9377,
66.82136,
18.53468,
414.6355,
211.0906,
0,
4885.736,
2089, 
29.63177,
190.4465,
75.60159,
52.43695,
93.87148,
115.3304,
152.9727,
665.6921,
331.9518,
31.62416,
248.6034,
47.24243,
102.6292,
15.32573,
55.6042,
70.00239,
216.1303,
732.0776,
46.27985,
473.5566,
276.9349,
151.5591,
66.77248,
18.55326,
415.8518,
212.7388,
0,
4889.421,
2090, 
29.68927,
190.6396,
75.55015,
52.37207,
93.41491,
115.1094,
153.1955,
672.6349,
334.4011,
31.53596,
248.8394,
47.07849,
103.1798,
15.27824,
55.6811,
69.90244,
216.0775,
729.3856,
46.18768,
467.6875,
276.7096,
151.1696,
66.71774,
18.57132,
417.0207,
214.3342,
0,
4892.364,
2091, 
29.72769,
190.7469,
75.47851,
52.28875,
92.96074,
114.8484,
153.3307,
679.1556,
336.6731,
31.43711,
248.9702,
46.93007,
103.3846,
15.23142,
55.74158,
69.79547,
215.9475,
726.4975,
46.0845,
462.2884,
276.3961,
150.7029,
66.65192,
18.57808,
417.9787,
215.7963,
0,
4893.623,
2092, 
29.76332,
190.8457,
75.40443,
52.20092,
92.50111,
114.5803,
153.4625,
685.4974,
338.8556,
31.33517,
249.083,
46.78064,
103.5738,
15.18361,
55.8002,
69.68636,
215.8223,
723.5709,
45.97605,
456.9947,
276.0667,
150.2268,
66.57707,
18.58438,
418.8886,
217.2,
0,
4894.462,
2093, 
29.79643,
190.937,
75.32807,
52.10891,
92.03642,
114.3056,
153.5911,
691.6771,
340.9565,
31.23037,
249.1798,
46.63027,
103.7491,
15.13488,
55.85698,
69.57524,
215.7012,
720.608,
45.86285,
451.7954,
275.7226,
149.742,
66.49412,
18.59026,
419.7542,
218.5508,
0,
4894.915,
2094, 
29.82779,
191.0212,
75.24977,
52.01302,
91.56696,
114.0247,
153.7165,
697.7089,
342.9825,
31.12297,
249.2644,
46.47927,
103.9163,
15.08526,
55.91204,
69.46216,
215.584,
717.6118,
45.74696,
446.6803,
275.3694,
149.2493,
66.40585,
18.59575,
420.5797,
219.8531,
0,
4895.03,
2095, 
29.85731,
191.099,
75.16954,
51.9135,
91.09303,
113.7379,
153.839,
703.6061,
344.9397,
31.01314,
249.3367,
46.32756,
104.0739,
15.03482,
55.96541,
69.34721,
215.4698,
714.5847,
45.6278,
441.6404,
275.0054,
148.7491,
66.31176,
18.60087,
421.3676,
221.1112,
0,
4894.822,
2096, 
29.87144,
191.1086,
75.06438,
51.80439,
90.63291,
113.4274,
153.8638,
708.9823,
346.7067,
30.89434,
249.3006,
46.18188,
104.1875,
14.98101,
55.99439,
69.20652,
215.2631,
711.4641,
45.50729,
436.8606,
274.5724,
148.1912,
66.20498,
18.59749,
421.993,
222.2358,
0,
4893.098,
2097, 
29.88361,
191.1127,
74.95972,
51.692,
90.16895,
113.1117,
153.8853,
714.2034,
348.3996,
30.77336,
249.2522,
46.03544,
104.2895,
14.92644,
56.02151,
69.06398,
215.058,
708.3154,
45.38274,
432.1409,
274.1263,
147.6268,
66.10175,
18.5938,
422.5812,
223.3128,
0,
4891.019,
2098, 
29.89398,
191.112,
74.85615,
51.57658,
89.7014,
112.7911,
153.9034,
719.2834,
350.0244,
30.65034,
249.1927,
45.88825,
104.3808,
14.87115,
56.04683,
68.91968,
214.8541,
705.1404,
45.25446,
427.4749,
273.6677,
147.0565,
66.00246,
18.58981,
423.1347,
224.3465,
0,
4888.614,
2099, 
29.90271,
191.1068,
74.75347,
51.45829,
89.23045,
112.466,
153.9183,
724.2346,
351.5864,
30.52542,
249.123,
45.74038,
104.4625,
14.81516,
56.07042,
68.77367,
214.6513,
701.938,
45.12274,
422.8567,
273.1974,
146.4806,
65.90598,
18.58555,
423.6559,
225.3405,
0,
4885.902,
2100, 
29.90993,
191.0975,
74.65206,
51.33733,
88.75629,
112.1365,
153.9302,
729.0674,
353.0904,
30.39875,
249.044,
45.59186,
104.5351,
14.75853,
56.09234,
68.62602,
214.4491,
698.7039,
44.98784,
418.281,
272.7162,
145.8995,
65.81158,
18.58104,
424.1472,
226.2979,
0,
4882.899];
>>>>>>> 29fc07e (Remove T2MAT folder level)
