real main.em.ep.isp.StorResTot[28](t) = [1971, 
650.2043,
6655.436,
42.08362,
21.60265,
64.87003,
80.52728,
58.72234,
41.01139,
12.12848,
217.2017,
4045.412,
790.4434,
44.82675,
637.7261,
125.547,
1842.407,
149.6583,
187.5422,
60.78517,
214.7469,
32.17235,
2.731125,
946.1337,
246.709,
13.90568,
25.25577,
0,
17209.79,
1972, 
741.8291,
6657.843,
47.72691,
24.07335,
70.90247,
85.60682,
59.51014,
44.30545,
<<<<<<< HEAD
13.06972,
235.834,
=======
13.06971,
235.8341,
>>>>>>> 29fc07e (Remove T2MAT folder level)
4225.164,
862.6854,
51.80706,
676.4346,
128.979,
1948.756,
169.116,
195.9843,
65.4228,
235.7861,
36.51533,
3.157201,
1010.98,
243.6144,
<<<<<<< HEAD
13.96319,
=======
13.96318,
>>>>>>> 29fc07e (Remove T2MAT folder level)
36.19423,
0,
17885.26,
1973, 
<<<<<<< HEAD
822.1112,
7269.948,
51.8984,
26.78122,
=======
822.1111,
7269.949,
51.89839,
26.78121,
>>>>>>> 29fc07e (Remove T2MAT folder level)
82.16986,
95.75301,
60.99394,
49.34061,
<<<<<<< HEAD
13.25924,
250.8531,
4530.363,
899.4108,
52.40311,
=======
13.25922,
250.8532,
4530.363,
899.4106,
52.40312,
>>>>>>> 29fc07e (Remove T2MAT folder level)
714.6973,
138.2329,
2062.017,
202.2984,
202.9921,
<<<<<<< HEAD
74.03807,
257.8695,
43.11667,
3.878756,
1094.683,
277.6542,
16.23113,
46.06017,
=======
74.03809,
257.8696,
43.11666,
3.878754,
1094.683,
277.6542,
16.23113,
46.06018,
>>>>>>> 29fc07e (Remove T2MAT folder level)
0,
19339.05,
1974, 
850.5595,
7326.931,
65.72849,
<<<<<<< HEAD
27.97986,
91.55791,
104.7348,
65.2244,
49.4925,
12.81723,
268.6708,
4637.781,
955.7453,
59.42364,
755.8891,
148.2977,
2187.943,
226.6747,
212.9061,
81.38277,
266.9743,
45.87998,
5.159269,
1080.839,
298.1193,
18.26014,
58.10802,
0,
19903.08,
1975, 
828.2977,
7544.484,
69.66485,
27.81024,
98.6468,
109.7447,
74.15511,
55.5097,
13.36435,
288.806,
4620.787,
999.7319,
71.31312,
684.1312,
131.9432,
2026.462,
263.1264,
236.3842,
91.0008,
316.2711,
47.80762,
5.857369,
1104.864,
309.3614,
20.49623,
61.1617,
0,
20101.18,
=======
27.98027,
91.55762,
104.7405,
65.2244,
49.4925,
12.81712,
268.6708,
4637.779,
955.7452,
59.44636,
755.8891,
148.2977,
2187.943,
226.6746,
212.8938,
81.38275,
266.9742,
45.87998,
5.159482,
1080.839,
298.1193,
18.26014,
58.10797,
0,
19903.09,
1975, 
828.2977,
7544.483,
69.66485,
27.81073,
98.64605,
109.7483,
74.15511,
55.5097,
13.36417,
288.8008,
4620.784,
999.7319,
71.35624,
684.1313,
131.9433,
2026.462,
263.1264,
236.3614,
91.00084,
316.271,
47.80761,
5.857606,
1104.864,
309.3615,
20.49623,
61.16162,
0,
20101.2,
>>>>>>> 29fc07e (Remove T2MAT folder level)
1976, 
886.3723,
8058.391,
73.95848,
<<<<<<< HEAD
31.43783,
113.7049,
118.4277,
85.01573,
57.71395,
15.50538,
302.6935,
4967.698,
1062.252,
81.06986,
715.2866,
139.6969,
2158.21,
310.0033,
265.6773,
99.47146,
351.2398,
53.8702,
5.43931,
1181.715,
322.6221,
21.57173,
65.62288,
=======
31.43838,
113.7036,
118.4314,
85.01572,
57.71395,
15.50513,
302.6822,
4967.695,
1062.252,
81.13212,
715.2866,
139.6969,
2158.209,
310.0032,
265.6332,
99.47144,
351.2393,
53.8702,
5.439555,
1181.715,
322.6221,
21.57173,
65.62277,
>>>>>>> 29fc07e (Remove T2MAT folder level)
0,
21544.67,
1977, 
950.8682,
8329.101,
<<<<<<< HEAD
79.96756,
34.0629,
125.4388,
129.6713,
97.22808,
63.13311,
16.30076,
302.8003,
5077.862,
1106.948,
90.85435,
=======
79.96755,
34.06343,
125.4343,
129.6744,
97.22807,
63.13306,
16.30048,
302.7837,
5077.857,
1106.948,
90.94711,
>>>>>>> 29fc07e (Remove T2MAT folder level)
734.8352,
144.3448,
2229.876,
392.5233,
<<<<<<< HEAD
282.973,
108.8643,
383.5743,
59.80947,
6.798705,
1231.221,
339.4752,
23.22766,
71.39485,
0,
22413.15,
1978, 
1020.176,
8557.544,
88.36341,
35.96249,
138.894,
136.0472,
109.4548,
61.01228,
17.13536,
316.0778,
5265.941,
1163.831,
96.89062,
758.2071,
149.2396,
2332.665,
443.049,
311.1835,
120.7325,
437.5261,
61.91151,
9.522752,
1288.417,
349.7954,
26.09822,
69.31483,
0,
23364.99,
=======
282.9232,
108.8643,
383.5737,
59.80947,
6.798978,
1231.221,
339.4753,
23.22766,
71.39471,
0,
22413.17,
1978, 
1020.176,
8557.543,
88.36341,
35.96301,
138.8887,
136.05,
109.4548,
61.01216,
17.13504,
316.0679,
5265.937,
1163.831,
97.01137,
758.2073,
149.2396,
2332.665,
443.049,
311.1344,
120.7324,
437.5255,
61.91153,
9.523081,
1288.417,
349.7946,
26.09822,
69.31463,
0,
23365.04,
>>>>>>> 29fc07e (Remove T2MAT folder level)
1979, 
1069.449,
8728.632,
94.7359,
<<<<<<< HEAD
37.54338,
155.6617,
151.684,
122.4012,
70.41045,
17.59848,
332.3224,
5490.521,
1172.046,
98.85152,
=======
37.54362,
155.6558,
151.6867,
122.4012,
70.41041,
17.59815,
332.3108,
5490.517,
1172.046,
98.95731,
>>>>>>> 29fc07e (Remove T2MAT folder level)
776.2701,
205.1706,
2386.209,
512.4371,
<<<<<<< HEAD
315.6826,
130.8803,
478.3406,
67.34981,
11.47709,
1357.881,
366.2189,
29.23367,
74.67986,
0,
24253.69,
1980, 
1099.906,
8839.066,
99.3913,
37.88153,
178.7118,
162.2803,
136.8613,
78.80919,
17.81146,
360.1478,
5527.903,
1224.595,
101.791,
812.5292,
224.5313,
2569.984,
567.5014,
329.5328,
136.6579,
467.2999,
71.89979,
14.44793,
1341.032,
383.9915,
30.66959,
68.78979,
0,
24884.02,
1981, 
1156.483,
8910.482,
108.5324,
39.18673,
171.9158,
168.6935,
155.4079,
77.09692,
18.83805,
411.1654,
5582.705,
1233.527,
106.6564,
833.5927,
230.3302,
2718.214,
672.96,
361.6109,
146.5569,
472.05,
76.49432,
14.23657,
1354.125,
408.8092,
32.81543,
65.25387,
0,
25527.74,
=======
315.6554,
130.8803,
478.3397,
67.3491,
11.47745,
1357.881,
366.2189,
29.23367,
74.67969,
0,
24253.75,
1980, 
1099.906,
8839.066,
99.39124,
37.88157,
178.7058,
162.2827,
136.8613,
78.80917,
17.81119,
360.1373,
5527.901,
1224.595,
101.896,
812.5291,
224.5313,
2569.984,
567.5014,
329.5199,
136.6578,
467.3,
71.89835,
14.44841,
1341.032,
383.9914,
30.6696,
68.78959,
0,
24884.1,
1981, 
1156.483,
8910.48,
108.5324,
39.18676,
171.9076,
168.6963,
155.4079,
77.09691,
18.83773,
411.1541,
5582.702,
1233.527,
106.7587,
833.5927,
230.3303,
2718.213,
672.96,
361.6061,
146.5569,
472.0501,
76.49121,
14.23662,
1354.125,
408.8091,
32.81543,
65.13078,
0,
25527.69,
>>>>>>> 29fc07e (Remove T2MAT folder level)
1982, 
1135.482,
8689.765,
113.4111,
<<<<<<< HEAD
40.57785,
180.2511,
171.1206,
170.1903,
85.8194,
20.39914,
432.2645,
5572.04,
1250.283,
116.3066,
851.2328,
238.5744,
2824.45,
797.8197,
385.8766,
154.5342,
503.5536,
81.97142,
17.3322,
1339.933,
415.5435,
35.20693,
65.18194,
0,
25689.12,
1983, 
1186.604,
8879.388,
112.5324,
43.14086,
186.5418,
179.3064,
187.7616,
79.83687,
21.71525,
440.0118,
5703.721,
1306.279,
121.5359,
875.3495,
246.1661,
2972.111,
816.7881,
412.9714,
168.402,
544.6578,
89.59476,
20.33455,
1414.213,
425.7747,
39.14055,
63.80518,
0,
26537.68,
1984, 
1279.252,
9275.71,
121.9226,
44.38401,
208.7219,
184.5802,
207.2632,
74.16449,
21.74719,
486.714,
5911.01,
1364.705,
137.2658,
909.6727,
256.7058,
3161.098,
880.2999,
456.74,
181.2701,
571.7723,
96.62602,
23.92158,
1487.968,
454.8972,
44.1608,
62.89334,
0,
27905.47,
1985, 
1356.82,
9439.755,
106.3669,
43.75695,
226.0758,
187.977,
222.6159,
89.89499,
23.30917,
503.5023,
6129.066,
1366.629,
149.8934,
932.7515,
265.4371,
3281.373,
944.2634,
501.3238,
195.1964,
611.497,
102.1079,
24.83844,
1545.313,
488.2379,
47.68658,
65.24963,
0,
28850.94,
1986, 
1388.587,
9431.972,
119.7516,
46.77039,
239.0653,
212.8153,
219.8301,
94.1068,
24.74331,
517.3866,
6226.547,
1429.65,
171.8741,
954.3557,
269.7981,
3429.291,
1029.155,
547.6234,
210.6439,
671.559,
105.6766,
35.00293,
1567.005,
504.3436,
52.75177,
66.7255,
0,
29567.03,
1987, 
1480.452,
9600.835,
129.6988,
49.4855,
242.2781,
228.9149,
235.1161,
98.10306,
26.71317,
529.8065,
6429.994,
1457.692,
192.3942,
990.6242,
271.7613,
3566.837,
1052.559,
594.1036,
234.0949,
741.657,
113.9284,
40.56751,
1670.616,
531.8109,
58.39321,
65.06826,
0,
30633.5,
1988, 
1515.243,
9994.088,
132.2068,
49.78318,
251.4518,
258.6843,
256.2821,
103.0444,
28.43648,
549.8284,
6710.319,
1449.185,
201.8761,
1022.019,
276.7496,
3655.658,
1210.954,
654.0717,
264.8064,
811.0926,
124.7463,
42.84838,
1765.054,
555.6599,
67.02898,
71.97593,
0,
32023.09,
=======
40.57789,
180.241,
171.1231,
170.1902,
85.8194,
20.39886,
432.2503,
5572.038,
1250.283,
116.416,
851.2328,
238.5745,
2824.45,
797.8197,
385.8764,
154.5343,
503.5535,
81.96918,
17.33226,
1339.933,
415.5434,
35.20694,
65.10699,
0,
25689.13,
1983, 
1186.604,
8879.388,
112.5325,
43.14091,
186.5197,
179.3099,
187.7616,
79.83688,
21.715,
439.9979,
5703.723,
1306.279,
121.6482,
875.3495,
246.1662,
2972.111,
816.7881,
412.9713,
168.4021,
544.6578,
89.59006,
20.33463,
1414.213,
425.7745,
39.14055,
63.77306,
0,
26537.73,
1984, 
1279.252,
9275.708,
121.9226,
44.38403,
208.701,
184.584,
207.2631,
74.16448,
21.74694,
486.7,
5911.01,
1364.705,
137.3699,
909.6729,
256.7058,
3161.098,
880.2997,
456.7392,
181.2701,
571.7723,
96.62356,
23.92166,
1487.968,
454.8969,
44.1608,
62.8799,
0,
27905.52,
1985, 
1356.808,
9439.755,
106.3658,
43.757,
226.0315,
187.98,
222.6158,
89.89498,
23.30893,
503.4875,
6129.066,
1366.629,
149.9969,
932.7515,
265.4371,
3281.373,
944.2632,
501.3234,
195.1965,
611.428,
102.1054,
24.83851,
1545.313,
488.2377,
47.68658,
65.2401,
0,
28850.89,
1986, 
1388.575,
9431.972,
119.7516,
46.77043,
239.0385,
212.8186,
219.83,
94.10679,
24.74303,
517.371,
6226.545,
1429.65,
171.9772,
954.3558,
269.7981,
3429.291,
1029.155,
547.6224,
210.644,
671.559,
105.6768,
35.003,
1567.005,
504.3434,
52.75177,
66.71588,
0,
29567.07,
1987, 
1480.45,
9600.834,
129.6988,
49.48552,
242.2672,
228.9182,
235.1156,
98.10302,
26.71282,
529.7906,
6429.995,
1457.692,
192.4897,
990.6242,
271.7613,
3566.836,
1052.559,
594.1019,
234.095,
741.6569,
113.9285,
40.56756,
1670.616,
531.8106,
58.3932,
65.05855,
0,
30633.56,
1988, 
1515.242,
9994.088,
132.2068,
49.78318,
251.4408,
258.6496,
256.2809,
103.0444,
28.43621,
549.8123,
6710.323,
1449.184,
201.956,
1022.019,
276.7496,
3655.659,
1210.954,
654.0702,
264.8067,
811.0926,
124.7463,
42.84843,
1765.054,
555.6596,
67.02898,
71.96432,
0,
32023.1,
>>>>>>> 29fc07e (Remove T2MAT folder level)
1989, 
1483.342,
10901.34,
140.8454,
<<<<<<< HEAD
53.16127,
267.4715,
246.986,
268.3087,
107.5662,
30.08102,
562.0172,
6922.407,
1467.511,
217.692,
1040.853,
278.4375,
3926.95,
1235.244,
714.745,
288.8085,
871.9695,
136.9057,
47.40181,
1876.493,
596.2153,
69.92013,
69.04436,
0,
33821.72,
1990, 
1436.264,
11106.86,
145.6215,
53.67681,
256.2117,
266.5494,
277.7395,
109.5351,
34.6125,
571.1482,
7072.581,
1388.895,
240.4582,
1122.623,
345.2509,
3836.244,
1322.039,
768.476,
310.1635,
926.4404,
150.6705,
56.30821,
2049.886,
611.2876,
76.10166,
76.83247,
0,
34612.47,
1991, 
1520.971,
11201.1,
149.8858,
52.2224,
272.4785,
250.9765,
292.9842,
111.9585,
36.86197,
572.0171,
7232.287,
1326.275,
245.1617,
1035.051,
295.7865,
3578.147,
1463.872,
836.7239,
327.1017,
1107.925,
162.5718,
63.71798,
2117.667,
628.5201,
81.62891,
84.6722,
0,
35048.56,
1992, 
1556.499,
11404.14,
153.5215,
55.11226,
279.7842,
259.6443,
309.7255,
116.2096,
38.27897,
586.3115,
7283.461,
1229.975,
276.5449,
882.2156,
274.5859,
3096.074,
1556.874,
874.2656,
347.8564,
1223.278,
176.1656,
69.62463,
2143.024,
641.1152,
89.66234,
73.2529,
=======
53.16128,
267.4602,
246.9449,
268.307,
107.5662,
30.08073,
562.0002,
6922.414,
1467.511,
217.7564,
1040.853,
278.4375,
3926.949,
1235.244,
714.7468,
288.8087,
871.9695,
136.9056,
47.40186,
1876.493,
596.215,
69.92011,
69.03201,
0,
33821.71,
1990, 
1436.263,
11106.87,
145.6216,
53.67679,
256.2019,
266.5554,
277.737,
109.5351,
34.61212,
571.1307,
7072.429,
1388.899,
240.5059,
1122.623,
345.2511,
3836.243,
1322.039,
768.481,
310.164,
926.4405,
150.6704,
56.30824,
2049.886,
611.2874,
76.10166,
76.82074,
0,
34612.35,
1991, 
1520.971,
11201.11,
149.8859,
52.22239,
272.471,
250.958,
292.9806,
111.9585,
36.86154,
572.0009,
7232.331,
1326.281,
245.1895,
1035.051,
295.7866,
3578.147,
1463.871,
836.733,
327.1022,
1107.926,
162.5717,
63.71798,
2117.667,
628.5199,
81.62889,
84.65985,
0,
35048.6,
1992, 
1556.499,
11404.15,
153.5216,
55.11226,
279.7776,
259.5921,
309.7213,
116.2096,
38.27847,
586.2977,
7283.499,
1229.989,
276.5526,
882.2156,
274.5859,
3096.075,
1556.873,
874.2772,
347.857,
1223.277,
176.1655,
69.62463,
2143.025,
641.115,
89.66232,
73.24719,
>>>>>>> 29fc07e (Remove T2MAT folder level)
0,
34997.2,
1993, 
1610.648,
11678.13,
<<<<<<< HEAD
155.1111,
56.25817,
291.0233,
274.2476,
335.1377,
116.6375,
39.7077,
610.7186,
7298.413,
1224.982,
303.4851,
801.2318,
231.332,
3130.287,
1603.986,
923.4086,
385.4872,
1262.599,
194.2899,
77.83173,
2167.243,
661.8974,
93.5687,
74.89023,
0,
35602.55,
1994, 
1699.403,
11974.62,
166.9052,
60.35763,
299.2108,
291.2495,
357.9743,
116.6322,
40.54221,
631.9733,
7453.978,
1295.227,
319.3278,
730.557,
227.8923,
2761.042,
1705.699,
990.9883,
432.8051,
1370.021,
219.3758,
86.55473,
2267.631,
682.5681,
98.37183,
72.59665,
0,
36353.5,
1995, 
1717.086,
12318.42,
169.9525,
63.69678,
314.1874,
305.0908,
378.6151,
123.3258,
44.28325,
640.4877,
7650.236,
1299.505,
357.071,
766.4138,
226.1076,
2754.282,
1790.839,
1074.698,
482.8529,
1490.932,
243.2129,
100.4011,
2305.06,
701.7986,
104.592,
74.19006,
0,
37497.34,
1996, 
1768.09,
12615.65,
162.1064,
67.02727,
329.8503,
319.343,
427.8808,
128.4738,
46.3447,
668.2766,
7772.868,
1430.746,
388.2513,
768.6699,
218.4147,
2719.837,
1865.739,
1133.938,
535.288,
1565.83,
264.9106,
116.5101,
2372.291,
716.4324,
109.6288,
66.99332,
0,
38579.39,
1997, 
1794.264,
12920.19,
174.7037,
72.52695,
346.98,
344.9538,
460.6667,
129.0093,
49.94375,
692.3881,
7928.047,
1457.584,
423.1375,
761.6976,
214.3736,
2676.606,
2017.888,
1196.044,
585.3304,
1660.247,
283.6655,
123.0142,
2426.219,
739.9269,
113.8067,
70.29782,
0,
39663.51,
1998, 
1772.36,
13230,
187.8176,
77.79247,
357.7238,
363.5625,
491.8447,
125.9948,
51.34717,
682.2135,
8104.992,
1478.366,
450.8419,
732.0541,
206.3665,
2709.324,
2276.146,
1280.419,
574.0344,
1740.482,
279.6653,
126.7809,
2431.172,
783.4292,
117.968,
91.88129,
0,
40724.57,
1999, 
1808.983,
13433.88,
198.6012,
83.89232,
371.5749,
363.8885,
521.2365,
132.2802,
52.8501,
680.4774,
8198.571,
1448.059,
466.1068,
759.8488,
202.8201,
2781.925,
2181.883,
1375.69,
638.8704,
1812.986,
299.0743,
148.0257,
2468.012,
824.7054,
117.8355,
99.44624,
0,
41471.52,
2000, 
1862.723,
14056.55,
211.5441,
85.8421,
385.2501,
382.4918,
555.1208,
136.4384,
54.78197,
712.5856,
8233.925,
1539.884,
503.9484,
751.3576,
206.795,
2919.704,
2198.635,
1452.44,
756.191,
2049.3,
324.6759,
159.5296,
2577.531,
848.0419,
128.5079,
108.2366,
0,
43202.03,
2001, 
1816.741,
13379.4,
217.8178,
88.14159,
377.3854,
380.3329,
587.2446,
145.1077,
57.31907,
689.0549,
8216.236,
1679.079,
511.1082,
800.095,
198.3917,
3050.198,
2298.49,
1507.699,
807.5603,
2258.657,
344.9304,
168.4209,
2556.884,
898.8673,
144.2054,
121.9357,
0,
43301.3,
2002, 
1841.27,
13730.95,
220.9967,
91.9101,
400.2646,
375.7524,
614.9138,
154.1787,
57.48415,
745.5128,
8028.687,
1605.132,
539.5684,
795.1676,
202.1995,
2944.435,
2386.734,
1553.73,
862.9438,
2445.948,
365.7003,
178.3669,
2611.299,
897.3185,
152.1188,
129.9191,
0,
43932.5,
2003, 
1792.672,
13846.21,
270.5548,
93.97657,
416.4992,
394.8934,
646.1078,
152.245,
60.92315,
780.3483,
7963.413,
1614.084,
582.7248,
823.3882,
215.0457,
3000.281,
2509.429,
1657.163,
900.2751,
2803.022,
395.2888,
186.3074,
2612.133,
853.2807,
161.523,
124.3671,
0,
44856.16,
2004, 
1818.877,
14240.27,
269.8676,
94.54935,
445.4957,
421.2989,
684.6375,
168.1959,
66.08598,
806.3162,
7884.784,
1709.108,
622.0587,
860.2629,
222.8512,
3095.232,
2672.821,
1764.998,
949.2018,
3214.855,
422.1377,
198.8683,
2692.486,
873.2141,
174.5772,
133.4778,
0,
46506.53,
2005, 
1775.027,
14205.93,
283.3763,
99.50399,
458.3857,
438.4017,
700.2004,
178.5921,
71.35345,
816.5655,
7786.789,
1679.142,
659.8243,
835.2254,
228.2402,
3493.333,
2682.939,
1878.247,
1011.511,
3638.848,
455.4117,
212.4116,
2763.959,
866.5447,
187.964,
143.646,
0,
47551.37,
2006, 
1708.701,
14009.67,
291.2762,
105.3148,
479.0306,
463.6033,
742.2212,
189.2679,
76.11848,
855.3786,
7628.063,
1703.825,
708.1146,
872.5941,
233.4929,
3506.852,
2837.534,
2033.336,
1043.075,
4182.338,
481.4656,
216.2711,
2810.811,
861.9756,
198.9544,
147.2116,
0,
48386.49,
2007, 
1810.546,
13963.24,
302.5293,
108.2904,
507.7174,
475.1934,
821.8243,
200.0999,
83.14445,
876.291,
7384.367,
1691.129,
765.2966,
886.0606,
243.1299,
3524.707,
3059.927,
2183.93,
1102.112,
4821.797,
510.2217,
220.7971,
2897.305,
902.778,
205.7883,
150.9808,
0,
49699.2,
2008, 
1798.187,
13369.64,
306.9431,
106.5258,
528.8588,
506.7938,
859.3749,
204.1429,
83.41149,
872.7752,
7345.198,
1689.02,
774.186,
839.1837,
223.1415,
3586.369,
3192.406,
2101.612,
1180.882,
5364.201,
522.9274,
225.7515,
2802.639,
899.8297,
214.3777,
153.4856,
0,
49751.86,
2009, 
1718.224,
12333.32,
304.5126,
106.3577,
534.577,
512.4514,
979.0182,
212.605,
92.05245,
851.2219,
6861.276,
1633.931,
754.6059,
724.4411,
213.9502,
3378.944,
3522.736,
2257.094,
1237.595,
6262.616,
549.3271,
230.8208,
2809.042,
814.7662,
223.5797,
166.6793,
0,
49285.75,
2010, 
1707.849,
12360.82,
322.9584,
111.1583,
593.7175,
507.1559,
1066.244,
229.9976,
107.0622,
887.1885,
7298.949,
1701.827,
812.8433,
744.8472,
236.0934,
3392.69,
3691.416,
2434.544,
1337.12,
7649.375,
600.2752,
248.9656,
2964.596,
834.1943,
231.4498,
175.9856,
0,
52249.32,
2011, 
1784.756,
11535.96,
358.1035,
116.3307,
615.4097,
524.566,
1103.726,
237.3408,
127.0062,
896.2224,
7638.179,
1733.92,
883.4951,
759.9153,
228.403,
3467.827,
3852.424,
2710.727,
1395.337,
9507.566,
632.6328,
265.3046,
3039.937,
809.0313,
247.5687,
179.7556,
0,
54651.45,
2012, 
1743.7,
11163.9,
379.4774,
120.6334,
648.9523,
560.4635,
1175.241,
244.5608,
142.8354,
891.5183,
8123.473,
1672.218,
955.3433,
765.0994,
243.2413,
3475.315,
4118.812,
2864.661,
1459.425,
11114.43,
706.7933,
277.8106,
3242.804,
822.2548,
268.0856,
184.72,
0,
57365.77,
2013, 
1650.972,
10872.82,
362.694,
126.7482,
676.1641,
602.3596,
1245.854,
275.7026,
156.9635,
932.2008,
7861.174,
1669.882,
970.3998,
747.7422,
292.0303,
3489.086,
4381.141,
3080.464,
1536.894,
13488.91,
788.3342,
306.0009,
3975.761,
856.5041,
305.6919,
194.7659,
0,
60847.26,
2014, 
1609.312,
10801.76,
382.7408,
131.6766,
718.3961,
606.5669,
1326.8,
292.6451,
180.3037,
1082.223,
7959.043,
1649.209,
1026.486,
712.4546,
266.81,
3521.772,
4765.572,
3491.042,
1641.938,
16178.23,
920.1191,
328.7056,
5108.621,
831.9778,
336.0202,
221.5218,
0,
66091.95,
2015, 
1519.122,
11033.09,
398.415,
143.8129,
721.6334,
650.9663,
1504.572,
321.9518,
206.7333,
1166.616,
7322.678,
1599.007,
1098.612,
655.8817,
277.5372,
3542.612,
5335.771,
3863.804,
1800.85,
19928.22,
1040.448,
350.3811,
6631.66,
873.9674,
362.2047,
233.1814,
0,
72583.73,
2016, 
1500.079,
10902.39,
422.6337,
147.6046,
759.3638,
659.4471,
1656.55,
336.0603,
220.6939,
1348.621,
7673.833,
1617.778,
1278.618,
656.908,
329.641,
3547.991,
5913.553,
4428.04,
1958.908,
23587.79,
1274.594,
378.7902,
7920.582,
935.0018,
429.119,
228.0372,
0,
80112.63,
2017, 
1546.847,
11228.4,
429.5166,
147.0464,
810.8747,
660.1444,
1720.007,
361.1909,
237.4783,
1539.792,
7934.696,
1615.453,
1726.62,
677.0391,
417.3818,
3614.294,
6083.014,
5110.921,
2186.713,
29354.02,
1407.043,
403.8653,
9236.455,
1021.419,
494.1235,
249.425,
0,
90213.77,
2018, 
1502.495,
11710.83,
460.3737,
155.3471,
845.9387,
670.4202,
2020.352,
408.7073,
292.3855,
1818.636,
8522.997,
1844.942,
2830.936,
751.7073,
432.9543,
3620.264,
6174.781,
6037.98,
2478.148,
36031.48,
1541.816,
472.1352,
10561.88,
1180.369,
542.8903,
280.0772,
0,
103190.8,
2019, 
1555.186,
11836.05,
458.0235,
161.412,
904.2334,
635.7079,
2250.222,
449.0653,
337.2342,
1908.233,
9791.929,
1769.217,
3171.679,
938.8964,
474.2907,
3686.075,
7275.767,
6722.156,
2923.128,
42049.66,
2110.417,
517.8292,
11910.01,
1372.126,
579.3201,
327.7031,
0,
116115.6,
2020, 
1528.993,
11435.36,
474.3067,
151.9427,
876.4107,
628.9158,
2316.19,
484.4218,
360.1761,
2086.324,
10992.33,
1929.522,
3530.036,
1031.903,
450.5169,
3584.627,
7976.363,
7079.057,
3471.366,
51198.34,
2836.599,
521.7471,
13455.71,
1605.551,
613.7084,
333.8098,
0,
130954.2,
2021, 
1572.207,
12518.81,
504.4044,
166.3672,
966.9208,
706.0663,
2452.313,
537.2901,
407.9021,
2220.533,
11695.86,
2251.438,
3997.787,
1084.31,
555.637,
3758.318,
8687.148,
8036.284,
4206.658,
62338.93,
4249.303,
562.483,
15027.82,
1954,
707.0153,
369.9613,
0,
151535.8,
2022, 
1603.383,
13482.89,
542.8986,
177.4516,
1022.62,
705.7774,
2516.911,
639.5327,
471.8651,
2250.269,
13238.6,
2544.863,
4511.804,
954.6548,
623.2112,
3725.369,
10335.15,
9566.509,
4634.022,
72646.88,
4431.415,
615.9471,
16392.51,
2349.717,
818.4141,
495.1474,
0,
171297.8,
2023, 
1587.405,
15286.61,
568.9632,
185.2938,
1096.846,
724.1882,
2733.126,
764.2739,
506.3446,
2253.214,
15512.8,
3003.104,
5083.11,
982.5101,
716.4857,
3785.605,
12141.46,
10548.21,
5150.56,
98354.74,
4789.759,
682.5792,
17105.57,
2899.445,
862.8463,
533.5128,
0,
207858.6,
2024, 
1368.659,
18052.57,
583.174,
193.6501,
1140.597,
754.199,
3016.704,
853.6686,
539.1707,
2390.541,
17835.85,
3591.592,
8158.294,
805.3628,
804.3876,
3797.451,
13319.17,
12660.03,
5703.108,
128510.9,
5087.019,
736.5263,
17533.16,
3758.172,
950.5164,
587.2347,
0,
252731.7,
2025, 
1382.063,
22272.56,
590.5343,
275.1578,
1292.469,
796.9242,
3233.213,
960.8172,
804.1968,
3161.728,
19659.24,
4010.138,
8948.949,
846.8197,
875.5355,
3789.909,
29374.44,
17325.04,
6272.629,
141879.7,
5791.354,
1399.011,
20317.44,
4888.263,
1263.89,
664.5239,
0,
302076.5,
2026, 
1356.87,
25819.35,
636.0967,
289.3763,
1301.278,
825.8187,
2942.196,
1031.365,
1019.456,
2926.667,
21193.25,
4043.611,
8450.176,
921.2438,
1401.753,
3778.743,
46274.55,
21527.39,
7034.144,
176332,
6280.814,
1664.391,
24573.56,
5840.06,
1632.415,
651.2455,
0,
369747.9,
2027, 
1342.752,
28967.69,
679.7678,
363.9351,
1313.739,
866.2463,
2711.116,
1340.877,
1270.887,
2655.728,
22887.21,
4335.3,
8278.7,
1053.848,
2276.479,
3760.155,
54922.87,
26334.86,
7027.659,
209535.5,
7284.392,
2802.354,
27721.79,
7165.255,
2226.272,
614.8202,
0,
429740.2,
2028, 
1403.247,
31575.27,
727.2669,
477.106,
1326.743,
904.8868,
2454.395,
1902.629,
1516.045,
2432.93,
25131.25,
4745.3,
8155.484,
1190.492,
3657.11,
3728.836,
58661.99,
32566.52,
6997.545,
247497.5,
9853.854,
4970.397,
29534.05,
8680.043,
3345.499,
571.5207,
0,
494007.9,
2029, 
1534.452,
33957.21,
784.0093,
596.0749,
1351.618,
1106.894,
2226.316,
2669.614,
1693.862,
2299.584,
27151.32,
6023.347,
8507.855,
1271.343,
5373.135,
3700.695,
62928.31,
39894.77,
7002.92,
286490.8,
13094.24,
7902.229,
45775.34,
10599.49,
4553.038,
519.8613,
0,
579008.4,
2030, 
1724.567,
36011.32,
1096.026,
773.4567,
1367.484,
1377.168,
1953.431,
3539.324,
1686.947,
3969.668,
29966.16,
6944.949,
8890.788,
1401.796,
8184.585,
3684.02,
65826.04,
47762.62,
7030.114,
324779.1,
16626.49,
11012.18,
39683.55,
12681.47,
5713.659,
438.7138,
0,
644125.6,
2031, 
1972.529,
37154.64,
1424.829,
1026.476,
1393.115,
1746.502,
1832.082,
3869.274,
1510.389,
3556.239,
36926.73,
8679.528,
8713.118,
1541.303,
11525.25,
3641.138,
59971.62,
55575.36,
7118.872,
371102.2,
20326.4,
14943.01,
41461.66,
14554.22,
6789.866,
352.2984,
0,
718708.6,
2032, 
2311.046,
40085.99,
1728.676,
1443.536,
1454.765,
2295.942,
1893.067,
3841.462,
1273.771,
3129.173,
109525,
25837.81,
8566.177,
1685.5,
14924.32,
3616.683,
54604.61,
65517.88,
7518.328,
426426,
24487.05,
17363.52,
44293.37,
16697.99,
7767.563,
276.3952,
0,
888565.6,
2033, 
2689.668,
42057.07,
1902.952,
2221.751,
1544.724,
3030.48,
2283.348,
3674.454,
986.9529,
2706.042,
183173.3,
65429.88,
8612.26,
1796.524,
17507.5,
3547.929,
49276.26,
80342.92,
8016.62,
484254.4,
27819.97,
20224.66,
47439.91,
18958.36,
8725.63,
203.1488,
0,
1088427,
2034, 
3095.204,
44555.26,
1969.347,
3076.868,
1646.67,
4483.91,
2991.238,
3389.471,
729.4161,
2295.668,
314317,
161861.1,
8799.954,
1922.385,
19701.32,
3519.271,
44947.57,
103686.6,
8723.353,
565134.4,
31635.98,
23552.6,
51551.02,
21414.88,
10158.57,
134.5496,
0,
1439294,
2035, 
3409.588,
46787.29,
2006.188,
3973.594,
1778.713,
8514.166,
3915.762,
3025.896,
494.453,
1896.406,
485463,
321190.7,
9077.295,
2033.276,
22085.99,
3493.379,
41246.74,
133397,
9598.984,
657602.8,
36301.59,
27806.6,
54673.82,
24290.95,
12685.18,
76.73898,
0,
1916826,
2036, 
3743.375,
57011.09,
2001.016,
4896.267,
2037.081,
17760.63,
4984.315,
3433.611,
465.4412,
1935.156,
640502.3,
369181.3,
11328.02,
2124.032,
25481.66,
3477.834,
45111.93,
165681.2,
11557.44,
757635.4,
42217.69,
32279.35,
57501.18,
27364.08,
16072.5,
88.05852,
0,
2305872,
2037, 
4214.201,
86175.77,
2033.984,
6126.498,
2435.484,
33117.77,
6031.55,
3873.12,
444.3332,
2041.863,
742280.7,
406091.3,
13501.57,
2255.198,
29103.11,
3470.011,
49376.31,
206240.3,
12584.45,
860633.9,
49226.24,
38328.27,
60542.44,
30942.55,
20618.98,
105.0531,
0,
2671795,
2038, 
4861.316,
126482.3,
2220.605,
7880.772,
2480.2,
54624.6,
6932.193,
4331.259,
427.066,
2162.198,
804537.9,
433934.1,
15544.75,
2474.297,
35979.82,
3465.116,
57228.02,
251031.9,
12659.18,
1037956,
57503.37,
44155.34,
63649.8,
35035.64,
26239.04,
138.8519,
0,
3093936,
2039, 
5677.908,
188436.2,
2624.874,
9756.246,
2424.662,
86560.94,
7637.422,
4848.857,
414.831,
2282.182,
882441.6,
448229.4,
17426.67,
2804.508,
45801.93,
3465.296,
77839.29,
338387.6,
12665.47,
1309506,
67349.21,
53140.19,
66016.88,
38828.56,
32680.95,
183.6533,
0,
3707431,
2040, 
7552.887,
276888.7,
3125.542,
11998.05,
2384.139,
121334.8,
8112.834,
5419.775,
406.6304,
2404.835,
924541,
464211.6,
18939.41,
3186.432,
58324.85,
3487.794,
104625.1,
486935.1,
12469.3,
1516873,
79021.16,
60848.68,
67985.23,
41713.64,
40193.75,
242.2546,
0,
4323227,
2041, 
9916.621,
372469.2,
3858.238,
14183.38,
2357.416,
145989.7,
8586.054,
6098.855,
401.7184,
2652.628,
945887.6,
469843.1,
20858.28,
3520.62,
83368.53,
3554.18,
131904.8,
656743.5,
12230.71,
1776665,
91967.77,
70056.1,
69016.55,
44715.1,
48496.93,
316.107,
0,
4995659,
2042, 
13034.82,
457583.7,
6180,
20285.92,
2428.705,
170345.4,
9077.234,
6883.299,
401.4868,
3219.948,
960561,
481202.5,
23709.68,
3680.559,
112004.5,
3656.311,
168428,
826309.8,
12169.72,
2026622,
105414.8,
81865.58,
69460.7,
47649.54,
56993.79,
434.4206,
0,
5669604,
2043, 
19028.47,
592848.3,
9473.704,
27595.86,
2508.426,
208593.8,
9599.18,
7719.379,
403.4911,
3785.795,
971704.6,
488919.9,
26621.98,
3821.722,
141850.2,
3783.75,
218521.2,
988127.6,
12162.85,
2277464,
118989,
89785.4,
69164.34,
50494.45,
68248.02,
635.6821,
0,
6411851,
2044, 
29493.52,
749122.3,
13999.37,
36255.68,
2597.555,
250446.6,
10406.51,
8625.863,
411.1816,
4657.582,
976550.5,
496463.3,
28914.1,
3946.79,
170618.4,
3923.526,
281075.8,
1191013,
12169.03,
2519655,
132876.3,
103686.5,
68726.91,
52922.13,
81960.67,
978.343,
0,
7231497,
2045, 
43339.25,
890734.2,
22772.21,
47174.02,
2750.566,
298621.5,
14114.48,
10517.2,
424.8373,
5755.333,
972587.6,
504069.3,
35914.6,
4096.854,
198083.2,
4185.504,
372754.4,
1452058,
12337.43,
2833313,
146714.1,
118155.3,
66974.02,
55457.39,
98546.18,
1511.785,
0,
8212962,
2046, 
62013.93,
1044380,
53214.55,
59594.44,
2935.441,
355020.9,
20536.31,
12261.04,
436.187,
6757.318,
964999.9,
507260.5,
44644.2,
4258.837,
219858.1,
4686.132,
427247.2,
1680258,
12571.21,
3214757,
161101.3,
127341.7,
62902.64,
56437.24,
114871.6,
2170.655,
0,
9222515,
2047, 
84220.47,
1203536,
101585.4,
71493.46,
3160.407,
411388.3,
29162.89,
13963.91,
747.2269,
8335.488,
952613.8,
508779.3,
55761.63,
4428.325,
239417.6,
5409.354,
504825.7,
1923293,
12495.94,
3648674,
180700.8,
138353.8,
57901.81,
57288.02,
135962.2,
2584.946,
0,
1.035608e+07,
2048, 
117308.1,
1327498,
157851.7,
83700.55,
3484.695,
484366.6,
39980.6,
15898.56,
1623.419,
10682.32,
950384.1,
509472.6,
72168.32,
4615.596,
259181.9,
6279.539,
563017.7,
2122254,
12047.97,
4109006,
228856.6,
148956.8,
53826.86,
59034.63,
157143.3,
3006.204,
0,
1.150165e+07,
2049, 
160754.1,
1493290,
186129.8,
97689.07,
3870.302,
541175.2,
51969.86,
18405.77,
4121.994,
13625.24,
947589.9,
510291.2,
91339.66,
4828.703,
277117.4,
7260.115,
603599.2,
2284967,
11727.89,
4528550,
272541.8,
161196.5,
51020.6,
61000.25,
180049.1,
3470.276,
0,
1.256758e+07,
2050, 
203871.5,
1683370,
221729.5,
114726.2,
4298.722,
597027.1,
64529.84,
21415.88,
4949.173,
16745.05,
961702.1,
510958.4,
109018.1,
5558.121,
299201.2,
8222.104,
622792.4,
2351195,
11564.04,
4888326,
305731.1,
168833.9,
50860.09,
63619.3,
204407.1,
3985.893,
0,
1.349864e+07,
2051, 
226542.1,
1942580,
253635.9,
133676.9,
4765.656,
656686.9,
76147,
24524.6,
5569.663,
20989.23,
981765.6,
509580.7,
132245.3,
7172.86,
314966.7,
9053.485,
644808.1,
2384224,
11711.48,
5303823,
332892.8,
170501.8,
52810.96,
66292.27,
234551.9,
4479.607,
0,
1.4506e+07,
2052, 
257063.4,
2148120,
287798.4,
154413.9,
5194.339,
714427.9,
89122.76,
28652.77,
6172.946,
27634.67,
1004204,
507259.3,
151953.4,
9712.056,
328997.4,
9924.284,
673127.6,
2393737,
11965.59,
5676586,
347796.6,
172177.8,
55911.35,
68801.7,
272165.5,
4963.988,
0,
1.540788e+07,
2053, 
281666.6,
2372882,
324430.7,
172189.7,
5578.108,
763055.9,
104472.3,
34642.23,
8126.252,
38966.83,
1014850,
504384.5,
169934.1,
13299.75,
343401.7,
11260.65,
727841.4,
2392187,
12906.09,
6039790,
344113.8,
170395.8,
60328,
72959.33,
318354.4,
5397.974,
0,
1.630741e+07,
2054, 
292531.5,
2555269,
369432.1,
196019.6,
5990.095,
808245.8,
131718.7,
41115.32,
10863.86,
53090.39,
995675.6,
501447.8,
179992.1,
17967.44,
357858.9,
13695.81,
774353.1,
2342777,
13235.7,
6430945,
347341.5,
166092.7,
65750.67,
79169.55,
382891.3,
6096.782,
0,
1.713957e+07,
2055, 
299739.8,
2677867,
415796.6,
209836.6,
6924.146,
847375.4,
156162.6,
48219.69,
12631.03,
69839.32,
991685.2,
499874.8,
196616,
23822.85,
370018.7,
16826.1,
832318,
2274224,
13472.93,
6813432,
362537,
160485.5,
72067.46,
87684.69,
444189.1,
7018.49,
0,
1.791066e+07,
2056, 
303546.4,
2823882,
452061.5,
217436.3,
8113.283,
886483.8,
213541.6,
55435,
14509.52,
89477.24,
991556.1,
496042.3,
211924.4,
32622.34,
387754.1,
19128.18,
947921.4,
2214493,
13618.3,
7128009,
375742.3,
158250.2,
76144.19,
101730.5,
481165.4,
8217.606,
0,
1.870881e+07,
2057, 
306221.3,
2959896,
474151.8,
220433.5,
9743.434,
921475.6,
286845.4,
63300.28,
15628.63,
111784.6,
1002015,
492161.2,
224592.2,
43236.09,
409758.9,
19728.24,
1051089,
2168710,
13863.63,
7443244,
389476.5,
158057.1,
78745.58,
114601.9,
549481.9,
9975.85,
0,
1.953822e+07,
2058, 
307777.2,
3035054,
496053.8,
230185.6,
12008.79,
957719.7,
367450.7,
72321.27,
19485.65,
136593.5,
1007728,
486657.2,
235131.1,
55927.5,
437490.8,
20229.35,
1124854,
2129893,
14361.77,
7668040,
394078.1,
157449.8,
78252.07,
125960.3,
646479.6,
12281.03,
0,
2.022946e+07,
2059, 
309168.3,
3081754,
519798.3,
237884,
15266.8,
996407.1,
431001.4,
84836.12,
29020.25,
162578.1,
987327.4,
479775.3,
242601,
69550.92,
462686.8,
20681.93,
1271975,
2101298,
14385.46,
7780741,
386759.9,
157949.4,
75252.61,
135728.7,
757967.4,
15293.03,
0,
2.082769e+07,
2060, 
310663.1,
3120013,
543430.3,
243469.4,
18932.86,
1025761,
479920.6,
98396.28,
52076.98,
196843,
940366.6,
472025.6,
247090.5,
85033.62,
489770.2,
21233.24,
1322648,
2093412,
14307.81,
7875026,
371543.7,
164342.8,
81128.37,
146350.5,
886298.4,
18783.69,
0,
2.131887e+07,
2061, 
311834.6,
3159836,
566556.4,
248217.6,
23861.12,
1054927,
522025.7,
111846.3,
97052.38,
228492.8,
881599.3,
454740.4,
250977.5,
105078.3,
513543.5,
21980.03,
1339807,
2109240,
15360.32,
7948869,
356897.9,
163884.8,
82901.01,
157395.9,
1002679,
22707.24,
0,
2.175231e+07,
2062, 
312688.9,
3205407,
589859.6,
251641.8,
29175.71,
1084077,
545030.8,
128168.7,
195497.1,
257578.3,
775197.3,
436648.9,
253204,
129191.2,
536180.6,
22861.48,
1362076,
2136786,
16136.78,
8021238,
345047.3,
161549.4,
84629.68,
170078.5,
1126927,
27595.83,
0,
2.220447e+07,
2063, 
313404.9,
3268194,
613615.3,
255378,
35741.61,
1119305,
568692.7,
155473.4,
315260.3,
285832.2,
699001.1,
418712.4,
250597.9,
156266,
562603,
29483.34,
1379137,
2177163,
16451.86,
8089626,
344339.1,
160187.9,
85748.57,
185731.2,
1238541,
33737.52,
0,
2.275822e+07,
2064, 
313702.1,
3329285,
634645.4,
261801.9,
44102.47,
1153525,
604462.1,
174540.9,
440114.9,
311406.4,
644090.5,
412909.2,
248346.3,
181860.4,
589718.9,
38883.5,
1402952,
2192351,
16929.39,
8179838,
368813.7,
161091.7,
86061.04,
203003.4,
1332993,
40657.12,
0,
2.336808e+07,
2065, 
299167.3,
3397164,
653538.8,
271323,
56050.2,
1197055,
668472.2,
213028.5,
515813.5,
336821.3,
643438.9,
413960.4,
249123.8,
201480.9,
617672.7,
48214.59,
1431009,
2217153,
17497.37,
8277343,
408212.5,
163416,
85862.76,
219957.9,
1448946,
49571.72,
0,
2.410129e+07,
2066, 
277212.2,
3474488,
675281.4,
278846.2,
76352.34,
1256221,
749950.2,
243438.2,
575126.4,
356303.7,
644896.8,
411156.3,
253883.1,
213506.2,
647110,
59525.83,
1478421,
2233149,
18188.18,
8392482,
436784.9,
165852.9,
86242.9,
238001.5,
1587574,
62025.86,
0,
2.489202e+07,
2067, 
253478.6,
3563295,
694887,
285743.4,
101893.9,
1318788,
858534,
276566.2,
629621.8,
369746.3,
666599.7,
421269.1,
260766.9,
225013.5,
677237.5,
73043.43,
1544232,
2188972,
18910.69,
8453801,
470895.3,
167664,
87260.93,
258170.7,
1734749,
77924.63,
0,
2.567906e+07,
2068, 
231489.5,
3662511,
727727.4,
293163.3,
133087.2,
1390937,
948708.1,
309671.6,
667950.2,
383807.3,
692644.6,
427543,
269414.1,
233661.6,
704523.4,
90123.01,
1634905,
2096328,
19615.46,
8478648,
503261.2,
168315.8,
89364.72,
280837.2,
1896036,
98077.46,
0,
2.643235e+07,
2069, 
206615.2,
3721507,
777480.5,
292737.7,
175563,
1430425,
1053893,
337806.6,
706593.8,
399643.9,
725545.1,
431444.7,
277728.8,
240872.9,
731703.1,
127747.9,
1747051,
2008763,
20282.37,
8513369,
520882.1,
167222.8,
91737.56,
307134.8,
2072678,
119621.8,
0,
2.720605e+07,
2070, 
182324,
3779434,
808990.9,
287329.1,
228971.1,
1448931,
1146741,
362601.7,
745947.4,
416025.2,
783960.9,
434093.8,
282137.1,
241199,
756820.9,
163820.8,
1866551,
1955655,
20951.92,
8533604,
520068.6,
166798.8,
93474.73,
336001.5,
2274556,
146947.7,
0,
2.798394e+07,
2071, 
157060.2,
3836870,
836240.8,
280009.9,
289733.3,
1462228,
1222761,
405554.9,
780542.2,
438262.5,
864683.9,
435584.3,
283197.1,
241040.6,
781988.8,
202711.9,
1931488,
1953392,
21477.28,
8539080,
522077.9,
168130.4,
94246.8,
366338.7,
2494139,
172606.5,
0,
2.878145e+07,
2072, 
141898.8,
3884049,
878045.1,
270156.2,
401423.9,
1497416,
1280993,
465662.6,
831591.9,
468499.7,
944341.3,
439481.2,
282398.7,
240078.1,
803432.9,
249881.7,
1983507,
1987500,
21766.68,
8588698,
516254.1,
173272.1,
94119.88,
395678.8,
2660914,
197637.6,
0,
2.96987e+07,
2073, 
134254.5,
3922390,
918819.2,
262033.1,
524401.9,
1552477,
1327185,
535054.5,
884266,
495500.1,
982097.5,
447222.9,
284138,
238304.4,
820745.7,
294625.2,
2033433,
2040978,
22278.94,
8697843,
525067.1,
182412.8,
92477.7,
423425.8,
2800995,
223307.7,
0,
3.066573e+07,
2074, 
130364.4,
3964625,
942198.8,
260004,
651615.9,
1573273,
1364847,
613169.8,
944766.4,
521870.2,
1020267,
462820.3,
283922.2,
236017.6,
832918,
339572.8,
2093868,
2088557,
23405.18,
8862446,
539449.1,
196960.8,
88910.05,
450573.9,
2936941,
247302.5,
0,
3.167066e+07,
2075, 
131059.1,
3993589,
972705.9,
266195.7,
778819.5,
1546244,
1426649,
703884.4,
1041115,
540816.8,
1047591,
480481.9,
282747.1,
232957,
842838.9,
379320.3,
2173577,
2081724,
24363.8,
9037651,
555464.9,
210535.6,
83846.37,
479183.6,
3064462,
279255,
0,
3.265708e+07,
2076, 
132146.6,
4015907,
1008984,
276675.8,
900680.2,
1552192,
1514596,
824602.7,
1115862,
554429.4,
1081300,
493206.3,
279166.6,
229899.3,
850116.9,
414676.2,
2280950,
2034024,
25758.36,
9186604,
559879.2,
221773.7,
79055.23,
499308.5,
3184658,
300111.3,
0,
3.361656e+07,
2077, 
135512.3,
4032128,
1036726,
291155.1,
1042319,
1565551,
1570238,
934708.1,
1176708,
570200.3,
1083137,
507368.1,
274369.4,
227242.6,
858822.8,
447434,
2387747,
1988131,
27246.78,
9360055,
565555.8,
227802.6,
76138.3,
520020,
3287548,
327382.5,
0,
3.452124e+07,
2078, 
142766.8,
4037293,
1078720,
303813.9,
1198049,
1575472,
1620503,
1043068,
1246399,
581080.6,
1072688,
521230.8,
268627.5,
225195.6,
869379.9,
476425.3,
2490924,
1972195,
28471.87,
9411117,
574030.5,
231686,
74031.17,
541366.1,
3379450,
371194.3,
0,
3.533518e+07,
2079, 
154765.8,
4044856,
1131587,
311013.9,
1338547,
1589330,
1667382,
1176576,
1329073,
592775.3,
1045679,
534748.7,
264025.8,
223627,
883683,
499525,
2570444,
1975706,
29679.38,
9370578,
586692.9,
234812.6,
73229.11,
562232.6,
3451559,
431029.9,
0,
3.607316e+07,
2080, 
169064.9,
4059539,
1194092,
308201.9,
1507456,
1603128,
1708730,
1296491,
1424199,
620882.9,
1026638,
547779.2,
262125.2,
223062.7,
896838.4,
526863.3,
2655044,
1974168,
31147.15,
9311903,
607887.1,
235435.6,
76348.87,
583241.4,
3517469,
508364.2,
0,
3.68761e+07,
2081, 
189330.9,
4079408,
1237028,
305032.5,
1663840,
1613666,
1753241,
1367116,
1523962,
649337.4,
1015553,
561907.4,
263526.2,
222330.7,
910724.3,
548779.6,
2753261,
1995550,
31719.98,
9350287,
650117.7,
231918,
79950.56,
606872.3,
3570156,
583139.8,
0,
3.775775e+07,
2082, 
217198,
4098148,
1301626,
300301.7,
1793288,
1623714,
1799995,
1460971,
1610929,
682002.7,
1041824,
574818.4,
270489.1,
222320.9,
922253,
568565.3,
2854487,
2012670,
33949.47,
9401050,
679606.3,
230401.6,
83931.04,
628301.8,
3609987,
659216.3,
0,
3.868204e+07,
2083, 
256637.5,
4112627,
1348739,
300030.8,
1925519,
1631532,
1854565,
1613305,
1685382,
713481.1,
1094016,
586501.4,
277052.4,
222901,
933857.3,
585804.3,
3004386,
2021003,
36071.1,
9439503,
686547.4,
227559.3,
87516.79,
645458.4,
3647789,
716619.9,
0,
3.96544e+07,
2084, 
313048.5,
4119284,
1385724,
303223.5,
2049024,
1637227,
1948838,
1824993,
1782035,
739001.3,
1154453,
596314.1,
284080.6,
223667,
944535.3,
603197.7,
3157112,
2007222,
39636.48,
9446136,
676710.6,
226784.9,
90842.96,
661617.3,
3743279,
775517.1,
0,
4.07335e+07,
2085, 
380468.8,
4116708,
1423551,
305363.2,
2105012,
1639925,
2043991,
2044578,
1843432,
760449,
1207553,
602065.5,
291417.2,
224752.6,
956118.9,
624524.5,
3250733,
1977762,
42974.53,
9450398,
666098.6,
218330.8,
94465.3,
678337.1,
3848347,
834365.9,
0,
4.163172e+07,
2086, 
430620.1,
4106625,
1462871,
303731.7,
2168795,
1651173,
2132012,
2261214,
1941606,
794439.3,
1241661,
603745.6,
297911.5,
226085.1,
968046.9,
653311.5,
3303419,
1943785,
46070.11,
9339321,
647113.7,
216091.5,
98158.93,
695937.6,
3936939,
881813.9,
0,
4.23525e+07,
2087, 
463758,
4087976,
1496793,
301138.4,
2240281,
1662256,
2225581,
2529068,
2033476,
831263.4,
1257726,
603653.9,
303640.8,
227845.3,
981885.9,
689862.6,
3373938,
1913665,
48230.13,
9174632,
630439.3,
215767.5,
101492.3,
719437.6,
3995515,
935065.8,
0,
4.304439e+07,
2088, 
474912.7,
4079740,
1522077,
290988.6,
2308509,
1679541,
2339073,
2779144,
2127382,
861821.3,
1272295,
602440.8,
307053.5,
229708.6,
993708.5,
740766.5,
3434515,
1877011,
50284.71,
8982908,
639939,
215837.8,
103973.9,
738835.9,
4052118,
994494.1,
0,
4.369908e+07,
2089, 
467560.2,
4071812,
1546091,
279091.9,
2374288,
1691793,
2474936,
3040311,
2241037,
875368.3,
1292227,
599748.6,
308486.7,
231327.2,
1008494,
789609,
3541383,
1850821,
49846.07,
8851543,
639533.3,
215527.8,
105882.8,
756441.3,
4067098,
1059981,
0,
4.443024e+07,
2090, 
461832.8,
4068072,
1569009,
266095.7,
2433674,
1706944,
2613798,
3287797,
2396846,
886846.9,
1311374,
596731,
308191,
232695.3,
1017436,
838102.3,
3652812,
1832936,
51055.28,
8717808,
667058.3,
214619,
106600.8,
769776.1,
4099892,
1137208,
0,
4.524521e+07,
2091, 
455379,
4040462,
1596677,
257307.3,
2483235,
1719734,
2745148,
3558163,
2565263,
894887,
1315013,
592235,
308977.8,
234107.5,
1026708,
885061.6,
3760434,
1814875,
53400.19,
8599359,
691220.4,
213937.7,
106531.8,
786753.8,
4116929,
1231738,
0,
4.605354e+07,
2092, 
449017.8,
3996205,
1618071,
250633,
2528062,
1730273,
2865516,
3773340,
2772697,
901929.3,
1320690,
589206.7,
309469.1,
233950.6,
1037146,
933144.5,
3874765,
1782147,
56041.29,
8502209,
719891,
213286,
106252.8,
797874.3,
4142319,
1323736,
0,
4.682787e+07,
2093, 
442856.7,
3926925,
1636425,
249560.3,
2574673,
1732053,
2931700,
3932950,
2960839,
902964,
1323837,
584822.3,
310378.3,
232318.9,
1050635,
977252.8,
4007224,
1738328,
58896.53,
8393155,
748028.1,
214799.8,
106516.5,
817564.4,
4168385,
1422892,
0,
4.744598e+07,
2094, 
437074.8,
3861093,
1660091,
250717.7,
2628668,
1730090,
3063382,
4063164,
3139317,
902761.3,
1324720,
580611.3,
312821.6,
230975,
1062635,
1037791,
4138720,
1716420,
63827.3,
8287214,
761490.9,
221899.1,
107316.5,
831465.2,
4132950,
1515479,
0,
4.806269e+07,
2095, 
434232.7,
3823795,
1672880,
255702.7,
2695818,
1685159,
3213996,
4244054,
3218647,
904062.1,
1326815,
574968.4,
314516.1,
229794.5,
1073235,
1099269,
4280116,
1687604,
66375.4,
8158728,
769342.1,
226553.7,
108963.7,
848945,
3986373,
1593644,
0,
4.849359e+07,
2096, 
432008.7,
3772468,
1691603,
259923.8,
2780550,
1650497,
3371822,
4588780,
3301051,
905768.4,
1337464,
568398.8,
315538,
227779.5,
1084091,
1146847,
4409124,
1663995,
69711.04,
8039963,
775022,
235794.1,
112157.4,
866072.1,
3741162,
1696522,
0,
4.904411e+07,
2097, 
432720.3,
3694332,
1734694,
272135.4,
2877653,
1634970,
3500908,
4899166,
3384175,
912786.3,
1355677,
562225.8,
318131.4,
225629,
1089611,
1180838,
4472968,
1667591,
73089.13,
7933781,
782870.2,
244157.2,
115706.3,
877267.8,
3519800,
1828256,
0,
4.959114e+07,
2098, 
434716.3,
3654550,
1748566,
278023.3,
2995757,
1611989,
3593660,
5136119,
3449385,
920013,
1358582,
556236.5,
320745.2,
225269,
1094962,
1212479,
4534559,
1687097,
74153.3,
7883614,
785276.1,
249619.8,
119515.4,
887935.4,
3401363,
1948753,
0,
5.016294e+07,
2099, 
438176.3,
3610032,
1782767,
276867.9,
3113137,
1598308,
3672610,
5328185,
3510403,
938292.3,
1362660,
551258.3,
324815.1,
227605.5,
1098414,
1238022,
4608916,
1698314,
74942.74,
7874784,
819817,
248058.3,
126494.1,
902567.5,
3444800,
2043664,
0,
5.091391e+07,
2100, 
439786.9,
3582386,
1820948,
266988.6,
3190661,
1572943,
3746428,
5543174,
3618213,
933914.7,
1351737,
546032.1,
329305,
229950.6,
1103514,
1265992,
4698856,
1717351,
75962.33,
7902066,
833510.8,
253808.2,
128372.9,
931114.4,
3570940,
2140298,
0,
5.179425e+07];
=======
155.1134,
56.25817,
291.0169,
274.1852,
335.1328,
116.6375,
39.70725,
610.7072,
7298.468,
1225.031,
303.488,
801.2317,
231.332,
3130.292,
1603.985,
923.4208,
385.4879,
1262.621,
194.2901,
77.83173,
2167.243,
661.7288,
93.56868,
74.88862,
0,
35602.45,
1994, 
1699.403,
11974.63,
166.9021,
60.35763,
299.2079,
291.1623,
357.969,
116.6322,
40.54174,
631.965,
7453.934,
1295.434,
319.3134,
728.2868,
227.8924,
2761.053,
1705.699,
991.0361,
432.8056,
1370.058,
219.3763,
86.55471,
2267.631,
682.3998,
98.37182,
72.59633,
0,
36351.21,
1995, 
1717.086,
12318.43,
169.9527,
63.69678,
314.1815,
304.983,
378.6094,
123.3258,
44.28273,
640.483,
7649.983,
1299.814,
357.0422,
764.2521,
226.1077,
2754.3,
1790.839,
1074.737,
482.8535,
1491.024,
243.2138,
100.4011,
2305.061,
701.6384,
104.592,
74.1899,
0,
37495.08,
1996, 
1768.09,
12615.66,
162.1053,
67.02727,
329.8454,
319.2337,
427.8751,
128.4738,
46.34428,
668.2746,
7772.4,
1431.157,
388.2145,
766.6415,
218.4149,
2719.864,
1865.739,
1133.947,
535.2882,
1565.928,
264.9116,
116.5101,
2372.293,
716.3591,
109.6288,
66.99323,
0,
38577.22,
1997, 
1794.264,
12920.26,
174.6993,
72.52694,
346.9769,
344.8053,
460.6615,
129.0093,
49.94328,
692.3865,
7927.391,
1457.715,
423.1071,
759.6354,
214.3739,
2676.634,
2017.887,
1196.011,
585.3302,
1660.302,
283.6671,
123.0142,
2426.221,
739.8536,
113.8067,
70.29777,
0,
39660.78,
1998, 
1772.364,
13230.07,
187.8199,
77.79244,
357.7223,
363.3106,
491.8401,
125.9948,
51.34665,
682.2107,
8104.374,
1478.528,
450.825,
729.9641,
206.3667,
2709.368,
2276.146,
1280.374,
574.0339,
1740.548,
279.6669,
126.7843,
2431.173,
783.3546,
117.968,
91.88126,
0,
40721.83,
1999, 
1808.989,
13433.95,
198.5968,
83.8923,
371.5759,
363.7573,
521.2324,
132.2802,
52.84955,
680.4791,
8198.019,
1448.144,
466.1086,
757.5746,
202.8203,
2781.96,
2181.883,
1375.182,
638.8694,
1813.052,
299.0753,
148.039,
2467.299,
824.6306,
117.8355,
99.44621,
0,
41467.54,
2000, 
1862.728,
14056.62,
211.4654,
85.84206,
385.2511,
382.4601,
555.1174,
136.4384,
54.78146,
712.5953,
8233.311,
1540.015,
503.9788,
749.067,
206.7953,
2919.784,
2198.634,
1452.348,
756.1895,
2049.353,
324.6765,
159.5299,
2577.546,
847.9666,
128.5079,
108.2366,
0,
43199.24,
2001, 
1816.747,
13403.62,
217.7494,
88.1415,
377.3857,
380.3739,
587.2418,
145.1077,
57.31829,
689.0657,
8215.559,
1679.271,
511.2496,
797.6316,
198.3917,
3050.252,
2298.491,
1508.043,
807.5583,
2258.667,
344.9309,
168.4672,
2556.896,
898.7898,
144.2054,
121.9356,
0,
43323.09,
2002, 
1841.276,
13731.03,
220.9951,
91.91021,
400.2646,
375.7025,
614.9117,
154.1787,
57.48305,
745.5156,
8027.68,
1605.427,
539.6796,
792.7482,
202.1996,
2944.478,
2386.734,
1554.576,
862.9415,
2445.961,
365.7004,
178.4115,
2611.31,
897.2431,
152.1188,
129.9191,
0,
43930.4,
2003, 
1792.679,
13846.29,
270.5548,
93.97658,
416.4984,
394.8454,
646.1064,
152.245,
60.92352,
780.3915,
7961.804,
1614.683,
582.8206,
821.0424,
215.0458,
3000.306,
2509.429,
1658.88,
900.2726,
2803.037,
395.289,
186.3628,
2612.132,
853.205,
161.523,
124.367,
0,
44854.71,
2004, 
1818.883,
14281.67,
269.8674,
94.54964,
445.4947,
421.1946,
684.6377,
168.1958,
66.08764,
806.4377,
7883.23,
1710.046,
622.242,
858.0009,
222.8513,
3095.247,
2672.821,
1766.085,
949.1993,
3214.87,
422.1391,
198.9952,
2692.478,
873.1368,
174.5772,
133.4778,
0,
46546.41,
2005, 
1775.025,
14206,
283.3749,
99.50435,
458.3844,
438.1018,
700.2045,
178.5921,
71.35685,
816.7433,
7786.418,
1680.848,
660.109,
833.0317,
228.2403,
3493.342,
2682.939,
1878.706,
1011.509,
3638.862,
455.4141,
212.4939,
2756.898,
866.4669,
187.964,
143.6459,
0,
47544.18,
2006, 
1708.707,
14009.73,
291.2734,
105.3141,
479.0297,
463.6031,
742.3033,
189.2679,
76.12489,
855.6101,
7628.287,
1706.693,
708.8281,
870.43,
233.4929,
3506.853,
2837.534,
2033.504,
1043.071,
4182.349,
481.4705,
216.279,
2810.953,
861.8973,
198.9544,
147.2115,
0,
48388.77,
2007, 
1810.552,
13963.27,
302.525,
108.2867,
507.7167,
474.8449,
821.9182,
200.1001,
83.14756,
876.6226,
7384.703,
1696.001,
765.9861,
884.9896,
243.1372,
3524.719,
3059.899,
2184.046,
1102.11,
4821.803,
510.2037,
220.8197,
2897.217,
902.6995,
205.7883,
150.9808,
0,
49704.09,
2008, 
1798.191,
13369.67,
306.9313,
106.518,
528.8575,
506.0761,
859.4301,
204.1429,
83.40903,
873.1901,
7344.732,
1695.033,
776.5011,
838.0068,
223.15,
3586.375,
3192.401,
2101.901,
1180.917,
5364.207,
522.8708,
225.7817,
2802.527,
899.4648,
214.3777,
153.4855,
0,
49758.15,
2009, 
1718.226,
12333.32,
302.8715,
106.3455,
534.5745,
512.0449,
979.0433,
212.6052,
92.04329,
851.6694,
6860.896,
1639.622,
758.7083,
723.3421,
213.9592,
3378.953,
3522.726,
2257.483,
1237.603,
6262.784,
549.3084,
230.8491,
2799.099,
814.7194,
223.5797,
166.679,
0,
49283.06,
2010, 
1707.854,
12360.69,
320.1096,
111.1422,
593.7133,
506.8521,
1066.771,
229.9975,
107.0419,
887.3819,
7298.589,
1707.531,
819.6859,
744.0278,
236.1022,
3392.698,
3691.152,
2436.097,
1337.122,
7649.78,
600.299,
249.011,
2894.378,
834.1621,
231.4498,
175.9844,
0,
52189.63,
2011, 
1784.759,
11535.8,
354.1808,
116.3201,
615.4075,
523.8562,
1101.909,
237.341,
126.9863,
896.201,
7637.828,
1740.195,
885.0342,
759.1366,
228.4115,
3467.832,
3852.349,
2711.305,
1395.334,
9507.629,
632.6878,
265.2378,
3040.746,
809.005,
247.5687,
179.7545,
0,
54652.81,
2012, 
1743.71,
11163.61,
369.5076,
120.6244,
648.9515,
559.3382,
1173.34,
244.5608,
142.8104,
891.0789,
8123.123,
1678.068,
955.2814,
764.5135,
243.2499,
3475.319,
4118.686,
2865.193,
1459.421,
11114.39,
706.8626,
277.7103,
3242.934,
822.2358,
268.0855,
184.7191,
0,
57357.33,
2013, 
1650.998,
10872.49,
362.6479,
126.7407,
676.1642,
600.72,
1242.631,
275.7027,
156.9242,
904.826,
7861.082,
1675.661,
966.592,
748.9868,
292.0388,
3489.087,
4380.969,
3080.832,
1536.89,
13488.9,
788.4824,
305.8941,
3975.91,
856.4916,
305.6919,
194.7645,
0,
60818.12,
2014, 
1609.321,
10801.04,
382.6784,
131.6712,
718.3951,
604.8942,
1322.988,
292.6454,
180.2668,
1082.777,
7959.125,
1655.264,
1019.614,
712.2654,
266.8196,
3521.772,
4765.341,
3491.025,
1641.933,
16178.31,
920.3459,
328.4897,
4785.544,
831.9721,
336.0201,
221.5208,
0,
65762.03,
2015, 
1519.108,
11333,
398.3332,
143.8024,
721.6291,
649.6258,
1501.205,
321.9518,
206.6979,
1167.244,
7322.77,
1605.616,
1089.808,
655.8775,
277.5446,
3542.611,
5335.466,
3864.12,
1800.845,
19928.32,
1040.542,
350.1572,
6662.442,
873.9664,
362.2038,
233.1805,
0,
72908.06,
2016, 
1500.064,
10901.97,
422.5167,
147.5896,
759.3531,
658.6743,
1655.519,
336.0601,
220.666,
1348.929,
7673.9,
1624.527,
1266.505,
657.2842,
329.6445,
3547.99,
5913.268,
4428.579,
1958.915,
23587.88,
1274.61,
378.2671,
7921.452,
935.0043,
429.118,
228.0351,
0,
80106.31,
2017, 
1546.858,
11228.2,
427.9474,
147.052,
810.8624,
659.5185,
1718.577,
361.1906,
237.4504,
1540.092,
7934.723,
1622.499,
1371.176,
677.4003,
417.3884,
3614.292,
6082.745,
5111.47,
2186.709,
29354.1,
1407.069,
402.9171,
9236.573,
1021.422,
494.1226,
249.4196,
0,
89861.77,
2018, 
1502.534,
11710.72,
453.0972,
155.3793,
846.0096,
670.2769,
2018.538,
408.7069,
292.3488,
1818.953,
8523.008,
1851.451,
2825.72,
752.2437,
432.9581,
3620.267,
6174.548,
6038.436,
2476.261,
36031.55,
1541.89,
470.3896,
10561.98,
1180.369,
542.8895,
280.0715,
0,
103180.6,
2019, 
1555.224,
11836.09,
421.9627,
161.4395,
904.2556,
635.574,
2248.068,
449.0652,
337.1821,
1908.543,
9791.922,
1775.808,
3167.856,
939.9736,
474.2956,
3686.078,
7275.57,
6722.604,
2923.142,
42049.7,
2110.488,
516.5736,
11909.99,
1372.122,
579.3184,
327.6998,
0,
116080.5,
2020, 
1528.922,
11435.59,
429.8227,
151.92,
876.3573,
628.7607,
2315.204,
484.4217,
360.1063,
2086.595,
10992.33,
1933.622,
3521.959,
1033.332,
450.5237,
3584.631,
7976.136,
7079.198,
3471.393,
51198.38,
2836.63,
520.8618,
13455.68,
1605.546,
613.7017,
333.8069,
0,
130905.4,
2021, 
1572.221,
12522.31,
461.4666,
166.3004,
966.842,
706.1447,
2449.963,
537.29,
407.8345,
2220.717,
11695.83,
2256.868,
3993.698,
1085.644,
555.6369,
3758.326,
8686.951,
8036.335,
4206.694,
62338.95,
4249.324,
561.58,
15027.49,
1953.999,
707.0136,
369.9539,
0,
151495.4,
2022, 
1603.36,
13485.07,
531.2463,
177.3976,
1022.708,
705.1703,
2512.847,
639.5605,
471.7879,
2250.447,
13237.94,
2548.647,
4503.871,
955.7322,
623.1571,
3725.277,
10334.98,
9566.701,
4633.828,
72646.85,
4431.441,
614.6155,
16392.17,
2349.745,
818.4114,
495.1919,
0,
171278.2,
2023, 
1587.278,
15287.86,
553.0668,
185.1337,
1097.118,
723.8344,
2728.876,
764.3082,
506.257,
2252.926,
15510.96,
3005.23,
5088.913,
983.7375,
716.3798,
3785.458,
12141.31,
10548.36,
5124.051,
98354.73,
4789.729,
681.1279,
17105.74,
2899.459,
862.8447,
533.5956,
0,
207818.3,
2024, 
1368.674,
18052.99,
580.3803,
193.4612,
1140.593,
754.8831,
3012.917,
853.6978,
539.0623,
2390.521,
17832.39,
3591.737,
8233.947,
806.761,
804.2313,
3797.235,
13319.04,
12660.12,
5327.619,
128510.9,
5086.924,
734.7108,
17533.76,
3758.178,
950.5066,
587.3445,
0,
252422.6,
2025, 
1382.216,
22282.5,
586.0806,
287.1753,
1292.14,
803.1213,
3239.493,
960.9045,
940.4555,
3127.283,
19659.87,
4047.261,
8996.993,
848.355,
875.635,
3789.625,
29381.42,
17335.38,
6175.927,
141020.8,
5770.849,
1392.385,
20354.21,
4875.425,
1263.48,
664.8541,
0,
301353.8,
2026, 
1346.405,
24388.7,
606.11,
310.7607,
1301.321,
834.1271,
2961.826,
1031.314,
1268.348,
2738.449,
21680,
4438.736,
8420.256,
923.3346,
1399.058,
3780.083,
27104.14,
21387.88,
6255.935,
178822,
6328.06,
1669.87,
20945.81,
5815.133,
1630.63,
651.7562,
0,
348040.1,
2027, 
1322.413,
26773.48,
633.559,
397.7699,
1315.374,
877.4515,
2748.586,
1341.145,
1667.901,
2411.573,
23562.94,
4865.092,
8268.112,
1057.285,
2269.646,
3769.573,
29197.93,
26062.12,
6684.195,
209407.1,
7428.102,
3122.546,
21804.83,
7131.206,
2221.401,
630.111,
0,
396971.5,
2028, 
1371.643,
28374.56,
683.9578,
526.6282,
1330.16,
921.326,
2505.949,
1901.902,
2061.371,
2157.416,
25939.55,
5579.648,
8350.721,
1195.237,
3644.087,
3746.658,
33658.77,
31770.81,
6786.138,
249726.6,
9783.691,
5742.456,
23088.63,
8645.777,
3337.188,
619.6456,
0,
463450.5,
2029, 
1505.04,
30092.22,
740.504,
663.5394,
1356.774,
1175.672,
2292.067,
2664.809,
2281.107,
1984.194,
28369.54,
6245.679,
8999.523,
1278.095,
5353.265,
3727.46,
38510.16,
38267.15,
6885.893,
290748.3,
12936.26,
9053.817,
24108,
10550.95,
4539.793,
595.6526,
0,
534925.5,
2030, 
1517.604,
31716.79,
813.0924,
844.9852,
1374.682,
1421.148,
2024.117,
3527.374,
2269.862,
1884.334,
29691.98,
6820.668,
9834.805,
1412.443,
8123.459,
3719.84,
38398.79,
44916.71,
6951.701,
329473.8,
16432.73,
12547.25,
25201.78,
12639.57,
5691.559,
531.7344,
0,
599782.8,
2031, 
1560.623,
33567.19,
1045.336,
1219.182,
1405.204,
1748.498,
1931.978,
3857.713,
2166.739,
1838.079,
31541.26,
7365.263,
10131.29,
1556.815,
11430.52,
3687.335,
37865.1,
51494.87,
7236.957,
376206,
20166.97,
15733.83,
26228.02,
14534.43,
6763.445,
453.246,
0,
672735.9,
2032, 
1679.108,
37288.17,
1322.532,
1747.725,
1492.957,
2293.815,
2008.9,
3828.054,
1888.204,
1867.393,
33708.59,
7969.179,
10549.76,
1706.333,
14792.99,
3675.27,
36392.39,
58513.47,
7477.487,
433849.6,
24221.23,
16141.48,
27260.88,
16708.36,
7733.552,
366.0772,
0,
756483.5,
2033, 
1796.967,
41529.16,
1516.56,
2470.527,
1597.3,
3040.408,
2456.116,
3661.721,
1504.086,
1980.635,
36643.89,
8553.64,
10866.05,
1822.395,
17354.25,
3619.291,
34573.14,
69271.7,
7681.276,
494514.9,
27938.6,
16906.02,
28101.65,
19008.29,
8673.841,
266.5707,
0,
847348.9,
2034, 
2014.997,
46230.23,
1587.858,
3453.693,
1715.264,
4448.259,
3259.781,
3377.367,
1149.179,
1881.969,
54303.9,
9129.118,
10876.46,
1952.889,
19437.74,
3602.789,
33144.97,
91726.04,
7986.604,
582205.6,
31669.74,
18101.13,
28679.56,
21563.5,
10091.48,
188.3,
0,
993778.4,
2035, 
2339.308,
51330.49,
1642.219,
4603.478,
1864.502,
10068.54,
4038.456,
3013.547,
823.0095,
1638.82,
75683.76,
9636.098,
10792.81,
2056.717,
21693.73,
3589.628,
32105.18,
121847.3,
8312.281,
686899.2,
36160.17,
20054.55,
28910,
24558.76,
12448.1,
121.0165,
0,
1176232,
2036, 
2809.1,
58226.72,
1686.275,
6182.904,
2165.38,
22224.99,
5101.442,
3429.594,
763.7832,
1814.606,
100065,
10696.84,
12434.89,
2157.147,
24895.68,
3584.923,
36943.61,
154957.3,
8620.751,
802773.6,
41213.21,
22132.8,
29155.05,
27999.29,
15675.14,
140.9535,
0,
1397851,
2037, 
3295.049,
68342.28,
1741,
8509.393,
2302.358,
41671.59,
6138.203,
3884.979,
720.9354,
1992.325,
122695.3,
12789.69,
14162.95,
2287.489,
28378.29,
3586.802,
41271.34,
197185.3,
8824.481,
925548.3,
47307.88,
24625.9,
29298.55,
32587.11,
19993.71,
168.6792,
0,
1649310,
2038, 
3927.468,
81605.47,
1819.91,
11951.86,
2264.593,
68732.61,
7015.823,
4389.624,
685.5546,
2162.341,
146975.6,
15604.91,
15808.62,
2499.582,
35047.85,
3594.51,
46110.83,
249983.9,
9129.95,
1107149,
54237.72,
27119.89,
29254.97,
37218,
25378.74,
215.5256,
0,
1989885,
2039, 
4457.627,
97725.67,
1916.837,
20442.89,
2267.636,
105253.7,
7692.487,
4963.145,
665.2944,
2336.897,
168539.3,
19756.61,
17503.3,
2818.607,
44731.52,
3605.458,
50900.14,
337322.6,
9557.165,
1435571,
62006.33,
29579.71,
29288.72,
41422.8,
31719.3,
258.9511,
0,
2532304,
2040, 
5059.628,
125221.3,
2027.719,
31998.06,
2319.391,
138103.2,
8179.545,
5587.205,
655.1077,
2551.859,
184277.3,
26909.85,
19181.38,
3185.962,
56513.13,
3635.21,
56312.24,
464219.8,
9985.898,
1688224,
70536.98,
32419.7,
29574.86,
45143.12,
39089.41,
319.2855,
0,
3051232,
2041, 
6564.992,
161194.9,
2175.067,
42414.48,
2385.06,
154926.2,
8667.257,
6275.888,
645.9933,
2888.756,
190302.4,
37818.05,
21353.87,
3503.369,
80749.11,
3709.212,
60489.69,
615055,
10620.67,
2010394,
80085.2,
35956.58,
30012.59,
48227.03,
48050.14,
386.4012,
0,
3664852,
2042, 
8751.379,
198188.9,
2372.328,
53963.38,
2462.218,
170473.7,
9185.643,
7028.919,
644.821,
3429.559,
196306,
57592.04,
23609.19,
3661.868,
107497,
3823.59,
65824.22,
754926.5,
11473.51,
2354765,
90687.81,
39226.93,
30462.34,
50397.73,
57205.42,
461.159,
0,
4304421,
2043, 
11606.59,
235968.8,
2749.37,
67832.05,
2552.188,
199438.8,
9702.483,
7789.85,
645.6901,
4069.876,
205978.3,
83222.83,
26717.45,
3802.985,
135978.5,
4000.488,
72103.32,
902311.3,
12619.66,
2702491,
102243.3,
42840.9,
31430.33,
52725.34,
69282.42,
574.2026,
0,
4990678,
2044, 
14695.08,
277443.3,
3247.792,
84259.55,
2693.832,
232965.8,
10667.21,
8961.38,
647.2079,
4704.009,
224161.3,
108373.4,
34323.61,
3928.768,
161600.1,
4273.389,
81882.62,
1054364,
13737.1,
3088792,
113967.7,
46918.97,
32982.09,
54380.44,
85075.12,
775.1283,
0,
5749821,
2045, 
18073.7,
321809.1,
4571.042,
100077.8,
2855.819,
276350.3,
14142.21,
10714.93,
645.5676,
5490.99,
237856.5,
126555.2,
42054,
4076.02,
189811.1,
4680.625,
102339.3,
1256624,
13854.83,
3625789,
126467.6,
50506.11,
34580.44,
54730.63,
103135.1,
1036.243,
0,
6728828,
2046, 
24332.87,
371763.3,
8685.937,
112295.3,
3052.909,
332734.4,
19727.12,
12413.5,
640.1063,
6505.443,
247722.1,
140000.5,
51248.85,
4233.382,
213043.9,
5217.135,
130888.5,
1502142,
13887.13,
4170476,
140889,
54184.83,
35623.38,
54935.6,
123437.8,
1418.442,
0,
7781499,
2047, 
33293.23,
410214.9,
14995.82,
123729.7,
3265.734,
387877.5,
26985.35,
14127.13,
912.2701,
7732.191,
254381.6,
149704.4,
64284.91,
4396.554,
232948.2,
5798.748,
173200.3,
1772319,
13851.56,
4685621,
156604.8,
57919.81,
36140.32,
54644.07,
146592.6,
1944.731,
0,
8833486,
2048, 
42934.55,
470849.7,
36189.29,
136405.8,
3566.285,
454292.5,
36082.18,
16233.47,
1816.278,
9285.709,
254395.9,
160322.3,
73988.3,
4571.245,
250781.1,
6348.319,
223110,
2043643,
13802.89,
5195999,
174515.6,
61396.31,
36193.42,
54317.71,
172652.3,
2492.484,
0,
9936186,
2049, 
53726.32,
522730.1,
74129.41,
154333.6,
3980.577,
521184.3,
46094.19,
18564.32,
4125.184,
14775,
250876,
166491.6,
83592.8,
4773.042,
266678.8,
6797.702,
260304.8,
2258272,
14097.95,
5625817,
213061.6,
63679.01,
35723.46,
54634.39,
197421,
2820.948,
0,
1.091869e+07,
2050, 
68508.63,
596439.8,
117588.7,
169672.5,
4460.647,
583371.4,
56726.05,
21066.34,
4963.828,
23772.31,
244201.5,
173749.7,
91590.3,
5390.393,
282763.9,
7171.303,
310131,
2372201,
14088.94,
6001333,
255538.7,
66728.16,
35658.91,
56570.2,
225293.3,
3175.431,
0,
1.179216e+07,
2051, 
80568.22,
670780.4,
152403.1,
187689,
4976.575,
644456.3,
67372.84,
23535.57,
5571.658,
34425.82,
236274.2,
184228,
104114.5,
7026.135,
304678.6,
7591.828,
349851.8,
2448353,
14169.38,
6444386,
295370.5,
70506.27,
36558.34,
57404.16,
254498,
3534.621,
0,
1.269032e+07,
2052, 
95149.73,
747417.1,
171941.6,
202617.4,
5456.667,
699110.1,
77351.84,
26717.43,
6180.636,
48021.86,
222178.6,
192282,
113870.5,
9447.721,
316467.2,
8278.633,
382709.3,
2425706,
14259.16,
6922138,
319797.4,
74000.38,
37709.62,
59073.36,
290600.8,
3915.247,
0,
1.34724e+07,
2053, 
112889.4,
827215.4,
194613.3,
215365.2,
6133.07,
744833.8,
91503.49,
30935.35,
8661.036,
64599.86,
216568.6,
197696.2,
126280.2,
12963.44,
329113.8,
9490.688,
410261.9,
2349656,
14298.8,
7337634,
337777.2,
76325.34,
40076.48,
62813.22,
356450.2,
4335.309,
0,
1.417849e+07,
2054, 
132705.4,
907172.3,
214302.3,
233326.4,
6949.836,
802406.7,
114372.3,
35323.8,
11350.8,
83316.97,
214174,
204413,
142076,
17493.79,
344015.8,
11410.08,
440254.3,
2269163,
14211,
7569443,
348949.4,
78006.62,
42802.71,
68671.16,
430822,
4808.173,
0,
1.474194e+07,
2055, 
157651,
1011706,
238476.7,
243403.7,
8050.053,
844177.4,
135316.3,
40176.26,
13189.51,
104586,
209733.5,
210008.4,
159893.2,
23371.13,
357963.4,
13741.28,
483791.8,
2194169,
14039.31,
7765378,
354242.6,
81171.13,
45640.89,
76172.36,
471267.2,
5358.706,
0,
1.526268e+07,
2056, 
182807.8,
1138433,
262087.7,
251219.7,
9407.584,
882014.9,
181996.8,
44858.43,
14664.34,
127403.1,
208086.5,
215445.8,
174146.1,
32931.57,
376475.3,
16671.01,
550750.8,
2119430,
13861.96,
7904446,
368591.5,
85278.18,
48418.69,
86642.54,
515973.4,
5963.141,
0,
1.581801e+07,
2057, 
199732.7,
1287874,
292496.5,
258463,
11673.89,
920132.9,
250588.6,
49281.2,
15810.5,
151918.5,
212215.8,
219847.9,
187722,
44216.75,
399696.7,
19112.05,
613903.4,
2069333,
13645.8,
8043812,
390094,
89555.63,
50851.51,
101333.3,
567362.8,
6568.477,
0,
1.646724e+07,
2058, 
230537,
1488746,
327097.8,
269002.3,
14617.43,
958402,
329984.7,
53555.36,
19421.93,
177600,
221014.3,
223897.4,
200222.3,
57633.46,
425723.4,
21122.87,
703969.9,
2036671,
13444.5,
8175713,
399904.2,
92626.17,
53105.57,
114363.3,
614018.2,
7778.753,
0,
1.723017e+07,
2059, 
245824.5,
1681074,
362960.4,
275222,
18466.2,
1004315,
392454.9,
59298.02,
29111.57,
202143.9,
235386.6,
226538.2,
211270.4,
71919.69,
450524.7,
22073.36,
803972.1,
2019221,
13216.7,
8312454,
417337.5,
96309.57,
54874.01,
127572.7,
682244.9,
9238.407,
0,
1.802503e+07,
2060, 
266915.8,
1861606,
398760.5,
279830.2,
23358.89,
1045679,
440710.1,
64900.03,
53910.91,
232051.9,
250023.7,
229075.3,
221095.3,
88229.51,
472195.8,
22592.32,
903541.9,
2019177,
13705.62,
8445126,
435740.4,
100658,
55789.73,
140608,
796194.9,
10977.69,
0,
1.887245e+07,
2061, 
283235.2,
2003155,
436752.9,
283242.1,
29130.83,
1085492,
478267.9,
70159.99,
99614.89,
257163.4,
259145.8,
225949.5,
228823.9,
108571.9,
496099.7,
23118.94,
995727.5,
2033599,
14741.25,
8517156,
475556.5,
101159,
55957.44,
155077.3,
907189.3,
12747.89,
0,
1.963683e+07,
2062, 
289294.7,
2195528,
473340.2,
288010.6,
35470.74,
1118891,
497755.2,
77211.41,
193956.1,
284683.2,
264449.1,
216611.2,
233287.7,
131624.2,
519858.6,
23607.99,
1064956,
2064308,
14785.28,
8557557,
509183.9,
103351.9,
55140.47,
172890.1,
1029818,
14753.92,
0,
2.043032e+07,
2063, 
290271.4,
2381756,
492577.8,
292800.3,
43687.69,
1148047,
515020.8,
90746.32,
320109.1,
310110,
265124.9,
203652.4,
236960.4,
155800.8,
546789.4,
24106.96,
1100701,
2089250,
14738.07,
8587886,
540602.5,
104916.3,
53645.24,
190818.7,
1142775,
17144.94,
0,
2.116004e+07,
2064, 
289211.9,
2542256,
511027.5,
298408.3,
54956.17,
1176150,
548781.9,
108600.8,
434487.5,
330046.4,
265116.9,
189923.4,
242548.3,
178586.6,
576719,
24581.5,
1141446,
2114418,
14624.73,
8625416,
573876.4,
106213.3,
50843.68,
208063.2,
1265638,
20906.8,
0,
2.189285e+07,
2065, 
283088.3,
2716971,
529399.7,
305142.8,
72606.41,
1204377,
606640.4,
135721.1,
505658.3,
343154.1,
254373,
179098.1,
245691.7,
194929.5,
605987,
25115.27,
1167058,
2129173,
14402.9,
8652959,
618316,
111266.8,
47548.15,
226055.9,
1380323,
25683.87,
0,
2.258074e+07,
2066, 
278979.1,
2897404,
545584.9,
302118.7,
93727.15,
1243787,
687204.9,
155965.2,
558353.4,
360491.5,
248053.5,
165703.4,
250098.7,
203332.5,
637667.5,
25692.82,
1215297,
2121030,
14130.76,
8668383,
655897.9,
118588.6,
44191.93,
245637.6,
1501907,
31070.1,
0,
2.32703e+07,
2067, 
281993.2,
3063029,
564910.9,
295005.9,
119369.8,
1294719,
792129.6,
177244.1,
609150.4,
375125.6,
253102.3,
154197.1,
255065,
209766.7,
667309.4,
26372.9,
1299248,
2110701,
14312.73,
8685882,
643145.3,
127545.1,
40586.21,
268305.7,
1607909,
38342.04,
0,
2.397447e+07,
2068, 
288555.3,
3187056,
586273.3,
288347.8,
152793.4,
1357557,
891570.9,
200681.3,
649381.1,
392678.3,
258415.5,
144197.6,
260043.6,
214295.7,
685427.3,
30620.47,
1402365,
2088952,
14152.74,
8696339,
619949.9,
139701.4,
37651.64,
295914.7,
1735493,
47182.18,
0,
2.46656e+07,
2069, 
291101.9,
3336348,
610165.6,
278852.1,
202443.7,
1416719,
995660.4,
221490.3,
684279.5,
411452.4,
269494.1,
136001.1,
262944.5,
217475.3,
691771.9,
37817.46,
1488239,
2074280,
13538.88,
8702861,
593143.9,
149703.1,
36517.52,
326143.6,
1854219,
61454.07,
0,
2.536412e+07,
2070, 
296649.1,
3490150,
635196.3,
272853.8,
259519.9,
1460424,
1086968,
238341.7,
720965.4,
435355.6,
277401.3,
129223,
266438.6,
219798,
680727.9,
45407.31,
1576662,
2063944,
12997.89,
8711321,
578169.2,
151819,
35381.49,
358102,
1998128,
83369.84,
0,
2.608531e+07,
2071, 
307707.5,
3662745,
659505,
276419.1,
335445.6,
1501485,
1157427,
267801.5,
738808.9,
460156.1,
288624.8,
129629.8,
272436.8,
221442.2,
654309.1,
53883.72,
1695548,
2076529,
12758.63,
8748692,
565194.8,
153199.5,
34123.37,
390407.3,
2135259,
108874.2,
0,
2.690841e+07,
2072, 
303748.9,
3825481,
683101.9,
281747.6,
466375,
1591898,
1205506,
312358.5,
772830.3,
486423.1,
295465.9,
136861.3,
278617.6,
221945.4,
627154.1,
63684.88,
1830120,
2088071,
13045.56,
8796981,
567256.1,
156376,
33005.95,
423567.3,
2308793,
138616.3,
0,
2.790903e+07,
2073, 
313659.7,
3885592,
710645,
288586.7,
605062.3,
1687503,
1244435,
355633.4,
861854.3,
510146.6,
298252.7,
147728.9,
280803.2,
220200.2,
612408.9,
73460.43,
1944810,
2064984,
13412.52,
8830737,
586305.4,
161259.3,
32084.76,
455049.9,
2501771,
174731.8,
0,
2.886112e+07,
2074, 
311296.3,
3938422,
735276.3,
300756.9,
749087.3,
1719827,
1274698,
422155.1,
985210.3,
532672.3,
311148.1,
164091.8,
284815.2,
217746.1,
598784.3,
84420.58,
2048494,
2038529,
14792.86,
8857647,
609666.8,
167594.1,
31206.23,
486264.7,
2710986,
214111.3,
0,
2.98097e+07,
2075, 
320074.9,
3991979,
772399.3,
310886,
881486.3,
1717995,
1324540,
501808,
1088249,
553353.5,
315609,
189357.5,
287665.7,
215003.7,
591544.9,
97412.66,
2104078,
1996240,
18777.29,
8870344,
640341.7,
174107.4,
30707.97,
515443.8,
2901614,
248454.6,
0,
3.065947e+07,
2076, 
317058.1,
4049943,
813962.8,
312959.7,
1034411,
1728655,
1388308,
590846.6,
1165782,
569674.3,
323209.7,
213915.1,
292075.7,
212015.8,
598021.7,
115392.4,
2157465,
1961442,
22173.86,
8896514,
656609.2,
180701.6,
31151.97,
544835.8,
3040682,
286188.4,
0,
3.150399e+07,
2077, 
329943.2,
4117616,
835515.8,
309156.4,
1183422,
1729838,
1466694,
693315.6,
1251487,
587136.8,
331549.2,
241035.5,
293467,
209717,
603991.9,
133394.9,
2225422,
1938826,
24024.18,
8948716,
647103.7,
183039.7,
31211.18,
571238.3,
3178407,
319743,
0,
3.238501e+07,
2078, 
336677.9,
4180214,
863270.4,
303749.5,
1320857,
1751957,
1546964,
769713.3,
1336102,
609999.5,
342822.4,
264659.2,
294419.9,
208490.4,
609410.4,
151070.1,
2323621,
1936455,
26637.85,
9031156,
616307.7,
183849.1,
30985.15,
595421.6,
3302120,
366728.3,
0,
3.330366e+07,
2079, 
354278.8,
4231043,
874977.4,
296092.8,
1481938,
1767614,
1581208,
887017.3,
1447772,
633344.1,
360006.1,
290169.7,
294916.7,
208121.1,
614996.8,
172880.1,
2429968,
1931721,
29813.1,
9078089,
601409.9,
183655.4,
31344.54,
612852.4,
3414468,
426687,
0,
3.423638e+07,
2080, 
364130.8,
4281143,
903497,
294630.2,
1627248,
1786115,
1615129,
1009182,
1550999,
664363.8,
371885.1,
312610.6,
296640.8,
208630.3,
622384.1,
197704,
2548677,
1920933,
32643.05,
9115304,
590143.1,
182142.8,
32085.15,
628873.8,
3512598,
500689.4,
0,
3.517038e+07,
2081, 
374012.9,
4332178,
924005.6,
295423.8,
1752135,
1792206,
1655687,
1079638,
1633539,
685966,
383568.4,
336781.5,
299654.6,
209755.6,
638470.7,
221834.9,
2658193,
1937104,
35628.86,
9148259,
595021,
182434.2,
32217.57,
645179.4,
3583786,
580184.4,
0,
3.601286e+07,
2082, 
379858.4,
4380449,
957057.3,
294227.3,
1884050,
1778541,
1696826,
1139007,
1737224,
710623.6,
390823.8,
368668.6,
301807.9,
211196.6,
653478,
245822.1,
2783649,
1947942,
39266.63,
9161671,
597876.7,
183581.4,
32580.28,
663045.3,
3637748,
663902.2,
0,
3.684092e+07,
2083, 
387498.7,
4427661,
1009119,
292375.8,
2000469,
1787291,
1741294,
1291049,
1786531,
736412.3,
401551.4,
404046.8,
303694.3,
212675.5,
669272.7,
269802.1,
2900601,
1947240,
42951.61,
9143548,
603878.6,
186016,
33439.11,
681404.8,
3677822,
746720.4,
0,
3.768436e+07,
2084, 
398058.8,
4489548,
1075238,
289903.5,
2109499,
1798639,
1789479,
1459680,
1866424,
756860.6,
419938,
433550.3,
307844,
214439,
686002.8,
297264.5,
3008352,
1940550,
46189.94,
9110789,
608442.3,
188543,
34472.77,
697116.6,
3713695,
807191.3,
0,
3.854771e+07,
2085, 
411535,
4553941,
1141123,
284403.5,
2168051,
1815985,
1835063,
1677812,
1953121,
789969.8,
436779.3,
449629.7,
310414.2,
216714.6,
703059.1,
324230.8,
3183528,
1903515,
49233.24,
9045771,
606414.7,
188442.2,
35590.72,
715486.8,
3768305,
865872.5,
0,
3.943399e+07,
2086, 
429084.5,
4618717,
1217977,
272907.8,
2236110,
1833940,
1889514,
1870065,
2037841,
812959.6,
456102.1,
464023.6,
310831.8,
219665,
719716.3,
350824.1,
3334884,
1860406,
51030.92,
8972386,
592559.2,
193066.8,
37231.78,
728978.1,
3869897,
909518.4,
0,
4.029024e+07,
2087, 
450847.3,
4686564,
1291402,
263282.4,
2307824,
1841622,
1972776,
2082628,
2079920,
837784.8,
496002.1,
474813.5,
309075,
223072.7,
740436.8,
382853.4,
3466472,
1812199,
51920.42,
8891288,
576638.3,
191184.3,
37441.86,
741360.3,
3969628,
954867.6,
0,
4.11339e+07,
2088, 
470929.2,
4748992,
1360193,
257843.8,
2375417,
1849431,
2089868,
2283476,
2190206,
841790.2,
542970.9,
484653.3,
309815.5,
226897.9,
758072.9,
412744.4,
3576703,
1777685,
51944.52,
8798474,
560399.6,
187643.5,
38564.17,
753027.4,
4045431,
1014492,
0,
4.200766e+07,
2089, 
488002.4,
4806836,
1413996,
251076.7,
2435727,
1840314,
2216001,
2451625,
2331499,
859500.8,
575461.4,
491176,
309811.2,
230520.8,
771635.1,
445545.9,
3727970,
1741632,
50936.32,
8716462,
556239.3,
183570.6,
40258.73,
766618.6,
4134740,
1071450,
0,
4.29086e+07,
2090, 
507229.8,
4845540,
1455096,
246086.7,
2490898,
1830394,
2336480,
2669236,
2393761,
870691.6,
596861.5,
496670.2,
309202,
232953.9,
785473.4,
481957.2,
3803425,
1702762,
49612.23,
8632144,
568213.7,
178935,
42645.88,
782550.4,
4169552,
1157835,
0,
4.36362e+07,
2091, 
522001.8,
4858327,
1495475,
244426.8,
2537412,
1830751,
2469125,
2874565,
2488221,
889661.2,
620684.3,
500569.7,
307605.7,
233408.6,
795252.3,
517567.7,
3922619,
1662349,
48536.67,
8560432,
595582.6,
172633.2,
44653.37,
793779.4,
4180787,
1245026,
0,
4.441145e+07,
2092, 
533453.1,
4855749,
1533168,
241866.1,
2584632,
1836984,
2613699,
3102114,
2598854,
910124.4,
648214.8,
503810.2,
305729.5,
232798.7,
808075.4,
551799.1,
4003754,
1624409,
49369.65,
8456770,
638465.4,
167175.6,
46348.72,
812827.4,
4180184,
1329280,
0,
4.516965e+07,
2093, 
541816.7,
4863385,
1575679,
241469.4,
2629582,
1845892,
2748845,
3318186,
2740258,
923331.2,
690275.6,
506573.4,
301010.4,
232266.1,
825161.6,
597256,
4076991,
1589740,
48181,
8379600,
707393,
164036.3,
49416.26,
826408.4,
4169801,
1421479,
0,
4.601403e+07,
2094, 
547881.8,
4859007,
1596816,
244717.6,
2684879,
1857078,
2865782,
3577530,
2855457,
937746,
721477.3,
509389.3,
295888.3,
231691.4,
845628.1,
648301.4,
4117839,
1566428,
47481.15,
8294516,
732035.1,
161433.7,
55812.12,
841383.3,
4034490,
1505570,
0,
4.663626e+07,
2095, 
553068.1,
4844813,
1635214,
248486.4,
2751866,
1870646,
2976015,
3817643,
3037829,
956746.6,
737242.9,
509823.5,
290560.4,
230705,
867794.8,
707603.1,
4212257,
1557532,
47038.61,
8232809,
763578.8,
160456.3,
64584.74,
860847.4,
3868400,
1585140,
0,
4.73887e+07,
2096, 
556581.8,
4837735,
1642194,
251348.1,
2829587,
1875046,
3023640,
4129990,
3213971,
978563.3,
773327.1,
508517,
286998.2,
229359.5,
897603.8,
783263.6,
4310149,
1555399,
47781.62,
8179825,
762483.8,
159746.8,
73293.09,
893380.6,
3743715,
1694986,
0,
4.823848e+07,
2097, 
558493.1,
4829166,
1672746,
249413.2,
2907715,
1869713,
3102824,
4537612,
3329685,
1000081,
784727.3,
506966.8,
284325.5,
227847.1,
932326.3,
859964.8,
4390514,
1555083,
47903.84,
8119157,
764018.4,
159907.2,
81694.32,
908499.1,
3636815,
1826218,
0,
4.914342e+07,
2098, 
560137.9,
4884680,
1691501,
245652,
2986935,
1859990,
3184703,
4863248,
3426595,
1013958,
792248,
501406.4,
285160.5,
227714.5,
967679.4,
918813,
4456374,
1564480,
47366.95,
8077889,
759554.9,
160972.8,
91920.48,
914676.5,
3525926,
1955901,
0,
4.996548e+07,
2099, 
562187.8,
4843044,
1734122,
241859.5,
3077128,
1852191,
3302929,
5066039,
3506362,
1018425,
787127.8,
499545.7,
286713.7,
230663.5,
1006045,
966311,
4536170,
1568790,
47016.66,
8033455,
757265.1,
163653.7,
101459.7,
933515.8,
3544814,
2059911,
0,
5.072674e+07,
2100, 
555391.1,
4834751,
1744185,
235948.3,
3135421,
1836940,
3436065,
5301889,
3547718,
1025579,
807634.6,
498837.8,
289719.9,
232908.5,
1043358,
1010404,
4610846,
1565147,
47480.54,
7993432,
774633.9,
168031.2,
112467.2,
953795.6,
3640838,
2159483,
0,
5.15629e+07];
>>>>>>> 29fc07e (Remove T2MAT folder level)
