real main.em.ep.ncl.NuclFuelEff[27](t) = [1971, 
170,
170,
170,
170,
170,
170,
170,
170,
170,
170,
170,
170,
170,
170,
170,
170,
170,
170,
170,
170,
170,
170,
170,
170,
170,
170,
0,
1972, 
170.3448,
170.3448,
170.3448,
170.3448,
170.3448,
170.3448,
170.3448,
170.3448,
170.3448,
170.3448,
170.3448,
170.3448,
170.3448,
170.3448,
170.3448,
170.3448,
170.3448,
170.3448,
170.3448,
170.3448,
170.3448,
170.3448,
170.3448,
170.3448,
170.3448,
170.3448,
0,
1973, 
170.6897,
170.6897,
170.6897,
170.6897,
170.6897,
170.6897,
170.6897,
170.6897,
170.6897,
170.6897,
170.6897,
170.6897,
170.6897,
170.6897,
170.6897,
170.6897,
170.6897,
170.6897,
170.6897,
170.6897,
170.6897,
170.6897,
170.6897,
170.6897,
170.6897,
170.6897,
0,
1974, 
171.0345,
171.0345,
171.0345,
171.0345,
171.0345,
171.0345,
171.0345,
171.0345,
171.0345,
171.0345,
171.0345,
171.0345,
171.0345,
171.0345,
171.0345,
171.0345,
171.0345,
171.0345,
171.0345,
171.0345,
171.0345,
171.0345,
171.0345,
171.0345,
171.0345,
171.0345,
0,
1975, 
171.3793,
171.3793,
171.3793,
171.3793,
171.3793,
171.3793,
171.3793,
171.3793,
171.3793,
171.3793,
171.3793,
171.3793,
171.3793,
171.3793,
171.3793,
171.3793,
171.3793,
171.3793,
171.3793,
171.3793,
171.3793,
171.3793,
171.3793,
171.3793,
171.3793,
171.3793,
0,
1976, 
171.3793,
171.3793,
171.7241,
171.7241,
171.7241,
171.3793,
171.7241,
171.7241,
171.7241,
171.7241,
171.3793,
171.3793,
171.7241,
171.7241,
171.3793,
171.3793,
171.7241,
171.3793,
171.7241,
171.7241,
171.7241,
171.7241,
171.3793,
171.7241,
171.3793,
171.7241,
0,
1977, 
171.3793,
171.4122,
172.069,
172.069,
172.069,
171.3793,
172.069,
172.069,
172.069,
172.069,
171.4436,
171.3793,
172.069,
172.069,
171.3793,
171.488,
172.069,
171.3793,
172.069,
172.069,
172.069,
172.069,
171.472,
172.069,
171.3793,
172.069,
0,
1978, 
171.613,
171.4902,
172.4138,
172.4138,
172.4138,
171.3793,
172.4138,
172.4138,
172.4138,
172.4138,
171.5458,
171.3793,
172.4138,
172.4138,
171.3793,
171.5231,
172.4138,
171.3793,
172.4138,
172.4138,
172.4138,
172.4138,
171.472,
172.4138,
171.3793,
172.4138,
0,
1979, 
171.7471,
171.5576,
172.7586,
172.7586,
172.7586,
171.3793,
172.7586,
172.7586,
172.7586,
172.7586,
171.6629,
171.3793,
172.7586,
172.4138,
171.3793,
171.5231,
172.7586,
171.3793,
172.4138,
172.4138,
172.7586,
172.7586,
171.7593,
172.7586,
171.3793,
172.7586,
0,
1980, 
171.8922,
171.5641,
173.1035,
173.1035,
173.1035,
171.3793,
173.1035,
173.1035,
173.1035,
173.1035,
171.8053,
171.6823,
173.1035,
172.4138,
171.3793,
171.6825,
173.1035,
171.3793,
172.4138,
172.5862,
173.1035,
173.1035,
171.9982,
173.1035,
171.3793,
173.1035,
0,
1981, 
172.0208,
171.6122,
173.4483,
173.4483,
173.4483,
171.3793,
173.4483,
173.4483,
173.4483,
173.4483,
172.0359,
171.6823,
173.4483,
172.4138,
171.3793,
171.9748,
173.4483,
171.3793,
172.4138,
172.5862,
173.4483,
173.4483,
171.9982,
173.4483,
171.3793,
173.4483,
0,
1982, 
172.1738,
171.7269,
173.4483,
173.7931,
173.4483,
171.6534,
173.7931,
173.7931,
173.7931,
173.4483,
172.2132,
172.4267,
173.7931,
172.6927,
171.3793,
172.101,
173.7931,
171.7458,
172.9527,
172.5862,
173.7931,
173.7931,
172.1351,
173.7931,
171.4298,
173.7931,
0,
1983, 
172.3306,
171.8484,
173.6207,
174.1379,
173.6207,
171.9037,
174.1379,
174.1379,
174.1379,
173.6207,
172.3895,
172.8319,
174.1379,
172.9264,
171.3793,
172.2344,
174.1379,
172.0538,
173.2406,
172.5862,
174.1379,
174.1379,
172.278,
174.1379,
171.486,
174.1379,
0,
1984, 
172.4902,
171.9755,
173.7931,
174.4828,
173.7931,
172.1377,
174.4828,
174.4828,
174.4828,
173.7931,
172.5649,
173.1306,
174.4828,
173.1386,
171.3793,
172.3736,
174.4828,
172.3264,
173.4695,
172.5862,
174.4828,
174.4828,
172.4257,
174.4828,
171.5477,
174.4828,
0,
1985, 
172.6518,
172.1074,
173.9655,
174.8276,
173.9655,
172.36,
174.8276,
174.8276,
174.8276,
173.9655,
172.7398,
173.3823,
174.8276,
173.339,
171.3793,
172.5173,
174.8276,
172.5758,
173.6755,
172.5862,
174.8276,
174.8276,
172.5769,
174.8276,
171.6144,
174.8276,
0,
1986, 
172.815,
172.2434,
174.1379,
175.1724,
174.1379,
172.5737,
175.1724,
175.1724,
175.1724,
174.1379,
172.9143,
173.6091,
175.1724,
173.5321,
171.3793,
172.6646,
175.1724,
172.8092,
173.8701,
172.5862,
175.1724,
175.1724,
172.7311,
175.1724,
171.6858,
175.1724,
0,
1987, 
172.9796,
172.3828,
174.3103,
175.5172,
174.3103,
172.7807,
175.5172,
175.5172,
175.5172,
174.3103,
173.0885,
173.8212,
175.5172,
173.7205,
171.3793,
172.815,
175.5172,
173.0312,
174.0583,
172.5862,
175.5172,
175.5172,
172.8876,
175.5172,
171.7616,
175.5172,
0,
1988, 
173.1451,
172.5253,
174.4828,
175.8621,
174.4828,
172.9827,
175.8621,
175.8621,
175.8621,
174.4828,
173.2624,
174.0237,
175.8621,
173.9055,
171.3793,
172.9678,
175.8621,
173.2447,
174.2425,
172.5862,
175.8621,
175.8621,
173.0461,
175.8621,
171.8415,
175.8621,
0,
1989, 
173.3116,
172.6703,
174.6552,
176.2069,
174.6552,
173.1806,
176.2069,
176.2069,
176.2069,
174.6552,
173.4361,
174.2199,
176.2069,
174.0882,
171.3793,
173.1228,
176.2069,
173.4517,
174.4241,
172.5862,
176.2069,
176.2069,
173.2061,
176.2069,
171.9253,
176.2069,
0,
1990, 
173.4787,
172.8176,
174.8276,
176.5517,
174.8276,
173.3753,
176.5517,
176.5517,
176.5517,
174.8276,
173.6096,
174.4115,
176.5517,
174.2692,
171.3793,
173.2795,
176.5517,
173.6536,
174.6038,
172.5862,
176.5517,
176.5517,
173.3674,
176.5517,
172.0127,
176.5517,
0,
1991, 
173.4787,
172.9098,
175,
176.8965,
175,
173.5672,
176.8965,
176.8965,
176.8965,
174.9655,
173.6096,
174.5997,
176.8965,
174.2692,
171.3793,
173.4378,
176.8965,
173.8514,
174.7822,
172.5862,
176.8965,
176.8965,
173.3674,
176.8965,
172.1035,
176.8965,
0,
1992, 
173.4787,
172.9098,
175.3062,
177.2414,
175,
173.5672,
177.2414,
177.2414,
177.2414,
174.9655,
173.6096,
174.63,
177.2414,
174.2692,
171.3793,
173.4856,
177.2414,
174.0339,
174.8877,
172.5862,
177.2414,
177.2414,
173.3674,
177.2414,
172.1035,
177.2414,
0,
1993, 
173.4787,
172.9098,
175.5751,
177.5862,
175,
173.5672,
177.5862,
177.5862,
177.5862,
174.9655,
173.6096,
174.664,
177.5862,
174.2692,
171.3793,
173.5369,
177.5862,
174.2153,
174.9995,
172.5862,
177.5862,
177.5862,
173.3674,
177.5862,
172.1035,
177.5862,
0,
1994, 
173.4787,
172.9098,
175.8205,
177.931,
175,
173.5672,
177.931,
177.931,
177.931,
174.9655,
173.6096,
174.6693,
177.931,
174.2692,
171.3793,
173.5914,
177.931,
174.3957,
175.1168,
172.7416,
177.931,
177.931,
173.3674,
177.931,
172.1035,
177.931,
0,
1995, 
173.4787,
172.9098,
176.0501,
178.2759,
175,
173.5672,
178.2759,
178.2759,
178.2759,
174.9655,
173.6096,
174.6693,
178.2759,
174.2692,
171.3793,
173.6491,
178.2759,
174.5752,
175.2389,
174.039,
178.2759,
178.2759,
173.3674,
178.2759,
172.1035,
178.2759,
0,
1996, 
173.4787,
172.9098,
176.2684,
178.6207,
175,
173.5672,
178.6207,
178.6207,
178.6207,
174.9655,
173.6096,
174.6693,
178.6207,
174.2692,
171.3793,
173.7098,
178.6207,
174.7541,
175.3652,
174.8863,
178.6207,
178.6207,
173.3674,
178.6207,
172.1035,
178.6207,
0,
1997, 
173.4787,
172.9098,
176.2811,
178.9655,
176.091,
173.5672,
178.9655,
178.9655,
178.9655,
174.9655,
173.6096,
174.6693,
178.9655,
174.2692,
171.3793,
173.7098,
178.9655,
175.0645,
175.6203,
174.8863,
178.9655,
178.9655,
173.3674,
178.9655,
174.2171,
178.9655,
0,
1998, 
173.4787,
172.9098,
176.2954,
179.3103,
176.7567,
173.5672,
179.3103,
179.3103,
179.3103,
174.9655,
173.6096,
174.6693,
179.3103,
174.2692,
171.3793,
173.7098,
179.3103,
175.3544,
175.8634,
174.8863,
179.3103,
179.3103,
173.3674,
179.3103,
175.38,
179.3103,
0,
1999, 
173.4787,
172.9098,
176.3115,
179.6552,
177.2368,
173.5672,
179.6552,
179.6552,
179.6552,
174.9655,
173.6096,
174.6693,
179.6552,
174.2692,
171.3793,
173.7098,
179.6552,
175.6281,
176.0969,
174.8863,
179.6552,
179.6552,
173.3674,
179.6552,
176.1532,
179.6552,
0,
2000, 
173.4787,
172.9098,
176.3292,
180,
177.6196,
173.5672,
180,
180,
180,
174.9655,
173.6096,
174.6693,
180,
174.2692,
171.3793,
173.7098,
180,
175.8886,
176.3226,
174.8863,
180,
180,
173.3674,
180,
176.7289,
180,
0,
2001, 
173.4787,
172.9098,
176.3486,
181.4,
177.8445,
173.5672,
181.4,
181.4,
181.4,
174.9655,
173.6096,
174.6693,
181.4,
174.2692,
171.3793,
173.7098,
181.4,
176.1384,
176.542,
174.8863,
181.4,
181.4,
173.3674,
181.4,
177.1907,
181.4,
0,
2002, 
173.4787,
172.9098,
176.3874,
182.8,
177.8445,
173.5672,
182.8,
182.8,
182.8,
174.9655,
173.6096,
174.6693,
182.8,
174.2692,
171.3793,
173.8512,
182.8,
176.2991,
176.8119,
176.7544,
182.8,
182.8,
173.3674,
182.8,
177.1907,
182.8,
0,
2003, 
173.4787,
172.9098,
176.3874,
184.2,
177.8445,
173.5672,
184.2,
184.2,
184.2,
174.9655,
173.6096,
174.6693,
184.2,
174.2692,
171.3793,
174.0129,
184.2,
176.4917,
177.127,
178.1017,
184.2,
184.2,
173.3674,
184.2,
177.1907,
184.2,
0,
2004, 
173.4787,
172.9098,
176.3874,
185.6,
177.8445,
173.5672,
185.6,
185.6,
185.6,
174.9655,
173.6096,
174.6693,
185.6,
174.5482,
171.3793,
174.1936,
185.6,
176.7136,
177.4806,
179.2132,
185.6,
185.6,
173.3674,
185.6,
177.1907,
185.6,
0,
2005, 
173.4787,
172.9098,
176.3874,
187,
177.8445,
173.5672,
187,
187,
187,
174.9655,
173.6096,
174.6693,
187,
174.8803,
171.3793,
174.3925,
187,
176.9622,
177.8672,
180.1977,
187,
187,
173.3674,
187,
177.1907,
187,
0,
2006, 
173.4787,
172.9098,
176.3874,
188.4,
177.8445,
173.5672,
188.4,
188.4,
188.4,
174.9655,
173.6096,
174.6693,
188.4,
175.2339,
171.3793,
174.6085,
188.4,
177.2353,
178.2823,
181.1063,
188.4,
188.4,
173.3674,
188.4,
177.1907,
188.4,
0,
2007, 
173.4787,
172.9098,
176.3874,
189.8,
177.8445,
173.5672,
189.8,
189.8,
189.8,
174.9655,
173.6096,
174.6693,
189.8,
175.2339,
171.3793,
174.7258,
189.8,
178.0853,
178.5045,
181.8029,
189.8,
189.8,
173.3674,
189.8,
177.1907,
189.8,
0,
2008, 
173.4787,
172.9098,
176.3874,
191.2,
177.8445,
173.5672,
191.2,
191.2,
191.2,
174.9655,
173.6096,
174.6693,
191.2,
175.2339,
171.3793,
174.853,
191.2,
178.9139,
178.7474,
182.5002,
191.2,
191.2,
173.3674,
191.2,
177.1907,
191.2,
0,
2009, 
173.4787,
172.9098,
176.3874,
192.6,
177.8445,
173.5672,
192.6,
192.6,
192.6,
174.9655,
173.6096,
174.6693,
192.6,
175.2339,
171.3793,
174.9897,
192.6,
179.7256,
179.0094,
183.1979,
192.6,
192.6,
173.3674,
192.6,
177.1907,
192.6,
0,
2010, 
173.4787,
172.9098,
176.3874,
194,
177.8445,
173.5672,
194,
194,
194,
174.9655,
173.6096,
174.6693,
194,
175.2339,
171.3793,
175.1358,
194,
180.5235,
179.2896,
183.8959,
194,
194,
173.3674,
194,
177.1907,
194,
0,
2011, 
173.4787,
172.9098,
176.3874,
195.4,
177.8445,
173.5672,
195.4,
195.4,
195.4,
174.9655,
173.6096,
174.6693,
195.4,
175.2339,
171.3793,
175.2911,
195.4,
181.3099,
179.5866,
184.5942,
195.4,
195.4,
173.3674,
195.4,
177.1907,
195.4,
0,
2012, 
173.4787,
172.9098,
176.7883,
196.8,
177.8445,
176.3999,
196.8,
196.8,
196.8,
175.1008,
173.6096,
174.7774,
196.8,
175.2339,
171.3793,
175.7543,
195.4,
182.0394,
180.0838,
187.2853,
196.8,
196.8,
173.3674,
196.8,
179.2097,
196.8,
0,
2013, 
173.4787,
172.9098,
177.2015,
198.2,
177.8445,
178.7428,
198.2,
198.2,
198.2,
175.2436,
173.6096,
174.8917,
198.2,
175.2339,
171.3793,
176.2283,
196.1,
182.766,
180.5934,
189.1823,
198.2,
198.2,
173.3674,
198.2,
180.9654,
198.2,
0,
2014, 
173.4787,
172.9098,
177.6263,
199.6,
177.8445,
180.7472,
199.6,
199.6,
199.6,
175.3936,
173.6096,
175.012,
199.6,
175.2339,
171.3793,
176.7122,
196.8,
183.49,
181.1143,
190.6814,
199.6,
199.6,
173.3674,
199.6,
182.5295,
199.6,
0,
2015, 
173.695,
172.9098,
178.0621,
201,
177.8445,
182.5079,
201,
201,
201,
175.5508,
173.6096,
175.1383,
201,
175.2339,
171.3793,
177.2054,
197.5,
184.212,
181.6454,
191.9527,
201,
201,
173.3674,
201,
183.9498,
201,
0,
2016, 
174.0665,
172.9098,
178.5081,
202.4,
177.8445,
184.0875,
202.4,
202.4,
202.4,
175.6332,
173.6096,
175.2704,
202.4,
175.2339,
171.3793,
177.7074,
198.2,
184.932,
182.186,
193.0814,
202.4,
202.4,
173.3674,
202.4,
185.2595,
202.4,
0,
2017, 
174.1084,
172.9098,
178.8741,
203.8,
177.8445,
184.1076,
203.8,
203.8,
203.8,
175.6332,
173.6096,
175.3267,
203.8,
175.6863,
171.3793,
178.3063,
199.1542,
185.223,
182.4462,
194.333,
203.8,
203.8,
173.3674,
203.8,
187.8991,
203.8,
0,
2018, 
174.1521,
172.9098,
179.2501,
205.2,
177.8445,
184.1293,
205.2,
205.2,
205.2,
175.6332,
173.6096,
175.3856,
205.2,
176.1469,
171.3793,
178.9099,
200.0143,
185.5274,
182.7175,
195.4539,
205.2,
205.2,
173.3674,
205.2,
190.021,
205.2,
0,
2019, 
174.1978,
172.9098,
179.6358,
206.6,
177.8445,
184.1525,
206.6,
206.6,
206.6,
175.6332,
173.6096,
175.4472,
206.6,
176.6152,
171.3793,
179.5181,
200.8244,
185.8446,
182.9997,
196.4858,
206.6,
206.6,
173.3674,
206.6,
191.8081,
206.6,
0,
2020, 
174.2455,
172.9098,
180.0306,
208,
177.8445,
184.1771,
208,
208,
208,
175.6332,
173.6096,
175.5114,
208,
177.0909,
171.3793,
179.9338,
201.6047,
186.1739,
183.2922,
197.4541,
208,
208,
173.3674,
208,
193.3662,
208,
0,
2021, 
174.295,
172.9098,
180.4343,
209.4,
177.8445,
184.2033,
209.4,
209.4,
209.4,
175.6332,
173.6096,
175.5783,
209.4,
177.5735,
171.3793,
179.9338,
202.3659,
186.5148,
183.5323,
198.3755,
209.4,
209.4,
173.3674,
209.4,
194.7607,
209.4,
0,
2022, 
174.295,
172.9098,
180.4343,
210.8,
177.8445,
184.2033,
210.8,
210.8,
210.8,
175.6332,
173.6096,
175.7082,
210.8,
177.5735,
171.3793,
179.9338,
205.0766,
188.8069,
183.5323,
198.9279,
210.8,
210.8,
173.3674,
210.8,
200.794,
210.8,
0,
2023, 
174.295,
172.9098,
180.4343,
212.2,
177.8445,
184.2033,
212.2,
212.2,
212.2,
175.6332,
173.6096,
175.7082,
212.2,
177.5735,
171.3793,
179.9338,
206.5278,
188.8069,
185.0889,
199.4209,
212.2,
212.2,
173.3674,
212.2,
203.9228,
212.2,
0,
2024, 
174.295,
173.9202,
180.4343,
213.6,
177.8445,
184.2033,
213.6,
213.6,
213.6,
175.6332,
173.6096,
177.119,
212.2,
180.2563,
171.3793,
179.9338,
207.7831,
188.8069,
187.8707,
199.5662,
213.6,
213.6,
173.3674,
213.6,
206.1489,
213.6,
0,
2025, 
174.295,
173.9202,
180.4343,
215,
177.8445,
184.2033,
215,
215,
215,
175.6507,
173.6096,
178.4769,
212.9,
180.2563,
171.3793,
179.9338,
208.6159,
192.7791,
189.1262,
200.5299,
215,
215,
181.9886,
215,
207.7281,
215,
0,
2026, 
174.295,
173.9202,
180.4343,
216.4,
177.8445,
184.2033,
216.4,
216.4,
216.4,
175.6689,
173.6096,
178.4769,
213.6,
180.2563,
171.3793,
182.8052,
208.6159,
197.4621,
189.1262,
201.4643,
216.4,
216.4,
185.2246,
216.4,
207.7281,
216.4,
0,
2027, 
174.295,
173.9202,
180.4343,
217.8,
177.8445,
184.2033,
217.8,
217.8,
217.8,
175.6689,
173.6096,
178.4769,
214.3,
180.2563,
171.3793,
183.1308,
208.6159,
199.8967,
189.1262,
202.7025,
217.8,
217.8,
185.2246,
217.8,
207.7281,
217.8,
0,
2028, 
174.295,
173.9202,
180.4343,
219.2,
177.8445,
184.7867,
219.2,
219.2,
219.2,
175.6689,
173.6096,
178.4769,
214.3,
180.2563,
171.3793,
183.1308,
208.6159,
202.6746,
189.1262,
204.1956,
219.2,
219.2,
185.2246,
219.2,
207.7281,
219.2,
0,
2029, 
174.295,
173.9202,
180.4343,
220.6,
195.5108,
184.7867,
219.2,
220.6,
220.6,
175.6689,
173.6096,
178.4769,
214.3,
180.2563,
171.3793,
183.1308,
208.6159,
202.6746,
189.1262,
204.6712,
220.6,
220.6,
185.2246,
220.6,
207.7281,
220.6,
0,
2030, 
174.295,
173.9202,
180.4343,
222,
195.5108,
184.7867,
219.2,
222,
222,
175.6689,
173.6096,
178.4769,
214.3,
180.2563,
171.3793,
183.1308,
208.6159,
202.6746,
189.1262,
204.6712,
222,
222,
185.2246,
222,
207.7281,
222,
0,
2031, 
175.133,
175.7005,
180.4343,
223.4,
195.5108,
185.5214,
220.6,
223.4,
223.4,
175.6689,
173.6096,
178.7966,
214.3,
180.2563,
171.3793,
183.6204,
208.6159,
202.7317,
189.1262,
204.6712,
223.4,
223.4,
185.2246,
223.4,
207.7509,
223.4,
0,
2032, 
175.133,
175.7005,
180.4343,
224.8,
195.5108,
185.5214,
220.6,
224.8,
224.8,
175.6689,
173.6096,
178.7966,
214.3,
180.2563,
171.3793,
183.6204,
208.6159,
202.7317,
189.1262,
204.6712,
224.8,
224.8,
185.2246,
224.8,
207.7509,
224.8,
0,
2033, 
175.133,
175.7005,
180.4343,
226.2,
195.5108,
185.5214,
220.6,
226.2,
226.2,
175.5833,
173.6096,
178.7966,
214.3,
180.2563,
171.3793,
183.6204,
208.6159,
202.7317,
189.1262,
204.6712,
226.2,
226.2,
185.2246,
226.2,
207.7509,
226.2,
0,
2034, 
175.133,
175.7005,
180.4343,
227.6,
195.5108,
185.5214,
220.6,
227.6,
227.6,
175.4319,
173.6096,
178.7966,
214.3,
180.2563,
171.3793,
183.6204,
208.6159,
202.7317,
189.1262,
204.6712,
227.6,
227.6,
185.2246,
227.6,
207.7509,
227.6,
0,
2035, 
175.133,
175.7005,
180.4343,
229,
195.5108,
185.5214,
220.6,
229,
229,
175.3171,
173.6096,
178.7966,
214.3,
180.2563,
171.3793,
183.6204,
208.6159,
202.7317,
189.1262,
204.6712,
229,
229,
185.2246,
229,
207.7509,
229,
0,
2036, 
176.0319,
178.6701,
193.7934,
230.4,
195.5108,
189.4449,
220.6,
230.4,
230.4,
175.2302,
174.1118,
179.4486,
215.5989,
181.594,
229,
185.5896,
208.6159,
203.7844,
189.8248,
205.3325,
230.4,
230.4,
188.4131,
230.4,
211.0777,
230.4,
0,
2037, 
176.0319,
179.2124,
200.7387,
231.8,
195.5108,
196.6895,
220.6,
231.8,
231.8,
175.1646,
174.2418,
179.4486,
216.5274,
182.9246,
229.3347,
186.6987,
208.6159,
203.7844,
190.2052,
206.0805,
231.8,
231.8,
190.3723,
231.8,
213.4642,
231.8,
0,
2038, 
176.5865,
180.0987,
205.8619,
233.2,
195.5108,
196.6895,
220.6,
233.2,
233.2,
175.1151,
174.3731,
179.4486,
217.3256,
183.8542,
230.1318,
186.941,
208.6159,
203.7844,
190.6518,
206.7426,
233.2,
233.2,
191.1499,
233.2,
215.6283,
233.2,
0,
2039, 
176.9644,
180.7872,
209.294,
234.6,
195.5108,
202.2588,
220.6,
234.6,
234.6,
175.1151,
174.4931,
179.4486,
218.21,
187.7472,
230.521,
186.941,
208.6159,
206.3627,
191.6371,
207.5822,
234.6,
234.6,
193.9498,
234.6,
217.621,
234.6,
0,
2040, 
177.3832,
180.8413,
212.7611,
236,
195.5108,
202.2588,
220.6,
236,
236,
175.1151,
174.6192,
179.6183,
218.8295,
189.3637,
230.9868,
187.5421,
208.6159,
209.291,
192.2422,
208.2573,
236,
236,
197.2469,
236,
219.4789,
236,
0,
2041, 
177.7679,
181.1642,
215.295,
237.4,
195.5108,
202.2588,
220.6,
237.4,
237.4,
175.1151,
174.8276,
179.6183,
220.0143,
190.9871,
231.6405,
188.8847,
208.6159,
212.4934,
192.9309,
208.6113,
237.4,
237.4,
197.8476,
237.4,
221.2286,
237.4,
0,
2042, 
178.2568,
181.9185,
218.1737,
238.8,
195.9388,
203.1361,
220.6,
238.8,
238.8,
175.3036,
175,
180.1854,
221.0913,
193.9232,
232.0111,
189.567,
208.6159,
216.0737,
193.9804,
208.8394,
238.8,
238.8,
199.6834,
238.8,
222.8942,
238.8,
0,
2043, 
178.8265,
182.799,
221.4449,
240.2,
196.377,
204.0577,
220.6,
240.2,
240.2,
175.4961,
175.1724,
180.8324,
222.0558,
196.789,
232.2558,
190.2965,
208.6159,
219.2291,
194.8998,
208.8394,
240.2,
240.2,
201.5658,
240.2,
224.4771,
240.2,
0,
2044, 
179.5123,
183.8515,
223.5801,
241.6,
196.8259,
219.4513,
220.6,
241.6,
241.6,
175.6945,
175.3448,
181.5863,
223.6497,
199.8436,
232.3051,
191.0801,
208.6159,
221.9979,
195.9138,
209.2247,
241.6,
241.6,
203.514,
241.6,
225.9908,
241.6,
0,
2045, 
180.3742,
185.1476,
225.5129,
243,
197.2863,
220.3283,
220.6,
243,
243,
175.9018,
175.5172,
182.4877,
224.8308,
203.2215,
232.6455,
191.9259,
208.6159,
224.368,
197.2392,
210.3091,
243,
243,
205.5789,
243,
227.4455,
243,
0,
2046, 
181.5212,
186.8044,
227.189,
244.4,
197.7587,
221.7692,
220.6,
244.4,
244.4,
176.1235,
175.6897,
183.601,
225.7806,
207.0324,
233.273,
192.844,
208.6159,
226.438,
198.4315,
212.5095,
244.4,
244.4,
207.8121,
244.4,
228.8559,
244.4,
0,
2047, 
183.1764,
189.029,
228.7003,
245.8,
198.244,
224.3682,
220.6,
245.8,
245.8,
176.3708,
175.8621,
185.0344,
226.5515,
211.3809,
234.2668,
193.8468,
208.6159,
228.7815,
199.6262,
214.2698,
245.8,
245.8,
210.3093,
245.8,
230.225,
245.8,
0,
2048, 
185.8773,
192.2243,
230.0693,
247.2,
198.743,
226.8102,
220.6,
247.2,
247.2,
176.6708,
176.0345,
186.9845,
227.2802,
216.0666,
234.9197,
194.9495,
208.6159,
231.4511,
200.7597,
215.84,
247.2,
247.2,
213.3068,
247.2,
231.557,
247.2,
0,
2049, 
191.3331,
197.292,
231.6021,
248.6,
199.2567,
228.733,
220.6,
248.6,
248.6,
177.109,
176.2069,
189.851,
227.978,
221.1933,
235.4948,
196.1712,
208.6159,
233.3065,
202.0096,
217.8103,
248.6,
248.6,
216.9541,
248.6,
232.8565,
248.6,
0,
2050, 
209.4323,
206.7528,
232.8766,
250,
199.7861,
230.1675,
220.6,
250,
250,
178.176,
250,
194.588,
228.4803,
226.8789,
235.8889,
197.5365,
208.6159,
235.0576,
203.2993,
219.193,
250,
250,
221.1612,
250,
234.1294,
250,
0,
2051, 
209.4323,
218.0725,
234.0785,
253,
200.3323,
231.06,
220.6,
253,
253,
198.3939,
253,
205.2637,
229.1257,
227.926,
239.0552,
199.0769,
208.6159,
236.3875,
204.7851,
221.3463,
253,
253,
221.4702,
253,
235.3848,
253,
0,
2052, 
209.4323,
218.0725,
235.7579,
256,
200.3323,
231.6398,
220.6,
256,
256,
198.3939,
256,
214.7522,
229.8195,
229.1117,
242.404,
199.5597,
208.6159,
238.2386,
205.8244,
222.5645,
256,
256,
222.1669,
256,
236.7433,
256,
0,
2053, 
209.4323,
218.0725,
237.4262,
259,
200.3323,
231.6398,
220.6,
259,
259,
198.3394,
259,
223.2262,
230.3994,
230.4316,
245.0094,
200.0562,
208.6159,
239.8045,
206.8895,
225.4999,
259,
259,
223.004,
259,
238.1973,
259,
0,
2054, 
209.4323,
218.0726,
238.9054,
262,
200.3323,
231.6398,
220.6,
262,
262,
196.9676,
262,
229.2011,
230.9994,
231.7926,
247.1371,
200.5676,
208.6159,
241.045,
207.745,
229.186,
262,
262,
223.6171,
262,
239.7349,
262,
0,
2055, 
209.4323,
218.0726,
240.3684,
262,
200.3323,
231.6398,
220.6,
265,
265,
197.4116,
265,
235.0175,
231.3172,
233.1671,
249.9842,
201.0947,
208.6159,
242.6834,
208.5738,
230.9579,
262,
262,
224.4076,
265,
241.3483,
265,
0,
2056, 
209.4323,
218.0726,
241.5606,
263.3964,
200.3323,
231.6398,
220.6,
268,
268,
197.7845,
268,
238.5055,
231.8289,
234.4323,
251.7778,
201.6387,
208.6159,
244.2457,
209.4547,
232.6108,
263.6779,
263.5363,
225.5961,
268,
243.0342,
268,
0,
2057, 
209.4323,
218.0726,
242.0232,
265.5842,
202.782,
231.6398,
220.6,
271,
271,
198.3939,
271,
241.8835,
232.1832,
235.6627,
253.5581,
201.6387,
208.6159,
246.3746,
210.6306,
233.5858,
264.988,
264.9387,
226.5057,
271,
244.8676,
271,
0,
2058, 
209.4323,
218.0726,
242.7245,
266.9973,
205.811,
231.6398,
220.6,
274,
274,
198.4399,
274,
243.9957,
232.4886,
236.8979,
256.0889,
201.6387,
208.6159,
247.9132,
211.9157,
234.4776,
266.4193,
266.2055,
227.3771,
274,
246.7487,
274,
0,
2059, 
209.4323,
218.0726,
243.2607,
267.9695,
209.6724,
233.3261,
220.6,
277,
277,
199.0753,
277,
245.8183,
232.7635,
238.0687,
257.7748,
201.6387,
208.6159,
249.6513,
213.2175,
234.4776,
267.899,
267.4122,
228.2948,
277,
248.6706,
277,
0,
2060, 
209.4323,
218.0726,
243.8904,
269.5599,
214.7922,
238.5545,
220.6,
280,
280,
199.2737,
280,
247.558,
233.0222,
239.1352,
259.3669,
201.6387,
208.6159,
251.7498,
214.4355,
234.5057,
269.3306,
267.8153,
229.0764,
280,
250.6274,
280,
0,
2061, 
209.4323,
218.0726,
244.5794,
271.449,
219.2,
241.5729,
220.6,
283,
283,
199.0975,
283,
249.2525,
233.5007,
240.0193,
260.8979,
201.6387,
208.6159,
253.6384,
215.7007,
236.4265,
270.8351,
269.1223,
229.8866,
283,
252.6246,
283,
0,
2062, 
209.4323,
218.0726,
245.4493,
273.0046,
219.2,
244.7044,
220.6,
286,
286,
198.3939,
286,
250.8759,
233.9911,
240.7808,
262.4906,
202.3525,
208.6159,
255.4846,
217.0007,
236.6702,
272.2667,
270.91,
230.5883,
286,
254.5894,
286,
0,
2063, 
209.4323,
218.0726,
246.8164,
274.5429,
219.2,
250.5908,
220.6,
289,
289,
198.3939,
289,
252.112,
233.9911,
241.4231,
263.8129,
203.0674,
208.6159,
257.0568,
218.2897,
237.9389,
273.5634,
272.3715,
231.2705,
289,
256.5903,
289,
0,
2064, 
209.4323,
218.0726,
247.7838,
276.3493,
219.2,
253.4807,
220.6,
292,
292,
198.3939,
292,
253.0019,
233.9911,
243.0858,
265.0481,
203.7834,
208.6159,
258.8659,
219.6207,
239.8644,
274.7977,
273.8587,
231.9467,
292,
258.6213,
292,
0,
2065, 
209.4323,
218.0726,
248.6542,
277.8048,
219.2,
254.3978,
220.6,
295,
295,
198.3939,
295,
253.1255,
234.8464,
244.7628,
266.9896,
204.5007,
208.6159,
260.4776,
221.2236,
241.614,
275.9424,
275.8242,
232.4525,
295,
260.5561,
295,
0,
2066, 
209.4323,
218.0726,
249.6601,
279.2493,
219.2,
255.0819,
220.6,
298,
298,
199.157,
298,
253.651,
235.0631,
246.3829,
268.5102,
205.2194,
208.6159,
262.1224,
222.9753,
242.9131,
277.0302,
277.3613,
232.9563,
298,
262.2467,
298,
0,
2067, 
209.4323,
218.0726,
250.791,
280.9814,
219.2,
256.147,
220.6,
301,
301,
289.1909,
301,
254.1102,
235.0631,
246.5995,
270.1647,
205.5726,
208.6159,
263.8074,
223.9761,
244.151,
278.0895,
278.6495,
233.2701,
301,
263.9524,
301,
0,
2068, 
209.4323,
218.0726,
251.9112,
282.6564,
219.2,
259.7823,
220.6,
304,
304,
294.686,
304,
254.2831,
235.0631,
246.7731,
271.8318,
205.9109,
208.6159,
265.3074,
224.949,
244.8452,
279.1417,
279.8296,
233.4554,
304,
265.6068,
304,
0,
2069, 
209.4323,
218.0726,
253.3122,
284.2976,
219.2,
261.0686,
220.6,
307,
307,
297.7795,
307,
254.4824,
235.0631,
246.9388,
273.4032,
206.2333,
208.6159,
266.8296,
226.0315,
245.668,
280.2082,
280.8761,
233.6767,
307,
267.4934,
307,
0,
2070, 
209.4323,
218.0726,
254.7093,
285.834,
219.2,
261.986,
220.6,
310,
310,
300.7454,
310,
254.8458,
235.4247,
247.1313,
274.9944,
206.5388,
208.6159,
268.4533,
227.1759,
246.6266,
281.7638,
282.2562,
234.0818,
310,
269.2966,
310,
0,
2071, 
209.4323,
218.0726,
256.2937,
287.3203,
219.2,
263.3927,
220.6,
313,
313,
302.87,
313,
255.2906,
236.2714,
247.4102,
276.2885,
206.8262,
208.6159,
270.7892,
228.3824,
247.4734,
283.2458,
283.8291,
234.4923,
313,
271.1517,
313,
0,
2072, 
209.4323,
218.0726,
257.6597,
288.8741,
219.2,
266.0862,
220.6,
316,
316,
305.6292,
316,
256.2276,
236.9996,
247.7122,
277.5425,
207.6297,
208.9518,
272.7682,
230.1318,
249.1759,
284.8913,
285.6559,
234.9002,
316,
272.9823,
316,
0,
2073, 
209.4323,
218.0726,
259.5082,
290.3769,
219.2,
269.5552,
220.6,
319,
319,
307.9463,
319,
257.015,
237.9263,
248.0065,
278.5395,
208.4489,
209.2687,
274.7211,
231.8839,
250.8529,
286.4713,
287.3645,
235.3639,
319,
274.8625,
319,
0,
2074, 
209.4323,
218.0726,
260.669,
291.9277,
219.2,
274.1613,
220.6,
322,
322,
309.9725,
322,
258.6075,
239.2076,
248.3425,
279.4808,
209.2876,
209.5651,
276.7042,
233.7419,
252.6446,
288.2835,
288.9511,
235.7136,
322,
276.8044,
322,
0,
2075, 
211.4917,
218.0726,
262.3284,
294.4913,
219.2,
277.3547,
220.6,
325,
325,
311.893,
325,
260.4949,
240.4995,
248.5391,
280.348,
210.151,
209.8393,
278.7087,
235.6288,
254.455,
290.0403,
290.8781,
236.1871,
325,
278.5194,
325,
0,
2076, 
217.1103,
218.0726,
263.411,
296.4156,
219.2,
281.2399,
220.6,
328,
328,
313.4898,
328,
262.2005,
241.9291,
248.8043,
281.0457,
211.0463,
210.0894,
280.6371,
237.5676,
256.1606,
292.0518,
292.4684,
236.7157,
328,
280.5304,
328,
0,
2077, 
218.0195,
218.0726,
263.7367,
298.2539,
219.2,
283.3398,
220.6,
331,
331,
314.9516,
331,
263.5988,
243.6743,
249.8733,
281.5492,
212.1731,
210.4231,
282.4673,
238.7145,
258.0658,
293.8064,
294.0804,
237.3188,
331,
282.7233,
331,
0,
2078, 
218.9563,
218.0726,
263.8157,
300.1669,
219.2,
285.2911,
220.6,
334,
334,
316.2626,
334,
264.8597,
245.4067,
252.6487,
281.8799,
213.4277,
210.7235,
284.3033,
239.8111,
259.7852,
295.805,
295.6492,
237.7127,
334,
285.1052,
334,
0,
2079, 
219.9265,
218.0726,
263.893,
302.223,
219.2,
286.9415,
220.6,
337,
337,
317.5372,
337,
266.0822,
246.9832,
254.3164,
282.1425,
214.8778,
210.986,
286.1122,
240.9902,
261.5898,
297.6255,
297.4135,
238.0974,
337,
288.5161,
337,
0,
2080, 
220.9377,
218.0726,
263.9687,
304.1624,
219.2,
288.3374,
220.6,
340,
340,
318.7723,
340,
267.5048,
248.4643,
257.5909,
282.359,
215.9936,
211.2048,
288.2472,
242.1316,
263.1827,
299.4734,
299.6179,
238.5105,
340,
291.0193,
340,
0,
2081, 
222,
218.0726,
264.0428,
305.9114,
219.2,
289.5084,
220.6,
343,
343,
320.0315,
343,
269.5609,
249.8633,
259.719,
282.4987,
215.9936,
211.3731,
289.8823,
243.7776,
264.7841,
301.6602,
301.3404,
238.9069,
343,
293.5375,
343,
0,
2082, 
222,
218.0726,
264.0428,
307.4579,
219.2,
290.3102,
220.6,
346,
346,
321.8149,
346,
273.3328,
251.1458,
261.573,
282.6202,
215.9936,
212.1275,
291.2849,
244.9262,
265.8946,
303.6093,
302.7524,
239.2835,
346,
296.3127,
346,
0,
2083, 
222,
218.0726,
264.0428,
308.8502,
219.2,
290.635,
220.6,
349,
349,
323.046,
349,
276.0754,
252.3156,
263.0246,
282.7707,
215.9936,
212.8023,
292.508,
249.2151,
266.8768,
305.3055,
304.2509,
239.5884,
349,
298.8989,
349,
0,
2084, 
222,
222,
264.0428,
310.192,
219.2,
290.635,
220.6,
352,
352,
323.8633,
352,
284.4989,
256.3788,
267.8899,
282.915,
215.9936,
213.6,
293.7378,
258.4261,
267.453,
306.5946,
305.5044,
239.8385,
352,
301.5264,
352,
0,
2085, 
222,
222,
264.0428,
311.4186,
219.2,
290.635,
220.6,
355,
355,
324.8177,
355,
292.136,
260.9902,
268.8921,
283.0901,
215.9936,
217.8,
295.2709,
264.807,
268.8408,
308.4846,
306.5882,
252.1895,
355,
303.8348,
355,
0,
2086, 
222,
222,
264.0428,
313.0757,
219.2,
290.635,
220.6,
358,
358,
325.7857,
358,
294.9495,
266.6455,
269.6559,
283.2684,
219.5824,
217.8,
296.949,
265.7393,
270.3637,
310.1012,
307.6705,
263.8209,
358,
305.5032,
358,
0,
2087, 
222,
222,
264.0428,
315.2217,
219.2,
290.635,
220.6,
361,
361,
326.5247,
361,
300.1691,
273.4358,
270.2108,
283.4807,
222,
217.8,
298.3725,
266.7468,
272.3911,
311.6942,
308.8604,
264.2486,
361,
307.3507,
361,
0,
2088, 
222,
222,
264.0428,
316.7779,
219.2,
290.8297,
220.6,
364,
364,
327.1978,
364,
303.4554,
274.9964,
271.047,
283.729,
222,
364,
299.8885,
267.7116,
275.0416,
313.1599,
310.0623,
264.688,
364,
308.9379,
364,
0,
2089, 
222,
222,
264.0428,
317.8922,
367,
290.8297,
222,
367,
367,
327.9836,
367,
306.2989,
276.3456,
271.5197,
284.0243,
222,
367,
300.8974,
268.7794,
276.3881,
315.1018,
311.295,
265.1469,
367,
311.1463,
367,
0,
2090, 
222,
222,
264.0428,
318.9659,
370,
290.8297,
222,
370,
370,
329.1804,
370,
308.9218,
277.6679,
271.8654,
284.4424,
222,
370,
301.9121,
269.6324,
277.1356,
316.3179,
312.7342,
265.6505,
370,
312.618,
370,
0,
2091, 
373,
373,
264.0428,
320.4831,
373,
291.0438,
373,
373,
373,
329.8756,
373,
311.7597,
278.7703,
272.2173,
284.9254,
373,
373,
302.9151,
270.4022,
278.3668,
317.5022,
313.9879,
266.1559,
373,
313.7701,
373,
0,
2092, 
376,
376,
264.0428,
321.9688,
376,
291.0438,
376,
376,
376,
330.2007,
376,
313.6873,
279.7417,
272.5331,
285.5152,
376,
376,
304.0629,
270.4022,
279.1245,
318.8867,
315.3908,
266.6671,
376,
315.0035,
376,
0,
2093, 
379,
379,
264.0428,
323.0927,
379,
291.0438,
379,
379,
379,
330.8702,
379,
314.9612,
280.4962,
272.8324,
286.216,
379,
379,
304.9115,
270.4022,
279.8628,
320.2976,
316.6012,
267.0701,
379,
316.309,
379,
0,
2094, 
382,
382,
264.0428,
323.9709,
382,
291.0438,
382,
382,
382,
331.555,
382,
316.3944,
281.1845,
273.0076,
287.3084,
382,
382,
305.8602,
270.4022,
280.5452,
321.7463,
317.9314,
267.6901,
382,
317.4923,
382,
0,
2095, 
385,
385,
264.0428,
324.9321,
385,
291.0438,
385,
385,
385,
332.0958,
385,
317.6631,
281.6443,
273.2097,
288.0856,
385,
385,
306.8661,
270.4022,
281.0357,
323.2345,
319.6543,
268.3629,
385,
318.65,
385,
0,
2096, 
388,
388,
265.3053,
325.8784,
388,
291.0438,
388,
388,
388,
332.3863,
388,
318.7674,
283.8733,
274.521,
289.8891,
388,
388,
307.8849,
272.182,
282.0161,
325.1577,
320.9603,
272.0832,
388,
320.0739,
388,
0,
2097, 
391,
391,
266.4097,
326.5152,
391,
292.6949,
391,
391,
391,
332.675,
391,
319.6185,
285.6343,
275.8756,
291.0085,
391,
391,
308.9384,
273.1751,
283.1112,
326.496,
322.3855,
275.7638,
391,
321.9539,
391,
0,
2098, 
394,
394,
268.6451,
327.1782,
394,
293.8137,
394,
394,
394,
332.9087,
394,
320.3322,
287.253,
276.8604,
292.4344,
394,
394,
310.0335,
274.346,
284.0988,
327.6628,
323.6635,
279.5781,
394,
323.8602,
394,
0,
2099, 
397,
397,
270.7042,
327.873,
397,
297.6135,
397,
397,
397,
333.1589,
397,
320.7809,
289.0365,
278.3123,
293.4287,
397,
397,
311.6698,
275.954,
285.1167,
328.5919,
324.8528,
282.9614,
397,
325.5977,
397,
0,
2100, 
400,
400,
272.13,
328.4358,
400,
299.9739,
400,
400,
400,
333.1589,
400,
320.9814,
290.4006,
279.8648,
294.2762,
400,
400,
313.0866,
277.6271,
285.8651,
329.5587,
325.9105,
286.1606,
400,
327.358,
400,
0];
