real main.em.ep.ncl.NuclFuelEff[27](t) = [1971, 
170,
170,
170,
170,
170,
170,
170,
170,
170,
170,
170,
170,
170,
170,
170,
170,
170,
170,
170,
170,
170,
170,
170,
170,
170,
170,
0,
1972, 
170,
170,
170.3448,
170,
170.3448,
170.3448,
170.3448,
170.3448,
170.3448,
170.3448,
170,
170.3448,
170.3448,
170.3448,
170.3448,
170,
170.3448,
170,
170.3448,
170.3448,
170.3448,
170.3448,
170,
170.3448,
170.3448,
170.3448,
0,
1973, 
170.1724,
170.1724,
170.6897,
170.1724,
170.6897,
170.6897,
170.6897,
170.6897,
170.6897,
170.6897,
170.1724,
170.6897,
170.6897,
170.6897,
170.6897,
170.1724,
170.6897,
170.1724,
170.6897,
170.6897,
170.6897,
170.6897,
170.1724,
170.6897,
170.6897,
170.6897,
0,
1974, 
170.3448,
170.3448,
171.0345,
170.3448,
171.0345,
171.0345,
171.0345,
171.0345,
171.0345,
171.0345,
170.3448,
171.0345,
171.0345,
171.0345,
171.0345,
170.3448,
171.0345,
170.3448,
171.0345,
171.0345,
171.0345,
171.0345,
170.3448,
171.0345,
171.0345,
171.0345,
0,
1975, 
170.5172,
170.5172,
171.3793,
170.5172,
171.3793,
171.3793,
171.3793,
171.3793,
171.3793,
171.3793,
170.5172,
171.3793,
171.3793,
171.3793,
171.3793,
170.5172,
171.3793,
170.5172,
171.3793,
171.3793,
171.3793,
171.3793,
170.5172,
171.3793,
171.3793,
171.3793,
0,
1976, 
171.327,
171.3623,
171.7241,
170.5172,
171.7241,
171.3793,
171.7241,
171.7241,
171.7241,
171.7241,
171.3228,
171.3793,
171.7241,
171.7241,
171.3793,
171.3486,
171.7241,
171.2341,
171.7241,
171.7241,
171.7241,
171.7241,
171.3629,
171.7241,
171.3793,
171.7241,
0,
1977, 
171.333,
171.4064,
172.069,
170.5172,
172.069,
171.3793,
172.069,
172.069,
172.069,
172.069,
171.4478,
171.3793,
172.069,
172.069,
171.3793,
171.5026,
172.069,
171.2539,
172.069,
172.069,
172.069,
172.069,
171.4782,
172.069,
171.3793,
172.069,
0,
1978, 
171.6898,
171.503,
172.4138,
170.5172,
172.4138,
171.3793,
172.4138,
172.4138,
172.4138,
172.4138,
171.6004,
171.3793,
172.4138,
172.4138,
171.3793,
171.5482,
172.4138,
171.2856,
172.4138,
172.4138,
172.4138,
172.4138,
171.4801,
172.4138,
171.3793,
172.4138,
0,
1979, 
171.8529,
171.5842,
172.7586,
170.5172,
172.7586,
171.3793,
172.7586,
172.7586,
172.7586,
172.7586,
171.7551,
171.3793,
172.7586,
172.4138,
171.3793,
171.5524,
172.7586,
171.3277,
172.4138,
172.4138,
172.7586,
172.7586,
171.7984,
172.7586,
171.3793,
172.7586,
0,
1980, 
172.0194,
171.5955,
173.1035,
170.5172,
173.1035,
171.3793,
173.1035,
173.1035,
173.1035,
173.1035,
171.9291,
171.6823,
173.1035,
172.4138,
171.3793,
171.7449,
173.1035,
171.3793,
172.4138,
172.5862,
173.1035,
173.1035,
172.048,
173.1035,
171.3793,
173.1035,
0,
1981, 
172.1633,
171.655,
173.4483,
170.5172,
173.4483,
171.3793,
173.4483,
173.4483,
173.4483,
173.4483,
172.1892,
171.6823,
173.4483,
172.4138,
171.3793,
172.0715,
173.4483,
171.4393,
172.4138,
172.5862,
173.4483,
173.4483,
172.0497,
173.4483,
171.3793,
173.4483,
0,
1982, 
172.3306,
171.7886,
173.4483,
170.5172,
173.4483,
171.6534,
173.7931,
173.7931,
173.7931,
173.4483,
172.3811,
172.4267,
173.7931,
172.6927,
171.3793,
172.2091,
173.7931,
172.2115,
172.9527,
172.5862,
173.7931,
173.7931,
172.1927,
173.7931,
171.4298,
173.7931,
0,
1983, 
172.499,
171.9276,
173.6207,
170.5172,
173.6207,
171.9037,
174.1379,
174.1379,
174.1379,
173.6207,
172.5679,
172.8319,
174.1379,
172.9264,
171.3793,
172.3531,
174.1379,
172.6506,
173.2406,
172.5862,
174.1379,
174.1379,
172.3413,
174.1379,
171.486,
174.1379,
0,
1984, 
172.6683,
172.071,
173.7931,
170.5172,
173.7931,
172.1377,
174.4828,
174.4828,
174.4828,
173.7931,
172.7513,
173.1306,
174.4828,
173.1386,
171.3793,
172.5018,
174.4828,
172.9738,
173.4695,
172.5862,
174.4828,
174.4828,
172.4938,
174.4828,
171.5477,
174.4828,
0,
1985, 
172.8381,
172.2178,
173.9655,
170.5172,
173.9655,
172.36,
174.8276,
174.8276,
174.8276,
173.9655,
172.9324,
173.3823,
174.8276,
173.339,
171.3793,
172.6541,
174.8276,
173.2432,
173.6755,
172.5862,
174.8276,
174.8276,
172.6495,
174.8276,
171.6144,
174.8276,
0,
1986, 
173.0084,
172.3676,
174.1379,
170.5172,
174.1379,
172.5737,
175.1724,
175.1724,
175.1724,
174.1379,
173.1119,
173.6091,
175.1724,
173.5321,
171.3793,
172.8094,
175.1724,
173.4832,
173.8701,
172.5862,
175.1724,
175.1724,
172.8076,
175.1724,
171.6858,
175.1724,
0,
1987, 
173.179,
172.5199,
174.3103,
170.5172,
174.3103,
172.7807,
175.5172,
175.5172,
175.5172,
174.3103,
173.2901,
173.8212,
175.5172,
173.7205,
171.3793,
172.9669,
175.5172,
173.7054,
174.0583,
172.5862,
175.5172,
175.5172,
172.9677,
175.5172,
171.7616,
175.5172,
0,
1988, 
173.3499,
172.6743,
174.4828,
170.5172,
174.4828,
172.9827,
175.8621,
175.8621,
175.8621,
174.4828,
173.4675,
174.0237,
175.8621,
173.9055,
171.3793,
173.1263,
175.8621,
173.916,
174.2425,
172.5862,
175.8621,
175.8621,
173.1293,
175.8621,
171.8415,
175.8621,
0,
1989, 
173.521,
172.8304,
174.6552,
170.5172,
174.6552,
173.1806,
176.2069,
176.2069,
176.2069,
174.6552,
173.6441,
174.2199,
176.2069,
174.0882,
171.3793,
173.2872,
176.2069,
174.1187,
174.4241,
172.5862,
176.2069,
176.2069,
173.2922,
176.2069,
171.9253,
176.2069,
0,
1990, 
173.6923,
172.988,
174.8276,
170.5172,
174.8276,
173.3753,
176.5517,
176.5517,
176.5517,
174.8276,
173.8201,
174.4115,
176.5517,
174.2692,
171.3793,
173.4494,
176.5517,
174.3157,
174.6038,
172.5862,
176.5517,
176.5517,
173.4562,
176.5517,
172.0127,
176.5517,
0,
1991, 
173.6923,
173.0888,
175,
170.5172,
175,
173.5672,
176.8965,
176.8965,
176.8965,
174.9655,
173.8201,
174.5997,
176.8965,
174.2692,
171.3793,
173.6126,
176.8965,
174.5084,
174.7822,
172.5862,
176.8965,
176.8965,
173.4562,
176.8965,
172.1035,
176.8965,
0,
1992, 
173.6923,
173.0956,
175.3062,
170.5172,
175,
173.5672,
177.2414,
177.2414,
177.2414,
174.9655,
173.8201,
174.63,
177.2414,
174.2692,
171.3793,
173.6653,
177.2414,
174.687,
174.8877,
172.5862,
177.2414,
177.2414,
173.4562,
177.2414,
172.1035,
177.2414,
0,
1993, 
173.6923,
173.1031,
175.5751,
170.5172,
175,
173.5672,
177.5862,
177.5862,
177.5862,
174.9655,
173.8201,
174.664,
177.5862,
174.2692,
171.3793,
173.7218,
177.5862,
174.8646,
174.9995,
172.5862,
177.5862,
177.5862,
173.4562,
177.5862,
172.1035,
177.5862,
0,
1994, 
173.6923,
173.1111,
175.8205,
170.5172,
175,
173.5672,
177.931,
177.931,
177.931,
174.9655,
173.8201,
174.6693,
177.931,
174.2692,
171.3793,
173.7818,
177.931,
175.0416,
175.1168,
172.7416,
177.931,
177.931,
173.4562,
177.931,
172.1035,
177.931,
0,
1995, 
173.6923,
173.1198,
176.0501,
170.5172,
175,
173.5672,
178.2759,
178.2759,
178.2759,
174.9655,
173.8201,
174.6693,
178.2759,
174.2692,
171.3793,
173.8453,
178.2759,
175.218,
175.2389,
174.039,
178.2759,
178.2759,
173.4562,
178.2759,
172.1035,
178.2759,
0,
1996, 
173.6923,
173.129,
176.2684,
170.5172,
175,
173.5672,
178.6207,
178.6207,
178.6207,
174.9655,
173.8201,
174.6693,
178.6207,
174.2692,
171.3793,
173.9121,
178.6207,
175.394,
175.3652,
174.8863,
178.6207,
178.6207,
173.4562,
178.6207,
172.1035,
178.6207,
0,
1997, 
173.6923,
173.1388,
176.2811,
170.5172,
176.091,
173.5672,
178.9655,
178.9655,
178.9655,
174.9655,
173.8201,
174.6693,
178.9655,
174.2692,
171.3793,
173.9185,
178.9655,
175.6904,
175.6203,
174.8863,
178.9655,
178.9655,
173.4562,
178.9655,
174.2171,
178.9655,
0,
1998, 
173.6923,
173.1492,
176.2954,
170.5172,
176.7567,
173.5672,
179.3103,
179.3103,
179.3103,
174.9655,
173.8201,
174.6693,
179.3103,
174.2692,
171.3793,
173.9252,
179.3103,
175.966,
175.8634,
174.8863,
179.3103,
179.3103,
173.4562,
179.3103,
175.38,
179.3103,
0,
1999, 
173.6923,
173.1601,
176.3115,
170.5172,
177.2368,
173.5672,
179.6552,
179.6552,
179.6552,
174.9655,
173.8201,
174.6693,
179.6552,
174.2692,
171.3793,
173.9324,
179.6552,
176.2255,
176.0969,
174.8863,
179.6552,
179.6552,
173.4562,
179.6552,
176.1532,
179.6552,
0,
2000, 
173.6923,
173.1717,
176.3292,
170.5172,
177.6196,
173.5672,
180,
180,
180,
174.9655,
173.8201,
174.6693,
180,
174.2692,
171.3793,
173.9401,
180,
176.4725,
176.3226,
174.8863,
180,
180,
173.4562,
180,
176.7289,
180,
0,
2001, 
173.6923,
173.1838,
176.3486,
170.5172,
177.8445,
173.5672,
181.4,
181.4,
181.4,
174.9655,
173.8201,
174.6693,
181.4,
174.2692,
171.3793,
173.9482,
181.4,
176.7095,
176.542,
174.8863,
181.4,
181.4,
173.4562,
181.4,
177.1907,
181.4,
0,
2002, 
173.6923,
173.1983,
176.3874,
170.5172,
177.8445,
173.5672,
182.8,
182.8,
182.8,
174.9655,
173.8201,
174.6693,
182.8,
174.2692,
171.3793,
174.1002,
182.8,
176.8721,
176.8119,
176.7544,
182.8,
182.8,
173.4562,
182.8,
177.1907,
182.8,
0,
2003, 
173.6923,
173.2153,
176.3874,
170.5172,
177.8445,
173.5672,
184.2,
184.2,
184.2,
174.9655,
173.8201,
174.6693,
184.2,
174.2692,
171.3793,
174.2741,
184.2,
177.0707,
177.127,
178.1017,
184.2,
184.2,
173.4562,
184.2,
177.1907,
184.2,
0,
2004, 
173.6923,
173.2346,
176.3874,
170.5172,
177.8445,
173.5672,
185.6,
185.6,
185.6,
174.9655,
173.8201,
174.6693,
185.6,
174.5482,
171.3793,
174.4687,
185.6,
177.3019,
177.4806,
179.2132,
185.6,
185.6,
173.4562,
185.6,
177.1907,
185.6,
0,
2005, 
173.6923,
173.2564,
176.3874,
170.5172,
177.8445,
173.5672,
187,
187,
187,
174.9655,
173.8201,
174.6693,
187,
174.8803,
171.3793,
174.6827,
187,
177.5625,
177.8672,
180.1977,
187,
187,
173.4562,
187,
177.1907,
187,
0,
2006, 
173.6923,
173.2805,
176.3874,
170.5172,
177.8445,
173.5672,
188.4,
188.4,
188.4,
174.9655,
173.8201,
174.6693,
188.4,
175.2339,
171.3793,
174.915,
188.4,
177.8499,
178.2823,
181.1063,
188.4,
188.4,
173.4562,
188.4,
177.1907,
188.4,
0,
2007, 
173.6923,
173.3071,
176.3874,
170.5172,
177.8445,
173.5672,
189.8,
189.8,
189.8,
174.9655,
173.8201,
174.6693,
189.8,
175.2339,
171.3793,
175.0492,
189.8,
178.7057,
178.5045,
181.8029,
189.8,
189.8,
173.4562,
189.8,
177.1907,
189.8,
0,
2008, 
173.6923,
173.3359,
176.3874,
170.5172,
177.8445,
173.5672,
191.2,
191.2,
191.2,
174.9655,
173.8201,
174.6693,
191.2,
175.2339,
171.3793,
175.1945,
191.2,
179.5383,
178.7474,
182.5002,
191.2,
191.2,
173.4562,
191.2,
177.1907,
191.2,
0,
2009, 
173.6923,
173.3672,
176.3874,
170.5172,
177.8445,
173.5672,
192.6,
192.6,
192.6,
174.9655,
173.8201,
174.6693,
192.6,
175.2339,
171.3793,
175.3507,
192.6,
180.3523,
179.0094,
183.1979,
192.6,
192.6,
173.4562,
192.6,
177.1907,
192.6,
0,
2010, 
173.6923,
173.4007,
176.3874,
170.5172,
177.8445,
173.5672,
194,
194,
194,
174.9655,
173.8201,
174.6693,
194,
175.2339,
171.3793,
175.5173,
194,
181.1514,
179.2896,
183.8959,
194,
194,
173.4562,
194,
177.1907,
194,
0,
2011, 
173.6923,
173.4366,
176.3874,
170.5172,
177.8445,
173.5672,
195.4,
195.4,
195.4,
174.9655,
173.8201,
174.6693,
195.4,
175.2339,
171.3793,
175.6942,
195.4,
181.9384,
179.5866,
184.5942,
195.4,
195.4,
173.4562,
195.4,
177.1907,
195.4,
0,
2012, 
173.6923,
173.4748,
176.7883,
170.5172,
177.8445,
176.3999,
196.8,
196.8,
196.8,
175.1008,
173.8201,
174.7774,
196.8,
175.2339,
171.3793,
176.18,
195.4,
182.6691,
180.0838,
187.2853,
196.8,
196.8,
173.4562,
196.8,
179.2097,
196.8,
0,
2013, 
173.6923,
173.5153,
177.2015,
170.5172,
177.8445,
178.7428,
198.2,
198.2,
198.2,
175.2436,
173.8201,
174.8917,
198.2,
175.2339,
171.3793,
176.6761,
196.1,
183.3966,
180.5934,
189.1823,
198.2,
198.2,
173.4562,
198.2,
180.9654,
198.2,
0,
2014, 
173.6923,
173.558,
177.6263,
170.5172,
177.8445,
180.7472,
199.6,
199.6,
199.6,
175.3936,
173.8201,
175.012,
199.6,
175.2339,
171.3793,
177.1819,
196.8,
184.1214,
181.1143,
190.6814,
199.6,
199.6,
173.4562,
199.6,
182.5295,
199.6,
0,
2015, 
173.6923,
173.6031,
178.0621,
170.5172,
177.8445,
182.5079,
201,
201,
201,
175.5508,
173.8201,
175.1383,
201,
175.2339,
171.3793,
177.6965,
197.5,
184.8439,
181.6454,
191.9527,
201,
201,
173.4562,
201,
183.9498,
201,
0,
2016, 
173.7264,
173.6504,
178.5081,
170.5172,
177.8445,
184.0875,
202.4,
202.4,
202.4,
175.6332,
173.8201,
175.2704,
202.4,
175.2339,
171.3793,
178.2194,
198.2,
185.5644,
182.186,
193.0814,
202.4,
202.4,
173.4562,
202.4,
185.2595,
202.4,
0,
2017, 
173.7778,
173.7,
178.8741,
170.5172,
177.8445,
184.1076,
203.8,
203.8,
203.8,
175.6332,
173.8201,
175.3267,
203.8,
175.6863,
171.3793,
178.8382,
199.1542,
185.866,
182.4462,
194.333,
203.8,
203.8,
173.4562,
203.8,
187.8991,
203.8,
0,
2018, 
173.8315,
173.7518,
179.2501,
170.5172,
177.8445,
184.1293,
205.2,
205.2,
205.2,
175.6332,
173.8201,
175.3856,
205.2,
176.1469,
171.3793,
179.461,
200.0143,
186.1817,
182.7175,
195.4539,
205.2,
205.2,
173.4562,
205.2,
190.021,
205.2,
0,
2019, 
173.8875,
173.8058,
179.6358,
170.5172,
177.8445,
184.1525,
206.6,
206.6,
206.6,
175.6332,
173.8201,
175.4472,
206.6,
176.6152,
171.3793,
179.6274,
200.8244,
186.5106,
182.9997,
196.4858,
206.6,
206.6,
173.4562,
206.6,
191.8081,
206.6,
0,
2020, 
173.9458,
173.862,
180.0306,
170.5172,
177.8445,
184.1771,
208,
208,
208,
175.6332,
173.8201,
175.5114,
208,
177.0909,
171.3793,
179.6534,
201.6047,
186.8522,
183.2922,
197.4541,
208,
208,
173.4562,
208,
193.3662,
208,
0,
2021, 
174.0064,
173.9205,
180.4343,
170.5172,
177.8445,
184.2033,
209.4,
209.4,
209.4,
175.6332,
173.8201,
175.5783,
209.4,
177.5735,
171.3793,
179.6807,
202.3659,
187.2057,
183.5323,
198.3755,
209.4,
209.4,
173.4562,
209.4,
194.7607,
209.4,
0,
2022, 
174.0693,
173.9811,
180.4343,
170.5172,
177.8445,
184.2033,
210.8,
210.8,
210.8,
175.6332,
173.8201,
175.7082,
210.8,
177.5735,
171.3793,
179.7093,
205.0766,
189.4648,
183.5323,
198.9279,
210.8,
210.8,
173.4562,
210.8,
200.794,
210.8,
0,
2023, 
174.1344,
174.0439,
180.4343,
170.5172,
177.8445,
184.2033,
212.2,
212.2,
212.2,
175.6332,
173.8201,
175.7082,
212.2,
177.5735,
171.3793,
179.7392,
206.5278,
189.483,
185.0889,
199.4209,
212.2,
212.2,
173.4562,
212.2,
203.9228,
212.2,
0,
2024, 
174.2018,
174.5581,
180.4343,
170.5172,
177.8445,
184.2033,
213.6,
213.6,
213.6,
175.6332,
173.8201,
176.381,
213.6,
178.8745,
171.3793,
179.7704,
207.1935,
190.591,
185.8088,
199.7892,
213.6,
213.6,
173.4562,
213.6,
203.9228,
213.6,
0,
2025, 
174.2714,
175.0772,
180.4343,
170.5172,
177.8445,
184.2033,
215,
215,
215,
175.6332,
173.8201,
177.0549,
215,
180.1319,
171.3793,
179.8028,
207.8664,
191.661,
186.5277,
200.1761,
215,
215,
173.4562,
215,
203.9228,
215,
0,
2026, 
174.3432,
175.1434,
180.4343,
170.5172,
177.8445,
184.2033,
216.4,
216.4,
216.4,
175.6332,
173.8201,
178.4707,
215,
180.1319,
171.3793,
181.3936,
207.8664,
191.661,
187.9918,
201.2947,
216.4,
216.4,
173.4562,
216.4,
206.9019,
216.4,
0,
2027, 
174.424,
175.2179,
180.4343,
170.5172,
177.8445,
184.2033,
217.8,
217.8,
217.8,
175.6332,
173.8201,
178.4707,
215.7,
180.1319,
171.3793,
182.9099,
207.8664,
200.6208,
187.9918,
202.5623,
217.8,
217.8,
173.4562,
217.8,
208.9149,
217.8,
0,
2028, 
174.5141,
175.301,
180.4343,
170.5172,
177.8445,
184.7867,
219.2,
219.2,
219.2,
175.6332,
173.8201,
178.4707,
216.4,
180.1319,
171.3793,
182.946,
207.8664,
203.3124,
189.4497,
204.3181,
219.2,
219.2,
173.4562,
219.2,
208.9149,
219.2,
0,
2029, 
174.6138,
175.3931,
180.4343,
170.5172,
177.8445,
184.7867,
219.2,
220.6,
220.6,
175.6332,
173.8201,
178.4707,
217.1,
180.1319,
171.3793,
183.4749,
207.8664,
203.3208,
189.4497,
205.4634,
220.6,
220.6,
173.4562,
220.6,
208.9149,
220.6,
0,
2030, 
174.7234,
175.4945,
180.4343,
170.5172,
177.8445,
184.7867,
219.2,
222,
222,
175.6332,
173.8201,
178.4707,
217.1,
180.1319,
171.3793,
184.9388,
207.8664,
203.3306,
189.4497,
206.9229,
222,
222,
173.4562,
222,
208.9149,
222,
0,
2031, 
175.2948,
176.9359,
180.4343,
170.5172,
177.8445,
185.5214,
221.3,
223.4,
223.4,
175.6332,
173.8201,
178.7912,
217.1,
180.1319,
171.3793,
184.9388,
207.8664,
203.3551,
189.4497,
206.9229,
223.4,
223.4,
173.4562,
223.4,
211.2175,
223.4,
0,
2032, 
175.304,
176.947,
180.4343,
170.6897,
177.8445,
185.5214,
221.3,
224.8,
224.8,
175.6332,
173.8266,
178.7912,
218.6947,
180.1319,
209.786,
184.9511,
207.8664,
213.8219,
189.5814,
206.9229,
224.8,
224.8,
174.7662,
224.8,
214.4338,
224.8,
0,
2033, 
175.3126,
176.9575,
200.0069,
170.8621,
177.8445,
185.5214,
221.3,
226.2,
226.2,
175.6332,
173.8325,
178.7912,
219.5538,
181.7251,
211.988,
184.9633,
211.0162,
215.6276,
193.3849,
206.9229,
226.2,
226.2,
176.0781,
226.2,
215.7984,
226.2,
0,
2034, 
175.3206,
176.9675,
206.6814,
171.0345,
177.8445,
185.5214,
221.3,
227.6,
227.6,
175.6332,
173.8378,
184.9128,
220.2944,
183.5485,
211.988,
184.9751,
212.9139,
216.0191,
196.5332,
206.9229,
227.6,
227.6,
176.6991,
227.6,
217.2412,
227.6,
0,
2035, 
175.3281,
176.9771,
206.6814,
229,
177.8445,
200.1309,
221.3,
229,
229,
175.6332,
173.8426,
203.1705,
220.6398,
184.4506,
211.988,
184.9867,
213.2431,
216.205,
197.1327,
206.9229,
229,
229,
177.0612,
229,
217.7894,
229,
0,
2036, 
176.5121,
179.5999,
206.6814,
230.4,
189.1604,
214.3717,
221.3,
230.4,
230.4,
175.6332,
194.6283,
205.4846,
220.9244,
185.679,
223.6644,
186.3333,
214.3893,
220.6548,
197.6627,
206.9229,
230.4,
230.4,
178.555,
230.4,
218.8793,
230.4,
0,
2037, 
178.0014,
180.1598,
206.6814,
231.8,
202.9509,
217.9071,
225.752,
231.8,
231.8,
176.1229,
195.4016,
205.4846,
222.1701,
187.6428,
223.6644,
187.4548,
214.5606,
222.0723,
198.7585,
206.9229,
231.8,
231.8,
180.0897,
231.8,
220.4328,
231.8,
0,
2038, 
179.4261,
181.0534,
206.6814,
233.2,
211.8736,
218.6076,
227.4927,
233.2,
233.2,
189.9178,
196.2547,
205.7605,
223.2129,
189.1472,
225.1403,
187.7118,
217.2658,
223.5441,
198.7585,
214.6115,
233.2,
233.2,
184.7869,
233.2,
221.7714,
233.2,
0,
2039, 
181.4632,
181.7454,
206.6814,
234.6,
218.4551,
218.9773,
228.0982,
234.6,
234.6,
203.8926,
197.1192,
205.7605,
224.2425,
194.7979,
225.1403,
187.7271,
221.884,
225.0246,
199.1974,
224.9871,
234.6,
234.6,
192.9805,
234.6,
222.3669,
234.6,
0,
2040, 
186.9526,
181.825,
208.7486,
236,
223.8401,
218.9773,
228.9312,
236,
236,
217.5717,
198.1334,
206.136,
224.4068,
195.746,
231.834,
188.3437,
225.7056,
225.4343,
200.5012,
225.3242,
236,
236,
196.136,
236,
223.0284,
236,
0,
2041, 
194.7587,
182.6757,
214.6907,
237.4,
228.5191,
218.9773,
229.2923,
237.4,
237.4,
218.3928,
199.9689,
206.136,
225.5232,
196.2593,
234.6184,
189.6987,
229.4335,
225.8306,
200.5661,
225.6458,
237.4,
237.4,
196.1579,
237.4,
223.8532,
237.4,
0,
2042, 
199.9099,
188.6279,
216.9973,
238.8,
229.1459,
219.4854,
230.8977,
238.8,
238.8,
220.3087,
201.648,
207.4183,
225.7227,
198.1261,
235.6446,
190.3952,
230.1877,
226.2439,
201.0938,
225.6458,
238.8,
238.8,
197.8301,
238.8,
225.1865,
238.8,
0,
2043, 
204.5368,
194.6073,
219.3318,
240.2,
229.7905,
220.0011,
231.2073,
240.2,
240.2,
222.0672,
203.5309,
208.7912,
227.2039,
199.9956,
235.873,
191.1385,
230.377,
228.1841,
201.6891,
225.6458,
240.2,
240.2,
199.7407,
240.2,
226.924,
240.2,
0,
2044, 
207.5968,
199.8591,
222.6839,
241.6,
230.4843,
220.5246,
231.5536,
241.6,
241.6,
223.7702,
205.6617,
210.2664,
228.1952,
203.4973,
236.0044,
191.9354,
231.0354,
229.0335,
205.5562,
225.6458,
241.6,
241.6,
201.9516,
241.6,
228.0165,
241.6,
0,
2045, 
210.7251,
206.3524,
223.1364,
243,
231.3286,
221.0562,
231.959,
243,
243,
225.5698,
208.0987,
211.9504,
229.1301,
207.4118,
236.062,
192.7937,
231.4348,
229.4986,
209.0431,
225.6458,
243,
243,
204.5478,
243,
229.1846,
243,
0,
2046, 
213.844,
212.2124,
223.5943,
244.4,
232.1919,
235.5826,
232.3473,
244.4,
244.4,
227.4049,
210.9197,
213.6871,
229.6119,
210.7274,
236.095,
193.7229,
231.6381,
229.8141,
210.2759,
225.6458,
244.4,
244.4,
217.9029,
244.4,
229.8678,
244.4,
0,
2047, 
223.0306,
215.0202,
224.0576,
245.8,
233.2715,
235.8447,
232.4726,
245.8,
245.8,
229.3259,
214.2314,
215.5591,
229.8967,
214.5276,
236.1725,
194.7347,
231.9718,
230.1209,
211.3692,
225.6458,
245.8,
245.8,
221.6186,
245.8,
230.6298,
245.8,
0,
2048, 
227.7746,
218.2603,
224.5266,
247.2,
233.7073,
236.301,
234.7318,
247.2,
247.2,
231.3477,
218.1842,
217.6049,
230.9369,
219.1559,
236.1725,
195.8433,
232.2315,
233.0199,
212.9932,
225.6458,
247.2,
247.2,
226.1107,
247.2,
231.8539,
247.2,
0,
2049, 
232.1747,
223.3531,
225.0014,
248.6,
233.8428,
236.8369,
234.7938,
248.6,
248.6,
234.4936,
222.9968,
220.7921,
231.9288,
223.6306,
236.5159,
197.0666,
233.1512,
234.1529,
213.6991,
225.6458,
248.6,
248.6,
232.7331,
248.6,
232.032,
248.6,
0,
2050, 
237.3579,
227.7167,
225.4821,
250,
233.9781,
238.5532,
234.7938,
250,
250,
238.0418,
229,
223.2372,
232.9709,
229.0788,
236.712,
198.4269,
234.8212,
235.3817,
214.3938,
225.6458,
250,
250,
239.4844,
250,
233.9883,
250,
0,
2051, 
237.3579,
238.4211,
225.9689,
253,
235.1412,
241.3112,
236.4671,
253,
253,
241.8856,
229,
225.9461,
233.2954,
229.7633,
238.3164,
215.7195,
235.2447,
235.8492,
216.2414,
225.6458,
253,
253,
239.5191,
253,
234.7184,
253,
0,
2052, 
237.3579,
238.9009,
226.9271,
256,
239.7818,
243.0462,
239.4064,
256,
256,
242.3982,
229,
226.3831,
234.5435,
230.255,
240.415,
225.2708,
237.6201,
236.4268,
216.8061,
225.6458,
256,
256,
239.5643,
256,
235.7606,
256,
0,
2053, 
237.3579,
239.0439,
227.9167,
259,
240.6667,
243.5896,
241.5107,
259,
259,
242.9641,
229,
226.8249,
235.0249,
230.255,
241.0279,
234.81,
241.0933,
237.0384,
217.416,
225.6458,
259,
259,
239.5643,
259,
237.3483,
259,
0,
2054, 
237.3579,
239.1867,
228.9394,
262,
241.5605,
244.1971,
242.385,
262,
262,
243.5693,
229,
226.886,
236.8731,
230.255,
241.0279,
236.9984,
242.85,
239.0712,
218.0323,
225.6523,
262,
262,
239.7178,
262,
239.3616,
262,
0,
2055, 
237.3579,
239.3294,
229.9974,
262,
242.3908,
244.9374,
243.3935,
265,
265,
244.5597,
229,
226.886,
238.2975,
230.255,
241.0279,
239.536,
244.2887,
240.2626,
221.7685,
225.722,
262,
262,
239.8063,
262,
241.0845,
265,
0,
2056, 
237.3579,
239.4719,
231.093,
262,
242.4295,
245.6389,
244.469,
268,
268,
245.7475,
229,
226.886,
239.6402,
230.255,
241.0279,
241.3484,
245.6128,
241.0796,
225.2276,
226.3475,
264.4475,
263.5184,
239.9947,
262.1261,
242.8426,
268,
0,
2057, 
237.3579,
239.6143,
231.1544,
262,
242.8181,
251.3534,
245.5663,
271,
271,
246.9204,
229.2034,
226.886,
240.4355,
230.255,
241.0279,
242.6685,
246.7992,
241.8537,
226.7356,
227.5851,
266.264,
265.1433,
246.2042,
262.4005,
244.3192,
271,
0,
2058, 
237.3579,
239.7699,
231.2155,
262,
243.2092,
251.7974,
246.4191,
274,
274,
247.9925,
229.9316,
226.886,
241.0127,
230.255,
241.4524,
243.821,
247.9131,
242.6061,
228.1096,
228.2975,
267.1807,
265.5974,
246.6114,
262.6766,
245.8486,
274,
0,
2059, 
237.3579,
239.912,
231.2764,
262,
243.6031,
252.3724,
249.1819,
277,
277,
249.2292,
229.9316,
226.886,
242.4468,
230.255,
241.4524,
244.5871,
248.6127,
246.1439,
230.103,
228.3578,
267.3468,
265.9202,
247.3027,
262.7807,
247.3604,
277,
0,
2060, 
237.6791,
240.0571,
231.3371,
266.0697,
244.0125,
253.0226,
249.8471,
280,
280,
251.4091,
229.9316,
227.2016,
243.8776,
230.255,
241.4524,
245.393,
249.804,
247.9264,
230.857,
228.3578,
267.5194,
266.3448,
249.7294,
262.7991,
248.7904,
280,
0,
2061, 
237.6791,
240.1989,
231.3975,
270.5391,
244.7137,
254.7349,
250.5069,
283,
283,
252.9068,
229.9316,
232.9071,
245.3908,
230.255,
241.4524,
245.7002,
251.7113,
249.8215,
231.6286,
228.7907,
267.7601,
266.8748,
252.9901,
262.9117,
251.2442,
283,
0,
2062, 
237.9823,
240.3381,
231.4841,
273.9281,
245.1061,
257.8836,
252.8649,
286,
286,
253.0656,
230.607,
244.1394,
245.3908,
230.255,
241.4524,
246.2165,
252.4817,
250.8542,
232.4639,
231.2146,
268.0962,
267.4755,
253.2738,
264.0838,
253.2612,
286,
0,
2063, 
245.3567,
240.4746,
231.4841,
276.9961,
245.3519,
260.2309,
256.4534,
289,
289,
253.0656,
236.4877,
248.0253,
245.3908,
230.255,
244.058,
246.7299,
255.1517,
252.0469,
233.2285,
233.7004,
268.5875,
267.539,
253.5485,
265.5267,
255.1594,
289,
0,
2064, 
255.7158,
240.6084,
231.4841,
277.4644,
246.3882,
261.2565,
259.1903,
292,
292,
253.0656,
258.1974,
252.8601,
245.3908,
231.3382,
245.668,
247.2402,
258.946,
253.2011,
234.7016,
234.3517,
269.1302,
268.222,
253.655,
266.4851,
257.4244,
292,
0,
2065, 
262.9116,
240.7395,
231.4841,
278.1152,
248.6521,
262.3391,
260.6497,
295,
295,
254.0154,
263.2246,
255.3255,
245.8728,
232.5563,
251.3104,
247.7475,
261.2782,
255.8342,
235.4714,
234.4742,
269.7593,
269.015,
253.9451,
267.3276,
259.9747,
295,
0,
2066, 
264.6225,
240.8679,
231.4841,
281.8994,
250.3135,
263.5955,
262.1356,
298,
298,
254.0195,
264.52,
255.3255,
246.1942,
233.8027,
254.6259,
248.2515,
263.2158,
257.5302,
236.9817,
234.5938,
271.8094,
271.6529,
254.1738,
271.4013,
262.1587,
298,
0,
2067, 
264.6225,
242.6249,
231.4841,
282.4295,
252.563,
264.6908,
263.6477,
301,
301,
255.639,
265.3253,
255.3255,
246.5177,
233.8027,
257.0453,
248.5172,
263.9035,
258.8634,
239.5481,
234.6859,
277.4331,
275.6818,
254.4578,
272.2731,
264.3692,
301,
0,
2068, 
264.9046,
248.0083,
231.4841,
283.0214,
254.907,
270.048,
265.1438,
304,
304,
257.014,
265.3752,
255.3255,
247.3556,
237.302,
258.4155,
248.7791,
264.1281,
260.1389,
245.378,
234.7756,
282.4508,
283.3816,
261.2225,
273.7491,
266.4782,
304,
0,
2069, 
265.4284,
251.6894,
231.4841,
283.6649,
257.1349,
270.8926,
266.4346,
307,
307,
259.3696,
265.3752,
255.3255,
248.2726,
241.2819,
258.4155,
249.037,
264.5664,
261.3783,
249.5479,
234.8629,
284.5462,
284.3907,
261.774,
274.8169,
268.5301,
307,
0,
2070, 
265.4284,
254.9887,
231.4841,
284.3733,
259.8753,
271.856,
269.287,
310,
310,
261.4814,
265.3752,
255.3255,
249.8503,
241.2819,
274.5462,
255.1343,
264.8737,
265.0734,
252.5083,
236.2231,
285.0745,
285.1405,
262.7537,
275.287,
270.4982,
310,
0,
2071, 
265.4284,
260.7673,
231.4841,
286.5417,
262.0456,
272.8804,
270.3799,
313,
313,
261.8519,
265.3752,
255.3255,
250.7766,
241.2819,
274.5462,
257.0526,
264.8737,
267.1737,
253.2574,
240.653,
285.1767,
285.9565,
265.637,
275.6301,
272.4679,
313,
0,
2072, 
265.4284,
269.0311,
231.66,
289.5352,
262.0456,
274.8536,
271.4918,
316,
316,
261.8825,
265.3752,
255.9499,
252.2778,
241.2819,
274.5462,
258.4646,
264.9348,
269.3114,
253.8461,
242.413,
285.1767,
286.8447,
265.7266,
276.7552,
275.1948,
316,
0,
2073, 
265.4284,
269.1343,
231.8307,
292.5275,
262.7955,
275.7991,
273.8333,
319,
319,
261.9124,
265.3752,
256.3827,
252.4314,
241.2819,
274.5462,
259.4342,
264.9948,
270.6534,
254.4326,
244.3446,
285.1855,
287.7528,
266.629,
276.8042,
277.4629,
319,
0,
2074, 
265.4284,
269.2358,
231.9962,
295.7119,
263.0104,
278.2584,
274.7971,
322,
322,
261.9417,
265.3752,
256.4905,
252.6639,
241.2819,
274.5462,
260.7152,
265.0536,
272.1176,
255.6493,
247.1625,
287.737,
288.2711,
269.2874,
276.8042,
279.5516,
322,
0,
2075, 
265.4284,
269.9239,
232.1565,
296.6124,
263.057,
280.4018,
275.0198,
325,
325,
261.9704,
265.3752,
256.5962,
252.6639,
249.3935,
274.5462,
262.3484,
265.1114,
273.5229,
256.9372,
249.4818,
288.4817,
289.179,
270.63,
276.8042,
281.8252,
325,
0,
2076, 
265.4837,
270.9827,
232.3114,
297.6188,
263.7105,
281.3955,
275.3123,
328,
328,
261.9845,
265.4048,
256.6996,
252.6639,
249.3935,
274.5462,
264.0962,
265.168,
276.1555,
257.5182,
250.5692,
289.3102,
290.1057,
271.1954,
276.8042,
284.3415,
328,
0,
2077, 
265.5617,
273.4823,
232.4308,
297.6188,
267.6591,
281.3969,
275.3123,
331,
331,
261.9845,
265.4108,
256.7407,
252.6639,
249.9997,
275.2336,
264.9858,
265.2496,
277.948,
257.9625,
251.2987,
291.0988,
292.1581,
271.4843,
276.8042,
286.7451,
331,
0,
2078, 
265.6382,
273.9955,
232.5456,
302.4101,
274.5479,
281.3984,
275.7567,
334,
334,
261.9845,
265.4353,
256.7809,
252.6639,
250.6035,
281.4706,
265.7374,
265.3352,
279.4019,
260.1161,
253.2122,
295.7976,
295.3114,
271.7805,
276.8042,
289.1301,
334,
0,
2079, 
265.7131,
274.087,
232.6557,
303.3121,
275.5339,
281.3997,
275.7567,
337,
337,
261.9845,
265.4353,
256.82,
252.6639,
251.2047,
282.12,
265.9319,
266.915,
280.7929,
265.7945,
256.2664,
300.6479,
298.244,
273.4147,
276.8042,
291.3849,
337,
0,
2080, 
265.7865,
274.177,
232.761,
303.3121,
275.699,
281.4011,
276.0969,
340,
340,
265.0928,
265.908,
256.8581,
252.6639,
251.8033,
284.4482,
266.6015,
266.992,
282.1459,
266.0578,
262.253,
302.927,
302.5986,
276.5959,
276.8042,
293.6044,
340,
0,
2081, 
265.8582,
274.2653,
232.8614,
305.2029,
275.8981,
281.4025,
276.5209,
343,
343,
268.2918,
267.5181,
257.3195,
253.6214,
253.37,
298.9857,
272.8185,
267.0674,
285.5647,
273.0341,
266.7987,
303.1767,
304.6678,
280.1005,
276.8042,
295.8013,
343,
0,
2082, 
265.9285,
274.3811,
232.8614,
307.1594,
276.4161,
281.4025,
276.5209,
346,
346,
271.3053,
274.2687,
264.1078,
255.207,
253.37,
298.9857,
275.6448,
267.8264,
287.6973,
273.0514,
272.1458,
303.4981,
305.6292,
282.9241,
276.8042,
298.2728,
346,
0,
2083, 
266.0288,
274.68,
232.8614,
309.7579,
276.4791,
281.4025,
276.5209,
349,
349,
277.891,
281.0937,
265.5207,
255.6422,
255.1187,
298.9857,
283.2909,
268.1673,
289.7772,
274.3369,
278.66,
304.1819,
306.6112,
283.2523,
276.8042,
301.1697,
349,
0,
2084, 
267.9754,
275.5768,
245.6926,
310.409,
279.2271,
281.4025,
276.5209,
352,
352,
282.8622,
287.9076,
265.8578,
255.7123,
263.6624,
298.9857,
290.8307,
268.3433,
291.1834,
274.9485,
282.0505,
304.3982,
307.5825,
284.0603,
277.8452,
303.4214,
352,
0,
2085, 
278.2873,
276.8755,
245.6926,
315.6229,
290.1898,
281.4025,
276.5209,
355,
355,
286.7799,
295.0739,
266.1904,
255.7123,
266.5071,
298.9857,
295.5156,
268.516,
292.6815,
275.5584,
283.0035,
306.7662,
308.2045,
286.5993,
277.9185,
305.5144,
355,
0,
2086, 
289.3757,
277.767,
256.1345,
316.6782,
294.9388,
281.4025,
277.6242,
358,
358,
286.7799,
298.9558,
266.8974,
256.7662,
266.5071,
298.9857,
297.0572,
268.516,
294.0243,
276.8469,
283.5836,
307.5732,
309.1356,
287.9249,
278.0045,
307.9359,
358,
0,
2087, 
294.9584,
281.5236,
256.7222,
317.8152,
295.2027,
281.4025,
277.6242,
361,
361,
286.7799,
298.9806,
270.5388,
257.8726,
266.5071,
300.2802,
298.3068,
268.516,
296.8249,
276.8469,
284.2618,
308.4534,
310.06,
288.4774,
278.0219,
310.5522,
361,
0,
2088, 
296.5448,
286.2709,
259.5153,
318.116,
295.4354,
281.4212,
277.738,
364,
364,
286.7799,
299.0049,
276.1231,
259.0282,
266.5071,
301.0321,
299.2616,
270.3776,
298.7186,
278.1306,
285.3195,
310.1291,
311.9166,
288.7417,
279.82,
312.7776,
364,
0,
2089, 
298.099,
291.654,
259.5153,
322.3411,
295.5088,
281.4212,
282.2879,
367,
367,
286.7799,
299.042,
277.9541,
260.1336,
266.5071,
301.7025,
303.1283,
273.2273,
300.1197,
278.1306,
286.0898,
314.375,
314.7156,
288.985,
280.2878,
314.9722,
367,
0,
2090, 
299.6584,
304.6352,
264.0606,
323.3809,
294.8012,
281.4212,
282.6193,
370,
370,
286.7799,
299.0457,
282.3026,
263.0034,
266.5071,
302.8014,
307.0934,
283.3021,
301.4804,
278.1306,
287.165,
315.863,
317.4161,
290.4747,
280.6364,
317.0612,
370,
0,
2091, 
301.0822,
309.0438,
280.9991,
323.6344,
294.4406,
281.4414,
284.1207,
373,
373,
286.7799,
299.342,
287.4707,
267.6508,
266.5071,
302.8014,
308.0207,
283.8515,
302.8176,
278.1306,
287.165,
318.351,
321.4883,
293.4895,
280.6611,
319.3412,
373,
0,
2092, 
304.8961,
311.8788,
291.5659,
325.4408,
294.272,
281.5505,
284.1207,
376,
376,
286.7799,
300.3215,
290.8649,
272.1627,
266.5071,
303.3033,
308.0207,
284.8634,
307.2452,
278.2255,
287.165,
321.6528,
323.5331,
296.9854,
280.6611,
321.8915,
376,
0,
2093, 
306.3071,
317.0992,
309.3304,
327.322,
294.1273,
281.5505,
284.1207,
379,
379,
290.4606,
304.5843,
291.5952,
277.3618,
267.9198,
303.6177,
308.0207,
286.2111,
309.7171,
281.2823,
287.165,
322.5459,
324.5504,
298.8253,
280.6611,
324.2466,
379,
0,
2094, 
308.1566,
317.1371,
339.8973,
329.7438,
293.2977,
281.5505,
284.5942,
382,
382,
290.5323,
305.8057,
294.7292,
284.967,
269.6852,
303.6177,
308.0207,
286.4744,
310.52,
284.5637,
287.165,
323.8906,
324.6185,
300.5255,
280.6917,
326.9493,
382,
0,
2095, 
311.5566,
317.1371,
349.959,
330.5259,
288.6368,
282.0503,
289.9836,
385,
385,
291.3374,
306.1521,
318.0796,
291.1931,
270.6133,
303.6177,
308.0207,
293.8817,
310.5652,
285.2683,
287.165,
324.4354,
324.8633,
300.7401,
281.2234,
329.1418,
385,
0,
2096, 
313.6092,
319.2836,
353.6741,
331.1384,
280.8058,
282.8502,
291.0475,
388,
388,
292.7374,
328.8599,
322.1006,
295.4316,
271.9241,
304.846,
308.0207,
296.489,
312.0756,
285.885,
287.165,
326.5038,
326.6617,
300.9655,
281.579,
331.1881,
388,
0,
2097, 
314.8927,
320.6933,
357.2756,
331.1384,
277.8879,
283.4252,
293.6476,
391,
391,
292.7638,
329.3968,
323.8088,
299.5522,
274.2235,
304.846,
308.0207,
301.08,
312.8357,
287.1808,
287.165,
327.2007,
327.8326,
301.347,
281.579,
333.5085,
391,
0,
2098, 
315.5709,
321.6498,
358.0938,
336.5665,
286.0878,
283.5618,
295.1008,
394,
394,
293.7289,
330.0286,
326.3191,
301.4918,
276.1982,
304.9703,
308.0207,
304.5943,
313.7706,
287.1808,
291.7298,
327.9486,
329.0226,
303.5084,
281.579,
335.9662,
394,
0,
2099, 
316.2437,
324.1302,
358.0938,
338.7158,
297.3375,
283.6306,
296.8245,
397,
397,
295.631,
330.9543,
328.5786,
303.2969,
311.8558,
304.9703,
308.0405,
308.3761,
314.8987,
287.1951,
323.1164,
329.4737,
330.1769,
306.9554,
281.579,
338.1588,
397,
0,
2100, 
318.5394,
325.811,
359.6983,
338.8157,
305.9293,
283.6306,
301.8813,
400,
400,
300.8076,
332.0389,
331.4979,
303.5821,
313.7548,
306.605,
308.171,
312.1352,
316.9728,
288.6142,
326.1986,
331.4605,
330.7479,
307.0186,
281.579,
340.3557,
400,
0];
