real main.em.dem.hi.Clinker_Production[28](t) = [1971, 
7.4853,
63.9486,
6.16722,
4.277119,
8.038461,
12.24752,
6.25314,
3.05092,
1.27804,
5.21629,
148.1945,
32.9983,
6.87323,
1.5908,
0,
82.27142,
8.05349,
12.39273,
10.62152,
26.71521,
7.71953,
0.44317,
51.11324,
4.80396,
2.93748,
1.97758,
0,
516.6688,
1972, 
8.181899,
67.437,
7.17746,
5.781819,
9.33324,
12.79692,
6.21131,
3.40158,
1.24333,
5.43968,
168.4209,
36.25626,
6.91145,
1.60064,
0,
85.52518,
9.37485,
13.10155,
10.72526,
29.89577,
8.42296,
0.54236,
57.01112,
5.09894,
2.82282,
2.23657,
0,
564.9509,
1973, 
9.0477,
69.8184,
8.13276,
6.222979,
10.98636,
13.26924,
6.09294,
3.4265,
1.25579,
6.10896,
163.4131,
38.33475,
8.140861,
1.62934,
0,
89.80722,
9.12502,
12.46328,
12.71725,
31.45451,
10.1647,
0.6734,
67.1832,
5.41886,
3.15224,
2.5543,
0,
590.5936,
1974, 
9.5769,
66.20219,
8.75104,
6.252499,
12.45334,
13.92114,
6.35816,
3.59293,
1.29139,
6.49789,
160.7271,
41.23879,
8.1354,
1.6728,
0,
94.4189,
10.79415,
11.88477,
13.50622,
31.40056,
9.854391,
0.75621,
62.87288,
5.7405,
3.51533,
2.57299,
0,
593.9885,
1975, 
8.7669,
55.917,
9.184,
5.841679,
13.44062,
13.5464,
6.93399,
4.03437,
1.26291,
6.38664,
152.3531,
44.09148,
9.85803,
1.77858,
0,
100.0867,
12.3421,
13.48584,
15.58739,
39.00477,
10.81171,
0.9800701,
56.34462,
5.41112,
3.63909,
2.37363,
0,
593.4628,
1976, 
8.908199,
60.8229,
10.40662,
6.260699,
15.3135,
14.35082,
7.11199,
4.07709,
1.34657,
6.27272,
156.5511,
47.32811,
11.06014,
20.22776,
0,
101.8817,
13.16961,
15.36828,
17.17443,
39.53132,
11.79269,
1.6471,
59.09232,
5.29932,
3.50987,
1.57975,
0,
640.0847,
1977, 
8.939699,
65.3661,
10.92896,
6.179519,
17.32086,
14.7559,
7.87561,
4.14117,
1.5753,
5.84997,
160.464,
49.99436,
12.1849,
20.59403,
0,
104.1859,
13.77966,
15.91359,
19.29018,
47.12441,
12.45426,
2.31959,
62.89868,
5.26234,
3.57448,
1.58242,
0,
674.5559,
1978, 
9.425699,
69.7914,
11.603,
6.7527,
19.05598,
15.69398,
9.07978,
4.31294,
1.44714,
6.07247,
163.3752,
52.34935,
14.17052,
20.18211,
0,
104.1039,
15.73099,
16.28958,
20.14103,
55.30912,
12.91017,
3.32059,
72.99853,
5.11872,
3.90026,
1.55661,
0,
714.6918,
1979, 
10.3131,
68.9832,
12.58864,
7.018379,
20.39422,
17.19458,
11.61984,
4.63334,
1.47028,
5.51711,
165.8589,
51.99385,
12.35143,
19.51764,
0,
100.8756,
19.55231,
15.1641,
22.21583,
62.54913,
15.70569,
4.03312,
75.51144,
5.14366,
3.76194,
1.56373,
0,
735.5311,
1980, 
9.306,
61.4169,
13.44636,
7.329389,
22.29908,
19.21998,
13.28058,
4.83181,
1.604715,
6.34125,
166.359,
56.74334,
11.80725,
19.44603,
3.444,
102.5402,
21.80244,
14.77649,
21.48692,
67.66492,
13.83473,
4.78569,
75.64302,
5.20902,
4.03221,
1.48808,
0,
750.1393,
1981, 
9.1368,
58.5486,
14.90186,
7.240192,
21.36182,
19.23638,
14.4714,
5.91049,
1.58137,
7.20455,
161.6095,
52.8036,
13.68913,
19.50725,
3.623785,
104.2786,
26.34503,
17.35364,
21.49147,
70.1516,
14.80752,
5.20429,
72.95209,
5.63558,
4.27336,
1.66341,
0,
754.9833,
1982, 
7.3224,
51.7275,
15.86126,
6.975526,
21.02808,
18.38604,
14.31654,
5.90159,
1.431351,
7.1912,
156.6791,
59.37403,
14.35798,
19.72428,
3.80357,
164.3214,
28.56279,
18.7995,
23.55717,
80.35645,
16.30811,
5.30712,
69.38996,
6.06644,
4.226613,
1.5397,
0,
822.5157,
1983, 
7.083899,
57.5343,
14.23766,
7.309465,
17.1134,
17.01418,
16.05827,
5.43523,
1.42311,
7.02833,
156.5567,
62.29861,
12.37145,
20.60824,
11.06487,
171.0192,
30.74569,
20.96663,
26.64662,
91.40956,
17.70769,
7.36645,
69.56626,
5.38532,
4.453147,
1.35547,
0,
859.7597,
1984, 
8.448299,
63.4068,
15.33564,
7.243676,
15.98754,
17.32496,
20.01432,
4.94573,
1.396034,
7.194759,
147.339,
64.99251,
14.32158,
21.3323,
11.67688,
173.43,
35.87509,
24.51903,
25.85583,
103.7566,
17.76047,
8.09263,
67.8196,
4.83062,
4.842429,
1.3706,
0,
889.1129,
1985, 
9.1728,
63.2556,
16.6091,
7.130142,
16.9207,
17.38892,
21.90112,
6.18016,
1.390888,
6.1232,
139.3141,
60.60722,
15.99871,
21.1519,
12.34182,
174.4788,
36.94828,
26.53593,
25.94319,
122.7869,
16.3618,
9.0454,
62.64842,
5.73362,
5.074242,
1.4685,
0,
902.5115,
1986, 
9.5499,
64.0008,
16.2565,
7.976664,
20.70664,
19.69804,
20.29912,
6.525658,
1.525423,
5.55894,
139.6933,
63.48124,
18.20364,
22.27612,
13.84898,
179.7981,
35.55969,
29.03589,
28.6923,
140.0384,
17.02337,
10.30393,
61.28704,
6.134619,
6.25898,
1.71236,
0,
945.4457,
1987, 
11.3427,
60.64199,
19.25524,
8.431331,
20.88376,
21.51926,
23.22633,
5.958461,
1.680385,
5.33911,
143.2396,
63.21106,
20.0018,
22.63692,
14.21224,
182.8526,
37.98329,
30.82205,
31.80086,
156.8833,
18.90434,
10.75074,
61.53386,
5.948624,
7.05796,
1.84586,
0,
987.9637,
1988, 
11.115,
64.3896,
19.35692,
7.959253,
20.76978,
21.52898,
24.51861,
6.817934,
1.61624,
6.0164,
153.1162,
65.17658,
20.53688,
23.0912,
14.45496,
184.6935,
40.50151,
34.14288,
37.68401,
176.6497,
21.34769,
11.93738,
66.69644,
6.070053,
7.55482,
1.9847,
0,
1049.727,
1989, 
11.3319,
64.1772,
19.8522,
8.422002,
21.25522,
19.10026,
24.81943,
7.071888,
2.05501,
6.46229,
159.6195,
63.62107,
21.57064,
22.92556,
15.1044,
186.6738,
44.87395,
36.68351,
42.88011,
176.7477,
25.18425,
13.45708,
68.55663,
6.669346,
7.53389,
2.01407,
0,
1078.663,
1990, 
10.5705,
63.8496,
20.24006,
8.412292,
21.197,
19.23036,
26.82816,
5.94437,
2.18762,
5.84107,
158.2907,
57.66368,
22.11209,
22.3655,
14.9445,
182.705,
45.9571,
38.3211,
45.42174,
175.9268,
31.93827,
13.45526,
72.6227,
6.327796,
7.83601,
2.23034,
0,
1082.42,
1991, 
8.406684,
60.27212,
20.59494,
7.375795,
22.46015,
20.1785,
29.02796,
6.223289,
2.068484,
5.452389,
153.8522,
41.77913,
23.6083,
21.28392,
13.94246,
65.51226,
38.37441,
43.27482,
50.03647,
205.1379,
35.54351,
12.22636,
76.84591,
5.53657,
8.179326,
2.515532,
0,
979.7095,
1992, 
7.681248,
62.20899,
22.0708,
7.485446,
19.45623,
23.85,
29.13487,
6.566607,
2.179944,
5.1714,
146.4459,
32.77607,
25.72332,
18.93298,
12.26966,
51.9224,
43.28453,
44.98262,
55.54538,
258.535,
38.79516,
12.69939,
75.54371,
5.710024,
8.691056,
2.125136,
0,
1019.788,
1993, 
8.370054,
65.76203,
23.29597,
7.897469,
20.14929,
32.48428,
26.61853,
6.655245,
2.217477,
5.404935,
134.5967,
29.89813,
28.05173,
13.9646,
9.27584,
41.83804,
47.63074,
47.92454,
57.94602,
309.0458,
45.59871,
17.66861,
75.19128,
6.397794,
8.741331,
2.063302,
0,
1074.688,
1994, 
9.398592,
69.21783,
25.52795,
8.539049,
20.38503,
24.88217,
26.80534,
5.661444,
2.175782,
6.205704,
142.064,
32.35333,
26.36169,
10.62884,
6.64774,
31.07636,
49.15179,
53.18032,
62.04102,
354.6357,
51.82996,
22.05847,
78.06365,
6.907706,
8.889302,
1.768292,
0,
1136.457,
1995, 
9.2394,
68.06181,
20.36247,
8.794625,
22.74608,
27.31967,
28.3675,
5.839801,
2.748538,
6.507375,
140.482,
32.79887,
29.67193,
7.30702,
4.93312,
30.29818,
51.12236,
56.88648,
65.42539,
401.2075,
58.12344,
20.70672,
76.9029,
6.58342,
8.741465,
2.160375,
0,
1193.339,
1996, 
9.7902,
71.2656,
20.3708,
7.30622,
27.7492,
26.10831,
32.76104,
9.215296,
2.465144,
6.68824,
135.4697,
33.38586,
31.3984,
5.3382,
3.5629,
23.2798,
41.70511,
67.36,
66.2756,
432.4815,
51.53441,
32.558,
80.136,
6.522816,
9.552428,
2.41544,
0,
1236.696,
1997, 
10.2843,
72.5175,
21.9725,
7.433097,
30.4419,
27.8052,
33.91707,
12.30504,
2.37237,
6.50881,
138.1517,
34.30558,
32.004,
5.82364,
3.7679,
22.41142,
41.42406,
67.52,
68.2752,
435.9614,
63.64173,
36.6268,
77.74741,
6.48036,
9.628759,
2.42451,
0,
1271.752,
1998, 
10.5996,
72.00719,
22.0492,
8.807739,
31.84,
29.58414,
33.33234,
9.942546,
2.750416,
8.227,
153.5825,
34.58004,
33.8452,
6.31728,
3.75314,
21.9063,
36.02168,
71.91,
56.5268,
452.7361,
47.39214,
38.984,
68.6172,
6.43972,
9.485516,
3.001556,
0,
1274.239,
1999, 
10.9998,
76.21291,
23.3142,
10.17578,
31.9579,
29.91196,
35.86628,
9.663874,
2.653725,
7.680699,
152.93,
35.145,
30.3752,
6.5436,
4.37552,
23.944,
36.54928,
76.32,
56.6886,
502.6893,
59.47447,
36.6445,
67.4442,
6.35289,
9.962006,
2.957501,
0,
1346.833,
2000, 
10.962,
77.865,
25.043,
8.62996,
30.968,
30.3044,
38.7086,
9.86506,
2.74684,
7.7314,
157.0873,
34.94712,
31.504,
6.05324,
3.7064,
27.19694,
42.40138,
80.75,
59.312,
511.6762,
56.6764,
45.496,
68.12399,
7.1778,
10.604,
2.60494,
0,
1388.142,
2001, 
11.232,
78.10561,
23.4,
8.618219,
30.81,
29.991,
41.242,
10.67175,
2.70555,
7.7945,
154.5264,
32.18897,
30.59,
6.3804,
4.081002,
29.77356,
44.72034,
83.4,
49.95784,
567.4686,
58.73455,
48.1574,
64.1908,
7.16071,
10.87693,
2.5891,
0,
1439.367,
2002, 
11.3256,
78.3354,
23.87,
9.23846,
29.26,
23.6159,
40.5048,
11.2476,
2.70732,
8.0808,
148.0686,
32.13338,
28.2968,
7.84176,
4.147728,
31.98965,
45.69806,
81.8,
52.79176,
592.6802,
65.47324,
53.4688,
60.0248,
7.2732,
11.1538,
2.23272,
0,
1463.26,
2003, 
12.0132,
80.34361,
24.32,
10.13384,
28.88,
25.1332,
43.1932,
11.15935,
3.44201,
8.466,
158.7164,
34.29903,
30.2562,
9.479031,
5.024822,
34.78955,
46.0348,
80.2,
55.80588,
706.2813,
71.18827,
55.599,
57.3792,
7.6311,
14.68417,
2.83777,
0,
1617.291,
2004, 
12.6054,
83.754,
26.25,
9.987,
25.8,
28.155,
45.1984,
11.17906,
3.71378,
9.84,
161.7881,
36.73331,
32.528,
11.18124,
5.427408,
39.02147,
49.77627,
98.25,
51.30008,
778.3837,
79.78861,
58.3792,
56.0768,
7.6544,
14.88584,
2.8577,
0,
1740.515,
2005, 
12.012,
84.84,
27.75,
10.82694,
27.158,
31.302,
48.1869,
11.28006,
4.29705,
11.745,
161.3011,
38.269,
36.38,
12.93651,
5.56713,
41.38695,
54.495,
100.1,
48.535,
839.3092,
86.24015,
56.61,
57.768,
7.69327,
15.011,
2.86335,
0,
1833.864,
2006, 
11.76,
83.74799,
29.6,
11.33236,
27.158,
33.5072,
50.1633,
13.10337,
4.49307,
10.53,
169.112,
42.48937,
40.8,
14.60997,
6.06852,
46.48995,
57.82959,
119.35,
50.745,
969.7696,
86.581,
56.95,
58.017,
8.6237,
15.44875,
4.0986,
0,
2022.378,
2007, 
12.18,
81.396,
30.118,
11.75268,
34.336,
36.223,
51.7995,
17.81676,
4.72878,
12.393,
178.3474,
46.73361,
41.48,
16.1028,
6.561,
50.83722,
68.6194,
130.9,
53.6605,
1054.269,
90.01075,
65.45,
56.191,
9.11257,
24.0805,
4.28895,
0,
2189.388,
2008, 
11.508,
73.584,
29.674,
12.5171,
34.41,
38.0286,
63.5526,
23.08743,
5.76558,
10.935,
154.2287,
48.46534,
43.69,
16.9452,
7.3224,
45.6192,
70.705,
138.6,
49.402,
1083.829,
93.65981,
69.19,
52.124,
8.91669,
24.92625,
4.4307,
0,
2215.116,
2009, 
9.24,
54.516,
26.048,
10.92388,
38.258,
36.9852,
70.2999,
22.07331,
6.86475,
9.558001,
130.0345,
38.39836,
45.05,
11.9718,
7.06644,
38.01087,
83.4635,
138.6,
48.025,
1267.524,
98.22941,
74.8,
45.484,
8.83784,
28.41125,
5.12649,
0,
2353.801,
2010, 
10.416,
56.44799,
25.53,
11.53216,
43.734,
37.1702,
69.0606,
24.5025,
8.934299,
8.829,
125.1019,
38.47459,
53.295,
12.2229,
7.28028,
42.95025,
86.3549,
169.4,
45.56,
1460.4,
110.494,
70.55,
42.745,
8.597139,
31.90135,
5.54607,
0,
2607.03,
2011, 
10.08,
57.624,
25.53,
10.80104,
46.324,
37.0592,
68.4855,
23.86422,
10.29024,
9.072,
127.0284,
40.44579,
53.89,
13.365,
7.71039,
47.71872,
99.7296,
207.9,
46.495,
1630.341,
113.7538,
80.75,
42.579,
8.34814,
36.8373,
6.21999,
0,
2862.242,
2012, 
10.4706,
62.94456,
26.77616,
13.6086,
51.29902,
40.9035,
80.76591,
27.945,
11.7612,
9.363601,
104.6083,
35.7973,
54.29715,
12.91869,
14.32971,
53.1765,
148.4829,
207.9,
45.3118,
1715.769,
112.6063,
44.6675,
45.43171,
8.22945,
43.16045,
8.58681,
0,
2991.112,
2013, 
9.75324,
65.02859,
25.61288,
13.75512,
51.7815,
43.78062,
76.84794,
32.62923,
13.24593,
9.85608,
102.4246,
34.15104,
60.63645,
13.01184,
15.20532,
57.38769,
151.7606,
215.6,
45.80735,
1871.224,
118.1483,
48.3565,
48.10846,
8.216999,
45.71385,
9.357121,
0,
3187.401,
2014, 
9.978359,
69.82416,
27.08178,
14.55062,
52.72796,
43.95156,
84.98277,
32.93865,
14.73066,
9.77508,
101.5707,
34.81709,
60.55315,
12.59793,
17.2287,
60.04368,
152.504,
215.6,
45.66455,
1932.309,
122.2504,
48.416,
48.06779,
8.62702,
46.5137,
11.28897,
0,
3278.595,
2015, 
10.22028,
71.3496,
29.31362,
14.67198,
48.30942,
44.44588,
83.55717,
34.84539,
16.93872,
10.52352,
102.5686,
35.72415,
60.70615,
11.49714,
18.86733,
54.24003,
149.0051,
200.2,
49.9324,
1828.584,
134.8432,
51.0425,
45.50641,
9.14328,
54.6465,
11.53116,
0,
3182.214,
2016, 
9.82212,
71.52852,
30.02698,
14.40484,
42.59218,
40.91608,
85.80168,
37.9404,
18.32382,
10.53,
103.9854,
36.05987,
64.09255,
11.74581,
19.30797,
48.05001,
140.8278,
215.6,
54.25295,
1866.786,
140.1854,
52.87,
44.20165,
8.98973,
60.1426,
11.76201,
0,
3240.747,
2017, 
10.67304,
72.91116,
30.78474,
14.79334,
39.96296,
41.27498,
100.8879,
36.3771,
18.83412,
10.6677,
104.8455,
39.193,
68.4692,
11.83329,
21.5055,
48.6729,
133.198,
217.91,
54.604,
1804.981,
147.0186,
59.05715,
45.81185,
8.55315,
64.4249,
10.97226,
0,
3218.217,
2018, 
11.38536,
73.07999,
35.76272,
14.21466,
39.62922,
39.22222,
83.187,
42.46101,
18.9135,
11.0808,
106.8244,
41.92958,
61.6624,
12.14433,
22.34628,
48.3165,
136.8699,
238.7,
49.23455,
1732.125,
159.8748,
64.10105,
45.90481,
9.02957,
72.3877,
11.99853,
0,
3182.386,
2019, 
11.76,
74.004,
33.42062,
13.78472,
41.89214,
39.28734,
81.07047,
46.77426,
17.70174,
10.30806,
107.3811,
43.84611,
48.4211,
12.35898,
24.14367,
52.19316,
140.6745,
257.18,
47.79975,
1812.556,
176.4549,
61.234,
44.37346,
9.21715,
75.26155,
13.81617,
0,
3296.915,
2020, 
11.76,
75.432,
35.39642,
12.36614,
45.17848,
34.9391,
73.20375,
51.37668,
20.14227,
8.748,
105.6086,
44.57222,
61.45415,
12.58659,
25.53039,
50.67603,
152.9337,
223.3,
45.2268,
1841.43,
182.025,
53.4055,
42.25115,
8.8976,
74.5314,
14.17824,
0,
3307.15,
2021, 
11.76,
76.692,
38.15366,
13.72848,
48.75416,
42.62252,
82.21419,
56.35332,
22.2264,
10.125,
110.3849,
45.72876,
66.72076,
13.77729,
28.51524,
53.93304,
151.9146,
269.5,
47.4504,
1830.733,
193.3172,
55.3775,
41.56889,
9.0968,
83.18015,
14.29083,
0,
3418.119,
2022, 
12.6,
76.94399,
36.852,
13.88314,
47.02404,
44.62866,
78.31809,
57.0321,
21.1977,
9.72,
108.62,
44.18491,
62.6518,
9.396,
28.71855,
54.89532,
152.1216,
292.6,
48.9702,
1651.019,
200.8482,
54.536,
44.156,
9.28189,
80.35731,
14.58081,
0,
3255.138,
2023, 
12.58652,
77.16844,
37.14637,
14.16171,
47.57107,
44.90646,
80.33607,
59.17007,
19.75628,
9.792399,
105.3699,
42.82838,
62.78647,
9.390163,
29.3549,
55.02251,
154.3992,
303.0112,
46.04269,
1655.431,
202.9674,
54.34435,
43.90541,
9.319287,
81.75706,
15.21034,
0,
3273.736,
2024, 
12.53772,
77.20544,
37.29748,
14.44665,
47.85533,
45.4882,
82.2447,
61.81429,
21.41117,
9.920479,
101.0947,
41.11489,
62.90122,
9.388192,
29.97805,
55.09399,
156.9282,
313.1567,
42.19242,
1659.07,
205.3009,
53.4923,
43.62395,
9.352445,
84.78784,
16.14169,
0,
3293.839,
2025, 
12.43718,
76.97113,
37.50875,
14.7221,
48.3279,
46.00345,
84.26449,
64.66045,
23.86725,
10.04165,
99.14319,
38.70912,
63.11067,
9.440484,
30.61323,
55.14173,
159.4855,
324.8626,
40.28711,
1662.356,
208.1232,
53.67722,
43.36983,
9.396427,
88.34309,
17.16108,
0,
3322.025,
2026, 
12.27927,
76.39962,
37.86224,
14.98824,
48.57903,
46.36851,
85.59965,
67.79008,
26.46669,
10.11203,
98.61343,
37.31927,
62.91505,
9.635504,
30.98316,
54.80449,
161.1687,
335.2882,
40.15168,
1655.054,
209.2851,
54.81688,
42.86823,
9.410704,
92.5559,
18.57427,
0,
3339.89,
2027, 
12.099,
75.54407,
38.21088,
15.27572,
48.83397,
46.70837,
86.66511,
70.85179,
28.97979,
10.18071,
97.40958,
37.1957,
62.74452,
9.849536,
31.337,
54.42086,
162.7912,
344.1472,
40.0196,
1647.011,
210.2626,
55.91201,
42.39719,
9.378881,
96.50546,
19.94057,
0,
3354.672,
2028, 
11.90582,
74.57249,
38.55528,
15.53652,
49.09133,
47.02564,
87.60611,
73.80933,
31.41246,
10.25506,
95.83306,
37.06208,
62.57789,
9.676083,
31.67465,
54.06242,
164.3395,
331.6332,
39.88203,
1637.981,
211.1081,
56.97951,
41.94987,
9.342215,
100.2312,
21.27231,
0,
3345.375,
2029, 
11.70523,
73.48325,
38.89898,
15.85144,
49.35955,
47.36678,
88.40588,
76.68804,
33.77031,
10.33871,
94.06218,
36.92223,
62.45498,
9.323434,
31.99563,
53.84904,
165.8003,
320.2386,
39.75011,
1627.656,
211.8686,
58.03964,
41.55168,
9.306837,
103.7866,
22.57466,
0,
3335.049,
2030, 
11.49189,
72.29225,
39.24112,
16.16785,
49.63067,
47.7422,
89.1345,
79.52728,
36.05836,
10.43475,
92.40457,
36.77515,
62.31074,
8.968675,
32.29908,
53.91931,
167.15,
312.5543,
39.60119,
1615.677,
212.4701,
59.11103,
41.1753,
9.283529,
107.1961,
23.85176,
0,
3326.469,
2031, 
11.28022,
71.08334,
39.5901,
16.54162,
50.02373,
48.19102,
89.93221,
84.20789,
39.07777,
10.5979,
92.7351,
36.98904,
62.19474,
8.641201,
32.57381,
53.77474,
168.2685,
319.0291,
39.41463,
1599.832,
212.9005,
60.17062,
40.87477,
9.273469,
111.2023,
25.60571,
0,
3334.006,
2032, 
11.06129,
70.04565,
39.93174,
16.95238,
50.42511,
48.66129,
90.59409,
88.76336,
41.99818,
10.78621,
93.17269,
36.6829,
62.0695,
8.352257,
32.80187,
52.02083,
169.1084,
325.2284,
39.21934,
1581.628,
213.1647,
61.28006,
40.61387,
9.27253,
115.0526,
27.30861,
0,
3336.196,
2033, 
10.85154,
69.13763,
40.26776,
17.34143,
50.84502,
49.14051,
91.02322,
93.18742,
44.84,
10.99266,
93.73479,
36.24852,
61.93415,
8.118632,
32.98444,
50.40834,
169.6198,
331.2252,
39.01941,
1560.741,
213.2602,
62.45847,
40.3973,
9.283731,
118.7936,
28.97264,
0,
3334.827,
2034, 
10.64092,
68.12333,
40.64148,
17.75882,
51.29731,
49.64199,
91.22089,
97.52735,
47.61971,
11.22043,
94.41898,
36.0646,
61.75824,
7.975751,
33.12985,
48.91738,
169.7819,
337.075,
38.81292,
1536.919,
213.1519,
63.7212,
40.21336,
9.298913,
122.4566,
30.6102,
0,
3329.998,
2035, 
10.43319,
66.90244,
41.00856,
18.20826,
51.78724,
50.21989,
91.24053,
101.8245,
50.34506,
11.47351,
95.23179,
35.87595,
61.53607,
7.94631,
33.2869,
47.52182,
169.6223,
342.8242,
38.61861,
1510.015,
212.8344,
64.98982,
40.06117,
9.307159,
126.072,
32.2317,
0,
3321.419,
2036, 
10.57686,
66.3206,
41.36295,
18.70797,
52.36364,
50.91203,
91.19498,
107.1109,
53.67103,
11.78458,
96.23988,
35.67879,
61.28943,
8.014197,
33.45751,
46.22274,
169.0276,
348.4862,
38.4522,
1478.528,
212.126,
66.03199,
39.96748,
9.323549,
130.1341,
34.19627,
0,
3311.182,
2037, 
10.72297,
67.42485,
41.72222,
19.24153,
52.98996,
51.71089,
90.887,
112.3554,
56.91644,
12.11775,
97.39195,
35.47939,
61.02257,
8.170347,
33.68166,
44.98366,
168.0562,
354.0528,
38.26292,
1444.088,
211.2531,
66.95483,
39.91634,
9.365208,
134.1279,
36.14422,
0,
3299.04,
2038, 
10.87026,
68.62547,
41.97967,
19.80926,
53.66496,
52.61622,
90.39851,
117.5803,
60.10435,
12.47176,
98.65366,
35.27551,
60.68741,
8.07667,
33.93336,
43.78636,
166.7988,
359.5431,
37.92163,
1406.681,
210.1706,
67.83695,
39.87934,
9.414527,
138.0582,
38.07676,
0,
3282.915,
2039, 
11.02631,
69.91417,
42.09175,
20.40902,
54.37875,
53.61544,
89.85381,
122.7236,
63.25099,
12.84504,
100.0263,
35.06844,
60.30956,
8.004122,
34.03043,
43.40579,
165.3283,
364.971,
37.55354,
1367.263,
208.9183,
68.81953,
39.86407,
9.460769,
141.9406,
39.9918,
0,
3265.064,
2040, 
11.19192,
71.27214,
42.08939,
21.03555,
55.1363,
54.69445,
89.23209,
127.7688,
66.35979,
13.23506,
101.5045,
34.85925,
59.91031,
8.131359,
34.10798,
43.31182,
163.6913,
370.3418,
37.16788,
1325.563,
207.5335,
69.95866,
39.87468,
9.509891,
145.7829,
41.89228,
0,
3245.156,
2041, 
11.37561,
72.65687,
41.97251,
21.68724,
55.9242,
55.81319,
88.54998,
133.8254,
70.1329,
13.65242,
103.1395,
34.65005,
59.53904,
8.25179,
34.15452,
43.25037,
161.7886,
375.47,
36.76799,
1280.902,
205.9303,
71.19566,
39.9532,
9.558196,
150.004,
44.16828,
0,
3224.314,
2042, 
11.56332,
74.07643,
41.85036,
22.35455,
56.72162,
56.98727,
87.80857,
139.7359,
73.79935,
14.07508,
104.8316,
34.43894,
59.13804,
8.372418,
34.18612,
43.20247,
159.7069,
380.4846,
36.35176,
1233.884,
204.2197,
72.58826,
40.03675,
9.599813,
154.1062,
46.41016,
0,
3200.53,
2043, 
11.74954,
75.5323,
41.76911,
23.03435,
57.52971,
58.23909,
87.03055,
145.5805,
77.37836,
14.49901,
106.5428,
34.22457,
58.68035,
8.492268,
34.2051,
43.16399,
157.4364,
385.377,
35.91169,
1184.743,
202.3872,
74.11818,
40.10348,
9.641577,
158.0805,
48.6206,
0,
3174.071,
2044, 
11.93276,
77.043,
41.75574,
23.72055,
58.33486,
59.56445,
86.20689,
151.346,
80.87383,
14.92051,
108.2537,
34.00722,
58.17305,
8.610361,
34.21311,
43.13091,
154.9915,
390.1387,
35.4523,
1133.997,
200.456,
75.75898,
40.14924,
9.695509,
161.9232,
50.79948,
0,
3145.449,
2045, 
12.11156,
78.60727,
41.81799,
24.40823,
59.12962,
60.96872,
85.36229,
157.0112,
84.29226,
15.33597,
109.9462,
33.7872,
57.62312,
8.725785,
34.2122,
43.09805,
152.4071,
394.76,
34.97799,
1082.943,
198.4483,
77.48901,
40.17038,
9.76712,
165.6294,
52.94365,
0,
3115.973,
2046, 
12.29482,
80.18333,
41.93418,
25.08546,
59.88946,
62.42123,
84.49772,
163.7094,
88.29297,
15.73911,
111.6551,
33.57401,
57.06455,
8.835391,
34.17927,
43.07148,
149.5622,
398.9576,
34.50264,
1030.857,
196.2961,
79.20126,
40.21056,
9.849495,
169.515,
55.41611,
0,
3086.795,
2047, 
12.46994,
81.7729,
42.13391,
25.75,
60.61975,
63.94607,
83.68925,
170.2128,
92.14085,
16.12671,
113.308,
33.35838,
56.34684,
8.940655,
34.14108,
43.04117,
146.6447,
402.96,
34.01681,
979.9044,
194.1002,
80.95541,
40.21513,
9.933548,
173.1966,
57.80551,
0,
3057.73,
2048, 
12.69051,
83.23166,
42.43197,
26.38337,
61.2634,
65.26383,
82.76923,
176.3386,
95.77298,
16.50203,
115.1516,
33.1632,
56.30156,
9.005884,
34.09779,
42.99035,
143.725,
406.7951,
33.69765,
930.1056,
192.4858,
82.7437,
40.45832,
9.968364,
176.8201,
60.0839,
0,
3030.241,
2049, 
12.9003,
84.67893,
42.78919,
26.99606,
61.87109,
66.16977,
81.84,
182.3393,
99.25732,
16.85764,
116.9118,
32.96569,
56.24968,
9.06569,
34.0522,
42.93542,
140.7959,
410.4272,
33.31306,
881.6619,
190.8425,
84.52907,
40.65644,
10.0132,
180.2399,
62.29305,
0,
3002.652,
2050, 
13.10127,
86.11122,
43.19156,
27.58562,
62.44183,
67.03979,
81.41439,
188.2159,
102.6074,
17.19236,
118.5923,
32.7671,
56.10452,
9.119717,
34.00548,
43.35143,
137.8727,
413.8564,
32.9244,
834.843,
189.2072,
86.29416,
40.82024,
10.0617,
183.4642,
64.43458,
0,
2976.62,
2051, 
13.29962,
87.48637,
43.61034,
28.13961,
62.95321,
67.8477,
81.56409,
195.7499,
106.814,
17.56492,
120.1928,
32.5715,
56.22572,
9.167188,
34.0525,
42.80683,
135.8973,
416.8902,
32.53999,
788.4315,
188.5428,
87.95786,
41.16207,
10.15885,
187.7954,
67.08836,
0,
2956.511,
2052, 
13.48539,
88.83266,
44.05471,
28.66687,
63.43116,
68.6313,
81.70702,
203.0989,
110.8643,
17.91533,
121.6877,
32.37403,
56.30976,
9.208317,
34.1005,
42.73389,
134.894,
419.6968,
32.06179,
743.8734,
187.8643,
89.44183,
41.45425,
10.26414,
191.9351,
69.651,
0,
2938.239,
2053, 
13.66133,
90.12619,
44.5139,
29.16565,
63.86483,
69.37559,
81.84709,
210.2378,
114.7578,
18.24359,
123.0883,
32.17604,
56.38427,
9.243073,
34.14988,
42.65685,
133.9479,
422.2833,
31.58239,
702.1343,
187.206,
90.66135,
41.70665,
10.37143,
195.8969,
72.12715,
0,
2921.41,
2054, 
13.82863,
91.34776,
44.98302,
29.63455,
64.25444,
70.07277,
81.9874,
217.1699,
118.5052,
18.54982,
124.3991,
31.97813,
56.46188,
9.271507,
34.20112,
42.57522,
133.0643,
424.6572,
31.14229,
663.0821,
186.5844,
91.80109,
41.91579,
10.47395,
199.6904,
74.5202,
0,
2906.152,
2055, 
13.98724,
92.49617,
45.44799,
30.07372,
64.60094,
70.72307,
82.13039,
223.9069,
122.116,
18.83429,
125.6198,
31.78034,
56.54325,
9.293737,
34.25459,
42.48913,
132.246,
426.8257,
30.73455,
626.7178,
186.0016,
92.861,
42.09776,
10.57184,
203.3222,
76.83471,
0,
2892.511,
2056, 
14.14208,
93.56402,
45.87548,
30.46941,
64.86816,
71.28528,
82.23143,
231.3717,
126.0782,
19.0879,
126.7432,
31.58126,
56.64108,
9.311842,
34.27533,
42.395,
131.3513,
428.5683,
30.34404,
592.3124,
185.3795,
93.77568,
42.27399,
10.66109,
206.9201,
79.36349,
0,
2880.871,
2057, 
14.28772,
94.55912,
46.29269,
30.83463,
65.09273,
71.80016,
82.33401,
238.5653,
129.8598,
19.31929,
127.7749,
31.38211,
56.73833,
9.323967,
34.29812,
42.29603,
130.5263,
430.1059,
30.00445,
565.4564,
184.7921,
94.61087,
42.40957,
10.74535,
210.3344,
81.78592,
0,
2875.53,
2058, 
14.42494,
95.48306,
46.69883,
31.17049,
65.27665,
72.26936,
82.43963,
245.5094,
133.4762,
19.52946,
128.7201,
31.18316,
56.83992,
9.406759,
34.32307,
42.19242,
129.7705,
431.4499,
29.74799,
542.8215,
184.2445,
95.36918,
42.49685,
10.82448,
213.5775,
84.11044,
0,
2873.356,
2059, 
14.55359,
96.33793,
47.09177,
31.47828,
65.42201,
72.69477,
82.54938,
252.2232,
136.9406,
19.71935,
129.58,
30.98422,
56.94198,
9.46909,
34.35023,
42.08442,
129.082,
432.6104,
29.58395,
521.7252,
183.7312,
96.05353,
42.53767,
10.89861,
216.6592,
86.34456,
0,
2871.647,
2060, 
14.67404,
97.12634,
47.47058,
31.75931,
65.53098,
73.07841,
82.66396,
258.7236,
140.2649,
19.89001,
130.3585,
30.78535,
57.04487,
9.510036,
34.37954,
41.97224,
128.4586,
433.5983,
29.5129,
502.0817,
183.2513,
96.66724,
42.55226,
10.96801,
219.5891,
88.49493,
0,
2870.407,
2061, 
14.83691,
98.1573,
47.84679,
32.10567,
65.77546,
73.61719,
82.98189,
266.6314,
144.286,
20.09574,
131.4677,
30.67978,
57.34098,
9.556395,
34.49596,
41.97827,
128.1568,
435.4841,
29.65519,
485.1759,
183.3225,
97.45542,
43.17611,
11.06275,
223.1218,
91.07912,
0,
2879.543,
2062, 
14.99256,
99.1339,
48.04971,
32.4288,
65.98765,
74.11995,
83.30445,
274.3118,
148.1545,
20.28465,
132.5065,
30.57337,
57.63388,
9.570262,
34.61446,
41.98028,
127.9146,
437.219,
29.91807,
469.4539,
183.4177,
98.18364,
43.38419,
11.15393,
226.5127,
93.57292,
0,
2888.377,
2063, 
15.14141,
100.0589,
48.24398,
32.7301,
66.16956,
74.58878,
83.63206,
281.7875,
151.8855,
20.45779,
133.4787,
30.46616,
57.92403,
9.547445,
34.735,
41.97848,
127.7291,
438.8123,
29.77206,
454.8362,
183.5361,
98.79978,
43.57065,
11.2418,
229.773,
95.98511,
0,
2896.881,
2064, 
15.2839,
100.9351,
48.43012,
33.01091,
66.32317,
75.02573,
83.96498,
289.0781,
155.4919,
20.61617,
134.3884,
30.35819,
58.21185,
9.485559,
34.83604,
41.97305,
127.5974,
440.2733,
29.58755,
441.2445,
183.6763,
99.27482,
43.73697,
11.32658,
232.9127,
98.32336,
0,
2905.367,
2065, 
15.42032,
101.7655,
48.60859,
33.27256,
66.45042,
75.43276,
84.3033,
296.2009,
158.9853,
20.76078,
135.2394,
30.24947,
58.49684,
9.391257,
34.89125,
41.9642,
127.5162,
441.6107,
29.39126,
428.6022,
183.8362,
99.61581,
43.88422,
11.38828,
235.9411,
100.5944,
0,
2913.813,
2066, 
15.55346,
102.5438,
48.75407,
33.50082,
66.51306,
75.77094,
84.58085,
303.7382,
162.6153,
20.87999,
136.0502,
30.13662,
58.78868,
9.393515,
34.88379,
41.9471,
127.3436,
442.4903,
29.19351,
416.8876,
183.9518,
99.77356,
44.01787,
11.37205,
238.8057,
102.951,
0,
2922.437,
2067, 
15.68064,
103.2819,
48.8923,
33.71153,
66.55199,
76.08179,
84.86185,
311.0597,
166.1064,
20.98662,
136.8069,
30.02284,
59.07268,
9.392503,
34.83495,
41.92672,
127.2156,
443.2571,
28.97455,
405.9778,
184.0779,
99.81721,
44.13217,
11.29894,
241.554,
105.2237,
0,
2930.8,
2068, 
15.80236,
103.9824,
49.02375,
33.90598,
66.56895,
76.3672,
85.14629,
318.1877,
169.4726,
21.08159,
137.5136,
29.90819,
59.34995,
9.388442,
34.76139,
41.90326,
127.1293,
443.919,
28.73121,
395.806,
184.2144,
99.75159,
44.2289,
11.17573,
244.1962,
107.421,
0,
2938.937,
2069, 
15.9191,
104.6483,
49.14893,
34.08535,
66.56559,
76.62898,
85.43412,
325.1412,
172.7258,
21.16581,
138.1745,
29.79277,
59.61273,
9.381547,
34.66104,
41.87689,
127.0816,
444.4833,
28.46243,
386.3098,
184.361,
99.58073,
44.30983,
11.01495,
246.7411,
109.5503,
0,
2946.858,
2070, 
16.03132,
105.2818,
49.26825,
34.25076,
66.5434,
76.86885,
85.72514,
331.9375,
175.8768,
21.24009,
138.7933,
29.67663,
59.82598,
9.372016,
34.53275,
41.84776,
127.0696,
444.9568,
28.16751,
377.4304,
184.5175,
99.309,
44.37633,
10.8262,
249.1971,
111.6182,
0,
2954.541,
2071, 
16.13707,
105.8573,
49.35528,
34.38686,
66.46706,
77.04375,
85.97417,
338.99,
179.0642,
21.29386,
139.3901,
29.56123,
59.9774,
9.361497,
34.36452,
41.81517,
126.9731,
444.9778,
27.86548,
369.2182,
184.6051,
98.88744,
44.3616,
10.61301,
251.4609,
113.7235,
0,
2961.726,
2072, 
16.23872,
106.405,
49.43702,
34.51041,
66.37408,
77.19904,
86.2247,
345.8454,
182.1276,
21.3388,
139.9503,
29.44515,
60.07245,
9.348736,
34.17205,
41.78008,
126.9071,
448.9301,
27.81655,
361.5162,
184.6986,
98.37316,
44.28731,
10.41285,
253.6335,
115.7539,
0,
2972.799,
2073, 
16.33824,
106.9272,
49.51446,
34.6224,
66.26574,
77.33624,
86.47668,
352.5243,
185.0796,
21.37575,
140.4847,
29.32909,
60.13227,
9.333893,
33.95877,
41.74261,
126.8701,
452.0679,
27.77263,
354.2777,
184.813,
97.76942,
44.17232,
10.4576,
255.7266,
117.7171,
0,
2983.086,
2074, 
16.43424,
107.4259,
49.5873,
34.72372,
66.14325,
77.45668,
86.72994,
359.0442,
187.9309,
21.40522,
140.9879,
29.21239,
60.14751,
9.31712,
33.72808,
41.70288,
126.8586,
454.6759,
27.72852,
347.4597,
184.9313,
97.08015,
44.02048,
10.50063,
257.7434,
119.6197,
0,
2992.596,
2075, 
16.52704,
107.9031,
49.65584,
34.81524,
66.0077,
77.56165,
86.98441,
365.4207,
190.6911,
21.41582,
141.4626,
29.09509,
60.12046,
9.298555,
33.47975,
41.66103,
126.8705,
456.83,
27.68423,
341.0225,
185.053,
96.30821,
43.84582,
10.54212,
259.6903,
121.4677,
0,
3001.414,
2076, 
16.61017,
108.3037,
49.69598,
34.8796,
65.82579,
77.60623,
87.202,
371.8806,
193.4132,
21.34257,
141.907,
28.9844,
60.04881,
9.280289,
33.20422,
41.61802,
126.811,
458.2366,
27.64886,
334.9652,
185.1037,
95.39613,
43.67831,
10.57621,
261.4121,
123.2859,
0,
3008.917,
2077, 
16.69016,
108.686,
49.70257,
34.93523,
65.63255,
77.63716,
87.41959,
378.1648,
196.0302,
21.20422,
142.3256,
28.87304,
59.9453,
9.260494,
32.91645,
41.57306,
126.7707,
459.3427,
27.57687,
329.2197,
185.1528,
94.39516,
43.5071,
10.60909,
263.0635,
125.0392,
0,
3015.673,
2078, 
16.76729,
109.0515,
49.65312,
34.98285,
65.42884,
77.6555,
87.63708,
384.2913,
198.5522,
21.01606,
142.7207,
28.76105,
59.81369,
9.23929,
32.61367,
41.52623,
126.7479,
459.5005,
27.47771,
323.7558,
185.2003,
93.29335,
43.32893,
10.64092,
264.651,
126.7341,
0,
3021.041,
2079, 
16.84182,
109.4015,
49.54914,
35.02308,
65.21548,
77.66219,
87.85447,
390.2757,
200.9881,
20.79658,
143.0942,
28.64849,
59.65683,
9.216768,
32.29885,
41.47765,
126.7408,
458.5902,
27.35414,
318.5458,
185.2461,
92.08632,
43.14598,
10.67188,
266.1796,
128.3763,
0,
3024.938,
2080, 
16.91399,
109.7374,
49.39383,
35.05652,
64.99321,
77.65811,
88.07163,
396.1316,
203.3459,
20.55658,
143.4482,
28.53537,
59.47682,
9.193027,
32.03519,
41.42738,
126.7479,
457.1602,
27.20934,
313.5647,
185.2901,
90.7757,
42.96411,
10.70211,
267.6545,
129.9709,
0,
3028.014,
2081, 
16.97425,
109.9909,
49.17151,
35.06739,
64.74666,
77.60606,
88.24919,
401.9329,
205.6268,
20.30433,
143.7529,
28.43247,
59.26551,
9.17039,
32.09748,
41.37894,
126.6999,
454.4349,
27.06306,
308.8414,
185.2537,
90.14821,
42.80729,
10.72422,
268.9248,
131.4866,
0,
3030.152,
2082, 
17.03217,
110.2324,
48.90762,
35.07222,
64.49245,
77.54453,
88.4257,
407.5793,
207.8203,
20.04003,
144.0396,
28.32896,
59.05558,
9.14669,
32.15899,
41.32891,
126.6632,
451.0768,
26.91372,
304.3036,
185.2119,
90.03299,
42.67078,
10.74575,
270.142,
132.9467,
0,
3031.913,
2083, 
17.08796,
110.463,
48.60077,
35.0715,
64.23112,
77.47425,
88.60117,
413.0861,
209.9347,
19.75433,
144.3099,
28.2249,
59.25863,
9.122,
32.21974,
41.27732,
126.6367,
447.3924,
26.80443,
299.9326,
185.1649,
89.90662,
42.56359,
10.76675,
271.3105,
134.3567,
0,
3033.552,
2084, 
17.14181,
110.6836,
48.25813,
35.06568,
63.96322,
77.39585,
88.77558,
418.4667,
211.9771,
19.44043,
144.5652,
28.12031,
59.45516,
9.096386,
32.27974,
41.22428,
126.6194,
443.6935,
26.79222,
295.7115,
185.113,
89.77,
42.47235,
10.78725,
272.4341,
135.7213,
0,
3035.024,
2085, 
17.19373,
110.8952,
47.88612,
35.05513,
63.54742,
77.30991,
88.94894,
423.7332,
213.954,
19.10217,
144.8062,
28.01517,
59.64433,
9.069912,
32.33897,
41.16985,
126.6101,
440.0115,
26.90482,
291.6249,
185.0548,
89.62387,
42.38364,
10.80729,
273.5161,
137.0448,
0,
3036.252,
2086, 
17.23279,
111.035,
47.47388,
35.02699,
62.65055,
77.18707,
89.08572,
428.8292,
215.8371,
18.73416,
144.9851,
27.92089,
59.8091,
9.04493,
32.38784,
41.11668,
126.558,
436.4797,
27.17411,
287.8233,
184.9244,
89.42558,
42.30265,
10.81924,
274.4373,
138.2708,
0,
3036.572,
2087, 
17.26975,
111.1672,
47.04189,
34.99463,
61.44905,
77.05759,
89.22086,
433.7889,
217.6482,
18.59774,
145.1497,
27.82595,
59.96346,
9.019178,
32.43568,
41.0621,
126.5119,
432.7814,
27.19277,
284.1294,
184.7833,
89.21911,
42.22416,
10.8308,
275.317,
139.4499,
0,
3036.132,
2088, 
17.30487,
111.2924,
46.59291,
34.95837,
60.05584,
76.92194,
89.3544,
438.6258,
219.394,
18.55019,
145.3016,
27.73041,
60.1092,
8.992702,
32.48254,
41.00618,
126.4711,
429.819,
27.13851,
280.5321,
184.6332,
89.0051,
42.14373,
10.84199,
276.1589,
140.5863,
0,
3036.003,
2089, 
17.33833,
111.4112,
46.12876,
34.91851,
58.48248,
76.78053,
89.48636,
443.351,
221.0799,
18.50046,
145.4421,
27.63432,
60.24702,
8.965553,
32.52845,
40.94897,
126.4351,
428.2677,
27.08171,
277.0214,
184.4747,
88.78415,
42.06038,
10.85285,
276.9658,
141.6841,
0,
3036.872,
2090, 
17.37011,
111.5242,
45.65142,
34.87532,
56.67651,
76.57999,
89.61679,
447.9749,
222.7111,
18.4487,
145.5713,
27.53765,
60.37634,
8.937769,
32.57344,
40.89054,
126.4031,
426.6918,
27.02212,
273.5881,
184.3067,
88.55677,
41.97157,
10.8634,
277.7401,
142.7466,
0,
3037.206,
2091, 
17.39065,
111.5869,
45.15115,
34.81984,
54.65573,
76.24986,
89.69589,
452.3176,
224.2242,
18.3907,
145.6385,
27.45003,
60.47957,
8.910381,
32.60883,
40.82801,
126.3259,
425.9454,
26.95584,
270.4298,
184.0793,
88.28408,
41.87386,
10.86734,
278.3737,
143.7203,
0,
3037.253,
2092, 
17.41172,
111.6448,
44.6397,
34.76137,
54.11315,
75.81582,
89.77303,
456.5413,
225.6779,
18.33109,
145.7056,
27.36271,
60.59227,
8.932829,
32.64311,
40.76423,
126.2528,
425.7628,
26.8931,
267.3331,
183.8622,
88.00643,
41.77716,
10.87101,
278.9803,
144.6552,
0,
3039.105,
2093, 
17.43152,
111.6981,
44.25462,
34.70011,
53.8413,
75.28109,
89.84829,
460.6568,
227.0771,
18.26982,
145.7643,
27.27493,
60.69843,
8.913034,
32.67633,
40.69926,
126.1822,
425.4,
26.82815,
264.2917,
183.6371,
87.72371,
41.67205,
10.87444,
279.5577,
145.5548,
0,
3040.807,
2094, 
17.44987,
111.7474,
44.20992,
34.63626,
53.56666,
74.64954,
89.92172,
464.6741,
228.4263,
18.20699,
145.8138,
27.1866,
60.79625,
8.859116,
32.70854,
40.63316,
126.1136,
424.5707,
26.76036,
261.2995,
183.4019,
87.4362,
41.55766,
10.87764,
280.1075,
146.4221,
0,
3042.033,
2095, 
17.46703,
111.7929,
44.16402,
34.57001,
53.28942,
73.92557,
89.99339,
468.6017,
229.7298,
18.14273,
145.8556,
27.09781,
60.88752,
8.795372,
32.73976,
40.56596,
126.0468,
422.7718,
26.69032,
258.3514,
183.1584,
87.14427,
41.43606,
10.88062,
280.6319,
147.2601,
0,
3041.99,
2096, 
17.47538,
111.7985,
44.1035,
34.49736,
53.02025,
73.10207,
90.00798,
472.1823,
230.9067,
18.07324,
145.8348,
27.01263,
60.9547,
8.763892,
32.75672,
40.4837,
125.9259,
420.7889,
26.62006,
255.5553,
182.8709,
86.81853,
41.29987,
10.87863,
281.0487,
148.009,
0,
3040.79,
2097, 
17.48258,
111.8009,
44.0419,
34.42254,
52.74883,
72.19583,
90.02055,
475.6595,
232.0341,
18.00247,
145.8069,
26.92699,
61.01505,
8.731968,
32.77258,
40.40036,
125.8059,
418.4858,
26.54744,
252.7945,
182.5745,
86.48902,
41.16255,
10.87646,
281.4406,
148.7263,
0,
3038.966,
2098, 
17.48872,
111.8005,
43.97932,
34.34569,
52.47532,
71.2122,
90.03118,
479.0428,
233.1162,
17.93051,
145.7724,
26.84093,
61.06914,
8.69962,
32.7874,
40.31598,
125.6867,
416.0542,
26.47262,
250.065,
182.2698,
86.15598,
41.0245,
10.87411,
281.8094,
149.4148,
0,
3036.735,
2099, 
17.49389,
111.7975,
43.91578,
34.26693,
52.1998,
70.15796,
90.03997,
482.3402,
234.1565,
17.85744,
145.732,
26.75446,
61.11747,
8.666871,
32.80119,
40.23061,
125.5681,
413.2925,
26.39577,
247.3635,
181.9573,
85.81966,
40.88668,
10.87161,
282.1567,
150.0767,
0,
3033.917,
2100, 
17.49818,
111.792,
43.85134,
34.18641,
51.92242,
69.0406,
90.04697,
485.5589,
235.1583,
17.78334,
145.6861,
26.6676,
61.16051,
8.633741,
32.81402,
40.14426,
125.4499,
409.9799,
26.31704,
244.6869,
181.6374,
85.48028,
40.74893,
10.86896,
282.4839,
150.7144,
0,
3030.312];
