real main.em.dem.hi.Steel_Production[28](t) = [1971, 
11.04,
109.264,
3.821,
0.169,
5.997,
4.012,
0.568,
0,
0,
4.881,
154.475,
39.071,
1.235,
44.55631,
6.460629,
69.62006,
0.107,
6.101,
2.832,
21.765,
0.596,
0.01,
88.557,
6.897,
0,
0.519,
0,
582.554,
1972, 
11.863,
120.874,
4.431,
0.191,
6.518,
4.477,
0.681,
0,
0,
5.337,
168.084,
41.535,
1.557,
46.38529,
6.72583,
72.47788,
0.137,
6.856,
3.086,
23.84,
0.841,
0.03,
96.9,
6.908,
0,
0.552,
0,
630.287,
1973, 
13.388,
136.802,
4.76,
0.23,
7.15,
4.547,
0.86,
0,
0,
5.722,
181.397,
43.63,
1.354,
48.56145,
7.041371,
75.87817,
0.385,
6.889,
4.057,
26.95,
0.931,
0.05,
119.322,
7.889,
0,
0.6,
0,
698.394,
1974, 
13.623,
132.195,
5.138,
0.25,
7.515,
4.834,
0.805,
0,
0,
5.839,
188.438,
45.528,
1.59,
50.30438,
7.294094,
78.60153,
0.727,
7.068,
5.147,
27.321,
0.939,
0.08,
117.131,
8.007,
0,
0.62,
0,
708.995,
1975, 
13.025,
105.816,
5.272,
0.31,
8.387,
4.616,
0.851,
0,
0,
6.831,
156.54,
47.734,
1.703,
52.19725,
7.56856,
81.55919,
0.681,
7.991,
4.894,
27.43,
0.938,
0.1,
102.313,
8.054,
0,
0.62,
0,
645.431,
1976, 
13.29,
116.12,
5.298,
0.309,
9.253,
4.584,
0.958,
0,
0,
7.106,
165.691,
50.166,
1.972,
53.48256,
7.754929,
83.5675,
0.684,
9.364,
6.515,
23.048,
1.022,
0.139,
107.399,
8.016,
0,
0.62,
0,
676.359,
1977, 
13.631,
113.7,
5.601,
0.364,
11.253,
4.774,
1.167,
0,
0,
7.295,
157.065,
53.846,
1.902,
54.16585,
7.854004,
84.63515,
1.948,
10.009,
8.347,
25.94,
1.073,
0.25,
102.405,
7.556,
0,
0.65,
0,
675.431,
1978, 
14.899,
124.313,
6.711,
0.364,
12.205,
5.034,
1.33,
0,
0,
7.902,
165.1,
56.022,
2.172,
55.93167,
8.110047,
87.39428,
1.576,
10.099,
10.049,
35.682,
1.144,
0.31,
102.105,
7.821,
0,
0.85,
0,
717.124,
1979, 
16.078,
123.276,
7.005,
0.398,
13.893,
6.158,
1.55,
0,
0,
8.876,
175.079,
56.868,
2.396,
55.06409,
7.984248,
86.03867,
2.103,
10.126,
12.91,
39.15,
1.327,
0.518,
111.748,
8.348,
0,
0.89,
0,
747.784,
1980, 
15.901,
101.456,
7.156,
0.443,
15.337,
6.268,
1.541,
0.02,
0,
9.067,
162.483,
57.553,
2.536,
54.63713,
7.922339,
85.37154,
1.226,
9.514,
14.358,
40.698,
1.33,
0.543,
111.395,
7.819,
0.131,
0.875,
0,
715.581,
1981, 
14.811,
109.614,
7.663,
0.443,
13.226,
6.009,
1.752,
0.022,
0,
9.005,
159.964,
54.119,
2.425,
54.85356,
7.953722,
85.70972,
1.248,
10.765,
16.253,
38.921,
1.123,
0.621,
101.676,
7.856,
0.144,
0.761,
0,
706.938,
1982, 
11.871,
67.656,
7.056,
0.732,
12.995,
6.382,
2.054,
0.09,
0,
8.28,
144.433,
52.979,
3.183,
54.34978,
7.880674,
84.92255,
1.232,
10.997,
17.558,
41.482,
1.231,
0.693,
99.548,
6.623,
0.098,
0.608,
0,
644.934,
1983, 
12.832,
76.762,
6.978,
0.844,
14.671,
6.778,
2.041,
0.182,
0,
7.18,
143.196,
54.429,
3.834,
56.32871,
8.167618,
88.01467,
1.661,
10.237,
18.015,
45.222,
1.099,
0.983,
97.179,
5.91,
0.178,
0.722,
0,
663.444,
1984, 
14.699,
83.941,
7.56,
0.627,
18.386,
7.019,
1.856,
0.229,
0,
7.732,
156.085,
56.685,
4.33,
56.96361,
8.259678,
89.00671,
2.366,
10.549,
19.534,
48.886,
1.343,
1.171,
105.586,
6.582,
0.388,
0.498,
0,
710.282,
1985, 
14.637,
80.068,
7.399,
0.681,
20.455,
7.683,
2.609,
0.321,
0,
8.507,
157.437,
56.029,
4.864,
57.11984,
8.282331,
89.25082,
2.675,
11.936,
20.039,
52.28,
1.462,
1.374,
105.279,
6.836,
0.872,
0.806,
0,
718.902,
1986, 
14.081,
74.032,
7.225,
0.87,
21.233,
8.529,
2.652,
0.2,
0,
8.895,
147.327,
57.733,
5.928,
59.29305,
8.597445,
92.6465,
2.655,
12.197,
21.155,
57.933,
1.5,
1.729,
98.275,
6.961,
1.016,
0.749,
0,
713.412,
1987, 
14.737,
80.877,
7.642,
0.892,
22.228,
9.326,
3.162,
0.184,
0,
8.991,
145.011,
58.556,
7.044,
59.78686,
8.669047,
93.41809,
2.912,
13.121,
23.512,
62.115,
1.825,
2.059,
98.513,
6.509,
1.12,
0.672,
0,
732.882,
1988, 
14.866,
90.65,
7.779,
0.791,
24.657,
9.487,
3.587,
0.234,
0,
8.837,
159.984,
57.516,
7.982,
60.21641,
8.731331,
94.08926,
3.318,
14.309,
25.948,
67.614,
1.817,
1.85,
105.681,
6.847,
1.32,
0.677,
0,
778.788,
1989, 
15.458,
88.853,
7.85,
0.784,
25.017,
9.32,
3.35,
0.213,
0,
9.567,
161.825,
55.688,
7.852,
59.13017,
8.573828,
92.392,
3.676,
14.429,
28.803,
70.587,
1.995,
1.85,
107.909,
7.34,
1.32,
0.667,
0,
784.449,
1990, 
12.281,
89.726,
8.734,
0.708,
20.567,
8.718,
3.759,
0.275,
0.05,
8.619,
155.46,
47.165,
9.443,
57.0397,
8.27071,
89.1256,
4.065,
14.963,
30.125,
76.247,
3.001,
2.892,
110.339,
7.395,
0.9,
0.595,
0,
770.463,
1991, 
12.987,
79.738,
7.964,
0.701,
22.617,
8.291,
4.315,
0.307,
0.05,
9.358,
150.292,
35.334,
9.398,
49.06302,
7.114098,
76.66188,
4.778,
17.1,
31.001,
82.123,
3.164,
3.089,
109.649,
6.947,
0.958,
0.591,
0,
733.591,
1992, 
13.933,
84.322,
8.459,
0.773,
23.934,
8.363,
4.344,
0.257,
0.05,
9.061,
145.453,
31.291,
10.343,
43.483,
6.305,
67.943,
5.589,
18.117,
32.055,
91.79,
3.701,
2.949,
98.132,
7.561,
0.919,
0.557,
0,
719.684,
1993, 
14.387,
88.793,
9.199,
0.665,
25.207,
8.591,
4.747,
0.247,
0.05,
8.726,
145.942,
30.838,
11.519,
34.159,
4.852,
58.797,
6.875,
18.155,
36.526,
101.659,
4.199,
3.802,
99.623,
8.706,
1.054,
0.23,
0,
727.548,
1994, 
13.897,
91.244,
10.26,
0.786,
25.747,
9.21,
4.494,
0.115,
0.05,
8.525,
153.25,
33.423,
12.624,
25.594,
3.333,
48.993,
7.806,
19.282,
35.345,
104.357,
4.836,
3.22,
98.295,
9.192,
1.064,
0.163,
0,
725.105,
1995, 
14.415,
95.191,
12.147,
0.973,
25.076,
9.559,
4.584,
0.096,
0.05,
8.741,
157.045,
33.12,
13.183,
23.716,
3.395,
51.693,
8.133,
22.003,
37.372,
107.115,
6.324,
4.13,
101.64,
9.302,
1.016,
0.22,
0,
750.239,
1996, 
14.735,
95.535,
13.172,
1.009,
25.237,
10.632,
4.324,
0.073,
0.05,
7.999,
147.777,
32.376,
13.624,
23.864,
3.66,
49.355,
9.169,
23.753,
39.503,
113.687,
7.146,
4.109,
98.801,
9.223,
0.967,
0.212,
0,
749.992,
1997, 
15.553,
98.485,
14.218,
1.205,
26.153,
10.813,
4.213,
0.075,
0.05,
8.311,
161.241,
35.191,
14.475,
27.659,
4.268,
48.631,
9.929,
24.415,
43.154,
124.905,
6.765,
3.816,
104.545,
9.589,
0.97,
0.214,
0,
798.843,
1998, 
15.93,
98.658,
14.213,
1.139,
25.76,
10.361,
4.52,
0.06,
0.05,
7.956,
161.324,
32.371,
14.144,
26.592,
3.472,
43.883,
9.065,
23.48,
40.196,
131.502,
5.427,
2.699,
93.548,
9.697,
0.97,
0.212,
0,
777.229,
1999, 
16.235,
97.428,
15.299,
1.095,
24.996,
9.574,
4.429,
0.06,
0.05,
7.341,
156.667,
27.387,
14.313,
29.697,
4.443,
51.517,
9.779,
24.296,
41.342,
139.147,
5.245,
2.891,
91.192,
8.947,
0.93,
0.255,
0,
784.555,
2000, 
16.594,
101.803,
15.586,
1.324,
27.865,
11.25,
4.969,
0.06,
0.05,
8.481,
165.037,
31.04,
14.325,
34.177,
5.176,
59.136,
10.78,
26.924,
43.407,
144.132,
7.11,
2.848,
106.444,
7.831,
0.98,
0.267,
0,
847.596,
2001, 
15.276,
90.104,
13.3,
1.179,
26.717,
10.658,
5.789,
0.06,
0.05,
8.821,
160.137,
29.957,
14.981,
35.561,
5.088,
58.97,
11.69,
27.291,
44.152,
168.127,
7.527,
2.781,
102.866,
7.859,
1.13,
0.149,
0,
850.22,
2002, 
16.002,
91.587,
14.01,
1.35,
29.604,
11.255,
6.498,
0.06,
0.05,
9.095,
160.384,
30.662,
16.467,
36.048,
5.264,
59.902,
12.492,
28.814,
45.69,
200.479,
8.704,
2.462,
107.745,
8.292,
1,
0.105,
0,
904.021,
2003, 
15.927,
93.677,
15.178,
1.396,
31.147,
11.888,
6.547,
0.06,
0.05,
9.481,
162.677,
32.819,
18.298,
39.363,
5.397,
61.7,
13.443,
31.779,
46.61,
241.245,
9.141,
2.042,
110.511,
8.397,
1.03,
0.152,
0,
969.955,
2004, 
16.305,
99.681,
16.737,
1.298,
32.909,
12.966,
6.921,
0.1,
0.05,
9.5,
170.797,
33.712,
20.478,
41.542,
5.987,
65.833,
14.253,
32.626,
47.821,
300.085,
11.955,
3.682,
112.718,
8.299,
1.175,
0.135,
0,
1067.565,
2005, 
15.327,
94.897,
16.195,
1.212,
31.61,
13.708,
8.185,
0.16,
0.05,
9.494,
166.975,
31.01,
20.965,
41.684,
5.046,
66.476,
15.257,
45.78,
48.12,
374.732,
12.414,
3.675,
112.471,
8.646,
0.855,
0.107,
0,
1145.051,
2006, 
15.493,
98.557,
16.447,
1.294,
30.901,
14.397,
8.828,
0.16,
0.05,
9.718,
175.168,
34.51,
23.315,
43.89,
4.886,
71.13,
15.376,
49.45,
48.755,
443.081,
13.807,
3.759,
116.226,
8.691,
1.07,
0.024,
0,
1248.983,
2007, 
15.572,
98.102,
17.573,
1.372,
33.782,
14.45,
9.424,
0.16,
0.05,
9.098,
177.195,
35.382,
25.754,
46.205,
5.427,
72.537,
16.452,
53.08,
51.817,
515.802,
15.867,
4.016,
120.203,
8.784,
1.12,
0.023,
0,
1349.247,
2008, 
14.845,
91.35,
17.209,
1.089,
33.716,
13.665,
8.514,
0.16,
0.05,
8.246,
170.146,
31.543,
26.806,
40.753,
4.932,
68.66,
16.647,
57.791,
54.925,
532.221,
15.384,
3.915,
118.739,
8.424,
1.03,
0.023,
0,
1340.783,
2009, 
9.286,
58.196,
14.132,
0.964,
26.506,
11.27,
7.706,
0.16,
0.05,
7.484,
119.44,
22.534,
25.304,
32.652,
4.862,
60.131,
17.766,
63.527,
49.872,
592.884,
13.213,
3.501,
87.534,
6.014,
0.83,
0.023,
0,
1235.841,
2010, 
13.009,
80.495,
16.87,
1.188,
32.948,
10.945,
8.798,
0.16,
0.05,
7.617,
149.503,
26.522,
29.143,
36.202,
4.936,
67.062,
20,
68.976,
60.214,
658.498,
15.956,
3.664,
109.599,
8.149,
0.83,
0.023,
0,
1431.357,
2011, 
12.891,
86.398,
18.11,
1.276,
35.22,
12.944,
7.94,
0.16,
0.05,
7.546,
153.471,
27.84,
34.107,
38.259,
5.432,
68.972,
23.03,
73.471,
69.819,
722.146,
17.056,
3.621,
107.601,
7.248,
0.88,
0.023,
0,
1535.511,
2012, 
13.507,
88.695,
18.095,
1.311,
34.524,
11.855,
8.188,
0.16,
0.05,
6.938,
145.981,
26.161,
35.885,
35.997,
4.412,
70.546,
24.679,
77.561,
70.353,
737.206,
16.211,
2.254,
107.232,
5.805,
0.88,
0.023,
0,
1544.509,
2013, 
12.4,
87,
18.2,
1.311,
34.2,
5.2,
6.8,
0.16,
0.05,
7.2,
141.8,
20.7,
34.7,
35,
3.3,
69.4,
25.9,
81.2,
66,
801.3,
13.9,
2.6,
110.6,
4.7,
1.9,
0.023,
0,
1585.544,
2014, 
12.7,
88.2,
19,
1.311,
33.9,
5.5,
6.5,
0.16,
0.05,
6.6,
143.9,
21.9,
34,
29.7,
3.7,
71.5,
28,
87.3,
71.5,
845.8,
14.3,
4.4,
110.7,
4.6,
2.4,
0.023,
0,
1647.644,
2015, 
12.5,
78.9,
18.3,
1.311,
33.3,
5,
5.5,
0.16,
0.05,
7.6,
139.8,
22.4,
31.5,
25.5,
3.6,
71.1,
27.4,
89.6,
69.7,
825.2,
13.2,
4.9,
105.2,
4.9,
2.9,
0.023,
0,
1599.544,
2016, 
12.7,
78.5,
19,
1.311,
30.2,
4.1,
5,
0.16,
0.05,
6.1,
136.22,
22.3,
33.2,
26.4,
4.2,
70.5,
29.1,
95.5,
68.6,
808.7,
14.4,
4.8,
104.8,
5.3,
3.6,
0.023,
0,
1584.764,
2017, 
13.7,
81.6,
20,
1.311,
34.4,
4.6,
6.8,
0.16,
0.05,
6.3,
138.6,
23.5,
37.5,
25.1,
4.4,
71.3,
32.5,
101.4,
71.1,
854.9,
17.6,
4.8,
104.7,
5.3,
5,
0.023,
0,
1666.644,
2018, 
13.2985,
84.68059,
19.1935,
0.9743815,
33.48447,
6.843469,
8.961737,
0.605,
0.225,
6.22585,
137.0776,
25.14665,
35.62154,
24.4806,
4.600194,
71.61459,
39.54729,
106.3754,
71.59592,
936.1366,
24.53908,
6.682421,
101.9921,
5.729932,
6.717018,
0.2265,
0,
1772.576,
2019, 
12.897,
87.76118,
18.387,
0.637763,
32.56894,
9.086937,
11.12347,
1.05,
0.4,
6.1517,
135.5552,
26.7933,
33.74308,
23.8612,
4.800388,
71.92918,
46.59459,
111.3507,
72.09185,
1017.373,
31.47816,
8.564842,
99.28411,
6.159864,
8.434036,
0.43,
0,
1878.508,
2020, 
10.986,
72.73212,
16.80256,
0.509364,
31.41486,
7.271715,
12.80117,
1.05,
0.385,
3.8765,
119.8792,
23.59611,
35.81025,
23.56337,
4.8312,
71.82096,
48.40515,
100.2565,
67.80876,
1085.726,
32.64753,
12.87137,
83.18649,
6.076141,
9.333,
0.37,
0,
1884.011,
2021, 
12.97629,
85.79141,
18.45359,
0.640518,
36.07107,
9.495258,
15.57167,
1.05,
0.485,
5.0195,
137.8964,
26.76474,
40.36005,
24.41692,
5.548995,
77.30557,
50.09743,
118.2014,
71.08003,
1058.476,
37.7538,
14.83481,
96.33601,
6.42527,
10.96767,
0.42,
0,
1962.439,
2022, 
12.09757,
80.5354,
18.38633,
0.560328,
34.0895,
9.971719,
16.43181,
1.05,
0.45,
4.4025,
123.9235,
22.88337,
35.13378,
8.893232,
5.099587,
72.10544,
54.53187,
125.3772,
66.54617,
1039.881,
35.07412,
15.56786,
89.2268,
6.191218,
11.243,
0.41,
0,
1890.064,
2023, 
12.11104,
81.39223,
16.17971,
0.494195,
31.86875,
9.765679,
17.14286,
1.05,
0.45,
4.870989,
116.3068,
19.89046,
33.71368,
9.0277,
4.923303,
76.37865,
54.85159,
140.706,
67.38328,
1038.229,
34.21028,
16.8,
86.9988,
6.013748,
10.867,
0.41,
0,
1892.036,
2024, 
12.11864,
81.48006,
16.52323,
0.9845943,
31.71319,
10.5366,
18.14717,
1.193697,
0.5722058,
4.917113,
115.7337,
20.58455,
33.99969,
9.313085,
5.350392,
75.92033,
56.186,
154.9593,
66.5053,
1032.185,
37.83116,
19.06527,
85.70433,
5.976518,
12.57276,
0.4317442,
0,
1910.506,
2025, 
12.16729,
81.65411,
16.65649,
1.11543,
31.853,
10.86901,
19.41703,
1.252418,
0.6143262,
4.934737,
115.4385,
21.39317,
34.31781,
9.781244,
5.80971,
75.6297,
57.63163,
169.8524,
65.78487,
1026.631,
41.50904,
21.31569,
84.66753,
5.962776,
14.72381,
0.4434721,
0,
1931.426,
2026, 
12.16391,
81.63891,
17.11582,
1.131152,
31.95082,
10.80428,
20.90705,
1.334603,
0.652124,
4.950975,
114.6365,
21.9664,
34.68421,
9.954332,
6.188468,
75.44357,
59.0536,
185.2386,
64.94377,
1017.124,
45.47611,
23.45309,
83.74121,
5.955453,
18.13606,
0.4728253,
0,
1949.118,
2027, 
12.16095,
81.61951,
17.55642,
1.155355,
32.18652,
10.61952,
22.31987,
1.432599,
0.7018839,
4.968768,
113.8412,
22.50614,
35.01936,
10.14292,
6.540752,
75.47247,
60.41717,
199.8837,
64.29156,
1008.237,
48.43271,
25.33777,
83.20541,
5.947674,
20.6919,
0.5133358,
0,
1965.202,
2028, 
12.15947,
81.60513,
17.98442,
1.196043,
32.56057,
10.39762,
23.66826,
1.555464,
0.7705238,
4.990564,
112.9406,
23.01817,
35.32722,
10.35435,
6.87249,
75.71654,
61.73866,
213.8045,
63.82417,
999.9861,
50.01143,
27.05064,
83.05421,
5.939892,
22.78552,
0.5653527,
0,
1979.878,
2029, 
12.16249,
81.60234,
18.40709,
1.252473,
32.94998,
10.16091,
24.95736,
1.708373,
0.8570433,
5.019365,
111.9677,
23.5085,
35.60116,
10.57387,
7.196352,
75.93964,
63.03716,
226.9624,
63.39083,
991.6649,
51.36322,
28.66836,
82.95506,
5.933881,
24.81167,
0.6290723,
0,
1993.281,
2030, 
12.17166,
81.35412,
18.83065,
1.320755,
33.3928,
9.937689,
26.04888,
1.898813,
0.9645727,
5.058697,
110.9779,
23.97064,
35.84585,
10.81784,
7.519342,
76.15902,
64.33303,
239.4031,
63.00335,
983.1918,
52.68761,
30.23262,
82.92451,
5.933062,
26.84164,
0.7045668,
0,
2005.525,
2031, 
12.19868,
80.9356,
19.37102,
1.444709,
34.5673,
9.885055,
27.50977,
2.357516,
1.147248,
5.297717,
110.0758,
23.89276,
36.0429,
11.16803,
7.95025,
76.77002,
65.75889,
252.2905,
62.78247,
974.2461,
54.13595,
31.81676,
83.35931,
5.942233,
29.46284,
0.8411555,
0,
2021.25,
2032, 
12.17417,
80.56576,
19.9236,
1.604566,
35.75071,
9.926354,
28.92306,
2.836104,
1.353081,
5.544607,
109.2684,
23.71139,
36.21243,
11.55764,
8.386118,
77.30595,
67.21144,
264.4142,
62.55635,
964.9989,
55.6515,
33.39108,
83.76028,
5.958989,
32.05914,
1.002769,
0,
2036.049,
2033, 
12.15502,
80.2935,
20.49514,
1.800196,
36.94393,
10.09708,
30.31619,
3.375895,
1.590573,
5.803509,
108.5111,
23.54573,
36.35569,
11.998,
8.833944,
77.74013,
68.70959,
275.8176,
62.33186,
955.2781,
57.2348,
34.98297,
84.1074,
5.984719,
34.65163,
1.189143,
0,
2050.144,
2034, 
12.15852,
80.11392,
20.97892,
2.034315,
38.1677,
10.3857,
31.7058,
3.984593,
1.86103,
6.077947,
107.8304,
23.40225,
36.47476,
12.52786,
9.299435,
78.07779,
70.27106,
286.5609,
62.10637,
945.1475,
58.80813,
36.60975,
84.39121,
6.021369,
37.241,
1.399896,
0,
2063.638,
2035, 
12.18914,
80.04954,
21.38827,
2.303934,
39.43174,
10.766,
33.10419,
4.663422,
2.164178,
6.370597,
107.2737,
23.24315,
36.57097,
13.18863,
9.78793,
78.33559,
71.91048,
296.6951,
61.87981,
934.597,
60.35958,
38.28879,
84.72588,
6.070295,
39.8252,
1.634509,
0,
2076.818,
2036, 
12.23856,
80.00081,
21.86423,
2.650512,
41.15517,
11.34248,
34.85383,
5.669575,
2.60832,
6.808531,
106.816,
23.10507,
36.6,
13.87258,
10.31895,
78.67323,
73.7432,
307.3288,
61.7171,
923.2161,
61.85742,
40.12859,
85.23087,
6.133901,
42.95749,
1.972954,
0,
2092.864,
2037, 
12.30934,
80.04815,
22.36388,
3.036036,
42.90373,
12.03497,
36.59362,
6.740297,
3.087739,
7.256828,
106.4363,
23.01439,
36.61302,
14.27755,
10.87836,
78.97181,
75.3895,
317.32,
61.59574,
911.527,
63.40345,
42.01953,
85.66,
6.20919,
46.01921,
2.333596,
0,
2108.043,
2038, 
12.39253,
80.18272,
22.87036,
3.463593,
44.69563,
12.83857,
38.34063,
7.897631,
3.61077,
7.715777,
106.1468,
22.96364,
36.61056,
14.68008,
11.46667,
79.19002,
76.83218,
326.7109,
61.46995,
899.5107,
65.00514,
43.96005,
86.22212,
6.296076,
49.0377,
2.722934,
0,
2122.834,
2039, 
12.48394,
80.26968,
23.39308,
3.934883,
46.49115,
13.7512,
40.10025,
9.142761,
4.177501,
8.184551,
105.898,
22.94086,
36.59378,
15.07383,
12.08293,
79.33579,
78.29412,
335.5424,
61.36674,
887.2711,
66.68079,
45.95206,
86.66859,
6.393881,
52.0156,
3.14099,
0,
2137.18,
2040, 
12.59188,
80.42517,
23.93124,
4.449584,
48.30727,
14.78549,
41.86663,
10.47264,
4.786284,
8.661598,
105.7276,
22.96353,
36.56405,
15.42231,
12.72498,
79.40384,
79.7852,
343.8395,
61.26516,
874.7366,
68.40985,
47.99037,
87.11597,
6.501785,
54.94523,
3.586579,
0,
2151.26,
2041, 
12.71123,
80.72568,
24.54432,
5.050589,
50.38604,
16.02725,
43.9172,
12.3864,
5.676125,
9.227353,
105.6734,
23.04348,
36.48302,
15.81575,
13.38974,
79.51796,
81.27686,
352.3972,
61.17217,
861.5629,
70.09066,
50.06545,
87.67255,
6.621803,
58.49836,
4.225705,
0,
2168.159,
2042, 
12.84459,
81.07731,
25.18094,
5.682875,
52.44398,
17.3703,
45.92419,
14.37146,
6.609736,
9.787396,
105.6644,
23.14909,
36.39352,
16.20094,
14.07117,
79.59195,
82.73835,
360.3748,
61.08361,
848.2103,
71.72958,
52.14114,
88.20891,
6.749057,
61.9341,
4.888572,
0,
2184.422,
2043, 
12.97923,
81.36875,
25.81713,
6.345884,
54.45328,
18.80253,
47.89135,
16.45002,
7.597305,
10.33944,
105.6892,
23.3055,
36.29522,
16.54749,
14.76242,
79.58793,
84.17657,
367.8212,
60.9835,
834.8622,
73.33223,
54.19825,
88.67409,
6.881836,
65.28305,
5.581826,
0,
2200.027,
2044, 
13.12592,
81.75068,
26.47005,
7.038183,
56.37572,
20.28901,
49.81035,
18.62062,
8.636856,
10.88093,
105.7246,
23.59585,
36.18877,
16.87048,
15.45958,
79.52663,
85.6271,
374.7396,
60.83412,
821.2168,
74.97047,
56.22049,
88.99593,
7.017846,
68.54786,
6.304774,
0,
2214.839,
2045, 
13.27193,
82.08431,
27.12812,
7.752062,
58.20841,
21.8123,
51.67813,
20.87764,
9.725952,
11.40937,
105.7762,
23.87297,
36.07328,
17.20869,
16.15773,
79.36092,
87.09763,
381.1726,
60.64772,
807.7657,
76.61418,
58.2108,
89.08801,
7.155068,
71.74203,
7.055581,
0,
2228.947,
2046, 
13.41591,
82.39605,
27.79334,
8.523949,
60.16398,
23.41224,
53.73209,
24.04806,
11.26476,
11.96902,
105.8434,
24.11892,
35.91193,
17.51973,
16.86113,
79.27218,
88.5083,
387.6697,
60.52943,
793.6672,
78.21776,
60.12074,
89.24383,
7.293537,
75.55154,
8.106881,
0,
2245.156,
2047, 
13.55949,
82.70439,
28.44757,
9.300631,
61.97747,
25.02095,
55.70435,
27.30146,
12.85736,
12.50436,
105.9091,
24.37473,
35.74411,
17.79475,
17.55507,
79.04858,
89.94666,
393.6295,
60.28872,
779.6373,
79.85406,
61.97415,
89.23032,
7.430479,
79.23717,
9.185833,
0,
2260.219,
2048, 
13.70047,
83.01017,
29.10455,
10.09275,
63.64431,
26.65919,
57.59826,
30.66654,
14.51806,
13.01422,
105.9681,
24.67052,
35.57149,
18.01471,
18.23688,
78.75784,
91.40659,
399.0812,
59.99744,
765.6099,
81.53696,
63.75907,
89.07767,
7.564744,
82.81609,
10.30136,
0,
2274.379,
2049, 
13.84335,
83.31416,
29.75667,
10.91154,
65.17519,
28.33642,
59.41391,
34.14463,
16.24865,
13.49768,
106.017,
24.99191,
35.39606,
18.21564,
18.90152,
78.35633,
92.8684,
404.051,
59.69568,
751.6592,
83.24199,
65.46727,
88.83199,
7.695199,
86.2924,
11.45541,
0,
2287.779,
2050, 
13.98724,
83.61664,
30.38528,
11.75548,
66.54337,
30.05826,
61.15078,
37.73057,
18.04549,
13.95417,
106.0453,
25.31054,
35.21669,
18.3552,
19.5448,
77.87234,
94.30672,
408.5693,
59.28173,
737.5914,
84.97949,
67.09179,
88.3493,
7.820982,
89.70106,
12.64764,
0,
2299.912,
2051, 
14.11899,
83.88664,
31.00624,
12.63348,
67.89242,
31.81881,
62.98568,
42.49226,
20.42441,
14.41285,
106.0187,
25.6112,
34.9989,
18.48343,
20.1831,
77.38515,
95.68066,
413.0847,
58.78346,
723.1907,
86.69933,
68.63409,
87.81104,
7.939428,
93.65784,
14.22538,
0,
2314.059,
2052, 
14.24728,
84.14927,
31.6033,
13.50291,
69.09393,
33.57269,
64.71427,
47.19246,
22.79138,
14.8393,
105.973,
25.90833,
34.78042,
18.56686,
20.7929,
76.87783,
97.01221,
417.1421,
58.29421,
709.059,
88.46661,
70.0906,
87.23833,
8.051828,
97.47251,
15.78557,
0,
2327.219,
2053, 
14.37357,
84.40198,
32.17008,
14.36338,
70.14677,
35.31944,
66.34346,
51.8448,
25.15043,
15.23424,
105.908,
26.20792,
34.56076,
18.60509,
21.37335,
76.28304,
98.29233,
420.7664,
57.71325,
695.0415,
90.27524,
71.45163,
86.74123,
8.157778,
101.1674,
17.33252,
0,
2339.226,
2054, 
14.42943,
84.09329,
32.60638,
15.10672,
71.27591,
36.81635,
67.80386,
56.37143,
27.4488,
15.59829,
105.5999,
26.05498,
34.35238,
18.81508,
21.91834,
76.03568,
99.19421,
424.1269,
57.36374,
682.5084,
91.40798,
72.65688,
87.85903,
8.253059,
104.6248,
18.8449,
0,
2351.167,
2055, 
14.48637,
83.80639,
33.02121,
15.84759,
72.25963,
38.31492,
69.19054,
60.89079,
29.74552,
15.9328,
105.2753,
25.93273,
34.14566,
18.92855,
22.43459,
75.68907,
100.134,
427.097,
56.96921,
669.9305,
92.6723,
73.77986,
88.10731,
8.341572,
108.0092,
20.35419,
0,
2361.297,
2056, 
14.52793,
83.57533,
33.39064,
16.6052,
73.13557,
39.82391,
70.63353,
66.70366,
32.67257,
16.25632,
104.9178,
25.83428,
33.8992,
19.01558,
22.94215,
75.34012,
101.0691,
429.9136,
56.48223,
657.2539,
94.01419,
74.80708,
87.80746,
8.422038,
111.8547,
22.28042,
0,
2373.178,
2057, 
14.56213,
83.37063,
33.73045,
17.35101,
73.86066,
41.31554,
71.9932,
72.41833,
35.55758,
16.54918,
104.5442,
25.75776,
33.65266,
19.06236,
23.41695,
74.9075,
101.9737,
432.3498,
55.94435,
644.248,
95.38122,
75.76936,
87.33683,
8.495978,
115.5564,
24.17115,
0,
2383.277,
2058, 
14.59678,
83.15575,
34.05016,
18.08559,
74.42932,
42.79746,
73.27975,
78.05263,
38.40815,
16.8131,
104.1774,
25.72233,
33.40526,
19.07401,
23.86109,
74.35175,
102.8042,
434.4306,
55.30783,
631.5406,
96.78516,
76.66537,
86.68024,
8.564086,
119.1368,
26.03209,
0,
2392.208,
2059, 
14.63158,
82.96265,
34.35609,
18.8115,
74.89122,
44.27728,
74.49272,
83.62387,
41.22881,
17.04982,
103.8259,
25.70939,
33.16137,
19.05042,
24.27525,
73.7932,
103.614,
436.1801,
54.63293,
619.3041,
98.19864,
77.47691,
85.93787,
8.626296,
122.6038,
27.86924,
0,
2400.585,
2060, 
14.65794,
82.76034,
34.64054,
19.53021,
75.21568,
45.74813,
75.62214,
89.13937,
44.02064,
17.26109,
103.4278,
25.72603,
32.91668,
19.00146,
24.65947,
73.11717,
104.3935,
437.6289,
53.8911,
607.7076,
99.58669,
78.21006,
85.03165,
8.682163,
125.9577,
29.68508,
0,
2408.219,
2061, 
14.7254,
82.84126,
34.99123,
20.33279,
75.71841,
47.38649,
76.95982,
96.26081,
47.61538,
17.51193,
103.3016,
25.86063,
32.74469,
19.00086,
25.11172,
72.71449,
105.3354,
440.1922,
53.31261,
597.8019,
101.2704,
79.07928,
84.39186,
8.756948,
130.0716,
32.01408,
0,
2425.304,
2062, 
14.79362,
82.94392,
35.32329,
21.11135,
76.11597,
48.98636,
78.22064,
103.2306,
51.13576,
17.73974,
103.164,
26.0194,
32.57404,
18.97391,
25.53716,
72.2488,
106.242,
442.4862,
52.68992,
587.8159,
102.9788,
79.887,
83.62951,
8.826443,
134.0567,
34.28749,
0,
2441.019,
2063, 
14.85884,
83.0516,
35.64891,
21.85198,
76.41541,
50.51068,
79.41475,
110.0662,
54.58688,
17.9461,
103.03,
26.20128,
32.4048,
18.92069,
25.93805,
71.73101,
107.1162,
444.5307,
52.03111,
577.9275,
104.7142,
80.63141,
82.77991,
8.890955,
137.938,
36.50987,
0,
2455.647,
2064, 
14.92043,
83.16329,
35.9692,
22.5529,
76.63276,
51.95071,
80.54706,
116.7842,
57.97529,
18.13258,
102.8973,
26.40233,
32.2375,
18.84672,
26.31476,
71.18033,
107.9588,
446.3501,
51.34328,
568.1813,
106.4071,
81.30907,
81.87255,
8.9508,
141.6866,
38.68552,
0,
2469.252,
2065, 
14.97936,
83.28536,
36.27681,
23.21655,
76.78385,
53.30753,
81.61892,
123.3931,
61.3035,
18.30062,
102.7564,
26.61941,
32.07275,
18.76377,
26.66829,
70.62219,
108.7708,
447.9676,
50.64627,
558.6501,
107.9713,
81.91772,
80.94308,
9.006271,
145.2572,
40.81709,
0,
2481.916,
2066, 
15.0351,
83.4105,
36.55866,
23.84938,
76.90063,
54.57777,
82.63409,
131.169,
65.17586,
18.4522,
102.5922,
26.8441,
31.88314,
18.69424,
27.01025,
70.13628,
109.4658,
449.2032,
50.00858,
549.6259,
109.3339,
82.42579,
80.0987,
9.054345,
148.9362,
43.29811,
0,
2496.374,
2067, 
15.08883,
83.52901,
36.82714,
24.44403,
76.96924,
55.76043,
83.58148,
138.7388,
68.93817,
18.58661,
102.4154,
27.05127,
31.69779,
18.61795,
27.33046,
69.66201,
110.1317,
450.263,
49.37402,
540.8148,
110.5729,
82.88072,
79.25176,
9.098676,
152.4248,
45.70124,
0,
2509.752,
2068, 
15.141,
83.62365,
37.08374,
24.99688,
76.99786,
56.85117,
84.46107,
146.1087,
72.59756,
18.70522,
102.2333,
27.18933,
31.51668,
18.54167,
27.63065,
69.21371,
110.7697,
451.1645,
48.7523,
532.2849,
111.6942,
83.28709,
78.43918,
9.139548,
155.7353,
48.03028,
0,
2522.189,
2069, 
15.18815,
83.69341,
37.32833,
25.508,
76.99101,
57.85167,
85.28558,
153.2856,
76.15887,
18.80929,
102.0457,
27.2965,
31.3394,
18.4645,
27.91231,
68.78134,
111.3816,
451.9195,
48.13902,
523.9879,
112.7036,
83.64845,
77.64857,
9.177226,
158.8809,
50.28943,
0,
2533.716,
2070, 
15.22774,
83.74902,
37.55843,
25.97871,
76.95283,
58.76535,
86.06028,
160.2753,
79.62398,
18.89999,
101.8522,
27.37151,
31.16604,
18.38608,
28.17673,
68.36523,
111.9678,
452.5403,
47.54065,
515.9152,
113.608,
83.96777,
76.88544,
9.211955,
161.8695,
52.48142,
0,
2544.397,
2071, 
15.25724,
83.77541,
37.75249,
26.41085,
76.90022,
59.5805,
86.79189,
168.2664,
83.54916,
18.97603,
101.6515,
27.41426,
30.97548,
18.32609,
28.42809,
68.03159,
112.4515,
452.783,
47.00975,
508.4218,
114.3464,
84.20963,
76.24873,
9.240067,
164.9053,
54.96615,
0,
2556.67,
2072, 
15.28302,
83.79263,
37.92297,
26.80301,
76.82482,
60.31382,
87.47689,
175.9731,
87.32679,
19.03998,
101.4464,
27.42846,
30.78944,
18.26743,
28.66365,
67.72404,
112.9166,
452.9094,
46.50041,
501.1699,
114.9856,
84.41544,
75.64697,
9.26578,
167.7674,
57.35084,
0,
2568.005,
2073, 
15.30538,
83.79942,
38.07196,
27.15404,
76.73109,
60.96263,
88.11887,
183.4161,
90.96619,
19.09291,
101.2331,
27.41597,
30.60814,
18.20686,
28.88469,
67.44547,
113.3647,
452.9306,
46.01929,
494.1565,
115.529,
84.58749,
75.07249,
9.289324,
170.4645,
59.6424,
0,
2578.469,
2074, 
15.3245,
83.79599,
38.20431,
27.46549,
76.62265,
61.53051,
88.72222,
190.6125,
94.47498,
19.13579,
101.0128,
27.37854,
30.43125,
18.14572,
29.09238,
67.19341,
113.7839,
452.856,
45.55466,
487.3466,
115.983,
84.72847,
74.54277,
9.310914,
173.01,
61.84685,
0,
2588.106,
2075, 
15.3404,
83.78352,
38.32201,
27.74004,
76.50333,
62.02344,
89.28862,
197.5775,
97.85982,
19.16947,
100.7892,
27.31851,
30.25876,
18.09772,
29.28772,
66.97018,
114.1535,
452.6942,
45.11236,
480.7844,
116.3548,
84.84055,
74.06557,
9.330743,
175.4133,
63.96951,
0,
2597.049,
2076, 
15.3455,
83.72491,
38.40746,
27.97571,
76.37287,
62.42286,
89.81673,
205.3614,
101.5676,
19.19058,
100.5514,
27.24013,
30.07375,
18.06934,
29.47265,
66.83206,
114.413,
452.1491,
44.74507,
474.6633,
116.5957,
84.87863,
73.70544,
9.344113,
177.772,
66.30727,
0,
2606.999,
2077, 
15.3483,
83.6561,
38.48111,
28.17957,
76.2333,
62.75927,
90.31026,
212.8443,
105.1188,
19.20344,
100.3152,
27.14237,
29.8931,
18.04572,
29.6463,
66.72234,
114.6394,
451.5338,
44.39617,
468.7346,
116.769,
84.89338,
73.25466,
9.356152,
179.9895,
68.5411,
0,
2616.007,
2078, 
15.34947,
83.58358,
38.54445,
28.35389,
76.08046,
63.03858,
90.7723,
220.0574,
108.5272,
19.20881,
100.0845,
27.03259,
29.7166,
18.02597,
29.80965,
66.62479,
114.841,
450.8528,
44.05615,
462.9535,
116.8843,
84.8866,
72.78379,
9.367024,
182.0764,
70.68092,
0,
2624.193,
2079, 
15.34873,
83.50631,
38.59806,
28.50147,
75.91687,
63.26745,
91.20667,
227.0249,
111.8035,
19.20732,
99.86148,
26.91257,
29.54409,
18.00463,
29.96354,
66.53959,
115.0216,
450.1095,
43.72835,
457.3,
116.947,
84.86015,
72.37111,
9.37686,
184.046,
72.73489,
0,
2631.703,
2080, 
15.34574,
83.42198,
38.64211,
28.62548,
75.74386,
63.45264,
91.61597,
233.7662,
114.9567,
19.19976,
99.64806,
26.78334,
29.37558,
17.98457,
30.10891,
66.46847,
115.185,
449.3138,
43.41405,
451.8127,
116.962,
84.81686,
72.07854,
9.385869,
185.9076,
74.70956,
0,
2638.725,
2081, 
15.33129,
83.2897,
38.6607,
28.72283,
75.56754,
63.5779,
91.98975,
241.1752,
118.3371,
19.18584,
99.41536,
26.65568,
29.19872,
17.98005,
30.24899,
66.4537,
115.2863,
448.2238,
43.14989,
446.6558,
116.8849,
84.71629,
72.05121,
9.387991,
187.7039,
76.838,
0,
2646.688,
2082, 
15.31577,
83.15253,
38.67289,
28.80245,
75.38077,
63.67138,
92.341,
248.299,
121.5717,
19.16645,
99.19148,
26.52262,
29.02556,
17.97383,
30.38095,
66.4409,
115.3744,
447.0915,
42.89214,
441.6152,
116.7728,
84.60335,
72.20311,
9.389559,
189.3982,
78.86967,
0,
2654.119,
2083, 
15.29907,
83.01144,
38.67904,
28.86673,
75.18612,
63.73755,
92.67198,
255.173,
124.6755,
19.14214,
98.95328,
26.38375,
28.85629,
17.96605,
30.50558,
66.43781,
115.4519,
445.9209,
42.64254,
436.6771,
116.6305,
84.47914,
72.22149,
9.390674,
191.0002,
80.81536,
0,
2660.775,
2084, 
15.2816,
82.87046,
38.67994,
28.9186,
74.97864,
63.78195,
92.98576,
261.8273,
127.6623,
19.11333,
98.71465,
26.24073,
28.69017,
17.95652,
30.62349,
66.43173,
115.5207,
444.712,
42.39219,
431.792,
116.4647,
84.34552,
72.08294,
9.391407,
192.5236,
82.68488,
0,
2666.667,
2085, 
15.26406,
82.73389,
38.67652,
28.96033,
74.76075,
63.80914,
93.28414,
268.2823,
130.5418,
19.0806,
98.47974,
26.09591,
28.52752,
17.94501,
30.73555,
66.42555,
115.5826,
443.4719,
42.14724,
426.9183,
116.2847,
84.20473,
71.93798,
9.391918,
193.976,
84.48499,
0,
2672.003,
2086, 
15.23721,
82.56636,
38.6545,
28.98903,
74.541,
63.80475,
93.55643,
275.273,
133.5897,
19.04289,
98.21542,
25.9587,
28.36063,
17.94234,
30.84543,
66.45084,
115.6098,
442.0372,
41.92249,
422.4702,
116.0653,
84.01632,
71.842,
9.385977,
195.3894,
86.39536,
0,
2678.162,
2087, 
15.21128,
82.40823,
38.63095,
29.01163,
74.3065,
63.7908,
93.81585,
282.0162,
136.5157,
19.00169,
97.95809,
25.81781,
28.19658,
17.93403,
30.9495,
66.46173,
115.6338,
440.5777,
41.68569,
418.1581,
115.8469,
83.82406,
71.72477,
9.379987,
196.7396,
88.22382,
0,
2683.821,
2088, 
15.18612,
82.26058,
38.60648,
29.02902,
74.05787,
63.76864,
94.06418,
288.547,
139.3344,
18.95736,
97.70815,
25.67319,
28.03536,
17.92052,
31.04835,
66.45766,
115.6558,
439.0958,
41.44358,
413.8643,
115.6302,
83.62812,
71.58495,
9.374019,
198.0321,
89.98066,
0,
2688.945,
2089, 
15.16184,
82.12453,
38.58156,
29.04171,
73.79383,
63.73895,
94.30334,
294.8894,
142.0564,
18.91018,
97.4655,
25.52495,
27.87665,
17.90096,
31.14244,
66.43599,
115.6767,
437.5916,
41.19183,
409.4972,
115.4144,
83.42873,
71.41649,
9.368098,
199.2729,
91.67354,
0,
2693.479,
2090, 
15.1389,
82.00162,
38.55694,
29.05024,
73.51866,
63.70287,
94.53488,
301.0556,
144.6872,
18.86059,
97.23117,
25.37534,
27.72081,
17.87717,
31.23248,
66.40002,
115.6989,
436.0724,
40.93106,
405.1463,
115.2009,
83.22704,
71.2292,
9.36237,
200.4649,
93.30637,
0,
2697.584,
2091, 
15.10963,
81.86576,
38.52111,
29.05175,
73.24695,
63.64727,
94.73006,
307.6007,
147.4325,
18.80608,
96.97006,
25.24041,
27.56294,
17.85676,
31.32051,
66.37173,
115.6955,
434.4201,
40.67854,
401.1322,
114.971,
82.98447,
71.05892,
9.351663,
201.6177,
95.00996,
0,
2702.254,
2092, 
15.08183,
81.74183,
38.48708,
29.04936,
72.96568,
63.58623,
94.91783,
313.9155,
150.0687,
18.74948,
96.71797,
25.11401,
27.40782,
17.83149,
31.40447,
66.33525,
115.6956,
432.7588,
40.42416,
397.1523,
114.7432,
82.74151,
70.85145,
9.341249,
202.7207,
96.64092,
0,
2706.444,
2093, 
15.05504,
81.63138,
38.45494,
29.04359,
72.67299,
63.52069,
95.09887,
320.0277,
152.6068,
18.69097,
96.47486,
24.99594,
27.25511,
17.80212,
31.48469,
66.28367,
115.6997,
431.088,
40.16029,
393.192,
114.5192,
82.49826,
70.6266,
9.331133,
203.7777,
98.20702,
0,
2710.199,
2094, 
15.02934,
81.53387,
38.42497,
29.03507,
72.37032,
63.45158,
95.27479,
325.9638,
155.0586,
18.63092,
96.24132,
24.88086,
27.10506,
17.76836,
31.56185,
66.21709,
115.7066,
429.4128,
39.8866,
389.2207,
114.2969,
82.25554,
70.38837,
9.321436,
204.7962,
99.7163,
0,
2713.549,
2095, 
15.00506,
81.44687,
38.39718,
29.02387,
72.06291,
63.37912,
95.44541,
331.7312,
157.4269,
18.56948,
96.01714,
24.751,
26.95784,
17.73235,
31.63622,
66.14505,
115.7152,
427.7355,
39.6091,
385.2794,
114.0735,
82.0132,
70.14471,
9.312165,
205.7764,
101.1709,
0,
2716.558,
2096, 
14.97623,
81.34811,
38.3573,
29.00976,
71.76737,
63.29552,
95.57191,
337.7281,
159.8653,
18.50389,
95.76407,
24.62381,
26.80941,
17.69601,
31.70349,
66.06956,
115.6918,
425.996,
39.35095,
381.5495,
113.8388,
81.73953,
69.90953,
9.29934,
206.7288,
102.66,
0,
2719.854,
2097, 
14.94888,
81.26003,
38.31992,
28.99336,
71.46478,
63.20955,
95.69361,
343.5156,
162.2075,
18.43719,
95.51955,
24.49882,
26.66349,
17.65549,
31.76803,
65.9818,
115.6742,
424.2588,
39.08665,
377.8378,
113.6042,
81.46704,
69.65725,
9.286995,
207.6435,
104.0868,
0,
2722.741,
2098, 
14.9228,
81.18208,
38.28416,
28.97474,
71.15688,
63.12057,
95.8101,
349.1165,
164.4626,
18.36946,
95.28307,
24.37827,
26.52009,
17.61133,
31.83004,
65.8858,
115.6588,
422.5234,
38.81813,
374.1184,
113.3699,
81.1953,
69.39416,
9.2751,
208.5227,
105.4573,
0,
2725.242,
2099, 
14.89829,
81.11469,
38.25062,
28.95469,
70.84276,
63.02998,
95.92361,
354.5573,
166.6419,
18.30103,
95.05678,
24.26355,
26.37926,
17.56416,
31.89021,
65.77866,
115.6463,
420.7935,
38.54438,
370.4192,
113.1398,
80.92535,
69.1177,
9.263792,
209.3742,
106.7793,
0,
2727.451,
2100, 
14.87486,
81.05363,
38.21933,
28.93313,
70.52572,
62.93711,
96.03368,
359.8436,
168.7476,
18.23196,
94.84051,
24.15376,
26.24105,
17.51532,
31.94867,
65.66689,
115.6365,
419.07,
38.26883,
366.7515,
112.9129,
80.6562,
68.83835,
9.253055,
210.1972,
108.0542,
0,
2729.406];
