real main.em.ep.isp.StorCapTot[28](t) = [1971, 
565.3951,
2971.177,
36.59446,
18.78491,
56.40872,
70.02373,
51.0629,
35.66208,
10.54651,
188.871,
3517.749,
687.3421,
37.0469,
554.5444,
110.129,
1602.093,
123.6846,
163.0802,
43.73034,
188.3745,
28.22136,
2.395723,
680.6717,
110.138,
12.19796,
21.96154,
0,
11887.89,
1972, 
645.0688,
2972.251,
41.50166,
20.93335,
61.65432,
74.44071,
51.74794,
38.52648,
11.36496,
205.0731,
3674.055,
750.1613,
42.81575,
588.204,
113.1394,
1694.571,
139.7652,
170.4211,
47.06676,
206.8299,
32.03099,
2.769475,
727.324,
108.7564,
12.24841,
31.47324,
0,
12464.2,
1973, 
714.8793,
3245.513,
45.12904,
23.28801,
71.45206,
83.26349,
53.03821,
42.90488,
11.52976,
218.1332,
3939.446,
782.0963,
43.30836,
621.476,
121.257,
1793.058,
167.1888,
176.5149,
53.26481,
226.2014,
37.82163,
3.402416,
787.5419,
123.9528,
14.23783,
40.05233,
0,
13439.95,
1974, 
739.617,
3270.951,
57.15521,
24.33067,
79.61533,
91.07869,
56.71687,
43.03695,
11.14532,
233.6268,
4032.852,
831.0828,
49.12922,
657.2949,
130.0857,
1902.559,
187.3344,
185.125,
58.54874,
234.1879,
40.24559,
4.525861,
777.5819,
133.089,
16.01766,
50.52867,
0,
13897.46,
1975, 
720.2589,
3368.073,
60.57813,
24.18325,
85.77917,
95.43327,
64.4827,
48.26931,
11.62102,
251.1311,
4018.073,
869.3322,
58.9721,
594.8968,
115.7397,
1762.141,
217.4598,
205.5317,
65.46823,
277.4307,
41.9365,
5.138251,
794.8664,
138.1078,
17.97915,
53.18402,
0,
13966.07,
1976, 
770.7585,
3597.496,
64.31172,
27.33772,
98.87271,
102.9838,
73.92672,
50.18605,
13.48273,
263.2019,
4319.735,
923.6973,
67.05134,
621.9884,
122.5412,
1876.704,
256.201,
230.9854,
71.56219,
308.1046,
47.25456,
4.77154,
850.1547,
144.0277,
18.92257,
57.06328,
0,
14983.32,
1977, 
826.8419,
3718.35,
69.537,
29.62038,
109.0733,
112.7603,
84.54615,
54.89832,
14.17433,
263.2902,
4415.528,
962.5634,
75.1629,
638.9871,
126.6182,
1939.023,
324.3994,
246.0201,
78.31963,
336.4682,
52.46445,
5.964016,
885.7702,
151.5515,
20.37514,
62.08236,
0,
15604.39,
1978, 
887.1095,
3820.333,
76.83775,
31.27218,
120.7728,
118.3044,
95.17812,
53.05405,
14.90004,
274.8417,
4579.075,
1012.027,
80.17468,
659.3107,
130.9119,
2028.405,
366.1562,
270.5517,
86.85787,
383.7943,
54.30836,
8.35358,
926.9185,
156.1583,
22.89318,
60.27359,
0,
16318.77,
1979, 
929.9561,
3896.712,
82.37904,
32.64663,
135.3528,
131.9015,
106.4358,
61.22644,
15.30274,
288.9659,
4774.361,
1019.171,
81.7829,
675.0175,
179.9742,
2074.965,
423.5017,
274.483,
94.15851,
419.5962,
59.07816,
10.06794,
976.8931,
163.4906,
25.64357,
64.93886,
0,
16998,
1980, 
956.4401,
3946.016,
86.42717,
32.94049,
155.3963,
141.1154,
119.0098,
68.52971,
15.488,
313.1628,
4806.869,
1064.865,
84.21157,
706.547,
196.9572,
2234.769,
469.0094,
286.5391,
98.31493,
409.9123,
63.06873,
12.67404,
964.7715,
171.4247,
26.90315,
59.81703,
0,
17491.18,
1981, 
1005.637,
3978.001,
94.37599,
34.07544,
149.4849,
146.6924,
135.1373,
67.04079,
16.38064,
357.5253,
4854.481,
1072.632,
88.23033,
724.8632,
202.0441,
2363.664,
556.1653,
314.4401,
105.4366,
414.079,
67.09756,
12.48827,
974.1904,
182.504,
28.78546,
56.63546,
0,
18002.09,
1982, 
987.376,
3880.227,
98.61836,
35.28513,
156.7313,
148.8027,
147.991,
74.62556,
17.73814,
375.8698,
4845.105,
1087.203,
96.21159,
740.2025,
209.2758,
2456.043,
659.3551,
335.5447,
111.1757,
441.7136,
71.90279,
15.20374,
963.9808,
185.5104,
30.88328,
56.61477,
0,
18229.19,
1983, 
1031.829,
3968.32,
97.85432,
37.51384,
162.191,
155.9216,
163.2696,
69.42338,
18.88261,
382.6068,
4959.604,
1135.895,
100.5357,
761.1735,
215.9352,
2584.444,
675.0314,
359.1055,
121.1526,
477.77,
78.58777,
17.83739,
1017.419,
190.0779,
34.33382,
55.45483,
0,
18872.17,
1984, 
1112.393,
4149.269,
106.0196,
38.59481,
181.4791,
160.5078,
180.2275,
64.49085,
18.91038,
423.2174,
5139.854,
1186.7,
113.5289,
791.02,
225.1806,
2748.781,
727.5204,
397.1645,
130.4102,
501.5546,
84.75751,
20.98391,
1070.48,
203.079,
38.73754,
54.67818,
0,
19869.54,
1985, 
1179.833,
4229.867,
92.49202,
38.04957,
196.5491,
163.4609,
193.5774,
78.16955,
20.26863,
437.8152,
5329.465,
1188.373,
123.9645,
811.0883,
232.8396,
2853.368,
780.3828,
435.9334,
140.4291,
536.3404,
89.56615,
21.78817,
1111.734,
217.9633,
41.83033,
56.73052,
0,
20601.88,
1986, 
1207.455,
4229.596,
104.1319,
40.66998,
207.8596,
185.0597,
191.155,
81.83199,
21.51568,
449.8878,
5414.227,
1243.174,
142.13,
829.8746,
236.665,
2981.992,
850.5414,
476.1934,
151.5424,
589.0726,
92.69881,
30.70439,
1127.34,
225.155,
46.27349,
58.01381,
0,
21214.76,
1987, 
1287.346,
4307.618,
112.7816,
43.03093,
210.6672,
199.0593,
204.4468,
85.30698,
23.22854,
460.6875,
5591.132,
1267.558,
159.0826,
861.4124,
238.3871,
3101.597,
869.8829,
516.6104,
168.4137,
650.562,
99.93712,
35.58558,
1201.88,
237.4181,
51.22211,
56.57265,
0,
22041.43,
1988, 
1317.601,
4485.579,
114.9625,
43.28976,
218.6441,
224.9127,
222.851,
89.60381,
24.72714,
478.0977,
5834.881,
1260.16,
166.9059,
888.7118,
242.7628,
3178.834,
1000.788,
568.7565,
190.5084,
711.4704,
109.4264,
37.58635,
1269.82,
248.0657,
58.79735,
62.57767,
0,
23050.32,
1989, 
1289.861,
4893.241,
122.4743,
46.22725,
232.5741,
214.7347,
233.3084,
93.53585,
26.15715,
488.6958,
6019.265,
1276.096,
179.9641,
905.0896,
244.2434,
3414.739,
1020.843,
621.5188,
207.7761,
764.8552,
120.0925,
41.58057,
1349.992,
266.1708,
61.33344,
60.02783,
0,
24194.4,
1990, 
1248.923,
4996.51,
126.6275,
46.67552,
222.7843,
231.7873,
241.5084,
95.24791,
30.09749,
496.6354,
6149.64,
1207.738,
198.7653,
976.1939,
302.8518,
3335.863,
1092.569,
668.2442,
223.1395,
812.6366,
132.1669,
49.3932,
1474.732,
272.8995,
66.75584,
66.80064,
0,
24767.19,
1991, 
1322.582,
5039.188,
130.3356,
45.41085,
236.9313,
218.2244,
254.7627,
97.35522,
32.05352,
497.3921,
6288.614,
1153.288,
202.6361,
900.0445,
259.4619,
3111.432,
1209.783,
727.5938,
235.3253,
971.8291,
142.6066,
55.89296,
1523.495,
280.5987,
71.60429,
73.61726,
0,
25082.06,
1992, 
1353.476,
5126.519,
133.4971,
47.92377,
243.2849,
225.7323,
269.3197,
101.0519,
33.28563,
509.8241,
6333.01,
1069.556,
228.556,
767.144,
240.8649,
2692.239,
1286.646,
760.2409,
250.2568,
1072.993,
154.5308,
61.07423,
1541.729,
286.2253,
78.65116,
63.69321,
0,
24931.32,
1993, 
1400.563,
5249.736,
134.8813,
48.92027,
253.0582,
238.422,
291.4167,
101.4239,
34.52805,
531.0497,
6345.888,
1065.244,
250.8167,
696.7232,
202.9228,
2721.993,
1325.593,
802.9744,
277.3294,
1107.48,
170.4296,
68.27345,
1559.137,
295.4307,
82.07779,
65.12054,
0,
25321.43,
1994, 
1477.74,
5385.002,
145.1323,
52.48501,
260.181,
253.1848,
311.2737,
101.4193,
35.25368,
549.5348,
6480.928,
1126.464,
263.8955,
633.2929,
199.9057,
2400.916,
1409.66,
861.7704,
311.3709,
1201.65,
192.435,
75.92519,
1631.347,
304.684,
86.29107,
63.12724,
0,
25814.87,
1995, 
1493.11,
5534.945,
147.7849,
55.38862,
273.2014,
265.2028,
329.222,
107.2398,
38.50672,
556.9418,
6651.219,
1130.273,
295.0763,
664.5671,
198.3401,
2395.043,
1480.045,
934.5535,
347.3756,
1307.701,
213.3443,
88.07111,
1658.251,
313.2729,
91.7474,
64.51295,
0,
26634.94,
1996, 
1537.462,
5668.93,
140.9612,
58.28796,
286.8224,
277.5948,
372.0617,
111.7164,
40.29938,
581.1083,
6757.418,
1244.485,
320.8386,
666.6448,
191.592,
2365.099,
1541.957,
986.04,
385.0984,
1373.27,
232.3765,
102.2019,
1706.595,
319.944,
96.16563,
58.25499,
0,
27423.22,
1997, 
1560.221,
5803.378,
151.9125,
63.07049,
301.7194,
299.8334,
400.5715,
112.182,
43.42894,
602.0753,
6891.858,
1267.573,
349.6754,
660.5526,
188.0473,
2327.508,
1667.711,
1040.008,
421.0998,
1455.938,
248.8287,
107.9072,
1745.37,
330.4466,
99.83031,
61.12849,
0,
28201.88,
1998, 
1541.175,
5943.437,
163.3221,
67.65079,
311.0638,
315.9265,
427.6834,
109.5607,
44.64923,
593.2267,
7045.218,
1285.672,
372.6056,
634.7513,
181.0235,
2355.972,
1881.151,
1113.368,
412.9661,
1525.535,
245.3198,
111.2143,
1748.84,
349.9438,
103.4804,
79.89674,
0,
28964.65,
1999, 
1573.02,
6057.218,
172.6933,
72.95951,
323.1105,
316.3152,
453.2419,
115.0245,
45.9561,
591.721,
7125.812,
1259.25,
385.2367,
658.7606,
177.9125,
2419.096,
1803.323,
1195.807,
459.5851,
1588.837,
262.3447,
129.8588,
1774.826,
368.7704,
103.3469,
86.47496,
0,
29520.5,
2000, 
1619.701,
6344.324,
183.8833,
74.66224,
335.002,
332.5786,
482.4183,
118.6216,
47.63601,
619.6481,
7151.987,
1339.135,
416.5612,
651.3626,
181.3994,
2538.943,
1817.155,
1262.908,
543.8875,
1795.028,
284.8007,
139.9345,
1849.401,
380.1145,
112.7044,
94.1105,
0,
30717.91,
2001, 
1579.724,
6036.887,
189.3477,
76.66696,
328.1645,
330.7645,
510.2705,
126.1314,
49.84194,
599.1876,
7134.575,
1460.221,
422.606,
693.5787,
174.0278,
2652.393,
1899.68,
1311.283,
580.7723,
1977.981,
302.5651,
147.7656,
1831.397,
404.1635,
126.4622,
106.0162,
0,
31052.47,
2002, 
1601.055,
6216.248,
192.1722,
79.94652,
348.0615,
326.7025,
534.3167,
133.9978,
49.98487,
648.2745,
6969.003,
1395.987,
446.0656,
689.3322,
177.368,
2560.416,
1972.567,
1351.733,
620.5956,
2141.593,
320.7812,
156.4853,
1867.594,
404.7896,
133.3852,
112.9533,
0,
31451.41,
2003, 
1558.796,
6273.961,
235.2676,
81.74722,
362.1778,
343.3486,
561.4773,
132.2992,
52.97656,
678.6013,
6901.652,
1404.014,
481.7314,
713.9355,
188.6367,
2608.962,
2073.951,
1442.437,
647.3806,
2454.234,
346.7342,
163.4594,
1866.122,
387.5928,
141.6298,
108.1267,
0,
32211.25,
2004, 
1581.591,
6482.581,
234.6699,
82.24966,
387.3919,
366.2629,
594.933,
146.1337,
57.44487,
701.2502,
6820.224,
1486.907,
514.2941,
746.0732,
195.4836,
2691.516,
2209.006,
1535.663,
682.5542,
2814.318,
370.2744,
174.5397,
1920.665,
398.1606,
153.0503,
116.0428,
0,
33463.28,
2005, 
1543.356,
6485.07,
246.4156,
86.55458,
398.6024,
380.9649,
608.4149,
155.1086,
62.00373,
710.2116,
6720.512,
1461.462,
545.5726,
724.3607,
200.2108,
3037.683,
2217.365,
1633.547,
726.4239,
3182.87,
399.2438,
186.3798,
1963.701,
398.9589,
164.7538,
124.8802,
0,
34364.63,
2006, 
1485.213,
6463.303,
253.2962,
91.61388,
416.582,
403.14,
644.9697,
164.3274,
65.99174,
744.0087,
6568.687,
1483.862,
585.7957,
756.8807,
204.8184,
3049.432,
2345.201,
1768.168,
748.8385,
3651.784,
421.8097,
189.6916,
1991.339,
401.0238,
174.3476,
127.9803,
0,
35202.11,
2007, 
1573.773,
6502.168,
263.0877,
94.19646,
441.5484,
412.9192,
714.1276,
173.6482,
71.88729,
762.2806,
6336.555,
1474.387,
633.5244,
769.5411,
213.2782,
3064.968,
2528.98,
1898.924,
790.6586,
4199.044,
446.9742,
193.6407,
2051.419,
418.6761,
180.2939,
131.2576,
0,
36341.76,
2008, 
1562.951,
6384.741,
266.92,
92.65521,
459.9484,
440.0783,
746.6765,
177.1564,
71.80117,
759.2958,
6237.505,
1472.688,
642.1831,
728.6863,
195.7457,
3118.581,
2638.011,
1827.456,
844.0995,
4642.79,
458.0624,
197.9534,
1982.131,
418.621,
187.7509,
133.4353,
0,
36687.92,
2009, 
1492.392,
6045.007,
263.382,
92.52688,
464.9546,
445.2896,
850.6191,
184.5091,
78.42539,
740.5822,
5746.563,
1416.712,
627.3519,
628.9778,
187.6835,
2938.212,
2909.683,
1962.636,
881.7267,
5356.225,
481.1093,
202.3488,
1971.888,
402.6635,
195.7019,
144.9068,
0,
36712.08,
2010, 
1481.226,
6198.587,
278.3769,
96.71484,
516.4615,
440.7814,
922.837,
198.7335,
89.27409,
771.6155,
6003.642,
1452.421,
678.7725,
646.9493,
207.1072,
2950.163,
3046.221,
2117.699,
951.6053,
6457.085,
525.5302,
218.2652,
2038.695,
424.6628,
202.2233,
152.9939,
0,
39068.64,
2011, 
1542.538,
5994.971,
308.0071,
101.2387,
535.3812,
455.5748,
951.6057,
205.3538,
104.2146,
779.2145,
6056.723,
1455.134,
738.9441,
658.1883,
200.361,
3015.488,
3174.039,
2348.916,
991.4028,
7878.211,
553.1151,
232.4643,
2104.476,
424.6576,
215.447,
156.223,
0,
41181.89,
2012, 
1500.009,
5971.22,
321.3286,
105.0393,
564.7498,
486.5066,
1013.446,
211.2207,
116.3336,
774.6719,
6246.794,
1384.532,
798.6323,
660.6943,
213.3771,
3021.994,
3386.307,
2475.7,
1032.806,
9029.801,
613.0059,
243.2937,
2215.26,
444.0895,
232.0977,
160.3326,
0,
43223.24,
2013, 
1409.239,
6037.588,
315.717,
110.4068,
588.5509,
522.5303,
1073.294,
236.7999,
127.3875,
782.677,
5995.31,
1364.06,
810.4157,
640.9208,
256.1672,
3033.942,
3584.153,
2651.429,
1079.614,
10682.44,
676.5652,
267.8756,
2610.019,
474.8314,
262.2715,
168.6618,
0,
45762.87,
2014, 
1365.224,
6140.879,
333.3417,
114.7688,
625.7955,
526.2805,
1142.269,
251.1705,
145.0017,
890.0177,
6023.584,
1330.002,
855.1353,
602.1039,
234.0187,
3058.502,
3884.258,
2973.902,
1139.888,
12521.97,
781.7025,
287.6436,
2998.309,
484.7793,
285.3292,
191.2875,
0,
49187.16,
2015, 
1274.214,
6377.304,
347.1738,
125.4044,
629.0385,
565.3804,
1280.286,
275.4929,
164.1555,
934.1093,
5607.855,
1287.445,
910.8051,
551.8533,
243.0989,
3075.235,
4340.049,
3256.795,
1229.526,
14739.56,
872.9019,
306.1872,
3803.149,
522.5348,
305.7786,
201.0295,
0,
53226.37,
2016, 
1251.562,
6621.862,
368.3535,
128.7144,
663.5331,
573.3879,
1403.135,
284.7196,
174.6081,
1036.019,
5836.625,
1305.227,
1026.159,
549.933,
287.4857,
3078.872,
4783.117,
3655.292,
1321.892,
16879.22,
1040.524,
330.7337,
4328.36,
565.327,
355.6433,
195.4317,
0,
58045.74,
2017, 
1289.851,
7077.683,
373.0431,
128.2261,
709.3212,
574.2794,
1447.073,
301.5231,
185.5518,
1132.549,
6028.534,
1305.933,
1110.031,
561.6414,
363.893,
3135.959,
4878.128,
4116.989,
1447.866,
20094.53,
1134.042,
352.2615,
4835.717,
624.6149,
402.6207,
211.5141,
0,
63823.38,
2018, 
1250.175,
7531.317,
395.1308,
135.5808,
740.4871,
583.8219,
1626.277,
331.4263,
220.975,
1267.015,
6398.774,
1478.155,
1814.912,
606.0884,
376.3839,
3125.751,
4867.069,
4718.585,
1605.271,
23550.63,
1237.884,
410.4019,
5307.647,
761.3094,
438.9886,
235.2515,
0,
71015.31,
2019, 
1289.81,
7838.308,
367.8568,
140.8391,
791.7881,
554.0856,
1767.377,
359.2981,
252.3991,
1301.575,
7146.568,
1396.328,
1942.851,
671.1516,
411.2558,
3166.191,
5511.382,
5118.683,
1826.69,
26583.34,
1583.601,
449.7093,
5741.272,
924.3891,
468.3812,
264.1583,
0,
77869.28,
2020, 
1266.55,
8122.854,
374.7699,
132.5053,
766.6927,
548.6738,
1824.576,
383.1367,
264.8426,
1349.691,
7756.191,
1480.698,
2091.997,
698.7318,
372.8579,
3061.934,
5928.16,
5237.908,
2062.959,
30851.87,
1929.268,
452.6929,
6217.805,
1111.114,
494.0402,
267.8814,
0,
85050.4,
2021, 
1286.084,
9222.867,
402.3939,
145.0055,
845.4611,
616.356,
1931.166,
412.3447,
294.7622,
1424.947,
8084.316,
1661.587,
2357.161,
718.8264,
459.4185,
3203.402,
6338.019,
5795.054,
2411.624,
36245.55,
2575.466,
488.0424,
6729.805,
1361.314,
560.8054,
292.6882,
0,
95864.47,
2022, 
1312.268,
10148.68,
463.3951,
154.6708,
893.3688,
615.6005,
1967.647,
491.7171,
333.1204,
1427.597,
8851.687,
1803.716,
2605.153,
601.1554,
504.2389,
3172.092,
7294.191,
6718.333,
2581.103,
40256.16,
2729.154,
533.3738,
7050.552,
1587.256,
641.9487,
365.403,
0,
105103.6,
2023, 
1299.205,
11553.58,
482.3617,
161.3623,
958.0314,
632.0856,
2116.1,
575.968,
356.044,
1441.503,
9752.729,
1992.729,
2846.885,
623.046,
569.1981,
3217.62,
8108.241,
7413.734,
2778.125,
48747.59,
2911.278,
587.0931,
7291.883,
1816.422,
671.0474,
389.4835,
0,
119293.3,
2024, 
1121.542,
13538.04,
506.0213,
168.5973,
994.8251,
658.9305,
2290.328,
640.7671,
384.4066,
1502.252,
10616.84,
2261.02,
3842.172,
566.4164,
628.6929,
3202.676,
8663.567,
8595.404,
2862.375,
57087.41,
3081.106,
631.259,
7437.463,
2140.612,
728.4355,
422.2615,
0,
134573.4,
2025, 
1123.562,
15835.09,
510.9623,
220.7566,
1125.642,
700.1821,
2435.272,
715.782,
564.1267,
1792.126,
11557.46,
2473.195,
4095.184,
593.3018,
679.8627,
3188.872,
14338.17,
10807.71,
3166.798,
60759.43,
3396.487,
1067.019,
8367.836,
2532.688,
906.0492,
465.5762,
0,
153419.1,
2026, 
1085.628,
17230.49,
527.9481,
234.1551,
1133.732,
726.8066,
2397.262,
797.2456,
718.5671,
1679.882,
12473.82,
2685.08,
4026.625,
639.7603,
975.657,
3179.035,
13927.24,
12710.08,
3217.394,
71742.09,
3682.869,
1229.494,
8597.693,
2850.126,
1107.506,
481.5937,
0,
170057.8,
2027, 
1056.562,
18598.16,
551.2642,
270.7434,
1145.818,
763.5898,
2373.819,
996.4734,
898.6093,
1579.141,
13338.17,
2885.565,
4071.921,
706.8135,
1382.003,
3168.729,
14767.4,
14822.66,
3367.52,
80412.59,
4172.031,
1899.247,
8880.428,
3261.091,
1396.735,
494.1755,
0,
187261.3,
2028, 
1077.873,
19547.82,
594.2253,
318.7703,
1158.492,
799.9315,
2329.077,
1297.352,
1077.63,
1500.229,
14409.39,
3193.009,
4176.332,
773.9747,
1882.961,
3149.764,
16155.02,
17323.28,
3395.536,
91132.28,
5080.015,
2841.926,
9303.358,
3695.77,
1863.166,
512.7209,
0,
208589.9,
2029, 
1151.501,
20589.64,
642.2288,
368.9671,
1181.028,
917.5071,
2289.904,
1657.39,
1206.784,
1448.993,
15510.57,
3513.116,
4417.705,
820.1005,
2368.717,
3137.231,
17430.65,
20036.97,
3429.581,
101648.6,
6181.744,
3777.744,
9637.378,
4272.98,
2318.063,
524.5548,
0,
230479.6,
2030, 
1151.652,
21579.88,
696.2919,
434.3807,
1195.965,
1026.57,
2202.082,
2030.221,
1280.793,
1422.119,
16121.2,
3785.714,
4711.097,
884.957,
3095.669,
3135.544,
17439.87,
22749.35,
3449.479,
111367.4,
7301.57,
4594.633,
9985.467,
4923.954,
2729.865,
514.6273,
0,
249810.4,
2031, 
1168.079,
22705.31,
808.0868,
540.8422,
1221.845,
1161.202,
2213.349,
2260.844,
1337.627,
1416.649,
16898,
4033.459,
4887.278,
947.7513,
3940.667,
3112.639,
17352.58,
25449.72,
3540.159,
122283.1,
8397.303,
5301.21,
10260.43,
5518.967,
3128.794,
494.1799,
0,
270380.1,
2032, 
1233.528,
24395.62,
926.1213,
723.9938,
1296.338,
1356.973,
2315.112,
2359.411,
1312.279,
1436.721,
17837.41,
4312.89,
5080.188,
1011.941,
4681.143,
3107.561,
17057.52,
28085.87,
3612.695,
134933.5,
9561.525,
5492.792,
10542.47,
6157.722,
3502.696,
460.0683,
0,
292794.1,
2033, 
1286.029,
26119.15,
1013.588,
930.9757,
1386.623,
1598.277,
2607.118,
2406.82,
1217.935,
1480.478,
19611.32,
4580.504,
5221.524,
1059.116,
5261.124,
3065.467,
16592.11,
31591.66,
3698.079,
147892.6,
10669.29,
5751.77,
10715.71,
6803.146,
3878.023,
404.6331,
0,
316843.1,
2034, 
1400.017,
27834.61,
1052.224,
1173.366,
1486.807,
1905.915,
3020.577,
2407.73,
1097.523,
1441.009,
25950.03,
4831.971,
5256.063,
1117.268,
5703.015,
3056.871,
16181.78,
37670.11,
3816.638,
167027.9,
11842.75,
6099.597,
10751.77,
7502.525,
4369.223,
347.2507,
0,
354344.6,
2035, 
1573.323,
29555.64,
1081.676,
1438.265,
1614.844,
3550.655,
3398.727,
2376.052,
948.9956,
1341.855,
32936.02,
5060.158,
5266.007,
1168.745,
6091.32,
3051.438,
15861.22,
45145.51,
3942.833,
188477.4,
13170.51,
6591.995,
10648.92,
8278.415,
5143.139,
278.9492,
0,
397992.6,
2036, 
1789.599,
31852.96,
1110.893,
1778.946,
1828.02,
5988.591,
4056.352,
2723.195,
947.2144,
1442.365,
39726.47,
5565.032,
5862.729,
1217.841,
6676.562,
3051.025,
17676.45,
52317.33,
4055.427,
210897.2,
14586.49,
7108.837,
10492.53,
9126.829,
6147.682,
315.4225,
0,
448342,
2037, 
1999.161,
34829.21,
1145.614,
2203.59,
1924.597,
8948.525,
4705.191,
3101.958,
950.0905,
1542.795,
45518.48,
6321.875,
6470.718,
1275.162,
7300.641,
3055.693,
19286.22,
60024.92,
4134.052,
232221.3,
16178.33,
7688.663,
10256.16,
9771.508,
7394.56,
360.692,
0,
498609.7,
2038, 
2237.634,
38495.07,
1189.822,
2792.797,
1944.532,
12990.52,
5282.907,
3506.359,
954.4564,
1641.091,
51053.53,
7275.837,
7050.611,
1356.546,
8383.104,
3065.567,
21063.62,
68896.88,
4240.288,
268236.5,
17871.27,
8280.088,
10540.97,
10414.54,
8854.318,
425.5149,
0,
568044.4,
2039, 
2439.443,
42740.04,
1238.651,
4432.261,
1965.927,
18266.65,
5793.207,
3930.421,
973.9761,
1740.056,
55617.86,
8587.129,
7638.333,
1469.223,
9783.184,
3082.427,
22822.78,
87728.75,
4375.75,
326669.5,
19686.71,
8872.777,
10592.17,
11077.16,
10457.63,
486.0164,
0,
672468.1,
2040, 
2652.235,
50881.43,
1297.703,
6669.994,
2009.449,
23957.42,
6235.903,
4369.702,
1005.157,
1855.719,
58470.52,
10600.72,
8243.941,
1592.854,
11434.22,
3115.704,
24779.65,
115700.5,
4546.523,
371165,
21623.43,
9527.354,
10559.77,
11752.33,
12236.78,
562.0247,
0,
776846.1,
2041, 
3088.086,
61956.65,
1363.723,
8610.9,
2066.868,
26545.42,
6683.993,
4829.777,
1044.825,
2028.468,
59926.49,
13291.95,
8946.246,
1714.106,
15456.2,
3187.796,
26349.84,
147471,
4746.55,
425112,
23762.63,
10312.6,
10602.73,
12468.82,
14316.52,
645.2192,
0,
896529.4,
2042, 
3786.625,
72152.8,
1439.543,
10455.37,
2137.353,
29815.43,
7142.697,
5314.531,
1095.075,
2279.719,
62503.99,
17719.04,
9665.024,
1803.143,
19638.35,
3291.168,
28194.95,
176838.8,
5031.324,
479800.4,
26217.07,
11108.91,
10653.86,
13294.86,
16347,
731.3212,
0,
1018458,
2043, 
4505.34,
81627.59,
1554.263,
12568.13,
2211.333,
33680.7,
7640.261,
5815.511,
1150.032,
2557.606,
64009.76,
23230.73,
10855.69,
1887.966,
23845.99,
3434.787,
30217.96,
204627.8,
5346.838,
533708.4,
28804.39,
12007.58,
10831.24,
14087.36,
19005.83,
845.5063,
0,
1140059,
2044, 
5329.21,
91096.22,
1698.514,
15219.4,
2317.082,
38738.21,
8197.787,
6504.204,
1203.246,
2827.79,
68447.77,
28084.12,
12937.57,
1984.663,
27564.6,
3620.604,
32633.61,
240345.4,
5561.871,
594552.2,
31393.68,
13020.56,
11186.03,
14805.74,
22157.54,
1017.745,
0,
1282445,
2045, 
5988.47,
100197.1,
1977.721,
17587.81,
2458.094,
44346.15,
9681.511,
7409.357,
1244.154,
3127.975,
71673.15,
31709.19,
15062.17,
2105.408,
31627.89,
3906.685,
37714.92,
277136,
5603.458,
687467.6,
34121.23,
13961.03,
11500.57,
15415.61,
25664.43,
1216.338,
0,
1459904,
2046, 
7005.79,
108272.5,
3156.576,
19010.88,
2622.96,
53232.45,
11842.34,
8325.852,
1276.62,
3480.963,
74251.07,
34758.24,
17389.35,
2240.946,
34909.57,
4238.737,
44576.61,
322100.1,
5623.558,
773936.5,
37086.84,
14953.87,
11775.35,
16003.61,
29196.98,
1474.411,
0,
1642743,
2047, 
8780.269,
113838.9,
4570.228,
20559.7,
2839.242,
61164.04,
14362.18,
9248.49,
1557.989,
3880.144,
76956.3,
36953.5,
19618.21,
2377.253,
37571.03,
4582.233,
53749.84,
366409.3,
5640.235,
852337,
40242.7,
15939.18,
11949.12,
16481.97,
33317.47,
1784.395,
0,
1816711,
2048, 
10547.17,
122728.1,
8046.662,
22587.05,
3133.111,
71736.04,
17196.07,
10334.42,
2278.321,
4349.307,
77683.71,
38104.06,
21875.83,
2521.023,
39820.58,
4894.792,
63680.27,
409985.4,
5654.489,
924167.6,
43816.95,
16947.32,
11973.63,
16942.06,
37413,
2104.194,
0,
1990521,
2049, 
12556.56,
131477.9,
14140.72,
24988.44,
3474.336,
79263.89,
20081.71,
11489.94,
3447.974,
6024,
78434.63,
39148.04,
23571.61,
3057.477,
41729.73,
5173.397,
70966.66,
442905.6,
5665.723,
979174.6,
52108.39,
17729.04,
11867.42,
17259.81,
41429.8,
2323.5,
0,
2139491,
2050, 
14882.33,
143383.2,
20502.32,
28839.24,
3852.646,
87319.04,
23010.19,
12694.52,
4092.102,
8348.885,
78260.97,
40684.21,
25987.85,
3562.186,
43687.64,
5436.116,
79928.2,
464909.6,
5701.456,
1021645,
60804.88,
18743,
11754.66,
17564.43,
45737.21,
2553.137,
0,
2273885,
2051, 
16413.91,
156574.4,
24369.34,
31686.96,
4257.38,
94019.21,
25934.34,
13852.66,
4469.914,
10758.39,
78745.11,
42082.8,
29499.3,
4120.321,
46526.63,
5766.22,
86916.2,
475913,
5745.896,
1077547,
68966.43,
19964.29,
11795.95,
17465.28,
50755.29,
2790.403,
0,
2406936,
2052, 
18203.99,
172135.4,
27432.9,
34173.66,
4629.719,
100521.6,
28609.77,
15136.22,
4840.407,
13484.28,
79603.76,
43381.88,
33543.3,
4838.882,
48495.82,
6266.179,
92646.18,
477529,
5760.082,
1132405,
74085.44,
21100.86,
12036.64,
17443.88,
57384.51,
3036.241,
0,
2528726,
2053, 
20185.84,
188143.1,
30633.23,
36159.18,
4963.255,
106484.5,
32098.26,
16650.38,
5688.459,
16461.88,
80734.52,
44697.72,
37586.86,
5688.757,
49623.59,
6945.646,
97416.1,
471278.2,
5755.156,
1170559,
77281.99,
21961.21,
12424.39,
17863.32,
65470.07,
3303.433,
0,
2626058,
2054, 
22229.63,
204661.3,
33838.64,
37663.55,
5283.932,
113818.7,
37219.51,
18244.4,
6615.875,
19659.36,
81643.73,
46063.98,
43001.45,
6754.677,
50787.77,
7743.054,
102081.6,
462117.7,
5709.208,
1171760,
79443.14,
22228.82,
13035.25,
18835.85,
78311.33,
3593.779,
0,
2692346,
2055, 
25412.54,
221347.3,
37539.03,
38318.27,
5772.983,
119765.6,
41812.24,
20044.41,
7268.052,
23095.69,
82579.84,
46893.84,
47613.09,
8723.63,
51939.83,
8574.061,
110340,
452096.3,
5644.726,
1172516,
80807.2,
22840.6,
13540.3,
19932.56,
89209.52,
3922.942,
0,
2757551,
2056, 
28855.62,
239931,
41456.95,
38902.51,
6282.332,
123392.8,
52464.7,
22013.94,
7962.286,
26734.57,
81710.63,
47618.73,
51816.34,
10983.81,
53145.74,
9325.483,
122822.4,
442884.7,
5564.883,
1171834,
83130.8,
23520.85,
14403.93,
21876.97,
95779.12,
4285.696,
0,
2828701,
2057, 
32260.32,
257302,
45955.1,
39597.88,
7060.627,
127268.8,
66325.09,
24178.2,
8410.889,
30512.63,
80477.64,
48027.4,
54217.91,
13253.26,
54440.32,
9780.351,
135159,
435157.8,
5489.587,
1170360,
86623.41,
24367.67,
15197.03,
23218.67,
109874,
4657.16,
0,
2909173,
2058, 
35096.31,
283028.2,
51196.06,
40227.23,
7901.359,
130823.8,
81625.59,
26380.94,
9731.72,
34067.32,
80619.75,
47851.95,
54990.63,
15321.5,
57499.39,
10109.96,
152445.4,
430362.4,
5409.966,
1168148,
88710.2,
25309.5,
15840.88,
24721.78,
126710.8,
5219.171,
0,
3009350,
2059, 
37018.91,
319372.1,
56694.76,
41123.57,
8926.397,
134289.3,
92577.55,
28913.63,
12734.69,
37941.53,
83608.75,
48119.85,
55429.75,
17267.09,
60517.88,
10457.8,
175457.9,
424857.5,
5312,
1165145,
91221.33,
26100.16,
16576.84,
26407.73,
145418.1,
5899.022,
0,
3127389,
2060, 
40249.48,
355887,
62016.53,
41302.44,
10225.48,
137624.3,
101206.1,
31351.84,
18001.07,
41892.25,
86179.21,
47625.41,
55926.5,
20219.35,
62606.28,
10774.67,
192767.3,
423893.1,
5201.725,
1161846,
93548.04,
27557.01,
17118.11,
28333.69,
166008.8,
6623.831,
0,
3245985,
2061, 
41443.29,
389915.8,
67091.66,
41175.49,
11619.51,
141152.8,
107665.6,
33668.29,
24524.36,
45493.12,
88648.36,
46231.84,
56364.97,
23123.15,
66043.45,
11122.42,
205774.5,
425924.9,
5246.811,
1157583,
98544.7,
29129.2,
17484.42,
30189.17,
185738.7,
7381.866,
0,
3358281,
2062, 
42714.71,
421832.8,
72388.34,
41676.36,
13057.04,
144593.7,
111332.9,
36524.84,
40515.05,
49021.81,
91927.66,
43162.86,
56745.19,
26287.94,
68337.65,
11442.21,
216482.7,
431653.5,
5524.625,
1152520,
103278.7,
30658.69,
17742.45,
32609.17,
205629.4,
8187.105,
0,
3475848,
2063, 
43013.77,
458182.6,
77698.26,
42689.51,
14643.72,
148009.6,
114201.4,
42817.5,
59514.64,
52869.66,
95597.7,
40884.28,
57079.48,
29208.43,
70325.17,
11806.71,
219810.7,
435584.2,
5423.647,
1147113,
107436.3,
31323.5,
17745.77,
35286.93,
221183.4,
9059.665,
0,
3588510,
2064, 
42391.37,
478465.7,
79567.28,
43896.24,
16417.03,
151286.3,
120309.4,
50713.62,
76283.22,
54552.23,
99476.95,
38413.6,
57496.05,
30998.4,
73552.38,
12202.69,
218667.9,
440874.2,
5361.985,
1141455,
112272.9,
32106.73,
17455.55,
38020.37,
234095.5,
10284.52,
0,
3676617,
2065, 
41237.78,
492056.3,
80968.91,
45371.36,
20203.1,
154711.7,
130611.9,
57939.51,
87354.56,
55625.71,
102625.8,
35668.92,
57840.61,
31579.33,
77255.25,
12690.28,
221338.8,
445629.3,
5358.985,
1135579,
119892.1,
32853.37,
16891.36,
40802.59,
249843,
11788.64,
0,
3763718,
2066, 
39491.63,
509797.3,
82398.18,
46446.27,
24545.09,
159660.4,
144672.3,
66098.28,
95941.14,
56724.13,
103797.2,
32617.42,
58241.02,
32113.72,
80630.3,
15268.79,
229860.6,
448884.3,
5396.884,
1128205,
124479.7,
33555.18,
16156.57,
44366.52,
271053.8,
13448.6,
0,
3863851,
2067, 
38034.64,
529896.1,
83883.27,
46251.46,
29880.34,
166681.1,
162672.2,
73573.04,
105691.7,
57760.43,
104114.3,
29627.03,
58761.9,
32341.03,
84933.01,
17456.38,
242910.6,
447957.7,
5482.956,
1123391,
122272.6,
34498.22,
15217.1,
48464,
292188.8,
15515.6,
0,
3969457,
2068, 
36906,
547403.1,
85379.3,
45309.07,
35677.02,
175834.6,
179182.6,
80044.36,
113952.2,
58745.24,
105310,
26815.46,
59275.89,
32391.2,
89611.34,
19900.75,
258308.6,
437046.9,
5623.129,
1120646,
117633.1,
35699.6,
14246.96,
52806.93,
316279.6,
17868.44,
0,
4067897,
2069, 
37805.28,
552747.4,
86897.16,
43782.32,
42919.46,
187867.6,
195994.1,
85781.15,
120669,
59666.96,
104701.2,
24234.66,
59834.7,
32290.66,
93700.77,
22738.35,
274949.7,
422068.9,
5725.431,
1117569,
113178.7,
38061.45,
13291.99,
57561.03,
341729,
21831.07,
0,
4157597,
2070, 
38961.86,
555846.7,
89256.62,
42113.88,
50328.98,
196534.4,
210388.5,
93194.78,
126875.7,
62355.61,
105702.6,
21772.14,
60148.64,
32178.02,
97690.59,
25323.11,
287328,
406944,
5740.392,
1114785,
112002.3,
40508.46,
12483.46,
62824.11,
369615.4,
27486,
0,
4248389,
2071, 
39605.7,
556494.8,
93087.51,
40197.29,
60498.72,
203421.8,
221686.3,
99994.45,
133099.7,
65814.38,
107713.5,
20051.67,
60553.02,
32036.88,
101398.8,
28133.92,
298088.8,
404042.9,
5584.591,
1112198,
111100.4,
42035.02,
11809.01,
67533.92,
393716.3,
33540.82,
0,
4343438,
2072, 
39532.13,
556572.6,
96774.09,
39381.77,
84756.2,
208152.2,
229876.5,
109588,
140625.8,
69608.41,
109027.5,
18854.14,
60965.12,
31670.63,
104428.8,
31360.58,
309606.3,
410197.8,
5444.162,
1122293,
111857.4,
43437.3,
11494.03,
70918.69,
415790.8,
40023.09,
0,
4472237,
2073, 
39281.3,
556641.7,
100252.2,
40232.98,
107688.6,
218533.2,
236357,
122925.9,
149587.1,
73560.52,
111913,
18526.65,
61363.27,
31298.8,
106404.6,
36737.34,
321038,
420968.7,
5838.117,
1133601,
114735.6,
44528.04,
11202.09,
74539.04,
442042,
47369.41,
0,
4627166,
2074, 
38947.36,
556712.9,
104169.8,
41631.57,
131105.5,
227373.9,
241611.9,
140517,
159432.6,
76996.38,
114245.6,
19103.09,
61629.93,
30952.58,
107366.3,
40954.69,
329094.9,
435774.8,
6150.024,
1142762,
118054.9,
45686.2,
10924.7,
78737.92,
462719.5,
54165.14,
0,
4776822,
2075, 
38272.25,
556869.1,
107777.5,
43747.96,
152683.7,
231181.9,
249711.8,
161506,
169649.2,
80928.95,
115808.5,
20854.14,
61672.86,
30645.39,
107569.1,
44153.5,
334053.3,
444011.5,
6438.23,
1146092,
124897.1,
46742.78,
10658.5,
82589.55,
478829.3,
59632.83,
0,
4906977,
2076, 
37654.79,
557000.2,
111600.9,
45446.41,
179162,
229706.7,
261136.3,
179295.9,
180283,
83960.3,
115580.8,
23011.35,
61617.37,
30380.35,
106919.1,
46516.16,
336583.1,
447395.7,
7021.49,
1148123,
129909.6,
47685.29,
10622.93,
85328.27,
496098.9,
65655.2,
0,
5023696,
2077, 
37525.8,
557472.9,
118680.6,
46858.19,
203108.1,
228530.4,
276280.2,
202617.4,
187234.7,
86410.34,
115554.6,
25275,
61558.3,
30150.43,
106802,
49199.73,
339657.9,
444542.6,
7467.44,
1146800,
130229.1,
48833.38,
10760.06,
87162.74,
513324.8,
70902.01,
0,
5132939,
2078, 
37886.72,
558015.9,
119809.8,
46741.46,
222955.2,
227450.5,
282259.6,
219906.2,
194351.5,
89435.66,
115292.9,
27995.08,
61521.01,
29942.28,
107181.8,
52087.74,
344268,
441092.7,
7958.916,
1142469,
126466.9,
49803.47,
11163.71,
88831.3,
530202.8,
78958.17,
0,
5214048,
2079, 
38510.44,
558761.8,
124348.1,
46284.19,
244545.7,
229091.4,
284750.4,
242443.8,
201575,
90987.45,
114754.6,
32508.14,
61807.85,
29767.19,
108180.2,
54606.62,
351066.7,
441071,
8425.176,
1131278,
123276.3,
50044.68,
11286.39,
90360.58,
546817.6,
89251.95,
0,
5305801,
2080, 
39270.17,
559717.5,
125024,
45667.86,
266366,
229742.5,
287100.5,
261574.6,
208889.4,
95625.47,
114885.1,
39641.44,
62398.77,
29603.85,
110034.3,
56950.52,
361721.4,
444239.4,
8953.372,
1124802,
121992.9,
50289.84,
11724.59,
91660.13,
563336.5,
101583.1,
0,
5412795,
2081, 
40934.64,
562033.2,
130684.4,
45035.71,
282808.2,
230090.7,
289063.2,
278752.8,
219268.6,
98115.45,
115861.1,
47172.18,
63120.32,
29453.35,
112576.5,
58862.33,
374431.2,
451146.5,
9383.832,
1120015,
123693.8,
50188.63,
11865.63,
92848.41,
579281.4,
115089.4,
0,
5531777,
2082, 
42927.62,
566938.3,
133191.5,
45302.41,
300681.3,
230886.5,
290936.2,
291771.2,
236488.8,
100555,
116642.2,
55005.87,
63592.05,
29316.45,
114883.1,
60774.36,
378012.8,
457645.8,
9887.946,
1122722,
124263,
50414.01,
11941.79,
94028.51,
594920.4,
128810.8,
0,
5652540,
2083, 
44210.19,
572119.3,
139230.1,
45913.83,
315691.2,
231142.8,
292556.7,
312402.5,
252222.3,
100033,
118838.9,
60699.62,
63910.43,
29192.44,
117016.6,
62926.49,
380814.1,
460109.2,
10419.29,
1124739,
125135.4,
50973.17,
12112.5,
95176.99,
610187.9,
141745.6,
0,
5769519,
2084, 
45628.26,
576573.5,
147318.6,
46781.21,
318057.1,
231185.8,
300532.5,
343398.3,
267863.5,
103791.4,
120456,
65087.07,
64026.61,
29081.46,
119710.5,
65450.25,
383493.3,
462573.3,
10899.66,
1131890,
124328.7,
51674.94,
12198,
96319.31,
625027.6,
151237.2,
0,
5894584,
2085, 
47552.66,
577793.4,
157619.3,
47118.64,
320475.1,
232479.1,
324212.2,
384513.1,
277247.3,
104701,
122212.8,
67399.12,
64002.31,
28985.79,
121868.3,
69640.16,
389972,
459307,
11431.74,
1130182,
121814.1,
52220.43,
12413.14,
97473,
639809.8,
160738.2,
0,
6023182,
2086, 
50069.56,
577345.8,
165176.6,
47280.43,
322928.1,
232111.4,
341606.6,
424613,
284923.4,
107184.6,
124008.4,
69021.59,
64025.89,
28906.93,
124296.6,
74508.65,
403664.8,
456667.5,
11755.58,
1124411,
121469.1,
53069.64,
12716.87,
98597.66,
655095.3,
169230.1,
0,
6144685,
2087, 
53511.04,
575660,
174975.2,
46473.6,
325152.8,
231495.4,
357067.6,
461740,
298598.9,
109355.2,
125624.3,
70248.05,
64101.1,
28829.01,
127057.5,
79836.04,
418546.6,
453039.1,
11852.44,
1104311,
121743.3,
53591.17,
12988.23,
99726.67,
669856.6,
177101.7,
0,
6252483,
2088, 
56810.05,
573703.3,
184143.5,
46020.24,
328979.3,
231542.7,
371226.6,
503151.3,
311232.9,
111424,
128064.5,
70901.7,
63993.64,
28759.48,
129639.8,
85805.5,
433025.5,
448046.1,
11810.97,
1081747,
122688,
53344.68,
13340.03,
100867.8,
683738.9,
185890,
0,
6359898,
2089, 
59813.27,
571734.9,
191584.9,
45251.75,
336364.4,
229966.2,
385599.2,
542544.9,
326660.7,
114360.5,
128902,
70747.58,
64076.75,
28692.23,
131770.5,
91564.05,
451287.4,
441768.3,
11716.22,
1057670,
124067.9,
52961.45,
13576.31,
102004.6,
695594.2,
194906.5,
0,
6465187,
2090, 
63170.83,
569558.8,
197156.7,
44027.99,
342412,
230623.1,
399965,
580889.2,
351598.2,
116662.6,
130789.8,
70387.71,
64067.91,
28619.96,
134250.8,
97514.88,
472261.2,
434986.6,
11706.01,
1038739,
126601.5,
52171.95,
13715.21,
103150.4,
706791.6,
205548.4,
0,
6587368,
2091, 
66650.29,
567004.1,
201996.9,
43030.89,
347463.7,
232565.5,
415124.1,
610824.4,
379807.7,
117737.5,
133054,
69997.84,
64134.43,
28556.64,
136031.9,
104459.2,
492969.8,
426053.2,
11623.49,
1023761,
129601.8,
51271.17,
14249.09,
104243.6,
717864.3,
219340.3,
0,
6709417,
2092, 
69556.02,
566444.3,
207150,
41648.55,
352752.1,
234357.2,
429575.8,
639750,
399917.1,
119419.7,
137228.5,
69564.68,
64055.6,
28501.11,
137238.5,
112239.5,
511506.4,
419072.9,
11618.95,
1010635,
132785.1,
50549.01,
15749.05,
105358.1,
728121.1,
233389.1,
0,
6828184,
2093, 
72968.63,
566311.9,
211529.2,
39795.73,
358556.3,
236234.5,
446562.6,
666106.9,
421376.9,
121461.4,
140156.6,
69133.75,
63890.64,
28436.4,
138905.5,
119428.6,
512848.7,
409680.1,
11638.72,
997192.9,
137480.9,
50197.61,
18184.62,
106441.2,
738917.5,
247792.6,
0,
6931230,
2094, 
76434.94,
566071.9,
215332.3,
37640.47,
365132.9,
237967.4,
465636.8,
686983.3,
439186.9,
123727.3,
142923.3,
68667.84,
63743.4,
28365.72,
139826,
128006.3,
515002.8,
398883.6,
11547.51,
984966.6,
140021.1,
50569.34,
19874.42,
107495.6,
730434.1,
261672,
0,
7006114,
2095, 
78925.41,
565801.4,
219429.8,
36303.23,
372596.6,
239611.4,
487176,
710378.5,
456044.4,
126394.8,
147203.5,
68175.56,
63518.93,
28291.42,
141591.8,
137076.8,
517999,
391555.7,
11441.64,
974647.1,
142514.2,
51408.04,
21268.67,
108526.9,
726898.4,
273960.6,
0,
7098740,
2096, 
79342.57,
565322,
226506.5,
35828.07,
382436.8,
241149.4,
502017.8,
744604,
470189.3,
128966.2,
149918.8,
67655.74,
63240.79,
28209.14,
143021.8,
143294,
519899.9,
389638.8,
11218.4,
965696.6,
146340.3,
52375.32,
22644.32,
109507.5,
724611.9,
287346.5,
0,
7200983,
2097, 
79731.27,
564739.6,
228339.8,
36333.02,
397525.8,
241830,
511458.6,
797645.3,
498839.8,
132006.2,
154502.1,
67093.23,
62783.69,
28126.01,
145498.6,
148077.9,
520527,
386207.8,
10905.08,
960505.4,
151394.4,
53254.59,
23776.56,
110451.1,
720692.1,
305175,
0,
7337420,
2098, 
80149.43,
564149.6,
235198.7,
37311.11,
410920.8,
235453.2,
521695.4,
825126.3,
513965.2,
134651.4,
156037.6,
66520.3,
62568.7,
28038.91,
147390.9,
152559.7,
537366.6,
384147.6,
10639.26,
956575.4,
156339.4,
53870.72,
24796.74,
111370.2,
731760.4,
321888,
0,
7460492,
2099, 
80582.97,
563526.8,
237928.1,
38508.01,
421951.7,
230907,
533949.8,
849553.4,
525219.3,
136974.5,
159419.8,
65949.83,
62586.19,
27917.91,
150201.8,
155894.3,
555723.2,
383060.3,
10787.03,
957112.4,
161529.5,
53923.29,
25611.61,
112326.7,
756253.3,
331971.8,
0,
7589371,
2100, 
80918.88,
563031.1,
244637.3,
39482.28,
427563,
227347.8,
549413.9,
874347.3,
532670.6,
139098.3,
161332.6,
65420.13,
62692.32,
27791.8,
151747.2,
159426.7,
571553.3,
382216.5,
10730.01,
958245.3,
166688.7,
53511.89,
26487.79,
113299.7,
770896.6,
341976.6,
0,
7702528];
