real main.em.ep.isp.StorResTot[28](t) = [1971, 
650.2043,
6655.436,
42.08362,
21.60265,
64.87003,
80.52728,
58.72234,
41.01139,
12.12848,
217.2017,
4045.412,
790.4434,
44.82675,
637.7261,
125.547,
1842.407,
149.6583,
187.5422,
60.78517,
214.7469,
32.17235,
2.731125,
946.1337,
246.709,
13.90568,
25.25577,
0,
17209.79,
1972, 
741.8291,
6657.843,
47.72691,
24.07335,
70.90247,
85.60682,
59.51014,
44.30545,
13.06972,
235.834,
4225.164,
862.6854,
51.80706,
676.4346,
128.979,
1948.756,
169.116,
195.9843,
65.4228,
235.7861,
36.51533,
3.157201,
1010.98,
243.6144,
13.96319,
36.19423,
0,
17885.26,
1973, 
822.1112,
7269.948,
51.8984,
26.78122,
82.16986,
95.75301,
60.99394,
49.34061,
13.25924,
250.8531,
4530.363,
899.4108,
52.40311,
714.6973,
138.2329,
2062.017,
202.2984,
202.9921,
74.03807,
257.8695,
43.11667,
3.878756,
1094.683,
277.6542,
16.23113,
46.06017,
0,
19339.05,
1974, 
850.5595,
7326.931,
65.72849,
27.97986,
91.55791,
104.7348,
65.2244,
49.4925,
12.81723,
268.6708,
4637.781,
955.7453,
59.42364,
755.8891,
148.2977,
2187.943,
226.6747,
212.9061,
81.38277,
266.9743,
45.87998,
5.159269,
1080.839,
298.1193,
18.26014,
58.10802,
0,
19903.08,
1975, 
828.2977,
7544.484,
69.66485,
27.81024,
98.6468,
109.7447,
74.15511,
55.5097,
13.36435,
288.806,
4620.787,
999.7319,
71.31312,
684.1312,
131.9432,
2026.462,
263.1264,
236.3842,
91.0008,
316.2711,
47.80762,
5.857369,
1104.864,
309.3614,
20.49623,
61.1617,
0,
20101.18,
1976, 
886.3723,
8058.391,
73.95848,
31.43783,
113.7049,
118.4277,
85.01573,
57.71395,
15.50538,
302.6935,
4967.698,
1062.252,
81.06986,
715.2866,
139.6969,
2158.21,
310.0033,
265.6773,
99.47146,
351.2398,
53.8702,
5.43931,
1181.715,
322.6221,
21.57173,
65.62288,
0,
21544.67,
1977, 
950.8682,
8329.101,
79.96756,
34.0629,
125.4388,
129.6713,
97.22808,
63.13311,
16.30076,
302.8003,
5077.862,
1106.948,
90.85435,
734.8352,
144.3448,
2229.876,
392.5233,
282.973,
108.8643,
383.5743,
59.80947,
6.798705,
1231.221,
339.4752,
23.22766,
71.39485,
0,
22413.15,
1978, 
1020.176,
8557.544,
88.36341,
35.96249,
138.894,
136.0472,
109.4548,
61.01228,
17.13536,
316.0778,
5265.941,
1163.831,
96.89062,
758.2071,
149.2396,
2332.665,
443.049,
311.1835,
120.7325,
437.5261,
61.91151,
9.522752,
1288.417,
349.7954,
26.09822,
69.31483,
0,
23364.99,
1979, 
1069.449,
8728.632,
94.7359,
37.54338,
155.6617,
151.684,
122.4012,
70.41045,
17.59848,
332.3224,
5490.521,
1172.046,
98.85152,
776.2701,
205.1706,
2386.209,
512.4371,
315.6826,
130.8803,
478.3406,
67.34981,
11.47709,
1357.881,
366.2189,
29.23367,
74.67986,
0,
24253.69,
1980, 
1099.906,
8839.066,
99.3913,
37.88153,
178.7118,
162.2803,
136.8613,
78.80919,
17.81146,
360.1478,
5527.903,
1224.595,
101.791,
812.5292,
224.5313,
2569.984,
567.5014,
329.5328,
136.6579,
467.2999,
71.89979,
14.44793,
1341.032,
383.9915,
30.66959,
68.78979,
0,
24884.02,
1981, 
1156.483,
8910.482,
108.5324,
39.18673,
171.9158,
168.6935,
155.4079,
77.09692,
18.83805,
411.1654,
5582.705,
1233.527,
106.6564,
833.5927,
230.3302,
2718.214,
672.96,
361.6109,
146.5569,
472.05,
76.49432,
14.23657,
1354.125,
408.8092,
32.81543,
65.25387,
0,
25527.74,
1982, 
1135.482,
8689.765,
113.4111,
40.57785,
180.2511,
171.1206,
170.1903,
85.8194,
20.39914,
432.2645,
5572.04,
1250.283,
116.3066,
851.2328,
238.5744,
2824.45,
797.8197,
385.8766,
154.5342,
503.5536,
81.97142,
17.3322,
1339.933,
415.5435,
35.20693,
65.18194,
0,
25689.12,
1983, 
1186.604,
8879.388,
112.5324,
43.14086,
186.5418,
179.3064,
187.7616,
79.83687,
21.71525,
440.0118,
5703.721,
1306.279,
121.5359,
875.3495,
246.1661,
2972.111,
816.7881,
412.9714,
168.402,
544.6578,
89.59476,
20.33455,
1414.213,
425.7747,
39.14055,
63.80518,
0,
26537.68,
1984, 
1279.252,
9275.71,
121.9226,
44.38401,
208.7219,
184.5802,
207.2632,
74.16449,
21.74719,
486.714,
5911.01,
1364.705,
137.2658,
909.6727,
256.7058,
3161.098,
880.2999,
456.74,
181.2701,
571.7723,
96.62602,
23.92158,
1487.968,
454.8972,
44.1608,
62.89334,
0,
27905.47,
1985, 
1356.82,
9439.755,
106.3669,
43.75695,
226.0758,
187.977,
222.6159,
89.89499,
23.30917,
503.5023,
6129.066,
1366.629,
149.8934,
932.7515,
265.4371,
3281.373,
944.2634,
501.3238,
195.1964,
611.497,
102.1079,
24.83844,
1545.313,
488.2379,
47.68658,
65.24963,
0,
28850.94,
1986, 
1388.587,
9431.972,
119.7516,
46.77039,
239.0653,
212.8153,
219.8301,
94.1068,
24.74331,
517.3866,
6226.547,
1429.65,
171.8741,
954.3557,
269.7981,
3429.291,
1029.155,
547.6234,
210.6439,
671.559,
105.6766,
35.00293,
1567.005,
504.3436,
52.75177,
66.7255,
0,
29567.03,
1987, 
1480.452,
9600.835,
129.6988,
49.4855,
242.2781,
228.9149,
235.1161,
98.10306,
26.71317,
529.8065,
6429.994,
1457.692,
192.3942,
990.6242,
271.7613,
3566.837,
1052.559,
594.1036,
234.0949,
741.657,
113.9284,
40.56751,
1670.616,
531.8109,
58.39321,
65.06826,
0,
30633.5,
1988, 
1515.243,
9994.088,
132.2068,
49.78318,
251.4518,
258.6843,
256.2821,
103.0444,
28.43648,
549.8284,
6710.319,
1449.185,
201.8761,
1022.019,
276.7496,
3655.658,
1210.954,
654.0717,
264.8064,
811.0926,
124.7463,
42.84838,
1765.054,
555.6599,
67.02898,
71.97593,
0,
32023.09,
1989, 
1483.342,
10901.34,
140.8454,
53.16127,
267.4715,
246.986,
268.3087,
107.5662,
30.08102,
562.0172,
6922.407,
1467.511,
217.692,
1040.853,
278.4375,
3926.95,
1235.244,
714.745,
288.8085,
871.9695,
136.9057,
47.40181,
1876.493,
596.2153,
69.92013,
69.04436,
0,
33821.72,
1990, 
1436.264,
11106.86,
145.6215,
53.67681,
256.2117,
266.5494,
277.7395,
109.5351,
34.6125,
571.1482,
7072.581,
1388.895,
240.4582,
1122.623,
345.2509,
3836.244,
1322.039,
768.476,
310.1635,
926.4404,
150.6705,
56.30821,
2049.886,
611.2876,
76.10166,
76.83247,
0,
34612.47,
1991, 
1520.971,
11201.1,
149.8858,
52.2224,
272.4785,
250.9765,
292.9842,
111.9585,
36.86197,
572.0171,
7232.287,
1326.275,
245.1617,
1035.051,
295.7865,
3578.147,
1463.872,
836.7239,
327.1017,
1107.925,
162.5718,
63.71798,
2117.667,
628.5201,
81.62891,
84.6722,
0,
35048.56,
1992, 
1556.499,
11404.14,
153.5215,
55.11226,
279.7842,
259.6443,
309.7255,
116.2096,
38.27897,
586.3115,
7283.461,
1229.975,
276.5449,
882.2156,
274.5859,
3096.074,
1556.874,
874.2656,
347.8564,
1223.278,
176.1656,
69.62463,
2143.024,
641.1152,
89.66234,
73.2529,
0,
34997.2,
1993, 
1610.648,
11678.13,
155.1111,
56.25817,
291.0233,
274.2476,
335.1377,
116.6375,
39.7077,
610.7186,
7298.413,
1224.982,
303.4851,
801.2318,
231.332,
3130.287,
1603.986,
923.4086,
385.4872,
1262.599,
194.2899,
77.83173,
2167.243,
661.8974,
93.5687,
74.89023,
0,
35602.55,
1994, 
1699.403,
11974.62,
166.9052,
60.35763,
299.2108,
291.2495,
357.9743,
116.6322,
40.54221,
631.9733,
7453.978,
1295.227,
319.3278,
730.557,
227.8923,
2761.042,
1705.699,
990.9883,
432.8051,
1370.021,
219.3758,
86.55473,
2267.631,
682.5681,
98.37183,
72.59665,
0,
36353.5,
1995, 
1717.086,
12318.42,
169.9525,
63.69678,
314.1874,
305.0908,
378.6151,
123.3258,
44.28325,
640.4877,
7650.236,
1299.505,
357.071,
766.4138,
226.1076,
2754.282,
1790.839,
1074.698,
482.8529,
1490.932,
243.2129,
100.4011,
2305.06,
701.7986,
104.592,
74.19006,
0,
37497.34,
1996, 
1768.09,
12615.65,
162.1064,
67.02727,
329.8503,
319.343,
427.8808,
128.4738,
46.3447,
668.2766,
7772.868,
1430.746,
388.2513,
768.6699,
218.4147,
2719.837,
1865.739,
1133.938,
535.288,
1565.83,
264.9106,
116.5101,
2372.291,
716.4324,
109.6288,
66.99332,
0,
38579.39,
1997, 
1794.264,
12920.19,
174.7037,
72.52695,
346.98,
344.9538,
460.6667,
129.0093,
49.94375,
692.3881,
7928.047,
1457.584,
423.1375,
761.6976,
214.3736,
2676.606,
2017.888,
1196.044,
585.3304,
1660.247,
283.6655,
123.0142,
2426.219,
739.9269,
113.8067,
70.29782,
0,
39663.51,
1998, 
1772.36,
13230,
187.8176,
77.79247,
357.7238,
363.5625,
491.8447,
125.9948,
51.34717,
682.2135,
8104.992,
1478.366,
450.8419,
732.0541,
206.3665,
2709.324,
2276.146,
1280.419,
574.0344,
1740.482,
279.6653,
126.7809,
2431.172,
783.4292,
117.968,
91.88129,
0,
40724.57,
1999, 
1808.983,
13433.88,
198.6012,
83.89232,
371.5749,
363.8885,
521.2365,
132.2802,
52.8501,
680.4774,
8198.571,
1448.059,
466.1068,
759.8488,
202.8201,
2781.925,
2181.883,
1375.69,
638.8704,
1812.986,
299.0743,
148.0257,
2468.012,
824.7054,
117.8355,
99.44624,
0,
41471.52,
2000, 
1862.723,
14056.55,
211.5441,
85.8421,
385.2501,
382.4918,
555.1208,
136.4384,
54.78197,
712.5856,
8233.925,
1539.884,
503.9484,
751.3576,
206.795,
2919.704,
2198.635,
1452.44,
756.191,
2049.3,
324.6759,
159.5296,
2577.531,
848.0419,
128.5079,
108.2366,
0,
43202.03,
2001, 
1816.741,
13379.4,
217.8178,
88.14159,
377.3854,
380.3329,
587.2446,
145.1077,
57.31907,
689.0549,
8216.236,
1679.079,
511.1082,
800.095,
198.3917,
3050.198,
2298.49,
1507.699,
807.5603,
2258.657,
344.9304,
168.4209,
2556.884,
898.8673,
144.2054,
121.9357,
0,
43301.3,
2002, 
1841.27,
13730.95,
220.9967,
91.9101,
400.2646,
375.7524,
614.9138,
154.1787,
57.48415,
745.5128,
8028.687,
1605.132,
539.5684,
795.1676,
202.1995,
2944.435,
2386.734,
1553.73,
862.9438,
2445.948,
365.7003,
178.3669,
2611.299,
897.3185,
152.1188,
129.9191,
0,
43932.5,
2003, 
1792.672,
13846.21,
270.5548,
93.97657,
416.4992,
394.8934,
646.1078,
152.245,
60.92315,
780.3483,
7963.413,
1614.084,
582.7248,
823.3882,
215.0457,
3000.281,
2509.429,
1657.163,
900.2751,
2803.022,
395.2888,
186.3074,
2612.133,
853.2807,
161.523,
124.3671,
0,
44856.16,
2004, 
1818.877,
14240.27,
269.8676,
94.54935,
445.4957,
421.2989,
684.6375,
168.1959,
66.08598,
806.3162,
7884.784,
1709.108,
622.0587,
860.2629,
222.8512,
3095.232,
2672.821,
1764.998,
949.2018,
3214.855,
422.1377,
198.8683,
2692.486,
873.2141,
174.5772,
133.4778,
0,
46506.53,
2005, 
1775.027,
14205.93,
283.3763,
99.50399,
458.3857,
438.4017,
700.2004,
178.5921,
71.35345,
816.5655,
7786.789,
1679.142,
659.8243,
835.2254,
228.2402,
3493.333,
2682.939,
1878.247,
1011.511,
3638.848,
455.4117,
212.4116,
2763.959,
866.5447,
187.964,
143.646,
0,
47551.37,
2006, 
1708.701,
14009.67,
291.2762,
105.3148,
479.0306,
463.6033,
742.2212,
189.2679,
76.11848,
855.3786,
7628.063,
1703.825,
708.1146,
872.5941,
233.4929,
3506.852,
2837.534,
2033.336,
1043.075,
4182.338,
481.4656,
216.2711,
2810.811,
861.9756,
198.9544,
147.2116,
0,
48386.49,
2007, 
1810.546,
13963.24,
302.5293,
108.2904,
507.7174,
475.1934,
821.8243,
200.0999,
83.14445,
876.291,
7384.367,
1691.129,
765.2966,
886.0606,
243.1299,
3524.707,
3059.927,
2183.93,
1102.112,
4821.797,
510.2217,
220.7971,
2897.305,
902.778,
205.7883,
150.9808,
0,
49699.2,
2008, 
1798.187,
13369.64,
306.9431,
106.5258,
528.8588,
506.7938,
859.3749,
204.1429,
83.41149,
872.7752,
7345.198,
1689.02,
774.186,
839.1837,
223.1415,
3586.369,
3192.406,
2101.612,
1180.882,
5364.201,
522.9274,
225.7515,
2802.639,
899.8297,
214.3777,
153.4856,
0,
49751.86,
2009, 
1718.224,
12333.32,
304.5126,
106.3577,
534.577,
512.4514,
979.0182,
212.605,
92.05245,
851.2219,
6861.276,
1633.931,
754.6059,
724.4411,
213.9502,
3378.944,
3522.736,
2257.094,
1237.595,
6262.616,
549.3271,
230.8208,
2809.042,
814.7662,
223.5797,
166.6793,
0,
49285.75,
2010, 
1707.849,
12360.82,
322.9584,
111.1583,
593.7175,
507.1559,
1066.244,
229.9976,
107.0622,
887.1885,
7298.949,
1701.827,
812.8433,
744.8472,
236.0934,
3392.69,
3691.416,
2434.544,
1337.12,
7649.375,
600.2752,
248.9656,
2964.596,
834.1943,
231.4498,
175.9856,
0,
52249.32,
2011, 
1784.756,
11535.96,
358.1035,
116.3307,
615.4097,
524.566,
1103.726,
237.3408,
127.0062,
896.2224,
7638.179,
1733.92,
883.4951,
759.9153,
228.403,
3467.827,
3852.424,
2710.727,
1395.337,
9507.566,
632.6328,
265.3046,
3039.937,
809.0313,
247.5687,
179.7556,
0,
54651.45,
2012, 
1743.7,
11163.9,
379.4774,
120.6334,
648.9523,
560.4635,
1175.241,
244.5608,
142.8354,
891.5183,
8123.473,
1672.218,
955.3433,
765.0994,
243.2413,
3475.315,
4118.812,
2864.661,
1459.425,
11114.43,
706.7933,
277.8106,
3242.804,
822.2548,
268.0856,
184.72,
0,
57365.77,
2013, 
1650.972,
10872.82,
362.694,
126.7482,
676.1641,
602.3596,
1245.854,
275.7026,
156.9635,
932.2008,
7861.174,
1669.882,
970.3998,
747.7422,
292.0303,
3489.086,
4381.141,
3080.464,
1536.894,
13488.91,
788.3342,
306.0009,
3975.761,
856.5041,
305.6919,
194.7659,
0,
60847.26,
2014, 
1609.312,
10801.76,
382.7408,
131.6766,
718.3961,
606.5669,
1326.8,
292.6451,
180.3037,
1082.223,
7959.043,
1649.209,
1026.486,
712.4546,
266.81,
3521.772,
4765.572,
3491.042,
1641.938,
16178.23,
920.1191,
328.7056,
5108.621,
831.9778,
336.0202,
221.5218,
0,
66091.95,
2015, 
1519.122,
11033.09,
398.415,
143.8129,
721.6334,
650.9663,
1504.572,
321.9518,
206.7333,
1166.616,
7322.678,
1599.007,
1098.612,
655.8817,
277.5372,
3542.612,
5335.771,
3863.804,
1800.85,
19928.22,
1040.448,
350.3811,
6631.66,
873.9674,
362.2047,
233.1814,
0,
72583.73,
2016, 
1500.079,
10902.39,
422.6337,
147.6046,
759.3638,
659.4471,
1656.55,
336.0603,
220.6939,
1348.621,
7673.833,
1617.778,
1278.618,
656.908,
329.641,
3547.991,
5913.553,
4428.04,
1958.908,
23587.79,
1274.594,
378.7902,
7920.582,
935.0018,
429.119,
228.0372,
0,
80112.63,
2017, 
1546.847,
11228.4,
429.5166,
147.0464,
810.8747,
660.1444,
1720.007,
361.1909,
237.4783,
1539.792,
7934.696,
1615.453,
1726.62,
677.0391,
417.3818,
3614.294,
6083.014,
5110.921,
2186.713,
29354.02,
1407.043,
403.8653,
9236.455,
1021.419,
494.1235,
249.425,
0,
90213.77,
2018, 
1502.495,
11710.83,
460.3737,
155.3471,
845.9387,
670.4202,
2020.352,
408.7073,
292.3855,
1818.636,
8522.997,
1844.942,
2830.936,
751.7073,
432.9543,
3620.264,
6174.781,
6037.98,
2478.148,
36031.48,
1541.816,
472.1352,
10561.88,
1180.369,
542.8903,
280.0772,
0,
103190.8,
2019, 
1555.186,
11836.05,
458.0235,
161.412,
904.2334,
635.7079,
2250.222,
449.0653,
337.2342,
1908.233,
9791.927,
1769.217,
3171.679,
938.8964,
474.2907,
3686.075,
7275.767,
6722.156,
2923.128,
42049.66,
2110.417,
517.8292,
11910.01,
1372.126,
579.3201,
327.7031,
0,
116115.6,
2020, 
1528.986,
11434.01,
474.3067,
151.9427,
876.4107,
628.9158,
2316.19,
484.4218,
360.1761,
2086.324,
10992.35,
1929.522,
3530.036,
1031.903,
450.5169,
3584.627,
7976.363,
7079.057,
3471.366,
51198.34,
2836.599,
521.7471,
13455.71,
1605.551,
613.7084,
333.8098,
0,
130952.9,
2021, 
1572.197,
12520.42,
504.4044,
166.3672,
966.9208,
706.0663,
2452.313,
537.2901,
407.9021,
2220.533,
11695.86,
2251.438,
3997.787,
1084.31,
555.637,
3758.318,
8687.148,
8036.284,
4206.658,
62338.93,
4249.303,
562.483,
15027.82,
1954,
707.0153,
369.9613,
0,
151537.4,
2022, 
1603.177,
13480.85,
542.8987,
177.4516,
1022.62,
705.7774,
2516.911,
639.5336,
471.8651,
2250.269,
13239.1,
2544.863,
4511.804,
954.6548,
623.2112,
3725.369,
10335.15,
9566.509,
4634.022,
72646.88,
4431.415,
615.9472,
16392.65,
2350.319,
818.4142,
495.1477,
0,
171296.8,
2023, 
1586.95,
15284,
568.9612,
185.2938,
1096.846,
724.1882,
2733.124,
764.2596,
506.3447,
2253.214,
15513.54,
3003.102,
5083.11,
982.5106,
716.4844,
3785.605,
12141.46,
10548.21,
5150.56,
98354.74,
4789.76,
682.5791,
17106.44,
2900.443,
862.8466,
533.5043,
0,
207858.1,
2024, 
1367.818,
18049.59,
583.1711,
193.6501,
1140.596,
754.199,
3016.702,
853.653,
539.1701,
2390.541,
17837.04,
3591.589,
8158.294,
805.3631,
804.3856,
3797.451,
13319.17,
12660.03,
5703.108,
128510.9,
5087.019,
736.5259,
17534.55,
3759.928,
950.5167,
587.2225,
0,
252732.2,
2025, 
1380.391,
22275.6,
590.5302,
275.1577,
1292.467,
796.9242,
3233.211,
960.7873,
804.1944,
3161.728,
19660.41,
4010.135,
8948.949,
846.8187,
875.5289,
3789.909,
29374.44,
17325.04,
6272.629,
141879.7,
5791.355,
1399.009,
20315.92,
4891.342,
1263.892,
664.4507,
0,
302080.5,
2026, 
1350.312,
25827.3,
635.5001,
289.4066,
1301.292,
825.6317,
2941.237,
1030.79,
1019.365,
2926.555,
21194.13,
4046.425,
8450.441,
920.8304,
1401.464,
3782.88,
46289.41,
21529.69,
7034.264,
176304.2,
6280.959,
1664.321,
24569.01,
5841.763,
1632.133,
650.8582,
0,
369740.2,
2027, 
1329.648,
28972.55,
678.5154,
364.0461,
1313.422,
865.4063,
2709.734,
1340.072,
1270.954,
2655.443,
22888.06,
4339.571,
8280.14,
1052.58,
2275.997,
3767.035,
54893.52,
26331.63,
7027.857,
209497.1,
7284.55,
2801.171,
27721.29,
7165.892,
2225.813,
614.2426,
0,
429666.3,
2028, 
1383.588,
31574.16,
725.2799,
476.7052,
1326.49,
904.1712,
2452.952,
1899.855,
1516.388,
2432.825,
25132.27,
4749.982,
8152.663,
1188.503,
3656.161,
3739.208,
58639.84,
32563.09,
6997.546,
247458.2,
9869.114,
4970.488,
29511.26,
8665.136,
3339.928,
570.7642,
0,
493896.6,
2029, 
1506.971,
33938.52,
781.1498,
596.1277,
1351.176,
1104.194,
2221.677,
2662.521,
1686.999,
2301.555,
27321.52,
6036.732,
8511.646,
1268.567,
5368.424,
3715.168,
62895.73,
39867.61,
7002.731,
286457.9,
13130.73,
7898.619,
45652.86,
10578.76,
4540.925,
519.0314,
0,
578917.8,
2030, 
1682.208,
35903.68,
1104.571,
771.6967,
1366.213,
1377.841,
1949.125,
3524.72,
1688.689,
3965.94,
30174.29,
6970.104,
8875.108,
1395.043,
8186.119,
3703.502,
65585.08,
47719.48,
7031.392,
324703.4,
16681.15,
10995.25,
39602.56,
12638.47,
5691.6,
437.7588,
0,
643725,
2031, 
1854.305,
36981.34,
1426.851,
1020.532,
1391.328,
1746.973,
1815.22,
3844.583,
1512.368,
3553.049,
35565.29,
8676.78,
8673.816,
1527.318,
11519.25,
3666.399,
59666.13,
55476.44,
7120.221,
370916.2,
20414.04,
14897.4,
41283.94,
14523.72,
6755.886,
349.9828,
0,
716179.4,
2032, 
2126.493,
39814.58,
1687.159,
1414.625,
1451.886,
2288.355,
1862.141,
3813.771,
1275.716,
3126.734,
94207.35,
22703.56,
8514.417,
1664.354,
14901.66,
3648.784,
54251.46,
65293.38,
7517.188,
425950.1,
24660.17,
17055.46,
43987.55,
16683.83,
7720.252,
305.7894,
0,
867926.8,
2033, 
2390.474,
42113.76,
1887.041,
2203.781,
1540.89,
3021.456,
2241.055,
3645.865,
993.664,
2703.471,
188603.7,
73442.36,
8536.102,
1768.353,
17472.21,
3588.044,
48925.56,
80024.88,
8011.179,
484074.6,
27948.75,
19322.2,
46860.3,
18921.8,
8668.143,
274.5506,
0,
1099184,
2034, 
2614.52,
43795.21,
1954.161,
3131.891,
1638.455,
4434.402,
2923.683,
3357.851,
731.164,
2292.611,
301939.2,
168884.7,
8682.11,
1886.037,
19662.83,
3569.653,
44615.88,
103113.2,
8707.059,
565303.3,
31811.93,
21636.64,
50839.11,
21440.73,
10075.79,
230.93,
0,
1429273,
2035, 
3042.365,
45403.05,
1956.866,
4265.48,
1766.781,
8398.662,
3872.948,
2999.043,
496.0576,
1894.238,
460725.6,
313633.9,
8941.584,
1992.162,
21481.9,
3554.998,
41008.34,
132973,
9566.476,
658568.8,
36628.52,
24717.86,
53696.78,
24443.14,
12576.01,
180.0672,
0,
1878785,
2036, 
3600.968,
54422.04,
1942.927,
5574.121,
2002.534,
17518.62,
4935.785,
3401.311,
466.8773,
1932.9,
605349.3,
401217.1,
11149.44,
2077.67,
24543.76,
3548.389,
44866.63,
164677.9,
11439.96,
759145.4,
42635.39,
27676.69,
56397.64,
27808.45,
15924.13,
229.2061,
0,
2294485,
2037, 
4315.452,
81865.8,
1966.128,
7292.918,
2399.817,
32652.66,
5980.596,
3834.711,
445.6388,
2021.01,
704261.6,
423217.2,
13303.72,
2203.107,
27955.12,
3548.901,
49161.24,
204352.4,
12099.34,
862929,
49628.18,
32066.92,
59227.75,
32364.56,
20420.37,
266.2228,
0,
2639781,
2038, 
4785.313,
120263.5,
2152.526,
9651.272,
2443.643,
54112.27,
6880.55,
4288.049,
428.268,
2130.169,
782097.4,
432043.2,
15399.31,
2412.124,
34456,
3551.965,
57435.96,
249283.5,
12111.38,
1044232,
58000.93,
36577.08,
62177.27,
37161.04,
26026.9,
331.019,
0,
3060433,
2039, 
5431.213,
174424.6,
2552.329,
12560.69,
2392.266,
85743.34,
7584.02,
4795.807,
415.0935,
2238.434,
856195.9,
443007.7,
17608.6,
2727.541,
43849.8,
3557.779,
77023.62,
331059.9,
12039.26,
1325670,
68041.77,
42819.43,
64364.13,
41458.21,
32464.16,
480.4776,
0,
3660506,
2040, 
6568.993,
257130,
3046.489,
17770.93,
2341.157,
120994.8,
8050.928,
5357.073,
407.8796,
2348.826,
894609.1,
455601.4,
18979.49,
3089.865,
56217.88,
3584.774,
100906.3,
477422.7,
11758.73,
1558038,
79614.09,
48519.74,
66211.29,
45023.56,
39895.5,
719.6339,
0,
4284210,
2041, 
8231.431,
346005,
3754.325,
24179.22,
2338.704,
145277.9,
8517.392,
6025.27,
402.8736,
2465.404,
910541.3,
463748.3,
20390.74,
3448.749,
80483.94,
3654.562,
123985.2,
648237.4,
11458.17,
1864761,
92586.94,
56240.27,
66940.46,
48783.36,
48882.12,
1079.535,
0,
4992420,
2042, 
11644.45,
424412,
5859.884,
30814.68,
2406.288,
169553.6,
9000.769,
6796.97,
403.1764,
2587.267,
926226.8,
467888.8,
23145.56,
3597.393,
107367.9,
3760.842,
153892.8,
809933,
11315.97,
2186887,
105978.9,
63412.5,
67275.37,
53241.64,
57865.4,
1579.297,
0,
5706848,
2043, 
20459.44,
543729.4,
9043.258,
39943.77,
2483.141,
208293.4,
9515.998,
7618.954,
405.359,
2896.19,
904880.6,
473251.5,
25980.81,
3727.856,
136377.5,
3889.063,
193355.9,
990675.3,
11247.55,
2533705,
119498.8,
71484.41,
66975.99,
58886.96,
70068.34,
1917.191,
0,
6510312,
2044, 
31268.07,
694791.2,
13400.59,
51517.1,
2571.055,
249468.1,
10251.15,
8553.91,
411.6985,
3656.901,
888045.5,
476945.4,
27431.65,
3843.924,
162862,
4063.587,
237026.8,
1205050,
11445.32,
2897054,
133229.5,
82439.29,
66623.74,
65033.7,
85833.3,
2274.545,
0,
7415092,
2045, 
44176.57,
877907.9,
21695.3,
64979.07,
2697.344,
296370.5,
13761.95,
10436.49,
421.1335,
4614.143,
871557.5,
480152.6,
30900.43,
3984.234,
191913.3,
4419.437,
292226.6,
1430492,
11748.67,
3388097,
147064.5,
95306.8,
64796.79,
71579.52,
103495.6,
2678.819,
0,
8527474,
2046, 
61254.33,
1085756,
47371.63,
78798.15,
2871.211,
355708.8,
19825.59,
12196.84,
430.0739,
5663.749,
852186.3,
481684.3,
39754.63,
4128.041,
214131.9,
4966.146,
330303.1,
1653819,
12025.07,
3901946,
161200.2,
103551.9,
60516.09,
76310.85,
119717.9,
3107.294,
0,
9689225,
2047, 
84085.16,
1285178,
92534.95,
91227.41,
3081.535,
410152.6,
27910.27,
13902.72,
684.5596,
6862.155,
843071.8,
480644.3,
47731.88,
4282.042,
234531.6,
5648.043,
390662.4,
1885061,
12052.88,
4400377,
181771.7,
112397,
54748.1,
80096.05,
140429.1,
3510.552,
0,
1.089263e+07,
2048, 
115816.7,
1477059,
144214.3,
103665.8,
3384.625,
481288,
38194.64,
15853.42,
1356.408,
8704.318,
831982.6,
476518,
59800.91,
4453.458,
252623.5,
6385.713,
444193.7,
2112147,
11707.25,
4865865,
223115.1,
122194.1,
49957.82,
83604.3,
160636.4,
3893.768,
0,
1.209862e+07,
2049, 
155000.8,
1663917,
175785.5,
114742.3,
3750.409,
534862.3,
49650.91,
18351.1,
3425.244,
11479.67,
824001.7,
473352.6,
74840.57,
4654.807,
269052.4,
7109.635,
481123.8,
2269243,
11230.2,
5305525,
268835,
125748.6,
46113.64,
86456.45,
178203.9,
4260.388,
0,
1.316072e+07,
2050, 
190948.6,
1853298,
206006.8,
131480.2,
4165.591,
587889.8,
61794.87,
21303.08,
4763.411,
14367.09,
821298.1,
470622.3,
92142.7,
5227.372,
285827.8,
7700.581,
509053.3,
2383240,
10778.18,
5681762,
308359.4,
132345,
44637.71,
90521.52,
200087.2,
4711.9,
0,
1.412433e+07,
2051, 
208403.1,
2023310,
236944.4,
148810.6,
4630.312,
641851.6,
73290.93,
24383.6,
5408.481,
18243.15,
825236.6,
468259.2,
111575.2,
6745.537,
306420.6,
8166.704,
542362.9,
2467957,
10953.54,
6126930,
347928.8,
139553.4,
44727.05,
92837.72,
224583,
5287.172,
0,
1.51148e+07,
2052, 
240672.2,
2265159,
270564.8,
167824,
5052.908,
691469.8,
83700.98,
28432.69,
5972.046,
23545.59,
820973.6,
466187.8,
133421.8,
9094.135,
318785.3,
8750.774,
570142.4,
2492106,
11101.05,
6614170,
368008.2,
144095.8,
46421.74,
94791.49,
257404.5,
6046.481,
0,
1.614389e+07,
2053, 
250827.3,
2482533,
307450.9,
194159.1,
5419.292,
731448.8,
98888.83,
34275.35,
6985.776,
33000.88,
803531.6,
463194.2,
152698.8,
12524.91,
331176.7,
9687.438,
622414.9,
2441429,
11342.13,
7052640,
381697.7,
143572.4,
49566.02,
98274.17,
320251.3,
7115.442,
0,
1.704611e+07,
2054, 
262127.5,
2621092,
352565.1,
211417.3,
5844.718,
773417.2,
123530.2,
40607.16,
7985.243,
45350.23,
780850.6,
461079.1,
169853.2,
16854.65,
345930.3,
11191.41,
659409.2,
2390273,
11799.17,
7372760,
389690.6,
144891.4,
54088.88,
107200.5,
394260.3,
8377.334,
0,
1.776244e+07,
2055, 
270793.9,
2790445,
394544.5,
224680.8,
6598.988,
798491.1,
144066.4,
47557.25,
9684.638,
60479.57,
762168.7,
458610.8,
181293.1,
22444.52,
358518.9,
13272.16,
698464.8,
2312227,
11556.72,
7570768,
397064.8,
146216.1,
59111.54,
114834.5,
458397.8,
9874.841,
0,
1.832217e+07,
2056, 
276661.2,
2947549,
434583,
235421.2,
7625.31,
827913,
195556.1,
54615.45,
10635.59,
78311.88,
754564.1,
458433.2,
196089.2,
30428.46,
376458.4,
15765.46,
787701.8,
2245764,
11684.62,
7716354,
411760.1,
150415.4,
64720.42,
126126,
508403.5,
11693.32,
0,
1.893523e+07,
2057, 
280315.1,
3039057,
466787.7,
240250.2,
8916.469,
860045.9,
266859.4,
62335.73,
11739.29,
98428.76,
768626.8,
461504.9,
207772.9,
41094.57,
401382.7,
18142.93,
877754.6,
2190026,
12727.55,
7847140,
433528.7,
154928,
71191.13,
138994.4,
571102.5,
14603.98,
0,
1.954526e+07,
2058, 
283402.2,
3084665,
487529.1,
244804.9,
10926.36,
897773.8,
348255.1,
71177.2,
14625.04,
120343.3,
798296.3,
461260.5,
219253.9,
52583.9,
426118.2,
20106.92,
965484.5,
2144805,
13895.64,
7958249,
440399.2,
156610.2,
75901.15,
149830.8,
632910.7,
18209.52,
0,
2.009742e+07,
2059, 
285288,
3072111,
506996.1,
248392.8,
13387.32,
931858.4,
411877.1,
83351.23,
20533.71,
142303,
836353.6,
456346.6,
234063.8,
66675.41,
450046.1,
20649.29,
1137131,
2118045,
14055.5,
8086956,
449852.9,
157083.8,
75439.1,
160543.2,
699815.6,
22934,
0,
2.070209e+07,
2060, 
285780.9,
3055330,
528560.6,
254280.3,
16222.14,
975069.5,
462148,
96421.54,
36192.77,
172843.1,
846688.1,
451248.3,
248614,
81812.74,
470579.1,
21038.93,
1222290,
2109524,
14212.8,
8204430,
460423.5,
156409.4,
81222.95,
172878.6,
810041.6,
28648.75,
0,
2.126291e+07,
2061, 
284853.1,
3057497,
549612.9,
256598.3,
19974.36,
1012925,
503036.8,
109273.2,
70458.73,
206387.1,
836773.6,
445585.3,
259852.7,
102009.1,
491708.1,
21446.3,
1279600,
2115961,
14721.34,
8305207,
487880.1,
159386.7,
85250.09,
187832,
920276.9,
35906.34,
0,
2.182001e+07,
2062, 
282573.2,
3076317,
573032.6,
260579,
24344.57,
1046214,
526707.9,
127073.7,
146715,
235659.3,
814532.1,
437049.5,
272323.5,
126061.4,
512834.8,
21784.11,
1343991,
2123546,
15109.84,
8342902,
508405,
161242.3,
87010.25,
206901.7,
1034657,
48095.69,
0,
2.235566e+07,
2063, 
279017.4,
3100220,
596797,
266131.3,
29469.75,
1077554,
546803.6,
153671.6,
261997.4,
266292.7,
775575.6,
428308.3,
283814,
153542.8,
533727.9,
22148.1,
1386522,
2128447,
15560.84,
8379099,
530135.7,
160065.4,
87787.88,
229653.1,
1157986,
61703.13,
0,
2.291203e+07,
2064, 
271469.8,
3143794,
620387.8,
275667.5,
35553.98,
1110443,
582261.1,
186598.9,
387088.1,
297506.1,
754356.1,
424677.9,
290479.3,
179813.3,
556213.9,
22484.79,
1429690,
2125751,
16101.82,
8386789,
561704.8,
162408.2,
87443.33,
252615.8,
1309610,
80088.91,
0,
2.3551e+07,
2065, 
258957.2,
3186636,
643125.4,
283757.3,
42940.71,
1152774,
641126.3,
219337.8,
480188.2,
324361.8,
754225.4,
425179.1,
295302.9,
196321.1,
579325.3,
22999.04,
1462849,
2082912,
16632.08,
8402640,
616525.5,
165816.9,
86712.21,
273843.3,
1440328,
101736.8,
0,
2.415655e+07,
2066, 
238571.5,
3235469,
668284.8,
291008.9,
51312.07,
1204164,
720930.3,
242567.3,
534147.1,
346477,
735155.7,
431606.5,
298687.9,
208946.9,
601229.7,
23666.13,
1497136,
2037229,
17191.34,
8404927,
650091.8,
168623.7,
86311.59,
294780.7,
1578191,
121264.2,
0,
2.468797e+07,
2067, 
215982.3,
3299807,
692175.7,
297433.7,
65229.76,
1277226,
825200.8,
276123.2,
593772,
359686.5,
716600.4,
437162.2,
300102.8,
221060.3,
627570.8,
26448.42,
1544671,
1975118,
17811.96,
8408392,
645311.9,
169243.3,
86317.32,
317186.9,
1702691,
139054.9,
0,
2.523738e+07,
2068, 
193502.6,
3377153,
713784,
298696.5,
88093.17,
1355393,
919909.4,
309537.7,
644750.1,
372955.8,
723958.6,
442944.4,
302296.6,
230214.8,
654144.8,
34552.46,
1613319,
1909645,
18676.55,
8405639,
618665.2,
168705.5,
86966.91,
342637.2,
1855875,
163288.9,
0,
2.58453e+07,
2069, 
177993.4,
3459924,
745470.9,
293711.4,
115227.2,
1418274,
1020498,
338212.2,
682977,
386765,
738156.7,
447154.3,
303346,
233631,
679768.8,
42495.84,
1696490,
1864538,
19584.39,
8420993,
583980.3,
168975.4,
87163.16,
373454.8,
1976238,
186052.3,
0,
2.646107e+07,
2070, 
162851.2,
3534284,
792800.7,
286224.1,
149947.3,
1471796,
1111876,
364463.1,
724299.8,
401999.4,
765242.3,
450888.4,
303550.7,
233836,
705595.6,
52043.62,
1800462,
1821573,
20759.34,
8477254,
552404.6,
170854.9,
86584.04,
407150.2,
2131493,
216179,
0,
2.719641e+07,
2071, 
148273.4,
3591723,
834092.1,
276200.7,
189988.7,
1537524,
1183870,
400532.2,
748628.6,
420352.8,
823804.6,
454819.8,
304154,
233943.2,
725223.8,
63325.95,
1936797,
1791325,
22095.49,
8574756,
541743.3,
176228.5,
86268.27,
435271.9,
2272788,
242820.9,
0,
2.801655e+07,
2072, 
139786.5,
3643880,
870710.1,
265982.5,
247479.3,
1601724,
1237272,
457777.4,
764877.3,
446714.7,
895497.6,
459242.8,
311297.1,
233396.7,
738023.8,
74173.15,
2019782,
1790395,
22866.38,
8651786,
538770,
184234.5,
85703.28,
462951.5,
2434474,
274170.3,
0,
2.885297e+07,
2073, 
137859.1,
3692557,
907043.9,
261688.2,
302145.8,
1652166,
1276890,
526715.2,
805270.9,
469588.1,
947132.4,
465086.7,
316909.8,
232189.1,
741472.6,
85387.6,
2102370,
1793026,
23400.31,
8721164,
559583.9,
192117.8,
84639.73,
495684.9,
2620843,
304031,
0,
2.971696e+07,
2074, 
139820.2,
3739878,
918423.4,
265373.4,
399227.6,
1635768,
1309925,
615070.1,
888034.5,
491942.9,
989408.1,
471258.4,
323911.8,
230263.9,
736871.4,
110134.9,
2169084,
1774484,
23930.25,
8758488,
588793.5,
199238.6,
84550.37,
525988.4,
2821558,
337624.2,
0,
3.054905e+07,
2075, 
140337.2,
3778891,
953606.5,
273091.5,
528014.3,
1599332,
1355377,
740772.4,
977417.1,
515526.6,
1021528,
478472.2,
332249.7,
227952.6,
726866.3,
133068.7,
2247799,
1752766,
24878.72,
8817731,
618421.6,
204055.7,
83351.77,
548504.1,
2972797,
385351.3,
0,
3.143816e+07,
2076, 
141444.8,
3809366,
974457.8,
285638.5,
659337.8,
1575588,
1414997,
863046.1,
1073251,
536427.1,
1041990,
484207.7,
338687.1,
225557.2,
716882.9,
154833.8,
2340927,
1740671,
25946.32,
8860207,
625055.6,
209337.3,
82243.53,
568754.6,
3114410,
419677.3,
0,
3.228294e+07,
2077, 
142378.5,
3824221,
1006218,
297378.9,
791099.8,
1574521,
1485291,
1005006,
1135663,
559482.8,
1033179,
490410.3,
341672.2,
223255.2,
714253.9,
175841.5,
2439776,
1720665,
26483.76,
8906033,
612134.3,
216195.1,
81955.41,
589133.5,
3247926,
459698.8,
0,
3.309987e+07,
2078, 
146080.3,
3835929,
1042858,
306995.2,
947987.1,
1580276,
1538893,
1131434,
1210463,
576104.8,
1019485,
496052,
342734.7,
220912.5,
715768.5,
201196.8,
2545633,
1703076,
27471.84,
8983814,
589888.2,
218703.7,
83338.53,
607256.5,
3361154,
507441.2,
0,
3.394095e+07,
2079, 
154505.3,
3841972,
1076791,
306002.1,
1116834,
1597222,
1567367,
1276747,
1286293,
599409.5,
1003718,
498311.3,
344662.3,
219209.5,
720875.6,
224599.7,
2649433,
1698915,
29246.8,
9060937,
583725.8,
223986.8,
86439.63,
624919.4,
3450427,
565144.4,
0,
3.480769e+07,
2080, 
169050.2,
3850662,
1117041,
302787.8,
1267426,
1611891,
1593373,
1390006,
1366312,
622867.6,
956901.4,
501141.3,
346056.6,
218233.8,
734931.7,
255065.8,
2760826,
1696664,
31814.12,
9104715,
584224.9,
226266,
88477.91,
639640.2,
3517520,
620860.1,
0,
3.557476e+07,
2081, 
189150.9,
3865272,
1154610,
297879.8,
1391809,
1616242,
1622718,
1537458,
1457230,
647312.6,
918984,
503496.2,
346733.3,
217787.8,
752607.1,
283645.1,
2920922,
1723379,
32904.22,
9106659,
595921.8,
227918.9,
88806.98,
652558,
3568459,
664489.2,
0,
3.638495e+07,
2082, 
212009.5,
3887919,
1192740,
293636.7,
1540507,
1626615,
1660243,
1597376,
1569247,
671275.6,
873333.6,
504269.4,
348111.5,
217951.4,
769770.4,
310783,
3025483,
1758530,
34776.61,
9043712,
622747.8,
229870.8,
89123.35,
667318.6,
3609158,
702991.1,
0,
3.70595e+07,
2083, 
240288.1,
3908760,
1229084,
294524.6,
1669942,
1639242,
1701082,
1691839,
1661671,
692307.6,
862212.7,
504991.6,
350389.6,
218527.7,
789188.3,
337334.1,
3129219,
1772598,
37515.29,
8929510,
624691.8,
228456,
90485.63,
681484.2,
3639296,
736418.4,
0,
3.766106e+07,
2084, 
284383.3,
3933227,
1270197,
297423.5,
1789032,
1650842,
1743685,
1837946,
1754324,
701805.9,
842532.8,
503755.7,
349002.4,
219332,
807632.3,
361341.5,
3219853,
1779274,
40654.21,
8786083,
607500.1,
230804.3,
92952.5,
694965.9,
3672983,
772886.9,
0,
3.824442e+07,
2085, 
339772.4,
3949012,
1312339,
304462.4,
1905721,
1658110,
1785146,
2011323,
1840854,
720512.4,
838809,
501164.8,
349298.5,
219900.2,
824237.8,
389578.3,
3313833,
1777232,
43886.08,
8698928,
574868.1,
232500.8,
96412.46,
707839.8,
3742167,
804381.9,
0,
3.894229e+07,
2086, 
398683.4,
3961477,
1358379,
306493.5,
1971841,
1660909,
1829781,
2180562,
1909004,
731388.4,
859281.9,
500198.3,
350751.7,
220409.3,
842616.3,
423681,
3384443,
1771397,
46660.35,
8592376,
560650.4,
231762,
100102.4,
722325.4,
3841746,
832002.7,
0,
3.958892e+07,
2087, 
440486.1,
3966584,
1403600,
308585.8,
2028920,
1649690,
1919615,
2371161,
1969663,
753390.3,
865073.8,
499586.3,
352093.8,
221283.2,
858325.8,
460391.6,
3541711,
1749834,
48381.17,
8516744,
545464.9,
234068.5,
104297,
737318.3,
3937711,
870589.9,
0,
4.035457e+07,
2088, 
458348.9,
3970961,
1445726,
305382.7,
2103285,
1637252,
2027873,
2617298,
2040890,
763247.5,
892653.4,
499492.7,
354445.7,
222188.4,
873373.7,
501851.5,
3693036,
1703247,
50008.64,
8411890,
552864.8,
238601.8,
108942.6,
751569.9,
3999922,
900904.4,
0,
4.112526e+07,
2089, 
455535.1,
3968852,
1472692,
299993.9,
2178370,
1618695,
2145057,
2861396,
2113915,
774358.2,
941929.2,
499765.1,
354952.9,
222943.7,
887976.3,
549792,
3863980,
1647986,
51643.11,
8294263,
575075.9,
248103.8,
112703.2,
765686.1,
4012277,
940153.6,
0,
4.185809e+07,
2090, 
451156.3,
3960701,
1493587,
293899.2,
2247740,
1616489,
2258950,
3058814,
2203742,
794852.9,
982340.7,
500670.4,
354979.4,
222812,
900513.7,
593824.7,
4053986,
1590517,
53824.84,
8187972,
613647.6,
257214.9,
115637.4,
780194.3,
4015591,
1002384,
0,
4.260604e+07,
2091, 
443131.9,
3940073,
1510726,
288230.5,
2318628,
1617656,
2391986,
3233237,
2313150,
796756,
1029236,
501504.1,
354804.3,
222704.4,
907376.6,
646803.1,
4177863,
1547478,
57359.82,
8080045,
654035.9,
264377.4,
118558.1,
794502.2,
4037905,
1054583,
0,
4.330271e+07,
2092, 
434758.3,
3920136,
1543638,
279956,
2381560,
1617925,
2530273,
3397029,
2431256,
807564.6,
1059397,
502660.4,
354618.3,
221805.7,
914001.8,
704456.3,
4221837,
1533635,
61620.41,
7988307,
684088.7,
266945.9,
121273.6,
801483.1,
4035655,
1130660,
0,
4.394654e+07,
2093, 
425413,
3914472,
1565641,
277049.8,
2435937,
1615225,
2644797,
3504479,
2581984,
805831.1,
1073737,
504530.8,
352825.3,
219058.2,
921848.8,
764019.9,
4255935,
1554759,
65714.39,
7914085,
707123,
263117.7,
123736,
815404.7,
3999029,
1197946,
0,
4.45037e+07,
2094, 
417681.7,
3868801,
1601749,
276910.9,
2493861,
1611000,
2744735,
3624128,
2749551,
817933.3,
1083878,
506857.7,
351595.5,
216288.8,
929552.6,
816794.6,
4290147,
1604118,
65765.13,
7854043,
698418.3,
252033.9,
125641.1,
826086.3,
3932711,
1268598,
0,
4.502888e+07,
2095, 
411662.5,
3826636,
1635291,
276075,
2537840,
1606318,
2835080,
3742144,
2910029,
813650.7,
1061522,
508219.8,
351056.5,
213615.9,
937254.8,
864675.9,
4329027,
1664851,
65849.69,
7810206,
694951.2,
239361.2,
126531.5,
835537.8,
3918058,
1326645,
0,
4.554209e+07,
2096, 
408918.6,
3792975,
1674631,
274672.4,
2600022,
1600107,
2915956,
3914017,
3078162,
822703.9,
1108372,
507310.3,
349835,
211442.5,
944874.3,
902399.6,
4365672,
1746015,
66045.16,
7755038,
679782.4,
229964,
125898.3,
869378.3,
3828270,
1388708,
0,
4.616117e+07,
2097, 
406061.3,
3764475,
1705340,
274217.8,
2664632,
1573665,
2994515,
4135472,
3218090,
813665.1,
1118047,
506266.5,
349728.7,
210126,
950327.8,
943996.7,
4388936,
1814778,
68591.34,
7711876,
684007.4,
223947.2,
125166.4,
874814.9,
3709288,
1454462,
0,
4.668449e+07,
2098, 
403260.4,
3716138,
1703171,
272771.1,
2747969,
1535630,
3036232,
4423223,
3305047,
817325.9,
1183037,
504710,
349364.9,
209301.2,
951044.1,
985127.2,
4402117,
1833961,
69927.41,
7686755,
691045.6,
223137.2,
125267.9,
883263.5,
3618207,
1547420,
0,
4.722445e+07,
2099, 
391190.1,
3669642,
1720340,
268272.4,
2849861,
1501847,
3140819,
4700750,
3390067,
805282.9,
1187757,
502519.4,
352966.1,
208763.4,
949583.3,
1037946,
4418281,
1845204,
70560.22,
7659492,
715546.4,
224183.9,
126453.5,
894036.4,
3623651,
1642266,
0,
4.789728e+07,
2100, 
393954.8,
3616366,
1726154,
258324.3,
2917069,
1452390,
3267369,
4882599,
3476377,
815018.3,
1196793,
498217.4,
352273.9,
210521.4,
944979.3,
1091136,
4439600,
1859558,
71346.99,
7643490,
745424.9,
232310.4,
128071.2,
906205.4,
3601297,
1735780,
0,
4.846262e+07];
