real main.em.dem.agr.frt.Pprod2[27](t) = [1971, 
550114.1,
4036719,
212472.5,
12696.24,
319559.9,
52467.7,
501895.8,
19234.84,
0,
301224.6,
5599707,
1946482,
65061.39,
1088583,
606120.5,
1910239,
159314.5,
363092,
206405,
1406370,
88510.22,
0,
568590.1,
1085292,
3893.177,
85782.05,
2.118983e+07,
1972, 
648058.4,
4659998,
241188.5,
13207.01,
453923.2,
66697.68,
581177.8,
22288.35,
0,
365538,
5923586,
2070639,
83715.19,
1196178,
675843.3,
2106890,
177581.9,
359963.1,
218737.5,
1611371,
97602.53,
0,
616499.8,
1445605,
4601.752,
74035.09,
2.371493e+07,
1973, 
750560.5,
5108400,
269130.9,
15332.33,
382759.8,
68415.44,
586358.8,
21283.4,
0,
334634.2,
6269514,
2202055,
97544.21,
1303265,
728808.1,
2295711,
224851.6,
357613,
239892.8,
1860076,
107146.5,
0,
690585.4,
1476368,
4302.74,
83366.15,
2.547797e+07,
1974, 
734340.6,
4723858,
256640.7,
17245.88,
486233.3,
75982.76,
602335,
27660.53,
3.490046,
328935.1,
5462942,
2268949,
78353.55,
1459465,
793297,
2554826,
230128.2,
284958.7,
288132.2,
1611766,
114575.4,
12694.76,
621044.7,
944892.3,
7023.302,
76212.08,
2.406249e+07,
1975, 
729393.5,
5462645,
323428.6,
14642.61,
579316.3,
60334.2,
653585.9,
34684.2,
7.677585,
358372.2,
5315458,
2362909,
152980.5,
1767409,
933805.9,
3076876,
253538.5,
332861.7,
314793.8,
1680450,
111360.9,
23682.4,
568212.3,
1003068,
15654.85,
74855.3,
2.620433e+07,
1976, 
724755.5,
5967862,
278379.8,
15534.71,
814818.8,
75611.02,
728002.6,
41873.43,
10.13346,
374895,
5689489,
2482635,
277831.1,
1766693,
940361.9,
3085025,
235324.9,
432627.7,
271954,
1224648,
100024.1,
32084.64,
633333,
1210555,
23542.56,
78991.16,
2.750686e+07,
1977, 
846220.9,
5688811,
280138.7,
13946.82,
1038160,
75428.98,
797672.8,
32576.65,
12.61934,
356009.7,
5739775,
2594807,
351962.8,
1856404,
983450.1,
3238183,
247779.7,
525808.4,
363795.4,
1636859,
111220.5,
41160.99,
665701.8,
1434802,
39552.37,
76197.62,
2.903644e+07,
1978, 
820725.4,
6350938,
285246.3,
13765.15,
1092604,
80923.95,
806557.6,
28385,
13.07468,
407366.5,
6239752,
2692727,
479638.2,
1967257,
1028616,
3422977,
213172.7,
737921.8,
383113,
1178242,
131196.1,
64688.06,
684548.6,
1227755,
54052.59,
72977.2,
3.046516e+07,
1979, 
738174.8,
6337509,
258895.9,
12590.6,
1290240,
103424.9,
882251.4,
27793.44,
17.03583,
446940.6,
6286529,
2711507,
452123.2,
1974557,
1026319,
3447335,
324859.9,
708024.3,
430936.7,
1916392,
108718.4,
86694.88,
727208.1,
1246241,
70072.66,
61952.91,
3.167731e+07,
1980, 
746481.1,
6531338,
258902.6,
12844.18,
1644369,
99033.68,
967756.6,
29967.96,
30.99565,
468026.2,
5725247,
2532442,
386864.6,
1834920,
951533.3,
3198409,
364120.9,
798821.9,
442416.7,
2473984,
95015.45,
183317.7,
598146,
1082512,
84053.67,
83933.5,
3.159449e+07,
1981, 
700739.9,
6124725,
335594.6,
12751.36,
1154608,
81076.85,
983491.9,
27216.38,
49.54093,
561507.7,
5350928,
2769002,
421865.6,
1900482,
963859.9,
3297293,
334862,
885251.9,
474146,
2634707,
89210.64,
245517.3,
604549.4,
1024616,
95729.38,
76582.7,
3.115036e+07,
1982, 
673405.9,
5634106,
347902.7,
10902.65,
1127486,
84020.57,
1018644,
24802.43,
41.74059,
517040.6,
5296882,
2694477,
503619.6,
1944837,
970946.3,
3366166,
440736.4,
887735.1,
454014.3,
2685343,
81541.53,
368903.9,
613313.8,
901531.9,
119275,
65110.73,
3.083278e+07,
1983, 
687789,
6686155,
266396.6,
11251.16,
999533.7,
83299.41,
1126378,
22017.34,
56.88784,
403234.9,
5339905,
2884477,
617122.2,
2024071,
998140.9,
3504423,
500436.6,
1044945,
525773.8,
3042267,
87041.23,
369548.9,
644594.6,
857707.4,
139258.9,
64542.17,
3.293037e+07,
1984, 
687634.6,
6703804,
316012.9,
11573.9,
1496729,
100899.4,
1307214,
31287.57,
45.26182,
431743.3,
5055673,
2968465,
519773.9,
2028469,
1023534,
3641663,
573048.2,
1366293,
544056.4,
3063796,
91749.32,
422513,
624461.3,
820212.3,
148366.1,
55711.01,
3.403472e+07,
1985, 
605295.1,
6352325,
350081.8,
10925.63,
1219753,
111625.1,
1431003,
33385.68,
39.49941,
381578.6,
4811129,
2773784,
434436.4,
2242935,
1149176,
4162285,
617470.7,
1532588,
535220.3,
2262973,
103205.5,
465321,
569621.5,
713890.8,
153878.7,
64099.81,
3.308803e+07,
1986, 
570923.2,
6378930,
363034.4,
11443.69,
1510566,
126739.3,
1567618,
37215.68,
42.21505,
356319.1,
4703409,
2864817,
461126.7,
2375381,
1252073,
4590353,
631558.9,
1635527,
555912.8,
2283721,
116404.5,
525748.3,
562934,
673894.8,
171663.8,
58303.78,
3.438566e+07,
1987, 
544692.1,
6842110,
392435.6,
11774.25,
1447328,
136437.3,
1752265,
40872.27,
40.16344,
302724.7,
4541528,
2685783,
504914.3,
2363090,
1283850,
4757386,
706750.6,
1293518,
584029.4,
3393864,
119892.2,
535788.9,
548294.2,
734334.8,
165694.4,
63833.19,
3.575323e+07,
1988, 
511361.8,
7219438,
359656.9,
11257.25,
1311266,
129657.9,
1907741,
55165.45,
38.34657,
343034.8,
4334490,
2730229,
410946.6,
2299875,
1281645,
4817301,
797887.8,
1859062,
599761.9,
3909426,
153669.6,
595502.2,
496590.3,
654337.3,
168916.6,
61859.65,
3.702012e+07,
1989, 
491327.1,
7597817,
330497.1,
10371.2,
1101174,
106826.3,
1957733,
59461.96,
32.24147,
318943.6,
4129549,
2692146,
487935.3,
2122024,
1220307,
4660160,
851215.3,
2138289,
631132.1,
4000027,
157969.8,
581872.6,
475214,
640564.1,
170581.2,
57841.19,
3.699101e+07,
1990, 
450929.2,
7562129,
356241.8,
9502.354,
992335,
91315.24,
2052143,
68184.96,
24.98507,
308901.9,
3578041,
1810762,
493032,
1712583,
1292095,
4807959,
935920.2,
2213919,
605257.6,
4448922,
210899.8,
577431.4,
428862.9,
431406.5,
168909,
53542.94,
3.566125e+07,
1991, 
446379,
7861217,
370134.5,
8320.208,
1022763,
84864.13,
2157731,
75971.45,
15.09365,
299149.3,
3201115,
932570.3,
472435.3,
1394409,
1048484,
4092324,
838842.3,
2337348,
606101.3,
5549251,
212490,
578093.2,
410778.2,
463170.3,
164081.7,
54551.93,
3.468259e+07,
1992, 
448151,
7999608,
297561.3,
6190.735,
1051815,
78554.73,
2125589,
85366.05,
7.868356,
283730.8,
2783584,
856042.8,
486433.9,
670241.6,
739530.9,
2105258,
929224.3,
1985498,
563310.1,
5284309,
245013.2,
596785.3,
390656.3,
519817,
179421.5,
50299.01,
3.0762e+07,
1993, 
440294,
8045592,
322701.5,
6365.653,
1223908,
81530.3,
2167092,
105554.4,
0,
341198.7,
2615250,
790258.9,
562041.2,
380180.7,
577940.5,
1465293,
811259.9,
1842800,
558410.6,
4240969,
297921.8,
546458.8,
384038.8,
475042.1,
155477.7,
48633.93,
2.848621e+07,
1994, 
425681.5,
8034370,
354683.6,
5264.265,
1368852,
76554.35,
2237645,
58990.71,
0,
293598,
2629055,
790257.7,
318221.2,
152291.6,
254473.7,
1011146,
871549.6,
2081720,
479101.9,
5699275,
331333.8,
515996.3,
359258.9,
530467.2,
145790.8,
40881.56,
2.906646e+07,
1995, 
425454.5,
8236976,
161757.3,
6020.289,
1069558,
75794.48,
2330711,
61536.96,
0,
293330.3,
2460030,
923571.8,
416414.7,
143181,
237046,
1286575,
823381.8,
2105432,
485154.4,
7044262,
444352.5,
377877.5,
311353.2,
586764.2,
160231.9,
48398.47,
3.051516e+07,
1996, 
435245.5,
8210365,
248793.9,
5232.758,
1126839,
97132.58,
2363337,
46338.82,
0,
307952.3,
2546279,
970832.6,
417058.7,
151551.8,
296536.4,
1494333,
907320.8,
2213502,
463348.3,
6520766,
490230.6,
320149.4,
290273.3,
635710.7,
134605.9,
53911.38,
3.074765e+07,
1997, 
423779.6,
8324161,
189414,
5115.836,
1270228,
92969.03,
2508870,
48959.89,
0,
285152.1,
2367115,
955131.4,
429295.3,
127255.5,
222786.4,
1677521,
918258.6,
2973470,
480185.9,
7572034,
523647.2,
266139.4,
271739.7,
670039.4,
163072.1,
64070.53,
3.283041e+07,
1998, 
375628.1,
7795288,
195452.3,
3976.867,
1228900,
87787.12,
2475431,
50879.09,
0,
277494.9,
2269107,
939870.9,
509156,
105178.9,
210662.8,
1793796,
962269.5,
3191477,
436010.1,
7843675,
550402.7,
336189,
247815.1,
713692.7,
153661.8,
65077.87,
3.281888e+07,
1999, 
357952.4,
7681807,
180539.9,
3063.619,
1130478,
80723.64,
2499550,
48532.92,
0,
292270.7,
2164057,
915257.7,
465669.7,
52782.16,
200230.9,
1906505,
1024341,
3799485,
449414.7,
7505423,
592692.7,
295414.2,
241292.1,
778517.4,
193120.8,
70808.39,
3.292993e+07,
2000, 
316752,
7326098,
162919.1,
2465.815,
1189253,
75747.68,
2406677,
39200.32,
0,
255621.4,
1861065,
925548.6,
497054.4,
75073.89,
175588.9,
2092541,
1114987,
3436916,
403215.5,
7206836,
593537.6,
236642.9,
237557.3,
808152.5,
215761,
80813.59,
3.173602e+07,
2001, 
300100.1,
7514820,
173492.6,
1789.719,
1279469,
75849.32,
2432931,
36218.13,
0,
278716.5,
1762580,
1045776,
345311.8,
59972.64,
190484.5,
2326692,
1020178,
3611489,
347373.1,
7661961,
622267.2,
244438.9,
199674.5,
899349.9,
207134.3,
64500.75,
3.270257e+07,
2002, 
294940.8,
6817728,
125330.3,
476.1627,
1354927,
51998.84,
2356042,
33523.48,
0,
338847.6,
1692468,
1062456,
349162.1,
54324.12,
213658.7,
2433561,
1048270,
3378759,
384156.7,
8553289,
595182.4,
309557.1,
173797,
819208.3,
208932.9,
126580.6,
3.277718e+07,
2003, 
291982.5,
7250965,
76211.3,
0,
1665306,
63740.61,
2569521,
42543.62,
0,
278928.3,
1681127,
1117983,
405052.3,
38092.96,
170974.8,
2779933,
1124649,
3525317,
288386.7,
8974540,
714721.7,
283660.9,
197592.1,
845294.8,
201569.2,
112359.7,
3.470045e+07,
2004, 
253555.1,
7306143,
125943.5,
0,
1742590,
82525.81,
2693476,
38550.38,
181.1878,
308746.6,
1603624,
1155141,
437572.3,
54596.33,
192981,
2888092,
1240991,
3877279,
292605.7,
9921719,
783650.3,
339876.5,
194424.2,
845931.2,
248984.3,
82804.37,
3.671198e+07,
2005, 
265264.5,
6835847,
206688.8,
0,
1247912,
91712.98,
2564390,
27816.39,
265.2953,
232192.3,
1391457,
1169321,
447749.8,
73955.69,
130809.6,
2667546,
1345677,
4294394,
294712.8,
1.018212e+07,
640659.6,
351351.8,
186213.7,
801736,
310856.6,
72952.87,
3.58336e+07,
2006, 
195684.1,
6740809,
224867.4,
0,
1420366,
108307,
2563974,
27925.81,
392.2317,
274251.4,
1360445,
1105215,
453752,
124195.3,
124267.2,
2695907,
1592947,
4447944,
222153.2,
1.070805e+07,
658144.4,
385656.4,
176186.7,
737946.8,
362313.3,
73036.7,
3.678473e+07,
2007, 
281425.5,
6624531,
205421.9,
0,
1818511,
144643.8,
2591257,
15967.8,
711.3516,
257782.3,
1393648,
1202514,
386146.1,
166548,
120999.7,
2706534,
1525772,
4341840,
231708.8,
1.082141e+07,
717787.4,
387242.3,
168416,
746212.7,
231807.2,
42929.01,
3.713176e+07,
2008, 
226557.5,
5248630,
159998,
0,
1452601,
134419.8,
2302255,
9454.893,
889.8477,
231665.9,
742492.6,
980636.8,
245900.7,
186582.9,
116242.6,
2294242,
1322218,
4928938,
161180.5,
1.02553e+07,
678064.6,
306782,
124795.8,
608624.9,
236401.8,
36512.28,
3.299139e+07,
2009, 
231997.3,
6027872,
261598.2,
0,
1843149,
133070.1,
2435992,
6660.857,
1104.766,
243598.2,
937895.6,
949259.7,
468762.4,
207337.1,
91526.14,
2467939,
1277749,
5466343,
140794,
1.140335e+07,
671981.9,
302732.4,
127806.6,
512774.7,
380302.9,
24788.7,
3.661638e+07,
2010, 
265022.6,
6287956,
317417.3,
0,
1915484,
169866.3,
2718117,
7287.903,
1503.465,
216390.3,
987227.1,
985184.2,
410362.1,
238343.6,
96845.09,
2524796,
1213391,
5881376,
132986.6,
1.354131e+07,
660418.9,
334224.2,
130642.1,
615761.1,
397839.2,
24481.14,
4.007424e+07,
2011, 
300058.9,
6588663,
343972.4,
0,
2198562,
194768.7,
2820615,
5619.315,
1791.832,
229363.7,
982154.4,
933125.5,
368262.6,
243595.3,
81341.09,
2550129,
1263005,
5710428,
117715.5,
1.421825e+07,
524985.6,
422598.8,
134550.5,
665873.7,
447695.7,
19409.21,
4.136653e+07,
2012, 
313613.6,
6910433,
461943.8,
0,
2014869,
184965.4,
2716177,
4221.331,
2153.106,
226362.3,
1018652,
965941.6,
400548.3,
231741.6,
73158.05,
2372317,
1507503,
4678114,
125263.7,
1.477275e+07,
622524.8,
475903.7,
103282.5,
625595.9,
502132,
9079.256,
4.131924e+07,
2013, 
322608.7,
6842489,
485082.3,
0,
2180930,
201882.3,
2844939,
0,
2535.364,
221636,
1045183,
939480.1,
469106.2,
239982.5,
63140.5,
2364814,
1588158,
3880931,
87637.34,
1.437702e+07,
730650.2,
568831.1,
99768.13,
584029.6,
575947.1,
0,
4.071678e+07,
2014, 
383549.7,
6874888,
506459.3,
0,
2275218,
200671.4,
2940455,
0,
3464.786,
232850.5,
1095848,
893936.8,
442154,
227055.9,
68315.08,
2446717,
1660591,
3944448,
87701.38,
1.462784e+07,
696815.3,
582263.5,
109208.1,
663058.4,
591799.2,
0,
4.155531e+07,
2015, 
376287.7,
6650012,
555326.9,
0,
2067806,
182063.6,
2865768,
0,
2564.843,
225042.7,
1081027,
936550.7,
441544.9,
212958.8,
68373.36,
2399453,
1540434,
4097041,
85768.16,
1.444555e+07,
710174.5,
569981.6,
100687,
677051,
610062.7,
0,
4.090153e+07,
2016, 
370955.1,
6779581,
556921.6,
0,
2163039,
201062.5,
2962759,
0,
3041.494,
231739.6,
1034272,
954200.3,
441159.4,
219074.3,
71871.34,
2510675,
1600009,
4249839,
86071.41,
1.473875e+07,
730268.3,
627194.6,
103946.1,
674165.4,
660138.2,
0,
4.197074e+07,
2017, 
381463.3,
6790847,
551930.9,
0,
2270787,
209825.7,
3041822,
0,
3444.859,
229408.2,
988553.4,
957392.4,
447469.8,
226024.9,
74218.97,
2604637,
1667964,
4349655,
86942.26,
1.499147e+07,
745424.1,
653539.1,
107139.9,
648026.7,
685735.1,
0,
4.271372e+07,
2018, 
391184.6,
6839554,
549593.4,
0,
2372260,
215676.8,
3096804,
0,
3897.691,
237335.4,
941452.6,
974698.6,
450350.9,
230243.3,
76928.21,
2693787,
1725539,
4494631,
87601.14,
1.510071e+07,
752085.6,
681939.7,
106982.4,
616615.8,
708225.4,
0,
4.33481e+07,
2019, 
394070,
6661224,
542264.5,
0,
2505839,
222768.2,
3183602,
0,
4355.524,
249105.1,
911806.9,
978511,
453556.4,
234111.6,
78269.89,
2780309,
1790106,
4669791,
89187.41,
1.52742e+07,
767542.5,
714357.7,
107930.3,
583117.9,
723754.4,
0,
4.391978e+07,
2020, 
398522.7,
6544171,
533153.6,
0,
2607897,
229919,
3243929,
0,
4882.941,
249549.1,
872021.6,
983133.6,
453412.8,
239678.6,
80202.8,
2844966,
1857579,
4858288,
91034.16,
1.542259e+07,
775283.8,
736194.6,
108333.8,
502012.7,
736112.7,
0,
4.437286e+07,
2021, 
385949.7,
6527896,
526879.3,
0,
2614336,
231393.5,
3272494,
0,
5227.179,
248661.3,
836039.2,
979192.3,
467610.5,
233366.6,
82956.49,
2876858,
1879370,
4917289,
92093.43,
1.547712e+07,
774567.3,
760407.1,
107991.3,
501347,
752754.7,
0,
4.45518e+07,
2022, 
366846.1,
6533926,
520008.2,
0,
2601921,
231683.4,
3289607,
0,
5566.781,
249363,
797070.4,
972866.3,
479261.6,
225736.3,
85358.6,
2898650,
1889671,
4977497,
93077.67,
1.551339e+07,
772737.8,
783058,
107642.7,
500131,
768946.9,
0,
4.466402e+07,
2023, 
344643.9,
6567361,
513127.3,
0,
2570551,
231173,
3304229,
0,
6238.361,
251609.5,
755772.4,
965010.6,
488076.4,
217249.4,
87713.44,
2918016,
1899079,
5037235,
94046.25,
1.554562e+07,
770321.1,
804272.8,
107288.4,
498948.2,
784567.4,
0,
4.476215e+07,
2024, 
322185.5,
6621105,
506116,
0,
2518105,
229826.2,
3313921,
0,
7074.746,
255132,
713532.7,
955955.7,
495288.8,
208263.6,
90058.94,
2932947,
1905953,
5095959,
94981.62,
1.556967e+07,
766711,
823382,
106928.6,
495327.7,
799577,
0,
4.4828e+07,
2025, 
302128.2,
6698863,
499450.1,
0,
2453018,
227934.5,
3322685,
0,
7965.792,
260214.5,
670591.8,
947323.9,
507416.9,
199587.2,
90863.38,
2948194,
1920484,
5153463,
95922.12,
1.558614e+07,
762469.4,
840603.6,
106641.6,
490335,
817387.9,
0,
4.490968e+07,
2026, 
291065.8,
6789026,
498878,
0,
2432160,
230851.8,
3358952,
0,
8820.473,
266532.8,
659961.2,
945392.8,
514865.8,
200986.3,
91631.09,
2992628,
1947122,
5247382,
97343.72,
1.568441e+07,
771750.6,
855298.2,
105822.8,
487868.1,
838854.1,
0,
4.53176e+07,
2027, 
287003.3,
6872177,
499545.6,
0,
2419011,
234291.4,
3402500,
0,
9628.576,
272332.6,
653315.1,
945786.8,
525315.3,
203400.9,
92460.15,
3043558,
1977652,
5340948,
98802.55,
1.579453e+07,
781986.9,
872130.8,
104998.5,
485943.7,
860628.4,
0,
4.577795e+07,
2028, 
289008.8,
6950193,
501330.5,
0,
2413839,
238653.1,
3452247,
0,
10234.67,
277791.8,
650961.8,
948353.8,
537968.7,
206754.2,
93394.93,
3100039,
2010281,
5433621,
100293.3,
1.591986e+07,
793843.4,
890929.5,
104168.9,
487073.3,
887977.8,
0,
4.629882e+07,
2029, 
296723.6,
7022019,
504029.3,
0,
2416983,
243407.4,
3509754,
0,
10861.79,
282853.8,
652601.8,
953144.8,
550935.1,
210892.9,
94511.53,
3162618,
2046157,
5525761,
101826.9,
1.60638e+07,
807058.1,
910717.6,
103333.9,
492728.2,
915895.6,
0,
4.687861e+07,
2030, 
309500.8,
7087651,
507159.7,
0,
2422110,
248484.8,
3573868,
0,
11500.06,
287481.3,
658139.1,
959664.9,
558496.1,
215832.7,
95824.19,
3230094,
2077758,
5615045,
103394.7,
1.622657e+07,
820903.9,
932772.2,
102493.6,
503232.3,
948928.2,
0,
4.74969e+07,
2031, 
328069.6,
7130946,
509485.8,
0,
2446478,
254778,
3647265,
0,
12234.92,
290984.5,
667337.1,
965799.7,
561248.8,
221583.7,
96467.16,
3304772,
2108348,
5651886,
95931.61,
1.637729e+07,
830384.8,
949453.2,
101862.2,
517027.2,
974941.8,
0,
4.804457e+07,
2032, 
348422,
7159730,
510349.7,
0,
2474261,
260426.2,
3719878,
0,
12976.06,
293846.5,
676946.3,
972519.9,
561237.9,
227739.9,
97207.8,
3380311,
2137916,
5688709,
89745.68,
1.653308e+07,
838746.8,
965304.8,
101222.4,
535730.7,
996625,
0,
4.858293e+07,
2033, 
369788.3,
7180306,
510607.5,
0,
2503418,
266235.3,
3793992,
0,
13722.01,
295949.9,
686531.8,
979277.8,
559039.6,
234146.2,
98006.19,
3457440,
2167056,
5726168,
85730.43,
1.669377e+07,
845047.7,
980486.2,
100574.3,
556996.6,
1010407,
0,
4.911469e+07,
2034, 
390217.1,
7193406,
510339.2,
0,
2535647,
272476,
3867269,
0,
14465.69,
297458.1,
695502.2,
985600.1,
556873.7,
240927.7,
98689.88,
3538355,
2191830,
5764666,
82866.99,
1.686561e+07,
847490.5,
993599.5,
99917.74,
580185.4,
1023909,
0,
4.96473e+07,
2035, 
409161.7,
7199046,
505058.3,
0,
2571654,
280276.4,
3941999,
0,
15303.48,
299229.9,
702208.9,
991372,
555900.4,
248001.6,
100960.2,
3623395,
2217813,
5810354,
80723.58,
1.704945e+07,
847947.9,
1007005,
99252.87,
611308.7,
1029033,
0,
5.019646e+07,
2036, 
427636.2,
7192834,
501772.2,
0,
2623793,
293714.7,
4025786,
0,
16387.76,
306969.9,
703169,
995679.1,
560095.1,
256185.2,
106369.3,
3719691,
2249884,
5862997,
83673.64,
1.724425e+07,
847597.4,
1019369,
98055.72,
655617.2,
1031940,
0,
5.082346e+07,
2037, 
445051.4,
7197608,
500334.2,
0,
2673054,
312069,
4115880,
0,
17743.51,
319351.7,
704278.3,
1000007,
571501.4,
265084,
114703.9,
3821577,
2284593,
5928359,
87480.08,
1.744951e+07,
847416.8,
1033226,
79708.22,
715113.7,
1041862,
0,
5.152551e+07,
2038, 
461659.8,
7227948,
500772.2,
0,
2718181,
334902.2,
4221732,
0,
19449.31,
336385.4,
704769.2,
1004644,
590202.9,
274578.9,
125681.6,
3939623,
2329202,
6006123,
91115.43,
1.768722e+07,
847253.3,
1048852,
69903.21,
799375.3,
1057007,
0,
5.239658e+07,
2039, 
478305.9,
7291577,
503150.8,
0,
2761127,
361565.6,
4346108,
0,
21428.19,
357739.4,
704717.4,
1009735,
615238.7,
284393.3,
137903.4,
4072468,
2388148,
6095795,
94743.21,
1.79497e+07,
849036.6,
1069331,
63788.03,
931132.4,
1074611,
0,
5.346175e+07,
2040, 
495321.5,
7383433,
510355.5,
0,
2803372,
391473.4,
4481802,
0,
23471.75,
382580.8,
704743.4,
1014345,
645041.9,
294444.3,
150747.2,
4218361,
2454993,
6192593,
98390.08,
1.822425e+07,
850810.8,
1090440,
59579.18,
1086748,
1098697,
0,
5.465599e+07,
2041, 
513219.3,
7500240,
517692.3,
0,
2854887,
418820.8,
4622145,
0,
25446.71,
405261.8,
709366.7,
1017136,
670875.1,
302793.6,
162026.9,
4372019,
2524717,
6272682,
102249,
1.852502e+07,
875177.6,
1111755,
56717.89,
1260144,
1119705,
0,
5.59401e+07,
2042, 
532221.1,
7615242,
525133.3,
0,
2918676,
445961.7,
4760017,
0,
27154.86,
425752,
712675.9,
1019027,
694258.9,
310493.8,
171863.2,
4523789,
2593712,
6350958,
105875.2,
1.883172e+07,
876857.4,
1133843,
59397.54,
1447593,
1144907,
0,
5.722713e+07,
2043, 
551789.4,
7730739,
533058.5,
0,
2991142,
472602.5,
4900318,
0,
28661.87,
445453.6,
718659.6,
1020306,
714742.3,
317641.4,
179497.5,
4673582,
2663487,
6426299,
109290.2,
1.915056e+07,
879940.5,
1156312,
62062.52,
1631823,
1175063,
0,
5.853303e+07,
2044, 
571948.4,
7844656,
541146.6,
0,
3060216,
499925.1,
5040595,
0,
30059.37,
464191.8,
724752.8,
1021296,
734571.4,
324425.2,
187397.3,
4822296,
2732747,
6498481,
112492.6,
1.948023e+07,
885606.9,
1178890,
64629.16,
1779859,
1210349,
0,
5.981076e+07,
2045, 
592979.5,
7957392,
549683.2,
0,
3126173,
527833.6,
5181380,
0,
31447.57,
482018.4,
731367.6,
1022201,
752468.8,
330912,
194136.5,
4964155,
2799692,
6565091,
115509.7,
1.981615e+07,
893780.8,
1201754,
67042.68,
1897706,
1245331,
0,
6.10462e+07,
2046, 
613120.9,
8059207,
556874.4,
0,
3201777,
553873.9,
5321216,
0,
32911.25,
498053.6,
737980.8,
1022243,
768581.2,
337951.5,
199216.2,
5098827,
2862610,
6620572,
118070.2,
2.011859e+07,
878682.1,
1224659,
69462.84,
1983918,
1290588,
0,
6.216898e+07,
2047, 
632646.2,
8160209,
564128.3,
0,
3264453,
578585.3,
5460042,
0,
34303.93,
512251,
744838.9,
1022086,
782280.4,
344871.8,
203420.6,
5228574,
2928149,
6672968,
120455.5,
2.04042e+07,
888054,
1248948,
73492.58,
2032932,
1335656,
0,
6.323754e+07,
2048, 
651776.4,
8273862,
571152.9,
0,
3325267,
602383.5,
5598976,
0,
35617.64,
523344.4,
748319.3,
1021699,
794636.1,
351788.5,
207381.7,
5351747,
2993888,
6722681,
122956.8,
2.066677e+07,
897018.7,
1274400,
77415.34,
2058089,
1379300,
0,
6.425047e+07,
2049, 
670797.6,
8409606,
577913.2,
0,
3391272,
624583.4,
5735562,
0,
36793.85,
531786.9,
751283.6,
1021075,
802331.6,
358646.5,
210811.5,
5466579,
3059852,
6772043,
125258,
2.090643e+07,
904413,
1300802,
81164.43,
2083964,
1420779,
0,
6.524375e+07,
2050, 
689379.1,
8560050,
583372.9,
0,
3461396,
642814.7,
5862922,
0,
37752.5,
535172.8,
753418.4,
1020112,
806768.6,
365479.7,
213469.8,
5571434,
3122956,
6816685,
127342.9,
2.111273e+07,
911151.6,
1327253,
84690.09,
2092642,
1460169,
0,
6.615916e+07,
2051, 
706313.3,
8706496,
591773.1,
0,
3517566,
653320.3,
5958124,
0,
38048.1,
539033.4,
756600.6,
1021060,
808241.1,
369516.5,
217340.5,
5645223,
3174121,
6847379,
128404.8,
2.130418e+07,
915974.2,
1336335,
88396.15,
2089597,
1488636,
0,
6.690168e+07,
2052, 
722317.4,
8863870,
598924.9,
0,
3582237,
660956.4,
6045151,
0,
38215.88,
538830.4,
759330.1,
1021710,
807692.1,
373471.4,
220232.3,
5709109,
3217773,
6872842,
129304.4,
2.147051e+07,
920509.1,
1343891,
88419.3,
2084970,
1512972,
0,
6.758324e+07,
2053, 
736432.9,
9013130,
604840.8,
0,
3650154,
667126.1,
6119720,
0,
38312.38,
535846.1,
761870.6,
1022152,
805063.8,
377372.6,
222151.4,
5766078,
3254532,
6894113,
129750.7,
2.161466e+07,
924934.6,
1350192,
88441.84,
2073943,
1532549,
0,
6.818337e+07,
2054, 
748975.8,
9142861,
610360.5,
0,
3724181,
672629.4,
6185503,
0,
38354.5,
530876.3,
764279.6,
1022374,
801508.7,
381257.9,
222126.7,
5816808,
3284410,
6919192,
130152.8,
2.173739e+07,
929283.5,
1355498,
88463.77,
2037924,
1547013,
0,
6.869142e+07,
2055, 
760051.6,
9248760,
616089.1,
0,
3798384,
678325.8,
6244967,
0,
38381.86,
526150.2,
766694.8,
1022282,
797413.3,
385156.1,
220654.4,
5861651,
3308442,
6942448,
130526.4,
2.184444e+07,
932789.5,
1360590,
88441.27,
1996267,
1556531,
0,
6.912544e+07,
2056, 
770037.2,
9333088,
622607.3,
0,
3872958,
681296.3,
6300612,
0,
38469.89,
522443.2,
769157.1,
1022085,
793198.8,
388963.5,
218054.7,
5902025,
3327703,
6966878,
131185.9,
2.194248e+07,
935214.6,
1366137,
88202.6,
1959608,
1565278,
0,
6.951768e+07,
2057, 
779014.1,
9394229,
628497.8,
0,
3943509,
682389.4,
6349762,
0,
38597.13,
519817.8,
771761.1,
1021642,
789499.9,
391967.8,
214733.7,
5935919,
3342662,
6988449,
131815.5,
2.202924e+07,
936547.4,
1371284,
87961.97,
1929011,
1570620,
0,
6.984893e+07,
2058, 
787547.4,
9428585,
632696,
0,
4007851,
678430.1,
6383228,
0,
38480.76,
517539.4,
774397.6,
1020841,
786388.3,
393797.9,
211192.6,
5955770,
3349619,
7008170,
132355.6,
2.208922e+07,
937195.9,
1376037,
87719.43,
1902071,
1573912,
0,
7.007304e+07,
2059, 
792716.9,
9441161,
638026.9,
0,
4064654,
666951.8,
6402633,
0,
38404.14,
515554.4,
777194.6,
1019240,
783642.3,
394384.9,
207882.1,
5962534,
3349971,
7017098,
132822.8,
2.212746e+07,
938280.1,
1380487,
87475.09,
1878353,
1575825,
0,
7.019275e+07,
2060, 
794828,
9435209,
643509,
0,
4126423,
636333.5,
6399795,
0,
38462.42,
513556.5,
780285.1,
1016753,
781365.6,
393667.8,
202355.5,
5950585,
3340363,
7040342,
133166.4,
2.212913e+07,
939788.5,
1385206,
87228.84,
1861948,
1576149,
0,
7.020645e+07,
2061, 
792460.5,
9431519,
652300.6,
0,
4208573,
608945.3,
6399262,
0,
38536.35,
514100.4,
781810.5,
1013612,
766722.2,
391048.2,
196212.8,
5938579,
3326970,
7071877,
133142.8,
2.213526e+07,
939835.3,
1389257,
86900.67,
1842964,
1577801,
0,
7.023769e+07,
2062, 
788145.7,
9421808,
664769.8,
0,
4299931,
583362.8,
6400341,
0,
38694.01,
514555.7,
783460.1,
1010314,
752066.4,
388079.3,
188627.5,
5929606,
3315027,
7114661,
133154.1,
2.215126e+07,
940785.8,
1393904,
86565.01,
1815830,
1577681,
0,
7.029263e+07,
2063, 
782793.5,
9408717,
682133.1,
0,
4399656,
561247.3,
6411194,
0,
39158.61,
515802.1,
785348.9,
1007043,
737652.2,
385235.6,
180495.4,
5929502,
3308414,
7168138,
133249.3,
2.219174e+07,
942410.4,
1399222,
86222.16,
1785256,
1576836,
0,
7.041746e+07,
2064, 
779032.5,
9393489,
699770.6,
0,
4509062,
543958.9,
6432516,
0,
39688.88,
517734.9,
786850.3,
1004305,
723961.1,
382714.3,
172151.8,
5939018,
3307170,
7231197,
133421.1,
2.221944e+07,
943734.2,
1405160,
85872.38,
1753735,
1576127,
0,
7.058011e+07,
2065, 
776731.9,
9379312,
716555.4,
0,
4616349,
537086.8,
6466487,
0,
40177.77,
520343.4,
787601.9,
1002062,
711000.1,
380726.1,
165749.9,
5960436,
3311905,
7289400,
133678.6,
2.227667e+07,
944444.3,
1410761,
85515.84,
1724600,
1576801,
0,
7.081439e+07,
2066, 
775539.8,
9370529,
729272.4,
0,
4721831,
530314.1,
6501650,
0,
40574.18,
522485,
788308.8,
999764.6,
698674.9,
379277.6,
160889.5,
5984407,
3316743,
7341344,
133607.7,
2.234153e+07,
944452.5,
1416013,
85119.67,
1695533,
1584751,
0,
7.106262e+07,
2067, 
775720.1,
9367676,
737406.1,
0,
4823688,
525053.9,
6537067,
0,
40946.62,
525454.6,
789045.3,
997583.2,
687283.4,
378660.3,
157899.8,
6011374,
3321971,
7382845,
133535.6,
2.241111e+07,
937834.9,
1420908,
84716.15,
1665936,
1595158,
0,
7.130887e+07,
2068, 
777289.1,
9381451,
741207.2,
0,
4922249,
523300,
6575530,
0,
41286.63,
528337.5,
789628.1,
995977.6,
676226.4,
378879.5,
156634.9,
6046211,
3329263,
7406307,
133487.3,
2.252591e+07,
929143.8,
1425406,
84305.49,
1639078,
1607999,
0,
7.16151e+07,
2069, 
780327.1,
9403219,
740630.6,
0,
5019192,
518530.5,
6607359,
0,
41522.11,
530909.4,
790086.3,
994350,
665001.8,
379987.2,
156968.5,
6081895,
3334022,
7411748,
133401.6,
2.267229e+07,
920398.4,
1429464,
83888.09,
1612765,
1623694,
0,
7.193165e+07,
2070, 
784966.7,
9445090,
737149.4,
0,
5108317,
513257.5,
6637927,
0,
41760.16,
533405.4,
790370.5,
992941.7,
655125.1,
382083.7,
160006.1,
6120958,
3338901,
7400206,
133308.2,
2.282286e+07,
915502.9,
1433213,
83464.07,
1587314,
1641149,
0,
7.225927e+07,
2071, 
792644.4,
9502839,
727670.4,
0,
5183550,
507609.4,
6670251,
0,
42199.23,
535922.3,
791380.5,
990063.6,
646275.5,
385889.2,
166234.4,
6168405,
3349608,
7380073,
133603.6,
2.291959e+07,
910261.3,
1434761,
82444.81,
1576365,
1643033,
0,
7.254067e+07,
2072, 
801372.9,
9589600,
718709.1,
0,
5257522,
503028.3,
6711063,
0,
42918.44,
538725.9,
792167.7,
987772.8,
637741.5,
390474,
174218.4,
6226381,
3365240,
7355745,
133963.8,
2.304181e+07,
910210,
1436199,
81424.06,
1572609,
1645593,
0,
7.291448e+07,
2073, 
810681.3,
9692339,
711481.8,
0,
5330816,
497065.3,
6755405,
0,
43768.39,
542437.7,
792860.7,
985704.1,
630357.8,
395649.7,
183011.4,
6285922,
3382622,
7335380,
134337.9,
2.313504e+07,
913467.5,
1437610,
80401.79,
1570065,
1645851,
0,
7.329228e+07,
2074, 
820065.1,
9808709,
707337.3,
0,
5403568,
494133.6,
6802331,
0,
44559.41,
546751.1,
793541.7,
984221.2,
624163.7,
401279.3,
192684.5,
6344256,
3400974,
7320993,
134718.8,
2.323236e+07,
917701.5,
1439180,
79377.96,
1567691,
1642500,
0,
7.37031e+07,
2075, 
829141.9,
9925499,
706083.9,
0,
5486775,
493788.5,
6851123,
0,
45223.39,
551192.7,
794231.9,
983163,
617292.5,
407127.7,
201134.8,
6401915,
3422923,
7312866,
135108.7,
2.33324e+07,
918950.2,
1441129,
78352.59,
1565908,
1637493,
0,
7.413882e+07,
2076, 
837856.5,
1.003307e+07,
713309.6,
0,
5576416,
497495,
6902307,
0,
45472.11,
555219.6,
794983.6,
982690,
609427.1,
412994.4,
208453.2,
6459945,
3456937,
7312211,
135002.5,
2.343705e+07,
921206.6,
1443624,
77462.79,
1560620,
1649865,
0,
7.462362e+07,
2077, 
846139.3,
1.012518e+07,
722785.8,
0,
5670768,
502073.6,
6950983,
0,
45313.88,
559563.6,
795728.1,
982149.9,
601517.1,
418777.7,
215023.8,
6511675,
3488986,
7316459,
134862.8,
2.353123e+07,
924962.3,
1446591,
76567.78,
1558866,
1662023,
0,
7.508823e+07,
2078, 
854067.9,
1.020675e+07,
734931.3,
0,
5770025,
507224.4,
7000033,
0,
44954.74,
563868.4,
796414.1,
981309.8,
592836.5,
424414.2,
221275.8,
6560401,
3520536,
7324724,
134713.1,
2.362353e+07,
927431.6,
1449896,
75667.59,
1560014,
1676106,
0,
7.555112e+07,
2079, 
861701.9,
1.028443e+07,
746222.6,
0,
5872110,
512712.2,
7056420,
0,
44713.42,
568540.3,
796960.9,
980214.3,
583310.7,
429876.8,
226942.7,
6611808,
3553973,
7335553,
134598.4,
2.372397e+07,
929298.2,
1453485,
74762.24,
1571254,
1692778,
0,
7.604563e+07,
2080, 
869080.5,
1.035894e+07,
755093.1,
0,
5976474,
518366.9,
7118951,
0,
44563.29,
573152.6,
797375.9,
978889.9,
573541.3,
435214.1,
232071.7,
6664842,
3588111,
7356447,
134508.6,
2.382825e+07,
930883.8,
1457584,
73851.8,
1583214,
1710520,
0,
7.655993e+07,
2081, 
875572.1,
1.042132e+07,
754933.9,
0,
6059473,
523539.2,
7169415,
0,
44472.67,
577167.4,
798478.8,
978424.1,
561867.7,
439881.6,
236554.1,
6708227,
3608191,
7376564,
134399.6,
2.388432e+07,
928667.3,
1460094,
73235.23,
1589612,
1718332,
0,
7.692274e+07,
2082, 
882299,
1.048173e+07,
753002.9,
0,
6144925,
528699.3,
7224218,
0,
44475.16,
583244.9,
799615.6,
977938.1,
549752.1,
444307,
240390.2,
6752712,
3628985,
7409980,
134303.1,
2.393796e+07,
925419.3,
1461006,
72610.54,
1594919,
1725570,
0,
7.729806e+07,
2083, 
889201.6,
1.05407e+07,
751481,
0,
6232843,
533642.4,
7280062,
0,
44567.25,
589373.1,
800813.6,
977522.3,
537335.9,
448442.1,
243694.8,
6799672,
3649505,
7454923,
134223.9,
2.399049e+07,
921685.3,
1460667,
71977.48,
1600435,
1733364,
0,
7.768662e+07,
2084, 
896319.8,
1.059802e+07,
752580.5,
0,
6321085,
538603.6,
7333941,
0,
44730.17,
595450.4,
802110.3,
977155.5,
524796.1,
452497,
246522.2,
6848194,
3669384,
7509807,
134155.2,
2.403665e+07,
917362.9,
1459251,
71335.97,
1599399,
1741615,
0,
7.807097e+07,
2085, 
904315.3,
1.065357e+07,
757505.3,
0,
6408942,
543562.4,
7383812,
0,
44933.85,
602215.3,
803502.7,
976810.1,
512269.2,
456383.1,
248940.4,
6897680,
3688445,
7564938,
134091.2,
2.407459e+07,
912311.3,
1456398,
70685.91,
1597723,
1750231,
0,
7.844385e+07,
2086, 
913248.2,
1.071414e+07,
765314.3,
0,
6506969,
549686.2,
7433873,
0,
45168.91,
609802.3,
804918.4,
976718.6,
499248.7,
460449.2,
250734,
6954572,
3712443,
7621662,
135021.6,
2.412409e+07,
907041.3,
1453666,
70036.45,
1595829,
1764385,
0,
7.886902e+07,
2087, 
922534.6,
1.076967e+07,
774231.1,
0,
6601461,
554969.9,
7471064,
0,
45364.1,
614943.9,
806219.1,
976297.8,
486207.7,
464654.1,
252865.9,
7007899,
3733786,
7672271,
135924.3,
2.415927e+07,
901256.6,
1451808,
69376.23,
1574943,
1779316,
0,
7.922634e+07,
2088, 
931779.3,
1.082683e+07,
781333.8,
0,
6691848,
559657.5,
7514506,
0,
45523.2,
620022.1,
807532.6,
975791.1,
473384,
468973.5,
255578.1,
7064944,
3758214,
7717679,
136857.7,
2.419894e+07,
895583.9,
1450477,
86249.1,
1537181,
1794648,
0,
7.959354e+07,
2089, 
941105.5,
1.087901e+07,
787110.8,
0,
6779077,
563646.7,
7556558,
0,
45639.99,
624759.8,
808736.9,
974987.6,
460793.7,
472922.8,
259068.4,
7117781,
3781246,
7759089,
137756.1,
2.422845e+07,
890245.4,
1449792,
99413.77,
1485011,
1810252,
0,
7.991245e+07,
2090, 
949877.9,
1.09278e+07,
792341.4,
0,
6863662,
567388.6,
7599866,
0,
45738.17,
629204.2,
809911.6,
973984.8,
448423.1,
476574.1,
263436.8,
7167838,
3803627,
7796922,
138628,
2.425116e+07,
885430.3,
1449584,
109609.6,
1419852,
1825815,
0,
8.019667e+07,
2091, 
956828.1,
1.095998e+07,
796613.9,
0,
6907819,
569198,
7633119,
0,
45799.48,
632516.3,
810463.7,
973418.4,
438712,
478884.9,
268107.1,
7201638,
3809335,
7827960,
138953.9,
2.423149e+07,
880764.3,
1446917,
116877,
1343816,
1842858,
0,
8.031207e+07,
2092, 
963064.8,
1.099169e+07,
802008.6,
0,
6952130,
571537.8,
7674505,
0,
45890.5,
635810.6,
811105.5,
972925.3,
429197.2,
480447.6,
272795.6,
7234681,
3815716,
7856398,
139278.9,
2.420954e+07,
876702.5,
1444578,
122160.3,
1276087,
1857855,
0,
8.04361e+07,
2093, 
969126.5,
1.101442e+07,
807623.1,
0,
6994968,
573992.3,
7704455,
0,
46015.49,
636758.6,
811604.4,
972111.3,
419705.9,
481749.3,
277025.5,
7256604,
3816457,
7884407,
139522.3,
2.415932e+07,
872484.9,
1442709,
103771.4,
1216043,
1870648,
0,
8.047152e+07,
2094, 
974985.1,
1.103856e+07,
813050.1,
0,
7037738,
576704.7,
7736568,
0,
46196.79,
636319.2,
812086.2,
971367.3,
409195.1,
482848.2,
280558.8,
7280419,
3818345,
7911969,
139785.1,
2.411064e+07,
868174.7,
1441024,
89055.09,
1164732,
1880752,
0,
8.052107e+07,
2095, 
980704.6,
1.106331e+07,
817581.1,
0,
7081974,
579154.8,
7770423,
0,
46423.21,
634893.7,
812457.4,
970680.4,
397948,
483623.1,
283406.2,
7305566,
3821152,
7938722,
140062.1,
2.406366e+07,
863793,
1439769,
77256.65,
1123559,
1888147,
0,
8.058426e+07,
2096, 
986645.9,
1.109646e+07,
821447.4,
0,
7132075,
581880.2,
7812060,
0,
46719.53,
632860.2,
812776.1,
970211.1,
386188.9,
484383.2,
285610,
7337141,
3830902,
7967802,
140256.1,
2.402226e+07,
859886.4,
1439076,
67960.66,
1095411,
1886803,
0,
8.069681e+07,
2097, 
992198.9,
1.11274e+07,
824591.7,
0,
7176369,
584487.4,
7850503,
0,
47031.45,
630211.1,
812940.9,
969777.7,
375286.5,
484504.7,
287349.8,
7367319,
3840031,
7995670,
140441.8,
2.3976e+07,
855285.5,
1438484,
60480.85,
1064694,
1884101,
0,
8.078515e+07,
2098, 
997100.1,
1.113549e+07,
826942.3,
0,
7214881,
586725.6,
7888513,
0,
47353.48,
628860.5,
812962.3,
969574.3,
364703.1,
484020.7,
288538.9,
7397715,
3850672,
8022083,
140645.2,
2.393838e+07,
852752.2,
1437950,
59565,
1038553,
1880572,
0,
8.086454e+07,
2099, 
1001001,
1.111707e+07,
829363.1,
0,
7251066,
588341.1,
7921934,
0,
47674.64,
627097.4,
812884.5,
969426,
355120,
482953.6,
286105.1,
7423659,
3861521,
8046978,
140845.1,
2.389804e+07,
851322.5,
1437588,
58636.91,
1022342,
1876837,
0,
8.090781e+07,
2100, 
1003501,
1.107442e+07,
829907.3,
0,
7281154,
589449.3,
7947105,
0,
47955.03,
618645.8,
812589.2,
969029.1,
346154.4,
481207.8,
279856.1,
7443365,
3871752,
8071537,
141030.8,
2.384946e+07,
850838.8,
1437616,
57696.52,
1017281,
1873238,
0,
8.089478e+07];
