real main.em.dem.agr.frt.Pfert[26](t) = [1971, 
337.2942,
4025.761,
158.1379,
128.3196,
634.4146,
215.542,
197.5486,
28.37758,
37.00332,
294.9835,
5403.832,
2186.116,
187.8061,
902.1965,
419.7336,
1537.466,
127.5723,
619.6353,
267.1325,
1471.814,
233.9734,
53.57782,
612.7142,
891.4492,
123.4137,
94.01155,
1972, 
394.8687,
4646.962,
176.5471,
133.4819,
901.1628,
274,
219.099,
32.8825,
45.80979,
358.113,
5690.555,
2325.559,
241.6521,
974.4355,
454.1006,
1663.404,
139.8185,
614.2957,
283.0935,
1686.355,
258.0086,
94.37411,
664.3417,
1214.992,
145.8755,
81.13765,
1973, 
494.0327,
5095.192,
203.6373,
154.9623,
759.8839,
281.0567,
219.5064,
31.39987,
46.88012,
327.1113,
6033.411,
2473.153,
281.5709,
1078.599,
504.142,
1846.378,
186.5903,
610.2851,
310.473,
1946.634,
283.2377,
95.18501,
744.1766,
1242.716,
136.3969,
91.36388,
1974, 
501.4995,
4596.821,
200.6174,
179.9771,
872.9233,
306.7788,
226.4573,
44.11939,
49.32183,
320.8785,
5250.67,
2542.037,
192.5,
1248.409,
582.2859,
2132.714,
200.3159,
470.8088,
343.2806,
1724.638,
315.8773,
134.179,
675.2229,
741.7729,
123.2099,
85.17776,
1975, 
508.7418,
5211.307,
276.8852,
157.9521,
949.6648,
239.4819,
248.7045,
60.20764,
54.25036,
349.3424,
5116.197,
2640.833,
327.1369,
1559.373,
725.863,
2660.803,
232.0994,
532.9793,
346.3063,
1839.43,
320.7856,
125.1572,
623.3548,
822.2684,
189.8483,
85.35186,
1976, 
502.6847,
5589.857,
233.8844,
173.4112,
1232.898,
295.1325,
274.2043,
79.72771,
47.73584,
364.4785,
5491.693,
2767.875,
525.9589,
1549.759,
723.5706,
2651.157,
218.3512,
671.9835,
266.2535,
1372.018,
301.6592,
113.041,
701.1204,
1048.329,
218.1547,
91.92513,
1977, 
635.4706,
5120.71,
242.7962,
161.3032,
1456.232,
289.6096,
287.918,
68.67866,
44.58458,
343.8681,
5552.982,
2885.895,
597.7221,
1636.913,
764.1759,
2799.201,
239.8116,
792.9743,
336.6452,
1877.979,
351.9533,
108.7642,
743.7243,
1309.43,
296.5528,
90.5414,
1978, 
629.6823,
5634.341,
258.6119,
165.1615,
1426.969,
305.7107,
269.4702,
67.03058,
36.95464,
394.2115,
6074.837,
2987.532,
738.5376,
1755.898,
817.5324,
3000.26,
210.1888,
1081.425,
327.6853,
1385.149,
436.6818,
136.7459,
771.8714,
1123.775,
340.3155,
88.58001,
1979, 
583.9228,
5372.877,
244.7225,
156.9434,
1576.485,
384.5295,
308.3755,
74.59473,
40.12546,
432.2736,
6158.941,
3001.084,
636.7519,
1782.265,
834.3991,
3062.751,
355.148,
1009.103,
336.0274,
2309.901,
381.6447,
152.7222,
827.647,
1196.986,
380.2349,
76.85179,
1980, 
628.0656,
5325.901,
259.8447,
166.5823,
1892.676,
362.4662,
355.502,
93.14872,
62.57642,
451.8369,
5629.374,
2796.125,
501.9984,
1659.492,
776.5726,
2847.554,
420.2798,
1108.069,
305.9984,
3059.361,
352.8272,
276.8003,
687.1909,
1067.042,
400.7425,
106.4587,
1981, 
634.8169,
4692.829,
371.6963,
172.352,
1237.557,
292.191,
362.4916,
100.4848,
87.51493,
544.4446,
5303.213,
3049.95,
507.5064,
1757.828,
821.7617,
3011.985,
406.5132,
1195.979,
300.4623,
3344.902,
351.6012,
324.3786,
701.172,
1070.357,
407.0094,
99.36871,
1982, 
651.5915,
3986.073,
408.0948,
153.8517,
1137.976,
298.2244,
380.1418,
112.7487,
65.54266,
498.9568,
5290.796,
2960.729,
564.6879,
1827.8,
854.5499,
3132.091,
566.334,
1168.892,
243.5633,
3502.486,
342.3869,
433.2423,
718.1871,
989.7767,
457.5902,
86.47178,
1983, 
713.8848,
4668.435,
330.4958,
166.0812,
943.1547,
291.2637,
419.4179,
130.1963,
80.39471,
382.6196,
5377.991,
3161.904,
647.9261,
1927.026,
901.8808,
3310.332,
675.4177,
1341.834,
260.9776,
4079.669,
391.0463,
390.5998,
762.1558,
1001.16,
486.722,
87.78266,
1984, 
733.686,
4395.532,
382.1935,
178.1631,
1479.038,
370.7701,
458.9267,
150.0317,
71.07184,
407.9537,
5228.215,
3208.5,
560.1036,
1986.002,
926.8018,
3402.306,
748.3681,
1769.936,
267.3788,
4098.079,
392.1267,
443.766,
767.2751,
1000.617,
529.9793,
77.90411,
1985, 
664.4147,
3999.501,
413.158,
175.7099,
1234.863,
432.1927,
530.2843,
134.6355,
69.77641,
357.1422,
5112.362,
2955.492,
480.8189,
2280.758,
1062.792,
3902.512,
781.0829,
2003.004,
277.1491,
3019.225,
420.6083,
485.7391,
728.4294,
912.089,
562.0568,
92.2305,
1986, 
645.2513,
3717.17,
418.1631,
192.6629,
1585.348,
518.535,
513.1122,
129.4901,
85.22703,
328.4892,
5139.455,
3008.491,
524.5604,
2493.476,
1166.38,
4280.91,
774.6025,
2156.705,
287.5448,
3039.189,
453.3497,
545.4897,
750.4756,
903.7186,
641.4728,
86.39274,
1987, 
634.3994,
3800.441,
441.4895,
207.9706,
1561.385,
591.7661,
514.2711,
125.0556,
94.59925,
270.7511,
5107.22,
2773.712,
590.8118,
2555.691,
1197.098,
4389.329,
841.2354,
1721.143,
299.2603,
4505.162,
447.0946,
552.47,
763.4067,
1036.196,
633.7762,
97.49365,
1988, 
614.3353,
3768.368,
394.8929,
209.1162,
1453.326,
598.3259,
471.6395,
150.6167,
108.3838,
306.5937,
5020.742,
2775.466,
495.0273,
2563.737,
1193.88,
4385.914,
922.4825,
2496.235,
297.5677,
5176.462,
549.7001,
610.3911,
723.5367,
974.1862,
661.7152,
97.47585,
1989, 
609.4587,
3960.393,
354.2937,
203.1574,
1257.015,
526.646,
409.5343,
146.5682,
113.9102,
280.355,
4931.416,
2694.403,
605.6135,
2445.345,
1139.508,
4190.343,
956.7047,
2897.619,
335.5645,
5283.112,
542.9544,
592.7704,
726.1223,
1009.29,
684.7848,
94.12904,
1990, 
578.1462,
3817.9,
373.7954,
196.8683,
1171.167,
483.1898,
428.9713,
153.1814,
117.6975,
269.0266,
4409.301,
1751.907,
631.1005,
2037.031,
1218.922,
4311.417,
1023.38,
3028.006,
320.612,
5861.262,
697.5624,
584.7468,
688.8571,
721.8252,
695.2906,
90.08483,
1991, 
592.2153,
3827.987,
379.8965,
182.9216,
1253.795,
484.5895,
375.5315,
156.7855,
106.6528,
256.0206,
4074.969,
822.5563,
624.2833,
1717.576,
981.0932,
3542.674,
893.0131,
3226.83,
321.893,
7292.611,
677.299,
581.8288,
695.4224,
826.1265,
693.0183,
94.99941,
1992, 
615.9883,
4012.507,
297.9974,
144.9732,
1341.777,
487.1086,
332.1386,
162.9161,
111.1967,
240.9308,
3664.369,
728.7445,
664.2526,
852.6105,
683.6274,
1548.036,
963.7852,
2767.057,
303.3616,
6927.107,
753.5975,
597.2802,
699.0912,
992.6887,
778.0807,
90.77483,
1993, 
627.8083,
4101.486,
316.9975,
159.4596,
1625.107,
553.0892,
361.963,
187.3464,
105.4219,
298.6988,
3564.395,
647.5486,
794.0219,
510.9799,
533.1478,
900.491,
820.3314,
2592.757,
321.8649,
5545.575,
885.3072,
543.5509,
728.8327,
976.1715,
692.7795,
91.07808,
1994, 
631.795,
4028.664,
375.4973,
146.522,
1873.93,
549.5524,
331.856,
110.8387,
154.6389,
246.5626,
3666.363,
617.191,
448.1947,
212.6869,
206.7111,
263.5943,
845.5098,
2860.93,
239.9708,
7329.104,
925.1899,
521.2349,
704.6373,
1052.16,
652.5692,
70.55603,
1995, 
658.3829,
4155.557,
181.9987,
188.5103,
1511.062,
577.7141,
317.2896,
122.8225,
142.271,
241.5801,
3512.152,
719.4393,
584.7106,
208.0967,
186.1371,
353.0224,
760.9609,
2827.882,
242.5993,
8911.189,
1170.173,
387.1271,
631.8353,
1124.713,
720.4835,
77.45503,
1996, 
703.5324,
4258.722,
308.9983,
187.258,
1644.622,
789.1097,
325.6656,
98.62979,
188.2056,
253.1316,
3723.756,
738.9291,
583.8394,
229.6017,
244.4808,
378.6035,
804.6263,
2907.092,
229.8568,
8116.763,
1221.486,
333.1594,
610.1995,
1178.916,
608.0325,
80.42897,
1997, 
716.9296,
4295.265,
256.9985,
213.5862,
1917.286,
808.5286,
344.7466,
111.6205,
151.5356,
224.6322,
3548.086,
685.0751,
599.153,
201.3289,
166.9995,
332.0921,
771.1412,
3820.455,
243.4553,
9276.677,
1238.092,
281.2404,
592.5049,
1203.451,
740.0126,
89.51683,
1998, 
666.5396,
3983.105,
294.9969,
199.2411,
1920.572,
821.3646,
329.7296,
124.8779,
152.5495,
214.9953,
3488.186,
646.3087,
708.4705,
174.1109,
154.8069,
285.5616,
775.9271,
4013.471,
213.5128,
9460.261,
1238.101,
362.1967,
561.2327,
1242.725,
700.537,
85.49644,
1999, 
667.827,
4049.475,
305.9985,
191.8591,
1831.598,
817.2582,
350.6768,
128.997,
170.2102,
227.142,
3414.031,
595.0228,
646.0142,
91.619,
143.7395,
218.8525,
796.5884,
4678.709,
239.0121,
8913.887,
1271.433,
323.785,
568.4398,
1315.445,
884.524,
87.78456,
2000, 
622.9858,
4018.568,
314.9981,
205.8955,
2000.237,
835.4414,
334.2731,
113.6125,
152.7016,
190.136,
3015.185,
589.0478,
687.4881,
136.9665,
120.5247,
278.1473,
852.2169,
4146.017,
213.3976,
8430.367,
1216.843,
263.9647,
583.0945,
1326.232,
992.8373,
94.84554,
2001, 
624.0541,
4380.242,
390.6207,
224.1623,
2237.212,
918.6956,
345.0267,
115.404,
152.6901,
210.0377,
2934.746,
678.793,
476.1828,
115.3026,
134.4189,
309.8794,
711.1486,
4269.625,
169.3764,
8829.787,
1221.628,
277.8889,
511.5474,
1434.618,
957.6156,
71.86763,
2002, 
650.6039,
4023.151,
336.4128,
119.2788,
2466.864,
698.3826,
366.9969,
118.6083,
173.2592,
270.8005,
2898.311,
685.7479,
480.0588,
110.3821,
159.6765,
329.2274,
711.4722,
3916.29,
227.42,
9712.868,
1120.907,
358.883,
465.6185,
1271.227,
970.4869,
134.2414,
2003, 
685.759,
4453.183,
253.6456,
146.9549,
3162.385,
960.669,
424.8455,
169.1982,
127.537,
202.6103,
2963.335,
681.3212,
555.2482,
82.06862,
112.1264,
305.1308,
713.7665,
4007.712,
133.8172,
10044.39,
1293.403,
335.2356,
554.7428,
1276.967,
940.72,
113.6816,
2004, 
610.2839,
4481.036,
307.6767,
157.1885,
3354,
1120.596,
445.6117,
170.3521,
187.7166,
228.8905,
2844.815,
729.4521,
598.9477,
114.8458,
142.2658,
348.4128,
754.0505,
4498.029,
142.428,
10585.79,
1464.137,
414.1289,
557.6881,
1274.674,
1085.88,
93.08726,
2005, 
654.7133,
4307.268,
418.165,
189.981,
2434.887,
1133.114,
471.2632,
138.284,
137.4274,
157.9608,
2484.337,
803.3582,
611.9817,
151.9795,
90.34917,
354.2448,
838.7124,
5085.993,
166.1247,
10408.92,
1237.105,
441.8127,
545.9789,
1205.011,
1272.366,
92.26392,
2006, 
495.5886,
4281.356,
371.0913,
196.2812,
2809.987,
1227.509,
434.901,
158.6606,
135.455,
198.8856,
2444.718,
766.5195,
619.2791,
249.4661,
92.24429,
399.7339,
1018.224,
5380.238,
103.7661,
10447.63,
1314.948,
500.9834,
528.2922,
1106.326,
1397.085,
105.5657,
2007, 
731.8448,
4221.627,
266.7755,
212.1906,
3648.491,
1514.158,
401.6357,
105.8413,
184.246,
180.4311,
2520.729,
891.8937,
526.2417,
327.1596,
98.54578,
408.9574,
868.3399,
5366.387,
123.9009,
9976.582,
1485.641,
520.2441,
516.7075,
1115.891,
844.912,
72.3901,
2008, 
605.3912,
3350.36,
161.4885,
146.6985,
2956.131,
1307.307,
469.4189,
75.2052,
184.3824,
167.0599,
1351.79,
754.3439,
334.6263,
358.6057,
112.4764,
428.1721,
712.5739,
6227.792,
83.40847,
9131.053,
1455.73,
426.7408,
391.9721,
907.8477,
816.9308,
73.88367,
2009, 
637.4886,
4028.402,
259.2467,
141.6355,
3805.461,
1208.452,
388.9105,
66.22643,
190.7624,
171.5909,
1718.834,
732.4939,
636.9725,
390.0766,
88.94214,
444.7076,
533.5181,
7064.244,
67.23793,
9619.888,
1498.521,
436.5637,
411.1949,
762.9509,
1249.355,
62.70082,
2010, 
749.4678,
4280.116,
281.0609,
176.8557,
4013.159,
1446.772,
524.1846,
96.61457,
222.52,
139.386,
1821.286,
793.1315,
556.8058,
439.1347,
108.1249,
424.6527,
344.9077,
7777.889,
69.04531,
11103.98,
1532.045,
500.3414,
430.7981,
913.8853,
1245.502,
82.56384,
2011, 
874.0302,
4657.75,
266.0886,
221.1798,
4675.222,
1561.838,
549.8615,
111.7415,
232.0497,
149.8469,
1824.071,
778.2378,
498.9576,
439.7141,
100.8219,
450.8228,
286.8656,
7732.176,
67.76796,
11083.18,
1268.969,
657.6998,
455.0319,
985.7878,
1338.635,
98.18778,
2012, 
941.795,
5211.141,
361.4353,
227.7813,
4349.743,
1401.262,
549.6216,
167.8845,
247.8544,
150.6729,
1904.62,
860.7949,
541.9151,
410.0069,
106.2283,
441.5859,
501.1201,
6489.361,
93.37623,
11208.16,
1570.644,
771.2077,
358.4543,
923.8478,
1436.866,
91.86071,
2013, 
999.7598,
5251.489,
337.754,
281.7376,
4780.924,
1449.33,
613.4863,
203.881,
262.6721,
143.878,
1967.501,
878.6394,
633.7513,
416.3167,
109.0313,
456.666,
468.1068,
5518.552,
72.34627,
10062.34,
1927.887,
961.4526,
355.5891,
860.3179,
1580.168,
123.1952,
2014, 
1188.615,
5223.938,
353.5795,
273.7424,
4987.618,
1440.637,
624.9181,
174.3866,
358.9634,
152.1625,
2062.875,
830.8035,
597.3395,
393.8919,
117.9668,
466.6677,
498.3354,
5608.872,
71.83412,
10150.58,
1838.61,
984.1564,
389.2344,
976.733,
1623.66,
165.1818,
2015, 
1166.11,
5058.971,
407.9948,
271.4383,
4532.939,
1307.05,
634.2568,
157.8437,
265.7263,
147.2828,
2034.975,
875.7084,
596.5167,
369.4366,
118.0674,
491.2553,
420.3542,
5825.854,
70.47669,
10130.77,
1873.86,
963.3971,
358.8642,
997.3452,
1673.767,
151.2687,
2016, 
1149.584,
5120.298,
403.2704,
270.2825,
4741.705,
1443.444,
635.5366,
185.5047,
315.1089,
150.6444,
1946.962,
890.7484,
595.9958,
380.0455,
124.1077,
520.6336,
431.888,
6043.127,
70.12408,
10238.9,
1926.879,
1060.1,
370.4798,
993.0944,
1811.154,
151.1112,
2017, 
1182.149,
5081.177,
393.6136,
266.905,
4977.904,
1506.356,
643.9274,
212.3362,
356.8989,
145.8503,
1860.898,
892.0137,
604.521,
392.1034,
128.1616,
554.1628,
464.3704,
6185.063,
70.51064,
10354.97,
1966.869,
1104.628,
381.8633,
954.5903,
1881.382,
150.4936,
2018, 
1212.276,
5084.111,
387.0375,
261.1611,
5200.348,
1548.362,
634.7122,
240.6675,
403.8138,
151.5405,
1772.234,
907.5695,
608.4133,
399.4214,
132.84,
588.416,
489.7222,
6391.213,
70.72961,
10340.09,
1984.446,
1152.632,
381.3019,
908.3196,
1943.086,
153.6379,
2019, 
1221.217,
4851.19,
374.6535,
254.5176,
5493.174,
1599.272,
644.944,
265.2963,
451.2468,
160.6422,
1716.427,
909.2944,
612.7439,
406.132,
135.1568,
609.4656,
515.8571,
6640.285,
71.79121,
10365.52,
2025.231,
1207.425,
384.6804,
858.975,
1985.692,
158.9445,
2020, 
1235.016,
4691.053,
361.5529,
248.4015,
5716.899,
1650.608,
644.8417,
286.2413,
505.8889,
158.9805,
1641.534,
912.2693,
612.5498,
415.7895,
138.4945,
622.4495,
552.9984,
6908.322,
73.22387,
10397.07,
2045.657,
1244.335,
386.1185,
739.5012,
2019.598,
163.4717,
2021, 
1196.053,
4659.686,
353.881,
253.6875,
5731.015,
1661.194,
652.2408,
319.1813,
541.5532,
157.3551,
1573.799,
907.751,
631.7307,
404.8395,
143.2496,
636.2412,
564.1659,
6992.219,
74.1381,
10410.67,
2043.766,
1285.259,
384.8978,
738.5205,
2065.257,
169.4416,
2022, 
1136.851,
4658.077,
346.3026,
258.4771,
5703.799,
1663.275,
658.6395,
350.7278,
576.737,
157.6835,
1500.442,
901.1328,
647.471,
391.6027,
147.3976,
648.8713,
569.0887,
7077.833,
75.04892,
10426.23,
2038.939,
1323.544,
383.6553,
736.7292,
2109.682,
175.7797,
2023, 
1068.047,
4685.125,
338.8303,
262.5677,
5635.032,
1659.611,
664.3048,
380.4335,
646.315,
159.6179,
1422.701,
893.0329,
659.3796,
376.8798,
151.4639,
660.5781,
574.0007,
7162.778,
75.95612,
10441.14,
2032.562,
1359.402,
382.3924,
734.9868,
2152.538,
182.4731,
2024, 
998.4481,
4735.62,
331.5182,
266.619,
5520.063,
1649.942,
669.4388,
408.992,
732.9672,
162.9815,
1343.187,
883.8538,
669.1234,
361.2914,
155.5141,
671.6121,
578.5875,
7246.282,
76.86026,
10456.38,
2023.037,
1391.701,
381.1102,
729.6536,
2193.719,
189.502,
2025, 
1022.571,
4438.878,
318.486,
295.5589,
6610.521,
1879.113,
595.2403,
327.0567,
964.4341,
266.0665,
1624.614,
907.8206,
784.8694,
436.5741,
214.5053,
732.0779,
496.1027,
7574.245,
95.51677,
8683.367,
2171.063,
1207.55,
333.6768,
871.3818,
2155.681,
198.3032,
2026, 
1037.954,
4465.27,
323.0449,
315.6232,
6358.201,
1923.955,
597.8651,
346.5904,
1123.77,
268.5549,
1598.756,
907.0832,
791.6035,
442.0389,
222.7001,
734.793,
516.0144,
7669.43,
97.02449,
8886.756,
2229.516,
1240.62,
327.813,
861.5968,
2233.566,
225.7379,
2027, 
1048.557,
4472.136,
327.3616,
341.77,
6128.521,
1968.798,
600.2651,
366.6725,
1259.036,
270.8204,
1565.523,
905.6696,
796.8928,
447.5161,
231.308,
737.442,
538.4868,
7765.036,
98.52631,
9092.201,
2285.273,
1276.623,
322.1953,
852.9628,
2309.266,
244.3487,
2028, 
1053.604,
4460.041,
331.7902,
372.3699,
5939.198,
2014.315,
602.5847,
386.3963,
1397.458,
272.6913,
1528.299,
903.8668,
801.7118,
453.0234,
237.5079,
739.9282,
555.6794,
7862.339,
100.0306,
9301.635,
2332.549,
1337.332,
316.5133,
850.3083,
2386.256,
263.074,
2029, 
1053.63,
4437.54,
337.272,
407.1378,
5819.147,
2063.686,
605.0265,
406.0404,
1531.47,
276.3844,
1479.256,
901.8061,
798.3441,
458.6943,
243.3768,
739.4225,
573.0814,
7958.475,
101.5393,
9514.02,
2371.553,
1399.538,
311.0663,
851.1606,
2450.479,
281.9369,
2030, 
1049.902,
4407.009,
343.7524,
444.8906,
5827.046,
2115.488,
607.2664,
431.5459,
1662.935,
282.2973,
1428.962,
899.3732,
805.1047,
464.3677,
247.7067,
735.533,
592.0561,
8052.406,
103.0453,
9731.481,
2404.24,
1462.775,
305.5943,
862.906,
2511.61,
301.0513,
2031, 
1062.574,
4402.47,
362.0462,
480.1113,
6326.498,
2229.586,
615.9983,
471.4212,
1783.868,
293.946,
1412.015,
900.8176,
814.967,
478.043,
250.1305,
752.7944,
608.7885,
8182.829,
105.0521,
9955.436,
2427.165,
1497.317,
302.6963,
907.9453,
2560.964,
324.4336,
2032, 
1082.417,
4399.15,
382.1698,
508.1481,
6815.843,
2349.269,
624.6743,
508.5011,
1898.115,
302.7318,
1394.629,
902.4453,
824.395,
491.0704,
251.8876,
766.702,
614.3827,
8308.834,
107.0459,
10109.55,
2451.546,
1532.871,
299.8882,
960.4653,
2598.772,
352.4091,
2033, 
1107.553,
4398.24,
404.9401,
531.019,
7303.733,
2472.423,
633.3762,
543.5977,
1999.527,
311.3294,
1377.919,
904.1644,
834.7551,
503.474,
248.8742,
779.7943,
642.1437,
8431.183,
109.027,
10230.01,
2479.269,
1568.972,
297.0998,
1022.068,
2623.889,
378.2907,
2034, 
1132.482,
4395.481,
428.2292,
549.4742,
7774.548,
2599.129,
643.9513,
577.1313,
2088.224,
317.1027,
1364.077,
905.9995,
843.1168,
515.1415,
237.8458,
791.436,
670.291,
8549.59,
110.9944,
10343.6,
2504.759,
1606.01,
294.4817,
1092.667,
2645.569,
395.6671,
2035, 
1151.345,
4408.87,
445.1196,
562.209,
8249.551,
2738.171,
656.7726,
609.233,
2194.598,
321.47,
1353.141,
908.3784,
843.8386,
526.0336,
222.4415,
806.5077,
700.3708,
8664.644,
112.9517,
10452.54,
2529.444,
1643.522,
291.8422,
1182.413,
2667.152,
410.0643,
2036, 
1158.324,
4385.427,
436.3038,
574.7104,
8688.495,
2908.55,
673.7312,
623.3499,
2349.069,
317.1181,
1356.448,
909.2408,
826.9152,
533.0252,
210.8586,
824.9051,
720.7455,
8728.653,
113.8191,
10548.16,
2553.101,
1626.8,
288.3289,
1254.439,
2671.758,
422.9349,
2037, 
1148.005,
4348.515,
408.1153,
593.4906,
9117.176,
3084.631,
693.0739,
633.3177,
2547.493,
304.7458,
1354.031,
910.5988,
800.8383,
539.3098,
203.9997,
843.7643,
735.7576,
8796.979,
114.6974,
10735.16,
2573.958,
1645.267,
284.8138,
1331.546,
2688.85,
434.8903,
2038, 
1127.929,
4277.074,
365.3043,
622.029,
9556.056,
3233.075,
708.7001,
643.0228,
2749.138,
285.6174,
1361.555,
911.8163,
774.2692,
545.7577,
200.205,
854.4843,
724.9174,
8867.685,
115.5789,
10961.08,
2590.728,
1663.661,
281.5049,
1397.491,
2698.892,
442.3779,
2039, 
1117.18,
4189.414,
333.8088,
648.8807,
10026,
3331.229,
708.6743,
654.4421,
2929.797,
271.8245,
1371.965,
913.0505,
754.5459,
553.6666,
199.7493,
861.4672,
692.7799,
8938.486,
116.4533,
11188.26,
2611.144,
1681.761,
278.1882,
1440.326,
2678.385,
444.765,
2040, 
1118.603,
4048.228,
317.5314,
655.8956,
10470.06,
3387.489,
703.3423,
667.8579,
3091.111,
264.5366,
1382.875,
914.2059,
743.4877,
563.5096,
203.4195,
867.4374,
657.9798,
9010.436,
117.3198,
11409.83,
2630.154,
1699.92,
275.0489,
1465.501,
2669.477,
446.9518,
2041, 
1148.184,
3974.938,
321.4308,
658.5774,
10888.9,
3426.656,
694.8673,
681.0002,
3215.638,
260.6935,
1381.228,
912.273,
736.9568,
574.4413,
206.7362,
867.8421,
634.3721,
9062.241,
118.0025,
11601.53,
2639.093,
1764.594,
270.7216,
1489.924,
2680.828,
445.4854,
2042, 
1194.85,
3933.163,
347.1517,
665.3419,
11274.2,
3466.976,
685.9696,
694.5347,
3312.692,
260.6025,
1390.192,
910.4537,
737.1978,
587.6954,
209.9079,
869.2419,
625.1795,
9118.882,
118.6674,
11758.86,
2646.676,
1789.109,
266.3296,
1475.172,
2693.021,
444.1684,
2043, 
1256.028,
3923.843,
382.3178,
672.6111,
11614.03,
3507,
679.3167,
707.7576,
3409.587,
261.1957,
1392.781,
909.1812,
737.1859,
602.1946,
212.6115,
875.9846,
623.6304,
9177.518,
119.3217,
11878.53,
2651.514,
1814.405,
262.0196,
1425.692,
2726.636,
444.489,
2044, 
1319.174,
3924.623,
418.5762,
676.0842,
11895.7,
3543.908,
681.5558,
718.0524,
3502.509,
259.0202,
1395.226,
907.7594,
733.0994,
616.2068,
215.4435,
887.2464,
633.3798,
9246.333,
119.962,
11985.75,
2656.662,
1840.149,
257.6878,
1356.986,
2767.415,
446.1216,
2045, 
1382.005,
3962.509,
453.7418,
665.3957,
12155.67,
3591.797,
684.7507,
724.6218,
3598.293,
253.952,
1400.047,
906.1345,
726.7664,
629.8007,
216.7596,
898.2073,
644.9408,
9320.597,
141.9493,
12083.05,
2667.609,
1867.206,
253.4347,
1216.286,
2783.37,
446.365,
2046, 
1443.595,
3997.18,
484.1011,
651.3996,
12424.41,
3650.169,
689.0728,
703.6539,
3705.66,
247.919,
1399.644,
903.6103,
715.9459,
644.481,
216.5374,
909.1708,
666.9281,
9389.539,
160.3295,
12131.29,
2665.251,
1882.654,
186.3364,
1069.264,
2804.282,
447.5853,
2047, 
1505.243,
4025.448,
499.6338,
635.5724,
12681.05,
3704.503,
692.4009,
680.8143,
3794.652,
240.387,
1398.11,
900.7642,
705.1855,
658.7166,
215.5733,
918.9739,
683.765,
9456.969,
172.7083,
12180.02,
2658.58,
1899.105,
180.3286,
925.3141,
2829.074,
448.8447,
2048, 
1568.694,
4048.875,
513.5141,
623.5828,
12898.34,
3756.45,
695.1008,
655.5498,
3856.89,
233.4606,
1396.097,
897.8021,
695.5391,
672.6568,
215.6457,
928.2618,
691.578,
9525.74,
188.9191,
12256.37,
2648.669,
1916.891,
174.3937,
793.0847,
2835.835,
450.9181,
2049, 
1631.885,
4072.097,
525.6896,
615.7686,
13083.13,
3781.207,
697.5374,
627.939,
3920.151,
227.2663,
1393.927,
895.1305,
686.0097,
686.7301,
215.8565,
937.6088,
692.8586,
9590.782,
190.59,
12369.52,
2637.319,
1935.875,
168.6044,
683.5963,
2835.478,
454.4654,
2050, 
1697.784,
4100.272,
537.1378,
611.2913,
13248.9,
3811.911,
701.5485,
597.9756,
3992.121,
221.995,
1390.498,
892.6349,
676.4716,
700.7727,
217.249,
947.991,
689.9269,
9655.755,
171.4547,
12550.61,
2629.166,
1957.282,
162.9176,
598.5303,
2831.895,
456.5574,
2051, 
1711.625,
4127.599,
539.0156,
601.4671,
13101.57,
3790.52,
704.4538,
562.8635,
4025.358,
219.212,
1392.034,
889.8293,
676.1584,
707.9516,
220.8755,
957.2369,
684.5269,
9699.51,
153.7587,
12567.74,
2607.66,
1960.813,
218.6721,
556.4377,
2846.066,
461.0024,
2052, 
1725.71,
4143.474,
539.8096,
595.2634,
12965.05,
3780.803,
708.1909,
529.9724,
4066.034,
219.4063,
1395.361,
887.3187,
677.1403,
715.3794,
226.0928,
968.5234,
678.7644,
9746.769,
138.8004,
12642.58,
2589.406,
1966.185,
218.9329,
533.2349,
2858.703,
465.5032,
2053, 
1739.817,
4154.72,
540.9257,
592.435,
12873.07,
3782.965,
713.0278,
496.3489,
4100.47,
222.733,
1400.187,
884.8987,
678.1929,
722.5938,
232.9835,
984.6053,
674.2183,
9793.936,
127.0049,
12773.53,
2575.147,
1972.557,
219.1395,
529.3261,
2870.195,
471.0221,
2054, 
1756.593,
4157.574,
541.7945,
592.4422,
12823.35,
3798.548,
717.7681,
465.0107,
4131.386,
229.1766,
1404.875,
882.5189,
680.2682,
729.8254,
240.0673,
1006.43,
672.758,
9841.994,
126.5861,
12920.96,
2565.613,
1980.232,
219.3838,
538.1366,
2882.357,
477.1588,
2055, 
1775.644,
4153.836,
541.4283,
595.413,
12816.18,
3818.899,
722.5418,
436.1727,
4144.033,
238.2554,
1409.641,
880.2463,
683.5303,
736.8601,
246.1634,
1034.009,
673.6467,
9886.088,
126.4318,
13040.18,
2556.961,
1988.354,
219.6162,
551.4579,
2888.898,
484.6807,
2056, 
1799.873,
4144.133,
539.1885,
601.2242,
12864.67,
3846.108,
728.0433,
436.9612,
4145.397,
249.5895,
1413.445,
877.7354,
686.0087,
743.1106,
251.3053,
1066.81,
677.7426,
9912.412,
126.5091,
13083.81,
2553.838,
1997.258,
218.8354,
558.7896,
2890.701,
493.6109,
2057, 
1829.799,
4140.014,
537.7343,
606.8221,
12945.99,
3883.259,
734.5816,
438.2181,
4133.984,
261.0642,
1414.861,
875.1162,
687.9029,
748.9821,
255.7985,
1101.02,
684.9963,
9930.015,
126.3484,
13082.01,
2554.632,
2006.91,
218.0865,
569.8002,
2884.384,
499.969,
2058, 
1867.773,
4135.918,
535.1625,
611.7095,
13049.62,
3904.082,
741.8544,
439.0569,
4128.179,
271.5196,
1414.548,
872.544,
690.2869,
754.793,
259.3367,
1135.029,
696.2299,
9943.281,
126.1869,
13024.34,
2556.672,
2016.382,
217.2842,
577.3479,
2875.828,
505.4355,
2059, 
1911.377,
4137.04,
532.9125,
616.4189,
13173.66,
3927.095,
750.0781,
438.9016,
4118.512,
280.5435,
1413.504,
869.927,
693.0973,
760.3427,
262.2185,
1165.891,
706.2059,
9946.994,
126.0224,
12933.21,
2555.667,
2025.766,
216.5177,
583.0438,
2862.074,
510.8067,
2060, 
1958.263,
4144.252,
532.7085,
621.1255,
13314.62,
3952.497,
758.6381,
439.8986,
4114.125,
288.7998,
1411.844,
867.3408,
696.2725,
765.7529,
265.7382,
1190.461,
718.3392,
9948.317,
125.8566,
12834.28,
2552.28,
2034.643,
215.704,
589.7443,
2850.431,
517.3926,
2061, 
1998.522,
4158.294,
530.5404,
626.0991,
13460.98,
3988.058,
766.2603,
423.6083,
4118.652,
295.9616,
1406.364,
864.4525,
689.5085,
769.2379,
270.2179,
1208.239,
729.5632,
9942.481,
125.6291,
12711.63,
2536.334,
2041.623,
214.3874,
590.9689,
2832.92,
524.1683,
2062, 
2034.797,
4174.979,
530.8528,
630.8229,
13610.62,
4019.606,
773.1393,
404.8343,
4120.503,
301.9461,
1400.607,
861.5571,
681.123,
772.366,
273.5323,
1221.432,
739.7313,
9935.06,
125.2166,
12582.08,
2517.265,
2047.85,
213.0686,
587.8448,
2818.517,
532.7601,
2063, 
2062.399,
4197.322,
536.0975,
635.8509,
13764.82,
4059.044,
780.072,
384.4663,
4116.054,
307.3369,
1394.787,
858.66,
673.7238,
775.5041,
275.6901,
1231.816,
747.8827,
9923.817,
124.9916,
12451.34,
2495.825,
2053.005,
211.7103,
584.1337,
2807.922,
542.1606,
2064, 
2081.122,
4220.125,
543.1559,
640.6668,
13917.14,
4106.525,
787.2747,
363.3115,
4109.264,
311.564,
1389.686,
855.7195,
666.6169,
778.7988,
278.1422,
1241.089,
757.5326,
9907.821,
124.9413,
12306.51,
2474.542,
2058.392,
210.3756,
581.1046,
2802.126,
551.214,
2065, 
2092.594,
4239.111,
549.9659,
644.9728,
14050.39,
4156.7,
793.8054,
339.7866,
4100.872,
313.9907,
1384.205,
852.5828,
659.0876,
782.1542,
280.1083,
1251.251,
767.1594,
9883.3,
124.5347,
12144.74,
2451.264,
2063.809,
209.0089,
576.6798,
2798.455,
558.5994,
2066, 
2097.349,
4252.635,
558.2318,
648.7039,
14179.54,
4202.247,
800.2702,
310.7598,
4082.227,
315.3009,
1378.995,
849.3042,
653.6135,
785.3172,
281.4836,
1261.421,
773.3784,
9852.015,
124.5585,
11973.93,
2426.884,
2070.081,
207.4382,
571.2366,
2793.743,
558.3718,
2067, 
2097.183,
4257.668,
563.134,
651.7782,
14308.23,
4231.546,
806.5707,
274.0031,
4062.283,
316.0284,
1373.708,
845.9079,
649.2334,
788.5905,
283.2007,
1272.22,
779.7521,
9816.311,
124.2246,
11799.99,
2403.219,
2077.851,
205.8625,
564.4456,
2786.981,
556.4055,
2068, 
2093.703,
4245.512,
563.3439,
654.1268,
14426.06,
4257.438,
812.3127,
232.73,
4041.829,
317.2312,
1368.083,
842.3475,
643.4091,
791.8228,
285.6917,
1283.724,
784.876,
9781.05,
124.245,
11640.21,
2381.505,
2087.042,
204.2486,
557.8955,
2774.327,
552.6794,
2069, 
2088.766,
4221.629,
561.7982,
656.5177,
14533.5,
4277.161,
817.8898,
192.349,
4034.129,
319.9724,
1361.924,
838.726,
634.8925,
795.0321,
288.1693,
1295.248,
787.3953,
9754.15,
124.0838,
11504.27,
2363.109,
2097.904,
202.6559,
550.9931,
2755.645,
547.6703,
2070, 
2083.376,
4185.913,
561.1717,
658.4846,
14640.73,
4289.827,
823.5906,
152.5838,
4039.797,
325.4418,
1355.978,
835.0731,
623.2647,
798.1938,
290.7798,
1306.875,
788.1501,
9735.445,
123.9132,
11395.6,
2350.334,
2109.253,
201.0302,
544.0922,
2730.689,
541.456,
2071, 
2085.475,
4136.904,
559.6993,
659.4193,
14682.82,
4287.809,
830.0764,
97.91479,
4045.988,
332.6184,
1350.594,
829.122,
605.1976,
800.6655,
292.232,
1316.884,
787.8344,
9737.835,
123.6045,
11293.79,
2340.819,
2123.646,
200.1027,
533.049,
2716.015,
537.9579,
2072, 
2087.536,
4080.794,
559.9321,
660.1812,
14711.05,
4282.088,
836.0001,
45.50921,
4062.465,
340.7518,
1345.183,
823.0338,
587.2655,
802.9329,
293.3613,
1326.977,
786.804,
9746.671,
123.2877,
11212.51,
2331.938,
2136.512,
199.1687,
521.6238,
2701.64,
535.1007,
2073, 
2088.364,
4025.637,
562.7177,
660.541,
14740.23,
4246.218,
842.1561,
0,
4091.096,
350.1986,
1340.091,
816.891,
570.1627,
804.9796,
294.3065,
1337.333,
786.2468,
9766.816,
122.973,
11134.08,
2321.221,
2147.274,
198.2012,
509.6648,
2691.766,
531.7727,
2074, 
2088.691,
3971.403,
567.4343,
660.5515,
14774.59,
4198.633,
847.5851,
0,
4124.868,
359.9167,
1335.322,
810.6777,
554.5857,
806.7986,
295.3118,
1348.287,
787.4473,
9791.512,
122.6518,
11059.1,
2305.251,
2156.543,
197.2649,
497.5723,
2688.141,
527.9041,
2075, 
2088.061,
3917.775,
570.6022,
660.1786,
14821.73,
4148.635,
853.0067,
0,
4159.629,
368.8782,
1331.076,
804.4203,
541.6928,
808.4335,
296.2978,
1359.868,
790.9807,
9820.081,
122.1035,
10981.79,
2282.478,
2164.226,
196.2881,
485.2096,
2693.65,
523.546,
2076, 
2086.736,
3864.856,
569.8107,
658.5992,
14881.6,
4101.563,
858.896,
0,
4198.183,
377.8108,
1327.849,
798.0947,
531.3372,
809.9111,
297.5536,
1372.143,
796.3096,
9858.091,
122.0048,
10900.65,
2253.771,
2170.653,
194.9471,
474.942,
2712.697,
521.037,
2077, 
2085.12,
3816.731,
566.6902,
658.1373,
14958.58,
4060.003,
865.5242,
0,
4235.713,
387.0262,
1324.429,
791.8676,
521.8232,
811.3926,
298.9819,
1385.057,
801.4648,
9898.164,
121.6738,
10818.14,
2222.339,
2176.726,
193.5737,
468.0249,
2741.629,
519.6997,
2078, 
2085.34,
3778.741,
562.7888,
658.7283,
15046,
4041.358,
873.4469,
0,
4273.077,
395.877,
1320.328,
785.6808,
513.2244,
812.8878,
300.6517,
1398.603,
805.9594,
9939.364,
121.3432,
10744.9,
2190.892,
2181.861,
192.2274,
464.4092,
2775.653,
522.3826,
2079, 
2089.762,
3749.129,
560.4312,
660.0843,
15158.15,
4041.815,
883.6609,
0,
4309.275,
405.3665,
1319.81,
779.8173,
507.2785,
814.6069,
302.3166,
1412.833,
810.8647,
9983.63,
121.0092,
10677.94,
2162.33,
2186.606,
190.8794,
463.6953,
2812.627,
529.5154,
2080, 
2101.653,
3729.214,
560.4953,
662.4417,
15290.02,
4051.875,
895.7816,
0,
4342.451,
415.8038,
1322.21,
774.2147,
503.0072,
816.5168,
304.5116,
1427.643,
815.9233,
10034.9,
120.6717,
10616.91,
2136.39,
2190.399,
189.4959,
465.8232,
2853.535,
541.0651,
2081, 
2112.486,
3723.76,
564.208,
664.9034,
15418.98,
4070.498,
905.7372,
0,
4370.306,
426.2698,
1327.421,
769.6724,
501.9621,
818.3899,
306.0103,
1444.853,
834.8782,
10087.86,
120.6304,
10545.52,
2108.22,
2195.13,
189.1464,
499.1263,
2918.202,
557.2265,
2082, 
2127.238,
3724.502,
571.0086,
667.6334,
15559.41,
4106.193,
915.2583,
0,
4397.025,
437.5026,
1335.232,
765.2753,
500.7123,
820.3055,
307.3562,
1462.336,
853.5245,
10146.42,
120.354,
10476.47,
2082.474,
2200.116,
188.7733,
508.5506,
2981.591,
573.5508,
2083, 
2146.804,
3723.575,
578.2903,
670.4143,
15715.89,
4152.938,
922.5981,
0,
4414.137,
449.3549,
1345.62,
761.0247,
499.717,
822.2592,
308.1048,
1479.219,
871.9652,
10203.1,
120.5354,
10403.63,
2058.175,
2206.116,
188.423,
518.7208,
3041.729,
589.0085,
2084, 
2166.575,
3722.753,
585.0704,
673.079,
15876.25,
4204.365,
927.7761,
0,
4427.42,
462.0168,
1353.911,
756.6142,
498.0461,
824.0126,
309.0068,
1494.676,
887.0541,
10260.37,
120.4888,
10325.88,
2035.364,
2213.5,
188.0717,
528.568,
3098.822,
603.2711,
2085, 
2184.957,
3722.101,
591.879,
676.0016,
16029.37,
4262.22,
929.8073,
0,
4437.354,
474.8458,
1360.288,
752.0602,
495.53,
825.5582,
309.5027,
1508.868,
902.3441,
10318.71,
120.4326,
10244.41,
2017.205,
2221.824,
187.6965,
539.8412,
3148.26,
615.9513,
2086, 
2206.1,
3721.743,
600.226,
679.3007,
16168.23,
4322.002,
928.3749,
0,
4444.769,
488.4371,
1363.702,
747.179,
491.4876,
826.7625,
310.773,
1521.37,
909.1285,
10370.17,
120.431,
10155.8,
2007.658,
2230.118,
186.9164,
553.0714,
3163.496,
625.9296,
2087, 
2229.164,
3721.308,
608.8275,
683.2485,
16299.88,
4374.739,
925.3299,
0,
4452.2,
502.8378,
1365.852,
742.1961,
486.8054,
827.8649,
311.6515,
1532.567,
903.1327,
10418.76,
120.2256,
10077.59,
2003.114,
2238.185,
186.1135,
564.3077,
3170.179,
639.3365,
2088, 
2250.646,
3723.154,
619.1328,
686.7618,
16427.21,
4421.549,
921.8802,
0,
4470.929,
517.8034,
1367.092,
737.1985,
482.1756,
828.8553,
313.117,
1543.239,
897.0752,
10469.21,
120.4293,
10015.65,
2001.423,
2246.257,
185.3359,
575.7534,
3171.408,
655.2203,
2089, 
2272.162,
3725.578,
629.8521,
689.9836,
16543.94,
4459.827,
917.7375,
0,
4493.742,
533.1204,
1367.718,
732.1994,
475.5826,
829.763,
313.6558,
1553.899,
887.76,
10517.25,
120.4323,
9973.344,
2003.387,
2253.437,
184.5571,
589.9124,
3168.875,
672.8182,
2090, 
2290.968,
3729.875,
639.2139,
692.7755,
16660.14,
4491.504,
914.3918,
0,
4520.434,
548.5392,
1367.932,
727.1944,
467.1819,
830.5992,
313.129,
1563.937,
875.4438,
10554.19,
120.4377,
9947.625,
2007.493,
2259.427,
183.7517,
604.2311,
3165.369,
691.0461,
2091, 
2306.5,
3735.764,
646.518,
695.1553,
16714.03,
4513.189,
912.6623,
0,
4547.803,
562.4028,
1369.251,
725.0262,
460.9645,
831.4122,
310.9307,
1577.337,
876.8127,
10589.81,
120.484,
9956.87,
2013.376,
2264.577,
183.4692,
615.5897,
3154.368,
706.0333,
2092, 
2318.939,
3742.769,
652.3884,
696.2214,
16752.54,
4534.597,
911.5879,
0,
4575.75,
575.1016,
1370.055,
722.9341,
456.5148,
832.1021,
308.1151,
1591.191,
876.3814,
10617.89,
120.3268,
9960.561,
2016.721,
2268.927,
183.1645,
627.9169,
3144.842,
717.3052,
2093, 
2326.843,
3749.576,
655.3141,
697.563,
16779.34,
4550.119,
910.4749,
0,
4598.414,
586.5189,
1370.267,
720.7255,
451.5504,
832.689,
304.4856,
1605.099,
873.6714,
10636.95,
120.3666,
9946.476,
2024.606,
2273.457,
182.8805,
638.1501,
3138.423,
724.5568,
2094, 
2331.263,
3755.647,
655.3006,
700.0686,
16796.22,
4563.988,
910.3267,
0,
4628.141,
596.4269,
1370.052,
718.424,
450.3434,
833.2336,
300.7786,
1618.468,
870.698,
10645.7,
120.4108,
9903.898,
2032.651,
2277.755,
182.5707,
643.7659,
3133.517,
727.9351,
2095, 
2332.843,
3759.562,
653.7177,
703.3044,
16798.86,
4572.958,
909.8302,
0,
4667.231,
604.8057,
1369.357,
716.0302,
451.9739,
833.7388,
296.6594,
1631.537,
867.9234,
10650.54,
120.4488,
9834.878,
2042,
2280.557,
182.2827,
646.4435,
3129.673,
728.0682,
2096, 
2332.119,
3754.177,
648.6618,
707.0724,
16860.78,
4582.28,
907.029,
0,
4708.352,
611.6406,
1368.004,
713.3766,
457.6877,
834.4577,
292.5555,
1643.469,
864.4175,
10652.23,
120.7756,
9740.341,
2052.912,
2282.824,
181.3602,
645.03,
3134.687,
724.713,
2097, 
2329.874,
3740.922,
641.397,
711.0513,
16912.99,
4587.798,
902.6869,
0,
4750.783,
617.493,
1367.056,
710.5647,
465.1003,
835.2727,
288.6805,
1653.728,
861.3433,
10660.85,
120.9015,
9634.838,
2067.97,
2284.933,
180.4156,
645.1879,
3145.056,
723.5506,
2098, 
2329.338,
3722.906,
633.4042,
715.0231,
16964.56,
4594.433,
897.3309,
0,
4789.984,
622.3685,
1367.016,
707.7645,
477.1768,
836.2186,
284.9026,
1662.443,
858.7398,
10671.77,
121.0284,
9526.689,
2079.296,
2287.135,
179.4934,
644.6032,
3156.999,
724.946,
2099, 
2330.051,
3702.152,
623.4091,
717.8828,
17025.05,
4589.905,
890.2568,
0,
4833.514,
626.4818,
1367.983,
704.9742,
495.1571,
837.3122,
281.8615,
1670.865,
856.858,
10688.2,
120.9592,
9426.955,
2091.113,
2289.332,
178.5497,
644.6603,
3171.418,
728.15,
2100, 
2331.673,
3680.164,
611.9291,
719.928,
17092.89,
4576.817,
882.188,
0,
4877.791,
629.8185,
1369.876,
702.2061,
520.747,
838.5123,
280.2854,
1679.448,
855.205,
10714.63,
121.0885,
9336.921,
2099.447,
2293.322,
177.6273,
646.7854,
3188.83,
733.2867];
