real main.em.ep.isp.StorResTot[28](t) = [1971, 
735.3895,
6947.641,
31.81561,
14.10832,
62.39335,
80.37563,
64.98852,
53.06134,
12.19602,
197.7084,
4225.731,
671.8501,
49.17226,
458.1564,
110.6406,
1701.178,
176.6407,
187.0908,
93.6272,
221.7254,
38.15437,
4.907253,
1042.433,
275.0198,
19.64747,
28.97183,
0,
17504.63,
1972, 
764.343,
6400.3,
33.77162,
14.78288,
65.23927,
87.53267,
63.55912,
56.06407,
12.97148,
215.4322,
4222.675,
685.5721,
57.03323,
469.1808,
111.4446,
1791.869,
174.1199,
175.3561,
91.30375,
216.4397,
41.86917,
5.461002,
1097.606,
268.0743,
17.16524,
40.04676,
0,
17179.21,
1973, 
850.1006,
7083.667,
36.24492,
16.1707,
75.06992,
94.69226,
69.5335,
61.95436,
14.05929,
229.9877,
4561.174,
724.5032,
116.6221,
479.1639,
115.148,
1821.044,
212.8085,
187.8386,
105.2209,
236.3925,
45.5447,
6.402859,
1200.586,
310.4012,
19.14105,
44.15589,
0,
18717.63,
1974, 
882.7597,
7062.852,
47.33223,
16.90608,
83.58718,
100.477,
79.82352,
61.17356,
15.35816,
249.2567,
4669.545,
762.3926,
121.0171,
491.1844,
117.6234,
1843.486,
249.1071,
195.7829,
109.869,
239.5912,
50.0521,
6.865445,
1195.23,
332.592,
19.68756,
56.87935,
0,
19060.43,
1975, 
864.3348,
7327.644,
48.33874,
18.18778,
89.89581,
104.8863,
117.8809,
67.21304,
16.50494,
268.2878,
4690.138,
824.0844,
138.0275,
538.0931,
127.812,
1931.585,
298.9287,
219.2712,
127.4433,
271.949,
51.93837,
8.10063,
1233.225,
344.9562,
21.086,
61.08441,
0,
19810.9,
1976, 
935.377,
7847.297,
51.65897,
19.56479,
102.9894,
110.5208,
124.7395,
69.25722,
18.53851,
282.6754,
5031.19,
860.5601,
151.8089,
534.6973,
130.4977,
1942.85,
330.0233,
247.5474,
135.855,
284.224,
57.93332,
7.723774,
1310.599,
358.6518,
21.28415,
65.87413,
0,
21033.94,
1977, 
1000.497,
8114.1,
56.68309,
21.54479,
115.6026,
119.3269,
135.1597,
74.15839,
19.7333,
282.2968,
5146.454,
910.6104,
164.555,
547.3407,
132.6455,
1976.42,
380.0443,
258.765,
148.3544,
313.3426,
64.26941,
8.552867,
1363.555,
378.7314,
22.50608,
73.1533,
0,
21828.4,
1978, 
1062.437,
8351.97,
61.37502,
22.97937,
127.5281,
125.9597,
151.4667,
71.06187,
22.02842,
295.7517,
5357.538,
952.8265,
186.1874,
555.0975,
136.5812,
2023.677,
419.2668,
288.914,
130.5605,
353.9657,
65.2655,
11.41244,
1420.709,
391.8282,
24.62933,
71.54891,
0,
22682.56,
1979, 
1123.655,
8516.687,
66.83927,
24.79995,
144.1326,
140.6632,
137.14,
83.40888,
23.18092,
313.0242,
5600.282,
958.1817,
174.0555,
557.4994,
139.0653,
2073.128,
499.7488,
296.9525,
138.0368,
390.3413,
71.87968,
13.13103,
1494.625,
407.3388,
26.47197,
76.94034,
0,
23491.21,
1980, 
1150.659,
8591.583,
72.50578,
24.19952,
158.9168,
152.8833,
152.3254,
91.1916,
22.62844,
341.0114,
5644.465,
1018.366,
170.7148,
582.6295,
144.0646,
2185.423,
550.2602,
317.9941,
143.3858,
416.5336,
75.42561,
16.0619,
1465.726,
425.5579,
26.12057,
71.05264,
0,
24011.69,
1981, 
1205.938,
8616.316,
79.0459,
25.80499,
160.2232,
156.0257,
165.1742,
93.15723,
24.90367,
389.8591,
5682.5,
993.0961,
179.7948,
584.9449,
146.2227,
2226.211,
616.4718,
349.9115,
152.1474,
427.399,
80.49109,
16.72566,
1481.17,
450.5385,
27.37432,
74.22512,
0,
24405.67,
1982, 
1174.667,
8314.53,
85.34955,
26.92252,
170.9965,
162.3056,
170.9181,
94.8433,
26.0954,
409.3451,
5678.713,
1015.147,
168.3347,
589.7444,
148.7023,
2270.083,
673.8372,
378.0791,
160.4726,
454.9219,
86.52623,
20.60335,
1495.043,
459.3421,
30.25928,
76.19933,
0,
24341.98,
1983, 
1219.511,
8553.298,
85.65994,
29.12045,
182.481,
173.5144,
181.6471,
88.38043,
27.59959,
420.3677,
5816.774,
1066.784,
144.7507,
594.2724,
150.6633,
2302.133,
644.498,
413.4151,
174.5282,
487.2518,
94.87122,
23.03486,
1539.266,
469.4551,
34.10493,
76.01559,
0,
24993.4,
1984, 
1303.195,
8944.305,
91.78096,
30.88185,
204.5677,
182.5862,
197.2122,
87.99287,
27.67403,
466.9618,
6017.619,
1103.055,
165.6421,
597.8453,
152.7787,
2313.832,
696.5735,
462.8865,
187.6306,
521.7814,
101.2733,
26.92984,
1600.575,
492.75,
38.25745,
77.83598,
0,
26094.42,
1985, 
1371.631,
9098.719,
98.55965,
31.18899,
219.3511,
187.7509,
220.6571,
99.0798,
29.65808,
485.7478,
6254.025,
1101.816,
177.0587,
606.7397,
154.9912,
2347.091,
712.4842,
503.3026,
201.8761,
561.6315,
108.7742,
28.16236,
1655.595,
528.8138,
42.64972,
79.54445,
0,
26906.9,
1986, 
1395.578,
9077.593,
101.5676,
32.70166,
226.3656,
207.5983,
208.295,
103.4348,
30.2112,
500.4658,
6368.755,
1145.641,
198.4861,
639.7166,
158.3183,
2382.298,
742.783,
550.988,
217.3356,
608.6908,
113.7412,
37.66505,
1668.463,
547.8018,
47.2463,
82.35666,
0,
27394.1,
1987, 
1479.419,
9245.387,
108.978,
34.81752,
224.151,
226.2546,
220.7581,
109.1009,
32.24816,
513.6299,
6581.406,
1160.752,
206.8413,
655.1225,
160.5746,
2415.674,
794.385,
596.5898,
240.9365,
668.6522,
120.4442,
43.62107,
1772.24,
569.5857,
52.81536,
82.58981,
0,
28316.97,
1988, 
1492.348,
9592.511,
114.2696,
35.39333,
237.8478,
232.536,
237.0222,
114.696,
34.31977,
534.2926,
6868.195,
1179.834,
217.1741,
667.9453,
162.7614,
2453.769,
882.4918,
656.6901,
272.5015,
728.5851,
133.1269,
46.48088,
1862.689,
598.6574,
61.84135,
90.73945,
0,
29508.72,
1989, 
1453.725,
10502.09,
121.8893,
37.31454,
241.0028,
238.2169,
251.1812,
121.2221,
35.60531,
547.176,
7065.036,
1184.332,
232.7672,
664.2636,
164.6763,
2487.957,
918.7885,
718.0807,
296.1543,
780.1989,
146.7299,
52.36885,
1977.545,
635.9836,
65.79082,
88.55372,
0,
31028.65,
1990, 
1410.639,
10689.79,
126.913,
37.90426,
239.3738,
244.695,
268.0685,
128.6479,
37.87205,
556.0324,
7206.606,
1319.561,
259.4356,
650.5258,
160.5995,
2338.331,
951.1857,
778.8148,
318.0701,
832.5724,
163.5369,
58.40997,
2104.4,
657.6902,
72.09774,
97.50308,
0,
31709.27,
1991, 
1495.654,
10767.14,
131.183,
36.87331,
254.03,
257.1747,
286.0041,
130.3459,
40.13978,
558.6326,
7363.834,
1244.741,
265.7391,
603.855,
163.0086,
2339.034,
973.0232,
848.0648,
332.3486,
895.2411,
176.708,
66.94719,
2193.102,
666.2059,
79.03845,
100.9801,
0,
32269.05,
1992, 
1529.545,
10939.98,
133.026,
39.00549,
263.7261,
261.1242,
302.3393,
135.0865,
40.86486,
569.4373,
7399.459,
1160.756,
296.7216,
583.8008,
163.6713,
2317.357,
1066.18,
885.0004,
354.0876,
1000.695,
192.5638,
72.25051,
2205.223,
677.18,
87.28314,
89.78768,
0,
32766.15,
1993, 
1585.909,
11264.38,
137.2751,
41.24751,
277.3381,
280.4217,
321.6087,
131.9862,
43.22606,
592.5553,
7407.648,
1118.885,
325.0065,
579.9018,
176.5271,
2319.588,
1138.928,
938.6124,
392.797,
1114.546,
211.831,
77.91201,
2220.12,
695.2129,
91.08923,
92.51801,
0,
33577.07,
1994, 
1680.497,
11501.55,
147.6277,
43.9771,
290.0693,
296.022,
342.7319,
135.9356,
45.39439,
615.4891,
7555.064,
1130.213,
339.4936,
600.2457,
186.1721,
2337.311,
1224.499,
1012.876,
441.6439,
1225.551,
236.6682,
85.82106,
2345.8,
718.0345,
96.27459,
92.67731,
0,
34727.64,
1995, 
1712.556,
11826.47,
151.0514,
46.61542,
305.3454,
310.8807,
359.7401,
146.3575,
48.71577,
628.1406,
7759.502,
1199.319,
371.7635,
591.7005,
194.4647,
2353.623,
1287.926,
1101.801,
490.3287,
1330.702,
265.1969,
95.7132,
2370.008,
743.0178,
101.8037,
94.23589,
0,
35886.98,
1996, 
1771.254,
12095.37,
140.565,
50.55759,
319.1695,
325.5704,
395.2365,
154.3099,
51.60957,
657.4988,
7879.898,
1273.267,
404.7366,
612.9906,
198.1,
2399.488,
1372.423,
1168.089,
541.2135,
1456.606,
290.8796,
111.4065,
2423.321,
764.2895,
106.6534,
88.54004,
0,
37053.04,
1997, 
1808.489,
12303.5,
152.3013,
53.92697,
336.2861,
346.5911,
413.4644,
154.2369,
54.05072,
683.46,
8007.036,
1286.946,
439.3847,
607.0735,
186.9756,
2348.436,
1445.405,
1252.29,
585.9299,
1522.083,
316.0875,
120.5708,
2454.744,
787.4111,
112.853,
92.47343,
0,
37872.01,
1998, 
1801.337,
12631.94,
168.3562,
60.99957,
347.6716,
363.5052,
427.5355,
149.2624,
56.66515,
663.2073,
8169.745,
1318.581,
467.2931,
585.863,
180.0186,
2324.139,
1560.304,
1353.685,
557.0761,
1605.83,
317.826,
127.0602,
2490.556,
833.6249,
122.2403,
116.4388,
0,
38800.77,
1999, 
1858.321,
12861.82,
179.2412,
65.16917,
361.2106,
367.319,
454.1152,
159.646,
58.80368,
671.2147,
8234.488,
1321.507,
479.3246,
589.3047,
179.3962,
2346.299,
1648.706,
1479.549,
618.556,
1725.651,
334.7656,
141.0399,
2521.109,
867.4922,
127.9603,
123.1071,
0,
39775.12,
2000, 
1953.759,
13322.09,
193.2084,
68.9424,
379.4222,
394.2485,
496.8662,
165.9606,
62.04391,
699.9848,
8279.646,
1377.868,
518.4764,
593.6508,
187.4041,
2435.457,
1752.536,
1562.629,
750.7642,
1943.964,
364.9958,
151.9362,
2606.147,
894.6873,
134.4375,
134.6312,
0,
41425.76,
2001, 
1903.105,
12649.75,
199.2693,
69.84924,
370.6237,
392.7536,
529.459,
172.6169,
64.52763,
678.3934,
8149.908,
1434.18,
511.2193,
645.8492,
196.169,
2465.301,
1839.533,
1644.244,
797.495,
2133.518,
391.3726,
166.5036,
2571.882,
940.5997,
143.6021,
147.2314,
0,
41208.96,
2002, 
1950.058,
12982.72,
203.2689,
73.56052,
397.3322,
395.729,
575.6888,
182.4091,
66.52711,
736.3257,
7906.046,
1443.904,
542.9486,
644.1007,
198.7939,
2462.332,
1965.838,
1707.335,
847.6078,
2406.68,
420.1443,
184.7022,
2642.616,
956.2928,
151.43,
156.6257,
0,
42201.01,
2003, 
1888.551,
12983.42,
248.269,
76.67573,
418.1538,
417.1405,
605.5579,
176.6932,
71.22176,
771.6121,
7776.97,
1490.313,
592.9982,
660.3128,
211.8949,
2544.466,
2087.042,
1830.335,
879.5301,
2785.345,
451.1559,
198.1722,
2648.258,
914.783,
158.2295,
150.2097,
0,
43037.31,
2004, 
1914.52,
13311.96,
251.446,
79.51838,
442.3445,
444.0483,
657.8012,
191.224,
77.84924,
797.3907,
7669.94,
1547.354,
635.5441,
680.5866,
220.4226,
2599.869,
2226.179,
1942.974,
924.6304,
3206.099,
489.8861,
209.2477,
2757.585,
926.4047,
171.1229,
158.1859,
0,
44534.13,
2005, 
1999.267,
13359.67,
265.9399,
84.57174,
459.9669,
460.7224,
693.4695,
195.4126,
84.03644,
804.4508,
7511.027,
1567.497,
676.3442,
698.1953,
218.2117,
2855.676,
2328.33,
2049.479,
981.8148,
3615.74,
525.6874,
225.393,
2817.149,
909.2042,
185.0034,
168.846,
0,
45741.1,
2006, 
1940.407,
13280.79,
275.0818,
88.71868,
481.5783,
484.6156,
743.0132,
215.9888,
93.21101,
834.1224,
7274.708,
1604.201,
725.1895,
728.8177,
226.9521,
2945.607,
2497.852,
2207.635,
1013.344,
4179.608,
559.8113,
236.267,
2907.45,
922.9565,
195.9221,
173.0379,
0,
46836.88,
2007, 
1978.839,
12911.89,
288.0871,
91.88601,
514.687,
502.1493,
801.8865,
212.973,
100.4503,
859.5627,
7055.491,
1587.56,
780.8852,
754.6877,
236.6966,
3041.295,
2677.811,
2360.179,
1069.832,
4866.177,
591.9512,
252.187,
2962.809,
915.6031,
200.6311,
178.0706,
0,
47794.28,
2008, 
1973.407,
12278.72,
294.7898,
93.12597,
540.9944,
535.6938,
873.6637,
215.4041,
107.874,
855.7784,
7062.887,
1576.711,
788.8984,
744.1731,
237.4368,
3119.231,
2908.627,
2461.242,
1133.573,
5500.149,
616.9138,
266.3259,
2886.1,
894.7087,
213.3305,
188.2682,
0,
48368.02,
2009, 
1817.964,
10928.42,
292.7201,
93.84899,
540.638,
536.3599,
983.499,
222.2164,
122.4171,
830.4568,
6296.461,
1490.212,
762.4218,
649.1734,
238.4106,
2927.891,
3104.058,
2632.651,
1168.891,
6590.87,
641.2848,
274.6345,
2882.147,
893.4736,
224.885,
201.7548,
0,
47347.75,
2010, 
1789.76,
11189.26,
308.9782,
95.96594,
599.0504,
543.9172,
1100.352,
246.5536,
142.3695,
867.1857,
6745.239,
1594.445,
822.954,
709.6164,
249.0454,
3079.835,
3331.329,
2809.8,
1291.536,
8288.667,
694.0253,
291.4001,
3107.101,
937.6809,
233.6946,
210.0986,
0,
51279.86,
2011, 
1804.859,
10687.56,
344.7375,
101.0252,
622.474,
566.7222,
1151.567,
254.7841,
162.7805,
881.7311,
7318.962,
1541.971,
886.8163,
731.7068,
259.2122,
3117.116,
3538.647,
3109.719,
1348.613,
10657.96,
723.9748,
308.1793,
3098.174,
985.9611,
246.9404,
221.6535,
0,
54673.84,
2012, 
1809.66,
9946.642,
368.8135,
108.9443,
648.8653,
590.293,
1264.233,
274.7132,
210.2932,
880.3243,
7513.864,
1453.067,
944.499,
737.1918,
270.5074,
3175.587,
3710.634,
3304.442,
1393.221,
12683.98,
808.6688,
329.7809,
3348.007,
1037.013,
271.6033,
225.6919,
0,
57310.54,
2013, 
1743.118,
10059.61,
352.3852,
115.4063,
668.8614,
615.6083,
1323.564,
291.0348,
206.2476,
946.7389,
7250.705,
1412.936,
949.9644,
729.1959,
287.7436,
3129.179,
3926.65,
3548.313,
1458.932,
15598.43,
892.6306,
354.9774,
4306.614,
1045.8,
304.9454,
242.0017,
0,
61761.59,
2014, 
1682.52,
10195.66,
369.9931,
120.3051,
699.5196,
621.8461,
1379.607,
312.8271,
234.2614,
1167.885,
6882.606,
1357.857,
999.371,
676.9238,
299.4754,
3099.74,
4214.593,
4017.239,
1561.727,
19042.75,
1019.673,
370.1033,
5460.589,
1058.26,
339.5065,
279.5634,
0,
67464.41,
2015, 
1686.447,
10331.92,
386.7347,
134.3736,
714.684,
636.6369,
1537.939,
328.589,
260.0767,
1273.169,
7673.305,
1316.548,
1087.991,
619.7241,
315.5361,
3091.281,
4281.787,
4411.681,
1723.665,
24361.13,
1125.425,
384.2831,
6850.103,
1094.041,
371.9704,
284.9708,
0,
76284,
2016, 
1587.608,
10531.27,
410.6741,
143.58,
694.2688,
631.389,
1594.485,
342.5039,
283.1436,
1547.389,
8417.777,
1309.917,
1272.001,
651.7072,
312.0511,
2987.699,
4726.307,
5144.916,
1870.091,
30269.9,
1390.942,
403.5598,
8020.168,
1156.556,
456.0277,
296.2936,
0,
86452.23,
2017, 
1589.048,
10864.71,
423.4783,
153.4921,
752.1809,
670.2162,
1786.33,
398.3101,
325.7513,
2036.481,
9351.095,
1332.134,
2066.95,
675.7559,
331.995,
3027.641,
5130.742,
6264.91,
2089.317,
37972.8,
1501.168,
431.4422,
9294.933,
1205.613,
512.5789,
329.1908,
0,
100518.3,
2018, 
1559.442,
11152.58,
447.6462,
164.7656,
815.5285,
707.288,
2364.481,
471.6677,
430.3105,
2525.968,
10248.62,
1368.082,
2573.261,
739.9244,
377.8455,
3092.802,
5777.012,
7536.365,
2441.425,
45271.75,
1673.681,
473.3206,
10469.38,
1287.26,
583.9848,
365.8293,
0,
114920.2,
2019, 
1531.042,
11337.54,
478.1891,
177.5475,
869.5196,
747.7383,
2748.747,
508.7785,
473.941,
2554.771,
11703.23,
1492.387,
2897.24,
988.2501,
467.949,
3216.789,
7153.583,
8714.962,
3028.067,
52490.3,
2557.646,
514.543,
11833.06,
1620.902,
641.2499,
437.0853,
0,
131185.1,
2020, 
1365.566,
10184.99,
436.3864,
165.6477,
814.4864,
710.8706,
2614.623,
535.2603,
500.6609,
2973.398,
12949.85,
1362.687,
3063.92,
986.5497,
531.7493,
2827.94,
7251.673,
9136.364,
3327.205,
69054.29,
4677.775,
496.623,
12954.61,
1940.07,
673.4336,
421.7821,
0,
151958.4,
2021, 
1320.134,
10851.36,
430.4015,
170.1024,
835.9547,
717.3287,
2626.359,
591.4677,
542.1592,
3012.07,
13709.74,
1419.717,
3394.104,
1010.52,
605.8203,
2889.229,
7574.942,
16964.31,
3500.518,
71170.37,
4475.612,
505.6128,
13191.42,
2075.098,
711.2251,
454.6559,
0,
164750.2,
2022, 
1243.641,
12741.78,
430.1245,
173.9138,
871.6609,
713.9447,
2394.401,
577.3489,
489.6465,
2714.063,
14098.41,
1365.018,
3794.911,
1095.552,
760.0219,
2841.483,
6351.337,
29124.8,
3856.754,
80329.33,
4812.628,
587.5204,
13590.48,
2319.429,
827.7405,
405.5878,
0,
188511.5,
2023, 
1160.791,
14024.55,
418.5117,
175.1077,
876.7459,
700.2061,
2092.388,
551.9626,
422.6522,
2602.846,
14701.23,
1513.282,
5363.211,
1082.318,
884.1288,
2742.769,
5603.241,
31719.84,
4154.873,
87264.63,
5474.911,
684.5338,
14124.6,
2701.325,
902.1103,
357.8825,
0,
202300.6,
2024, 
1121.737,
15291.2,
425.7164,
182.322,
910.5528,
710.2424,
1764.57,
529.8593,
367.3151,
2421.449,
15651.52,
1580.364,
4675.542,
1085.898,
1032.824,
2755.195,
5299.557,
33068.82,
4254.023,
90329.52,
6177.36,
801.9395,
14409.17,
2874.789,
993.8401,
319.5278,
0,
209034.8,
2025, 
1074.293,
16200.51,
431.8003,
189.4385,
937.0897,
716.9656,
1434.937,
492.9825,
322.575,
2405.404,
16668.93,
1659.143,
4276.037,
1092.584,
1165.54,
2777.069,
4983.593,
33600.86,
4301.465,
92517.77,
6632.668,
927.1647,
14624.87,
3061.725,
1070.016,
277.8377,
0,
213843.3,
2026, 
1053.514,
16622.78,
441.4976,
201.6327,
959.838,
734.9502,
1133.394,
478.8272,
301.0169,
2412.337,
17980.26,
1721.292,
3959.396,
1102.3,
1308.972,
2807.415,
4623.214,
33145.41,
4417.043,
95582.23,
7085.461,
1063.081,
14785.52,
3236.176,
1147.361,
232.5628,
0,
218537.5,
2027, 
1040.426,
17602.17,
449.8967,
261.9447,
985.3259,
751.686,
863.0574,
461.4629,
288.7925,
2408.142,
19947.05,
1819.715,
3702.957,
1110.365,
1340.28,
2832.444,
4212.612,
40480.63,
6115.705,
100974.4,
9051.343,
1214.937,
14940.63,
3404.135,
1400.928,
194.1778,
0,
237855.2,
2028, 
1032.491,
19324.52,
460.3384,
389.743,
1014.536,
768.9829,
628.7449,
432.0075,
245.0494,
2245.478,
21906.95,
1949.304,
3156.063,
1119.766,
1395.202,
2860.272,
3748.683,
44038.14,
7467.966,
119618,
11742.33,
2112.033,
15111.6,
3584.845,
2173.299,
195.0415,
0,
268721.4,
2029, 
985.3046,
20917.57,
503.5277,
573.7574,
1049.128,
798.1902,
468.3848,
398.245,
199.6538,
2333.738,
23816.89,
2121.059,
2648.929,
1132.827,
1450.279,
2883.741,
3284.748,
46982.7,
8432.936,
139466,
14586.49,
3400.486,
15259.22,
3749.582,
3256.443,
209.9959,
0,
300909.8,
2030, 
917.8215,
22568.71,
793.1381,
1004.643,
1106.903,
840.6496,
341.584,
352.217,
155.8746,
2814.269,
26010.62,
2352.289,
2169.562,
1144.498,
1530.233,
2891.049,
3031.628,
51472.59,
9081.184,
162249.1,
18519.05,
4949.21,
15510.74,
4097.691,
4584.622,
244.723,
0,
340734.6,
2031, 
1111.562,
24228.86,
1791.142,
3654.344,
1162.326,
883.0767,
246.3683,
264.5097,
117.2061,
2521.639,
26345.3,
2581.131,
1680.99,
1139.734,
1585.765,
2863.828,
2784.786,
56473.93,
10053.6,
184390.5,
22804.09,
7283.468,
15672.58,
4446.295,
6725.907,
294.8316,
0,
383107.8,
2032, 
1399.287,
28402.18,
4711.416,
8892.429,
1362.528,
1167.491,
325.4782,
304.0548,
162.5267,
2605.67,
26292.61,
2909.376,
1674.044,
1136.425,
1736.3,
2837.197,
3540.75,
62735.69,
10732.27,
210770.6,
28306.19,
10587.45,
15860.96,
4952.819,
9337.943,
516.0399,
0,
443259.7,
2033, 
1809.211,
33146.59,
14574.4,
16433.04,
1748.796,
1500.292,
420.1143,
326.8327,
233.4893,
2719.046,
25585.4,
3334.814,
1674.868,
1132.532,
1980.67,
2814.826,
4110.336,
62667.69,
10807.95,
226061.5,
34560.22,
14142.5,
16141.8,
5720.174,
11715.08,
664.2953,
0,
496026.5,
2034, 
2299.639,
38007.6,
24212.65,
24156.51,
2213.379,
2007.672,
484.5205,
344.216,
332.0895,
2849.337,
30960.25,
3743.505,
1711.496,
1132.889,
2268.22,
2793.675,
5606.42,
66244.71,
10787.06,
237118,
42705.63,
14761.09,
16359.51,
6586.469,
13696.79,
720.3134,
0,
554103.6,
2035, 
2771.047,
43597.52,
38168.61,
29224.85,
2765.657,
2584.902,
526.8095,
366.8579,
516.4855,
2987.019,
41276.25,
4285.797,
1897.531,
1134.338,
2672.297,
2779.808,
7460.12,
76216.78,
10626.48,
249986.8,
52747.48,
16718.13,
16504.8,
7408.483,
16998.83,
790.7215,
0,
633014.4,
2036, 
3247.251,
50164.91,
43724.98,
29664.01,
3102.1,
3160.358,
549.2013,
416.3445,
831.4923,
3074.154,
41537.28,
6152.237,
2286.583,
1137.092,
3043.294,
2800.405,
8824.149,
99834.09,
10483,
271356.5,
62823.23,
19608.98,
16491.57,
8150.931,
20206.19,
937.2527,
0,
713607.6,
2037, 
3826.706,
57360.61,
49671.06,
30766.01,
3468.342,
3687.312,
654.2695,
515.8062,
1262.54,
3355.277,
38614.27,
10094.49,
2720.599,
1139.47,
3358.006,
2828.755,
10036.84,
135074,
10289.27,
312795.5,
69888.34,
23464,
16495.41,
8557.467,
22653.98,
2153.683,
0,
824732.1,
2038, 
4352.804,
60540.82,
52563.53,
32146.37,
3801.273,
4144.558,
830.9766,
714.0722,
1814.147,
4445.677,
38237.64,
14728.97,
3188.985,
1140.369,
3585.44,
2861.704,
11094.81,
174745.5,
10014.09,
363868.7,
71696.73,
31011.81,
16574.78,
8555.313,
24303.9,
4114.227,
0,
945077.1,
2039, 
4847.323,
62306.6,
55202.51,
35354.45,
4205.024,
4529.533,
1147.799,
990.632,
2037.74,
7065.984,
36116.71,
21436.71,
3691.694,
1106.523,
3791.21,
2940.581,
12602.15,
220915.7,
9614.431,
431910.5,
72235.09,
44988.21,
16690.43,
8505.146,
25829.52,
7680.772,
0,
1097743,
2040, 
5245.649,
68134.64,
62446.86,
38429.46,
4565.3,
4898.46,
1726.334,
1420.488,
2302.87,
11676.34,
39332.55,
43957.54,
4180.17,
1067.63,
3913.413,
3076.158,
14175.48,
260157,
9161.728,
501362.1,
71272.67,
56055.55,
16692.39,
9325.973,
28452.47,
13092.88,
0,
1276122,
2041, 
5782.371,
80992.33,
74573.69,
46330.21,
5068.088,
5451.455,
2377.363,
2074.773,
2596.554,
15882.12,
42923.32,
78566.41,
4728.724,
1024.429,
4044.84,
3294.448,
15485.3,
293549.8,
8834.644,
557414.6,
72852.66,
60852.57,
16708.56,
10623.69,
31502.07,
20886.47,
0,
1464422,
2042, 
6666.501,
97039.45,
91134.18,
53699.71,
5567.911,
6094.701,
2699.803,
2402.858,
2909.693,
16547.54,
50968.45,
110122.3,
5157.325,
1013.363,
4418.942,
3703.748,
16845.69,
322515.8,
9116.78,
537398.5,
75314.65,
57551.2,
16572.7,
13250.09,
36349.69,
27960.33,
0,
1573022,
2043, 
8274.749,
132313.1,
108119.6,
66464.24,
5930.713,
7425.658,
3104.534,
2882.158,
5683.469,
15770.91,
64710.09,
111105.8,
5553.693,
1049.836,
5117.939,
4262.088,
18868.09,
355500.7,
9622.626,
515269.8,
78781.33,
54728.23,
16377.38,
16932.76,
44245.84,
37644.85,
0,
1695740,
2044, 
9912.744,
169443.8,
127695.1,
78600.47,
6311.965,
8919.772,
3542.378,
3480.059,
9022.793,
14935.13,
79874,
115366.2,
6010.474,
1216.731,
5935.838,
5536.272,
22136.47,
389008.9,
10229,
490121.6,
82802.2,
52009.32,
16041.66,
22341.08,
56910.18,
48314.48,
0,
1835719,
2045, 
10069.7,
235898.3,
147400.6,
91950.48,
6723.987,
10464.02,
4574.125,
5041.631,
14587.69,
14611.75,
87789.77,
117521.6,
6641.112,
1461.005,
6669.37,
6789.678,
26093.27,
448087.8,
10713.41,
467380.4,
88505.83,
49367.92,
15786.77,
28024.42,
75919.66,
57539.7,
0,
2035614,
2046, 
10659.54,
335043,
160734.6,
104654.3,
7354.188,
12148.66,
5925.769,
7571.474,
21076.52,
13827.75,
104105.8,
117300.4,
6977.078,
1694.353,
7557.313,
7814.453,
30355.74,
569844.9,
11147.64,
460455.9,
93672.38,
49360.16,
15812.13,
32236.41,
101777.9,
67247.23,
0,
2356356,
2047, 
11855.25,
502586.9,
170294.4,
120293,
8060.758,
14000.9,
7492.656,
15663.68,
27446.33,
12950.75,
112779.6,
114934.7,
7652.14,
1660.543,
8441.082,
8242.218,
35853.66,
708069.5,
11189.43,
444470.5,
100618.7,
53774,
15887.16,
32415.97,
130764.8,
81452.98,
0,
2758852,
2048, 
12627.59,
620098.1,
180611.8,
131532.4,
9073.214,
15615.8,
9540.11,
40169.23,
39175.11,
12080.77,
119256.8,
109984.1,
8163.02,
1642.443,
9631.611,
7723.572,
43822.63,
888142.8,
11153.84,
442427.2,
106736.7,
65510.84,
16177.84,
32448.63,
160809.3,
91450.6,
0,
3185606,
2049, 
14185.44,
718519.3,
187911.9,
139657.6,
10198.37,
18179.4,
12368.35,
67871.78,
56162.9,
11693.27,
126131,
105713.6,
9036.919,
1639.272,
10953.53,
7364.974,
53524.42,
1115843,
10922.49,
440728.9,
113068.9,
82014.88,
16456.94,
31801.63,
188245.6,
99421.15,
0,
3649615,
2050, 
16275.1,
762821.1,
197346.9,
147836.6,
11805.31,
20990.37,
19025.91,
84522.93,
75102.53,
11040.17,
131771,
102000.8,
9297.275,
1784.186,
12892.46,
7722.749,
67634.84,
1309927,
10682.17,
450440.3,
114262.9,
117039.8,
16938.99,
31814.71,
219110,
104774.9,
0,
4054861,
2051, 
18829.08,
792514.8,
201713.4,
155670.3,
13709.64,
24202.65,
28092.11,
101865.5,
93424.81,
12903.81,
143819.9,
100545.6,
10124,
2120.286,
15173.87,
8794.61,
93795.4,
1494346,
10240.17,
471919.7,
116433.9,
143964.4,
17304.86,
33343.63,
257067.4,
111810.5,
0,
4473731,
2052, 
20461.25,
809262.3,
207363.5,
162668.9,
16612.33,
27868.75,
41726.16,
113055.2,
126534.4,
16292.85,
154725.2,
98086.56,
10631.09,
4034.943,
18008.41,
10046.51,
118408.7,
1735579,
9894.189,
510910.6,
115430.7,
156906.9,
18023.19,
34723.57,
297984.1,
117486.9,
0,
4952726,
2053, 
23207.31,
811596.4,
212427.8,
169919.3,
20251.12,
30138.5,
62972.33,
123255.8,
184466.1,
22397.14,
173322.4,
96637.09,
11870.85,
7611.442,
21322.16,
11193.24,
152356.4,
1895171,
9712.266,
581514.6,
113944.4,
154892.5,
18446.73,
36293.45,
345455.6,
124975.7,
0,
5415352,
2054, 
24408.83,
818750.1,
219517.8,
176955.2,
25356.42,
33562.48,
94791.46,
142621.5,
238114.4,
27711.29,
200893.8,
94173.54,
13244.28,
12947.39,
24859.66,
14507,
188763.1,
2015335,
9517.445,
656142.8,
111589.8,
146256.2,
19189.92,
39109.88,
378946.1,
131024.4,
0,
5858290,
2055, 
25640.14,
888334.8,
226274.6,
183512.3,
31571.63,
33864.18,
132692.1,
182155.1,
295598.3,
32461.35,
240582.9,
92486.13,
15086.97,
22502.78,
27820.18,
22134.29,
240269.7,
2092095,
9688.735,
703243.9,
108227.5,
130432.7,
19783.76,
42431.34,
396656.9,
136506.8,
0,
6332054,
2056, 
24577.12,
924740.7,
233784.2,
188511.3,
38414.54,
33598.52,
176656,
226356.5,
370747.3,
36557.99,
268395.6,
91756.05,
16511.21,
32103.01,
31294.08,
28333.34,
283256.8,
2201072,
9823.043,
746136.1,
103261.4,
113997.3,
21034.5,
47113.68,
409246.6,
141446.6,
0,
6798726,
2057, 
23559.47,
936220.3,
239653.1,
192418.9,
46435.18,
33027.21,
217308.1,
272341.9,
438937.9,
39321.57,
304623.1,
90941.21,
17318.3,
37304.84,
33870.09,
33190.54,
317315,
2269515,
10022.38,
758295.5,
98671.68,
106046.6,
21976.65,
52048.28,
424656.8,
162789.4,
0,
7177809,
2058, 
21230.78,
955861.6,
244359.3,
195659.9,
54543.43,
30477.19,
249425.7,
318849.3,
478075,
41144.36,
328471.1,
91297.87,
17875.71,
41311.66,
36231.34,
37029.09,
325583.2,
2362174,
10145.94,
745035,
92860.05,
97127.99,
23546.42,
55658.93,
434418.5,
188060.3,
0,
7476454,
2059, 
19899.03,
962194.6,
246190.7,
198221.3,
62711.49,
28010.44,
274022.9,
342397.8,
516662.5,
42067.3,
357642.2,
92092.35,
18681.93,
46526.12,
37488.95,
40221.62,
337748.9,
2427197,
10461.27,
709387.8,
88369.41,
88676.83,
23738.85,
59003.97,
448414.8,
194953.7,
0,
7672984,
2060, 
17464.24,
974452.4,
249463.8,
197254.4,
70069.08,
25631.21,
288720.9,
352151.9,
557789.9,
41923.72,
385463.3,
97173.83,
19304.95,
48369.64,
37856.88,
44257.54,
332310.9,
2515477,
10703.21,
666557.9,
83150.61,
77767.6,
26047.62,
61375.72,
457882,
213134.2,
0,
7851755,
2061, 
15693.52,
951384.6,
250241.9,
198744.2,
76116.41,
23509.38,
302431.2,
362548.2,
593686.4,
41773.43,
405600.7,
100735.9,
20031.3,
49906.81,
37486.29,
48258.21,
334334.6,
2550037,
11152.33,
613372.8,
79363.31,
70587.84,
25674.56,
63982.17,
469534.1,
224461.6,
0,
7920649,
2062, 
13176.75,
927477.2,
254092.4,
199310.6,
81497.47,
22131.78,
313465.4,
374861.7,
631428.9,
40583.45,
417082.1,
103092.8,
20230.79,
50757.91,
37208.82,
54103.58,
330868.3,
2619779,
11749.39,
569814.3,
76066.77,
64587.4,
26259.56,
64788.46,
481885.6,
237152.9,
0,
8023454,
2063, 
11653.3,
896347.3,
256893.9,
201719.9,
84466.64,
21447.5,
323117.8,
382203.9,
669172.4,
37903.86,
428151.6,
103696.6,
20359.38,
51582.27,
36738.12,
57847.64,
354229.6,
2702180,
12509.76,
538897.9,
73836.13,
61551.25,
27811.54,
65724.09,
508920.5,
256571.4,
0,
8185535,
2064, 
10307.78,
869835.1,
260500.7,
204169.7,
85297.08,
20832.25,
326698.3,
402155.6,
705175.9,
34553.1,
418663,
104164.3,
19438.47,
51859.96,
35518.81,
61353.47,
382870.3,
2798889,
13354.35,
513532.9,
72113.84,
62138.12,
27627.11,
64889.64,
541134.5,
265956.3,
0,
8353030,
2065, 
9194.938,
827166.3,
266198.2,
207812.6,
83775.5,
19372.22,
328634.2,
422117,
722919.5,
31294.01,
419179.5,
100739.5,
18504.24,
51279.2,
34448.51,
60840.16,
390040.6,
2938697,
13954.36,
492743.3,
71481.51,
62448.65,
28638.24,
62030.5,
557908.8,
263735.6,
0,
8485154,
2066, 
8422.728,
780708.1,
269403.1,
208503.2,
80146.69,
18509.69,
328180,
450255.1,
754575.7,
27653.02,
399325.8,
99283.7,
17806.98,
50226.93,
33400.62,
55720.68,
390954.2,
3125536,
14548.57,
473994.7,
71929.3,
62048.93,
27183.03,
58657.47,
569133.6,
259192.4,
0,
8635300,
2067, 
7848.165,
725039.1,
270669.8,
213976,
77160.03,
17868.38,
329687.2,
494434.2,
801393.8,
24345.29,
386205,
97194.8,
16857.35,
48659.48,
32057.32,
48979.05,
403484.3,
3266772,
15375.04,
456279.3,
72574.24,
62238.32,
28013.65,
54551.36,
582331.3,
259867.1,
0,
8793862,
2068, 
7703.217,
669956.8,
272078.4,
217210.1,
73284.05,
17065.6,
335046,
533346.7,
855931.8,
20543.51,
361651.1,
95358.64,
15922.96,
46972.91,
31018.3,
40994.7,
423886.3,
3404768,
16165.57,
438486.9,
73546.1,
62027.88,
26837.96,
50709.88,
597089.3,
260160.4,
0,
8947763,
2069, 
7412.832,
618752.9,
273015,
226552,
69041.41,
16254.46,
345422.8,
561887.7,
892125.7,
16987.16,
333804.2,
92407.59,
15056.69,
44659.87,
29732.94,
32986.13,
459282.7,
3513603,
17009.71,
420051.4,
73636.34,
62056.26,
27673.25,
46220.68,
609839.3,
266164.1,
0,
9071636,
2070, 
7291.063,
579823,
274660.8,
234997.8,
64288.15,
15367.22,
360508.4,
585971.6,
947553.2,
14131.09,
301641,
89082.05,
14692.43,
40825.64,
28424.79,
24039,
520380.7,
3638291,
17541.81,
454259.1,
73641.33,
62372.95,
27262.33,
41709.09,
621429.1,
274564.3,
0,
9314749,
2071, 
7278.489,
534358.4,
276581.4,
246152.3,
60700.66,
14562.15,
372632.1,
606317.5,
997543.7,
12745.12,
266132.7,
87663.65,
14072.45,
36892.57,
27205.28,
16142.71,
603361.5,
3631154,
18718.35,
497896.1,
73623.66,
62531.2,
27097.03,
37948.55,
630566.8,
284927.9,
0,
9444806,
2072, 
7180.78,
507131.5,
278741.7,
254995.6,
56727.69,
13750.19,
377078.1,
617550.2,
1060708,
11512.51,
245184.9,
84159.89,
13785.61,
31842.28,
25802.64,
10226.09,
671648.6,
3592063,
20289.22,
637823.4,
73579,
62643.15,
26645.58,
33965.23,
668180.8,
293401.3,
0,
9676616,
2073, 
7084.076,
469119.2,
281076.8,
261422,
51734.89,
12979.51,
379262.9,
632336.3,
1110689,
11146.54,
207630.7,
83261.2,
12924.02,
26818.01,
24456.84,
9287.89,
717303.4,
3527312,
21717.46,
806088,
72729.88,
62043.09,
25980.57,
30774.91,
701269.3,
302903.1,
0,
9849351,
2074, 
7120.054,
450451.1,
283979.8,
262051.3,
47550.05,
13056.87,
379331,
660581.6,
1147955,
10891.3,
195785.2,
83669.85,
12266.12,
20796.73,
23227.22,
12289.61,
760896.9,
3433081,
23679.65,
1056370,
72682.99,
62124.99,
25492.49,
28434.74,
721527.1,
310782.9,
0,
1.010608e+07,
2075, 
6795.529,
412232.8,
282539.3,
261346.8,
42534.94,
12941.04,
380718.8,
670919.4,
1166907,
10581.57,
176314.3,
84005.63,
11349.25,
15744.56,
21774.74,
20657.86,
784874.8,
3494798,
23103.64,
1276233,
71508.59,
61269.17,
25498.87,
26592.49,
724454.8,
327550.5,
0,
1.039325e+07,
2076, 
6861.92,
400096.1,
282552.5,
257066.2,
37956.41,
12749.92,
381667.1,
703628.1,
1177806,
10751.91,
155741.1,
83588.6,
10619.69,
12107.49,
20450.68,
31671.53,
801317.9,
3482493,
25577.47,
1421295,
71182.81,
61025.27,
25594.02,
25019.37,
734872.4,
346714.4,
0,
1.058041e+07,
2077, 
6659.309,
384750.2,
284481.3,
250925.1,
32744.42,
12404.92,
386671.6,
743467.1,
1216871,
10916.4,
146303,
84423.94,
10146.77,
8963.956,
19325.9,
48964.67,
818878.1,
3459800,
23569.87,
1468353,
70241.84,
59895.32,
25878.73,
24215.44,
753257,
358745.9,
0,
1.071085e+07,
2078, 
6614.511,
393030.7,
285303.9,
245865.3,
28480.9,
12182.85,
390976.7,
775358.6,
1235858,
11255.17,
130424.8,
83391.01,
9887.604,
6796.616,
18420.04,
75740.89,
851885.6,
3489068,
25166.03,
1522748,
69835.35,
59126.79,
26029.24,
23908.4,
760776.6,
384058.9,
0,
1.092219e+07,
2079, 
6269.271,
390105.1,
283995.6,
239592.9,
23418.83,
11808.69,
403527,
793963.2,
1259838,
11642.7,
127735.3,
83675.87,
10120.81,
4941.331,
17461.34,
65585.21,
884477.8,
3585972,
21601.1,
1460432,
68878.04,
57658.03,
25908.47,
23630.77,
761704.8,
390027.8,
0,
1.101397e+07,
2080, 
6187.875,
413395.1,
281889.1,
236269,
19675.17,
11301.32,
409710.5,
817030,
1251976,
11681.19,
118485.8,
82124.91,
10265.3,
4267.779,
16981.95,
56190.46,
914207.5,
3503033,
21754.76,
1432039,
68287.84,
56786.71,
25595.59,
23621.51,
788450.9,
402391.9,
0,
1.09836e+07,
2081, 
5769.65,
418841.5,
277125.3,
233016.8,
17147.73,
11028.34,
414914.9,
840249.4,
1273901,
11779.55,
115778.7,
82147.23,
10747.13,
3939.636,
16692.15,
52591.22,
922545.1,
3458692,
19280.98,
1437441,
67422.83,
56052.4,
24998.64,
23361.26,
837012.4,
411855.5,
0,
1.104433e+07,
2082, 
5542.052,
458493.5,
275569.1,
234669.2,
15054.86,
10327.02,
417422.8,
864255.6,
1262165,
12045.3,
115147,
79442.16,
10828.41,
3689.24,
16834.15,
54012.35,
917710.4,
3513030,
18342.38,
1463152,
66715.35,
55685.31,
24584.85,
23030.38,
872647.4,
417330.3,
0,
1.120773e+07,
2083, 
5154.705,
476779.2,
269704.1,
233774.4,
12911.49,
9669.629,
427289,
884477.6,
1261681,
12497.12,
109809.7,
78331.75,
11104.57,
3892.073,
17065.31,
56023.59,
915729,
3532907,
16033.85,
1485817,
65946.38,
55069.81,
23643.48,
21872.44,
892290.2,
430524.5,
0,
1.131e+07,
2084, 
4838.895,
528268.3,
265376.6,
239781.4,
11602.9,
9182.757,
435593.7,
909446.1,
1245913,
12457.99,
118750,
74624.19,
10940.35,
3877.878,
17932.17,
58821.95,
914085.6,
3427474,
15477.31,
1490381,
65561.43,
55080.83,
23120.13,
21416.59,
912073.5,
453289.1,
0,
1.132537e+07,
2085, 
4693.018,
534271.8,
255049.6,
241508.8,
10104.83,
8640.295,
448481.2,
924592.8,
1231502,
12324.16,
112679.3,
73064.74,
10887.84,
4191.705,
17591.91,
63035.48,
913376.9,
3353660,
13526.53,
1481846,
65083.29,
54100.37,
22570.99,
20549.38,
938449.8,
483403.2,
0,
1.129919e+07,
2086, 
4632.683,
560434.8,
246261.3,
249036.6,
9720.452,
8217.185,
455012.2,
944720.3,
1242869,
11611.38,
119346.1,
69144.45,
10881.01,
4180.085,
17941.58,
67497.59,
906429.4,
3343513,
13089.26,
1435266,
64673.91,
53327.13,
22200.79,
20889.98,
963147.5,
497863.5,
0,
1.134191e+07,
2087, 
4590.733,
566621.8,
235320.9,
252517.3,
9156.648,
7838.136,
466130.5,
966372.6,
1249902,
11345.25,
114592.8,
66285.36,
10991.7,
4344.302,
18156.82,
69158.98,
917823.5,
3312924,
11785.61,
1393828,
64485.68,
53348.97,
21645.41,
21312.59,
991526.9,
516185.8,
0,
1.135819e+07,
2088, 
4578.426,
586269.1,
228983.6,
262719.3,
9838.17,
7686.151,
471446.8,
1000481,
1288588,
10965.81,
110344,
63530.37,
11279.59,
4532.591,
18786.89,
71247.49,
931871.9,
3365115,
11753.36,
1345268,
64046.11,
54075.27,
21915.47,
22663.95,
1013920,
546914.1,
0,
1.152882e+07,
2089, 
4606.518,
591785.9,
222948.7,
265744.2,
9927.484,
7364.876,
476518.9,
1031104,
1313793,
11121.1,
111673.7,
61476.61,
11638.98,
5620.165,
19302.46,
78148.45,
939587.9,
3425434,
11102.25,
1296631,
63410.55,
54634.58,
22372.55,
23811.83,
1041566,
564842,
0,
1.166617e+07,
2090, 
4644.425,
605739.3,
219977.1,
272111.8,
10603.88,
7242.624,
474460.1,
1061001,
1371360,
11370.52,
106611,
58946.77,
11955.13,
6919.425,
20267.52,
85876.52,
949427.5,
3509126,
10621.23,
1260965,
62875.34,
55141.94,
24443.28,
25327.41,
1063144,
575506.3,
0,
1.186567e+07,
2091, 
4746.232,
604320.2,
215142.2,
273415.2,
10741.87,
7075.914,
476851.9,
1101521,
1381025,
13021.84,
109968.9,
57048.6,
12275.92,
8699.998,
21158.78,
96814.54,
960014.2,
3618663,
10023.68,
1221069,
62470.56,
55529.42,
26718.73,
26609.15,
1086305,
598536,
0,
1.205977e+07,
2092, 
4795.615,
624648.8,
209241.5,
274711.1,
11338.37,
7056.543,
491438.4,
1133627,
1431400,
13801.3,
108216.1,
56024.16,
12644.52,
10821.45,
22337.4,
106655.4,
968935.3,
3729066,
9295.438,
1195021,
61498.84,
55798.99,
29840.11,
28756.92,
1112045,
616341.3,
0,
1.232536e+07,
2093, 
4899.016,
624503.4,
204236.5,
270597.9,
11247.57,
7081.559,
512263.8,
1171688,
1450296,
15524.02,
103886.4,
54724.87,
12859.92,
13580.85,
23417.96,
117157.1,
969170.4,
3767190,
8672.403,
1213467,
60234.25,
55197.43,
32053.35,
30271.86,
1134130,
647576.2,
0,
1.251593e+07,
2094, 
4978.862,
666744.3,
202205.5,
268681.3,
11371.43,
7179.042,
519327.7,
1199803,
1441283,
17214.66,
108643.9,
56504.44,
13049.37,
16449.59,
25011.93,
126533.7,
971569.6,
3812363,
8188.344,
1173212,
58989.07,
54569.77,
35224.1,
32026.89,
1157063,
658718.1,
0,
1.26469e+07,
2095, 
5063.541,
702205.6,
197591.8,
259829.5,
11437.41,
7171.123,
523932.5,
1237683,
1431492,
20004.4,
101905.4,
57381.88,
13220.42,
19318.76,
25864.98,
136498,
972075.7,
3935870,
7738.621,
1204776,
57701.3,
54089.76,
35625.51,
34622.09,
1188222,
682681.1,
0,
1.2924e+07,
2096, 
5130.215,
750968.2,
199220,
247347.7,
11132.1,
7205.292,
535962.4,
1267112,
1441689,
22411.78,
105315.5,
60579.59,
13580.96,
21828.33,
27099.76,
121708.1,
978267.4,
3941701,
7422.314,
1203140,
55996.47,
53320.64,
36911.82,
37536.75,
1236049,
693681.4,
0,
1.308232e+07,
2097, 
5203.898,
801560,
200986.4,
238371.2,
11018.23,
7127.775,
536366.9,
1311639,
1460375,
25827.36,
104591.1,
61862.14,
13498.09,
23905.54,
27854.34,
108341.5,
974637.3,
3888208,
7250.309,
1212326,
54440.3,
52644.5,
35519.71,
42055.48,
1267776,
715906.8,
0,
1.318929e+07,
2098, 
5190.324,
864651.2,
205868.5,
232071.2,
10934.66,
7194.955,
551512.7,
1368375,
1474536,
29023.46,
113198.5,
64378.63,
13797.59,
25575.11,
28384.27,
99217.02,
971730,
3798215,
6987.189,
1245836,
53003.47,
52205.5,
37860.88,
47060.25,
1305969,
726185.3,
0,
1.333896e+07,
2099, 
5216.539,
931883.7,
209639.7,
228889.2,
10869.39,
7085.269,
548205.3,
1423336,
1502391,
32371.69,
128728.9,
63665.92,
13670.33,
26028.32,
28635.21,
86505.3,
963626.3,
3775050,
6730.942,
1311804,
51733.02,
51544.59,
36328.49,
54588.15,
1339697,
741054.1,
0,
1.357928e+07,
2100, 
5226.103,
983805.2,
217144.2,
227057.8,
10641.71,
7098.524,
555636.1,
1489228,
1529662,
34456.49,
123105,
63508.2,
13746.18,
26087.38,
28766.03,
74594.25,
961458.3,
3598836,
6547.746,
1419516,
50668.48,
50676.11,
37456.37,
62146.67,
1395823,
754609.4,
0,
1.37275e+07];
