real main.em.ep.isp.StorCapTot[28](t) = [1971, 
639.4692,
3101.625,
27.66575,
12.26811,
54.25509,
69.89185,
56.51175,
46.1403,
10.60524,
171.9203,
3674.549,
584.2175,
40.63823,
398.3969,
97.05313,
1479.285,
145.984,
162.6877,
67.3577,
194.496,
33.46875,
4.304608,
749.9517,
122.7767,
17.23463,
25.19289,
0,
11987.95,
1972, 
664.6461,
2857.277,
29.36663,
12.85468,
56.7298,
76.11536,
55.2688,
48.75137,
11.27955,
187.3324,
3671.891,
596.1497,
47.1349,
407.9833,
97.75842,
1558.147,
143.9008,
152.4836,
65.68615,
189.8594,
36.72734,
4.790353,
789.6443,
119.676,
15.05723,
34.82327,
0,
11931.33,
1973, 
739.218,
3162.351,
31.51732,
14.06148,
65.27819,
82.34109,
60.46391,
53.87336,
12.22547,
199.9893,
3966.238,
630.0028,
96.38191,
416.6643,
101.0071,
1583.517,
175.8748,
163.3379,
75.69849,
207.3619,
39.95149,
5.616543,
863.731,
138.572,
16.7904,
38.39643,
0,
12940.46,
1974, 
767.6171,
3153.059,
41.15846,
14.70094,
72.68451,
87.37133,
69.41176,
53.1944,
13.35492,
216.745,
4060.474,
662.9501,
100.0141,
427.1169,
103.1784,
1603.031,
205.8737,
170.246,
79.04243,
210.1677,
43.90535,
6.02232,
859.8779,
148.4786,
17.26978,
49.4603,
0,
13236.41,
1975, 
751.5955,
3271.27,
42.03369,
15.81546,
78.17027,
91.20551,
102.5051,
58.44612,
14.35212,
233.2938,
4078.381,
716.5952,
114.0723,
467.907,
112.1158,
1679.639,
247.0485,
190.6706,
91.68586,
238.5517,
45.55997,
7.105815,
887.2123,
153.9983,
18.49649,
53.11688,
0,
13760.84,
1976, 
813.3713,
3503.258,
44.92085,
17.01286,
89.55598,
96.10506,
108.4691,
60.22367,
16.12045,
245.8047,
4374.948,
748.3132,
125.4619,
464.9541,
114.4716,
1689.435,
272.7466,
215.2586,
97.73739,
249.3193,
50.8187,
6.775241,
942.8768,
160.1124,
18.67031,
57.28186,
0,
14584.02,
1977, 
869.9973,
3622.368,
49.28964,
18.7346,
100.524,
103.7625,
117.5302,
64.48556,
17.15939,
245.4755,
4475.177,
791.8351,
135.9958,
475.9485,
116.3557,
1718.626,
314.0862,
225.0131,
106.7298,
274.8619,
56.37667,
7.502515,
980.975,
169.0765,
19.74218,
63.61156,
0,
15141.24,
1978, 
923.8584,
3728.56,
53.36958,
19.98206,
110.894,
109.5302,
131.7102,
61.79294,
19.15515,
257.1754,
4658.728,
828.5448,
153.8739,
482.6935,
119.8081,
1759.719,
346.5015,
251.2296,
93.92845,
310.4962,
57.25043,
10.01091,
1022.093,
174.9233,
21.60467,
62.21645,
0,
15769.65,
1979, 
977.0911,
3802.094,
58.12111,
21.56517,
125.3327,
122.3158,
119.2522,
72.52946,
20.15732,
272.195,
4869.809,
833.2015,
143.8475,
484.7821,
121.9871,
1802.72,
413.0155,
258.2196,
99.30704,
342.4047,
63.05235,
11.51845,
1075.27,
181.8477,
23.22103,
66.90464,
0,
16381.76,
1980, 
1000.573,
3835.534,
63.0485,
21.04306,
138.1885,
132.942,
132.4569,
79.29705,
19.6769,
296.5317,
4908.229,
885.5361,
141.0866,
506.6344,
126.3724,
1900.368,
454.7605,
276.5166,
103.1553,
365.3803,
66.16281,
14.08939,
1054.479,
189.9812,
22.91278,
61.7849,
0,
16796.74,
1981, 
1048.642,
3846.722,
68.73557,
22.43912,
139.3245,
135.6745,
143.6297,
81.00629,
21.65537,
339.0079,
4941.245,
863.5619,
148.5908,
508.6477,
128.2656,
1935.836,
509.4808,
304.2709,
109.4585,
374.9114,
70.60622,
14.67163,
1065.59,
201.1333,
24.01256,
64.54359,
0,
17111.66,
1982, 
1021.45,
3713.059,
74.217,
23.41089,
148.6926,
141.1353,
148.6237,
82.47243,
22.69166,
355.9523,
4937.808,
882.7367,
139.1196,
512.8212,
130.4406,
1973.985,
556.8902,
328.7644,
115.4479,
399.0543,
75.9002,
18.07312,
1075.571,
205.0634,
26.54323,
66.26029,
0,
17176.18,
1983, 
1060.444,
3824.464,
74.48691,
25.32214,
158.6791,
150.8821,
157.9521,
76.85255,
23.99965,
365.5371,
5057.847,
927.6384,
119.6287,
516.7586,
132.1608,
2001.855,
532.6429,
359.4914,
125.5599,
427.4138,
83.22037,
20.20602,
1107.385,
209.5782,
29.91661,
66.10051,
0,
17636.02,
1984, 
1133.213,
4004.642,
79.80953,
26.85379,
177.8849,
158.7706,
171.487,
76.51554,
24.06437,
406.0537,
5232.494,
959.1779,
136.8945,
519.8655,
134.0164,
2012.028,
575.6805,
402.51,
134.9861,
457.703,
88.83623,
23.62267,
1151.493,
219.9777,
33.55917,
67.68346,
0,
18409.82,
1985, 
1192.723,
4083.859,
85.70409,
27.12087,
190.7401,
163.2616,
191.8736,
86.15634,
25.78963,
422.3894,
5438.062,
958.1013,
146.3297,
527.5997,
135.9572,
2040.949,
588.8299,
437.6544,
145.2346,
492.6474,
95.41598,
24.70382,
1191.073,
236.0776,
37.41204,
69.16909,
0,
19034.83,
1986, 
1213.544,
4078.899,
88.31966,
28.43628,
196.8396,
180.5203,
181.1239,
89.9433,
26.27061,
435.1876,
5537.824,
996.2096,
164.0383,
556.2753,
138.8757,
2071.563,
613.8702,
479.1201,
156.3565,
533.9194,
99.7728,
33.03952,
1200.331,
244.5568,
41.44412,
71.61449,
0,
19457.9,
1987, 
1286.449,
4157.487,
94.76351,
30.27617,
194.9139,
196.7431,
191.9614,
94.87035,
28.04188,
446.6348,
5722.727,
1009.349,
170.9434,
569.6718,
140.8549,
2100.586,
656.516,
518.7737,
173.3356,
586.517,
105.6526,
38.2641,
1274.99,
254.2831,
46.32927,
71.81722,
0,
20162.75,
1988, 
1297.692,
4315.807,
99.36491,
30.77687,
206.8242,
202.2053,
206.1035,
99.73564,
29.84328,
464.6023,
5972.088,
1025.943,
179.4829,
580.822,
142.7732,
2133.712,
729.3314,
571.0347,
196.0442,
639.0897,
116.7778,
40.77271,
1340.06,
267.2625,
54.2468,
78.90387,
0,
21021.3,
1989, 
1264.107,
4724.816,
105.9908,
32.44749,
209.5676,
207.1451,
218.4156,
105.4106,
30.96114,
475.8052,
6143.221,
1029.854,
192.3697,
577.6205,
144.4529,
2163.44,
759.303,
624.4178,
213.0606,
684.3425,
128.7102,
45.93759,
1422.69,
283.9318,
57.71125,
77.00323,
0,
21922.73,
1990, 
1226.64,
4816.912,
110.3592,
32.96029,
208.1512,
212.7783,
233.1003,
111.8677,
32.93222,
483.5064,
6266.29,
1147.444,
214.4098,
565.6746,
140.8767,
2033.331,
786.0775,
677.23,
228.8274,
730.284,
143.4532,
51.23682,
1513.948,
293.6224,
63.24363,
84.78529,
0,
22409.94,
1991, 
1300.566,
4850.538,
114.0722,
32.06385,
220.8956,
223.6302,
248.6948,
113.3443,
34.90416,
485.7675,
6402.911,
1082.383,
219.6193,
525.0914,
142.99,
2033.942,
804.1232,
737.4474,
239.0997,
785.2497,
155.0068,
58.72561,
1577.763,
297.4265,
69.33198,
87.80877,
0,
22843.4,
1992, 
1330.037,
4927.488,
115.6748,
33.91792,
229.3271,
227.0646,
262.8994,
117.4665,
35.53466,
495.1629,
6433.758,
1009.353,
245.2247,
507.6529,
143.5713,
2015.087,
881.1139,
769.5653,
254.7392,
877.723,
168.9152,
63.37764,
1586.469,
302.3311,
76.56416,
78.07625,
0,
23188.1,
1993, 
1379.041,
5073.445,
119.3697,
35.86756,
241.1636,
243.845,
279.6553,
114.7706,
37.58788,
515.2655,
6440.7,
972.943,
268.6006,
504.2624,
154.8483,
2017.027,
941.2539,
816.1844,
282.5878,
977.5563,
185.8162,
68.34387,
1597.166,
310.3853,
79.90284,
80.45044,
0,
23738.04,
1994, 
1461.292,
5179.831,
128.3722,
38.24111,
252.2344,
257.4107,
298.0226,
118.2049,
39.47338,
535.2079,
6568.667,
982.7909,
280.5734,
521.9528,
163.3089,
2032.439,
1011.981,
880.7614,
317.7294,
1074.827,
207.6033,
75.28163,
1687.566,
320.6085,
84.45139,
80.58897,
0,
24599.42,
1995, 
1489.168,
5325.811,
131.3494,
40.53531,
265.518,
270.3316,
312.8124,
127.2674,
42.36154,
546.2092,
6746.183,
1042.882,
307.2427,
514.5219,
170.583,
2046.619,
1064.428,
958.0872,
352.753,
1166.981,
232.6272,
83.95895,
1704.949,
331.7621,
89.30147,
81.94426,
0,
25446.19,
1996, 
1540.209,
5446.633,
122.2308,
43.96787,
277.5392,
283.1058,
343.6788,
134.1825,
44.87789,
571.7382,
6850.544,
1107.184,
334.4933,
533.0344,
173.7719,
2086.502,
1134.276,
1015.728,
389.3608,
1277.233,
255.1548,
97.72497,
1743.269,
341.3974,
93.5556,
76.99134,
0,
26318.38,
1997, 
1572.587,
5539.943,
132.4364,
46.89805,
292.4232,
301.3862,
359.5291,
134.1191,
47.00057,
594.313,
6960.656,
1119.077,
363.1281,
527.8887,
164.0137,
2042.108,
1194.607,
1088.946,
421.5308,
1334.506,
277.2668,
105.7638,
1765.844,
351.7391,
98.99367,
80.41168,
0,
26917.12,
1998, 
1566.366,
5689.126,
146.3972,
53.04991,
302.3245,
316.0947,
371.7648,
129.7934,
49.27398,
576.702,
7101.468,
1146.585,
386.2247,
509.4373,
157.9111,
2020.971,
1289.568,
1177.115,
400.7632,
1406.853,
278.7919,
111.4563,
1791.482,
372.4762,
107.2279,
101.2511,
0,
27560.48,
1999, 
1615.865,
5806.859,
155.8625,
56.68041,
314.1,
319.4113,
394.8776,
138.8202,
51.13357,
583.6649,
7156.571,
1149.129,
396.1682,
512.4301,
157.3651,
2040.241,
1362.672,
1286.56,
444.9579,
1511.54,
293.6512,
123.7192,
1813.082,
388.1546,
112.2214,
107.0497,
0,
28292.79,
2000, 
1698.596,
6018.574,
168.0106,
59.96652,
329.9366,
342.8282,
431.6012,
144.184,
53.93396,
608.6824,
7186.298,
1198.101,
428.5574,
516.2092,
164.3896,
2117.769,
1448.464,
1358.789,
539.9785,
1701.851,
320.1674,
133.2685,
1868.597,
401.1358,
117.8944,
117.0148,
0,
29474.8,
2001, 
1654.556,
5721.904,
173.2809,
60.75734,
322.2862,
341.5303,
460.0221,
149.9815,
56.06517,
589.9073,
7070.082,
1247.071,
422.5811,
561.5884,
172.0781,
2143.72,
1520.369,
1429.705,
573.5746,
1867.813,
343.3007,
146.0341,
1842.767,
422.8862,
125.9147,
127.9751,
0,
29547.75,
2002, 
1695.329,
5885.23,
176.7591,
63.98991,
345.512,
344.1191,
500.1354,
158.4607,
57.79429,
640.2833,
6853.529,
1255.53,
448.7667,
560.0621,
174.3806,
2141.137,
1624.708,
1484.568,
609.6044,
2106.438,
368.5349,
161.9927,
1889.668,
431.2491,
132.7563,
136.1124,
0,
30246.65,
2003, 
1641.686,
5910.654,
215.8897,
66.70326,
363.6172,
362.7383,
526.0672,
153.429,
61.84087,
670.967,
6732.972,
1295.86,
490.1318,
574.1548,
185.8727,
2212.559,
1724.879,
1591.505,
632.4931,
2437.634,
395.7339,
173.7998,
1888.674,
415.2418,
138.688,
130.5343,
0,
30994.33,
2004, 
1664.225,
6067.416,
218.6523,
69.18192,
384.6527,
386.1435,
571.4187,
165.9859,
67.54579,
693.3832,
6619.447,
1345.434,
525.2638,
591.7745,
193.3532,
2260.735,
1839.897,
1689.455,
664.8224,
2804.616,
429.6518,
183.5158,
1960.975,
424.0847,
149.9574,
137.4543,
0,
32109.04,
2005, 
1737.68,
6130.891,
231.2558,
73.57704,
399.9792,
400.643,
602.3582,
169.5741,
72.86552,
699.5225,
6459.339,
1362.816,
558.9606,
607.0831,
191.4129,
2483.175,
1924.286,
1782.006,
705.2917,
3159.935,
460.7579,
197.676,
1995.497,
422.7946,
162.0756,
146.7105,
0,
33138.16,
2006, 
1686.016,
6145.312,
239.2224,
77.18402,
418.8129,
421.4199,
645.367,
187.3957,
80.51373,
725.3239,
6236.904,
1394.641,
599.4403,
633.7108,
199.0799,
2561.376,
2064.431,
1919.577,
727.0317,
3644.481,
489.8979,
207.1915,
2050.891,
430.6667,
171.596,
150.3227,
0,
34107.8,
2007, 
1719.08,
6076.021,
250.5331,
79.94165,
447.6096,
436.6663,
696.4515,
184.6389,
86.5107,
747.4459,
6020.932,
1379.876,
645.7967,
656.2024,
207.6201,
2644.58,
2213.173,
2051.802,
766.9779,
4224.509,
518.2812,
221.0659,
2087.668,
437.7039,
175.6493,
154.5432,
0,
35131.28,
2008, 
1713.89,
5933.4,
256.3621,
81.0186,
470.5145,
465.8387,
758.7712,
186.5948,
92.38108,
744.1552,
5939.344,
1368.879,
653.2723,
647.0581,
208.2747,
2712.351,
2403.115,
2139.693,
808.6959,
4734.906,
540.0735,
233.3796,
2028.651,
431.9709,
186.5674,
163.2773,
0,
35902.43,
2009, 
1576.723,
5488.822,
254.6309,
81.66927,
470.2498,
466.4522,
854.1816,
192.3164,
102.5459,
722.1364,
5227.839,
1279.404,
633.1071,
564.4474,
209.1301,
2545.967,
2562.259,
2288.435,
830.1843,
5575.985,
561.2323,
240.5983,
2015.16,
441.723,
196.3358,
174.9461,
0,
35556.48,
2010, 
1548.915,
5701.112,
268.7901,
83.51733,
521.1161,
473.0267,
949.1309,
212.8119,
116.3043,
753.9649,
5477.24,
1332.446,
685.3099,
616.939,
218.4437,
2678.086,
2746.886,
2442.032,
915.4899,
6881.217,
607.0958,
255.3051,
2155.96,
477.1953,
203.3961,
182.0341,
0,
38503.77,
2011, 
1554.995,
5625.808,
299.9151,
87.95044,
541.6024,
492.8709,
991.3179,
219.4535,
130.7172,
766.4305,
5727.551,
1276.294,
740.3397,
631.3062,
227.3689,
2710.486,
2909.519,
2693.638,
954.0153,
8614.699,
632.3759,
270.0301,
2123.926,
523.0715,
214.7526,
191.7805,
0,
41152.21,
2012, 
1553.87,
5506.521,
321.132,
94.90318,
564.6748,
513.3991,
1088.701,
235.1265,
169.7734,
764.9125,
5782.621,
1180.461,
789.7177,
631.8056,
237.24,
2761.33,
3045.273,
2850.335,
982.9099,
10005.76,
699.3055,
288.8106,
2268.036,
568.6136,
234.343,
194.6646,
0,
43334.25,
2013, 
1486.55,
5694.458,
306.9332,
100.556,
582.2007,
535.4648,
1139.633,
247.3822,
163.792,
807.6224,
5568.455,
1139.934,
796.4631,
615.2541,
252.1224,
2720.94,
3197.269,
3045.733,
1021.636,
11931.69,
761.7686,
310.698,
2766.537,
590.5662,
260.5761,
207.9733,
0,
46252.21,
2014, 
1426.16,
5893.919,
322.369,
104.8837,
609.4964,
541.1383,
1186.752,
265.7648,
182.157,
930.4512,
5311.848,
1088.98,
839.9129,
569.7331,
260.9975,
2695.09,
3415.151,
3416.277,
1079.994,
14029.22,
857.8848,
323.9228,
3303.019,
620.3044,
286.7076,
239.7244,
0,
49801.86,
2015, 
1420.114,
6150.194,
337.1259,
117.1929,
623.5014,
554.1563,
1297.099,
276.042,
199.9711,
992.4693,
5842.365,
1056.77,
905.0321,
519.1852,
273.9078,
2685.25,
3450.872,
3721.479,
1171.293,
17001.54,
937.6614,
335.6365,
3891.76,
654.68,
311.5898,
243.4849,
0,
54970.37,
2016, 
1336.27,
6574.593,
358.1748,
125.2678,
606.5984,
549.7294,
1323.524,
283.0343,
216.6925,
1128.937,
6328.902,
1052.557,
1026.278,
542.7499,
270.3762,
2594.092,
3774.239,
4252.557,
1253.039,
19982.76,
1112.383,
352.4106,
4387.202,
701.9094,
370.7236,
251.6684,
0,
60756.66,
2017, 
1334.243,
7004.208,
369.3625,
133.8837,
657.6578,
583.6445,
1455.728,
320.294,
247.9588,
1370.407,
6913.863,
1067.965,
1440.417,
555.3574,
287.2818,
2622.776,
4046.82,
4978.112,
1375.04,
23540.41,
1193.884,
376.6377,
4872.826,
751.9937,
410.1525,
276.5164,
0,
68187.44,
2018, 
1308.302,
7439.913,
390.5301,
143.6995,
713.5808,
616.1258,
1784.864,
366.5729,
314.3649,
1585.605,
7434.236,
1089.462,
1679.516,
584.8375,
321.3098,
2666.914,
4449.489,
5766.681,
1560.695,
26892.08,
1313.51,
412.0009,
5299.797,
831.1848,
460.3142,
302.9142,
0,
75728.5,
2019, 
1282.638,
7905.9,
417.3342,
154.8492,
760.5995,
651.5641,
1996.938,
395.6221,
348.7446,
1621.756,
8199.721,
1161.021,
1832.101,
675.374,
382.8921,
2745.28,
5218.301,
6506.303,
1850.186,
30229.29,
1811.152,
446.5077,
5766.685,
1098.335,
499.702,
347.3523,
0,
84306.15,
2020, 
1143.423,
8039.494,
381.0607,
144.4661,
712.7975,
619.9326,
1874.286,
407.9649,
358.8366,
1691.954,
8440.368,
1029.621,
1843.16,
642.1204,
419.1157,
2404.517,
5108.009,
6560.425,
1934.662,
36299.61,
2643.962,
429.2045,
5853.318,
1357.775,
514.1818,
335.7471,
0,
91190.01,
2021, 
1104.06,
8595.018,
375.7307,
148.3133,
730.8595,
625.5328,
1862.96,
446.1465,
391.6132,
1683.959,
8689.158,
1059.952,
1972.642,
640.3652,
459.5806,
2450.901,
5265.486,
9731.795,
2023.97,
37365.96,
2583.847,
436.5343,
5908.393,
1435.705,
535.7191,
355.9755,
0,
96880.17,
2022, 
1039.597,
9788.813,
375.6185,
151.6174,
761.1651,
622.6369,
1787.612,
462.47,
386.534,
1575.959,
8661.112,
1016.182,
2116.449,
660.5616,
545.0403,
2410.735,
4798.231,
12471.58,
2112.722,
39873.25,
2727.863,
494.8656,
5984.445,
1536.184,
601.5532,
341.7509,
0,
103304.6,
2023, 
969.9408,
10373.7,
365.5167,
152.5949,
764.8593,
610.6938,
1648.253,
472.3658,
360.0999,
1536.303,
8760.555,
1095.555,
2538.585,
637.6683,
604.5574,
2323.965,
4464.446,
13448.22,
2179.747,
40659.05,
2937.349,
556.7094,
6021.034,
1660.963,
638.5374,
323.2275,
0,
106104.5,
2024, 
937.1723,
10984.85,
371.7261,
158.7981,
793.7441,
619.3883,
1507.702,
494.2586,
346.6136,
1502.423,
9013.152,
1131.8,
2348.478,
632.7615,
680.366,
2335.739,
4398.185,
13698.78,
2184.783,
41352.22,
3182.662,
631.197,
6056.68,
1715.52,
690.7455,
312.547,
0,
108082.3,
2025, 
897.4008,
11406.74,
376.9872,
164.9159,
816.5465,
625.2115,
1352.237,
507.7766,
337.4367,
1476.054,
9358.44,
1172.472,
2235.437,
630.5184,
742.6797,
2353.443,
4328.611,
13922.81,
2188.238,
41706.04,
3334.031,
707.3332,
6087.646,
1772.802,
734.957,
296.9507,
0,
109533.7,
2026, 
879.8815,
11563.58,
385.4626,
175.4141,
836.1601,
640.7567,
1206.448,
536.7411,
343.148,
1471.562,
9890.855,
1204.387,
2150.401,
630.9149,
808.7532,
2379.081,
4240.951,
14088.25,
2252.217,
42594.08,
3492.899,
788.9424,
6130.554,
1827.839,
784.8267,
276.7845,
0,
111580.9,
2027, 
868.9893,
12097.83,
392.7855,
205.8664,
858.092,
655.1674,
1057.143,
561.6564,
353.8013,
1463.857,
10662.27,
1251.39,
2071.65,
629.7695,
824.6604,
2400.101,
4092.038,
16176.55,
2812.203,
43538.45,
4082.698,
877.1166,
6167.581,
1878.631,
910.9211,
257.063,
0,
117148.3,
2028, 
862.3105,
13148.73,
401.8059,
256.9711,
883.2447,
670.0493,
905.8161,
574.524,
340.3944,
1406.761,
11392.45,
1311.722,
1891.293,
629.7456,
851.5438,
2423.554,
3874.896,
17389.39,
3199.803,
48741.21,
4709.973,
1287.019,
6209.715,
1933.025,
1227.652,
264.2378,
0,
126787.8,
2029, 
821.6312,
14148.64,
438.5778,
320.7834,
913.0803,
695.1402,
787.7494,
580.0707,
318.8369,
1426.642,
12074.08,
1387.72,
1709.845,
632.0814,
876.4199,
2443.226,
3610.805,
18508.43,
3474.99,
54326.76,
5315.918,
1765.218,
6243.437,
1981.621,
1600.453,
282.0201,
0,
136684.2,
2030, 
762.3351,
15191.62,
575.6335,
451.5849,
962.9742,
731.637,
675.6911,
569.0198,
289.7568,
1573.997,
12825.76,
1485.099,
1517.896,
634.0265,
914.6598,
2448.858,
3413.526,
19983.89,
3586.935,
60345.72,
6073.794,
2252.522,
6302.563,
2089.592,
1985.983,
312.1815,
0,
147957.3,
2031, 
910.6965,
16268.69,
898.0803,
1072.86,
1010.877,
767.9291,
572.5483,
505.7567,
255.663,
1479.509,
12944.64,
1582.846,
1294.265,
629.3707,
942.832,
2425.302,
3163.648,
21522.38,
4020.52,
65759.85,
6903.255,
2833.575,
6322.188,
2191.765,
2582.69,
350.8467,
0,
159212.6,
2032, 
1120.074,
18057.5,
1586.138,
1884.209,
1114.297,
895.4357,
675.0192,
569.1655,
320.2296,
1502.859,
12966.32,
1734.892,
1293.757,
625.2215,
1003.925,
2402.126,
3587.831,
23328.88,
4181.611,
71723.04,
8151.89,
3532.637,
6347.093,
2338.427,
3232.563,
485.511,
0,
174660.7,
2033, 
1381.298,
19813.09,
3291.88,
2973.886,
1270.622,
1031.351,
786.0143,
612.59,
411.5612,
1533.517,
12807.23,
1920.243,
1295.534,
621.5364,
1096.257,
2382.657,
3885.905,
23787.71,
4188.271,
75019.22,
9837.815,
4206.92,
6398.628,
2553.423,
3779.463,
569.0944,
0,
187455.7,
2034, 
1629.577,
21433.89,
4700.966,
4191.434,
1432.172,
1245.677,
858.4748,
646.1671,
530.7321,
1566.793,
14820.75,
2093.479,
1309.606,
620.0358,
1194.846,
2364.268,
4559.97,
24822.75,
4173.734,
77328.87,
11551.57,
4365.907,
6428.91,
2782.257,
4208.039,
602.5662,
0,
201463.4,
2035, 
1815.047,
23124.95,
6774.821,
4990.783,
1594.296,
1453.567,
907.7235,
680.8646,
720.422,
1604.672,
18133.13,
2313.392,
1394.468,
619.6921,
1316.872,
2352.43,
5325.762,
27011.83,
4129.421,
79935.96,
13350.83,
4793.036,
6449.728,
2984.482,
4865.747,
642.351,
0,
219286.3,
2036, 
1988.74,
25002.46,
7629.998,
5108.371,
1680.602,
1633.691,
936.1802,
737.3922,
980.52,
1631.369,
18196.53,
3003.085,
1572.06,
620.9396,
1417.587,
2370.635,
5974.891,
31431.15,
4084.469,
84254.45,
15051.73,
5388.569,
6428.286,
3197.123,
5472.887,
714.7274,
0,
236508.4,
2037, 
2194.3,
26971.28,
8558.916,
5338.968,
1771.84,
1782.514,
1029.85,
832.2237,
1258.95,
1715.141,
17317.68,
4211.146,
1754.406,
623.1454,
1499.005,
2396.144,
6532.411,
37188.04,
4025.446,
92645.38,
16253.34,
6134.761,
6412.678,
3317.621,
5939.581,
1156.135,
0,
258860.9,
2038, 
2401.685,
27799.21,
9026.751,
5614.927,
1855.017,
1901.677,
1169.24,
994.1061,
1573.098,
2007.165,
17208.89,
5383.95,
1936.234,
625.7112,
1560.82,
2426.119,
7004.513,
43170.74,
3942.772,
102121.9,
16685.63,
7652.117,
6414.714,
3325.831,
6277.825,
1675.186,
0,
281755.8,
2039, 
2604.959,
28262.75,
9442.45,
6196.274,
1959.786,
1999.128,
1385.595,
1188.881,
1736.638,
2311.682,
16563.5,
6800.651,
2118.733,
619.162,
1617.379,
2481.042,
7639.799,
49586.52,
3824.306,
113726.8,
16941.1,
10433.76,
6421.064,
3321.894,
6596.823,
2296.366,
0,
308077,
2040, 
2762.546,
29796.51,
10584.37,
6758.054,
2056.385,
2092.85,
1713.529,
1452.101,
1919.816,
2733.587,
17553.13,
10917.2,
2291.863,
612.9665,
1670.866,
2569.32,
8289.655,
54853.37,
3689.714,
124905.7,
16987.67,
12506.62,
6387.84,
3563.391,
7098.395,
3355.976,
0,
339123.4,
2041, 
2965.393,
34206.26,
12498.23,
8100.489,
2187.13,
2229.516,
2031.458,
1793.18,
2114.997,
3247.024,
18616.15,
15816.56,
2483.086,
606.0952,
1720.796,
2685.619,
8808.59,
59258.74,
3588.63,
134246.7,
17405.79,
13415.98,
6363.406,
3919.426,
7657.792,
4744.387,
0,
372711.4,
2042, 
3287.339,
39677.45,
15107.41,
9343.597,
2315.885,
2389.686,
2202.027,
1987.882,
2320.982,
3317.048,
20870.71,
20953.58,
2636.068,
609.038,
1843.936,
2869.203,
9343.743,
63131.49,
3661.665,
131214.8,
17947.18,
12915.51,
6330.137,
4553.283,
8477.668,
5982.866,
0,
395290.2,
2043, 
3821.528,
49554.83,
17765.72,
11427.37,
2412.119,
2739.184,
2401.717,
2247.183,
3482.489,
3166.455,
24427.57,
21076.57,
2796.553,
626.9819,
2057.131,
3098.861,
10097.22,
67330.44,
3794.416,
127966.9,
18619.48,
12479.64,
6231.019,
5269.665,
9696.399,
7565.897,
0,
422153.3,
2044, 
4318.119,
58289.18,
20631.29,
13454.39,
2513.303,
3122.318,
2617.506,
2554.072,
4618.089,
3072.112,
28015.99,
21729.72,
2987.672,
685.1982,
2298.903,
3552.028,
11223.67,
71627.13,
3955.733,
124453,
19411.21,
12047.66,
6155.736,
6016.414,
11439.89,
9288.935,
0,
450079.3,
2045, 
4356.326,
69790.4,
23296.1,
15664.9,
2624.086,
3501.631,
3062.734,
3200.462,
6164.377,
3050.875,
29834.8,
22120.6,
3241.723,
762.4481,
2512.874,
3963.403,
12602.04,
80711.23,
4079.71,
121253.6,
20453.44,
11615.74,
6075.938,
6741.517,
14592.6,
10603.38,
0,
485877,
2046, 
4508.618,
82074.03,
25033.04,
17781.68,
2781.653,
3896.031,
3582.192,
4096.298,
7733.536,
2973.338,
32986.26,
22128.17,
3386.62,
837.851,
2756.183,
4294.81,
14072.33,
102956.2,
4187.133,
120396.6,
21416.36,
11673.43,
6078.661,
7243.674,
18958.43,
11966.13,
0,
539799.2,
2047, 
4805.833,
103176.7,
26265.68,
20351.94,
2952.313,
4312.063,
4127.595,
6684.216,
9194.197,
2900.437,
34543.05,
21795.18,
3620.472,
857.7637,
2992.061,
4454.241,
15863.93,
128996.4,
4187.244,
117995.3,
22629.66,
12581.16,
6097.684,
7266.594,
23811.14,
13786.06,
0,
606248.9,
2048, 
4989.302,
119132.8,
27574.92,
22245.79,
3182.772,
4665.388,
4760.891,
12564.73,
12054.57,
2822.588,
35681.02,
21045.74,
3791.79,
885.8089,
3292.938,
4411.278,
18234.53,
164465.5,
4168.297,
117869.7,
23746.79,
14830.23,
6177.839,
7260.26,
28684.72,
14622.02,
0,
683162.3,
2049, 
5358.731,
132176.7,
28529.05,
23099.8,
3427.713,
5187.967,
5568.398,
17726.21,
15578.07,
2802.538,
36834.89,
20383.46,
4074.699,
916.4539,
3615.424,
4409.231,
20893.12,
211248.3,
4096.101,
117788.7,
24897.3,
17809.54,
6255.954,
7170.194,
33139.07,
15336.14,
0,
768323.8,
2050, 
5841.995,
137500.2,
29687.46,
23937.71,
3728.166,
5727.515,
7554.098,
21387.47,
19456.75,
2765.09,
37781.11,
19785.1,
4172.049,
988.7366,
4052.323,
4575.167,
24356.94,
242537.8,
4015.325,
119570.7,
25374.79,
24788.35,
6388.579,
7189.142,
37723.07,
16087.74,
0,
836973.4,
2051, 
6418.615,
140579.7,
30322.61,
24738.02,
4076.937,
6306.304,
9932.845,
25226.31,
23062.13,
3036.974,
39890.96,
19530.81,
4433.3,
1119.756,
4526.839,
4982.567,
30049.27,
269490.3,
3866.778,
123151.2,
25954.5,
30185.27,
6489.969,
7453.721,
43218.24,
16922.21,
0,
904966.1,
2052, 
6774.821,
141842.6,
30941.26,
25496.84,
4635.122,
6935.698,
13086.18,
27736.75,
29306.3,
3608.459,
41681.75,
19093.93,
4594.62,
1768.251,
5073.432,
5472.477,
34899.02,
302437.3,
3743.003,
129390.3,
26095.89,
32748.29,
6685.581,
7734.06,
48943.07,
17767.44,
0,
978492.5,
2053, 
7342.722,
141919.1,
31581.87,
26260.75,
5305.085,
7323.717,
17387.87,
30058.64,
39078.68,
4689.303,
44680.85,
18824.21,
4947.232,
2689.967,
5668.9,
5926.009,
40924.5,
319891.5,
3693.809,
139920.4,
26159.88,
32396.85,
6798.714,
8042.104,
53713.69,
18672.21,
0,
1043899,
2054, 
7580.999,
142618,
32232.77,
26977.29,
6209.148,
7886.173,
22992.76,
34126.62,
48069.34,
5536.234,
48834.38,
18376.27,
5312.745,
3767.822,
6274.634,
7125.024,
46831.25,
327799.9,
3615.559,
151319.7,
26097.87,
30712.4,
6986.625,
8483.222,
55943.75,
19603.3,
0,
1101314,
2055, 
7809.87,
153476.1,
32871.75,
27697.93,
7267.143,
7979.468,
29657.71,
41933.84,
56975.61,
6243.839,
54314.13,
18088.26,
5776.226,
5317.788,
6763.962,
9544.736,
54369.58,
335122,
3672.307,
158912.6,
25855.97,
27571.52,
7137.473,
8980.728,
58197.54,
20606.24,
0,
1172144,
2056, 
7579.969,
158829.5,
33478.11,
28324.14,
8370.608,
7990.992,
37150.23,
50224.89,
67667.28,
6821.544,
57821.68,
17911.81,
6115.873,
6799.628,
7295.849,
11259.44,
60391.86,
341425.3,
3706.147,
165585.4,
25335,
24255.41,
7459.048,
9635.242,
60411.18,
21593.61,
0,
1233440,
2057, 
7351.258,
160290,
34097.08,
28961.24,
9620.352,
7956.222,
43259.66,
58533.55,
74504.97,
7218.028,
62134.99,
17731.75,
6314.771,
7474.211,
7686.521,
12490.52,
66001.11,
348211,
3770.646,
167555.3,
24807.8,
22993.56,
7701.745,
10312.46,
62674.2,
23973.51,
0,
1283627,
2058, 
6852.761,
162786.6,
34735.65,
29607.84,
10826.82,
7614.673,
47670.23,
66409.39,
78526.56,
7478.55,
64710.54,
17700.91,
6456.101,
7916.448,
8031.605,
13368.42,
67291.32,
356680.7,
3802.23,
165462.9,
24057.7,
21623.76,
8090.12,
10804.38,
65040.97,
27714.57,
0,
1321262,
2059, 
6588.711,
163330.2,
35366.38,
30188.81,
11991.06,
7260.144,
50420.56,
70529.37,
82539.5,
7622.559,
67769.7,
17743.32,
6650.57,
8480.238,
8229.863,
14066.24,
69215.55,
365325.4,
3886.58,
159520.5,
23455.07,
20259.2,
8147.292,
11265.35,
67380.09,
28925.01,
0,
1346157,
2060, 
6082.056,
165048.8,
35999.97,
30647.57,
13006.63,
6891.049,
51577.16,
72682.33,
86652.81,
7630.584,
70855.46,
18442.92,
6796.164,
8672.913,
8310.921,
14889.97,
69152.17,
376157.2,
3946.983,
152524.9,
22685.59,
18356.32,
8663.847,
11575.36,
69782.84,
31710.87,
0,
1368743,
2061, 
5686.171,
161274.3,
36643.17,
31168.45,
13840.4,
6550.858,
52693,
74913.99,
90784.3,
7644.672,
73507.1,
18967.46,
6965.263,
8831.375,
8298.505,
15677.11,
69963.69,
382865.1,
4067.641,
143727.9,
22131.02,
17083.11,
8589.759,
11934.51,
72124.92,
33538.82,
0,
1379473,
2062, 
5092.795,
157361.7,
37212.05,
31599.7,
14589.68,
6330.692,
53739.69,
77457.44,
94775.59,
7524.193,
75101.17,
19327.5,
7014.259,
8937.804,
8290.526,
16754.02,
69975.56,
391557,
4220.817,
136489.5,
21627.73,
15975.14,
8708.335,
12024.29,
74314.66,
35441.75,
0,
1391444,
2063, 
4705.658,
152377.6,
37763.8,
32122.57,
15003.98,
6230.759,
54793.13,
79526.52,
99860.33,
7230.192,
76440.05,
19419.93,
7048.869,
9042.366,
8254.485,
17387.65,
73292.89,
402863.8,
4411.045,
131616.9,
21307.2,
15486.22,
8994.006,
12151.99,
76359.02,
37978.13,
0,
1411669,
2064, 
4340.539,
148131,
38325.5,
32637.37,
15143.95,
6143.271,
55873.79,
83573.06,
105344.6,
6849.851,
74875.82,
19502.13,
6860.638,
9059.414,
8113.119,
17930.11,
77391.88,
415358.3,
4613.269,
127538.9,
21079.44,
15825.77,
8938.312,
12052.56,
78455.29,
39085.37,
0,
1433043,
2065, 
4023.23,
141251.3,
38909.27,
33243.79,
14968.51,
5887.245,
56997.56,
87801.98,
108177.1,
6487.342,
75112,
19059.54,
6670.042,
8945.193,
7989.84,
17763.18,
78710.73,
434574.3,
4746.943,
124048.8,
21082.32,
16119.7,
9102.795,
11694.93,
80684.66,
38943.03,
0,
1452995,
2066, 
3790.824,
133670.5,
39577.58,
33711.59,
14514.63,
5740.726,
58138.48,
93238.28,
112931.1,
6076.448,
72023.09,
18878.97,
6529.298,
8754.483,
7867.144,
16741.7,
79120.1,
459793.3,
4875.695,
120913.1,
21298.98,
16237.01,
8808.202,
11248.89,
83097.09,
38099.08,
0,
1475677,
2067, 
3610.887,
124423.7,
40150.05,
34398.04,
14125.93,
5624.383,
59078.11,
101200.8,
120074.1,
5697.971,
70368.13,
18589.91,
6325.967,
8493.986,
7695.576,
15388.1,
81164.19,
480317.3,
5045.204,
117826.9,
21535.81,
16458.09,
8933.271,
10724.89,
85303.55,
38195.51,
0,
1500750,
2068, 
3568.81,
115132,
40804.37,
34960.69,
13621.68,
5476.625,
60157.76,
108051.8,
128182,
5221.992,
68000.18,
18354.22,
6122.038,
8211.268,
7566.348,
13706.48,
84197.16,
502926.2,
5202.213,
114777.9,
21838.1,
16569.48,
8679.388,
10236.4,
87533.96,
38324.19,
0,
1527423,
2069, 
3480.835,
111708.5,
41391.31,
35807.88,
13061.65,
5318.848,
61143.43,
112629.6,
133614.8,
4711.022,
65234.25,
17961.77,
5926.593,
7846.744,
7397.109,
11913.48,
89960.09,
521034.8,
5360.154,
111536.5,
21967.98,
16715.83,
8814.469,
9682.026,
89870.34,
39290.05,
0,
1553380,
2070, 
3445.218,
108819.3,
41944.29,
36577.79,
12409.92,
5135.286,
62090.07,
117389.5,
141669.4,
4260.013,
61921.61,
17515.31,
5850.433,
7249.873,
7215.38,
9700.325,
100090.8,
542968.3,
5455.66,
116586.4,
22081.82,
16932.25,
8711.154,
9129.756,
92371.05,
41010.81,
0,
1598532,
2071, 
3443.242,
105285.5,
42363.93,
37320.21,
11908.71,
4960.858,
62863.29,
121607.7,
148573.8,
4029.21,
57734.24,
17307.94,
5692.621,
6641.089,
7030.768,
7408.355,
114254.1,
540984.4,
5659.788,
122658.4,
22153.81,
17063.05,
8656.51,
8701.146,
94546.91,
42595.46,
0,
1621445,
2072, 
3415.782,
102826.8,
42876.5,
38053.66,
11359.63,
4783.563,
63696.46,
125058.9,
157660.3,
3820.731,
55418.26,
16831.52,
5632.483,
6024.755,
6824.982,
5354.426,
125820.6,
537145.4,
5938.141,
141572.8,
22240.46,
17160.69,
8550.1,
8217.428,
96849.82,
44301.89,
0,
1657436,
2073, 
3388.913,
99551.02,
43326.92,
38823.25,
10649.45,
4644.34,
64529.36,
128559.2,
164625.7,
3776.476,
50481.48,
16706.42,
5417.176,
5456.711,
6621.458,
4999.296,
133620.9,
525810.1,
6179.211,
165636.7,
22157.84,
17122.62,
8400.333,
7902.098,
99210.66,
46133.49,
0,
1683731,
2074, 
3406.077,
97945.88,
43670.16,
39082.89,
10024.86,
4696.379,
65325.11,
133816.3,
169909.5,
3750.689,
49029.87,
16750.97,
5252.778,
4699.792,
6429.464,
6142.106,
141106.7,
515410.9,
6536.257,
198068.4,
22234.11,
17205.59,
8285.584,
7653.722,
101758.9,
48046.8,
0,
1726240,
2075, 
3306.829,
94559.8,
43641.75,
39412.57,
9257.302,
4712.905,
66156.88,
136649,
172257.1,
3713.055,
46285.7,
16781.51,
5012.79,
3973.437,
6190.934,
8786.871,
145408.9,
522218.6,
6392.254,
223451.6,
22082.76,
17111.69,
8270.145,
7419.328,
104528.7,
49982.81,
0,
1767565,
2076, 
3335.964,
93485.44,
43553.86,
39679,
8529.873,
4718.185,
66982.33,
142721.3,
174083.4,
3768.935,
43060.27,
16711.94,
4820.847,
3373.211,
5967.267,
11609.01,
148504.8,
522441.9,
6864.205,
239543.4,
22103.11,
17135.22,
8274.52,
7194.96,
107303.7,
51905.93,
0,
1797673,
2077, 
3275.469,
92122.55,
43856.37,
39795.99,
7666.75,
4698.118,
67666.06,
148362.5,
179711.1,
3822.079,
41639.14,
16800.89,
4688.638,
2791.342,
5770.651,
15239.96,
151784.3,
518883.1,
6451.909,
245504.1,
21973.08,
16971.27,
8314.71,
7084.189,
109857.2,
53835.13,
0,
1818567,
2078, 
3268.682,
93590.58,
43860.9,
39857.69,
6919.781,
4696.536,
68317.94,
153060,
182948.3,
3910.111,
38828.42,
16651.97,
4620.189,
2333.614,
5608.266,
20290.61,
157619.3,
523882.8,
6758.26,
254269.1,
21951.28,
16871.12,
8328.969,
7037.865,
112573.7,
56698.94,
0,
1854755,
2079, 
3157.667,
94230.64,
43762.61,
39800.26,
6004.909,
4655.067,
68941.27,
157260.5,
186721.9,
4007.895,
38516.29,
16668.96,
4701.02,
1894.121,
5433.344,
18477.75,
163335.5,
535237.6,
6041.562,
244490.6,
21805.01,
16624.98,
8289.43,
7012.871,
115450,
57679.35,
0,
1870201,
2080, 
3136.797,
98338.09,
43487.9,
39887.77,
5307.828,
4575.711,
69581.86,
161904.5,
186773.8,
4038.526,
36745.58,
16456.88,
4751.408,
1739.37,
5347.427,
16685,
168122.5,
526922.2,
6058.42,
240124.9,
21733.83,
16493.8,
8212.729,
7025.961,
118346.3,
59754.49,
0,
1871554,
2081, 
2993.205,
100341,
42993.45,
39923.78,
4982.653,
4542.875,
69977.12,
165955,
190472.2,
4078.926,
36323.42,
16439.14,
4902.819,
1665.938,
5292.837,
16004.3,
168391.3,
521266.4,
5580.961,
241316.1,
21580.88,
16373.92,
8078.373,
7013.159,
120450.9,
61605.86,
0,
1878547,
2082, 
2915.962,
108369.2,
42838.27,
40320.81,
4702.432,
4406.179,
70502.23,
170465,
189428.5,
4149.675,
36315.64,
16078.52,
4934.8,
1610.079,
5320.804,
16324.99,
168341,
528582.6,
5376.37,
245862.4,
21475.73,
16334.09,
7982.558,
6985.19,
122935.1,
63567.73,
0,
1906126,
2083, 
2774.872,
112897.5,
42208.35,
40560.03,
4378.264,
4276.497,
70971.76,
174734.1,
189978.4,
4253.907,
35369.52,
15917.71,
5023.932,
1684.729,
5371.862,
16745,
168609.5,
531638.6,
4931.671,
249655.1,
21346.69,
16236.47,
7778.554,
6826.908,
125608.4,
65469.8,
0,
1925248,
2084, 
2657.115,
121141.3,
41734.94,
41285.27,
4179.711,
4179.749,
71457.99,
179503.2,
188371.3,
4242.934,
37375.16,
15421.14,
4983.819,
1689.707,
5543.795,
17303.83,
168728.6,
518953.6,
4798.076,
250649.9,
21298.43,
16266.73,
7653.962,
6788.208,
128537.4,
67454.51,
0,
1932200,
2085, 
2610.968,
123135.9,
40520.31,
41722.46,
3920.85,
4060.291,
71947.55,
183947.8,
186983,
4232.164,
36285.48,
15197.77,
4975.639,
1786.843,
5481.153,
18050.55,
169009.2,
510207.8,
4391.775,
249386.5,
21233.57,
16092.25,
7521.728,
6690.769,
131610.9,
71432.55,
0,
1932436,
2086, 
2599.864,
127450.6,
39452.98,
42644.69,
3874.986,
3970.889,
72673.23,
189274.3,
189215.7,
4129.069,
37796.38,
14663.12,
4983.279,
1790.982,
5553.22,
18791.57,
168429.2,
509765.1,
4275.831,
241818.9,
21220.31,
15980.42,
7429.49,
6805.774,
135344.9,
73652.47,
0,
1943587,
2087, 
2593.223,
129005.1,
38050.71,
43148.11,
3770.927,
3885.98,
73086.46,
193731.7,
192986.8,
4084.803,
36903.83,
14261.03,
5022.878,
1851.673,
5601.612,
19072.5,
169862.8,
506464.5,
3975.932,
234964.3,
21204.32,
15940.43,
7292.173,
6949.83,
138243.3,
76264.53,
0,
1948219,
2088, 
2597.469,
131862.3,
37215.32,
43983.09,
3920.899,
3855.837,
73482.82,
198864.5,
196833.9,
4013.254,
36043.56,
13868.24,
5110.063,
1912.454,
5728.122,
19413.96,
170433,
512964.4,
3951.282,
227001.3,
21136.06,
16056.62,
7349.839,
7243.066,
141313,
80753.28,
0,
1966908,
2089, 
2613.775,
132936.8,
36423.34,
44450.93,
3944.103,
3778.87,
73906.67,
203995.3,
201195.5,
4046.625,
36414.24,
13565.92,
5217.207,
2222.143,
5833.51,
20523.48,
170717.9,
521472.4,
3788.295,
219080.2,
21024.1,
16121.98,
7449.26,
7497.807,
144626.3,
83197.05,
0,
1986044,
2090, 
2632.197,
134961,
36043.76,
45038.49,
4079.145,
3751.51,
74257.29,
208982.9,
210140.7,
4093.083,
35380.16,
13195.53,
5310.137,
2555.148,
6018.963,
21717.44,
171003,
532496.8,
3662.088,
213119.9,
20927.12,
16170.04,
7858.813,
7809.257,
148020.6,
84731.51,
0,
2013957,
2091, 
2672.324,
134917.4,
35316.95,
45357.37,
4112.125,
3709.859,
74595.8,
214175.3,
212193.9,
4403.472,
36223.54,
12906.5,
5403.729,
2971.805,
6190.444,
23352.38,
171154.3,
546289.3,
3506.14,
206448.7,
20852.73,
16182.49,
8294.186,
8075.487,
151123.1,
87697.09,
0,
2038127,
2092, 
2692.582,
137565.8,
34438.36,
45656.28,
4229.818,
3703.211,
75431.61,
219024.6,
220039,
4538.997,
35941.39,
12732.43,
5510.571,
3419.086,
6407.875,
24764.03,
171057.2,
560611.9,
3312.533,
202744.8,
20646.72,
16154.45,
8869.743,
8400.535,
154498.7,
90315,
0,
2072707,
2093, 
2733.528,
137583.3,
33676.48,
45837.21,
4226.225,
3710.437,
78525.44,
224230.1,
223489.8,
4838.959,
35125.95,
12498.52,
5569.276,
3948.989,
6605.301,
26345.42,
170893.5,
565962.6,
3140.321,
205913.7,
20382.5,
15967.26,
9258.506,
8624.735,
157976.8,
94256.16,
0,
2101321,
2094, 
2770.16,
142764.7,
33384.51,
46046.43,
4257.712,
3735.561,
79322.42,
229374,
222503.1,
5116.001,
36236.98,
12720.67,
5621.119,
4448.581,
6884.021,
27772.7,
170826.9,
571634.1,
3001.013,
200766.8,
20116.83,
15793.21,
9802.093,
8847.502,
161329.6,
96037.1,
0,
2121114,
2095, 
2803.536,
147141,
32713.55,
44776.47,
4284.288,
3734.998,
79849.39,
235215,
222313.9,
5555.892,
34889.67,
12821.76,
5665.729,
4915.527,
7033.565,
29247.37,
170789.2,
588452.3,
2867.006,
206427.3,
19848.28,
15692.57,
9859.181,
9178.043,
164958.1,
99346.18,
0,
2160380,
2096, 
2834.822,
152919.6,
32989.65,
42776.57,
4247.28,
3747.71,
81361.74,
241747.4,
226439.1,
5913.404,
35854.5,
13255.55,
5766.193,
5294.152,
7242.64,
26745.63,
171231.8,
590171.9,
2769.383,
207309.7,
19517.65,
15575.51,
10069.49,
9531.094,
169125.8,
101522.2,
0,
2185961,
2097, 
2865.404,
158972.9,
33301.38,
41279.64,
4232.348,
3722.014,
81362.67,
247601.4,
229965.8,
6392.747,
35706.88,
13403.4,
5738.228,
5590.524,
7369.607,
24879.95,
171055.2,
583216.1,
2722.451,
209206.6,
19174.92,
15467.58,
9811.492,
10093.03,
172818,
105012.7,
0,
2200963,
2098, 
2861.767,
166326.6,
34099.09,
40244.14,
4217.027,
3743.675,
83233.79,
253778.5,
233447,
6815.04,
37559.6,
13684.24,
5820.533,
5805.875,
7456.392,
23457.54,
171062.9,
573067.1,
2630.744,
216281.2,
18855.54,
15383.95,
10198.73,
10702.22,
176782.4,
106811.3,
0,
2224327,
2099, 
2873.35,
174534.7,
34735.21,
39712.96,
4204.097,
3714.984,
82617.07,
260090.9,
237022.8,
7231.798,
40805.93,
13558.79,
5783.164,
5867.192,
7499.177,
21502.86,
170809,
570262.9,
2552.671,
228250.5,
18571.73,
15238.36,
9917.383,
11630.92,
181384.7,
109163.5,
0,
2259537,
2100, 
2879.224,
180833,
35982.16,
39418.61,
4154.05,
3721.677,
83345.1,
266523.8,
240304.4,
7484.623,
39749.63,
13465.4,
5804.779,
5862.083,
7518.158,
19509.33,
170818.3,
549566.3,
2505.954,
247287.4,
18331.67,
15008.24,
10097.38,
12545.35,
187078.1,
111238.1,
0,
2281033];
