real main.em.dem.hi.CE.Cement_Production[28](t) = [1971, 
8.317,
71.054,
7.520999,
5.215999,
9.803001,
14.936,
7.026,
3.428,
1.436,
5.861,
187.588,
41.77,
7.553,
1.94,
0,
100.331,
9.703,
14.931,
11.672,
32.187,
8.483,
0.487,
59.434,
5.586,
3.228,
2.222,
0,
621.713,
1972, 
9.091,
74.93,
8.753,
7.050999,
11.382,
15.606,
6.979,
3.822,
1.397,
6.112,
213.191,
45.894,
7.595,
1.952,
0,
104.299,
11.295,
15.785,
11.786,
36.019,
9.256001,
0.596,
66.292,
5.929,
3.102,
2.513,
0,
680.627,
1973, 
10.053,
77.576,
9.918,
7.588999,
13.398,
16.182,
6.846,
3.85,
1.411,
6.864,
206.852,
48.525,
8.946,
1.987,
0,
109.521,
10.994,
15.016,
13.975,
37.897,
11.17,
0.74,
78.12,
6.301,
3.464,
2.87,
0,
710.065,
1974, 
10.641,
73.558,
10.672,
7.624999,
15.187,
16.977,
7.144,
4.037,
1.451,
7.301,
203.452,
52.201,
8.94,
2.04,
0,
115.145,
13.005,
14.319,
14.842,
37.832,
10.829,
0.831,
73.108,
6.675,
3.863,
2.891,
0,
714.566,
1975, 
9.741,
62.13,
11.2,
7.123999,
16.391,
16.52,
7.791,
4.533,
1.419,
7.176,
192.852,
55.812,
10.833,
2.169,
0,
122.057,
14.87,
16.248,
17.129,
46.9937,
11.881,
1.077,
65.517,
6.292,
3.999,
2.667,
0,
714.4217,
1976, 
9.898,
67.581,
12.691,
7.634999,
18.675,
17.501,
7.991,
4.581,
1.513,
7.048,
198.166,
59.909,
12.154,
24.668,
0,
124.246,
15.867,
18.516,
18.873,
47.6281,
12.959,
1.81,
68.712,
6.162,
3.857,
1.775,
0,
770.4161,
1977, 
9.933,
72.629,
13.328,
7.535999,
21.123,
17.995,
8.849,
4.653,
1.77,
6.573,
203.119,
63.284,
13.39,
25.11467,
0,
127.056,
16.602,
19.173,
21.198,
56.7764,
13.686,
2.549,
73.138,
6.119,
3.928,
1.778,
0,
811.3,
1978, 
10.473,
77.546,
14.15,
8.235,
23.239,
19.139,
10.202,
4.846,
1.626,
6.823,
206.804,
66.265,
15.572,
24.61233,
0,
126.956,
18.953,
19.626,
22.133,
66.6375,
14.187,
3.649,
84.882,
5.952,
4.286,
1.749,
0,
858.5428,
1979, 
11.459,
76.648,
15.352,
8.558999,
24.871,
20.969,
13.056,
5.206,
1.652,
6.199,
209.948,
65.815,
13.573,
23.802,
0,
123.019,
23.557,
18.27,
24.413,
75.3604,
17.259,
4.432,
87.804,
5.981,
4.134,
1.757,
0,
883.0954,
1980, 
10.34,
68.241,
16.398,
8.938279,
27.194,
23.439,
14.922,
5.429,
1.80305,
7.125,
210.581,
71.827,
12.975,
23.71467,
4.2,
125.049,
26.268,
17.803,
23.612,
81.52399,
15.203,
5.259,
87.957,
6.057,
4.431,
1.672,
0,
901.962,
1981, 
10.152,
65.054,
18.173,
8.829503,
26.051,
23.459,
16.26,
6.641,
1.77682,
8.095,
204.569,
66.84,
15.043,
23.78933,
4.41925,
127.169,
31.741,
20.908,
23.617,
84.52,
16.272,
5.719,
84.82801,
6.553,
4.696,
1.869,
0,
907.0439,
1982, 
8.136,
57.475,
19.343,
8.506739,
25.644,
22.422,
16.086,
6.631,
1.60826,
8.08,
198.328,
75.157,
15.778,
24.054,
4.6385,
200.392,
34.413,
22.65,
25.887,
96.815,
17.921,
5.832,
80.686,
7.054,
4.644629,
1.73,
0,
989.9121,
1983, 
7.871,
63.927,
17.363,
8.913981,
20.87,
20.749,
18.043,
6.107,
1.599,
7.897,
198.173,
78.859,
13.595,
25.132,
13.49375,
208.56,
37.043,
25.261,
29.282,
110.132,
19.459,
8.095,
80.891,
6.262,
4.893568,
1.523,
0,
1033.994,
1984, 
9.386999,
70.452,
18.702,
8.833752,
19.497,
21.128,
22.488,
5.557,
1.568577,
8.084,
186.505,
82.269,
15.738,
26.015,
14.2401,
211.5,
43.223,
29.541,
28.413,
125.008,
19.517,
8.893001,
78.86,
5.617,
5.32135,
1.54,
0,
1067.898,
1985, 
10.192,
70.284,
20.255,
8.695295,
20.635,
21.206,
24.608,
6.944,
1.562796,
6.88,
176.347,
76.718,
17.581,
25.795,
15.051,
212.779,
44.516,
31.971,
28.509,
147.936,
17.98,
9.94,
72.847,
6.667,
5.57609,
1.65,
0,
1083.125,
1986, 
10.611,
71.112,
19.825,
9.727639,
25.252,
24.022,
22.808,
7.3322,
1.713959,
6.246,
176.827,
80.356,
20.004,
27.166,
16.889,
219.266,
42.843,
34.983,
31.53,
168.721,
18.707,
11.323,
71.264,
7.133278,
6.878,
1.924,
0,
1134.464,
1987, 
12.603,
67.38,
23.482,
10.28211,
25.468,
26.243,
26.097,
6.6949,
1.888073,
5.999,
181.316,
80.014,
21.98,
27.606,
17.332,
222.991,
45.763,
37.135,
34.946,
189.016,
20.774,
11.814,
71.551,
6.917004,
7.756,
2.074,
0,
1185.122,
1988, 
12.35,
71.544,
23.606,
9.706407,
25.329,
26.25486,
27.549,
7.6606,
1.816,
6.760001,
193.818,
82.502,
22.568,
28.16,
17.628,
225.236,
48.797,
41.136,
41.411,
212.831,
23.459,
13.118,
77.554,
7.058201,
8.302,
2.23,
0,
1258.384,
1989, 
12.591,
71.308,
24.21,
10.27073,
25.921,
23.293,
27.887,
7.945941,
2.309,
7.261,
202.05,
80.533,
23.704,
27.958,
18.42,
227.651,
54.065,
44.197,
47.12099,
212.949,
27.675,
14.788,
79.717,
7.755054,
8.279,
2.263,
0,
1292.122,
1990, 
11.745,
70.944,
24.683,
10.25889,
25.85,
23.45166,
30.144,
6.679068,
2.458,
6.563,
200.368,
72.992,
24.299,
27.275,
18.225,
222.811,
55.37,
46.17,
49.914,
211.96,
35.097,
14.786,
84.445,
7.357902,
8.611,
2.506,
0,
1294.964,
1991, 
9.372,
67.193,
25.208,
9.027902,
27.491,
24.69829,
32.726,
7.016109,
2.332,
6.147,
194.9965,
52.952,
26.029,
25.956,
17.003,
79.893,
46.29,
52.013,
55.167,
246.56,
39.188,
13.48,
89.564,
6.452879,
9.018,
2.836,
0,
1168.61,
1992, 
8.592,
69.585,
27.114,
9.19588,
23.902,
29.29976,
32.958,
7.428288,
2.466,
5.85,
185.845,
41.594,
28.455,
23.089,
14.963,
63.32,
52.276,
53.936,
61.444,
309.994,
42.915,
14.048,
88.252,
6.670589,
9.614,
2.404,
0,
1215.21,
1993, 
9.394001,
73.807,
28.725,
9.73794,
24.845,
40.0546,
30.214,
7.554194,
2.517,
6.135,
171.025,
37.99,
31.134,
17.03,
11.312,
51.022,
57.5946,
57.326,
64.313,
369.672,
50.609,
19.61,
88.046,
7.491562,
9.70181,
2.342,
0,
1279.203,
1994, 
10.584,
77.94801,
31.594,
10.56813,
25.229,
30.79477,
30.53,
6.448114,
2.478112,
7.068,
180.743,
41.162,
29.356,
12.962,
8.107,
37.898,
59.5058,
63.461,
69.088,
423.193,
57.7171,
24.564,
91.62401,
8.107636,
9.899,
2.014,
0,
1352.644,
1995, 
10.44,
76.906,
25.295,
10.925,
28.256,
33.93748,
32.42,
6.674058,
3.141187,
7.437,
178.958,
41.78201,
33.153,
8.911,
6.016,
36.949,
61.9665,
67.722,
73.101,
477.628,
64.9424,
23.136,
90.474,
7.7452,
9.767,
2.469,
0,
1420.152,
1996, 
11.1,
80.8,
25.4,
9.11,
34.6,
32.554,
37.57,
10.568,
2.827,
7.67,
172.793,
42.584,
35.2,
6.51,
4.345,
28.39,
50.613,
80,
74.3,
513.636,
57.774,
36.5,
94.5,
7.692,
10.709,
2.77,
0,
1470.515,
1997, 
11.7,
82.5,
27.5,
9.303,
38.1,
34.8,
39.03,
14.16,
2.73,
7.49,
176.439,
43.813,
36,
7.102001,
4.595,
27.331,
50.333,
80,
76.8,
516.542,
71.588,
41.2,
91.90001,
7.66,
10.831,
2.79,
0,
1512.237,
1998, 
12.1,
82.2,
27.7,
11.065,
40,
37.166,
38.49,
11.481,
3.176,
9.5,
196.397,
44.22,
38.2,
7.704,
4.577,
26.715,
43.822,
85,
63.8,
535.149,
53.49,
44,
81.3,
7.63,
10.706,
3.466,
0,
1519.054,
1999, 
12.6,
87.3,
29.4,
12.832,
40.3,
37.72,
41.56,
11.198,
3.075,
8.9,
195.813,
45,
34.4,
7.98,
5.336,
29.2,
44.518,
90,
64.2,
592.794,
67.355,
41.5,
80.1,
7.545,
11.282,
3.427,
0,
1605.335,
2000, 
12.6,
89.5,
31.7,
10.924,
39.2,
38.36,
45.01,
11.471,
3.194,
8.99,
201.394,
44.804,
35.8,
7.382,
4.52,
33.167,
51.709,
95,
67.4,
601.972,
64.405,
51.7,
81.09999,
8.545,
12.05,
3.029,
0,
1654.926,
2001, 
13,
90.4,
30,
11.049,
39.5,
38.45,
48.52,
12.555,
3.183,
9.17,
198.62,
41.374,
35,
7.8,
4.988999,
36.398,
54.939,
100,
57.16,
680.418,
67.202,
55.1,
76.6,
8.545,
12.445,
3.046,
0,
1735.463,
2002, 
13.2,
91.3,
31,
11.998,
38,
30.67,
48.22,
13.39,
3.223,
9.620001,
190.81,
41.409,
32.6,
9.61,
5.083,
39.203,
56.557,
100,
60.82,
724.548,
75.43,
61.6,
71.8,
8.7,
12.85,
2.658,
0,
1784.299,
2003, 
14.1,
94.3,
32,
13.334,
38,
33.07,
52.04,
13.445,
4.147,
10.2,
205.06,
44.314,
35.1,
11.645,
6.173,
42.739,
57.4,
100,
64.74,
880.65,
82.585,
64.5,
68.8,
9.15,
17.035,
3.419,
0,
1997.946,
2004, 
14.9,
98.99999,
35,
13.316,
34.4,
37.54,
55.12,
13.633,
4.529,
12,
209.57,
47.582,
38,
13.77,
6.684,
48.056,
62.533,
125,
59.93,
990.31,
93.211,
68.2,
67.4,
9.2,
17.39,
3.485,
0,
2179.759,
2005, 
14.3,
101,
37.5,
14.631,
36.7,
42.3,
59.49,
13.926,
5.305,
14.5,
209.482,
49.7,
42.8,
15.971,
6.873,
51.095,
68.981,
130,
57.1,
1090.012,
101.459,
66.6,
69.6,
9.269,
17.66,
3.535,
0,
2329.789,
2006, 
14,
99.7,
40,
15.314,
36.7,
45.28,
61.93,
16.177,
5.547,
13,
219.626,
55.181,
48,
18.037,
7.492,
57.395,
73.202,
155,
59.7,
1259.441,
101.86,
67,
69.9,
10.39,
18.175,
5.06,
0,
2573.107,
2007, 
14.5,
96.9,
40.7,
15.882,
46.4,
48.95,
63.95,
21.996,
5.838,
15.3,
231.62,
60.693,
48.8,
19.88,
8.1,
62.762,
86.86,
170,
63.13,
1369.18,
105.895,
77,
67.7,
10.979,
28.33,
5.295,
0,
2786.64,
2008, 
13.7,
87.60001,
40.1,
16.915,
46.5,
51.39,
78.46,
28.503,
7.118,
13.5,
200.297,
62.942,
51.4,
20.92,
9.04,
56.32,
89.5,
180,
58.12,
1407.57,
110.188,
81.4,
62.8,
10.743,
29.325,
5.47,
0,
2819.821,
2009, 
11,
64.9,
35.2,
14.762,
51.7,
49.98,
86.79,
27.251,
8.475,
11.8,
168.876,
49.868,
53,
14.78,
8.724,
46.927,
105.65,
180,
56.5,
1646.135,
115.564,
88,
54.8,
10.648,
33.425,
6.329,
0,
3001.084,
2010, 
12.4,
67.2,
34.5,
15.584,
59.1,
50.23,
85.26,
30.25,
11.03,
10.9,
162.47,
49.967,
62.7,
15.09,
8.988,
53.025,
109.31,
220,
53.6,
1896.623,
129.993,
83,
51.5,
10.358,
37.531,
6.847,
0,
3327.456,
2011, 
12,
68.6,
34.5,
14.596,
62.6,
50.08,
84.55,
29.462,
12.704,
11.2,
164.972,
52.527,
63.4,
16.5,
9.519,
58.912,
126.24,
270,
54.7,
2117.326,
133.828,
95,
51.3,
10.058,
43.338,
7.679,
0,
3655.591,
2012, 
12.465,
74.934,
36.184,
18.39,
69.323,
55.27501,
99.711,
34.5,
14.52,
11.56,
135.855,
46.49001,
63.879,
15.949,
17.691,
65.65,
187.953,
270,
53.308,
2228.272,
132.478,
52.55,
54.737,
9.915001,
50.777,
10.601,
0,
3822.967,
2013, 
11.611,
77.41499,
34.612,
18.588,
69.975,
59.163,
94.874,
40.283,
16.353,
12.168,
133.019,
44.352,
71.337,
16.064,
18.772,
70.849,
192.102,
280,
53.891,
2430.161,
138.998,
56.89,
57.962,
9.899999,
53.78099,
11.552,
0,
4074.672,
2014, 
11.879,
83.124,
36.597,
19.663,
71.254,
59.394,
104.917,
40.665,
18.186,
12.068,
131.91,
45.217,
71.239,
15.553,
21.27,
74.128,
193.043,
280,
53.723,
2509.493,
143.824,
56.96,
57.913,
10.394,
54.722,
13.937,
0,
4191.073,
2015, 
12.167,
84.94,
39.613,
19.827,
65.283,
60.062,
103.157,
43.019,
20.912,
12.992,
133.206,
46.395,
71.419,
14.194,
23.293,
66.963,
188.614,
260,
58.744,
2374.785,
158.639,
60.05,
54.827,
11.016,
64.29,
14.236,
0,
4062.643,
2016, 
11.693,
85.153,
40.577,
19.466,
57.557,
55.292,
105.928,
46.84,
22.622,
13,
135.046,
46.83101,
75.403,
14.501,
23.837,
59.321,
178.263,
280,
63.827,
2424.398,
164.924,
62.2,
53.255,
10.831,
70.756,
14.521,
0,
4136.042,
2017, 
12.706,
86.799,
41.601,
19.991,
54.004,
55.777,
124.553,
44.91,
23.252,
13.17,
136.163,
50.9,
80.55199,
14.609,
26.55,
60.09,
168.605,
283,
64.24,
2344.131,
172.963,
69.479,
55.195,
10.305,
75.794,
13.546,
0,
4102.885,
2018, 
13.554,
86.99999,
48.328,
19.209,
53.553,
53.00299,
102.7,
52.421,
23.35,
13.68,
138.733,
54.454,
72.544,
14.993,
27.588,
59.65,
173.253,
310,
57.923,
2249.513,
188.088,
75.413,
55.307,
10.879,
85.162,
14.813,
0,
4055.111,
2019, 
14,
88.1,
45.163,
18.628,
56.611,
53.091,
100.087,
57.746,
21.854,
12.726,
139.456,
56.943,
56.966,
15.258,
29.807,
64.436,
178.069,
334,
56.235,
2353.969,
207.594,
72.04,
53.462,
11.105,
88.543,
17.057,
0,
4202.946,
2020, 
14,
89.8,
47.833,
16.711,
61.052,
47.215,
90.375,
63.428,
24.867,
10.8,
137.154,
57.886,
72.299,
15.539,
31.519,
62.563,
193.587,
290,
53.208,
2391.468,
214.147,
62.83,
50.905,
10.72,
87.684,
17.504,
0,
4215.094,
2021, 
14,
91.3,
51.559,
18.552,
65.884,
57.598,
101.499,
69.572,
27.44,
12.5,
143.357,
59.388,
78.495,
17.009,
35.204,
66.584,
192.297,
350,
55.824,
2377.575,
227.432,
65.15,
50.083,
10.96,
97.859,
17.643,
0,
4354.764,
2022, 
15,
91.59999,
49.8,
18.761,
63.546,
60.309,
96.689,
70.41,
26.17,
12,
141.065,
57.383,
73.708,
11.6,
35.455,
67.772,
192.559,
380,
57.612,
2144.181,
236.292,
64.16,
53.2,
11.183,
94.53801,
18.001,
0,
4142.994,
2023, 
15.02207,
91.95731,
50.42494,
19.139,
64.30685,
60.71427,
99.18034,
73.04947,
24.39047,
12.0997,
141.1205,
57.35944,
73.86648,
11.61508,
36.24061,
68.07956,
195.4589,
394.4888,
57.55339,
2149.911,
238.892,
65.87193,
52.89811,
11.23453,
96.18478,
18.7782,
0,
4179.837,
2024, 
15.05102,
92.29292,
50.9374,
19.54082,
64.76896,
61.60215,
101.5414,
76.31393,
26.43354,
12.25586,
141.2816,
57.45871,
74.00167,
11.65189,
37.00993,
68.2404,
198.649,
408.7563,
57.5352,
2154.637,
241.8054,
67.56923,
52.5591,
11.29142,
99.75047,
19.92802,
0,
4222.863,
2025, 
15.10329,
92.68751,
51.38188,
19.9511,
65.30798,
62.52838,
104.0302,
79.82773,
29.46574,
12.40328,
141.6335,
57.59962,
74.24835,
11.76115,
37.79411,
68.38882,
201.8804,
422.9514,
57.5532,
2158.905,
244.9337,
69.26094,
52.25307,
11.36206,
103.9332,
21.18652,
0,
4268.332,
2026, 
15.16442,
93.18586,
52.01431,
20.41041,
65.83366,
63.48307,
106.3388,
84.21175,
32.87876,
12.56299,
141.9505,
57.57883,
74.59639,
12.04618,
38.49343,
68.49382,
205.1131,
437.3672,
57.51926,
2158.946,
248.186,
70.93332,
52.01238,
11.41791,
109.7643,
23.07533,
0,
4313.578,
2027, 
15.23818,
93.71954,
52.64474,
20.85941,
66.36758,
64.41324,
108.3376,
88.56417,
36.22637,
12.7288,
142.3536,
57.55445,
74.9945,
12.32246,
39.18075,
68.59373,
208.3016,
450.9258,
57.49707,
2157.998,
251.3657,
72.55612,
51.81282,
11.46003,
115.3767,
24.929,
0,
4356.321,
2028, 
15.3229,
94.32275,
53.27356,
21.30771,
66.90801,
65.32963,
110.2042,
92.83907,
39.51463,
12.90368,
142.8419,
57.51322,
75.40795,
12.5922,
39.85571,
68.68712,
211.4266,
463.7704,
57.47014,
2155.723,
254.4378,
74.1516,
51.64151,
11.49699,
120.8091,
26.76225,
0,
4396.514,
2029, 
15.42932,
95.01942,
53.90635,
21.76907,
67.46654,
66.25573,
111.9155,
97.06718,
42.74945,
13.09247,
143.471,
57.46371,
75.89503,
12.56522,
40.51739,
68.77494,
214.4707,
476.0399,
57.4584,
2151.696,
257.4673,
75.74782,
51.53555,
11.53626,
126.1244,
28.58114,
0,
4434.016,
2030, 
15.55066,
95.8477,
54.54153,
22.25144,
68.03264,
67.21176,
113.5573,
101.2975,
45.93626,
13.29928,
144.2036,
57.40287,
76.36804,
12.4918,
41.16442,
68.8581,
217.4009,
487.8344,
57.42536,
2145.416,
260.3511,
77.36977,
51.4572,
11.59118,
131.3462,
30.39064,
0,
4468.598,
2031, 
15.70781,
96.78236,
55.19105,
22.80201,
68.77025,
68.26353,
115.3076,
107.9426,
50.10181,
13.60161,
145.1738,
57.30354,
76.89076,
12.38743,
41.80065,
68.99982,
220.1014,
499.3828,
57.34295,
2133.905,
263.0736,
78.98586,
51.4766,
11.66338,
137.3901,
32.83455,
0,
4503.183,
2032, 
15.88988,
97.90257,
55.84592,
23.37554,
69.52433,
69.34433,
116.9054,
114.5107,
54.19304,
13.92831,
146.3065,
57.19738,
77.40643,
12.26108,
42.41446,
69.10992,
222.6243,
510.5738,
57.24916,
2119.11,
265.6242,
80.6772,
51.54419,
11.74805,
143.3356,
35.24382,
0,
4533.846,
2033, 
16.09587,
99.2404,
56.50903,
23.98224,
70.30918,
70.45402,
118.3611,
120.993,
58.23485,
14.28501,
147.6232,
57.08453,
77.90915,
12.13852,
43.00461,
69.1938,
224.9395,
521.5109,
57.14914,
2100.549,
267.99,
82.46959,
51.66469,
11.8492,
149.2368,
37.63359,
0,
4560.411,
2034, 
16.31985,
100.7847,
57.18188,
24.63187,
71.14413,
71.61593,
119.7239,
127.4491,
62.24768,
14.67628,
149.1449,
56.9639,
78.3738,
12.07511,
43.57055,
69.25748,
227.0185,
532.2806,
57.04604,
2077.834,
270.1371,
84.38467,
51.83132,
11.95687,
155.1357,
40.01964,
0,
4582.806,
2035, 
16.57078,
102.5297,
57.86591,
25.33001,
72.03695,
72.85615,
120.9897,
133.9323,
66.24126,
15.10576,
150.8892,
56.83542,
78.79195,
12.10821,
44.11136,
69.30825,
228.8394,
542.9549,
56.97017,
2050.708,
272.0526,
86.43974,
52.04398,
12.05749,
161.0701,
42.41551,
0,
4601.055,
2036, 
16.8508,
104.4542,
58.54609,
26.10243,
73.0561,
74.21329,
122.2995,
141.8104,
71.08301,
15.6173,
152.9588,
56.69224,
79.17628,
12.21672,
44.61825,
69.38537,
230.281,
553.553,
56.78482,
2017.065,
273.4806,
88.59698,
52.33127,
12.17001,
167.6734,
45.29672,
0,
4616.313,
2037, 
17.12061,
106.5733,
59.23485,
26.92674,
74.15076,
75.66427,
123.4185,
149.7334,
75.88074,
16.1641,
155.2318,
56.54109,
79.47952,
12.39109,
45.09936,
69.45593,
231.4395,
564.0567,
56.48173,
1979.047,
274.6443,
90.90005,
52.64706,
12.3165,
174.2793,
48.19285,
0,
4627.071,
2038, 
17.40613,
108.8718,
59.93307,
27.80382,
75.31974,
77.20783,
124.4198,
157.731,
80.66373,
16.74598,
157.7111,
56.38303,
79.7171,
12.60789,
45.55562,
69.51434,
232.3182,
574.5026,
56.13784,
1936.88,
275.5681,
93.348,
52.99592,
12.475,
180.9148,
51.10583,
0,
4633.838,
2039, 
17.70735,
111.3432,
60.63961,
28.73111,
76.54996,
78.82671,
125.4321,
165.7237,
85.4528,
17.36126,
160.3892,
56.20786,
79.90005,
12.84511,
45.98841,
69.56723,
232.9277,
584.9105,
55.75727,
1890.925,
276.2748,
95.93362,
53.37783,
12.63193,
187.5953,
54.03333,
0,
4637.033,
2040, 
18.02493,
113.9523,
61.3554,
29.70174,
77.84833,
80.5085,
126.3887,
173.6904,
90.25236,
18.00707,
163.257,
56.03759,
80.04998,
13.08684,
46.39944,
69.62651,
233.2872,
595.2885,
55.34637,
1841.661,
276.8021,
98.64477,
53.79634,
12.79498,
194.3299,
56.97944,
0,
4637.118,
2041, 
18.37156,
116.6321,
62.05062,
30.71402,
79.1971,
82.20915,
127.3189,
183.1503,
96.02443,
18.69842,
166.3961,
55.87654,
80.22371,
13.31873,
46.7725,
69.73785,
233.2444,
605.3363,
54.90401,
1787.795,
277.0203,
101.3643,
54.30488,
12.95943,
201.6802,
60.47813,
0,
4635.779,
2042, 
18.72646,
119.3873,
62.74692,
31.75444,
80.56709,
83.93098,
128.2387,
192.535,
101.725,
19.40588,
169.6568,
55.70438,
80.35573,
13.552,
47.12891,
69.87073,
233.0057,
615.2604,
54.43133,
1731.9,
277.0854,
104.1641,
54.82573,
13.11767,
208.9902,
63.97501,
0,
4632.042,
2043, 
19.08103,
122.2125,
63.43985,
32.81865,
81.95959,
85.69427,
129.1567,
201.9487,
107.3779,
20.12419,
172.925,
55.52303,
80.40972,
13.78508,
47.4715,
70.01879,
232.5999,
625.0462,
53.91655,
1674.621,
276.9753,
107.0214,
55.32992,
13.27851,
216.246,
67.4733,
0,
4626.455,
2044, 
19.43272,
125.128,
64.1269,
33.89819,
83.3558,
87.49091,
130.0462,
211.3734,
112.9871,
20.84833,
176.2118,
55.33567,
80.39272,
14.01639,
47.80233,
70.17574,
232.0602,
634.6785,
53.36581,
1616.591,
276.7166,
109.914,
55.81091,
13.45774,
223.4402,
70.97248,
0,
4619.629,
2045, 
19.77881,
128.1298,
64.80526,
34.98611,
84.74515,
89.30414,
130.9209,
220.7801,
118.5598,
21.57328,
179.4861,
55.1426,
80.30994,
14.24442,
48.12397,
70.33362,
231.4216,
644.1396,
52.78492,
1558.412,
276.3336,
112.8201,
56.26168,
13.66284,
230.5629,
74.46796,
0,
4612.091,
2046, 
20.1336,
131.152,
65.43407,
36.0656,
86.09252,
91.07195,
131.7678,
231.7706,
125.0283,
22.29008,
182.8038,
54.95926,
80.20564,
14.46399,
48.40353,
70.50257,
230.48,
652.9645,
52.19282,
1498.648,
275.7253,
115.5935,
56.74215,
13.88503,
238.0546,
78.4739,
0,
4604.905,
2047, 
20.47657,
134.1962,
66.04674,
37.13315,
87.40526,
92.81774,
132.6917,
242.627,
131.3632,
22.99395,
186.0468,
54.77053,
79.93403,
14.67744,
48.67828,
70.66628,
229.5059,
661.5222,
51.57498,
1439.919,
275.0293,
118.3339,
57.17565,
14.11246,
245.3813,
82.41411,
0,
4597.494,
2048, 
20.89942,
137.0237,
66.67707,
38.16333,
88.60556,
94.46178,
133.4428,
253.1011,
137.4773,
23.68945,
189.6378,
54.61553,
80.60622,
14.82973,
48.94847,
70.79887,
228.5819,
669.8588,
51.21906,
1382.647,
275.1589,
121.0476,
57.96386,
14.277,
252.7516,
86.24969,
0,
4592.733,
2049, 
21.30924,
139.8477,
67.29023,
39.16986,
89.76126,
96.06948,
134.1742,
263.5268,
143.4588,
24.36561,
193.1232,
54.45661,
81.13813,
14.97401,
49.21787,
70.92548,
227.6787,
677.9122,
50.85954,
1327.181,
275.2576,
123.6978,
58.70612,
14.45737,
259.9562,
90.03503,
0,
4588.55,
2050, 
21.70677,
142.6612,
67.88657,
40.14893,
90.87041,
97.63494,
134.8946,
273.9037,
149.3234,
25.0201,
196.4973,
54.29484,
81.65293,
15.10959,
49.4882,
71.04601,
226.8185,
685.6789,
50.5024,
1273.798,
275.3579,
126.2732,
59.40776,
14.64515,
266.9967,
93.7711,
0,
4585.389,
2051, 
22.10287,
145.3932,
68.43215,
41.0821,
91.89861,
99.11755,
135.5597,
285.7533,
155.9263,
25.64115,
199.7612,
54.13721,
82.07778,
15.23512,
49.70961,
71.14995,
225.7908,
692.8369,
50.15503,
1221.001,
275.2333,
128.6708,
60.08803,
14.83381,
274.1424,
97.93495,
0,
4583.665,
2052, 
22.48093,
148.0897,
68.95756,
41.98167,
92.88301,
100.5716,
136.2177,
297.4003,
162.34,
26.23364,
202.8718,
53.97569,
82.45451,
15.35085,
49.93379,
71.2486,
224.8419,
699.6606,
49.71145,
1170.762,
275.0914,
130.9704,
60.70639,
15.0344,
281.0528,
101.9908,
0,
4582.813,
2053, 
22.84505,
150.7127,
69.46458,
42.84482,
93.80849,
101.9761,
136.8749,
308.81,
168.5632,
26.79728,
205.8445,
53.81235,
82.82074,
15.45665,
50.16139,
71.34089,
223.9858,
706.1589,
49.21684,
1123.164,
274.9796,
133.1684,
61.2802,
15.23852,
287.7452,
105.9447,
0,
4583.016,
2054, 
23.19686,
153.2313,
69.96279,
43.6693,
94.67477,
103.3199,
137.5367,
319.9861,
174.6099,
27.33198,
208.6848,
53.64809,
83.19312,
15.55249,
50.39316,
71.42611,
223.2105,
712.3409,
48.7378,
1078.24,
274.9204,
135.2625,
61.81702,
15.43699,
294.2311,
109.8008,
0,
4584.416,
2055, 
23.53623,
155.6426,
70.45853,
44.45499,
95.48279,
104.6029,
138.2071,
330.9435,
180.4924,
27.83784,
211.3911,
53.48299,
83.57335,
15.6385,
50.62968,
71.50433,
222.5313,
718.2159,
48.27551,
1035.982,
274.9181,
137.2518,
62.3174,
15.62994,
300.5185,
113.5648,
0,
4587.084,
2056, 
23.87139,
157.933,
70.89422,
45.18117,
96.17831,
105.7632,
138.8109,
343.0488,
186.9328,
28.30112,
213.9503,
53.31466,
83.98038,
15.71809,
50.81914,
71.56941,
221.7188,
723.4087,
47.82465,
995.4357,
274.8575,
139.0382,
62.82283,
15.81126,
306.7951,
117.6702,
0,
4591.65,
2057, 
24.19306,
160.1146,
71.3138,
45.86657,
96.81479,
106.8604,
139.421,
354.8268,
193.1452,
28.73429,
216.3702,
53.14516,
84.38911,
15.78804,
51.01284,
71.62671,
221.0194,
728.2872,
47.46567,
957.4977,
274.8482,
140.7176,
63.28931,
15.98625,
312.8381,
121.6432,
0,
4597.215,
2058, 
24.50244,
162.1891,
71.71812,
46.51249,
97.3946,
107.8964,
140.0402,
366.307,
199.1503,
29.13851,
218.6584,
52.97488,
84.80669,
15.84872,
51.211,
71.67651,
220.433,
732.8677,
47.23431,
922.0699,
274.8979,
142.2929,
63.7216,
16.15469,
318.6638,
125.4952,
0,
4603.856,
2059, 
24.79915,
164.1591,
72.1075,
47.12045,
97.92039,
108.8734,
140.6703,
377.515,
204.9658,
29.51493,
220.8156,
52.80356,
85.22752,
15.90051,
51.4137,
71.71913,
219.9575,
737.1644,
47.14595,
889.0398,
274.9992,
143.7675,
64.11829,
16.31671,
324.2845,
129.2362,
0,
4611.556,
2060, 
25.08372,
166.0279,
72.48261,
47.69209,
98.39486,
109.794,
141.3127,
388.4738,
210.608,
29.86487,
222.8471,
52.63124,
85.65215,
15.94383,
51.62093,
71.75488,
219.5903,
741.1931,
47.22636,
858.2838,
275.1513,
145.1454,
64.48135,
16.47265,
329.7132,
132.8753,
0,
4620.317,
2061, 
25.36208,
167.7903,
72.80487,
48.21227,
98.76192,
110.602,
141.8561,
400.3474,
216.6456,
30.17377,
224.7433,
52.4508,
86.09637,
15.98034,
51.79573,
71.76503,
219.0746,
744.4167,
47.20687,
829.3845,
275.2576,
146.3288,
64.82838,
16.61445,
335.0174,
136.7554,
0,
4630.272,
2062, 
25.6281,
169.4597,
73.11324,
48.69757,
99.08051,
111.356,
142.4074,
411.8796,
222.4543,
30.45742,
226.5188,
52.26892,
86.5358,
16.0091,
51.97367,
71.76833,
218.6608,
747.3824,
47.00399,
802.5092,
275.4003,
147.4222,
65.14065,
16.75096,
340.1088,
140.4999,
0,
4640.487,
2063, 
25.8823,
171.0408,
73.4084,
49.15007,
99.35365,
112.0591,
142.9673,
423.1043,
228.0563,
30.71737,
228.1796,
52.08559,
86.96951,
16.03058,
52.15465,
71.76511,
218.3438,
750.1058,
46.81402,
777.5215,
275.5757,
148.4306,
65.4196,
16.8824,
345.0035,
144.1218,
0,
4651.144,
2064, 
26.12466,
172.5387,
73.69091,
49.57179,
99.58431,
112.7142,
143.5364,
434.0512,
233.4713,
30.95509,
229.7293,
51.90057,
87.39272,
16.04521,
52.33855,
71.7557,
218.1181,
752.6026,
46.637,
754.2875,
275.7762,
149.3589,
65.66477,
17.00871,
349.7155,
147.6327,
0,
4662.203,
2065, 
26.35663,
173.9582,
73.96172,
49.96474,
99.77537,
113.3245,
144.1146,
444.7461,
238.7166,
31.17212,
231.1781,
51.71423,
87.8113,
16.05343,
52.5252,
71.74044,
217.9787,
754.8599,
46.38785,
732.6764,
276.0059,
150.2122,
65.88111,
17.13034,
354.2602,
151.0427,
0,
4673.548,
2066, 
26.58302,
175.2886,
74.18233,
50.30757,
99.86942,
113.8314,
144.589,
456.0634,
244.1671,
31.35103,
232.5587,
51.52087,
88.26138,
16.05729,
52.69088,
71.71104,
217.683,
756.3459,
46.23354,
712.6513,
276.1693,
150.9026,
66.07719,
17.23938,
358.5589,
154.581,
0,
4685.475,
2067, 
26.79952,
176.5502,
74.392,
50.62404,
99.92786,
114.2973,
145.0692,
467.0566,
249.4091,
31.51106,
233.8479,
51.32602,
88.74265,
16.05556,
52.85812,
71.67609,
217.464,
757.6489,
46.0827,
694.0016,
276.3511,
151.5263,
66.24535,
17.34444,
362.6837,
157.9935,
0,
4697.485,
2068, 
27.00699,
177.7478,
74.59148,
50.91608,
99.95334,
114.7249,
145.5554,
477.7592,
254.4633,
31.65362,
235.0533,
51.12981,
89.26004,
16.04862,
53.02679,
71.63586,
217.3162,
758.7776,
45.93534,
676.614,
276.5509,
152.0882,
66.38831,
17.44588,
366.6498,
161.2928,
0,
4709.585,
2069, 
27.20616,
178.886,
74.78149,
51.18546,
99.94828,
115.1172,
146.0473,
488.2001,
259.3481,
31.78003,
236.1812,
50.93235,
89.81407,
16.03683,
53.19674,
71.59063,
217.2346,
759.7425,
45.79131,
660.3807,
276.7678,
152.5926,
66.50835,
17.54384,
370.4703,
164.49,
0,
4721.774,
2070, 
27.39798,
179.969,
74.96273,
51.4339,
99.91496,
115.4765,
146.5447,
498.4046,
264.0793,
31.89157,
237.2391,
50.73384,
90.41846,
16.02054,
53.3678,
71.5407,
217.2142,
760.5529,
45.65103,
645.2019,
277.0027,
153.0439,
66.60849,
17.6384,
374.1578,
167.5949,
0,
4734.062,
2071, 
27.58187,
180.9526,
75.09583,
51.63832,
99.80035,
115.7383,
146.9703,
508.9939,
268.8651,
31.97254,
238.2742,
50.53789,
91.10542,
16.00256,
53.51834,
71.48488,
217.0512,
760.5917,
45.54426,
631.1638,
277.1607,
153.364,
66.71111,
17.72141,
377.5632,
170.756,
0,
4746.16,
2072, 
27.75856,
181.8889,
75.22085,
51.8239,
99.66074,
115.9707,
147.3985,
519.2874,
273.4649,
32.04025,
239.2459,
50.34068,
91.84324,
15.98075,
53.66919,
71.42475,
216.9403,
760.492,
45.44616,
617.9976,
277.3258,
153.6378,
66.79358,
17.80101,
380.8312,
173.8047,
0,
4758.089,
2073, 
27.92869,
182.7816,
75.33833,
51.9921,
99.4981,
116.1759,
147.8291,
529.3158,
277.8973,
32.09572,
240.1594,
50.1423,
92.62969,
15.95538,
53.82022,
71.36059,
216.8771,
760.2649,
45.40455,
605.6238,
277.4976,
153.8691,
66.85773,
17.87743,
383.974,
176.7524,
0,
4769.919,
2074, 
28.0928,
183.6341,
75.44885,
52.14429,
99.3142,
116.356,
148.262,
539.1054,
282.1786,
32.13997,
241.0197,
49.94281,
93.47104,
15.9267,
53.97137,
71.29257,
216.8575,
759.9188,
45.42078,
593.9687,
277.6752,
154.0612,
66.90527,
17.95093,
387.0022,
179.6092,
0,
4781.67,
2075, 
28.25142,
184.4498,
75.55282,
52.28173,
99.11066,
116.5129,
148.6969,
548.6798,
286.3229,
32.17519,
241.8312,
49.74229,
94.36304,
15.89497,
54.12254,
71.2209,
216.8778,
759.4638,
45.45547,
582.9647,
277.8579,
154.217,
66.93771,
18.02184,
389.9257,
182.3839,
0,
4793.315,
2076, 
28.39352,
185.1346,
75.61356,
52.37841,
98.83752,
116.579,
149.0688,
558.3793,
290.4102,
32.1857,
242.591,
49.55307,
95.3017,
15.86374,
54.2516,
71.14726,
216.7763,
758.347,
45.39985,
572.61,
277.934,
154.2478,
66.9831,
18.08011,
392.5107,
185.1139,
0,
4803.692,
2077, 
28.53025,
185.7881,
75.66843,
52.46199,
98.54737,
116.6248,
149.4406,
567.8151,
294.3396,
32.18844,
243.3065,
49.36271,
96.29825,
15.82991,
54.38002,
71.07029,
216.7075,
757.1221,
45.28125,
562.7884,
278.0078,
154.2476,
67.01323,
18.13633,
394.9904,
187.7465,
0,
4813.693,
2078, 
28.6621,
186.4128,
75.71783,
52.53352,
98.24151,
116.6516,
149.8123,
577.014,
298.1263,
32.18399,
243.9818,
49.17128,
97.35551,
15.79366,
54.50774,
70.99014,
216.6685,
755.7975,
45.1228,
553.448,
278.079,
154.2188,
67.02956,
18.19076,
397.374,
190.2914,
0,
4823.376,
2079, 
28.78952,
187.0111,
75.76214,
52.59395,
97.92115,
116.6609,
150.1838,
585.9996,
301.7839,
32.17287,
244.6205,
48.97886,
98.47671,
15.75516,
54.63477,
70.907,
216.6564,
754.3868,
44.92455,
544.5418,
278.1479,
154.1637,
67.03342,
18.2437,
399.6693,
192.7572,
0,
4832.777,
2080, 
28.91291,
187.5853,
75.80167,
52.64417,
97.58739,
116.6541,
150.555,
594.7922,
305.3242,
32.1556,
245.2257,
48.7855,
99.67619,
15.71458,
54.76102,
70.82096,
216.6687,
752.8958,
44.68797,
536.0267,
278.2143,
154.0845,
67.02596,
18.2954,
401.8839,
195.1515,
0,
4841.931,
2081, 
29.01592,
188.0186,
75.8063,
52.66051,
97.21721,
116.5752,
150.8584,
603.5029,
308.749,
32.125,
245.7466,
48.60959,
100.5912,
15.67588,
54.8675,
70.73808,
216.5867,
750.9302,
44.4672,
527.9523,
278.1596,
153.9062,
67.03658,
18.33322,
403.7913,
197.4273,
0,
4849.349,
2082, 
29.11492,
188.4314,
75.80666,
52.66779,
96.83551,
116.4822,
151.1601,
611.981,
312.0425,
32.08944,
246.2367,
48.43264,
100.9506,
15.63537,
54.97264,
70.65243,
216.524,
748.895,
44.31845,
520.1951,
278.0968,
153.7073,
67.03554,
18.37004,
405.6189,
199.6197,
0,
4855.873,
2083, 
29.20965,
188.8256,
75.80282,
52.66672,
96.44312,
116.376,
151.4599,
620.2493,
315.2173,
32.04909,
246.6958,
48.25448,
101.2923,
15.59316,
55.07648,
70.56416,
216.4784,
746.7938,
44.29319,
512.723,
278.0209,
153.4892,
67.02151,
18.40595,
407.372,
201.7368,
0,
4862.111,
2084, 
29.30019,
189.2028,
75.79496,
52.65797,
96.04086,
116.2576,
151.758,
628.3285,
318.284,
32.00203,
247.1252,
48.07505,
101.6152,
15.54938,
55.17904,
70.47339,
216.4478,
744.6309,
44.42783,
505.5072,
277.9302,
153.2535,
66.99448,
18.44101,
409.0561,
203.7858,
0,
4868.119,
2085, 
29.387,
189.5644,
75.78342,
52.64212,
95.62945,
116.1279,
152.0543,
636.2359,
321.2523,
31.94071,
247.528,
47.8945,
101.922,
15.50412,
55.28031,
70.38023,
216.4309,
742.4101,
44.77745,
498.5212,
277.8264,
153.0014,
66.95604,
18.4753,
410.677,
205.7729,
0,
4873.975,
2086, 
29.45228,
189.8035,
75.74237,
52.59986,
95.20122,
115.9428,
152.288,
643.8876,
324.0797,
31.86776,
247.8267,
47.73272,
102.1908,
15.46142,
55.36383,
70.28927,
216.3409,
739.8984,
45.40847,
492.0224,
277.6179,
152.6604,
66.92229,
18.49575,
412.0571,
207.6139,
0,
4878.768,
2087, 
29.51412,
190.0295,
75.69808,
52.55126,
94.76511,
115.7477,
152.519,
651.3348,
326.7992,
31.79041,
248.1016,
47.56985,
102.4433,
15.4174,
55.44561,
70.19589,
216.2613,
737.337,
46.39083,
485.7077,
277.3948,
152.3055,
66.87783,
18.51552,
413.3754,
209.3842,
0,
4883.473,
2088, 
29.57354,
190.2435,
75.65099,
52.49681,
94.3217,
115.5434,
152.7471,
658.5973,
329.4203,
31.70908,
248.3584,
47.40627,
102.687,
15.37214,
55.52571,
70.10024,
216.1913,
734.7288,
46.37373,
479.5582,
277.1642,
151.938,
66.82637,
18.53468,
414.6381,
211.0906,
0,
4886.797,
2089, 
29.63231,
190.4465,
75.60178,
52.43695,
93.87148,
115.3304,
152.9727,
665.6922,
331.9518,
31.62421,
248.606,
47.24266,
102.9362,
15.32573,
55.6042,
70.00239,
216.1306,
732.0779,
46.2815,
473.5566,
276.9395,
151.5592,
66.77456,
18.55326,
415.8528,
212.7389,
0,
4889.742,
2090, 
29.68963,
190.6397,
75.55027,
52.37207,
93.41491,
115.1094,
153.1955,
672.6349,
334.4011,
31.53599,
248.8412,
47.07864,
103.1829,
15.27824,
55.68109,
69.90244,
216.0777,
729.3857,
46.18879,
467.6875,
276.7126,
151.1697,
66.71914,
18.57132,
417.0215,
214.3342,
0,
4892.376,
2091, 
29.72789,
190.7469,
75.47857,
52.28875,
92.96073,
114.8484,
153.3307,
679.1556,
336.673,
31.43713,
248.9711,
46.93015,
103.3864,
15.23142,
55.74158,
69.79546,
215.9476,
726.4981,
46.08512,
462.2884,
276.3979,
150.7029,
66.65272,
18.57808,
417.9791,
215.7963,
0,
4893.63,
2092, 
29.76339,
190.8457,
75.40445,
52.20092,
92.50111,
114.5803,
153.4625,
685.4974,
338.8556,
31.33517,
249.0834,
46.78066,
103.5745,
15.18361,
55.8002,
69.68636,
215.8223,
723.5741,
45.97627,
456.9947,
276.0674,
150.2268,
66.57736,
18.58438,
418.8888,
217.2,
0,
4894.467,
2093, 
29.79639,
190.937,
75.32806,
52.10891,
92.03643,
114.3056,
153.5911,
691.677,
340.9565,
31.23036,
249.1796,
46.63025,
103.7487,
15.13488,
55.85698,
69.57524,
215.7012,
720.6157,
45.86272,
451.7954,
275.7223,
149.742,
66.49397,
18.59026,
419.7542,
218.5508,
0,
4894.921,
2094, 
29.82787,
191.0212,
75.24979,
52.01301,
91.56696,
114.0247,
153.7165,
697.7089,
342.9825,
31.12298,
249.2647,
46.4793,
103.9169,
15.08526,
55.91203,
69.46215,
215.584,
717.6251,
45.74718,
446.6803,
275.3701,
149.2493,
66.40612,
18.59575,
420.5798,
219.8531,
0,
4895.045,
2095, 
29.8574,
191.099,
75.16957,
51.9135,
91.09302,
113.7379,
153.839,
703.6061,
344.9396,
31.01315,
249.3371,
46.3276,
104.0746,
15.03482,
55.96541,
69.34721,
215.4699,
714.6038,
45.62806,
441.6404,
275.0062,
148.7492,
66.31209,
18.60087,
421.3677,
221.1112,
0,
4894.844,
2096, 
29.87154,
191.1086,
75.06441,
51.80439,
90.63291,
113.4274,
153.8638,
708.9823,
346.7067,
30.89435,
249.301,
46.18193,
104.1883,
14.98101,
55.99439,
69.20651,
215.2631,
711.4895,
45.50759,
436.8606,
274.5733,
148.1912,
66.19672,
18.59749,
421.9932,
222.2357,
0,
4893.118,
2097, 
29.88372,
191.1127,
74.95982,
51.69201,
90.16895,
113.1117,
153.8853,
714.2034,
348.3996,
30.77337,
249.2527,
46.03548,
104.2904,
14.92644,
56.02151,
69.064,
215.058,
708.3479,
45.38308,
432.1409,
274.1272,
147.6268,
66.07492,
18.5938,
422.5814,
223.3128,
0,
4891.028,
2098, 
29.89411,
191.112,
74.85661,
51.57658,
89.7014,
112.7911,
153.9034,
719.2834,
350.0243,
30.65035,
249.1933,
45.88831,
104.3819,
14.87115,
56.04683,
68.91968,
214.8542,
705.1809,
45.25485,
427.4749,
273.6688,
147.0565,
65.94875,
18.58981,
423.1349,
224.3465,
0,
4888.604,
2099, 
29.90285,
191.1068,
74.75496,
51.45829,
89.23045,
112.466,
153.9183,
724.2346,
351.5864,
30.52544,
249.1237,
45.74044,
104.4637,
14.81516,
56.07042,
68.77367,
214.6514,
701.9891,
45.12318,
422.8567,
273.1986,
146.4806,
65.81419,
18.58555,
423.6562,
225.3405,
0,
4885.867,
2100, 
29.91009,
191.0975,
74.65508,
51.33733,
88.75629,
112.1365,
153.9302,
729.0674,
353.0904,
30.39876,
249.0448,
45.59193,
104.5365,
14.75853,
56.09234,
68.62602,
214.4492,
698.7742,
44.98833,
418.281,
272.7176,
145.8995,
65.67621,
18.58104,
424.1474,
226.2979,
0,
4882.842];
