real main.em.dem.agr.frt.Pfert[26](t) = [1971, 
337.2942,
4025.761,
158.1379,
128.3196,
634.4146,
215.542,
197.5486,
28.37758,
37.00332,
294.9835,
5403.832,
2186.116,
187.8061,
902.1965,
419.7336,
1537.466,
127.5723,
619.6353,
267.1325,
1471.814,
233.9734,
53.57782,
612.7142,
891.4492,
123.4137,
94.01155,
1972, 
394.8687,
4646.962,
176.5471,
133.4819,
901.1628,
274,
219.099,
32.8825,
45.80979,
358.113,
5690.555,
2325.559,
241.6521,
974.4355,
454.1006,
1663.404,
139.8185,
614.2957,
283.0935,
1686.355,
258.0086,
94.37411,
664.3417,
1214.992,
145.8755,
81.13765,
1973, 
494.0327,
5095.192,
203.6373,
154.9623,
759.8839,
281.0567,
219.5064,
31.39987,
46.88012,
327.1113,
6033.411,
2473.153,
281.5709,
1078.599,
504.142,
1846.378,
186.5903,
610.2851,
310.473,
1946.634,
283.2377,
95.18501,
744.1766,
1242.716,
136.3969,
91.36388,
1974, 
501.4995,
4596.821,
200.6174,
179.9771,
872.9233,
306.7788,
226.4573,
44.11939,
49.32183,
320.8785,
5250.67,
2542.037,
192.5,
1248.409,
582.2859,
2132.714,
200.3159,
470.8088,
343.2806,
1724.638,
315.8773,
134.179,
675.2229,
741.7729,
123.2099,
85.17776,
1975, 
508.7418,
5211.307,
276.8852,
157.9521,
949.6648,
239.4819,
248.7045,
60.20764,
54.25036,
349.3424,
5116.197,
2640.833,
327.1369,
1559.373,
725.863,
2660.803,
232.0994,
532.9793,
346.3063,
1839.43,
320.7856,
125.1572,
623.3548,
822.2684,
189.8483,
85.35186,
1976, 
502.6847,
5589.857,
233.8844,
173.4112,
1232.898,
295.1325,
274.2043,
79.72771,
47.73584,
364.4785,
5491.693,
2767.875,
525.9589,
1549.759,
723.5706,
2651.157,
218.3512,
671.9835,
266.2535,
1372.018,
301.6592,
113.041,
701.1204,
1048.329,
218.1547,
91.92513,
1977, 
635.4706,
5120.71,
242.7962,
161.3032,
1456.232,
289.6096,
287.918,
68.67866,
44.58458,
343.8681,
5552.982,
2885.895,
597.7221,
1636.913,
764.1759,
2799.201,
239.8116,
792.9743,
336.6452,
1877.979,
351.9533,
108.7642,
743.7243,
1309.43,
296.5528,
90.5414,
1978, 
629.6823,
5634.341,
258.6119,
165.1615,
1426.969,
305.7107,
269.4702,
67.03058,
36.95464,
394.2115,
6074.837,
2987.532,
738.5376,
1755.898,
817.5324,
3000.26,
210.1888,
1081.425,
327.6853,
1385.149,
436.6818,
136.7459,
771.8714,
1123.775,
340.3155,
88.58001,
1979, 
583.9228,
5372.877,
244.7225,
156.9434,
1576.485,
384.5295,
308.3755,
74.59473,
40.12546,
432.2736,
6158.941,
3001.084,
636.7519,
1782.265,
834.3991,
3062.751,
355.148,
1009.103,
336.0274,
2309.901,
381.6447,
152.7222,
827.647,
1196.986,
380.2349,
76.85179,
1980, 
628.0656,
5325.901,
259.8447,
166.5823,
1892.676,
362.4662,
355.502,
93.14872,
62.57642,
451.8369,
5629.374,
2796.125,
501.9984,
1659.492,
776.5726,
2847.554,
420.2798,
1108.069,
305.9984,
3059.361,
352.8272,
276.8003,
687.1909,
1067.042,
400.7425,
106.4587,
1981, 
634.8169,
4692.829,
371.6963,
172.352,
1237.557,
292.191,
362.4916,
100.4848,
87.51493,
544.4446,
5303.213,
3049.95,
507.5064,
1757.828,
821.7617,
3011.985,
406.5132,
1195.979,
300.4623,
3344.902,
351.6012,
324.3786,
701.172,
1070.357,
407.0094,
99.36871,
1982, 
651.5915,
3986.073,
408.0948,
153.8517,
1137.976,
298.2244,
380.1418,
112.7487,
65.54266,
498.9568,
5290.796,
2960.729,
564.6879,
1827.8,
854.5499,
3132.091,
566.334,
1168.892,
243.5633,
3502.486,
342.3869,
433.2423,
718.1871,
989.7767,
457.5902,
86.47178,
1983, 
713.8848,
4668.435,
330.4958,
166.0812,
943.1547,
291.2637,
419.4179,
130.1963,
80.39471,
382.6196,
5377.991,
3161.904,
647.9261,
1927.026,
901.8808,
3310.332,
675.4177,
1341.834,
260.9776,
4079.669,
391.0463,
390.5998,
762.1558,
1001.16,
486.722,
87.78266,
1984, 
733.686,
4395.532,
382.1935,
178.1631,
1479.038,
370.7701,
458.9267,
150.0317,
71.07184,
407.9537,
5228.215,
3208.5,
560.1036,
1986.002,
926.8018,
3402.306,
748.3681,
1769.936,
267.3788,
4098.079,
392.1267,
443.766,
767.2751,
1000.617,
529.9793,
77.90411,
1985, 
664.4147,
3999.501,
413.158,
175.7099,
1234.863,
432.1927,
530.2843,
134.6355,
69.77641,
357.1422,
5112.362,
2955.492,
480.8189,
2280.758,
1062.792,
3902.512,
781.0829,
2003.004,
277.1491,
3019.225,
420.6083,
485.7391,
728.4294,
912.089,
562.0568,
92.2305,
1986, 
645.2513,
3717.17,
418.1631,
192.6629,
1585.348,
518.535,
513.1122,
129.4901,
85.22703,
328.4892,
5139.455,
3008.491,
524.5604,
2493.476,
1166.38,
4280.91,
774.6025,
2156.705,
287.5448,
3039.189,
453.3497,
545.4897,
750.4756,
903.7186,
641.4728,
86.39274,
1987, 
634.3994,
3800.441,
441.4895,
207.9706,
1561.385,
591.7661,
514.2711,
125.0556,
94.59925,
270.7511,
5107.22,
2773.712,
590.8118,
2555.691,
1197.098,
4389.329,
841.2354,
1721.143,
299.2603,
4505.162,
447.0946,
552.47,
763.4067,
1036.196,
633.7762,
97.49365,
1988, 
614.3353,
3768.368,
394.8929,
209.1162,
1453.326,
598.3259,
471.6395,
150.6167,
108.3838,
306.5937,
5020.742,
2775.466,
495.0273,
2563.737,
1193.88,
4385.914,
922.4825,
2496.235,
297.5677,
5176.462,
549.7001,
610.3911,
723.5367,
974.1862,
661.7152,
97.47585,
1989, 
609.4587,
3960.393,
354.2937,
203.1574,
1257.015,
526.646,
409.5343,
146.5682,
113.9102,
280.355,
4931.416,
2694.403,
605.6135,
2445.345,
1139.508,
4190.343,
956.7047,
2897.619,
335.5645,
5283.112,
542.9544,
592.7704,
726.1223,
1009.29,
684.7848,
94.12904,
1990, 
578.1462,
3817.9,
373.7954,
196.8683,
1171.167,
483.1898,
428.9713,
153.1814,
117.6975,
269.0266,
4409.301,
1751.907,
631.1005,
2037.031,
1218.922,
4311.417,
1023.38,
3028.006,
320.612,
5861.262,
697.5624,
584.7468,
688.8571,
721.8252,
695.2906,
90.08483,
1991, 
592.2153,
3827.987,
379.8965,
182.9216,
1253.795,
484.5895,
375.5315,
156.7855,
106.6528,
256.0206,
4074.969,
822.5563,
624.2833,
1717.576,
981.0932,
3542.674,
893.0131,
3226.83,
321.893,
7292.611,
677.299,
581.8288,
695.4224,
826.1265,
693.0183,
94.99941,
1992, 
615.9883,
4012.507,
297.9974,
144.9732,
1341.777,
487.1086,
332.1386,
162.9161,
111.1967,
240.9308,
3664.369,
728.7445,
664.2526,
852.6105,
683.6274,
1548.036,
963.7852,
2767.057,
303.3616,
6927.107,
753.5975,
597.2802,
699.0912,
992.6887,
778.0807,
90.77483,
1993, 
627.8083,
4101.486,
316.9975,
159.4596,
1625.107,
553.0892,
361.963,
187.3464,
105.4219,
298.6988,
3564.395,
647.5486,
794.0219,
510.9799,
533.1478,
900.491,
820.3314,
2592.757,
321.8649,
5545.575,
885.3072,
543.5509,
728.8327,
976.1715,
692.7795,
91.07808,
1994, 
631.795,
4028.664,
375.4973,
146.522,
1873.93,
549.5524,
331.856,
110.8387,
154.6389,
246.5626,
3666.363,
617.191,
448.1947,
212.6869,
206.7111,
263.5943,
845.5098,
2860.93,
239.9708,
7329.104,
925.1899,
521.2349,
704.6373,
1052.16,
652.5692,
70.55603,
1995, 
658.3829,
4155.557,
181.9987,
188.5103,
1511.062,
577.7141,
317.2896,
122.8225,
142.271,
241.5801,
3512.152,
719.4393,
584.7106,
208.0967,
186.1371,
353.0224,
760.9609,
2827.882,
242.5993,
8911.189,
1170.173,
387.1271,
631.8353,
1124.713,
720.4835,
77.45503,
1996, 
703.5324,
4258.722,
308.9983,
187.258,
1644.622,
789.1097,
325.6656,
98.62979,
188.2056,
253.1316,
3723.756,
738.9291,
583.8394,
229.6017,
244.4808,
378.6035,
804.6263,
2907.092,
229.8568,
8116.763,
1221.486,
333.1594,
610.1995,
1178.916,
608.0325,
80.42897,
1997, 
716.9296,
4295.265,
256.9985,
213.5862,
1917.286,
808.5286,
344.7466,
111.6205,
151.5356,
224.6322,
3548.086,
685.0751,
599.153,
201.3289,
166.9995,
332.0921,
771.1412,
3820.455,
243.4553,
9276.677,
1238.092,
281.2404,
592.5049,
1203.451,
740.0126,
89.51683,
1998, 
666.5396,
3983.105,
294.9969,
199.2411,
1920.572,
821.3646,
329.7296,
124.8779,
152.5495,
214.9953,
3488.186,
646.3087,
708.4705,
174.1109,
154.8069,
285.5616,
775.9271,
4013.471,
213.5128,
9460.261,
1238.101,
362.1967,
561.2327,
1242.725,
700.537,
85.49644,
1999, 
667.827,
4049.475,
305.9985,
191.8591,
1831.598,
817.2582,
350.6768,
128.997,
170.2102,
227.142,
3414.031,
595.0228,
646.0142,
91.619,
143.7395,
218.8525,
796.5884,
4678.709,
239.0121,
8913.887,
1271.433,
323.785,
568.4398,
1315.445,
884.524,
87.78456,
2000, 
622.9858,
4018.568,
314.9981,
205.8955,
2000.237,
835.4414,
334.2731,
113.6125,
152.7016,
190.136,
3015.185,
589.0478,
687.4881,
136.9665,
120.5247,
278.1473,
852.2169,
4146.017,
213.3976,
8430.367,
1216.843,
263.9647,
583.0945,
1326.232,
992.8373,
94.84554,
2001, 
624.0541,
4380.242,
390.6207,
224.1623,
2237.212,
918.6956,
345.0267,
115.404,
152.6901,
210.0377,
2934.746,
678.793,
476.1828,
115.3026,
134.4189,
309.8794,
711.1486,
4269.625,
169.3764,
8829.787,
1221.628,
277.8889,
511.5474,
1434.618,
957.6156,
71.86763,
2002, 
650.6039,
4023.151,
336.4128,
119.2788,
2466.864,
698.3826,
366.9969,
118.6083,
173.2592,
270.8005,
2898.311,
685.7479,
480.0588,
110.3821,
159.6765,
329.2274,
711.4722,
3916.29,
227.42,
9712.868,
1120.907,
358.883,
465.6185,
1271.227,
970.4869,
134.2414,
2003, 
685.759,
4453.183,
253.6456,
146.9549,
3162.385,
960.669,
424.8455,
169.1982,
127.537,
202.6103,
2963.335,
681.3212,
555.2482,
82.06862,
112.1264,
305.1308,
713.7665,
4007.712,
133.8172,
10044.39,
1293.403,
335.2356,
554.7428,
1276.967,
940.72,
113.6816,
2004, 
610.2839,
4481.036,
307.6767,
157.1885,
3354,
1120.596,
445.6117,
170.3521,
187.7166,
228.8905,
2844.815,
729.4521,
598.9477,
114.8458,
142.2658,
348.4128,
754.0505,
4498.029,
142.428,
10585.79,
1464.137,
414.1289,
557.6881,
1274.674,
1085.88,
93.08726,
2005, 
654.7133,
4307.268,
418.165,
189.981,
2434.887,
1133.114,
471.2632,
138.284,
137.4274,
157.9608,
2484.337,
803.3582,
611.9817,
151.9795,
90.34917,
354.2448,
838.7124,
5085.993,
166.1247,
10408.92,
1237.105,
441.8127,
545.9789,
1205.011,
1272.366,
92.26392,
2006, 
495.5886,
4281.356,
371.0913,
196.2812,
2809.987,
1227.509,
434.901,
158.6606,
135.455,
198.8856,
2444.718,
766.5195,
619.2791,
249.4661,
92.24429,
399.7339,
1018.224,
5380.238,
103.7661,
10447.63,
1314.948,
500.9834,
528.2922,
1106.326,
1397.085,
105.5657,
2007, 
731.8448,
4221.627,
266.7755,
212.1906,
3648.491,
1514.158,
401.6357,
105.8413,
184.246,
180.4311,
2520.729,
891.8937,
526.2417,
327.1596,
98.54578,
408.9574,
868.3399,
5366.387,
123.9009,
9976.582,
1485.641,
520.2441,
516.7075,
1115.891,
844.912,
72.3901,
2008, 
605.3912,
3350.36,
161.4885,
146.6985,
2956.131,
1307.307,
469.4189,
75.2052,
184.3824,
167.0599,
1351.79,
754.3439,
334.6263,
358.6057,
112.4764,
428.1721,
712.5739,
6227.792,
83.40847,
9131.053,
1455.73,
426.7408,
391.9721,
907.8477,
816.9308,
73.88367,
2009, 
637.4886,
4028.402,
259.2467,
141.6355,
3805.461,
1208.452,
388.9105,
66.22643,
190.7624,
171.5909,
1718.834,
732.4939,
636.9725,
390.0766,
88.94214,
444.7076,
533.5181,
7064.244,
67.23793,
9619.888,
1498.521,
436.5637,
411.1949,
762.9509,
1249.355,
62.70082,
2010, 
749.4678,
4280.116,
281.0609,
176.8557,
4013.159,
1446.772,
524.1846,
96.61457,
222.52,
139.386,
1821.286,
793.1315,
556.8058,
439.1347,
108.1249,
424.6527,
344.9077,
7777.889,
69.04531,
11103.98,
1532.045,
500.3414,
430.7981,
913.8853,
1245.502,
82.56384,
2011, 
874.0302,
4657.75,
266.0886,
221.1798,
4675.222,
1561.838,
549.8615,
111.7415,
232.0497,
149.8469,
1824.071,
778.2378,
498.9576,
439.7141,
100.8219,
450.8228,
286.8656,
7732.176,
67.76796,
11083.18,
1268.969,
657.6998,
455.0319,
985.7878,
1338.635,
98.18778,
2012, 
941.795,
5211.141,
361.4353,
227.7813,
4349.743,
1401.262,
549.6216,
167.8845,
247.8544,
150.6729,
1904.62,
860.7949,
541.9151,
410.0069,
106.2283,
441.5859,
501.1201,
6489.361,
93.37623,
11208.16,
1570.644,
771.2077,
358.4543,
923.8478,
1436.866,
91.86071,
2013, 
999.7598,
5251.489,
337.754,
281.7376,
4780.924,
1449.33,
613.4863,
203.881,
262.6721,
143.878,
1967.501,
878.6394,
633.7513,
416.3167,
109.0313,
456.666,
468.1068,
5518.552,
72.34627,
10062.34,
1927.887,
961.4526,
355.5891,
860.3179,
1580.168,
123.1952,
2014, 
1188.615,
5223.938,
353.5795,
273.7424,
4987.618,
1440.637,
624.9181,
174.3866,
358.9634,
152.1625,
2062.875,
830.8035,
597.3395,
393.8919,
117.9668,
466.6677,
498.3354,
5608.872,
71.83412,
10150.58,
1838.61,
984.1564,
389.2344,
976.733,
1623.66,
165.1818,
2015, 
1166.11,
5058.971,
407.9948,
271.4383,
4532.939,
1307.05,
634.2568,
157.8437,
265.7263,
147.2828,
2034.975,
875.7084,
596.5167,
369.4366,
118.0674,
491.2553,
420.3542,
5825.854,
70.47669,
10130.77,
1873.86,
963.3971,
358.8642,
997.3452,
1673.767,
151.2687,
2016, 
1149.584,
5120.298,
403.2704,
270.2825,
4741.705,
1443.444,
635.5366,
185.5047,
315.1089,
150.6444,
1946.962,
890.7484,
595.9958,
380.0455,
124.1077,
520.6336,
431.888,
6043.127,
70.12408,
10238.9,
1926.879,
1060.1,
370.4798,
993.0944,
1811.154,
151.1112,
2017, 
1182.149,
5081.177,
393.6136,
266.905,
4977.904,
1506.356,
643.9274,
212.3362,
356.8989,
145.8503,
1860.898,
892.0137,
604.521,
392.1034,
128.1616,
554.1628,
464.3704,
6185.063,
70.51064,
10354.97,
1966.869,
1104.628,
381.8633,
954.5903,
1881.382,
150.4936,
2018, 
1212.276,
5084.111,
387.0375,
261.1611,
5200.348,
1548.362,
634.7122,
240.6675,
403.8138,
151.5405,
1772.234,
907.5695,
608.4133,
399.4214,
132.84,
588.416,
489.7222,
6391.213,
70.72961,
10340.09,
1984.446,
1152.632,
381.3019,
908.3196,
1943.086,
153.6379,
2019, 
1221.217,
4851.19,
374.6535,
254.5176,
5493.174,
1599.272,
644.944,
265.2963,
451.2468,
160.6422,
1716.427,
909.2944,
612.7439,
406.132,
135.1568,
609.4656,
515.8571,
6640.285,
71.79121,
10365.52,
2025.231,
1207.425,
384.6804,
858.975,
1985.692,
158.9445,
2020, 
1235.016,
4691.053,
361.5529,
248.4015,
5716.899,
1650.608,
644.8417,
286.2413,
505.8889,
158.9805,
1641.534,
912.2693,
612.5498,
415.7895,
138.4945,
622.4495,
552.9984,
6908.322,
73.22387,
10397.07,
2045.657,
1244.335,
386.1185,
739.5012,
2019.598,
163.4717,
2021, 
1196.053,
4659.686,
353.881,
253.6875,
5731.015,
1661.194,
652.2408,
319.1813,
541.5532,
157.3551,
1573.799,
907.751,
631.7307,
404.8395,
143.2496,
636.2412,
564.1659,
6992.219,
74.1381,
10410.67,
2043.766,
1285.259,
384.8978,
738.5205,
2065.257,
169.4416,
2022, 
1136.851,
4658.077,
346.3026,
258.4771,
5703.799,
1663.275,
658.6395,
350.7278,
576.737,
157.6835,
1500.442,
901.1328,
647.471,
391.6027,
147.3976,
648.8713,
569.0887,
7077.833,
75.04892,
10426.23,
2038.939,
1323.544,
383.6553,
736.7292,
2109.682,
175.7797,
2023, 
1068.047,
4685.125,
338.8303,
262.5677,
5635.032,
1659.611,
664.3048,
380.4335,
646.315,
159.6179,
1422.701,
893.0329,
659.3796,
376.8798,
151.4639,
660.5781,
574.0007,
7162.778,
75.95612,
10441.14,
2032.562,
1359.402,
382.3924,
734.9868,
2152.538,
182.4731,
2024, 
998.4481,
4735.62,
331.5182,
266.619,
5520.063,
1649.942,
669.4388,
408.992,
732.9672,
162.9815,
1343.187,
883.8538,
669.1234,
361.2914,
155.5141,
671.6121,
578.5875,
7246.282,
76.86026,
10456.38,
2023.037,
1391.701,
381.1102,
729.6536,
2193.719,
189.502,
2025, 
1022.572,
4440.05,
318.486,
295.5589,
6611.244,
1879.115,
595.2403,
327.0567,
964.4341,
266.0665,
1624.769,
907.8284,
784.8978,
436.5741,
214.5053,
732.0779,
496.1027,
7574.247,
95.51677,
8683.398,
2171.097,
1207.552,
333.6768,
871.3818,
2155.681,
198.3032,
2026, 
1037.958,
4467.355,
323.0489,
315.6271,
6359.757,
1923.961,
597.8657,
346.5904,
1123.77,
268.555,
1599.084,
907.101,
791.644,
442.0391,
222.7001,
734.7932,
516.0143,
7669.438,
97.02449,
8886.825,
2229.596,
1240.623,
327.813,
861.5969,
2233.566,
225.7379,
2027, 
1048.569,
4474.934,
327.3654,
341.7759,
6131.615,
1968.938,
600.3354,
366.671,
1258.989,
270.8234,
1566.202,
905.7116,
796.938,
447.5184,
231.3297,
737.4423,
538.405,
7764.991,
98.52631,
9093.583,
2286.721,
1276.634,
322.1953,
852.848,
2309.485,
244.3487,
2028, 
1053.666,
4462.853,
331.7188,
372.3672,
5943.704,
2014.705,
602.8286,
386.3787,
1396.908,
272.5645,
1529.342,
903.9278,
801.6902,
453.0222,
237.5323,
739.9271,
558.8518,
7861.879,
100.0306,
9305.615,
2334.864,
1337.352,
316.5133,
848.7379,
2386.504,
263.074,
2029, 
1053.851,
4440.755,
337.4403,
407.1592,
5825.679,
2064.4,
605.5317,
405.9904,
1530.13,
276.0505,
1480.764,
901.8993,
798.1698,
458.6938,
250.5671,
739.4111,
576.5626,
7957.151,
101.5393,
9520.535,
2374.115,
1399.562,
311.0663,
846.2949,
2450.907,
281.9369,
2030, 
1050.454,
4411.246,
343.9783,
444.9541,
5834.52,
2116.646,
608.1178,
431.485,
1661.139,
281.8148,
1430.68,
899.4879,
804.7833,
464.3656,
254.9652,
735.3416,
596.0508,
8049.977,
103.0453,
9737.736,
2406.392,
1462.777,
305.5943,
853.1332,
2512.257,
301.0513,
2031, 
1063.547,
4406.141,
362.3295,
480.0938,
6335.383,
2231.359,
617.2521,
471.367,
1781.986,
293.4158,
1414.007,
900.9587,
814.4272,
478.0269,
257.4875,
752.4681,
613.4509,
8179.112,
105.0521,
9954.414,
2429.256,
1497.232,
302.6963,
891.6705,
2561.52,
324.4336,
2032, 
1083.525,
4400.241,
382.5005,
507.8273,
6830.093,
2351.219,
626.2941,
508.4654,
1896.427,
302.1444,
1397.165,
902.6666,
823.6085,
491.0164,
259.3148,
766.205,
619.7552,
8304.761,
107.0459,
10112.93,
2451.057,
1532.629,
299.8882,
936.3577,
2599.375,
352.4091,
2033, 
1108.45,
4398.155,
405.0511,
530.2811,
7314.851,
2473.144,
635.1057,
543.6074,
1998.759,
310.7142,
1377.601,
904.2766,
833.6729,
503.3603,
256.182,
777.6724,
644.7679,
8426.324,
109.027,
10223.42,
2472.529,
1568.437,
297.0998,
987.3419,
2626.515,
378.2907,
2034, 
1132.81,
4393.068,
426.8968,
548.0468,
7774.58,
2596.633,
644.4379,
577.2162,
2088.783,
316.4061,
1361.649,
905.8416,
841.5315,
514.8844,
234.7775,
789.4711,
673.2871,
8543.648,
110.9944,
10316.3,
2500.598,
1605.175,
294.4817,
1045.497,
2647.862,
395.6671,
2035, 
1150.731,
4403.795,
442.5879,
560.0283,
8221.663,
2726.904,
655.3291,
609.3692,
2185.879,
320.4308,
1348.601,
907.7642,
841.3261,
525.5797,
215.2616,
802.8845,
702.9183,
8656.889,
112.9517,
10402.65,
2527.254,
1642.361,
291.8422,
1116.108,
2666.994,
410.0643,
2036, 
1155.925,
4379.141,
432.5453,
571.4573,
8602.184,
2886.224,
669.7906,
623.5101,
2311.376,
316.6288,
1349.203,
907.8433,
821.7778,
532.199,
199.4945,
817.7418,
721.6821,
8718.623,
113.8191,
10477.61,
2548.252,
1625.26,
288.3289,
1163.284,
2669.64,
422.9251,
2037, 
1144.278,
4343.364,
402.1569,
588.8115,
8926.596,
3044.371,
684.6612,
633.4745,
2454.221,
305.2109,
1342.939,
908.0385,
791.499,
537.623,
189.4844,
832.5028,
729.5414,
8783.526,
114.6974,
10620.45,
2564.264,
1643.36,
284.8138,
1199.355,
2684.445,
434.8458,
2038, 
1122.402,
4272.061,
357.3277,
615.2614,
9266.887,
3165.679,
696.8215,
642.8112,
2601.392,
287.0909,
1351.266,
908.1942,
759.3468,
542.2809,
183.503,
841.2033,
708.821,
8850.722,
115.5789,
10805.29,
2576.464,
1661.513,
281.5049,
1221,
2690.309,
442.2007,
2039, 
1108.15,
4184.958,
321.4227,
638.5805,
9622.967,
3220.696,
694.6278,
652.7133,
2727.052,
271.7065,
1359.509,
908.5153,
735.658,
549.7245,
181.474,
845.2644,
666.0089,
8919.552,
116.4533,
10991.26,
2577.697,
1679.251,
278.1882,
1237.455,
2664.047,
443.9414,
2040, 
1110.119,
4043.772,
300.3392,
641.6728,
9983.49,
3252.725,
688.553,
664.0323,
2858.04,
262.3535,
1368.048,
909.0796,
721.9061,
558.8363,
184.022,
851.4809,
621.7528,
8989.981,
117.3198,
11177.79,
2589.148,
1697.494,
275.0489,
1243.29,
2652.291,
444.9239,
2041, 
1144.74,
3960.099,
300.3812,
641.0551,
10385.25,
3285.573,
680.1646,
674.897,
2988.725,
256.5757,
1365.201,
907.2134,
714.7941,
569.4429,
187.4507,
854.3729,
587.9969,
9040.207,
118.0025,
11338.71,
2596.563,
1762.552,
270.7216,
1261.922,
2661.005,
442.0463,
2042, 
1195.193,
3907.6,
320.1184,
643.6506,
10807.76,
3322.139,
672.4327,
685.7468,
3121.275,
253.1166,
1375.256,
905.7997,
715.8932,
583.17,
190.0573,
859.5507,
570.271,
9096.118,
118.6674,
11461.98,
2606.543,
1787.911,
266.3296,
1263.109,
2669.378,
439.1106,
2043, 
1264.19,
3893.799,
359.4019,
650.1401,
11207.46,
3372.665,
666.8946,
696.3311,
3254.775,
251.3507,
1378.257,
905.1196,
719.7953,
599.2018,
193.3328,
869.5645,
562.0032,
9160.836,
119.3217,
11575.03,
2618.702,
1814.595,
262.0196,
1243.612,
2701.331,
438.1618,
2044, 
1336.495,
3891.202,
400.6868,
656.1939,
11578.55,
3442.736,
670.7999,
704.3781,
3400.227,
250.031,
1383.392,
904.6523,
720.0363,
614.2303,
198.2225,
883.9481,
565.8984,
9234.46,
119.962,
11705.06,
2639.883,
1842.168,
257.6878,
1201.504,
2742.439,
438.848,
2045, 
1405.014,
3929.154,
445.3854,
650.1813,
11943.71,
3526.633,
675.6677,
708.36,
3538.55,
247.1339,
1391.12,
903.9769,
717.9898,
629.2759,
202.6168,
896.9177,
574.9414,
9312.366,
142.0448,
11831.96,
2657.942,
1870.731,
253.4347,
1100.88,
2756.98,
438.4331,
2046, 
1468.291,
3976.017,
484.0559,
641.3099,
12294.39,
3611.224,
682.0457,
684.4713,
3669.391,
244.1364,
1393.788,
902.1674,
711.7097,
645.3875,
206.7998,
909.9164,
597.8487,
9386.725,
160.6925,
11948.32,
2667.004,
1887.578,
186.3364,
993.702,
2777.666,
438.9039,
2047, 
1534.643,
4017.478,
511.1777,
632.2827,
12634.81,
3707.673,
688.4386,
657.8307,
3774.208,
240.6218,
1394.133,
900.073,
706.2487,
660.8486,
210.5997,
921.4212,
620.1917,
9458.802,
173.6853,
12077.96,
2672.452,
1905.315,
180.3286,
880.5068,
2804.172,
439.6383,
2048, 
1600.127,
4050.122,
527.0699,
625.6481,
12956.46,
3812.657,
694.8205,
628.5035,
3852.865,
237.8724,
1394.555,
897.7896,
700.8437,
675.9145,
214.9324,
933.2331,
638.8237,
9528.712,
190.5557,
12241.26,
2676.689,
1924.235,
174.3937,
773.1456,
2813.54,
440.9257,
2049, 
1668.51,
4083.559,
545.5855,
622.6585,
13291.76,
3900.185,
701.8566,
596.8718,
3920.711,
234.8636,
1395.819,
895.4989,
694.8293,
690.5208,
218.9999,
944.9492,
651.5891,
9599.056,
192.2434,
12431.28,
2678.424,
1944.431,
168.6044,
684.894,
2820.309,
443.2309,
2050, 
1740.482,
4119.566,
562.6039,
622.7661,
13611.55,
3990.053,
711.0737,
563.5269,
3991.483,
232.2426,
1396.385,
893.3387,
688.7446,
705.0419,
224.0211,
957.4969,
661.3871,
9674.481,
173.0293,
12692.5,
2683.164,
1967.259,
162.9176,
614.2409,
2827.421,
444.7164,
2051, 
1759.847,
4151.594,
570.6484,
617.2203,
13613.82,
4018.944,
720.0055,
526.012,
4023.369,
230.7919,
1402.09,
890.7824,
692.1474,
712.2581,
229.9946,
968.6703,
669.011,
9726.315,
155.0588,
12757.89,
2671.144,
1972.073,
218.6721,
580.8931,
2853.835,
448.8238,
2052, 
1778.378,
4172.469,
578.0506,
614.8751,
13620.18,
4047.075,
730.818,
491.9915,
4066.097,
232.2402,
1409.629,
888.4662,
696.6208,
719.4686,
238.4441,
981.5471,
676.8154,
9783.175,
139.4489,
12895.93,
2664.755,
1978.926,
218.9329,
566.4008,
2879.637,
452.0123,
2053, 
1797.506,
4188.183,
585.9205,
615.1805,
13653.07,
4074.583,
742.1134,
458.3368,
4116.199,
236.8585,
1417.912,
886.3212,
701.3877,
726.6548,
248.7645,
998.4355,
684.0474,
9842.977,
127.0049,
13079.79,
2662.107,
1986.698,
219.1395,
570.7947,
2905.288,
455.5353,
2054, 
1818.288,
4194.485,
591.9501,
617.5698,
13692.01,
4102.487,
752.0486,
427.6996,
4171.332,
244.4139,
1425.194,
884.2111,
707.3353,
733.7944,
259.9827,
1020.978,
695.7764,
9900.363,
126.5861,
13279.94,
2664.99,
1995.727,
219.3838,
587.7569,
2928.474,
459.2375,
2055, 
1840.838,
4193.503,
594.7203,
622.6678,
13755.08,
4129,
760.6838,
400.3668,
4223.325,
254.6176,
1432.201,
882.1565,
714.4313,
740.6884,
270.0959,
1049.706,
708.6244,
9951.457,
126.4318,
13445.51,
2669.012,
2005.106,
219.6162,
609.7906,
2946.418,
463.3801,
2056, 
1868.35,
4187.677,
596.625,
630.6855,
13862.32,
4163.113,
768.3611,
401.0901,
4271.243,
267.5357,
1437.989,
879.9355,
720.1227,
746.9766,
278.5466,
1083.609,
723.2494,
9990.14,
126.5091,
13524.58,
2677.083,
2015.184,
218.8354,
624.1651,
2958.024,
468.6702,
2057, 
1901.103,
4185.051,
598.3073,
637.8958,
13989.15,
4197.694,
773.9577,
401.8401,
4304.364,
280.3493,
1440.971,
877.5568,
724.0327,
752.6446,
284.5683,
1118.575,
738.9612,
10020.94,
126.3484,
13535.17,
2685.978,
2025.625,
218.0865,
639.046,
2960.063,
473.758,
2058, 
1941.433,
4182.755,
599.5421,
643.8996,
14119.61,
4207.464,
779.0994,
402.6042,
4327.726,
291.1723,
1441.915,
875.12,
727.6805,
757.9482,
288.2188,
1153.06,
756.2552,
10044.28,
126.1869,
13479.02,
2696.257,
2035.474,
217.2842,
648.0834,
2954.815,
478.706,
2059, 
1987.302,
4186.699,
602.7578,
649.4125,
14262.06,
4217.636,
784.9175,
402.9048,
4345.029,
301.0209,
1442.833,
872.647,
731.4558,
763.0212,
290.7512,
1183.85,
771.5178,
10061.87,
126.0224,
13390.11,
2702.675,
2044.846,
216.5177,
653.3497,
2944.294,
483.6485,
2060, 
2036.356,
4196.083,
608.0719,
654.2248,
14412.77,
4228.373,
790.5946,
404.1182,
4354.07,
309.9467,
1443.584,
870.1804,
735.468,
767.9906,
293.0809,
1207.709,
788.4932,
10076.8,
125.8566,
13288.75,
2704.8,
2053.644,
215.704,
657.3141,
2933.21,
488.6715,
2061, 
2078.998,
4212.654,
611.0962,
658.9697,
14565.95,
4252.977,
795.5298,
389.3676,
4357.164,
317.5075,
1440.436,
867.357,
730.4063,
770.9419,
296.0788,
1224.299,
803.7133,
10080.97,
125.6291,
13166.43,
2693.996,
2060.221,
214.3874,
654.6738,
2913.47,
492.9334,
2062, 
2118.153,
4233.878,
617.3776,
663.8396,
14726.56,
4283.669,
801.376,
373.142,
4359.603,
324.1805,
1437.232,
864.6089,
724.5093,
774.0358,
298.5906,
1236.533,
818.5745,
10080.57,
125.2166,
13046.96,
2680.358,
2065.865,
213.0686,
649.2425,
2897.284,
497.2366,
2063, 
2148.194,
4257.996,
625.8699,
669.0366,
14890.11,
4325.595,
807.9971,
355.4075,
4357.92,
330.3392,
1434.053,
861.8915,
719.5292,
777.282,
300.5664,
1246.316,
832.8907,
10074.53,
124.9916,
12928.04,
2662.66,
2070.807,
211.7103,
643.9294,
2884.396,
502.1305,
2064, 
2169.416,
4281.167,
634.5024,
674.0581,
15048.84,
4375.559,
815.1378,
336.9321,
4349.725,
334.8014,
1430.872,
859.1171,
713.5623,
780.6744,
302.8609,
1255.381,
848.8719,
10059.47,
124.9413,
12790.06,
2646.32,
2076.376,
210.3756,
639.6882,
2874.7,
507.2573,
2065, 
2183.501,
4301.326,
643.0735,
678.7527,
15183.98,
4429.936,
822.2158,
316.4283,
4344.158,
337.5031,
1426.906,
856.2147,
706.1796,
784.2512,
305.5287,
1265.9,
862.8491,
10036.67,
124.5347,
12636.48,
2631.416,
2082.15,
209.0089,
635.0762,
2866.918,
512.1513,
2066, 
2190.513,
4315.358,
652.296,
682.6557,
15304,
4477.895,
829.1606,
290.7268,
4334.959,
338.8256,
1422.944,
853.1561,
699.3174,
787.9086,
307.8055,
1276.924,
872.064,
10006.58,
124.5585,
12472.04,
2615.582,
2089.281,
207.4382,
631.2502,
2858.441,
511.9051,
2067, 
2192.338,
4320.111,
657.2881,
685.3637,
15414.98,
4505.866,
835.0207,
257.7744,
4321.413,
339.5109,
1418.707,
849.9338,
692.9146,
791.6677,
310.9477,
1288.811,
880.6185,
9970.901,
124.2246,
12302.26,
2600.327,
2098.306,
205.8625,
628.813,
2845.967,
511.9616,
2068, 
2191.244,
4308.685,
658.4486,
687.0991,
15517.39,
4530.55,
839.4343,
220.477,
4306.437,
340.4041,
1413.504,
846.5598,
685.078,
795.4254,
314.3141,
1301.543,
886.2079,
9933.037,
124.245,
12135.39,
2586.054,
2108.801,
204.2486,
627.3746,
2828.845,
511.6976,
2069, 
2188.751,
4285.258,
656.7631,
688.8472,
15610.57,
4552.582,
842.8707,
183.8371,
4302.16,
342.7634,
1406.869,
843.0903,
675.3751,
799.1031,
317.0475,
1314.737,
887.6054,
9901.005,
124.0838,
11984.33,
2572.99,
2121.064,
202.6559,
626.9755,
2805.299,
511.3099,
2070, 
2185.534,
4248.596,
654.6349,
690.4764,
15713.2,
4571.471,
845.7748,
147.3011,
4303.875,
347.3563,
1399.645,
839.5685,
662.1478,
802.6265,
319.2133,
1328.272,
887.3183,
9873.405,
123.9132,
11854.23,
2560.695,
2133.922,
201.0302,
627.1425,
2775.036,
511.3193,
2071, 
2189.08,
4197.895,
651.0498,
691.3327,
15759.58,
4578.095,
849.3621,
95.58353,
4301.046,
354.108,
1392.286,
833.717,
642.0554,
805.3718,
319.5351,
1340.285,
886.386,
9866.382,
123.6045,
11725.66,
2548.972,
2149.229,
200.1027,
621.5262,
2755.392,
514.4414,
2072, 
2191.899,
4140.003,
649.4898,
692.3696,
15803.2,
4587.42,
853.3795,
44.93634,
4303.361,
362.4146,
1384.407,
827.7054,
621.5766,
807.8207,
318.6665,
1352.359,
884.3684,
9864.975,
123.2877,
11610.3,
2535.668,
2162.684,
199.1687,
613.0111,
2737.331,
518.464,
2073, 
2192.485,
4082.482,
650.334,
693.2385,
15840.72,
4569.387,
858.434,
0,
4311.471,
372.0758,
1376.965,
821.5755,
601.4466,
809.973,
317.5335,
1364.586,
881.6621,
9872.552,
122.973,
11500.02,
2518.597,
2173.41,
198.2012,
603.2295,
2724.164,
523.1189,
2074, 
2191.901,
4025.157,
652.1869,
693.6312,
15877.65,
4538.29,
863.6281,
0,
4323.24,
382.0267,
1370.651,
815.3422,
582.5706,
811.8786,
316.5476,
1376.553,
880.885,
9884.926,
122.6518,
11393.06,
2493.803,
2182.177,
197.2649,
590.7415,
2719.532,
528.7393,
2075, 
2189.705,
3968.526,
651.8105,
693.1833,
15919.86,
4500.691,
869.7147,
0,
4341.624,
391.6649,
1365.921,
809.0043,
567.2114,
813.5604,
315.9883,
1388.473,
882.5631,
9902.658,
122.1035,
11287.4,
2462.264,
2188.892,
196.2881,
576.5375,
2725.339,
535.1209,
2076, 
2186.533,
3912.829,
646.1351,
691.1462,
15970.48,
4463.759,
876.6362,
0,
4369.155,
401.0409,
1363.063,
802.5829,
555.5181,
815.0571,
316.2369,
1400.502,
885.7899,
9930.819,
122.0048,
11180.59,
2424.128,
2194.86,
194.9471,
563.451,
2743.664,
544.7863,
2077, 
2182.316,
3862.088,
637.3973,
690.2242,
16032.93,
4427.623,
884.3173,
0,
4400.68,
410.1546,
1360.577,
796.2534,
545.7228,
816.5231,
317.0053,
1412.699,
887.9299,
9968.278,
121.6738,
11078.3,
2382.924,
2200.895,
193.5737,
553.2256,
2771.458,
555.7227,
2078, 
2179.153,
3821.338,
627.0056,
690.331,
16107.23,
4412.539,
893.4592,
0,
4436.71,
418.9869,
1357.744,
789.9572,
537.733,
818.0022,
318.2713,
1425.047,
890.4608,
10016.13,
121.3432,
10989,
2342.965,
2206.832,
192.2274,
545.4666,
2806.348,
568.6506,
2079, 
2180.038,
3789.534,
620.3535,
691.2798,
16208.75,
4415.658,
904.5366,
0,
4473.676,
428.3109,
1357.914,
784.0099,
533.1675,
819.6607,
319.5591,
1438.035,
892.5296,
10071.43,
121.0092,
10911.52,
2306.993,
2213.198,
190.8794,
541.8148,
2845.586,
583.5563,
2080, 
2187.091,
3767.847,
617.9677,
693.2623,
16331.55,
4426.014,
917.0222,
0,
4507.761,
438.5379,
1360.235,
778.3398,
530.0486,
821.483,
320.8534,
1451.897,
893.9258,
10134.11,
120.6717,
10843.39,
2274.666,
2220.02,
189.4959,
542.6851,
2889.455,
600.28,
2081, 
2192.416,
3761.152,
621.4589,
695.3375,
16458.93,
4441.45,
927.2866,
0,
4535.567,
448.6656,
1364.801,
773.7758,
529.4763,
823.243,
321.7652,
1468.39,
910.7356,
10198.95,
120.6304,
10769.37,
2242.599,
2227.985,
189.1464,
580.6253,
2959.76,
618.7935,
2082, 
2201.595,
3760.997,
629.52,
698.0228,
16603.57,
4465.328,
937.1058,
0,
4562.011,
459.7527,
1371.4,
769.38,
529.2444,
825.0449,
322.3462,
1485.127,
926.7776,
10266.31,
120.354,
10701.1,
2214.546,
2236.107,
188.7733,
591.7515,
3028.764,
636.3447,
2083, 
2216.194,
3761.407,
640.2169,
701.1049,
16769.24,
4493.655,
945.0773,
0,
4584.782,
471.4981,
1380.204,
765.1486,
529.2808,
826.8524,
322.6572,
1501.64,
942.2018,
10330.02,
120.5354,
10628.76,
2188.536,
2244.898,
188.423,
605.0554,
3095.828,
653.3963,
2084, 
2230.182,
3763.401,
651.15,
704.3469,
16931.94,
4521.354,
951.019,
0,
4605.597,
484.2542,
1387.658,
760.7991,
528.5997,
828.4552,
323.1747,
1517.085,
955.768,
10399.17,
120.4888,
10557.16,
2162.467,
2254.458,
188.0717,
618.1514,
3159.338,
669.6216,
2085, 
2244.398,
3766.739,
662.7368,
708.1238,
17089.4,
4554.891,
954.5389,
0,
4628.375,
497.3265,
1394.309,
756.3419,
527.5939,
829.8624,
323.6887,
1531.331,
970.7189,
10470.01,
120.4326,
10486.31,
2139.586,
2263.658,
187.6965,
632.4491,
3215.979,
683.5421,
2086, 
2261.93,
3770.987,
677.1931,
712.499,
17224.24,
4590.548,
954.5921,
0,
4652.021,
511.0896,
1398.778,
751.617,
525.5172,
830.7905,
324.7417,
1543.985,
976.4412,
10533.21,
120.431,
10410.46,
2123.797,
2272.413,
186.9164,
648.655,
3238.666,
693.0157,
2087, 
2281.977,
3775.912,
693.1014,
717.4003,
17346.41,
4626.266,
952.95,
0,
4676.313,
525.3858,
1402.76,
746.8165,
522.4479,
831.5619,
325.7422,
1555.49,
969.1377,
10592.56,
120.2256,
10348.85,
2112.435,
2280.566,
186.1135,
661.576,
3252.771,
704.7859,
2088, 
2300.733,
3784.368,
710.9336,
721.6709,
17459.12,
4659.5,
950.4821,
0,
4707.972,
540.418,
1406.373,
741.9789,
519.5749,
832.2037,
326.9517,
1566.404,
961.9858,
10651.25,
120.4293,
10305.3,
2103.487,
2288.782,
185.3359,
672.1956,
3258.429,
717.4014,
2089, 
2320.088,
3794.455,
728.4838,
725.4591,
17568.97,
4685.822,
947.4984,
0,
4744.653,
555.4086,
1409.255,
736.9917,
514.6169,
832.7567,
327.4754,
1577.078,
951.1356,
10701.15,
120.4323,
10277.13,
2100.391,
2296.098,
184.5571,
683.6489,
3257.691,
730.3364,
2090, 
2336.611,
3806.087,
743.8027,
728.6206,
17675.38,
4705.593,
944.9064,
0,
4779.907,
570.0021,
1411.075,
731.9606,
507.6469,
833.2407,
327.048,
1586.691,
937.1971,
10739.11,
120.4377,
10262.84,
2102.032,
2301.697,
183.7517,
692.5869,
3250.485,
742.8639,
2091, 
2350.019,
3818.736,
754.0332,
731.2092,
17716.4,
4715.983,
943.7014,
0,
4814.453,
582.7842,
1413.544,
729.6727,
503.1817,
833.862,
325.1524,
1599.263,
938.1575,
10774.2,
120.484,
10285.85,
2104.985,
2305.778,
183.4692,
696.4558,
3232.769,
752.3488,
2092, 
2360.596,
3832.089,
760.2531,
732.3039,
17740.29,
4726.489,
943.1898,
0,
4848.412,
593.867,
1415.169,
727.4197,
500.1307,
834.45,
322.9357,
1611.793,
937.8544,
10800.04,
120.3268,
10302.1,
2105.577,
2308.496,
183.1645,
701.4422,
3215.387,
759.025,
2093, 
2366.768,
3842.838,
761.6974,
733.6176,
17758.01,
4736.439,
942.656,
0,
4877.756,
602.9487,
1416.069,
725.0655,
496.8157,
835.0019,
320.2635,
1624.086,
936.3323,
10816.19,
120.3666,
10300.68,
2110.004,
2310.62,
182.8805,
706.3702,
3200.018,
763.4402,
2094, 
2369.608,
3850.51,
758.671,
736.1273,
17767.42,
4746.339,
943.0977,
0,
4914.811,
610.4217,
1416.41,
722.6904,
497.0296,
835.5392,
317.3437,
1635.629,
935.0726,
10822.49,
120.4108,
10264.21,
2115.226,
2312.045,
182.5707,
707.7449,
3186.936,
765.8094,
2095, 
2369.61,
3855.229,
753.0591,
739.402,
17756.68,
4754.477,
942.8696,
0,
4963.177,
616.5613,
1416.222,
720.1934,
500.1199,
836.0334,
313.8796,
1646.879,
934.3463,
10825.93,
120.4488,
10195.94,
2121.157,
2312.402,
182.2827,
707.4824,
3177.705,
768.2075,
2096, 
2367.449,
3850.194,
744.2307,
743.2355,
17804.08,
4763.467,
940.1085,
0,
5011.735,
621.2616,
1415.306,
717.4329,
508.1402,
836.7075,
310.2372,
1657.007,
932.6835,
10827.84,
120.7756,
10095.26,
2130.584,
2312.537,
181.3602,
704.0314,
3178.171,
768.6586,
2097, 
2363.823,
3836.91,
733.5113,
747.3046,
17838.7,
4771.462,
935.5908,
0,
5062.273,
625.3901,
1414.778,
714.5184,
518.2582,
837.4684,
306.5073,
1665.982,
930.7549,
10838.64,
120.9015,
9979.801,
2147.656,
2312.537,
180.4156,
702.989,
3185.958,
771.3276,
2098, 
2361.782,
3818.689,
721.9709,
751.3931,
17866.56,
4778.57,
929.6741,
0,
5108.427,
628.962,
1415.078,
711.5822,
532.9753,
838.3378,
302.5927,
1673.476,
927.9377,
10852.8,
121.0284,
9860.326,
2166.602,
2312.714,
179.4934,
700.9209,
3195.885,
776.4687,
2099, 
2361.084,
3797.619,
707.8015,
754.3293,
17898.98,
4773.86,
921.5748,
0,
5153.536,
632.062,
1416.36,
708.6433,
554.8398,
839.3578,
299.2459,
1680.858,
924.2677,
10871.56,
120.9592,
9754.172,
2187.109,
2312.734,
178.5497,
699.6498,
3207.413,
783.1454,
2100, 
2361.366,
3775.445,
691.8251,
756.434,
17942.96,
4760.981,
912.5806,
0,
5197.624,
634.6661,
1418.556,
705.7465,
585.6091,
840.5439,
297.3174,
1688.609,
919.5975,
10899,
121.0885,
9664.204,
2207.34,
2314.323,
177.6273,
701.2057,
3222.087,
790.6444];
