real main.em.dem.hi.ST.Consumption[28](t) = [1971, 
11.753,
127.663,
4.051,
0.441,
7.386,
8.191999,
2.47,
0.54,
0,
5.532,
140.22,
38.376,
1.976,
44.55631,
6.460629,
64.34706,
4.334,
7.71,
3.847,
26.517,
3.167,
0.612,
57.699,
8.19,
0.6620001,
1.909,
0,
0,
1972, 
12.842,
138.41,
4.684,
0.557,
7.662001,
8.651,
2.896,
0.571,
0,
4.881,
155.769,
40.08,
2.131,
46.38529,
6.72583,
68.13188,
4.868,
9.227,
4.031,
28.022,
4.044,
1.03,
68.888,
8.721,
0.461,
2.327,
0,
0,
1973, 
14.153,
149.595,
5.174,
0.728,
9.513,
9.26,
3.199,
0.71,
0,
5.636,
164.677,
43.049,
2.232,
48.56145,
7.041371,
73.78818,
6.758999,
8.221,
5.906,
31.665,
4.722,
1.442,
87.181,
8.152,
0.554,
3.034,
0,
0,
1974, 
15.458,
144.12,
6.112,
0.925,
12.799,
11.024,
4.221,
0.884,
0,
6.494,
162.34,
46.801,
3.478,
50.30438,
7.294094,
79.95553,
9.101,
8.551,
7.663999,
33.796,
5.197,
1.28,
75.753,
8.843,
0.536,
3.254,
0,
0,
1975, 
13.178,
116.821,
6.211,
1.086,
11.241,
10.182,
4.579,
1.38,
0,
7.506,
135.061,
49.9,
3.078,
52.19725,
7.56856,
81.26519,
11.525,
8.5,
6.498,
34.891,
4.559,
1.446,
64.73601,
7.328,
0.63,
2.692,
0,
0,
1976, 
12.57,
129.953,
5.962,
1.008,
10.715,
9.474,
4.326,
1.327,
0,
6.066,
153.791,
49.914,
3.701,
53.48256,
7.754929,
83.9335,
12.445,
8.202001,
8.445,
32.159,
4.953,
1.382,
60.176,
7.53,
0.599,
2.775,
0,
0,
1977, 
12.828,
133.923,
6.487,
0.9999999,
11.976,
11.054,
4.8,
1.799,
0,
4.871,
138.762,
52.359,
4.72,
54.16585,
7.854004,
84.31016,
11.388,
10.185,
9.162,
38.497,
5.176,
1.744,
58.243,
6.097,
0.752,
3.701,
0,
0,
1978, 
13.524,
146.445,
8.059999,
1,
11.932,
10.553,
5.086,
1.38,
0,
5.111,
133.784,
54.631,
3.501,
55.93167,
8.110047,
89.40928,
13.23,
10.06,
11.688,
50.741,
5.617,
1.964,
61.507,
6.075,
0.7,
3.636,
0,
0,
1979, 
15.525,
140.906,
8.84,
1,
12.76,
11.003,
5.621,
1.025,
0,
6.3,
144.906,
54.927,
3.465,
55.06409,
7.984248,
89.15166,
12.865,
12.05,
10.347,
52.797,
6.26,
2.005,
72.329,
7.645,
0.88,
3.307,
0,
0,
1980, 
13.306,
114.433,
10.317,
1.726,
14.303,
9.579,
6.451999,
1.573,
0.219,
7.197001,
143.617,
54.949,
3.374,
54.63713,
7.922339,
87.77053,
13.648,
10.9,
6.099999,
52.599,
12.922,
3.013,
79.007,
6.883,
1.208,
1.41,
0,
0,
1981, 
14.118,
128.969,
11.369,
1.444,
12.063,
8.534,
7.006001,
1.362,
0.159,
7.264,
129.204,
51.436,
3.316,
54.85356,
7.953722,
88.04172,
13.028,
14,
7.48,
47.791,
12.863,
3.125,
71.136,
7.414,
1.157,
1.453,
0,
0,
1982, 
9.418,
84.29,
8.181,
1.347,
10.612,
8.777,
6.707,
1.462,
0.115,
6.146,
125.621,
50.013,
4.049,
54.34978,
7.880674,
88.11255,
16.839,
13.9,
7.63,
49.047,
14.914,
3.14,
69.504,
6.645,
1.561,
0.887,
0,
0,
1983, 
10.771,
94.484,
6.296,
1.408,
8.58,
7.322,
7.065,
0.859,
0.19,
5.345,
118.828,
49.717,
4.252,
56.32871,
8.167618,
93.08167,
18.61,
11.6,
8.619999,
60.49,
16.741,
2.883,
65.614,
5.562,
1.658,
1.161,
0,
0,
1984, 
13.089,
111.714,
7.331,
1.57,
10.673,
8.336,
6.668,
1.085,
0.2,
6.013,
123.526,
50,
5.271,
56.96361,
8.259678,
94.14571,
16.866,
13.9,
10.62,
69.162,
14.991,
2.666,
74.367,
6.860999,
1.55,
1.459,
0,
0,
1985, 
13.183,
105.593,
7.693,
1.676,
11.995,
7.397,
8.322,
0.728,
0.254,
5.267,
122.11,
49.644,
5.275,
57.11984,
8.282331,
91.75883,
17.274,
14.4,
11.31,
80.823,
14.627,
2.392,
73.377,
6.432,
2.146,
1.492,
0,
0,
1986, 
12.08,
95.286,
6.608,
1.736,
14.528,
8.537001,
10.142,
0.622,
0.173,
5.302001,
125.792,
52.258,
5.381,
59.29305,
8.597445,
93.6535,
11.469,
15.29,
12.19,
87.605,
14.204,
2.847,
69.941,
6.57,
2.145,
1.239,
0,
0,
1987, 
13.013,
101.468,
6.485,
1.654,
14.98,
10.036,
8.271,
0.831,
0.266,
6.042,
123.76,
52.915,
6.724,
59.78686,
8.669047,
94.53309,
11.968,
17.64,
15.05,
84.23101,
15.653,
2.569,
75.751,
6.71,
2.104,
0.978,
0,
0,
1988, 
15.091,
110.698,
6.969,
1.679,
11.72,
10.468,
8.953,
0.568,
0.213,
6.573,
143.386,
49.841,
6.605,
60.21641,
8.731331,
95.67126,
11.303,
19.04,
15.83,
84.698,
16.808,
2.539,
86.871,
7.380001,
2.348,
0.997,
0,
0,
1989, 
13.904,
102.351,
7.256001,
1.697,
12.462,
9.049,
9.002,
0.653,
0.204,
7.644001,
147.491,
47.252,
7.39,
59.13017,
8.573828,
98.615,
11.715,
20.036,
18.3,
87.467,
18.333,
2.334,
93.278,
6.985001,
2.308,
1.038,
0,
0,
1990, 
11.222,
103.052,
8.804,
1.673,
11.048,
7.717,
8.051,
0.9529999,
0.576,
5.525001,
143.477,
36.619,
6.593,
57.0397,
8.27071,
87.26659,
10.897,
21.7,
28.613,
85.655,
15.767,
4.69,
99.032,
6.353,
1.772,
1.072,
0,
0,
1991, 
10.688,
89.6,
10.392,
1.303,
11.245,
9.158,
8.367001,
1.251,
0.356,
5.07,
134.363,
22.688,
7.38,
49.06302,
7.114098,
75.68788,
11.752,
20.3,
31.203,
91.402,
17.248,
4.468,
99.151,
5.933,
2.019,
1.435,
0,
0,
1992, 
11.16,
97.372,
11.314,
1.574,
10.712,
11.131,
8.259,
1.568,
0.294,
4.146,
131.771,
18.881,
7.51,
34.926,
4.838,
59.892,
13.804,
18.54,
27.369,
109.472,
19.684,
4.441,
84.04,
5.842,
1.996,
1.297,
0,
0,
1993, 
12.714,
104.357,
10.095,
1.432,
12.658,
11.151,
8.359,
1.061,
0.268,
4.422,
114.697,
18.831,
10.27,
22.228,
4.157,
40.51,
15.096,
18.85,
30.659,
162.257,
21.807,
5.819,
80.589,
6.652,
2.252,
1.306,
0,
0,
1994, 
15.324,
117.471,
13.223,
1.665,
13.472,
11.543,
9.684,
0.775,
0.348,
4.702,
133.985,
19.766,
6.409999,
10.287,
2.742,
21.104,
14.761,
21.88,
33.871,
148.335,
24.44,
5.268,
79.333,
7.276,
2.396,
1.358,
0,
0,
1995, 
15.047,
112.584,
7.602,
1.617,
14.639,
13.276,
8.948999,
0.801,
0.45,
4.879,
150.106,
23.288,
10.75,
9.500999,
1.472,
22.062,
14.254,
26.08,
37.99,
127.735,
30.819,
7.25,
84.34,
7.259,
2.312,
1.387,
0,
0,
1996, 
14.555,
119.433,
10.588,
1.822,
15.793,
13.529,
8.464,
0.77,
0.386,
4.479,
118.678,
22.516,
10.48,
9.543,
1.417,
20.124,
15.733,
27.1,
40.054,
135.717,
32.886,
7.169,
83.612,
7.097,
2.04,
1.293,
0,
0,
1997, 
17.722,
123.589,
12.473,
2.024,
18.73,
14.629,
9.021999,
1.047,
0.445,
4.964,
147.043,
24.339,
11.69,
7.571001,
0.8770002,
20.364,
16.92,
27.3,
40.568,
144.946,
29.93,
7.268,
86.002,
7.522,
2.209,
1.69,
0,
0,
1998, 
18.2,
135.28,
16.832,
2.896,
16.1,
13.847,
8.712999,
1.069,
0.528,
4.519,
159.561,
23.296,
13.49,
8.660999,
1.032,
18.677,
17.687,
27.1,
26.155,
152.12,
19.405,
3.746,
72.5,
9.235,
2.357,
0.066,
0,
0,
1999, 
18.2,
127.949,
17.623,
3.072,
15.7,
10.701,
8.387,
1.31,
0.432,
4.266,
156.675,
20.911,
11.53,
6.603001,
1.028,
21.769,
18.22,
29.9,
35.555,
165.688,
23.586,
3.659,
71,
7.510999,
2.379,
0.101,
0,
0,
2000, 
19.8,
133.353,
19.8,
3.431,
17.5,
12.463,
9.365,
1.47,
0.465,
4.488,
165.47,
23.917,
13.37,
7.767998,
2.132,
29.643,
20.866,
30.2,
40.354,
168.609,
24.876,
5.471,
79.6,
7.147,
2.575,
0.07499999,
0,
0,
2001, 
16.9,
114.397,
18.79,
2.955,
18.5,
12.439,
10.543,
2.262,
0.637,
4.673,
160.524,
23.89,
14.346,
8.125,
2.191,
32.107,
24.446,
31.2,
40.054,
196.615,
28.007,
5.608,
75.2,
7.074,
2.841,
0.128,
0,
0,
2002, 
17.671,
118.268,
19.673,
2.98,
19.673,
10.3,
11.123,
2.051,
0.768,
5.396,
156.275,
25.936,
14.966,
7.696001,
2.328,
29.692,
26.876,
34.09,
45.754,
235.156,
32.604,
5.422,
73.60001,
8.080999,
3.274,
0.144,
0,
0,
2003, 
17.233,
105.776,
20.608,
2.533,
17.73,
11.033,
11.628,
2.397,
0.924,
4.547,
163.492,
27.561,
16.798,
9.668999,
2.901,
29.602,
32.185,
34.179,
47.854,
287.261,
31.79,
5.064,
76.4,
8.231,
3.673,
0.175,
0,
0,
2004, 
19.314,
123.835,
22.298,
2.632,
20.351,
14.313,
11.452,
2.024,
1.216,
5.471,
164.963,
31.184,
18.563,
9.516998,
3.375,
32.214,
32.804,
39.22,
49.454,
328.205,
35.856,
6.404,
80.5,
8.815,
3.869,
0.181,
0,
0,
2005, 
18.014,
113.325,
22.403,
2.708,
18.68,
15.034,
14.699,
2.696,
1.129,
5.175001,
157.008,
31.202,
20.582,
9.334999,
3.722,
35.625,
36.528,
44.33,
49.354,
390.036,
37.478,
8.051,
83,
8.753,
4.577,
0.217,
0,
0,
2006, 
20.132,
128.526,
25.476,
2.773,
20.592,
18.067,
15.271,
2.226,
1.182,
6.68,
177.442,
37.644,
24.299,
10.729,
4.054,
42.337,
38.253,
50.67,
52.574,
421.134,
36.843,
6.987,
83.3,
8.697,
4.432,
0.225,
0,
0,
2007, 
18.248,
114.05,
25.111,
2.895,
24.556,
19.758,
16.197,
2.221,
1.18,
6.708,
185.593,
42.199,
28.117,
12.246,
5.018,
47.942,
46.614,
55.02,
57.678,
452.269,
44.376,
8.063,
85.9,
9.459001,
4.46,
0.225,
0,
0,
2008, 
16.799,
102.428,
25.984,
3.297,
26.72,
19.704,
18.892,
3.009,
1.131,
6.779,
171.693,
39.935,
22.862,
11.09,
4.083,
42.241,
47.72,
56.209,
62.266,
488.206,
43.94201,
10.587,
83.2,
9.414,
3.542,
0.295,
0,
0,
2009, 
10.591,
62.393,
17.098,
2.212,
20.64,
15.322,
23.483,
3.2,
1.416,
4.931,
107.207,
25.396,
19.198,
6.704,
4.566,
29.53,
44.001,
64.36,
48.619,
590.89,
41.344,
8.908,
56,
6.656,
4.81,
0.367,
0,
0,
2010, 
15.656,
86.983,
20.034,
2.599,
29.004,
18.668,
19.208,
2.917,
1.314,
5.535,
135.654,
30.871,
25.131,
9.233999,
3.702,
42.67999,
47.723,
69.244,
55.835,
635.339,
47.338,
10.744,
67.39999,
8.636,
5.047,
0.378,
0,
0,
2011, 
15.747,
96.344,
20.869,
2.566,
27.813,
21.212,
16.512,
3.754,
1.729,
5.884,
142.538,
33.688,
28.665,
10.465,
3.96,
48.56501,
53.298,
75.856,
60.094,
692.705,
49.02,
13.148,
69.6,
7.552,
5.238,
0.497,
0,
0,
2012, 
17.305,
102.012,
24.059,
3.21,
27.979,
22.053,
19.798,
3.732,
1.478,
5.998,
127.518,
31.519,
30.286,
10.449,
5.07,
50.105,
53.446,
77.03899,
57.65,
712.188,
55.458,
15.006,
68.8,
7.944999,
5.959,
0.462,
0,
0,
2013, 
16.198,
100.317,
24.164,
3.21,
27.655,
15.398,
18.41,
3.732,
1.478,
6.26,
123.337,
26.058,
29.101,
9.452,
3.958,
48.959,
54.667,
80.67799,
53.297,
776.2819,
53.147,
15.352,
72.168,
6.84,
6.979,
0.462,
0,
0,
2014, 
16.498,
101.517,
24.964,
3.21,
27.355,
15.698,
18.11,
3.732,
1.478,
5.66,
125.437,
27.258,
28.401,
4.152,
4.358,
51.059,
56.767,
86.77799,
58.797,
820.782,
53.547,
17.152,
72.268,
6.74,
7.479,
0.462,
0,
0,
2015, 
16.298,
92.217,
24.264,
3.21,
26.755,
15.198,
17.11,
3.732,
1.478,
6.66,
121.337,
27.758,
25.901,
0,
4.258,
50.65899,
56.167,
89.078,
56.997,
800.182,
52.44701,
17.652,
66.768,
7.04,
7.979,
0.462,
0,
0,
2016, 
16.30986,
92.14507,
24.66393,
3.375576,
24.49314,
14.89189,
17.54509,
3.757801,
0,
6.504445,
121.1479,
28.26904,
26.20714,
0.02036534,
4.460528,
49.97515,
58.92716,
97.15434,
56.49195,
801.024,
54.98691,
18.98831,
66.20532,
7.10527,
8.39559,
0.445406,
0,
0,
2017, 
16.37901,
92.42084,
25.23322,
3.864223,
25.79007,
16.115,
18.88518,
3.936735,
0,
6.897206,
120.8963,
28.65439,
26.8123,
0.4516583,
5.100187,
50.80945,
60.80613,
105.5152,
55.98972,
803.011,
58.01353,
21.17789,
65.65329,
7.176854,
8.865767,
0.5570261,
0,
0,
2018, 
16.44607,
92.68281,
25.79965,
4.358351,
27.08995,
17.35121,
20.27685,
4.139818,
1.40384,
7.292375,
120.6381,
29.02197,
27.4097,
0.8786595,
5.765073,
51.60986,
62.68948,
114.6298,
55.49275,
804.4278,
61.12012,
23.51376,
65.10354,
7.247174,
9.394033,
0.6890777,
0,
0,
2019, 
16.5115,
92.93337,
26.36463,
4.859778,
28.39363,
18.60305,
21.71728,
4.371365,
3.338133,
7.689927,
120.3756,
29.37403,
27.99811,
1.301884,
6.453162,
52.37474,
64.57586,
124.4907,
55.00177,
805.3074,
64.29669,
25.98816,
64.557,
7.316564,
9.985356,
0.8441203,
0,
0,
2020, 
13.90268,
78.2499,
22.83177,
4.368941,
25.52587,
16.72414,
18.24251,
3.671946,
2.804032,
6.459538,
102.0785,
24.90918,
30.79792,
1.184715,
5.872377,
47.92289,
51.98357,
99.34358,
50.49163,
869.732,
60.43889,
24.42887,
51.90383,
7.470212,
9.386235,
0.709061,
0,
0,
2021, 
12.62364,
71.05091,
21.43903,
4.285931,
25.04088,
16.40638,
17.02026,
3.425926,
2.616162,
6.02675,
97.79118,
23.863,
37.54267,
1.14325,
5.666844,
46.24559,
45.06975,
101.8272,
48.26999,
939.3106,
60.31801,
24.38001,
45.93489,
7.813841,
9.367463,
0.6615539,
0,
0,
2022, 
12.65302,
71.0546,
21.76896,
4.703364,
25.55652,
17.37648,
17.3177,
3.542204,
5.386004,
6.119883,
97.55902,
24.12431,
38.024,
1.621408,
5.953241,
46.32473,
45.54525,
112.0461,
47.83495,
936.3666,
63.09419,
26.20601,
45.46178,
7.888138,
9.652759,
0.7476454,
0,
0,
2023, 
12.67768,
71.04541,
22.22449,
5.268556,
26.1503,
18.60671,
17.61967,
3.669655,
8.865159,
6.225157,
97.36414,
24.39149,
38.50067,
2.123545,
6.27487,
46.42532,
46.03445,
123.813,
47.41533,
933.1685,
66.01607,
28.23718,
45.01536,
7.963293,
9.94705,
0.8547025,
0,
0,
2024, 
12.70646,
71.04855,
22.66758,
5.836001,
26.73645,
19.82708,
17.87952,
3.803082,
12.78934,
6.336334,
97.14894,
24.63334,
39.0638,
2.664208,
6.753384,
46.45766,
46.50167,
135.5457,
47.01304,
929.537,
68.98341,
30.2269,
44.57626,
8.035977,
10.25884,
0.9768744,
0,
0,
2025, 
12.74056,
71.17269,
23.13404,
6.441428,
27.73769,
21.11163,
18.16142,
3.942398,
17.17156,
6.583714,
96.96818,
24.89539,
39.60921,
3.223908,
7.214515,
46.61765,
47.00201,
144.5035,
46.62885,
924.4725,
71.86462,
32.40498,
44.19998,
8.117537,
10.58432,
1.115099,
0,
0,
2026, 
12.78887,
71.29536,
23.71013,
7.25225,
28.65055,
22.50734,
19.23926,
4.181169,
24.61556,
6.929115,
96.83591,
25.13219,
40.05019,
3.784449,
7.742608,
46.95802,
48.23658,
152.8415,
46.21886,
918.5264,
74.20007,
34.49751,
43.85126,
8.188396,
11.1968,
1.280397,
0,
0,
2027, 
12.84332,
71.44942,
24.31225,
8.11735,
29.60592,
23.98672,
20.34081,
4.457281,
32.70602,
7.286554,
96.73765,
25.38899,
40.46958,
4.366782,
8.282763,
47.2647,
49.47854,
161.3511,
45.82936,
912.5021,
76.50237,
36.6256,
43.51666,
8.265758,
11.868,
1.46406,
0,
0,
2028, 
12.90424,
71.63644,
24.94176,
9.038854,
30.6056,
25.55321,
21.46409,
4.777923,
41.45422,
7.656316,
96.67451,
25.66675,
40.86653,
4.971081,
8.834257,
47.5375,
50.72764,
170.0056,
45.46054,
906.4034,
78.76553,
38.78299,
43.19631,
8.350049,
12.60282,
1.667398,
0,
0,
2029, 
12.97178,
71.85697,
25.59903,
10.01701,
31.64978,
27.20745,
22.60725,
5.15132,
50.86222,
8.038293,
96.64668,
25.9654,
41.24074,
5.596328,
9.396138,
47.77679,
51.98354,
178.7821,
45.11214,
900.2363,
80.98551,
40.96365,
42.89003,
8.441483,
13.40689,
1.891735,
0,
0,
2030, 
13.04588,
72.11048,
26.28345,
11.05016,
32.73705,
28.9472,
23.76855,
5.586708,
60.92216,
8.43198,
96.65316,
26.28386,
41.59252,
6.240368,
9.967221,
47.98357,
53.24582,
187.6618,
44.78355,
894.0092,
83.16038,
43.16197,
42.59724,
8.540025,
14.28648,
2.138399,
0,
0,
2031, 
13.12242,
72.31965,
26.94648,
12.09676,
33.70589,
30.65258,
24.80581,
6.073552,
71.55247,
8.794012,
96.6846,
26.57184,
41.83302,
6.85407,
10.44167,
48.03814,
54.36604,
195.3988,
44.41329,
885.7174,
84.92234,
45.0074,
42.26649,
8.637392,
15.18729,
2.400092,
0,
0,
2032, 
13.20476,
72.5591,
27.63185,
13.18807,
34.71006,
32.42849,
25.85311,
6.636218,
82.78489,
9.165193,
96.7457,
26.87586,
42.05449,
7.482002,
10.92131,
48.06927,
55.49099,
203.163,
44.06136,
877.4618,
86.63637,
46.85234,
41.94865,
8.741184,
16.16692,
2.685236,
0,
0,
2033, 
13.29229,
72.82567,
28.33647,
14.31782,
35.74439,
34.26574,
26.90961,
7.285225,
94.58552,
9.54412,
96.83308,
27.19253,
42.25871,
8.119741,
11.40484,
48.07917,
56.6201,
210.9535,
43.72612,
869.2513,
88.30653,
48.69428,
41.6423,
8.850762,
17.23209,
2.995023,
0,
0,
2034, 
13.38429,
73.11579,
29.0568,
15.47892,
36.80307,
36.15389,
27.97461,
8.031562,
106.9144,
9.929231,
96.94304,
27.5181,
42.44778,
8.762537,
11.89088,
48.07026,
57.75284,
218.772,
43.40585,
861.0964,
89.9379,
50.53093,
41.34598,
8.965369,
18.38961,
3.330632,
0,
0,
2035, 
13.48001,
73.4256,
29.78905,
16.66376,
37.87992,
38.08168,
29.04745,
8.886503,
119.7269,
10.31887,
97.07164,
27.8487,
42.62396,
9.405523,
12.37801,
48.04509,
58.88865,
226.6218,
43.09875,
853.0078,
91.53621,
52.36031,
41.05819,
9.084165,
19.64618,
3.693225,
0,
0,
2036, 
13.57542,
73.69509,
30.47943,
17.84943,
38.90206,
39.95023,
30.0204,
9.872914,
133.3996,
10.68043,
97.2205,
28.13795,
42.73606,
10.00209,
12.76779,
47.9184,
59.92184,
233.6273,
42.73493,
843.4836,
92.90491,
53.95216,
40.75062,
9.203444,
20.99766,
4.142206,
0,
0,
2037, 
13.67295,
73.97685,
31.17313,
19.04106,
39.9283,
41.83289,
30.9977,
10.99347,
147.4706,
11.04299,
97.37943,
28.42596,
42.8404,
10.59227,
13.15639,
47.78495,
60.95671,
240.6533,
42.3815,
834.0834,
94.25068,
55.53064,
40.44934,
9.32513,
22.45941,
4.62947,
0,
0,
2038, 
13.77183,
74.26708,
31.86654,
20.23145,
40.95287,
43.71892,
31.97909,
12.25951,
161.8878,
11.40501,
97.54477,
28.7093,
42.93922,
11.17195,
13.54274,
47.64694,
61.99275,
247.7066,
42.03683,
824.8145,
95.57944,
57.09485,
40.15302,
9.448367,
24.03657,
5.156573,
0,
0,
2039, 
13.87132,
74.56218,
32.55625,
21.41393,
41.9704,
45.59837,
32.96415,
13.68194,
176.5993,
11.76507,
97.71306,
28.98487,
43.03448,
11.73747,
13.92581,
47.50626,
63.02943,
254.7931,
41.69938,
815.6829,
96.89654,
58.64388,
39.86044,
9.572335,
25.73352,
5.724989,
0,
0,
2040, 
13.97085,
74.85919,
33.23936,
22.58268,
42.97639,
47.46249,
33.95266,
15.27111,
191.5565,
12.12194,
97.88166,
29.25011,
43.12817,
12.28575,
14.30477,
47.36483,
64.06652,
261.9181,
41.36797,
806.6966,
98.20704,
60.17708,
39.57066,
9.696335,
27.55397,
6.336133,
0,
0,
2041, 
14.06487,
75.10371,
33.87826,
23.70571,
43.89016,
49.21511,
34.84438,
17.04894,
206.9123,
12.44255,
98.02139,
29.46303,
43.15823,
12.77529,
14.59379,
47.1268,
64.96475,
268.1329,
40.98088,
796.6815,
99.30243,
61.43196,
39.28186,
9.818121,
29.44079,
7.076084,
0,
0,
2042, 
14.15792,
75.34537,
34.50459,
24.80344,
44.78373,
50.9355,
35.73737,
19.01418,
222.4154,
12.75788,
98.15658,
29.66312,
43.19053,
13.24504,
14.87807,
46.89436,
65.8625,
274.3834,
40.5983,
786.8428,
100.3981,
62.66969,
38.99396,
9.938684,
31.44913,
7.873013,
0,
0,
2043, 
14.24961,
75.58221,
35.1166,
25.87241,
45.65448,
52.61841,
36.63134,
21.17473,
238.0234,
13.06721,
98.28555,
29.84899,
43.22623,
13.69343,
15.15713,
46.66845,
66.75957,
280.6721,
40.21946,
777.182,
101.497,
63.88997,
38.70642,
10.05756,
33.57987,
8.728324,
0,
0,
2044, 
14.33961,
75.81271,
35.713,
26.90994,
46.50043,
54.25978,
37.52597,
23.53739,
253.6976,
13.36998,
98.40697,
30.01966,
43.26623,
14.11935,
15.43065,
46.44979,
67.65578,
286.9998,
39.84375,
767.6993,
102.6012,
65.09248,
38.41885,
10.17435,
35.83314,
9.643229,
0,
0,
2045, 
14.42768,
76.03568,
36.29278,
27.91405,
47.32017,
55.85653,
38.42086,
26.10789,
269.4029,
13.66575,
98.51996,
30.17449,
43.31127,
14.5221,
15.69836,
46.23893,
68.55102,
293.3658,
39.47072,
758.394,
103.7122,
66.2769,
38.13094,
10.28877,
38.20827,
10.61873,
0,
0,
2046, 
14.50791,
76.21033,
36.82582,
28.84706,
48.02967,
57.32426,
39.21452,
28.88183,
285.0019,
13.92576,
98.57775,
30.28926,
43.3017,
14.87392,
15.88252,
45.96896,
69.30851,
298.8488,
39.04933,
748.273,
104.6144,
67.20775,
37.83824,
10.39451,
40.60995,
11.73121,
0,
0,
2047, 
14.58603,
76.37666,
37.34016,
29.74305,
48.71071,
58.74196,
40.00674,
31.87001,
300.5547,
14.17845,
98.6266,
30.38865,
43.29888,
15.20359,
16.06145,
45.70946,
70.06506,
304.3631,
38.63064,
738.3475,
105.5252,
68.12116,
37.54507,
10.49754,
43.12177,
12.91409,
0,
0,
2048, 
14.66195,
76.53426,
37.83569,
30.60178,
49.36323,
60.10912,
40.79715,
35.07444,
316.036,
14.42375,
98.66628,
30.47276,
43.3029,
15.51132,
16.23512,
45.46036,
70.82053,
309.9056,
38.21448,
728.6127,
106.4445,
69.01694,
37.25134,
10.59777,
45.74102,
14.1676,
0,
0,
2049, 
14.73567,
76.68307,
38.31257,
31.4235,
49.98759,
61.42599,
41.5854,
38.49601,
331.4238,
14.6617,
98.69685,
30.54193,
43.31384,
15.79752,
16.4036,
45.22159,
71.57501,
315.4727,
37.8008,
719.0647,
107.372,
69.89489,
36.95712,
10.69514,
48.46453,
15.49168,
0,
0,
2050, 
14.80719,
76.82323,
38.77115,
32.20879,
50.58442,
62.69329,
42.37114,
42.13442,
346.6989,
14.89241,
98.71867,
30.59662,
43.33166,
16.06283,
16.56699,
44.99294,
72.32858,
321.0606,
37.38962,
709.6995,
108.3071,
70.75493,
36.6625,
10.78968,
51.28875,
16.88597,
0,
0,
2051, 
14.87131,
76.94845,
39.17374,
32.92175,
51.0998,
63.83107,
43.07848,
45.97833,
361.5201,
15.09757,
98.69308,
30.62046,
43.30435,
16.30395,
16.6854,
44.76463,
72.99953,
325.8777,
36.94752,
699.7801,
109.0853,
71.42547,
36.37431,
10.87581,
54.11126,
18.39606,
0,
0,
2052, 
14.93343,
77.0658,
39.55834,
33.59906,
51.58799,
64.92037,
43.78182,
50.03175,
376.1801,
15.29582,
98.65969,
30.63139,
43.28399,
16.5261,
16.79923,
44.54596,
73.66936,
330.7049,
36.50843,
690.0482,
109.8698,
72.07948,
36.0858,
10.95923,
57.01831,
19.97788,
0,
0,
2053, 
14.9936,
77.17558,
39.92557,
34.24195,
52.05003,
65.9629,
44.4808,
54.29055,
390.6667,
15.4874,
98.61888,
30.63008,
43.27023,
16.73012,
16.90863,
44.33648,
74.33806,
335.5368,
36.07241,
680.497,
110.6591,
72.71676,
35.79708,
11.04002,
60.00517,
21.62987,
0,
0,
2054, 
15.05202,
77.27872,
40.27641,
34.85201,
52.48745,
66.96097,
45.17534,
58.74998,
404.9727,
15.67265,
98.57177,
30.61744,
43.26297,
16.91702,
17.01389,
44.13605,
75.00608,
340.3706,
35.63974,
671.1245,
111.4527,
73.33766,
35.50851,
11.11835,
63.06733,
23.35034,
0,
0,
2055, 
15.10876,
77.37567,
40.61156,
35.43066,
52.90143,
67.91654,
45.8651,
63.40413,
419.0895,
15.85183,
98.51885,
30.59417,
43.26184,
17.08773,
17.1152,
43.94415,
75.67344,
345.201,
35.21052,
661.9236,
112.2492,
73.94203,
35.22023,
11.19434,
66.19976,
25.13717,
0,
0,
2056, 
15.16262,
77.47163,
40.88353,
35.93953,
53.24348,
68.75082,
46.4818,
68.14838,
432.5145,
16.01287,
98.44209,
30.5533,
43.21856,
17.25068,
17.20277,
43.79956,
76.28031,
349.2819,
34.76814,
652.4465,
112.9007,
74.38086,
34.93603,
11.26484,
69.2858,
26.9882,
0,
0,
2057, 
15.21508,
77.56264,
41.14114,
36.41935,
53.56393,
69.54616,
47.09256,
73.06342,
445.7267,
16.1684,
98.36063,
30.50312,
43.18112,
17.39924,
17.28648,
43.66143,
76.88603,
353.348,
34.32966,
643.1374,
113.5533,
74.80476,
34.65232,
11.33325,
72.4244,
28.89934,
0,
0,
2058, 
15.26627,
77.64938,
41.38525,
36.87174,
53.86417,
70.30484,
47.69722,
78.14133,
458.7238,
16.31872,
98.2752,
30.44439,
43.14918,
17.53433,
17.36656,
43.52943,
77.4908,
357.3953,
33.89523,
633.9913,
114.2059,
75.21385,
34.36932,
11.39974,
75.61056,
30.86772,
0,
0,
2059, 
15.31633,
77.73249,
41.61671,
37.29827,
54.14547,
71.02911,
48.29565,
83.37369,
471.5048,
16.46416,
98.18651,
30.37785,
43.12241,
17.65683,
17.44323,
43.40321,
78.09476,
361.4205,
33.46497,
625.0033,
114.8574,
75.60825,
34.0872,
11.46446,
78.83923,
32.8903,
0,
0,
2060, 
15.36537,
77.81241,
41.83624,
37.70037,
54.40896,
71.72091,
48.88759,
88.75144,
484.0679,
16.60497,
98.09496,
30.30413,
43.10038,
17.76757,
17.51665,
43.28235,
78.69794,
365.4191,
33.03891,
616.1669,
115.5066,
75.98792,
33.80607,
11.52753,
82.10534,
34.96383,
0,
0,
2061, 
15.40727,
77.87468,
42.02163,
38.05217,
54.59354,
72.31034,
49.40391,
94.06945,
495.803,
16.72193,
97.96121,
30.20706,
43.04541,
17.86092,
17.58742,
43.1565,
79.23838,
368.6732,
32.60833,
607.2709,
116.0173,
76.22301,
33.51482,
11.58051,
85.2625,
37.04426,
0,
0,
2062, 
15.44843,
77.93527,
42.19672,
38.38258,
54.76274,
72.87141,
49.91346,
99.5039,
507.3186,
16.83483,
97.82613,
30.10387,
42.99503,
17.94405,
17.65507,
43.03538,
79.77778,
371.8964,
32.18232,
598.5223,
116.5247,
76.44565,
33.22491,
11.63216,
88.44143,
39.16599,
0,
0,
2063, 
15.48898,
77.99475,
42.36227,
38.69297,
54.91767,
73.40608,
50.41621,
105.046,
518.6175,
16.94396,
97.69032,
29.9952,
42.94895,
18.01771,
17.71981,
42.91874,
80.31631,
375.0865,
31.76098,
589.9166,
117.0279,
76.65608,
32.93652,
11.68262,
91.63776,
41.32572,
0,
0,
2064, 
15.52904,
78.0537,
42.51897,
38.98465,
55.05938,
73.9162,
50.91216,
110.6868,
529.7029,
17.04958,
97.55437,
29.88164,
42.90689,
18.08261,
17.78182,
42.80632,
80.85416,
378.2413,
31.34435,
581.4496,
117.5264,
76.85447,
32.64977,
11.73203,
94.84734,
43.5201,
0,
0,
2065, 
15.56872,
78.11259,
42.66747,
39.25886,
55.18885,
74.4035,
51.40129,
116.4176,
540.5785,
17.15193,
97.4188,
29.76371,
42.86863,
18.13939,
17.84129,
42.6979,
81.39152,
381.3593,
30.93252,
573.1171,
118.0194,
77.04106,
32.36477,
11.78052,
98.0661,
45.74579,
0,
0,
2066, 
15.60019,
78.13265,
42.78643,
39.49104,
55.26053,
74.79788,
51.79837,
121.9551,
550.5521,
17.22969,
97.24924,
29.6225,
42.79771,
18.17465,
17.8863,
42.57185,
81.84509,
383.7605,
30.52369,
564.8965,
118.3743,
77.10159,
32.07309,
11.81862,
101.1273,
47.92101,
0,
0,
2067, 
15.63151,
78.15391,
42.89875,
39.7082,
55.32154,
75.17278,
52.18915,
127.5557,
560.3259,
17.30465,
97.08132,
29.47794,
42.73042,
18.20335,
17.92912,
42.44978,
82.29816,
386.1267,
30.11972,
556.8036,
118.7239,
77.15271,
31.78334,
11.85606,
104.1855,
50.11766,
0,
0,
2068, 
15.66271,
78.17655,
43.00484,
39.91126,
55.37251,
75.52941,
52.57352,
133.2115,
569.9033,
17.37696,
96.91519,
29.33034,
42.66643,
18.22597,
17.96985,
42.33137,
82.75066,
388.456,
29.72053,
548.8331,
119.0676,
77.19444,
31.49552,
11.89291,
107.2373,
52.33261,
0,
0,
2069, 
15.69399,
78.20148,
43.10546,
40.10145,
55.41458,
75.86964,
52.95191,
138.916,
579.2933,
17.44693,
96.75183,
29.1803,
42.60584,
18.24309,
18.00874,
42.21669,
83.20331,
390.75,
29.32631,
540.9849,
119.4056,
77.22748,
31.20988,
11.92935,
110.2803,
54.5633,
0,
0,
2070, 
15.72538,
78.22879,
43.20098,
40.27954,
55.44827,
76.19451,
53.32419,
144.6615,
588.4996,
17.51471,
96.59132,
29.02808,
42.54836,
18.25513,
18.04585,
42.10546,
83.656,
393.007,
28.93696,
533.2537,
119.7374,
77.2518,
30.92642,
11.96544,
113.3112,
56.80677,
0,
0,
2071, 
15.74659,
78.21194,
43.27268,
40.41906,
55.44578,
76.43485,
53.61224,
150.0989,
596.7577,
17.56108,
96.40073,
28.85804,
42.45696,
18.24526,
18.06266,
41.96419,
84.02007,
394.5896,
28.55629,
525.6547,
119.94,
77.18778,
30.64273,
11.9903,
116.1308,
58.94711,
0,
0,
2072, 
15.7681,
78.19847,
43.34032,
40.54838,
55.43557,
76.66244,
53.8951,
155.557,
604.8497,
17.60558,
96.21408,
28.68677,
42.3687,
18.2316,
18.07818,
41.82678,
84.38429,
396.1395,
28.18042,
518.167,
120.1369,
77.11681,
30.36136,
12.01504,
118.9314,
61.09206,
0,
0,
2073, 
15.79,
78.18867,
43.40428,
40.66822,
55.41818,
76.87827,
54.17287,
161.0303,
612.7813,
17.64836,
96.03159,
28.51453,
42.28344,
18.21451,
18.09253,
41.69309,
84.74882,
397.6564,
27.80932,
510.7874,
120.3279,
77.03906,
30.08232,
12.03974,
121.7111,
63.23943,
0,
0,
2074, 
15.81235,
78.18282,
43.46493,
40.77932,
55.3942,
77.08334,
54.44569,
166.5138,
620.5586,
17.68958,
95.85357,
28.34156,
42.20105,
18.19429,
18.1058,
41.56297,
85.11385,
399.1406,
27.44295,
503.5131,
120.5131,
76.95478,
29.80567,
12.06448,
124.4682,
65.38715,
0,
0,
2075, 
15.83516,
78.18087,
43.52246,
40.88214,
55.3639,
77.27826,
54.71347,
172.0019,
628.1852,
17.72929,
95.67988,
28.16799,
42.12129,
18.17118,
18.11804,
41.43618,
85.47923,
400.5906,
27.08117,
496.3394,
120.6919,
76.86391,
29.53131,
12.08929,
127.2006,
67.53305,
0,
0,
2076, 
15.84653,
78.1395,
43.5553,
40.95507,
55.29324,
77.4052,
54.91614,
177.1086,
634.8361,
17.74858,
95.48047,
27.98932,
42.01237,
18.13381,
18.1176,
41.28496,
85.77108,
401.4345,
26.73229,
489.2975,
120.7585,
76.71102,
29.26263,
12.10304,
129.6848,
69.55304,
0,
0,
2077, 
15.85855,
78.10298,
43.58592,
41.02132,
55.21743,
77.52404,
55.11497,
182.208,
641.358,
17.76671,
95.28638,
27.81076,
41.90629,
18.0944,
18.11641,
41.13742,
86.06353,
402.2503,
26.38793,
482.3525,
120.8203,
76.55315,
28.9964,
12.11707,
132.1418,
71.56655,
0,
0,
2078, 
15.87129,
78.07149,
43.6146,
41.08141,
55.13687,
77.63547,
55.31011,
187.2968,
647.7567,
17.78378,
95.09779,
27.63247,
41.80297,
18.05318,
18.11455,
40.99346,
86.35674,
403.0383,
26.04804,
475.5017,
120.8773,
76.39053,
28.73262,
12.13141,
134.5704,
73.57222,
0,
0,
2079, 
15.88477,
78.04519,
43.64157,
41.1358,
55.05191,
77.74016,
55.50167,
192.372,
654.0378,
17.7999,
94.91485,
27.45458,
41.70235,
18.01035,
18.11207,
40.85298,
86.65088,
403.799,
25.71255,
468.7425,
120.9295,
76.22334,
28.47129,
12.14614,
136.9701,
75.56882,
0,
0,
2080, 
15.89905,
78.02425,
43.6671,
41.18498,
54.96292,
77.83871,
55.68979,
197.4307,
660.2072,
17.81516,
94.7377,
27.27723,
41.60435,
17.96609,
18.10905,
40.71591,
86.94611,
404.5331,
25.3814,
462.0724,
120.9769,
76.05177,
28.2124,
12.16128,
139.3402,
77.5552,
0,
0,
2081, 
15.89996,
77.96133,
43.66848,
41.20629,
54.84414,
77.87985,
55.82823,
202.0703,
665.4351,
17.81525,
94.53265,
27.10324,
41.48448,
17.91393,
18.0985,
40.5666,
87.17512,
404.7327,
25.06523,
455.5941,
120.9302,
75.83466,
27.95283,
12.16497,
141.4722,
79.39993,
0,
0,
2082, 
15.90172,
77.90398,
43.66877,
41.22326,
54.72182,
77.91589,
55.96384,
206.6862,
670.5665,
17.8147,
94.33344,
26.93006,
41.36713,
17.86074,
18.08748,
40.42048,
87.40492,
404.9085,
24.75309,
449.1981,
120.8797,
75.61404,
27.69547,
12.16915,
143.574,
81.23181,
0,
0,
2083, 
15.90449,
77.85291,
43.66853,
41.23657,
54.59667,
77.94793,
56.09722,
211.2785,
675.6127,
17.81374,
94.14093,
26.75798,
41.25258,
17.8068,
18.0762,
40.27783,
87.63634,
405.064,
24.44511,
442.8857,
120.8265,
75.39071,
27.44055,
12.17395,
145.6466,
83.0508,
0,
0,
2084, 
15.90823,
77.80792,
43.66776,
41.24641,
54.46872,
77.97617,
56.22825,
215.8449,
680.5755,
17.81235,
93.95486,
26.58696,
41.14063,
17.75218,
18.06464,
40.1384,
87.86922,
405.1986,
24.14113,
436.653,
120.7702,
75.16453,
27.18793,
12.17938,
147.6893,
84.85606,
0,
0,
2085, 
15.91297,
77.7691,
43.66664,
41.25311,
54.33822,
78.00101,
56.35707,
220.3842,
685.4603,
17.81059,
93.77528,
26.41708,
41.03122,
17.69698,
18.05284,
40.00216,
88.10367,
405.313,
23.84108,
430.498,
120.7109,
74.93562,
26.93758,
12.18544,
149.702,
86.64709,
0,
0,
2086, 
15.90474,
77.6967,
43.64634,
41.23824,
54.1918,
77.98063,
56.4494,
224.5058,
689.4783,
17.79576,
93.55969,
26.25408,
40.91129,
17.63776,
18.03846,
39.86278,
88.28619,
405.0231,
23.55706,
424.6744,
120.5828,
74.67349,
26.69291,
12.17978,
151.4958,
88.28336,
0,
0,
2087, 
15.89758,
77.63081,
43.62606,
41.22108,
54.04335,
77.95795,
56.54026,
228.5986,
693.435,
17.78077,
93.35085,
26.09241,
40.79399,
17.57827,
18.02396,
39.72646,
88.47031,
404.7175,
23.27675,
418.9231,
120.4531,
74.40967,
26.4504,
12.17483,
153.2605,
89.90434,
0,
0,
2088, 
15.89151,
77.57147,
43.60595,
41.20187,
53.89304,
77.9333,
56.62979,
232.6624,
697.3348,
17.76566,
93.1488,
25.93212,
40.67933,
17.51857,
18.00938,
39.59315,
88.65622,
404.3968,
23.00008,
413.2422,
120.3217,
74.14426,
26.21003,
12.17061,
154.9962,
91.50986,
0,
0,
2089, 
15.88655,
77.51876,
43.58611,
41.18086,
53.74101,
77.90701,
56.71807,
236.6967,
701.1819,
17.75049,
92.95357,
25.77322,
40.56723,
17.45874,
17.99476,
39.4628,
88.84402,
404.0618,
22.72698,
407.6295,
120.1889,
73.8774,
25.97178,
12.16715,
156.7034,
93.09985,
0,
0,
2090, 
15.88264,
77.47237,
43.56647,
41.15807,
53.5872,
77.879,
56.80496,
240.7004,
704.9774,
17.73522,
92.76479,
25.61565,
40.45753,
17.39879,
17.98005,
39.33519,
89.03345,
403.7113,
22.45727,
402.0817,
120.0542,
73.60889,
25.73551,
12.16441,
158.3815,
94.67384,
0,
0,
2091, 
15.86379,
77.39827,
43.53757,
41.11922,
53.42786,
77.81602,
56.85852,
244.3018,
708.0349,
17.70765,
92.54057,
25.46574,
40.3394,
17.3358,
17.9645,
39.2042,
89.17895,
403.0185,
22.20432,
396.9467,
119.8716,
73.31776,
25.50673,
12.15006,
159.8774,
96.09287,
0,
0,
2092, 
15.84608,
77.33104,
43.50942,
41.07947,
53.26731,
77.75257,
56.91153,
247.8757,
711.0593,
17.68019,
92.32335,
25.31733,
40.22395,
17.27296,
17.94906,
39.07608,
89.32669,
402.3158,
21.95467,
391.8732,
119.6889,
73.02612,
25.27996,
12.1365,
161.3471,
97.49669,
0,
0,
2093, 
15.82954,
77.27072,
43.48212,
41.03898,
53.10567,
77.68887,
56.96409,
251.4227,
714.054,
17.65288,
92.11311,
25.17043,
40.11112,
17.21031,
17.93376,
38.95076,
89.47679,
401.6037,
21.70823,
386.8597,
119.5061,
72.73404,
25.05515,
12.12377,
162.791,
98.88548,
0,
0,
2094, 
15.81416,
77.21734,
43.45578,
40.99791,
52.94307,
77.62514,
57.01629,
254.9431,
717.0225,
17.62575,
91.9099,
25.02507,
40.00091,
17.14792,
17.91864,
38.82822,
89.62939,
400.883,
21.46495,
381.9047,
119.3234,
72.44164,
24.83229,
12.11186,
164.2098,
100.2594,
0,
0,
2095, 
15.79997,
77.17091,
43.43044,
40.95641,
52.77959,
77.56155,
57.06823,
258.4373,
719.9683,
17.59883,
91.71369,
24.88124,
39.89329,
17.0858,
17.90372,
38.70844,
89.78458,
400.1541,
21.22475,
377.0064,
119.1409,
72.14896,
24.61133,
12.10079,
165.604,
101.6188,
0,
0,
2096, 
15.77137,
77.09451,
43.39811,
40.90379,
52.6138,
77.46983,
57.09092,
261.552,
722.2263,
17.55972,
91.47164,
24.74218,
39.77595,
17.01835,
17.88605,
38.57552,
89.89098,
399.1831,
20.99121,
372.5085,
118.9192,
71.84174,
24.39703,
12.07954,
166.8299,
102.8278,
0,
0,
2097, 
15.74387,
77.02485,
43.36692,
40.85109,
52.44717,
77.3786,
57.1137,
264.6434,
724.4709,
17.52083,
91.23619,
24.60455,
39.66111,
16.95127,
17.86866,
38.44521,
89.99982,
398.2074,
20.76051,
368.0614,
118.6981,
71.53461,
24.18446,
12.05907,
168.0334,
104.0229,
0,
0,
2098, 
15.71761,
76.96264,
43.33734,
40.79882,
52.2803,
77.28876,
57.13717,
267.715,
726.7119,
17.48236,
91.00822,
24.46859,
39.54913,
16.88474,
17.85172,
38.31787,
90.11205,
397.2312,
20.53278,
363.6675,
118.4789,
71.22828,
23.97379,
12.03952,
169.2163,
105.2055,
0,
0,
2099, 
15.69254,
76.90756,
43.30924,
40.74691,
52.11302,
77.20008,
57.16115,
270.7661,
728.9487,
17.44424,
90.7873,
24.33416,
39.43982,
16.81871,
17.83518,
38.19329,
90.22737,
396.2531,
20.30787,
359.3234,
118.2611,
70.9225,
23.7649,
12.02082,
170.3788,
106.3753,
0,
0,
2100, 
15.66865,
76.85961,
43.28268,
40.69544,
51.94538,
77.11269,
57.18573,
273.7974,
731.1837,
17.40648,
90.57342,
24.20129,
39.33315,
16.75321,
17.81904,
38.07142,
90.34588,
395.2737,
20.08569,
355.0279,
118.0449,
70.61732,
23.55774,
12.00299,
171.5213,
107.5328,
0,
0];
