real main.em.dem.hi.ST.PCC[27](t) = [1971, 
0.5390295,
0.6036989,
0.07541093,
0.009973991,
0.07557634,
0.08216073,
0.03308907,
0.003752397,
0,
0.2355747,
0.3962808,
0.3274654,
0.0553176,
0.7409873,
0.1893447,
0.4486116,
0.06288451,
0.0136165,
0.08069389,
0.03061924,
0.01861222,
0.005078206,
0.5421564,
0.4673857,
0.004062621,
0.03991302,
0,
1972, 
0.5796173,
0.6487219,
0.08442986,
0.01232192,
0.07650983,
0.08489529,
0.0378889,
0.003871344,
0,
0.2021285,
0.4376849,
0.3392814,
0.05824473,
0.7654212,
0.1926675,
0.4720137,
0.06845636,
0.01592477,
0.08272791,
0.03160449,
0.02315992,
0.00832525,
0.6379877,
0.4891194,
0.002767124,
0.04726601,
0,
1973, 
0.6289384,
0.6949019,
0.09032664,
0.01575689,
0.09273376,
0.08894097,
0.04088335,
0.004695146,
0,
0.2269835,
0.4601741,
0.361486,
0.05956447,
0.795268,
0.1973313,
0.5079417,
0.09206565,
0.01386203,
0.1186945,
0.03493094,
0.02636589,
0.01135683,
0.7959337,
0.4500387,
0.003254019,
0.05983867,
0,
1974, 
0.6768544,
0.6634626,
0.1034389,
0.01959746,
0.1218152,
0.1036529,
0.05268347,
0.005699034,
0,
0.2544671,
0.4513469,
0.3898004,
0.09064374,
0.8179042,
0.2000849,
0.546854,
0.1199995,
0.01408615,
0.1510386,
0.03652137,
0.02831566,
0.009825974,
0.6822751,
0.4810946,
0.003078867,
0.06229421,
0,
1975, 
0.5690966,
0.5329158,
0.1020338,
0.02253486,
0.1044586,
0.0937267,
0.0557918,
0.008669267,
0,
0.2863574,
0.373804,
0.4122093,
0.07836647,
0.843047,
0.203292,
0.5522046,
0.1470007,
0.01368095,
0.1257791,
0.03699466,
0.02426226,
0.01082319,
0.5758253,
0.3933863,
0.003534322,
0.05001115,
0,
1976, 
0.5358741,
0.5873715,
0.09520312,
0.02049739,
0.09722084,
0.08538366,
0.05143082,
0.008119238,
0,
0.2254683,
0.4239516,
0.4089301,
0.09208759,
0.8585646,
0.204018,
0.5665861,
0.1534847,
0.01290085,
0.1608449,
0.03351069,
0.02577446,
0.01008995,
0.529299,
0.3993635,
0.00327702,
0.05001983,
0,
1977, 
0.5403082,
0.5996642,
0.1008143,
0.01993501,
0.1061063,
0.09754334,
0.05566186,
0.01071586,
0,
0.1765047,
0.381184,
0.425427,
0.1148195,
0.8646476,
0.2024437,
0.5653202,
0.1357346,
0.01565755,
0.1719627,
0.03948212,
0.02636015,
0.01242501,
0.5071709,
0.3198846,
0.004007311,
0.06471864,
0,
1978, 
0.5631715,
0.6495503,
0.1220491,
0.0195534,
0.1032376,
0.09118322,
0.05750011,
0.008000324,
0,
0.1806135,
0.3663779,
0.4403027,
0.08327783,
0.8881708,
0.2048302,
0.595403,
0.152279,
0.01511641,
0.2163883,
0.05127166,
0.02800658,
0.01365871,
0.5307361,
0.3154042,
0.003631176,
0.06168044,
0,
1979, 
0.6394678,
0.6190786,
0.1305568,
0.01918465,
0.1078222,
0.09309665,
0.06192506,
0.005782303,
0,
0.2171141,
0.3957439,
0.4392719,
0.08059264,
0.8699595,
0.1975908,
0.5895104,
0.142827,
0.01769675,
0.1889794,
0.05258802,
0.03055104,
0.01361473,
0.6188419,
0.3925747,
0.00444404,
0.05441472,
0,
1980, 
0.5422831,
0.498035,
0.1487435,
0.03249186,
0.1180505,
0.07936995,
0.06923117,
0.008634697,
0.001951454,
0.2418347,
0.3912385,
0.4362902,
0.07672366,
0.8588988,
0.1921079,
0.5761943,
0.145971,
0.0156433,
0.1098664,
0.05164679,
0.06168991,
0.0199809,
0.6705339,
0.3493731,
0.005942191,
0.02250455,
0,
1981, 
0.5694808,
0.5560327,
0.1601448,
0.02667603,
0.09725794,
0.06925206,
0.0731873,
0.007274591,
0.001374755,
0.2379065,
0.3511656,
0.4057075,
0.07370855,
0.8580522,
0.1889784,
0.5737486,
0.1340729,
0.0196321,
0.1327701,
0.04626406,
0.06002977,
0.02024265,
0.5990753,
0.3716291,
0.005547086,
0.0224933,
0,
1982, 
0.3761032,
0.3599998,
0.1126813,
0.02442518,
0.08359393,
0.0697595,
0.06819175,
0.007597489,
0.0009648704,
0.1961698,
0.3407069,
0.3921419,
0.08797393,
0.8460953,
0.1834849,
0.5699573,
0.1666353,
0.01904454,
0.1334173,
0.04681446,
0.06800605,
0.01987329,
0.5810594,
0.3285213,
0.007297325,
0.01331952,
0,
1983, 
0.4257817,
0.399763,
0.08485518,
0.02506185,
0.06605996,
0.05700494,
0.06990205,
0.004343144,
0.00154674,
0.1663037,
0.3216183,
0.3876902,
0.09032779,
0.8728262,
0.1863349,
0.5975968,
0.1770644,
0.01552984,
0.1484927,
0.05690627,
0.07456684,
0.01783615,
0.5447948,
0.2710526,
0.007558903,
0.01691409,
0,
1984, 
0.5118489,
0.4682455,
0.09673929,
0.02744036,
0.08036838,
0.06357923,
0.06420614,
0.005337466,
0.001579267,
0.1825218,
0.3336124,
0.3879277,
0.1095523,
0.8787019,
0.1846109,
0.5998108,
0.1543799,
0.01818788,
0.1803362,
0.0640701,
0.06522448,
0.01613313,
0.6135891,
0.3294756,
0.006890635,
0.02063095,
0,
1985, 
0.5095076,
0.4384545,
0.09944288,
0.02876611,
0.08840916,
0.05528153,
0.07800461,
0.003484488,
0.001944661,
0.1561518,
0.3290036,
0.3833188,
0.1073595,
0.87739,
0.1813437,
0.5800765,
0.1522784,
0.01842217,
0.1894917,
0.07364034,
0.06218064,
0.01417003,
0.6019738,
0.3043005,
0.009299584,
0.02048831,
0,
1986, 
0.460928,
0.3919541,
0.08371551,
0.02926303,
0.1048961,
0.06252792,
0.09256437,
0.00289712,
0.001283516,
0.1537257,
0.3380369,
0.4016602,
0.1073452,
0.9071487,
0.1843679,
0.5873534,
0.09748158,
0.01913209,
0.2017344,
0.0783985,
0.05901269,
0.0165237,
0.5708538,
0.3062366,
0.009058277,
0.01653168,
0,
1987, 
0.4897629,
0.4134649,
0.08055601,
0.02738909,
0.1060358,
0.07205629,
0.07353373,
0.00376688,
0.001911853,
0.1715016,
0.3316264,
0.4049824,
0.1315825,
0.9113573,
0.1820731,
0.5881667,
0.09818447,
0.02159666,
0.2462248,
0.07396256,
0.06357452,
0.01461927,
0.6154465,
0.3081091,
0.008657155,
0.01268598,
0,
1988, 
0.5600045,
0.4468205,
0.08490083,
0.02731414,
0.08138775,
0.07369392,
0.07758636,
0.00250547,
0.001483545,
0.1827305,
0.3830173,
0.3800769,
0.1268875,
0.9150317,
0.1797273,
0.5908113,
0.08963805,
0.02281636,
0.256153,
0.0729679,
0.06676465,
0.01417628,
0.7028682,
0.3338611,
0.009411803,
0.012576,
0,
1989, 
0.5088195,
0.4092092,
0.08669264,
0.02712726,
0.08495351,
0.06248403,
0.07611012,
0.002801902,
0.001378332,
0.208051,
0.3926486,
0.3593964,
0.139455,
0.896455,
0.1732017,
0.6051262,
0.08998525,
0.02350898,
0.2928468,
0.07400949,
0.0712667,
0.01279332,
0.7518236,
0.3113439,
0.009011507,
0.01273245,
0,
1990, 
0.4052288,
0.4080686,
0.1031421,
0.02628024,
0.07397289,
0.05228356,
0.06648774,
0.003975919,
0.003780892,
0.1470941,
0.3805716,
0.2781774,
0.1222692,
0.863649,
0.1642872,
0.5329095,
0.08123965,
0.02493872,
0.4526228,
0.07131581,
0.0600284,
0.02524899,
0.7953355,
0.2791668,
0.00673877,
0.01278611,
0,
1991, 
0.3811018,
0.3513987,
0.1193495,
0.02011641,
0.07399146,
0.06090149,
0.06756899,
0.005071882,
0.00227399,
0.1319007,
0.3549844,
0.1723724,
0.1345709,
0.7426701,
0.1392164,
0.4607529,
0.08522179,
0.02285895,
0.4876459,
0.07503475,
0.06436709,
0.02363533,
0.7935889,
0.2570958,
0.007477695,
0.01663884,
0,
1992, 
0.3931792,
0.3782025,
0.1273697,
0.02388757,
0.06930462,
0.07268275,
0.06529163,
0.006175295,
0.001829724,
0.1053354,
0.3466545,
0.1436495,
0.1347109,
0.5290856,
0.09343196,
0.3640165,
0.0975527,
0.0204631,
0.4224263,
0.08876737,
0.07206059,
0.02309388,
0.6704909,
0.2497115,
0.00719972,
0.01461853,
0,
1993, 
0.4428268,
0.4013329,
0.1114238,
0.02136516,
0.08055597,
0.0715289,
0.06475929,
0.004059177,
0.001625799,
0.109727,
0.3004372,
0.1436056,
0.1812758,
0.3373553,
0.0793457,
0.2461402,
0.1041053,
0.02039915,
0.4673129,
0.1301546,
0.07836492,
0.02975999,
0.64103,
0.2806515,
0.007914111,
0.01431139,
0,
1994, 
0.5279405,
0.4470862,
0.1431851,
0.02443176,
0.08435553,
0.07277324,
0.07359558,
0.002881737,
0.002056567,
0.1140736,
0.3495428,
0.1511717,
0.1113543,
0.156623,
0.05179644,
0.1283011,
0.09939265,
0.02322215,
0.5100747,
0.1178404,
0.08625405,
0.0265102,
0.6293123,
0.3031288,
0.008209555,
0.01447622,
0,
1995, 
0.5130242,
0.4237818,
0.08083279,
0.02334411,
0.09019884,
0.08230626,
0.0667776,
0.002897135,
0.002587486,
0.1159238,
0.3901898,
0.1786588,
0.1838047,
0.1453041,
0.02754646,
0.1342779,
0.0937239,
0.02715301,
0.5656556,
0.1005793,
0.1068568,
0.03591741,
0.6673788,
0.2988349,
0.0077312,
0.01439439,
0,
1996, 
0.4913577,
0.4443043,
0.1106524,
0.0258873,
0.09576564,
0.08252712,
0.06207053,
0.002711277,
0.002156569,
0.104408,
0.3075627,
0.1732746,
0.1763627,
0.1468018,
0.02629626,
0.1226744,
0.101006,
0.02768433,
0.5901489,
0.1060042,
0.1120592,
0.03498148,
0.6601608,
0.2888717,
0.006664837,
0.01307394,
0,
1997, 
0.5926496,
0.4541326,
0.1282149,
0.02831363,
0.1117909,
0.0878492,
0.06507595,
0.003591385,
0.002413311,
0.1137045,
0.3800857,
0.1879126,
0.1936328,
0.1172944,
0.0161534,
0.1243922,
0.1060582,
0.02737103,
0.5918966,
0.1123922,
0.1002663,
0.0349455,
0.6776987,
0.3027693,
0.007057869,
0.01665829,
0,
1998, 
0.6030884,
0.4909471,
0.1703282,
0.039903,
0.09461071,
0.08189711,
0.06185266,
0.003573326,
0.00277788,
0.1018435,
0.4114242,
0.1804506,
0.2199576,
0.1352541,
0.01887206,
0.1143688,
0.1082648,
0.02667391,
0.3781591,
0.1171707,
0.0639414,
0.01775296,
0.5702959,
0.3677964,
0.007370162,
0.0006344019,
0,
1999, 
0.5976226,
0.4588156,
0.1757011,
0.04170513,
0.09087805,
0.06235868,
0.05861633,
0.004266934,
0.002205072,
0.09467587,
0.4028391,
0.1625089,
0.1851109,
0.103981,
0.01865766,
0.1336866,
0.1089596,
0.02890176,
0.5097053,
0.1268188,
0.07648827,
0.0170947,
0.5575799,
0.29593,
0.007283091,
0.0009466945,
0,
2000, 
0.6441957,
0.4729014,
0.194652,
0.04591257,
0.0998357,
0.07158078,
0.06444886,
0.004664194,
0.002303816,
0.09814555,
0.4239624,
0.1864786,
0.2114168,
0.1233505,
0.03837363,
0.1826298,
0.1219856,
0.02867857,
0.5739031,
0.1282658,
0.07944635,
0.02519897,
0.6241473,
0.2785594,
0.007719426,
0.0006853758,
0,
2001, 
0.544722,
0.4015931,
0.1823086,
0.03899343,
0.1040782,
0.07043521,
0.07144648,
0.006988858,
0.003064917,
0.1007438,
0.4095355,
0.186864,
0.2234893,
0.1300791,
0.03906709,
0.1985161,
0.1398145,
0.02911866,
0.5653751,
0.1486689,
0.08814329,
0.0254651,
0.5887695,
0.2726957,
0.008340526,
0.001140017,
0,
2002, 
0.5641902,
0.4113483,
0.1885182,
0.03879047,
0.1092028,
0.05751812,
0.07422657,
0.006168885,
0.003589976,
0.114745,
0.3967448,
0.2034898,
0.2297407,
0.1242012,
0.04108211,
0.1842724,
0.1504571,
0.03128077,
0.6413332,
0.1767503,
0.1011749,
0.02427363,
0.5754361,
0.3080471,
0.009414539,
0.001249609,
0,
2003, 
0.5448653,
0.3647021,
0.1950776,
0.03253526,
0.09716026,
0.06077682,
0.07641102,
0.007016259,
0.004197462,
0.09542698,
0.4128513,
0.2168825,
0.2541839,
0.1572374,
0.0506212,
0.1843867,
0.1763301,
0.0308467,
0.6664531,
0.2146362,
0.09732278,
0.02235209,
0.5965581,
0.3101123,
0.01035004,
0.001479102,
0,
2004, 
0.604526,
0.4233024,
0.2084003,
0.03336587,
0.1101614,
0.07779735,
0.07410762,
0.005764016,
0.005369317,
0.1133957,
0.4142426,
0.2461208,
0.2770266,
0.1558656,
0.05818966,
0.2013023,
0.1757147,
0.03482706,
0.6847024,
0.2437938,
0.1083554,
0.0278705,
0.6278566,
0.3279512,
0.01069263,
0.001489234,
0,
2005, 
0.5579163,
0.3839756,
0.2065326,
0.03388982,
0.0999374,
0.08065018,
0.09367194,
0.007468,
0.004846138,
0.1059995,
0.3920584,
0.2469939,
0.3031089,
0.1538601,
0.06336722,
0.2231793,
0.19103,
0.03874597,
0.6796948,
0.2880486,
0.1118559,
0.03454949,
0.6467398,
0.3211757,
0.01241884,
0.001737112,
0,
2006, 
0.6166947,
0.4315371,
0.2314065,
0.03426587,
0.1089455,
0.09567562,
0.09584209,
0.005996008,
0.004932872,
0.1353185,
0.4405903,
0.2988829,
0.3533732,
0.1778209,
0.0681127,
0.2656839,
0.1950142,
0.04360668,
0.7206163,
0.3092378,
0.1086583,
0.02956734,
0.6485872,
0.3143229,
0.01181977,
0.001751464,
0,
2007, 
0.5526347,
0.3794066,
0.2245341,
0.03532901,
0.1285473,
0.1033087,
0.1001094,
0.005816268,
0.004788708,
0.1344639,
0.4582317,
0.3360542,
0.4039973,
0.2039233,
0.08315519,
0.301147,
0.2313935,
0.04663973,
0.7872518,
0.330213,
0.1293848,
0.03364953,
0.6684565,
0.3363798,
0.0117018,
0.00170225,
0,
2008, 
0.5028888,
0.3376228,
0.2286076,
0.03973965,
0.1384607,
0.1017443,
0.1149561,
0.007659705,
0.004464021,
0.134472,
0.4216087,
0.3189671,
0.3245599,
0.1854391,
0.06668845,
0.2654096,
0.2306005,
0.04695246,
0.8465345,
0.3544335,
0.1266932,
0.04357759,
0.6472139,
0.3292875,
0.00914742,
0.002168225,
0,
2009, 
0.3134359,
0.2038441,
0.1480282,
0.02633866,
0.1059026,
0.07814477,
0.1405848,
0.007917989,
0.005436348,
0.09674129,
0.2619482,
0.2034333,
0.2691095,
0.1125285,
0.07345442,
0.1854969,
0.2071435,
0.05300304,
0.6584194,
0.426555,
0.1178705,
0.03616918,
0.4355705,
0.2289882,
0.01222693,
0.00261967,
0,
2010, 
0.4581931,
0.2818203,
0.1707652,
0.03057359,
0.1473811,
0.09405292,
0.1130381,
0.007016033,
0.00490771,
0.1072986,
0.3300191,
0.2479897,
0.3474636,
0.1555855,
0.05861676,
0.2679305,
0.2191883,
0.05625107,
0.7530515,
0.4560508,
0.1334198,
0.04303935,
0.5243014,
0.2924781,
0.01262299,
0.002619887,
0,
2011, 
0.4559194,
0.309731,
0.1752372,
0.0298268,
0.139984,
0.1055849,
0.09543405,
0.008777304,
0.006283137,
0.1125823,
0.3455224,
0.2713601,
0.3904835,
0.1770068,
0.06167072,
0.3045649,
0.239204,
0.06081929,
0.8069883,
0.4944213,
0.1365437,
0.0519731,
0.5416132,
0.2519769,
0.01288361,
0.003344054,
0,
2012, 
0.4958311,
0.3255622,
0.1991177,
0.03687451,
0.1395037,
0.1084672,
0.112301,
0.008483052,
0.005226659,
0.1131741,
0.3082103,
0.2545612,
0.4061419,
0.1774175,
0.07761907,
0.3137917,
0.2346984,
0.06099364,
0.7706601,
0.5054757,
0.1526339,
0.05854538,
0.5357171,
0.2613831,
0.01440938,
0.003017419,
0,
2013, 
0.4594525,
0.3179186,
0.1971992,
0.03644911,
0.1366293,
0.07484749,
0.1024559,
0.008247788,
0.005087044,
0.1164283,
0.2973696,
0.2109977,
0.3839841,
0.1611127,
0.0595591,
0.306143,
0.2351754,
0.06310057,
0.7091611,
0.5479404,
0.144521,
0.05913144,
0.5624371,
0.2220058,
0.01658941,
0.002928796,
0,
2014, 
0.4633619,
0.3195122,
0.2009628,
0.036033,
0.1339533,
0.07543017,
0.09890392,
0.008019908,
0.004952137,
0.103777,
0.3017256,
0.2212733,
0.3686957,
0.07104967,
0.06447508,
0.318794,
0.2394656,
0.06706913,
0.7787476,
0.5762979,
0.1438909,
0.06524476,
0.5638757,
0.2159287,
0.01748083,
0.002842972,
0,
2015, 
0.4533519,
0.2882367,
0.1927382,
0.03563183,
0.1299026,
0.07220776,
0.09174853,
0.007799373,
0.00482184,
0.1204536,
0.2911471,
0.2259044,
0.3309144,
-0.0008246063,
0.06197511,
0.3158804,
0.232512,
0.06804761,
0.7515625,
0.5590444,
0.1393203,
0.06634045,
0.5217269,
0.2226228,
0.01834704,
0.002760071,
0,
2016, 
0.4489096,
0.2857256,
0.1939076,
0.0371215,
0.1180383,
0.07005373,
0.09288917,
0.007662328,
-0.006363567,
0.1166165,
0.2896865,
0.230233,
0.3314102,
0.0003517419,
0.06435478,
0.3117877,
0.2393305,
0.07331856,
0.7434679,
0.5583079,
0.1446113,
0.07075825,
0.5183923,
0.22152,
0.01900353,
0.002598434,
0,
2017, 
0.44612,
0.2843237,
0.1963713,
0.04210386,
0.1233731,
0.07506511,
0.09873272,
0.007836622,
-0.001161966,
0.1225914,
0.2880869,
0.2335435,
0.3356391,
0.007843047,
0.07294521,
0.3171672,
0.2423835,
0.07867549,
0.7354414,
0.5583711,
0.1510652,
0.07825474,
0.5151276,
0.220642,
0.01975926,
0.003175032,
0,
2018, 
0.4433317,
0.2829016,
0.1987634,
0.04705447,
0.128644,
0.08003972,
0.1046981,
0.00804979,
0.004266039,
0.1285066,
0.2864827,
0.2367139,
0.3396873,
0.01534089,
0.08174558,
0.322341,
0.2453425,
0.08446121,
0.7275147,
0.5580384,
0.1575992,
0.08616245,
0.5118673,
0.2197497,
0.02061961,
0.003839605,
0,
2019, 
0.4405568,
0.281467,
0.201097,
0.05199364,
0.1338561,
0.08499019,
0.1107665,
0.008307388,
0.00991749,
0.1343631,
0.2848792,
0.2397624,
0.343545,
0.02285443,
0.09072205,
0.3272985,
0.2482074,
0.09065515,
0.7196968,
0.5573354,
0.1641854,
0.09444295,
0.5086189,
0.2188537,
0.02159064,
0.004600309,
0,
2020, 
0.4248639,
0.2745796,
0.1727372,
0.0320088,
0.1156076,
0.06410332,
0.1000812,
0.007935615,
0.00179822,
0.1041292,
0.2712013,
0.223942,
0.3321483,
0.01259057,
0.08200475,
0.3081353,
0.2302984,
0.07610989,
0.7120749,
0.5527994,
0.1522039,
0.08687364,
0.4921532,
0.2104741,
0.01984664,
0.003496076,
0,
2021, 
0.4248877,
0.2746834,
0.1761903,
0.03698421,
0.1208015,
0.06917451,
0.1021128,
0.007952861,
0.002618454,
0.1041159,
0.2751652,
0.2316484,
0.3357135,
0.01544406,
0.08523399,
0.31667,
0.2307751,
0.08785896,
0.7047386,
0.5518883,
0.1578504,
0.09358008,
0.4902871,
0.2097198,
0.02019292,
0.003631208,
0,
2022, 
0.4217255,
0.2726128,
0.1773336,
0.04026631,
0.1225176,
0.07263936,
0.102792,
0.008040195,
0.005276181,
0.1049463,
0.2736291,
0.2344372,
0.3370501,
0.02201028,
0.08892208,
0.3175973,
0.2294128,
0.09567113,
0.6976447,
0.5496535,
0.163738,
0.09989521,
0.4867734,
0.209014,
0.02051985,
0.004016934,
0,
2023, 
0.4184687,
0.2705243,
0.1794712,
0.04475215,
0.1245846,
0.07712381,
0.1034836,
0.008148545,
0.008503705,
0.1059711,
0.272207,
0.2372892,
0.3383227,
0.02896796,
0.09308213,
0.318674,
0.2281621,
0.1046306,
0.6907904,
0.5472739,
0.1699031,
0.1069005,
0.483524,
0.2083485,
0.02085672,
0.004496986,
0,
2024, 
0.4154088,
0.2685136,
0.1814725,
0.04918735,
0.1265899,
0.08149246,
0.1039159,
0.008265276,
0.01201784,
0.1070808,
0.2707374,
0.2399006,
0.3403266,
0.0365223,
0.09949677,
0.3192843,
0.2268435,
0.1133791,
0.684203,
0.5446447,
0.176083,
0.1136547,
0.4803327,
0.2076357,
0.0212207,
0.005035461,
0,
2025, 
0.4125793,
0.2669866,
0.183625,
0.05387187,
0.1305239,
0.08604999,
0.1044662,
0.008389677,
0.01581341,
0.1104597,
0.2693728,
0.2427147,
0.3421434,
0.04441369,
0.1055701,
0.3207744,
0.2257249,
0.1196534,
0.6778926,
0.5411814,
0.1819444,
0.121021,
0.4778002,
0.2071668,
0.02160295,
0.005633614,
0,
2026, 
0.4105336,
0.2655671,
0.186799,
0.06024875,
0.1341532,
0.09106597,
0.1096738,
0.008710351,
0.02222454,
0.1155474,
0.2682199,
0.2454209,
0.3433884,
0.0523701,
0.112704,
0.3236414,
0.228276,
0.1254109,
0.671878,
0.5380113,
0.186561,
0.1281288,
0.4759211,
0.2065867,
0.02257425,
0.006340584,
0,
2027, 
0.4087183,
0.2642836,
0.1901296,
0.06698909,
0.1379449,
0.09634497,
0.1149227,
0.009093978,
0.02896174,
0.120773,
0.2671674,
0.2483314,
0.3444314,
0.06070125,
0.1199383,
0.3262853,
0.2307883,
0.1312045,
0.6661623,
0.5347917,
0.1910316,
0.1352903,
0.4741807,
0.2061818,
0.0236391,
0.007109271,
0,
2028, 
0.4071386,
0.2631389,
0.1936241,
0.07410319,
0.141905,
0.101895,
0.1202009,
0.009551112,
0.03601638,
0.1261389,
0.2662179,
0.2514569,
0.3452695,
0.06941465,
0.1272609,
0.3287035,
0.2332622,
0.1370119,
0.6607478,
0.5315247,
0.1953443,
0.1424817,
0.4725823,
0.2059569,
0.02480381,
0.007942387,
0,
2029, 
0.405793,
0.2621321,
0.1972818,
0.08158572,
0.1460318,
0.1077128,
0.1254971,
0.0100935,
0.04337259,
0.1316406,
0.2653708,
0.2547975,
0.3459048,
0.07850125,
0.1346568,
0.3308975,
0.2356979,
0.1428142,
0.6556313,
0.5282139,
0.1994924,
0.1496806,
0.4711255,
0.2059112,
0.02607578,
0.008842504,
0,
2030, 
0.4046732,
0.2612587,
0.2010943,
0.0894161,
0.1503164,
0.1137837,
0.1308016,
0.01073391,
0.05100735,
0.1372677,
0.2646226,
0.2583437,
0.3463441,
0.08793581,
0.1421081,
0.3328731,
0.2380949,
0.1485968,
0.6508033,
0.5248639,
0.2034743,
0.1568663,
0.4698057,
0.2060381,
0.02746333,
0.009812023,
0,
2031, 
0.4039087,
0.2603542,
0.2049201,
0.09735629,
0.1541945,
0.1197597,
0.1354738,
0.01144239,
0.05884734,
0.1424596,
0.2640082,
0.2617659,
0.346208,
0.09697379,
0.1482873,
0.3337575,
0.2399288,
0.1534813,
0.6462528,
0.5211141,
0.2066509,
0.1628869,
0.4682892,
0.2062494,
0.02888399,
0.01081424,
0,
2032, 
0.4033329,
0.2595696,
0.2088687,
0.1055691,
0.1582051,
0.1259378,
0.1401301,
0.01226396,
0.06690124,
0.1477483,
0.2634779,
0.2653621,
0.3459171,
0.1062872,
0.1544915,
0.3344816,
0.2417359,
0.1583092,
0.6419576,
0.5173695,
0.209677,
0.1688555,
0.4669023,
0.2066082,
0.03042302,
0.01188476,
0,
2033, 
0.4029231,
0.2588911,
0.2129147,
0.1140001,
0.1623233,
0.1322789,
0.1447662,
0.01321136,
0.07513114,
0.1531099,
0.2630217,
0.2690998,
0.3454887,
0.1158163,
0.1607021,
0.3350599,
0.2435149,
0.1630813,
0.637895,
0.5136354,
0.2125647,
0.1747637,
0.4656311,
0.2070953,
0.03208924,
0.01302519,
0,
2034, 
0.4026543,
0.2583044,
0.2170301,
0.1225898,
0.1665217,
0.1387402,
0.149379,
0.0142972,
0.08349697,
0.1585185,
0.2626291,
0.2729428,
0.3449423,
0.1254958,
0.1668997,
0.3355086,
0.2452647,
0.1677999,
0.6340405,
0.5099181,
0.2153286,
0.180604,
0.4644608,
0.2076891,
0.03389126,
0.01423698,
0,
2035, 
0.4025002,
0.2577939,
0.2211853,
0.1312758,
0.1707714,
0.1452765,
0.1539653,
0.0155337,
0.09195766,
0.1639469,
0.2622889,
0.2768533,
0.3442983,
0.1352575,
0.1730646,
0.3358451,
0.2469838,
0.172469,
0.6303687,
0.5062239,
0.2179842,
0.1863702,
0.4633758,
0.2083673,
0.03583713,
0.01552143,
0,
2036, 
0.4024509,
0.2572652,
0.2252277,
0.1400258,
0.1749324,
0.1516585,
0.1580897,
0.01695148,
0.100819,
0.1690012,
0.2620615,
0.2804628,
0.3434811,
0.1443431,
0.1779703,
0.3352991,
0.2483773,
0.1765693,
0.6268564,
0.5024162,
0.2203319,
0.1914875,
0.4621955,
0.2091098,
0.03794439,
0.01712321,
0,
2037, 
0.4024646,
0.2567851,
0.229256,
0.1487492,
0.1790906,
0.1580317,
0.1621837,
0.01854609,
0.1096973,
0.1740301,
0.2618622,
0.284079,
0.34261,
0.1534004,
0.1828298,
0.3347046,
0.2497453,
0.1806286,
0.6234767,
0.4986543,
0.2226061,
0.1965284,
0.4610749,
0.2098926,
0.04021002,
0.01882908,
0,
2038, 
0.4025176,
0.2563397,
0.2332439,
0.1573904,
0.1832202,
0.1643557,
0.1662465,
0.02032724,
0.1185537,
0.1790101,
0.2616811,
0.2876675,
0.3417034,
0.1623695,
0.1876285,
0.3340768,
0.2510869,
0.1846529,
0.6202065,
0.4949434,
0.2248218,
0.2014902,
0.4599999,
0.2106954,
0.04263881,
0.0206403,
0,
2039, 
0.4025878,
0.2559159,
0.2371672,
0.1658986,
0.1872975,
0.170594,
0.1702766,
0.02230325,
0.1273519,
0.1839193,
0.2615087,
0.2911968,
0.3407776,
0.1711959,
0.1923531,
0.3334292,
0.2524007,
0.1886471,
0.6170241,
0.4912875,
0.226992,
0.2063706,
0.458957,
0.2114996,
0.04523401,
0.02255776,
0,
2040, 
0.4026578,
0.2555034,
0.2410059,
0.1742305,
0.1913029,
0.1767154,
0.1742733,
0.02448102,
0.1360597,
0.1887396,
0.261338,
0.2946408,
0.3398486,
0.179833,
0.1969927,
0.3327748,
0.2536867,
0.1926158,
0.6139126,
0.4876921,
0.2291293,
0.2111678,
0.4579361,
0.2122899,
0.04799757,
0.02458203,
0,
2041, 
0.4026053,
0.2550344,
0.2447563,
0.1823293,
0.1950835,
0.1825526,
0.1778843,
0.0268909,
0.1448575,
0.1931034,
0.2611694,
0.2976154,
0.3387676,
0.1876084,
0.2005559,
0.3314146,
0.2546389,
0.1960265,
0.6108562,
0.4840791,
0.2310221,
0.2152553,
0.4570201,
0.2130686,
0.0508711,
0.02705447,
0,
2042, 
0.4025258,
0.2545605,
0.2483893,
0.1901842,
0.1987634,
0.188227,
0.1814629,
0.02951528,
0.1535079,
0.1973575,
0.2609894,
0.3004767,
0.3377126,
0.1951432,
0.2040392,
0.330091,
0.2555701,
0.1994232,
0.6078402,
0.480537,
0.2329049,
0.2192707,
0.4561048,
0.2138073,
0.05390697,
0.02967091,
0,
2043, 
0.4024089,
0.2540752,
0.2518938,
0.197771,
0.2023314,
0.1937211,
0.1850083,
0.03235621,
0.1619884,
0.2014917,
0.2607936,
0.3032097,
0.336692,
0.2024117,
0.2074368,
0.328811,
0.2564802,
0.202808,
0.6048536,
0.4770678,
0.2347843,
0.2232135,
0.455184,
0.2144972,
0.05710285,
0.0324305,
0,
2044, 
0.4022462,
0.2535735,
0.2552618,
0.2050716,
0.2057792,
0.1990221,
0.1885192,
0.03541395,
0.1702799,
0.2054984,
0.2605786,
0.3058032,
0.3357127,
0.2093947,
0.2107446,
0.3275798,
0.2573692,
0.2061817,
0.6018875,
0.4736728,
0.2366652,
0.2270828,
0.4542526,
0.2151315,
0.06045515,
0.0353317,
0,
2045, 
0.4020319,
0.2530518,
0.2584876,
0.2120738,
0.2091011,
0.2041207,
0.1919943,
0.03868714,
0.178367,
0.2093723,
0.2603423,
0.3082496,
0.3347798,
0.2160792,
0.2139597,
0.3264013,
0.2582372,
0.2095441,
0.5989353,
0.4703527,
0.2385512,
0.2308778,
0.4533072,
0.2157052,
0.06395913,
0.03837231,
0,
2046, 
0.4016225,
0.2524412,
0.2616353,
0.2187223,
0.2121745,
0.2089289,
0.1951503,
0.04217406,
0.1863046,
0.2128123,
0.2600647,
0.310342,
0.3337691,
0.2220156,
0.2162807,
0.3248268,
0.258864,
0.2124769,
0.5959921,
0.4670286,
0.2402284,
0.2341153,
0.4523373,
0.2161575,
0.06752126,
0.0418468,
0,
2047, 
0.4011604,
0.2518089,
0.2646351,
0.225064,
0.2151204,
0.2135297,
0.1982732,
0.04586918,
0.194014,
0.2161233,
0.2597645,
0.3122889,
0.3328157,
0.2276583,
0.2185265,
0.3233233,
0.2594768,
0.2154049,
0.5930561,
0.4637847,
0.2419199,
0.2372919,
0.4513508,
0.2165468,
0.07121759,
0.04548097,
0,
2048, 
0.4006443,
0.2511538,
0.2674871,
0.2310989,
0.2179387,
0.217923,
0.2013615,
0.04976652,
0.2014872,
0.2193051,
0.2594411,
0.3140899,
0.3319201,
0.2330072,
0.2206969,
0.3218904,
0.2600754,
0.218326,
0.5901244,
0.4606196,
0.2436252,
0.2404069,
0.4503466,
0.2168724,
0.075041,
0.04926953,
0,
2049, 
0.4000748,
0.2504761,
0.2701935,
0.2368309,
0.2206311,
0.2221113,
0.2044139,
0.05385883,
0.2087191,
0.2223594,
0.2590949,
0.3157472,
0.3310824,
0.2380661,
0.222793,
0.3205276,
0.2606603,
0.2212379,
0.5871964,
0.4575323,
0.2453436,
0.2434598,
0.4493247,
0.217135,
0.07898381,
0.05320658,
0,
2050, 
0.3994535,
0.2497765,
0.272758,
0.242266,
0.2232004,
0.226099,
0.2074293,
0.05813766,
0.2157066,
0.2252887,
0.2587269,
0.3172644,
0.3303018,
0.2428415,
0.2248164,
0.3192339,
0.2612323,
0.2241379,
0.5842727,
0.4545217,
0.2470738,
0.2464501,
0.4482865,
0.2173364,
0.08303791,
0.05728546,
0,
2051, 
0.3987231,
0.2490373,
0.2752005,
0.2473807,
0.225682,
0.2298268,
0.2102669,
0.06264615,
0.222439,
0.2279685,
0.2583475,
0.3185564,
0.329541,
0.2472435,
0.2264823,
0.3180092,
0.2618036,
0.2267463,
0.5813546,
0.451529,
0.2486706,
0.2490526,
0.4473047,
0.2174645,
0.08714251,
0.06171125,
0,
2052, 
0.3979482,
0.2482795,
0.27751,
0.2522176,
0.228048,
0.2333684,
0.2130684,
0.06732491,
0.2289258,
0.2305343,
0.2579485,
0.3197222,
0.3288355,
0.2513841,
0.2280868,
0.31685,
0.2623629,
0.2293444,
0.5784436,
0.4486129,
0.2502793,
0.2516029,
0.4463076,
0.2175369,
0.09133918,
0.06627724,
0,
2053, 
0.3971312,
0.2475043,
0.2796912,
0.2567867,
0.2303026,
0.2367305,
0.2158322,
0.07216222,
0.2351679,
0.2329902,
0.2575312,
0.3207675,
0.3281824,
0.2552736,
0.229632,
0.3157535,
0.2629104,
0.2319288,
0.5755407,
0.4457708,
0.2518969,
0.2541003,
0.4452963,
0.2175566,
0.09561893,
0.07097369,
0,
2054, 
0.3962778,
0.2467149,
0.2817517,
0.2611007,
0.2324524,
0.2399224,
0.2185583,
0.07714608,
0.2411687,
0.2353419,
0.2570984,
0.3217007,
0.3275807,
0.2589253,
0.2311217,
0.3147186,
0.2634481,
0.2344974,
0.5726508,
0.443003,
0.2535218,
0.2565457,
0.4442751,
0.2175278,
0.09997331,
0.07579087,
0,
2055, 
0.3953911,
0.245913,
0.2836967,
0.265171,
0.2345022,
0.242952,
0.2212453,
0.08226359,
0.2469308,
0.2375941,
0.2566515,
0.3225281,
0.3270273,
0.262351,
0.2325585,
0.3137421,
0.263976,
0.2370468,
0.5697755,
0.4403067,
0.2551509,
0.2589385,
0.4432456,
0.217454,
0.1043932,
0.08071811,
0,
2056, 
0.3945293,
0.2451024,
0.2854971,
0.2689698,
0.2364563,
0.2457578,
0.2238017,
0.08745909,
0.2523971,
0.2396982,
0.2562291,
0.32331,
0.3264679,
0.265626,
0.2340291,
0.3131227,
0.2645995,
0.2393968,
0.5669186,
0.4376655,
0.2566584,
0.2610319,
0.4422743,
0.2173909,
0.1088265,
0.0858209,
0,
2057, 
0.3936409,
0.2442836,
0.287196,
0.272551,
0.2383216,
0.2484204,
0.2263201,
0.09275985,
0.2576366,
0.2417145,
0.2557953,
0.3239987,
0.3259532,
0.2686978,
0.2354506,
0.3125479,
0.2652121,
0.2417277,
0.5640817,
0.435093,
0.2581687,
0.2630817,
0.4412976,
0.2172887,
0.1133069,
0.09101492,
0,
2058, 
0.39273,
0.2434586,
0.2887995,
0.2759266,
0.2401037,
0.2509483,
0.2287999,
0.09815253,
0.2626543,
0.2436479,
0.2553519,
0.3246016,
0.3254809,
0.271579,
0.236826,
0.3120155,
0.2658146,
0.2440371,
0.5612677,
0.4325876,
0.2596794,
0.2650881,
0.4403182,
0.2171511,
0.1178262,
0.09628858,
0,
2059, 
0.3918006,
0.2426298,
0.2903136,
0.2791085,
0.2418079,
0.2533498,
0.2312406,
0.1036238,
0.2674559,
0.2455035,
0.2549008,
0.3251255,
0.3250481,
0.2742817,
0.2381581,
0.3115233,
0.2664077,
0.2463228,
0.5584794,
0.4301475,
0.2611879,
0.2670513,
0.4393385,
0.2169817,
0.1223761,
0.1016303,
0,
2060, 
0.3908555,
0.2417984,
0.2917435,
0.2821073,
0.2434388,
0.2556321,
0.2336413,
0.10916,
0.2720464,
0.2472854,
0.2544431,
0.3255764,
0.3246517,
0.276817,
0.2394491,
0.3110682,
0.2669916,
0.2485818,
0.5557178,
0.4277701,
0.2626914,
0.2689708,
0.4383596,
0.2167835,
0.1269483,
0.1070281,
0,
2061, 
0.3900125,
0.2409812,
0.2930667,
0.2848708,
0.2449324,
0.2577302,
0.2358897,
0.1145856,
0.2763256,
0.2489174,
0.2539995,
0.3260318,
0.3242397,
0.2791941,
0.2408197,
0.3106851,
0.2676511,
0.2506397,
0.5529889,
0.4254422,
0.2640915,
0.2706305,
0.4374189,
0.216605,
0.1314462,
0.1124313,
0,
2062, 
0.389159,
0.2401656,
0.2943184,
0.2874766,
0.246365,
0.2597272,
0.2381016,
0.120048,
0.2804129,
0.2504878,
0.2535527,
0.3264252,
0.3238622,
0.2814267,
0.2421521,
0.3103349,
0.2683012,
0.252674,
0.5502929,
0.4231756,
0.2654865,
0.2722561,
0.4364836,
0.2164035,
0.1359515,
0.1178676,
0,
2063, 
0.3882983,
0.2393534,
0.2955039,
0.2899348,
0.2477411,
0.2616301,
0.2402771,
0.1255357,
0.2843145,
0.2520007,
0.2531045,
0.3267626,
0.3235171,
0.2835253,
0.2434491,
0.3100159,
0.2689428,
0.2546834,
0.5476323,
0.4209689,
0.2668747,
0.2738481,
0.4355559,
0.2161821,
0.1404574,
0.1233263,
0,
2064, 
0.3874336,
0.2385463,
0.2966278,
0.292255,
0.249065,
0.2634454,
0.2424161,
0.1310376,
0.2880368,
0.2534601,
0.2526562,
0.3270494,
0.3232023,
0.2854994,
0.2447129,
0.3097264,
0.2695766,
0.2566663,
0.5450088,
0.4188206,
0.2682545,
0.2754068,
0.4346377,
0.2159438,
0.1449575,
0.1287969,
0,
2065, 
0.3865679,
0.2377456,
0.2976948,
0.2944463,
0.2503407,
0.2651793,
0.2445188,
0.1365428,
0.2915861,
0.2548697,
0.2522092,
0.327291,
0.3229161,
0.2873584,
0.2459458,
0.3094648,
0.2702034,
0.2586218,
0.5424246,
0.4167294,
0.2696245,
0.2769328,
0.4337308,
0.2156911,
0.1494457,
0.1342693,
0,
2066, 
0.3857646,
0.2369377,
0.2986323,
0.2964496,
0.2515507,
0.2667595,
0.2464016,
0.1418264,
0.2948399,
0.2561489,
0.2517489,
0.3274809,
0.3226099,
0.2889629,
0.2470974,
0.309147,
0.2708232,
0.2603544,
0.5398809,
0.4146821,
0.2708645,
0.2782226,
0.4328585,
0.2154408,
0.1538003,
0.1396106,
0,
2067, 
0.3849639,
0.2361392,
0.2995242,
0.2983437,
0.2527206,
0.2682723,
0.2482543,
0.147094,
0.2979412,
0.2573876,
0.2512929,
0.3276355,
0.3223307,
0.2904745,
0.2482237,
0.3088568,
0.2714373,
0.2620646,
0.5373796,
0.4126899,
0.2720965,
0.2794884,
0.4320002,
0.2151806,
0.1581329,
0.1449353,
0,
2068, 
0.3841668,
0.2353507,
0.3003731,
0.3001352,
0.2538527,
0.2697217,
0.2500765,
0.152337,
0.3008952,
0.2585882,
0.2508417,
0.3277578,
0.3220761,
0.2918997,
0.2493258,
0.3085921,
0.2720456,
0.2637511,
0.5349204,
0.4107504,
0.2733187,
0.2807299,
0.4311559,
0.214912,
0.1624384,
0.1502346,
0,
2069, 
0.3833782,
0.2345748,
0.3011845,
0.3018328,
0.254952,
0.2711145,
0.25187,
0.1575485,
0.3037094,
0.2597551,
0.2503977,
0.327854,
0.3218468,
0.2932471,
0.2504071,
0.3083538,
0.2726505,
0.265415,
0.5325078,
0.4088651,
0.2745319,
0.2819493,
0.4303297,
0.2146384,
0.1667133,
0.1555019,
0,
2070, 
0.3825987,
0.2338116,
0.3019608,
0.3034424,
0.2560204,
0.2724541,
0.2536345,
0.1627209,
0.3063887,
0.2608904,
0.2499611,
0.3279268,
0.3216406,
0.2945224,
0.2514684,
0.3081397,
0.2732515,
0.2670551,
0.5301412,
0.4070317,
0.2757347,
0.2831465,
0.4295214,
0.214361,
0.170953,
0.1607295,
0,
2071, 
0.3818336,
0.2330525,
0.3026597,
0.3049053,
0.2571061,
0.2736687,
0.2551948,
0.1676016,
0.3088008,
0.2619387,
0.2495039,
0.3279042,
0.3214005,
0.2955333,
0.2523678,
0.3077969,
0.2738359,
0.2685058,
0.527822,
0.4052355,
0.2768304,
0.2841924,
0.4287172,
0.2140652,
0.1749763,
0.1657349,
0,
2072, 
0.3810813,
0.2323081,
0.3033311,
0.3062951,
0.2581652,
0.2748407,
0.2567326,
0.1724343,
0.3110984,
0.2629619,
0.2490568,
0.3278673,
0.3211834,
0.2964907,
0.2532541,
0.307481,
0.2744183,
0.2699382,
0.5255507,
0.4034899,
0.2779182,
0.285222,
0.4279338,
0.2137694,
0.1789606,
0.1706907,
0,
2073, 
0.3803431,
0.2315791,
0.3039776,
0.307617,
0.2591999,
0.2759736,
0.2582486,
0.1772141,
0.3132863,
0.2639622,
0.2486204,
0.3278188,
0.3209885,
0.2973996,
0.2541285,
0.307191,
0.274999,
0.2713522,
0.5233279,
0.4017937,
0.2789973,
0.2862358,
0.4271718,
0.2134749,
0.182903,
0.1755914,
0,
2074, 
0.3796207,
0.230866,
0.3046018,
0.3088762,
0.2602126,
0.2770707,
0.2597431,
0.1819365,
0.3153697,
0.2649418,
0.2481954,
0.3277613,
0.3208149,
0.2982647,
0.2549925,
0.3069261,
0.2755789,
0.2727477,
0.5211544,
0.4001463,
0.2800678,
0.2872346,
0.4264324,
0.2131831,
0.1868011,
0.1804326,
0,
2075, 
0.3789139,
0.2301688,
0.3052049,
0.3100761,
0.2612043,
0.2781342,
0.2612158,
0.1865968,
0.3173523,
0.2659015,
0.2477815,
0.3276962,
0.3206609,
0.2990892,
0.2558464,
0.3066846,
0.2761573,
0.2741238,
0.5190288,
0.3985454,
0.2811283,
0.2882179,
0.4257148,
0.2128944,
0.190652,
0.1852093,
0,
2076, 
0.3782341,
0.2295043,
0.3057528,
0.3111665,
0.2621451,
0.279121,
0.2625205,
0.1909378,
0.319113,
0.2667841,
0.2473671,
0.3275648,
0.320482,
0.2997604,
0.2566406,
0.3063735,
0.2767454,
0.2753554,
0.5169551,
0.39699,
0.2820903,
0.2890961,
0.4250083,
0.2126048,
0.1942556,
0.1897227,
0,
2077, 
0.3775734,
0.2288571,
0.3062863,
0.3122097,
0.2630706,
0.2800822,
0.2638103,
0.1952172,
0.3207917,
0.2676531,
0.2469662,
0.3274333,
0.3203241,
0.3004037,
0.257429,
0.3060881,
0.2773339,
0.2765735,
0.514932,
0.3954812,
0.2830464,
0.2899643,
0.424327,
0.2123214,
0.1978139,
0.1941701,
0,
2078, 
0.3769327,
0.2282277,
0.3068073,
0.3132095,
0.2639824,
0.2810203,
0.2650856,
0.1994325,
0.3223925,
0.26851,
0.2465792,
0.3273033,
0.3201867,
0.3010223,
0.2582127,
0.3058279,
0.2779233,
0.2777783,
0.5129598,
0.3940182,
0.2839966,
0.2908233,
0.4236715,
0.212045,
0.2013256,
0.1985491,
0,
2079, 
0.3763131,
0.2276164,
0.3073173,
0.3141694,
0.2648821,
0.2819375,
0.266347,
0.2035818,
0.3239194,
0.2693563,
0.2462066,
0.3271767,
0.3200694,
0.3016194,
0.2589927,
0.3055923,
0.2785143,
0.27897,
0.5110385,
0.3926005,
0.284941,
0.2916736,
0.4230422,
0.2117766,
0.2047895,
0.2028573,
0,
2080, 
0.3757153,
0.2270235,
0.3078182,
0.3150927,
0.2657713,
0.282836,
0.2675952,
0.2076632,
0.3253762,
0.2701933,
0.2458487,
0.3270549,
0.3199718,
0.3021977,
0.2597699,
0.3053811,
0.2791072,
0.280149,
0.5091685,
0.3912275,
0.2858797,
0.2925158,
0.4224397,
0.2115168,
0.2082049,
0.2070929,
0,
2081, 
0.3751361,
0.2264467,
0.3082765,
0.3159323,
0.2666194,
0.2836703,
0.2687193,
0.211441,
0.3266598,
0.2709401,
0.2454951,
0.3268884,
0.3198597,
0.3026914,
0.260514,
0.3051685,
0.2796992,
0.2812159,
0.5073501,
0.3898911,
0.2867235,
0.2932722,
0.4219001,
0.2112576,
0.2113846,
0.2110569,
0,
2082, 
0.3745787,
0.2258881,
0.3087285,
0.3167422,
0.2674593,
0.2844901,
0.2698337,
0.215155,
0.3278862,
0.2716813,
0.2451562,
0.3267297,
0.3197666,
0.3031722,
0.2612565,
0.3049788,
0.2802931,
0.2822732,
0.505581,
0.388597,
0.2875639,
0.2940233,
0.4213855,
0.2110078,
0.2145191,
0.2149511,
0,
2083, 
0.3740467,
0.2253495,
0.3091781,
0.3175275,
0.2682944,
0.2852993,
0.2709411,
0.2188064,
0.3290614,
0.2724201,
0.2448342,
0.3265826,
0.3196946,
0.3036448,
0.2620004,
0.304814,
0.2808916,
0.2833235,
0.5038652,
0.3873475,
0.2884034,
0.294772,
0.4208997,
0.2107697,
0.2176096,
0.2187764,
0,
2084, 
0.3735393,
0.2248305,
0.3096252,
0.3182894,
0.2691248,
0.2860985,
0.272041,
0.2223939,
0.3301871,
0.2731566,
0.2445286,
0.3264468,
0.3196425,
0.30411,
0.2627454,
0.3046729,
0.2814942,
0.284366,
0.5022009,
0.3861408,
0.2892411,
0.2955178,
0.4204416,
0.2105428,
0.2206553,
0.2225314,
0,
2085, 
0.373057,
0.224331,
0.3100712,
0.3190302,
0.2699516,
0.286889,
0.2731339,
0.2259172,
0.3312662,
0.2738916,
0.2442393,
0.3263234,
0.31961,
0.3045695,
0.2634922,
0.304555,
0.2821012,
0.2854013,
0.500588,
0.3849762,
0.2900774,
0.2962612,
0.4200115,
0.2103278,
0.2236561,
0.2262157,
0,
2086, 
0.3726081,
0.2238497,
0.3104931,
0.3196986,
0.2707535,
0.2876226,
0.2741309,
0.2291675,
0.3322116,
0.2745658,
0.2439651,
0.3261808,
0.3195612,
0.3049822,
0.2642209,
0.3044651,
0.2827141,
0.2863468,
0.4990266,
0.3838482,
0.2908409,
0.2969348,
0.4196315,
0.21013,
0.2264737,
0.2296605,
0,
2087, 
0.372185,
0.2233883,
0.3109167,
0.3203525,
0.2715544,
0.2883519,
0.2751247,
0.2323611,
0.333122,
0.2752419,
0.2437079,
0.3260531,
0.319533,
0.305394,
0.264953,
0.3043981,
0.2833323,
0.2872888,
0.4975165,
0.3827618,
0.291606,
0.2976095,
0.4192795,
0.2099447,
0.229251,
0.2330409,
0,
2088, 
0.3717879,
0.222947,
0.3113429,
0.3209937,
0.2723549,
0.2890779,
0.276116,
0.2354984,
0.3339996,
0.2759208,
0.2434677,
0.3259413,
0.3195252,
0.3058062,
0.2656894,
0.3043537,
0.2839564,
0.2882277,
0.4960574,
0.3817164,
0.2923729,
0.2982858,
0.418956,
0.2097722,
0.2319884,
0.2363573,
0,
2089, 
0.3714173,
0.2225257,
0.3117728,
0.321624,
0.2731561,
0.289802,
0.2771052,
0.2385799,
0.3348469,
0.2766032,
0.2432449,
0.3258458,
0.3195376,
0.3062202,
0.2664303,
0.3043318,
0.2845867,
0.289164,
0.4946493,
0.3807117,
0.293142,
0.2989642,
0.418661,
0.209613,
0.2346862,
0.2396102,
0,
2090, 
0.3710719,
0.2221235,
0.3122056,
0.3222434,
0.2739575,
0.2905238,
0.2780917,
0.2416049,
0.3356646,
0.2772886,
0.2430385,
0.325766,
0.3195689,
0.3066358,
0.2671754,
0.304331,
0.2852223,
0.2900968,
0.4932898,
0.3797456,
0.2939122,
0.2996438,
0.418393,
0.2094663,
0.237344,
0.2427991,
0,
2091, 
0.3707853,
0.2217429,
0.3126148,
0.3228053,
0.2747522,
0.2911983,
0.2790078,
0.2443762,
0.3363786,
0.2779299,
0.2428521,
0.3256942,
0.3195878,
0.3070177,
0.2678989,
0.3043535,
0.2858511,
0.2909639,
0.4919834,
0.378816,
0.2946236,
0.3002704,
0.4181651,
0.2093485,
0.2398448,
0.2457674,
0,
2092, 
0.3705253,
0.2213825,
0.313031,
0.3233631,
0.2755501,
0.2918752,
0.2799255,
0.2471012,
0.3370737,
0.2785781,
0.2426834,
0.3256409,
0.319628,
0.3074061,
0.2686294,
0.3043984,
0.2864878,
0.2918321,
0.4907275,
0.3779262,
0.2953404,
0.3009026,
0.4179663,
0.2092443,
0.2423117,
0.2486808,
0,
2093, 
0.3702922,
0.2210424,
0.3134549,
0.323918,
0.2763518,
0.2925554,
0.2808453,
0.2497808,
0.3377518,
0.2792338,
0.2425326,
0.3256066,
0.3196894,
0.3078018,
0.2693674,
0.3044655,
0.2871329,
0.2927017,
0.489522,
0.3770758,
0.2960627,
0.3015407,
0.4177969,
0.2091542,
0.2447452,
0.2515402,
0,
2094, 
0.3700863,
0.2207227,
0.3138874,
0.3244714,
0.2771581,
0.2932398,
0.2817678,
0.2524158,
0.3384145,
0.2798974,
0.2423998,
0.3255918,
0.319772,
0.3082059,
0.2701133,
0.3045549,
0.2877866,
0.2935732,
0.4883667,
0.3762646,
0.296791,
0.3021853,
0.4176573,
0.2090782,
0.2471462,
0.2543465,
0,
2095, 
0.3699078,
0.2204233,
0.3143289,
0.3250244,
0.2779696,
0.2939292,
0.2826932,
0.2550072,
0.3390637,
0.2805696,
0.2422851,
0.3255969,
0.319876,
0.3086191,
0.2708675,
0.3046667,
0.2884495,
0.2944472,
0.4872613,
0.3754923,
0.2975257,
0.3028368,
0.4175475,
0.2090166,
0.2495153,
0.2571009,
0,
2096, 
0.3697872,
0.2201457,
0.3147451,
0.3255292,
0.2787746,
0.2945779,
0.2835463,
0.2573712,
0.3396317,
0.2812049,
0.2421912,
0.3256215,
0.3199672,
0.3089938,
0.2715759,
0.3047687,
0.2890969,
0.29524,
0.4862058,
0.3747544,
0.298212,
0.3034441,
0.4174691,
0.2089797,
0.2517363,
0.2596608,
0,
2097, 
0.369692,
0.2198874,
0.3151712,
0.3260363,
0.2795849,
0.295233,
0.2844042,
0.2596996,
0.3401918,
0.2818496,
0.2421144,
0.3256653,
0.3200791,
0.309379,
0.2722935,
0.3048922,
0.2897534,
0.2960373,
0.4851976,
0.3740531,
0.2989057,
0.3040594,
0.417419,
0.2089564,
0.2539299,
0.2621758,
0,
2098, 
0.3696259,
0.2196506,
0.3156109,
0.3265498,
0.2804039,
0.2958979,
0.2852701,
0.2619956,
0.3407485,
0.2825068,
0.2420572,
0.3257317,
0.320215,
0.3097785,
0.2730233,
0.3050402,
0.2904223,
0.2968427,
0.4842412,
0.3733919,
0.29961,
0.3046861,
0.4174015,
0.2089488,
0.256099,
0.2646495,
0,
2099, 
0.3695874,
0.2194342,
0.3160632,
0.327069,
0.2812307,
0.2965718,
0.2861432,
0.2642593,
0.3413017,
0.2831757,
0.2420185,
0.3258196,
0.3203733,
0.3101915,
0.2737645,
0.3052114,
0.2911026,
0.297655,
0.483334,
0.3727687,
0.300324,
0.3053231,
0.4174147,
0.2089561,
0.2582436,
0.2670819,
0,
2100, 
0.3695768,
0.2192383,
0.3165286,
0.3275948,
0.2820659,
0.2972553,
0.2870238,
0.2664914,
0.3418524,
0.2838566,
0.2419984,
0.3259293,
0.3205543,
0.3106185,
0.2745174,
0.3054057,
0.2917947,
0.2984748,
0.4824761,
0.3721834,
0.3010478,
0.3059709,
0.4174588,
0.2089785,
0.2603642,
0.2694741,
0];
