real main.em.ep.isp.StorCapTot[28](t) = [1971, 
639.5192,
3100.922,
27.66575,
12.26807,
54.25508,
69.89091,
56.50912,
46.1403,
10.60524,
171.8734,
3674.702,
584.2175,
40.63818,
398.3995,
97.05313,
1479.285,
145.9782,
162.6877,
67.3576,
194.496,
33.46875,
4.304608,
749.9552,
122.7769,
17.23459,
25.1925,
0,
11987.4,
1972, 
660.1614,
2782.228,
29.36286,
12.83172,
56.28637,
76.01118,
55.14791,
48.68295,
11.25903,
186.9871,
3654.079,
595.2252,
47.02565,
407.2615,
97.71178,
1555.958,
142.9601,
152.3688,
65.4657,
189.8565,
36.65295,
4.774254,
784.7482,
118.2945,
15.00437,
34.762,
0,
11821.11,
1973, 
737.6369,
3104.207,
31.51262,
14.04177,
64.97953,
82.27327,
60.40057,
53.80853,
12.21437,
199.8193,
3957.469,
629.6364,
96.31441,
416.5128,
100.9949,
1583.323,
174.7346,
163.2957,
75.60686,
207.3581,
39.91694,
5.613074,
860.1453,
137.5792,
16.77753,
38.38516,
0,
12864.56,
1974, 
765.9481,
3091.565,
41.0056,
14.68067,
72.32705,
87.29306,
69.31934,
53.12988,
13.3407,
216.5195,
4050.712,
662.5139,
99.92826,
426.8846,
103.1604,
1602.534,
204.5974,
170.1915,
78.95859,
210.164,
43.86004,
6.015978,
855.9669,
147.4382,
17.24061,
49.43127,
0,
13154.73,
1975, 
749.978,
3205.328,
41.95238,
15.7943,
77.78496,
91.12995,
102.393,
58.37714,
14.33809,
233.0914,
4067.838,
715.9481,
113.9586,
467.6455,
112.0967,
1679.146,
245.6285,
190.6047,
91.58865,
238.5481,
45.46817,
7.096351,
882.9713,
152.9127,
18.4695,
53.08804,
0,
13673.18,
1976, 
811.2783,
3433.887,
44.82657,
16.98943,
89.14194,
96.03072,
108.3475,
60.1494,
16.10469,
245.5686,
4363.486,
747.9697,
125.3428,
464.6839,
114.4532,
1688.88,
271.227,
215.1754,
97.66859,
249.3155,
50.74574,
6.765706,
938.4514,
158.9389,
18.64186,
57.2386,
0,
14491.31,
1977, 
867.7623,
3549.779,
49.18575,
18.7079,
100.0438,
103.6861,
117.3874,
64.4,
17.14196,
245.2347,
4463.647,
791.27,
135.89,
475.6734,
116.3355,
1718.085,
312.1868,
224.9263,
106.6459,
274.8573,
56.23861,
7.490512,
976.2247,
167.7828,
19.70478,
63.58777,
0,
15043.88,
1978, 
922.0415,
3652.764,
53.26107,
19.95267,
110.3761,
109.4459,
131.5406,
61.66987,
19.1349,
256.9719,
4646.661,
827.9172,
153.6643,
482.4079,
119.7871,
1759.152,
344.3228,
251.1468,
93.82161,
310.4908,
57.14888,
9.996572,
1017.226,
173.5544,
21.56597,
62.18178,
0,
15668.2,
1979, 
974.7214,
3724.37,
58.00725,
21.53427,
124.7308,
122.2201,
119.0616,
72.40782,
20.13233,
271.9356,
4857.605,
832.7,
143.6127,
484.4969,
121.9677,
1802.145,
410.496,
258.1192,
99.19989,
342.3984,
62.91512,
11.50104,
1070.173,
180.3997,
23.17651,
66.86845,
0,
16276.9,
1980, 
998.1041,
3754.126,
62.92285,
21.00127,
137.5248,
132.8296,
132.267,
79.16205,
19.66279,
296.2705,
4895.795,
884.6772,
140.8538,
506.3398,
126.3509,
1899.777,
451.5338,
276.4019,
103.0659,
365.3723,
66.02644,
14.03181,
1049.384,
188.4365,
22.8474,
61.74619,
0,
16686.51,
1981, 
1045.722,
3763.534,
68.60345,
22.4031,
138.6257,
135.5588,
143.3988,
80.84754,
21.63424,
338.719,
4928.553,
863.1402,
148.3432,
508.3636,
128.243,
1935.238,
505.613,
304.1359,
109.3407,
374.9007,
70.43901,
14.65709,
1060.195,
199.4594,
23.94316,
64.49987,
0,
16998.11,
1982, 
1018.586,
3630.112,
74.07222,
23.36937,
147.9109,
141.008,
148.3723,
82.32216,
22.67463,
355.6815,
4924.813,
882.1214,
138.8451,
512.5454,
130.4182,
1973.418,
552.6296,
328.6094,
115.3042,
399.0402,
75.71365,
18.02245,
1068.406,
203.3831,
26.48247,
66.21709,
0,
17060.08,
1983, 
1057.284,
3740.771,
74.38219,
25.27574,
157.8003,
150.735,
157.6642,
76.68193,
23.97838,
365.211,
5044.36,
926.8984,
119.332,
516.4843,
132.1354,
2001.314,
527.1748,
359.3078,
125.3957,
427.3951,
82.99194,
20.17534,
1100.597,
207.845,
29.84295,
66.05354,
0,
17517.09,
1984, 
1129.966,
3920.566,
79.68235,
26.80368,
176.9079,
158.6153,
171.1358,
76.32575,
24.03938,
405.7595,
5219.409,
958.6388,
136.5657,
519.5855,
133.992,
2011.489,
569.6867,
402.2909,
134.7898,
457.6786,
88.58625,
23.57006,
1144.633,
218.22,
33.4734,
67.63454,
0,
18290.04,
1985, 
1189.386,
3997.573,
85.54468,
27.05751,
189.7014,
163.0975,
191.4734,
85.9486,
25.75924,
422.0787,
5423.63,
957.1172,
146.0065,
527.311,
135.9315,
2040.399,
582.9373,
437.4192,
145.0031,
492.3154,
95.1668,
24.64495,
1183.919,
234.1927,
37.28605,
69.13463,
0,
18910.04,
1986, 
1209.787,
3992.109,
88.18305,
28.37311,
195.7408,
180.3676,
180.7627,
89.74459,
26.24335,
434.8275,
5523.5,
995.2424,
163.6662,
555.9825,
138.849,
2071.023,
607.1665,
478.8648,
156.1214,
533.704,
99.4974,
32.96168,
1193.162,
242.5944,
41.31986,
71.56846,
0,
19331.36,
1987, 
1282.491,
4070.656,
94.61277,
30.20821,
193.7845,
196.5669,
191.6559,
94.64868,
28.01005,
446.2571,
5707.886,
1008.336,
170.537,
569.3719,
140.8275,
2100.033,
649.1437,
518.4631,
173.0489,
586.2462,
105.3271,
38.17052,
1267.152,
252.2659,
46.22395,
71.76644,
0,
20033.69,
1988, 
1293.702,
4228.993,
99.22419,
30.70277,
205.6322,
202.0356,
205.7863,
99.49328,
29.81224,
464.1748,
5956.838,
1024.722,
179.0412,
580.5189,
142.7437,
2133.157,
721.7821,
570.6755,
195.679,
638.7488,
116.4258,
40.6747,
1332.255,
265.157,
54.07387,
78.83428,
0,
20890.88,
1989, 
1260.607,
4631.253,
105.8253,
32.36419,
208.3101,
206.982,
218.0758,
105.1403,
30.92367,
475.3589,
6128.082,
1028.889,
191.9002,
577.3206,
144.4254,
2162.867,
751.146,
624.0814,
212.6598,
683.9756,
128.3427,
45.80611,
1414.336,
281.7632,
57.53508,
76.95218,
0,
21784.92,
1990, 
1223.485,
4722.613,
110.1211,
32.87912,
206.7983,
212.6281,
232.7285,
111.5777,
32.89089,
483.0479,
6250.767,
1146.003,
213.8579,
565.3724,
140.8463,
2032.743,
777.2612,
676.7923,
228.3528,
729.4958,
143.0125,
51.14502,
1506.627,
291.4562,
63.11441,
84.71673,
0,
22270.33,
1991, 
1297.435,
4758.853,
113.7562,
31.97865,
219.4557,
223.4443,
248.2905,
113.0347,
34.85705,
485.3265,
6386.806,
1081.276,
218.974,
524.7938,
142.9604,
2033.367,
794.7695,
736.9767,
238.6095,
784.5574,
154.501,
58.59519,
1569.248,
295.2391,
69.17801,
87.72926,
0,
22704.01,
1992, 
1327.223,
4835.414,
115.4008,
33.83348,
227.759,
226.8784,
262.4699,
117.1481,
35.48518,
495.0289,
6418.378,
1008.046,
244.5021,
507.3512,
143.5399,
2014.485,
871.053,
769.0685,
254.1556,
876.8394,
168.3167,
63.23758,
1577.882,
300.2005,
76.38792,
77.99641,
0,
23048.08,
1993, 
1376.328,
4978.138,
119.0987,
35.77312,
239.4549,
243.6142,
279.2044,
114.4448,
37.53352,
514.9001,
6425.576,
971.3801,
267.7798,
503.9585,
154.8134,
2016.436,
930.2056,
815.6332,
281.8739,
976.5933,
185.1548,
68.18593,
1588.267,
308.174,
79.7211,
80.37222,
0,
23592.62,
1994, 
1459.037,
5083.123,
128.1053,
38.13578,
250.4218,
257.1501,
297.5396,
117.8529,
39.41742,
534.8289,
6553.388,
981.5921,
279.6524,
521.6418,
163.2703,
2031.83,
1000.804,
880.1338,
316.8052,
1073.605,
206.9353,
75.09959,
1677.562,
318.3525,
84.25665,
80.50186,
0,
24451.04,
1995, 
1487.005,
5226.335,
131.1142,
40.41992,
263.3907,
270.0552,
312.3257,
126.8706,
42.29366,
545.6392,
6731.186,
1041.35,
306.2491,
514.2133,
170.5454,
2045.996,
1052.505,
957.4061,
351.7275,
1165.655,
231.8266,
83.77872,
1695.081,
329.3452,
89.10401,
81.85957,
0,
25293.28,
1996, 
1538.574,
5345.878,
122.012,
43.84455,
275.2446,
282.8082,
342.3348,
133.7618,
44.80365,
571.0937,
6835.171,
1105.463,
333.3859,
532.7105,
173.733,
2085.884,
1121.666,
1014.973,
388.1102,
1275.305,
254.2718,
97.44992,
1733.33,
338.8688,
93.37876,
76.90803,
0,
26160.96,
1997, 
1571.271,
5435.833,
132.1625,
46.7583,
289.8821,
301.0315,
358.2813,
133.6818,
46.91999,
593.5933,
6944.933,
1117.788,
361.752,
527.625,
163.9882,
2041.547,
1181.313,
1088.083,
420.078,
1333.017,
276.2497,
105.4816,
1755.137,
349.1519,
98.77672,
80.31947,
0,
26754.66,
1998, 
1565.305,
5580.574,
146.0911,
52.88308,
299.5858,
315.6667,
370.4886,
129.3099,
49.17623,
576.8186,
7085.506,
1144.682,
384.7354,
509.0851,
157.8828,
2020.311,
1274.171,
1176.156,
399.4178,
1404.875,
277.7253,
111.088,
1780.191,
369.7692,
107.0356,
101.1486,
0,
27389.68,
1999, 
1614.932,
5696.184,
155.5425,
56.5038,
311.3461,
318.9749,
393.4622,
138.319,
51.01862,
583.0547,
7140.434,
1146.82,
394.6464,
512.1848,
157.3372,
2039.566,
1346.512,
1285.404,
443.2302,
1509.438,
292.6577,
123.3483,
1802.134,
385.3685,
112.0186,
106.9609,
0,
28117.4,
2000, 
1697.776,
5904.084,
167.6569,
59.77739,
326.9053,
342.3313,
430.1777,
143.6419,
53.82922,
608.2061,
7168.266,
1195.922,
427.0233,
515.9224,
164.3571,
2116.909,
1431.7,
1357.553,
537.7322,
1699.237,
319.0366,
132.866,
1857.142,
398.2705,
117.6786,
116.9163,
0,
29290.92,
2001, 
1654.116,
5608.986,
172.9313,
60.56122,
319.8371,
341.0092,
458.3829,
149.4429,
55.972,
589.3859,
7052.213,
1244.656,
421.1987,
560.6714,
172.0452,
2142.76,
1502.966,
1428.344,
570.8923,
1865.133,
342.1495,
145.6074,
1832.097,
420.1046,
125.6852,
127.8807,
0,
29365.03,
2002, 
1694.234,
5770.107,
176.4055,
63.78398,
342.6446,
343.5938,
497.9536,
157.8782,
57.67173,
639.8305,
6835.023,
1253.533,
447.2654,
559.4033,
174.3465,
2140.287,
1605.901,
1483.105,
606.738,
2103.646,
367.2782,
161.5394,
1878.481,
427.8346,
132.515,
136.0108,
0,
30057.01,
2003, 
1640.634,
5795.741,
215.4905,
66.4837,
360.4187,
362.1711,
524.1719,
152.8276,
61.70685,
670.3496,
6714.486,
1293.505,
488.6174,
573.5877,
185.8383,
2211.663,
1703.943,
1589.844,
629.522,
2434.05,
394.3998,
173.2646,
1877.886,
411.7,
138.4081,
130.4273,
0,
30801.14,
2004, 
1662.785,
5947.061,
218.2887,
68.95061,
381.4337,
385.491,
568.8842,
165.3016,
67.39384,
692.6089,
6600.563,
1342.914,
523.6995,
591.1917,
193.3166,
2259.635,
1818.46,
1687.636,
661.7071,
2800.669,
428.1467,
182.9238,
1949.226,
420.5836,
149.6481,
137.3237,
0,
31905.84,
2005, 
1736.379,
6005.072,
230.8802,
73.32258,
396.3777,
399.9497,
599.5865,
168.895,
72.69848,
698.7443,
6440.214,
1360.3,
557.2786,
606.4052,
191.3612,
2480.564,
1901.233,
1779.907,
701.7715,
3155.856,
459.155,
197.0376,
1983.78,
419.351,
161.7415,
146.5776,
0,
32924.44,
2006, 
1684.569,
6016.983,
238.8562,
76.91029,
415.1719,
420.6521,
642.1931,
186.6652,
80.33624,
724.5124,
6216.199,
1391.899,
597.7129,
632.9672,
199.0329,
2559.9,
2039.699,
1917.239,
723.3353,
3639.976,
488.218,
206.5294,
2039.982,
427.058,
171.2258,
150.1801,
0,
33888,
2007, 
1715.952,
5946.845,
250.1152,
79.643,
443.6315,
435.8306,
693.165,
183.9036,
86.31575,
746.6619,
6000.241,
1377.035,
643.9227,
655.6313,
207.5746,
2642.261,
2186.974,
2049.332,
763.0831,
4219.609,
516.496,
220.2989,
2075.301,
433.7579,
175.2824,
154.4229,
0,
34903.29,
2008, 
1710.442,
5803.748,
255.9549,
80.67873,
466.1606,
464.8724,
754.2529,
185.8635,
92.16447,
743.4536,
5918.815,
1365.904,
651.5252,
646.5861,
208.1626,
2709.583,
2374.612,
2136.946,
804.58,
4729.464,
538.1465,
232.5716,
2017.132,
428.2013,
186.2936,
163.0979,
0,
35669.21,
2009, 
1575.323,
5359.309,
254.1974,
81.33371,
465.6612,
465.4859,
848.8768,
191.5291,
102.3189,
721.4132,
5207.691,
1276.8,
631.2222,
564.373,
209.0389,
2543.489,
2530.623,
2285.223,
826.0278,
5569.95,
559.3172,
239.7085,
2003.981,
437.812,
195.9482,
174.7406,
0,
35321.39,
2010, 
1546.476,
5565.938,
268.4085,
83.17818,
516.1019,
472.0109,
943.3885,
211.9343,
116.0526,
753.0544,
5456.573,
1329.474,
682.9868,
616.5188,
218.3472,
2674.865,
2712.894,
2438.458,
910.8713,
6874.564,
604.9512,
254.3648,
2142.412,
473.379,
202.9645,
181.8175,
0,
38251.98,
2011, 
1552.6,
5491.339,
299.4274,
87.5873,
536.409,
491.8073,
985.7231,
218.5732,
130.4626,
765.5475,
5709.041,
1273.477,
737.9415,
630.4664,
227.2367,
2708.084,
2875.637,
2689.769,
949.7123,
8607.346,
630.1342,
269.308,
2114.348,
519.2488,
214.4212,
191.5308,
0,
40907.18,
2012, 
1551.134,
5369.599,
320.6487,
94.51405,
559.0238,
512.2642,
1081.746,
234.0945,
169.1413,
764.1914,
5762.38,
1178.091,
787.5903,
631.3924,
237.1325,
2758.551,
3006.209,
2845.883,
978.5181,
9998.405,
696.8464,
288.2911,
2256.037,
564.8519,
233.9831,
194.4013,
0,
43074.92,
2013, 
1487.133,
5558.059,
306.4533,
100.1446,
576.2769,
534.3052,
1132.096,
246.3786,
162.9653,
806.8654,
5549.532,
1137.443,
794.0442,
614.656,
251.9613,
2718.315,
3157.711,
3040.77,
1017.46,
11923.95,
759.2395,
310.0306,
2754.145,
586.6686,
260.154,
207.6911,
0,
45994.45,
2014, 
1424.69,
5757.529,
321.9135,
104.4324,
603.3569,
539.9654,
1179.714,
264.6808,
182.0507,
929.691,
5311.045,
1086.32,
837.3076,
569.1971,
260.8512,
2693.129,
3371.824,
3410.595,
1076.166,
14021.81,
855.368,
323.1537,
3292.446,
616.5767,
286.292,
239.4147,
0,
49559.52,
2015, 
1419.135,
6011.997,
336.5958,
116.7088,
617.4002,
552.9644,
1288.739,
274.9308,
199.8266,
991.6638,
5841.045,
1053.977,
902.4407,
518.7087,
273.8065,
2683.061,
3404.042,
3714.698,
1167.013,
16993.98,
934.8482,
334.7602,
3881.7,
650.6586,
311.1304,
243.1397,
0,
54718.97,
2016, 
1336.456,
6436.688,
357.5594,
124.7392,
600.777,
548.5508,
1314.746,
281.9719,
216.1278,
1128.118,
6327.145,
1049.336,
1023.687,
542.0157,
270.2425,
2591.845,
3722.717,
4244.557,
1248.624,
19972.96,
1109.328,
351.3071,
4376.336,
697.9456,
370.2354,
251.3141,
0,
60495.33,
2017, 
1332.625,
6864.775,
368.6665,
133.303,
651.3528,
582.3835,
1446.174,
319.1752,
247.4256,
1369.438,
6911.44,
1064.646,
1437.364,
554.571,
287.0984,
2620.048,
3991.698,
4969.534,
1370.24,
23526.48,
1190.555,
375.3706,
4861.664,
748.0021,
409.5831,
276.1084,
0,
67909.72,
2018, 
1306.536,
7299.006,
389.7383,
143.0522,
706.7504,
614.7623,
1774.361,
365.2659,
313.7679,
1584.487,
7431.026,
1085.952,
1675.995,
584.0094,
321.0811,
2663.795,
4390.24,
5757.525,
1555.547,
26873.49,
1309.86,
410.5509,
5288.273,
827.2422,
459.646,
302.4443,
0,
75434.41,
2019, 
1280.789,
7764.917,
416.4368,
154.1337,
753.1867,
650.1022,
1985.215,
394.0434,
348.076,
1620.478,
8195.032,
1157.334,
1827.999,
674.439,
382.6178,
2741.815,
5154.595,
6496.43,
1844.6,
30201.02,
1807.067,
444.8586,
5754.471,
1094.946,
498.9307,
346.8172,
0,
83990.34,
2020, 
1142.81,
7915.255,
380.4812,
143.7495,
707.5982,
618.6168,
1862.109,
406.1852,
358.2379,
1690.838,
8429.88,
1027.199,
1839.925,
641.3919,
418.8922,
2402.938,
5046.261,
6551.272,
1930.272,
36273.15,
2640.174,
427.79,
5842.363,
1356.158,
513.588,
335.2097,
0,
90902.34,
2021, 
1168.977,
8665.023,
383.9225,
154.7568,
748.9644,
644.1069,
1896.495,
453.083,
396.6747,
1693.441,
8797.675,
1123.949,
2011.316,
660.5595,
466.3472,
2537.275,
5409.083,
9773.017,
2060.656,
37639.25,
2618.577,
451.8561,
5976.834,
1439.212,
539.7825,
357.8763,
0,
98068.71,
2022, 
1135.665,
9742.858,
385.0945,
160.0739,
783.1618,
643.9459,
1811.863,
469.6017,
392.8782,
1582.348,
8792.292,
1096.167,
2154.869,
681.2162,
547.9269,
2502.607,
4972.174,
12504.84,
2143.39,
39999.74,
2772.298,
515.2993,
6075,
1527.965,
606.5319,
343.0867,
0,
104342.9,
2023, 
1087.178,
10305.79,
379.8721,
165.1108,
791.2294,
644.7081,
1678.03,
499.7669,
389.1764,
1556.012,
8834.722,
1120.773,
2612.201,
666.6179,
614.0961,
2442.947,
4682.748,
13445.16,
2234.895,
42245.79,
3019.861,
597.4012,
6126.885,
1617.34,
651.6929,
339.5113,
0,
108749.5,
2024, 
1080.17,
10893.05,
387.1426,
174.7454,
822.217,
664.1551,
1539.915,
535.8193,
393.0338,
1535.037,
9041.874,
1162.434,
2433.896,
670.6132,
696.5358,
2477.903,
4629.1,
13717.51,
2257.07,
43683.86,
3303.075,
694.8678,
6170.328,
1658.656,
711.652,
340.3793,
0,
111675,
2025, 
1067.189,
12082.09,
395.1834,
185.2218,
854.9534,
681.049,
1387.241,
569.3483,
397.3641,
1517.832,
9384.383,
1227.005,
2360.824,
678.3111,
769.6224,
2529.609,
4567.001,
13999.93,
2291.199,
46211.7,
3547.604,
795.0882,
6213.51,
1896.384,
765.0571,
333.4456,
0,
116708.1,
2026, 
1067.688,
13823.71,
410.9073,
200.3889,
883.1111,
710.21,
1243.078,
618.2307,
415.7387,
1521.522,
9920.553,
1295.956,
2343.124,
685.838,
860.127,
2605.012,
4479.151,
14238.39,
2373.505,
47885.36,
3775.088,
909.5562,
6265.068,
1945.12,
910.2052,
321.3953,
0,
121708,
2027, 
1048.054,
16371.64,
426.9238,
225.4416,
915.2527,
740.2671,
1127.746,
653.8693,
437.2753,
1525.94,
10793.22,
1426.422,
2344.408,
691.7126,
902.2023,
2677.091,
4341.305,
17140.96,
3038.94,
50008.43,
4433.984,
1132.531,
6310.408,
1992.955,
1121.858,
331.2781,
0,
132160.1,
2028, 
1006.448,
20151.11,
477.988,
285.245,
979.5056,
799.0099,
1043.273,
651.7595,
431.2617,
1530.357,
12049.9,
1653.948,
2143.453,
700.5008,
974.4109,
2756.258,
4177.27,
18754.75,
3517.056,
52979.84,
5213.833,
1670.26,
6364.505,
2036.763,
1616.109,
350.4318,
0,
144315.2,
2029, 
938.361,
25428.09,
606.9549,
359.1988,
1058.514,
861.2438,
982.3557,
637.4997,
412.7869,
1506.596,
14437.76,
1949.955,
1944.951,
711.4483,
1050.573,
2833.45,
4031.832,
20492.98,
3916.252,
59000.52,
5929.978,
1977.053,
6424.881,
2367.185,
2112.348,
394.3798,
0,
162367.2,
2030, 
916.7683,
31774.74,
1012.943,
517.7844,
1173.46,
931.6541,
932.9232,
587.6147,
379.3259,
1493.551,
21581.17,
2350.624,
1739.113,
722.4214,
1173.901,
2893.203,
3922.143,
22588.23,
4351.663,
64994.87,
6880.447,
2693.7,
6540.663,
2925.447,
2804.116,
420.1789,
0,
188302.6,
2031, 
1116.997,
32917.68,
1511.875,
814.3467,
1282.857,
1063.573,
891.6408,
496.7447,
333.0208,
1387.592,
17933.99,
2786.812,
1501.406,
726.3387,
1334.365,
2916.114,
3588.519,
25556.77,
4483.292,
70272.73,
8205.545,
3470.175,
6648.694,
3825.247,
3651.94,
454.8255,
0,
199173.1,
2032, 
1353.11,
32753.89,
3330.221,
1440.945,
1543.748,
1245.812,
1084.019,
576.3403,
415.4064,
1426.774,
21719.6,
5128.507,
1544.325,
730.0458,
1517.863,
2937.982,
4216.674,
29752.5,
5460.842,
75810.27,
9604.103,
4232.351,
6745.259,
5042.334,
4588.037,
572.1661,
0,
224773.1,
2033, 
1646.791,
35411.7,
4861.6,
1935.783,
1738.742,
1320.156,
1255.816,
656.4896,
529.6615,
1476.855,
24345.93,
9377.982,
1603.784,
734.8563,
1672.233,
2961.675,
4955.612,
34952.04,
5407.335,
78799.21,
10586.33,
5077.589,
6876.8,
6339.454,
5051.413,
708.3546,
0,
250284.2,
2034, 
1971.271,
42421.08,
6709.283,
2331.837,
1935.255,
1398.316,
1395.684,
729.9593,
661.4518,
1523.298,
27391.63,
15367.86,
1662.06,
741.5749,
1786.314,
2980.373,
5634.31,
42395.04,
5387.667,
81037.1,
11528.38,
5783.702,
6974.975,
7129.816,
5464.622,
781.2094,
0,
283124.1,
2035, 
2245.793,
54465.44,
8319.944,
2447.054,
2064.873,
1490.79,
1510.328,
814.1205,
855.3626,
1576.73,
30489.76,
24618.93,
1765.454,
750.3645,
1873.81,
3010.641,
6205.85,
50955.63,
5305.949,
84647.98,
12680.42,
6445.403,
7049.822,
7662.223,
5812.168,
860.5281,
0,
325925.4,
2036, 
2549.465,
65292.27,
9896.975,
2379.297,
2205.343,
1620.238,
1605.827,
895.5121,
1061.166,
1684.552,
28274.83,
23058.88,
1954.135,
761.2949,
1933.912,
3068.039,
6694.79,
57576.45,
5274.192,
88516.34,
13585.39,
7301.12,
7096.504,
7794.246,
6222.142,
959.9138,
0,
349262.8,
2037, 
2990.26,
78925.09,
10946.22,
2263.533,
2290.83,
1738.574,
1698.188,
1000.188,
1275.787,
1910.883,
30237.49,
23857.26,
2178.125,
778.1371,
2007.758,
3138.942,
7192.127,
67449.23,
5182.362,
91605.41,
14411.07,
8200.575,
7171.89,
7793.784,
6323.372,
1098.203,
0,
383665.3,
2038, 
3445.208,
89645.77,
11848.68,
2160.974,
2357.874,
1852.363,
1827.316,
1099.695,
1607.373,
2301.124,
30412.44,
24623.72,
2436.959,
804.3361,
2098.562,
3221.494,
7569.158,
74150.23,
5109.85,
93257.73,
14762.05,
8891.322,
7326.286,
7739.478,
6407.923,
1241.845,
0,
408199.8,
2039, 
4022.202,
101927.8,
12682.75,
2050.222,
2406.136,
1986.486,
1970.475,
1190.684,
2014.103,
2708.311,
31384.03,
26836.23,
2685.259,
848.908,
2234.21,
3417.082,
8235.859,
83702.63,
4973.491,
94235.16,
15083.5,
9426.763,
7435.262,
7804.646,
6539.271,
1446.686,
0,
439248.2,
2040, 
4507.552,
116088.5,
13438.78,
1952.986,
2435.475,
2104.461,
2148.347,
1250.982,
2487.715,
3204.612,
31626.42,
29349.68,
2944.4,
899.679,
2401.022,
3630.125,
8895.345,
90924.63,
4856.561,
93750.04,
15075.42,
9688.999,
7526.715,
7898.145,
6716.455,
1609.291,
0,
467412.4,
2041, 
5115.161,
129557.4,
14177.15,
1958.47,
2475.063,
2234.997,
2385.948,
1309.479,
2890.232,
3641.61,
32098.11,
28975.97,
3152.508,
925.5959,
2649.614,
3870.318,
9757.857,
109624.6,
4720.949,
93335.33,
15247.22,
9968.583,
7624.54,
8221.887,
6866.92,
1783.925,
0,
504569.4,
2042, 
5299.271,
139054,
15108.9,
1974.398,
2529.224,
2338.748,
2669.119,
1332.358,
3238.626,
3917.227,
35036.04,
29821.63,
3406.346,
1086.349,
2871.522,
4169.49,
10910.83,
125540.8,
4624.263,
95980.63,
15344,
10158.55,
7781.932,
8703.91,
7072.121,
1885.894,
0,
541856.1,
2043, 
5880.486,
147342,
16160.61,
2028.097,
2565.963,
2433.806,
3027.934,
1371.844,
3686.027,
3934.224,
37743.2,
30479.3,
3562.531,
1232.675,
3101.896,
4623.036,
12328.84,
155376,
4584.685,
99729.07,
15519.87,
10436.97,
7868.433,
9272.061,
7280.758,
2083.543,
0,
593653.9,
2044, 
6454.035,
154810.8,
17496.87,
2133.315,
2619.039,
2495.76,
3493.583,
1421.743,
4162.836,
3854.735,
41916.44,
31009.22,
3758.33,
1304.788,
3159.607,
4983.91,
13771.58,
174798.3,
4742.785,
104575.9,
15658.76,
10655.15,
8006.334,
10327.65,
7554.775,
2287.04,
0,
637453.2,
2045, 
7033.369,
161032.5,
18823.49,
2270.326,
2670.525,
2537.543,
3716.885,
1476.723,
4700.596,
3773.533,
47363.88,
31468.7,
3881.566,
1482.192,
3212.598,
5193.038,
15478.29,
203124.9,
4946.638,
109830,
15872.14,
10914.11,
8099.723,
10972.94,
7866.015,
2597.541,
0,
690339.9,
2046, 
7519.334,
166667.1,
20716.96,
2397.448,
2735.937,
2594.88,
3888.421,
1592.493,
5214.292,
3692.299,
51303.16,
31206.08,
4056.874,
1589.31,
3180.431,
5370.725,
17035.08,
240538.9,
5328.495,
118192.9,
16228.73,
11100.18,
8242.857,
11417.62,
8298.85,
2904.155,
0,
753013.6,
2047, 
7386.451,
175171.3,
22160.33,
2486.185,
2834.348,
2649.172,
4073.894,
1737.853,
5703.569,
3621.808,
57152.26,
31420.95,
4132.998,
1664.027,
3152.938,
5571.062,
18656.56,
281181.6,
5609.985,
123700.3,
16611.44,
11313.88,
8357.693,
11830.12,
8758.397,
3210.893,
0,
820150,
2048, 
7736.157,
181029.3,
24106.51,
2559.338,
2966.527,
2744.302,
4494.381,
1913.308,
6201.749,
3586.772,
61097.82,
31473.76,
4330.873,
1708.732,
3148.37,
6141.988,
20538.27,
301134.7,
5877.287,
127872.9,
17143.8,
11411.22,
8518.045,
12333.93,
9364.097,
3463.397,
0,
862897.6,
2049, 
7964,
189301.5,
25122.09,
2609.914,
3109.495,
2851.002,
4984.55,
2170.021,
6806.356,
3544.85,
66565.04,
31746.63,
4475.454,
1768.255,
3416.873,
6844.534,
22576.99,
317578.4,
6049.263,
129257.1,
17665.82,
11492.27,
8695.854,
12716.51,
9829.253,
3623.964,
0,
902766.1,
2050, 
8427.921,
196020.2,
25868.23,
2639.26,
3265.139,
2914.698,
5502.723,
2473.855,
7447.875,
3516.654,
70844.59,
31559.36,
4629.487,
1943.392,
3711.309,
8364.034,
24367.04,
333203,
6135.555,
132524.5,
18177.23,
11591.12,
8866.207,
13331.36,
10393.74,
3747.386,
0,
941465.9,
2051, 
8891.415,
202749.2,
26491.46,
2634.149,
3457.816,
2998.344,
5967.479,
2896.256,
8130.922,
3541.264,
72701.91,
31980.66,
4788.591,
2186.499,
4027.569,
10972.9,
26157.17,
346615.8,
6089.141,
134863.4,
18708.11,
11942.9,
9129.24,
13677.57,
11026.29,
3933.014,
0,
976559.1,
2052, 
9150.252,
208674.5,
28407.9,
2605.212,
3707.979,
3094.708,
6341.283,
3497.823,
8891.313,
3707.19,
77629.46,
32215.24,
4977.302,
2543.229,
4461.364,
12755.94,
27583.4,
369409.1,
6011.069,
137935,
19132.91,
12159.03,
9307.108,
13887.93,
11854.18,
4181.676,
0,
1024122,
2053, 
9334.762,
214878.9,
29570.22,
2522.545,
3973.075,
3150.894,
6690.675,
4261.575,
9924.514,
3956.634,
79838.49,
32817.09,
5165.921,
2899.956,
4838.59,
15263.5,
29774.19,
396586.3,
5931.069,
137732.6,
19425.89,
12379.27,
9513.958,
14132.6,
12558.06,
4491.823,
0,
1071613,
2054, 
9270.611,
219930.3,
32337.84,
2446.281,
4280.726,
3234.566,
7098.746,
5081.955,
10842.85,
4127.717,
83469.87,
32962.45,
5400.381,
3347.221,
4963.495,
15655.08,
30999.8,
438604.9,
5858.719,
140634.6,
19769.77,
12494.39,
9694.15,
14416.1,
13396.43,
4605.466,
0,
1134925,
2055, 
9046.068,
219526,
34804.39,
2326.653,
4553.091,
3237.103,
7532.131,
5810.782,
12132.44,
4368.619,
86457.16,
34168.74,
5599.414,
3633.192,
5045.094,
16954.91,
32514.4,
459362.2,
5746.148,
138283.8,
19984.05,
12584.65,
9951.097,
14734.89,
13841.96,
5119.116,
0,
1167318,
2056, 
8488.67,
217196.2,
38728.42,
2177.365,
4887.755,
3313.451,
8066.569,
6233.943,
13761.9,
4480.131,
88698.1,
34124.15,
5762.396,
3950.71,
5159.293,
18549.37,
33602.87,
469951.8,
5667.93,
139679.6,
20187.77,
12575.01,
10113.4,
14920.19,
14380.7,
5267.035,
0,
1189925,
2057, 
7964.289,
211994.6,
40996.56,
2075.71,
5174.973,
3377.925,
8549.62,
6665.331,
15330.45,
4608.454,
91157.18,
34846.79,
5913.81,
4182.522,
5125.837,
20146.95,
35110.75,
480659.1,
5632.889,
137888.9,
20284.28,
12489.32,
10395.61,
14954.64,
14749.62,
5522.827,
0,
1205799,
2058, 
7255.049,
204063.3,
44924.68,
2019.076,
5514.098,
3464.879,
9039.727,
7128.329,
17172.81,
4714.903,
93427.98,
34762.23,
5991.172,
4462.421,
5178.555,
21833.99,
36154.37,
491946.2,
5621.028,
139857.5,
20429.38,
12365.55,
10519.99,
14705.19,
15346.34,
5937.87,
0,
1223837,
2059, 
6696.706,
195410.4,
46809.94,
1957.886,
5771.08,
3503.576,
9463.566,
7615.922,
20005.7,
4865.068,
93816.28,
35692.4,
6072.651,
4642.07,
5161.653,
23638.47,
37393.59,
503234.8,
5673.776,
141390.5,
20589.88,
12289.43,
10636.42,
14442.88,
16179.16,
6289.786,
0,
1239244,
2060, 
6199.384,
183629.2,
49334.89,
1905.504,
6081.165,
3518.341,
10085.98,
8120.794,
22818.23,
4990.032,
95229.9,
35414.41,
6105.51,
5025.145,
5219.435,
25241.08,
38127.76,
514897.4,
5788.04,
143384.5,
20769.59,
12238.25,
10605.59,
13956.28,
17224.96,
6921.633,
0,
1252833,
2061, 
5904.177,
178114.8,
51865.59,
1854.772,
6327.588,
3570.608,
10544.75,
8670.782,
25433.31,
5157.389,
95135.76,
35410.83,
6144.426,
5151.74,
5160.9,
25753.71,
38861.66,
515937.1,
5938.477,
146049.7,
20976.17,
12222.3,
10581.1,
13470.22,
18744.34,
7350.024,
0,
1260332,
2062, 
5526.605,
172430.8,
55198.57,
1826.642,
6387.265,
3581.598,
11235.54,
9198.205,
28189.97,
5314.774,
97137.06,
35424.66,
6166.29,
5248.229,
5227.483,
26033.91,
39121.64,
503122,
6106.533,
148704.9,
21278.8,
12236.51,
10424.38,
13287.13,
20425.67,
8004.052,
0,
1256839,
2063, 
5256.954,
169374.3,
57309.25,
1818.505,
6826.382,
3616.274,
11930.96,
9741.294,
31003.79,
5535.051,
96142.95,
35561.96,
6161.298,
5212.985,
5216.573,
26015.72,
39628.89,
537660.2,
6316.175,
151267.2,
21646.08,
12480.32,
10280.06,
13502.75,
22046.29,
8430.47,
0,
1299983,
2064, 
4905.855,
163216.2,
59791.09,
1823.213,
6820.783,
3650.219,
12583.82,
10301.44,
33661.46,
5818.07,
98070.66,
35695.49,
6096.281,
5161.133,
5346.882,
25429.26,
39521.11,
558751.1,
6528.597,
150736.9,
22132.51,
12833.82,
10094.28,
13674.1,
23518.07,
8853.08,
0,
1325016,
2065, 
4700.023,
163116.9,
61695.89,
1830.112,
7158.055,
3675.951,
13097.56,
10883.62,
35835.82,
5971.519,
97614.48,
35516.27,
6038.908,
4840.733,
5469.774,
23973.6,
39765.51,
569379.7,
6672.128,
150309.2,
22654.32,
13125.72,
9938.542,
14024.88,
26154.12,
9042.271,
0,
1342486,
2066, 
4551.851,
158343.5,
64335.75,
1819.56,
7074.25,
3703.122,
13552.92,
11483.17,
38079.03,
6187.525,
97673.11,
35416,
5932.952,
4468.089,
5658.284,
22010.41,
39845.47,
578887.7,
6730.619,
150920.3,
23185.81,
13485.95,
9779.812,
14060.32,
28661.13,
9203.176,
0,
1355050,
2067, 
4634.71,
158600.3,
65904.94,
1836.226,
7332.763,
3733.423,
14100.53,
12102.89,
39753.69,
6310.116,
97201.91,
35544.53,
5876.938,
4000.823,
5732.791,
19796.46,
40294.56,
588421.4,
6771.993,
152872.3,
23896.27,
13946.09,
9654.405,
14480.75,
32236.5,
9221.508,
0,
1374259,
2068, 
4939.648,
156396.3,
68784.85,
1844.207,
7208.668,
3746.166,
14484.67,
12750.07,
41095.92,
6392.697,
97228.89,
35349.96,
5792.139,
3585.563,
5919.095,
17166.66,
40533.55,
598345.6,
6839.851,
153298.5,
24524.9,
14420.96,
9645.38,
14592.86,
35992.35,
9391.57,
0,
1390271,
2069, 
5316.425,
156494.3,
71162.77,
1853.146,
7458.873,
3789.667,
14783.89,
13443.75,
42031.81,
6505.814,
94934.7,
35059.27,
5769.45,
3275.374,
5972.656,
13173.62,
40916.66,
607840.4,
6808.065,
154070,
25156.01,
14960.59,
9628.743,
14858.79,
41387.96,
9886.175,
0,
1406539,
2070, 
5956.934,
154556.7,
73816.35,
1860.592,
7285.942,
3847.452,
15038.65,
14144.69,
43094.72,
6904.206,
94077.57,
34426.18,
5706.168,
2941.107,
6112.481,
10947.23,
41210.13,
617579.6,
6819.715,
151356.3,
25772.82,
15570.33,
9787.79,
14924.63,
45627.82,
10332.46,
0,
1419699,
2071, 
6548.283,
161176.4,
75981.38,
1862.662,
7452.609,
3939.405,
15399.91,
15812.71,
45002.83,
7298.994,
92162.1,
33844.6,
5715.699,
2679.72,
6075.89,
9486.808,
41551.31,
624833.4,
6850.403,
150496.4,
26270.38,
16140.43,
9926.355,
14964.74,
52330.05,
11281.62,
0,
1445085,
2072, 
7085.554,
161988.2,
78197.5,
1862.103,
7282.032,
4053.064,
15755.31,
18041.08,
46195.55,
7806.968,
91972.24,
33729.68,
5691.248,
2499.451,
6153.831,
8339.06,
42113.36,
620537.4,
6822.651,
145488.5,
26777.07,
16690.17,
10245.08,
14676.91,
59030.93,
12475.92,
0,
1451511,
2073, 
7249.256,
169741,
79291.91,
1852.912,
7328.417,
4160.378,
15973.25,
20343.91,
47734,
8083.003,
89908.83,
32787.61,
5687.034,
2329.196,
6145.8,
7645.688,
42663.57,
608915.4,
6694.915,
139714.5,
27109.31,
17202.26,
10424.09,
14362.89,
67228.7,
14013.77,
0,
1454592,
2074, 
7448.704,
178500.5,
80511.53,
1840.562,
7088.193,
4298.647,
16130.83,
22922.61,
50284.61,
8814.444,
93116.94,
33091.09,
5645.115,
2185.375,
6228.021,
7079.174,
43810.28,
610276.8,
6501.09,
132620.2,
27390.69,
17672.32,
10631.25,
14029.82,
76973.3,
15681.57,
0,
1480774,
2075, 
7390.548,
193337.5,
81697.73,
1816.651,
7135.965,
4427.37,
16100.13,
25655.35,
53623.02,
9209.049,
95396.24,
32060.89,
5620.882,
2085.296,
6278.854,
7118.358,
44705.38,
639364.7,
6296.487,
127265,
27407.08,
17998.54,
10625.29,
13566.25,
101985.4,
18557.17,
0,
1556725,
2076, 
7482.958,
204305.2,
82953.7,
1802.47,
6958.206,
4565.233,
16096.46,
28548.08,
56745.13,
10133.85,
104222.4,
32504.9,
5574.248,
2095.779,
6366.876,
6779.154,
45872.43,
663215.1,
6151.525,
125598,
27409.69,
18273.32,
10753.34,
13335.72,
135807,
22063.25,
0,
1645614,
2077, 
7562.374,
223728.8,
84056.28,
1778.619,
7038.507,
4718.911,
16281.64,
31352.15,
60393.58,
10854.96,
109603.1,
32538.21,
5577.985,
2087.155,
6421.38,
6939.16,
47843.38,
669168.8,
6037.204,
123819.1,
27235.17,
18440.91,
10578.26,
13103.09,
170421.1,
25270.81,
0,
1722851,
2078, 
7981.533,
237945.3,
85228.74,
1755.799,
6973.976,
4885.329,
16646.8,
35009.23,
63673.08,
11691.2,
122183.8,
32796.68,
5572.173,
2159.712,
6663.211,
7142.718,
50861.2,
675484.1,
5960.45,
127071.8,
27072.64,
18612.15,
10412.99,
12996.84,
195559.5,
28382.19,
0,
1800723,
2079, 
8278.462,
257682.1,
86373.27,
1736.029,
7099.46,
5052.331,
17095.64,
38995.74,
67257.02,
12383.24,
132102.2,
32629.21,
5644.533,
2208.854,
6802.349,
7474.425,
54345.05,
681336.2,
5932.416,
130151.2,
26833.4,
18661.59,
10113.36,
12911.71,
213259.2,
31274.11,
0,
1873633,
2080, 
8202.032,
270563.2,
87596.43,
1718.51,
7135.683,
5219.898,
17859.23,
42449.96,
67756.81,
12932.39,
136135.5,
32893.72,
5701.151,
2451.648,
6922.188,
7615.351,
58781.72,
687491.1,
5946.13,
141610.4,
26632.44,
18718.64,
9905.028,
13186.48,
235428.7,
33556.42,
0,
1944411,
2081, 
8051.419,
283362.5,
88612.57,
1703.153,
7012.687,
5384.679,
18664.5,
46717.78,
70563.95,
13428.49,
137674.7,
32363.18,
5859.178,
2584.643,
6922.862,
7944.918,
64290.18,
691784.7,
5778.881,
158187.4,
26369.89,
18756.84,
9721.454,
13306.12,
245241.1,
35917.88,
0,
2006206,
2082, 
7898.333,
290964.5,
90224.51,
1687.195,
6871.271,
5517.448,
19459,
50724.75,
72502.58,
13647.69,
137875,
32182.76,
5972.022,
2802.502,
7074.49,
8586.55,
69192.09,
682716.9,
5719.643,
171424.6,
26098.89,
18775.92,
9566.418,
13666.89,
251956.7,
37818.38,
0,
2040927,
2083, 
7469.103,
290647.5,
91453.12,
1672.574,
6536.758,
5646.843,
20352.13,
54131.08,
75046.61,
13938.46,
130568.8,
31765.03,
6020.466,
2881.327,
6788.387,
9505.933,
76605.45,
673100.3,
5562.523,
177712.7,
25846.54,
18718.38,
9535.522,
13806.58,
258979.9,
39777.31,
0,
2054069,
2084, 
7168.987,
289857.8,
93273.8,
1669.125,
6410.4,
5839.4,
21536.71,
57440.86,
76716.98,
13728.39,
127535.1,
31516.8,
6116.022,
3151.994,
6975.223,
10168.07,
85120.71,
649583.4,
5452.207,
183362.3,
25616.03,
18654.61,
9570.089,
13985.03,
266266.7,
41995.9,
0,
2058713,
2085, 
6842.699,
284640,
95345.66,
1655.42,
6198.325,
5834.955,
22536.52,
60341.57,
78494.91,
14149.93,
125574.3,
30902.29,
6186.833,
3284.047,
6965.418,
11372.6,
94051.15,
635856.8,
5352.256,
180913.8,
25396.9,
18489.12,
9916.7,
13850.31,
273737.4,
44059.95,
0,
2061950,
2086, 
6635.551,
276615.9,
97802.88,
1657.36,
6136.15,
5928.736,
23879.32,
63459.21,
80407.4,
14058.67,
123388.7,
30714.88,
6252.198,
3579.567,
6948.627,
12539.8,
105935.4,
629461.3,
5248.478,
181790.3,
25450.67,
18335.57,
10241.58,
13895.97,
280447.4,
46609.47,
0,
2077421,
2087, 
6443.092,
266736.4,
100875.2,
1651.717,
6065.331,
6023.049,
24913.36,
66507.8,
81101.95,
14506.92,
123671.9,
30517.18,
6291.714,
3826.743,
6945.847,
13818.67,
116737,
625751.3,
5150.247,
183868.5,
25462.96,
18164.7,
10626.25,
13793.59,
287742.8,
48966.06,
0,
2096160,
2088, 
6301.033,
257698,
103169.5,
1656.423,
6267.537,
6189.194,
25980.54,
70619.66,
81094.84,
14337.5,
124167.7,
29925.75,
6427.836,
4337.474,
7011.769,
15334.17,
131177.9,
646083.6,
5053.582,
186776.2,
25550.6,
18033.68,
11059.15,
13894.44,
295783.7,
51668.52,
0,
2145600,
2089, 
6216.831,
247977.4,
106782.2,
1649.108,
6290.966,
6230.912,
26519.63,
73475.83,
82756.45,
14787.59,
124296.1,
29902.22,
6466.082,
4627.876,
6976.418,
18371.22,
145882.7,
652254.3,
5025.607,
189467.1,
25590.33,
17901.07,
11534.66,
13857.6,
303771.3,
54141.82,
0,
2182754,
2090, 
6106.086,
240519.5,
109253.3,
1764.977,
6395.142,
6446.718,
27259.52,
77890.15,
85480.48,
14589.98,
121338.9,
29723.48,
6684.065,
5068.088,
7196.692,
21458.5,
160779.5,
661254.8,
5009.102,
189654,
26136.81,
17775.88,
11489.86,
14106.56,
312396.8,
57024.71,
0,
2222804,
2091, 
5978.445,
236402.6,
115719.6,
1849.49,
6511.417,
6644.548,
28206.48,
80751.16,
89919.95,
15111.68,
127602.4,
29626.9,
6824.932,
5305.826,
7374.482,
24892.17,
176468.9,
646520.2,
5000.221,
187450.8,
26418.97,
17682.34,
11505.78,
14221.39,
321614.4,
59012.97,
0,
2254618,
2092, 
5994.239,
235106.3,
121000.6,
1949.101,
6739.699,
6904.397,
29675.32,
85030.54,
95572.16,
15286.21,
131264.3,
29647.42,
7020.517,
5826.004,
7637.225,
27536.74,
193624.3,
632021.5,
5073.144,
184734.5,
26745.22,
17586.12,
11276.66,
14607.5,
335810,
62138.04,
0,
2295808,
2093, 
5969.13,
236318.4,
128533.3,
2043.603,
6751.78,
7065.953,
31243.25,
89700.1,
101468.5,
16142.76,
139299.3,
29953.29,
7183.818,
6115.301,
7575.261,
29008.77,
211680.3,
621004,
5144.014,
181127.5,
26966.26,
17509.4,
11118.1,
14949.46,
351670.5,
64995.19,
0,
2350537,
2094, 
6077.559,
247058.3,
133076.5,
2141.596,
7183.232,
7199.416,
33237.93,
94297.59,
107479.5,
16792.29,
143783.1,
29897.69,
7383.071,
6650.394,
8092.946,
29735.63,
229320.7,
608213.6,
5164.228,
178087.3,
27256.45,
17401.41,
10778.92,
15613.32,
367844.6,
67795.45,
0,
2407563,
2095, 
6152.942,
252197.4,
138064.5,
2138.575,
7321.306,
7348.769,
34526.73,
100299.9,
114110,
17807.53,
150489.8,
30375.79,
7436.183,
6984.998,
7871.25,
30267.97,
252088.5,
596312.3,
5205.612,
177859.5,
27023.85,
17280.45,
10456.14,
16527.22,
382206.6,
70994.99,
0,
2469349,
2096, 
6430.754,
263488.2,
142059.5,
2154.466,
7715.946,
7538.716,
35421,
108026.6,
118957.6,
18821.47,
148147.9,
30387.53,
7570.978,
7634.479,
7940.287,
30549.84,
279777,
585788.1,
5255.27,
182729.7,
26810.89,
17090.99,
10079.4,
18043.37,
400871,
73876,
0,
2543167,
2097, 
6495.807,
272572.2,
145015.9,
2152.289,
7849.749,
7692.618,
35112.95,
115604.6,
124245.6,
19876.82,
147579.1,
30747.85,
7709.319,
8040.672,
8027.898,
30058.77,
309641.3,
568551.1,
5231.465,
187591.8,
26546.49,
16927.37,
9853.097,
19392.26,
409990.8,
77123.1,
0,
2599631,
2098, 
6622.434,
278556.3,
148223.4,
2160.816,
7982.893,
7814.837,
35112.35,
121778.3,
127660.5,
20718.13,
141568.9,
30539.43,
7843.548,
8563.29,
8159.45,
29640.26,
329359.3,
563668.4,
5228.408,
188767.4,
26431.17,
16761.26,
9673.455,
21075.55,
421048.3,
79446.99,
0,
2644405,
2099, 
6573.242,
281837.8,
150486.4,
2162.58,
8142.303,
7922.373,
34441.14,
134082.9,
132188.3,
21418.15,
139642.2,
30692.6,
7970.893,
8827.685,
8301.957,
28665.66,
349982.3,
569935.2,
5328.008,
190292.2,
26285,
16601.88,
9722.23,
23050.83,
430243.3,
82931.53,
0,
2707729,
2100, 
6562.595,
281724.2,
154114,
2169.579,
8112.247,
7973.642,
34354.68,
143917.3,
135499.5,
22095.62,
136013.8,
30343.9,
8138.12,
9174.019,
8425.877,
27342.92,
366585,
586582,
5290.611,
191624.7,
26186.54,
16460.25,
9731.476,
25223.72,
437691.2,
85055.14,
0,
2766393];
