real main.em.dem.IVA[28](t) = [1971, 
6327.02,
7103.11,
2220.082,
1808.952,
1767.523,
2654.346,
880.0013,
373.6453,
128.9787,
2803.497,
6125.516,
3143.475,
1128.559,
2011.686,
955.0233,
2351.798,
4583.802,
171.9925,
673.9396,
238.8567,
379.1817,
181.5722,
6332.22,
5007.336,
196.5258,
496.2059,
0,
1879.51,
1972, 
6564.541,
7411.629,
2344.463,
1922.108,
1943.874,
2638.038,
1057.642,
368.3125,
132.9644,
2868.381,
6297.06,
3312.017,
1236.31,
2043.973,
965.3824,
2394.36,
5082.102,
167.5235,
725.4003,
254.7359,
404.8527,
230.7475,
6680.59,
4923.084,
170.3715,
518.1562,
0,
1943.78,
1973, 
7175.564,
7777.166,
2444.686,
2011.512,
2197.607,
2701.643,
1107.51,
386.591,
135.0408,
3071.643,
6624.392,
3467.446,
1239.608,
2175.726,
1022.31,
2554.291,
5989.18,
160.5362,
885.7791,
274.2008,
431.9609,
263.3343,
7238.372,
4951.261,
179.8784,
579.3472,
0,
2052.387,
1974, 
7538.07,
7589.419,
2603.351,
2054.537,
2406.516,
2968.834,
1288.763,
438.0214,
134.0009,
3226.652,
6728.769,
3797.69,
1211.67,
2253.62,
1053.436,
2651.398,
7714.351,
169.5467,
906.5872,
270.5729,
497.4467,
351.6718,
6794.75,
5482.708,
183.9674,
587.5587,
0,
2106.563,
1975, 
7280.622,
7324.097,
2673.594,
2096.857,
2479.03,
2977.548,
1231.329,
416.8533,
139.1172,
3260.641,
6429.652,
4044.368,
1272.1,
2286.72,
1063.384,
2693.475,
6862.771,
186.7188,
976.9592,
300.9772,
502.5904,
353.4726,
6566.391,
5196.486,
193.8705,
497.9107,
0,
2049.879,
1976, 
7505.812,
7778.527,
2688.104,
2168.178,
2625.221,
3042.113,
1400.506,
424.061,
137.3057,
3285.901,
6700.796,
4223.292,
1454.402,
2401.174,
1110.708,
2834.884,
7176.194,
195.5778,
1120.69,
307.1232,
559.6721,
369.278,
6770.768,
5376.891,
205.5252,
482.664,
0,
2132.359,
1977, 
7782.607,
8193.527,
2767.824,
2207.981,
2607.911,
3000.367,
1491.64,
371.5395,
137.1938,
3133.769,
6786.958,
4473.358,
1433.968,
2498.059,
1149.447,
2955.849,
6913.851,
203.2798,
1258.369,
339.7549,
594.5784,
394.2991,
6823.018,
5397.676,
200.994,
447.5151,
0,
2171.677,
1978, 
7951,
8506.976,
2924.678,
2342.016,
2731.794,
2904.761,
1546.521,
327.393,
141.9599,
3290.014,
6898.678,
4724.88,
1387.818,
2597.72,
1189.06,
3078.014,
6075.997,
219.5423,
1441.726,
378.7832,
624.8021,
437.804,
7165.493,
5282.674,
207.4258,
450.5867,
0,
2213.07,
1979, 
8434.988,
8585.527,
3196.353,
2451.65,
2887.33,
3020.316,
1771.979,
359.5304,
142.0713,
3575.188,
7104.478,
4967.931,
1508.247,
2656.148,
1209.515,
3153.558,
6776.52,
210.0921,
1577.436,
395.9305,
679.1323,
484.9572,
7478.105,
5391.689,
217.2901,
482.9814,
0,
2288.906,
1980, 
8547.197,
8460.855,
3428.967,
2491.641,
3316.679,
2922.671,
1734.812,
395.5567,
151.4471,
3946.503,
7195.53,
4765.417,
1303.855,
2755.958,
1248.553,
3281,
6895.624,
212.298,
1561.64,
391.1465,
711.0702,
566.5806,
7702.167,
5389.417,
219.7075,
488.5036,
0,
2304.379,
1981, 
8495.032,
8740.617,
3604.931,
2411.689,
3093.742,
2779.792,
1666.983,
374.682,
135.9421,
3823.705,
7031.413,
4921.38,
1523.023,
2883.824,
1293.532,
3452.709,
6499.091,
227.7558,
1619.626,
392.4797,
725.7065,
590.0774,
7847.141,
5766.461,
215.5549,
443.8261,
0,
2296.09,
1982, 
7760.114,
8199.646,
3541.688,
2357.961,
3169.292,
2611.946,
1608.447,
370.028,
132.1229,
3593.908,
6958.468,
4884.806,
1606.048,
3196.601,
1369.838,
3914.901,
5202.171,
230.6137,
1736.382,
399.4084,
748.4736,
538.3324,
7894.506,
6005.945,
217.3171,
412.8141,
0,
2235.084,
1983, 
8007.923,
8129.407,
3507.349,
2376.499,
2887.144,
2498.032,
1586.3,
362.3291,
130.7998,
3477.236,
6979.994,
4740.38,
1591.803,
3223.898,
1410.345,
3868.251,
4401.055,
242.9069,
1955.46,
433.4453,
775.8304,
601.6055,
7799.904,
5620.706,
225.023,
431.09,
0,
2197.466,
1984, 
8602.019,
8731.562,
3538.304,
2389.387,
3087.527,
2669.676,
1583.868,
372.2115,
129.5647,
3445.234,
7082.943,
4854.042,
1602.792,
3292.16,
1443.616,
3944.683,
4095.91,
249.5275,
2140.974,
474.1548,
777.1968,
618.1821,
8051.693,
5914.564,
230.9607,
429.9735,
0,
2256.249,
1985, 
8831.786,
8724.348,
3601.043,
2414.076,
3237.326,
2572.714,
1577.598,
388.5534,
125.0633,
3354.475,
7221.891,
5257.041,
1694.345,
3488.641,
1440.173,
4361.561,
3529.765,
257.8499,
2209.604,
505.8925,
711.5186,
577.2894,
8371.682,
5911.686,
238.0795,
457.0052,
0,
2282.984,
1986, 
8317.469,
8501.951,
3365.961,
2399.932,
3410.923,
2547.542,
1416.56,
342.5826,
129.2868,
3303.475,
7277.666,
5375.952,
2094.433,
3373.062,
1370.947,
4090.485,
2913.425,
266.3362,
2473.357,
556.4649,
716.1177,
566.8199,
8450.056,
6042.341,
249.5625,
438.698,
0,
2251.776,
1987, 
8680.635,
8619.76,
3662.211,
2383.739,
3522.354,
2657.496,
1334.905,
323.575,
137.7406,
3136.456,
7305.772,
5405.258,
2294.341,
3470.698,
1331.102,
4246.567,
3042.973,
270.9613,
2764.56,
608.2914,
745.2892,
630.8088,
8723.048,
5777.113,
254.7757,
483.6338,
0,
2289.51,
1988, 
9035.006,
8992.435,
3072.137,
2431.011,
3283.543,
2725.26,
1366.729,
317.0512,
135.1033,
3188.403,
7514.397,
5290.88,
2408.433,
3600.906,
1325.198,
4357.528,
2823.012,
289.4004,
3027.909,
656.561,
800.7872,
676.7604,
9328.87,
5629.091,
263.054,
512.983,
0,
2328.755,
1989, 
8939.924,
8889.449,
2872.661,
2453.499,
3258.741,
2765.457,
1380.844,
334.287,
139.3437,
3130.506,
7703.978,
5249.497,
2378.348,
3764.511,
1225.491,
6150.354,
3124.664,
308.8434,
3122.564,
663.9377,
864.8789,
740.8186,
9755.663,
5883.745,
262.0708,
530.2947,
0,
2404.105,
1990, 
8467.531,
8719.729,
2865.488,
2362.471,
2778.108,
2619.678,
1423.604,
334.3679,
139.4062,
3005.56,
7741.229,
4632.603,
2416.119,
3343.458,
1273.026,
5667.518,
3554.934,
318.849,
3394.9,
657.399,
924.5139,
808.9631,
10321.75,
5649.569,
276.2389,
459.7258,
0,
2357.676,
1991, 
7645.208,
8207.525,
2888.312,
2270.969,
2592.153,
2598.173,
1557.73,
311.8396,
132.9694,
2778.311,
7633.876,
4026.816,
2430.742,
3439.057,
1230.881,
5274.611,
3507.61,
302.7264,
3742.244,
700.7224,
978.9636,
897.2351,
10531.79,
5445.176,
282.6119,
434.7379,
0,
2294.012,
1992, 
7457.386,
8105.805,
2943.947,
2218.755,
2717.657,
2599.975,
1519.636,
292.8185,
125.7759,
2516.349,
7490.301,
3425.44,
2483.212,
3087.031,
1226.817,
4058.78,
3758.756,
316.4852,
3777.994,
795.7747,
1010.668,
932.2382,
10280.07,
5290.888,
295.3461,
467.2097,
0,
2237.817,
1993, 
7626.438,
8185.015,
2808.801,
2194.29,
3011.03,
2536.861,
1474.929,
309.5318,
125.5133,
2423.467,
7164.837,
3134.085,
2523.885,
2056.819,
1139.779,
3816.382,
3762.315,
322.4711,
3987.04,
929.1647,
1079.584,
988.4615,
9878.82,
5420.107,
297.6826,
374.4234,
0,
2213.075,
1994, 
8209.866,
8579.416,
2879.757,
2210.94,
3006.848,
2414.262,
1468.608,
313.7268,
120.2523,
2409.366,
7343.064,
3218.637,
2526.66,
1916.603,
889.5651,
3338.667,
3739.227,
348.926,
4265.89,
1017.893,
1144.559,
1065.414,
9544.885,
5712.989,
301.4553,
396.513,
0,
2243.916,
1995, 
8550.546,
8756.063,
2757.799,
2231.867,
2124.008,
2409.181,
1484.234,
315.3688,
119.8607,
2418.084,
7510.337,
3177.97,
2676.335,
1559.97,
742.1852,
2663.858,
3741.872,
381.9136,
4627.175,
1113.335,
1228.761,
1168.327,
9499.097,
5730.172,
310.9456,
391.3519,
0,
2241.903,
1996, 
8662.011,
8800.13,
2898.985,
2291.926,
2020.53,
2586.754,
1511.38,
344.5511,
140.7305,
2375.257,
7499.08,
3299.528,
2688.828,
1341.637,
704.459,
2704.625,
4099.97,
391.5353,
4815.152,
1208.507,
1314.355,
1289.543,
9687.561,
5829.945,
321.3851,
409.9668,
0,
2290.306,
1997, 
8946.045,
8943.542,
3066.094,
2324.529,
2065.385,
2725.058,
1543.279,
345.6502,
145.5108,
2346.828,
7603.289,
3351.696,
2867.979,
1296.521,
639.0927,
2709.742,
4106.176,
397.0578,
4964.191,
1297.548,
1350.686,
1351.147,
9751.076,
5917.222,
320.5584,
415.6327,
0,
2334.322,
1998, 
8961.029,
8914.439,
3162.902,
2378.329,
2004.291,
2576.921,
1453.523,
323.6577,
149.3534,
2287.063,
7699.178,
3358.645,
3214.576,
1332.137,
672.4907,
2526.67,
3645.92,
403.359,
4540.834,
1343.274,
1250.345,
1183.016,
9319.03,
5864.057,
330.5367,
415.348,
0,
2295.234,
1999, 
9746.19,
9089.606,
3245.415,
2451.2,
1995.308,
2437.958,
1502.024,
345.6446,
154.7311,
2237.016,
7780.452,
3373.412,
2870.18,
1393.622,
730.4435,
2687.991,
4036.927,
412.5854,
4871.488,
1414.411,
1321.959,
1132.278,
9150.555,
6156.416,
332.4383,
460.5306,
0,
2336.934,
2000, 
10811.01,
9278.369,
3326.876,
2522.484,
2193.976,
2528.975,
1696.431,
378.5414,
170.2478,
2337.657,
8068.5,
3467.49,
2851.708,
1431.735,
862.0801,
3031.742,
4655.562,
436.4616,
4958.939,
1513.601,
1457.257,
1238.762,
9282.396,
6298.613,
339.3873,
474.445,
0,
2447.993,
2001, 
10468.47,
8788.952,
3193.353,
2542.747,
2128.172,
2441.529,
1667.449,
375.2025,
171.118,
2403.784,
8035.977,
3453.627,
2543.155,
1491.433,
934.4069,
3021.298,
4356.968,
436.4561,
4921.116,
1563.264,
1429.588,
1319.162,
8883.552,
6204.662,
347.609,
462.6882,
0,
2397.432,
2002, 
10352.72,
8608.592,
3091.671,
2565.407,
2170.71,
2539.606,
1727.861,
414.4322,
178.2417,
2514.597,
7889.938,
3497.615,
2527.491,
1573.539,
994.4884,
3055.947,
4359.298,
466.1062,
5179.681,
1661.402,
1475.772,
1294.072,
8721.397,
6535.175,
359.4288,
489.6761,
0,
2409.181,
2003, 
10514.81,
8582.949,
3847.879,
2604.053,
2222.366,
2654.386,
1816.893,
431.5793,
184.7468,
2443.58,
7765.057,
3671.449,
2615.685,
1751.588,
1073.917,
3296.691,
4612.84,
491.8494,
5370.754,
1835.646,
1562.831,
1280.942,
8824.367,
6551.646,
371.6861,
495.7713,
0,
2481.92,
2004, 
10896.74,
8881.569,
4100.947,
2680.506,
2511.593,
3022.988,
1926.671,
499.2273,
201.3285,
2464.507,
7880.571,
4018.621,
2813.223,
2047.541,
1192.036,
3678.948,
5131.924,
564.2004,
5809.65,
1997.929,
1675.719,
1356.613,
9096.763,
6733.228,
415.6017,
529.3798,
0,
2631.832,
2005, 
11116.9,
9198.106,
4184.903,
2798.976,
2492.087,
3285.288,
2043.835,
534.6364,
213.519,
2554.78,
8000.575,
4203.451,
3010.206,
2023.936,
1305.948,
4403.161,
5603.39,
619.8127,
5944,
2234.235,
1785.294,
1475.453,
9268.013,
6824.463,
443.3026,
612.3049,
0,
2775.133,
2006, 
11310.02,
9314.62,
4557.982,
2949.749,
2517.227,
3576.568,
2159.911,
543.0781,
224.5667,
2693.889,
8280.46,
4559.307,
3197.115,
2379.169,
1499.309,
4699.158,
5818.104,
683.5028,
6126.056,
2556.53,
1873.668,
1564.101,
9296.021,
6902.693,
467.0077,
676.4413,
0,
2928.103,
2007, 
11436.39,
9406.857,
4677.59,
3013.657,
2580.492,
3723.511,
2168.301,
539.3535,
246.419,
2822.607,
8476.272,
4845.762,
3255.928,
2603.217,
1652.611,
5206.876,
6029.237,
740.4101,
6390.316,
2889.635,
1921.832,
1638.415,
9496.001,
7038.543,
488.3646,
761.1665,
0,
3066.304,
2008, 
11035.36,
9653.519,
4607.188,
2977.936,
2603.543,
3802.842,
2201.976,
523.3503,
257.4486,
2786.774,
8117.501,
5034.408,
3351.432,
2743.698,
1733.982,
5365.066,
6035.943,
749.5354,
6486.106,
3098.856,
1939.214,
1672.673,
8957.822,
7081.336,
497.3572,
765.0958,
0,
3092.781,
2009, 
9920.839,
9396.839,
4076.195,
2947.683,
2575.901,
3663.796,
2145.795,
538.9097,
266.5506,
2704.693,
7361.266,
4920.853,
3150.159,
2532.501,
1622.073,
5008.039,
5688.287,
800.7234,
6706.175,
3323.573,
1901.263,
1736.114,
8015.162,
6971.484,
536.5794,
758.7578,
0,
3020.277,
2010, 
10229.54,
9459.601,
4194.509,
3341.189,
2744.297,
3801.682,
2152.472,
575.859,
262.8612,
2693.054,
7464.125,
5080.439,
3601.188,
2663.815,
1549.318,
5264.876,
5910.792,
857.3035,
7176.793,
3696.403,
2000.691,
1810.712,
8102.992,
6878.826,
557.5948,
764.5706,
0,
3158.216,
2011, 
10460.45,
9476.936,
4252.02,
3402.156,
2775.864,
3918.604,
1993.226,
582.1027,
252.7926,
2695.551,
7396.177,
5038.963,
3925.217,
2779.989,
1601.84,
5493.382,
6027.383,
882.0798,
7375.036,
4051.649,
2051.355,
1883.613,
8033.414,
7062.367,
573.7175,
793.0509,
0,
3242.615,
2012, 
10544.16,
9705.933,
4273.736,
3486.476,
2780.975,
3940.865,
2057.228,
584.7925,
1306.946,
2700.077,
7218,
5013.809,
4126.545,
2648.201,
1644.025,
5573.405,
5870.904,
897.6242,
7517.056,
4354.851,
2131.878,
1953.23,
8171.732,
7216.823,
596.4143,
824.5219,
0,
3349.56,
2013, 
10834.94,
9734.683,
4280.045,
3543.373,
2776.632,
3963.704,
2030.41,
604.6989,
1334.848,
2666.597,
7205.816,
5196.745,
4403.294,
2612.235,
1696.414,
5515.934,
5892.692,
942.0839,
7682.856,
4674.752,
2203.107,
2023.807,
8550.857,
7356.749,
620.1443,
810.7331,
0,
3434.442,
2014, 
10811.06,
9894.16,
4256.856,
3609.551,
2693.391,
4410.838,
1987.976,
604.6799,
1207.744,
2668.668,
7325.637,
5406.396,
4525.049,
2411.906,
1735.515,
5555.688,
6022.718,
1011.529,
7895.864,
4958.185,
2272.595,
2082.937,
8689.795,
7335.125,
650.9336,
851.4291,
0,
3528.869,
2015, 
10594.93,
9921.004,
4245.03,
3673.038,
2533.635,
3546.73,
2022.147,
579.4606,
1111.932,
2632.226,
7514.314,
5547.581,
4779.676,
2245.337,
1768.216,
5466.481,
6188.292,
1082.686,
8120.48,
5251.006,
2362.768,
2145.197,
8905.275,
7330.146,
685.8455,
858.723,
0,
3584.603,
2016, 
10829.94,
10039.37,
4219.316,
3738.616,
2394.634,
3365.244,
2026.786,
566.4393,
1047.08,
2589.401,
7680.502,
5780.044,
4909.622,
2277.163,
1843.745,
5388.964,
6314.438,
1134.437,
8453.306,
5531.166,
2438.491,
2211.881,
9715.369,
7198.954,
719.8392,
841.5081,
0,
3671.286,
2017, 
10850.41,
10256.93,
4303.532,
3844.541,
2485.783,
3461.635,
2092.9,
583.3287,
1097.75,
2702.546,
7762.424,
5978.21,
5064.865,
2390.322,
1935.655,
5546.972,
6372.375,
1201.522,
8782.395,
5952.011,
2539.072,
2345.649,
9800.958,
7348.338,
749.2737,
872.0082,
0,
3807.965,
2018, 
10881.53,
10493,
4388.321,
3952.181,
2581.058,
3560.998,
2162.153,
600.9802,
1150.717,
2816.277,
7848.554,
6178.076,
5231.487,
2507.556,
2031.31,
5710.994,
6430.657,
1271.462,
9123.75,
6404.428,
2643.02,
2487.438,
9887.46,
7498.728,
780.1237,
903.5641,
0,
3952.638,
2019, 
10922.71,
10748.91,
4473.865,
4061.71,
2681.392,
3663.398,
2234.255,
619.2388,
1204.626,
2930.369,
7939.947,
6379.741,
5410.756,
2628.778,
2131.58,
5879.375,
6490.141,
1344.461,
9476.442,
6889.439,
2750.307,
2637.643,
9975.21,
7649.348,
812.2894,
936.5718,
0,
4105.517,
2020, 
10081.65,
10281.76,
3966.458,
3724.249,
2505.576,
3348.197,
2101.473,
583.2158,
1150.16,
2582.793,
7207.684,
5996.086,
5211.419,
2535.923,
2043.144,
5410.332,
5968.126,
1194.43,
9390.799,
6988.815,
2597.321,
2538.255,
9390.529,
7218.723,
764.9419,
890.776,
0,
3916.236,
2021, 
10278.59,
10737.98,
4061.421,
3820.385,
2602.81,
3445.272,
2126.843,
582.4556,
1163.09,
2609.029,
7639.097,
6323.356,
5384.54,
2594.33,
2078.588,
5677.023,
5978.537,
1328.875,
9781.466,
7486.364,
2690.976,
2665.951,
9518.975,
7339.099,
781.7169,
898.0108,
0,
4101.793,
2022, 
10261.72,
10901.36,
4115.08,
3884.705,
2661.379,
3517.545,
2136.143,
588.6566,
1190.234,
2643.451,
7711.79,
6506.817,
5508.596,
2699.674,
2118.033,
5757.134,
5940.044,
1418.002,
10088.67,
7865.227,
2791.971,
2792.015,
9563.316,
7451.91,
798.1151,
916.841,
0,
4211.159,
2023, 
10227.96,
11042.61,
4188.363,
3967.25,
2725.397,
3606.644,
2146.196,
596.5757,
1221.451,
2678.198,
7788.53,
6693.516,
5638.603,
2811.648,
2161.617,
5847.362,
5906.269,
1518.685,
10441.03,
8261.064,
2901.765,
2933.349,
9616.011,
7562.214,
815.1878,
939.3256,
0,
4327.661,
2024, 
10194.67,
11172.45,
4259.355,
4044.449,
2789.727,
3693.4,
2153.594,
604.9917,
1254.337,
2711.719,
7856.645,
6870.82,
5798.205,
2938.466,
2229.349,
5930.146,
5872.563,
1617.646,
10771.34,
8653.534,
3017.282,
3074.998,
9665.956,
7659.6,
833.5085,
963.8114,
0,
4441.629,
2025, 
10162.27,
11350.04,
4333.246,
4120.724,
2880.618,
3782.317,
2163.115,
613.8196,
1288.776,
2772.78,
7925.917,
7053.162,
5963.996,
3072.096,
2292.723,
6045.524,
5846.281,
1692.041,
11127.29,
8919.409,
3134.02,
3232.647,
9744.654,
7766.739,
852.8637,
990.0632,
0,
4533.279,
2026, 
10166.58,
11520.03,
4429.629,
4224.103,
2969.112,
3877.328,
2231.608,
633.6447,
1344.471,
2854.289,
8004.7,
7226.928,
6125.349,
3208.043,
2364.7,
6210.635,
5924.536,
1761.36,
11454.91,
9253.316,
3237.085,
3389.779,
9854.932,
7851.188,
888.3358,
1018.942,
0,
4644.473,
2027, 
10169.37,
11685.88,
4529.814,
4328.893,
3061.046,
3975.331,
2302.625,
654.0665,
1402.521,
2937.364,
8084.297,
7403.186,
6292.275,
3352.398,
2438.087,
6381.696,
6006.859,
1832.806,
11792.89,
9600.708,
3343.707,
3554.797,
9967.651,
7937.083,
925.1413,
1049.213,
0,
4759.11,
2028, 
10212.97,
11845.99,
4633.116,
4434.491,
3156.596,
4075.872,
2376.163,
675.1332,
1463.033,
3021.941,
8164.575,
7582.479,
6465.094,
3505.678,
2512.888,
6559.285,
6093.559,
1906.506,
12140.23,
9962.062,
3453.169,
3727.877,
10081.33,
8024.851,
963.2645,
1080.779,
0,
4877.345,
2029, 
10255.93,
12002.3,
4739.573,
4541.396,
3253.803,
4178.913,
2452.288,
696.9031,
1526.276,
3108.055,
8246.062,
7765.415,
6643.929,
3669.276,
2589.453,
6743.57,
6184.908,
1982.667,
12496.97,
10338.28,
3565.64,
3910.75,
10196.43,
8112.658,
1002.781,
1113.835,
0,
4999.323,
2030, 
10297.97,
12155.2,
4849.328,
4649.546,
3354.648,
4284.447,
2531.218,
719.4255,
1592.377,
3195.802,
8328.104,
7952.267,
6828.982,
3844.118,
2667.715,
6934.875,
6280.518,
2061.378,
12863.46,
10729.79,
3681.114,
4102.626,
10312.96,
8203.196,
1043.516,
1148.393,
0,
5125.126,
2031, 
10349.81,
12281.18,
4961.513,
4755.151,
3445.256,
4384.274,
2604.459,
741.6909,
1661.018,
3273.901,
8404.021,
8126.668,
7005.45,
4013.576,
2746.724,
7101.951,
6360.218,
2136.822,
13189.78,
11014.71,
3783.222,
4278.645,
10410.29,
8286.386,
1083.276,
1181.544,
0,
5224.777,
2032, 
10401.14,
12404.02,
5077.008,
4861.655,
3538.888,
4486.156,
2679.772,
764.7822,
1733.187,
3353.244,
8481.393,
8304.602,
7185.589,
4194.757,
2826.084,
7274.009,
6443.211,
2214.773,
13523.85,
11308.12,
3887.306,
4461.979,
10508.89,
8372.657,
1124.279,
1215.023,
0,
5327.042,
2033, 
10453.37,
12524.12,
5195.837,
4969.153,
3633.513,
4589.949,
2757.301,
788.7899,
1809.006,
3433.731,
8560.135,
8486.154,
7370.554,
4388.03,
2906.039,
7450.993,
6529.347,
2295.665,
13866.29,
11610.32,
3993.147,
4652.994,
10608.95,
8459.622,
1166.517,
1249.839,
0,
5432.045,
2034, 
10506.76,
12641.83,
5318.075,
5077.785,
3731.067,
4695.774,
2837.135,
813.7805,
1888.844,
3515.42,
8640.478,
8671.503,
7560.639,
4594.085,
2986.428,
7633.232,
6618.452,
2379.59,
14217.81,
11921.55,
4099.965,
4852.116,
10710.93,
8548.029,
1210.028,
1285.946,
0,
5539.938,
2035, 
10566.25,
12758.45,
5443.129,
5241.212,
3827.915,
4821.207,
2915.056,
839.8764,
1972.183,
3596.097,
8730.905,
8879.602,
7754.041,
4790.988,
3071.972,
7821.415,
6719.506,
2478.464,
14591.14,
12261.79,
4223.746,
5051.027,
10840.03,
8614.153,
1262.085,
1320.047,
0,
5659.309,
2036, 
10626.8,
12853.95,
5570.531,
5408.898,
3924.956,
4943.573,
2987.324,
867.5474,
2064.703,
3669.323,
8828.104,
9071.469,
7950.34,
4971.032,
3138.427,
7979.599,
6817.62,
2572.773,
14932.87,
12544.39,
4343.418,
5241.397,
10960.23,
8677.912,
1315.593,
1361.242,
0,
5764.811,
2037, 
10688.77,
12946.19,
5701.396,
5579.919,
4023.471,
5067.974,
3061.363,
896.5057,
2163.317,
3743.269,
8926.621,
9266.462,
8150.585,
5155.162,
3204.763,
8141.881,
6918.229,
2670.168,
15281.92,
12834.69,
4464.893,
5438.295,
11081.99,
8739.647,
1370.944,
1403.664,
0,
5872.931,
2038, 
10752.49,
13036.46,
5835.719,
5754.458,
4123.514,
5194.521,
3137.369,
926.8899,
2269.255,
3818.004,
9029.1,
9465.021,
8354.519,
5344.354,
3270.322,
8307.68,
7021.571,
2770.92,
15638.39,
13133.06,
4588.418,
5642.136,
11205.47,
8799.991,
1428.245,
1447.438,
0,
5984.089,
2039, 
10818.05,
13124.67,
5973.502,
5932.408,
4225.08,
5323.24,
3215.287,
958.7729,
2384.473,
3893.366,
9133.106,
9666.997,
8562.197,
5539.084,
3334.88,
8476.835,
7127.301,
2875.1,
16002.59,
13439.5,
4713.83,
5853.116,
11330.56,
8858.883,
1487.572,
1492.608,
0,
6098.258,
2040, 
10885.86,
13211,
6114.806,
6113.799,
4328.165,
5454.126,
3295.129,
992.262,
2510.835,
3969.454,
9238.766,
9872.525,
8773.688,
5739.789,
3398.307,
8649.287,
7235.13,
2982.84,
16374.73,
13754.18,
4841.113,
6071.459,
11457.25,
8916.382,
1549.014,
1539.244,
0,
6215.62,
2041, 
10941.74,
13283.16,
6261.434,
6298.14,
4429.846,
5582.35,
3370.292,
1027.896,
2656.264,
4037.802,
9345.102,
10053.61,
8980.885,
5924.158,
3441.269,
8782.479,
7330.768,
3085.601,
16733.43,
14030.2,
4964.122,
6275.438,
11589.85,
8975.702,
1611.959,
1594.939,
0,
6323.054,
2042, 
11001.21,
13353.77,
6411.739,
6485.734,
4532.854,
5712.435,
3446.976,
1065.409,
2819.886,
4106.52,
9453.917,
10237.72,
9191.645,
6113.733,
3482.337,
8917.537,
7427.919,
3191.524,
17100.64,
14312.65,
5088.537,
6485.662,
11723.99,
9033.757,
1677.142,
1652.699,
0,
6433.769,
2043, 
11064.49,
13423.33,
6565.819,
6676.672,
4637.202,
5844.346,
3525.333,
1104.948,
2998.467,
4175.647,
9565.416,
10424.85,
9405.951,
6308.743,
3521.516,
9054.39,
7526.55,
3300.749,
17475.88,
14600.21,
5214.599,
6702.38,
11859.86,
9090.778,
1744.71,
1712.656,
0,
6547.5,
2044, 
11130.98,
13492,
6723.756,
6870.944,
4742.838,
5978.188,
3605.473,
1146.641,
3185.768,
4245.229,
9679.164,
10615.08,
9623.989,
6509.339,
3558.43,
9192.941,
7626.653,
3413.396,
17859.48,
14894.8,
5342.128,
6925.727,
11997.32,
9146.885,
1814.792,
1774.868,
0,
6664.217,
2045, 
11200.03,
13560.06,
6885.677,
7068.573,
4849.753,
6113.974,
3687.55,
1190.623,
3378.204,
4315.317,
9794.808,
10808.47,
9845.942,
6715.68,
3592.965,
9333.143,
7728.155,
3529.607,
18251.7,
15196.67,
5471.173,
7155.892,
12136.43,
9202.257,
1887.542,
1839.436,
0,
6783.81,
2046, 
11255.11,
13609.66,
7057.46,
7267.713,
4954.406,
6248.305,
3765.221,
1237.013,
3576.255,
4377.808,
9906.264,
10986.34,
10063.34,
6906.543,
3606.714,
9443.317,
7819.577,
3640.14,
18631.36,
15448.01,
5594.417,
7370.875,
12276.91,
9248.825,
1961.66,
1912.722,
0,
6891.641,
2047, 
11312.07,
13659.07,
7233.747,
7469.918,
5060.18,
6383.465,
3844.93,
1285.943,
3778.609,
4440.692,
10019.31,
11166.93,
10284.5,
7102.286,
3617.729,
9553.973,
7911.521,
3753.828,
19020.46,
15705.07,
5718.872,
7591.741,
12416.65,
9294.93,
2038.645,
1989.083,
0,
7001.982,
2048, 
11370.72,
13708.45,
7414.728,
7675.119,
5167.013,
6520.431,
3927.05,
1337.523,
3985.8,
4504.046,
10133.83,
11350.18,
10509.44,
7303.019,
3625.902,
9665.12,
8004.356,
3870.753,
19419.28,
15968.23,
5844.474,
7818.657,
12558.14,
9340.662,
2118.627,
2068.706,
0,
7115.041,
2049, 
11430.61,
13757.22,
7600.541,
7883.112,
5274.858,
6659.2,
4012.022,
1391.839,
4198.419,
4568.164,
10249.7,
11536.07,
10738.2,
7508.825,
3631.115,
9776.729,
8099.001,
3991.02,
19827.14,
16240.05,
5971.244,
8051.918,
12701.23,
9386.445,
2201.716,
2151.766,
0,
7231.276,
2050, 
11491.64,
13804.07,
7791.212,
8093.664,
5383.774,
6799.994,
4100.277,
1449.005,
4417.215,
4633.945,
10367.33,
11724.89,
10971.29,
7720.112,
3634.063,
9888.691,
8194.557,
4114.892,
20247.21,
16513.78,
6100.138,
8292.734,
12846.89,
9434.956,
2288.058,
2238.681,
0,
7349.938,
2051, 
11587.31,
13862,
7931.056,
8308.119,
5458.39,
6923.537,
4204.58,
1517.886,
4631.48,
4718.007,
10503.29,
11873.57,
11145.55,
7850.807,
3702.851,
9984.928,
8285.93,
4231.832,
20486.77,
16717.78,
6241.854,
8494.862,
12975.7,
9545.61,
2370.288,
2326.629,
0,
7455.181,
2052, 
11683.77,
13920.11,
8073.273,
8528.162,
5533.929,
7049.163,
4311.439,
1589.883,
4855.682,
4803.574,
10641.03,
12023.95,
11322.33,
7983.42,
3772.838,
10082,
8378.208,
4351.986,
20728.7,
16923.91,
6386.733,
8701.563,
13105.75,
9657.485,
2455.379,
2417.86,
0,
7563.165,
2053, 
11781.01,
13978.42,
8217.898,
8753.935,
5610.402,
7176.904,
4420.916,
1665.136,
5090.269,
4890.669,
10780.56,
12176.04,
11501.67,
8117.975,
3844.044,
10179.91,
8471.396,
4475.44,
20973.01,
17132.18,
6534.841,
8912.931,
13237.06,
9770.592,
2543.429,
2512.493,
0,
7673.992,
2054, 
11879.05,
14036.92,
8364.971,
8985.582,
5687.817,
7306.792,
4533.073,
1743.785,
5335.708,
4979.32,
10921.92,
12329.87,
11683.6,
8254.493,
3916.49,
10278.66,
8565.505,
4602.286,
21219.72,
17342.61,
6686.25,
9129.065,
13369.63,
9884.943,
2634.54,
2610.652,
0,
7787.767,
2055, 
11977.9,
14095.61,
8514.527,
9223.256,
5766.185,
7438.861,
4647.976,
1825.98,
5592.49,
5069.556,
11065.13,
12485.45,
11868.16,
8392.999,
3990.196,
10378.26,
8660.539,
4732.613,
21468.85,
17555.21,
6841.03,
9350.063,
13503.48,
10000.56,
2728.815,
2712.464,
0,
7904.6,
2056, 
12084.92,
14155.01,
8664.105,
9464.143,
5845.459,
7569.322,
4762.811,
1911.252,
5858.357,
5159.508,
11217,
12649.66,
12049.56,
8537.847,
4067.577,
10506.17,
8763.155,
4860.634,
21677.68,
17753.82,
6993.22,
9558.899,
13646.55,
10127.34,
2825.514,
2819.715,
0,
8022.25,
2057, 
12192.88,
14214.61,
8816.159,
9711.212,
5925.703,
7701.9,
4880.388,
2000.332,
6136.362,
5251.034,
11370.95,
12815.82,
12233.47,
8684.867,
4146.348,
10635.53,
8866.861,
4992.014,
21888.04,
17954.27,
7148.665,
9772.036,
13791.07,
10255.64,
2925.541,
2931.01,
0,
8143.043,
2058, 
12301.8,
14274.41,
8970.724,
9964.62,
6006.927,
7836.629,
5000.77,
2093.385,
6427.045,
5344.16,
11527,
12983.96,
12419.94,
8834.087,
4226.532,
10766.36,
8971.664,
5126.839,
22099.94,
18156.56,
7307.43,
9989.555,
13937.08,
10385.48,
3029.008,
3046.498,
0,
8267.095,
2059, 
12411.67,
14334.4,
9127.837,
10224.52,
6089.142,
7973.539,
5124.024,
2190.585,
6730.971,
5438.913,
11685.19,
13154.09,
12608.98,
8985.534,
4308.152,
10898.67,
9077.575,
5265.2,
22313.37,
18360.71,
7469.583,
10211.54,
14084.57,
10516.87,
3136.031,
3166.333,
0,
8394.531,
2060, 
12522.51,
14394.6,
9287.537,
10491.09,
6172.354,
8112.662,
5250.218,
2292.111,
7048.731,
5535.321,
11845.54,
13326.24,
12800.63,
9139.236,
4391.236,
11032.47,
9184.603,
5407.188,
22528.34,
18566.73,
7635.195,
10438.06,
14233.58,
10649.83,
3246.734,
3290.673,
0,
8525.481,
2061, 
12651.26,
14459.31,
9447.622,
10758.71,
6253.611,
8249.566,
5375.4,
2395.818,
7375.595,
5630.179,
12011.87,
13510.91,
12988.5,
9295.338,
4479.83,
11171.5,
9298.781,
5546.247,
22725.8,
18757.57,
7798.91,
10651.69,
14388.74,
10793.94,
3359.598,
3419.276,
0,
8656.678,
2062, 
12781.32,
14524.25,
9610.289,
11033.03,
6335.803,
8388.594,
5503.462,
2504.01,
7716.997,
5726.636,
12180.54,
13697.9,
13178.85,
9453.739,
4570.084,
11312.16,
9414.235,
5688.768,
22924.45,
18949.93,
7965.985,
10869.28,
14545.53,
10939.89,
3476.266,
3552.666,
0,
8791.455,
2063, 
12912.69,
14589.44,
9775.577,
11314.21,
6418.94,
8529.772,
5634.471,
2616.877,
8073.571,
5824.718,
12351.55,
13887.25,
13371.71,
9614.466,
4662.029,
11454.44,
9530.979,
5834.834,
23124.27,
19143.81,
8136.489,
11090.9,
14703.97,
11087.72,
3596.867,
3691.014,
0,
8929.948,
2064, 
13045.4,
14654.86,
9943.524,
11602.41,
6503.03,
8673.136,
5768.494,
2734.616,
8445.976,
5924.452,
12524.96,
14078.98,
13567.1,
9777.545,
4755.694,
11598.36,
9649.022,
5984.535,
23325.29,
19339.21,
8310.491,
11316.61,
14864.08,
11237.43,
3721.53,
3834.502,
0,
9072.3,
2065, 
13179.46,
14720.52,
10114.17,
11897.81,
6588.081,
8818.711,
5905.597,
2857.433,
8834.901,
6025.865,
12700.8,
14273.13,
13765.06,
9943.005,
4851.111,
11743.96,
9768.38,
6137.957,
23527.47,
19536.13,
8488.059,
11546.48,
15025.87,
11389.07,
3850.391,
3983.314,
0,
9218.657,
2066, 
13325.3,
14781.2,
10279.87,
12192.53,
6672.974,
8960.629,
6037.348,
2981.121,
9229.118,
6124.93,
12875.1,
14467.71,
13958.34,
10096.4,
4946.262,
11881.28,
9889.01,
6285.396,
23738.84,
19716.81,
8660.752,
11759.78,
15192.84,
11546.16,
3980.493,
4134.131,
0,
9362.647,
2067, 
13472.74,
14842.07,
10448.1,
12494.4,
6758.817,
9104.635,
6171.942,
3109.951,
9640.293,
6225.597,
13051.78,
14664.69,
14154.04,
10251.79,
5043.15,
12020.06,
10010.98,
6436.269,
23951.51,
19898.7,
8836.809,
11976.6,
15361.61,
11705.31,
4114.872,
4290.41,
0,
9510.62,
2068, 
13621.79,
14903.14,
10618.88,
12803.59,
6845.616,
9250.756,
6309.445,
3244.135,
10069.14,
6327.89,
13230.88,
14864.11,
14352.19,
10409.19,
5141.807,
12160.32,
10134.29,
6590.658,
24165.47,
20081.78,
9016.292,
12196.98,
15532.19,
11866.55,
4253.669,
4452.345,
0,
9662.728,
2069, 
13772.47,
14964.4,
10792.25,
13120.28,
6933.384,
9399.021,
6449.916,
3383.888,
10516.41,
6431.834,
13412.43,
15065.99,
14552.81,
10568.62,
5242.264,
12302.07,
10258.96,
6748.644,
24380.74,
20266.07,
9199.266,
12420.98,
15704.6,
12029.9,
4397.026,
4620.137,
0,
9819.129,
2070, 
13924.79,
15025.85,
10968.24,
13444.63,
7022.126,
9549.454,
6593.418,
3529.439,
10982.87,
6537.458,
13596.46,
15270.35,
14755.93,
10730.1,
5344.552,
12445.32,
10385.01,
6910.305,
24597.29,
20451.55,
9385.796,
12648.65,
15878.86,
12195.39,
4545.093,
4793.992,
0,
9979.987,
2071, 
14079.41,
15084.05,
11141.72,
13767.37,
7114.738,
9695.639,
6730.566,
3675.187,
11452.54,
6641.677,
13774.7,
15461.94,
14951.77,
10871.44,
5442.474,
12569.66,
10511.3,
7065.922,
24795.15,
20615.61,
9567.998,
12864.9,
16052.33,
12358.61,
4692.627,
4968.691,
0,
10137.16,
2072, 
14235.73,
15142.41,
11317.73,
14097.67,
7208.409,
9843.847,
6870.472,
3826.719,
11941.58,
6747.527,
13955.27,
15655.67,
15149.9,
11014.24,
5542.058,
12695.09,
10638.95,
7224.934,
24993.96,
20780.49,
9753.572,
13084.39,
16227.62,
12523.91,
4844.823,
5149.473,
0,
10298.73,
2073, 
14393.76,
15200.94,
11496.3,
14435.72,
7303.149,
9994.104,
7013.191,
3984.258,
12450.77,
6855.032,
14138.2,
15851.56,
15350.33,
11158.51,
5643.333,
12821.62,
10767.98,
7387.413,
25193.71,
20946.17,
9942.581,
13307.14,
16404.76,
12691.31,
5001.825,
5336.548,
0,
10464.86,
2074, 
14553.52,
15259.63,
11677.45,
14781.7,
7398.965,
10146.43,
7158.78,
4148.039,
12980.92,
6964.218,
14323.51,
16049.64,
15553.08,
11304.27,
5746.325,
12949.26,
10898.41,
7553.433,
25394.38,
21112.66,
10135.08,
13533.19,
16583.77,
12860.84,
5163.782,
5530.129,
0,
10635.72,
2075, 
14715.03,
15318.49,
11861.22,
15135.77,
7495.869,
10300.86,
7307.295,
4318.304,
13532.89,
7075.111,
14511.25,
16249.92,
15758.19,
11451.52,
5851.063,
13078.01,
11030.23,
7723.073,
25595.96,
21279.95,
10331.14,
13762.58,
16764.66,
13032.52,
5330.852,
5730.439,
0,
10811.49,
2076, 
14879.95,
15383.3,
12042.28,
15487.29,
7591.56,
10452.51,
7448.902,
4486.939,
14082.91,
7183.782,
14696.83,
16437.47,
15956.03,
11584.43,
5954.798,
13193.43,
11164.38,
7886.863,
25795.66,
21442.19,
10521.49,
13982,
16944.48,
13204.21,
5495.268,
5929.226,
0,
10985.57,
2077, 
15046.7,
15448.33,
12225.85,
15846.79,
7688.297,
10606.16,
7593.17,
4661.93,
14654.58,
7294.09,
14884.77,
16626.92,
16156.01,
11718.47,
6060.24,
13309.7,
11299.97,
8054.024,
25996.2,
21605.14,
10715.17,
14204.42,
17126.17,
13378.05,
5664.636,
6134.633,
0,
11164.46,
2078, 
15215.29,
15513.56,
12411.98,
16214.42,
7786.091,
10761.84,
7740.146,
4843.511,
15248.75,
7406.061,
15075.1,
16818.28,
16358.17,
11853.65,
6167.418,
13426.85,
11437.02,
8224.625,
26197.58,
21768.78,
10912.24,
14429.85,
17309.73,
13554.07,
5839.103,
6346.875,
0,
11348.33,
2079, 
15385.76,
15579.01,
12600.68,
16590.38,
7884.949,
10919.58,
7889.884,
5031.926,
15866.29,
7519.716,
15267.86,
17011.55,
16562.52,
11989.97,
6276.359,
13544.88,
11575.55,
8398.734,
26399.79,
21933.12,
11112.77,
14658.34,
17495.18,
13732.3,
6018.821,
6566.178,
0,
11537.38,
2080, 
15558.1,
15644.67,
12792,
16974.84,
7984.879,
11079.39,
8042.432,
5227.427,
16508.11,
7635.083,
15463.08,
17206.75,
16769.08,
12127.42,
6387.091,
13663.78,
11715.56,
8576.426,
26602.82,
22098.13,
11316.81,
14889.9,
17682.54,
13912.76,
6203.947,
6792.77,
0,
11731.79,
2081, 
15731.38,
15709.43,
12980.31,
17356.26,
8083.523,
11235.76,
8189.236,
5420.794,
17147.31,
7746.119,
15656.72,
17390.18,
16969.8,
12255.79,
6497.855,
13779.28,
11856.68,
8748.954,
26793.87,
22248.3,
11513.61,
15111.63,
17880.11,
14092.36,
6385.766,
7016.68,
0,
11923.39,
2082, 
15906.56,
15774.4,
13171.12,
17746.03,
8183.197,
11394.1,
8338.639,
5621.066,
17810.52,
7858.737,
15852.79,
17575.27,
17172.57,
12385.08,
6610.403,
13895.6,
11999.3,
8924.849,
26985.51,
22398.93,
11713.66,
15336.1,
18079.81,
14274.18,
6572.79,
7247.676,
0,
12120.23,
2083, 
16083.67,
15839.58,
13364.46,
18144.32,
8283.906,
11554.42,
8490.684,
5828.489,
18498.62,
7972.957,
16051.3,
17762.03,
17377.41,
12515.29,
6724.766,
14012.73,
12143.43,
9104.174,
27177.74,
22549.99,
11917,
15563.33,
18281.66,
14458.22,
6765.168,
7485.975,
0,
12322.5,
2084, 
16262.73,
15904.95,
13560.36,
18551.32,
8385.659,
11716.75,
8645.418,
6043.311,
19212.52,
8088.803,
16252.29,
17950.48,
17584.32,
12646.41,
6840.97,
14130.69,
12289.09,
9286.997,
27370.54,
22701.5,
12123.69,
15793.35,
18485.68,
14644.53,
6963.053,
7731.807,
0,
12530.4,
2085, 
16443.76,
15970.53,
13758.83,
18967.19,
8488.462,
11881.1,
8802.889,
6265.793,
19953.18,
8206.296,
16455.79,
18140.62,
17793.33,
12778.45,
6959.044,
14249.48,
12436.28,
9473.383,
27563.9,
22853.43,
12333.78,
16026.17,
18691.89,
14833.12,
7166.601,
7985.405,
0,
12744.12,
2086, 
16629.03,
16035.65,
13955.32,
19376.21,
8590.38,
12040.65,
8954.817,
6484.758,
20686.74,
8320.28,
16661.11,
18322.54,
17994.64,
12903.96,
7077.579,
14370.01,
12585.17,
9654.371,
27738.59,
22993.43,
12536.94,
16248.27,
18906.08,
15026.16,
7367.536,
8235.253,
0,
12955.35,
2087, 
16816.36,
16100.97,
14154.32,
19793.79,
8693.317,
12202.09,
9109.292,
6711.135,
21446.53,
8435.812,
16868.97,
18505.97,
18197.85,
13030.24,
7197.994,
14491.39,
12735.62,
9838.716,
27913.55,
23133.69,
12743.26,
16472.85,
19122.63,
15221.6,
7573.99,
8492.63,
0,
13172.25,
2088, 
17005.78,
16166.49,
14355.84,
20220.12,
8797.277,
12365.43,
9266.354,
6945.173,
22233.51,
8552.912,
17079.43,
18690.92,
18402.98,
13157.28,
7320.321,
14613.61,
12887.65,
10026.48,
28088.76,
23274.2,
12952.78,
16699.91,
19341.57,
15419.47,
7786.115,
8757.762,
0,
13395.03,
2089, 
17197.31,
16232.2,
14559.92,
20655.35,
8902.271,
12530.69,
9426.05,
7187.13,
23048.63,
8671.602,
17292.5,
18877.39,
18610.03,
13285.07,
7444.588,
14736.7,
13041.27,
10217.73,
28264.21,
23414.93,
13165.57,
16929.47,
19562.94,
15619.79,
8004.063,
9030.877,
0,
13623.88,
2090, 
17390.97,
16298.11,
14766.58,
21099.69,
9008.305,
12697.88,
9588.419,
7437.265,
23892.88,
8791.901,
17508.22,
19065.41,
18819.02,
13413.61,
7570.824,
14860.64,
13196.5,
10412.52,
28439.87,
23555.88,
13381.66,
17161.53,
19786.75,
15822.6,
8227.996,
9312.212,
0,
13859.02,
2091, 
17596.21,
16364.34,
14969.07,
21534.57,
9114.411,
12859.41,
9745.935,
7682.072,
24725.92,
8908.997,
17727.29,
19251.12,
19019.38,
13535.33,
7696.837,
14985.32,
13351,
10602.62,
28595.07,
23683.33,
13590.46,
17383.09,
20015.72,
16034.8,
8449.267,
9588.341,
0,
14091.11,
2092, 
17803.85,
16430.76,
15174.01,
21978.13,
9221.547,
13022.71,
9905.963,
7934.689,
25587.26,
9027.615,
17949.09,
19438.3,
19221.47,
13657.65,
7824.808,
15110.87,
13507.07,
10796.09,
28750.21,
23810.83,
13802.32,
17606.83,
20247.25,
16249.73,
8676.373,
9872.354,
0,
14329.3,
2093, 
18013.91,
16497.38,
15381.42,
22430.54,
9329.717,
13187.81,
10068.54,
8195.364,
26477.85,
9147.773,
18173.66,
19626.96,
19425.3,
13780.56,
7954.764,
15237.28,
13664.73,
10992.99,
28905.26,
23938.36,
14017.29,
17832.77,
20481.37,
16467.41,
8909.465,
10164.48,
0,
14573.77,
2094, 
18226.42,
16564.2,
15591.31,
22891.95,
9438.923,
13354.71,
10233.72,
8464.349,
27398.68,
9269.493,
18401.03,
19817.11,
19630.89,
13904.05,
8086.737,
15364.56,
13823.99,
11193.37,
29060.21,
24065.91,
14235.41,
18060.91,
20718.09,
16687.89,
9148.7,
10464.94,
0,
14824.74,
2095, 
18441.41,
16631.21,
15803.7,
23362.54,
9549.175,
13523.43,
10401.53,
8741.903,
28350.76,
9392.793,
18631.22,
20008.76,
19838.23,
14028.12,
8220.757,
15492.72,
13984.85,
11397.3,
29215.04,
24193.47,
14456.72,
18291.25,
20957.45,
16911.19,
9394.243,
10773.96,
0,
15082.42,
2096, 
18669.67,
16699.09,
16009.42,
23820.23,
9659.097,
13685.64,
10562.38,
9011.456,
29283.95,
9512.597,
18865.73,
20201.54,
20035.28,
14142.08,
8351.776,
15614.44,
14142.9,
11591.88,
29365.18,
24308.91,
14670.26,
18510.01,
21199.9,
17142.88,
9635.313,
11075.53,
0,
15334.46,
2097, 
18900.72,
16767.16,
16217.45,
24286.56,
9770.042,
13849.49,
10725.66,
9289.086,
30247.17,
9633.888,
19103.17,
20395.82,
20233.86,
14256.42,
8484.745,
15736.92,
14302.47,
11789.7,
29515.11,
24424.21,
14886.76,
18730.66,
21445.05,
17377.62,
9882.465,
11385.24,
0,
15592.91,
2098, 
19134.6,
16835.45,
16427.8,
24761.69,
9882.017,
14015,
10891.38,
9575.029,
31241.36,
9756.688,
19343.59,
20591.61,
20433.97,
14371.13,
8619.69,
15860.16,
14463.59,
11990.79,
29664.81,
24539.36,
15106.24,
18953.19,
21692.94,
17615.45,
10135.85,
11703.32,
0,
15857.96,
2099, 
19371.34,
16903.93,
16640.49,
25245.78,
9995.025,
14182.18,
11059.61,
9869.536,
32267.52,
9881.013,
19587.03,
20788.9,
20635.63,
14486.21,
8756.646,
15984.18,
14626.27,
12195.21,
29814.25,
24654.36,
15328.75,
19177.59,
21943.58,
17856.39,
10395.62,
12029.99,
0,
16129.83,
2100, 
19610.98,
16972.61,
16855.55,
25738.98,
10109.07,
14351.05,
11230.35,
10172.86,
33326.68,
10006.88,
19833.52,
20987.71,
20838.83,
14601.63,
8895.634,
16108.96,
14790.5,
12403.02,
29963.4,
24769.17,
15554.32,
19403.88,
22197.02,
18100.51,
10661.93,
12365.47,
0,
16408.72];
