real main.em.ep.ncl.NuclFuelEff[27](t) = [1971, 
170,
170,
170,
170,
170,
170,
170,
170,
170,
170,
170,
170,
170,
170,
170,
170,
170,
170,
170,
170,
170,
170,
170,
170,
170,
170,
0,
1972, 
170,
170,
170.3448,
170,
170.3448,
170.3448,
170.3448,
170.3448,
170.3448,
170.3448,
170,
170.3448,
170.3448,
170.3448,
170.3448,
170,
170.3448,
170,
170.3448,
170.3448,
170.3448,
170.3448,
170,
170.3448,
170.3448,
170.3448,
0,
1973, 
170.1724,
170.1724,
170.6897,
170.1724,
170.6897,
170.6897,
170.6897,
170.6897,
170.6897,
170.6897,
170.1724,
170.6897,
170.6897,
170.6897,
170.6897,
170.1724,
170.6897,
170.1724,
170.6897,
170.6897,
170.6897,
170.6897,
170.1724,
170.6897,
170.6897,
170.6897,
0,
1974, 
170.3448,
170.3448,
171.0345,
170.3448,
171.0345,
171.0345,
171.0345,
171.0345,
171.0345,
171.0345,
170.3448,
171.0345,
171.0345,
171.0345,
171.0345,
170.3448,
171.0345,
170.3448,
171.0345,
171.0345,
171.0345,
171.0345,
170.3448,
171.0345,
171.0345,
171.0345,
0,
1975, 
170.5172,
170.5172,
171.3793,
170.5172,
171.3793,
171.3793,
171.3793,
171.3793,
171.3793,
171.3793,
170.5172,
171.3793,
171.3793,
171.3793,
171.3793,
170.5172,
171.3793,
170.5172,
171.3793,
171.3793,
171.3793,
171.3793,
170.5172,
171.3793,
171.3793,
171.3793,
0,
1976, 
171.327,
171.3623,
171.7241,
170.5172,
171.7241,
171.3793,
171.7241,
171.7241,
171.7241,
171.7241,
171.3228,
171.3793,
171.7241,
171.7241,
171.3793,
171.3486,
171.7241,
171.2341,
171.7241,
171.7241,
171.7241,
171.7241,
171.3629,
171.7241,
171.3793,
171.7241,
0,
1977, 
171.333,
171.4064,
172.069,
170.5172,
172.069,
171.3793,
172.069,
172.069,
172.069,
172.069,
171.4478,
171.3793,
172.069,
172.069,
171.3793,
171.5026,
172.069,
171.2539,
172.069,
172.069,
172.069,
172.069,
171.4782,
172.069,
171.3793,
172.069,
0,
1978, 
171.6898,
171.503,
172.4138,
170.5172,
172.4138,
171.3793,
172.4138,
172.4138,
172.4138,
172.4138,
171.6004,
171.3793,
172.4138,
172.4138,
171.3793,
171.5482,
172.4138,
171.2856,
172.4138,
172.4138,
172.4138,
172.4138,
171.4801,
172.4138,
171.3793,
172.4138,
0,
1979, 
171.8529,
171.5842,
172.7586,
170.5172,
172.7586,
171.3793,
172.7586,
172.7586,
172.7586,
172.7586,
171.7551,
171.3793,
172.7586,
172.4138,
171.3793,
171.5524,
172.7586,
171.3277,
172.4138,
172.4138,
172.7586,
172.7586,
171.7984,
172.7586,
171.3793,
172.7586,
0,
1980, 
172.0194,
171.5955,
173.1035,
170.5172,
173.1035,
171.3793,
173.1035,
173.1035,
173.1035,
173.1035,
171.9291,
171.6823,
173.1035,
172.4138,
171.3793,
171.7449,
173.1035,
171.3793,
172.4138,
172.5862,
173.1035,
173.1035,
172.048,
173.1035,
171.3793,
173.1035,
0,
1981, 
172.1633,
171.655,
173.4483,
170.5172,
173.4483,
171.3793,
173.4483,
173.4483,
173.4483,
173.4483,
172.1892,
171.6823,
173.4483,
172.4138,
171.3793,
172.0715,
173.4483,
171.4393,
172.4138,
172.5862,
173.4483,
173.4483,
172.0497,
173.4483,
171.3793,
173.4483,
0,
1982, 
172.3306,
171.7886,
173.4483,
170.5172,
173.4483,
171.6534,
173.7931,
173.7931,
173.7931,
173.4483,
172.3811,
172.4267,
173.7931,
172.6927,
171.3793,
172.2091,
173.7931,
172.2115,
172.9527,
172.5862,
173.7931,
173.7931,
172.1927,
173.7931,
171.4298,
173.7931,
0,
1983, 
172.499,
171.9276,
173.6207,
170.5172,
173.6207,
171.9037,
174.1379,
174.1379,
174.1379,
173.6207,
172.5679,
172.8319,
174.1379,
172.9264,
171.3793,
172.3531,
174.1379,
172.6506,
173.2406,
172.5862,
174.1379,
174.1379,
172.3413,
174.1379,
171.486,
174.1379,
0,
1984, 
172.6683,
172.071,
173.7931,
170.5172,
173.7931,
172.1377,
174.4828,
174.4828,
174.4828,
173.7931,
172.7513,
173.1306,
174.4828,
173.1386,
171.3793,
172.5018,
174.4828,
172.9738,
173.4695,
172.5862,
174.4828,
174.4828,
172.4938,
174.4828,
171.5477,
174.4828,
0,
1985, 
172.8381,
172.2178,
173.9655,
170.5172,
173.9655,
172.36,
174.8276,
174.8276,
174.8276,
173.9655,
172.9324,
173.3823,
174.8276,
173.339,
171.3793,
172.6541,
174.8276,
173.2432,
173.6755,
172.5862,
174.8276,
174.8276,
172.6495,
174.8276,
171.6144,
174.8276,
0,
1986, 
173.0084,
172.3676,
174.1379,
170.5172,
174.1379,
172.5737,
175.1724,
175.1724,
175.1724,
174.1379,
173.1119,
173.6091,
175.1724,
173.5321,
171.3793,
172.8094,
175.1724,
173.4832,
173.8701,
172.5862,
175.1724,
175.1724,
172.8076,
175.1724,
171.6858,
175.1724,
0,
1987, 
173.179,
172.5199,
174.3103,
170.5172,
174.3103,
172.7807,
175.5172,
175.5172,
175.5172,
174.3103,
173.2901,
173.8212,
175.5172,
173.7205,
171.3793,
172.9669,
175.5172,
173.7054,
174.0583,
172.5862,
175.5172,
175.5172,
172.9677,
175.5172,
171.7616,
175.5172,
0,
1988, 
173.3499,
172.6743,
174.4828,
170.5172,
174.4828,
172.9827,
175.8621,
175.8621,
175.8621,
174.4828,
173.4675,
174.0237,
175.8621,
173.9055,
171.3793,
173.1263,
175.8621,
173.916,
174.2425,
172.5862,
175.8621,
175.8621,
173.1293,
175.8621,
171.8415,
175.8621,
0,
1989, 
173.521,
172.8304,
174.6552,
170.5172,
174.6552,
173.1806,
176.2069,
176.2069,
176.2069,
174.6552,
173.6441,
174.2199,
176.2069,
174.0882,
171.3793,
173.2872,
176.2069,
174.1187,
174.4241,
172.5862,
176.2069,
176.2069,
173.2922,
176.2069,
171.9253,
176.2069,
0,
1990, 
173.6923,
172.988,
174.8276,
170.5172,
174.8276,
173.3753,
176.5517,
176.5517,
176.5517,
174.8276,
173.8201,
174.4115,
176.5517,
174.2692,
171.3793,
173.4494,
176.5517,
174.3157,
174.6038,
172.5862,
176.5517,
176.5517,
173.4562,
176.5517,
172.0127,
176.5517,
0,
1991, 
173.6923,
173.12,
175,
170.5172,
175,
173.5672,
176.8965,
176.8965,
176.8965,
174.9655,
173.8201,
174.5997,
176.8965,
174.2692,
171.3793,
173.6126,
176.8965,
174.5084,
174.7822,
172.5862,
176.8965,
176.8965,
173.6211,
176.8965,
172.1035,
176.8965,
0,
1992, 
173.6923,
173.1268,
175.3062,
170.5172,
175,
173.5672,
177.2414,
177.2414,
177.2414,
174.9655,
173.8201,
174.63,
177.2414,
174.2692,
171.3793,
173.6653,
177.2414,
174.687,
174.8877,
172.5862,
177.2414,
177.2414,
173.7097,
177.2414,
172.1035,
177.2414,
0,
1993, 
173.6923,
173.1341,
175.5751,
170.5172,
175,
173.5672,
177.5862,
177.5862,
177.5862,
174.9655,
173.8201,
174.664,
177.5862,
174.2692,
171.3793,
173.7218,
177.5862,
174.8646,
174.9995,
172.5862,
177.5862,
177.5862,
173.7122,
177.5862,
172.1035,
177.5862,
0,
1994, 
173.6923,
173.142,
175.8205,
170.5172,
175,
173.5672,
177.931,
177.931,
177.931,
174.9655,
173.8201,
174.6693,
177.931,
174.2692,
171.3793,
173.7818,
177.931,
175.0416,
175.1168,
172.7416,
177.931,
177.931,
173.715,
177.931,
172.1035,
177.931,
0,
1995, 
173.6923,
173.1505,
176.0501,
170.5172,
175,
173.5672,
178.2759,
178.2759,
178.2759,
174.9655,
173.8201,
174.6693,
178.2759,
174.2692,
171.3793,
173.8453,
178.2759,
175.218,
175.2389,
174.039,
178.2759,
178.2759,
173.718,
178.2759,
172.1035,
178.2759,
0,
1996, 
173.6923,
173.1596,
176.2684,
170.5172,
175,
173.5672,
178.6207,
178.6207,
178.6207,
174.9655,
173.8201,
174.6693,
178.6207,
174.2692,
171.3793,
173.9121,
178.6207,
175.394,
175.3652,
174.8863,
178.6207,
178.6207,
173.7213,
178.6207,
172.1035,
178.6207,
0,
1997, 
173.6923,
173.1693,
176.2811,
170.5172,
176.091,
173.5672,
178.9655,
178.9655,
178.9655,
174.9655,
173.8201,
174.6693,
178.9655,
174.2692,
171.3793,
173.9185,
178.9655,
175.6904,
175.6203,
174.8863,
178.9655,
178.9655,
173.7247,
178.9655,
174.2171,
178.9655,
0,
1998, 
173.6923,
173.1795,
176.2954,
170.5172,
176.7567,
173.5672,
179.3103,
179.3103,
179.3103,
174.9655,
173.8201,
174.6693,
179.3103,
174.2692,
171.3793,
173.9252,
179.3103,
175.966,
175.8634,
174.8863,
179.3103,
179.3103,
173.7285,
179.3103,
175.38,
179.3103,
0,
1999, 
173.6923,
173.1903,
176.3115,
170.5172,
177.2368,
173.5672,
179.6552,
179.6552,
179.6552,
174.9655,
173.8201,
174.6693,
179.6552,
174.2692,
171.3793,
173.9324,
179.6552,
176.2255,
176.0969,
174.8863,
179.6552,
179.6552,
173.7325,
179.6552,
176.1532,
179.6552,
0,
2000, 
173.6923,
173.2017,
176.3292,
170.5172,
177.6196,
173.5672,
180,
180,
180,
174.9655,
173.8201,
174.6693,
180,
174.2692,
171.3793,
173.9401,
180,
176.4725,
176.3226,
174.8863,
180,
180,
173.7367,
180,
176.7289,
180,
0,
2001, 
173.6923,
173.2136,
176.3486,
170.5172,
177.8445,
173.5672,
181.4,
181.4,
181.4,
174.9655,
173.8201,
174.6693,
181.4,
174.2692,
171.3793,
173.9482,
181.4,
176.7095,
176.542,
174.8863,
181.4,
181.4,
173.7411,
181.4,
177.1907,
181.4,
0,
2002, 
173.6923,
173.228,
176.3874,
170.5172,
177.8445,
173.5672,
182.8,
182.8,
182.8,
174.9655,
173.8201,
174.6693,
182.8,
174.2692,
171.3793,
174.1002,
182.8,
176.8721,
176.8119,
176.7544,
182.8,
182.8,
173.7466,
182.8,
177.1907,
182.8,
0,
2003, 
173.6923,
173.2448,
176.3874,
170.5172,
177.8445,
173.5672,
184.2,
184.2,
184.2,
174.9655,
173.8201,
174.6693,
184.2,
174.2692,
171.3793,
174.2741,
184.2,
177.0707,
177.127,
178.1017,
184.2,
184.2,
173.753,
184.2,
177.1907,
184.2,
0,
2004, 
173.6923,
173.2639,
176.3874,
170.5172,
177.8445,
173.5672,
185.6,
185.6,
185.6,
174.9655,
173.8201,
174.6693,
185.6,
174.5482,
171.3793,
174.4687,
185.6,
177.3019,
177.4806,
179.2132,
185.6,
185.6,
173.7604,
185.6,
177.1907,
185.6,
0,
2005, 
173.6923,
173.2854,
176.3874,
170.5172,
177.8445,
173.5672,
187,
187,
187,
174.9655,
173.8201,
174.6693,
187,
174.8803,
171.3793,
174.6827,
187,
177.5625,
177.8672,
180.1977,
187,
187,
173.7688,
187,
177.1907,
187,
0,
2006, 
173.6923,
173.3093,
176.3874,
170.5172,
177.8445,
173.5672,
188.4,
188.4,
188.4,
174.9655,
173.8201,
174.6693,
188.4,
175.2339,
171.3793,
174.915,
188.4,
177.8499,
178.2823,
181.1063,
188.4,
188.4,
173.7782,
188.4,
177.1907,
188.4,
0,
2007, 
173.6923,
173.3355,
176.3874,
170.5172,
177.8445,
173.5672,
189.8,
189.8,
189.8,
174.9655,
173.8201,
174.6693,
189.8,
175.2339,
171.3793,
175.0492,
189.8,
178.7057,
178.5045,
181.8029,
189.8,
189.8,
173.7885,
189.8,
177.1907,
189.8,
0,
2008, 
173.6923,
173.3641,
176.3874,
170.5172,
177.8445,
173.5672,
191.2,
191.2,
191.2,
174.9655,
173.8201,
174.6693,
191.2,
175.2339,
171.3793,
175.1945,
191.2,
179.5383,
178.7474,
182.5002,
191.2,
191.2,
173.7999,
191.2,
177.1907,
191.2,
0,
2009, 
173.6923,
173.395,
176.3874,
170.5172,
177.8445,
173.5672,
192.6,
192.6,
192.6,
174.9655,
173.8201,
174.6693,
192.6,
175.2339,
171.3793,
175.3507,
192.6,
180.3523,
179.0094,
183.1979,
192.6,
192.6,
173.8121,
192.6,
177.1907,
192.6,
0,
2010, 
173.6923,
173.4282,
176.3874,
170.5172,
177.8445,
173.5672,
194,
194,
194,
174.9655,
173.8201,
174.6693,
194,
175.2339,
171.3793,
175.5173,
194,
181.1514,
179.2896,
183.8959,
194,
194,
173.8254,
194,
177.1907,
194,
0,
2011, 
173.6923,
173.4638,
176.3874,
170.5172,
177.8445,
173.5672,
195.4,
195.4,
195.4,
174.9655,
173.8201,
174.6693,
195.4,
175.2339,
171.3793,
175.6942,
195.4,
181.9384,
179.5866,
184.5942,
195.4,
195.4,
173.8397,
195.4,
177.1907,
195.4,
0,
2012, 
173.7727,
173.5016,
176.7883,
170.5172,
177.8445,
176.3999,
196.8,
196.8,
196.8,
175.1008,
173.8201,
174.7774,
196.8,
175.2339,
171.3793,
176.18,
195.4,
182.6691,
180.0838,
187.2877,
196.8,
196.8,
173.8549,
196.8,
179.2097,
196.8,
0,
2013, 
174.1502,
173.5417,
177.2015,
170.5172,
177.8445,
178.7428,
198.2,
198.2,
198.2,
175.2436,
173.8201,
174.8917,
198.2,
175.2339,
171.3793,
176.6761,
196.1,
183.3966,
180.5934,
189.1856,
198.2,
198.2,
173.871,
198.2,
180.9654,
198.2,
0,
2014, 
174.5382,
173.584,
177.6263,
170.5172,
177.8445,
180.7472,
199.6,
199.6,
199.6,
175.3936,
173.8201,
175.012,
199.6,
175.2339,
171.3793,
177.1819,
196.8,
184.1214,
181.1143,
190.6851,
199.6,
199.6,
173.8882,
199.6,
182.5295,
199.6,
0,
2015, 
174.9361,
173.6286,
178.0621,
170.5172,
177.8445,
182.5079,
201,
201,
201,
175.5508,
173.8201,
175.1383,
201,
175.2339,
171.3793,
177.6965,
197.5,
184.8439,
181.6454,
191.9565,
201,
201,
173.9063,
201,
183.9498,
201,
0,
2016, 
175.3434,
173.6755,
178.5081,
170.5172,
177.8445,
184.0875,
202.4,
202.4,
202.4,
175.6332,
173.8201,
175.2704,
202.4,
175.2339,
171.3793,
178.2194,
198.2,
185.5644,
182.186,
193.0853,
202.4,
202.4,
173.9253,
202.4,
185.2595,
202.4,
0,
2017, 
175.4295,
173.7246,
178.8741,
170.5172,
177.8445,
184.1076,
203.8,
203.8,
203.8,
175.6332,
173.8201,
175.3267,
203.8,
175.6863,
171.3793,
178.8382,
199.1542,
186.1792,
182.4462,
194.3355,
203.8,
203.8,
173.9454,
203.8,
187.8991,
203.8,
0,
2018, 
175.5196,
173.7759,
179.2501,
170.5172,
177.8445,
184.1293,
205.2,
205.2,
205.2,
175.6332,
173.8201,
175.3856,
205.2,
176.1469,
171.3793,
179.461,
200.0143,
186.7999,
182.7175,
195.4555,
205.2,
205.2,
173.9663,
205.2,
190.021,
205.2,
0,
2019, 
175.6135,
173.8294,
179.6358,
170.5172,
177.8445,
184.1525,
206.6,
206.6,
206.6,
175.6332,
173.8201,
175.4472,
206.6,
176.6152,
171.3793,
180.0875,
200.8244,
187.4261,
182.9997,
196.4866,
206.6,
206.6,
173.9883,
206.6,
191.8081,
206.6,
0,
2020, 
175.7113,
173.8851,
180.0306,
170.5172,
177.8445,
184.1771,
208,
208,
208,
175.6332,
173.8201,
175.5114,
208,
177.0909,
171.3793,
180.5533,
201.6047,
188.0572,
183.2922,
197.4544,
208,
208,
174.0111,
208,
193.3662,
208,
0,
2021, 
175.8129,
173.943,
180.4343,
170.5172,
177.8445,
184.2033,
209.4,
209.4,
209.4,
175.6332,
173.8201,
175.5783,
209.4,
177.5735,
171.3793,
180.5788,
202.3659,
188.6926,
183.5323,
198.3754,
209.4,
209.4,
174.0349,
209.4,
194.7607,
209.4,
0,
2022, 
175.8683,
174.0031,
180.4343,
170.5172,
177.8445,
184.2033,
210.8,
210.8,
210.8,
175.6332,
173.8201,
175.7082,
210.8,
177.5735,
171.3793,
180.6056,
205.0766,
190.6425,
183.5323,
198.9276,
210.8,
210.8,
174.0597,
210.8,
200.794,
210.8,
0,
2023, 
175.9258,
174.0653,
180.4343,
170.5172,
177.8445,
184.2033,
212.2,
212.2,
212.2,
175.6332,
173.8201,
175.7082,
212.2,
177.5735,
171.3793,
180.6336,
205.0766,
190.6584,
183.5323,
198.9276,
212.2,
212.2,
174.0854,
212.2,
200.794,
212.2,
0,
2024, 
175.9855,
174.0653,
180.759,
170.5172,
196.8788,
184.2033,
213.6,
213.6,
213.6,
175.5777,
173.8201,
177.0135,
212.2,
177.5735,
171.3793,
180.6629,
207.0409,
190.6699,
185.1573,
199.2545,
213.6,
213.6,
174.0854,
213.6,
200.794,
213.6,
0,
2025, 
176.0399,
174.0653,
181.2275,
170.5172,
199.6549,
184.2033,
215,
215,
215,
175.3849,
173.8201,
177.0135,
212.9,
177.5735,
171.3793,
180.6935,
208.1712,
194.1458,
185.1573,
200.9433,
215,
215,
174.0854,
215,
200.794,
215,
0,
2026, 
176.0735,
174.0653,
181.6873,
170.5172,
200.2353,
184.2033,
216.4,
216.4,
216.4,
175.1486,
173.8201,
178.6203,
213.5871,
177.5735,
171.3793,
183.5408,
208.1712,
198.341,
186.5202,
202.0701,
216.4,
216.4,
174.0854,
216.4,
200.794,
216.4,
0,
2027, 
176.1261,
175.1614,
182.4912,
170.5172,
200.2353,
184.2033,
217.8,
217.8,
217.8,
175.6332,
173.8201,
178.659,
214.2056,
177.5735,
171.3793,
183.5408,
208.2594,
200.5345,
188.1361,
203.5008,
217.8,
217.8,
174.0854,
217.8,
200.794,
217.8,
0,
2028, 
176.2457,
175.4554,
183.1945,
170.5172,
200.2353,
184.6836,
219.2,
219.2,
219.2,
175.6601,
173.8201,
178.5549,
214.3451,
177.5735,
171.3793,
183.9358,
208.4234,
201.8195,
188.2922,
205.6532,
219.2,
219.2,
174.0854,
219.2,
200.794,
219.2,
0,
2029, 
176.3206,
175.565,
183.8303,
170.5172,
200.2353,
184.7382,
219.2,
220.6,
220.6,
175.1178,
173.8201,
178.4668,
214.38,
177.5735,
171.3793,
183.9358,
208.6784,
202.6984,
188.3214,
207.6959,
220.6,
220.6,
174.0854,
220.6,
200.794,
220.6,
0,
2030, 
176.3997,
175.5804,
184.4017,
170.5172,
200.2353,
184.764,
219.3594,
222,
222,
175.1991,
173.8201,
179.8875,
214.3889,
177.5735,
171.3793,
183.9358,
208.9564,
205.3421,
188.3255,
209.0948,
222,
222,
174.0854,
222,
200.794,
222,
0,
2031, 
176.8068,
176.3376,
185.7256,
170.5172,
200.2353,
184.8623,
220.5033,
223.4,
223.4,
195.0018,
173.8201,
183.8621,
214.3892,
177.5735,
171.3793,
184.3307,
209.1893,
206.8439,
188.3272,
210.2685,
223.4,
223.4,
174.0854,
223.4,
210.0356,
223.4,
0,
2032, 
176.8178,
176.3478,
188.3139,
170.6897,
200.2353,
184.8623,
220.5033,
224.8,
224.8,
199.6579,
173.8266,
183.7673,
214.3892,
177.5735,
171.3793,
184.3427,
209.3799,
207.0658,
188.3272,
210.2685,
224.8,
224.8,
174.0883,
224.8,
210.048,
224.8,
0,
2033, 
176.8283,
176.3574,
192.5346,
170.8621,
200.2353,
184.8623,
220.5033,
226.2,
226.2,
200.345,
173.8325,
183.9487,
214.3892,
177.5735,
171.3793,
184.3543,
209.4956,
207.0813,
188.3272,
210.6247,
226.2,
226.2,
174.0909,
226.2,
210.048,
226.2,
0,
2034, 
176.8382,
176.3666,
199.9055,
171.0345,
200.2353,
184.8623,
220.5033,
227.6,
227.6,
197.1744,
173.8378,
184.1304,
214.3892,
177.5735,
171.3793,
184.3657,
210.2699,
207.0579,
188.3272,
210.6247,
227.6,
227.6,
174.0933,
227.6,
210.3134,
227.6,
0,
2035, 
176.8477,
176.3752,
205.9811,
229,
200.2353,
184.9268,
220.5033,
229,
229,
198.0051,
173.8426,
184.3713,
214.3892,
177.5735,
171.3793,
184.3768,
210.2699,
206.7745,
188.4013,
210.6173,
229,
229,
174.0955,
229,
211.9849,
229,
0,
2036, 
177.4596,
178.741,
210.6196,
230.4,
200.2353,
188.7662,
220.5033,
230.4,
230.4,
199.2616,
174.1079,
185.8783,
214.3892,
177.5735,
230.4,
185.6674,
213.0999,
206.867,
188.5377,
210.5389,
230.4,
230.4,
174.5547,
230.4,
214.517,
230.4,
0,
2037, 
177.47,
179.2456,
214.8928,
231.8,
200.2353,
190.0754,
220.5033,
231.8,
231.8,
200.3346,
174.2391,
186.1438,
214.3892,
177.5735,
231.8,
186.7417,
214.7625,
207.1461,
188.807,
210.4617,
231.8,
231.8,
174.8036,
231.8,
218.8262,
231.8,
0,
2038, 
178.1649,
180.0483,
217.8382,
233.2,
200.2353,
190.352,
220.5033,
233.2,
233.2,
200.3346,
174.3715,
186.1284,
214.3892,
177.5735,
233.2,
186.9877,
216.7962,
206.8765,
189.1136,
210.4617,
233.2,
233.2,
175.217,
233.2,
221.1792,
233.2,
0,
2039, 
178.6458,
180.6682,
220.1162,
234.6,
200.2353,
190.6264,
220.5033,
234.6,
234.6,
200.3346,
174.4929,
186.1488,
214.3892,
178.8249,
234.6,
187.2238,
218.5808,
207.0433,
189.834,
210.775,
234.6,
234.6,
176.2954,
234.6,
221.3797,
234.6,
0,
2040, 
179.183,
180.7392,
221.6586,
236,
200.2353,
211.246,
220.5033,
236,
236,
200.3346,
174.6201,
186.5394,
214.3892,
178.8249,
236,
187.819,
220.1074,
206.9657,
190.2355,
211.0983,
236,
236,
177.9479,
236,
223.4512,
236,
0,
2041, 
179.683,
181.0416,
223.1987,
237.4,
200.2353,
221.0091,
220.5033,
237.4,
237.4,
200.3346,
174.8276,
186.389,
214.3892,
178.8249,
237.4,
189.2229,
221.3383,
206.7535,
190.6221,
209.4106,
237.4,
237.4,
178.7402,
237.4,
224.9109,
237.4,
0,
2042, 
180.3199,
181.7099,
224.84,
238.8,
200.5577,
221.7598,
220.5033,
238.8,
238.8,
202.7835,
175,
187.6205,
214.3892,
179.3536,
238.8,
190.1545,
222.5908,
208.1011,
191.3957,
209.4733,
238.8,
238.8,
179.9611,
238.8,
226.1204,
238.8,
0,
2043, 
181.0625,
182.4738,
226.3486,
240.2,
200.8837,
226.8146,
220.5033,
240.2,
240.2,
205.6888,
175.1724,
189.1304,
214.3892,
179.8334,
240.2,
190.984,
223.7723,
210.674,
192.172,
209.4506,
240.2,
240.2,
181.4055,
240.2,
227.2957,
240.2,
0,
2044, 
181.9514,
183.3641,
227.6807,
241.6,
201.2135,
229.6394,
220.5033,
241.6,
241.6,
208.7213,
175.3448,
190.9004,
214.3892,
180.3988,
241.6,
191.8471,
225.3152,
212.8273,
192.9489,
209.2717,
241.6,
241.6,
183.2026,
241.6,
228.6279,
241.6,
0,
2045, 
183.0515,
184.426,
228.8838,
241.6,
201.5472,
232.4559,
225.5106,
241.6,
241.6,
211.3811,
175.5172,
193.0231,
214.4368,
181.3952,
243,
192.7716,
226.9946,
216.9239,
193.7962,
209.1207,
241.6,
241.6,
185.5488,
243,
230.1744,
241.6,
0,
2046, 
184.472,
185.7295,
230.0272,
242.312,
201.8849,
234.6417,
229.0509,
242.3206,
242.4832,
213.6427,
175.6897,
195.4178,
214.5232,
181.834,
243,
194.1225,
228.4375,
221.1809,
195.2393,
210.9432,
242.2817,
242.3251,
188.5897,
244.4,
231.6077,
242.295,
0,
2047, 
186.4137,
187.3885,
231.1027,
243.0658,
202.227,
236.1535,
231.6786,
242.9714,
243.2428,
215.5146,
175.8621,
197.6273,
215.0822,
182.153,
243.7439,
195.5471,
229.8531,
224.6467,
196.399,
210.7453,
242.908,
242.9531,
192.4494,
245.8,
233.1707,
243.0289,
0,
2048, 
189.2892,
189.602,
232.0576,
243.7704,
202.5734,
237.6794,
233.9493,
243.7674,
243.9147,
217.0296,
176.0345,
200.3544,
215.6568,
184.333,
244.8949,
196.7785,
231.3103,
227.9469,
198.0188,
210.7727,
243.6143,
243.583,
197.7999,
247.2,
234.6111,
243.592,
0,
2049, 
194.1027,
192.7509,
233.0315,
244.4608,
202.9244,
238.7938,
235.9332,
244.9297,
244.5287,
219.429,
177.1562,
203.8002,
218.1906,
187.9476,
246.2746,
198.6341,
232.6791,
231.2425,
199.7823,
211.0234,
244.3099,
244.3383,
205.2071,
247.2,
235.9546,
244.2241,
0,
2050, 
204.1037,
197.6697,
233.688,
245.1351,
203.2802,
239.9093,
237.681,
245.8573,
245.1322,
222.149,
247.8142,
208.3179,
220.1503,
195.5037,
246.9788,
200.5835,
234.0451,
233.3929,
201.7951,
211.2596,
245.1262,
245.0935,
214.9131,
247.9177,
237.2369,
244.8336,
0,
2051, 
205.247,
204.5232,
234.6547,
245.8451,
203.6409,
240.9535,
239.2315,
246.7508,
245.7621,
224.6609,
247.8142,
214.5371,
223.0095,
195.5158,
247.308,
203.0585,
235.3599,
235.514,
204.2293,
211.0485,
245.8603,
245.9673,
228.1063,
248.7713,
238.4137,
245.4196,
0,
2052, 
205.367,
204.9629,
235.6524,
246.7652,
203.6409,
241.871,
240.6759,
247.8902,
246.2455,
226.4579,
247.8142,
215.6932,
225.8301,
195.4159,
248.351,
204.4293,
236.8481,
237.4182,
206.1161,
211.2596,
246.7565,
246.9967,
238.2591,
250.1438,
239.7184,
246.179,
0,
2053, 
205.367,
205.4112,
236.8602,
247.7723,
203.6409,
242.9603,
241.6708,
249.2376,
247.1198,
228.4007,
254.227,
216.9115,
228.2379,
195.6654,
249.7466,
205.9503,
238.3752,
239.4214,
207.5651,
211.2706,
247.5867,
248.3641,
240.0987,
251.493,
240.8654,
247.1171,
0,
2054, 
205.367,
205.8686,
238.2918,
248.9145,
203.6409,
244.2167,
243.6194,
250.6726,
248.0829,
231.0259,
255.3675,
216.4599,
231.2092,
204.2575,
251.2239,
207.456,
239.996,
241.3783,
208.7092,
211.2809,
248.5981,
249.8963,
241.9603,
252.8218,
242.2299,
248.1672,
0,
2055, 
205.3749,
206.3356,
239.8082,
250.152,
203.6409,
245.5174,
245.2088,
252.1828,
249.2407,
233.9075,
257.988,
216.3111,
233.935,
212.8433,
252.603,
208.9194,
241.6604,
243.5396,
210.4047,
211.3912,
249.6107,
251.5359,
243.4459,
253.7913,
243.7044,
249.2242,
0,
2056, 
205.3871,
206.8125,
241.3822,
251.5283,
203.6409,
246.7984,
246.4372,
254.1806,
250.4691,
238.9596,
259.3637,
216.3111,
236.1565,
219.1106,
253.1824,
209.8236,
243.3637,
245.4884,
212.1718,
211.5011,
250.7163,
253.2851,
244.6847,
254.1475,
245.1601,
250.3354,
0,
2057, 
205.4366,
207.3,
242.5945,
252.9162,
205.1872,
247.9461,
247.8264,
256.1927,
251.8599,
243.0676,
259.3637,
216.5354,
237.9539,
225.2047,
253.9723,
210.4395,
244.7823,
247.3477,
214.8224,
211.5011,
251.8607,
254.9875,
246.4319,
254.2272,
246.6073,
251.5865,
0,
2058, 
205.4366,
207.7985,
243.7564,
254.2513,
206.9145,
249.1297,
249.8548,
258.1323,
253.3691,
247.3437,
259.8701,
216.6949,
240.5444,
227.6654,
255.2596,
211.0103,
246.0637,
249.0416,
217.2569,
210.5424,
253.1033,
256.0317,
247.1115,
254.3023,
248.2887,
252.8776,
0,
2059, 
205.4366,
208.3087,
244.8602,
255.7906,
208.8611,
250.2827,
251.7623,
259.9444,
255.0164,
250.2831,
259.8701,
217.1667,
242.4043,
231.831,
258.4312,
211.6774,
247.25,
250.6844,
219.928,
211.4102,
254.4182,
257.5875,
248.6282,
254.6195,
250.129,
254.4587,
0,
2060, 
205.4366,
208.8313,
246.2975,
257.368,
211.077,
251.2913,
253.4412,
262.209,
256.7336,
250.5567,
259.8701,
217.1667,
244.2391,
238.208,
261.0813,
212.6057,
248.455,
252.3356,
222.3567,
211.9956,
255.7682,
259.4032,
249.5663,
255.3372,
251.8747,
256.0611,
0,
2061, 
205.4366,
209.3669,
247.4547,
259.1509,
212.7132,
252.5019,
254.8856,
264.3591,
258.4366,
250.6866,
259.8701,
219.9241,
245.8139,
242.3599,
263.8209,
213.4397,
249.5638,
254.8311,
224.4827,
212.7266,
256.938,
261.2283,
250.3511,
256.2642,
253.7027,
257.4306,
0,
2062, 
205.4366,
209.8962,
248.1942,
260.7901,
212.7132,
253.6902,
256.3014,
266.3675,
260.3407,
252.1985,
259.8701,
224.5716,
247.1419,
241.7197,
266.7833,
215.2647,
250.6487,
256.1313,
226.6564,
213.2094,
258.0135,
262.7936,
250.9929,
256.7474,
255.5405,
258.7502,
0,
2063, 
205.4366,
210.419,
248.8144,
262.5789,
212.7632,
254.888,
257.6693,
266.4864,
262.1921,
257.3881,
259.8701,
227.3176,
248.0598,
242.7459,
269.9169,
217.136,
251.6693,
257.784,
228.7793,
213.3982,
259.046,
264.4565,
251.3581,
257.5187,
257.5434,
260.3213,
0,
2064, 
205.4366,
210.9348,
249.468,
263.748,
212.7632,
256.2044,
258.8291,
266.4932,
263.9412,
260.5808,
259.8701,
230.803,
249.6192,
246.6065,
269.9169,
219.2634,
252.9126,
259.674,
230.8633,
213.8269,
260.0378,
266.0216,
251.5944,
258.2382,
259.3051,
261.727,
0,
2065, 
205.4366,
211.4431,
249.946,
264.8486,
212.7632,
257.3721,
259.824,
269.0434,
265.7932,
262.5121,
259.8701,
235.2608,
250.4208,
251.1791,
269.9169,
220.4661,
254.6468,
261.2513,
233.0144,
214.1765,
261.3583,
267.6313,
251.8583,
258.2382,
260.9791,
263.3439,
0,
2066, 
205.4366,
211.9437,
250.3014,
265.9041,
212.7632,
258.4338,
260.7263,
272.1098,
267.5527,
264.0343,
259.8701,
238.4059,
251.6765,
256.7343,
272.425,
222.4304,
256.4648,
263.0447,
235.1563,
214.4398,
261.8764,
268.653,
252.122,
258.2382,
262.6623,
263.8228,
0,
2067, 
205.4366,
212.4359,
250.766,
266.7158,
212.7632,
259.5108,
261.6082,
274.1076,
269.3472,
265.4348,
259.8701,
240.6106,
252.2629,
257.8169,
274.7125,
223.3033,
258.2025,
264.7264,
236.3671,
214.6226,
263.5146,
269.5536,
252.3562,
258.2382,
264.0858,
264.3963,
0,
2068, 
205.4366,
212.9192,
251.1835,
267.5647,
212.9401,
260.6898,
262.4367,
275.791,
271.1846,
266.4384,
259.8701,
243.2617,
252.8836,
257.8169,
275.559,
226.1824,
259.7838,
266.5732,
237.6433,
214.788,
264.5244,
270.7565,
252.6099,
258.2382,
265.5398,
266.0018,
0,
2069, 
205.4366,
213.3931,
251.6399,
268.5321,
213.2355,
262.0536,
263.2541,
277.5798,
273.0502,
268.1321,
259.8701,
245.7912,
253.539,
260.6687,
277.2004,
227.4029,
260.9663,
268.5722,
239.4126,
214.9529,
265.6124,
271.8781,
252.7472,
258.2382,
266.9574,
267.7019,
0,
2070, 
205.4366,
213.8569,
252.1742,
269.6951,
213.6239,
263.4427,
264.0472,
279.3277,
274.7609,
269.8374,
259.8701,
247.8692,
254.2994,
264.6863,
280.2091,
228.5665,
261.8619,
270.4778,
240.6357,
215.0678,
266.6512,
272.9864,
252.9812,
258.2382,
268.534,
269.4694,
0,
2071, 
205.4366,
214.3099,
252.7054,
271.1666,
214.2372,
265.1103,
264.8224,
281.0808,
276.5207,
271.4724,
259.8701,
249.8975,
255.2766,
267.1297,
282.989,
231.0158,
262.7006,
272.3145,
242.9765,
215.1925,
267.6688,
274.0688,
253.1271,
258.2382,
270.4039,
271.2436,
0,
2072, 
205.7647,
214.7514,
253.361,
272.5974,
215.4337,
266.9379,
265.5512,
282.971,
278.1685,
273.3397,
259.8701,
251.3335,
256.2232,
267.3085,
285.7209,
232.7014,
263.6891,
273.8822,
245.5184,
215.711,
268.7887,
275.0451,
253.3652,
258.2382,
272.1923,
273.0474,
0,
2073, 
207.3111,
215.1805,
253.9816,
274.1508,
216.7558,
268.6118,
266.38,
284.911,
279.7225,
274.7673,
260.1646,
252.4567,
257.3677,
267.3085,
288.0686,
234.295,
264.9629,
275.2626,
247.643,
216.2169,
269.8691,
276.1027,
253.6651,
258.2382,
274.1741,
274.8313,
0,
2074, 
209.2103,
215.5963,
254.6054,
275.6455,
218.1209,
270.1871,
267.1794,
286.8534,
281.4806,
276.3358,
260.2864,
253.2851,
258.5813,
267.3085,
290.6769,
235.9715,
266.3054,
276.7465,
249.5175,
216.7008,
271.0107,
277.2132,
254.0013,
258.2382,
276.2052,
276.6429,
0,
2075, 
211.7412,
215.9979,
255.337,
276.9271,
219.4768,
271.7212,
268.0421,
288.8443,
283.1082,
277.556,
260.2864,
253.6807,
259.4229,
267.3085,
292.7928,
237.7432,
267.7746,
278.3351,
251.015,
217.1984,
272.1649,
278.4487,
254.2833,
258.2382,
278.5926,
278.5558,
0,
2076, 
215.5813,
216.3841,
256.1404,
278.0394,
220.4442,
273.3571,
268.9803,
290.7535,
284.7574,
278.5417,
260.2864,
254.0718,
260.6908,
267.3085,
294.9874,
239.6246,
269.1342,
280.0722,
252.464,
217.6839,
273.3167,
279.8095,
254.4292,
258.2382,
280.9164,
280.5238,
0,
2077, 
216.6208,
216.7538,
256.9718,
279.0675,
221.3511,
274.7614,
269.837,
292.5748,
285.9891,
279.4934,
260.2864,
254.2283,
261.7247,
269.6102,
297.0447,
241.9973,
270.562,
281.6143,
253.2135,
218.2749,
274.4022,
281.0744,
254.5497,
258.2382,
283.0748,
282.511,
0,
2078, 
217.7184,
217.1055,
257.739,
280.2302,
222.6836,
276.3866,
270.7683,
294.4026,
287.3,
280.1018,
260.2864,
255.0761,
262.9886,
272.0297,
299.2683,
244.5977,
272.0436,
283.2137,
254.0055,
218.8571,
275.55,
282.3643,
254.6689,
258.2382,
285.2855,
284.5024,
0,
2079, 
218.8905,
217.4377,
258.5674,
281.3164,
223.8411,
278.0195,
271.7726,
296.4282,
288.5902,
280.5543,
260.2864,
255.8702,
264.0038,
274.5804,
300.5091,
247.4758,
273.5728,
284.8018,
254.7072,
219.4294,
276.9886,
283.6982,
254.7881,
258.2382,
287.8316,
286.6136,
0,
2080, 
220.1602,
217.7488,
259.388,
282.6391,
225.0679,
279.7081,
272.819,
298.3786,
289.8285,
280.8292,
260.2864,
256.2958,
265.3607,
277.278,
301.957,
250.6837,
275.2183,
286.2324,
255.4108,
220.1886,
278.6904,
285.0784,
254.9044,
258.2382,
289.493,
288.1406,
0,
2081, 
221.5611,
218.037,
260.3674,
284.502,
226.1117,
281.2444,
273.8207,
300.4845,
291.1702,
281.0698,
260.2864,
256.9388,
266.8723,
280.1407,
303.1732,
250.811,
277.0474,
287.9782,
255.9944,
221.0728,
280.5633,
286.3764,
255.0156,
258.2382,
291.6259,
290.3236,
0,
2082, 
222.3448,
218.3,
261.2093,
286.5323,
227.1154,
282.6782,
274.3222,
302.5132,
292.1876,
281.3122,
260.2864,
257.7678,
268.4834,
280.1407,
304.847,
250.9349,
279.3041,
289.6286,
256.0826,
221.6074,
282.1786,
287.4488,
255.1792,
258.2382,
293.7763,
292.2933,
0,
2083, 
223.1399,
218.5356,
262.1093,
288.4536,
228.0516,
284.0717,
275.5254,
304.6928,
292.9714,
281.6172,
260.2864,
258.1239,
269.8682,
280.1407,
305.8473,
251.0554,
280.1779,
291.1311,
256.2608,
221.6074,
283.7039,
288.6646,
256.1338,
258.2382,
295.9751,
294.2581,
0,
2084, 
223.9492,
218.5356,
262.8787,
290.2574,
253.4635,
285.5608,
276.5827,
307.0277,
293.9158,
281.6172,
260.2864,
263.0946,
275.0249,
280.5335,
307.3313,
252.6775,
282.2966,
292.6596,
260.0605,
221.7017,
285.0149,
289.8806,
257.1147,
258.2382,
298.0164,
296.064,
0,
2085, 
224.6705,
218.5356,
263.7804,
291.691,
299.7191,
287.4704,
277.6298,
309.3979,
294.6171,
281.7829,
260.2864,
264.186,
280.3638,
284.8722,
308.896,
256.0652,
284.0982,
294.5949,
260.77,
222.3388,
286.2188,
290.8696,
257.9704,
258.2382,
299.9314,
297.6408,
0,
2086, 
225.0912,
218.5356,
264.7728,
292.6984,
329.7016,
289.3897,
278.6862,
311.7792,
295.2863,
281.9246,
260.2864,
270.6826,
286.2453,
290.8736,
310.8335,
279.2236,
284.677,
296.9612,
264.4481,
222.9003,
287.3322,
291.8169,
258.8589,
258.2382,
302.2446,
298.5268,
0,
2087, 
225.7016,
220.6173,
265.6744,
293.5857,
330.922,
291.1321,
279.6348,
313.5689,
295.6046,
282.1498,
260.2864,
271.7573,
291.4555,
295.8302,
312.4236,
286.9633,
285.2653,
298.6923,
268.9278,
223.67,
288.288,
292.2798,
260.4933,
258.2382,
303.6978,
299.0739,
0,
2088, 
227.1546,
221.6143,
266.7916,
294.0087,
332.1589,
292.587,
280.5806,
315.3126,
295.6046,
282.317,
260.2864,
272.7033,
293.8047,
299.1785,
313.5324,
295.125,
285.3809,
300.3859,
269.8781,
225.2318,
288.9728,
292.737,
261.0779,
258.2382,
305.7726,
299.5086,
0,
2089, 
228.1566,
221.9718,
267.9607,
295.155,
333.2816,
293.8106,
283.678,
317.5256,
296.1382,
282.6403,
260.2864,
273.7851,
295.1229,
301.9874,
314.3835,
298.9762,
285.5261,
301.9653,
270.6305,
228.6054,
290.3198,
293.1877,
263.3242,
258.2382,
307.5842,
301.7166,
0,
2090, 
229.2773,
222,
269.1024,
296.3336,
334.7836,
294.8968,
284.7617,
319.2572,
296.1382,
283.2424,
260.2864,
280.4444,
296.6532,
303.6008,
315.171,
301.0958,
285.6084,
303.7611,
270.8849,
235.1816,
291.1575,
294.0124,
263.4082,
258.2382,
309.747,
303.6579,
0,
2091, 
250.9307,
373,
270.5712,
297.7259,
336.7002,
295.9977,
286.764,
321.489,
296.1382,
293.929,
260.2864,
308.236,
297.7377,
305.7396,
315.6558,
305.234,
285.6713,
305.7591,
271.9624,
276.4895,
292.5834,
294.9049,
263.4149,
258.2382,
312.2169,
304.102,
0,
2092, 
250.9307,
376,
272.0596,
299.1809,
338.7022,
297.2756,
287.0739,
323.7395,
296.5548,
294.2434,
260.2864,
308.981,
298.7922,
306.6691,
316.593,
305.9475,
285.7182,
307.4348,
273.1376,
276.4895,
294.2605,
295.7448,
263.4232,
258.2382,
314.5002,
306.4516,
0,
2093, 
250.9307,
379,
273.8608,
300.5143,
340.8472,
298.5822,
287.8428,
325.7242,
296.7596,
294.6808,
264.4474,
309.7404,
299.7171,
307.9019,
318.0094,
306.3863,
285.7441,
309.1318,
273.4588,
276.4895,
296.2404,
296.5332,
263.4299,
258.2382,
316.5925,
306.4516,
0,
2094, 
250.9307,
382,
275.9617,
301.6198,
343.0103,
299.5225,
288.2848,
327.743,
296.9388,
294.6808,
264.4474,
310.1524,
300.9008,
309.6737,
318.9403,
306.9746,
285.9085,
310.8409,
274.646,
276.4895,
298.1425,
297.5029,
263.4381,
258.2382,
318.4884,
309.09,
0,
2095, 
250.9307,
385,
278.3434,
302.6595,
345.3893,
300.4939,
288.9008,
329.4992,
297.1013,
294.6808,
264.4474,
310.6774,
301.7075,
311.5102,
320.8896,
307.19,
285.9085,
312.5122,
275.3451,
276.4895,
299.8913,
298.6253,
263.4464,
258.2382,
321.4739,
310.922,
0,
2096, 
250.9307,
388,
280.6817,
303.7672,
347.6481,
301.4816,
289.3344,
331.392,
297.1013,
294.6808,
264.4474,
311.4718,
302.5303,
313.2617,
322.2,
307.6336,
286.5182,
314.3968,
276.2906,
276.4895,
301.4038,
300.0607,
263.4542,
258.2382,
323.7515,
310.922,
0,
2097, 
250.9307,
391,
283.5602,
304.7985,
349.8682,
302.3681,
289.9686,
332.9178,
297.1013,
294.6808,
264.4474,
312.0336,
302.9274,
314.3483,
324.0393,
309.6824,
286.9445,
316.0034,
277.3008,
276.4895,
302.7984,
301.61,
263.4599,
258.2382,
326.3491,
312.0383,
0,
2098, 
250.9307,
394,
286.3451,
305.865,
352.0107,
303.3157,
290.51,
333.6525,
297.1013,
294.6808,
264.4474,
312.1197,
302.981,
315.2517,
325.3634,
312.5017,
287.5419,
317.752,
278.4353,
276.4895,
304.5532,
303.068,
264.0098,
258.2382,
329.4146,
313.0981,
0,
2099, 
250.9307,
397,
289.3929,
306.955,
354.2789,
304.3726,
291.0186,
334.4232,
297.1013,
294.6808,
264.4474,
312.51,
302.9983,
315.7018,
327.1287,
316.1473,
288.1505,
319.4935,
279.4137,
276.4895,
306.1551,
304.4561,
264.7128,
258.2382,
331.6164,
314.0688,
0,
2100, 
250.9307,
400,
292.1107,
308.214,
356.5049,
306.5944,
291.4754,
335.3791,
297.1013,
294.6808,
264.4474,
312.7868,
303.018,
316.106,
328.4771,
318.4836,
288.7375,
321.3236,
280.5285,
276.4895,
308.0996,
305.4321,
265.6143,
258.2382,
334.5194,
314.0688,
0];
