real main.em.POP[27](t) = [1970, 
21.453,
209.593,
52.03,
43.247,
95.327,
97.516,
72.867,
140.449,
83.817,
22.839,
351.736,
116.27,
34.876,
59.66,
33.315,
142.541,
66.833,
553.579,
46.619,
844.879,
165.772,
117.363,
104.926,
17.186,
159.163,
46.499,
0,
1971, 
21.804,
211.468,
53.719,
44.215,
97.729,
99.707,
74.647,
143.908,
86.208,
23.483,
353.84,
117.191,
35.721,
60.131,
34.121,
143.436,
68.92,
566.225,
47.674,
866.024,
170.157,
120.515,
106.425,
17.523,
162.949,
47.829,
0,
1972, 
22.156,
213.358,
55.478,
45.204,
100.144,
101.902,
76.434,
147.494,
88.666,
24.148,
355.893,
118.132,
36.587,
60.601,
34.909,
144.343,
71.111,
579.412,
48.726,
886.646,
174.612,
123.72,
107.977,
17.83,
166.599,
49.232,
0,
1973, 
22.503,
215.275,
57.281,
46.202,
102.584,
104.114,
78.247,
151.22,
91.204,
24.83,
357.858,
119.089,
37.472,
61.063,
35.683,
145.269,
73.415,
593.059,
49.758,
906.503,
179.095,
126.972,
109.533,
18.114,
170.251,
50.703,
0,
1974, 
22.838,
217.224,
59.088,
47.2,
105.069,
106.355,
80.12,
155.114,
93.847,
25.52,
359.679,
120.064,
38.37,
61.504,
36.455,
146.21,
75.842,
607.05,
50.742,
925.376,
183.538,
130.267,
111.03,
18.381,
174.09,
52.236,
0,
1975, 
23.156,
219.211,
60.872,
48.192,
107.612,
108.635,
82.073,
159.183,
96.604,
26.212,
361.315,
121.055,
39.277,
61.915,
37.23,
147.165,
78.401,
621.302,
51.662,
943.136,
187.905,
133.602,
112.423,
18.628,
178.252,
53.828,
0,
1976, 
23.457,
221.245,
62.624,
49.177,
110.213,
110.958,
84.113,
163.439,
99.494,
26.904,
362.756,
122.06,
40.19,
62.293,
38.011,
148.139,
81.083,
635.772,
52.504,
959.664,
192.167,
136.968,
113.69,
18.855,
182.788,
55.478,
0,
1977, 
23.742,
223.33,
64.346,
50.163,
112.868,
113.324,
86.235,
167.882,
102.505,
27.597,
364.029,
123.074,
41.108,
62.645,
38.796,
149.137,
83.899,
650.485,
53.279,
975.049,
196.357,
140.362,
114.839,
19.06,
187.657,
57.186,
0,
1978, 
24.014,
225.456,
66.039,
51.142,
115.578,
115.734,
88.452,
172.493,
105.639,
28.298,
365.153,
124.076,
42.04,
62.974,
39.594,
150.166,
86.88,
665.502,
54.014,
989.65,
200.56,
143.791,
115.89,
19.261,
192.775,
58.949,
0,
1979, 
24.278,
227.606,
67.71,
52.125,
118.343,
118.189,
90.771,
177.265,
108.88,
29.017,
366.161,
125.041,
42.994,
63.295,
40.408,
151.23,
90.074,
680.916,
54.752,
1003.974,
204.903,
147.267,
116.878,
19.474,
198.018,
60.774,
0,
1980, 
24.537,
229.769,
69.361,
53.121,
121.16,
120.688,
93.195,
182.172,
112.224,
29.76,
367.083,
125.946,
43.976,
63.613,
41.239,
152.328,
93.498,
696.784,
55.522,
1018.437,
209.467,
150.794,
117.827,
19.701,
203.292,
62.654,
0,
1981, 
24.791,
231.945,
70.992,
54.131,
124.031,
123.231,
95.727,
187.227,
115.657,
30.533,
367.929,
126.781,
44.988,
63.928,
42.088,
153.45,
97.171,
713.118,
56.338,
1033.005,
214.277,
154.377,
118.743,
19.95,
208.578,
64.597,
0,
1982, 
25.041,
234.139,
72.603,
55.148,
126.947,
125.818,
98.355,
192.432,
119.187,
31.33,
368.707,
127.538,
46.025,
64.236,
42.95,
154.595,
101.053,
729.868,
57.189,
1047.689,
219.304,
158.001,
119.616,
20.227,
213.914,
66.594,
0,
1983, 
25.297,
236.35,
74.197,
56.181,
129.882,
128.445,
101.07,
197.783,
122.839,
32.14,
369.469,
128.239,
47.073,
64.536,
43.833,
155.76,
105.103,
746.949,
58.05,
1062.976,
224.51,
161.638,
120.438,
20.52,
219.344,
68.641,
0,
1984, 
25.572,
238.58,
75.781,
57.215,
132.801,
131.112,
103.853,
203.28,
126.641,
32.944,
370.268,
128.89,
48.114,
64.827,
44.741,
156.959,
109.25,
764.245,
58.89,
1079.474,
229.837,
165.25,
121.2,
20.824,
224.943,
70.719,
0,
1985, 
25.874,
240.83,
77.361,
58.263,
135.676,
133.806,
106.686,
208.926,
130.614,
33.73,
371.151,
129.511,
49.134,
65.102,
45.672,
158.184,
113.437,
781.667,
59.686,
1097.537,
235.234,
168.807,
121.894,
21.137,
230.763,
72.822,
0,
1986, 
26.208,
243.105,
78.934,
59.324,
138.499,
136.531,
109.567,
214.696,
134.786,
34.49,
372.125,
130.105,
50.128,
65.362,
46.632,
159.45,
117.653,
799.181,
60.426,
1117.432,
240.694,
172.298,
122.52,
21.454,
236.8,
74.947,
0,
1987, 
26.57,
245.409,
80.503,
60.389,
141.273,
139.28,
112.479,
220.607,
139.132,
35.23,
373.191,
130.66,
51.101,
65.602,
47.613,
160.725,
121.893,
816.793,
61.123,
1138.833,
246.215,
175.727,
123.083,
21.778,
243.036,
77.093,
0,
1988, 
26.948,
247.746,
82.084,
61.47,
144.002,
142.047,
115.394,
226.704,
143.575,
35.971,
374.359,
131.134,
52.054,
65.808,
48.581,
161.932,
126.096,
834.489,
61.799,
1160.757,
251.75,
179.102,
123.595,
22.105,
249.474,
79.278,
0,
1989, 
27.326,
250.119,
83.698,
62.557,
146.692,
144.821,
118.276,
233.056,
148.005,
36.741,
375.631,
131.476,
52.992,
65.96,
49.502,
162.966,
130.188,
852.27,
62.49,
1181.835,
257.245,
182.439,
124.069,
22.435,
256.117,
81.524,
0,
1990, 
27.693,
252.536,
85.358,
63.66,
149.352,
147.599,
121.09,
239.693,
152.345,
37.561,
377.004,
131.639,
53.922,
66.045,
50.343,
163.755,
134.134,
870.133,
63.216,
1201.066,
262.659,
185.75,
124.516,
22.757,
262.956,
83.841,
0,
1991, 
28.045,
254.981,
87.072,
64.773,
151.977,
150.374,
123.829,
246.654,
156.553,
38.438,
378.504,
131.622,
54.841,
66.063,
51.101,
164.27,
137.899,
888.055,
63.987,
1218.129,
267.963,
189.039,
124.94,
23.077,
270.003,
86.244,
0,
1992, 
28.384,
257.46,
88.828,
65.892,
154.564,
153.145,
126.494,
253.915,
160.68,
39.36,
380.122,
131.438,
55.749,
66.012,
51.781,
164.531,
141.503,
906.021,
64.79,
1233.246,
273.159,
192.302,
125.341,
23.395,
277.233,
88.723,
0,
1993, 
28.711,
260.026,
90.6,
67.025,
157.133,
155.895,
129.078,
261.383,
164.842,
40.3,
381.767,
131.13,
56.654,
65.889,
52.391,
164.581,
145.007,
924.058,
65.607,
1246.648,
278.275,
195.531,
125.718,
23.702,
284.555,
91.256,
0,
1994, 
29.026,
262.748,
92.349,
68.149,
159.705,
158.616,
131.584,
268.935,
169.214,
41.219,
383.315,
130.752,
57.564,
65.68,
52.938,
164.488,
148.512,
942.204,
66.404,
1258.779,
283.349,
198.716,
126.063,
24.003,
291.855,
93.809,
0,
1995, 
29.33,
265.665,
94.046,
69.268,
162.297,
161.3,
134.012,
276.48,
173.914,
42.088,
384.7,
130.349,
58.486,
65.387,
53.437,
164.301,
152.085,
960.483,
67.161,
1269.993,
288.414,
201.852,
126.375,
24.291,
299.048,
96.357,
0,
1996, 
29.622,
268.809,
95.687,
70.382,
164.913,
163.934,
136.361,
283.999,
178.988,
42.899,
385.866,
129.944,
59.423,
65.006,
53.886,
164.044,
155.763,
978.893,
67.871,
1280.298,
293.47,
204.937,
126.654,
24.568,
306.084,
98.899,
0,
1997, 
29.903,
272.143,
97.282,
71.485,
167.545,
166.524,
138.638,
291.531,
184.394,
43.657,
386.868,
129.523,
60.372,
64.547,
54.292,
163.708,
159.535,
997.405,
68.539,
1289.645,
298.505,
207.981,
126.903,
24.844,
312.984,
101.451,
0,
1998, 
30.178,
275.549,
98.821,
72.576,
170.171,
169.078,
140.867,
299.161,
190.073,
44.372,
387.826,
129.099,
61.33,
64.035,
54.684,
163.305,
163.368,
1015.974,
69.164,
1298.277,
303.481,
211.007,
127.127,
25.109,
319.803,
104.035,
0,
1999, 
30.454,
278.868,
100.301,
73.66,
172.759,
171.604,
143.083,
307.012,
195.912,
45.059,
388.927,
128.676,
62.287,
63.502,
55.098,
162.836,
167.218,
1034.539,
69.756,
1306.494,
308.361,
214.043,
127.336,
25.381,
326.647,
106.687,
0,
2000, 
30.736,
281.989,
101.72,
74.729,
175.288,
174.111,
145.309,
315.167,
201.839,
45.728,
390.294,
128.256,
63.24,
62.975,
55.559,
162.312,
171.053,
1053.051,
70.315,
1314.528,
313.117,
217.112,
127.534,
25.657,
333.574,
109.429,
0,
2001, 
31.025,
284.858,
103.067,
75.782,
177.751,
176.602,
147.565,
323.658,
207.836,
46.385,
391.966,
127.847,
64.191,
62.462,
56.083,
161.735,
174.846,
1071.478,
70.845,
1322.503,
317.744,
220.223,
127.724,
25.941,
340.626,
112.279,
0,
2002, 
31.321,
287.513,
104.356,
76.823,
180.151,
179.074,
149.852,
332.475,
213.929,
47.026,
393.893,
127.456,
65.143,
61.964,
56.667,
161.131,
178.629,
1089.807,
71.342,
1330.442,
322.254,
223.37,
127.903,
26.233,
347.76,
115.236,
0,
2003, 
31.628,
290.034,
105.64,
77.854,
182.482,
181.533,
152.177,
341.635,
220.133,
47.649,
396.007,
127.078,
66.086,
61.493,
57.308,
160.543,
182.527,
1108.028,
71.804,
1338.362,
326.645,
226.556,
128.068,
26.542,
354.878,
118.315,
0,
2004, 
31.949,
292.545,
106.996,
78.883,
184.738,
183.978,
154.532,
351.144,
226.472,
48.247,
398.228,
126.702,
67.008,
61.059,
58,
160.028,
186.689,
1126.136,
72.227,
1346.24,
330.911,
229.777,
128.214,
26.879,
361.838,
121.539,
0,
2005, 
32.288,
295.136,
108.472,
79.906,
186.917,
186.41,
156.92,
361.007,
232.969,
48.821,
400.471,
126.327,
67.903,
60.672,
58.737,
159.625,
191.216,
1144.119,
72.612,
1354.063,
335.056,
233.028,
128.336,
27.253,
368.553,
124.92,
0,
2006, 
32.645,
297.833,
110.092,
80.926,
189.012,
188.836,
159.335,
371.247,
239.617,
49.365,
402.737,
125.949,
68.763,
60.336,
59.519,
159.351,
196.155,
1161.978,
72.957,
1361.845,
339.072,
236.308,
128.433,
27.669,
374.965,
128.464,
0,
2007, 
33.02,
300.601,
111.836,
81.944,
191.027,
191.252,
161.793,
381.86,
246.413,
49.887,
405.02,
125.572,
69.597,
60.052,
60.345,
159.198,
201.449,
1179.681,
73.265,
1369.628,
342.977,
239.617,
128.505,
28.12,
381.138,
132.178,
0,
2008, 
33.405,
303.38,
113.662,
82.965,
192.979,
193.662,
164.341,
392.835,
253.359,
50.412,
407.233,
125.201,
70.44,
59.804,
61.225,
159.154,
206.938,
1197.147,
73.554,
1377.426,
346.838,
242.946,
128.551,
28.589,
387.213,
136.056,
0,
2009, 
33.79,
306.082,
115.505,
83.983,
194.896,
196.072,
167.038,
404.143,
260.469,
50.971,
409.268,
124.837,
71.339,
59.576,
62.161,
159.194,
212.418,
1214.27,
73.842,
1385.261,
350.758,
246.287,
128.567,
29.067,
393.394,
140.094,
0,
2010, 
34.169,
308.647,
117.319,
85.008,
196.796,
198.484,
169.925,
415.762,
267.742,
51.585,
411.049,
124.485,
72.327,
59.35,
63.156,
159.295,
217.726,
1230.981,
74.145,
1393.132,
354.805,
249.632,
128.552,
29.527,
399.826,
144.281,
0,
2011, 
34.539,
311.057,
119.09,
86.03,
198.687,
200.9,
173.02,
427.694,
275.181,
52.264,
412.529,
124.145,
73.409,
59.122,
64.212,
159.457,
222.814,
1247.236,
74.467,
1401.042,
359.006,
252.977,
128.505,
29.971,
406.563,
148.622,
0,
2012, 
34.901,
313.341,
120.828,
87.052,
200.561,
203.315,
176.294,
439.936,
282.781,
52.998,
413.737,
123.817,
74.57,
58.895,
65.319,
159.676,
227.722,
1263.066,
74.806,
1408.946,
363.34,
256.314,
128.426,
30.396,
413.55,
153.111,
0,
2013, 
35.255,
315.543,
122.536,
88.068,
202.409,
205.725,
179.687,
452.485,
290.542,
53.767,
414.76,
123.499,
75.787,
58.667,
66.455,
159.922,
232.452,
1278.562,
75.155,
1416.727,
367.746,
259.625,
128.313,
30.81,
420.69,
157.744,
0,
2014, 
35.605,
317.725,
124.222,
89.085,
204.213,
208.113,
183.107,
465.342,
298.457,
54.54,
415.732,
123.187,
77.031,
58.438,
67.592,
160.163,
237.057,
1293.859,
75.502,
1424.232,
372.136,
262.887,
128.163,
31.214,
427.84,
162.506,
0,
2015, 
35.95,
319.935,
125.891,
90.088,
205.962,
210.476,
186.488,
478.5,
306.522,
55.291,
416.755,
122.875,
78.271,
58.21,
68.705,
160.374,
241.566,
1309.054,
75.838,
1431.339,
376.449,
266.082,
127.975,
31.623,
434.893,
167.387,
0,
2016, 
36.33218,
322.495,
127.1943,
90.93317,
207.5016,
212.5782,
188.8819,
490.4255,
314.0391,
55.77636,
418.2036,
122.7845,
79.07767,
57.89854,
69.31153,
160.2858,
246.2167,
1325.099,
75.98438,
1434.735,
380.2393,
268.3548,
127.7128,
32.07507,
441.7911,
171.4133,
0,
2017, 
36.71436,
325.055,
128.4975,
91.77836,
209.0412,
214.6803,
191.2758,
502.351,
321.5563,
56.26172,
419.6523,
122.694,
79.88433,
57.58709,
69.91806,
160.1977,
250.8675,
1341.144,
76.13077,
1438.132,
384.0296,
270.6275,
127.4505,
32.52715,
448.6892,
175.4395,
0,
2020, 
37.86089,
332.735,
132.4073,
94.31389,
213.6601,
220.9868,
198.4576,
538.1276,
344.1077,
57.71781,
423.9982,
122.4226,
82.30433,
56.65273,
71.73766,
159.9332,
264.8197,
1389.279,
76.56992,
1448.32,
395.4005,
277.4458,
126.6638,
33.88337,
469.3836,
187.5183,
0,
2025, 
39.74271,
345.5568,
138.314,
98.09167,
220.4295,
230.5822,
209.2426,
600.6512,
382.2885,
59.87497,
430.8606,
121.7648,
85.95972,
55.28462,
74.25429,
158.9642,
287.1041,
1463.024,
76.97775,
1454.98,
412.1754,
287.148,
124.6717,
36.10039,
502.7999,
208.2313,
0,
2030, 
41.49018,
357.7859,
143.4924,
101.383,
225.9033,
239.1008,
218.7085,
665.281,
420.484,
61.70772,
437.1702,
120.7786,
89.16912,
54.04842,
76.20976,
157.6749,
308.3457,
1529.905,
77.00877,
1450.778,
426.4934,
295.0708,
122.1955,
38.18735,
533.8474,
229.2713,
0,
2035, 
43.1023,
369.2074,
147.8587,
104.1359,
230.0823,
246.363,
227.0708,
731.2453,
458.3641,
63.22763,
442.9695,
119.4137,
91.92337,
52.9615,
77.71373,
156.4799,
328.7498,
1591.801,
76.5141,
1435.212,
438.201,
301.287,
119.4149,
40.16643,
562.5876,
250.3189,
0,
2040, 
44.65427,
379.7904,
151.4159,
106.3318,
233.0225,
252.4243,
234.4872,
797.3483,
495.649,
64.51898,
448.291,
117.8511,
94.22856,
52.03204,
78.90163,
155.6877,
348.2057,
1647.296,
75.41001,
1408.868,
447.2676,
305.6033,
116.4557,
42.08099,
589.1285,
271.1603,
0,
2045, 
46.1862,
389.4965,
154.1441,
107.9811,
234.7359,
257.1826,
240.8545,
862.6058,
531.7344,
65.56807,
452.9402,
116.2081,
96.06134,
51.18644,
79.72188,
154.9546,
366.0139,
1696.024,
73.75077,
1373.337,
453.6842,
307.8468,
113.3645,
43.94514,
613.0558,
291.1215,
0,
2050, 
47.70709,
398.6911,
156.055,
109.0672,
235.0775,
260.6018,
245.8534,
926.3746,
565.843,
66.40545,
456.6873,
114.4856,
97.40951,
50.37764,
80.07019,
154.1644,
381.7556,
1735.281,
71.61547,
1329.92,
457.4417,
307.8806,
110.2196,
45.73872,
633.8563,
310.0995,
0,
2055, 
49.17886,
407.8669,
157.1599,
109.6138,
233.9968,
262.7302,
249.508,
985.1833,
597.5006,
67.02268,
459.4485,
112.6082,
98.22633,
49.60667,
79.96591,
153.2064,
395.2587,
1764.152,
69.15763,
1280.438,
459.0833,
306.2312,
107.0878,
47.42845,
650.7726,
327.6158,
0,
2060, 
50.59448,
417.1488,
157.4338,
109.6335,
231.8302,
263.6849,
251.8403,
1039.248,
626.4267,
67.45559,
461.4423,
110.4963,
98.57582,
48.88478,
79.48645,
152.1962,
406.4135,
1780.82,
66.53387,
1226.856,
458.8456,
302.9661,
103.9337,
48.99115,
663.7274,
343.6693,
0,
2065, 
51.83265,
425.8965,
157.3519,
109.3815,
228.67,
263.699,
253.0101,
1089.825,
652.6779,
67.6041,
462.3205,
107.9573,
98.57278,
48.07701,
78.82101,
150.919,
415.3276,
1786.353,
63.81861,
1171.372,
456.7722,
298.3339,
100.5645,
50.31995,
673.4115,
358.4213,
0,
2070, 
52.89737,
433.7067,
157.0686,
108.8981,
224.6481,
262.8362,
253.0417,
1136.363,
676.2079,
67.44084,
462.5163,
105.0849,
98.2243,
47.20686,
77.97388,
149.465,
422.121,
1782.779,
61.08474,
1115.865,
453.1522,
292.585,
97.03693,
51.42694,
680.2075,
371.8126,
0,
2075, 
53.78464,
440.301,
156.5555,
108.1627,
219.8547,
261.1306,
252.0989,
1178.247,
696.8718,
66.98055,
462.182,
102.043,
97.53549,
46.27229,
76.94616,
147.787,
426.7824,
1770.321,
58.3912,
1060.735,
448.0009,
285.9935,
93.48807,
52.31718,
684.6884,
383.5951,
0,
2080, 
54.46137,
445.5068,
155.7423,
107.2291,
214.5117,
258.652,
250.4802,
1215.241,
714.3341,
66.23586,
461.2287,
99.0099,
96.54595,
45.27944,
75.74643,
145.838,
429.5182,
1749.295,
55.78604,
1005.973,
441.5954,
278.814,
90.00517,
52.9715,
686.8004,
393.9719,
0,
2085, 
54.89749,
449.3797,
154.609,
106.0808,
208.7896,
255.5296,
248.3413,
1246.919,
728.4706,
65.32476,
459.5514,
96.10268,
95.32376,
44.25388,
74.44457,
143.67,
430.6174,
1720.412,
53.29873,
952.4517,
434.2482,
271.2491,
86.43501,
53.37679,
686.8975,
402.9495,
0,
2090, 
55.08597,
452.1139,
153.1998,
104.7811,
202.8931,
251.9378,
245.8524,
1273.439,
739.3951,
64.25144,
456.8456,
93.3466,
94.00302,
43.21501,
73.12228,
141.3786,
430.4,
1685.878,
50.94789,
901.8356,
426.2507,
263.4387,
82.89732,
53.50383,
684.8122,
410.2065,
0,
2095, 
54.97168,
453.8283,
151.6898,
103.3756,
196.951,
248.004,
242.9714,
1295.418,
747.5479,
63.01171,
453.0737,
90.71741,
92.60304,
42.1649,
71.81935,
138.9727,
429.175,
1646.334,
48.74746,
855.1719,
417.8708,
255.4912,
79.43674,
53.33848,
681.1124,
415.8053,
0,
2100, 
54.56363,
454.4408,
150.1231,
101.9109,
191.023,
243.8098,
239.7982,
1313.268,
752.9996,
61.60133,
447.9706,
88.1483,
91.10959,
41.07798,
70.52932,
136.3549,
426.9072,
1604.31,
46.5889,
812.4774,
409.1825,
247.506,
76.05229,
52.91706,
676.0547,
419.8008,
0];
