real main.em.dem.RURPOPTOT[28](t) = [1971, 
5.310278,
55.80092,
21.61191,
25.08831,
42.13586,
35.65111,
44.20477,
110.6801,
76.25418,
12.24192,
107.1041,
59.1564,
21.82396,
28.47935,
19.3928,
54.14264,
36.95718,
452.5587,
25.70349,
711.8607,
127.9331,
99.60313,
49.03192,
3.464564,
137.9416,
41.99337,
0,
2406.126,
1972, 
5.397911,
56.27786,
21.90482,
25.41013,
42.19968,
35.85542,
44.93268,
112.6668,
78.15204,
12.57411,
106.8207,
58.80569,
22.10777,
28.21517,
19.73735,
53.39319,
37.41819,
461.2769,
25.6993,
728.7997,
130.7832,
101.698,
48.96498,
3.495901,
140.3712,
42.90948,
0,
2445.868,
1973, 
5.484386,
56.76155,
22.18848,
25.7265,
42.22665,
36.04058,
45.66033,
114.7223,
80.10483,
12.91433,
106.5006,
58.44967,
22.39132,
27.93977,
20.06936,
52.63691,
37.89352,
470.2768,
25.66013,
745.1093,
133.6287,
103.8025,
48.87735,
3.521756,
142.7735,
43.86642,
0,
2485.228,
1974, 
5.567995,
57.25328,
22.4467,
26.03229,
42.22408,
36.21043,
46.40705,
116.8654,
82.13369,
13.25789,
106.1281,
58.08897,
22.67068,
27.64752,
20.39568,
51.87194,
38.38485,
479.4626,
25.57256,
760.6095,
136.4188,
105.9129,
48.74128,
3.543398,
145.3029,
44.85773,
0,
2524.008,
1975, 
5.647516,
57.75462,
22.66934,
26.32424,
42.19574,
36.3678,
47.18358,
119.0987,
84.2455,
13.60167,
105.6921,
57.72228,
22.94327,
27.33493,
20.71909,
51.0976,
38.89292,
488.7659,
25.43041,
775.1945,
139.1272,
108.0261,
48.53863,
3.560337,
148.0702,
45.87968,
0,
2562.084,
1976, 
5.718489,
58.2529,
22.87342,
26.64441,
42.18424,
36.51486,
48.00124,
121.4309,
86.44693,
13.94375,
105.4258,
57.37064,
23.30023,
27.03915,
21.08654,
50.50497,
39.56958,
497.9036,
25.21469,
784.9653,
141.529,
109.9941,
48.46241,
3.609127,
150.7461,
46.88527,
0,
2595.618,
1977, 
5.7855,
58.7639,
23.04166,
26.95638,
42.14423,
36.64943,
48.84812,
123.8567,
88.73458,
14.28548,
105.1053,
57.00948,
23.65206,
26.72667,
21.45344,
49.90811,
40.2673,
507.1285,
24.94739,
793.6744,
143.8447,
111.9473,
48.32265,
3.653828,
153.6403,
47.91563,
0,
2628.263,
1978, 
5.849283,
59.28499,
23.17506,
27.25589,
42.07455,
36.7711,
49.7305,
126.3591,
91.10902,
14.63046,
104.7374,
56.62904,
24.00383,
26.39931,
21.82473,
49.30891,
40.99747,
516.4855,
24.64324,
801.6262,
146.1369,
113.891,
48.12958,
3.697878,
156.6788,
48.967,
0,
2660.397,
1979, 
5.911062,
59.81163,
23.27667,
27.54884,
41.97366,
36.87939,
50.65107,
128.9306,
93.55531,
14.98386,
104.3321,
56.21833,
24.35988,
26.06377,
22.20199,
48.70803,
41.77835,
526.043,
24.32277,
809.2386,
148.4976,
115.8339,
47.89917,
3.744353,
159.7569,
50.04395,
0,
2692.565,
1980, 
5.971569,
60.34099,
23.3476,
27.83989,
41.83897,
36.97328,
51.6102,
131.5499,
96.06899,
15.34872,
103.8987,
55.76791,
24.72331,
25.72225,
22.58568,
48.10452,
42.61256,
535.8408,
23.99843,
816.8488,
150.9835,
117.7784,
47.64217,
3.793644,
162.7972,
51.13943,
0,
2725.127,
1981, 
5.999125,
60.56175,
23.52589,
28.17617,
41.7404,
37.11201,
52.58711,
134.277,
98.68867,
15.68957,
103.7269,
55.62955,
24.51234,
25.4209,
23.03557,
47.83337,
43.61097,
546.6192,
23.69609,
821.285,
153.5358,
119.3703,
47.77767,
3.851797,
166.2698,
52.34677,
0,
2756.88,
1982, 
6.025015,
60.78061,
23.68063,
28.50886,
41.60612,
37.23734,
53.59383,
137.0612,
101.3719,
16.03977,
103.5341,
55.4506,
24.27948,
25.11258,
23.49196,
47.56015,
44.65065,
557.6338,
23.38909,
825.6083,
156.2016,
120.9377,
47.89233,
3.915625,
169.7435,
53.57479,
0,
2788.881,
1983, 
6.051651,
60.99722,
23.81308,
28.84252,
41.42664,
37.34743,
54.62423,
139.8972,
104.1391,
16.39359,
103.3352,
55.24146,
24.01627,
24.79707,
23.95921,
47.28366,
45.70942,
568.8165,
23.06628,
830.1964,
158.9512,
122.4582,
47.98322,
3.98284,
173.2525,
54.81932,
0,
2821.401,
1984, 
6.082094,
61.21202,
23.92573,
29.16932,
41.19062,
37.44162,
55.66695,
142.783,
107.0129,
16.74129,
103.1448,
55.00535,
23.71327,
24.47412,
24.43949,
47.00785,
46.75338,
580.0772,
22.71534,
835.5074,
161.7415,
123.9031,
48.04707,
4.052496,
176.8548,
56.06445,
0,
2854.727,
1985, 
6.118166,
61.42519,
24.02059,
29.49583,
40.89004,
37.51566,
56.71152,
145.7186,
110.0097,
17.07682,
102.976,
54.75135,
23.3642,
24.14134,
24.93167,
46.72997,
47.75652,
591.3467,
22.32841,
841.7871,
164.5353,
125.2508,
48.08109,
4.12422,
180.5892,
57.30488,
0,
2888.981,
1986, 
6.185192,
61.61359,
24.11923,
29.77494,
40.61621,
37.66247,
57.868,
148.683,
113.0409,
17.27777,
102.7895,
54.58456,
23.15964,
23.92369,
25.52192,
46.67793,
48.97852,
602.6799,
21.84141,
849.045,
167.262,
126.3245,
47.7061,
4.174728,
184.5434,
58.50928,
0,
2924.563,
1987, 
6.258511,
61.80193,
24.20113,
30.04682,
40.28259,
37.79114,
59.02102,
151.6873,
116.1875,
17.46069,
102.626,
54.39774,
22.9188,
23.69632,
26.12642,
46.62175,
50.17076,
614.0029,
21.32071,
857.1515,
169.9811,
127.2919,
47.30054,
4.226259,
188.6126,
59.70341,
0,
2960.887,
1988, 
6.335258,
61.9911,
24.27109,
30.31732,
39.89143,
37.89976,
60.15568,
154.7603,
119.3837,
17.63622,
102.4877,
54.17388,
22.64297,
23.45453,
26.72656,
46.5392,
51.3081,
625.3043,
20.77531,
865.3414,
172.6598,
128.1602,
46.86995,
4.27803,
192.7975,
60.90073,
0,
2997.062,
1989, 
6.411663,
62.18172,
24.33503,
30.58135,
39.44549,
37.98521,
61.25329,
157.9458,
122.5373,
17.81791,
102.3749,
53.89287,
22.33507,
23.19177,
27.30353,
46.40096,
52.36129,
636.5844,
20.21769,
872.5927,
175.261,
128.9423,
46.41992,
4.330032,
197.0982,
62.11723,
0,
3031.918,
1990, 
6.485146,
62.37555,
24.39617,
30.84367,
38.94801,
38.04659,
62.29619,
161.2604,
125.5849,
18.01538,
102.2864,
53.53687,
21.99856,
22.90431,
27.83886,
46.18808,
53.31799,
647.8401,
19.65348,
878.1917,
177.7574,
129.6475,
45.95512,
4.380146,
201.5059,
63.35936,
0,
3064.614,
1991, 
6.506273,
61.98506,
24.54664,
31.00476,
38.51158,
38.13048,
63.33675,
164.76,
128.5187,
18.24775,
102.2189,
53.39351,
22.05321,
22.85509,
28.43839,
46.38721,
54.24617,
659.3258,
19.50549,
879.8628,
180.5567,
130.1273,
45.72629,
4.411299,
206.1733,
64.68224,
0,
3095.512,
1992, 
6.522869,
61.58363,
24.69543,
31.15569,
38.02707,
38.19008,
64.32338,
168.3918,
131.3575,
18.49267,
102.1794,
53.18262,
22.09277,
22.78202,
28.99957,
46.51488,
55.08065,
670.769,
19.35772,
879.8428,
183.2522,
130.5264,
45.4865,
4.441227,
210.9418,
66.03419,
0,
3124.224,
1993, 
6.535255,
61.18333,
24.83491,
31.30009,
37.5001,
38.22125,
65.25318,
172.0901,
134.1966,
18.73692,
102.143,
52.92207,
22.12056,
22.68425,
29.52612,
46.58298,
55.84691,
682.1895,
19.20431,
878.3463,
185.8636,
130.84,
45.2356,
4.468243,
215.7407,
67.39767,
0,
3150.963,
1994, 
6.543505,
60.79913,
24.95436,
31.42711,
36.93594,
38.22234,
66.1284,
175.7718,
137.1776,
18.96231,
102.0767,
52.63397,
22.13969,
22.55715,
30.02124,
46.61062,
56.58465,
693.6147,
19.03526,
875.7279,
188.4169,
131.0626,
44.97096,
4.493326,
220.4834,
68.74686,
0,
3176.098,
1995, 
6.547924,
60.43805,
25.04633,
31.53873,
36.3383,
38.19183,
66.94975,
179.3764,
140.3933,
19.15593,
101.9633,
52.33663,
22.15274,
22.40162,
30.49283,
46.6115,
57.31915,
705.0618,
18.84534,
872.2645,
190.9343,
131.1921,
44.69251,
4.515198,
225.1058,
70.06322,
0,
3199.929,
1996, 
6.506294,
60.16466,
25.22424,
31.6867,
35.74258,
38.22106,
67.7814,
182.744,
144.0058,
19.31871,
101.7196,
52.16035,
22.19651,
22.22169,
30.87357,
46.58887,
58.09756,
716.4773,
18.9137,
866.9614,
193.173,
130.6466,
44.64402,
4.523476,
229.4615,
71.44449,
0,
3221.499,
1997, 
6.460184,
59.90996,
25.38126,
31.8184,
35.11275,
38.22108,
68.56567,
186.04,
147.857,
19.45007,
101.4297,
51.97773,
22.23489,
22.01574,
31.23165,
46.54362,
58.88197,
727.8882,
18.96769,
860.8197,
195.3597,
129.9987,
44.58432,
4.530594,
233.6725,
72.80893,
0,
3241.762,
1998, 
6.410774,
59.64632,
25.51519,
31.93356,
34.44397,
38.1942,
69.31491,
189.3179,
151.8971,
19.55519,
101.1253,
51.79398,
22.26659,
21.79245,
31.58352,
46.4791,
59.65922,
739.2613,
19.00729,
854.0267,
197.47,
129.2639,
44.5153,
4.534758,
237.7808,
74.17207,
0,
3260.962,
1999, 
6.359587,
59.33911,
25.6257,
32.03455,
33.73016,
38.14258,
70.0466,
192.6533,
156.034,
19.64122,
100.8553,
51.61074,
22.28791,
21.56281,
31.94996,
46.39554,
60.4127,
750.5518,
19.03547,
846.798,
199.4806,
128.4599,
44.44052,
4.53924,
241.8658,
75.55898,
0,
3279.412,
2000, 
6.307642,
58.96609,
25.71278,
32.11801,
32.96817,
38.06847,
70.77206,
196.0943,
160.2093,
19.71288,
100.6508,
51.42879,
22.29779,
21.33601,
32.34568,
46.29599,
61.13076,
761.7245,
19.05243,
839.2934,
201.3747,
127.5997,
44.36143,
4.54347,
245.9698,
76.98415,
0,
3297.319,
2001, 
6.32699,
58.60664,
25.72635,
32.18898,
32.35104,
38.00774,
71.48361,
199.531,
164.3841,
19.7742,
100.0885,
51.0966,
22.3065,
21.0566,
32.66465,
46.27298,
61.84653,
772.8014,
19.02383,
826.6492,
202.924,
129.007,
44.23696,
4.547415,
250.1186,
78.40335,
0,
3311.425,
2002, 
6.347012,
58.18456,
25.71708,
32.24431,
31.69289,
37.92589,
72.19827,
203.07,
168.6008,
19.82249,
99.58215,
50.77266,
22.30588,
20.78395,
33.01884,
46.2412,
62.53106,
783.7303,
18.98387,
813.769,
204.3577,
130.4233,
44.10812,
4.551733,
254.2839,
79.86699,
0,
3325.114,
2003, 
6.368488,
57.71793,
25.6984,
32.28502,
30.99384,
37.82439,
72.91912,
206.7159,
172.8704,
19.85715,
99.11288,
50.4549,
22.29253,
20.52199,
33.40654,
46.21297,
63.22772,
794.5048,
18.93226,
800.6646,
205.6759,
131.8504,
43.97394,
4.557928,
258.3935,
81.38368,
0,
3338.417,
2004, 
6.391972,
57.23235,
25.68888,
32.31451,
30.25417,
37.70316,
73.64207,
210.4665,
177.2106,
19.87555,
98.65942,
50.13894,
22.2626,
20.27392,
33.82431,
46.2048,
63.98635,
805.1219,
18.86822,
787.3231,
206.8765,
133.2855,
43.83278,
4.567776,
262.3446,
82.96724,
0,
3351.318,
2005, 
6.418209,
56.74524,
25.69919,
32.33121,
29.47495,
37.56255,
74.36831,
214.3187,
181.6384,
19.87845,
98.20007,
49.82435,
22.21447,
20.04284,
34.26868,
46.22816,
64.83829,
815.5739,
18.79229,
773.7388,
207.9637,
134.7257,
43.68301,
4.582642,
266.0758,
84.6235,
0,
3363.811,
2006, 
6.459141,
56.36256,
25.74831,
32.3845,
28.9366,
37.46111,
75.02152,
218.1168,
186.1145,
19.86112,
97.71179,
49.4418,
22.17071,
19.75592,
34.6903,
46.09332,
65.71355,
825.2972,
18.70586,
766.1461,
208.7214,
136.0812,
43.49229,
4.605745,
269.3514,
86.33676,
0,
3380.782,
2007, 
6.502958,
55.97679,
25.81622,
32.42794,
28.36713,
37.34254,
75.67994,
222.006,
190.6659,
19.82978,
97.21582,
49.06104,
22.11055,
19.48784,
35.13663,
45.99363,
66.66603,
834.8178,
18.60838,
758.4163,
209.3703,
137.4384,
43.29282,
4.633205,
272.4098,
88.12541,
0,
3397.399,
2008, 
6.548048,
55.57626,
25.8922,
32.46351,
27.77007,
37.20772,
76.36502,
225.9729,
195.2928,
19.79457,
96.69144,
48.68401,
22.04533,
19.23299,
35.6134,
45.92551,
67.6391,
844.0796,
18.50463,
750.557,
209.9525,
138.7919,
43.08438,
4.662075,
275.354,
89.98277,
0,
3413.684,
2009, 
6.59243,
55.14507,
25.9609,
32.48885,
27.15018,
37.05782,
77.10316,
229.9944,
200.0046,
19.76747,
96.11377,
48.31107,
21.98939,
18.98597,
36.1217,
45.88161,
68.56451,
853.0101,
18.39923,
742.5797,
210.5307,
140.1369,
42.86578,
4.690809,
278.3293,
91.90358,
0,
3429.679,
2010, 
6.634937,
54.67323,
26.01196,
32.50782,
26.51039,
36.89323,
77.9118,
234.0521,
204.7991,
19.75602,
95.46655,
47.94409,
21.95197,
18.7409,
36.66316,
45.85526,
69.39046,
861.5635,
18.29616,
734.4828,
211.1443,
141.4689,
42.63684,
4.715052,
281.4367,
93.87814,
0,
3445.385,
2011, 
6.593805,
54.23712,
26.00142,
32.49437,
26.33205,
36.74989,
78.3966,
238.162,
209.1991,
19.73124,
94.40964,
47.17017,
22.06839,
18.44441,
36.88413,
45.24751,
70.11978,
865.8026,
18.10329,
727.8816,
211.4341,
141.7709,
42.12612,
4.726675,
283.791,
95.83131,
0,
3453.709,
2012, 
6.548754,
53.76602,
25.97179,
32.4713,
26.14325,
36.5921,
78.92812,
242.2972,
213.651,
19.71951,
93.2814,
46.40427,
22.20208,
18.14996,
37.1212,
44.65438,
70.75243,
869.563,
17.91214,
721.1556,
211.7498,
142.0263,
41.60538,
4.733582,
286.2393,
97.82817,
0,
3461.468,
2013, 
6.499857,
53.2684,
25.92405,
32.43643,
25.94293,
36.4192,
79.4769,
246.4503,
218.1525,
19.71262,
92.10388,
45.64547,
22.34557,
17.85692,
37.36105,
44.06691,
71.29118,
872.9141,
17.72086,
714.2461,
212.0536,
142.2254,
41.07438,
4.737118,
288.7104,
99.86355,
0,
3468.5,
2014, 
6.447922,
52.75522,
25.86015,
32.39237,
25.72902,
36.22827,
80.00085,
250.6163,
222.6962,
19.6988,
90.90823,
44.89214,
22.48993,
17.56532,
37.58759,
43.47604,
71.75423,
875.9531,
17.52656,
707.0799,
212.2941,
142.3563,
40.53254,
4.737497,
291.1046,
101.9255,
0,
3474.609,
2015, 
6.392805,
52.23453,
25.78136,
32.33372,
25.50044,
36.01895,
80.47103,
254.7859,
227.2768,
19.66872,
89.71695,
44.14204,
22.62593,
17.27575,
37.78703,
42.87518,
72.1517,
878.7485,
17.32722,
699.6038,
212.437,
142.4102,
39.97998,
4.73703,
293.3492,
104.0056,
0,
3479.638,
2016, 
6.341925,
51.75772,
25.61761,
32.20974,
25.23877,
35.75183,
80.48409,
258.1462,
231.3782,
19.5374,
88.60895,
43.4736,
22.63077,
16.96347,
37.69743,
42.19384,
72.55482,
881.9359,
17.08278,
690.2331,
212.2351,
141.9361,
39.40598,
4.741308,
295.4075,
105.5023,
0,
3479.067,
2017, 
6.28854,
51.26675,
25.44503,
32.07783,
24.97038,
35.47232,
80.47131,
261.3611,
235.4091,
19.4008,
87.49109,
42.80611,
22.63095,
16.65355,
37.60042,
41.51323,
72.92072,
884.9395,
16.83728,
680.8104,
211.9865,
141.4334,
38.83399,
4.743799,
297.3847,
106.9519,
0,
3477.701,
2018, 
6.23266,
50.76154,
25.26363,
31.93797,
24.69528,
35.1804,
80.43266,
264.4308,
239.3694,
19.2589,
86.3634,
42.13956,
22.62646,
16.346,
37.49601,
40.83333,
73.24937,
887.7594,
16.59071,
671.3354,
211.6913,
140.902,
38.26403,
4.744505,
299.2809,
108.3542,
0,
3475.54,
2019, 
6.174274,
50.24213,
25.07339,
31.79016,
24.41348,
34.8761,
80.36816,
267.3549,
243.2593,
19.11172,
85.22586,
41.47394,
22.61732,
16.04081,
37.38419,
40.15416,
73.54076,
890.3957,
16.34307,
661.8081,
211.3493,
140.342,
37.69608,
4.743422,
301.0961,
109.7094,
0,
3472.584,
2020, 
6.113394,
49.70856,
24.87434,
31.63442,
24.12495,
34.5594,
80.27782,
270.1337,
247.0788,
18.95924,
84.07849,
40.80926,
22.60352,
15.73798,
37.26495,
39.47572,
73.79489,
892.8484,
16.09435,
652.2286,
210.9608,
139.7533,
37.13016,
4.740547,
302.8303,
111.0173,
0,
3468.833,
2021, 
6.069622,
49.2818,
24.71821,
31.51896,
23.95323,
34.32251,
80.22312,
273.4746,
250.8433,
18.84684,
83.14716,
40.26027,
22.57728,
15.47303,
37.1317,
38.87691,
74.16742,
894.1083,
15.88054,
643.7719,
210.4437,
139.2034,
36.57438,
4.737865,
304.3948,
112.4367,
0,
3466.438,
2022, 
6.023792,
48.84271,
24.55538,
31.39764,
23.7774,
34.07635,
80.14848,
276.6821,
254.5332,
18.73066,
82.20804,
39.71238,
22.54705,
15.2099,
36.99294,
38.27943,
74.51112,
895.1955,
15.66623,
635.2985,
209.8877,
138.6323,
36.02137,
4.733511,
305.8821,
113.8114,
0,
3463.357,
2023, 
5.975903,
48.39124,
24.38587,
31.27045,
23.5975,
33.82097,
80.0539,
279.7563,
258.1486,
18.61071,
81.26114,
39.16557,
22.51281,
14.94861,
36.84868,
37.68331,
74.82607,
896.11,
15.45144,
626.8083,
209.293,
138.04,
35.47114,
4.727486,
307.2923,
115.1414,
0,
3459.593,
2024, 
5.925957,
47.92737,
24.20968,
31.13741,
23.41351,
33.55634,
79.93939,
282.6971,
261.6893,
18.48699,
80.30649,
38.61985,
22.47458,
14.68916,
36.69893,
37.08852,
75.11223,
896.8519,
15.23615,
618.3018,
208.6595,
137.4264,
34.92367,
4.719788,
308.6254,
116.4268,
0,
3455.144,
2025, 
5.873955,
47.45108,
24.02679,
30.9985,
23.22543,
33.28247,
79.80492,
285.5045,
265.1554,
18.3595,
79.34406,
38.07521,
22.43235,
14.43154,
36.54367,
36.49506,
75.36961,
897.4212,
15.02037,
609.7784,
207.9871,
136.7917,
34.37897,
4.710419,
309.8813,
117.6675,
0,
3450.011,
2026, 
5.815994,
46.94644,
23.81233,
30.82334,
23.00635,
32.96877,
79.55113,
288.3766,
268.5489,
18.20863,
78.35382,
37.5114,
22.36309,
14.18255,
36.32829,
35.88845,
75.54414,
896.9837,
14.78962,
600.3417,
207.0308,
135.9681,
33.81068,
4.696032,
310.7709,
118.9001,
0,
3441.522,
2027, 
5.756123,
46.42999,
23.59202,
30.64309,
22.78397,
32.64687,
79.27983,
291.1107,
271.8678,
18.05455,
77.35645,
36.94921,
22.29032,
13.93521,
36.10864,
35.28363,
75.69121,
896.3896,
14.55883,
590.9154,
206.0413,
135.1272,
33.24585,
4.680073,
311.5887,
120.0874,
0,
3432.415,
2028, 
5.694344,
45.90173,
23.36584,
30.45773,
22.55827,
32.31674,
78.99103,
293.707,
275.1121,
17.89727,
76.35196,
36.38866,
22.21404,
13.68954,
35.88471,
34.68058,
75.81087,
895.6389,
14.32801,
581.4996,
205.0187,
134.269,
32.68445,
4.662537,
312.335,
121.2294,
0,
3422.688,
2029, 
5.63065,
45.36166,
23.1338,
30.26727,
22.32928,
31.97842,
78.68474,
296.1655,
278.2817,
17.73678,
75.3403,
35.82973,
22.13425,
13.44553,
35.65651,
34.07931,
75.90308,
894.7317,
14.09715,
572.0945,
203.963,
133.3935,
32.1265,
4.643429,
313.0095,
122.3259,
0,
3412.343,
2030, 
5.565044,
44.80978,
22.89588,
30.07169,
22.09698,
31.63191,
78.36093,
298.4861,
281.3766,
17.57309,
74.3215,
35.27244,
22.05095,
13.20317,
35.42404,
33.47981,
75.96786,
893.6678,
13.86625,
562.6998,
202.8741,
132.5006,
31.57198,
4.622746,
313.6124,
123.3771,
0,
3401.38,
2031, 
5.513065,
44.34711,
22.69318,
29.90972,
21.92891,
31.34843,
78.08878,
301.2608,
284.3209,
17.44149,
73.48572,
34.79244,
21.95699,
12.99158,
35.19007,
32.97453,
76.12563,
891.9818,
13.65773,
554.2834,
201.7241,
131.6789,
31.04964,
4.603439,
314.0378,
124.5052,
0,
3391.891,
2032, 
5.459621,
43.87497,
22.48634,
29.74423,
21.759,
31.05923,
77.80338,
303.9131,
287.1898,
17.30776,
72.64444,
34.31425,
21.8602,
12.78128,
34.95315,
32.47063,
76.26123,
890.1528,
13.44971,
545.8981,
200.5494,
130.8455,
30.53075,
4.58276,
314.4003,
125.5923,
0,
3381.884,
2033, 
5.404705,
43.39331,
22.27537,
29.57523,
21.58723,
30.76427,
77.50475,
306.4433,
289.9836,
17.17189,
71.79773,
33.8379,
21.76058,
12.57225,
34.7133,
31.96811,
76.37469,
888.1805,
13.24218,
537.5436,
199.3499,
130.0006,
30.01534,
4.560696,
314.7,
126.6384,
0,
3371.359,
2034, 
5.348324,
42.90213,
22.06025,
29.40272,
21.41365,
30.46358,
77.19292,
308.8511,
292.7021,
17.03387,
70.94553,
33.36334,
21.65814,
12.36451,
34.47051,
31.46697,
76.46602,
886.0651,
13.03514,
529.2203,
198.1257,
129.1441,
29.50338,
4.537251,
314.9368,
127.6434,
0,
3360.317,
2035, 
5.29047,
42.40146,
21.841,
29.22669,
21.2382,
30.15714,
76.86783,
311.1366,
295.3453,
16.89371,
70.08786,
32.8906,
21.55288,
12.15804,
34.22478,
30.96721,
76.5352,
883.8067,
12.82859,
520.928,
196.8768,
128.276,
28.99489,
4.512428,
315.1107,
128.6075,
0,
3348.756,
2036, 
5.229702,
41.87241,
21.59409,
29.01624,
21.03831,
29.81604,
76.46623,
313.3116,
297.8373,
16.73937,
69.20987,
32.40893,
21.42395,
11.96,
33.94858,
30.48453,
76.5386,
880.7015,
12.60239,
511.8949,
195.3687,
127.2363,
28.48129,
4.484798,
314.9778,
129.5096,
0,
3334.153,
2037, 
5.167519,
41.33453,
21.34381,
28.80299,
20.83714,
29.47014,
76.0529,
315.364,
300.2552,
16.58321,
68.32684,
31.92932,
21.29266,
11.76305,
33.67006,
30.00277,
76.5209,
877.4681,
12.37729,
502.9144,
193.8413,
126.1886,
27.97138,
4.455837,
314.7867,
130.371,
0,
3319.091,
2038, 
5.10392,
40.78784,
21.09016,
28.58694,
20.63467,
29.11943,
75.62785,
317.2938,
302.599,
16.42522,
67.43878,
31.45179,
21.15902,
11.56719,
33.38922,
29.52192,
76.48206,
874.1063,
12.15329,
493.9863,
192.2949,
125.1328,
27.46516,
4.425541,
314.5377,
131.1919,
0,
3303.573,
2039, 
5.03891,
40.23239,
20.83313,
28.36807,
20.43089,
28.76395,
75.19107,
319.1011,
304.8688,
16.26543,
66.54572,
30.97633,
21.02299,
11.37243,
33.10606,
29.04198,
76.42212,
870.6161,
11.93039,
485.1107,
190.7293,
124.069,
26.96262,
4.393909,
314.2306,
131.9722,
0,
3287.596,
2040, 
4.972485,
39.66809,
20.57274,
28.14642,
20.22583,
28.40366,
74.74255,
320.7859,
307.0645,
16.10382,
65.64764,
30.50297,
20.88461,
11.17876,
32.82058,
28.56297,
76.34106,
866.9976,
11.70857,
476.2877,
189.1446,
122.9971,
26.46377,
4.360943,
313.8654,
132.7118,
0,
3271.162,
2041, 
4.921486,
39.19391,
20.34468,
27.95317,
20.06036,
28.09872,
74.34698,
322.8113,
309.0832,
15.97122,
64.89182,
30.09868,
20.74005,
11.00889,
32.54909,
28.15717,
76.32236,
862.9462,
11.50766,
468.3271,
187.5747,
121.973,
26.00233,
4.332249,
313.4,
133.4465,
0,
3256.063,
2042, 
4.869331,
38.71283,
20.11444,
27.7582,
19.89433,
27.79068,
73.94276,
324.733,
311.0315,
15.83742,
64.13226,
29.69617,
20.59373,
10.83989,
32.27619,
27.75211,
76.28741,
858.7867,
11.30809,
460.423,
185.9928,
120.9454,
25.54434,
4.302376,
312.886,
134.1459,
0,
3240.597,
2043, 
4.816013,
38.22488,
19.88203,
27.56149,
19.72772,
27.47954,
73.52988,
326.5507,
312.9094,
15.70242,
63.36905,
29.29545,
20.44567,
10.67177,
32.00189,
27.34775,
76.2363,
854.5192,
11.10982,
452.5752,
184.3987,
119.9143,
25.08976,
4.271317,
312.3236,
134.8098,
0,
3224.764,
2044, 
4.761539,
37.73004,
19.64746,
27.36304,
19.56053,
27.16531,
73.10834,
328.2645,
314.7169,
15.56623,
62.60214,
28.89651,
20.29586,
10.50451,
31.72617,
26.94409,
76.16901,
850.1437,
10.91288,
444.7838,
182.7926,
118.8796,
24.63861,
4.239079,
311.7125,
135.4384,
0,
3208.563,
2045, 
4.705906,
37.22833,
19.41072,
27.16286,
19.39278,
26.84798,
72.67813,
329.8745,
316.4539,
15.42883,
61.83154,
28.49937,
20.1443,
10.33813,
31.44905,
26.54117,
76.08551,
845.6602,
10.71725,
437.0488,
181.1744,
117.8414,
24.1909,
4.205654,
311.0528,
136.0316,
0,
3191.996,
2046, 
4.648888,
36.71011,
19.15155,
26.93291,
19.20201,
26.50003,
72.15762,
331.2679,
317.8873,
15.2804,
61.03299,
28.10015,
19.97089,
10.17408,
31.13369,
26.13702,
75.90085,
840.1347,
10.50931,
428.8744,
179.3342,
116.6322,
23.74433,
4.169724,
310.0304,
136.4984,
0,
3172.116,
2047, 
4.590717,
36.18539,
18.89085,
26.70181,
19.01112,
26.14987,
71.63031,
332.5598,
319.2541,
15.131,
60.23145,
27.7028,
19.7962,
10.01087,
30.81773,
25.73363,
75.70187,
834.5222,
10.30306,
420.769,
177.4869,
115.4229,
23.30125,
4.132652,
308.9657,
136.9315,
0,
3151.935,
2048, 
4.531399,
35.65414,
18.62865,
26.46957,
18.82013,
25.79747,
71.09619,
333.7501,
320.5544,
14.98065,
59.42694,
27.30733,
19.62022,
9.848488,
30.50117,
25.33102,
75.48859,
828.8226,
10.09851,
412.7324,
175.6326,
114.2136,
22.86166,
4.094444,
307.8589,
137.3311,
0,
3131.452,
2049, 
4.470928,
35.11636,
18.3649,
26.23619,
18.62903,
25.44284,
70.5553,
334.839,
321.7881,
14.82935,
58.61945,
26.91373,
19.44296,
9.686939,
30.18401,
24.92917,
75.26099,
823.0361,
9.895668,
404.7646,
173.7712,
113.0043,
22.42555,
4.055099,
306.7097,
137.697,
0,
3110.668,
2050, 
4.409302,
34.57208,
18.09964,
26.00167,
18.43781,
25.08601,
70.00758,
335.8263,
322.9553,
14.67708,
57.80899,
26.522,
19.2644,
9.526226,
29.86625,
24.52811,
75.01907,
817.1625,
9.694515,
396.8657,
171.9027,
111.7949,
21.99293,
4.01461,
305.5184,
138.0292,
0,
3089.583,
2051, 
4.361061,
34.13049,
17.8636,
25.79227,
18.26707,
24.77644,
69.50517,
336.8899,
323.8801,
14.54823,
57.10965,
26.1788,
19.08174,
9.384495,
29.55864,
24.18073,
74.80869,
810.8647,
9.513252,
389.7505,
170.1254,
110.654,
21.59895,
3.982758,
304.2197,
138.3242,
0,
3069.351,
2052, 
4.311893,
33.68335,
17.62683,
25.58241,
18.09663,
24.46573,
68.99858,
337.8732,
324.7455,
14.41881,
56.40851,
25.8373,
18.89838,
9.243458,
29.25119,
23.83412,
74.58783,
804.507,
9.333576,
382.6976,
168.3455,
109.5153,
21.20805,
3.950001,
302.8898,
138.5909,
0,
3048.901,
2053, 
4.261806,
33.23077,
17.38931,
25.37208,
17.92647,
24.15385,
68.48775,
338.7763,
325.5513,
14.28881,
55.70544,
25.49747,
18.71429,
9.103111,
28.94388,
23.48831,
74.35657,
798.0894,
9.155483,
375.707,
166.5628,
108.3787,
20.82022,
3.916344,
301.5289,
138.8293,
0,
3028.236,
2054, 
4.210789,
32.77264,
17.15105,
25.16127,
17.75661,
23.84085,
67.9727,
339.5991,
326.2976,
14.15824,
55.00055,
25.15932,
18.52948,
8.963455,
28.63674,
23.1433,
74.11493,
791.6121,
8.978981,
368.779,
164.7774,
107.2444,
20.43547,
3.881783,
300.1368,
139.0394,
0,
3007.354,
2055, 
4.158848,
32.30899,
16.91205,
24.95,
17.58701,
23.5267,
67.45346,
340.3418,
326.9844,
14.02708,
54.29382,
24.82288,
18.34395,
8.82449,
28.32975,
22.79907,
73.86288,
785.0748,
8.804062,
361.9134,
162.9892,
106.1122,
20.05379,
3.846321,
298.7137,
139.2214,
0,
2986.256,
2056, 
4.105049,
31.84152,
16.65471,
24.71449,
17.40152,
23.19072,
66.85927,
340.6796,
327.3153,
13.88771,
53.56732,
24.47787,
18.14045,
8.687939,
27.99662,
22.45409,
73.51352,
777.4045,
8.626556,
354.881,
161.0665,
104.8714,
19.67436,
3.807926,
296.8994,
139.2519,
0,
2961.971,
2057, 
4.050362,
31.36847,
16.39717,
24.47895,
17.2166,
22.85422,
66.26237,
340.9436,
327.5918,
13.74793,
52.83948,
24.13477,
17.93665,
8.552036,
27.6642,
22.10994,
73.15558,
769.6996,
8.450741,
347.9161,
159.1441,
103.6348,
19.29803,
3.768703,
295.0613,
139.2565,
0,
2937.534,
2058, 
3.994785,
30.88986,
16.13947,
24.24341,
17.03226,
22.5172,
65.66281,
341.1339,
327.814,
13.60775,
52.11032,
23.79357,
17.73253,
8.416782,
27.33251,
21.76663,
72.78906,
761.9601,
8.276623,
341.019,
157.2222,
102.4027,
18.9248,
3.728642,
293.1993,
139.2353,
0,
2912.945,
2059, 
3.938316,
30.40567,
15.88156,
24.00785,
16.84846,
22.17966,
65.06056,
341.2504,
327.9817,
13.46716,
51.37979,
23.45426,
17.52811,
8.282173,
27.00152,
21.42416,
72.41391,
754.1862,
8.104195,
334.1894,
155.3006,
101.1748,
18.55466,
3.687748,
291.3136,
139.1882,
0,
2888.205,
2060, 
3.880959,
29.91589,
15.62349,
23.77227,
16.66525,
21.84161,
64.45561,
341.2931,
328.0951,
13.32617,
50.64792,
23.11685,
17.32337,
8.148212,
26.67127,
21.0825,
72.03015,
746.3777,
7.93346,
327.4273,
153.3794,
99.95131,
18.18762,
3.646015,
289.404,
139.1151,
0,
2863.312,
2061, 
3.833645,
29.5137,
15.3992,
23.56421,
16.49843,
21.54976,
63.89381,
341.5318,
328.048,
13.20047,
50.0083,
22.80473,
17.12437,
8.026226,
26.37059,
20.78329,
71.68475,
738.3817,
7.781971,
321.3699,
151.5877,
98.79654,
17.84595,
3.61013,
287.5066,
139.0493,
0,
2839.765,
2062, 
3.78569,
29.10706,
15.17499,
23.35634,
16.33226,
21.25787,
63.33086,
341.7111,
327.9545,
13.07467,
49.36819,
22.49452,
16.92536,
7.904869,
26.07078,
20.48497,
71.33359,
730.3751,
7.631901,
315.3691,
149.7989,
97.64697,
17.50721,
3.573647,
285.5931,
138.9619,
0,
2816.125,
2063, 
3.737087,
28.69601,
14.95081,
23.14864,
16.16678,
20.966,
62.76674,
341.8309,
327.8144,
12.94874,
48.72757,
22.18621,
16.72636,
7.784142,
25.77182,
20.18753,
70.97662,
722.358,
7.483261,
309.4248,
148.0131,
96.50262,
17.17138,
3.536556,
283.6638,
138.8531,
0,
2792.393,
2064, 
3.687843,
28.28055,
14.72665,
22.94113,
16.00194,
20.6741,
62.20148,
341.8914,
327.6278,
12.8227,
48.08646,
21.87979,
16.52735,
7.664043,
25.47373,
19.89098,
70.61386,
714.3306,
7.336048,
303.5369,
146.2303,
95.36348,
16.83848,
3.498867,
281.7185,
138.7229,
0,
2768.568,
2065, 
3.637947,
27.86072,
14.50256,
22.7338,
15.83778,
20.3822,
61.63506,
341.8923,
327.3947,
12.69654,
47.44485,
21.57529,
16.32835,
7.544579,
25.17649,
19.59531,
70.24536,
706.2925,
7.190266,
297.7056,
144.4505,
94.22954,
16.5085,
3.460579,
279.7572,
138.5712,
0,
2744.65,
2066, 
3.585018,
27.42441,
14.27486,
22.51712,
15.66243,
20.07695,
61.01257,
341.5826,
326.8446,
12.55867,
46.78891,
21.25948,
16.11805,
7.423813,
24.86863,
19.29602,
69.80002,
697.5322,
7.045494,
291.9296,
142.577,
93.0309,
16.1763,
3.41869,
277.5424,
138.2939,
0,
2718.641,
2067, 
3.531536,
26.98419,
14.04732,
22.30079,
15.48792,
19.77206,
60.39008,
341.2183,
326.2528,
12.42094,
46.13287,
20.94583,
15.90803,
7.303722,
24.56185,
18.99771,
69.35028,
688.7791,
6.902161,
286.2101,
140.7087,
91.83873,
15.84717,
3.376301,
275.3164,
137.9971,
0,
2692.582,
2068, 
3.477497,
26.54001,
13.81993,
22.0848,
15.31427,
19.46758,
59.76753,
340.7993,
325.6193,
12.28333,
45.47672,
20.63433,
15.69829,
7.184311,
24.25617,
18.70042,
68.89609,
680.0325,
6.760265,
280.5471,
138.8457,
90.65302,
15.5211,
3.333408,
273.0792,
137.6808,
0,
2666.473,
2069, 
3.422901,
26.09195,
13.59273,
21.86916,
15.14145,
19.16345,
59.14497,
340.3256,
324.9442,
12.14584,
44.82047,
20.32497,
15.48883,
7.065582,
23.95158,
18.40416,
68.43756,
671.293,
6.619804,
274.9407,
136.9879,
89.47377,
15.19807,
3.290016,
270.8307,
137.345,
0,
2640.314,
2070, 
3.367752,
25.63989,
13.36566,
21.65388,
14.96948,
18.85973,
58.52235,
339.7972,
324.2273,
12.00849,
44.16406,
20.01777,
15.27965,
6.947525,
23.64809,
18.10889,
67.97461,
662.5599,
6.480782,
269.3909,
135.1352,
88.30098,
14.87811,
3.246124,
268.5712,
136.9897,
0,
2614.105,
2071, 
3.321632,
25.26031,
13.16878,
21.45876,
14.80956,
18.59451,
57.93695,
339.3957,
323.4286,
11.8818,
43.59933,
19.73674,
15.07823,
6.839924,
23.37128,
17.84798,
67.54907,
653.9993,
6.35841,
264.4305,
133.4258,
87.20555,
14.58551,
3.209583,
266.4258,
136.635,
0,
2589.555,
2072, 
3.275127,
24.87796,
12.97215,
21.26411,
14.65044,
18.3299,
57.35236,
338.9516,
322.5962,
11.75541,
43.03479,
19.45763,
14.87731,
6.732956,
23.09559,
17.58806,
67.12103,
645.4598,
6.237202,
259.5161,
131.7229,
86.11641,
14.29562,
3.172714,
264.274,
136.2649,
0,
2564.993,
2073, 
3.228237,
24.49286,
12.77577,
21.06989,
14.49216,
18.06593,
56.76857,
338.4651,
321.7299,
11.62932,
42.4704,
19.18044,
14.67691,
6.626629,
22.82104,
17.32915,
66.69043,
636.9419,
6.117149,
254.6475,
130.0263,
85.03362,
14.00844,
3.135513,
262.1155,
135.8794,
0,
2540.418,
2074, 
3.180965,
24.10495,
12.57964,
20.87613,
14.33469,
17.80258,
56.18559,
337.936,
320.8299,
11.50352,
41.90616,
18.90517,
14.47701,
6.520931,
22.54763,
17.07121,
66.25729,
628.4453,
5.99826,
249.8248,
128.3362,
83.95712,
13.72397,
3.097984,
259.9505,
135.4785,
0,
2515.832,
2075, 
3.133308,
23.71429,
12.38374,
20.68282,
14.17805,
17.53986,
55.60341,
337.3643,
319.8961,
11.37804,
41.34204,
18.63183,
14.27761,
6.415878,
22.27534,
16.81427,
65.82159,
619.97,
5.880531,
245.048,
126.6524,
82.88695,
13.44221,
3.060123,
257.7788,
135.0622,
0,
2491.233,
2076, 
3.082863,
23.30618,
12.18343,
20.48244,
14.0152,
17.26752,
54.99252,
336.4725,
318.6372,
11.24329,
40.76721,
18.36073,
14.07002,
6.309856,
21.99434,
16.55223,
65.32452,
610.9233,
5.765724,
240.3339,
124.9048,
81.78929,
13.16502,
3.019218,
255.4241,
134.5324,
0,
2464.92,
2077, 
3.03212,
22.8959,
11.98349,
20.28262,
13.85326,
16.99609,
54.38301,
335.5433,
317.3498,
11.10902,
40.19281,
18.09154,
13.86317,
6.204517,
21.71464,
16.29135,
64.82593,
601.9128,
5.652039,
235.6655,
123.1652,
80.69849,
12.8905,
2.978069,
253.0662,
133.9891,
0,
2438.63,
2078, 
2.981091,
22.4834,
11.78394,
20.08338,
13.69225,
16.72557,
53.7749,
334.5764,
316.0338,
10.97524,
39.6189,
17.82427,
13.65703,
6.099854,
21.43628,
16.0316,
64.32587,
592.9382,
5.539478,
231.0425,
121.4336,
79.61458,
12.61862,
2.93668,
250.7051,
133.4322,
0,
2412.365,
2079, 
2.929764,
22.06873,
11.58479,
19.88471,
13.53215,
16.45595,
53.16817,
333.5719,
314.6893,
10.84195,
39.04541,
17.55892,
13.45162,
5.995865,
21.15924,
15.77301,
63.82434,
583.9998,
5.428036,
226.4652,
119.7099,
78.53755,
12.34942,
2.89505,
248.341,
132.8617,
0,
2386.123,
2080, 
2.878139,
21.65186,
11.38603,
19.68661,
13.37296,
16.18726,
52.56284,
332.5299,
313.3162,
10.70915,
38.47241,
17.29549,
13.24695,
5.892555,
20.88351,
15.51558,
63.32129,
575.0974,
5.317719,
221.9335,
117.9941,
77.46739,
12.08286,
2.853172,
245.9738,
132.2776,
0,
2359.906,
2081, 
2.833801,
21.29956,
11.21101,
19.50532,
13.22546,
15.94911,
52.00658,
331.5676,
311.8982,
10.58784,
37.97455,
17.06122,
13.05375,
5.798779,
20.63328,
15.28732,
62.85254,
566.5156,
5.219894,
217.861,
116.4345,
76.47749,
11.83733,
2.8176,
243.7473,
131.7187,
0,
2335.375,
2082, 
2.789303,
20.94592,
11.03645,
19.32462,
13.07878,
15.71194,
51.45189,
330.5773,
310.4591,
10.46704,
37.47742,
16.82852,
12.86137,
5.705612,
20.38428,
15.06017,
62.38321,
557.9781,
5.122974,
213.8253,
114.8827,
75.4938,
11.59418,
2.781902,
241.5206,
131.1493,
0,
2310.892,
2083, 
2.744648,
20.59091,
10.86237,
19.14452,
12.93292,
15.47571,
50.89882,
329.5591,
308.9992,
10.34674,
36.98093,
16.59738,
12.66979,
5.613049,
20.13651,
14.83409,
61.91342,
549.485,
5.026962,
209.8264,
113.3387,
74.51633,
11.35343,
2.746086,
239.2938,
130.5693,
0,
2286.456,
2084, 
2.699837,
20.23453,
10.68872,
18.96503,
12.78789,
15.24046,
50.34735,
328.5129,
307.5182,
10.22696,
36.48517,
16.36781,
12.47903,
5.521103,
19.88997,
14.6091,
61.44312,
541.0363,
4.931858,
205.8644,
111.8024,
73.54507,
11.11507,
2.710148,
237.0669,
129.9788,
0,
2262.068,
2085, 
2.654869,
19.87683,
10.51556,
18.78613,
12.64365,
15.00616,
49.79747,
327.4387,
306.0164,
10.10767,
35.99005,
16.13982,
12.28908,
5.429768,
19.64466,
14.38519,
60.97226,
532.6316,
4.837658,
201.9391,
110.274,
72.58002,
10.87911,
2.674084,
234.8398,
129.3777,
0,
2237.727,
2086, 
2.607391,
19.5079,
10.33916,
18.6025,
12.49814,
14.76741,
49.23529,
326.068,
304.226,
9.983929,
35.47971,
15.91842,
12.09743,
5.338718,
19.39951,
14.15993,
60.46393,
523.9257,
4.746822,
198.1729,
108.7206,
71.60815,
10.64635,
2.635155,
232.4649,
128.6566,
0,
2212.271,
2087, 
2.559849,
19.138,
10.16331,
18.41956,
12.35347,
14.52975,
48.67496,
324.6738,
302.4195,
9.860775,
34.97049,
15.69851,
11.90665,
5.248287,
19.15561,
13.93581,
59.95575,
515.2726,
4.656841,
194.4415,
107.1758,
70.64273,
10.41595,
2.596184,
230.0927,
127.927,
0,
2186.885,
2088, 
2.512241,
18.76718,
9.988068,
18.23727,
12.20964,
14.29321,
48.11647,
323.2562,
300.5967,
9.738224,
34.4624,
15.48009,
11.71675,
5.158478,
18.91296,
13.71284,
59.4476,
506.6726,
4.567719,
190.7449,
105.6393,
69.68367,
10.18794,
2.557178,
227.7231,
127.1888,
0,
2161.571,
2089, 
2.464561,
18.39536,
9.81337,
18.05567,
12.06665,
14.05777,
47.55986,
321.8152,
298.7578,
9.616261,
33.95538,
15.26315,
11.52773,
5.069283,
18.67157,
13.49101,
58.93961,
498.1255,
4.479454,
187.083,
104.1115,
68.73106,
9.962288,
2.518131,
225.3562,
126.4422,
0,
2136.33,
2090, 
2.416813,
18.02258,
9.639267,
17.87475,
11.92453,
13.82343,
47.0051,
320.3508,
296.9027,
9.494904,
33.44946,
15.04769,
11.33958,
4.980709,
18.43142,
13.27036,
58.4317,
489.6313,
4.392044,
183.456,
102.592,
67.78488,
9.739014,
2.47905,
222.9921,
125.687,
0,
2111.159,
2091, 
2.374817,
17.7092,
9.487473,
17.71043,
11.79402,
13.61668,
46.49454,
318.9905,
295.0874,
9.381962,
32.99942,
14.85567,
11.16627,
4.900471,
18.21806,
13.07553,
57.96481,
481.6284,
4.31551,
180.2788,
101.2276,
66.91136,
9.536797,
2.445152,
220.7853,
124.9476,
0,
2087.904,
2092, 
2.332859,
17.39529,
9.336212,
17.54674,
11.66423,
13.41098,
45.98584,
317.6132,
293.2613,
9.269615,
32.55066,
14.66486,
10.99378,
4.820782,
18.00574,
12.88174,
57.49844,
473.6794,
4.239651,
177.1283,
99.87076,
66.0435,
9.336617,
2.411297,
218.5828,
124.2022,
0,
2064.727,
2093, 
2.290932,
17.0809,
9.185471,
17.38367,
11.53517,
13.20628,
45.47903,
316.219,
291.4243,
9.157856,
32.10324,
14.47527,
10.82213,
4.741638,
17.79449,
12.68896,
57.03256,
465.7842,
4.164463,
174.0046,
98.52148,
65.18127,
9.138474,
2.377483,
216.3845,
123.451,
0,
2041.628,
2094, 
2.249039,
16.76602,
9.035248,
17.22124,
11.40681,
13.00261,
44.97409,
314.8077,
289.5764,
9.046688,
31.65707,
14.2869,
10.65131,
4.663044,
17.5843,
12.49722,
56.56717,
457.9427,
4.089947,
170.9076,
97.17981,
64.32468,
8.94236,
2.343704,
214.1905,
122.6939,
0,
2018.608,
2095, 
2.207176,
16.45062,
8.885559,
17.05943,
11.27917,
12.79997,
44.47105,
313.3795,
287.7177,
8.936115,
31.21225,
14.09973,
10.48134,
4.584995,
17.37516,
12.30648,
56.10229,
450.155,
4.016102,
167.8373,
95.84573,
63.47374,
8.748291,
2.309967,
212.0007,
121.9309,
0,
1995.667,
2096, 
2.163036,
16.12695,
8.735733,
16.8963,
11.1524,
12.5957,
43.95929,
311.7361,
285.6419,
8.821331,
30.75064,
13.91563,
10.3101,
4.506702,
17.16769,
12.11307,
55.61084,
442.2871,
3.943615,
164.9485,
94.50522,
62.62656,
8.557907,
2.274086,
209.7314,
121.0688,
0,
1972.146,
2097, 
2.119019,
15.80304,
8.586456,
16.73383,
11.02635,
12.39252,
43.44958,
310.079,
283.5589,
8.707222,
30.29077,
13.73273,
10.13975,
4.428978,
16.96128,
11.92077,
55.1203,
434.4764,
3.871792,
162.0841,
93.17258,
61.78503,
8.369507,
2.238304,
207.4679,
120.2025,
0,
1948.719,
2098, 
2.075123,
15.47897,
8.437714,
16.57201,
10.90102,
12.19043,
42.94197,
308.408,
281.4687,
8.593784,
29.8327,
13.55101,
9.970291,
4.351818,
16.75591,
11.72958,
54.63068,
426.7229,
3.800625,
159.2442,
91.84778,
60.9492,
8.183113,
2.202625,
205.2103,
119.332,
0,
1925.383,
2099, 
2.031345,
15.15472,
8.28952,
16.41084,
10.77638,
11.98944,
42.43642,
306.7233,
279.3711,
8.481018,
29.37634,
13.37048,
9.80172,
4.275227,
16.55158,
11.5395,
54.14197,
419.0265,
3.730114,
156.4287,
90.53088,
60.11902,
7.998695,
2.167049,
202.9584,
118.4573,
0,
1902.137,
2100, 
1.98769,
14.83035,
8.141876,
16.25033,
10.65248,
11.78954,
41.93295,
305.0248,
277.2663,
8.368923,
28.92178,
13.19113,
9.634041,
4.1992,
16.3483,
11.35053,
53.65421,
411.3873,
3.660267,
153.6378,
89.22186,
59.29451,
7.816277,
2.131573,
200.7124,
117.5784,
0,
1878.985];
