real main.em.ep.isp.StorResTot[28](t) = [1971, 
735.447,
6946.064,
31.81561,
14.10828,
62.39334,
80.37454,
64.98549,
53.06134,
12.19602,
197.6544,
4225.907,
671.8501,
49.1722,
458.1594,
110.6406,
1701.178,
176.6337,
187.0908,
93.62707,
221.7254,
38.15437,
4.907253,
1042.438,
275.0202,
19.64744,
28.97137,
0,
17503.22,
1972, 
759.1855,
6232.191,
33.76728,
14.75648,
64.72932,
87.41286,
63.4201,
55.98539,
12.94789,
215.0352,
4202.191,
684.509,
56.90104,
468.3508,
111.3914,
1789.352,
172.9817,
175.2241,
90.99732,
216.4364,
41.78436,
5.442649,
1090.8,
264.9797,
17.10498,
39.9763,
0,
16967.85,
1973, 
848.2824,
6953.423,
36.23951,
16.14804,
74.72646,
94.61426,
69.46065,
61.8798,
14.04652,
229.7922,
4551.089,
724.0818,
116.5404,
478.9898,
115.1342,
1820.821,
211.4289,
187.79,
105.0935,
236.3883,
45.50531,
6.398905,
1195.602,
308.1774,
19.12638,
44.14294,
0,
18564.92,
1974, 
880.8403,
6925.105,
47.15644,
16.88277,
83.1761,
100.387,
79.71723,
61.09937,
15.34181,
248.9974,
4658.319,
761.891,
120.9132,
490.9173,
117.6029,
1842.914,
247.5628,
195.7203,
109.7524,
239.587,
50.00045,
6.858215,
1189.794,
330.2616,
19.6543,
56.84596,
0,
18897.3,
1975, 
862.4747,
7179.935,
48.24523,
18.16344,
89.4527,
104.7994,
117.752,
67.13371,
16.4888,
268.0551,
4678.014,
823.3403,
137.8899,
537.7923,
127.7902,
1931.017,
297.2105,
219.1954,
127.3082,
271.9449,
51.83371,
8.08984,
1227.33,
342.5244,
21.05523,
61.05124,
0,
19635.89,
1976, 
932.97,
7691.907,
51.55055,
19.53784,
102.5132,
110.4353,
124.5997,
69.17181,
18.5204,
282.4039,
5018.009,
860.1652,
151.6649,
534.3865,
130.4767,
1942.212,
328.1847,
247.4517,
135.7593,
284.2197,
57.85015,
7.712904,
1304.448,
356.0231,
21.25173,
65.82439,
0,
20849.25,
1977, 
997.9266,
7951.502,
56.56361,
21.51409,
115.0504,
119.239,
134.9955,
74.06,
19.71325,
282.0199,
5133.194,
909.9604,
164.4269,
547.0244,
132.6225,
1975.798,
377.7461,
258.6653,
148.2378,
313.3373,
64.11201,
8.539184,
1356.952,
375.8335,
22.46345,
73.12594,
0,
21634.62,
1978, 
1060.348,
8182.188,
61.25023,
22.94557,
126.9325,
125.8628,
151.2716,
70.92035,
22.00514,
295.5177,
5343.661,
952.1047,
185.9338,
554.769,
136.5573,
2023.025,
416.6306,
288.8188,
130.412,
353.9596,
65.14972,
11.39609,
1413.944,
388.7618,
24.5852,
71.50904,
0,
22480.46,
1979, 
1120.93,
8342.586,
66.70834,
24.76441,
143.4404,
140.5532,
136.9209,
83.26899,
23.15218,
312.726,
5586.248,
957.6049,
173.7714,
557.1714,
139.0432,
2072.467,
496.7001,
296.8371,
137.8878,
390.3342,
71.72323,
13.11118,
1487.541,
404.0954,
26.42122,
76.89871,
0,
23282.91,
1980, 
1147.82,
8409.23,
72.36127,
24.15146,
158.1535,
152.754,
152.107,
91.03635,
22.61221,
340.7111,
5630.167,
1017.379,
170.4331,
582.2908,
144.04,
2184.743,
546.3558,
317.8622,
143.2616,
416.5244,
75.27014,
15.99627,
1458.643,
422.0977,
26.04603,
71.00812,
0,
23793.05,
1981, 
1202.58,
8429.978,
78.89396,
25.76356,
159.4196,
155.8926,
164.9086,
92.97467,
24.87938,
389.5268,
5667.905,
992.6112,
179.4953,
584.6182,
146.197,
2225.524,
611.7918,
349.7563,
151.9836,
427.3867,
80.30047,
16.70909,
1473.671,
446.7891,
27.2952,
74.17485,
0,
24181.03,
1982, 
1171.374,
8128.731,
85.18305,
26.87478,
170.0975,
162.1592,
170.629,
94.67048,
26.07582,
409.0338,
5663.769,
1014.44,
168.0026,
589.4272,
148.6767,
2269.43,
668.6819,
377.9008,
160.2728,
454.9058,
86.31356,
20.5456,
1485.084,
455.5781,
30.19001,
76.14965,
0,
24114.2,
1983, 
1215.877,
8365.825,
85.53952,
29.06709,
181.4704,
173.3452,
181.316,
88.18422,
27.57513,
419.9926,
5801.264,
1065.933,
144.3917,
593.957,
150.6344,
2301.511,
637.8815,
413.2039,
174.3,
487.2305,
94.61081,
22.99988,
1529.829,
465.5728,
34.02096,
75.96156,
0,
24761.49,
1984, 
1299.461,
8755.977,
91.6347,
30.82423,
203.444,
182.4076,
196.8083,
87.77461,
27.64528,
466.6234,
6002.57,
1102.435,
165.2443,
597.5233,
152.7509,
2313.212,
689.3209,
462.6346,
187.3578,
521.7536,
100.9883,
26.86987,
1591.041,
488.8127,
38.15967,
77.77972,
0,
25861.05,
1985, 
1367.794,
8905.445,
98.37633,
31.11612,
218.1566,
187.5621,
220.197,
98.8409,
29.62313,
485.3905,
6237.429,
1100.685,
176.6677,
606.4077,
154.9619,
2346.459,
705.3542,
503.032,
201.5543,
561.253,
108.4902,
28.09525,
1645.651,
524.5916,
42.50609,
79.50482,
0,
26665.14,
1986, 
1391.257,
8883.19,
101.4105,
32.62901,
225.1019,
207.4227,
207.8797,
103.2063,
30.17985,
500.0516,
6352.282,
1144.529,
198.0358,
639.3798,
158.2878,
2381.676,
734.6715,
550.6945,
217.0087,
608.4453,
113.4273,
37.57631,
1658.499,
543.4059,
47.10464,
82.30373,
0,
27149.66,
1987, 
1474.867,
9050.894,
108.8046,
34.73937,
222.8522,
226.0519,
220.4068,
108.846,
32.21156,
513.1956,
6564.338,
1159.586,
206.3496,
654.7776,
160.5434,
2415.038,
785.4645,
596.2325,
240.538,
668.3434,
120.0732,
43.51439,
1761.345,
565.0674,
52.6953,
82.5314,
0,
28069.31,
1988, 
1487.76,
9398.056,
114.1078,
35.30811,
236.4771,
232.341,
236.6574,
114.4173,
34.28407,
533.801,
6850.656,
1178.43,
216.6397,
667.5967,
162.7278,
2453.13,
873.3572,
656.277,
271.9939,
728.1966,
132.7256,
46.36916,
1851.84,
593.9413,
61.64421,
90.65942,
0,
29259.39,
1989, 
1449.7,
10292.52,
121.6991,
37.21874,
239.5566,
238.0292,
250.7903,
120.9113,
35.56221,
546.6628,
7047.625,
1183.223,
232.199,
663.9186,
164.6449,
2487.297,
908.9185,
717.6938,
295.5972,
779.7806,
146.3109,
52.21897,
1965.932,
631.1257,
65.58999,
88.495,
0,
30763.22,
1990, 
1407.01,
10478.57,
126.6393,
37.81092,
237.818,
244.5223,
267.6409,
128.3143,
37.82452,
555.5051,
7188.755,
1317.903,
258.7678,
650.1782,
160.5647,
2337.655,
940.518,
778.3113,
317.4104,
831.6738,
163.0345,
58.30532,
2094.223,
652.8381,
71.95042,
97.42423,
0,
31441.17,
1991, 
1492.052,
10561.78,
130.8196,
36.77533,
252.374,
256.9609,
285.539,
129.9899,
40.08561,
558.1255,
7345.313,
1243.468,
264.9583,
603.5128,
162.9749,
2338.372,
961.7053,
847.5235,
331.6672,
894.4518,
176.1314,
66.79852,
2181.267,
661.306,
78.86293,
100.8886,
0,
32003.7,
1992, 
1526.308,
10733.75,
132.7108,
38.90839,
261.9228,
260.9101,
301.8454,
134.7203,
40.80796,
569.2833,
7381.772,
1159.253,
295.8473,
583.4539,
163.6355,
2316.664,
1054.006,
884.429,
353.2762,
999.6882,
191.8816,
72.09084,
2193.286,
672.4075,
87.08223,
89.69587,
0,
32499.63,
1993, 
1582.789,
11050.91,
136.9634,
41.13891,
275.3731,
280.1563,
321.0901,
131.6115,
43.16355,
592.1351,
7390.256,
1117.088,
324.0134,
579.5522,
176.4873,
2318.907,
1125.559,
937.9785,
391.8047,
1113.449,
211.077,
77.73196,
2207.751,
690.2594,
90.88205,
92.42805,
0,
33300.55,
1994, 
1677.904,
11284.93,
147.3207,
43.85597,
287.9848,
295.7223,
342.1764,
135.5308,
45.33003,
615.0532,
7537.493,
1128.834,
338.3792,
599.8881,
186.1281,
2336.611,
1210.975,
1012.154,
440.3592,
1224.158,
235.9067,
85.61353,
2331.894,
712.9811,
96.05257,
92.57714,
0,
34445.82,
1995, 
1710.069,
11603.66,
150.781,
46.48273,
302.899,
310.5629,
359.1805,
145.9012,
48.63771,
627.485,
7742.255,
1197.558,
370.5612,
591.3456,
194.4217,
2352.906,
1273.499,
1101.017,
488.9032,
1329.19,
264.2842,
95.50774,
2356.292,
737.6039,
101.5786,
94.1385,
0,
35596.72,
1996, 
1769.374,
11869.69,
140.3134,
50.41577,
316.5308,
325.2281,
393.6909,
153.8261,
51.52419,
656.7578,
7862.221,
1271.288,
403.3968,
612.618,
198.0556,
2398.778,
1357.164,
1167.221,
539.4752,
1454.409,
289.873,
111.0929,
2409.506,
758.6254,
106.4518,
88.44423,
0,
36755.97,
1997, 
1806.976,
12070.31,
151.9864,
53.76626,
333.3639,
346.1833,
412.0295,
153.7341,
53.95806,
682.6323,
7988.954,
1285.463,
437.7197,
606.7702,
186.9466,
2347.791,
1429.32,
1251.298,
583.9104,
1520.386,
314.9279,
120.249,
2439.86,
781.616,
112.6057,
92.36739,
0,
37565.13,
1998, 
1800.117,
12388.8,
168.0041,
60.80772,
344.5221,
363.0131,
426.0679,
148.7064,
56.55273,
663.3414,
8151.387,
1316.392,
465.4911,
585.4579,
179.9864,
2323.38,
1541.674,
1352.581,
555.2061,
1603.575,
316.6101,
126.6403,
2474.862,
827.5612,
122.021,
116.3209,
0,
38479.08,
1999, 
1857.249,
12613.93,
178.8732,
64.96607,
358.0436,
366.8171,
452.4875,
159.0696,
58.67149,
670.5129,
8215.93,
1318.852,
477.4832,
589.0227,
179.3644,
2345.523,
1629.153,
1478.221,
616.1545,
1723.255,
333.6331,
140.617,
2505.89,
861.2514,
127.7291,
123.005,
0,
39445.71,
2000, 
1952.816,
13065.67,
192.8017,
68.72491,
375.9362,
393.6771,
495.2292,
165.3372,
61.92346,
699.437,
8258.904,
1375.363,
516.6202,
593.3209,
187.3671,
2434.468,
1732.253,
1561.207,
747.6419,
1940.984,
363.7067,
151.4772,
2590.226,
888.2692,
134.1915,
134.518,
0,
41082.07,
2001, 
1902.599,
12396.85,
198.8672,
69.6237,
367.8073,
392.1543,
527.574,
171.9976,
64.42049,
677.7937,
8129.352,
1431.403,
509.5465,
644.7947,
196.1316,
2464.198,
1818.476,
1642.678,
793.7665,
2130.463,
390.0602,
166.0172,
2557.052,
934.369,
143.3405,
147.1228,
0,
40868.45,
2002, 
1948.798,
12724.89,
202.8622,
73.32369,
394.0347,
395.1248,
573.1798,
181.7393,
66.38617,
735.8051,
7884.753,
1441.608,
541.132,
643.3431,
198.755,
2461.353,
1943.081,
1705.653,
843.6237,
2403.496,
418.7117,
184.1854,
2627.069,
948.6449,
151.1548,
156.5089,
0,
41849.21,
2003, 
1887.341,
12726.11,
247.8099,
76.42323,
414.4755,
416.4882,
603.3782,
176.0015,
71.06763,
770.902,
7755.69,
1487.604,
591.1658,
659.6606,
211.8557,
2543.436,
2061.709,
1828.426,
875.4001,
2781.26,
449.6349,
197.5621,
2633.266,
906.8516,
157.9104,
150.0867,
0,
42681.51,
2004, 
1912.864,
13042.46,
251.0278,
79.25237,
438.6426,
443.2979,
654.8866,
190.437,
77.6745,
796.5002,
7648.176,
1544.455,
633.6512,
679.9163,
220.3809,
2598.604,
2200.24,
1940.883,
920.3002,
3201.6,
488.1702,
208.5729,
2741.261,
918.5667,
170.7703,
158.0357,
0,
44160.63,
2005, 
1997.771,
13078.03,
265.5081,
84.27911,
455.8252,
459.925,
690.2823,
194.6315,
83.84435,
803.556,
7488.947,
1564.604,
674.3091,
697.4157,
218.1528,
2852.673,
2300.436,
2047.066,
976.9219,
3611.09,
523.8601,
224.6652,
2800.874,
901.5028,
184.6225,
168.6931,
0,
45349.48,
2006, 
1938.742,
12993.67,
274.6606,
88.40387,
477.3912,
483.7326,
739.3633,
215.1487,
93.00693,
833.1892,
7250.757,
1601.048,
723.0994,
727.9626,
226.8985,
2943.909,
2467.925,
2204.947,
1008.206,
4174.473,
557.8963,
235.5122,
2892.303,
914.8884,
195.5001,
172.874,
0,
46435.51,
2007, 
1975.241,
12623.27,
287.6065,
91.54256,
510.1123,
501.1882,
798.1072,
212.1274,
100.2262,
858.6611,
7031.471,
1584.293,
778.6178,
754.0311,
236.6447,
3038.629,
2646.11,
2357.339,
1064.418,
4860.594,
589.9161,
251.3126,
2945.639,
906.8035,
200.2129,
177.9324,
0,
47382.04,
2008, 
1969.441,
11989.97,
294.3215,
92.73511,
535.9874,
534.5825,
868.468,
214.5632,
107.625,
854.9716,
7038.828,
1573.29,
786.7843,
743.6303,
237.3091,
3116.048,
2874.138,
2458.082,
1127.853,
5493.959,
614.7172,
265.4048,
2870.115,
886.3132,
213.0184,
188.062,
0,
47950.21,
2009, 
1816.354,
10641.87,
292.2215,
93.46309,
535.3611,
535.2487,
977.3986,
221.3111,
122.1569,
829.6252,
6272.493,
1487.214,
760.1412,
649.0878,
238.3066,
2925.04,
3065.78,
2628.957,
1163.117,
6584.045,
639.1016,
273.6201,
2866.647,
884.7806,
224.4432,
201.5185,
0,
46929.3,
2010, 
1786.952,
10890.87,
308.5394,
95.5759,
593.2841,
542.7488,
1093.751,
245.5445,
142.0827,
866.1386,
6720.133,
1591.008,
820.1429,
709.1332,
248.9354,
3076.13,
3290.199,
2805.691,
1285.121,
8281.23,
691.5805,
290.3282,
3088.348,
929.1883,
233.2027,
209.8494,
0,
50835.7,
2011, 
1802.099,
10392.6,
344.1767,
100.6076,
616.5015,
565.4991,
1145.137,
253.7719,
162.4929,
880.7155,
7295.554,
1538.693,
883.9146,
730.741,
259.0615,
3114.355,
3497.652,
3105.274,
1342.638,
10649.92,
721.4194,
307.356,
3084.965,
977.3979,
246.5626,
221.3664,
0,
54240.48,
2012, 
1806.502,
9649.728,
368.2576,
108.4967,
642.3666,
588.9879,
1256.24,
273.5271,
209.577,
879.4951,
7487.432,
1450.271,
941.9252,
736.7166,
270.3848,
3172.392,
3663.373,
3299.334,
1387.124,
12676.17,
805.8677,
329.1887,
3331.545,
1028.5,
271.1934,
225.3891,
0,
56859.98,
2013, 
1743.793,
9764.072,
351.8333,
114.9332,
662.0488,
614.2747,
1314.902,
289.882,
205.3202,
945.8693,
7225.49,
1409.962,
947.0378,
728.5075,
287.5599,
3126.161,
3878.812,
3542.629,
1453.141,
15590.56,
889.7564,
354.2165,
4290.332,
1036.934,
304.4657,
241.6773,
0,
61314.18,
2014, 
1680.81,
9900.113,
369.4692,
119.7861,
692.4583,
620.4973,
1371.52,
311.5822,
234.1436,
1167.028,
6883.876,
1354.649,
996.219,
676.3065,
299.3086,
3097.484,
4162.219,
4010.765,
1556.438,
19035.72,
1016.825,
369.2266,
5447.947,
1049.725,
339.0357,
279.2074,
0,
67042.37,
2015, 
1685.302,
10031.97,
386.1249,
133.817,
707.6655,
635.2663,
1528.366,
327.3149,
259.9185,
1272.274,
7674.689,
1313.159,
1084.855,
619.175,
315.4207,
3088.763,
4225.216,
4404,
1717.791,
24354.91,
1122.254,
383.2843,
6840.034,
1084.782,
371.4517,
284.5741,
0,
75852.38,
2016, 
1587.825,
10230.21,
409.9662,
142.9723,
687.5696,
630.0336,
1584.473,
341.2898,
282.5274,
1546.532,
8419.124,
1305.992,
1268.874,
650.8607,
311.8987,
2985.115,
4664.16,
5136.013,
1864.075,
30262.82,
1387.587,
402.302,
8010.918,
1147.346,
455.4857,
295.8867,
0,
86011.85,
2017, 
1587.148,
10558.17,
422.6779,
152.8246,
744.925,
668.7661,
1775.501,
397.0424,
325.171,
2035.584,
9352.451,
1328.075,
2063.573,
674.8484,
331.7861,
3024.503,
5064.432,
6255.909,
2082.859,
37964.01,
1497.531,
429.998,
9287.741,
1196.251,
511.955,
328.7228,
0,
100062.5,
2018, 
1557.364,
10840.14,
446.7357,
164.0218,
807.668,
705.72,
2353.129,
470.211,
429.6903,
2525.095,
10250.07,
1363.756,
2569.721,
738.9686,
377.5858,
3089.216,
5706.292,
7527.614,
2434.69,
45261.02,
1669.745,
471.6682,
10464.34,
1277.87,
583.2641,
365.2917,
0,
114450.9,
2019, 
1528.859,
11021.39,
477.1577,
176.7257,
860.9928,
746.0574,
2736.541,
507.02,
473.2398,
2553.74,
11704.86,
1487.741,
2893.365,
987.174,
467.6427,
3212.806,
7079.948,
8706.36,
3021.243,
52474.84,
2553.945,
512.6641,
11830.64,
1612.709,
640.4276,
436.4815,
0,
130704.6,
2020, 
1364.84,
9892.358,
435.7207,
164.8252,
808.6276,
709.3578,
2602.202,
533.3077,
500.0521,
2972.842,
12942.89,
1359.448,
3062.429,
985.7074,
531.507,
2826.122,
7182.639,
9130.591,
3322.411,
69051.35,
4677.688,
495.012,
12958.55,
1940.208,
672.816,
421.1753,
0,
151544.7,
2021, 
1397.061,
11018.33,
439.804,
177.497,
856.3544,
738.6798,
2660.236,
599.0295,
547.3762,
3016.32,
13673.19,
1506.592,
3418.094,
1033.758,
612.8407,
2988.627,
7733.862,
16873.13,
3540.32,
71197.67,
4481.76,
523.0607,
13166.31,
2065.219,
715.381,
456.7858,
0,
165437.3,
2022, 
1357.341,
12489.11,
440.9932,
183.6099,
896.4095,
738.4396,
2401.13,
583.856,
498.3328,
2712.328,
14054.85,
1481.557,
3793.526,
1118.342,
758.4368,
2947.208,
6521.042,
28663.07,
3869.624,
79713.25,
4817.366,
610.6938,
13548.29,
2242.375,
833.3017,
407.0381,
0,
187681.5,
2023, 
1299.623,
13670.88,
434.9304,
189.4245,
906.3948,
739.3013,
2091.247,
587.5196,
454.1836,
2592.317,
14491.71,
1530.617,
5374.531,
1114.482,
886.6582,
2879.696,
5779.573,
30226.16,
4174.865,
89025.77,
5474.822,
731.486,
14061.4,
2480.895,
915.3267,
376.7551,
0,
202490.6,
2024, 
1291.111,
14845.21,
443.2336,
200.5415,
942.5281,
761.6863,
1757.589,
581.947,
411.1511,
2414.758,
15206.85,
1599.426,
4667.421,
1128.138,
1038.574,
2918.799,
5436.138,
30913.84,
4280.777,
92599.26,
6166.501,
876.1224,
14327.52,
2589.881,
1013.881,
349.4591,
0,
208762.3,
2025, 
1275.55,
16876.18,
452.4398,
212.6623,
980.4475,
781.1361,
1423.793,
568.1443,
371.0935,
2374.473,
16341.29,
1710.944,
4337.336,
1146.067,
1180.065,
2979.8,
5065.168,
31061,
4373.663,
101341.3,
6764.966,
1029.241,
14568.04,
3222.781,
1097.861,
312.9184,
0,
221848.4,
2026, 
1276.162,
19705.38,
470.45,
230.2239,
1012.957,
814.7415,
1118.818,
573.5567,
357.824,
2339.302,
17594.89,
1832.934,
4180.063,
1163.839,
1361.2,
3067.411,
4635.034,
30631.5,
4515.056,
105771,
7308.657,
1209.568,
14793.38,
3343.013,
1363.626,
271.7266,
0,
230942.3,
2027, 
1253.649,
23890.56,
488.8985,
266.8151,
1050.158,
849.4267,
891.1805,
560.2391,
350.1567,
2308.261,
19562.03,
2081.142,
4134.856,
1179.856,
1447.38,
3151.196,
4176.518,
39867.75,
6395.061,
113486.5,
9258.008,
1611.728,
15021.07,
3463.417,
1805.591,
260.432,
0,
258811.8,
2028, 
1205.796,
31483.4,
548.7326,
399.4902,
1124.637,
917.3295,
730.1541,
500.7575,
306.305,
2276.735,
22448.75,
2554.248,
3481.612,
1199.219,
1592.911,
3243.132,
3741.275,
44349.57,
7922.591,
124348.9,
11845.11,
2813.857,
15254.52,
3566.964,
3104.339,
262.2386,
0,
291222.6,
2029, 
1127.686,
45820.49,
786.921,
587.5697,
1216.094,
989.381,
617.3212,
439.8479,
256.529,
2151.088,
28542.23,
3218.715,
2898.069,
1221.96,
1747.071,
3332.789,
3411.36,
49340.54,
9282.05,
143397,
14442.52,
3555.88,
15443.24,
4469.354,
4679.204,
294.914,
0,
343269.9,
2030, 
1108.351,
66450.33,
1971.347,
1060.455,
1348.982,
1071.049,
532.6488,
352.8372,
202.3595,
2112.588,
49958.98,
4157.413,
2365.229,
1243.807,
2016.359,
3405.508,
3235.938,
56435.05,
10563.34,
163127.6,
17849.46,
5670.192,
15972.54,
6155.067,
7070.544,
320.4634,
0,
425758.4,
2031, 
1374.17,
70752.55,
4039.825,
2189.861,
1475.236,
1322.631,
469.5283,
247.2613,
148.8441,
1825.951,
38420.41,
5241.142,
1842.844,
1248.434,
2403.734,
3435.065,
2817.991,
70337.05,
11134.81,
181968.5,
22743.14,
8489.428,
16316.76,
9319.804,
10295.79,
360.9619,
0,
470221.8,
2032, 
1709.693,
70291.38,
13228.92,
5088.034,
2030.377,
1737.475,
642.5715,
301.2388,
202.8281,
1895.009,
50218.75,
12449.46,
1888.781,
1252.747,
2942.785,
3463.584,
3744.756,
93694.77,
14319.5,
202678.9,
28115.72,
11632.49,
16669.45,
14597.46,
14232.71,
542.7882,
0,
569572.2,
2033, 
2179.885,
80247.48,
22753.62,
7819.617,
2506.449,
1880.743,
805.0771,
357.2886,
283.1542,
1987.319,
59072.46,
32015.4,
1975.907,
1256.478,
3462.203,
3494.296,
4978.484,
127576,
14144.63,
213073.3,
32011.11,
15431.94,
17121.82,
22087.19,
16046.34,
789.2073,
0,
685357.4,
2034, 
2818.115,
101466.4,
34902.33,
10019.75,
3043.025,
2035.036,
936.8727,
407.6437,
377.4297,
2064.471,
69991.7,
68425.88,
2066.47,
1263.757,
3912.231,
3521.044,
6178.843,
180147.8,
13991.97,
220344.3,
35729.16,
18579.52,
17484.88,
27824.15,
17692.38,
911.4205,
0,
846136.6,
2035, 
3459.944,
141419.5,
45968.61,
10490.84,
3418.302,
2223.266,
1038.94,
471.747,
530.5469,
2150.854,
81912.38,
133772.9,
2265.509,
1274.256,
4281.878,
3559.67,
7179.5,
240300.9,
13720.26,
233580.5,
40471.36,
21604.99,
17766.12,
32165.29,
18960.06,
1056.319,
0,
1065045,
2036, 
4200.49,
184098.3,
57414.82,
9845.525,
3848.745,
2513.979,
1121.519,
539.8738,
706.9553,
2398.68,
72932.66,
123566,
2654.549,
1285.795,
4526.032,
3629.231,
8076.458,
281979.6,
13555.49,
249281.3,
44121.08,
25497.51,
17969.4,
32937.14,
20585.3,
1260.94,
0,
1170547,
2037, 
5300.163,
251782,
64963.51,
8925.293,
4086.485,
2776.864,
1197.487,
639.5255,
934.8642,
2991.078,
80274.32,
127651.8,
3091.77,
1308.428,
4729.092,
3713.693,
8986.739,
349801.1,
13273.3,
261507.6,
47246.09,
29491.56,
18266.65,
32296.68,
20558.07,
1584.446,
0,
1347379,
2038, 
6431.303,
338808,
71795.63,
8116.644,
4237.676,
3027.418,
1325.225,
736.5269,
1354.408,
4130.246,
80618.9,
131743.2,
3625.094,
1360.515,
4932.061,
3816.867,
9599.936,
394644.4,
12966.14,
268075.2,
47855.11,
32424.51,
18737.65,
31135.42,
20449.57,
1939.718,
0,
1503887,
2039, 
7812.673,
434292.8,
77795.15,
7291.593,
4304.212,
3313.185,
1485.005,
822.0653,
1939.185,
6548.675,
83751.73,
145093.6,
4153.257,
1474.94,
5334.047,
4288.514,
10896.08,
463560.3,
12548.65,
272569.9,
48206.28,
34426.03,
19133.33,
31069.15,
20567.93,
2478.208,
0,
1705157,
2040, 
9105.598,
543292.6,
83197.03,
6566.604,
4282.507,
3539.836,
1703.159,
862.6435,
2704.068,
10399.8,
84091.53,
160509.4,
4723.595,
1559.698,
5788.102,
4780.417,
12184.32,
516901.4,
12103.23,
270116,
46922.28,
34993.98,
19468.08,
31153.87,
20886.11,
2848.493,
0,
1894684,
2041, 
10917.9,
648808.2,
88550.08,
6402.178,
4301.067,
3794.547,
2036.126,
897.3772,
3352.764,
13559.04,
86119.06,
158476.6,
5197.352,
1513.441,
6563.438,
5386.775,
13762.24,
630576.4,
11704.26,
267212.9,
46678.63,
35614.13,
19823.6,
33415.36,
21096.88,
3254.922,
0,
2129015,
2042, 
11611.94,
720039.4,
95217.55,
6292.289,
4374.487,
3956.104,
2464.897,
890.9482,
3890.915,
15727.73,
97961.7,
163999.8,
5781.216,
1897.229,
7255.54,
6148.459,
16003.12,
717162.1,
11352.12,
271372.8,
46080.19,
35870.53,
20363.31,
37174.96,
21531.79,
3418.514,
0,
2327840,
2043, 
13607.73,
788608.9,
102353,
6366.773,
4392.206,
4089.069,
3066.434,
906.0626,
4693.807,
15488.68,
110070.9,
168318,
6136.763,
2263.708,
7990.473,
7365.457,
18933.68,
876132.6,
11293.54,
283227.4,
45893.75,
36450.09,
20640.43,
41989.1,
21957.78,
3897.417,
0,
2606134,
2044, 
15753.62,
843854,
111382.3,
6674.056,
4460.5,
4131.073,
3945.14,
932.4039,
5586.358,
14486.18,
129268.9,
171724.5,
6584.877,
2441.501,
8063.887,
8309.318,
21903.27,
977529.5,
11742.89,
301739.8,
45539.27,
36809.88,
21104.54,
48786.04,
22655.99,
4402.922,
0,
2829813,
2045, 
18036.08,
891295.3,
120084.5,
7120.983,
4512.964,
4114.559,
4309.948,
963.9341,
6659.734,
13473.56,
157382.7,
174581.3,
6833.522,
2928.501,
8100.633,
8779.812,
25631.17,
1122916,
12431.97,
322637.5,
45506.2,
37291.11,
21405.23,
52997.63,
23475.83,
5279.841,
0,
3098750,
2046, 
20015.54,
931578.3,
132227.1,
7524.131,
4600.744,
4161.28,
4560.645,
1071.39,
7642.272,
12566.55,
178919.6,
172930.4,
7221.473,
3214.384,
7827.788,
9031.901,
29062.73,
1308067,
13599.59,
360655.3,
46149.58,
37544.27,
21861.93,
56050.07,
24824.87,
6140.517,
0,
3409050,
2047, 
19413.65,
994945.5,
141308.6,
7754.779,
4787.384,
4205.061,
4845.248,
1218.312,
8523.685,
11728.34,
212931.3,
174348.4,
7355.418,
3397.12,
7599.027,
9066.776,
32654.33,
1502687,
14535.07,
385772.7,
46914.04,
37942.71,
22115.13,
58936.79,
26275.1,
6994.97,
0,
3748257,
2048, 
20784.37,
1035621,
153775.6,
7912.839,
5067.651,
4357.948,
5787.946,
1404.17,
9401.689,
11155.5,
238166.2,
174531.4,
7806.455,
3484.729,
7442.205,
10456.09,
37019.35,
1622432,
15348.52,
404258.4,
48301,
37608.46,
22765.93,
62432.32,
28347.84,
7628.156,
0,
3983299,
2049, 
21728.71,
1088404,
159872.2,
7971.658,
5387.462,
4541.268,
6992.154,
1687.36,
10621.03,
10545.41,
274305.9,
176248.1,
8137.142,
3610.367,
8248.925,
12337.85,
41870.94,
1716377,
15906.67,
408689.5,
49619.11,
37177.93,
23233.98,
64986.97,
29747.24,
7871.202,
0,
4196120,
2050, 
23722.58,
1131077,
164428,
7941.783,
5748.142,
4575.388,
8359.583,
2013.943,
11929.83,
10045.9,
303643.5,
175045.2,
8479.094,
4082.562,
9160.691,
16397.98,
46083.13,
1802023,
16194.53,
422267.5,
50864.7,
36919.71,
23950.04,
69066.88,
31556.27,
7947.802,
0,
4393524,
2051, 
25847.91,
1175248,
168071.7,
7775.972,
6263.539,
4683.738,
9627.46,
2484.115,
13375.87,
9872.151,
316173.6,
177818.6,
8860.18,
4799.762,
10199.45,
24646.46,
50331.89,
1872910,
16040.59,
432334.3,
52265.46,
37923.04,
24727.86,
71058.97,
33687.84,
8230.994,
0,
4565260,
2052, 
27085.13,
1214050,
179913,
7514.09,
6992.702,
4837.982,
10581.79,
3222.473,
15095.77,
10529.7,
352536.2,
179310.4,
9346.986,
5962.813,
11760.57,
31278.22,
53550.09,
2017936,
15785.52,
446763,
53242.36,
38145.17,
25365.29,
71937.97,
36731.86,
8739.547,
0,
4838214,
2053, 
28007.68,
1254932,
186174.4,
7037.907,
7794.294,
4890.427,
11475.27,
4230.587,
17690.88,
11686.17,
368340.8,
183201.5,
9850.817,
7162.832,
13144.81,
41537.84,
59141.75,
2191462,
15520.17,
444992.5,
53661.34,
38242.6,
26123.98,
73023.66,
39186.61,
9455.622,
0,
5107968,
2054, 
27726.23,
1288731,
203249.9,
6619.279,
8777.758,
5037.21,
12597.62,
5406.658,
19669.25,
12336.14,
396556.5,
183921.3,
10507.45,
8827.841,
13527.91,
43355.71,
62199.29,
2488683,
15284.37,
458621.5,
54304.73,
37862.32,
26795.08,
74312.01,
42248.71,
9462.17,
0,
5516621,
2055, 
26643.32,
1288852,
217648.8,
6052.903,
9689.964,
4938.647,
13738.45,
6646.876,
22790,
13552.37,
418630.3,
191913.3,
11081.27,
9954.823,
13746.65,
48900.16,
66233.45,
2695081,
14926.26,
446327.6,
54406.53,
37263.13,
27764.67,
75880.86,
43394.7,
10861.5,
0,
5776920,
2056, 
24014.89,
1275527,
241916.3,
5412.266,
10891.54,
5073.666,
15162.85,
7218.607,
27183.07,
13818.6,
436565,
191348.4,
11537.32,
11298.41,
14108.22,
55908.24,
68862.24,
2827064,
14692.51,
452779.6,
54499.84,
36382.27,
28373.9,
76658.45,
44985.27,
10940.1,
0,
5962223,
2057, 
21678.45,
1245308,
255136.1,
4952.097,
11982,
5172.436,
16446.83,
7794.421,
31521.13,
14360.2,
454350.1,
196238.2,
11962.41,
12351.25,
13862,
63443.28,
72923.88,
2902660,
14567.92,
443541.8,
54186.51,
35238.55,
29470.25,
76597.55,
45754.93,
11388.24,
0,
6052889,
2058, 
18716.51,
1196191,
279220.5,
4633.775,
13350.99,
5331.962,
17755.86,
8424.115,
36950.31,
14613.51,
471997.6,
195530,
12144.13,
13702.66,
13973.1,
71952.87,
75418.41,
2975457,
14604.25,
453054.5,
54069.25,
33951.93,
29940.04,
74464.71,
47570.89,
12396.05,
0,
6145415,
2059, 
16554.7,
1142617,
290869.4,
4320.376,
14412.4,
5361.824,
18855.41,
9091.507,
46650.7,
15274.21,
472509,
201800.2,
12332.97,
14642.8,
13804.98,
81717.82,
78592.54,
2979986,
14787.63,
461097.7,
54036.43,
33005,
30414.07,
72510.31,
50483.68,
13160.8,
0,
6148890,
2060, 
14559.95,
1068604,
307909.4,
4055.012,
15758.22,
5326.646,
20649.67,
9777.442,
56884.33,
15145.96,
482841.5,
199808,
12385.2,
16586.74,
13941.56,
91045.13,
80001.61,
2961121,
15170.35,
471630.5,
54079.58,
32191.97,
30281.21,
68836.24,
54450.75,
14966.6,
0,
6118008,
2061, 
13431.56,
1033467,
324692.7,
3799.348,
16848.34,
5408.512,
21839.61,
10535.55,
66370.26,
15631.73,
478448.3,
199806.7,
12450.04,
17198.05,
13623.95,
94455.13,
81370.66,
2867588,
15690.86,
485251,
54217.95,
31592.92,
30227.01,
65245.7,
60752.26,
15960.41,
0,
6035903,
2062, 
12070.76,
994116.4,
347443.8,
3642.813,
17179.06,
5383.157,
23950.85,
11249.56,
76958.31,
15308.46,
493904.7,
199782.9,
12472.33,
17699.13,
13806.19,
96613.35,
81170.05,
2740585,
16257.14,
500026.6,
54807.5,
31209.21,
29658.04,
63591.69,
68108.97,
18421.79,
0,
5945418,
2063, 
11135.97,
970990.4,
360608.8,
3554.94,
19267.43,
5410.241,
26106.49,
11969.61,
87983.46,
15866.54,
481395,
201316.7,
12407.15,
17531.52,
13683.44,
97063.55,
81844.42,
2963298,
16984.95,
514332.5,
55558.51,
31731.28,
29154.27,
64596.47,
74980.66,
19379.33,
0,
6188152,
2064, 
9999.598,
927538.7,
376013.2,
3511.747,
19211.75,
5430.196,
28138.2,
12699.2,
98329.64,
16509.85,
494616.5,
202111.1,
12136.28,
17282.21,
14122.76,
94180.18,
80475.25,
3143016,
17754.17,
512903.3,
56860.05,
32696.92,
28463.76,
65152.73,
81212.73,
20422.29,
0,
6370789,
2065, 
9368.345,
920748.4,
386524.3,
3479.591,
20806.94,
5420.497,
29621.17,
13448.88,
106189.7,
16029.8,
485714,
201305.2,
11890.32,
15667.07,
14530.74,
86232.56,
80289.14,
3267907,
18307.48,
512218.5,
58292.97,
33408.41,
27902.79,
67070.42,
93771.07,
19851.39,
0,
6505997,
2066, 
8915.811,
884558.8,
402258.9,
3384.662,
20244.12,
5414.367,
30889.86,
14223.48,
114465.1,
16115.34,
481976.6,
200884.3,
11500.49,
13877.23,
15210.46,
75728.19,
79570.8,
3419421,
18566.06,
516099.4,
59774.35,
34403.95,
27315.09,
66723.34,
105999.3,
19475.36,
0,
6646996,
2067, 
9115.055,
872208.3,
409783.3,
3380.601,
21377.61,
5424.371,
32627.62,
15046.96,
119795.8,
15663.14,
473378.4,
201846.7,
11267.09,
11734.12,
15438.73,
64346.5,
80081.8,
3452731,
18793.21,
527929.6,
62022.89,
35830.02,
27031.39,
69073.08,
124896,
18820.51,
0,
6699644,
2068, 
9986.344,
838062.2,
427675,
3346.93,
20597.76,
5401.654,
33751.11,
15917.74,
123142.1,
15972.89,
469417.3,
200616.2,
10957.68,
9967.928,
16110.04,
51876.79,
79852.98,
3439247,
19108.3,
531583.1,
63972.1,
37332.82,
26855.1,
69134.71,
145652.2,
18733.34,
0,
6684272,
2069, 
11119.65,
814611.1,
440874.8,
3318.311,
21695.9,
5466.474,
34552.33,
16881.21,
124455.4,
16455.66,
445865.4,
198725.2,
10840.49,
8682.664,
16253.75,
35058.64,
80184.05,
3478990,
19069.4,
537638.3,
65940.18,
39115.21,
26981,
70345.06,
177705.3,
19803.96,
0,
6720629,
2070, 
13207.12,
784026.1,
456775,
3284.365,
20629.54,
5548.725,
35172.98,
17844.56,
126441.9,
18262.19,
434890.1,
194824.4,
10603.71,
7318.91,
16760.78,
26327,
80209.15,
3467644,
19184.38,
524369.1,
67850.52,
41198.6,
27472.51,
69990.11,
203822.7,
20706.01,
0,
6694364,
2071, 
15303.02,
811443.5,
468884.8,
3242.934,
21277.06,
5717.092,
36280.8,
21034.85,
133163.5,
20158.76,
415671.3,
190794.9,
10596.83,
6302.897,
16551.17,
21029.25,
80498.63,
3436894,
19381.96,
522203.4,
69395.48,
43191.47,
28211.42,
69545.14,
248947.2,
23477.41,
0,
6739199,
2072, 
17321.52,
799188.6,
488643.5,
3190.192,
20236.23,
5922.88,
37383.93,
25674.66,
136252.2,
22644.68,
410675.9,
190377.7,
10484.03,
5636.139,
16809.03,
17262.38,
81470.79,
3339539,
19350.18,
496914.7,
70944.98,
45096.22,
29337.17,
66421.31,
296549.7,
27309.19,
0,
6680637,
2073, 
17952.47,
840884.7,
499171.8,
3113.189,
20190.2,
6094.577,
37927.55,
30797.52,
140590.9,
24052.32,
389982.3,
184105.7,
10432.74,
5035.345,
16708.3,
15177.58,
82430.36,
3243342,
18922.06,
468057.9,
71793.02,
46870.72,
30295.71,
63456.02,
358285.8,
32606.28,
0,
6658277,
2074, 
18734.06,
890780.3,
519391.1,
3027.331,
18862.91,
6357.776,
38197.15,
37641.88,
150999.7,
27798.35,
410588,
186407.8,
10271.02,
4544.87,
16979.24,
13561.9,
85304.35,
3235096,
18231.2,
432842.6,
72437.21,
48469.34,
31089.01,
60614.82,
437791.4,
38697.51,
0,
6814717,
2075, 
18455.54,
992143,
533781.8,
2907.334,
18821.15,
6609.018,
37671.33,
45518.48,
165348.8,
29932.84,
424038.5,
179112.7,
10158.81,
4215.628,
17114.18,
13648.45,
87366.63,
3434538,
17502.75,
407434.4,
71975.59,
49485.81,
31136.24,
56653.79,
589578.6,
50923.25,
0,
7296073,
2076, 
18758.25,
1067607,
556933.1,
2819.484,
17899.38,
6916.488,
37276.17,
54618.73,
179077.8,
35193.3,
489548.8,
182015.8,
9987.931,
4229.884,
17413.76,
12677.03,
90374.37,
3612559,
17011.58,
400058.8,
71490.55,
50304.02,
31830.77,
53982.09,
790926.8,
68952.23,
0,
7880464,
2077, 
19039.44,
1211014,
568890.9,
2712.873,
18117.23,
7288.982,
37519.33,
63209.85,
196028.4,
39663.85,
525733,
182010.7,
9967.046,
4190.02,
17576.94,
13047.45,
95918.2,
3686593,
16647.45,
393378.3,
70384.98,
50739.48,
31264.07,
51534.78,
998676.6,
87104.76,
0,
8398251,
2078, 
20658.08,
1315930,
586969.2,
2604.388,
17905.4,
7722.6,
38578.18,
76432.03,
210506.4,
45775.7,
618707.6,
183350.7,
9919.987,
4393.904,
18521.13,
13515.86,
104981.3,
3717990,
16441.18,
413112.4,
69370.05,
51203.83,
30729.92,
50164.84,
1178718,
105297.8,
0,
8909501,
2079, 
21848.61,
1460323,
594553,
2515.94,
18421.93,
8153.504,
40038.98,
92062.86,
226440.6,
50678.63,
690272.8,
181989.3,
10060.4,
4520.375,
19037.71,
14335.68,
115978.1,
3760848,
16364.11,
432363.3,
68085.73,
51188.01,
29583.61,
48820.75,
1318526,
121591.2,
0,
9398601,
2080, 
21474.32,
1552079,
611337.7,
2435.562,
18643.23,
8565.829,
42996.02,
104503.2,
224813.1,
54913.84,
720813.4,
183534.4,
10206.7,
5252.335,
19478.26,
14635.71,
130835.3,
3776762,
16441.7,
496758.7,
66985.51,
51235,
28812.79,
50234.45,
1501947,
133528.5,
0,
9849223,
2081, 
20817.06,
1640810,
616510.7,
2367.341,
18073.28,
8968.524,
46343.75,
122713.6,
236215.9,
58414.46,
728172.3,
179365.3,
10649.03,
5692.945,
19427.44,
15468.6,
150627.1,
3773585,
15890.59,
589735.1,
65699.59,
51245.15,
28122.64,
50318.42,
1607401,
147037.2,
0,
1.020967e+07,
2082, 
20153.08,
1691376,
630133.1,
2291.755,
17329.12,
9253.779,
49703.98,
139704.4,
242643.5,
60214.29,
730238.9,
177528.1,
10949.59,
6457.18,
20023,
17228.67,
169039,
3661286,
15688.08,
667452.7,
64340.18,
51125.34,
27534.3,
52250.31,
1709293,
156355.8,
0,
1.039959e+07,
2083, 
18402.46,
1686624,
637321.8,
2229.075,
15691.67,
9571.89,
53504.37,
154142.5,
252407.7,
62139.45,
670951,
173793.2,
11058.46,
6779.981,
18760.38,
19952.84,
199116.3,
3584425,
15157.58,
707442.3,
63083.9,
50690.48,
27431.52,
52483.02,
1790812,
166176,
0,
1.045015e+07,
2084, 
17170.36,
1678087,
650539.3,
2193.333,
15093.97,
10077,
58656.38,
167575.5,
256810.1,
60271.83,
643339.9,
171410.8,
11313.27,
7812.168,
19484.48,
21959.58,
236348.1,
3397633,
14800.24,
744210.3,
61946.02,
50204.82,
27580.33,
53224.44,
1877969,
177942,
0,
1.043365e+07,
2085, 
15904.41,
1638255,
665613.5,
2132.834,
14149.33,
9969.404,
63034.52,
178748.4,
262073.2,
63755.11,
624804.3,
166234,
11495.47,
8390.249,
19394.62,
25963.12,
278425.1,
3283758,
14485.74,
733154.3,
60881.2,
49299.35,
28959.6,
51680.76,
1945918,
188497,
0,
1.040498e+07,
2086, 
15124.05,
1577617,
684459.9,
2108.83,
13789.19,
10180.04,
69293.49,
191707.5,
268859.3,
62996.13,
606120.9,
164667.2,
11658.87,
9625.404,
19301.76,
30151.04,
340194.8,
3226035,
14154.2,
742094.4,
60895.35,
48487.11,
30274.24,
51895.11,
2004743,
203316.3,
0,
1.045975e+07,
2087, 
14419.34,
1503936,
710068.9,
2068.585,
13501.51,
10430.07,
74240.38,
204591.1,
266962.3,
66645.2,
605258,
162828.2,
11751.16,
10700.26,
19264.87,
35078.12,
400122.8,
3190059,
13830.2,
759073.1,
60761.32,
47652.9,
31931.28,
50944.3,
2068743,
216416.6,
0,
1.055128e+07,
2088, 
13902.26,
1434306,
727625.4,
2051.718,
14381.82,
10863.49,
79370.02,
224583.1,
260924,
64900.49,
606082.4,
157985.8,
12082.84,
12933.27,
19514.53,
41101.77,
480991,
3317997,
13522.48,
781822.9,
60881.38,
46988.7,
33964.86,
51525.11,
2131772,
232174.5,
0,
1.083425e+07,
2089, 
13587.93,
1359254,
759137.3,
2008.694,
14480.96,
10935.37,
81791.05,
236374.2,
264946.1,
68642.11,
608343.9,
157629.6,
12164.75,
14312.2,
19335.81,
53783.46,
569767.8,
3346520,
13452.19,
803746.1,
60842.07,
46336.04,
36289.96,
50971.04,
2197530,
245884.1,
0,
1.104807e+07,
2090, 
13188.14,
1303589,
778704.3,
2268.252,
14944.69,
11524.97,
85356.66,
258970.2,
274820.5,
65940.86,
585194.2,
156107.3,
12796.64,
16453.72,
20239.78,
67732.05,
665615.3,
3401374,
13412.91,
810105.8,
62655.21,
45764.01,
36133.17,
52641.17,
2266278,
263077.5,
0,
1.128489e+07,
2091, 
12748.76,
1272511,
824251.6,
2465.017,
15473.71,
12102.54,
90359.48,
269239.6,
296043.5,
69981.52,
627315.4,
155204.3,
13208.68,
17687.78,
20971.4,
85139.51,
773543.5,
3292678,
13400.42,
800850.4,
63560.93,
45345.75,
36342.23,
53227.09,
2340199,
272952.1,
0,
1.14768e+07,
2092, 
12762.29,
1265299,
859828.5,
2703.352,
16529.03,
12896.68,
98514.24,
291862,
324245.8,
70090.84,
649110.9,
155226.8,
13782.59,
20478.52,
22102.36,
99758.02,
898809.6,
3185769,
13678.25,
788485.3,
64635.48,
44964.51,
35328.1,
55797.89,
2451496,
292009.5,
0,
1.174617e+07,
2093, 
12641.18,
1275200,
911665.1,
2934.75,
16687.26,
13399.99,
107746.8,
314582.9,
354435.1,
76436.59,
705024.2,
157524.4,
14290.07,
22178.37,
21826.56,
108311.1,
1038745,
3106316,
13957.58,
770671.1,
65364.99,
44680.22,
34688.89,
57918.05,
2570576,
308422.7,
0,
1.212622e+07,
2094, 
12962.96,
1355074,
942447.6,
3180.886,
18734.81,
13732.32,
120068.9,
339632.3,
385802.3,
80417.78,
733705.5,
157044.9,
14926.14,
25381.13,
24131.46,
112424.6,
1177734,
3015313,
14055.27,
756259.3,
66365.05,
44297.6,
33218.3,
62774.66,
2679756,
324326.7,
0,
1.251377e+07,
2095, 
13179.62,
1391019,
976257.6,
3138.482,
19569.13,
14222.29,
128278.5,
369502.5,
421855.1,
88039.95,
780088.6,
160734.4,
15089.19,
27551,
23141.85,
115475.8,
1308206,
2927362,
14232.64,
760196.2,
65445.36,
43893.03,
31854.21,
68619.84,
2767057,
343412.7,
0,
1.287742e+07,
2096, 
14076.36,
1471867,
1003742,
3143.319,
21658.53,
14869.31,
133994.5,
411170.2,
448436.5,
95343.21,
763610.7,
160909.5,
15504.37,
31921.38,
23479.68,
116965.2,
1465928,
2855793,
14440.12,
799715.6,
64663.59,
43234.46,
30246.03,
78984.79,
2911718,
360220,
0,
1.335564e+07,
2097, 
14285.13,
1537226,
1023432,
3107.434,
22596.8,
15398.59,
131776.7,
455789.9,
477185.5,
103554.5,
755980.9,
163787.7,
15947.49,
34912.3,
23894.53,
113800.5,
1637577,
2740064,
14380.56,
842778.4,
63745.05,
42732.43,
29268.72,
88431.16,
2956407,
379946.7,
0,
1.368801e+07,
2098, 
14709.58,
1578420,
1045401,
3105.015,
23451.43,
15824.18,
131652.9,
490039.4,
492589.4,
110144.9,
704065.1,
162166.1,
16375.73,
38803.66,
24521.08,
111032.1,
1750585,
2703389,
14395.44,
859780,
63347.11,
42226.71,
28551.25,
100430.4,
3048478,
391661.3,
0,
1.396515e+07,
2099, 
14530.52,
1600790,
1061383,
3088.619,
24457.11,
16213.33,
127208.6,
572903.6,
517504.4,
115823.5,
683164.8,
163350,
16806.22,
40995.09,
25201.05,
105155.9,
1870042,
2734159,
14773.44,
880926.9,
62884.29,
41742.52,
28816.11,
115335.9,
3106879,
413057.3,
0,
1.435719e+07,
2100, 
14484.4,
1598799,
1086552,
3089.175,
24361.79,
16398.65,
126726.1,
641536.1,
534080.8,
121723.5,
650321.1,
160589.4,
17367.12,
43759.6,
25819.86,
97430.45,
1967182,
2831837,
14679.19,
903094.4,
62600.54,
41333.32,
28896.57,
132182.7,
3167271,
423160.6,
0,
1.473528e+07];
