real main.em.dem.SVA[28](t) = [1971, 
10905.55,
12765.01,
4011.852,
3177.796,
2262.614,
3068.334,
1269.401,
598.2204,
371.7961,
4278.213,
8150.182,
2159.488,
1837.526,
1449.48,
561.4758,
2651.373,
2388.623,
300.9868,
1223.874,
134.7107,
542.2567,
315.0647,
6819.313,
8777.49,
361.7133,
618.8416,
0,
2497.954,
1972, 
11403.55,
13336.62,
4276.959,
3258.948,
2460.215,
3088.833,
1321.976,
612.4467,
364.1447,
4154.207,
8549.641,
2274.435,
2023.512,
1472.768,
567.8051,
2695.878,
2698.861,
292.3906,
1248.685,
142.4393,
551.6442,
330.0089,
7350.137,
8921.755,
336.1324,
597.2874,
0,
2590.094,
1973, 
11536.4,
13745.69,
4434.911,
3219.265,
2682.207,
3118.968,
1307.856,
613.0153,
350.3551,
4108.418,
9034.978,
2306.855,
2057.546,
1567.728,
601.5303,
2875.213,
2656.938,
280.351,
1334.736,
149.5063,
568.8774,
340.9403,
7634.344,
9367.369,
345.5672,
594.3812,
0,
2666.872,
1974, 
11622.04,
13750.24,
4467.479,
3134.932,
2820.605,
3072.716,
1300.939,
648.6471,
347.9416,
4073.248,
9303.075,
2516.355,
2073.418,
1623.879,
620.084,
2986.45,
1961.71,
290.3196,
1436.494,
148.2765,
537.9904,
355.2047,
7767.634,
9900.265,
352.5642,
591.7216,
0,
2681.005,
1975, 
12086.65,
13831.96,
4604.522,
3186.474,
2941.535,
3107.713,
1417.245,
638.959,
369.1585,
4052.059,
9423.932,
2613.16,
2194.783,
1647.755,
626.1714,
3035.244,
2836.919,
326.3447,
1453.769,
144.232,
616.0948,
385.8923,
8282.784,
9792.23,
360.337,
620.4288,
0,
2734.673,
1976, 
12757.75,
14429.4,
4748.147,
3291.877,
3127.782,
3042.344,
1538.29,
682.2139,
387.4408,
4083.68,
9801.121,
2764.645,
2455.407,
1730.217,
654.3214,
3194.94,
3223.896,
329.524,
1556.715,
146.7968,
645.2826,
398.4913,
8536.351,
9602.659,
368.7247,
608.0883,
0,
2827.321,
1977, 
13065.21,
14930.01,
4711.19,
3505.528,
3155.167,
3248.59,
1628.091,
708.6522,
382.9265,
4019.232,
10144.25,
2934.235,
2588.283,
1800.018,
677.4254,
3329.518,
3647.781,
335.9284,
1677.825,
168.7954,
680.3029,
419.5912,
9052.652,
9915.967,
370.0646,
594.8635,
0,
2921.836,
1978, 
13400.56,
15662.96,
5035.456,
3572.628,
3290.416,
3360.724,
1700.703,
680.7844,
383.5788,
3932.534,
10512.11,
3143.608,
2586.656,
1871.818,
701.054,
3466.434,
4034.939,
351.9788,
1791.741,
188.9962,
717.7557,
447.4892,
9472.433,
10023.53,
395.6183,
579.0971,
0,
3029.401,
1979, 
13431.8,
16072.4,
5426.144,
3458.073,
3434.927,
3479.764,
1700.237,
659.3334,
395.7131,
3794.718,
10941.8,
3246.758,
2592.12,
1913.906,
713.3913,
3555.478,
3766.623,
334.4996,
1884.159,
181.5732,
742.5408,
452.4384,
9982.996,
9765.244,
406.3915,
528.2007,
0,
3087.99,
1980, 
13619.92,
16063.06,
5857.819,
3331.903,
3422.692,
3666.66,
1762.092,
632.6659,
408.49,
3701.885,
11137.42,
3228.378,
2722.756,
1985.811,
736.694,
3695.733,
3424.691,
340.3643,
2018.185,
295.2829,
784.4722,
471.8012,
10238.47,
10226.2,
425.8768,
539.2303,
0,
3133.397,
1981, 
14237.49,
16097.17,
6286.914,
3514.043,
3221.173,
3672.403,
1630.699,
605.4368,
371.6497,
4007.779,
11329.56,
2899.571,
2720.085,
2020.153,
763.5058,
3741.237,
3396.944,
356.7581,
2077.926,
315.6894,
825.0527,
515.1613,
10494.6,
10381.33,
444.9232,
556.976,
0,
3144.827,
1982, 
14173.62,
16000.59,
6192.652,
3562.26,
3155.392,
3400.352,
1800.312,
590.8053,
365.187,
4073.637,
11511.4,
2755.898,
2796.346,
2148.171,
808.8234,
3976.392,
3766.833,
371.1439,
2205.675,
328.8903,
923.9082,
549.0281,
10850.08,
10698.02,
455.5396,
581.2075,
0,
3163.712,
1983, 
14391.05,
17110.51,
5609.765,
3580.978,
2959.322,
3292.652,
1842.979,
568.7958,
362.4091,
3959.537,
11818.35,
3121.302,
3008.039,
2275.3,
833.0161,
4229.571,
4155.137,
382.791,
2382.105,
351.0767,
936.6864,
566.9031,
11111.92,
10566.22,
472.6344,
557.2505,
0,
3251.674,
1984, 
14846.99,
17955.9,
5647.093,
3645.453,
2891.601,
3186.085,
1857.063,
546.7032,
360.6343,
4147.041,
12180.7,
3219.943,
3187.232,
2279.243,
852.9392,
4196.705,
4134.413,
398.2842,
2506.769,
407.5004,
945.3514,
607.6819,
11324.58,
10643.28,
489.214,
557.4875,
0,
3325.423,
1985, 
15449.34,
18832.22,
5580.086,
3652.641,
3080.104,
3150.767,
1923.74,
549.6309,
339.8084,
3939.2,
12548.83,
3285.904,
3288.654,
2120.689,
851.1663,
3843.901,
4218.73,
421.8463,
2678.651,
472.9027,
940.3,
660.2145,
11917.58,
11319.26,
502.3514,
520.1909,
0,
3408.56,
1986, 
16227.97,
19751.13,
5285.234,
3664.887,
3297.728,
3417.876,
1945.332,
580.9946,
341.6081,
3845.275,
13019.24,
3364.096,
3151.499,
2204.732,
913.9645,
4002.042,
4373.424,
442.5434,
2914.153,
516.6464,
953.3321,
703.9134,
12384.81,
11827.83,
516.0891,
555.2202,
0,
3520.621,
1987, 
16655.31,
20250.54,
5040.359,
3753.887,
3384.223,
3427.97,
1856.842,
557.0585,
370.5915,
3963.819,
13519.31,
3612.034,
3459.16,
2299.061,
1135.172,
4224.217,
4070.202,
456.4101,
3184.24,
580.79,
992.8358,
698.9373,
12862.05,
12130.38,
527.6801,
551.4012,
0,
3602.378,
1988, 
17204.38,
20779.83,
5742.312,
3749.704,
3479.351,
3315.141,
1893.785,
575.1056,
366.6463,
4041.205,
14132.33,
3839.648,
3424.379,
2370.408,
1226.222,
4450.737,
4114.561,
479.3885,
3440.806,
643.2719,
1053.466,
726.4399,
13685.5,
12770.38,
542.5586,
534.6268,
0,
3722.825,
1989, 
17606.46,
21539.8,
6145.931,
3805.259,
3724.276,
2958.957,
1915.279,
567.8787,
376.0471,
4145.805,
14642.57,
3871.955,
3420.624,
2236.073,
1326.363,
4079.389,
3826.938,
502.8751,
3739.461,
687.5804,
1136.232,
776.0444,
14397.67,
12756.27,
548.3351,
506.0142,
0,
3795.949,
1990, 
17800.75,
21908.69,
6427.168,
3808.351,
3819.001,
3166.911,
1921.534,
568.5753,
378.1152,
4144.824,
15239.38,
4066.374,
3736.731,
2223.276,
1307.633,
4155.839,
3623.637,
519.1668,
4039.605,
704.5019,
1235.015,
859.6764,
15027.63,
13525.81,
556.2576,
526.9986,
0,
3884.148,
1991, 
17803.91,
22061.52,
6643.118,
3795.77,
4017.121,
3530.569,
1847.931,
568.3486,
371.8393,
4131.291,
15708.47,
3919.013,
3828.233,
1866.228,
978.9709,
4249.119,
3772.666,
523.3177,
4339.597,
788.3474,
1273.511,
916.6019,
15623.49,
13145.51,
564.5981,
530.5777,
0,
3951.36,
1992, 
17913.37,
22803.35,
6830.796,
3810.345,
3763.99,
3892.408,
1894.013,
552.2079,
374.6849,
4134.001,
16076.99,
4049.408,
3993.066,
1757.927,
1028.725,
4641.064,
3950.582,
544.4515,
4665.319,
882.9316,
1349.163,
975.7337,
16054.18,
13098.15,
586.4212,
501.5893,
0,
4059.214,
1993, 
18023.73,
23180.08,
7011.521,
3794.247,
3676.931,
4100.027,
1896.234,
541.4707,
375.1719,
4116.481,
16285.03,
4171.129,
4284.923,
2191.932,
1052.643,
4028.004,
3953.216,
562.7681,
4926.294,
950.121,
1460.542,
1047.944,
16473.67,
13352.01,
605.603,
465.3369,
0,
4107.068,
1994, 
18417.47,
23700.12,
7220.883,
3830.117,
3766.077,
4377.597,
1932.827,
508.1653,
387.5465,
4157.877,
16685.54,
4390.002,
3858.483,
1652.438,
950.2656,
3639.413,
4081.732,
581.9774,
5301.599,
1037.205,
1563.435,
1103.008,
16974.71,
13762.08,
611.306,
476.3556,
0,
4185.285,
1995, 
18493.69,
24004.18,
6573.249,
3920.633,
5151.684,
4484.945,
1920.556,
511.5436,
400.2664,
4259.442,
17047.23,
4841.883,
4070.932,
1607.39,
1038.111,
4007.471,
4039.362,
627.822,
5720.47,
1096.697,
1655.97,
1147.391,
17511.38,
14356.19,
629.4132,
498.8865,
0,
4306.003,
1996, 
18529.41,
24694.88,
6675.831,
4040.61,
5323.321,
4466.509,
1958.571,
522.3747,
387.8429,
4437.606,
17456.78,
5154.441,
4339.563,
1651.917,
1112.861,
3756.979,
3967.816,
661.2597,
6155.934,
1167.856,
1744.098,
1180.565,
18019.43,
14819.6,
647.0915,
505.1222,
0,
4402.07,
1997, 
19281.77,
25668.51,
7043.439,
4200.487,
5420.647,
4657.503,
2019.979,
520.6992,
388.306,
4542.941,
18015.53,
5470.572,
4782.961,
1720.845,
1146.587,
3927.928,
4037.169,
697.8142,
6449.825,
1282.365,
1807.052,
1209.975,
18358.33,
15325.15,
645.904,
538.5118,
0,
4553.26,
1998, 
20132.45,
26851.79,
7310.063,
4345.023,
5365.574,
4811,
2120.367,
543.3327,
395.0165,
4545.716,
18649.77,
5816.902,
4609.068,
1740.103,
1140.673,
3842.962,
4555.378,
740.2642,
6047.007,
1371.721,
1692.503,
963.2985,
18134.33,
15966.57,
647.3645,
553.6223,
0,
4668.95,
1999, 
20710.65,
27867.14,
7531.172,
4472.269,
5284.871,
4639.718,
2153.756,
520.8698,
403.8229,
4674.791,
19308.78,
6072.207,
4749.157,
1721.558,
1103.45,
3991.847,
4200.777,
810.4938,
6604.381,
1491.435,
1762.965,
962.5191,
18217.42,
16447.4,
661.4103,
537.6033,
0,
4792.094,
2000, 
21003.32,
28601.8,
8055.792,
4622.391,
5282.968,
4627.531,
2082.842,
507.6073,
417.9332,
4770.878,
19998.12,
6397.415,
5178.34,
1821.923,
1143.88,
4415.705,
3918.352,
841.2714,
7457.932,
1633.353,
1901.115,
1032.311,
18851.29,
16534.8,
693.6855,
543.7213,
0,
4945.333,
2001, 
21626.1,
28965.08,
8024.322,
4653.029,
5308.563,
4667.525,
2182.596,
516.5958,
435.0184,
4777.8,
20451.44,
6730.628,
5035.783,
2103.041,
1293.374,
4824.586,
4164.168,
888.4384,
7932.946,
1745.028,
1952.651,
990.0731,
19285.91,
16782.51,
709.2563,
567.5782,
0,
5053.37,
2002, 
22341.83,
29438.08,
8120.012,
4658.966,
5310.629,
4063.931,
2200.383,
467.7841,
441.7831,
4770.897,
20822.26,
7119.904,
5248.728,
2300.595,
1431.354,
5287.365,
4179.484,
926.9357,
8556.49,
1892.966,
2018.271,
1080.444,
19479.7,
17618.99,
750.8551,
586.4645,
0,
5148.419,
2003, 
22478.77,
29962.04,
7379.975,
4772.428,
5180.19,
4025.086,
2201.082,
487.1387,
454.1341,
5010.886,
21131.71,
7462.325,
5487.45,
2607.781,
1570.016,
5741.778,
4278.233,
991.2079,
8721.988,
2013.043,
2062.021,
1198.37,
19738.71,
18089.04,
782.1783,
587.5522,
0,
5237.326,
2004, 
22721.59,
30605.13,
7468.294,
4826.503,
5256.822,
4180.992,
2255.382,
461.3066,
466.2188,
5281.087,
21546.57,
7717.64,
5981.802,
2873.796,
1738.87,
6097.865,
4313.453,
1052.374,
8859.336,
2152.638,
2148.768,
1240.125,
20251.48,
18571.54,
807.338,
611.6773,
0,
5365.775,
2005, 
23180.67,
31191.56,
7655.911,
4949.249,
5528.521,
4413.1,
2314.204,
459.929,
482.2518,
5516.002,
21859.55,
8221.846,
6411.212,
3226.56,
1914.341,
6030.642,
4270.244,
1123.411,
9302.281,
2293.57,
2127.077,
1269.74,
20663.11,
18878.79,
852.9849,
615.9391,
0,
5487.088,
2006, 
23583.36,
31810.82,
7737.08,
5138.707,
5751.164,
4622.893,
2368.22,
484.7243,
515.5681,
5725.597,
22368.49,
8708.888,
6884.38,
3404.326,
2007.765,
6726.148,
4378.408,
1214.086,
9831.332,
2572.376,
2234.625,
1325.917,
21124.51,
19102.23,
906.1445,
641.8652,
0,
5682.245,
2007, 
23846.86,
32125.82,
7856.787,
5308.535,
6060.941,
4933.06,
2553.561,
515.6063,
549.8232,
5934.712,
22929.49,
9303.243,
7248.18,
3762.02,
2176.316,
7307.656,
4448.706,
1315.169,
10334.74,
2928.434,
2387.44,
1371.641,
21578.95,
19480.62,
949.5411,
671.0024,
0,
5892.625,
2008, 
24035.9,
31309.97,
7942.461,
5422.588,
6420.818,
5218.305,
2680,
538.1032,
566.6107,
6201.796,
23167.4,
9693.499,
7108.275,
3904.217,
2259.561,
7782.586,
4636.274,
1368.004,
10541.81,
3225.658,
2480.971,
1480.775,
21782.55,
19718.78,
967.6357,
721.8267,
0,
5986.475,
2009, 
23773.94,
29719.04,
7627.888,
5304.152,
6284.104,
5243.961,
2863.894,
589.7623,
593.0573,
6044.597,
22434.91,
9213.249,
6617.41,
3388.066,
2374.531,
7268.494,
4885.754,
1463.371,
10280.42,
3555.556,
2469.738,
1536.644,
20992.41,
19564.81,
974.7971,
730.3354,
0,
5887.525,
2010, 
24089.65,
30337.79,
7960.474,
5021.142,
6685.362,
5523.911,
2975.462,
609.2078,
625.2833,
6194.979,
22804.45,
9248.28,
6921.452,
3522.932,
2650.395,
7495.68,
4959.407,
1599.088,
10852.44,
3902.947,
2675.971,
1635.837,
22117.31,
19646.27,
999.2314,
788.0898,
0,
6091.973,
2011, 
24541.25,
30652.74,
8164.334,
5129.2,
6968.046,
5921.928,
2836.486,
629.4758,
625.1118,
6348.11,
23209.43,
9894.801,
7620.045,
3780.652,
2933.353,
7919.93,
5239.804,
1726.253,
11238.54,
4242.623,
2775.877,
1729.979,
22166.14,
19732.63,
1031.945,
817.2634,
0,
6274.388,
2012, 
24544.46,
30925.88,
8418.476,
5200.13,
7028.873,
6084.792,
3020.242,
661.2178,
3365.876,
6392.106,
23113.73,
9973.975,
7831.492,
3914.609,
3076.587,
8272.954,
5354.254,
1823.252,
11419.01,
4559.789,
2947.388,
1828.777,
22504.52,
20228.85,
1076.315,
866.5773,
0,
6500.754,
2013, 
24840.59,
31276.8,
8411.636,
5291.566,
7225.322,
6306.589,
3029.964,
685.6724,
3159.153,
6488.203,
23049.08,
10048.93,
8404.055,
3950.349,
3276.473,
8538.954,
5390.69,
1957.359,
11689.41,
4894.625,
3074.407,
1919.194,
22784.67,
20392.53,
1110.153,
913.0545,
0,
6618.139,
2014, 
25471.5,
31840.88,
8629.271,
5363.916,
7228.747,
5821.672,
3019.689,
716.3101,
2954.388,
6532.473,
23328.52,
10385.02,
8680.27,
3896.612,
3416.665,
8544.655,
5431.692,
2107.917,
12032.83,
5268.058,
3199.488,
2009.64,
22826.95,
20795.05,
1147.267,
911.9639,
0,
6744.092,
2015, 
25648.18,
32687.44,
8897.972,
5507.066,
6969.113,
5090.515,
3080.227,
722.8028,
2717.031,
6577.671,
23707.16,
10854.07,
9060.836,
3544.644,
3449.767,
8218.491,
5303.234,
2261.95,
12294.66,
5641.332,
3335.657,
2101.183,
23120.98,
21316.5,
1189.936,
902.3264,
0,
6863.481,
2016, 
25600.45,
32962.41,
9137.331,
5571.238,
6628.11,
5227.702,
3127.108,
691.7302,
2534.056,
6483.044,
24003.21,
11225.16,
9169.799,
3608.208,
3492.587,
8218.274,
5637.519,
2421.712,
12497.59,
6044.78,
3468.149,
2197.139,
22682.76,
21817.23,
1239.451,
895.9065,
0,
6991.564,
2017, 
26116.52,
33658.71,
9361.699,
5753.302,
6847.666,
5410.583,
3290.19,
734.0314,
2669.89,
6696.947,
24354.34,
11578.77,
9498.223,
3768.497,
3721.834,
8582.389,
5879.729,
2574.62,
12924.93,
6555.484,
3627.116,
2343.025,
22971.67,
22230.76,
1294.652,
940.8804,
0,
7231.959,
2018, 
26629.69,
34355.86,
9592.571,
5942.514,
7073.287,
5599.203,
3459.677,
778.4712,
2812.448,
6921.905,
24707.15,
11948.1,
9831.373,
3936.61,
3964.974,
8960.233,
6128.969,
2737.254,
13367.01,
7107.136,
3793.567,
2497.604,
23263.98,
22653.61,
1351.861,
987.8411,
0,
7483.973,
2019, 
27140.69,
35052.93,
9829.93,
6138.972,
7304.414,
5793.774,
3636.21,
825.2452,
2963.255,
7158.55,
25060.67,
12333.59,
10168.53,
4113.259,
4222.207,
9354.152,
6384.583,
2910.109,
13825.7,
7704.08,
3968.001,
2661.39,
23559.42,
23086.8,
1411.292,
1036.555,
0,
7748.489,
2020, 
25422.69,
33449.82,
8756.217,
5660.57,
6781.036,
5323.862,
3476.69,
799.626,
2847.462,
6277.158,
22823.71,
11598.78,
9792.912,
3961.301,
4103.764,
8736.639,
6049.699,
2602.606,
13646.31,
7876.31,
3766.377,
2568.592,
22266.25,
21796.07,
1332.192,
996.3525,
0,
7340.192,
2021, 
26291.07,
34647.05,
8995.507,
5843.632,
6990.167,
5502.361,
3564.836,
820.5209,
2895.709,
6314.965,
24255.27,
12234.48,
10109.81,
4045.351,
4242.991,
9252.166,
6197.724,
2914.2,
14146.05,
8563.558,
3922.744,
2707.149,
22661.05,
22187.84,
1362.374,
1013.304,
0,
7714.019,
2022, 
26614.2,
34920.29,
9140.738,
5981.776,
7088.211,
5640.758,
3626.011,
851.907,
2980.022,
6377.055,
24549.75,
12596.72,
10333.52,
4198.117,
4396.067,
9458.467,
6292.825,
3131.486,
14520.86,
9123.752,
4090.232,
2840.67,
22853.88,
22587.51,
1391.999,
1042.272,
0,
7920.111,
2023, 
26890.69,
35148.39,
9325.472,
6152.292,
7194.663,
5805.432,
3687.927,
886.7763,
3075.207,
6443.682,
24857.47,
12971.7,
10564.18,
4359.56,
4564.076,
9678.698,
6387.734,
3379.16,
14950.51,
9711.763,
4270.944,
2989.445,
23063.33,
22980.04,
1422.99,
1074.488,
0,
8139.644,
2024, 
27167.54,
35366.28,
9501.195,
6319.239,
7294.756,
5965.706,
3744.813,
923.4315,
3175.3,
6510.733,
25138.51,
13335.54,
10846.53,
4528.232,
4791.691,
9885.556,
6476.817,
3628.438,
15338.64,
10304.49,
4460.575,
3138.259,
23262.87,
23337.82,
1456.417,
1107.669,
0,
8357.205,
2025, 
27447.66,
35759.7,
9678.966,
6489.591,
7457.516,
6128.69,
3804.816,
961.7621,
3279.906,
6647.321,
25426.08,
13715.3,
11135.07,
4702.671,
5018.943,
10145.8,
6568.137,
3827.744,
15753.04,
10753.72,
4652.442,
3302.947,
23528.05,
23727.08,
1491.904,
1141.792,
0,
8552.956,
2026, 
27837.86,
36151.99,
9898.283,
6707.958,
7603.192,
6301.119,
3970.706,
1019.329,
3440.535,
6839.952,
25745.14,
14083.54,
11403.41,
4873.818,
5275.088,
10493.12,
6774.028,
4020.405,
16114.21,
11292.22,
4822.545,
3466.286,
23860.63,
24046.54,
1554.774,
1178.682,
0,
8779.215,
2027, 
28233.67,
36555.1,
10120.87,
6934.642,
7750.623,
6477.601,
4142.945,
1079.887,
3608.464,
7038.94,
26068.13,
14463.18,
11676.7,
5048.405,
5543.985,
10850.51,
6982.295,
4222.834,
16482.56,
11855.22,
4998.461,
3636.947,
24196.66,
24369.6,
1620.269,
1216.133,
0,
9013.59,
2028, 
28592.95,
36970.75,
10347.58,
7170.539,
7899.752,
6658.752,
4321.841,
1143.54,
3784.002,
7244.581,
26395.24,
14854.04,
11954.87,
5226.303,
5826.178,
11217.9,
7192.771,
4435.415,
16859.53,
12443.9,
5181.19,
3815.414,
24537.68,
24695.87,
1688.537,
1254.283,
0,
9256.348,
2029, 
28957.02,
37397.05,
10578.53,
7415.453,
8052.631,
6844.8,
4507.666,
1210.39,
3967.285,
7457.071,
26725.99,
15255.87,
12238.05,
5406.59,
6121.927,
11595.61,
7405.333,
4658.489,
17245.53,
13059.07,
5370.889,
4000.728,
24883.33,
25027.19,
1759.663,
1292.998,
0,
9507.78,
2030, 
29326.16,
37833.71,
10813.75,
7669.756,
8207.42,
7035.938,
4700.552,
1280.558,
4158.637,
7676.557,
27061.1,
15668.77,
12526.31,
5588.812,
6431.92,
11983.84,
7620.51,
4892.543,
17640.68,
13702.07,
5567.9,
4194.423,
25233.68,
25360.98,
1833.994,
1332.315,
0,
9768.271,
2031, 
29734.04,
38186.65,
11043.23,
7924.432,
8343.791,
7220.837,
4882.041,
1350.65,
4354.173,
7883.764,
27423.08,
16061.95,
12789.15,
5753.565,
6691.246,
12315.5,
7819.363,
5107.002,
17978.43,
14222.04,
5756.479,
4368.976,
25536.66,
25673.77,
1908.163,
1371.537,
0,
9993.992,
2032, 
30147.69,
38547.31,
11276.82,
8188.717,
8481.522,
7410.669,
5070.116,
1423.973,
4557.811,
8097.168,
27789.02,
16465.01,
13057.99,
5918.129,
6962.244,
12655.16,
8020.451,
5330.587,
18322.79,
14759.56,
5952.01,
4550.564,
25842.89,
25988.01,
1985.429,
1412.422,
0,
10226.48,
2033, 
30565.76,
38915.32,
11514.67,
8462.826,
8622.715,
7605.747,
5264.927,
1500.612,
4769.871,
8317.062,
28159.07,
16878.16,
13331.92,
6082.518,
7245.098,
13003.2,
8224.039,
5563.324,
18673.45,
15315.17,
6154.98,
4739.411,
26152.22,
26306.11,
2065.963,
1454.063,
0,
10465.91,
2034, 
30988.06,
39290.41,
11756.86,
8746.934,
8765.532,
7806.12,
5466.681,
1580.682,
4990.49,
8543.588,
28533.07,
17301.55,
13610.85,
6246.446,
7540.391,
13359.63,
8430.401,
5805.592,
19030,
15889.46,
6366.44,
4935.696,
26464.23,
26627.38,
2149.894,
1496.556,
0,
10712.45,
2035, 
31409.58,
39671.31,
12004.14,
8987.926,
8913.349,
7994.578,
5679.717,
1664.293,
5220.795,
8779.137,
28902.57,
17716.46,
13896.7,
6430.702,
7841.109,
13724.06,
8630.621,
6045.293,
19380.07,
16463.26,
6570.639,
5148.427,
26753.83,
26974.98,
2230.145,
1542.978,
0,
10957.63,
2036, 
31841.34,
40010.01,
12244.44,
9238.841,
9057.666,
8180.377,
5886.231,
1752.469,
5472.314,
9005.419,
29303.13,
18098.05,
14176.3,
6598.097,
8097.132,
14021.2,
8813.903,
6276.495,
19692.42,
16971.13,
6775.882,
5352.842,
27014.8,
27330.47,
2314.5,
1598.728,
0,
11186.68,
2037, 
32277.38,
40355.57,
12489.01,
9498.7,
9205.035,
8371.377,
6099.754,
1844.481,
5733.354,
9238.196,
29708.95,
18488.7,
14462.14,
6771.908,
8362.651,
14323.78,
8999.802,
6516.715,
20009.98,
17492.75,
6988.9,
5565.611,
27278.07,
27692.71,
2402.268,
1656.397,
0,
11422.2,
2038, 
32717.44,
40706.71,
12738.01,
9767.683,
9355.472,
8567.626,
6320.357,
1940.402,
6003.283,
9477.571,
30117.45,
18888.22,
14754.67,
6951.469,
8638.585,
14632.56,
9188.174,
6766.121,
20332.89,
18028.33,
7209.718,
5786.882,
27543.53,
28061.1,
2493.533,
1715.956,
0,
11664.05,
2039, 
33161.5,
41063.57,
12991.6,
10046.26,
9509.073,
8769.28,
6548.385,
2040.403,
6280.807,
9723.888,
30531.16,
19297.03,
15054.06,
7136.652,
8925.431,
14947.92,
9379.453,
7025.096,
20661.1,
18578.47,
7438.797,
6017.047,
27811.32,
28435.8,
2588.424,
1777.469,
0,
11912.58,
2040, 
33609.21,
41425.98,
13249.91,
10334.79,
9665.93,
8976.52,
6784.116,
2144.622,
6564.903,
9977.228,
30950.06,
19715.25,
15360.47,
7327.361,
9223.594,
15270.11,
9574.028,
7293.982,
20994.6,
19143.61,
7676.447,
6256.483,
28081.49,
28816.8,
2687.06,
1840.971,
0,
12167.89,
2041, 
34031.4,
41751.57,
13513.52,
10632.91,
9818.769,
9183.27,
7015.037,
2254.805,
6862.085,
10218.65,
31379.54,
20087.46,
15655.57,
7496.053,
9481.254,
15523.94,
9755.814,
7551.04,
21302.52,
19661.38,
7914.052,
6484.211,
28377.1,
29212,
2788.357,
1915.771,
0,
12410.2,
2042, 
34455.07,
42081.6,
13782.12,
10941.88,
9974.844,
9395.739,
7253.446,
2369.59,
7161.022,
10466.54,
31813.68,
20466.82,
15957.26,
7668.839,
9747.808,
15782.09,
9940.618,
7817.155,
21613.75,
20191.51,
8160.413,
6720.405,
28675.79,
29613.7,
2893.549,
1993.332,
0,
12658.38,
2043, 
34880.07,
42415.6,
14055.78,
11262.01,
10134.22,
9614.132,
7499.457,
2489.112,
7466.059,
10721.02,
32252.35,
20853.52,
16265.75,
7845.739,
10023.4,
16044.72,
10128.55,
8092.597,
21928.99,
20735.77,
8415.572,
6965.318,
28977.45,
30021.75,
3002.713,
2073.69,
0,
12913,
2044, 
35307.04,
42753.42,
14334.62,
11593.75,
10297.04,
9838.52,
7753.233,
2613.527,
7784.82,
10982.19,
32696.1,
21247.68,
16581.08,
8026.851,
10308.55,
16312.03,
10319.68,
8377.669,
22248.1,
21292.7,
8680,
7219.322,
29282.25,
30436.08,
3115.957,
2156.964,
0,
13174.43,
2045, 
35736.68,
43094.8,
14618.69,
11937.5,
10463.38,
10069.07,
8014.899,
2743,
8122.223,
11250.16,
33145.36,
21649.41,
16903.26,
8212.274,
10603.53,
16584.18,
10514.17,
8672.664,
22571.07,
21862.48,
8953.949,
7482.757,
29590.18,
30856.56,
3233.37,
2243.233,
0,
13443.11,
2046, 
36120.53,
43387.59,
14912.4,
12289.63,
10625.42,
10300.84,
8270.792,
2877.817,
8484.393,
11504.73,
33595.53,
22020.04,
17213.83,
8377.285,
10853.91,
16803.17,
10697.48,
8955.604,
22866.22,
22358.77,
9225.661,
7733.139,
29899.22,
31253.33,
3352.568,
2340.23,
0,
13695.69,
2047, 
36506.56,
43682.61,
15211.64,
12654.63,
10790.91,
10539.87,
8533.92,
3018.079,
8868.898,
11765.33,
34051.45,
22397.1,
17530.79,
8545.749,
11111.85,
17025.83,
10884.35,
9247.75,
23163.06,
22864.2,
9506.768,
7992.098,
30213.83,
31655.27,
3475.96,
2440.93,
0,
13955.22,
2048, 
36895,
43979.77,
15516.44,
13033.03,
10960.01,
10785.37,
8804.176,
3164.008,
9276.44,
12032.03,
34513.3,
22780.78,
17854.3,
8717.752,
11377.55,
17252.2,
11074.49,
9549.407,
23461.46,
23378.67,
9797.611,
8259.916,
30531.58,
32062.33,
3603.669,
2545.404,
0,
14221.78,
2049, 
37286.32,
44279.61,
15826.88,
13425.51,
11132.83,
11037.51,
9081.392,
3315.862,
9707.723,
12304.65,
34981.34,
23171.26,
18184.54,
8893.403,
11651.22,
17482.36,
11267.05,
9860.861,
23762.28,
23899.94,
10098.47,
8536.76,
30852.68,
32474.14,
3735.846,
2653.744,
0,
14495.28,
2050, 
37680.65,
44583.48,
16143.16,
13832.79,
11309.4,
11296.27,
9365.427,
3473.882,
10163.43,
12582.43,
35455.24,
23568.42,
18521.19,
9072.511,
11932.25,
17716.48,
11462.98,
10182.27,
24062.56,
24435.09,
10408.67,
8821.929,
31176.21,
32888.21,
3872.617,
2765.819,
0,
14776.8,
2051, 
38014.41,
44857.07,
16524.9,
14249.77,
11530.08,
11573.88,
9633.278,
3630.646,
10648.41,
12835.06,
35925.33,
23986.21,
18920.04,
9333.492,
12127.17,
17972.52,
11669.61,
10500.65,
24537.86,
24929.06,
10702.99,
9126.002,
31548.52,
33242.9,
4019.509,
2893.363,
0,
15060.13,
2052, 
38351.08,
45132.35,
16915.57,
14679.29,
11754.95,
11858.1,
9908.544,
3794.159,
11155.53,
13092.73,
36401.63,
24411.25,
19327.21,
9601.381,
12325.12,
18232.16,
11879.8,
10828.73,
25022.27,
25432.55,
11005.44,
9440.121,
31925.28,
33601.2,
4171.804,
3026.538,
0,
15350.99,
2053, 
38690.7,
45409.32,
17315.39,
15121.72,
11984.11,
12149.08,
10191.43,
3964.704,
11685.75,
13355.55,
36884.23,
24843.65,
19742.9,
9876.351,
12526.15,
18495.46,
12093.61,
11166.79,
25515.93,
25945.73,
11316.25,
9764.609,
32306.56,
33963.12,
4329.699,
3165.583,
0,
15649.64,
2054, 
39033.31,
45688.01,
17724.57,
15577.46,
12217.62,
12446.98,
10482.13,
4142.572,
12240.1,
13623.62,
37373.22,
25283.56,
20167.27,
10158.58,
12730.3,
18762.46,
12311.09,
11515.13,
26019.02,
26468.79,
11635.63,
10099.8,
32692.4,
34328.7,
4493.396,
3310.751,
0,
15956.34,
2055, 
39378.91,
45968.42,
18143.31,
16046.9,
12455.58,
12751.96,
10780.88,
4328.074,
12819.66,
13897.05,
37868.67,
25731.09,
20600.5,
10448.24,
12937.63,
19033.22,
12532.32,
11874.06,
26531.74,
27001.91,
11963.82,
10446.04,
33082.85,
34698,
4663.105,
3462.305,
0,
16271.38,
2056, 
39751.78,
46252.26,
18566.5,
16525.28,
12697.94,
13057.59,
11081.18,
4520.049,
13419.2,
14170.74,
38393.93,
26200.59,
21032.63,
10750.99,
13155.92,
19358.37,
12767.04,
12229.11,
27001.03,
27520.2,
12290.47,
10784.35,
33497.43,
35105.36,
4837.589,
3622.64,
0,
16592.71,
2057, 
40128.14,
46537.86,
18999.46,
17017.9,
12944.91,
13370.33,
11389.6,
4720.186,
14045.67,
14449.8,
38926.47,
26678.48,
21473.58,
11061.85,
13377.73,
19688.95,
13005.98,
12594.51,
27478.33,
28047.96,
12625.84,
11133.17,
33917.2,
35517.23,
5018.423,
3790.104,
0,
16922.62,
2058, 
40508.02,
46825.23,
19442.42,
17525.17,
13196.56,
13690.34,
11706.35,
4928.823,
14700.26,
14734.33,
39466.37,
27164.91,
21923.51,
11381.04,
13603.1,
20025.04,
13249.2,
12970.58,
27963.76,
28585.37,
12970.17,
11492.82,
34342.25,
35933.67,
5205.834,
3965.005,
0,
17261.4,
2059, 
40891.46,
47114.39,
19895.61,
18047.53,
13453,
14017.78,
12031.66,
5146.314,
15384.19,
15024.43,
40013.73,
27660.03,
22382.6,
11708.77,
13832.1,
20366.74,
13496.79,
13357.63,
28457.46,
29132.58,
13323.69,
11863.63,
34772.63,
36354.72,
5400.06,
4147.664,
0,
17609.38,
2060, 
41278.5,
47405.34,
20359.25,
18585.43,
13714.3,
14352.82,
12365.75,
5373.028,
16098.75,
15320.23,
40568.67,
28164,
22851.05,
12045.26,
14064.78,
20714.13,
13748.82,
13755.96,
28959.56,
29689.78,
13686.64,
12245.92,
35208.41,
36780.43,
5601.342,
4338.416,
0,
17966.86,
2061, 
41725.02,
47712.37,
20828.66,
19129.08,
13973.94,
14687.69,
12699.36,
5603.888,
16833.09,
15612.85,
41144.25,
28699.21,
23317.51,
12390.88,
14314.06,
21074.35,
14014.45,
14148.94,
29445.53,
30229.68,
14049.5,
12619.29,
35661.14,
37243.85,
5807.1,
4537.071,
0,
18328.63,
2062, 
42176.31,
48021.39,
21308.78,
19688.59,
14238.37,
15030.13,
13041.7,
5844.252,
17599.56,
15911.04,
41727.99,
29244.4,
23793.21,
12745.71,
14567.55,
21440.7,
14285,
14552.87,
29939.34,
30778.89,
14421.76,
13003.54,
36119.7,
37712.79,
6020.2,
4744.452,
0,
18700.09,
2063, 
42632.44,
48332.43,
21799.84,
20264.42,
14507.67,
15380.31,
13392.99,
6094.504,
18399.55,
16214.89,
42319.98,
29799.74,
24278.35,
13109.96,
14825.32,
21813.27,
14560.59,
14968.04,
30441.12,
31337.57,
14803.67,
13399,
36584.16,
38187.32,
6240.901,
4960.932,
0,
19081.58,
2064, 
43093.45,
48645.49,
22302.12,
20857.05,
14781.94,
15738.4,
13753.47,
6355.043,
19234.48,
16524.51,
42920.36,
30365.43,
24773.09,
13483.89,
15087.44,
22192.16,
14841.29,
15394.77,
30950.99,
31905.87,
15195.46,
13805.96,
37054.6,
38667.52,
6469.471,
5186.9,
0,
19473.46,
2065, 
43559.4,
48960.59,
22815.83,
21466.97,
15061.26,
16104.57,
14123.36,
6626.286,
20105.86,
16840.02,
43529.22,
30941.64,
25277.63,
13867.73,
15353.99,
22577.49,
15127.19,
15833.38,
31469.07,
32483.96,
15597.4,
14224.77,
37531.09,
39153.44,
6706.188,
5422.763,
0,
19876.08,
2066, 
44064.84,
49260.38,
23323.86,
22080.09,
15343.14,
16468.17,
14482.52,
6898.431,
20988.07,
17150.16,
44132.99,
31524.23,
25778.74,
14241.32,
15618.57,
22950.14,
15418.31,
16258.84,
32006.31,
33042.21,
15994.03,
14629.87,
38022.43,
39657.25,
6945.932,
5664.127,
0,
20275.89,
2067, 
44576.09,
49562.02,
23843.07,
22710.68,
15630.16,
16839.73,
14850.56,
7181.347,
21907.61,
17465.99,
44745.11,
32117.58,
26289.51,
14624.25,
15887.5,
23328.81,
15714.83,
16695.47,
32552.37,
33609.55,
16400.53,
15046.01,
38520.2,
40167.22,
7194.027,
5915.835,
0,
20686.38,
2068, 
45093.2,
49865.51,
24373.73,
23359.24,
15922.42,
17219.42,
15227.69,
7475.452,
22866.04,
17787.61,
45365.7,
32721.89,
26810.12,
15016.73,
16160.87,
23713.58,
16016.84,
17143.57,
33107.42,
34186.12,
16817.15,
15473.46,
39024.5,
40683.42,
7450.764,
6178.321,
0,
21107.92,
2069, 
45616.26,
50170.88,
24916.08,
24026.28,
16220.01,
17607.43,
15614.14,
7781.183,
23864.97,
18115.12,
45994.88,
33337.36,
27340.76,
15418.99,
16438.73,
24104.56,
16324.44,
17603.44,
33671.59,
34772.05,
17244.13,
15912.55,
39535.4,
41205.93,
7716.435,
6452.036,
0,
21540.88,
2070, 
46145.32,
50478.13,
25470.38,
24712.34,
16523.03,
18003.92,
16010.14,
8098.991,
24906.08,
18448.64,
46632.76,
33964.19,
27881.61,
15831.25,
16721.19,
24501.84,
16637.73,
18075.37,
34245.04,
35367.51,
17681.72,
16363.56,
40053.01,
41734.82,
7991.352,
6737.45,
0,
21985.67,
2071, 
46682.56,
50775.67,
26024.82,
25400.46,
16838.41,
18396.85,
16392.89,
8415.987,
25953.05,
18779.47,
47250.98,
34568.42,
28414.26,
16220.64,
16988.84,
24865.11,
16954.97,
18533.96,
34799.88,
35933.2,
18115.15,
16807.07,
40570.66,
42255.05,
8266.33,
7027.364,
0,
22424.52,
2072, 
47226,
51074.97,
26591.2,
26107.69,
17159.66,
18798.09,
16784.53,
8744.944,
27042.48,
19116.21,
47877.39,
35183.19,
28956.79,
16618.83,
17260.58,
25233.62,
17278.04,
19003.9,
35363.35,
36507.42,
18558.96,
17262.04,
41095.02,
42781.43,
8550.528,
7329.287,
0,
22875.01,
2073, 
47775.7,
51376.05,
27169.78,
26834.56,
17486.89,
19207.81,
17185.27,
9086.308,
28176.04,
19458.96,
48512.07,
35808.69,
29509.38,
17026.03,
17536.47,
25607.46,
17607.03,
19485.49,
35935.61,
37090.27,
19013.42,
17728.78,
41626.15,
43314.04,
8844.253,
7643.706,
0,
23337.51,
2074, 
48331.74,
51678.92,
27760.8,
27581.63,
17820.2,
19626.2,
17595.31,
9440.538,
29355.52,
19807.82,
49155.14,
36445.09,
30072.23,
17442.42,
17816.58,
25986.7,
17942.06,
19979.01,
36516.77,
37681.91,
19478.76,
18207.56,
42164.16,
43852.95,
9147.819,
7971.125,
0,
23812.46,
2075, 
48894.18,
51983.58,
28364.54,
28349.43,
18159.71,
20053.42,
18014.86,
9808.114,
30582.74,
20162.91,
49806.72,
37092.59,
30645.51,
17868.21,
18100.96,
26371.41,
18283.23,
20484.75,
37106.98,
38282.43,
19955.26,
18698.71,
42709.12,
44398.24,
9461.554,
8312.073,
0,
24300.26,
2076, 
49468.57,
52309.75,
28968.36,
29118.19,
18499.89,
20480.07,
18419.69,
10170.57,
31803.92,
20513.03,
50451.07,
37717.1,
31210.56,
18278.61,
18381.12,
26732.37,
18632.16,
20977.63,
37702.28,
38881.4,
20425.04,
19184.2,
43253.56,
44942.62,
9771.703,
8654.717,
0,
24786,
2077, 
50049.64,
52637.97,
29584.9,
29907.75,
18846.3,
20915.52,
18833.36,
10546.01,
33072.38,
20869.21,
51103.73,
38351.92,
31785.75,
18697.66,
18665.43,
27098.13,
18987.52,
21482.11,
38306.76,
39489.2,
20905.65,
19681.73,
43804.96,
45493.34,
10091.79,
9011.005,
0,
25284.4,
2078, 
50637.47,
52968.27,
30214.41,
30718.67,
19199.04,
21359.95,
19256.09,
10934.89,
34389.91,
21231.55,
51764.82,
38997.22,
32371.25,
19125.53,
18953.96,
27468.77,
19349.41,
21998.47,
38920.57,
40105.96,
21397.34,
20191.58,
44363.39,
46050.5,
10422.13,
9381.472,
0,
25795.88,
2079, 
51232.14,
53300.65,
30857.18,
31551.53,
19558.22,
21813.55,
19688.06,
11337.69,
35758.39,
21600.14,
52434.44,
39653.18,
32967.24,
19562.41,
19246.76,
27844.35,
19717.95,
22526.99,
39543.86,
40731.81,
21900.37,
20714.05,
44928.95,
46614.17,
10763.04,
9766.67,
0,
26320.87,
2080, 
51833.73,
53635.13,
31513.48,
32406.93,
19923.96,
22276.51,
20129.46,
11754.89,
37179.76,
21975.11,
53112.71,
40319.97,
33573.91,
20008.47,
19543.9,
28224.92,
20093.26,
23067.95,
40176.74,
41366.86,
22414.97,
21249.44,
45501.72,
47184.41,
11114.87,
10167.17,
0,
26859.82,
2081, 
52439.06,
53967.93,
32169.62,
33263,
20290.44,
22737.81,
20558.91,
12165.73,
38593.43,
22339.06,
53785.8,
40965.42,
34175.21,
20446.83,
19839.99,
28601.67,
20474.79,
23597.85,
40799.91,
41981.98,
22919.92,
21779.39,
46103.14,
47750.75,
11462.02,
10568.2,
0,
27394.14,
2082, 
53051.4,
54302.81,
32839.26,
34141.64,
20663.5,
23208.39,
20997.28,
12590.5,
40059.25,
22709.02,
54467.39,
41621.01,
34787,
20894,
20140.39,
28983.32,
20863.32,
24139.68,
41432.37,
42605.7,
23436,
22321.95,
46712.5,
48323.58,
11819.77,
10984.52,
0,
27942.15,
2083, 
53670.82,
54639.78,
33522.7,
35043.43,
21043.25,
23688.41,
21444.75,
13029.66,
41579.14,
23085.07,
55157.61,
42286.89,
35409.44,
21350.13,
20445.15,
29369.92,
21258.96,
24693.68,
42074.25,
43238.13,
23963.47,
22877.4,
47329.93,
48902.95,
12188.45,
11416.69,
0,
28504.29,
2084, 
54297.41,
54978.86,
34220.2,
35968.99,
21429.81,
24178.07,
21901.5,
13483.71,
43155.06,
23467.32,
55856.56,
42963.22,
36042.72,
21815.4,
20754.33,
29761.55,
21661.85,
25260.14,
42725.69,
43879.4,
24502.56,
23446.04,
47955.51,
49488.96,
12568.38,
11865.32,
0,
29081.02,
2085, 
54931.25,
55320.04,
34932.07,
36918.95,
21823.3,
24677.57,
22367.74,
13953.14,
44789.04,
23855.87,
56564.34,
43650.17,
36687.02,
22290,
21068.01,
30158.28,
22072.11,
25839.34,
43386.82,
44529.61,
25053.54,
24028.17,
48589.38,
50081.65,
12959.91,
12331.01,
0,
29672.8,
2086, 
55579.93,
55661.09,
35646.84,
37862.81,
22218.82,
25172.79,
22822.43,
14413.02,
46404.98,
24235.73,
57278.59,
44323.87,
37322.19,
22760.96,
21381.9,
30562.09,
22490.13,
26406.84,
44027.32,
45164.66,
25595.45,
24603.61,
49246.6,
50688.32,
13348.1,
12796.13,
0,
30260.56,
2087, 
56236.21,
56004.26,
36376.09,
38830.76,
22621.34,
25677.65,
23286.13,
14887.67,
48077.73,
24621.63,
58001.84,
45007.78,
37968.07,
23241.05,
21700.29,
30971.17,
22915.79,
26986.56,
44676.88,
45808.21,
26148.86,
25192.18,
49912.71,
51302.01,
13747.69,
13278.27,
0,
30863.09,
2088, 
56900.18,
56349.54,
37120.09,
39823.41,
23030.98,
26192.35,
23759.02,
15377.57,
49809.25,
25013.63,
58734.21,
45702.04,
38624.82,
23730.44,
22023.24,
31385.58,
23349.25,
27578.77,
45335.62,
46460.37,
26713.98,
25794.18,
50587.84,
51922.8,
14159,
13778.01,
0,
31480.83,
2089, 
57571.91,
56696.98,
37879.15,
40841.39,
23447.87,
26717.07,
24241.28,
15883.19,
51601.62,
25411.86,
59475.81,
46406.8,
39292.63,
24229.28,
22350.82,
31805.41,
23790.63,
28183.72,
46003.68,
47121.24,
27291.08,
26409.91,
51272.11,
52550.79,
14582.39,
14296.01,
0,
32114.26,
2090, 
58251.52,
57046.55,
38653.57,
41885.34,
23872.13,
27252,
24733.09,
16405.03,
53456.92,
25816.39,
60226.75,
47122.24,
39971.69,
24737.77,
22683.1,
32230.71,
24240.07,
28801.7,
46681.18,
47790.95,
27880.39,
27039.68,
51965.63,
53186.04,
15018.2,
14832.91,
0,
32763.86,
2091, 
58970.65,
57398.72,
39425.84,
42918.63,
24301.3,
27780.88,
25215.04,
16913.28,
55284.84,
26213.12,
60989.44,
47838.94,
40639.58,
25241.97,
23013.49,
32661.28,
24693.4,
29409.95,
47334.05,
48441.54,
28459.92,
27663.04,
52675.64,
53851.74,
15450.69,
15367.49,
0,
33408.42,
2092, 
59698.59,
57753.08,
40213.37,
43977.36,
24738.02,
28319.72,
25706.15,
17436.88,
57173.74,
26615.91,
61761.77,
48566.34,
41318.33,
25755.6,
23348.52,
33097.45,
25154.92,
30030.79,
47995.66,
49100.43,
29051.24,
28300.09,
53395.34,
54525.42,
15895.4,
15920.74,
0,
34068.76,
2093, 
60435.44,
58109.63,
41016.46,
45062.16,
25182.41,
28868.71,
26206.59,
17976.31,
59125.63,
27024.87,
62543.84,
49304.6,
42008.11,
26278.8,
23688.25,
33539.32,
25624.77,
30664.49,
48666.09,
49767.71,
29654.61,
28951.12,
54124.88,
55207.18,
16352.66,
16493.32,
0,
34745.36,
2094, 
61181.32,
58468.41,
41835.42,
46173.68,
25634.6,
29428.05,
26716.54,
18532.04,
61142.59,
27440.09,
63335.82,
50053.87,
42709.11,
26811.77,
24032.75,
33986.93,
26103.12,
31311.32,
49345.49,
50443.48,
30270.25,
29616.42,
54864.39,
55897.12,
16822.83,
17085.88,
0,
35438.69,
2095, 
61936.31,
58829.41,
42670.56,
47312.56,
26094.73,
29997.91,
27236.17,
19104.55,
63226.78,
27861.66,
64137.79,
50814.34,
43421.5,
27354.67,
24382.09,
34440.38,
26590.1,
31971.53,
50033.95,
51127.86,
30898.43,
30296.31,
55614,
56595.32,
17306.28,
17699.12,
0,
36149.26,
2096, 
62736.69,
59195,
43497.18,
48434.23,
26559.14,
30559.84,
27740.37,
19657.61,
65266.32,
28274.53,
64954.83,
51585.22,
44118.9,
27886.64,
24721.3,
34883.37,
27077.38,
32608.96,
50723.77,
51795.1,
31515.76,
30968.01,
56374.97,
57320.38,
17783.18,
18306.84,
0,
36848.81,
2097, 
63547.33,
59562.88,
44339.64,
49582.47,
27031.63,
31131.99,
28253.69,
20226.34,
67370.27,
28693.49,
65782.25,
52367.61,
44827.22,
28428.08,
25065.07,
35331.92,
27573.28,
33258.87,
51422.68,
52470.48,
32145.19,
31653.89,
57146.35,
58054.37,
18272.99,
18934.84,
0,
37564.94,
2098, 
64368.35,
59933.06,
45198.25,
50757.88,
27512.34,
31714.56,
28776.28,
20811.2,
69540.63,
29118.64,
66620.19,
53161.64,
45546.61,
28979.15,
25413.46,
35786.09,
28077.97,
33921.5,
52130.8,
53154.07,
32786.94,
32354.25,
57928.29,
58797.38,
18776.06,
19583.78,
0,
38298.13,
2099, 
65199.89,
60305.56,
46073.32,
51961.13,
28001.41,
32307.71,
29308.31,
21412.62,
71779.48,
29550.07,
67468.79,
53967.51,
46277.23,
29540.02,
25766.55,
36245.96,
28591.6,
34597.11,
52848.24,
53846.01,
33441.25,
33069.38,
58720.94,
59549.54,
19292.76,
20254.35,
0,
39048.87,
2100, 
66042.09,
60680.38,
46965.14,
53192.86,
28498.99,
32911.64,
29849.96,
22031.08,
74088.99,
29987.86,
68328.16,
54785.37,
47019.28,
30110.84,
26124.38,
36711.59,
29114.31,
35285.93,
53575.12,
54546.35,
34108.37,
33799.57,
59524.43,
60310.98,
19823.44,
20947.26,
0,
39817.65];
