real main.em.dem.agr.frt.Pprod2[27](t) = [1971, 
550114.1,
4036719,
212472.5,
12696.24,
319559.9,
52467.7,
501895.8,
19234.84,
0,
301224.6,
5599707,
1946482,
65061.39,
1088583,
606120.5,
1910239,
159314.5,
363092,
206405,
1406370,
88510.22,
0,
568590.1,
1085292,
3893.177,
85782.05,
2.118983e+07,
1972, 
648058.4,
4659998,
241188.5,
13207.01,
453923.2,
66697.68,
581177.8,
22288.35,
0,
365538,
5923586,
2070639,
83715.19,
1196178,
675843.3,
2106890,
177581.9,
359963.1,
218737.5,
1611371,
97602.53,
0,
616499.8,
1445605,
4601.752,
74035.09,
2.371493e+07,
1973, 
750560.5,
5108400,
269130.9,
15332.33,
382759.8,
68415.44,
586358.8,
21283.4,
0,
334634.2,
6269514,
2202055,
97544.21,
1303265,
728808.1,
2295711,
224851.6,
357613,
239892.8,
1860076,
107146.5,
0,
690585.4,
1476368,
4302.74,
83366.15,
2.547797e+07,
1974, 
734340.6,
4723858,
256640.7,
17245.88,
486233.3,
75982.76,
602335,
27660.53,
3.490046,
328935.1,
5462942,
2268949,
78353.55,
1459465,
793297,
2554826,
230128.2,
284958.7,
288132.2,
1611766,
114575.4,
12694.76,
621044.7,
944892.3,
7023.302,
76212.08,
2.406249e+07,
1975, 
729393.5,
5462645,
323428.6,
14642.61,
579316.3,
60334.2,
653585.9,
34684.2,
7.677585,
358372.2,
5315458,
2362909,
152980.5,
1767409,
933805.9,
3076876,
253538.5,
332861.7,
314793.8,
1680450,
111360.9,
23682.4,
568212.3,
1003068,
15654.85,
74855.3,
2.620433e+07,
1976, 
724755.5,
5967862,
278379.8,
15534.71,
814818.8,
75611.02,
728002.6,
41873.43,
10.13346,
374895,
5689489,
2482635,
277831.1,
1766693,
940361.9,
3085025,
235324.9,
432627.7,
271954,
1224648,
100024.1,
32084.64,
633333,
1210555,
23542.56,
78991.16,
2.750686e+07,
1977, 
846220.9,
5688811,
280138.7,
13946.82,
1038160,
75428.98,
797672.8,
32576.65,
12.61934,
356009.7,
5739775,
2594807,
351962.8,
1856404,
983450.1,
3238183,
247779.7,
525808.4,
363795.4,
1636859,
111220.5,
41160.99,
665701.8,
1434802,
39552.37,
76197.62,
2.903644e+07,
1978, 
820725.4,
6350938,
285246.3,
13765.15,
1092604,
80923.95,
806557.6,
28385,
13.07468,
407366.5,
6239752,
2692727,
479638.2,
1967257,
1028616,
3422977,
213172.7,
737921.8,
383113,
1178242,
131196.1,
64688.06,
684548.6,
1227755,
54052.59,
72977.2,
3.046516e+07,
1979, 
738174.8,
6337509,
258895.9,
12590.6,
1290240,
103424.9,
882251.4,
27793.44,
17.03583,
446940.6,
6286529,
2711507,
452123.2,
1974557,
1026319,
3447335,
324859.9,
708024.3,
430936.7,
1916392,
108718.4,
86694.88,
727208.1,
1246241,
70072.66,
61952.91,
3.167731e+07,
1980, 
746481.1,
6531338,
258902.6,
12844.18,
1644369,
99033.68,
967756.6,
29967.96,
30.99565,
468026.2,
5725247,
2532442,
386864.6,
1834920,
951533.3,
3198409,
364120.9,
798821.9,
442416.7,
2473984,
95015.45,
183317.7,
598146,
1082512,
84053.67,
83933.5,
3.159449e+07,
1981, 
700739.9,
6124725,
335594.6,
12751.36,
1154608,
81076.85,
983491.9,
27216.38,
49.54093,
561507.7,
5350928,
2769002,
421865.6,
1900482,
963859.9,
3297293,
334862,
885251.9,
474146,
2634707,
89210.64,
245517.3,
604549.4,
1024616,
95729.38,
76582.7,
3.115036e+07,
1982, 
673405.9,
5634106,
347902.7,
10902.65,
1127486,
84020.57,
1018644,
24802.43,
41.74059,
517040.6,
5296882,
2694477,
503619.6,
1944837,
970946.3,
3366166,
440736.4,
887735.1,
454014.3,
2685343,
81541.53,
368903.9,
613313.8,
901531.9,
119275,
65110.73,
3.083278e+07,
1983, 
687789,
6686155,
266396.6,
11251.16,
999533.7,
83299.41,
1126378,
22017.34,
56.88784,
403234.9,
5339905,
2884477,
617122.2,
2024071,
998140.9,
3504423,
500436.6,
1044945,
525773.8,
3042267,
87041.23,
369548.9,
644594.6,
857707.4,
139258.9,
64542.17,
3.293037e+07,
1984, 
687634.6,
6703804,
316012.9,
11573.9,
1496729,
100899.4,
1307214,
31287.57,
45.26182,
431743.3,
5055673,
2968465,
519773.9,
2028469,
1023534,
3641663,
573048.2,
1366293,
544056.4,
3063796,
91749.32,
422513,
624461.3,
820212.3,
148366.1,
55711.01,
3.403472e+07,
1985, 
605295.1,
6352325,
350081.8,
10925.63,
1219753,
111625.1,
1431003,
33385.68,
39.49941,
381578.6,
4811129,
2773784,
434436.4,
2242935,
1149176,
4162285,
617470.7,
1532588,
535220.3,
2262973,
103205.5,
465321,
569621.5,
713890.8,
153878.7,
64099.81,
3.308803e+07,
1986, 
570923.2,
6378930,
363034.4,
11443.69,
1510566,
126739.3,
1567618,
37215.68,
42.21505,
356319.1,
4703409,
2864817,
461126.7,
2375381,
1252073,
4590353,
631558.9,
1635527,
555912.8,
2283721,
116404.5,
525748.3,
562934,
673894.8,
171663.8,
58303.78,
3.438566e+07,
1987, 
544692.1,
6842110,
392435.6,
11774.25,
1447328,
136437.3,
1752265,
40872.27,
40.16344,
302724.7,
4541528,
2685783,
504914.3,
2363090,
1283850,
4757386,
706750.6,
1293518,
584029.4,
3393864,
119892.2,
535788.9,
548294.2,
734334.8,
165694.4,
63833.19,
3.575323e+07,
1988, 
511361.8,
7219438,
359656.9,
11257.25,
1311266,
129657.9,
1907741,
55165.45,
38.34657,
343034.8,
4334490,
2730229,
410946.6,
2299875,
1281645,
4817301,
797887.8,
1859062,
599761.9,
3909426,
153669.6,
595502.2,
496590.3,
654337.3,
168916.6,
61859.65,
3.702012e+07,
1989, 
491327.1,
7597817,
330497.1,
10371.2,
1101174,
106826.3,
1957733,
59461.96,
32.24147,
318943.6,
4129549,
2692146,
487935.3,
2122024,
1220307,
4660160,
851215.3,
2138289,
631132.1,
4000027,
157969.8,
581872.6,
475214,
640564.1,
170581.2,
57841.19,
3.699101e+07,
1990, 
450929.2,
7562129,
356241.8,
9502.354,
992335,
91315.24,
2052143,
68184.96,
24.98507,
308901.9,
3578041,
1810762,
493032,
1712583,
1292095,
4807959,
935920.2,
2213919,
605257.6,
4448922,
210899.8,
577431.4,
428862.9,
431406.5,
168909,
53542.94,
3.566125e+07,
1991, 
446379,
7861217,
370134.5,
8320.208,
1022763,
84864.13,
2157731,
75971.45,
15.09365,
299149.3,
3201115,
932570.3,
472435.3,
1394409,
1048484,
4092324,
838842.3,
2337348,
606101.3,
5549251,
212490,
578093.2,
410778.2,
463170.3,
164081.7,
54551.93,
3.468259e+07,
1992, 
448151,
7999608,
297561.3,
6190.735,
1051815,
78554.73,
2125589,
85366.05,
7.868356,
283730.8,
2783584,
856042.8,
486433.9,
670241.6,
739530.9,
2105258,
929224.3,
1985498,
563310.1,
5284309,
245013.2,
596785.3,
390656.3,
519817,
179421.5,
50299.01,
3.0762e+07,
1993, 
440294,
8045592,
322701.5,
6365.653,
1223908,
81530.3,
2167092,
105554.4,
0,
341198.7,
2615250,
790258.9,
562041.2,
380180.7,
577940.5,
1465293,
811259.9,
1842800,
558410.6,
4240969,
297921.8,
546458.8,
384038.8,
475042.1,
155477.7,
48633.93,
2.848621e+07,
1994, 
425681.5,
8034370,
354683.6,
5264.265,
1368852,
76554.35,
2237645,
58990.71,
0,
293598,
2629055,
790257.7,
318221.2,
152291.6,
254473.7,
1011146,
871549.6,
2081720,
479101.9,
5699275,
331333.8,
515996.3,
359258.9,
530467.2,
145790.8,
40881.56,
2.906646e+07,
1995, 
425454.5,
8236976,
161757.3,
6020.289,
1069558,
75794.48,
2330711,
61536.96,
0,
293330.3,
2460030,
923571.8,
416414.7,
143181,
237046,
1286575,
823381.8,
2105432,
485154.4,
7044262,
444352.5,
377877.5,
311353.2,
586764.2,
160231.9,
48398.47,
3.051516e+07,
1996, 
435245.5,
8210365,
248793.9,
5232.758,
1126839,
97132.58,
2363337,
46338.82,
0,
307952.3,
2546279,
970832.6,
417058.7,
151551.8,
296536.4,
1494333,
907320.8,
2213502,
463348.3,
6520766,
490230.6,
320149.4,
290273.3,
635710.7,
134605.9,
53911.38,
3.074765e+07,
1997, 
423779.6,
8324161,
189414,
5115.836,
1270228,
92969.03,
2508870,
48959.89,
0,
285152.1,
2367115,
955131.4,
429295.3,
127255.5,
222786.4,
1677521,
918258.6,
2973470,
480185.9,
7572034,
523647.2,
266139.4,
271739.7,
670039.4,
163072.1,
64070.53,
3.283041e+07,
1998, 
375628.1,
7795288,
195452.3,
3976.867,
1228900,
87787.12,
2475431,
50879.09,
0,
277494.9,
2269107,
939870.9,
509156,
105178.9,
210662.8,
1793796,
962269.5,
3191477,
436010.1,
7843675,
550402.7,
336189,
247815.1,
713692.7,
153661.8,
65077.87,
3.281888e+07,
1999, 
357952.4,
7681807,
180539.9,
3063.619,
1130478,
80723.64,
2499550,
48532.92,
0,
292270.7,
2164057,
915257.7,
465669.7,
52782.16,
200230.9,
1906505,
1024341,
3799485,
449414.7,
7505423,
592692.7,
295414.2,
241292.1,
778517.4,
193120.8,
70808.39,
3.292993e+07,
2000, 
316752,
7326098,
162919.1,
2465.815,
1189253,
75747.68,
2406677,
39200.32,
0,
255621.4,
1861065,
925548.6,
497054.4,
75073.89,
175588.9,
2092541,
1114987,
3436916,
403215.5,
7206836,
593537.6,
236642.9,
237557.3,
808152.5,
215761,
80813.59,
3.173602e+07,
2001, 
300100.1,
7514820,
173492.6,
1789.719,
1279469,
75849.32,
2432931,
36218.13,
0,
278716.5,
1762580,
1045776,
345311.8,
59972.64,
190484.5,
2326692,
1020178,
3611489,
347373.1,
7661961,
622267.2,
244438.9,
199674.5,
899349.9,
207134.3,
64500.75,
3.270257e+07,
2002, 
294940.8,
6817728,
125330.3,
476.1627,
1354927,
51998.84,
2356042,
33523.48,
0,
338847.6,
1692468,
1062456,
349162.1,
54324.12,
213658.7,
2433561,
1048270,
3378759,
384156.7,
8553289,
595182.4,
309557.1,
173797,
819208.3,
208932.9,
126580.6,
3.277718e+07,
2003, 
291982.5,
7250965,
76211.3,
0,
1665306,
63740.61,
2569521,
42543.62,
0,
278928.3,
1681127,
1117983,
405052.3,
38092.96,
170974.8,
2779933,
1124649,
3525317,
288386.7,
8974540,
714721.7,
283660.9,
197592.1,
845294.8,
201569.2,
112359.7,
3.470045e+07,
2004, 
253555.1,
7306143,
125943.5,
0,
1742590,
82525.81,
2693476,
38550.38,
181.1878,
308746.6,
1603624,
1155141,
437572.3,
54596.33,
192981,
2888092,
1240991,
3877279,
292605.7,
9921719,
783650.3,
339876.5,
194424.2,
845931.2,
248984.3,
82804.37,
3.671198e+07,
2005, 
265264.5,
6835847,
206688.8,
0,
1247912,
91712.98,
2564390,
27816.39,
265.2953,
232192.3,
1391457,
1169321,
447749.8,
73955.69,
130809.6,
2667546,
1345677,
4294394,
294712.8,
1.018212e+07,
640659.6,
351351.8,
186213.7,
801736,
310856.6,
72952.87,
3.58336e+07,
2006, 
195684.1,
6740809,
224867.4,
0,
1420366,
108307,
2563974,
27925.81,
392.2317,
274251.4,
1360445,
1105215,
453752,
124195.3,
124267.2,
2695907,
1592947,
4447944,
222153.2,
1.070805e+07,
658144.4,
385656.4,
176186.7,
737946.8,
362313.3,
73036.7,
3.678473e+07,
2007, 
281425.5,
6624531,
205421.9,
0,
1818511,
144643.8,
2591257,
15967.8,
711.3516,
257782.3,
1393648,
1202514,
386146.1,
166548,
120999.7,
2706534,
1525772,
4341840,
231708.8,
1.082141e+07,
717787.4,
387242.3,
168416,
746212.7,
231807.2,
42929.01,
3.713176e+07,
2008, 
226557.5,
5248630,
159998,
0,
1452601,
134419.8,
2302255,
9454.893,
889.8477,
231665.9,
742492.6,
980636.8,
245900.7,
186582.9,
116242.6,
2294242,
1322218,
4928938,
161180.5,
1.02553e+07,
678064.6,
306782,
124795.8,
608624.9,
236401.8,
36512.28,
3.299139e+07,
2009, 
231997.3,
6027872,
261598.2,
0,
1843149,
133070.1,
2435992,
6660.857,
1104.766,
243598.2,
937895.6,
949259.7,
468762.4,
207337.1,
91526.14,
2467939,
1277749,
5466343,
140794,
1.140335e+07,
671981.9,
302732.4,
127806.6,
512774.7,
380302.9,
24788.7,
3.661638e+07,
2010, 
265022.6,
6287956,
317417.3,
0,
1915484,
169866.3,
2718117,
7287.903,
1503.465,
216390.3,
987227.1,
985184.2,
410362.1,
238343.6,
96845.09,
2524796,
1213391,
5881376,
132986.6,
1.354131e+07,
660418.9,
334224.2,
130642.1,
615761.1,
397839.2,
24481.14,
4.007424e+07,
2011, 
300058.9,
6588663,
343972.4,
0,
2198562,
194768.7,
2820615,
5619.315,
1791.832,
229363.7,
982154.4,
933125.5,
368262.6,
243595.3,
81341.09,
2550129,
1263005,
5710428,
117715.5,
1.421825e+07,
524985.6,
422598.8,
134550.5,
665873.7,
447695.7,
19409.21,
4.136653e+07,
2012, 
313613.6,
6910433,
461943.8,
0,
2014869,
184965.4,
2716177,
4221.331,
2153.106,
226362.3,
1018652,
965941.6,
400548.3,
231741.6,
73158.05,
2372317,
1507503,
4678114,
125263.7,
1.477275e+07,
622524.8,
475903.7,
103282.5,
625595.9,
502132,
9079.256,
4.131924e+07,
2013, 
322608.7,
6842489,
485082.3,
0,
2180930,
201882.3,
2844939,
0,
2535.364,
221636,
1045183,
939480.1,
469106.2,
239982.5,
63140.5,
2364814,
1588158,
3880931,
87637.34,
1.437702e+07,
730650.2,
568831.1,
99768.13,
584029.6,
575947.1,
0,
4.071678e+07,
2014, 
383549.7,
6874888,
506459.3,
0,
2275218,
200671.4,
2940455,
0,
3464.786,
232850.5,
1095848,
893936.8,
442154,
227055.9,
68315.08,
2446717,
1660591,
3944448,
87701.38,
1.462784e+07,
696815.3,
582263.5,
109208.1,
663058.4,
591799.2,
0,
4.155531e+07,
2015, 
376287.7,
6650012,
555326.9,
0,
2067806,
182063.6,
2865768,
0,
2564.843,
225042.7,
1081027,
936550.7,
441544.9,
212958.8,
68373.36,
2399453,
1540434,
4097041,
85768.16,
1.444555e+07,
710174.5,
569981.6,
100687,
677051,
610062.7,
0,
4.090153e+07,
2016, 
370955.1,
6779581,
556921.6,
0,
2163039,
201062.5,
2962759,
0,
3041.494,
231739.6,
1034272,
954200.3,
441159.4,
219074.3,
71871.34,
2510675,
1600009,
4249839,
86071.41,
1.473875e+07,
730268.3,
627194.6,
103946.1,
674165.4,
660138.2,
0,
4.197074e+07,
2017, 
381463.3,
6790847,
551930.9,
0,
2270787,
209825.7,
3041822,
0,
3444.859,
229408.2,
988553.4,
957392.4,
447469.8,
226024.9,
74218.97,
2604637,
1667964,
4349655,
86942.26,
1.499147e+07,
745424.1,
653539.1,
107139.9,
648026.7,
685735.1,
0,
4.271372e+07,
2018, 
391184.6,
6839554,
549593.4,
0,
2372260,
215676.8,
3096804,
0,
3897.691,
237335.4,
941452.6,
974698.6,
450350.9,
230243.3,
76928.21,
2693787,
1725539,
4494631,
87601.14,
1.510071e+07,
752085.6,
681939.7,
106982.4,
616615.8,
708225.4,
0,
4.33481e+07,
2019, 
394070,
6661224,
542264.5,
0,
2505839,
222768.2,
3183602,
0,
4355.524,
249105.1,
911806.9,
978511,
453556.4,
234111.6,
78269.89,
2780309,
1790106,
4669791,
89187.41,
1.52742e+07,
767542.5,
714357.7,
107930.3,
583117.9,
723754.4,
0,
4.391978e+07,
2020, 
398522.7,
6544171,
533153.6,
0,
2607897,
229919,
3243929,
0,
4882.941,
249549.1,
872021.6,
983133.6,
453412.8,
239678.6,
80202.8,
2844966,
1857579,
4858288,
91034.16,
1.542259e+07,
775283.8,
736194.6,
108333.8,
502012.7,
736112.7,
0,
4.437286e+07,
2021, 
385949.7,
6527896,
526879.3,
0,
2614336,
231393.5,
3272494,
0,
5227.179,
248661.3,
836039.2,
979192.3,
467610.5,
233366.6,
82956.49,
2876858,
1879370,
4917289,
92093.43,
1.547712e+07,
774567.3,
760407.1,
107991.3,
501347,
752754.7,
0,
4.45518e+07,
2022, 
366846.1,
6533926,
520008.2,
0,
2601921,
231683.4,
3289607,
0,
5566.781,
249363,
797070.4,
972866.3,
479261.6,
225736.3,
85358.6,
2898650,
1889671,
4977497,
93077.67,
1.551339e+07,
772737.8,
783058,
107642.7,
500131,
768946.9,
0,
4.466402e+07,
2023, 
344643.9,
6567361,
513127.3,
0,
2570551,
231173,
3304229,
0,
6238.361,
251609.5,
755772.4,
965010.6,
488076.4,
217249.4,
87713.44,
2918016,
1899079,
5037235,
94046.25,
1.554562e+07,
770321.1,
804272.8,
107288.4,
498948.2,
784567.4,
0,
4.476215e+07,
2024, 
322185.5,
6621105,
506116,
0,
2518105,
229826.2,
3313921,
0,
7074.746,
255132,
713532.7,
955955.7,
495288.8,
208263.6,
90058.94,
2932947,
1905953,
5095959,
94981.62,
1.556967e+07,
766711,
823382,
106928.6,
495327.7,
799577,
0,
4.4828e+07,
2025, 
329969.6,
6506352,
509936.3,
0,
3015543,
261748.3,
3494972,
0,
9308.91,
367111.5,
863033.3,
986881.9,
580964.8,
251659.7,
124221,
3211680,
1951588,
5326600,
115387.2,
1.42902e+07,
822811.7,
714431.3,
93620.17,
591540.4,
785712.8,
0,
4.520528e+07,
2026, 
334933.6,
6567738,
517735.7,
0,
2900441,
267994.5,
3546677,
0,
10846.85,
371310.2,
849297.3,
987482.7,
585949.3,
254809.9,
128966.6,
3256365,
1996135,
5393538,
117231.3,
1.458849e+07,
844964.8,
733997,
91974.98,
584897.8,
814100.7,
0,
4.574588e+07,
2027, 
338355,
6606574,
525012.8,
0,
2795667,
274240.9,
3593915,
0,
12152.47,
375138.1,
831642.8,
987291.6,
589864.4,
257967.1,
133951.5,
3297356,
2041113,
5460774,
119040.4,
1.488063e+07,
866096.2,
755297.6,
90398.79,
579036.5,
841692.3,
0,
4.625321e+07,
2028, 
339983.5,
6630765,
532801.6,
0,
2709303,
280581,
3647129,
0,
13488.54,
378782.5,
811868.6,
986876.4,
593431.5,
261141.8,
137541.9,
3343362,
2083852,
5529202,
120893.4,
1.518848e+07,
884013.1,
791215.1,
88804.59,
577234.5,
869753.8,
0,
4.68005e+07,
2029, 
339991.7,
6647052,
541875.2,
0,
2654539,
287458.1,
3703972,
0,
14782.05,
384371.3,
785816.1,
986299,
590938.8,
264410.7,
140940.6,
3389376,
2128560,
5596810,
122774.9,
1.550605e+07,
898795.4,
828019,
87276.31,
577813.1,
893162.1,
0,
4.737108e+07,
2030, 
338789,
6665641,
552904.2,
0,
2658143,
294673.8,
3775105,
0,
16050.98,
392684.8,
759098.4,
985744.5,
595942.9,
267681.1,
143448,
3444398,
2182115,
5662867,
124753,
1.585672e+07,
911183.3,
865432.3,
85741.03,
585786.5,
915443.7,
0,
4.808034e+07,
2031, 
342878.2,
6759458,
580305.8,
0,
2885979,
310567,
3921787,
0,
17218.25,
409140.5,
750095.9,
990950.1,
603243.1,
275564.1,
144851.7,
3579622,
2268089,
5754587,
127705,
1.634741e+07,
919871.7,
885868.2,
84927.94,
616361.6,
933432.5,
0,
4.950991e+07,
2032, 
349281.2,
6852611,
609362.8,
0,
3109205,
327238,
4065770,
0,
18320.98,
422641.3,
740859.8,
996266.9,
610221.7,
283073.6,
145869.2,
3709233,
2341599,
5843200,
130626,
1.676315e+07,
929111.7,
906903.3,
84140.08,
652014.9,
947212.9,
0,
5.083791e+07,
2033, 
357392.2,
6945148,
640786.4,
0,
3331768,
344392.5,
4205535,
0,
19299.84,
435806.1,
731983.1,
1001560,
617890.3,
290223.6,
144124.1,
3834400,
2435146,
5929242,
133505.2,
1.713703e+07,
939618.5,
928262.3,
83357.72,
693833.9,
956367.7,
0,
5.213667e+07,
2034, 
365436.3,
7030611,
672245.1,
0,
3546541,
362041.8,
4339847,
0,
20155.95,
445891.1,
724629.9,
1006768,
624079.7,
296949.3,
137737.6,
3951850,
2525401,
6012512,
136320.6,
1.748988e+07,
949278.9,
950175.2,
82623.14,
741760.7,
964269.5,
0,
5.3377e+07,
2035, 
371523.3,
7134740,
697538,
0,
3763224,
381409.5,
4479935,
0,
21182.7,
454693.1,
718820.4,
1012617,
624613.9,
303227.9,
128816.9,
4075749,
2619361,
6093424,
139150,
1.784489e+07,
958634.4,
972368.9,
81882.59,
802685.2,
972136.1,
0,
5.465262e+07,
2036, 
373775.3,
7198458,
696793.4,
0,
3963459,
405142.2,
4619140,
0,
22673.68,
454601.1,
720577.5,
1016813,
612087.2,
307258.2,
122109.1,
4198682,
2701096,
6138439,
140855.1,
1.817689e+07,
967600.1,
962475.3,
80896.86,
851579.8,
973814.9,
0,
5.570522e+07,
2037, 
370445.3,
7255985,
677350.1,
0,
4159012,
429669.1,
4770939,
0,
24588.91,
446844.4,
719293.6,
1021782,
592784.9,
310880.9,
118137.1,
4330806,
2782593,
6186490,
142641,
1.862e+07,
975505,
973401.2,
79910.63,
903923.9,
980044.9,
0,
5.687302e+07,
2038, 
363967.2,
7276136,
643020.7,
0,
4359217,
450346.5,
4915028,
0,
26535.23,
432192.4,
723290.4,
1026502,
573118.3,
314597.7,
115939.6,
4451376,
2836233,
6236213,
144402.8,
1.909431e+07,
981860.3,
984283.8,
78982.24,
948691.4,
983704.9,
0,
5.795994e+07,
2039, 
360498.5,
7270988,
619165.8,
0,
4573592,
464018.6,
5030729,
0,
28278.98,
422432.2,
728820.2,
1030892,
558519.1,
319156.8,
115675.7,
4557319,
2862183,
6286005,
146070.2,
1.954525e+07,
989597.8,
994992.3,
78051.66,
977770.1,
976230.6,
0,
5.893624e+07,
2040, 
360957.8,
7202223,
609594.7,
0,
4776160,
471855.3,
5126971,
0,
29836.02,
418683.8,
734616.2,
1034816,
550333.8,
324830.7,
117801.1,
4650146,
2878367,
6336603,
147632.8,
1.996322e+07,
996802.6,
1005736,
77170.86,
994860.3,
972983.8,
0,
5.97822e+07,
2041, 
370503.2,
7195818,
619687.7,
0,
4967226,
477310.9,
5212304,
0,
31037.98,
418109.5,
733741.1,
1035441,
545499.5,
331132.2,
119721.8,
4730768,
2901845,
6373035,
148958.3,
2.033631e+07,
1000190,
1044000,
75956.74,
1011440,
977120.8,
0,
6.065716e+07,
2042, 
385561.7,
7214196,
650978.9,
0,
5142990,
482927.3,
5287776,
0,
31974.76,
420958.5,
738503.2,
1035922,
545677.9,
338772.4,
121558.6,
4804313,
2935000,
6412868,
150201.3,
2.065678e+07,
1003064,
1058503,
74724.47,
1001425,
981565.3,
0,
6.147624e+07,
2043, 
405302.9,
7263022,
691529.4,
0,
5298010,
488502.3,
5362674,
0,
32910.02,
424393.5,
739878.5,
1036873,
545669.1,
347130.4,
123124.3,
4880792,
2974385,
6454104,
151414.5,
2.093413e+07,
1004898,
1073470,
73515.21,
967835.5,
993817.1,
0,
6.226738e+07,
2044, 
425679.2,
7316141,
732634.4,
0,
5426498,
493643.5,
5438322,
0,
33806.92,
424776,
741176.9,
1037453,
542644.3,
355207.6,
124764.3,
4954826,
3020981,
6502498,
152557.8,
2.118329e+07,
1006849,
1088701,
72299.83,
921194.1,
1008681,
0,
6.300463e+07,
2045, 
445954.1,
7399101,
771973.8,
0,
5545094,
500314.1,
5504734,
0,
34731.44,
421910.7,
743737.9,
1037552,
537956.5,
363043.6,
125526.4,
5019845,
3064273,
6554724,
174978.3,
2.140283e+07,
1010998,
1104709,
71106.53,
825679.4,
1014496,
0,
6.367526e+07,
2046, 
465828.1,
7469420,
805634.2,
0,
5667682,
508444.9,
5559054,
0,
35767.77,
417619.9,
743523.9,
1036391,
529947.1,
371506,
125397.8,
5073563,
3111356,
6603208,
193701.2,
2.154775e+07,
1010104,
1113848,
52280.68,
725873,
1022118,
0,
6.419001e+07,
2047, 
485721,
7534971,
824619.4,
0,
5784755,
516013.3,
5614675,
0,
36626.74,
411910.1,
742709.2,
1034970,
521982.3,
379712,
124839.5,
5128082,
3154441,
6650628,
206438.3,
2.169758e+07,
1007576,
1123581,
50595.05,
628152.4,
1031154,
0,
6.469174e+07,
2048, 
506196,
7588073,
841247.7,
0,
5883877,
523249.1,
5658996,
0,
37227.46,
406434.1,
741639.7,
1033143,
514841.9,
387747.7,
124881.4,
5172961,
3183145,
6698992,
222934.3,
2.185441e+07,
1003819,
1134104,
48929.89,
538388.1,
1033619,
0,
6.513886e+07,
2049, 
526587,
7636047,
855715.1,
0,
5968174,
526697.6,
5696147,
0,
37838.08,
401449.5,
740486.9,
1031418,
507788.2,
395860.2,
125003.5,
5211993,
3201850,
6744733,
224843.1,
2.203468e+07,
999518.1,
1145336,
47305.57,
464061.5,
1033488,
0,
6.555702e+07,
2050, 
547851.5,
7690843,
869628.4,
0,
6043793,
530974.6,
5737495,
0,
38532.75,
397479.2,
738665.3,
1029940,
500728,
403954.9,
125809.9,
5254302,
3217659,
6790425,
205963.6,
2.228797e+07,
996428.1,
1158001,
45710.02,
406314.3,
1032183,
0,
6.605064e+07,
2051, 
552317.9,
7710558,
870801.4,
0,
5976585,
527994.9,
5729725,
0,
38853.56,
394324.2,
739481.6,
1026844,
500496.2,
408093.1,
127910,
5254419,
3206901,
6821196,
188194.4,
2.228445e+07,
988277.4,
1160090,
61353.14,
377739.6,
1037348,
0,
6.598396e+07,
2052, 
556863,
7718861,
870894.3,
0,
5914310,
526641.4,
5722842,
0,
39246.18,
394148.4,
741248.9,
1024043,
501223,
412374.8,
130931.4,
5256625,
3195808,
6854430,
173163.4,
2.233876e+07,
981359.6,
1163268,
61426.31,
361988.2,
1041954,
0,
6.598241e+07,
2053, 
561415,
7728303,
871843.3,
0,
5872352,
526942.5,
5725149,
0,
39578.55,
397387,
743812.6,
1021554,
502002.2,
416533.5,
134921.8,
5270543,
3189992,
6887600,
161350.6,
2.246482e+07,
975955.6,
1167038,
61484.29,
359334.7,
1046142,
0,
6.612605e+07,
2054, 
566828.5,
7735895,
873150.8,
0,
5849668,
529113.2,
5736534,
0,
39876.96,
404062.2,
746303.1,
1019356,
503538.3,
420702.1,
139024,
5298050,
3191867,
6921398,
160977.3,
2.26251e+07,
972342.1,
1171579,
61552.82,
365315.8,
1050575,
0,
6.638281e+07,
2055, 
572976,
7738951,
873413.8,
0,
5846399,
531947.9,
5750836,
0,
39999.04,
413472.9,
748834.7,
1017343,
505952.9,
424757.2,
142554.3,
5333776,
3197538,
6952407,
160888.3,
2.276274e+07,
969063,
1176384,
61618.02,
374358.9,
1052959,
0,
6.664917e+07,
2056, 
580794.1,
7743506,
872494.3,
0,
5868519,
535737.9,
5776336,
0,
40012.2,
425503.9,
750855.6,
1015377,
507787.4,
428360.3,
145532,
5383678,
3211672,
6970919,
161102.6,
2.284504e+07,
967879.4,
1181652,
61398.97,
379336.1,
1053617,
0,
6.690711e+07,
2057, 
590451.1,
7755004,
872486.3,
0,
5905615,
540912.8,
5804778,
0,
39902.04,
437741.9,
751607.5,
1013355,
509189.5,
431744.8,
148134.1,
5436619,
3229920,
6983299,
161092,
2.288559e+07,
968180.4,
1187363,
61188.85,
386810.7,
1051314,
0,
6.71523e+07,
2058, 
602704.4,
7766914,
871396.5,
0,
5952888,
543813.4,
5834498,
0,
39846.01,
448979.5,
751441.4,
1011395,
510954.2,
435094.4,
150183,
5489823,
3252421,
6992628,
161084.4,
2.287132e+07,
968953.5,
1192967,
60963.74,
391934.5,
1048195,
0,
6.73504e+07,
2059, 
616775.1,
7784380,
870660.1,
0,
6009473,
547018.9,
5865647,
0,
39752.7,
458802.3,
750887.1,
1009403,
513034.4,
438293.5,
151851.9,
5540288,
3273904,
6995239,
161076.9,
2.282452e+07,
968572.7,
1198519,
60748.7,
395801.1,
1043182,
0,
6.751782e+07,
2060, 
631904.6,
7810758,
872230.8,
0,
6073775,
550557.3,
5901086,
0,
39710.35,
467995.3,
750005.1,
1007550,
515384.8,
441412.2,
153890.2,
5587843,
3299529,
6996170,
161095.3,
2.277756e+07,
967289.1,
1203770,
60520.38,
400349.8,
1038939,
0,
6.770933e+07,
2061, 
644895.4,
7840892,
871552.9,
0,
6140539,
555510.7,
5931279,
0,
39754.05,
475943.5,
747093.8,
1005277,
510378,
443421.2,
156484.4,
5624921,
3322082,
6992066,
161022.5,
2.269856e+07,
961245.8,
1207900,
60150.98,
401181.1,
1032556,
0,
6.78247e+07,
2062, 
656601.1,
7872106,
873210.6,
0,
6208801,
559905,
5958535,
0,
39771.91,
482638.1,
744035.6,
1002937,
504171.1,
445224.3,
158403.8,
5655539,
3342478,
6986846,
160749.6,
2.260841e+07,
954018.7,
1211584,
59780.97,
399060.3,
1027307,
0,
6.791211e+07,
2063, 
665507.8,
7908364,
879743.9,
0,
6279141,
565398.5,
5984985,
0,
39728.97,
488709,
740944,
1000572,
498694.1,
447033.2,
159653.4,
5682612,
3360426,
6978940,
160658.4,
2.251541e+07,
945893.1,
1214634,
59399.86,
396541,
1023445,
0,
6.799643e+07,
2064, 
671549.3,
7944930,
888076.8,
0,
6348629,
572012.4,
6011490,
0,
39663.44,
493608.7,
738234.4,
998158,
493433.5,
448932.5,
161073.4,
5708392,
3379764,
6967691,
160740.4,
2.24079e+07,
937826.9,
1217821,
59025.37,
394484.8,
1021332,
0,
6.806477e+07,
2065, 
675251.3,
7974563,
895872.8,
0,
6409412,
579001.3,
6032955,
0,
39582.44,
496555.8,
735322.6,
995428.4,
487860.3,
450866.6,
162212,
5731324,
3396887,
6950446,
160436.1,
2.227501e+07,
929004.9,
1221026,
58641.94,
391481,
1019994,
0,
6.806913e+07,
2066, 
676785.6,
7993496,
904639.6,
0,
6468326,
585345.8,
6047007,
0,
39402.47,
498130.4,
732555,
992356.7,
483808.3,
452689.9,
163008.4,
5747981,
3406914,
6928445,
160511.9,
2.211886e+07,
919765,
1224737,
58201.23,
387785.8,
1018277,
0,
6.800903e+07,
2067, 
676732.2,
7999703,
909650.3,
0,
6527032,
589426.9,
6054953,
0,
39209.96,
498915.2,
729746.1,
989005.3,
480566.2,
454576.8,
164002.8,
5760188,
3414114,
6903336,
160189.2,
2.19481e+07,
910796.2,
1229334,
57759.13,
383175.7,
1015812,
0,
6.789632e+07,
2068, 
675609.1,
7985862,
909704.3,
0,
6580781,
593033.4,
6058333,
0,
39012.54,
500035.8,
726758.2,
985380.5,
476255,
456440,
165445.4,
5769672,
3418052,
6878539,
160193.5,
2.178375e+07,
902566.8,
1234772,
57306.31,
378729.2,
1011200,
0,
6.774743e+07,
2069, 
674016,
7960389,
908011.3,
0,
6629792,
595780.8,
6061678,
0,
38938.21,
502699.2,
723486.1,
981698.1,
469951,
458290,
166880.2,
5779288,
3419451,
6859621,
160017,
2.164351e+07,
895595.1,
1241198,
56859.46,
374043.4,
1004391,
0,
6.760558e+07,
2070, 
672276.9,
7924076,
907329.6,
0,
6678708,
597545.1,
6066543,
0,
38992.92,
508139.4,
720327.7,
978022.4,
461344,
460112.5,
168391.9,
5790200,
3419787,
6846467,
159840.6,
2.153322e+07,
890753.7,
1247912,
56403.34,
369358.7,
995294.6,
0,
6.749105e+07,
2071, 
672953.9,
7868554,
905254,
0,
6697911,
597264.1,
6063893,
0,
39052.68,
514997.7,
717467.5,
971822.3,
447970.6,
461537.3,
169232.8,
5792396,
3414885,
6848148,
159469.3,
2.141374e+07,
887147.4,
1256428,
56143.11,
361862,
989946.3,
0,
6.730807e+07,
2072, 
673619.1,
7806444,
904931.2,
0,
6710787,
596467.1,
6061402,
0,
39211.72,
522837.9,
714593.2,
965504.6,
434697.2,
462844.3,
169886.9,
5795294,
3409631,
6854362,
159094.8,
2.131619e+07,
883781.4,
1264040,
55881.06,
354106,
984706.5,
0,
6.714031e+07,
2073, 
673886.3,
7744735,
907110.1,
0,
6724100,
591470.6,
6058368,
0,
39488.07,
531964.4,
711887.9,
959111.3,
422037.6,
464024.2,
170434.2,
5797791,
3404461,
6868529,
158717.2,
2.121999e+07,
879719.9,
1270407,
55609.61,
345987.6,
981107.8,
0,
6.698094e+07,
2074, 
673991.8,
7690054,
911785.3,
0,
6739771,
584842.4,
6063171,
0,
39814.05,
541660.8,
709354.7,
952880.9,
410507.4,
465072.7,
171016.4,
5808210,
3405347,
6885896,
158391.7,
2.11438e+07,
873667.4,
1275891,
55346.9,
337778.5,
979786.6,
0,
6.687804e+07,
2075, 
673788.4,
7636974,
915003.9,
0,
6761279,
577878,
6069360,
0,
40149.57,
550648.9,
707098.9,
946644.4,
400964,
466015.1,
171587.4,
5820447,
3409266,
6905988,
157848.6,
2.106798e+07,
865036.6,
1280437,
55072.83,
329386.1,
981794.3,
0,
6.679065e+07,
2076, 
673361.1,
7587677,
914547.9,
0,
6788590,
571321.1,
6080330,
0,
40521.7,
559758.6,
705385.1,
940457.4,
393298.7,
466866.9,
172314.6,
5837067,
3417145,
6932718,
157784.8,
2.099666e+07,
854157.1,
1284239,
54696.57,
322415.9,
988736.8,
0,
6.674005e+07,
2077, 
672839.6,
7546149,
912038.3,
0,
6823702,
565532.2,
6096211,
0,
40883.95,
569296.4,
703567.9,
934482.6,
386256.4,
467720.8,
173141.8,
5857894,
3426945,
6960899,
157517.1,
2.093204e+07,
842244.7,
1287832,
54311.25,
317720.2,
999282.1,
0,
6.672851e+07,
2078, 
672910.4,
7519729,
909208.3,
0,
6863581,
562934.9,
6120361,
0,
41244.59,
578712.8,
701389.3,
928738.2,
379891.6,
468582.7,
174108.7,
5885316,
3439585,
6989873,
157297.8,
2.089018e+07,
830326.6,
1290870,
53933.51,
315265.7,
1011683,
0,
6.678572e+07,
2079, 
674337.4,
7507877,
908495.3,
0,
6914744,
562998.6,
6155484,
0,
41593.98,
589070.1,
701114.5,
923553.8,
375490.3,
469573.7,
175072.9,
5920846,
3456993,
7021003,
157134.5,
2.087138e+07,
819501.6,
1293677,
53555.3,
314781.1,
1025160,
0,
6.693344e+07,
2080, 
678174.3,
7510617,
910657.2,
0,
6974899,
564399.8,
6199379,
0,
41914.2,
600614.6,
702389.1,
918817.5,
372328.8,
470674.7,
176344,
5962826,
3478000,
7057061,
157014.7,
2.087179e+07,
809670.6,
1295922,
53167.14,
316225.6,
1040070,
0,
6.716295e+07,
2081, 
681670.3,
7532219,
916875.4,
0,
7033728,
566993.9,
6247283,
0,
42183.06,
612403,
705157.6,
915309.8,
371555.1,
471754.4,
177212,
6012486,
3516002,
7094302,
157233.5,
2.087378e+07,
798994.6,
1298720,
53069.09,
338833.5,
1063640,
0,
6.74814e+07,
2082, 
686430.4,
7562624,
926422.7,
0,
7097785,
571966.1,
6298406,
0,
42440.96,
625085.5,
709306.9,
912047.1,
370630,
472858.7,
177991.3,
6065544,
3555530,
7135482,
157242.1,
2.088517e+07,
789237.1,
1301670,
52964.41,
345231.2,
1086745,
0,
6.782881e+07,
2083, 
692744.1,
7592907,
936594.6,
0,
7169170,
578477.4,
6349520,
0,
42606.13,
638463.2,
714825.3,
908989.9,
369893.3,
473984.8,
178424.9,
6119859,
3595943,
7175343,
157723.5,
2.089697e+07,
780027.9,
1305220,
52866.11,
352135.3,
1108664,
0,
6.819135e+07,
2084, 
699124,
7623243,
946259.9,
0,
7242320,
585640.8,
6398398,
0,
42734.34,
652647.9,
719229.6,
905770.9,
368656.5,
474995.6,
178947.2,
6172684,
3632967,
7215621,
157976.3,
2.090372e+07,
771383.1,
1309589,
52767.53,
358820.1,
1129473,
0,
6.854296e+07,
2085, 
705055.6,
7652888,
955874.1,
0,
7312171,
593699.6,
6442924,
0,
42830.22,
666957.7,
722617.4,
902375.6,
366794.1,
475886.5,
179234.4,
6223214,
3669587,
7256653,
158211.4,
2.090441e+07,
764501,
1314514,
52662.28,
366472.9,
1147493,
0,
6.887702e+07,
2086, 
711878.1,
7678839,
966657.2,
0,
7375514,
602026.9,
6478390,
0,
42901.79,
681834.7,
724430.9,
898500.4,
363801.8,
476580.8,
179970,
6267269,
3694891,
7292836,
158462.5,
2.088715e+07,
760882.8,
1319421,
52443.39,
375454.3,
1153046,
0,
6.914318e+07,
2087, 
719320.6,
7703395,
977573,
0,
7435569,
609372.8,
6510397,
0,
42973.52,
697456.9,
725573.1,
894473.3,
360336,
477216.2,
180478.8,
6308439,
3706490,
7327012,
158497.4,
2.087671e+07,
759160.6,
1324194,
52218.14,
383082.1,
1155482,
0,
6.938542e+07,
2088, 
726252.6,
7730710,
990236.8,
0,
7493655,
615893.2,
6542669,
0,
43154.3,
713667.3,
726231.4,
890449.6,
356909.1,
477787.1,
181327.5,
6349658,
3718362,
7362490,
158945.8,
2.088384e+07,
758519.5,
1328969,
51999.96,
390852.1,
1155930,
0,
6.964851e+07,
2089, 
733195.5,
7757331,
1003197,
0,
7546905,
621225.1,
6572464,
0,
43374.5,
730166.8,
726564.2,
886375.8,
352028.8,
478310.3,
181639.5,
6389337,
3726081,
7396271,
159181.4,
2.090715e+07,
759264,
1333217,
51781.44,
400463.9,
1155007,
0,
6.991054e+07,
2090, 
739263.8,
7784723,
1014697,
0,
7599910,
625637.4,
6601509,
0,
43632.13,
746714.3,
726678.1,
882253.9,
345810.6,
478792.4,
181334.4,
6427074,
3730024,
7422249,
159408.8,
2.094407e+07,
760820.1,
1336761,
51555.48,
410184.2,
1153729,
0,
7.016682e+07,
2091, 
744275.6,
7806453,
1023468,
0,
7624491,
628657.9,
6621997,
0,
43896.3,
761352.1,
727378.9,
880691.4,
341208.5,
479261,
180061.4,
6459472,
3742544,
7447303,
159607.4,
2.099627e+07,
763049.6,
1339808,
51476.21,
417895,
1149719,
0,
7.039034e+07,
2092, 
748289.8,
7826779,
1030572,
0,
7642061,
631640,
6639607,
0,
44166.05,
774701.9,
727805.8,
879108.8,
337914.8,
479658.7,
178430.9,
6489303,
3751491,
7467045,
159578.1,
2.103609e+07,
764317.6,
1342381,
51390.73,
426263.4,
1146247,
0,
7.057484e+07,
2093, 
750840.2,
7843751,
1034439,
0,
7654285,
633802.1,
6652751,
0,
44384.81,
786616.1,
727918.1,
877288.9,
334240.1,
479997,
176329,
6515403,
3755937,
7480452,
159715.7,
2.104957e+07,
767305.9,
1345061,
51311.05,
433210.3,
1143908,
0,
7.069851e+07,
2094, 
752266.6,
7858910,
1035267,
0,
7661987,
635733.9,
6665349,
0,
44671.74,
796968.3,
727803.9,
875334.9,
333346.7,
480310.9,
174182.2,
6539672,
3759362,
7486603,
159847.2,
2.103164e+07,
770354.8,
1347605,
51224.12,
437022.6,
1142119,
0,
7.076758e+07,
2095, 
752776.1,
7870801,
1034423,
0,
7663189,
636983.4,
6676039,
0,
45049.05,
805736.9,
727435.1,
873246.2,
334553.6,
480602.2,
171796.8,
6562307,
3762202,
7490012,
159961.9,
2.098425e+07,
773897.9,
1349262,
51143.31,
438840.3,
1140718,
0,
7.078522e+07,
2096, 
752542.8,
7878188,
1030550,
0,
7691437,
638281.9,
6691150,
0,
45445.95,
813195.9,
726716.1,
871080.9,
338783,
481016.6,
169420.2,
6589555,
3767687,
7491200,
160411.4,
2.092435e+07,
778033.5,
1350604,
50884.5,
437880.7,
1142546,
0,
7.082095e+07,
2097, 
751818.3,
7878167,
1024510,
0,
7715252,
639050.6,
6705371,
0,
45855.5,
819695.2,
726212.3,
868775.1,
344269.8,
481486.3,
167176.2,
6615688,
3773930,
7497260,
160664.5,
2.085474e+07,
783740.3,
1351851,
50619.48,
437987.8,
1146325,
0,
7.084044e+07,
2098, 
751645.4,
7873669,
1017769,
0,
7738780,
639974.7,
6718974,
0,
46233.88,
825231.3,
726191.2,
866491.9,
353209,
482031.7,
164988.3,
6640615,
3780843,
7504937,
160921.3,
2.078325e+07,
788032.6,
1353154,
50360.73,
437591,
1150678,
0,
7.085557e+07,
2099, 
751875.4,
7867425,
1009118,
0,
7766371,
639344,
6732251,
0,
46654.04,
830053.8,
726705,
864256.4,
366518,
482662,
163227.2,
6666439,
3789176,
7516492,
160991.6,
2.072286e+07,
792511.2,
1354454,
50095.95,
437629.7,
1155934,
0,
7.089304e+07,
2100, 
752398.8,
7860821,
999062.4,
0,
7797320,
637521,
6745759,
0,
47081.41,
834142.4,
727710.4,
862076.6,
385459.8,
483353.8,
162314.5,
6693473,
3798353,
7535082,
161268.7,
2.067455e+07,
795669.6,
1356815,
49837.15,
439072.3,
1162280,
0,
7.096142e+07];
