real main.em.ep.ncl.NuclFuelEff[27](t) = [1971, 
170,
170,
170,
170,
170,
170,
170,
170,
170,
170,
170,
170,
170,
170,
170,
170,
170,
170,
170,
170,
170,
170,
170,
170,
170,
170,
0,
1972, 
170,
170,
170.3448,
170,
170.3448,
170.3448,
170.3448,
170.3448,
170.3448,
170.3448,
170,
170.3448,
170.3448,
170.3448,
170.3448,
170,
170.3448,
170,
170.3448,
170.3448,
170.3448,
170.3448,
170,
170.3448,
170.3448,
170.3448,
0,
1973, 
170.1724,
170.1724,
170.6897,
170.1724,
170.6897,
170.6897,
170.6897,
170.6897,
170.6897,
170.6897,
170.1724,
170.6897,
170.6897,
170.6897,
170.6897,
170.1724,
170.6897,
170.1724,
170.6897,
170.6897,
170.6897,
170.6897,
170.1724,
170.6897,
170.6897,
170.6897,
0,
1974, 
170.3448,
170.3448,
171.0345,
170.3448,
171.0345,
171.0345,
171.0345,
171.0345,
171.0345,
171.0345,
170.3448,
171.0345,
171.0345,
171.0345,
171.0345,
170.3448,
171.0345,
170.3448,
171.0345,
171.0345,
171.0345,
171.0345,
170.3448,
171.0345,
171.0345,
171.0345,
0,
1975, 
170.5172,
170.5172,
171.3793,
170.5172,
171.3793,
171.3793,
171.3793,
171.3793,
171.3793,
171.3793,
170.5172,
171.3793,
171.3793,
171.3793,
171.3793,
170.5172,
171.3793,
170.5172,
171.3793,
171.3793,
171.3793,
171.3793,
170.5172,
171.3793,
171.3793,
171.3793,
0,
1976, 
171.327,
171.3623,
171.7241,
170.5172,
171.7241,
171.3793,
171.7241,
171.7241,
171.7241,
171.7241,
171.3228,
171.3793,
171.7241,
171.7241,
171.3793,
171.3486,
171.7241,
171.2341,
171.7241,
171.7241,
171.7241,
171.7241,
171.3629,
171.7241,
171.3793,
171.7241,
0,
1977, 
171.333,
171.4064,
172.069,
170.5172,
172.069,
171.3793,
172.069,
172.069,
172.069,
172.069,
171.4478,
171.3793,
172.069,
172.069,
171.3793,
171.5026,
172.069,
171.2539,
172.069,
172.069,
172.069,
172.069,
171.4782,
172.069,
171.3793,
172.069,
0,
1978, 
171.6898,
171.503,
172.4138,
170.5172,
172.4138,
171.3793,
172.4138,
172.4138,
172.4138,
172.4138,
171.6004,
171.3793,
172.4138,
172.4138,
171.3793,
171.5482,
172.4138,
171.2856,
172.4138,
172.4138,
172.4138,
172.4138,
171.4801,
172.4138,
171.3793,
172.4138,
0,
1979, 
171.8529,
171.5842,
172.7586,
170.5172,
172.7586,
171.3793,
172.7586,
172.7586,
172.7586,
172.7586,
171.7551,
171.3793,
172.7586,
172.4138,
171.3793,
171.5524,
172.7586,
171.3277,
172.4138,
172.4138,
172.7586,
172.7586,
171.7984,
172.7586,
171.3793,
172.7586,
0,
1980, 
172.0194,
171.5955,
173.1035,
170.5172,
173.1035,
171.3793,
173.1035,
173.1035,
173.1035,
173.1035,
171.9291,
171.6823,
173.1035,
172.4138,
171.3793,
171.7449,
173.1035,
171.3793,
172.4138,
172.5862,
173.1035,
173.1035,
172.048,
173.1035,
171.3793,
173.1035,
0,
1981, 
172.1633,
171.655,
173.4483,
170.5172,
173.4483,
171.3793,
173.4483,
173.4483,
173.4483,
173.4483,
172.1892,
171.6823,
173.4483,
172.4138,
171.3793,
172.0715,
173.4483,
171.4393,
172.4138,
172.5862,
173.4483,
173.4483,
172.0497,
173.4483,
171.3793,
173.4483,
0,
1982, 
172.3306,
171.7886,
173.4483,
170.5172,
173.4483,
171.6534,
173.7931,
173.7931,
173.7931,
173.4483,
172.3811,
172.4267,
173.7931,
172.6927,
171.3793,
172.2091,
173.7931,
172.2115,
172.9527,
172.5862,
173.7931,
173.7931,
172.1927,
173.7931,
171.4298,
173.7931,
0,
1983, 
172.499,
171.9276,
173.6207,
170.5172,
173.6207,
171.9037,
174.1379,
174.1379,
174.1379,
173.6207,
172.5679,
172.8319,
174.1379,
172.9264,
171.3793,
172.3531,
174.1379,
172.6506,
173.2406,
172.5862,
174.1379,
174.1379,
172.3413,
174.1379,
171.486,
174.1379,
0,
1984, 
172.6683,
172.071,
173.7931,
170.5172,
173.7931,
172.1377,
174.4828,
174.4828,
174.4828,
173.7931,
172.7513,
173.1306,
174.4828,
173.1386,
171.3793,
172.5018,
174.4828,
172.9738,
173.4695,
172.5862,
174.4828,
174.4828,
172.4938,
174.4828,
171.5477,
174.4828,
0,
1985, 
172.8381,
172.2178,
173.9655,
170.5172,
173.9655,
172.36,
174.8276,
174.8276,
174.8276,
173.9655,
172.9324,
173.3823,
174.8276,
173.339,
171.3793,
172.6541,
174.8276,
173.2432,
173.6755,
172.5862,
174.8276,
174.8276,
172.6495,
174.8276,
171.6144,
174.8276,
0,
1986, 
173.0084,
172.3676,
174.1379,
170.5172,
174.1379,
172.5737,
175.1724,
175.1724,
175.1724,
174.1379,
173.1119,
173.6091,
175.1724,
173.5321,
171.3793,
172.8094,
175.1724,
173.4832,
173.8701,
172.5862,
175.1724,
175.1724,
172.8076,
175.1724,
171.6858,
175.1724,
0,
1987, 
173.179,
172.5199,
174.3103,
170.5172,
174.3103,
172.7807,
175.5172,
175.5172,
175.5172,
174.3103,
173.2901,
173.8212,
175.5172,
173.7205,
171.3793,
172.9669,
175.5172,
173.7054,
174.0583,
172.5862,
175.5172,
175.5172,
172.9677,
175.5172,
171.7616,
175.5172,
0,
1988, 
173.3499,
172.6743,
174.4828,
170.5172,
174.4828,
172.9827,
175.8621,
175.8621,
175.8621,
174.4828,
173.4675,
174.0237,
175.8621,
173.9055,
171.3793,
173.1263,
175.8621,
173.916,
174.2425,
172.5862,
175.8621,
175.8621,
173.1293,
175.8621,
171.8415,
175.8621,
0,
1989, 
173.521,
172.8304,
174.6552,
170.5172,
174.6552,
173.1806,
176.2069,
176.2069,
176.2069,
174.6552,
173.6441,
174.2199,
176.2069,
174.0882,
171.3793,
173.2872,
176.2069,
174.1187,
174.4241,
172.5862,
176.2069,
176.2069,
173.2922,
176.2069,
171.9253,
176.2069,
0,
1990, 
173.6923,
172.988,
174.8276,
170.5172,
174.8276,
173.3753,
176.5517,
176.5517,
176.5517,
174.8276,
173.8201,
174.4115,
176.5517,
174.2692,
171.3793,
173.4494,
176.5517,
174.3157,
174.6038,
172.5862,
176.5517,
176.5517,
173.4562,
176.5517,
172.0127,
176.5517,
0,
1991, 
173.6923,
173.0888,
175,
170.5172,
175,
173.5672,
176.8965,
176.8965,
176.8965,
174.9655,
173.8201,
174.5997,
176.8965,
174.2692,
171.3793,
173.6126,
176.8965,
174.5084,
174.7822,
172.5862,
176.8965,
176.8965,
173.4562,
176.8965,
172.1035,
176.8965,
0,
1992, 
173.6923,
173.0956,
175.3062,
170.5172,
175,
173.5672,
177.2414,
177.2414,
177.2414,
174.9655,
173.8201,
174.63,
177.2414,
174.2692,
171.3793,
173.6653,
177.2414,
174.687,
174.8877,
172.5862,
177.2414,
177.2414,
173.4562,
177.2414,
172.1035,
177.2414,
0,
1993, 
173.6923,
173.1031,
175.5751,
170.5172,
175,
173.5672,
177.5862,
177.5862,
177.5862,
174.9655,
173.8201,
174.664,
177.5862,
174.2692,
171.3793,
173.7218,
177.5862,
174.8646,
174.9995,
172.5862,
177.5862,
177.5862,
173.4562,
177.5862,
172.1035,
177.5862,
0,
1994, 
173.6923,
173.1111,
175.8205,
170.5172,
175,
173.5672,
177.931,
177.931,
177.931,
174.9655,
173.8201,
174.6693,
177.931,
174.2692,
171.3793,
173.7818,
177.931,
175.0416,
175.1168,
172.7416,
177.931,
177.931,
173.4562,
177.931,
172.1035,
177.931,
0,
1995, 
173.6923,
173.1198,
176.0501,
170.5172,
175,
173.5672,
178.2759,
178.2759,
178.2759,
174.9655,
173.8201,
174.6693,
178.2759,
174.2692,
171.3793,
173.8453,
178.2759,
175.218,
175.2389,
174.039,
178.2759,
178.2759,
173.4562,
178.2759,
172.1035,
178.2759,
0,
1996, 
173.6923,
173.129,
176.2684,
170.5172,
175,
173.5672,
178.6207,
178.6207,
178.6207,
174.9655,
173.8201,
174.6693,
178.6207,
174.2692,
171.3793,
173.9121,
178.6207,
175.394,
175.3652,
174.8863,
178.6207,
178.6207,
173.4562,
178.6207,
172.1035,
178.6207,
0,
1997, 
173.6923,
173.1388,
176.2811,
170.5172,
176.091,
173.5672,
178.9655,
178.9655,
178.9655,
174.9655,
173.8201,
174.6693,
178.9655,
174.2692,
171.3793,
173.9185,
178.9655,
175.6904,
175.6203,
174.8863,
178.9655,
178.9655,
173.4562,
178.9655,
174.2171,
178.9655,
0,
1998, 
173.6923,
173.1492,
176.2954,
170.5172,
176.7567,
173.5672,
179.3103,
179.3103,
179.3103,
174.9655,
173.8201,
174.6693,
179.3103,
174.2692,
171.3793,
173.9252,
179.3103,
175.966,
175.8634,
174.8863,
179.3103,
179.3103,
173.4562,
179.3103,
175.38,
179.3103,
0,
1999, 
173.6923,
173.1601,
176.3115,
170.5172,
177.2368,
173.5672,
179.6552,
179.6552,
179.6552,
174.9655,
173.8201,
174.6693,
179.6552,
174.2692,
171.3793,
173.9324,
179.6552,
176.2255,
176.0969,
174.8863,
179.6552,
179.6552,
173.4562,
179.6552,
176.1532,
179.6552,
0,
2000, 
173.6923,
173.1717,
176.3292,
170.5172,
177.6196,
173.5672,
180,
180,
180,
174.9655,
173.8201,
174.6693,
180,
174.2692,
171.3793,
173.9401,
180,
176.4725,
176.3226,
174.8863,
180,
180,
173.4562,
180,
176.7289,
180,
0,
2001, 
173.6923,
173.1838,
176.3486,
170.5172,
177.8445,
173.5672,
181.4,
181.4,
181.4,
174.9655,
173.8201,
174.6693,
181.4,
174.2692,
171.3793,
173.9482,
181.4,
176.7095,
176.542,
174.8863,
181.4,
181.4,
173.4562,
181.4,
177.1907,
181.4,
0,
2002, 
173.6923,
173.1983,
176.3874,
170.5172,
177.8445,
173.5672,
182.8,
182.8,
182.8,
174.9655,
173.8201,
174.6693,
182.8,
174.2692,
171.3793,
174.1002,
182.8,
176.8721,
176.8119,
176.7544,
182.8,
182.8,
173.4562,
182.8,
177.1907,
182.8,
0,
2003, 
173.6923,
173.2153,
176.3874,
170.5172,
177.8445,
173.5672,
184.2,
184.2,
184.2,
174.9655,
173.8201,
174.6693,
184.2,
174.2692,
171.3793,
174.2741,
184.2,
177.0707,
177.127,
178.1017,
184.2,
184.2,
173.4562,
184.2,
177.1907,
184.2,
0,
2004, 
173.6923,
173.2346,
176.3874,
170.5172,
177.8445,
173.5672,
185.6,
185.6,
185.6,
174.9655,
173.8201,
174.6693,
185.6,
174.5482,
171.3793,
174.4687,
185.6,
177.3019,
177.4806,
179.2132,
185.6,
185.6,
173.4562,
185.6,
177.1907,
185.6,
0,
2005, 
173.6923,
173.2564,
176.3874,
170.5172,
177.8445,
173.5672,
187,
187,
187,
174.9655,
173.8201,
174.6693,
187,
174.8803,
171.3793,
174.6827,
187,
177.5625,
177.8672,
180.1977,
187,
187,
173.4562,
187,
177.1907,
187,
0,
2006, 
173.6923,
173.2805,
176.3874,
170.5172,
177.8445,
173.5672,
188.4,
188.4,
188.4,
174.9655,
173.8201,
174.6693,
188.4,
175.2339,
171.3793,
174.915,
188.4,
177.8499,
178.2823,
181.1063,
188.4,
188.4,
173.4562,
188.4,
177.1907,
188.4,
0,
2007, 
173.6923,
173.3071,
176.3874,
170.5172,
177.8445,
173.5672,
189.8,
189.8,
189.8,
174.9655,
173.8201,
174.6693,
189.8,
175.2339,
171.3793,
175.0492,
189.8,
178.7057,
178.5045,
181.8029,
189.8,
189.8,
173.4562,
189.8,
177.1907,
189.8,
0,
2008, 
173.6923,
173.3359,
176.3874,
170.5172,
177.8445,
173.5672,
191.2,
191.2,
191.2,
174.9655,
173.8201,
174.6693,
191.2,
175.2339,
171.3793,
175.1945,
191.2,
179.5383,
178.7474,
182.5002,
191.2,
191.2,
173.4562,
191.2,
177.1907,
191.2,
0,
2009, 
173.6923,
173.3672,
176.3874,
170.5172,
177.8445,
173.5672,
192.6,
192.6,
192.6,
174.9655,
173.8201,
174.6693,
192.6,
175.2339,
171.3793,
175.3507,
192.6,
180.3523,
179.0094,
183.1979,
192.6,
192.6,
173.4562,
192.6,
177.1907,
192.6,
0,
2010, 
173.6923,
173.4007,
176.3874,
170.5172,
177.8445,
173.5672,
194,
194,
194,
174.9655,
173.8201,
174.6693,
194,
175.2339,
171.3793,
175.5173,
194,
181.1514,
179.2896,
183.8959,
194,
194,
173.4562,
194,
177.1907,
194,
0,
2011, 
173.6923,
173.4366,
176.3874,
170.5172,
177.8445,
173.5672,
195.4,
195.4,
195.4,
174.9655,
173.8201,
174.6693,
195.4,
175.2339,
171.3793,
175.6942,
195.4,
181.9384,
179.5866,
184.5942,
195.4,
195.4,
173.4562,
195.4,
177.1907,
195.4,
0,
2012, 
173.6923,
173.4748,
176.7883,
170.5172,
177.8445,
176.3999,
196.8,
196.8,
196.8,
175.1008,
173.8201,
174.7774,
196.8,
175.2339,
171.3793,
176.18,
195.4,
182.6691,
180.0838,
187.2853,
196.8,
196.8,
173.4562,
196.8,
179.2097,
196.8,
0,
2013, 
173.6923,
173.5153,
177.2015,
170.5172,
177.8445,
178.7428,
198.2,
198.2,
198.2,
175.2436,
173.8201,
174.8917,
198.2,
175.2339,
171.3793,
176.6761,
196.1,
183.3966,
180.5934,
189.1823,
198.2,
198.2,
173.4562,
198.2,
180.9654,
198.2,
0,
2014, 
173.6923,
173.558,
177.6263,
170.5172,
177.8445,
180.7472,
199.6,
199.6,
199.6,
175.3936,
173.8201,
175.012,
199.6,
175.2339,
171.3793,
177.1819,
196.8,
184.1214,
181.1143,
190.6814,
199.6,
199.6,
173.4562,
199.6,
182.5295,
199.6,
0,
2015, 
173.6923,
173.6031,
178.0621,
170.5172,
177.8445,
182.5079,
201,
201,
201,
175.5508,
173.8201,
175.1383,
201,
175.2339,
171.3793,
177.6965,
197.5,
184.8439,
181.6454,
191.9527,
201,
201,
173.4562,
201,
183.9498,
201,
0,
2016, 
173.7264,
173.6504,
178.5081,
170.5172,
177.8445,
184.0875,
202.4,
202.4,
202.4,
175.6332,
173.8201,
175.2704,
202.4,
175.2339,
171.3793,
178.2194,
198.2,
185.5644,
182.186,
193.0814,
202.4,
202.4,
173.4562,
202.4,
185.2595,
202.4,
0,
2017, 
173.7778,
173.7,
178.8741,
170.5172,
177.8445,
184.1076,
203.8,
203.8,
203.8,
175.6332,
173.8201,
175.3267,
203.8,
175.6863,
171.3793,
178.8382,
199.1542,
185.866,
182.4462,
194.333,
203.8,
203.8,
173.4562,
203.8,
187.8991,
203.8,
0,
2018, 
173.8315,
173.7518,
179.2501,
170.5172,
177.8445,
184.1293,
205.2,
205.2,
205.2,
175.6332,
173.8201,
175.3856,
205.2,
176.1469,
171.3793,
179.461,
200.0143,
186.1817,
182.7175,
195.4539,
205.2,
205.2,
173.4562,
205.2,
190.021,
205.2,
0,
2019, 
173.8875,
173.8058,
179.6358,
170.5172,
177.8445,
184.1525,
206.6,
206.6,
206.6,
175.6332,
173.8201,
175.4472,
206.6,
176.6152,
171.3793,
179.6274,
200.8244,
186.5106,
182.9997,
196.4858,
206.6,
206.6,
173.4562,
206.6,
191.8081,
206.6,
0,
2020, 
173.9458,
173.862,
180.0306,
170.5172,
177.8445,
184.1771,
208,
208,
208,
175.6332,
173.8201,
175.5114,
208,
177.0909,
171.3793,
179.6534,
201.6047,
186.8522,
183.2922,
197.4541,
208,
208,
173.4562,
208,
193.3662,
208,
0,
2021, 
174.0064,
173.9205,
180.4343,
170.5172,
177.8445,
184.2033,
209.4,
209.4,
209.4,
175.6332,
173.8201,
175.5783,
209.4,
177.5735,
171.3793,
179.6807,
202.3659,
187.2057,
183.5323,
198.3755,
209.4,
209.4,
173.4562,
209.4,
194.7607,
209.4,
0,
2022, 
174.0693,
173.9811,
180.4343,
170.5172,
177.8445,
184.2033,
210.8,
210.8,
210.8,
175.6332,
173.8201,
175.7082,
210.8,
177.5735,
171.3793,
179.7093,
205.0766,
189.4648,
183.5323,
198.9279,
210.8,
210.8,
173.4562,
210.8,
200.794,
210.8,
0,
2023, 
174.1344,
174.0439,
180.4343,
170.5172,
177.8445,
184.2033,
212.2,
212.2,
212.2,
175.6332,
173.8201,
175.7082,
212.2,
177.5735,
171.3793,
179.7392,
206.5278,
189.483,
185.0889,
199.4209,
212.2,
212.2,
173.4562,
212.2,
203.9228,
212.2,
0,
2024, 
174.2018,
174.5581,
180.4343,
170.5172,
177.8445,
184.2033,
213.6,
213.6,
213.6,
175.6332,
173.8201,
176.381,
213.6,
178.8745,
171.3793,
179.7704,
207.1935,
190.591,
185.8088,
199.7892,
213.6,
213.6,
173.4562,
213.6,
203.9228,
213.6,
0,
2025, 
174.2714,
175.0772,
180.4343,
170.5172,
177.8445,
184.2033,
215,
215,
215,
175.6332,
173.8201,
177.0549,
215,
180.1319,
171.3793,
179.8028,
207.8664,
191.661,
186.5277,
200.1761,
215,
215,
173.4562,
215,
203.9228,
215,
0,
2026, 
174.3432,
175.1434,
180.4343,
170.5172,
177.8445,
184.2033,
216.4,
216.4,
216.4,
175.6332,
173.8201,
178.4707,
215,
180.1319,
171.3793,
181.3936,
207.8664,
191.661,
187.9918,
201.2947,
216.4,
216.4,
173.4562,
216.4,
206.9019,
216.4,
0,
2027, 
174.424,
175.2179,
180.4343,
170.5172,
177.8445,
184.2033,
217.8,
217.8,
217.8,
175.6332,
173.8201,
178.4707,
215.7,
180.1319,
171.3793,
182.9099,
207.8664,
200.6208,
187.9918,
202.5623,
217.8,
217.8,
173.4562,
217.8,
208.9149,
217.8,
0,
2028, 
174.5141,
175.301,
180.4343,
170.5172,
177.8445,
184.7867,
219.2,
219.2,
219.2,
175.6332,
173.8201,
178.4707,
216.4,
180.1319,
171.3793,
182.946,
207.8664,
203.3124,
189.4497,
204.3181,
219.2,
219.2,
173.4562,
219.2,
208.9149,
219.2,
0,
2029, 
174.6138,
175.3931,
180.4343,
170.5172,
177.8445,
184.7867,
219.2,
220.6,
220.6,
175.6332,
173.8201,
178.4707,
217.1,
180.1319,
171.3793,
183.4749,
207.8664,
203.3208,
189.4497,
205.4634,
220.6,
220.6,
173.4562,
220.6,
208.9149,
220.6,
0,
2030, 
174.7234,
175.4945,
180.4343,
170.5172,
177.8445,
184.7867,
219.2,
222,
222,
175.6332,
173.8201,
178.4707,
217.1,
180.1319,
171.3793,
183.4749,
207.8664,
203.3306,
189.4497,
206.9229,
222,
222,
173.4562,
222,
208.9149,
222,
0,
2031, 
175.2948,
176.9359,
180.4343,
170.5172,
177.8445,
185.5214,
221.3,
223.4,
223.4,
175.6332,
173.8201,
178.7912,
217.1,
180.1319,
171.3793,
183.4749,
207.8664,
203.3551,
189.4497,
206.9229,
223.4,
223.4,
173.4562,
223.4,
211.2175,
223.4,
0,
2032, 
175.304,
176.947,
<<<<<<< HEAD
<<<<<<< HEAD
192.1051,
=======
191.1202,
>>>>>>> 29fc07e (Remove T2MAT folder level)
=======
191.1202,
>>>>>>> 4d9e712909650e13193c45904b75652afa554b9e
170.6897,
177.8445,
185.5214,
221.3,
224.8,
224.8,
175.6332,
173.8266,
178.7912,
<<<<<<< HEAD
<<<<<<< HEAD
218.1046,
180.1319,
220.2902,
183.4865,
207.8664,
213.382,
194.7959,
206.9229,
224.8,
224.8,
174.8662,
224.8,
214.4179,
=======
=======
>>>>>>> 4d9e712909650e13193c45904b75652afa554b9e
218.0894,
180.1319,
220.298,
183.4865,
214.4295,
212.5533,
189.4497,
206.9229,
224.8,
224.8,
173.4589,
224.8,
214.4249,
<<<<<<< HEAD
>>>>>>> 29fc07e (Remove T2MAT folder level)
=======
>>>>>>> 4d9e712909650e13193c45904b75652afa554b9e
224.8,
0,
2033, 
175.3126,
176.9575,
<<<<<<< HEAD
<<<<<<< HEAD
203.0038,
=======
196.8142,
>>>>>>> 29fc07e (Remove T2MAT folder level)
=======
196.8142,
>>>>>>> 4d9e712909650e13193c45904b75652afa554b9e
170.8621,
177.8445,
185.5214,
221.3,
226.2,
226.2,
175.6332,
173.8325,
<<<<<<< HEAD
<<<<<<< HEAD
191.3899,
219.2768,
181.8306,
220.386,
183.4979,
210.7061,
215.2812,
194.7959,
206.9229,
226.2,
226.2,
176.2851,
226.2,
214.8555,
=======
=======
>>>>>>> 4d9e712909650e13193c45904b75652afa554b9e
178.7912,
219.2121,
181.9924,
220.3977,
183.4979,
214.9864,
214.397,
190.1779,
206.9229,
226.2,
226.2,
173.4613,
226.2,
214.8768,
<<<<<<< HEAD
>>>>>>> 29fc07e (Remove T2MAT folder level)
=======
>>>>>>> 4d9e712909650e13193c45904b75652afa554b9e
226.2,
0,
2034, 
175.3206,
176.9675,
<<<<<<< HEAD
<<<<<<< HEAD
206.1878,
171.0345,
177.8445,
185.5214,
=======
=======
>>>>>>> 4d9e712909650e13193c45904b75652afa554b9e
196.8142,
171.0345,
177.8445,
193.5468,
<<<<<<< HEAD
>>>>>>> 29fc07e (Remove T2MAT folder level)
=======
>>>>>>> 4d9e712909650e13193c45904b75652afa554b9e
221.3,
227.6,
227.6,
175.6332,
<<<<<<< HEAD
<<<<<<< HEAD
190.9055,
202.2116,
220.2778,
183.7354,
220.386,
183.509,
212.6445,
215.7019,
195.9745,
206.9229,
227.6,
227.6,
176.9527,
227.6,
216.5354,
227.6,
0,
2035, 
175.0175,
176.9771,
206.3704,
229,
177.8445,
201.0001,
=======
=======
>>>>>>> 4d9e712909650e13193c45904b75652afa554b9e
173.8378,
183.0269,
220.5159,
183.8808,
220.3977,
183.509,
215.4231,
214.8819,
191.7727,
206.9229,
227.6,
227.6,
174.6748,
227.6,
216.5902,
227.6,
0,
2035, 
175.3281,
176.9771,
196.8142,
229,
177.8445,
206.1651,
<<<<<<< HEAD
>>>>>>> 29fc07e (Remove T2MAT folder level)
=======
>>>>>>> 4d9e712909650e13193c45904b75652afa554b9e
221.3,
229,
229,
175.6332,
<<<<<<< HEAD
<<<<<<< HEAD
191.2269,
202.7511,
220.8362,
184.606,
220.386,
183.5198,
212.9764,
215.8372,
196.5076,
206.9229,
229,
229,
177.2186,
229,
217.1311,
229,
0,
2036, 
175.4773,
179.5999,
206.3704,
230.4,
177.8445,
208.7498,
222.5024,
230.4,
230.4,
175.6332,
192.606,
204.047,
221.1796,
185.0719,
223.4595,
184.7758,
213.6343,
216.391,
197.1487,
206.9229,
230.4,
230.4,
178.5082,
230.4,
218.4378,
230.4,
0,
2037, 
175.485,
180.1598,
206.3704,
231.8,
177.8445,
209.8315,
222.5024,
231.8,
231.8,
176.1229,
193.6004,
204.047,
221.9907,
185.6856,
223.4595,
185.827,
213.6343,
216.3982,
198.2934,
206.9229,
231.8,
231.8,
179.5259,
231.8,
219.0694,
231.8,
0,
2038, 
175.9899,
181.0534,
206.3704,
233.2,
177.8445,
209.9622,
223.2855,
233.2,
233.2,
177.1011,
194.6049,
204.047,
222.4638,
185.9592,
223.4595,
186.0682,
213.6343,
216.8627,
198.3239,
206.9229,
233.2,
233.2,
182.7507,
233.2,
220.0001,
233.2,
0,
2039, 
176.3378,
181.7454,
206.3704,
234.6,
177.8445,
209.9622,
224.5412,
234.6,
234.6,
178.5415,
195.4257,
204.047,
222.7994,
188.5112,
223.4595,
186.0826,
213.6343,
216.9597,
200.0726,
207.5118,
234.6,
234.6,
186.8578,
234.6,
221.2609,
234.6,
0,
2040, 
176.7234,
181.825,
206.3704,
236,
177.8445,
209.9622,
224.5412,
236,
236,
180.3972,
196.3891,
204.4152,
222.9485,
188.5112,
223.4595,
186.6601,
213.6343,
216.9665,
200.2302,
208.1994,
236,
236,
189.8561,
236,
222.3201,
236,
0,
2041, 
177.0804,
182.1655,
206.3704,
237.4,
177.8445,
209.9622,
224.5412,
237.4,
237.4,
182.6065,
198.1351,
204.4152,
223.2117,
189.0084,
223.4595,
187.9343,
213.6343,
216.9733,
200.3813,
208.2044,
237.4,
237.4,
189.9258,
237.4,
223.4418,
237.4,
0,
2042, 
177.5343,
182.9207,
206.9441,
238.8,
177.9956,
210.7057,
224.5412,
238.8,
238.8,
186.1609,
199.7357,
205.673,
223.3858,
190.5193,
223.4595,
188.5921,
214.5983,
217.1776,
200.8434,
208.2044,
238.8,
238.8,
191.3639,
238.8,
224.2434,
238.8,
0,
2043, 
178.0687,
183.7866,
207.532,
240.2,
178.1451,
211.4731,
224.5412,
240.2,
240.2,
190.4791,
201.5342,
207.0227,
224.1675,
191.8433,
223.4595,
189.2962,
214.5983,
217.2985,
202.7008,
208.2044,
240.2,
240.2,
193.0441,
240.2,
224.907,
240.2,
0,
2044, 
178.7238,
184.7978,
208.135,
241.6,
178.293,
212.2656,
224.5412,
241.6,
241.6,
195.7621,
203.575,
208.4765,
224.8794,
193.3652,
223.4595,
190.0533,
214.5983,
217.4191,
204.1641,
208.2044,
241.6,
241.6,
195.4689,
241.6,
225.2626,
241.6,
0,
2045, 
179.5719,
186.0054,
208.7538,
243,
178.439,
213.0851,
224.5412,
243,
243,
201.5942,
205.9166,
210.0489,
225.2092,
195.141,
223.4595,
190.872,
214.8065,
217.5394,
204.8173,
208.2044,
243,
243,
202.6068,
243,
226.2526,
243,
0,
2046, 
180.7579,
187.4874,
209.3893,
244.4,
178.5829,
221.7581,
224.5412,
244.4,
244.4,
207.6344,
208.6379,
211.757,
226.4067,
197.5024,
223.4595,
191.7624,
214.8065,
217.6594,
205.801,
208.2044,
244.4,
244.4,
209.0878,
244.4,
226.7774,
244.4,
0,
2047, 
182.7322,
189.3699,
210.0424,
245.8,
178.7245,
224.5423,
224.5412,
245.8,
245.8,
214.4479,
219.5602,
213.6217,
226.5233,
200.7717,
223.4595,
192.7371,
214.8065,
217.926,
206.3286,
209.4465,
245.8,
245.8,
215.906,
245.8,
227.3729,
245.8,
0,
2048, 
186.3142,
191.8696,
210.7144,
247.2,
178.8633,
226.43,
224.5412,
247.2,
247.2,
220.7322,
223.2836,
215.6681,
226.5885,
204.5049,
223.4595,
193.812,
214.8065,
218.0452,
206.8688,
210.7083,
247.2,
247.2,
222.8564,
247.2,
227.9487,
247.2,
0,
2049, 
197.517,
195.3939,
211.4061,
248.6,
178.9992,
227.1652,
224.5412,
248.6,
248.6,
227.4608,
227.303,
217.9273,
226.5885,
210.2991,
223.4595,
195.0071,
214.8065,
218.164,
207.422,
211.6555,
248.6,
248.6,
230.1432,
248.6,
228.905,
248.6,
0,
2050, 
223.2083,
200.8111,
212.1188,
250,
179.1315,
227.917,
224.5412,
250,
250,
234.9606,
232.2931,
220.4376,
226.5885,
217.1104,
223.4595,
196.3481,
214.8065,
218.2826,
207.9891,
212.104,
250,
250,
238.0247,
250,
229.9748,
250,
0,
2051, 
232.9671,
205.9911,
212.8539,
253,
179.2599,
228.6862,
224.5412,
253,
253,
240.7672,
232.7293,
223.2472,
226.5885,
218.1113,
223.4595,
197.8685,
214.8065,
218.4009,
208.5708,
213.0712,
253,
253,
238.6595,
253,
231.6407,
253,
0,
2052, 
235.7917,
206.3931,
214.3438,
256,
179.2599,
228.6862,
224.5412,
256,
256,
241.2848,
232.7419,
223.7033,
226.5885,
218.1113,
223.4595,
198.3797,
214.8065,
218.5114,
208.9103,
213.7536,
256,
256,
239.2428,
256,
232.4317,
256,
0,
2053, 
235.7917,
206.8016,
215.9475,
259,
179.2599,
228.6862,
224.5412,
259,
259,
241.7838,
232.7419,
224.165,
226.5885,
218.1113,
223.4595,
198.9078,
214.8065,
218.6217,
209.2534,
213.7536,
259,
259,
239.739,
259,
232.7909,
259,
0,
2054, 
235.7917,
207.2168,
217.6805,
262,
179.2599,
229.0347,
224.5412,
262,
262,
242.0048,
232.7419,
224.2289,
226.5885,
218.7914,
223.4595,
199.4542,
214.8065,
218.7316,
209.9879,
214.168,
262,
262,
240.1118,
262,
233.3537,
262,
0,
2055, 
235.7917,
207.6389,
219.5613,
262,
183.1304,
229.0347,
224.5412,
265,
265,
242.3286,
232.7419,
224.2289,
227.9476,
219.8854,
223.4595,
200.0202,
214.8065,
218.8411,
212.2482,
215.0862,
262,
262,
240.3216,
265,
234.9753,
265,
0,
2056, 
235.7917,
208.0684,
221.6117,
262.9146,
186.7124,
229.0347,
224.5412,
268,
268,
242.726,
232.7419,
224.2289,
227.9476,
220.1862,
224.3979,
200.6074,
214.8065,
218.9503,
213.7155,
215.8412,
262,
262.7255,
240.3216,
268,
235.4372,
268,
0,
2057, 
238.9277,
208.5055,
221.7299,
263.8428,
188.6805,
229.0347,
224.5412,
271,
271,
242.726,
232.7419,
224.2289,
227.9476,
222.2448,
225.27,
200.6605,
214.8065,
219.1421,
215.0234,
216.0834,
262,
263.8557,
240.3216,
271,
237.9723,
271,
0,
2058, 
238.9277,
208.9506,
221.8478,
264.541,
196.0915,
229.0347,
224.5412,
274,
274,
242.726,
232.7419,
224.2289,
227.9476,
223.922,
226.4394,
200.713,
214.8065,
224.4468,
216.6328,
216.0834,
262,
266.8098,
240.4909,
274,
239.7174,
274,
0,
2059, 
238.9277,
209.404,
221.9653,
264.541,
204.9162,
229.0347,
224.5412,
277,
277,
242.726,
232.7419,
224.6905,
227.9476,
225.2408,
226.4394,
200.7649,
214.8065,
228.138,
218.8574,
216.0834,
262,
267.623,
247.7183,
277,
239.8477,
277,
0,
2060, 
238.9277,
209.8661,
222.0826,
264.541,
223.7778,
229.0347,
224.5412,
280,
280,
242.726,
232.7419,
224.9098,
227.9476,
225.2408,
226.9524,
200.8163,
214.8065,
230.5604,
220.5295,
216.0834,
262,
268.532,
251.7681,
280,
240.0833,
280,
0,
2061, 
238.9277,
210.3374,
222.1996,
264.541,
266.2192,
229.8749,
224.5412,
283,
283,
242.726,
232.9037,
225.1749,
227.9476,
225.2408,
226.9524,
200.867,
214.8065,
235.0281,
221.5459,
216.0834,
262,
269.6092,
253.8327,
283,
240.7358,
283,
0,
2062, 
238.9277,
210.8014,
222.367,
264.541,
266.2192,
229.8749,
224.5412,
286,
286,
243.4894,
233.0827,
225.1749,
227.9476,
225.2408,
227.0401,
201.6364,
214.8065,
237.8367,
222.4512,
216.3681,
262,
270.7284,
255.5537,
286,
240.8866,
286,
0,
2063, 
238.9277,
211.2577,
222.367,
264.541,
271.9492,
229.8749,
224.5412,
289,
289,
243.8261,
233.0827,
225.1749,
227.9476,
225.2408,
227.8008,
202.4115,
214.8065,
240.7049,
223.366,
216.6458,
262,
274.9224,
257.6711,
289,
244.6691,
289,
0,
2064, 
238.9277,
211.7058,
222.367,
264.541,
279.3696,
229.8749,
224.5412,
292,
292,
244.3711,
233.0827,
226.6805,
227.9476,
227.0962,
228.216,
203.1931,
214.8065,
242.5625,
224.2909,
217.231,
262,
275.9975,
258.2179,
292,
247.6112,
292,
0,
2065, 
238.9277,
212.1456,
222.367,
264.541,
281.5194,
229.8749,
224.5412,
295,
295,
244.3711,
233.0827,
226.6805,
227.9476,
229.2739,
230.0946,
203.9819,
214.8065,
246.3722,
225.2267,
217.901,
262,
277.0893,
258.5793,
295,
247.8974,
295,
0,
2066, 
238.9277,
212.5763,
222.367,
264.541,
281.5194,
229.8749,
224.5412,
298,
298,
244.3711,
236.2321,
226.6805,
227.9476,
231.6152,
230.0946,
204.7792,
214.8065,
252.3877,
226.1742,
218.5007,
262,
278.1087,
258.7219,
298,
247.9739,
298,
0,
2067, 
238.9277,
212.9977,
222.367,
265.7583,
281.5194,
229.8749,
224.5412,
301,
301,
244.3711,
236.0921,
226.6805,
228.1389,
231.6152,
232.5551,
205.1994,
214.8065,
256.6517,
226.6427,
218.7258,
264.0511,
279.0278,
258.7219,
301,
249.2924,
301,
0,
2068, 
238.9277,
213.4093,
222.367,
265.7583,
281.5194,
229.8749,
224.5412,
304,
304,
244.3711,
236.0005,
226.6805,
228.1389,
231.6152,
233.098,
205.6048,
214.8065,
257.3509,
227.1054,
218.9196,
264.0511,
279.5524,
258.7219,
304,
252.5281,
304,
0,
2069, 
238.9277,
213.8104,
222.367,
268.6214,
281.8692,
229.8749,
224.5412,
307,
307,
244.3711,
236.0005,
226.6805,
228.1389,
231.6152,
234.0275,
205.9943,
214.8065,
260.1477,
227.562,
219.1065,
264.0511,
285.5481,
258.8442,
307,
253.5411,
307,
0,
2070, 
238.8719,
214.2005,
222.367,
272.2461,
281.8692,
229.8749,
224.5412,
310,
310,
244.3711,
236.0005,
226.6805,
228.1389,
231.6152,
235.3171,
206.3666,
214.8065,
261.9074,
228.0124,
219.2865,
276.506,
290.0519,
258.8924,
310,
257.8129,
310,
0,
2071, 
238.9277,
214.579,
222.367,
274.7377,
281.8692,
229.8749,
224.5412,
313,
313,
244.3711,
232.8931,
226.6805,
228.1389,
231.6152,
237.1262,
206.7202,
214.8065,
263.8085,
228.4562,
219.4594,
280.8931,
298.4039,
258.967,
313,
257.8129,
313,
0,
2072, 
238.9277,
214.9452,
222.6805,
274.7377,
281.8692,
231.1594,
224.5412,
316,
316,
245.4619,
230.3744,
226.8013,
228.7307,
231.6152,
240.9367,
207.6448,
215.1839,
268.7206,
229.1646,
220.3514,
289.3213,
301.9981,
258.967,
316,
258.8639,
316,
0,
2073, 
238.9277,
215.2984,
222.9849,
274.7377,
281.8692,
232.4891,
224.5412,
319,
319,
247.0282,
230.4137,
226.9175,
229.2282,
231.6152,
247.599,
208.6095,
215.5485,
272.163,
229.8732,
221.3702,
289.3213,
304.2539,
258.967,
319,
259.4371,
319,
0,
2074, 
238.9277,
215.6379,
223.2799,
274.7377,
281.8692,
233.8695,
224.5412,
322,
322,
247.4146,
230.4137,
227.6643,
229.4367,
231.6152,
252.4054,
209.6258,
215.8996,
273.1881,
230.5823,
222.3127,
289.3213,
306.2526,
258.967,
322,
263.2415,
322,
0,
2075, 
238.9277,
215.9627,
223.5651,
275.3228,
281.8692,
235.3069,
224.5412,
325,
325,
247.7071,
228.5979,
229.056,
229.8684,
231.6152,
255.8121,
210.7106,
216.2362,
275.078,
231.2917,
223.2221,
289.3213,
306.6422,
258.967,
325,
265.6264,
325,
0,
2076, 
239.2211,
216.272,
223.8402,
278.5638,
281.8692,
236.809,
224.5412,
328,
328,
247.8504,
228.5872,
234.8208,
230.2592,
231.6152,
258.8441,
211.8888,
216.5574,
279.2476,
232.0017,
224.09,
289.3213,
307.1254,
258.967,
328,
266.565,
328,
0,
2077, 
239.6352,
216.5649,
224.0514,
282.5697,
281.8692,
236.8284,
224.5412,
331,
331,
247.8504,
228.5872,
244.7446,
230.3961,
232.5858,
261.1782,
213.4589,
217.0103,
281.8558,
232.3291,
225.1971,
296.5871,
308.7545,
258.967,
331,
266.7007,
331,
0,
2078, 
240.0428,
216.8402,
224.2528,
290.2799,
281.8692,
236.8471,
224.5412,
334,
334,
247.8504,
228.6104,
244.7986,
231.2375,
233.575,
262.6558,
215.3741,
217.4469,
284.2658,
232.6483,
226.3481,
300.7488,
312.7771,
258.967,
334,
267.5732,
334,
0,
2079, 
240.4436,
217.0967,
239.1178,
293.907,
281.8692,
236.8651,
224.5412,
337,
337,
247.8504,
228.6392,
245.5533,
232.9585,
234.5848,
263.3956,
215.9289,
217.8654,
286.0097,
232.9588,
227.5503,
316.3157,
316.6413,
258.967,
337,
268.6232,
337,
0,
2080, 
240.8374,
217.3333,
242.78,
296.5796,
281.8692,
236.8822,
224.5412,
340,
340,
247.8504,
230.3842,
247.2428,
235.6288,
235.6174,
263.9726,
216.0055,
218.264,
287.4666,
233.2604,
228.8131,
320.8759,
317.571,
258.967,
340,
273.6354,
340,
0,
2081, 
241.2241,
217.5485,
258.3565,
296.5796,
281.8692,
236.8986,
224.5412,
343,
343,
248.2845,
230.3359,
248.9925,
237.3113,
236.6755,
264.566,
216.0718,
218.6405,
287.5264,
233.4914,
230.1759,
322.9745,
318.5957,
258.9979,
343,
277.9398,
343,
0,
2082, 
241.6033,
217.7408,
267.2032,
296.8289,
281.8692,
236.8986,
224.5412,
346,
346,
250.2026,
230.2861,
249.5219,
238.4239,
237.2464,
265.0967,
216.1274,
220.8537,
288.1456,
233.4914,
231.2467,
324.2284,
320.9621,
259.0282,
346,
282.2424,
346,
0,
2083, 
241.9747,
217.9086,
272.9922,
297.7156,
281.8692,
236.8986,
224.5412,
349,
349,
250.4645,
230.2835,
249.4132,
239.1524,
238.2618,
265.6587,
216.1723,
223.5441,
290.192,
234.862,
232.034,
324.2284,
323.1308,
259.0282,
349,
284.7766,
349,
0,
2084, 
242.3382,
219.2785,
284.3031,
297.7156,
281.8692,
236.8986,
224.5412,
352,
352,
250.5999,
230.2587,
249.4872,
239.7142,
241.8929,
266.2122,
216.206,
225.396,
291.8388,
235.5355,
232.5576,
324.2284,
324.9447,
259.0282,
352,
286.8686,
352,
0,
2085, 
242.6933,
221.0715,
286.5298,
297.7926,
281.8692,
236.8986,
224.5412,
355,
355,
255.0352,
230.2587,
248.6095,
240.1072,
245.1534,
267.0059,
216.2283,
227.6973,
294.5664,
236.2074,
233.0715,
324.2284,
326.7927,
259.0282,
355,
288.3501,
355,
0,
2086, 
243.395,
221.3207,
286.5298,
300.743,
281.8692,
236.8986,
224.5412,
358,
358,
258.0747,
230.2587,
246.8619,
242.5985,
245.1534,
267.5027,
217.1258,
227.6973,
296.3246,
237.6622,
234.9229,
324.2284,
327.2053,
259.0282,
358,
289.3269,
358,
0,
2087, 
244.1624,
221.5514,
286.5298,
304.5517,
281.8692,
236.8986,
224.5412,
361,
361,
258.0747,
228.5155,
240.31,
245.4185,
245.1534,
268.1784,
219.1085,
227.6973,
300.0688,
237.6622,
237.3574,
324.2284,
327.6549,
259.0282,
361,
290.3112,
361,
0,
2088, 
245.0002,
221.7522,
286.5298,
307.6142,
281.8692,
237.0746,
224.5412,
364,
364,
258.0747,
228.5006,
236.5988,
248.5135,
246.3035,
269.0515,
219.2,
227.6973,
301.2546,
261.8282,
241.7679,
324.2284,
328.855,
259.0282,
364,
290.3112,
364,
0,
2089, 
245.9143,
221.9083,
286.5298,
308.7628,
281.8692,
237.0746,
225.6253,
367,
367,
258.0747,
228.4931,
234.6313,
252.1718,
247.1759,
269.4266,
367,
227.6973,
301.2586,
261.8282,
246.0739,
324.2284,
330.6638,
259.0282,
367,
290.7448,
367,
0,
2090, 
360.7625,
222,
286.5298,
311.27,
281.8692,
237.0746,
225.6253,
370,
370,
258.0747,
228.4924,
237.2913,
252.7689,
248.0975,
269.9582,
370,
227.6973,
302.7527,
276.4963,
255.0289,
324.2284,
332.2857,
259.0282,
370,
295.5449,
370,
0,
2091, 
362.3512,
373,
286.5298,
313.2516,
281.8692,
237.2376,
231.2698,
373,
373,
258.0747,
228.4924,
238.5878,
253.6261,
248.0975,
270.4496,
373,
227.6973,
302.7623,
276.4963,
256.1664,
324.2284,
333.6336,
259.0282,
373,
299.0003,
373,
0,
2092, 
362.3512,
376,
295.7181,
314.7152,
281.8692,
237.2376,
231.2698,
376,
376,
258.0747,
227.4736,
238.5878,
257.0208,
248.1517,
315.9212,
376,
227.6973,
311.3779,
289.5296,
274.4554,
324.2284,
333.9876,
260.0737,
376,
302.4461,
376,
0,
2093, 
362.3512,
379,
321.6725,
317.2526,
281.8692,
237.2376,
231.2698,
379,
379,
258.0747,
227.3723,
245.1737,
261.5926,
251.4159,
318.5436,
379,
229.4301,
316.399,
289.5296,
288.1864,
324.2284,
335.4782,
261.1781,
379,
305.0237,
379,
0,
2094, 
362.3512,
382,
341.8795,
317.2526,
281.8692,
237.2376,
231.2698,
382,
382,
258.0747,
307.5832,
315.252,
266.7849,
256.6222,
319.8799,
382,
232.7918,
317.5616,
293.628,
295.397,
324.2284,
335.674,
261.7061,
382,
308.8282,
382,
0,
2095, 
362.3512,
385,
343.4157,
317.2526,
281.8692,
241.7424,
231.2698,
385,
385,
258.0747,
338.0245,
358.3024,
270.0197,
259.8944,
320.9731,
385,
234.0002,
317.8048,
295.6397,
297.4883,
324.2284,
335.674,
261.9082,
385,
309.3515,
385,
0,
2096, 
362.3512,
388,
343.4157,
317.3386,
281.8692,
244.2484,
232.6856,
388,
388,
258.0747,
338.0245,
366.7659,
272.0665,
261.7781,
322.4796,
388,
238.0754,
318.5317,
298.1555,
301.7919,
324.2284,
335.7313,
262.0803,
388,
310.4055,
388,
0,
2097, 
362.3512,
391,
343.4157,
317.7732,
281.8692,
245.4416,
232.6856,
391,
391,
258.2895,
342.3288,
371.6,
277.4508,
264.3405,
323.9023,
391,
238.0754,
319.6413,
303.1161,
307.8391,
324.2284,
335.8109,
262.3088,
391,
315.5536,
391,
0,
2098, 
362.3512,
394,
343.4157,
318.3665,
281.8692,
245.5839,
233.2,
394,
394,
258.7072,
348.9073,
372.7866,
281.1225,
265.5561,
325.1869,
394,
238.0754,
324.1686,
303.2544,
312.4815,
324.2284,
335.8109,
264.2635,
394,
316.4219,
394,
0,
2099, 
362.3512,
397,
343.4157,
318.5241,
281.8692,
245.5839,
397,
397,
397,
259.3251,
370.7664,
373.231,
284.1584,
265.5561,
326.7088,
397,
238.0754,
325.4497,
311.5799,
317.2622,
324.2284,
335.8109,
265.8191,
397,
317.6873,
397,
0,
2100, 
362.3512,
400,
343.4157,
321.2852,
281.8692,
245.5839,
400,
400,
400,
261.5647,
382.6208,
371.2428,
285.3804,
265.5561,
328.6553,
400,
238.0754,
325.7708,
313.3293,
320.7372,
324.2284,
335.8109,
266.0765,
400,
319.0297,
=======
=======
>>>>>>> 4d9e712909650e13193c45904b75652afa554b9e
173.8426,
185.9862,
220.8587,
184.834,
220.3977,
183.5198,
215.4231,
215.1588,
193.1422,
206.9229,
229,
229,
175.0255,
229,
217.0812,
229,
0,
2036, 
175.8052,
179.5999,
196.8142,
230.4,
177.8445,
212.1475,
222.5523,
230.4,
230.4,
175.6332,
174.1079,
187.0664,
221.2194,
185.3752,
223.4625,
184.7758,
215.4231,
215.8213,
193.3006,
206.9229,
230.4,
230.4,
176.1635,
230.4,
218.5451,
230.4,
0,
2037, 
175.8131,
180.1598,
196.8142,
231.8,
177.8445,
212.739,
222.5523,
231.8,
231.8,
175.6332,
174.2391,
187.0664,
221.896,
185.9983,
223.4625,
185.827,
215.4776,
216.014,
193.3716,
206.9229,
231.8,
231.8,
177.9863,
231.8,
219.1719,
231.8,
0,
2038, 
176.3387,
181.0534,
196.8142,
233.2,
177.8445,
212.7941,
223.358,
233.2,
233.2,
175.6332,
174.3715,
187.0664,
222.4556,
186.2805,
223.4625,
186.0682,
215.4776,
216.0216,
193.5715,
206.9229,
233.2,
233.2,
178.8489,
233.2,
220.1306,
233.2,
0,
2039, 
176.6996,
181.7454,
196.8142,
234.6,
177.8445,
212.7941,
224.5345,
234.6,
234.6,
175.6332,
174.4929,
187.0664,
222.6967,
188.8687,
223.4625,
186.0826,
215.4776,
216.1522,
194.2148,
207.1728,
234.6,
234.6,
180.1079,
234.6,
221.521,
234.6,
0,
2040, 
177.0986,
181.825,
196.8142,
236,
177.8445,
212.7941,
224.5345,
236,
236,
175.6332,
174.6201,
187.3707,
222.9225,
188.8687,
223.4625,
186.6601,
215.4776,
216.1596,
194.8949,
207.6581,
236,
236,
182.0842,
236,
222.7172,
236,
0,
2041, 
177.4664,
182.1655,
196.8142,
237.4,
177.8445,
212.7941,
224.5345,
237.4,
237.4,
175.6332,
174.8276,
191.7992,
223.3086,
189.2901,
223.4625,
187.9343,
215.4776,
216.1669,
195.6306,
207.7023,
237.4,
237.4,
182.3707,
237.4,
223.8718,
237.4,
0,
2042, 
177.9316,
182.9207,
197.4316,
238.8,
177.9956,
213.4542,
224.5345,
238.8,
238.8,
176.7311,
175,
196.1742,
223.6425,
190.7964,
223.4625,
188.5921,
215.4776,
216.5435,
196.6371,
207.7023,
238.8,
238.8,
183.4414,
238.8,
224.6864,
238.8,
0,
2043, 
178.4735,
183.7866,
198.0732,
240.2,
178.1451,
214.131,
224.5345,
240.2,
240.2,
178.2321,
175.1724,
199.6222,
223.7598,
192.1306,
223.4625,
189.2962,
215.4776,
216.6736,
197.5759,
207.7023,
240.2,
240.2,
184.5816,
240.2,
225.373,
240.2,
0,
2044, 
179.1267,
184.7978,
198.741,
241.6,
178.293,
214.8253,
224.5345,
241.6,
241.6,
180.3669,
175.3448,
201.5888,
223.9896,
193.6627,
223.4625,
190.0533,
215.4776,
216.8035,
198.3051,
207.7023,
241.6,
241.6,
186.0104,
241.6,
225.7151,
241.6,
0,
2045, 
180.2924,
186.0054,
199.4371,
243,
178.439,
215.538,
224.5345,
243,
243,
183.2478,
175.5172,
207.4075,
225.0016,
195.448,
223.4625,
190.872,
215.4776,
216.9331,
199.1326,
207.7023,
243,
243,
187.7932,
243,
226.7159,
243,
0,
2046, 
181.4629,
187.4874,
200.1642,
244.4,
178.5829,
216.659,
224.5345,
244.4,
244.4,
189.4944,
175.6897,
212.4029,
225.0016,
197.5642,
223.4625,
191.7624,
215.4776,
217.0624,
199.6545,
208.4008,
244.4,
244.4,
190.1653,
244.4,
227.121,
244.4,
0,
2047, 
183.1776,
189.3699,
200.9252,
245.8,
178.7245,
220.3887,
224.5345,
245.8,
245.8,
194.8637,
175.8621,
216.4993,
225.5841,
201.3831,
223.4625,
192.7371,
215.4776,
217.1915,
200.302,
209.6562,
245.8,
245.8,
194.0586,
245.8,
227.2277,
245.8,
0,
2048, 
186.0481,
191.8696,
201.723,
247.2,
178.8633,
222.0884,
224.5345,
247.2,
247.2,
200.0398,
176.0345,
220.2319,
226.1873,
205.6454,
223.4625,
193.812,
215.4776,
218.4314,
200.8567,
210.7072,
247.2,
247.2,
199.9249,
247.2,
227.3921,
247.2,
0,
2049, 
192.1524,
195.3939,
202.5614,
248.6,
178.9992,
223.1385,
224.5345,
248.6,
248.6,
207.4837,
176.2069,
223.5388,
226.2151,
209.8894,
223.4625,
195.0071,
215.4776,
218.9763,
201.4288,
210.7072,
248.6,
248.6,
216.5184,
248.6,
228.1607,
248.6,
0,
2050, 
215.9998,
200.8111,
203.4445,
250,
179.1315,
223.8878,
224.5345,
250,
250,
222.0236,
250,
227.3506,
226.2151,
216.8696,
223.4625,
196.3481,
215.4776,
222.4439,
202.0197,
210.7072,
250,
250,
237.5639,
250,
228.958,
250,
0,
2051, 
215.9998,
205.9911,
204.3768,
253,
179.2599,
224.6559,
224.5345,
253,
253,
237.5077,
253,
231.7999,
226.2397,
217.9707,
223.4625,
197.8685,
215.4776,
223.3746,
202.6307,
210.7072,
253,
253,
238.2821,
253,
230.6854,
253,
0,
2052, 
215.9998,
206.3931,
206.3419,
256,
191.2296,
224.6559,
224.5345,
256,
256,
237.5914,
256,
232.5416,
226.6548,
218.8634,
223.4625,
198.3797,
215.4776,
223.4855,
202.9895,
211.9297,
256,
256,
238.2821,
256,
231.8154,
256,
0,
2053, 
215.9998,
206.8016,
208.5831,
259,
191.2296,
224.8272,
224.5345,
259,
259,
237.5914,
259,
233.299,
227.472,
218.8634,
223.4625,
198.9078,
215.4776,
227.2673,
203.3536,
213.0453,
259,
259,
238.2821,
259,
232.1068,
259,
0,
2054, 
215.9998,
207.2168,
211.1695,
262,
193.8226,
224.8947,
224.5345,
262,
262,
239.3496,
262,
233.5304,
227.593,
218.8634,
223.4625,
199.4542,
215.4776,
227.3729,
203.7232,
214.2035,
262,
262,
238.2821,
262,
232.6477,
262,
0,
2055, 
215.9998,
207.6389,
214.1954,
262,
197.1408,
224.8947,
224.5345,
265,
265,
239.3496,
265,
233.7425,
227.593,
219.2406,
223.4625,
200.0202,
215.4776,
227.4782,
204.0985,
214.857,
265,
265,
238.2821,
265,
234.9568,
265,
0,
2056, 
215.9998,
208.0684,
217.793,
263.3438,
197.1408,
224.8947,
224.5345,
268,
268,
239.3496,
268,
233.8992,
227.593,
220.2638,
223.8285,
200.6074,
215.4776,
227.5833,
204.4798,
215.0108,
268,
268,
239.146,
268,
235.1095,
268,
0,
2057, 
215.9998,
208.5055,
218.0108,
263.7723,
203.0175,
224.8947,
224.5345,
271,
271,
239.3496,
271,
234.22,
227.593,
220.3885,
225.9854,
200.6605,
215.4776,
227.7677,
205.2849,
215.0108,
268,
268,
239.94,
271,
235.6222,
271,
0,
2058, 
215.9998,
208.9506,
218.229,
263.7723,
209.9952,
224.8947,
224.5345,
274,
274,
239.3496,
274,
234.329,
227.863,
221.9994,
227.5874,
200.713,
215.4776,
227.9522,
206.1307,
215.0108,
269.4617,
268.4351,
240.6092,
274,
237.984,
274,
0,
2059, 
215.9998,
209.404,
218.4478,
263.7723,
219.1661,
224.8947,
224.5345,
277,
277,
243.0313,
277,
234.329,
227.9203,
223.7048,
227.5874,
200.7649,
215.4776,
232.8679,
207.0212,
215.0108,
269.4617,
269.5896,
241.1627,
277,
238.0749,
277,
0,
2060, 
215.9998,
209.8661,
218.6671,
263.7723,
236.0088,
224.8947,
224.5345,
280,
280,
245.5676,
280,
234.329,
228.0759,
224.6876,
227.8868,
200.8163,
215.4776,
238.6002,
207.961,
215.0108,
269.4617,
274.5979,
241.88,
280,
238.5425,
280,
0,
2061, 
215.9998,
210.3374,
218.8869,
263.7723,
257.9012,
224.9271,
224.5345,
283,
283,
246.843,
283,
234.329,
228.2543,
224.6876,
227.8868,
200.867,
215.4776,
240.3313,
208.9554,
215.0108,
273.2469,
276.331,
244.0367,
283,
239.3919,
283,
0,
2062, 
215.9998,
210.8014,
219.203,
263.7723,
257.9012,
224.9271,
224.5345,
286,
286,
246.843,
286,
234.329,
228.4566,
224.6876,
227.8868,
201.6364,
215.4776,
243.2181,
209.9566,
215.8453,
273.2469,
277.5983,
245.0352,
286,
239.3919,
286,
0,
2063, 
215.9998,
211.2577,
219.203,
264.1516,
266.3886,
224.9271,
224.5345,
289,
289,
246.843,
289,
234.329,
228.569,
224.6876,
229.1272,
202.4115,
215.4776,
246.0768,
210.9805,
216.6327,
273.2469,
278.5386,
248.7122,
289,
243.0417,
289,
0,
2064, 
215.9998,
211.7058,
219.203,
264.1516,
271.6183,
226.1736,
224.5345,
292,
292,
246.843,
292,
234.329,
228.624,
226.5224,
230.0745,
203.1931,
215.4776,
248.2337,
212.0298,
217.1712,
273.2469,
278.597,
250.945,
292,
245.0602,
292,
0,
2065, 
215.9998,
212.1456,
219.203,
264.1516,
271.6183,
226.1736,
224.5345,
295,
295,
246.9699,
295,
234.329,
228.624,
228.6753,
230.0745,
203.9819,
215.4776,
250.0209,
213.1075,
217.4421,
273.2469,
278.9055,
253.5407,
295,
245.0602,
295,
0,
2066, 
215.9998,
212.5763,
219.203,
266.4344,
274.1005,
226.1736,
224.5345,
298,
298,
248.4417,
298,
234.329,
228.624,
230.9897,
230.0745,
204.7792,
215.4776,
252.7638,
214.2174,
217.7056,
273.2469,
281.0759,
255.8724,
298,
246.0376,
298,
0,
2067, 
215.9998,
212.9977,
219.203,
266.4344,
274.1005,
226.1736,
224.5345,
301,
301,
249.3333,
301,
234.329,
228.624,
230.9897,
230.0745,
205.1994,
215.4776,
255.4626,
214.7715,
218.259,
273.2469,
286.3138,
257.3459,
301,
247.9987,
301,
0,
2068, 
215.9998,
213.4093,
219.203,
275.9564,
274.1005,
226.1736,
224.5345,
304,
304,
254.1006,
304,
234.329,
228.624,
230.9897,
230.3007,
205.6048,
215.4776,
258.0006,
215.3192,
218.7281,
273.2469,
288.9491,
258.3537,
304,
249.051,
304,
0,
2069, 
215.9998,
213.8104,
219.203,
280.3412,
274.1005,
226.1736,
224.5345,
307,
307,
257.5375,
307,
234.329,
228.624,
230.9897,
231.2878,
205.9943,
215.4776,
260.2722,
215.86,
218.9556,
273.2469,
288.9491,
259.037,
307,
254.2971,
307,
0,
2070, 
215.9998,
214.2005,
219.203,
280.3412,
274.1005,
226.1736,
224.5345,
310,
310,
259.7529,
310,
234.329,
228.7841,
230.9897,
232.7943,
206.3666,
215.4776,
264.8972,
216.3936,
219.5667,
273.2469,
289.5053,
259.536,
310,
257.8468,
310,
0,
2071, 
215.9998,
214.579,
219.203,
281.7267,
274.1005,
226.1736,
224.5345,
313,
313,
259.7529,
313,
234.329,
229.1059,
230.9897,
233.1572,
206.7202,
215.4776,
268.7541,
216.9193,
219.7455,
275.4679,
290.1776,
259.9182,
313,
257.8468,
313,
0,
2072, 
215.9998,
214.9452,
219.7785,
281.7267,
274.1005,
227.4205,
224.5345,
316,
316,
262.4576,
316,
234.5391,
229.4194,
230.9897,
233.9644,
207.6448,
215.7907,
271.188,
217.7633,
220.5908,
279.4073,
290.1776,
260.0323,
316,
259.0292,
316,
0,
2073, 
215.9998,
215.2984,
220.3479,
281.7267,
274.1005,
228.7136,
224.5345,
319,
319,
264.8035,
319,
234.7438,
229.6643,
230.9897,
242.225,
208.6095,
216.0916,
272.6301,
218.6191,
221.4466,
281.5675,
290.1906,
260.2371,
319,
259.6291,
319,
0,
2074, 
215.9998,
215.6379,
220.9106,
282.5059,
274.1005,
230.059,
224.5345,
322,
322,
266.7909,
322,
234.9432,
229.8326,
230.9897,
243.4736,
209.6258,
216.3796,
274.2654,
219.4881,
222.314,
289.8504,
297.9678,
260.4243,
322,
260.9453,
322,
0,
2075, 
215.9998,
215.9627,
221.4661,
287.7805,
274.1005,
231.464,
224.5345,
325,
325,
267.8394,
325,
235.137,
231.4859,
230.9897,
244.2739,
210.7106,
216.6542,
276.5647,
220.3721,
223.637,
293.7782,
301.8539,
260.6294,
325,
262.6195,
325,
0,
2076, 
216.4531,
216.272,
222.0139,
292.3006,
274.1005,
232.9371,
224.5345,
328,
328,
268.365,
328,
235.3253,
233.9754,
230.9897,
244.2898,
211.8888,
216.9145,
281.9976,
221.2733,
225.0236,
297.3697,
302.5953,
260.6347,
328,
263.0829,
328,
0,
2077, 
217.0913,
216.5649,
222.4431,
298.9601,
274.1005,
232.9562,
224.5345,
331,
331,
268.365,
331,
235.3994,
236.1697,
231.9422,
244.3187,
213.4589,
217.2783,
284.3424,
221.6923,
226.2061,
297.3697,
302.5953,
261.1131,
331,
265.0111,
331,
0,
2078, 
217.7236,
216.8402,
222.8602,
302.4145,
274.1005,
232.9744,
224.5345,
334,
334,
268.365,
334,
235.4706,
237.5548,
232.912,
244.3514,
215.3741,
217.6248,
286.7023,
222.0985,
227.4419,
297.3697,
302.5953,
261.4029,
334,
267.3476,
334,
0,
2079, 
218.3491,
217.0967,
223.2643,
304.5826,
274.1005,
232.9918,
224.5345,
337,
337,
268.365,
337,
235.5389,
238.7571,
233.9011,
244.563,
215.9289,
217.9526,
288.3498,
222.4911,
228.7402,
297.3697,
302.8698,
261.4029,
337,
271.5989,
337,
0,
2080, 
218.9668,
217.3333,
223.6545,
304.5826,
274.1005,
233.0083,
224.5345,
340,
340,
268.365,
340,
235.6044,
239.7184,
234.9115,
244.563,
216.0055,
218.2603,
289.9872,
222.8691,
230.1127,
297.3697,
302.8698,
261.4029,
340,
276.7586,
340,
0,
2081, 
219.5754,
217.5485,
224.03,
305.0106,
274.1005,
233.024,
224.5345,
343,
343,
269.8082,
343,
235.6671,
240.4866,
236.6804,
244.7495,
216.0718,
218.5461,
290.037,
223.1545,
231.5741,
299.5962,
302.8698,
261.4498,
343,
280.1031,
343,
0,
2082, 
220.1732,
217.7408,
224.03,
306.1676,
274.1005,
233.024,
224.5345,
346,
346,
269.8082,
346,
235.7793,
241.0772,
237.6589,
244.7495,
216.1274,
220.1189,
290.3702,
223.1545,
232.4956,
299.5962,
302.8698,
261.6031,
346,
282.5983,
346,
0,
2083, 
220.7583,
217.9086,
224.03,
306.2422,
274.1005,
233.024,
224.5345,
349,
349,
271.6754,
349,
235.7793,
241.7236,
237.9384,
244.755,
216.1723,
221.7838,
290.373,
224.8326,
233.3043,
299.5962,
302.8698,
261.6135,
349,
284.5622,
349,
0,
2084, 
221.328,
219.2785,
224.03,
310.3194,
274.1005,
233.024,
224.5345,
352,
352,
271.6754,
352,
237.0022,
242.2007,
240.6178,
244.8552,
216.206,
222.7746,
291.5588,
225.7094,
233.8818,
299.5962,
302.893,
261.6135,
352,
285.5392,
352,
0,
2085, 
221.8793,
221.0715,
224.03,
313.9869,
274.1005,
233.024,
224.5345,
355,
355,
272.0623,
355,
237.7785,
242.5314,
243.7573,
245.1362,
216.2283,
223.8324,
295.2126,
226.6125,
234.4525,
299.5962,
303.0309,
261.6135,
355,
285.5392,
355,
0,
2086, 
222.4076,
221.3207,
224.03,
316.1693,
274.1005,
233.024,
224.5345,
358,
358,
272.1526,
358,
238.8832,
244.9594,
243.7573,
247.4346,
217.1258,
223.8324,
295.2126,
228.7639,
236.2609,
299.5962,
303.7484,
261.6135,
358,
286.5688,
358,
0,
2087, 
222.9569,
221.5514,
224.03,
316.3021,
274.1005,
233.024,
224.5345,
361,
361,
272.1526,
361,
238.973,
247.544,
244.6785,
248.1977,
219.1085,
223.8324,
299.7112,
228.7639,
238.9064,
299.5962,
303.7484,
261.6135,
361,
287.6082,
361,
0,
2088, 
223.5239,
221.7522,
224.03,
320.2097,
274.1005,
233.1792,
224.5345,
364,
364,
272.1526,
364,
240.4924,
250.2582,
245.5299,
249.075,
219.2,
223.8324,
302.8347,
231.2571,
243.9749,
300.0738,
303.779,
261.6135,
364,
287.8888,
364,
0,
2089, 
224.1047,
221.9083,
224.03,
322.3012,
274.1005,
233.1792,
225.6136,
367,
367,
272.1526,
367,
240.4924,
253.3771,
246.0591,
249.2617,
367,
223.8324,
304.4236,
231.2571,
248.9785,
301.5795,
305.0852,
261.6135,
367,
287.9824,
367,
0,
2090, 
224.6939,
222,
224.03,
324.8604,
274.1005,
233.1792,
225.6136,
370,
370,
272.1526,
370,
240.4961,
253.4268,
246.0591,
249.548,
370,
223.8324,
305.2361,
231.2571,
259.9545,
301.5795,
305.0852,
261.6135,
370,
290.9828,
370,
0,
2091, 
241.6,
373,
224.03,
328.4508,
274.1005,
233.3129,
231.1924,
373,
373,
272.1526,
373,
240.85,
253.5367,
246.0591,
251.3864,
373,
223.8324,
305.2439,
231.2571,
259.9545,
301.5795,
305.7237,
261.6135,
373,
291.9825,
373,
0,
2092, 
241.6,
376,
224.8,
332.5997,
274.1005,
233.3129,
231.1924,
376,
376,
272.1526,
376,
240.85,
255.9709,
246.0591,
306.4122,
376,
225.596,
312.4381,
231.2571,
260.6537,
301.5795,
305.7237,
261.6135,
376,
294.7091,
376,
0,
2093, 
241.6,
379,
379,
332.5997,
274.1005,
233.3129,
231.1924,
379,
379,
272.1526,
379,
240.85,
259.5716,
250.3436,
310.6885,
379,
226.5605,
317.9956,
231.957,
262.0195,
301.5795,
305.7237,
261.6135,
379,
295.0747,
379,
0,
2094, 
241.6,
382,
382,
332.5997,
274.1005,
234.5578,
231.1924,
382,
382,
272.1526,
382,
242.9967,
266.8532,
255.7497,
317.8927,
382,
230.4,
319.1947,
233.8125,
262.9522,
301.5795,
305.7237,
264.8006,
382,
296.5814,
382,
0,
2095, 
241.6,
385,
385,
332.5997,
274.1005,
242.163,
231.1924,
385,
385,
272.1526,
385,
245.0296,
269.8091,
259.424,
322.9403,
385,
230.4,
319.6736,
236.3421,
264.7196,
301.5795,
305.7237,
265.7902,
385,
297.0501,
385,
0,
2096, 
241.6,
388,
388,
333.0268,
274.1005,
246.8864,
232.6528,
388,
388,
272.1526,
388,
245.0296,
272.041,
261.5993,
327.9299,
388,
230.4,
323.3358,
236.7062,
264.7196,
301.5795,
305.7237,
266.9305,
388,
298.1297,
388,
0,
2097, 
241.6,
391,
391,
333.676,
274.1005,
249.3835,
232.6528,
391,
391,
272.1526,
391,
245.0296,
276.6791,
264.3824,
334.9427,
391,
391,
325.3707,
236.8451,
264.7196,
301.5795,
305.7237,
270.3856,
391,
298.776,
391,
0,
2098, 
241.6,
394,
394,
333.676,
274.1005,
249.6249,
233.2,
394,
394,
272.1526,
394,
245.0296,
281.8651,
265.7384,
336.6606,
394,
394,
326.0672,
237.1677,
265.5659,
301.5795,
305.7237,
272.8006,
394,
299.7841,
394,
0,
2099, 
241.6,
397,
397,
333.7464,
274.1005,
249.6249,
397,
397,
397,
272.1526,
397,
245.0296,
283.7846,
265.7384,
338.7932,
397,
397,
327.8998,
237.4799,
266.7956,
301.5795,
306.3019,
273.1226,
397,
301.3938,
397,
0,
2100, 
241.6,
400,
400,
333.7464,
274.1005,
249.6249,
400,
400,
400,
272.1526,
400,
245.0296,
285.5141,
265.7384,
340.6945,
400,
400,
329.3599,
238.3126,
268.7897,
301.5795,
307.3111,
273.8594,
400,
304.0095,
<<<<<<< HEAD
>>>>>>> 29fc07e (Remove T2MAT folder level)
=======
>>>>>>> 4d9e712909650e13193c45904b75652afa554b9e
400,
0];
