real main.em.ep.ncl.NuclFuelEff[27](t) = [1971, 
170,
170,
170,
170,
170,
170,
170,
170,
170,
170,
170,
170,
170,
170,
170,
170,
170,
170,
170,
170,
170,
170,
170,
170,
170,
170,
0,
1972, 
170,
170,
170.3448,
170,
170.3448,
170.3448,
170.3448,
170.3448,
170.3448,
170.3448,
170,
170.3448,
170.3448,
170.3448,
170.3448,
170,
170.3448,
170,
170.3448,
170.3448,
170.3448,
170.3448,
170,
170.3448,
170.3448,
170.3448,
0,
1973, 
170.1724,
170.1724,
170.6897,
170.1724,
170.6897,
170.6897,
170.6897,
170.6897,
170.6897,
170.6897,
170.1724,
170.6897,
170.6897,
170.6897,
170.6897,
170.1724,
170.6897,
170.1724,
170.6897,
170.6897,
170.6897,
170.6897,
170.1724,
170.6897,
170.6897,
170.6897,
0,
1974, 
170.3448,
170.3448,
171.0345,
170.3448,
171.0345,
171.0345,
171.0345,
171.0345,
171.0345,
171.0345,
170.3448,
171.0345,
171.0345,
171.0345,
171.0345,
170.3448,
171.0345,
170.3448,
171.0345,
171.0345,
171.0345,
171.0345,
170.3448,
171.0345,
171.0345,
171.0345,
0,
1975, 
170.5172,
170.5172,
171.3793,
170.5172,
171.3793,
171.3793,
171.3793,
171.3793,
171.3793,
171.3793,
170.5172,
171.3793,
171.3793,
171.3793,
171.3793,
170.5172,
171.3793,
170.5172,
171.3793,
171.3793,
171.3793,
171.3793,
170.5172,
171.3793,
171.3793,
171.3793,
0,
1976, 
171.327,
171.3623,
171.7241,
170.5172,
171.7241,
171.3793,
171.7241,
171.7241,
171.7241,
171.7241,
171.3228,
171.3793,
171.7241,
171.7241,
171.3793,
171.3486,
171.7241,
171.2341,
171.7241,
171.7241,
171.7241,
171.7241,
171.3629,
171.7241,
171.3793,
171.7241,
0,
1977, 
171.333,
171.4064,
172.069,
170.5172,
172.069,
171.3793,
172.069,
172.069,
172.069,
172.069,
171.4478,
171.3793,
172.069,
172.069,
171.3793,
171.5026,
172.069,
171.2539,
172.069,
172.069,
172.069,
172.069,
171.4782,
172.069,
171.3793,
172.069,
0,
1978, 
171.6898,
171.503,
172.4138,
170.5172,
172.4138,
171.3793,
172.4138,
172.4138,
172.4138,
172.4138,
171.6004,
171.3793,
172.4138,
172.4138,
171.3793,
171.5482,
172.4138,
171.2856,
172.4138,
172.4138,
172.4138,
172.4138,
171.4801,
172.4138,
171.3793,
172.4138,
0,
1979, 
171.8529,
171.5842,
172.7586,
170.5172,
172.7586,
171.3793,
172.7586,
172.7586,
172.7586,
172.7586,
171.7551,
171.3793,
172.7586,
172.4138,
171.3793,
171.5524,
172.7586,
171.3277,
172.4138,
172.4138,
172.7586,
172.7586,
171.7984,
172.7586,
171.3793,
172.7586,
0,
1980, 
172.0194,
171.5955,
173.1035,
170.5172,
173.1035,
171.3793,
173.1035,
173.1035,
173.1035,
173.1035,
171.9291,
171.6823,
173.1035,
172.4138,
171.3793,
171.7449,
173.1035,
171.3793,
172.4138,
172.5862,
173.1035,
173.1035,
172.048,
173.1035,
171.3793,
173.1035,
0,
1981, 
172.1633,
171.655,
173.4483,
170.5172,
173.4483,
171.3793,
173.4483,
173.4483,
173.4483,
173.4483,
172.1892,
171.6823,
173.4483,
172.4138,
171.3793,
172.0715,
173.4483,
171.4393,
172.4138,
172.5862,
173.4483,
173.4483,
172.0497,
173.4483,
171.3793,
173.4483,
0,
1982, 
172.3306,
171.7886,
173.4483,
170.5172,
173.4483,
171.6534,
173.7931,
173.7931,
173.7931,
173.4483,
172.3811,
172.4267,
173.7931,
172.6927,
171.3793,
172.2091,
173.7931,
172.2115,
172.9527,
172.5862,
173.7931,
173.7931,
172.1927,
173.7931,
171.4298,
173.7931,
0,
1983, 
172.499,
171.9276,
173.6207,
170.5172,
173.6207,
171.9037,
174.1379,
174.1379,
174.1379,
173.6207,
172.5679,
172.8319,
174.1379,
172.9264,
171.3793,
172.3531,
174.1379,
172.6506,
173.2406,
172.5862,
174.1379,
174.1379,
172.3413,
174.1379,
171.486,
174.1379,
0,
1984, 
172.6683,
172.071,
173.7931,
170.5172,
173.7931,
172.1377,
174.4828,
174.4828,
174.4828,
173.7931,
172.7513,
173.1306,
174.4828,
173.1386,
171.3793,
172.5018,
174.4828,
172.9738,
173.4695,
172.5862,
174.4828,
174.4828,
172.4938,
174.4828,
171.5477,
174.4828,
0,
1985, 
172.8381,
172.2178,
173.9655,
170.5172,
173.9655,
172.36,
174.8276,
174.8276,
174.8276,
173.9655,
172.9324,
173.3823,
174.8276,
173.339,
171.3793,
172.6541,
174.8276,
173.2432,
173.6755,
172.5862,
174.8276,
174.8276,
172.6495,
174.8276,
171.6144,
174.8276,
0,
1986, 
173.0084,
172.3676,
174.1379,
170.5172,
174.1379,
172.5737,
175.1724,
175.1724,
175.1724,
174.1379,
173.1119,
173.6091,
175.1724,
173.5321,
171.3793,
172.8094,
175.1724,
173.4832,
173.8701,
172.5862,
175.1724,
175.1724,
172.8076,
175.1724,
171.6858,
175.1724,
0,
1987, 
173.179,
172.5199,
174.3103,
170.5172,
174.3103,
172.7807,
175.5172,
175.5172,
175.5172,
174.3103,
173.2901,
173.8212,
175.5172,
173.7205,
171.3793,
172.9669,
175.5172,
173.7054,
174.0583,
172.5862,
175.5172,
175.5172,
172.9677,
175.5172,
171.7616,
175.5172,
0,
1988, 
173.3499,
172.6743,
174.4828,
170.5172,
174.4828,
172.9827,
175.8621,
175.8621,
175.8621,
174.4828,
173.4675,
174.0237,
175.8621,
173.9055,
171.3793,
173.1263,
175.8621,
173.916,
174.2425,
172.5862,
175.8621,
175.8621,
173.1293,
175.8621,
171.8415,
175.8621,
0,
1989, 
173.521,
172.8304,
174.6552,
170.5172,
174.6552,
173.1806,
176.2069,
176.2069,
176.2069,
174.6552,
173.6441,
174.2199,
176.2069,
174.0882,
171.3793,
173.2872,
176.2069,
174.1187,
174.4241,
172.5862,
176.2069,
176.2069,
173.2922,
176.2069,
171.9253,
176.2069,
0,
1990, 
173.6923,
172.988,
174.8276,
170.5172,
174.8276,
173.3753,
176.5517,
176.5517,
176.5517,
174.8276,
173.8201,
174.4115,
176.5517,
174.2692,
171.3793,
173.4494,
176.5517,
174.3157,
174.6038,
172.5862,
176.5517,
176.5517,
173.4562,
176.5517,
172.0127,
176.5517,
0,
1991, 
173.6923,
173.0888,
175,
170.5172,
175,
173.5672,
176.8965,
176.8965,
176.8965,
174.9655,
173.8201,
174.5997,
176.8965,
174.2692,
171.3793,
173.6126,
176.8965,
174.5084,
174.7822,
172.5862,
176.8965,
176.8965,
173.4562,
176.8965,
172.1035,
176.8965,
0,
1992, 
173.6923,
173.0956,
175.3062,
170.5172,
175,
173.5672,
177.2414,
177.2414,
177.2414,
174.9655,
173.8201,
174.63,
177.2414,
174.2692,
171.3793,
173.6653,
177.2414,
174.687,
174.8877,
172.5862,
177.2414,
177.2414,
173.4562,
177.2414,
172.1035,
177.2414,
0,
1993, 
173.6923,
173.1031,
175.5751,
170.5172,
175,
173.5672,
177.5862,
177.5862,
177.5862,
174.9655,
173.8201,
174.664,
177.5862,
174.2692,
171.3793,
173.7218,
177.5862,
174.8646,
174.9995,
172.5862,
177.5862,
177.5862,
173.4562,
177.5862,
172.1035,
177.5862,
0,
1994, 
173.6923,
173.1111,
175.8205,
170.5172,
175,
173.5672,
177.931,
177.931,
177.931,
174.9655,
173.8201,
174.6693,
177.931,
174.2692,
171.3793,
173.7818,
177.931,
175.0416,
175.1168,
172.7416,
177.931,
177.931,
173.4562,
177.931,
172.1035,
177.931,
0,
1995, 
173.6923,
173.1198,
176.0501,
170.5172,
175,
173.5672,
178.2759,
178.2759,
178.2759,
174.9655,
173.8201,
174.6693,
178.2759,
174.2692,
171.3793,
173.8453,
178.2759,
175.218,
175.2389,
174.039,
178.2759,
178.2759,
173.4562,
178.2759,
172.1035,
178.2759,
0,
1996, 
173.6923,
173.129,
176.2684,
170.5172,
175,
173.5672,
178.6207,
178.6207,
178.6207,
174.9655,
173.8201,
174.6693,
178.6207,
174.2692,
171.3793,
173.9121,
178.6207,
175.394,
175.3652,
174.8863,
178.6207,
178.6207,
173.4562,
178.6207,
172.1035,
178.6207,
0,
1997, 
173.6923,
173.1388,
176.2811,
170.5172,
176.091,
173.5672,
178.9655,
178.9655,
178.9655,
174.9655,
173.8201,
174.6693,
178.9655,
174.2692,
171.3793,
173.9185,
178.9655,
175.6904,
175.6203,
174.8863,
178.9655,
178.9655,
173.4562,
178.9655,
174.2171,
178.9655,
0,
1998, 
173.6923,
173.1492,
176.2954,
170.5172,
176.7567,
173.5672,
179.3103,
179.3103,
179.3103,
174.9655,
173.8201,
174.6693,
179.3103,
174.2692,
171.3793,
173.9252,
179.3103,
175.966,
175.8634,
174.8863,
179.3103,
179.3103,
173.4562,
179.3103,
175.38,
179.3103,
0,
1999, 
173.6923,
173.1601,
176.3115,
170.5172,
177.2368,
173.5672,
179.6552,
179.6552,
179.6552,
174.9655,
173.8201,
174.6693,
179.6552,
174.2692,
171.3793,
173.9324,
179.6552,
176.2255,
176.0969,
174.8863,
179.6552,
179.6552,
173.4562,
179.6552,
176.1532,
179.6552,
0,
2000, 
173.6923,
173.1717,
176.3292,
170.5172,
177.6196,
173.5672,
180,
180,
180,
174.9655,
173.8201,
174.6693,
180,
174.2692,
171.3793,
173.9401,
180,
176.4725,
176.3226,
174.8863,
180,
180,
173.4562,
180,
176.7289,
180,
0,
2001, 
173.6923,
173.1838,
176.3486,
170.5172,
177.8445,
173.5672,
181.4,
181.4,
181.4,
174.9655,
173.8201,
174.6693,
181.4,
174.2692,
171.3793,
173.9482,
181.4,
176.7095,
176.542,
174.8863,
181.4,
181.4,
173.4562,
181.4,
177.1907,
181.4,
0,
2002, 
173.6923,
173.1983,
176.3874,
170.5172,
177.8445,
173.5672,
182.8,
182.8,
182.8,
174.9655,
173.8201,
174.6693,
182.8,
174.2692,
171.3793,
174.1002,
182.8,
176.8721,
176.8119,
176.7544,
182.8,
182.8,
173.4562,
182.8,
177.1907,
182.8,
0,
2003, 
173.6923,
173.2153,
176.3874,
170.5172,
177.8445,
173.5672,
184.2,
184.2,
184.2,
174.9655,
173.8201,
174.6693,
184.2,
174.2692,
171.3793,
174.2741,
184.2,
177.0707,
177.127,
178.1017,
184.2,
184.2,
173.4562,
184.2,
177.1907,
184.2,
0,
2004, 
173.6923,
173.2346,
176.3874,
170.5172,
177.8445,
173.5672,
185.6,
185.6,
185.6,
174.9655,
173.8201,
174.6693,
185.6,
174.5482,
171.3793,
174.4687,
185.6,
177.3019,
177.4806,
179.2132,
185.6,
185.6,
173.4562,
185.6,
177.1907,
185.6,
0,
2005, 
173.6923,
173.2564,
176.3874,
170.5172,
177.8445,
173.5672,
187,
187,
187,
174.9655,
173.8201,
174.6693,
187,
174.8803,
171.3793,
174.6827,
187,
177.5625,
177.8672,
180.1977,
187,
187,
173.4562,
187,
177.1907,
187,
0,
2006, 
173.6923,
173.2805,
176.3874,
170.5172,
177.8445,
173.5672,
188.4,
188.4,
188.4,
174.9655,
173.8201,
174.6693,
188.4,
175.2339,
171.3793,
174.915,
188.4,
177.8499,
178.2823,
181.1063,
188.4,
188.4,
173.4562,
188.4,
177.1907,
188.4,
0,
2007, 
173.6923,
173.3071,
176.3874,
170.5172,
177.8445,
173.5672,
189.8,
189.8,
189.8,
174.9655,
173.8201,
174.6693,
189.8,
175.2339,
171.3793,
175.0492,
189.8,
178.7057,
178.5045,
181.8029,
189.8,
189.8,
173.4562,
189.8,
177.1907,
189.8,
0,
2008, 
173.6923,
173.3359,
176.3874,
170.5172,
177.8445,
173.5672,
191.2,
191.2,
191.2,
174.9655,
173.8201,
174.6693,
191.2,
175.2339,
171.3793,
175.1945,
191.2,
179.5383,
178.7474,
182.5002,
191.2,
191.2,
173.4562,
191.2,
177.1907,
191.2,
0,
2009, 
173.6923,
173.3672,
176.3874,
170.5172,
177.8445,
173.5672,
192.6,
192.6,
192.6,
174.9655,
173.8201,
174.6693,
192.6,
175.2339,
171.3793,
175.3507,
192.6,
180.3523,
179.0094,
183.1979,
192.6,
192.6,
173.4562,
192.6,
177.1907,
192.6,
0,
2010, 
173.6923,
173.4007,
176.3874,
170.5172,
177.8445,
173.5672,
194,
194,
194,
174.9655,
173.8201,
174.6693,
194,
175.2339,
171.3793,
175.5173,
194,
181.1514,
179.2896,
183.8959,
194,
194,
173.4562,
194,
177.1907,
194,
0,
2011, 
173.6923,
173.4366,
176.3874,
170.5172,
177.8445,
173.5672,
195.4,
195.4,
195.4,
174.9655,
173.8201,
174.6693,
195.4,
175.2339,
171.3793,
175.6942,
195.4,
181.9384,
179.5866,
184.5942,
195.4,
195.4,
173.4562,
195.4,
177.1907,
195.4,
0,
2012, 
173.6923,
173.4748,
176.7883,
170.5172,
177.8445,
176.3999,
196.8,
196.8,
196.8,
175.1008,
173.8201,
174.7774,
196.8,
175.2339,
171.3793,
176.18,
195.4,
182.6691,
180.0838,
187.2853,
196.8,
196.8,
173.4562,
196.8,
179.2097,
196.8,
0,
2013, 
173.6923,
173.5153,
177.2015,
170.5172,
177.8445,
178.7428,
198.2,
198.2,
198.2,
175.2436,
173.8201,
174.8917,
198.2,
175.2339,
171.3793,
176.6761,
196.1,
183.3966,
180.5934,
189.1823,
198.2,
198.2,
173.4562,
198.2,
180.9654,
198.2,
0,
2014, 
173.6923,
173.558,
177.6263,
170.5172,
177.8445,
180.7472,
199.6,
199.6,
199.6,
175.3936,
173.8201,
175.012,
199.6,
175.2339,
171.3793,
177.1819,
196.8,
184.1214,
181.1143,
190.6814,
199.6,
199.6,
173.4562,
199.6,
182.5295,
199.6,
0,
2015, 
173.6923,
173.6031,
178.0621,
170.5172,
177.8445,
182.5079,
201,
201,
201,
175.5508,
173.8201,
175.1383,
201,
175.2339,
171.3793,
177.6965,
197.5,
184.8439,
181.6454,
191.9527,
201,
201,
173.4562,
201,
183.9498,
201,
0,
2016, 
173.7264,
173.6504,
178.5081,
170.5172,
177.8445,
184.0875,
202.4,
202.4,
202.4,
175.6332,
173.8201,
175.2704,
202.4,
175.2339,
171.3793,
178.2194,
198.2,
185.5644,
182.186,
193.0814,
202.4,
202.4,
173.4562,
202.4,
185.2595,
202.4,
0,
2017, 
173.7778,
173.7,
178.8741,
170.5172,
177.8445,
184.1076,
203.8,
203.8,
203.8,
175.6332,
173.8201,
175.3267,
203.8,
175.6863,
171.3793,
178.8382,
199.1542,
185.866,
182.4462,
194.333,
203.8,
203.8,
173.4562,
203.8,
187.8991,
203.8,
0,
2018, 
173.8315,
173.7518,
179.2501,
170.5172,
177.8445,
184.1293,
205.2,
205.2,
205.2,
175.6332,
173.8201,
175.3856,
205.2,
176.1469,
171.3793,
179.461,
200.0143,
186.1817,
182.7175,
195.4539,
205.2,
205.2,
173.4562,
205.2,
190.021,
205.2,
0,
2019, 
173.8875,
173.8058,
179.6358,
170.5172,
177.8445,
184.1525,
206.6,
206.6,
206.6,
175.6332,
173.8201,
175.4472,
206.6,
176.6152,
171.3793,
179.6274,
200.8244,
186.5106,
182.9997,
196.4858,
206.6,
206.6,
173.4562,
206.6,
191.8081,
206.6,
0,
2020, 
173.9458,
173.862,
180.0306,
170.5172,
177.8445,
184.1771,
208,
208,
208,
175.6332,
173.8201,
175.5114,
208,
177.0909,
171.3793,
179.6534,
201.6047,
186.8522,
183.2922,
197.4541,
208,
208,
173.4562,
208,
193.3662,
208,
0,
2021, 
174.0064,
173.9205,
180.4343,
170.5172,
177.8445,
184.2033,
209.4,
209.4,
209.4,
175.6332,
173.8201,
175.5783,
209.4,
177.5735,
171.3793,
179.6807,
202.3659,
187.2057,
183.5323,
198.3755,
209.4,
209.4,
173.4562,
209.4,
194.7607,
209.4,
0,
2022, 
174.0693,
173.9811,
180.4343,
170.5172,
177.8445,
184.2033,
210.8,
210.8,
210.8,
175.6332,
173.8201,
175.7082,
210.8,
177.5735,
171.3793,
179.7093,
205.0766,
189.4648,
183.5323,
198.9279,
210.8,
210.8,
173.4562,
210.8,
200.794,
210.8,
0,
2023, 
174.1344,
174.0439,
180.4343,
170.5172,
177.8445,
184.2033,
212.2,
212.2,
212.2,
175.6332,
173.8201,
175.7082,
212.2,
177.5735,
171.3793,
179.7392,
206.5278,
189.483,
185.0889,
199.4209,
212.2,
212.2,
173.4562,
212.2,
203.9228,
212.2,
0,
2024, 
174.2018,
174.5581,
180.4343,
170.5172,
177.8445,
184.2033,
213.6,
213.6,
213.6,
175.6332,
173.8201,
176.381,
213.6,
178.8745,
171.3793,
179.7704,
207.1935,
190.591,
185.8088,
199.7892,
213.6,
213.6,
173.4562,
213.6,
203.9228,
213.6,
0,
2025, 
174.2714,
175.0772,
180.4343,
170.5172,
177.8445,
184.2033,
215,
215,
215,
175.6332,
173.8201,
177.0549,
215,
180.1319,
171.3793,
179.8028,
207.8664,
191.661,
186.5277,
200.1761,
215,
215,
173.4562,
215,
203.9228,
215,
0,
2026, 
174.3432,
175.1434,
180.4343,
170.5172,
177.8445,
184.2033,
216.4,
216.4,
216.4,
175.6332,
173.8201,
178.4707,
215,
180.1319,
171.3793,
181.3936,
207.8664,
191.661,
187.9918,
201.2947,
216.4,
216.4,
173.4562,
216.4,
206.9019,
216.4,
0,
2027, 
174.424,
175.2179,
180.4343,
170.5172,
177.8445,
184.2033,
217.8,
217.8,
217.8,
175.6332,
173.8201,
178.4707,
215.7,
180.1319,
171.3793,
182.9099,
207.8664,
200.6208,
187.9918,
202.5623,
217.8,
217.8,
173.4562,
217.8,
208.9149,
217.8,
0,
2028, 
174.5141,
175.301,
180.4343,
170.5172,
177.8445,
184.7867,
219.2,
219.2,
219.2,
175.6332,
173.8201,
178.4707,
216.4,
180.1319,
171.3793,
182.946,
207.8664,
203.3124,
189.4497,
204.3181,
219.2,
219.2,
173.4562,
219.2,
208.9149,
219.2,
0,
2029, 
174.6138,
175.3931,
180.4343,
170.5172,
177.8445,
184.7867,
219.2,
220.6,
220.6,
175.6332,
173.8201,
178.4707,
217.1,
180.1319,
171.3793,
183.4749,
207.8664,
203.3208,
189.4497,
205.4634,
220.6,
220.6,
173.4562,
220.6,
208.9149,
220.6,
0,
2030, 
174.7234,
175.4945,
180.4343,
170.5172,
177.8445,
184.7867,
219.2,
222,
222,
175.6332,
173.8201,
178.4707,
217.1,
180.1319,
171.3793,
183.4749,
207.8664,
203.3306,
189.4497,
206.9229,
222,
222,
173.4562,
222,
208.9149,
222,
0,
2031, 
175.2948,
176.9359,
180.4343,
170.5172,
177.8445,
185.5214,
221.3,
223.4,
223.4,
175.6332,
173.8201,
178.7912,
217.1,
180.1319,
171.3793,
183.4749,
207.8664,
203.3551,
189.4497,
206.9229,
223.4,
223.4,
173.4562,
223.4,
211.2175,
223.4,
0,
2032, 
175.304,
176.947,
180.4343,
170.6897,
177.8445,
185.5214,
221.3,
224.8,
224.8,
175.6332,
173.8266,
178.7912,
218.1352,
180.1319,
220.3135,
183.4865,
207.8664,
213.3893,
194.7935,
206.9229,
224.8,
224.8,
174.7747,
224.8,
214.4357,
224.8,
0,
2033, 
175.3126,
176.9575,
206.2735,
170.8621,
177.8445,
185.5214,
221.3,
226.2,
226.2,
175.6332,
173.8325,
191.4182,
219.3175,
182.0496,
220.4176,
183.4979,
210.9964,
215.2903,
194.7935,
206.9229,
226.2,
226.2,
176.097,
226.2,
214.8815,
226.2,
0,
2034, 
175.3206,
176.9675,
209.4728,
171.0345,
177.8445,
185.5214,
221.3,
227.6,
227.6,
175.6332,
190.2017,
202.187,
220.3324,
183.9685,
220.4176,
183.509,
212.834,
215.7127,
195.976,
206.9229,
227.6,
227.6,
176.6832,
227.6,
216.5829,
227.6,
0,
2035, 
175.0175,
176.9771,
209.4728,
229,
177.8445,
201.5846,
221.3,
229,
229,
175.6332,
191.2687,
202.7268,
220.85,
184.8183,
220.4176,
183.5198,
213.1447,
215.8561,
196.5121,
206.9229,
229,
229,
176.9795,
229,
217.186,
229,
0,
2036, 
175.4773,
179.5999,
209.4728,
230.4,
177.8445,
209.1677,
222.5057,
230.4,
230.4,
175.6332,
192.6501,
204.0231,
221.2038,
185.3175,
223.4664,
184.7758,
213.8601,
216.4103,
197.156,
206.9229,
230.4,
230.4,
178.2274,
230.4,
218.4393,
230.4,
0,
2037, 
175.485,
180.1598,
209.4728,
231.8,
177.8445,
210.202,
222.5057,
231.8,
231.8,
176.1229,
193.6989,
204.485,
222.0309,
185.9466,
223.4664,
185.827,
213.8601,
216.4174,
198.3031,
206.9229,
231.8,
231.8,
179.0553,
231.8,
219.1162,
231.8,
0,
2038, 
175.9899,
181.0534,
209.4728,
233.2,
177.8445,
210.3277,
223.3155,
233.2,
233.2,
177.1011,
194.7339,
204.485,
222.5119,
186.2324,
223.4664,
186.0682,
213.8601,
217.0187,
198.3363,
206.9229,
233.2,
233.2,
181.5599,
233.2,
219.9334,
233.2,
0,
2039, 
176.3378,
181.7454,
209.4728,
234.6,
177.8445,
210.3277,
224.5759,
234.6,
234.6,
178.5415,
195.5571,
204.485,
222.8835,
188.8149,
223.4664,
186.0826,
213.8601,
217.1017,
200.0965,
207.4719,
234.6,
234.6,
185.7118,
234.6,
221.2093,
234.6,
0,
2040, 
176.7234,
181.825,
209.4728,
236,
177.8445,
210.3277,
224.5759,
236,
236,
180.3972,
196.5233,
204.8521,
223.0484,
188.8149,
223.4664,
186.6601,
213.8601,
217.1085,
200.2511,
208.1571,
236,
236,
188.6035,
236,
222.3446,
236,
0,
2041, 
177.0804,
182.1655,
209.4728,
237.4,
177.8445,
210.3277,
224.5759,
237.4,
237.4,
182.6065,
198.2738,
204.8521,
223.3488,
189.3335,
223.4664,
187.9343,
213.8601,
217.1152,
200.4161,
208.1676,
237.4,
237.4,
188.6718,
237.4,
223.4971,
237.4,
0,
2042, 
177.5343,
182.9207,
210.0012,
238.8,
177.9956,
211.0628,
224.5759,
238.8,
238.8,
186.1609,
199.8778,
206.1056,
223.8088,
190.8853,
223.4664,
188.5921,
215.5616,
217.313,
200.8782,
208.1676,
238.8,
238.8,
190.0462,
238.8,
224.2001,
238.8,
0,
2043, 
178.0687,
183.7866,
210.5402,
240.2,
178.1451,
211.8208,
224.5759,
240.2,
240.2,
190.4791,
201.9555,
207.4489,
223.9232,
192.2239,
223.4664,
189.2962,
215.5616,
217.433,
202.7699,
208.1676,
240.2,
240.2,
191.6591,
240.2,
224.8939,
240.2,
0,
2044, 
178.7238,
184.7978,
211.0902,
241.6,
178.293,
212.6031,
224.5759,
241.6,
241.6,
195.7321,
204.7375,
208.8938,
224.08,
193.7606,
223.4664,
190.0533,
215.5616,
217.5528,
204.223,
208.1676,
241.6,
241.6,
195.8884,
241.6,
225.6184,
241.6,
0,
2045, 
179.6481,
186.0054,
211.6519,
243,
178.439,
213.4113,
224.5759,
243,
243,
201.5958,
207.0889,
210.454,
225.0011,
195.5507,
223.4664,
190.872,
215.5616,
218.1197,
205.0482,
208.1676,
243,
243,
203.0251,
243,
226.507,
243,
0,
2046, 
180.8489,
187.4874,
212.2256,
244.4,
178.5829,
223.2656,
224.5759,
244.4,
244.4,
207.6353,
209.8076,
212.1461,
226.4585,
197.9258,
223.4664,
191.7624,
215.5616,
218.2379,
206.0288,
208.1845,
244.4,
244.4,
209.5141,
244.4,
227.1181,
244.4,
0,
2047, 
182.7322,
189.3699,
212.8121,
245.8,
178.7245,
225.7126,
224.5759,
245.8,
245.8,
214.4567,
213.5125,
213.9898,
226.4585,
201.1231,
223.4664,
192.7371,
217.3892,
218.3557,
206.5568,
209.1566,
245.8,
245.8,
216.3407,
245.8,
227.7089,
245.8,
0,
2048, 
186.3142,
191.8696,
213.4119,
247.2,
178.8633,
227.2865,
224.5759,
247.2,
247.2,
220.7328,
217.5412,
216.0089,
226.7742,
204.8695,
223.4664,
193.812,
217.3892,
219.6483,
207.0971,
210.1588,
247.2,
247.2,
223.3045,
247.2,
228.3026,
247.2,
0,
2049, 
203.0858,
195.3939,
214.0257,
248.6,
178.9992,
227.984,
224.5759,
248.6,
248.6,
227.4615,
222.4306,
218.2325,
226.7742,
210.6019,
223.4664,
195.0071,
217.3892,
223.1958,
207.6505,
210.7503,
248.6,
248.6,
230.6102,
248.6,
228.9307,
248.6,
0,
2050, 
223.7441,
200.8111,
214.6541,
250,
179.1315,
228.6959,
224.5759,
250,
250,
234.9659,
228.3837,
220.6967,
226.8171,
217.3676,
223.4664,
196.3481,
217.3892,
223.3042,
208.2176,
211.8035,
250,
250,
238.5179,
250,
230.1196,
250,
0,
2051, 
236.3373,
205.9911,
215.298,
253,
179.2599,
229.4229,
224.5759,
253,
253,
240.7693,
228.3837,
223.4465,
226.8171,
218.3925,
223.4664,
197.8685,
217.3892,
223.9225,
208.7993,
212.6221,
253,
253,
239.1265,
253,
231.5656,
253,
0,
2052, 
242.4143,
206.3931,
216.5891,
256,
179.2599,
229.4229,
224.5759,
256,
256,
241.2973,
228.3837,
223.892,
226.8171,
218.3925,
223.4664,
198.3797,
217.3892,
224.0227,
209.5958,
213.1067,
256,
256,
239.6909,
256,
232.1081,
256,
0,
2053, 
243.1818,
206.8016,
217.9581,
259,
179.2599,
229.4229,
224.5759,
259,
259,
241.7895,
228.3837,
224.3428,
228.2832,
218.3925,
223.4664,
198.9078,
217.3892,
226.5215,
209.9401,
213.2679,
259,
259,
240.1737,
259,
232.5845,
259,
0,
2054, 
243.1818,
207.2168,
219.4134,
262,
179.2599,
229.4229,
224.5759,
262,
262,
241.9993,
228.3837,
224.4052,
228.2832,
219.1485,
223.4664,
199.4542,
217.3892,
226.6184,
210.6535,
213.8772,
262,
262,
240.5381,
262,
233.1541,
262,
0,
2055, 
243.1818,
207.6389,
220.9646,
262,
183.7886,
229.4229,
224.5759,
265,
265,
242.3232,
228.3837,
224.4052,
228.2832,
220.265,
223.4664,
200.0202,
217.3892,
226.715,
212.7191,
214.5598,
262,
265,
240.7438,
265,
235.6271,
265,
0,
2056, 
243.1818,
208.0684,
222.6229,
263.1852,
187.2687,
229.4229,
224.5759,
268,
268,
242.6363,
228.3837,
226.4462,
228.2832,
220.5941,
224.2075,
200.6074,
217.3892,
226.8112,
214.2076,
215.1799,
262,
265,
240.7438,
268,
236.7942,
268,
0,
2057, 
245.3444,
208.5055,
222.7174,
263.6834,
192.5435,
229.4229,
224.5759,
271,
271,
242.6363,
228.3837,
227.8701,
228.2832,
222.7147,
225.1766,
200.6605,
217.3892,
226.9802,
215.5209,
215.4973,
262,
265,
241.3697,
271,
236.9921,
271,
0,
2058, 
245.3444,
208.9506,
222.8116,
264.6898,
199.1873,
229.4229,
224.5759,
274,
274,
242.6363,
228.5666,
230.7865,
228.2832,
224.4059,
226.3335,
200.713,
217.3892,
230.2367,
217.2657,
215.5936,
262,
265,
247.5702,
274,
239.0901,
274,
0,
2059, 
245.3444,
209.404,
222.9055,
264.6898,
207.3211,
229.4229,
224.5759,
277,
277,
242.6363,
228.7327,
233.9645,
228.3197,
225.7428,
226.5388,
200.7649,
217.3892,
233.4445,
219.7271,
215.8653,
262,
271.4375,
250.3491,
277,
239.1781,
277,
0,
2060, 
245.3444,
209.8661,
222.999,
264.6898,
226.4835,
229.4229,
224.5759,
280,
280,
242.6363,
228.9952,
234.8976,
229.0247,
225.7428,
226.5388,
200.8163,
217.3892,
235.4572,
221.5626,
216.0272,
262,
273.7284,
254.6877,
280,
239.5779,
280,
0,
2061, 
245.3444,
210.3374,
223.0922,
264.6898,
265.5461,
232.3701,
224.5759,
283,
283,
242.6363,
232.4707,
235.6527,
229.6685,
225.7428,
226.5388,
200.867,
217.3892,
238.8481,
222.8074,
216.2363,
262,
277.032,
255.5945,
283,
240.2655,
283,
0,
2062, 
245.3444,
210.8014,
223.2256,
264.6898,
265.5461,
232.3701,
224.5759,
286,
286,
243.617,
234.3719,
235.722,
230.2874,
225.7428,
226.9919,
201.6364,
217.3892,
240.7406,
223.7106,
216.524,
262,
280.7632,
256.4458,
286,
240.2655,
286,
0,
2063, 
245.3444,
211.2577,
223.2256,
264.6898,
274.8611,
232.3701,
224.5759,
289,
289,
243.9723,
234.6741,
235.722,
230.6215,
225.7428,
227.5901,
202.4115,
217.3892,
243.05,
224.6229,
216.8048,
262,
282.7297,
257.1265,
289,
240.2762,
289,
0,
2064, 
245.3444,
211.7058,
223.2256,
264.6898,
279.4451,
232.3701,
224.5759,
292,
292,
244.5418,
234.6741,
235.722,
230.7998,
227.564,
228.3476,
203.1931,
217.3892,
244.7986,
225.5449,
217.0786,
262,
284.4301,
257.6859,
292,
244.0577,
292,
0,
2065, 
245.3444,
212.1456,
223.2256,
264.6898,
279.4451,
232.3701,
224.5759,
295,
295,
244.5418,
234.6741,
235.722,
230.7998,
229.6962,
229.0752,
203.9819,
217.3892,
247.4862,
226.4772,
217.3452,
262,
284.5038,
258.1134,
295,
244.0577,
295,
0,
2066, 
245.3444,
212.5763,
223.2256,
264.6898,
282.5588,
232.3701,
224.5759,
298,
298,
244.5418,
239.6931,
235.722,
230.7998,
231.9817,
231.1375,
204.7792,
217.3892,
249.2254,
227.4206,
217.612,
262,
285.9105,
258.3691,
298,
245.9471,
298,
0,
2067, 
245.3444,
212.9977,
223.2256,
265.2137,
282.5588,
232.3701,
224.5759,
301,
301,
244.5418,
239.6931,
235.722,
230.7998,
231.9817,
236.6355,
205.1994,
217.3892,
250.8811,
227.887,
217.9414,
262,
287.1977,
258.4028,
301,
246.8205,
301,
0,
2068, 
245.3444,
213.4093,
223.2256,
265.6219,
282.5588,
232.3701,
224.5759,
304,
304,
244.5418,
239.6931,
235.722,
230.7998,
231.9817,
236.7589,
205.6048,
217.3892,
253.2954,
228.3477,
218.2965,
262,
289.7964,
258.8302,
304,
249.0067,
304,
0,
2069, 
245.3444,
213.8104,
223.2256,
270.9036,
282.5588,
232.3701,
224.5759,
307,
307,
244.5418,
239.6931,
235.722,
230.7998,
231.9817,
236.7589,
205.9943,
217.3892,
258.6801,
228.8026,
218.5637,
262,
292.9412,
258.8781,
307,
250.7547,
307,
0,
2070, 
245.3053,
214.2005,
223.2256,
270.9036,
282.5588,
232.3701,
224.5759,
310,
310,
244.5418,
239.6931,
235.722,
230.9974,
231.9817,
238.0912,
206.3666,
217.3892,
262.9184,
229.2514,
218.7431,
262,
295.1636,
258.8781,
310,
254.0002,
310,
0,
2071, 
245.3444,
214.579,
223.2256,
272.9983,
282.5588,
232.3701,
224.5759,
313,
313,
244.5418,
236.8197,
235.722,
232.0542,
231.9817,
239.2961,
206.7202,
217.3892,
265.7671,
229.6939,
218.9751,
262,
297.3284,
258.9704,
313,
257.931,
313,
0,
2072, 
245.3444,
214.9452,
223.4769,
274.9084,
282.5588,
233.6077,
224.5759,
316,
316,
245.7692,
235.1061,
235.842,
232.4218,
231.9817,
239.912,
207.6448,
217.7714,
266.6815,
230.4001,
219.7886,
262,
298.21,
258.9953,
316,
258.7662,
316,
0,
2073, 
245.3444,
215.2984,
223.7201,
274.9084,
282.5588,
234.8827,
224.5759,
319,
319,
247.5469,
235.1061,
235.9586,
233.0167,
231.9817,
248.6234,
208.6095,
218.1423,
268.5052,
231.1067,
220.6102,
262,
298.38,
259.2349,
319,
259.144,
319,
0,
2074, 
245.3444,
215.6379,
223.9549,
274.9084,
282.5588,
236.1989,
224.5759,
322,
322,
248.0177,
235.1061,
236.0716,
233.487,
231.9817,
255.4846,
209.6258,
218.5013,
270.305,
231.8134,
221.4408,
276.5131,
299.8128,
259.3979,
322,
260.2527,
322,
0,
2075, 
245.3444,
215.9627,
224.181,
274.9515,
282.5588,
237.5609,
224.5759,
325,
325,
248.3111,
231.4892,
236.1812,
236.252,
231.9817,
260.3151,
210.7106,
218.8479,
276.5167,
232.5205,
222.2815,
279.3691,
302.3217,
259.455,
325,
261.0138,
325,
0,
2076, 
245.5355,
216.272,
224.3983,
277.1842,
282.5588,
238.9742,
224.5759,
328,
328,
248.4549,
231.3493,
237.2308,
236.2693,
231.9817,
262.4066,
211.8888,
219.1812,
279.1772,
233.228,
223.1471,
297.7417,
307.1136,
259.6596,
328,
262.3089,
328,
0,
2077, 
245.8045,
216.5649,
224.5645,
279.2285,
282.5588,
238.9925,
224.5759,
331,
331,
248.4549,
231.3493,
241.8181,
237.4276,
232.9304,
264.2809,
213.4589,
219.6549,
281.3661,
233.5544,
224.3541,
309.2457,
310.55,
259.6952,
331,
267.214,
331,
0,
2078, 
246.068,
216.8402,
224.7226,
283.3775,
282.5588,
239.01,
224.5759,
334,
334,
248.4549,
231.3398,
245.5414,
239.3605,
233.8957,
265.8542,
215.3741,
220.1155,
283.4094,
233.8728,
225.5014,
313.8515,
313.4742,
259.6952,
334,
270.6678,
334,
0,
2079, 
246.326,
217.0967,
226.3951,
291.0157,
282.5588,
239.0269,
224.5759,
337,
337,
248.4549,
231.3429,
249.2877,
240.9587,
234.8791,
267.1729,
215.9289,
220.5618,
285.2578,
234.183,
226.6876,
316.5418,
316.152,
259.6952,
337,
273.0184,
337,
0,
2080, 
246.5785,
217.3333,
227.2278,
294.7711,
282.5588,
239.0432,
224.5759,
340,
340,
248.4549,
234.5616,
252.8058,
241.9465,
235.8827,
268.2491,
216.0055,
220.9924,
285.3095,
234.4847,
227.9341,
316.5418,
317.5575,
259.8325,
340,
274.8891,
340,
0,
2081, 
246.8251,
217.5485,
242.749,
295.9435,
282.5588,
239.0587,
224.5759,
343,
343,
248.6829,
237.6113,
253.9251,
242.9962,
236.9085,
269.6213,
216.0718,
221.4058,
285.3604,
234.7161,
229.253,
318.03,
318.8022,
259.846,
343,
276.4828,
343,
0,
2082, 
247.066,
217.7408,
249.5798,
295.9865,
282.5588,
239.0587,
224.5759,
346,
346,
249.7299,
239.1174,
255.5695,
243.8209,
237.2471,
270.2426,
216.1274,
223.8237,
285.701,
234.7161,
230.079,
318.03,
320.1386,
259.846,
346,
277.299,
346,
0,
2083, 
247.3009,
217.9086,
256.4584,
296.2382,
282.5588,
239.0587,
224.5759,
349,
349,
251.7339,
239.1731,
256.6338,
244.5539,
238.2556,
270.9466,
216.1723,
226.6346,
286.5431,
236.0925,
230.7985,
318.03,
320.8313,
259.846,
349,
280.2502,
349,
0,
2084, 
247.5297,
219.2785,
263.8795,
296.3784,
282.5588,
239.0587,
224.5759,
352,
352,
255.4624,
239.2081,
257.9961,
245.211,
241.6217,
271.7492,
216.206,
228.4769,
290.8985,
236.7681,
231.308,
318.03,
321.1512,
259.846,
352,
283.5322,
352,
0,
2085, 
247.7524,
221.0715,
266.9034,
298.3899,
282.5588,
239.0587,
224.5759,
355,
355,
255.4624,
239.2128,
261.7022,
245.7889,
244.7079,
272.7129,
216.2283,
230.6534,
295.5634,
237.4424,
231.8984,
318.03,
322.1153,
259.846,
355,
283.5322,
355,
0,
2086, 
248.188,
221.3207,
266.9034,
301.5533,
282.5588,
239.0587,
224.5759,
358,
358,
255.4624,
236.8446,
263.6237,
248.5222,
244.7079,
273.8161,
217.1258,
230.6534,
298.051,
238.9,
233.5923,
318.03,
323.6771,
259.846,
358,
285.5033,
358,
0,
2087, 
248.6559,
221.5514,
274.7349,
303.9237,
282.5588,
239.0587,
224.5759,
361,
361,
256.6025,
235.5585,
263.6237,
251.4312,
244.7079,
275.86,
219.1085,
230.6534,
301.9037,
240.2732,
235.6802,
318.03,
324.814,
259.846,
361,
287.0759,
361,
0,
2088, 
259.9404,
221.7522,
282.5417,
306.352,
282.5588,
239.2315,
224.5759,
364,
364,
257.4396,
234.8878,
263.6237,
254.7513,
245.9491,
276.9327,
219.2,
230.6534,
304.0151,
254.7001,
239.833,
318.03,
326.9167,
259.846,
364,
290.5681,
364,
0,
2089, 
354.0056,
221.9083,
288.0365,
308.497,
282.5588,
239.2315,
225.6609,
367,
367,
257.4396,
234.4949,
265.7511,
258.3731,
246.924,
278.1403,
367,
230.6534,
304.1683,
275.7016,
244.0005,
318.03,
328.7596,
259.846,
367,
293.2984,
367,
0,
2090, 
354.2273,
222,
288.0365,
310.8065,
282.5588,
239.2315,
225.6609,
370,
370,
257.4396,
234.1331,
270.9707,
258.5429,
247.6451,
279.3617,
370,
230.6534,
304.1718,
278.2888,
253.1044,
318.03,
330.5589,
259.846,
370,
294.0052,
370,
0,
2091, 
355.3646,
373,
288.1059,
313.2109,
282.5588,
239.3954,
231.28,
373,
373,
257.4396,
232.4606,
272.6027,
258.5429,
247.6451,
280.3549,
373,
230.6534,
304.5641,
278.2888,
253.1044,
318.03,
333.3258,
259.846,
373,
296.8454,
373,
0,
2092, 
355.3646,
376,
288.1059,
313.2109,
282.5588,
239.3954,
231.28,
376,
376,
257.493,
230.5554,
275.3297,
261.0981,
247.7269,
320.9601,
376,
230.6534,
310.8855,
290.6594,
260.5869,
318.03,
335.0493,
260.7839,
376,
300.8567,
376,
0,
2093, 
355.3646,
379,
326.7693,
313.9977,
282.5588,
239.3954,
231.28,
379,
379,
257.493,
229.5776,
288.8069,
264.9398,
251.2432,
322.7274,
379,
233.3555,
314.6173,
290.6685,
281.5501,
318.03,
335.6198,
261.7609,
379,
302.5075,
379,
0,
2094, 
355.3646,
382,
352.1834,
314.5357,
282.5588,
239.3954,
231.28,
382,
382,
257.493,
239.1353,
320.0105,
269.4542,
256.7406,
322.7919,
382,
237.0972,
316.4649,
294.4795,
290.4339,
318.03,
335.6198,
262.1963,
382,
304.9307,
382,
0,
2095, 
355.3646,
385,
352.1834,
314.5357,
282.5588,
244.393,
231.28,
385,
385,
257.493,
243.1382,
323.3088,
272.1221,
259.7846,
322.9106,
385,
238.0712,
317.7021,
296.3408,
299.0029,
318.03,
335.6198,
262.4078,
385,
307.5533,
385,
0,
2096, 
355.3646,
388,
352.1834,
314.7669,
282.5588,
246.9075,
232.6771,
388,
388,
257.493,
258.3751,
323.415,
274.4645,
261.631,
323.4653,
388,
240.7845,
319.6267,
298.6525,
306.2541,
318.03,
336.1391,
262.5656,
388,
314.7121,
388,
0,
2097, 
355.3646,
391,
352.1834,
315.1236,
282.5588,
248.0665,
232.6771,
391,
391,
257.7037,
299.6983,
326.1531,
279.7392,
264.1672,
325.3532,
391,
240.7845,
320.9457,
303.157,
311.4075,
318.03,
336.4099,
262.6892,
391,
315.3852,
391,
0,
2098, 
355.3646,
394,
352.1834,
317.3811,
282.5588,
248.2049,
233.2,
394,
394,
260.808,
336.0834,
326.1531,
283.2583,
265.3938,
328.7318,
394,
240.7845,
322.2125,
303.2926,
312.1028,
318.03,
336.7628,
264.1678,
394,
316.2051,
394,
0,
2099, 
355.3646,
397,
352.1834,
317.3811,
282.5588,
248.2049,
397,
397,
397,
263.2561,
343.3699,
322.3072,
286.006,
265.3938,
330.4863,
397,
240.7845,
323.207,
314.3255,
328.2181,
318.03,
337.1007,
265.8297,
397,
317.572,
397,
0,
2100, 
355.3646,
400,
352.291,
317.3811,
282.5588,
248.2049,
400,
400,
400,
264.8937,
344.8282,
319.6994,
287.0593,
265.3938,
332.4961,
400,
240.7845,
323.3826,
315.0481,
342.6353,
318.03,
339.371,
267.3513,
400,
319.0624,
400,
0];
