real main.em.ep.isp.StorResTot[28](t) = [1971, 
735.3895,
6947.641,
31.81561,
14.10832,
62.39335,
80.37563,
64.98852,
53.06134,
12.19602,
197.7084,
4225.731,
671.8501,
49.17226,
458.1564,
110.6406,
1701.178,
176.6407,
187.0908,
93.6272,
221.7254,
38.15437,
4.907253,
1042.433,
275.0198,
19.64747,
28.97183,
0,
17504.63,
1972, 
764.343,
6400.3,
33.77162,
14.78288,
65.23927,
87.53267,
63.55912,
56.06407,
12.97148,
215.4322,
4222.675,
685.5721,
57.03323,
469.1808,
111.4446,
1791.869,
174.1199,
175.3561,
91.30375,
216.4397,
41.86917,
5.461002,
1097.606,
268.0743,
17.16524,
40.04676,
0,
17179.21,
1973, 
850.1006,
7083.667,
36.24492,
16.1707,
75.06992,
94.69226,
69.5335,
61.95436,
14.05929,
229.9877,
4561.174,
724.5032,
116.6221,
479.1639,
115.148,
1821.044,
212.8085,
187.8386,
105.2209,
236.3925,
45.5447,
6.402859,
1200.586,
310.4012,
19.14105,
44.15589,
0,
18717.63,
1974, 
882.7597,
7062.852,
47.33223,
16.90608,
83.58718,
100.477,
79.82352,
61.17356,
15.35816,
249.2567,
4669.545,
762.3926,
121.0171,
491.1844,
117.6234,
1843.486,
249.1071,
195.7829,
109.869,
239.5912,
50.0521,
6.865445,
1195.23,
332.592,
19.68756,
56.87935,
0,
19060.43,
1975, 
864.3348,
7327.644,
48.33874,
18.18778,
89.89581,
104.8863,
117.8809,
67.21304,
16.50494,
268.2878,
4690.138,
824.0844,
138.0275,
538.0931,
127.812,
1931.585,
298.9287,
219.2712,
127.4433,
271.949,
51.93837,
8.10063,
1233.225,
344.9562,
21.086,
61.08441,
0,
19810.9,
1976, 
935.377,
7847.297,
51.65897,
19.56479,
102.9894,
110.5208,
124.7395,
69.25722,
18.53851,
282.6754,
5031.19,
860.5601,
151.8089,
534.6973,
130.4977,
1942.85,
330.0233,
247.5474,
135.855,
284.224,
57.93332,
7.723774,
1310.599,
358.6518,
21.28415,
65.87413,
0,
21033.94,
1977, 
1000.497,
8114.1,
56.68309,
21.54479,
115.6026,
119.3269,
135.1597,
74.15839,
19.7333,
282.2968,
5146.454,
910.6104,
164.555,
547.3407,
132.6455,
1976.42,
380.0443,
258.765,
148.3544,
313.3426,
64.26941,
8.552867,
1363.555,
378.7314,
22.50608,
73.1533,
0,
21828.4,
1978, 
1062.437,
8351.97,
61.37502,
22.97937,
127.5281,
125.9597,
151.4667,
71.06187,
22.02842,
295.7517,
5357.538,
952.8265,
186.1874,
555.0975,
136.5812,
2023.677,
419.2668,
288.914,
130.5605,
353.9657,
65.2655,
11.41244,
1420.709,
391.8282,
24.62933,
71.54891,
0,
22682.56,
1979, 
1123.655,
8516.687,
66.83927,
24.79995,
144.1326,
140.6632,
137.14,
83.40888,
23.18092,
313.0242,
5600.282,
958.1817,
174.0555,
557.4994,
139.0653,
2073.128,
499.7488,
296.9525,
138.0368,
390.3413,
71.87968,
13.13103,
1494.625,
407.3388,
26.47197,
76.94034,
0,
23491.21,
1980, 
1150.659,
8591.583,
72.50578,
24.19952,
158.9168,
152.8833,
152.3254,
91.1916,
22.62844,
341.0114,
5644.465,
1018.366,
170.7148,
582.6295,
144.0646,
2185.423,
550.2602,
317.9941,
143.3858,
416.5336,
75.42561,
16.0619,
1465.726,
425.5579,
26.12057,
71.05264,
0,
24011.69,
1981, 
1205.938,
8616.316,
79.0459,
25.80499,
160.2232,
156.0257,
165.1742,
93.15723,
24.90367,
389.8591,
5682.5,
993.0961,
179.7948,
584.9449,
146.2227,
2226.211,
616.4718,
349.9115,
152.1474,
427.399,
80.49109,
16.72566,
1481.17,
450.5385,
27.37432,
74.22512,
0,
24405.67,
1982, 
1174.667,
8314.53,
85.34955,
26.92252,
170.9965,
162.3056,
170.9181,
94.8433,
26.0954,
409.3451,
5678.713,
1015.147,
168.3347,
589.7444,
148.7023,
2270.083,
673.8372,
378.0791,
160.4726,
454.9219,
86.52623,
20.60335,
1495.043,
459.3421,
30.25928,
76.19933,
0,
24341.98,
1983, 
1219.511,
8553.298,
85.65994,
29.12045,
182.481,
173.5144,
181.6471,
88.38043,
27.59959,
420.3677,
5816.774,
1066.784,
144.7507,
594.2724,
150.6633,
2302.133,
644.498,
413.4151,
174.5282,
487.2518,
94.87122,
23.03486,
1539.266,
469.4551,
34.10493,
76.01559,
0,
24993.4,
1984, 
1303.195,
8944.305,
91.78096,
30.88185,
204.5677,
182.5862,
197.2122,
87.99287,
27.67403,
466.9618,
6017.619,
1103.055,
165.6421,
597.8453,
152.7787,
2313.832,
696.5735,
462.8865,
187.6306,
521.7814,
101.2733,
26.92984,
1600.575,
492.75,
38.25745,
77.83598,
0,
26094.42,
1985, 
1371.631,
9098.719,
98.55965,
31.18899,
219.3511,
187.7509,
220.6571,
99.0798,
29.65808,
485.7478,
6254.025,
1101.816,
177.0587,
606.7397,
154.9912,
2347.091,
712.4842,
503.3026,
201.8761,
561.6315,
108.7742,
28.16236,
1655.595,
528.8138,
42.64972,
79.54445,
0,
26906.9,
1986, 
1395.578,
9077.593,
101.5676,
32.70166,
226.3656,
207.5983,
208.295,
103.4348,
30.2112,
500.4658,
6368.755,
1145.641,
198.4861,
639.7166,
158.3183,
2382.298,
742.783,
550.988,
217.3356,
608.6908,
113.7412,
37.66505,
1668.463,
547.8018,
47.2463,
82.35666,
0,
27394.1,
1987, 
1479.419,
9245.387,
108.978,
34.81752,
224.151,
226.2546,
220.7581,
109.1009,
32.24816,
513.6299,
6581.406,
1160.752,
206.8413,
655.1225,
160.5746,
2415.674,
794.385,
596.5898,
240.9365,
668.6522,
120.4442,
43.62107,
1772.24,
569.5857,
52.81536,
82.58981,
0,
28316.97,
1988, 
1492.348,
9592.511,
114.2696,
35.39333,
237.8478,
232.536,
237.0222,
114.696,
34.31977,
534.2926,
6868.195,
1179.834,
217.1741,
667.9453,
162.7614,
2453.769,
882.4918,
656.6901,
272.5015,
728.5851,
133.1269,
46.48088,
1862.689,
598.6574,
61.84135,
90.73945,
0,
29508.72,
1989, 
1453.725,
10502.09,
121.8893,
37.31454,
241.0028,
238.2169,
251.1812,
121.2221,
35.60531,
547.176,
7065.036,
1184.332,
232.7672,
664.2636,
164.6763,
2487.957,
918.7885,
718.0807,
296.1543,
780.1989,
146.7299,
52.36885,
1977.545,
635.9836,
65.79082,
88.55372,
0,
31028.65,
1990, 
1410.639,
10689.79,
126.913,
37.90426,
239.3738,
244.695,
268.0685,
128.6479,
37.87205,
556.0324,
7206.606,
1319.561,
259.4356,
650.5258,
160.5995,
2338.331,
951.1857,
778.8148,
318.0701,
832.5724,
163.5369,
58.40997,
2104.4,
657.6902,
72.09774,
97.50308,
0,
31709.27,
1991, 
1495.654,
10767.14,
131.183,
36.87331,
254.03,
257.1747,
286.0041,
130.3459,
40.13978,
558.6326,
7363.834,
1244.741,
265.7391,
603.855,
163.0086,
2339.034,
973.0232,
848.0648,
332.3486,
895.2411,
176.708,
66.94719,
2193.102,
666.2059,
79.03845,
100.9801,
0,
32269.05,
1992, 
1529.545,
10939.98,
133.026,
39.00549,
263.7261,
261.1242,
302.3393,
135.0865,
40.86486,
569.4373,
7399.459,
1160.756,
296.7216,
583.8008,
163.6713,
2317.357,
1066.18,
885.0004,
354.0876,
1000.695,
192.5638,
72.25051,
2205.223,
677.18,
87.28314,
89.78768,
0,
32766.15,
1993, 
1585.909,
11264.38,
137.2751,
41.24751,
277.3381,
280.4217,
321.6087,
131.9862,
43.22606,
592.5553,
7407.648,
1118.885,
325.0065,
579.9018,
176.5271,
2319.588,
1138.928,
938.6124,
392.797,
1114.546,
211.831,
77.91201,
2220.12,
695.2129,
91.08923,
92.51801,
0,
33577.07,
1994, 
1680.497,
11501.55,
147.6277,
43.9771,
290.0693,
296.022,
342.7319,
135.9356,
45.39439,
615.4891,
7555.064,
1130.213,
339.4936,
600.2457,
186.1721,
2337.311,
1224.499,
1012.876,
441.6439,
1225.551,
236.6682,
85.82106,
2345.8,
718.0345,
96.27459,
92.67731,
0,
34727.64,
1995, 
1712.556,
11826.47,
151.0514,
46.61542,
305.3454,
310.8807,
359.7401,
146.3575,
48.71577,
628.1406,
7759.502,
1199.319,
371.7635,
591.7005,
194.4647,
2353.623,
1287.926,
1101.801,
490.3287,
1330.702,
265.1969,
95.7132,
2370.008,
743.0178,
101.8037,
94.23589,
0,
35886.98,
1996, 
1771.254,
12095.37,
140.565,
50.55759,
319.1695,
325.5704,
395.2365,
154.3099,
51.60957,
657.4988,
7879.898,
1273.267,
404.7366,
612.9906,
198.1,
2399.488,
1372.423,
1168.089,
541.2135,
1456.606,
290.8796,
111.4065,
2423.321,
764.2895,
106.6534,
88.54004,
0,
37053.04,
1997, 
1808.489,
12303.5,
152.3013,
53.92697,
336.2861,
346.5911,
413.4644,
154.2369,
54.05072,
683.46,
8007.036,
1286.946,
439.3847,
607.0735,
186.9756,
2348.436,
1445.405,
1252.29,
585.9299,
1522.083,
316.0875,
120.5708,
2454.744,
787.4111,
112.853,
92.47343,
0,
37872.01,
1998, 
1801.337,
12631.94,
168.3562,
60.99957,
347.6716,
363.5052,
427.5355,
149.2624,
56.66515,
663.2073,
8169.745,
1318.581,
467.2931,
585.863,
180.0186,
2324.139,
1560.304,
1353.685,
557.0761,
1605.83,
317.826,
127.0602,
2490.556,
833.6249,
122.2403,
116.4388,
0,
38800.77,
1999, 
1858.321,
12861.82,
179.2412,
65.16917,
361.2106,
367.319,
454.1152,
159.646,
58.80368,
671.2147,
8234.488,
1321.507,
479.3246,
589.3047,
179.3962,
2346.299,
1648.706,
1479.549,
618.556,
1725.651,
334.7656,
141.0399,
2521.109,
867.4922,
127.9603,
123.1071,
0,
39775.12,
2000, 
1953.759,
13322.09,
193.2084,
68.9424,
379.4222,
394.2485,
496.8662,
165.9606,
62.04391,
699.9848,
8279.646,
1377.868,
518.4764,
593.6508,
187.4041,
2435.457,
1752.536,
1562.629,
750.7642,
1943.964,
364.9958,
151.9362,
2606.147,
894.6873,
134.4375,
134.6312,
0,
41425.76,
2001, 
1903.105,
12649.75,
199.2693,
69.84924,
370.6237,
392.7536,
529.459,
172.6169,
64.52763,
678.3934,
8149.908,
1434.18,
511.2193,
645.8492,
196.169,
2465.301,
1839.533,
1644.244,
797.495,
2133.518,
391.3726,
166.5036,
2571.882,
940.5997,
143.6021,
147.2314,
0,
41208.96,
2002, 
1950.058,
12982.72,
203.2689,
73.56052,
397.3322,
395.729,
575.6888,
182.4091,
66.52711,
736.3257,
7906.046,
1443.904,
542.9486,
644.1007,
198.7939,
2462.332,
1965.838,
1707.335,
847.6078,
2406.68,
420.1443,
184.7022,
2642.616,
956.2928,
151.43,
156.6257,
0,
42201.01,
2003, 
1888.551,
12983.42,
248.269,
76.67573,
418.1538,
417.1405,
605.5579,
176.6932,
71.22176,
771.6121,
7776.97,
1490.313,
592.9982,
660.3128,
211.8949,
2544.466,
2087.042,
1830.335,
879.5301,
2785.345,
451.1559,
198.1722,
2648.258,
914.783,
158.2295,
150.2097,
0,
43037.31,
2004, 
1914.52,
13311.96,
251.446,
79.51838,
442.3445,
444.0483,
657.8012,
191.224,
77.84924,
797.3907,
7669.94,
1547.354,
635.5441,
680.5866,
220.4226,
2599.869,
2226.179,
1942.974,
924.6304,
3206.099,
489.8861,
209.2477,
2757.585,
926.4047,
171.1229,
158.1859,
0,
44534.13,
2005, 
1999.267,
13359.67,
265.9399,
84.57174,
459.9669,
460.7224,
693.4695,
195.4126,
84.03644,
804.4508,
7511.027,
1567.497,
676.3442,
698.1953,
218.2117,
2855.676,
2328.33,
2049.479,
981.8148,
3615.74,
525.6874,
225.393,
2817.149,
909.2042,
185.0034,
168.846,
0,
45741.1,
2006, 
1940.407,
13280.79,
275.0818,
88.71868,
481.5783,
484.6156,
743.0132,
215.9888,
93.21101,
834.1224,
7274.708,
1604.201,
725.1895,
728.8177,
226.9521,
2945.607,
2497.852,
2207.635,
1013.344,
4179.608,
559.8113,
236.267,
2907.45,
922.9565,
195.9221,
173.0379,
0,
46836.88,
2007, 
1978.839,
12911.89,
288.0871,
91.88601,
514.687,
502.1493,
801.8865,
212.973,
100.4503,
859.5627,
7055.491,
1587.56,
780.8852,
754.6877,
236.6966,
3041.295,
2677.811,
2360.179,
1069.832,
4866.177,
591.9512,
252.187,
2962.809,
915.6031,
200.6311,
178.0706,
0,
47794.28,
2008, 
1973.407,
12278.72,
294.7898,
93.12597,
540.9944,
535.6938,
873.6637,
215.4041,
107.874,
855.7784,
7062.887,
1576.711,
788.8984,
744.1731,
237.4368,
3119.231,
2908.627,
2461.242,
1133.573,
5500.149,
616.9138,
266.3259,
2886.1,
894.7087,
213.3305,
188.2682,
0,
48368.02,
2009, 
1817.964,
10928.42,
292.7201,
93.84899,
540.638,
536.3599,
983.499,
222.2164,
122.4171,
830.4568,
6296.461,
1490.212,
762.4218,
649.1734,
238.4106,
2927.891,
3104.058,
2632.651,
1168.891,
6590.87,
641.2848,
274.6345,
2882.147,
893.4736,
224.885,
201.7548,
0,
47347.75,
2010, 
1789.76,
11189.26,
308.9782,
95.96594,
599.0504,
543.9172,
1100.352,
246.5536,
142.3695,
867.1857,
6745.239,
1594.445,
822.954,
709.6164,
249.0454,
3079.835,
3331.329,
2809.8,
1291.536,
8288.667,
694.0253,
291.4001,
3107.101,
937.6809,
233.6946,
210.0986,
0,
51279.86,
2011, 
1804.859,
10687.56,
344.7375,
101.0252,
622.474,
566.7222,
1151.567,
254.7841,
162.7805,
881.7311,
7318.962,
1541.971,
886.8163,
731.7068,
259.2122,
3117.116,
3538.647,
3109.719,
1348.613,
10657.96,
723.9748,
308.1793,
3098.174,
985.9611,
246.9404,
221.6535,
0,
54673.84,
2012, 
1809.66,
9946.642,
368.8135,
108.9443,
648.8653,
590.293,
1264.233,
274.7132,
210.2932,
880.3243,
7513.864,
1453.067,
944.499,
737.1918,
270.5074,
3175.587,
3710.634,
3304.442,
1393.221,
12683.98,
808.6688,
329.7809,
3348.007,
1037.013,
271.6033,
225.6919,
0,
57310.54,
2013, 
1743.118,
10059.61,
352.3852,
115.4063,
668.8614,
615.6083,
1323.564,
291.0348,
206.2476,
946.7389,
7250.705,
1412.936,
949.9644,
729.1959,
287.7436,
3129.179,
3926.65,
3548.313,
1458.932,
15598.43,
892.6306,
354.9774,
4306.614,
1045.8,
304.9454,
242.0017,
0,
61761.59,
2014, 
1682.52,
10195.66,
369.9931,
120.3051,
699.5196,
621.8461,
1379.607,
312.8271,
234.2614,
1167.885,
6882.606,
1357.857,
999.371,
676.9238,
299.4754,
3099.74,
4214.593,
4017.239,
1561.727,
19042.75,
1019.673,
370.1033,
5460.589,
1058.26,
339.5065,
279.5634,
0,
67464.41,
2015, 
1686.447,
10331.92,
386.7347,
134.3736,
714.684,
636.6369,
1537.939,
328.589,
260.0767,
1273.169,
7673.305,
1316.548,
1087.991,
619.7241,
315.5361,
3091.281,
4281.787,
4411.681,
1723.665,
24361.13,
1125.425,
384.2831,
6850.103,
1094.041,
371.9704,
284.9708,
0,
76284,
2016, 
1587.608,
10531.27,
410.6741,
143.58,
694.2688,
631.389,
1594.485,
342.5039,
283.1436,
1547.389,
8417.777,
1309.917,
1272.001,
651.7072,
312.0511,
2987.699,
4726.307,
5144.916,
1870.091,
30269.9,
1390.942,
403.5598,
8020.168,
1156.556,
456.0277,
296.2936,
0,
86452.23,
2017, 
1589.048,
10864.71,
423.4783,
153.4921,
752.1809,
670.2162,
1786.33,
398.3101,
325.7513,
2036.481,
9351.095,
1332.134,
2066.95,
675.7559,
331.995,
3027.641,
5130.742,
6264.91,
2089.317,
37972.8,
1501.168,
431.4422,
9294.933,
1205.613,
512.5789,
329.1908,
0,
100518.3,
2018, 
1559.442,
11152.58,
447.6462,
164.7656,
815.5285,
707.288,
2364.481,
471.6677,
430.3105,
2525.968,
10248.62,
1368.082,
2573.261,
739.9244,
377.8455,
3092.802,
5777.012,
7536.365,
2441.425,
45271.75,
1673.681,
473.3206,
10469.38,
1287.26,
583.9848,
365.8293,
0,
114920.2,
2019, 
1531.042,
11337.54,
478.1891,
177.5475,
869.5196,
747.7383,
2748.747,
508.7785,
473.941,
2554.771,
11703.23,
1492.387,
2897.24,
988.2501,
467.949,
3216.789,
7153.583,
8714.962,
3028.067,
52490.3,
2557.646,
514.543,
11833.06,
1620.902,
641.2499,
437.0853,
0,
131185.1,
2020, 
1365.566,
10184.99,
436.3864,
165.6477,
814.4864,
710.8706,
2614.623,
535.2603,
500.6609,
2973.398,
12949.85,
1362.687,
3063.92,
986.5497,
531.7493,
2827.94,
7251.673,
9136.364,
3327.205,
69054.29,
4677.775,
496.623,
12954.61,
1940.07,
673.4336,
421.7821,
0,
151958.4,
2021, 
1320.109,
10851.6,
430.3976,
170.1024,
836.0231,
717.3287,
2626.359,
591.4689,
542.1592,
3011.555,
13709.74,
1419.717,
3394.241,
1010.521,
605.8202,
2889.23,
7574.854,
16964.31,
3500.51,
71169.84,
4475.61,
505.5671,
13191.42,
2075.157,
711.2253,
454.6559,
0,
164749.5,
2022, 
1272.191,
12670.98,
446.1665,
177.7177,
887.9131,
734.1449,
2422.205,
590.2452,
500.841,
2719.511,
14078.64,
1363.64,
3789.203,
1117.519,
772.9786,
2939.464,
6444.909,
28555.29,
3864,
80757.52,
4816.304,
601.9474,
13571.43,
2282.151,
839.1324,
416.8005,
0,
188632.9,
2023, 
1247.599,
13853.09,
451.7547,
183.1446,
910.5534,
740.8879,
2134.99,
570.8095,
442.3585,
2592.513,
14583.39,
1508.741,
5371.807,
1129.173,
909.1505,
2944.489,
5773.927,
29443.1,
4182.909,
89442.73,
5465.75,
717.2794,
14065.79,
2567.438,
925.7927,
380.0294,
0,
202539.2,
2024, 
1213.798,
15072.66,
457.9997,
190.9468,
943.7486,
751.7482,
1794.004,
567.7684,
393.8739,
2411.76,
15468.83,
1575.841,
4659.258,
1134.993,
1057.379,
2943.18,
5423.183,
30553.5,
4282.978,
93242.81,
6161.137,
839.9315,
14334.65,
2703.344,
1036.266,
361.9378,
0,
209577.5,
2025, 
1170.811,
15944.53,
466.1266,
199.0113,
970.7131,
761.1053,
1452.356,
554.6809,
353.5425,
2363.451,
16353.51,
1654.56,
4250.026,
1142.148,
1231.023,
2948.295,
5037.296,
30971.95,
4330.65,
96312.72,
6610.298,
970.7725,
14583.91,
2843.979,
1152.303,
336.0925,
0,
214965.9,
2026, 
1147.93,
16357.41,
477.5354,
211.3216,
991.6245,
776.841,
1144.724,
545.0366,
334.5353,
2324.73,
17609.91,
1717.315,
3931.706,
1149.37,
1417.855,
2950.266,
4615.421,
30620.99,
4478.16,
101284.7,
6869.964,
1109.66,
14826.55,
2990.935,
1310.414,
302.7993,
0,
221497.7,
2027, 
1136.379,
16730.33,
499.6001,
228.5126,
1015.001,
792.7275,
902.6229,
527.9835,
321.3928,
2300.74,
19472.21,
1816.802,
3692.349,
1157.8,
1526.296,
2964.857,
4148.801,
39221.43,
6192.36,
104379.6,
7340.894,
1318.813,
15025.54,
3121.708,
1491.063,
269.3839,
0,
237595.2,
2028, 
1129.122,
17092.28,
525.5956,
318.0849,
1048.087,
808.1526,
695.722,
493.8619,
271.1879,
2293.729,
21336.87,
1948.275,
3135.932,
1167.605,
1642.197,
2985.355,
3631.493,
39117.43,
7491.197,
107734.8,
8026.965,
1621.746,
15190.64,
3264.076,
1840.654,
234.0544,
0,
245045.1,
2029, 
1114.183,
17615.78,
566.6503,
451.7575,
1094.833,
824.9019,
535.0137,
442.0487,
210.4231,
2137.132,
23246.84,
2112.03,
2619.559,
1180.596,
1804.452,
3001.09,
3081.431,
39530.36,
8489.276,
110637.5,
8860.729,
2039.27,
15371.82,
3450.142,
2534.544,
195.987,
0,
253148.4,
2030, 
1083.038,
18422.65,
611.658,
664.665,
1153.241,
852.1496,
403.1625,
373.6169,
152.0218,
2154.141,
25445.91,
2327.535,
2137.581,
1192.474,
1941.425,
3003.344,
2518.791,
40599.72,
10677.36,
115559.6,
10207.49,
2787.813,
15771.61,
3663.53,
3496.483,
167.0471,
0,
267368.1,
2031, 
1061.688,
19278.35,
709.1338,
984.0309,
1203.764,
881.3245,
291.5732,
276.1127,
98.09593,
1817.724,
25917.74,
2522.015,
1644.792,
1189.147,
2106.217,
2979.838,
1888.192,
41580.98,
11572.03,
117686.6,
11443.1,
3804.025,
16052.88,
3762.964,
4467.426,
134.9221,
0,
275354.6,
2032, 
1015.017,
20237.9,
940.5635,
2455.907,
1253.58,
917.1725,
361.571,
317.2287,
117.2602,
1831.86,
25826.57,
2759.308,
1641.099,
1187.937,
2228.135,
2958.539,
2175.496,
43396.36,
15277.65,
120012.8,
13346.85,
4880.584,
16363.97,
3878.849,
5359.356,
173.8362,
0,
290915.4,
2033, 
1082.778,
21284.49,
1228.376,
6712.668,
1412.048,
955.8604,
445.1678,
343.3508,
139.4789,
1841.67,
25150.43,
3031.7,
1647.01,
1185.683,
2442.943,
2939.603,
2473.778,
44649.42,
15310.64,
123079.3,
14785.46,
5924.55,
16761.44,
4090.796,
6464.354,
229.973,
0,
305613,
2034, 
1304.264,
22717.18,
1510.072,
12636.84,
1676.615,
1008.015,
512.9037,
346.1143,
161.0263,
1830.812,
29142.9,
3352.579,
1655.211,
1186.939,
2595.843,
2922.19,
2785.284,
45793.03,
15229.8,
129952.3,
16706.33,
6833.694,
17036.22,
4198.495,
7026.666,
303.5339,
0,
330424.8,
2035, 
1607.974,
24899.98,
1861.291,
23251.33,
1972.409,
1167.471,
569.2457,
340.8303,
183.965,
1811.651,
39481.92,
3751.39,
1674.305,
1189.751,
2772.98,
2915.598,
3126.4,
46874.18,
15149.55,
141334.1,
18764.77,
7476.96,
17176.84,
4320.293,
7495.585,
433.9128,
0,
371604.7,
2036, 
1993.147,
28440.21,
2295.309,
32253.56,
2246.014,
1313.596,
612.0682,
333.1244,
215.0359,
1780.539,
38932.54,
4303.352,
1707.622,
1194.731,
2951.34,
2946.249,
3449.59,
47680.74,
14983.28,
152979.9,
21024.72,
8092.303,
17154.75,
4342.649,
7903.744,
641.6866,
0,
401771.8,
2037, 
2551.178,
32592.54,
2758.586,
35417.87,
2420.789,
1468.331,
642.7607,
323.6299,
264.7469,
1741.832,
35965.71,
5291.105,
1825.325,
1198.177,
3150.171,
2978.205,
3762.261,
49176.61,
14757.36,
163702.5,
23546.57,
8861.904,
17070.81,
4471.792,
8554.065,
853.9451,
0,
425348.8,
2038, 
3078.33,
40895.78,
3258.408,
34498.02,
2682.634,
1653.501,
662.3477,
312.3616,
368.22,
1726.575,
35207.08,
8126.171,
2123.213,
1199.863,
3362.886,
3010.058,
4045.403,
50712.29,
14408.16,
175753.5,
26748.64,
9962.05,
17001.9,
4845.173,
9629.263,
930.5281,
0,
456202.4,
2039, 
3639.074,
50364.06,
3668.663,
35047.13,
2961.437,
1871.49,
689.7077,
299.9344,
560.6176,
1771.119,
32831.1,
12761.15,
2498.547,
1167.8,
3583.27,
3185.337,
4733.411,
53332.34,
13904.17,
189229.7,
30428.87,
11545.8,
16942.09,
5503.125,
10508.73,
1021.425,
0,
494050.1,
2040, 
4199.801,
63344.15,
5337.208,
35335.84,
3215.45,
2109.815,
728.9578,
284.1568,
911.6894,
1850.365,
30675.21,
18114.64,
2944.291,
1139.261,
3872.253,
3375.787,
5643.223,
57150.26,
13291.12,
200169.2,
33719.19,
13810.47,
16750.89,
6172.57,
11559.5,
1124.058,
0,
536829.4,
2041, 
4928.845,
75345.05,
6666.848,
37034.94,
3473.022,
2398.141,
775.7307,
288.7698,
1591.044,
2027.443,
28827.85,
35301.29,
3478.077,
1117.816,
4122.25,
3572.977,
6629.64,
61760.01,
12877.06,
213881.9,
37784.95,
16960.29,
16630.08,
7059.46,
12944.94,
2195.474,
0,
599673.9,
2042, 
5359.453,
83159.65,
9184.403,
41136.54,
3783.318,
2727.489,
861.6054,
346.2606,
2551.009,
2258.876,
28267.94,
56550.78,
3973.95,
1101.891,
4423.225,
3940.771,
7753.413,
67653.23,
13135.35,
226792.8,
41909.86,
20933.84,
16474.35,
8551.941,
15081.82,
4136.837,
0,
672050.6,
2043, 
6189.539,
93317.48,
12744.42,
44087.87,
4080.864,
3094.034,
1112.397,
536.4016,
2900.109,
2475.63,
29372.7,
51750.75,
4531.464,
1103.179,
4652.754,
4332.112,
8965.398,
76655.11,
14096.78,
240436.5,
46232.25,
25018.02,
16319.87,
10008.47,
18309.14,
7648.542,
0,
729971.8,
2044, 
7457.098,
104281.6,
17085.49,
48282.5,
4435.299,
3569.414,
1576.183,
907.1006,
3301.324,
2672.22,
30059.39,
51107.58,
4992.401,
1118.842,
4891.581,
4651.07,
9744.649,
87181.39,
15165.02,
256897,
51149.4,
29318.04,
16073.44,
10849.43,
22883.73,
14132.59,
0,
803783.8,
2045, 
8868.777,
115593,
26167.09,
53236.34,
4853.751,
4116.265,
2239.107,
1547.824,
3769.015,
2796.082,
30226.82,
53767.56,
5498.764,
1130.572,
5153.79,
5072.163,
10245.69,
111234.4,
16048.7,
273130.7,
55558.98,
34200.77,
15871.14,
11459.62,
30174.93,
26415.14,
0,
908377,
2046, 
9190.864,
127025.7,
39788.01,
60714.9,
5476.838,
4662.261,
2863.872,
2970.027,
6707.062,
2856.525,
30640.61,
53982.17,
5869.369,
1157.179,
5884.987,
5590.132,
10885.05,
150697.4,
16928.7,
291461.5,
60974.21,
48528.36,
15685.57,
12137.63,
40568,
38443.48,
0,
1051690,
2047, 
9128.729,
136024,
54286.43,
67953.59,
6702.962,
6291.55,
3283.744,
3444.7,
10471.41,
3484.407,
31426.15,
54999.38,
6267.568,
1189.739,
6697.346,
6261.97,
11643.97,
194988.2,
17307.58,
314592.7,
66522.49,
65043.8,
15656.19,
13046.04,
54223.58,
51930.87,
0,
1212869,
2048, 
9137.618,
145880.7,
72273.37,
73746.23,
8591.142,
8338.916,
3760.14,
4041.143,
13863.29,
4108.271,
32536.85,
51711.55,
6618.447,
1234.738,
7768.403,
6982.745,
12501.82,
258053,
17477.73,
341290.5,
72358.48,
77142.84,
15596.27,
13620.2,
76685.99,
64775.39,
0,
1400096,
2049, 
9190.704,
153806,
84212.84,
80015.3,
10611.39,
10640.92,
4322.529,
4869.622,
18511.17,
4706.728,
33376.55,
48687.07,
7110.904,
1302.72,
8908.327,
7904.721,
13088.08,
371364.4,
17142.91,
370210.1,
79196.07,
84014.72,
15561.51,
14113.57,
101152.2,
76368.59,
0,
1630390,
2050, 
9318.138,
164410.4,
95415.42,
85340.98,
12473.62,
13608.66,
4959.894,
7581.723,
27438.91,
5063.788,
33861.02,
45983.73,
7493.89,
1419.332,
10317.15,
8757.144,
14071.85,
536826.4,
16360.62,
406300,
85505.97,
91862.13,
15669.39,
14379.4,
123432.8,
85356.53,
0,
1923209,
2051, 
9453.585,
177079.6,
113529.5,
88741.17,
14473.56,
16015.33,
6089.454,
11263.97,
38203.43,
5831.419,
35009.5,
44862.84,
7822.015,
1559.37,
12001.85,
9438.534,
15120.62,
715399,
15577.43,
455528,
93102.02,
96170.89,
15846.52,
14872.8,
149211.9,
101884.7,
0,
2264089,
2052, 
9748.186,
194695.8,
128072.5,
94336.45,
17216.72,
18428.76,
7822.718,
25260.19,
48654.3,
6659.833,
35746.2,
42568.92,
8046.47,
1744.231,
14044.57,
9582.974,
16265.34,
824797,
14597.84,
506046.5,
100485.5,
100358.8,
16036.84,
15517.4,
192508.4,
114310.9,
0,
2563554,
2053, 
10284.3,
213662,
144746.9,
96676.88,
19006.71,
21830.46,
9886.631,
67016.04,
57312.45,
7884.535,
37414.03,
41578.5,
8491.242,
1938.782,
16164.97,
9263.757,
17439.97,
988373.3,
14073.67,
567326.3,
108877.6,
110689.3,
16172.04,
16309.74,
247887.7,
127386.4,
0,
2977694,
2054, 
11017.89,
250557.1,
163837.5,
100976.2,
21792.48,
25395.18,
12382.37,
124415.5,
71195.06,
9210.872,
39454.02,
41090.36,
8817.555,
2172.716,
18361.57,
9185.189,
19060.65,
1153744,
13391.13,
638733,
115781.8,
131979.5,
16534.93,
17375.67,
309896.6,
137766.1,
0,
3464124,
2055, 
11858.85,
286934.4,
185260.5,
98539.48,
24915.32,
26810.64,
20706.33,
183353.9,
90536.13,
10824.8,
45629.75,
41342.98,
9542.961,
2379.719,
20697.88,
8983.963,
20894.91,
1380840,
12777.22,
690752.5,
122966.1,
154200.6,
16827.58,
18366.36,
360807.6,
143173.2,
0,
3989924,
2056, 
12646.17,
339954.4,
205435.1,
97790.6,
27895.27,
27089.54,
32576.38,
221760.6,
118189.3,
12630.62,
50194.55,
42156.66,
9962.065,
2602.816,
22869.48,
8877.436,
22771.73,
1543411,
12198.43,
735933.4,
128094.7,
171512.4,
17322.63,
19701.87,
400414.5,
147736.3,
0,
4431728,
2057, 
13387.45,
417508.2,
219067.1,
93893.03,
29997.74,
28053.75,
40322.5,
253754.1,
155834.8,
15115.58,
61921.77,
43267.83,
10427.15,
2807.115,
24243.74,
8821.929,
24661.57,
1789982,
11603.97,
778328.9,
133109,
188612.4,
17727.9,
21081.41,
414764.5,
155242.7,
0,
4953539,
2058, 
13549.95,
510458.8,
237041.6,
91171.95,
32408.13,
28295.09,
42997.48,
291705.2,
198024.5,
17657.7,
69767.33,
43916.4,
10780.62,
2956.888,
25340.74,
9293.096,
26227.02,
2002778,
11184.69,
821853.9,
135628.6,
196902.5,
18332.61,
22441.49,
436530.4,
159629.3,
0,
5456874,
2059, 
13542.08,
592149.4,
251897.7,
85474.96,
33115.92,
28244.67,
42594.66,
341378.4,
248464.4,
21003.66,
79396.95,
44705.41,
11110.27,
3001.482,
25801.89,
9821.959,
27850.12,
2202339,
10793.28,
859892.3,
138447.9,
201148.6,
18646.19,
23416.55,
453079.1,
164281.7,
0,
5931599,
2060, 
12735.68,
651514.4,
261285.5,
81503.45,
34158.82,
28320.59,
41500.48,
392430,
292795.9,
24825.03,
93923.59,
45450.94,
11220.05,
3009.418,
25673.27,
10259.53,
28858.25,
2337895,
10502.01,
887815,
138110.2,
199304.4,
19133.32,
24069.97,
472606.9,
172210,
0,
6301112,
2061, 
11963.21,
697143.7,
267539.3,
76533.84,
34504.25,
28921.25,
41785.85,
455124.4,
351121.7,
29531.73,
104495.2,
45978.14,
11386.03,
3042.606,
25645.53,
10523.45,
29495.37,
2441870,
10394.39,
917954.4,
138380.3,
195319.7,
19318.58,
24838.91,
488830.1,
191029.3,
0,
6652671,
2062, 
10985.56,
745321.3,
275432.9,
73506.15,
35442.02,
29599.79,
45166.42,
501082.6,
397975.8,
33101.32,
113269.1,
46630.98,
11452.26,
3086.052,
26032.1,
10659.49,
29870.81,
2505459,
10429.27,
928320.1,
136623.9,
189213,
19609.73,
25427.12,
509862,
223859.4,
0,
6937419,
2063, 
10183,
764655.7,
281265.5,
67536.66,
35947.02,
29504.61,
49033.43,
542360.6,
434183.9,
35788.71,
122696,
45668.02,
11541.95,
3149.355,
26175.5,
10731.87,
30193,
2552199,
10626.46,
954200.4,
134957,
178540.8,
19662.15,
26400.55,
525042.3,
228695.2,
0,
7130939,
2064, 
9178.849,
774319.9,
287738.2,
63018.86,
36222.92,
30040.24,
55156.8,
576763,
472026.3,
36655.73,
124490.8,
44651.86,
11495.86,
3202.037,
26613.42,
10664.66,
30757.18,
2615392,
10787.25,
956092.8,
131789.7,
169487.4,
19779.67,
27012.68,
544802,
229627,
0,
7297767,
2065, 
8556.54,
777441.8,
291749.2,
57283.12,
34812.92,
29834.63,
59749.22,
608806.3,
507769.7,
36408.01,
131562.8,
43555.63,
11389.92,
3257.053,
26652.42,
10634.14,
31114.08,
2658971,
11135.44,
962982.7,
128836.7,
157601.9,
19692.65,
27619.53,
559105.4,
232517.3,
0,
7429040,
2066, 
7994.758,
771371.1,
296854.8,
53559.23,
34204.74,
30192.32,
63231.02,
644607.6,
550330.8,
34690.16,
123709.9,
42483.38,
11295.39,
3309.959,
27133.57,
10474.71,
31484.24,
2755927,
11541.97,
942135.2,
124230.4,
151868.7,
19620.17,
28173.22,
572168.3,
234721.4,
0,
7577314,
2067, 
7874.3,
760084.7,
301966.6,
48953.95,
32578.08,
30227.79,
63254.39,
685117.6,
590111.2,
32595.53,
123997.5,
41105.63,
11151.61,
3400.504,
27151.97,
10374,
31671.15,
2822056,
12062.11,
929652.8,
120442.5,
143024.5,
19494.38,
28904.56,
591732.5,
236063.1,
0,
7705049,
2068, 
7997.22,
741193.6,
308949.6,
44485.14,
30845.57,
30432.71,
63081.3,
725790.2,
648216.8,
29058.22,
113924.4,
39100.78,
10981.07,
3469.815,
27172.39,
10276.12,
31923.51,
2906862,
12813.87,
892269.4,
115955.2,
134187.7,
19455.54,
29384.3,
621435.9,
240142.8,
0,
7839405,
2069, 
8399.92,
724628.7,
313736.4,
40097.67,
28414.03,
30422.54,
62179.52,
777481.3,
696470.9,
25934.41,
104683.1,
37088.22,
10758.2,
3551.44,
26910.45,
10012.26,
32177.35,
2951561,
13930.96,
841319.9,
112101.9,
122624.4,
19321.4,
29944.73,
651857.9,
250012.1,
0,
7925621,
2070, 
9071.586,
693225.4,
318687.6,
35770.98,
25944.18,
30499.45,
62113.73,
822848.4,
751918.1,
22808.24,
97711.7,
34581.57,
10531.75,
3624.999,
26705.86,
9812.051,
32579.34,
3020652,
14938.51,
783258.7,
107294.4,
112501.5,
19251.59,
30645.82,
677316.6,
267765.2,
0,
8022059,
2071, 
10159.43,
668087.3,
323904.3,
31799.58,
23496.38,
30679.19,
62453.82,
876247.9,
794191.8,
20450.75,
82415.23,
32928.04,
10312.15,
4393.553,
26343.54,
9506.291,
33356.96,
3055273,
16220.2,
731435.1,
103936.4,
102383.6,
19230.75,
31863.78,
692272.6,
300088.8,
0,
8093430,
2072, 
11505.63,
647818.5,
328223.1,
27340.99,
21480.18,
31265.81,
63296.95,
903434.6,
841982.5,
18067.67,
79125.68,
30594.48,
10059.12,
5326.675,
25950.44,
9308.477,
34894.34,
3117413,
17461.22,
672762.1,
99861.57,
93475.13,
19216.45,
33216.96,
710942.2,
329198.9,
0,
8183223,
2073, 
12965.64,
637241.7,
335268.3,
22985.62,
19458.56,
31579.86,
63188.23,
931979.7,
885848.1,
16582.32,
64132.53,
29327.82,
9754.655,
6315.421,
25568.39,
9212.458,
37113.58,
3138527,
18273.01,
614988.9,
96842.33,
85183.53,
19225.78,
35378.67,
723094.8,
336803.5,
0,
8206840,
2074, 
14714.55,
616267.9,
339402.4,
19412.92,
17632.69,
32313.45,
62120.26,
959549.4,
938441,
14796.91,
57411.36,
29467.8,
9431.516,
7132.676,
25125.06,
9294.993,
40177.8,
3212207,
18266.61,
564573.5,
93987.03,
82574.88,
19268.38,
37064.27,
735439.9,
339709.5,
0,
8295784,
2075, 
15979.56,
617217.9,
342643.8,
17928.06,
15807.26,
32304.11,
59874.82,
1001747,
990785.3,
13328.19,
48775.31,
30065.54,
9144.988,
7612.958,
24509.56,
9434.778,
43874.79,
3280021,
18451.2,
512128.2,
91162.38,
81381.18,
19319.96,
38592.98,
746334.9,
341420.3,
0,
8409846,
2076, 
17472.13,
613102.4,
348517.3,
16601.9,
14459.91,
32719.11,
56799.9,
1054095,
1043864,
11740.78,
40938.51,
30304.53,
8879.352,
7140.136,
24222.55,
9886.542,
47905.05,
3353916,
18625,
465682.5,
88660.85,
80678.43,
19176.36,
40292.01,
786725.6,
345291.9,
0,
8577697,
2077, 
19055.17,
628086.6,
353936,
15307.3,
13055.36,
33376.18,
52884.63,
1105149,
1075941,
10631.88,
38411.77,
31563.83,
8562.941,
6878.3,
23780.36,
10332.15,
52794.78,
3379773,
18555.92,
424244.6,
86185.62,
79390.42,
18979.13,
41944.79,
833204.5,
339153.3,
0,
8701178,
2078, 
20117.21,
643664.4,
357988.9,
14213.41,
11970.72,
33529.19,
48636.92,
1173176,
1106339,
9446.182,
34170.61,
32588.42,
8239.474,
6600.608,
23473.55,
10753.9,
58875.18,
3432493,
18438.37,
383150.8,
84363.34,
78760.65,
18595.82,
44521.95,
861860.2,
348270.5,
0,
8864237,
2079, 
20876.59,
662187.8,
363108.4,
13224.37,
10848.2,
33773.29,
45245.31,
1224073,
1134151,
8620.411,
38011.94,
33327.04,
7994.892,
6320.236,
23247.56,
10982.25,
66152.77,
3488155,
18263.44,
355853.2,
82850.28,
77112.95,
18149.46,
47414.97,
876814.5,
387276.1,
0,
9054035,
2080, 
21010.81,
693896.6,
370055.8,
12391.75,
9912.477,
32322.85,
42341.94,
1224341,
1173582,
7606.259,
38985.47,
34249.08,
7718.073,
5981.263,
23031.41,
11379.47,
73799.28,
3525505,
18071.47,
335606.3,
81003.91,
75205.95,
17634.5,
50577.78,
892899.8,
426043.5,
0,
9205153,
2081, 
20650.53,
733542,
375447.2,
11569.93,
9121.133,
31564.57,
41005.29,
1236922,
1205403,
7131.666,
43028.15,
35642.33,
7461.409,
5564.924,
23233.2,
11384.18,
82051.76,
3553473,
17968.29,
320253.3,
79459.52,
73595.74,
17088.18,
54280.32,
905860.6,
462743.8,
0,
9365446,
2082, 
19396.67,
765940.5,
379353.5,
10782.94,
8652.678,
30626.21,
40158.53,
1248764,
1239579,
6559.797,
49096.06,
37083.7,
7269.118,
5277.641,
23405.53,
11511.34,
92156.66,
3625579,
17993.92,
308600.5,
77985.17,
72817.4,
16548.1,
57667.47,
931716.1,
482539.4,
0,
9567061,
2083, 
17927.06,
798022,
383059.8,
10147.25,
8383.349,
29197.33,
39884.96,
1290101,
1286063,
6579.644,
49405.47,
39541.8,
7136.145,
5016.859,
23986.61,
11548.42,
113962.7,
3742026,
17987.78,
302998.1,
77074.78,
71700.99,
15981.46,
61561.76,
951206.9,
484906.9,
0,
9845408,
2084, 
16154.04,
823455.6,
388235.8,
9602.787,
8062.559,
27972.27,
40196.9,
1338739,
1329625,
6478.712,
55938,
41929.89,
7046.849,
4894.057,
24551.74,
11641.22,
135619,
3850363,
18182.51,
298237.5,
76501.56,
70970.3,
15473.37,
64418.31,
981071.9,
493311.4,
0,
1.013867e+07,
2085, 
14772.6,
849289.7,
392008.8,
9180.868,
7926.714,
26527.19,
38765.13,
1428537,
1351119,
6763.387,
53781.63,
43031.04,
7068.572,
4832.106,
24678.73,
11736.92,
143385.7,
3841012,
17922.46,
297623.8,
75534.74,
70103.13,
15321.19,
68746.34,
1020363,
500534.8,
0,
1.032057e+07,
2086, 
13678.15,
861371.4,
395509.7,
8911.015,
7779.936,
25834.33,
38482.6,
1547878,
1366441,
7027.08,
56856.09,
46698.64,
7034.462,
4878.851,
24770.04,
11833.61,
149752.4,
3893745,
17652.03,
296301.1,
75005.5,
69578.38,
15126.16,
71943.01,
1054522,
514531.8,
0,
1.058314e+07,
2087, 
12830,
872000.4,
399365,
8637.279,
7724.5,
25015.49,
39469.27,
1616705,
1383124,
7732.275,
55401.42,
46775.8,
7139.346,
5123.392,
25019.51,
11962.77,
155065,
3948161,
16865.67,
299696.9,
74385.64,
69830.15,
15291.99,
77405.84,
1081974,
527029.4,
0,
1.078973e+07,
2088, 
12128.9,
875429.1,
404411.4,
8525.739,
7634.046,
24269.96,
41580.49,
1678468,
1407880,
8302.724,
55209.37,
47663.39,
7270.81,
5448.725,
25327.96,
12061.37,
161088.6,
4014700,
16211.2,
303041.7,
74005.25,
69942.14,
15447.64,
80980.29,
1101654,
561787.2,
0,
1.102047e+07,
2089, 
11834.04,
885988.5,
408312.4,
8496.317,
7736.402,
23336.92,
44694.31,
1738598,
1440692,
9357.774,
60449.79,
48557.54,
7534.867,
5757.346,
25845.11,
12729.44,
165091.1,
4015355,
15343.22,
310517.6,
73761.34,
70300.52,
16066.14,
86732.79,
1128701,
606000.4,
0,
1.122779e+07,
2090, 
11465.1,
886651.5,
411982.1,
8469.831,
7650.804,
22548.51,
48494.34,
1777989,
1491827,
10354.32,
62156.77,
50032.1,
7752.781,
5676.149,
26098.56,
13539.59,
174469.5,
4065357,
14429.42,
322024.4,
73796.29,
71426.25,
16364.74,
89549.84,
1147619,
632780.4,
0,
1.145051e+07,
2091, 
11608.6,
890899.7,
416176.7,
8696.152,
7851.532,
22206.61,
52447.56,
1838924,
1553274,
11886.63,
69473.48,
51625.25,
8097.831,
5875.392,
26731.54,
14559.05,
192912.3,
4120846,
13607.98,
336904.2,
73788.86,
72177.41,
17003.48,
95085.27,
1169932,
644981.9,
0,
1.172757e+07,
2092, 
11850.42,
892342.3,
422323.9,
8721.646,
7821.286,
21905.06,
56330.14,
1950585,
1592668,
13612.92,
75544.53,
53751.15,
8321.539,
5724.909,
26923.82,
15381.65,
209195.7,
4194195,
12764.48,
353957.1,
73792.57,
72793.05,
17495.63,
96721.98,
1185039,
659868.8,
0,
1.203963e+07,
2093, 
12492.24,
897793.2,
428095.8,
9064.119,
8064.794,
21800.37,
60977.63,
2081938,
1619284,
16136.87,
79488.23,
55941.36,
8668.93,
6022.613,
27615.38,
16790.15,
221291.7,
4198873,
11966.83,
369209.3,
73778.55,
73487.47,
18216.36,
102112,
1233650,
678141.2,
0,
1.23309e+07,
2094, 
12988.55,
895680.6,
436890,
9168.718,
8087.792,
21647.45,
65920.74,
2166977,
1644821,
18281.98,
93263.76,
57837.77,
8840.109,
5650.376,
27759.56,
17298.42,
225112.3,
4232275,
11387.16,
393339,
73587.14,
73999.98,
18479.39,
103204.3,
1289189,
701940.8,
0,
1.261363e+07,
2095, 
14175.43,
912677.8,
446655.7,
9360.462,
8338.622,
21280.95,
69534.16,
2223166,
1658602,
21135.68,
99506.16,
58929.99,
9104.512,
5462.476,
28102.99,
17851.62,
225588.7,
4277408,
10641.16,
412115,
73326.15,
74535.93,
19226.66,
107592.5,
1331396,
720944.9,
0,
1.285666e+07,
2096, 
15206.98,
919830.6,
461127.7,
9235.63,
8314.352,
20725.62,
73778.5,
2294981,
1680711,
23681.83,
111657.4,
60538.18,
9281.9,
5016.322,
27975.87,
17690.65,
224050.4,
4317591,
10166.96,
443906.4,
72875.78,
74814.93,
19514.47,
107314.7,
1361353,
755005.8,
0,
1.312635e+07,
2097, 
17189.93,
929011.9,
472971.5,
9199.995,
8344.118,
19902.5,
76829.85,
2315786,
1723857,
26774.74,
126368.2,
59439.74,
9444.103,
4818.803,
28231.47,
17909.78,
218185.6,
4308289,
9627.519,
469446.6,
72717.77,
74738.88,
19905.15,
110869.1,
1389991,
798257.7,
0,
1.331811e+07,
2098, 
18910.34,
958805,
486748,
8918.196,
8237.196,
19129.6,
80437.71,
2359262,
1780738,
28932.94,
150963.6,
61327.29,
9525.06,
4337.298,
27892.31,
15973.31,
210403.7,
4323531,
9274.041,
491646.3,
72921.88,
74365.2,
20349.01,
109413.1,
1404070,
825640.8,
0,
1.356175e+07,
2099, 
21883.91,
956408.2,
497705.1,
8704.753,
8373.661,
18299.32,
84060.28,
2389202,
1822819,
31104.93,
183020.5,
60269.35,
9593.617,
4333.537,
28036.66,
14870.25,
201937,
4395011,
8899.579,
508947.3,
72469.29,
74223.09,
20702.49,
112203.4,
1409153,
835077.4,
0,
1.377731e+07,
2100, 
23070.24,
990935.4,
511256.7,
8384.202,
8223.373,
17698.51,
87970.19,
2483172,
1870924,
32697.17,
192766.8,
61735.09,
9587.339,
4181.403,
27688.88,
12621.63,
191816.4,
4419310,
8624.214,
539267,
72093.48,
73789.55,
20975.63,
108717.6,
1423297,
855336.9,
0,
1.405614e+07];
