real main.em.ep.isp.StorCapTot[28](t) = [1971, 
639.4692,
3101.625,
27.66575,
12.26811,
54.25509,
69.89185,
56.51175,
46.1403,
10.60524,
171.9203,
3674.549,
584.2175,
40.63823,
398.3969,
97.05313,
1479.285,
145.984,
162.6877,
67.3577,
194.496,
33.46875,
4.304608,
749.9517,
122.7767,
17.23463,
25.19289,
0,
11987.95,
1972, 
664.6461,
2857.277,
29.36663,
12.85468,
56.7298,
76.11536,
55.2688,
48.75137,
11.27955,
187.3324,
3671.891,
596.1497,
47.1349,
407.9833,
97.75842,
1558.147,
143.9008,
152.4836,
65.68615,
189.8594,
36.72734,
4.790353,
789.6443,
119.676,
15.05723,
34.82327,
0,
11931.33,
1973, 
739.218,
3162.351,
31.51732,
14.06148,
65.27819,
82.34109,
60.46391,
53.87336,
12.22547,
199.9893,
3966.238,
630.0028,
96.38191,
416.6643,
101.0071,
1583.517,
175.8748,
163.3379,
75.69849,
207.3619,
39.95149,
5.616543,
863.731,
138.572,
16.7904,
38.39643,
0,
12940.46,
1974, 
767.6171,
3153.059,
41.15846,
14.70094,
72.68451,
87.37133,
69.41176,
53.1944,
13.35492,
216.745,
4060.474,
662.9501,
100.0141,
427.1169,
103.1784,
1603.031,
205.8737,
170.246,
79.04243,
210.1677,
43.90535,
6.02232,
859.8779,
148.4786,
17.26978,
49.4603,
0,
13236.41,
1975, 
751.5955,
3271.27,
42.03369,
15.81546,
78.17027,
91.20551,
102.5051,
58.44612,
14.35212,
233.2938,
4078.381,
716.5952,
114.0723,
467.907,
112.1158,
1679.639,
247.0485,
190.6706,
91.68586,
238.5517,
45.55997,
7.105815,
887.2123,
153.9983,
18.49649,
53.11688,
0,
13760.84,
1976, 
813.3713,
3503.258,
44.92085,
17.01286,
89.55598,
96.10506,
108.4691,
60.22367,
16.12045,
245.8047,
4374.948,
748.3132,
125.4619,
464.9541,
114.4716,
1689.435,
272.7466,
215.2586,
97.73739,
249.3193,
50.8187,
6.775241,
942.8768,
160.1124,
18.67031,
57.28186,
0,
14584.02,
1977, 
869.9973,
3622.368,
49.28964,
18.7346,
100.524,
103.7625,
117.5302,
64.48556,
17.15939,
245.4755,
4475.177,
791.8351,
135.9958,
475.9485,
116.3557,
1718.626,
314.0862,
225.0131,
106.7298,
274.8619,
56.37667,
7.502515,
980.975,
169.0765,
19.74218,
63.61156,
0,
15141.24,
1978, 
923.8584,
3728.56,
53.36958,
19.98206,
110.894,
109.5302,
131.7102,
61.79294,
19.15515,
257.1754,
4658.728,
828.5448,
153.8739,
482.6935,
119.8081,
1759.719,
346.5015,
251.2296,
93.92845,
310.4962,
57.25043,
10.01091,
1022.093,
174.9233,
21.60467,
62.21645,
0,
15769.65,
1979, 
977.0911,
3802.094,
58.12111,
21.56517,
125.3327,
122.3158,
119.2522,
72.52946,
20.15732,
272.195,
4869.809,
833.2015,
143.8475,
484.7821,
121.9871,
1802.72,
413.0155,
258.2196,
99.30704,
342.4047,
63.05235,
11.51845,
1075.27,
181.8477,
23.22103,
66.90464,
0,
16381.76,
1980, 
1000.573,
3835.534,
63.0485,
21.04306,
138.1885,
132.942,
132.4569,
79.29705,
19.6769,
296.5317,
4908.229,
885.5361,
141.0866,
506.6344,
126.3724,
1900.368,
454.7605,
276.5166,
103.1553,
365.3803,
66.16281,
14.08939,
1054.479,
189.9812,
22.91278,
61.7849,
0,
16796.74,
1981, 
1048.642,
3846.722,
68.73557,
22.43912,
139.3245,
135.6745,
143.6297,
81.00629,
21.65537,
339.0079,
4941.245,
863.5619,
148.5908,
508.6477,
128.2656,
1935.836,
509.4808,
304.2709,
109.4585,
374.9114,
70.60622,
14.67163,
1065.59,
201.1333,
24.01256,
64.54359,
0,
17111.66,
1982, 
1021.45,
3713.059,
74.217,
23.41089,
148.6926,
141.1353,
148.6237,
82.47243,
22.69166,
355.9523,
4937.808,
882.7367,
139.1196,
512.8212,
130.4406,
1973.985,
556.8902,
328.7644,
115.4479,
399.0543,
75.9002,
18.07312,
1075.571,
205.0634,
26.54323,
66.26029,
0,
17176.18,
1983, 
1060.444,
3824.464,
74.48691,
25.32214,
158.6791,
150.8821,
157.9521,
76.85255,
23.99965,
365.5371,
5057.847,
927.6384,
119.6287,
516.7586,
132.1608,
2001.855,
532.6429,
359.4914,
125.5599,
427.4138,
83.22037,
20.20602,
1107.385,
209.5782,
29.91661,
66.10051,
0,
17636.02,
1984, 
1133.213,
4004.642,
79.80953,
26.85379,
177.8849,
158.7706,
171.487,
76.51554,
24.06437,
406.0537,
5232.494,
959.1779,
136.8945,
519.8655,
134.0164,
2012.028,
575.6805,
402.51,
134.9861,
457.703,
88.83623,
23.62267,
1151.493,
219.9777,
33.55917,
67.68346,
0,
18409.82,
1985, 
1192.723,
4083.859,
85.70409,
27.12087,
190.7401,
163.2616,
191.8736,
86.15634,
25.78963,
422.3894,
5438.062,
958.1013,
146.3297,
527.5997,
135.9572,
2040.949,
588.8299,
437.6544,
145.2346,
492.6474,
95.41598,
24.70382,
1191.073,
236.0776,
37.41204,
69.16909,
0,
19034.83,
1986, 
1213.544,
4078.899,
88.31966,
28.43628,
196.8396,
180.5203,
181.1239,
89.9433,
26.27061,
435.1876,
5537.824,
996.2096,
164.0383,
556.2753,
138.8757,
2071.563,
613.8702,
479.1201,
156.3565,
533.9194,
99.7728,
33.03952,
1200.331,
244.5568,
41.44412,
71.61449,
0,
19457.9,
1987, 
1286.449,
4157.487,
94.76351,
30.27617,
194.9139,
196.7431,
191.9614,
94.87035,
28.04188,
446.6348,
5722.727,
1009.349,
170.9434,
569.6718,
140.8549,
2100.586,
656.516,
518.7737,
173.3356,
586.517,
105.6526,
38.2641,
1274.99,
254.2831,
46.32927,
71.81722,
0,
20162.75,
1988, 
1297.692,
4315.807,
99.36491,
30.77687,
206.8242,
202.2053,
206.1035,
99.73564,
29.84328,
464.6023,
5972.088,
1025.943,
179.4829,
580.822,
142.7732,
2133.712,
729.3314,
571.0347,
196.0442,
639.0897,
116.7778,
40.77271,
1340.06,
267.2625,
54.2468,
78.90387,
0,
21021.3,
1989, 
1264.107,
4724.816,
105.9908,
32.44749,
209.5676,
207.1451,
218.4156,
105.4106,
30.96114,
475.8052,
6143.221,
1029.854,
192.3697,
577.6205,
144.4529,
2163.44,
759.303,
624.4178,
213.0606,
684.3425,
128.7102,
45.93759,
1422.69,
283.9318,
57.71125,
77.00323,
0,
21922.73,
1990, 
1226.64,
4816.912,
110.3592,
32.96029,
208.1512,
212.7783,
233.1003,
111.8677,
32.93222,
483.5064,
6266.29,
1147.444,
214.4098,
565.6746,
140.8767,
2033.331,
786.0775,
677.23,
228.8274,
730.284,
143.4532,
51.23682,
1513.948,
293.6224,
63.24363,
84.78529,
0,
22409.94,
1991, 
1300.566,
4850.538,
114.0722,
32.06385,
220.8956,
223.6302,
248.6948,
113.3443,
34.90416,
485.7675,
6402.911,
1082.383,
219.6193,
525.0914,
142.99,
2033.942,
804.1232,
737.4474,
239.0997,
785.2497,
155.0068,
58.72561,
1577.763,
297.4265,
69.33198,
87.80877,
0,
22843.4,
1992, 
1330.037,
4927.488,
115.6748,
33.91792,
229.3271,
227.0646,
262.8994,
117.4665,
35.53466,
495.1629,
6433.758,
1009.353,
245.2247,
507.6529,
143.5713,
2015.087,
881.1139,
769.5653,
254.7392,
877.723,
168.9152,
63.37764,
1586.469,
302.3311,
76.56416,
78.07625,
0,
23188.1,
1993, 
1379.041,
5073.445,
119.3697,
35.86756,
241.1636,
243.845,
279.6553,
114.7706,
37.58788,
515.2655,
6440.7,
972.943,
268.6006,
504.2624,
154.8483,
2017.027,
941.2539,
816.1844,
282.5878,
977.5563,
185.8162,
68.34387,
1597.166,
310.3853,
79.90284,
80.45044,
0,
23738.04,
1994, 
1461.292,
5179.831,
128.3722,
38.24111,
252.2344,
257.4107,
298.0226,
118.2049,
39.47338,
535.2079,
6568.667,
982.7909,
280.5734,
521.9528,
163.3089,
2032.439,
1011.981,
880.7614,
317.7294,
1074.827,
207.6033,
75.28163,
1687.566,
320.6085,
84.45139,
80.58897,
0,
24599.42,
1995, 
1489.168,
5325.811,
131.3494,
40.53531,
265.518,
270.3316,
312.8124,
127.2674,
42.36154,
546.2092,
6746.183,
1042.882,
307.2427,
514.5219,
170.583,
2046.619,
1064.428,
958.0872,
352.753,
1166.981,
232.6272,
83.95895,
1704.949,
331.7621,
89.30147,
81.94426,
0,
25446.19,
1996, 
1540.209,
5446.633,
122.2308,
43.96787,
277.5392,
283.1058,
343.6788,
134.1825,
44.87789,
571.7382,
6850.544,
1107.184,
334.4933,
533.0344,
173.7719,
2086.502,
1134.276,
1015.728,
389.3608,
1277.233,
255.1548,
97.72497,
1743.269,
341.3974,
93.5556,
76.99134,
0,
26318.38,
1997, 
1572.587,
5539.943,
132.4364,
46.89805,
292.4232,
301.3862,
359.5291,
134.1191,
47.00057,
594.313,
6960.656,
1119.077,
363.1281,
527.8887,
164.0137,
2042.108,
1194.607,
1088.946,
421.5308,
1334.506,
277.2668,
105.7638,
1765.844,
351.7391,
98.99367,
80.41168,
0,
26917.12,
1998, 
1566.366,
5689.126,
146.3972,
53.04991,
302.3245,
316.0947,
371.7648,
129.7934,
49.27398,
576.702,
7101.468,
1146.585,
386.2247,
509.4373,
157.9111,
2020.971,
1289.568,
1177.115,
400.7632,
1406.853,
278.7919,
111.4563,
1791.482,
372.4762,
107.2279,
101.2511,
0,
27560.48,
1999, 
1615.865,
5806.859,
155.8625,
56.68041,
314.1,
319.4113,
394.8776,
138.8202,
51.13357,
583.6649,
7156.571,
1149.129,
396.1682,
512.4301,
157.3651,
2040.241,
1362.672,
1286.56,
444.9579,
1511.54,
293.6512,
123.7192,
1813.082,
388.1546,
112.2214,
107.0497,
0,
28292.79,
2000, 
1698.596,
6018.574,
168.0106,
59.96652,
329.9366,
342.8282,
431.6012,
144.184,
53.93396,
608.6824,
7186.298,
1198.101,
428.5574,
516.2092,
164.3896,
2117.769,
1448.464,
1358.789,
539.9785,
1701.851,
320.1674,
133.2685,
1868.597,
401.1358,
117.8944,
117.0148,
0,
29474.8,
2001, 
1654.556,
5721.904,
173.2809,
60.75734,
322.2862,
341.5303,
460.0221,
149.9815,
56.06517,
589.9073,
7070.082,
1247.071,
422.5811,
561.5884,
172.0781,
2143.72,
1520.369,
1429.705,
573.5746,
1867.813,
343.3007,
146.0341,
1842.767,
422.8862,
125.9147,
127.9751,
0,
29547.75,
2002, 
1695.329,
5885.23,
176.7591,
63.98991,
345.512,
344.1191,
500.1354,
158.4607,
57.79429,
640.2833,
6853.529,
1255.53,
448.7667,
560.0621,
174.3806,
2141.137,
1624.708,
1484.568,
609.6044,
2106.438,
368.5349,
161.9927,
1889.668,
431.2491,
132.7563,
136.1124,
0,
30246.65,
2003, 
1641.686,
5910.654,
215.8897,
66.70326,
363.6172,
362.7383,
526.0672,
153.429,
61.84087,
670.967,
6732.972,
1295.86,
490.1318,
574.1548,
185.8727,
2212.559,
1724.879,
1591.505,
632.4931,
2437.634,
395.7339,
173.7998,
1888.674,
415.2418,
138.688,
130.5343,
0,
30994.33,
2004, 
1664.225,
6067.416,
218.6523,
69.18192,
384.6527,
386.1435,
571.4187,
165.9859,
67.54579,
693.3832,
6619.447,
1345.434,
525.2638,
591.7745,
193.3532,
2260.735,
1839.897,
1689.455,
664.8224,
2804.616,
429.6518,
183.5158,
1960.975,
424.0847,
149.9574,
137.4543,
0,
32109.04,
2005, 
1737.68,
6130.891,
231.2558,
73.57704,
399.9792,
400.643,
602.3582,
169.5741,
72.86552,
699.5225,
6459.339,
1362.816,
558.9606,
607.0831,
191.4129,
2483.175,
1924.286,
1782.006,
705.2917,
3159.935,
460.7579,
197.676,
1995.497,
422.7946,
162.0756,
146.7105,
0,
33138.16,
2006, 
1686.016,
6145.312,
239.2224,
77.18402,
418.8129,
421.4199,
645.367,
187.3957,
80.51373,
725.3239,
6236.904,
1394.641,
599.4403,
633.7108,
199.0799,
2561.376,
2064.431,
1919.577,
727.0317,
3644.481,
489.8979,
207.1915,
2050.891,
430.6667,
171.596,
150.3227,
0,
34107.8,
2007, 
1719.08,
6076.021,
250.5331,
79.94165,
447.6096,
436.6663,
696.4515,
184.6389,
86.5107,
747.4459,
6020.932,
1379.876,
645.7967,
656.2024,
207.6201,
2644.58,
2213.173,
2051.802,
766.9779,
4224.509,
518.2812,
221.0659,
2087.668,
437.7039,
175.6493,
154.5432,
0,
35131.28,
2008, 
1713.89,
5933.4,
256.3621,
81.0186,
470.5145,
465.8387,
758.7712,
186.5948,
92.38108,
744.1552,
5939.344,
1368.879,
653.2723,
647.0581,
208.2747,
2712.351,
2403.115,
2139.693,
808.6959,
4734.906,
540.0735,
233.3796,
2028.651,
431.9709,
186.5674,
163.2773,
0,
35902.43,
2009, 
1576.723,
5488.822,
254.6309,
81.66927,
470.2498,
466.4522,
854.1816,
192.3164,
102.5459,
722.1364,
5227.839,
1279.404,
633.1071,
564.4474,
209.1301,
2545.967,
2562.259,
2288.435,
830.1843,
5575.985,
561.2323,
240.5983,
2015.16,
441.723,
196.3358,
174.9461,
0,
35556.48,
2010, 
1548.915,
5701.112,
268.7901,
83.51733,
521.1161,
473.0267,
949.1309,
212.8119,
116.3043,
753.9649,
5477.24,
1332.446,
685.3099,
616.939,
218.4437,
2678.086,
2746.886,
2442.032,
915.4899,
6881.217,
607.0958,
255.3051,
2155.96,
477.1953,
203.3961,
182.0341,
0,
38503.77,
2011, 
1554.995,
5625.808,
299.9151,
87.95044,
541.6024,
492.8709,
991.3179,
219.4535,
130.7172,
766.4305,
5727.551,
1276.294,
740.3397,
631.3062,
227.3689,
2710.486,
2909.519,
2693.638,
954.0153,
8614.699,
632.3759,
270.0301,
2123.926,
523.0715,
214.7526,
191.7805,
0,
41152.21,
2012, 
1553.87,
5506.521,
321.132,
94.90318,
564.6748,
513.3991,
1088.701,
235.1265,
169.7734,
764.9125,
5782.621,
1180.461,
789.7177,
631.8056,
237.24,
2761.33,
3045.273,
2850.335,
982.9099,
10005.76,
699.3055,
288.8106,
2268.036,
568.6136,
234.343,
194.6646,
0,
43334.25,
2013, 
1486.55,
5694.458,
306.9332,
100.556,
582.2007,
535.4648,
1139.633,
247.3822,
163.792,
807.6224,
5568.455,
1139.934,
796.4631,
615.2541,
252.1224,
2720.94,
3197.269,
3045.733,
1021.636,
11931.69,
761.7686,
310.698,
2766.537,
590.5662,
260.5761,
207.9733,
0,
46252.21,
2014, 
1426.16,
5893.919,
322.369,
104.8837,
609.4964,
541.1383,
1186.752,
265.7648,
182.157,
930.4512,
5311.848,
1088.98,
839.9129,
569.7331,
260.9975,
2695.09,
3415.151,
3416.277,
1079.994,
14029.22,
857.8848,
323.9228,
3303.019,
620.3044,
286.7076,
239.7244,
0,
49801.86,
2015, 
1420.114,
6150.194,
337.1259,
117.1929,
623.5014,
554.1563,
1297.099,
276.042,
199.9711,
992.4693,
5842.365,
1056.77,
905.0321,
519.1852,
273.9078,
2685.25,
3450.872,
3721.479,
1171.293,
17001.54,
937.6614,
335.6365,
3891.76,
654.68,
311.5898,
243.4849,
0,
54970.37,
2016, 
1336.27,
6574.593,
358.1748,
125.2678,
606.5984,
549.7294,
1323.524,
283.0343,
216.6925,
1128.937,
6328.902,
1052.557,
1026.278,
542.7499,
270.3762,
2594.092,
3774.239,
4252.557,
1253.039,
19982.76,
1112.383,
352.4106,
4387.202,
701.9094,
370.7236,
251.6684,
0,
60756.66,
2017, 
1334.243,
7004.208,
369.3625,
133.8837,
657.6578,
583.6445,
1455.728,
320.294,
247.9588,
1370.407,
6913.863,
1067.965,
1440.417,
555.3574,
287.2818,
2622.776,
4046.82,
4978.112,
1375.04,
23540.41,
1193.884,
376.6377,
4872.826,
751.9937,
410.1525,
276.5164,
0,
68187.44,
2018, 
1308.302,
7439.913,
390.5301,
143.6995,
713.5808,
616.1258,
1784.864,
366.5729,
314.3649,
1585.605,
7434.236,
1089.462,
1679.516,
584.8375,
321.3098,
2666.914,
4449.489,
5766.681,
1560.695,
26892.08,
1313.51,
412.0009,
5299.797,
831.1848,
460.3142,
302.9142,
0,
75728.5,
2019, 
1282.638,
7905.9,
417.3342,
154.8492,
760.5995,
651.5641,
1996.938,
395.6221,
348.7446,
1621.756,
8199.721,
1161.021,
1832.101,
675.374,
382.8921,
2745.28,
5218.301,
6506.303,
1850.186,
30229.29,
1811.152,
446.5077,
5766.685,
1098.335,
499.702,
347.3523,
0,
84306.15,
2020, 
1143.423,
8039.494,
381.0607,
144.4661,
712.7975,
619.9326,
1874.286,
407.9649,
358.8366,
1691.954,
8440.368,
1029.621,
1843.16,
642.1204,
419.1157,
2404.517,
5108.009,
6560.425,
1934.662,
36299.61,
2643.962,
429.2045,
5853.318,
1357.775,
514.1818,
335.7471,
0,
91190.01,
2021, 
1104.038,
8595.116,
375.7273,
148.3133,
730.9203,
625.5328,
1862.96,
446.1476,
391.6132,
1682.789,
8689.157,
1059.952,
1972.978,
640.3659,
459.5805,
2450.902,
5265.406,
9731.795,
2023.963,
37361.73,
2583.846,
436.4942,
5908.391,
1435.69,
535.7192,
355.9755,
0,
96875.11,
2022, 
1063.63,
9803.8,
389.6103,
154.9349,
775.6055,
640.2098,
1820.873,
476.1546,
398.7741,
1605.082,
8678.673,
1017.694,
2151.664,
680.0044,
558.7363,
2495.878,
4894.406,
12486.59,
2120.113,
40747.87,
2759.793,
507.6117,
6020.041,
1533.553,
613.3502,
353.0775,
0,
104747.7,
2023, 
1042.897,
10410.87,
394.5566,
159.6103,
794.9256,
646.0883,
1713.613,
497.5705,
384.3784,
1593.122,
8800.34,
1102.275,
2639.323,
679.1265,
633.6145,
2499.25,
4680.035,
13525.65,
2211.362,
43142.65,
3010.616,
586.1472,
6111.72,
1641.016,
664.1904,
346.2865,
0,
109911.2,
2024, 
1014.447,
11034.44,
400.0252,
166.3336,
823.2914,
655.5062,
1568.49,
531.321,
375.6273,
1572.454,
9029.24,
1139.607,
2437.029,
676.1611,
711.7516,
2499.09,
4620.342,
13756.79,
2220.024,
44302.18,
3272.295,
665.9525,
6152.535,
1687.678,
727.7115,
349.7155,
0,
112390,
2025, 
978.3013,
11467.85,
407.1245,
173.2855,
846.4897,
663.6275,
1407.065,
560.7931,
370.6245,
1555.805,
9269.579,
1181.37,
2316.769,
674.2929,
798.8974,
2502.232,
4521.339,
13985.63,
2225.016,
45209.98,
3447.148,
748.1835,
6186.328,
1735.387,
793.9169,
346.5194,
0,
114373.5,
2026, 
958.9448,
11629.19,
417.0852,
183.9013,
864.4791,
677.2407,
1254.62,
595.0359,
378.5859,
1541.295,
9784.568,
1212.996,
2219.821,
672.4492,
888.4852,
2503.211,
4399.948,
14182.35,
2322.575,
46666.69,
3558.407,
833.4252,
6221.692,
1784.253,
883.5354,
336.6644,
0,
116971.5,
2027, 
949.3112,
11786.99,
436.1314,
198.0235,
884.6021,
690.9617,
1123.132,
624.86,
389.8938,
1531.546,
10527.91,
1261.547,
2139.594,
671.5771,
942.3809,
2515.161,
4226.405,
16891.19,
2899.482,
47691.08,
3741.722,
953.9988,
6258.866,
1827.502,
981.2887,
324.8366,
0,
122470,
2028, 
943.176,
11970.95,
458.4462,
239.2141,
913.0903,
704.2797,
993.0247,
641.7983,
373.4622,
1525.557,
11232.25,
1324.199,
1947.489,
671.8608,
997.1909,
2532.245,
3983.606,
17345.61,
3276.406,
48772.72,
3991.133,
1115.823,
6302.926,
1874.353,
1147.363,
309.342,
0,
125587.5,
2029, 
930.0162,
12292.3,
493.6129,
291.9517,
953.362,
718.7261,
875.0858,
643.0779,
340.5136,
1470.928,
11919.93,
1398.378,
1753.356,
674.1052,
1070.582,
2545.195,
3670.026,
17930.18,
3537.424,
49802.51,
4280.497,
1317.897,
6347.159,
1936.608,
1428.329,
288.8328,
0,
128910.6,
2030, 
902.317,
12809.86,
532.2145,
363.9014,
1003.705,
742.1979,
758.9494,
624.6359,
297.3151,
1466.012,
12678.41,
1491.952,
1551.389,
676.1829,
1134.016,
2546.435,
3284.16,
18652.34,
4202.738,
51213.1,
4710.013,
1638.06,
6447.492,
2007.285,
1765.229,
272.1623,
0,
133772.1,
2031, 
881.337,
13440.34,
589.7785,
460.9355,
1047.255,
767.3248,
636.6246,
562.9677,
242.6464,
1338.507,
12846.47,
1574.825,
1318.655,
672.8824,
1209.822,
2526.106,
2772.117,
19338.62,
4471.982,
51885.07,
5081.753,
2019.962,
6516.989,
2037.138,
2070.799,
250.2738,
0,
136561.2,
2032, 
839.6809,
14145.52,
685.9421,
872.5338,
1090.229,
798.3013,
718.767,
643.2039,
281.1924,
1344.108,
12849.08,
1692.821,
1324.154,
670.7523,
1265.724,
2507.561,
3005.138,
20215.66,
5429.958,
52422.49,
5562.877,
2382.231,
6589.244,
2072.645,
2320.481,
295.4283,
0,
142025.7,
2033, 
886.3887,
14864.61,
792.764,
1672.258,
1167.896,
831.5919,
808.7128,
702.2127,
324.4775,
1349.654,
12696.56,
1825.303,
1333.684,
668.7946,
1354.93,
2491.076,
3238.455,
20953.27,
5431.593,
53159.55,
5930.233,
2709.28,
6687.441,
2140.78,
2646.865,
352.7948,
0,
147021.2,
2034, 
1047.229,
15759.96,
887.4824,
2490.093,
1267.433,
869.5475,
878.6315,
722.3872,
369.5236,
1347.561,
14258.27,
1976.681,
1343.218,
668.5959,
1418.535,
2475.933,
3467.415,
21622.96,
5406.949,
55124.81,
6394.44,
2980.295,
6747.736,
2172.722,
2820.562,
415.21,
0,
154934.2,
2035, 
1251.958,
16902.71,
997.1986,
4238.306,
1367.071,
947.2703,
936.5692,
730.4457,
418.2484,
1343.295,
17653.6,
2154.166,
1356.281,
670.0159,
1490.266,
2470.417,
3705.21,
22404.16,
5377.909,
58465.72,
6879.523,
3177.216,
6771.371,
2210.306,
2968.543,
504.9514,
0,
167392.7,
2036, 
1482.43,
18294.14,
1123.078,
5723.03,
1450.229,
1017.957,
982.526,
735.8249,
478.0841,
1334.804,
17489.71,
2381.846,
1375.661,
673.9181,
1558.661,
2497.36,
3925.933,
23067.03,
5331.435,
61769.67,
7410.153,
3364.079,
6753.939,
2219.158,
3102.009,
625.3962,
0,
176168.1,
2037, 
1751.504,
19825.75,
1249.588,
6259.496,
1499.313,
1092.93,
1018.038,
738.5585,
558.5779,
1324.65,
16582.16,
2761.151,
1428.914,
677.7756,
1631.267,
2526.004,
4138.023,
23925.24,
5270.301,
64730.64,
7995.331,
3584.752,
6721.01,
2263.325,
3298.794,
735.851,
0,
183589,
2038, 
1958.234,
22675.85,
1376.893,
6152.848,
1573.823,
1176.025,
1044.982,
739.2928,
694.5282,
1322.876,
16370.71,
3736.671,
1562.277,
681.7869,
1702.463,
2555.721,
4326.612,
24813.23,
5179.447,
67941.43,
8728.924,
3872.961,
6692.445,
2382.116,
3600.747,
783.0435,
0,
193645.9,
2039, 
2165.989,
25621.88,
1491.326,
6295.168,
1653.782,
1265.448,
1080.371,
738.2296,
900.8061,
1342.833,
15638.51,
5074.778,
1739.52,
676.8677,
1774.413,
2638.519,
4719.523,
26020.13,
5050.32,
71157.74,
9562.787,
4253.171,
6663.371,
2578.775,
3851.122,
836.6071,
0,
204792,
2040, 
2368.11,
29294.99,
1947.066,
6395.061,
1727.06,
1359.746,
1126.287,
728.5156,
1206.871,
1374.868,
14965.84,
6398.2,
1934.392,
674.5433,
1859.455,
2732.863,
5202.846,
27559.61,
4894.133,
73448.49,
10340.66,
4750.195,
6592.653,
2763.263,
4142.467,
895.2242,
0,
216683.4,
2041, 
2673.009,
32663.26,
2274.372,
6734.504,
1802.75,
1464.335,
1178.423,
744.9742,
1674.479,
1438.19,
14339.65,
9885.515,
2152.576,
675.5057,
1931.453,
2828.45,
5680.121,
29346.17,
4776.464,
76096.58,
11269.13,
5369.777,
6541.992,
2992.861,
4504.721,
1324.078,
0,
232363.3,
2042, 
2845.376,
35399.95,
2821.446,
7508.506,
1891.075,
1579.348,
1260.359,
828.0201,
2201.51,
1516.007,
14125.82,
13306.92,
2345.567,
678.8712,
2011.251,
2983.996,
6193.168,
31517.25,
4835.012,
78346.48,
12315.34,
6097.479,
6481.312,
3488.603,
5024.352,
1912.904,
0,
249515.9,
2043, 
3158.768,
38934.34,
3494.03,
8113.399,
1975.274,
1698.857,
1453.625,
1046.258,
2435.305,
1588.587,
14518.77,
12618.97,
2556.578,
688.4943,
2078.667,
3144.162,
6716.864,
34364.53,
5071.092,
80583.56,
13378.93,
6942.084,
6423.126,
3957.618,
5743.711,
2728.092,
0,
265413.7,
2044, 
3607.535,
42324.68,
4212.221,
8911.26,
2075.902,
1844.574,
1758.26,
1382.683,
2689.404,
1653.498,
14782.7,
12556.87,
2728.581,
703.0139,
2147.695,
3281.054,
7070.739,
37496.35,
5333.159,
83232.01,
14527.62,
7787.513,
6340.248,
4232.089,
6707.454,
4131.097,
0,
283518.2,
2045, 
4072.501,
45711.25,
5860.776,
9836.535,
2196.895,
1999.805,
2130.271,
1842.042,
2969.97,
1699.202,
14889.66,
12991.37,
2913.285,
717.2052,
2224.576,
3450.9,
7361.164,
42985.77,
5544.302,
85866.88,
15594.88,
8695.052,
6269.338,
4435.394,
8192.655,
6501.812,
0,
306953.5,
2046, 
4171.595,
48936.19,
8467.544,
11131.08,
2370.882,
2148.691,
2456.294,
2605.348,
4166.784,
1725.072,
15083.58,
13066.42,
3050.615,
739.3627,
2442.701,
3644.829,
7705.457,
50742.11,
5746.476,
89133.08,
16812.85,
11667.49,
6207.222,
4655.334,
10087.34,
8604.151,
0,
337568.5,
2047, 
4148.163,
51394.37,
10997.39,
12367.78,
2725.546,
2666.26,
2700.299,
2878.957,
5437.879,
1946.202,
15396.64,
13247.12,
3199.465,
764.1766,
2682.706,
3881.141,
8102.056,
58330.24,
5827.4,
93845.47,
18035.11,
14864.72,
6189.354,
4938.958,
12606.87,
10794.54,
0,
369968.8,
2048, 
4147.081,
54018.87,
13958.56,
13399.77,
3240.073,
3256.778,
2964.903,
3207.438,
6490.438,
2155.698,
15796.15,
12786.96,
3333.361,
792.8472,
2977.659,
4127.386,
8540.656,
68029.28,
5860.819,
100037.4,
19244.01,
17100.75,
6166.31,
5092.856,
16709.75,
12859.16,
0,
406295,
2049, 
4157.367,
56124.83,
15832.37,
14571.02,
3748.751,
3858.978,
3263.05,
3632.354,
7778.958,
2353.184,
16106.22,
12341.06,
3515.896,
829.6893,
3276.69,
4423.551,
8854.009,
86662.95,
5772.691,
107680.3,
20612.22,
18384.15,
6148.918,
5224.298,
20836.44,
14665.65,
0,
450655.7,
2050, 
4188.66,
58846.08,
17539.56,
15563.58,
4189.08,
4561.879,
3586.936,
4698.751,
10285.02,
2480.562,
16295.69,
11930.22,
3675.068,
880.8676,
3623.354,
4696.09,
9339.109,
119254,
5584.42,
117010.6,
21877.31,
19823.13,
6175.841,
5303.009,
24425.74,
16188.23,
0,
512022.8,
2051, 
4225.137,
61815.93,
20473.37,
16240.37,
4644.207,
5096.737,
4094.455,
5933.545,
13224.5,
2701.795,
16710.18,
11748.01,
3827.554,
937.1041,
4000.543,
4905.083,
9843.834,
151825.4,
5391.724,
128986.9,
23317,
20668.02,
6225.519,
5456.758,
29037.99,
18645.33,
0,
579977,
2052, 
4304.131,
65860.89,
22845.8,
17270.5,
5230.455,
5608.86,
4782.22,
10294.18,
15918.58,
2918.031,
16984.4,
11374.64,
3936.422,
1006.569,
4429.562,
4995.093,
10381.34,
173602.2,
5143.746,
138483.7,
24704.58,
21535.88,
6278.765,
5657.117,
37026.24,
20019.02,
0,
640592.9,
2053, 
4446.288,
69433.16,
25476.95,
17779.72,
5609.069,
6279.098,
5515.652,
19697.99,
18098.28,
3203.501,
17561.25,
11203.99,
4103.882,
1079.061,
4854.486,
4980.512,
10924.36,
203436.8,
5006.684,
149364.7,
26232.99,
23663.26,
6314.728,
5905.602,
47023.02,
21079.89,
0,
718274.9,
2054, 
4635.158,
75368.41,
28441.31,
18616.61,
6154.826,
6944.153,
6310.493,
31179.58,
21378.17,
3473.967,
18239.44,
11114.04,
4227.998,
1162.246,
5322.555,
5028.02,
11632.41,
236992.9,
4865.278,
161320.4,
27517.06,
27985.59,
6409.646,
6245.208,
57528.68,
22175.09,
0,
810269.2,
2055, 
4843.917,
80392.98,
31761.18,
18337.4,
6741.188,
7228.728,
9010.784,
43258.99,
25637.82,
3768.393,
20203.83,
11154.59,
4478.681,
1236.812,
5799.494,
5028.11,
12404.4,
278335.3,
4702.931,
169552.7,
28826.98,
32463.03,
6488.186,
6502.947,
61791.15,
23356.07,
0,
903306.6,
2056, 
5030.552,
86912.19,
34750.65,
18276.67,
7271.103,
7324.729,
12301.24,
50722.35,
31248.19,
4057.562,
21526.56,
11302.66,
4616.569,
1314.814,
6226.552,
5060.436,
13168.58,
305164.5,
4554.421,
176336.7,
29814.65,
35901.82,
6648.244,
6830.241,
65124.11,
24535.28,
0,
976021.4,
2057, 
5199.536,
96747.4,
36674.41,
17690.82,
7645.925,
7535.952,
14264.69,
56550.4,
38250.66,
4423.688,
24618.69,
11492.4,
4775.437,
1386.115,
6500.828,
5102.021,
13920.25,
342422.4,
4396.705,
182452.2,
30782.55,
39277.09,
6724.31,
7154.209,
67594.31,
25773.59,
0,
1059357,
2058, 
5233.223,
108848.8,
39230.76,
17253.55,
8057.526,
7630.352,
15009.81,
63233.06,
45741.62,
4755.34,
26535.02,
11608.18,
4894.754,
1440.561,
6719.766,
5295.818,
14548.67,
374838.7,
4279.908,
188154.7,
31392.79,
40904.06,
6917.852,
7449.899,
70365.27,
27106.2,
0,
1137446,
2059, 
5230.018,
119487.4,
41228.86,
16310.02,
8200.034,
7675.208,
15047.04,
71671.15,
55382.2,
5194.085,
28731.53,
11738.72,
5009.792,
1468.061,
6825.314,
5495.425,
15182.27,
404275.3,
4168.604,
192244.3,
32040.25,
41735.41,
6998.532,
7648.785,
72953.46,
28481.36,
0,
1210423,
2060, 
5025.617,
126803.9,
42041.54,
15720.94,
8391.078,
7743.673,
14914.92,
80288.17,
63621.08,
5766.958,
31997.79,
11868.67,
5052.777,
1481.203,
6825.685,
5659.276,
15606.96,
424939.7,
4087.833,
194849.5,
32229.44,
41340.57,
7121.197,
7766.019,
75592.23,
29943.58,
0,
1266680,
2061, 
4823.951,
132793.8,
42797.68,
15045.79,
8476.386,
7894.61,
15093.97,
90318.75,
73967.14,
6416.61,
34166.96,
11953,
5117.187,
1506.582,
6843.227,
5758.198,
15908.29,
439725.9,
4045.96,
197637.9,
32489.31,
40515.07,
7161.829,
7901.968,
78096.39,
31440.41,
0,
1317897,
2062, 
4566.341,
138796.5,
43570.18,
14646.43,
8647.477,
8059.126,
16008.85,
95762.4,
81911.83,
6891.129,
35935.7,
12061.81,
5143.087,
1534.514,
6930.928,
5805.159,
16120.81,
447529.9,
4046.749,
197927.3,
32442.7,
39231.91,
7225.371,
7995.012,
80645.16,
34371.35,
0,
1353808,
2063, 
4348.078,
141515.5,
44306.64,
13779.95,
8758.722,
8092.469,
17022.2,
101190.2,
88200.94,
7250.89,
37755.07,
11891.61,
5181.283,
1569.667,
6977.506,
5831.081,
16315.55,
455342.1,
4087.995,
200017.7,
32403.17,
37049.53,
7227.401,
8167.405,
83181.77,
35194.13,
0,
1382659,
2064, 
4066.638,
142410.3,
45021.32,
13111.67,
8830.179,
8231.541,
18515.56,
106680.9,
94580.8,
7393.767,
38091.43,
11718.48,
5174.638,
1598.968,
7073.088,
5801.306,
16590.59,
463066.6,
4117.074,
199286.3,
32121.39,
35144.34,
7244.375,
8268.306,
85819.41,
36410.77,
0,
1406370,
2065, 
3885.218,
142781,
45698.05,
12219.18,
8644.733,
8243.993,
19645.25,
112328.8,
100717.3,
7415.117,
39516.1,
11521.28,
5154.283,
1628.383,
7100.801,
5788.094,
16799.23,
470865.9,
4188.801,
199091.5,
31859.18,
32895.57,
7209.642,
8370.821,
88462.07,
38219.13,
0,
1430249,
2066, 
3714.103,
142196.1,
46328.5,
11635.53,
8574.18,
8348.293,
20509.17,
117879.3,
107568.9,
7257.107,
38027.93,
11331.61,
5131.588,
1657.925,
7201.327,
5722.15,
17007.37,
477351.3,
4274.442,
195649.3,
31290.99,
32175.26,
7182.578,
8417.401,
91073.38,
40030.65,
0,
1447536,
2067, 
3677.207,
140613.4,
46941.05,
10892.38,
8343.14,
8395.806,
20642.05,
123666,
114167.5,
7053.889,
38145.25,
11079.2,
5097.446,
1706.147,
7222.596,
5682.009,
17158.99,
483993.9,
4384.883,
193173.6,
30839.63,
30924.26,
7135.642,
8473.416,
93711.84,
41926.45,
0,
1465048,
2068, 
3719.753,
138545.2,
47645.84,
10137.98,
8090.655,
8478.896,
20729.71,
129585.2,
123137.3,
6670.771,
36231.14,
10728.35,
5053.025,
1744.837,
7246.823,
5644.45,
17343.98,
490904.4,
4568.599,
187922.8,
30257.41,
29631.18,
7112.617,
8518.354,
96571.24,
43964.34,
0,
1480185,
2069, 
3847.735,
136523.8,
48314.07,
9377.199,
7711.879,
8522.571,
20658.11,
135806.5,
131300.3,
6317.67,
34435.83,
10359.76,
4995.844,
1790.529,
7222.813,
5543.594,
17526.48,
497921,
4854.242,
180942.1,
29760.93,
27796.05,
7067.357,
8589.126,
99446.59,
46084.3,
0,
1492716,
2070, 
4051.715,
132465.5,
48969.82,
8588.858,
7303.872,
8580.123,
20757.66,
142115,
139362.7,
5931.846,
33083.76,
9894.549,
4931.934,
1832.351,
7206.068,
5463.979,
17761.67,
504744.7,
5095.523,
172924.8,
29067.18,
26136.46,
7037.528,
8674.155,
102503.4,
48303.15,
0,
1502788,
2071, 
4364.147,
129860.7,
49611.36,
7839.391,
6880.966,
8650.239,
20938.91,
148265.3,
144459.8,
5629.829,
29707.25,
9571.761,
4872.948,
2120.689,
7160.089,
5342.132,
18120.12,
510894.8,
5383.187,
165477.2,
28595.82,
24375.96,
7023.045,
8848.734,
105474.3,
50515.81,
0,
1509984,
2072, 
4727.597,
127543.5,
50204.04,
6942.494,
6517.849,
8791.498,
21219.14,
154354.2,
149598.1,
5293.43,
29083.41,
9116.844,
4794.202,
2434.962,
7106.29,
5258.392,
18724.95,
516804.1,
5641.403,
156855.2,
27966.79,
22774.88,
7009.755,
9023.518,
108616.5,
52784.57,
0,
1519188,
2073, 
5118.653,
126500.4,
50820.96,
6011.757,
6136.794,
8880.631,
21286.29,
160584.2,
154793.5,
5082.526,
25429.57,
8857.389,
4701.715,
2741.708,
7055.18,
5221.904,
19544.36,
522852.3,
5791.726,
148079.2,
27514.33,
21215.27,
7002.975,
9338.001,
111843.1,
55190.69,
0,
1527595,
2074, 
5560.397,
124162.5,
51373.24,
5224.155,
5774.439,
9042.013,
21124.89,
166971.5,
160023.5,
4797.716,
23756.86,
8883.637,
4594.128,
2976.196,
6990.099,
5254.869,
20616.76,
528657.2,
5781.331,
140005.7,
27075.25,
20877.75,
7003.872,
9560.079,
115280.4,
57699.98,
0,
1539069,
2075, 
5868.594,
124773.4,
51923.79,
5003.671,
5392.793,
9069.973,
20683.64,
173487.7,
165314.5,
4550.994,
21392.66,
8994.143,
4501.319,
3104.573,
6893.259,
5320.15,
21857.59,
534392.6,
5801.508,
131369.7,
26622.64,
20865.53,
7008.612,
9787.145,
118776.3,
60315.48,
0,
1553072,
2076, 
6211.835,
124638,
52431.26,
4795.88,
5099.443,
9167.35,
20007.5,
179803.7,
170364.3,
4254.403,
19057.32,
9038.973,
4407.967,
2959.434,
6854.793,
5503.974,
23282.36,
539210.8,
5821.407,
123388.8,
26207.31,
20938.44,
6961.897,
10008.08,
122127.3,
62844.1,
0,
1565387,
2077, 
6560.389,
127006.1,
52947.36,
4582.813,
4778.038,
9304.873,
19100.12,
186340.8,
175535.9,
4038.406,
18375.69,
9273.037,
4319.541,
2875.581,
6787.836,
5690.809,
24983.71,
544179.4,
5790.902,
115962.5,
25781.99,
20868.84,
6903.052,
10261.5,
125279.1,
64017.65,
0,
1581546,
2078, 
6786.907,
129573.1,
53430.55,
4394.555,
4519.136,
9352.419,
18058.87,
193235.3,
180745.3,
3783.436,
16933.74,
9470.319,
4222.245,
2785.523,
6744.635,
5859.619,
27005.64,
548969.4,
5753.305,
108327.9,
25523.6,
20909.3,
6794.958,
10604.21,
128777,
66138.72,
0,
1598700,
2079, 
6954.208,
132234.8,
53948.87,
4217.981,
4238.587,
9416.449,
17206.66,
200187.5,
186029.2,
3600,
18317.01,
9597.61,
4155.352,
2695.166,
6718.755,
5956.763,
29320.61,
553320.1,
5702.681,
102865.6,
25322.6,
20698.59,
6670.222,
11032.63,
132529.7,
71050.15,
0,
1623988,
2080, 
6997.184,
136935.8,
54460.87,
4064.543,
3995.469,
9175.572,
16450.32,
206971.5,
191358.7,
3353.21,
18687.07,
9765.674,
4071.512,
2584.484,
6692.396,
6114.225,
31659.19,
557955.2,
5651.538,
98598.18,
25052.86,
20402.64,
6526.402,
11462.39,
136506.7,
74035.48,
0,
1649529,
2081, 
6931.863,
142526.8,
54919.78,
3904.748,
3779.945,
9053.849,
16103.41,
213570.1,
196444.2,
3234.138,
20070.84,
10006.77,
3998.29,
2449.237,
6741.998,
6121.561,
34039.23,
562285.9,
5616.971,
95250.11,
24824.68,
20126.65,
6373.171,
11992.22,
139642.8,
76734.16,
0,
1676743,
2082, 
6666.904,
147161.2,
55344.5,
3745.589,
3670.912,
8900.182,
15884.08,
220274.2,
201593.6,
3075.831,
22017.69,
10263.07,
3939.489,
2351.188,
6782.881,
6169.212,
36785.1,
571460.1,
5609.565,
92571.7,
24605.48,
19992.05,
6189.289,
12447.37,
142887.2,
79518.94,
0,
1709907,
2083, 
6341.868,
151765.7,
55794.87,
3613.208,
3611.702,
8650.821,
15842.97,
227516.3,
206772,
3103.127,
22152.23,
10680,
3905.899,
2262.611,
6906.322,
6188.207,
42163.17,
587849.4,
5595.081,
91059.58,
24490.37,
19785.52,
6058.674,
12994.32,
146213.2,
82323.7,
0,
1753641,
2084, 
5928.204,
155337.9,
56238.7,
3497.505,
3541.035,
8435.521,
15961.91,
235095.8,
212007.8,
3096.942,
24138.2,
11086.03,
3879.953,
2217.53,
7023.212,
6220.81,
47070.07,
601324.1,
5620.112,
89675.59,
24436.55,
19640.36,
5887.229,
13373.31,
149692.7,
85296.1,
0,
1795723,
2085, 
5601.292,
158817.3,
56705.68,
3407.466,
3514.501,
8167.673,
15579.35,
243472.8,
217348.6,
3189.971,
23542.66,
11244.76,
3898.684,
2195.123,
7056.923,
6260.384,
48821.66,
601648.8,
5556.385,
89117.83,
24302.83,
19467.25,
5845.254,
13958.66,
153195.7,
88298.91,
0,
1820216,
2086, 
5350.131,
160509.1,
57138.56,
3351.337,
3482.015,
8043.971,
15510.47,
256262.5,
222459.7,
3269.166,
24476.08,
11832.58,
3890.71,
2207.01,
7080.676,
6291.404,
50232.54,
608526,
5492.607,
88449.36,
24244.8,
19351.58,
5790.686,
14360.45,
156709.3,
91180.12,
0,
1855493,
2087, 
5149.382,
161862.4,
57595.81,
3293.424,
3479.219,
7889.013,
15822,
267808.6,
227658.4,
3453.901,
24084.26,
11800.19,
3938.074,
2283.268,
7137.634,
6342.374,
51407.62,
616256.9,
5325.959,
88861.02,
24166.7,
19385.23,
5838.272,
15059.73,
160252.3,
94057.86,
0,
1890210,
2088, 
4977.051,
162661.1,
58043.68,
3274.47,
3459.445,
7749.271,
16431.21,
278388.6,
232873.9,
3592.978,
24052.43,
11922.1,
3986.433,
2378.465,
7203.927,
6373.736,
52699.3,
625281.4,
5185.66,
89284.79,
24132.35,
19383.54,
5884.894,
15496.92,
163958.4,
97022.2,
0,
1925698,
2089, 
4904.714,
163865.4,
58506.05,
3276.753,
3493.831,
7563.826,
17317.98,
288301.6,
238111,
3832.671,
25604.22,
12031.08,
4088.556,
2466.066,
7311.721,
6627.612,
53572.1,
626311.8,
4998.013,
90540.92,
24123.79,
19427.59,
6057.415,
16221.51,
167672.7,
100128.8,
0,
1956358,
2090, 
4809.998,
164082.8,
58953.78,
3278.683,
3476.306,
7406.505,
18358,
295404.6,
243294.7,
4038.527,
26120.71,
12232.24,
4165.208,
2438.198,
7365.522,
6921.029,
55462.99,
633174.8,
4791.842,
92564.91,
24169.63,
19613.57,
6138.794,
16562.59,
171656,
103258.1,
0,
1989740,
2091, 
4847.792,
164543.1,
59424.96,
3346.06,
3533.92,
7339.471,
19420.14,
305296.3,
248059,
4342.81,
28173.32,
12437.63,
4293.505,
2493.511,
7494.639,
7289.056,
58984.64,
641011.3,
4590.889,
95198.53,
24195.87,
19728.3,
6302.785,
17252.97,
175460.2,
106281.3,
0,
2031342,
2092, 
4910.601,
164432.2,
60012.52,
3360.93,
3528.433,
7283.067,
20422.66,
322425.6,
252899.7,
4695.589,
29755.23,
12720.16,
4373.571,
2448.87,
7536.715,
7570.222,
61956.34,
650519.3,
4382.063,
98151.48,
24221.43,
19812.02,
6425.747,
17446.5,
179522.3,
109480.4,
0,
2080294,
2093, 
5074.045,
165229,
60774.43,
3457.187,
3595.75,
7265.007,
21613.58,
342341.3,
257834.6,
5197.714,
30767.59,
12995.83,
4507.204,
2532.438,
7674.834,
8051.63,
64108.19,
652232.2,
4182.793,
100604.6,
24232.36,
19917.91,
6597.602,
18126.02,
183416.1,
112687.6,
0,
2125018,
2094, 
5197.856,
164395.4,
61910.73,
3492.314,
3603.368,
7239.873,
22833.75,
355628.2,
262836.5,
5584.36,
34045.01,
13230.79,
4566.528,
2423.051,
7706.962,
8213.885,
64797.03,
656654.8,
4019.297,
104523.4,
24218.04,
19983.03,
6685.391,
18257.18,
188021.2,
115971.7,
0,
2166040,
2095, 
5483.362,
166460.6,
63180.18,
3549.506,
3670.241,
7165.522,
23720.64,
364924.5,
267781.5,
6090.62,
35324.7,
13350.82,
4664.779,
2366.435,
7779.377,
8396.706,
64925.79,
662948.6,
3847.271,
107285,
24188.06,
20061.93,
6815.913,
18844.87,
193419,
119322.4,
0,
2205568,
2096, 
5731.658,
166978.2,
64958.49,
3525.674,
3665.95,
7052.401,
24718.28,
375974.3,
272337.6,
6495.856,
38119.62,
13545.87,
4715.271,
2228.765,
7760.191,
8335.1,
64689.14,
668347.4,
3705.422,
111683.1,
24127.99,
20072.36,
6914.874,
18814.67,
197709.1,
122529.9,
0,
2244737,
2097, 
6206.99,
167811.1,
66470.02,
3524.428,
3680.984,
6875.536,
25442.12,
381138.6,
276839.3,
6991.197,
41091.73,
13326.34,
4781.946,
2161.541,
7815.578,
8408.306,
63705.02,
667714.5,
3560.55,
114862.5,
24115.34,
20013.75,
6997.11,
19307.28,
201218.5,
125738.9,
0,
2269799,
2098, 
6617.858,
171645.2,
68185.8,
3458.997,
3653.668,
6713.059,
26263.79,
387878.5,
281189.5,
7305.991,
45756.4,
13574.21,
4800.89,
1994.364,
7756.424,
7747.921,
62361.07,
669854.6,
3464.893,
117614.8,
24178.57,
19895.58,
7091.993,
19111.48,
204630.5,
128861.8,
0,
2301608,
2099, 
7293.895,
170786.6,
69588.91,
3410.902,
3688.686,
6528.744,
27092.55,
392600.5,
285706.1,
7644.914,
51433,
13353.51,
4836.036,
1976.138,
7791.165,
7362.028,
60883.49,
678757.6,
3361.23,
119572,
24100.43,
19828.76,
7164.222,
19507.03,
209128.9,
132085.1,
0,
2335483,
2100, 
7546.818,
175631.6,
71232.37,
3332.508,
3648.852,
6397.683,
27953.15,
405839.3,
292477.6,
7864.598,
53022.05,
13492.89,
4827.685,
1909.39,
7728.323,
6528.033,
59050.79,
682542.3,
3289.981,
123188.5,
24040.29,
19705.28,
7218.569,
19007.24,
213762.8,
135309.2,
0,
2376548];
