real main.em.ep.ncl.NuclFuelEff[27](t) = [1971, 
170,
170,
170,
170,
170,
170,
170,
170,
170,
170,
170,
170,
170,
170,
170,
170,
170,
170,
170,
170,
170,
170,
170,
170,
170,
170,
0,
1972, 
170,
170,
170.3448,
170,
170.3448,
170.3448,
170.3448,
170.3448,
170.3448,
170.3448,
170,
170.3448,
170.3448,
170.3448,
170.3448,
170,
170.3448,
170,
170.3448,
170.3448,
170.3448,
170.3448,
170,
170.3448,
170.3448,
170.3448,
0,
1973, 
170.1724,
170.1724,
170.6897,
170.1724,
170.6897,
170.6897,
170.6897,
170.6897,
170.6897,
170.6897,
170.1724,
170.6897,
170.6897,
170.6897,
170.6897,
170.1724,
170.6897,
170.1724,
170.6897,
170.6897,
170.6897,
170.6897,
170.1724,
170.6897,
170.6897,
170.6897,
0,
1974, 
170.3448,
170.3448,
171.0345,
170.3448,
171.0345,
171.0345,
171.0345,
171.0345,
171.0345,
171.0345,
170.3448,
171.0345,
171.0345,
171.0345,
171.0345,
170.3448,
171.0345,
170.3448,
171.0345,
171.0345,
171.0345,
171.0345,
170.3448,
171.0345,
171.0345,
171.0345,
0,
1975, 
170.5172,
170.5172,
171.3793,
170.5172,
171.3793,
171.3793,
171.3793,
171.3793,
171.3793,
171.3793,
170.5172,
171.3793,
171.3793,
171.3793,
171.3793,
170.5172,
171.3793,
170.5172,
171.3793,
171.3793,
171.3793,
171.3793,
170.5172,
171.3793,
171.3793,
171.3793,
0,
1976, 
171.327,
171.3623,
171.7241,
170.5172,
171.7241,
171.3793,
171.7241,
171.7241,
171.7241,
171.7241,
171.3228,
171.3793,
171.7241,
171.7241,
171.3793,
171.3486,
171.7241,
171.2341,
171.7241,
171.7241,
171.7241,
171.7241,
171.3629,
171.7241,
171.3793,
171.7241,
0,
1977, 
171.333,
171.4064,
172.069,
170.5172,
172.069,
171.3793,
172.069,
172.069,
172.069,
172.069,
171.4478,
171.3793,
172.069,
172.069,
171.3793,
171.5026,
172.069,
171.2539,
172.069,
172.069,
172.069,
172.069,
171.4782,
172.069,
171.3793,
172.069,
0,
1978, 
171.6898,
171.503,
172.4138,
170.5172,
172.4138,
171.3793,
172.4138,
172.4138,
172.4138,
172.4138,
171.6004,
171.3793,
172.4138,
172.4138,
171.3793,
171.5482,
172.4138,
171.2856,
172.4138,
172.4138,
172.4138,
172.4138,
171.4801,
172.4138,
171.3793,
172.4138,
0,
1979, 
171.8529,
171.5842,
172.7586,
170.5172,
172.7586,
171.3793,
172.7586,
172.7586,
172.7586,
172.7586,
171.7551,
171.3793,
172.7586,
172.4138,
171.3793,
171.5524,
172.7586,
171.3277,
172.4138,
172.4138,
172.7586,
172.7586,
171.7984,
172.7586,
171.3793,
172.7586,
0,
1980, 
172.0194,
171.5955,
173.1035,
170.5172,
173.1035,
171.3793,
173.1035,
173.1035,
173.1035,
173.1035,
171.9291,
171.6823,
173.1035,
172.4138,
171.3793,
171.7449,
173.1035,
171.3793,
172.4138,
172.5862,
173.1035,
173.1035,
172.048,
173.1035,
171.3793,
173.1035,
0,
1981, 
172.1633,
171.655,
173.4483,
170.5172,
173.4483,
171.3793,
173.4483,
173.4483,
173.4483,
173.4483,
172.1892,
171.6823,
173.4483,
172.4138,
171.3793,
172.0715,
173.4483,
171.4393,
172.4138,
172.5862,
173.4483,
173.4483,
172.0497,
173.4483,
171.3793,
173.4483,
0,
1982, 
172.3306,
171.7886,
173.4483,
170.5172,
173.4483,
171.6534,
173.7931,
173.7931,
173.7931,
173.4483,
172.3811,
172.4267,
173.7931,
172.6927,
171.3793,
172.2091,
173.7931,
172.2115,
172.9527,
172.5862,
173.7931,
173.7931,
172.1927,
173.7931,
171.4298,
173.7931,
0,
1983, 
172.499,
171.9276,
173.6207,
170.5172,
173.6207,
171.9037,
174.1379,
174.1379,
174.1379,
173.6207,
172.5679,
172.8319,
174.1379,
172.9264,
171.3793,
172.3531,
174.1379,
172.6506,
173.2406,
172.5862,
174.1379,
174.1379,
172.3413,
174.1379,
171.486,
174.1379,
0,
1984, 
172.6683,
172.071,
173.7931,
170.5172,
173.7931,
172.1377,
174.4828,
174.4828,
174.4828,
173.7931,
172.7513,
173.1306,
174.4828,
173.1386,
171.3793,
172.5018,
174.4828,
172.9738,
173.4695,
172.5862,
174.4828,
174.4828,
172.4938,
174.4828,
171.5477,
174.4828,
0,
1985, 
172.8381,
172.2178,
173.9655,
170.5172,
173.9655,
172.36,
174.8276,
174.8276,
174.8276,
173.9655,
172.9324,
173.3823,
174.8276,
173.339,
171.3793,
172.6541,
174.8276,
173.2432,
173.6755,
172.5862,
174.8276,
174.8276,
172.6495,
174.8276,
171.6144,
174.8276,
0,
1986, 
173.0084,
172.3676,
174.1379,
170.5172,
174.1379,
172.5737,
175.1724,
175.1724,
175.1724,
174.1379,
173.1119,
173.6091,
175.1724,
173.5321,
171.3793,
172.8094,
175.1724,
173.4832,
173.8701,
172.5862,
175.1724,
175.1724,
172.8076,
175.1724,
171.6858,
175.1724,
0,
1987, 
173.179,
172.5199,
174.3103,
170.5172,
174.3103,
172.7807,
175.5172,
175.5172,
175.5172,
174.3103,
173.2901,
173.8212,
175.5172,
173.7205,
171.3793,
172.9669,
175.5172,
173.7054,
174.0583,
172.5862,
175.5172,
175.5172,
172.9677,
175.5172,
171.7616,
175.5172,
0,
1988, 
173.3499,
172.6743,
174.4828,
170.5172,
174.4828,
172.9827,
175.8621,
175.8621,
175.8621,
174.4828,
173.4675,
174.0237,
175.8621,
173.9055,
171.3793,
173.1263,
175.8621,
173.916,
174.2425,
172.5862,
175.8621,
175.8621,
173.1293,
175.8621,
171.8415,
175.8621,
0,
1989, 
173.521,
172.8304,
174.6552,
170.5172,
174.6552,
173.1806,
176.2069,
176.2069,
176.2069,
174.6552,
173.6441,
174.2199,
176.2069,
174.0882,
171.3793,
173.2872,
176.2069,
174.1187,
174.4241,
172.5862,
176.2069,
176.2069,
173.2922,
176.2069,
171.9253,
176.2069,
0,
1990, 
173.6923,
172.988,
174.8276,
170.5172,
174.8276,
173.3753,
176.5517,
176.5517,
176.5517,
174.8276,
173.8201,
174.4115,
176.5517,
174.2692,
171.3793,
173.4494,
176.5517,
174.3157,
174.6038,
172.5862,
176.5517,
176.5517,
173.4562,
176.5517,
172.0127,
176.5517,
0,
1991, 
173.6923,
173.0888,
175,
170.5172,
175,
173.5672,
176.8965,
176.8965,
176.8965,
174.9655,
173.8201,
174.5997,
176.8965,
174.2692,
171.3793,
173.6126,
176.8965,
174.5084,
174.7822,
172.5862,
176.8965,
176.8965,
173.4562,
176.8965,
172.1035,
176.8965,
0,
1992, 
173.6923,
173.0956,
175.3062,
170.5172,
175,
173.5672,
177.2414,
177.2414,
177.2414,
174.9655,
173.8201,
174.63,
177.2414,
174.2692,
171.3793,
173.6653,
177.2414,
174.687,
174.8877,
172.5862,
177.2414,
177.2414,
173.4562,
177.2414,
172.1035,
177.2414,
0,
1993, 
173.6923,
173.1031,
175.5751,
170.5172,
175,
173.5672,
177.5862,
177.5862,
177.5862,
174.9655,
173.8201,
174.664,
177.5862,
174.2692,
171.3793,
173.7218,
177.5862,
174.8646,
174.9995,
172.5862,
177.5862,
177.5862,
173.4562,
177.5862,
172.1035,
177.5862,
0,
1994, 
173.6923,
173.1111,
175.8205,
170.5172,
175,
173.5672,
177.931,
177.931,
177.931,
174.9655,
173.8201,
174.6693,
177.931,
174.2692,
171.3793,
173.7818,
177.931,
175.0416,
175.1168,
172.7416,
177.931,
177.931,
173.4562,
177.931,
172.1035,
177.931,
0,
1995, 
173.6923,
173.1198,
176.0501,
170.5172,
175,
173.5672,
178.2759,
178.2759,
178.2759,
174.9655,
173.8201,
174.6693,
178.2759,
174.2692,
171.3793,
173.8453,
178.2759,
175.218,
175.2389,
174.039,
178.2759,
178.2759,
173.4562,
178.2759,
172.1035,
178.2759,
0,
1996, 
173.6923,
173.129,
176.2684,
170.5172,
175,
173.5672,
178.6207,
178.6207,
178.6207,
174.9655,
173.8201,
174.6693,
178.6207,
174.2692,
171.3793,
173.9121,
178.6207,
175.394,
175.3652,
174.8863,
178.6207,
178.6207,
173.4562,
178.6207,
172.1035,
178.6207,
0,
1997, 
173.6923,
173.1388,
176.2811,
170.5172,
176.091,
173.5672,
178.9655,
178.9655,
178.9655,
174.9655,
173.8201,
174.6693,
178.9655,
174.2692,
171.3793,
173.9185,
178.9655,
175.6904,
175.6203,
174.8863,
178.9655,
178.9655,
173.4562,
178.9655,
174.2171,
178.9655,
0,
1998, 
173.6923,
173.1492,
176.2954,
170.5172,
176.7567,
173.5672,
179.3103,
179.3103,
179.3103,
174.9655,
173.8201,
174.6693,
179.3103,
174.2692,
171.3793,
173.9252,
179.3103,
175.966,
175.8634,
174.8863,
179.3103,
179.3103,
173.4562,
179.3103,
175.38,
179.3103,
0,
1999, 
173.6923,
173.1601,
176.3115,
170.5172,
177.2368,
173.5672,
179.6552,
179.6552,
179.6552,
174.9655,
173.8201,
174.6693,
179.6552,
174.2692,
171.3793,
173.9324,
179.6552,
176.2255,
176.0969,
174.8863,
179.6552,
179.6552,
173.4562,
179.6552,
176.1532,
179.6552,
0,
2000, 
173.6923,
173.1717,
176.3292,
170.5172,
177.6196,
173.5672,
180,
180,
180,
174.9655,
173.8201,
174.6693,
180,
174.2692,
171.3793,
173.9401,
180,
176.4725,
176.3226,
174.8863,
180,
180,
173.4562,
180,
176.7289,
180,
0,
2001, 
173.6923,
173.1838,
176.3486,
170.5172,
177.8445,
173.5672,
181.4,
181.4,
181.4,
174.9655,
173.8201,
174.6693,
181.4,
174.2692,
171.3793,
173.9482,
181.4,
176.7095,
176.542,
174.8863,
181.4,
181.4,
173.4562,
181.4,
177.1907,
181.4,
0,
2002, 
173.6923,
173.1983,
176.3874,
170.5172,
177.8445,
173.5672,
182.8,
182.8,
182.8,
174.9655,
173.8201,
174.6693,
182.8,
174.2692,
171.3793,
174.1002,
182.8,
176.8721,
176.8119,
176.7544,
182.8,
182.8,
173.4562,
182.8,
177.1907,
182.8,
0,
2003, 
173.6923,
173.2153,
176.3874,
170.5172,
177.8445,
173.5672,
184.2,
184.2,
184.2,
174.9655,
173.8201,
174.6693,
184.2,
174.2692,
171.3793,
174.2741,
184.2,
177.0707,
177.127,
178.1017,
184.2,
184.2,
173.4562,
184.2,
177.1907,
184.2,
0,
2004, 
173.6923,
173.2346,
176.3874,
170.5172,
177.8445,
173.5672,
185.6,
185.6,
185.6,
174.9655,
173.8201,
174.6693,
185.6,
174.5482,
171.3793,
174.4687,
185.6,
177.3019,
177.4806,
179.2132,
185.6,
185.6,
173.4562,
185.6,
177.1907,
185.6,
0,
2005, 
173.6923,
173.2564,
176.3874,
170.5172,
177.8445,
173.5672,
187,
187,
187,
174.9655,
173.8201,
174.6693,
187,
174.8803,
171.3793,
174.6827,
187,
177.5625,
177.8672,
180.1977,
187,
187,
173.4562,
187,
177.1907,
187,
0,
2006, 
173.6923,
173.2805,
176.3874,
170.5172,
177.8445,
173.5672,
188.4,
188.4,
188.4,
174.9655,
173.8201,
174.6693,
188.4,
175.2339,
171.3793,
174.915,
188.4,
177.8499,
178.2823,
181.1063,
188.4,
188.4,
173.4562,
188.4,
177.1907,
188.4,
0,
2007, 
173.6923,
173.3071,
176.3874,
170.5172,
177.8445,
173.5672,
189.8,
189.8,
189.8,
174.9655,
173.8201,
174.6693,
189.8,
175.2339,
171.3793,
175.0492,
189.8,
178.7057,
178.5045,
181.8029,
189.8,
189.8,
173.4562,
189.8,
177.1907,
189.8,
0,
2008, 
173.6923,
173.3359,
176.3874,
170.5172,
177.8445,
173.5672,
191.2,
191.2,
191.2,
174.9655,
173.8201,
174.6693,
191.2,
175.2339,
171.3793,
175.1945,
191.2,
179.5383,
178.7474,
182.5002,
191.2,
191.2,
173.4562,
191.2,
177.1907,
191.2,
0,
2009, 
173.6923,
173.3672,
176.3874,
170.5172,
177.8445,
173.5672,
192.6,
192.6,
192.6,
174.9655,
173.8201,
174.6693,
192.6,
175.2339,
171.3793,
175.3507,
192.6,
180.3523,
179.0094,
183.1979,
192.6,
192.6,
173.4562,
192.6,
177.1907,
192.6,
0,
2010, 
173.6923,
173.4007,
176.3874,
170.5172,
177.8445,
173.5672,
194,
194,
194,
174.9655,
173.8201,
174.6693,
194,
175.2339,
171.3793,
175.5173,
194,
181.1514,
179.2896,
183.8959,
194,
194,
173.4562,
194,
177.1907,
194,
0,
2011, 
173.6923,
173.4366,
176.3874,
170.5172,
177.8445,
173.5672,
195.4,
195.4,
195.4,
174.9655,
173.8201,
174.6693,
195.4,
175.2339,
171.3793,
175.6942,
195.4,
181.9384,
179.5866,
184.5942,
195.4,
195.4,
173.4562,
195.4,
177.1907,
195.4,
0,
2012, 
173.6923,
173.4748,
176.7883,
170.5172,
177.8445,
176.3999,
196.8,
196.8,
196.8,
175.1008,
173.8201,
174.7774,
196.8,
175.2339,
171.3793,
176.18,
195.4,
182.6691,
180.0838,
187.2853,
196.8,
196.8,
173.4562,
196.8,
179.2097,
196.8,
0,
2013, 
173.6923,
173.5153,
177.2015,
170.5172,
177.8445,
178.7428,
198.2,
198.2,
198.2,
175.2436,
173.8201,
174.8917,
198.2,
175.2339,
171.3793,
176.6761,
196.1,
183.3966,
180.5934,
189.1823,
198.2,
198.2,
173.4562,
198.2,
180.9654,
198.2,
0,
2014, 
173.6923,
173.558,
177.6263,
170.5172,
177.8445,
180.7472,
199.6,
199.6,
199.6,
175.3936,
173.8201,
175.012,
199.6,
175.2339,
171.3793,
177.1819,
196.8,
184.1214,
181.1143,
190.6814,
199.6,
199.6,
173.4562,
199.6,
182.5295,
199.6,
0,
2015, 
173.6923,
173.6031,
178.0621,
170.5172,
177.8445,
182.5079,
201,
201,
201,
175.5508,
173.8201,
175.1383,
201,
175.2339,
171.3793,
177.6965,
197.5,
184.8439,
181.6454,
191.9527,
201,
201,
173.4562,
201,
183.9498,
201,
0,
2016, 
173.7264,
173.6504,
178.5081,
170.5172,
177.8445,
184.0875,
202.4,
202.4,
202.4,
175.6332,
173.8201,
175.2704,
202.4,
175.2339,
171.3793,
178.2194,
198.2,
185.5644,
182.186,
193.0814,
202.4,
202.4,
173.4562,
202.4,
185.2595,
202.4,
0,
2017, 
173.7778,
173.7,
178.8741,
170.5172,
177.8445,
184.1076,
203.8,
203.8,
203.8,
175.6332,
173.8201,
175.3267,
203.8,
175.6863,
171.3793,
178.8382,
199.1542,
185.866,
182.4462,
194.333,
203.8,
203.8,
173.4562,
203.8,
187.8991,
203.8,
0,
2018, 
173.8315,
173.7518,
179.2501,
170.5172,
177.8445,
184.1293,
205.2,
205.2,
205.2,
175.6332,
173.8201,
175.3856,
205.2,
176.1469,
171.3793,
179.461,
200.0143,
186.1817,
182.7175,
195.4539,
205.2,
205.2,
173.4562,
205.2,
190.021,
205.2,
0,
2019, 
173.8875,
173.8058,
179.6358,
170.5172,
177.8445,
184.1525,
206.6,
206.6,
206.6,
175.6332,
173.8201,
175.4472,
206.6,
176.6152,
171.3793,
179.6274,
200.8244,
186.5106,
182.9997,
196.4858,
206.6,
206.6,
173.4562,
206.6,
191.8081,
206.6,
0,
2020, 
173.9458,
173.862,
180.0306,
170.5172,
177.8445,
184.1771,
208,
208,
208,
175.6332,
173.8201,
175.5114,
208,
177.0909,
171.3793,
179.6534,
201.6047,
186.8522,
183.2922,
197.4541,
208,
208,
173.4562,
208,
193.3662,
208,
0,
2021, 
174.0064,
173.9205,
180.4343,
170.5172,
177.8445,
184.2033,
209.4,
209.4,
209.4,
175.6332,
173.8201,
175.5783,
209.4,
177.5735,
171.3793,
179.6807,
202.3659,
187.2057,
183.5323,
198.3755,
209.4,
209.4,
173.4562,
209.4,
194.7607,
209.4,
0,
2022, 
174.0693,
173.9811,
180.4343,
170.5172,
177.8445,
184.2033,
210.8,
210.8,
210.8,
175.6332,
173.8201,
175.7082,
210.8,
177.5735,
171.3793,
179.7093,
205.0766,
189.4648,
183.5323,
198.9279,
210.8,
210.8,
173.4562,
210.8,
200.794,
210.8,
0,
2023, 
174.1344,
174.0439,
180.4343,
170.5172,
177.8445,
184.2033,
212.2,
212.2,
212.2,
175.6332,
173.8201,
175.7082,
212.2,
177.5735,
171.3793,
179.7392,
206.5278,
189.483,
185.0889,
199.4209,
212.2,
212.2,
173.4562,
212.2,
203.9228,
212.2,
0,
2024, 
174.2018,
174.5581,
180.4343,
170.5172,
177.8445,
184.2033,
213.6,
213.6,
213.6,
175.6332,
173.8201,
176.381,
213.6,
178.8745,
171.3793,
179.7704,
207.1935,
190.591,
185.8088,
199.7892,
213.6,
213.6,
173.4562,
213.6,
203.9228,
213.6,
0,
2025, 
174.2714,
175.0772,
180.4343,
170.5172,
177.8445,
184.2033,
215,
215,
215,
175.6332,
173.8201,
177.0549,
215,
180.1319,
171.3793,
179.8028,
207.8664,
191.661,
186.5277,
200.1761,
215,
215,
173.4562,
215,
203.9228,
215,
0,
2026, 
174.3432,
175.1434,
180.4343,
170.5172,
177.8445,
184.2033,
216.4,
216.4,
216.4,
175.6332,
173.8201,
178.4707,
215,
180.1319,
171.3793,
181.3936,
207.8664,
191.661,
187.9918,
201.2947,
216.4,
216.4,
173.4562,
216.4,
206.9019,
216.4,
0,
2027, 
174.424,
175.2179,
180.4343,
170.5172,
177.8445,
184.2033,
217.8,
217.8,
217.8,
175.6332,
173.8201,
178.4707,
215.7,
180.1319,
171.3793,
182.9099,
207.8664,
200.6208,
187.9918,
202.5623,
217.8,
217.8,
173.4562,
217.8,
208.9149,
217.8,
0,
2028, 
174.5141,
175.301,
180.4343,
170.5172,
177.8445,
184.7867,
219.2,
219.2,
219.2,
175.6332,
173.8201,
178.4707,
216.4,
180.1319,
171.3793,
182.946,
207.8664,
203.3124,
189.4497,
204.3181,
219.2,
219.2,
173.4562,
219.2,
208.9149,
219.2,
0,
2029, 
174.6138,
175.3931,
180.4343,
170.5172,
177.8445,
184.7867,
219.2,
220.6,
220.6,
175.6332,
173.8201,
178.4707,
217.1,
180.1319,
171.3793,
183.4749,
207.8664,
203.3208,
189.4497,
205.4634,
220.6,
220.6,
173.4562,
220.6,
208.9149,
220.6,
0,
2030, 
174.7234,
175.4945,
180.4343,
170.5172,
177.8445,
184.7867,
219.2,
222,
222,
175.6332,
173.8201,
178.4707,
217.1,
180.1319,
171.3793,
183.4749,
207.8664,
203.3306,
189.4497,
206.9229,
222,
222,
173.4562,
222,
208.9149,
222,
0,
2031, 
175.2948,
176.9359,
180.4343,
170.5172,
177.8445,
185.5214,
221.3,
223.4,
223.4,
175.6332,
173.8201,
178.7912,
217.1,
180.1319,
171.3793,
183.4749,
207.8664,
203.3551,
189.4497,
206.9229,
223.4,
223.4,
173.4562,
223.4,
211.2175,
223.4,
0,
2032, 
175.304,
176.947,
180.4343,
170.6897,
177.8445,
185.5214,
221.3,
224.8,
224.8,
175.6332,
173.8266,
178.7912,
218.1393,
180.1319,
220.3191,
183.4865,
207.8664,
213.3273,
194.7935,
206.9229,
224.8,
224.8,
174.7744,
224.8,
214.4358,
224.8,
0,
2033, 
175.3126,
176.9575,
205.9731,
170.8621,
177.8445,
185.5214,
221.3,
226.2,
226.2,
175.6332,
173.8325,
191.4615,
219.3191,
182.0297,
220.4236,
183.4979,
210.9997,
215.2418,
194.7935,
206.9229,
226.2,
226.2,
176.0959,
226.2,
214.8814,
226.2,
0,
2034, 
175.3206,
176.9675,
209.312,
171.0345,
177.8445,
185.5214,
221.3,
227.6,
227.6,
175.6332,
190.3031,
202.1901,
220.3282,
183.9411,
220.4236,
183.509,
212.8367,
215.6698,
195.9778,
206.9229,
227.6,
227.6,
176.6819,
227.6,
216.5829,
227.6,
0,
2035, 
175.0175,
176.9771,
209.312,
229,
177.8445,
201.6713,
221.3,
229,
229,
175.6332,
191.2913,
202.7305,
220.8469,
184.7948,
220.4236,
183.5198,
213.1471,
215.8202,
196.5165,
206.9229,
229,
229,
176.9778,
229,
217.1866,
229,
0,
2036, 
175.4773,
179.5999,
209.312,
230.4,
177.8445,
209.2197,
222.5046,
230.4,
230.4,
175.6332,
192.6732,
204.0267,
221.1995,
185.2921,
223.467,
184.7758,
213.8631,
216.3702,
197.1674,
206.9229,
230.4,
230.4,
178.2255,
230.4,
218.4396,
230.4,
0,
2037, 
175.485,
180.1598,
209.312,
231.8,
177.8445,
210.2426,
222.5046,
231.8,
231.8,
176.1229,
193.7259,
204.4863,
222.0255,
185.9235,
223.467,
185.827,
213.8631,
216.3773,
198.3231,
206.9229,
231.8,
231.8,
179.0533,
231.8,
219.1161,
231.8,
0,
2038, 
175.9899,
181.0534,
209.312,
233.2,
177.8445,
210.3627,
223.3192,
233.2,
233.2,
177.1011,
194.7589,
204.4863,
222.5062,
186.2141,
223.467,
186.0682,
213.8631,
216.8318,
198.3659,
206.9229,
233.2,
233.2,
181.5568,
233.2,
219.9327,
233.2,
0,
2039, 
176.3378,
181.7454,
209.312,
234.6,
177.8445,
210.3627,
224.5809,
234.6,
234.6,
178.5415,
195.5823,
204.4863,
222.8756,
188.7946,
223.467,
186.0826,
213.8631,
216.9497,
200.1322,
207.485,
234.6,
234.6,
185.7096,
234.6,
221.2077,
234.6,
0,
2040, 
176.7234,
181.825,
209.312,
236,
177.8445,
210.3627,
224.5809,
236,
236,
180.3972,
196.5486,
204.8533,
223.0409,
188.7946,
223.467,
186.6601,
213.8631,
216.9566,
200.2914,
208.1533,
236,
236,
188.6016,
236,
222.341,
236,
0,
2041, 
177.0804,
182.1655,
209.312,
237.4,
177.8445,
210.3627,
224.5809,
237.4,
237.4,
182.6065,
198.2992,
204.8533,
223.3631,
189.3302,
223.467,
187.9343,
213.8631,
216.9634,
200.468,
208.1533,
237.4,
237.4,
188.6701,
237.4,
223.492,
237.4,
0,
2042, 
177.5343,
182.9207,
209.8437,
238.8,
177.9956,
211.0969,
224.5809,
238.8,
238.8,
186.1609,
199.9031,
206.1066,
223.8111,
190.8717,
223.467,
188.5921,
215.5627,
217.1849,
200.9303,
208.1533,
238.8,
238.8,
190.0444,
238.8,
224.1939,
238.8,
0,
2043, 
178.0687,
183.7866,
210.3863,
240.2,
178.1451,
211.8539,
224.5809,
240.2,
240.2,
190.4791,
201.9824,
207.4498,
223.9291,
192.2099,
223.467,
189.2962,
215.5627,
217.3061,
202.9142,
208.1533,
240.2,
240.2,
191.6572,
240.2,
224.8891,
240.2,
0,
2044, 
178.7238,
184.7978,
210.9402,
241.6,
178.293,
212.6351,
224.5809,
241.6,
241.6,
195.7573,
204.0293,
208.8945,
224.0932,
193.7462,
223.467,
190.0533,
215.5627,
217.4269,
204.4074,
208.1533,
241.6,
241.6,
195.8894,
241.6,
225.611,
241.6,
0,
2045, 
179.7238,
186.0054,
211.5059,
243,
178.439,
213.4421,
224.5809,
243,
243,
201.6456,
211.0445,
210.4546,
224.7701,
195.536,
223.467,
190.872,
215.5627,
217.9979,
205.0682,
208.4199,
243,
243,
203.0262,
243,
226.4955,
243,
0,
2046, 
180.9393,
187.4874,
212.084,
244.4,
178.5829,
222.9745,
224.5809,
244.4,
244.4,
207.9559,
215.7021,
212.1464,
226.2887,
197.8979,
223.467,
191.7624,
215.5627,
218.1171,
205.948,
209.1304,
244.4,
244.4,
209.5152,
244.4,
227.1028,
244.4,
0,
2047, 
182.844,
189.3699,
212.6752,
245.8,
178.7245,
225.4799,
224.5809,
245.8,
245.8,
214.1711,
219.601,
213.9898,
226.2887,
201.097,
223.467,
192.7371,
217.3935,
218.2361,
206.9841,
209.9104,
245.8,
245.8,
216.3418,
245.8,
227.6916,
245.8,
0,
2048, 
186.457,
191.8696,
213.2799,
247.2,
178.8633,
227.04,
224.5809,
247.2,
247.2,
220.7297,
223.0734,
216.0085,
226.6226,
204.8455,
223.467,
193.812,
217.3935,
219.4944,
207.6968,
210.3166,
247.2,
247.2,
223.3056,
247.2,
228.282,
247.2,
0,
2049, 
203.0241,
195.3939,
213.899,
248.6,
178.9992,
227.7439,
224.5809,
248.6,
248.6,
227.4582,
226.9918,
218.2318,
226.6226,
210.5788,
223.467,
195.0071,
217.3935,
223.2315,
208.2713,
211.2941,
248.6,
248.6,
230.6114,
248.6,
228.9073,
248.6,
0,
2050, 
223.6859,
200.8111,
214.5331,
250,
179.1315,
228.4625,
224.5809,
250,
250,
234.9926,
231.5884,
220.6954,
226.6226,
217.3461,
223.467,
196.3481,
217.3935,
223.3409,
208.8394,
212.0115,
250,
250,
238.5191,
250,
230.092,
250,
0,
2051, 
236.1145,
205.9911,
215.183,
253,
179.2599,
229.1966,
224.5809,
253,
253,
240.8848,
231.6701,
223.4445,
226.6226,
218.3693,
223.467,
197.8685,
217.3935,
223.9584,
209.6458,
212.0992,
253,
253,
239.1277,
253,
231.5314,
253,
0,
2052, 
242.6764,
206.3931,
216.487,
256,
179.2599,
229.1966,
224.5809,
256,
256,
241.3133,
231.6701,
223.8899,
226.6286,
218.3693,
223.467,
198.3797,
217.3935,
224.0595,
210.8781,
212.7592,
256,
256,
239.692,
256,
232.0742,
256,
0,
2053, 
243.6349,
206.8016,
217.8708,
259,
179.2599,
229.1966,
224.5809,
259,
259,
241.5332,
231.6701,
224.3406,
228.6632,
218.3693,
223.467,
198.9078,
217.3935,
226.5806,
211.2238,
213.4461,
259,
259,
240.1748,
259,
232.5311,
259,
0,
2054, 
243.6349,
207.2168,
219.3432,
262,
182.4616,
229.1966,
224.5809,
262,
262,
241.9821,
231.6701,
224.403,
228.6632,
219.1628,
223.467,
199.4542,
217.3935,
226.6782,
211.5731,
214.1395,
262,
262,
240.5392,
262,
233.1095,
262,
0,
2055, 
243.6349,
207.6389,
220.9142,
265,
186.81,
229.1966,
224.5809,
265,
265,
242.3064,
231.6701,
224.403,
228.6632,
220.2852,
223.467,
200.0202,
217.3935,
226.7755,
211.9261,
214.7089,
262,
262,
240.7449,
265,
235.5798,
265,
0,
2056, 
243.6349,
208.0684,
222.5955,
265,
186.81,
229.1966,
224.5809,
268,
268,
242.4666,
231.6701,
226.6518,
228.6632,
220.6144,
224.3089,
200.6074,
217.3935,
226.8725,
212.283,
214.8607,
263.0168,
262,
240.7449,
268,
236.7497,
268,
0,
2057, 
245.016,
208.5055,
222.6915,
267.7537,
191.9969,
229.1966,
224.5809,
271,
271,
242.7881,
231.6701,
228.0831,
228.6632,
222.7379,
225.1621,
200.6605,
217.3935,
227.0428,
213.0291,
214.9222,
264.5922,
262.48,
241.4434,
271,
236.9459,
271,
0,
2058, 
245.016,
208.9506,
222.787,
268.4766,
198.4133,
229.1966,
224.5809,
274,
274,
242.7881,
231.7279,
230.9228,
228.6632,
224.4292,
226.3696,
200.713,
217.3935,
230.8196,
213.8013,
215.2277,
265.7433,
264.0059,
246.5821,
274,
239.2256,
274,
0,
2059, 
245.016,
209.404,
222.8823,
268.4766,
206.2995,
229.1966,
224.5809,
277,
277,
242.7881,
231.943,
234.3907,
228.6632,
225.7579,
226.5163,
200.7649,
217.3935,
230.9875,
214.6013,
215.4489,
265.7433,
266.9968,
250.7343,
277,
239.3136,
277,
0,
2060, 
245.016,
209.8661,
222.9772,
268.4766,
225.0323,
229.1966,
224.5809,
280,
280,
242.7881,
231.943,
235.3273,
228.6632,
225.7579,
226.5163,
200.8163,
217.3935,
235.517,
217.7207,
215.5796,
265.7433,
270.8518,
253.9575,
280,
239.7133,
280,
0,
2061, 
245.016,
210.3374,
223.0717,
268.4766,
263.9382,
229.1966,
224.5809,
283,
283,
242.7881,
231.943,
236.0395,
229.3294,
225.7579,
226.5163,
200.867,
217.3935,
239.0252,
220.2242,
215.5796,
265.7433,
274.8088,
255.3456,
283,
240.4022,
283,
0,
2062, 
245.016,
210.8014,
223.207,
268.4766,
268.8053,
229.1966,
224.5809,
286,
286,
242.7881,
231.943,
236.0746,
230.1233,
225.7579,
227.0301,
201.6364,
217.3935,
240.8531,
221.3488,
215.8647,
265.7433,
276.9409,
256.7669,
286,
240.4022,
286,
0,
2063, 
245.016,
211.2577,
223.207,
268.4766,
276.6956,
229.1966,
224.5809,
289,
289,
242.7881,
231.943,
236.0746,
230.7807,
225.7579,
227.6662,
202.4115,
217.3935,
240.9352,
222.2516,
216.1429,
265.7433,
279.1295,
257.4302,
289,
242.5614,
289,
0,
2064, 
245.016,
211.7058,
223.207,
268.4766,
279.3901,
229.1966,
224.5809,
292,
292,
244.1729,
233.7923,
236.0746,
231.2858,
227.5811,
228.3792,
203.1931,
217.3935,
243.9018,
223.1642,
216.4139,
265.7433,
280.7329,
257.9214,
292,
244.6019,
292,
0,
2065, 
245.016,
212.1456,
223.207,
268.4766,
279.3901,
229.1966,
224.5809,
295,
295,
244.531,
233.3867,
236.0746,
231.4659,
229.7156,
229.159,
203.9819,
217.3935,
246.1487,
224.0872,
216.6775,
265.7433,
281.2855,
258.2512,
295,
244.6782,
295,
0,
2066, 
245.016,
212.5763,
223.207,
268.4766,
280.1738,
229.1966,
224.5809,
298,
298,
244.531,
233.3263,
236.0746,
231.9869,
232.004,
230.6093,
204.7792,
217.3935,
247.9877,
225.0215,
217.3914,
265.7433,
281.3422,
258.4187,
298,
246.6248,
298,
0,
2067, 
245.016,
212.9977,
223.207,
268.4766,
284.1112,
229.1966,
224.5809,
301,
301,
244.531,
233.3263,
236.0746,
232.6294,
232.004,
236.8727,
205.1994,
217.3935,
250.752,
225.4832,
217.9301,
265.7433,
281.5212,
258.4187,
301,
247.1757,
301,
0,
2068, 
245.016,
213.4093,
223.207,
268.6671,
284.1112,
229.1966,
224.5809,
304,
304,
244.531,
233.3263,
236.0746,
233.1416,
232.004,
236.9663,
205.6048,
217.3935,
253.2077,
225.9388,
218.4076,
265.7433,
283.0797,
258.4956,
304,
249.2823,
304,
0,
2069, 
245.016,
213.8104,
223.207,
269.937,
284.1112,
229.1966,
224.5809,
307,
307,
244.531,
231.2236,
236.0746,
233.1416,
232.004,
237.7085,
205.9943,
217.3935,
258.7643,
226.3881,
218.7111,
265.7433,
286.5853,
258.5154,
307,
252.3918,
307,
0,
2070, 
244.9775,
214.2005,
223.207,
280.2349,
284.1112,
229.1966,
224.5809,
310,
310,
244.531,
229.7955,
236.0746,
233.1416,
232.004,
238.7614,
206.3666,
217.3935,
263.1377,
226.8308,
218.8915,
265.7433,
288.4468,
258.5327,
310,
256.8244,
310,
0,
2071, 
245.016,
214.579,
223.207,
282.5356,
284.1112,
229.1966,
224.5809,
313,
313,
244.531,
229.9943,
236.0746,
233.1416,
232.004,
239.8591,
206.7202,
217.3935,
266.0231,
227.2667,
219.1574,
265.7433,
290.5231,
258.5561,
313,
259.1721,
313,
0,
2072, 
245.016,
214.9452,
223.4621,
286.172,
284.1112,
230.4185,
224.5809,
316,
316,
244.8351,
230.1054,
236.1944,
233.252,
232.004,
240.3974,
207.6448,
217.7756,
266.9808,
227.9617,
219.9769,
265.7433,
295.7395,
258.5862,
316,
259.8992,
316,
0,
2073, 
245.016,
215.2984,
223.709,
286.172,
284.1112,
231.6795,
224.5809,
319,
319,
245.1344,
230.1054,
236.3107,
234.2078,
232.004,
250.2046,
208.6095,
218.1465,
268.7991,
228.6564,
220.805,
265.7433,
298.5692,
258.6505,
319,
260.2665,
319,
0,
2074, 
245.016,
215.6379,
223.9473,
286.172,
284.1112,
232.9841,
224.5809,
322,
322,
245.7216,
230.1054,
236.4236,
234.9079,
232.004,
256.873,
209.6258,
218.5055,
270.6884,
229.3509,
221.6426,
280.0194,
300.4569,
258.8186,
322,
262.4134,
322,
0,
2075, 
245.016,
215.9627,
224.177,
286.172,
284.1112,
234.3379,
224.5809,
325,
325,
246.7787,
228.4399,
236.533,
235.3056,
232.004,
261.4888,
210.7106,
218.852,
277.2468,
230.0452,
222.4907,
285.3317,
304.2332,
258.9149,
325,
263.0887,
325,
0,
2076, 
245.2047,
216.272,
224.3977,
288.3074,
284.1112,
235.7469,
224.5809,
328,
328,
246.9215,
228.3969,
237.8725,
235.983,
232.004,
264.568,
211.8888,
219.1853,
279.9438,
230.7391,
223.5644,
295.8593,
308.4548,
259.9195,
328,
263.6402,
328,
0,
2077, 
245.47,
216.5649,
224.5666,
291.0626,
284.1112,
235.7651,
224.5809,
331,
331,
246.9215,
228.2877,
242.4375,
236.7862,
232.9542,
266.9543,
213.4589,
219.659,
281.7639,
231.0588,
224.7137,
301.5523,
309.7691,
260.5284,
331,
265.0698,
331,
0,
2078, 
245.73,
216.8402,
224.7272,
291.392,
284.1112,
235.7826,
224.5809,
334,
334,
246.9215,
232.1322,
246.0652,
237.6858,
233.921,
268.5549,
215.3741,
220.1195,
283.9178,
231.3698,
225.8663,
302.2557,
310.1004,
260.5284,
334,
267.0204,
334,
0,
2079, 
245.9844,
217.0967,
238.5802,
296.7941,
284.1112,
235.7993,
224.5809,
337,
337,
247.6675,
231.9039,
249.8741,
239.7681,
234.9062,
269.5259,
215.9289,
220.5658,
285.4066,
231.6719,
227.0929,
305.8856,
310.8488,
260.5284,
337,
270.7633,
337,
0,
2080, 
246.2332,
217.3333,
252.9528,
300.0226,
284.1112,
235.8153,
224.5809,
340,
340,
248.8422,
235.386,
260.1577,
240.8385,
235.9116,
270.3547,
216.0055,
220.9963,
285.4591,
231.9646,
228.362,
306.6846,
312.323,
260.5284,
340,
275.1752,
340,
0,
2081, 
246.4763,
217.5485,
255.9622,
302.2848,
284.1112,
235.8305,
224.5809,
343,
343,
253.8975,
236.0118,
264.359,
242.1155,
236.9395,
271.0559,
216.0718,
221.4097,
285.5107,
232.1882,
229.7061,
306.6846,
313.3381,
260.5694,
343,
278.7214,
343,
0,
2082, 
246.7135,
217.7408,
260.8406,
302.4399,
284.1112,
235.8305,
224.5809,
346,
346,
253.8975,
236.0041,
265.731,
243.037,
237.4144,
271.7296,
216.1274,
223.8273,
285.8559,
232.1882,
230.549,
306.6846,
314.4955,
260.5694,
346,
281.1901,
346,
0,
2083, 
246.9448,
217.9086,
262.1796,
302.5829,
284.1112,
235.8305,
224.5809,
349,
349,
253.8975,
236.1419,
268.6792,
243.7912,
238.4426,
272.5875,
216.1723,
226.6374,
286.8256,
233.5084,
231.2843,
306.6846,
317.4046,
260.5694,
349,
283.953,
349,
0,
2084, 
247.1699,
219.2785,
265.7056,
302.9776,
284.1112,
235.8305,
224.5809,
352,
352,
253.8975,
235.8647,
271.0058,
244.4932,
241.8267,
273.6679,
216.206,
228.4789,
291.1818,
234.1559,
231.8059,
306.6846,
319.3842,
260.5694,
352,
285.8669,
352,
0,
2085, 
247.3889,
221.0715,
268.8047,
308.5067,
284.1112,
235.8305,
224.5809,
355,
355,
253.8975,
235.6354,
271.9659,
245.231,
244.9332,
275.0121,
216.2283,
230.6542,
295.148,
234.8002,
232.3175,
306.6846,
320.8695,
260.5694,
355,
285.8669,
355,
0,
2086, 
247.8171,
221.3207,
269.2148,
310.5446,
284.1112,
235.8305,
224.5809,
358,
358,
253.8975,
237.0067,
273.5839,
247.971,
244.9332,
275.9973,
217.1258,
230.6542,
297.4283,
236.1922,
233.9977,
306.6846,
323.1776,
260.5694,
358,
286.8711,
358,
0,
2087, 
260.1245,
221.5514,
276.1038,
312.2256,
284.1112,
235.8305,
224.5809,
361,
361,
253.8975,
237.0058,
273.6454,
250.8889,
244.9332,
277.229,
219.1085,
230.6542,
301.2162,
265.5387,
236.2963,
306.6846,
324.3473,
260.5694,
361,
288.9231,
361,
0,
2088, 
260.7316,
221.7522,
276.1038,
312.3666,
284.1112,
235.9909,
224.5809,
364,
364,
253.8975,
238.5834,
273.6454,
254.2929,
246.1121,
277.92,
219.2,
230.6542,
303.5292,
278.2416,
240.5759,
306.6846,
326.2217,
260.5694,
364,
289.9832,
364,
0,
2089, 
353.8637,
221.9083,
276.1038,
316.7183,
284.1112,
235.9909,
225.6662,
367,
367,
253.8975,
262.1173,
273.7392,
258.0248,
247.1009,
277.92,
367,
230.6542,
303.5325,
278.2416,
244.8739,
306.6846,
328.8142,
260.5694,
367,
294.5124,
367,
0,
2090, 
354.0853,
222,
276.1038,
319.3993,
284.1112,
235.9909,
225.6662,
370,
370,
254.1398,
272.9839,
274.8731,
258.7669,
247.8111,
277.9533,
370,
230.6542,
303.536,
278.2416,
254.2583,
306.6846,
330.0707,
260.5694,
370,
298.0964,
370,
0,
2091, 
355.2221,
373,
276.1038,
322.4059,
284.1112,
236.1367,
231.2831,
373,
373,
254.3799,
283.1665,
278.0079,
259.3171,
247.8111,
278.0151,
373,
230.6542,
303.9421,
278.2416,
265.9865,
306.6846,
330.6823,
260.5694,
373,
301.0001,
373,
0,
2092, 
355.2221,
376,
276.1038,
325.5811,
284.1112,
236.1367,
231.2831,
376,
376,
257.8787,
283.1665,
280.4713,
261.9767,
247.8448,
317.4613,
376,
230.6542,
312.4055,
291.2806,
279.7642,
306.6846,
332.269,
261.5224,
376,
305.7698,
376,
0,
2093, 
355.2221,
379,
313.9198,
325.5811,
284.1112,
236.1367,
231.2831,
379,
379,
261.9756,
284.4456,
291.7249,
265.8302,
251.3358,
319.2554,
379,
233.3591,
316.7338,
291.2806,
291.8231,
306.6846,
333.6643,
262.5152,
379,
307.4405,
379,
0,
2094, 
355.2221,
382,
343.6542,
325.7104,
284.1112,
236.1367,
231.2831,
382,
382,
273.0341,
355.5301,
319.8228,
270.2609,
256.4694,
320.6274,
382,
237.1008,
318.0301,
295.375,
299.3485,
306.6846,
333.6643,
262.9581,
382,
310.211,
382,
0,
2095, 
355.2221,
385,
343.6542,
325.9743,
284.1112,
240.3198,
231.2831,
385,
385,
273.7041,
362.9707,
323.992,
272.9146,
259.5255,
323.2955,
385,
238.0739,
318.9183,
297.3933,
304.3454,
306.6846,
333.7154,
263.1732,
385,
311.0561,
385,
0,
2096, 
355.2221,
388,
343.6542,
326.093,
284.1112,
242.4815,
232.6757,
388,
388,
274.9085,
364.2037,
321.287,
274.7169,
261.4572,
324.9644,
388,
240.7895,
320.0451,
299.928,
310.0374,
306.6846,
333.7647,
263.3339,
388,
316.7929,
388,
0,
2097, 
355.2221,
391,
343.6542,
326.093,
284.1112,
243.4827,
232.6757,
391,
391,
278.6653,
366.1474,
323.2102,
279.3399,
263.9832,
326.4849,
391,
240.7895,
321.9429,
304.8927,
311.9966,
306.6846,
334.0704,
263.5397,
391,
317.4294,
391,
0,
2098, 
355.2221,
394,
343.6542,
326.595,
284.1112,
243.5961,
233.2,
394,
394,
282.6987,
367.5118,
320.7615,
282.7134,
265.2215,
328.0228,
394,
240.7895,
324.8548,
307.9925,
316.769,
306.6846,
334.2892,
265.1174,
394,
318.2038,
394,
0,
2099, 
355.2221,
397,
343.6542,
326.6037,
284.1112,
243.5961,
397,
397,
397,
283.6673,
367.1457,
319.8202,
285.0919,
265.2215,
329.4688,
397,
240.7895,
324.9755,
314.8089,
321.9913,
306.6846,
334.4417,
266.8134,
397,
319.4925,
397,
0,
2100, 
355.2221,
400,
343.6542,
328.2702,
284.1112,
243.5961,
400,
400,
400,
284.9818,
365.9327,
318.5039,
286.1164,
265.2215,
331.2588,
400,
240.7895,
325.5283,
315.6388,
324.7936,
306.6846,
334.601,
269.7369,
400,
321.7597,
400,
0];
