real main.em.dem.hi.CE.Cement_Production[28](t) = [1971, 
8.317,
71.054,
7.520999,
5.215999,
9.803001,
14.936,
7.026,
3.428,
1.436,
5.861,
187.588,
41.77,
7.553,
1.94,
0,
100.331,
9.703,
14.931,
11.672,
32.187,
8.483,
0.487,
59.434,
5.586,
3.228,
2.222,
0,
621.713,
1972, 
9.091,
74.93,
8.753,
7.050999,
11.382,
15.606,
6.979,
3.822,
1.397,
6.112,
213.191,
45.894,
7.595,
1.952,
0,
104.299,
11.295,
15.785,
11.786,
36.019,
9.256001,
0.596,
66.292,
5.929,
3.102,
2.513,
0,
680.627,
1973, 
10.053,
77.576,
9.918,
7.588999,
13.398,
16.182,
6.846,
3.85,
1.411,
6.864,
206.852,
48.525,
8.946,
1.987,
0,
109.521,
10.994,
15.016,
13.975,
37.897,
11.17,
0.74,
78.12,
6.301,
3.464,
2.87,
0,
710.065,
1974, 
10.641,
73.558,
10.672,
7.624999,
15.187,
16.977,
7.144,
4.037,
1.451,
7.301,
203.452,
52.201,
8.94,
2.04,
0,
115.145,
13.005,
14.319,
14.842,
37.832,
10.829,
0.831,
73.108,
6.675,
3.863,
2.891,
0,
714.566,
1975, 
9.741,
62.13,
11.2,
7.123999,
16.391,
16.52,
7.791,
4.533,
1.419,
7.176,
192.852,
55.812,
10.833,
2.169,
0,
122.057,
14.87,
16.248,
17.129,
46.9937,
11.881,
1.077,
65.517,
6.292,
3.999,
2.667,
0,
714.4217,
1976, 
9.898,
67.581,
12.691,
7.634999,
18.675,
17.501,
7.991,
4.581,
1.513,
7.048,
198.166,
59.909,
12.154,
24.668,
0,
124.246,
15.867,
18.516,
18.873,
47.6281,
12.959,
1.81,
68.712,
6.162,
3.857,
1.775,
0,
770.4161,
1977, 
9.933,
72.629,
13.328,
7.535999,
21.123,
17.995,
8.849,
4.653,
1.77,
6.573,
203.119,
63.284,
13.39,
25.11467,
0,
127.056,
16.602,
19.173,
21.198,
56.7764,
13.686,
2.549,
73.138,
6.119,
3.928,
1.778,
0,
811.3,
1978, 
10.473,
77.546,
14.15,
8.235,
23.239,
19.139,
10.202,
4.846,
1.626,
6.823,
206.804,
66.265,
15.572,
24.61233,
0,
126.956,
18.953,
19.626,
22.133,
66.6375,
14.187,
3.649,
84.882,
5.952,
4.286,
1.749,
0,
858.5428,
1979, 
11.459,
76.648,
15.352,
8.558999,
24.871,
20.969,
13.056,
5.206,
1.652,
6.199,
209.948,
65.815,
13.573,
23.802,
0,
123.019,
23.557,
18.27,
24.413,
75.3604,
17.259,
4.432,
87.804,
5.981,
4.134,
1.757,
0,
883.0954,
1980, 
10.34,
68.241,
16.398,
8.938279,
27.194,
23.439,
14.922,
5.429,
1.80305,
7.125,
210.581,
71.827,
12.975,
23.71467,
4.2,
125.049,
26.268,
17.803,
23.612,
81.52399,
15.203,
5.259,
87.957,
6.057,
4.431,
1.672,
0,
901.962,
1981, 
10.152,
65.054,
18.173,
8.829503,
26.051,
23.459,
16.26,
6.641,
1.77682,
8.095,
204.569,
66.84,
15.043,
23.78933,
4.41925,
127.169,
31.741,
20.908,
23.617,
84.52,
16.272,
5.719,
84.82801,
6.553,
4.696,
1.869,
0,
907.0439,
1982, 
8.136,
57.475,
19.343,
8.506739,
25.644,
22.422,
16.086,
6.631,
1.60826,
8.08,
198.328,
75.157,
15.778,
24.054,
4.6385,
200.392,
34.413,
22.65,
25.887,
96.815,
17.921,
5.832,
80.686,
7.054,
4.644629,
1.73,
0,
989.9121,
1983, 
7.871,
63.927,
17.363,
8.913981,
20.87,
20.749,
18.043,
6.107,
1.599,
7.897,
198.173,
78.859,
13.595,
25.132,
13.49375,
208.56,
37.043,
25.261,
29.282,
110.132,
19.459,
8.095,
80.891,
6.262,
4.893568,
1.523,
0,
1033.994,
1984, 
9.386999,
70.452,
18.702,
8.833752,
19.497,
21.128,
22.488,
5.557,
1.568577,
8.084,
186.505,
82.269,
15.738,
26.015,
14.2401,
211.5,
43.223,
29.541,
28.413,
125.008,
19.517,
8.893001,
78.86,
5.617,
5.32135,
1.54,
0,
1067.898,
1985, 
10.192,
70.284,
20.255,
8.695295,
20.635,
21.206,
24.608,
6.944,
1.562796,
6.88,
176.347,
76.718,
17.581,
25.795,
15.051,
212.779,
44.516,
31.971,
28.509,
147.936,
17.98,
9.94,
72.847,
6.667,
5.57609,
1.65,
0,
1083.125,
1986, 
10.611,
71.112,
19.825,
9.727639,
25.252,
24.022,
22.808,
7.3322,
1.713959,
6.246,
176.827,
80.356,
20.004,
27.166,
16.889,
219.266,
42.843,
34.983,
31.53,
168.721,
18.707,
11.323,
71.264,
7.133278,
6.878,
1.924,
0,
1134.464,
1987, 
12.603,
67.38,
23.482,
10.28211,
25.468,
26.243,
26.097,
6.6949,
1.888073,
5.999,
181.316,
80.014,
21.98,
27.606,
17.332,
222.991,
45.763,
37.135,
34.946,
189.016,
20.774,
11.814,
71.551,
6.917004,
7.756,
2.074,
0,
1185.122,
1988, 
12.35,
71.544,
23.606,
9.706407,
25.329,
26.25486,
27.549,
7.6606,
1.816,
6.760001,
193.818,
82.502,
22.568,
28.16,
17.628,
225.236,
48.797,
41.136,
41.411,
212.831,
23.459,
13.118,
77.554,
7.058201,
8.302,
2.23,
0,
1258.384,
1989, 
12.591,
71.308,
24.21,
10.27073,
25.921,
23.293,
27.887,
7.945941,
2.309,
7.261,
202.05,
80.533,
23.704,
27.958,
18.42,
227.651,
54.065,
44.197,
47.12099,
212.949,
27.675,
14.788,
79.717,
7.755054,
8.279,
2.263,
0,
1292.122,
1990, 
11.745,
70.944,
24.683,
10.25889,
25.85,
23.45166,
30.144,
6.679068,
2.458,
6.563,
200.368,
72.992,
24.299,
27.275,
18.225,
222.811,
55.37,
46.17,
49.914,
211.96,
35.097,
14.786,
84.445,
7.357902,
8.611,
2.506,
0,
1294.964,
1991, 
9.372,
67.193,
25.208,
9.027902,
27.491,
24.69829,
32.726,
7.016109,
2.332,
6.147,
194.9965,
52.952,
26.029,
25.956,
17.003,
79.893,
46.29,
52.013,
55.167,
246.56,
39.188,
13.48,
89.564,
6.452879,
9.018,
2.836,
0,
1168.61,
1992, 
8.592,
69.585,
27.114,
9.19588,
23.902,
29.29976,
32.958,
7.428288,
2.466,
5.85,
185.845,
41.594,
28.455,
23.089,
14.963,
63.32,
52.276,
53.936,
61.444,
309.994,
42.915,
14.048,
88.252,
6.670589,
9.614,
2.404,
0,
1215.21,
1993, 
9.394001,
73.807,
28.725,
9.73794,
24.845,
40.0546,
30.214,
7.554194,
2.517,
6.135,
171.025,
37.99,
31.134,
17.03,
11.312,
51.022,
57.5946,
57.326,
64.313,
369.672,
50.609,
19.61,
88.046,
7.491562,
9.70181,
2.342,
0,
1279.203,
1994, 
10.584,
77.94801,
31.594,
10.56813,
25.229,
30.79477,
30.53,
6.448114,
2.478112,
7.068,
180.743,
41.162,
29.356,
12.962,
8.107,
37.898,
59.5058,
63.461,
69.088,
423.193,
57.7171,
24.564,
91.62401,
8.107636,
9.899,
2.014,
0,
1352.644,
1995, 
10.44,
76.906,
25.295,
10.925,
28.256,
33.93748,
32.42,
6.674058,
3.141187,
7.437,
178.958,
41.78201,
33.153,
8.911,
6.016,
36.949,
61.9665,
67.722,
73.101,
477.628,
64.9424,
23.136,
90.474,
7.7452,
9.767,
2.469,
0,
1420.152,
1996, 
11.1,
80.8,
25.4,
9.11,
34.6,
32.554,
37.57,
10.568,
2.827,
7.67,
172.793,
42.584,
35.2,
6.51,
4.345,
28.39,
50.613,
80,
74.3,
513.636,
57.774,
36.5,
94.5,
7.692,
10.709,
2.77,
0,
1470.515,
1997, 
11.7,
82.5,
27.5,
9.303,
38.1,
34.8,
39.03,
14.16,
2.73,
7.49,
176.439,
43.813,
36,
7.102001,
4.595,
27.331,
50.333,
80,
76.8,
516.542,
71.588,
41.2,
91.90001,
7.66,
10.831,
2.79,
0,
1512.237,
1998, 
12.1,
82.2,
27.7,
11.065,
40,
37.166,
38.49,
11.481,
3.176,
9.5,
196.397,
44.22,
38.2,
7.704,
4.577,
26.715,
43.822,
85,
63.8,
535.149,
53.49,
44,
81.3,
7.63,
10.706,
3.466,
0,
1519.054,
1999, 
12.6,
87.3,
29.4,
12.832,
40.3,
37.72,
41.56,
11.198,
3.075,
8.9,
195.813,
45,
34.4,
7.98,
5.336,
29.2,
44.518,
90,
64.2,
592.794,
67.355,
41.5,
80.1,
7.545,
11.282,
3.427,
0,
1605.335,
2000, 
12.6,
89.5,
31.7,
10.924,
39.2,
38.36,
45.01,
11.471,
3.194,
8.99,
201.394,
44.804,
35.8,
7.382,
4.52,
33.167,
51.709,
95,
67.4,
601.972,
64.405,
51.7,
81.09999,
8.545,
12.05,
3.029,
0,
1654.926,
2001, 
13,
90.4,
30,
11.049,
39.5,
38.45,
48.52,
12.555,
3.183,
9.17,
198.62,
41.374,
35,
7.8,
4.988999,
36.398,
54.939,
100,
57.16,
680.418,
67.202,
55.1,
76.6,
8.545,
12.445,
3.046,
0,
1735.463,
2002, 
13.2,
91.3,
31,
11.998,
38,
30.67,
48.22,
13.39,
3.223,
9.620001,
190.81,
41.409,
32.6,
9.61,
5.083,
39.203,
56.557,
100,
60.82,
724.548,
75.43,
61.6,
71.8,
8.7,
12.85,
2.658,
0,
1784.299,
2003, 
14.1,
94.3,
32,
13.334,
38,
33.07,
52.04,
13.445,
4.147,
10.2,
205.06,
44.314,
35.1,
11.645,
6.173,
42.739,
57.4,
100,
64.74,
880.65,
82.585,
64.5,
68.8,
9.15,
17.035,
3.419,
0,
1997.946,
2004, 
14.9,
98.99999,
35,
13.316,
34.4,
37.54,
55.12,
13.633,
4.529,
12,
209.57,
47.582,
38,
13.77,
6.684,
48.056,
62.533,
125,
59.93,
990.31,
93.211,
68.2,
67.4,
9.2,
17.39,
3.485,
0,
2179.759,
2005, 
14.3,
101,
37.5,
14.631,
36.7,
42.3,
59.49,
13.926,
5.305,
14.5,
209.482,
49.7,
42.8,
15.971,
6.873,
51.095,
68.981,
130,
57.1,
1090.012,
101.459,
66.6,
69.6,
9.269,
17.66,
3.535,
0,
2329.789,
2006, 
14,
99.7,
40,
15.314,
36.7,
45.28,
61.93,
16.177,
5.547,
13,
219.626,
55.181,
48,
18.037,
7.492,
57.395,
73.202,
155,
59.7,
1259.441,
101.86,
67,
69.9,
10.39,
18.175,
5.06,
0,
2573.107,
2007, 
14.5,
96.9,
40.7,
15.882,
46.4,
48.95,
63.95,
21.996,
5.838,
15.3,
231.62,
60.693,
48.8,
19.88,
8.1,
62.762,
86.86,
170,
63.13,
1369.18,
105.895,
77,
67.7,
10.979,
28.33,
5.295,
0,
2786.64,
2008, 
13.7,
87.60001,
40.1,
16.915,
46.5,
51.39,
78.46,
28.503,
7.118,
13.5,
200.297,
62.942,
51.4,
20.92,
9.04,
56.32,
89.5,
180,
58.12,
1407.57,
110.188,
81.4,
62.8,
10.743,
29.325,
5.47,
0,
2819.821,
2009, 
11,
64.9,
35.2,
14.762,
51.7,
49.98,
86.79,
27.251,
8.475,
11.8,
168.876,
49.868,
53,
14.78,
8.724,
46.927,
105.65,
180,
56.5,
1646.135,
115.564,
88,
54.8,
10.648,
33.425,
6.329,
0,
3001.084,
2010, 
12.4,
67.2,
34.5,
15.584,
59.1,
50.23,
85.26,
30.25,
11.03,
10.9,
162.47,
49.967,
62.7,
15.09,
8.988,
53.025,
109.31,
220,
53.6,
1896.623,
129.993,
83,
51.5,
10.358,
37.531,
6.847,
0,
3327.456,
2011, 
12,
68.6,
34.5,
14.596,
62.6,
50.08,
84.55,
29.462,
12.704,
11.2,
164.972,
52.527,
63.4,
16.5,
9.519,
58.912,
126.24,
270,
54.7,
2117.326,
133.828,
95,
51.3,
10.058,
43.338,
7.679,
0,
3655.591,
2012, 
12.465,
74.934,
36.184,
18.39,
69.323,
55.27501,
99.711,
34.5,
14.52,
11.56,
135.855,
46.49001,
63.879,
15.949,
17.691,
65.65,
187.953,
270,
53.308,
2228.272,
132.478,
52.55,
54.737,
9.915001,
50.777,
10.601,
0,
3822.967,
2013, 
11.611,
77.41499,
34.612,
18.588,
69.975,
59.163,
94.874,
40.283,
16.353,
12.168,
133.019,
44.352,
71.337,
16.064,
18.772,
70.849,
192.102,
280,
53.891,
2430.161,
138.998,
56.89,
57.962,
9.899999,
53.78099,
11.552,
0,
4074.672,
2014, 
11.879,
83.124,
36.597,
19.663,
71.254,
59.394,
104.917,
40.665,
18.186,
12.068,
131.91,
45.217,
71.239,
15.553,
21.27,
74.128,
193.043,
280,
53.723,
2509.493,
143.824,
56.96,
57.913,
10.394,
54.722,
13.937,
0,
4191.073,
2015, 
12.167,
84.94,
39.613,
19.827,
65.283,
60.062,
103.157,
43.019,
20.912,
12.992,
133.206,
46.395,
71.419,
14.194,
23.293,
66.963,
188.614,
260,
58.744,
2374.785,
158.639,
60.05,
54.827,
11.016,
64.29,
14.236,
0,
4062.643,
2016, 
11.693,
85.153,
40.577,
19.466,
57.557,
55.292,
105.928,
46.84,
22.622,
13,
135.046,
46.83101,
75.403,
14.501,
23.837,
59.321,
178.263,
280,
63.827,
2424.398,
164.924,
62.2,
53.255,
10.831,
70.756,
14.521,
0,
4136.042,
2017, 
12.706,
86.799,
41.601,
19.991,
54.004,
55.777,
124.553,
44.91,
23.252,
13.17,
136.163,
50.9,
80.55199,
14.609,
26.55,
60.09,
168.605,
283,
64.24,
2344.131,
172.963,
69.479,
55.195,
10.305,
75.794,
13.546,
0,
4102.885,
2018, 
13.554,
86.99999,
48.328,
19.209,
53.553,
53.00299,
102.7,
52.421,
23.35,
13.68,
138.733,
54.454,
72.544,
14.993,
27.588,
59.65,
173.253,
310,
57.923,
2249.513,
188.088,
75.413,
55.307,
10.879,
85.162,
14.813,
0,
4055.111,
2019, 
14,
88.1,
45.163,
18.628,
56.611,
53.091,
100.087,
57.746,
21.854,
12.726,
139.456,
56.943,
56.966,
15.258,
29.807,
64.436,
178.069,
334,
56.235,
2353.969,
207.594,
72.04,
53.462,
11.105,
88.543,
17.057,
0,
4202.946,
2020, 
14,
89.8,
47.833,
16.711,
61.052,
47.215,
90.375,
63.428,
24.867,
10.8,
137.154,
57.886,
72.299,
15.539,
31.519,
62.563,
193.587,
290,
53.208,
2391.468,
214.147,
62.83,
50.905,
10.72,
87.684,
17.504,
0,
4215.094,
2021, 
14,
91.3,
51.559,
18.552,
65.884,
57.598,
101.499,
69.572,
27.44,
12.5,
143.357,
59.388,
78.495,
17.009,
35.204,
66.584,
192.297,
350,
55.824,
2377.575,
227.432,
65.15,
50.083,
10.96,
97.859,
17.643,
0,
4354.764,
2022, 
15,
91.59999,
49.8,
18.761,
63.546,
60.309,
96.689,
70.41,
26.17,
12,
141.065,
57.383,
73.708,
11.6,
35.455,
67.772,
192.559,
380,
57.612,
2144.181,
236.292,
64.16,
53.2,
11.183,
94.53801,
18.001,
0,
4142.994,
2023, 
15.02235,
91.96418,
50.42464,
19.13898,
64.3067,
60.71473,
99.18028,
73.0495,
24.39062,
12.09962,
141.1257,
57.35316,
73.8643,
11.61489,
36.24039,
68.07812,
195.458,
394.4886,
57.5513,
2149.915,
238.8904,
65.87174,
52.8971,
11.2358,
96.18436,
18.7661,
0,
4179.827,
2024, 
15.05105,
92.31925,
50.93652,
19.54091,
64.77356,
61.60434,
101.5413,
76.31396,
26.4338,
12.25565,
141.3046,
57.44413,
73.99171,
11.6515,
37.00958,
68.23825,
198.6468,
408.7554,
57.52888,
2154.645,
241.7958,
67.56864,
52.55415,
11.29557,
99.74811,
19.90073,
0,
4222.849,
2025, 
15.10208,
92.7622,
51.37985,
19.95161,
65.32471,
62.53373,
104.03,
79.82777,
29.46605,
12.40281,
141.6775,
57.57553,
74.21909,
11.76049,
37.79358,
68.38551,
201.8761,
422.9494,
57.53827,
2158.917,
244.9036,
69.25958,
52.23825,
11.37135,
103.9259,
21.14347,
0,
4268.315,
2026, 
15.16209,
93.31797,
52.01099,
20.4107,
65.85426,
63.48061,
106.3385,
84.21191,
32.87917,
12.5622,
142.0035,
57.5408,
74.5445,
12.04523,
38.49215,
68.48936,
205.1146,
437.3628,
57.49768,
2158.949,
248.1304,
70.93047,
51.98682,
11.4326,
109.7808,
23.03215,
0,
4313.561,
2027, 
15.23514,
93.9195,
52.64013,
20.86127,
66.38808,
64.40379,
108.3372,
88.56442,
36.22686,
12.72768,
142.4026,
57.50158,
74.91872,
12.3212,
39.179,
68.5858,
208.3085,
450.9192,
57.46853,
2157.99,
251.283,
72.55293,
51.77589,
11.47015,
115.4219,
24.88548,
0,
4356.289,
2028, 
15.32046,
94.58649,
53.26805,
21.31113,
66.92673,
65.31392,
110.2036,
92.83939,
39.51519,
12.90227,
142.8742,
57.44363,
75.31387,
12.56645,
39.85349,
68.67567,
211.439,
463.7616,
57.43693,
2155.706,
254.3343,
74.14845,
51.59614,
11.50164,
120.8883,
26.71839,
0,
4396.445,
2029, 
15.42737,
95.356,
53.89959,
21.77357,
67.48438,
66.2344,
111.9148,
97.06759,
42.75006,
13.09071,
143.476,
57.37751,
75.77507,
12.523,
40.51468,
68.75993,
214.4877,
476.0281,
57.41784,
2151.669,
257.3344,
75.7429,
51.47784,
11.54092,
126.2385,
28.53714,
0,
4433.899,
2030, 
15.54874,
96.26128,
54.53292,
22.25663,
68.05021,
67.18527,
113.5565,
101.2979,
45.93692,
13.29707,
144.1441,
57.29676,
76.21454,
12.45316,
41.16122,
68.83955,
217.4217,
487.8192,
57.3748,
2145.379,
260.1803,
77.36333,
51.38317,
11.59647,
131.4954,
30.34693,
0,
4468.393,
2031, 
15.70712,
97.27736,
55.18063,
22.80775,
68.78646,
68.22923,
115.3067,
107.943,
50.10246,
13.59892,
145.0024,
57.18857,
76.70515,
12.35423,
41.79674,
68.9491,
220.1235,
499.3644,
57.28303,
2133.905,
262.8684,
78.97935,
51.3861,
11.66934,
137.5539,
32.79125,
0,
4502.86,
2032, 
15.8912,
98.46075,
55.83393,
23.38083,
69.54016,
69.30351,
116.9044,
114.5111,
54.19369,
13.92518,
145.9868,
57.06421,
77.19215,
12.23485,
42.4098,
69.03458,
222.6478,
510.5527,
57.18093,
2119.146,
265.3885,
80.67078,
51.43902,
11.7547,
143.5197,
35.20166,
0,
4533.369,
2033, 
16.09947,
99.83948,
56.49596,
23.9861,
70.32463,
70.40717,
118.3521,
120.9933,
58.23547,
14.28149,
147.1163,
56.93198,
77.67252,
12.11981,
42.99916,
69.11683,
224.9644,
521.4876,
57.07439,
2100.621,
267.7308,
82.46348,
51.54812,
11.85654,
149.4467,
37.59359,
0,
4559.758,
2034, 
16.32664,
101.42,
57.16817,
24.63309,
71.159,
71.56243,
119.7001,
127.4493,
62.24824,
14.6724,
148.3996,
56.79056,
78.12024,
12.06279,
43.56431,
69.1795,
227.0447,
532.2556,
56.96591,
2077.942,
269.8605,
84.3791,
51.70617,
11.96493,
155.3754,
39.98313,
0,
4581.934,
2035, 
16.56557,
103.1941,
57.85183,
25.32821,
72.05135,
72.79539,
120.9499,
133.9323,
66.24175,
15.10153,
149.9203,
56.63964,
78.52467,
12.10008,
44.10441,
69.22947,
228.8661,
542.9282,
56.88432,
2050.851,
271.7623,
86.43486,
51.9119,
12.06628,
161.3428,
42.38404,
0,
4599.962,
2036, 
16.82087,
105.1298,
58.53121,
26.09997,
73.06483,
74.14242,
122.2442,
141.8101,
71.08337,
15.6127,
151.8921,
56.47343,
78.89925,
12.2106,
44.61057,
69.30574,
230.3001,
553.5251,
56.77441,
2017.243,
273.1801,
88.59126,
52.19602,
12.1796,
167.943,
45.27109,
0,
4615.134,
2037, 
17.09417,
107.2415,
59.22009,
26.92405,
74.15096,
75.58321,
123.354,
149.7327,
75.88095,
16.15936,
154.1895,
56.29889,
79.2188,
12.38501,
45.09105,
69.37532,
231.4521,
564.0297,
56.49481,
1979.26,
274.3629,
90.89421,
52.52209,
12.32692,
174.559,
48.17484,
0,
4625.976,
2038, 
17.38378,
109.5111,
59.91845,
27.80089,
75.30968,
77.11706,
124.3533,
157.7299,
80.66376,
16.74113,
156.6799,
56.11593,
79.47693,
12.60204,
45.54657,
69.43839,
232.324,
574.4769,
56.17684,
1937.125,
275.3105,
93.34212,
52.8834,
12.48626,
181.2108,
51.09731,
0,
4632.822,
2039, 
17.68587,
111.934,
60.62473,
28.72792,
76.52908,
78.72784,
125.3675,
165.7222,
85.45264,
17.35602,
159.376,
55.92394,
79.65787,
12.8386,
45.97855,
69.49483,
232.925,
584.8842,
55.81394,
1891.201,
276.0155,
95.92698,
53.26607,
12.64406,
187.9058,
54.03618,
0,
4636.016,
2040, 
18.00498,
114.4827,
61.3399,
29.69829,
77.81726,
80.40321,
126.33,
173.6884,
90.252,
18.00146,
162.2835,
55.72612,
79.81033,
13.07964,
46.38876,
69.54897,
233.2761,
595.2619,
55.42314,
1841.965,
276.5463,
98.63745,
53.68768,
12.808,
194.6592,
56.99549,
0,
4636.116,
2041, 
18.35452,
117.0776,
62.0341,
30.71008,
79.16236,
82.09977,
127.2701,
183.1476,
96.02378,
18.69246,
165.5307,
55.52765,
80.00292,
13.31077,
46.76094,
69.65652,
233.2208,
605.3102,
55.00644,
1788.108,
276.7794,
101.3583,
54.20461,
12.9734,
201.9922,
60.50745,
0,
4634.823,
2042, 
18.71369,
119.7325,
62.729,
31.74998,
80.5295,
83.81744,
128.1994,
192.5317,
101.724,
19.39965,
169.0192,
55.32462,
80.16357,
13.54325,
47.11647,
69.78558,
232.9719,
615.2355,
54.56362,
1732.222,
276.8704,
104.1599,
54.73891,
13.1326,
209.2951,
64.01914,
0,
4631.288,
2043, 
19.07315,
122.465,
63.42014,
32.81366,
81.92014,
85.57711,
129.1259,
201.9447,
107.3766,
20.1177,
172.6638,
55.11491,
80.25069,
13.77552,
47.4582,
69.92931,
232.5582,
625.0229,
54.08012,
1674.949,
276.7914,
107.0192,
55.25889,
13.29442,
216.5513,
67.53367,
0,
4626.085,
2044, 
19.4304,
125.3032,
64.10556,
33.89263,
83.31527,
87.37062,
130.0239,
211.3687,
112.9854,
20.8416,
176.1582,
54.89918,
80.27188,
14.00598,
47.78815,
70.08243,
232.0126,
634.657,
53.55995,
1616.924,
276.5696,
109.914,
55.75828,
13.47464,
223.7526,
71.05025,
0,
4619.516,
2045, 
19.78348,
128.244,
64.78349,
34.97994,
84.70407,
89.18102,
130.9066,
220.7746,
118.5577,
21.56641,
179.4624,
54.67833,
80.23788,
14.23314,
48.10892,
70.23658,
231.369,
644.1209,
53.01091,
1558.749,
276.2354,
112.8227,
56.2329,
13.68067,
230.8894,
74.56415,
0,
4612.113,
2046, 
20.14614,
131.2203,
65.41348,
36.05898,
86.04591,
90.9486,
131.7618,
231.7641,
125.0258,
22.28307,
182.8138,
54.4698,
80.18739,
14.45182,
48.3876,
70.40293,
230.4217,
652.949,
52.45167,
1499.023,
275.6844,
115.5971,
56.74137,
13.90362,
238.3594,
78.58702,
0,
4605.1,
2047, 
20.49818,
134.2346,
66.02927,
37.12607,
87.35291,
92.69308,
132.6899,
242.6197,
131.3601,
22.98687,
186.0962,
54.25683,
79.979,
14.66436,
48.66149,
70.56391,
229.4465,
661.5109,
51.86866,
1440.329,
275.0561,
118.3386,
57.20763,
14.1318,
245.6754,
82.54473,
0,
4597.921,
2048, 
20.92177,
137.0635,
66.66137,
38.15579,
88.54717,
94.33421,
133.441,
253.0927,
137.4738,
23.68165,
189.6867,
54.07477,
80.653,
14.81573,
48.93082,
70.69371,
228.5158,
669.8464,
51.52341,
1383.089,
275.1847,
121.0517,
57.99724,
14.29722,
253.0257,
86.39824,
0,
4593.157,
2049, 
21.33213,
139.8888,
67.27782,
39.16185,
89.6965,
95.93944,
134.1724,
263.5174,
143.4548,
24.35705,
193.1708,
53.88952,
81.18534,
14.95905,
49.19934,
70.81757,
227.6064,
677.899,
51.17378,
1327.651,
275.2808,
123.7012,
58.74018,
14.47854,
260.2157,
90.20172,
0,
4588.969,
2050, 
21.72768,
142.7037,
67.87791,
40.14045,
90.79885,
97.50297,
134.8928,
273.8934,
149.319,
25.01059,
196.5314,
53.70132,
81.68143,
15.09368,
49.4688,
70.93525,
226.7394,
685.6632,
50.81934,
1274.295,
275.357,
126.2753,
59.4328,
14.66729,
267.2415,
93.95602,
0,
4585.726,
2051, 
22.11939,
145.4377,
68.42783,
41.07295,
91.82353,
98.98567,
135.5579,
285.7418,
155.9213,
25.63045,
199.77,
53.51872,
82.06897,
15.21827,
49.68937,
71.03627,
225.7025,
692.8174,
50.46955,
1221.502,
275.1881,
128.6726,
60.09426,
14.85674,
274.3341,
98.13518,
0,
4583.792,
2052, 
22.49295,
148.1363,
68.95863,
41.97182,
92.80474,
100.4414,
136.2159,
297.3876,
162.3344,
26.22173,
202.8544,
53.3333,
82.40754,
15.33305,
49.91271,
71.132,
224.7448,
699.6373,
50.01992,
1171.266,
275.0009,
130.972,
60.69335,
15.0579,
281.1997,
102.2063,
0,
4582.737,
2053, 
22.85332,
150.7614,
69.47234,
42.83429,
93.72697,
101.848,
136.8732,
308.7961,
168.5571,
26.78422,
205.8046,
53.14752,
82.74129,
15.43789,
50.13947,
71.22141,
223.8804,
706.132,
49.51768,
1123.671,
274.8502,
133.17,
61.25084,
15.26242,
287.8557,
106.1751,
0,
4582.765,
2054, 
23.2053,
153.2821,
69.97086,
43.65807,
94.59005,
103.1938,
137.5349,
319.9709,
174.6033,
27.31806,
208.6409,
52.9636,
83.11064,
15.53277,
50.3704,
71.30373,
223.1206,
712.3129,
49.0416,
1078.75,
274.7852,
135.265,
61.78636,
15.46118,
294.319,
110.0458,
0,
4584.137,
2055, 
23.54481,
155.6953,
70.45335,
44.44305,
95.39485,
104.4787,
138.2053,
330.9273,
180.4853,
27.82306,
211.343,
52.78001,
83.4876,
15.61781,
50.60606,
71.37906,
222.4691,
718.1868,
48.58198,
1036.493,
274.7769,
137.2551,
62.28531,
15.65442,
300.5886,
113.8241,
0,
4586.78,
2056, 
23.87994,
157.9878,
70.87553,
45.16867,
96.08723,
105.6422,
138.8091,
343.0309,
186.9251,
28.28542,
213.8966,
52.59507,
83.89065,
15.69645,
50.79472,
71.44087,
221.6568,
723.3783,
48.12122,
995.9437,
274.7095,
139.0417,
62.78895,
15.8359,
306.8193,
117.9402,
0,
4591.242,
2057, 
24.20153,
160.1714,
71.29294,
45.85353,
96.72056,
106.7425,
139.4191,
354.8072,
193.1369,
28.71766,
216.3109,
52.41009,
84.29514,
15.76547,
50.98761,
71.49493,
220.9523,
728.2559,
47.74037,
958.0024,
274.6934,
140.7212,
63.25349,
16.01108,
312.8241,
121.9235,
0,
4596.705,
2058, 
24.51011,
162.2479,
71.69624,
46.49891,
97.29726,
107.7815,
140.0383,
366.2856,
199.1414,
29.1209,
218.5899,
52.22514,
84.70307,
15.82521,
51.18496,
71.54149,
220.3608,
732.8345,
47.48699,
922.572,
274.73,
142.2965,
63.6811,
16.17959,
318.6167,
125.7855,
0,
4603.231,
2059, 
24.80628,
164.2199,
72.0847,
47.10632,
97.81995,
108.7613,
140.6684,
377.4919,
204.9564,
29.49636,
220.739,
52.04031,
85.11622,
15.87606,
51.38684,
71.58088,
219.8808,
737.1299,
47.37801,
889.5394,
274.8205,
143.7711,
64.0741,
16.34164,
324.2104,
129.536,
0,
4610.833,
2060, 
25.09057,
166.0907,
72.45899,
47.67743,
98.29132,
109.6846,
141.3107,
388.4489,
210.598,
29.84536,
222.7638,
51.85563,
85.53524,
15.91843,
51.59325,
71.61339,
219.5094,
741.1573,
47.3598,
858.781,
274.964,
145.149,
64.43452,
16.49766,
329.6173,
133.1842,
0,
4619.431,
2061, 
25.36853,
167.8541,
72.78056,
48.1971,
98.65395,
110.4957,
141.854,
400.3209,
216.6352,
30.15327,
224.6529,
51.66398,
85.97515,
15.95409,
51.76731,
71.62026,
218.9898,
744.38,
47.14398,
829.8721,
275.0636,
146.333,
64.77962,
16.63935,
334.879,
137.0698,
0,
4629.097,
2062, 
25.63342,
169.5245,
73.08801,
48.6819,
98.96808,
111.2526,
142.4052,
411.8517,
222.4433,
30.43588,
226.4179,
51.47151,
86.40482,
15.982,
51.94452,
71.62029,
218.5719,
747.3442,
46.93535,
802.9877,
275.1933,
147.4267,
65.08714,
16.77587,
339.9332,
140.8195,
0,
4639.201,
2063, 
25.88718,
171.1067,
73.38248,
49.13389,
99.23676,
111.9585,
142.9651,
423.0749,
228.0449,
30.69484,
228.0714,
51.27874,
86.83408,
16.00263,
52.12476,
71.6138,
218.2517,
750.0668,
46.7366,
777.992,
275.3617,
148.4357,
65.36406,
16.9076,
344.7978,
144.4464,
0,
4649.771,
2064, 
26.13888,
172.6055,
73.6675,
49.55512,
99.46297,
112.6164,
143.5341,
434.0204,
233.4595,
30.93233,
229.6603,
51.08914,
87.32632,
16.01642,
52.3079,
71.60113,
218.0287,
752.5684,
46.56948,
754.7507,
275.6378,
149.3666,
65.64471,
17.04008,
349.504,
147.9619,
0,
4661.066,
2065, 
26.37623,
174.0259,
73.93954,
49.94757,
99.64956,
113.2294,
144.1122,
444.7139,
238.7044,
31.14884,
231.1296,
50.89733,
87.78436,
16.02379,
52.4938,
71.58262,
217.89,
754.8561,
46.39866,
733.133,
275.9098,
150.2217,
65.88142,
17.16342,
354.0392,
151.3763,
0,
4672.628,
2066, 
26.60562,
175.3555,
74.1608,
50.29026,
99.73782,
113.7382,
144.5864,
456.0293,
244.1544,
31.32701,
232.5197,
50.6985,
88.23826,
16.02692,
52.65881,
71.55029,
217.5935,
756.3606,
46.25383,
713.1097,
276.0982,
150.9139,
66.09013,
17.27308,
358.3054,
154.9148,
0,
4684.591,
2067, 
26.82491,
176.6163,
74.37106,
50.6066,
99.79044,
114.2059,
145.0665,
467.0206,
249.3958,
31.48628,
233.8175,
50.49874,
88.76488,
16.02446,
52.82539,
71.51242,
217.3738,
757.6722,
46.11193,
694.4623,
276.3034,
151.5395,
66.27012,
17.37856,
362.403,
158.3273,
0,
4696.67,
2068, 
27.03483,
177.813,
74.57102,
50.89851,
99.81008,
114.6354,
145.5525,
477.7213,
254.4496,
31.62807,
235.0298,
50.2981,
89.40597,
16.01679,
52.99339,
71.46928,
217.2255,
758.8046,
45.97267,
677.077,
276.5239,
152.103,
66.42372,
17.48019,
366.3459,
161.6265,
0,
4708.911,
2069, 
27.23622,
178.9503,
74.76143,
51.16779,
99.79918,
115.0293,
146.0443,
488.1603,
259.3339,
31.75369,
236.1637,
50.09665,
90.15596,
16.00428,
53.16266,
71.42116,
217.1433,
759.77,
45.83612,
660.8469,
276.7596,
152.6092,
66.55349,
17.57808,
370.147,
164.8235,
0,
4721.308,
2070, 
27.42979,
180.0324,
74.94292,
51.41613,
99.76003,
115.3903,
146.5415,
498.363,
264.0648,
31.8644,
237.2254,
49.89445,
91.00304,
15.98726,
53.33306,
71.36833,
217.1224,
760.5803,
45.75263,
645.6716,
277.0094,
153.0621,
66.66165,
17.67232,
373.8179,
167.928,
0,
4733.895,
2071, 
27.61124,
181.0134,
75.0751,
51.62025,
99.63956,
115.6556,
146.9669,
508.9502,
268.85,
31.94415,
238.2449,
49.69419,
91.93005,
15.96868,
53.48301,
71.3104,
216.9561,
760.6166,
45.74284,
631.6347,
277.15,
153.3835,
66.75779,
17.75414,
377.1853,
171.0878,
0,
4746.227,
2072, 
27.78528,
181.9469,
75.19913,
51.80552,
99.49414,
115.8914,
147.3949,
519.2417,
273.4493,
32.0106,
239.2,
49.493,
92.87973,
15.94626,
53.63326,
71.24821,
216.842,
760.5126,
45.79223,
618.4703,
277.296,
153.6586,
66.83295,
17.83269,
380.4197,
174.1354,
0,
4758.412,
2073, 
27.95198,
182.8369,
75.31538,
51.97343,
99.32567,
116.1001,
147.8252,
529.2681,
277.8813,
32.06479,
240.0933,
49.29071,
93.79765,
15.92029,
53.78372,
71.18197,
216.7754,
760.2778,
45.89021,
606.0985,
277.4423,
153.891,
66.88694,
17.90824,
383.5312,
177.0822,
0,
4770.394,
2074, 
28.11203,
183.6867,
75.42444,
52.12532,
99.13594,
116.2836,
148.2579,
539.0558,
282.1619,
32.10769,
240.9303,
49.08741,
94.79635,
15.89102,
53.93428,
71.11188,
216.7523,
759.9213,
46.03155,
594.4459,
277.589,
154.084,
66.92186,
17.98103,
386.5302,
179.9381,
0,
4782.298,
2075, 
28.26596,
184.4995,
75.52676,
52.26247,
98.92658,
116.4438,
148.6925,
548.6283,
286.3058,
32.14022,
241.7157,
48.88314,
95.98224,
15.8587,
54.08484,
71.03816,
216.7688,
759.4519,
46.08688,
583.4446,
277.7357,
154.2408,
66.93932,
18.05135,
389.426,
182.712,
0,
4794.112,
2076, 
28.40252,
185.1811,
75.58577,
52.35835,
98.64836,
116.5125,
149.064,
558.3248,
290.3923,
32.14602,
242.4459,
48.69106,
97.42413,
15.82699,
54.21338,
70.96352,
216.6625,
758.3157,
46.04156,
573.0922,
277.7713,
154.2729,
66.96781,
18.10894,
391.9705,
185.4381,
0,
4804.822,
2077, 
28.53315,
185.8313,
75.63872,
52.4411,
98.35314,
116.5608,
149.4354,
567.7576,
294.3208,
32.1428,
243.1293,
48.49788,
98.87461,
15.79269,
54.34128,
70.88552,
216.5889,
757.0803,
45.9258,
563.2732,
277.7997,
154.2738,
66.97892,
18.16454,
394.4122,
188.067,
0,
4815.101,
2078, 
28.661,
186.4525,
75.68688,
52.51181,
98.04222,
116.5902,
149.8067,
576.9537,
298.1067,
32.13165,
243.7824,
48.30473,
99.27422,
15.75597,
54.4685,
70.80437,
216.5464,
755.7535,
45.77207,
553.9357,
277.8435,
154.2466,
66.98429,
18.2184,
396.7649,
190.6084,
0,
4824.007,
2079, 
28.78733,
187.0475,
75.73092,
52.57143,
97.7168,
116.602,
150.1778,
585.9363,
301.7635,
32.11336,
244.4127,
48.11203,
99.68776,
15.717,
54.595,
70.72023,
216.5327,
754.3424,
45.58292,
545.0325,
277.9095,
154.1938,
66.98839,
18.27075,
399.038,
193.0709,
0,
4832.654,
2080, 
28.90966,
187.6183,
75.77021,
52.62083,
97.37798,
116.5976,
150.5486,
594.726,
305.3031,
32.08834,
245.0097,
47.91861,
100.0916,
15.67596,
54.72074,
70.63321,
216.5436,
752.851,
45.3591,
536.5208,
277.9733,
154.1169,
66.98129,
18.32186,
401.2327,
195.462,
0,
4840.973,
2081, 
29.01135,
188.0488,
75.77464,
52.63633,
97.00372,
116.5208,
150.8513,
603.4327,
308.7268,
32.04904,
245.5216,
47.74373,
100.4659,
15.6369,
54.82677,
70.55003,
216.4595,
750.884,
45.17225,
528.4474,
277.9162,
153.9351,
66.99218,
18.3589,
403.1101,
197.7328,
0,
4847.809,
2082, 
29.10997,
188.4588,
75.77513,
52.64276,
96.61794,
116.4297,
151.1523,
611.9069,
312.0196,
32.00387,
246.0072,
47.56839,
100.8348,
15.59603,
54.93149,
70.4641,
216.3956,
748.8479,
45.07729,
520.6913,
277.859,
153.7329,
66.99506,
18.39495,
404.9125,
199.9205,
0,
4854.346,
2083, 
29.20401,
188.8502,
75.77132,
52.64086,
96.22151,
116.3255,
151.4514,
620.1713,
315.1934,
31.95317,
246.4604,
47.39185,
101.1833,
15.55347,
55.03489,
70.37556,
216.3486,
746.7457,
45.11028,
513.2207,
277.7862,
153.5114,
66.98377,
18.43006,
406.6422,
202.0332,
0,
4860.594,
2084, 
29.29394,
189.2245,
75.76353,
52.63127,
95.81519,
116.209,
151.7488,
628.2464,
318.2592,
31.8974,
246.8843,
47.21423,
101.5139,
15.50934,
55.137,
70.28455,
216.3169,
744.5819,
45.31483,
506.0064,
277.6992,
153.2722,
66.95982,
18.46433,
408.3052,
204.078,
0,
4866.631,
2085, 
29.3803,
189.5832,
75.75211,
52.61459,
95.39973,
116.0812,
152.0444,
636.1498,
321.2266,
31.83699,
247.2823,
47.03567,
101.8297,
15.46374,
55.23783,
70.19115,
216.299,
742.3602,
45.74712,
499.0223,
277.6006,
153.0168,
66.92504,
18.49783,
409.907,
206.0611,
0,
4872.546,
2086, 
29.44615,
189.82,
75.71165,
52.57207,
94.96814,
115.8981,
152.2771,
643.7961,
324.0529,
31.7652,
247.5816,
46.87722,
102.1174,
15.42078,
55.32099,
70.10036,
216.2084,
739.8476,
46.48532,
492.5219,
277.4062,
152.6736,
66.8995,
18.5173,
411.2641,
207.8967,
0,
4877.446,
2087, 
29.50885,
190.0436,
75.66806,
52.52322,
94.52869,
115.7051,
152.507,
651.2379,
326.7713,
31.68933,
247.8586,
46.71792,
102.3914,
15.3765,
55.40241,
70.00719,
216.1284,
737.2851,
46.47464,
486.2058,
277.1998,
152.3165,
66.86439,
18.53609,
412.562,
209.6619,
0,
4881.172,
2088, 
29.56869,
190.2552,
75.6215,
52.46853,
94.08191,
115.5027,
152.7341,
658.4949,
329.3914,
31.60974,
248.1152,
46.55781,
102.6529,
15.331,
55.48215,
69.91173,
216.0579,
734.6759,
46.3862,
480.055,
276.9822,
151.9467,
66.82061,
18.55426,
413.8054,
211.3635,
0,
4884.427,
2089, 
29.62596,
190.4559,
75.5722,
52.40842,
93.62833,
115.2918,
152.9585,
665.5845,
331.9217,
31.52674,
248.3536,
46.37296,
102.9034,
15.28434,
55.56028,
69.8141,
215.9957,
732.0225,
46.2943,
474.0522,
276.7543,
151.5652,
66.7691,
18.57185,
414.9984,
213.0072,
0,
4887.293,
2090, 
29.68082,
190.6467,
75.5203,
52.34332,
93.16841,
115.0727,
153.1804,
672.5215,
334.3698,
31.44061,
248.575,
46.22506,
103.1432,
15.2366,
55.63681,
69.71438,
215.941,
729.3276,
46.19899,
468.182,
276.516,
151.1728,
66.71028,
18.58891,
416.1449,
214.5983,
0,
4889.856,
2091, 
29.71689,
190.7517,
75.44841,
52.25989,
92.70973,
114.8129,
153.3142,
679.0352,
336.6407,
31.3439,
248.6931,
46.08995,
103.3436,
15.18962,
55.69699,
69.60795,
215.8086,
726.4366,
46.09392,
462.7789,
276.195,
150.707,
66.64194,
18.59454,
417.077,
216.0548,
0,
4891.043,
2092, 
29.75058,
190.8483,
75.37421,
52.17195,
92.24561,
114.5459,
153.4447,
685.3699,
338.8222,
31.24441,
248.7952,
45.94373,
103.5319,
15.14165,
55.7553,
69.4994,
215.6814,
723.5093,
45.98486,
457.4816,
275.8615,
150.232,
66.56614,
18.5997,
417.9634,
217.4533,
0,
4891.818,
2093, 
29.7821,
190.9373,
75.29787,
52.07983,
91.77637,
114.2723,
153.5719,
691.5424,
340.922,
31.14239,
248.8829,
45.79679,
103.7092,
15.09275,
55.81179,
69.38885,
215.5587,
720.548,
45.87209,
452.2785,
275.5162,
149.7484,
66.48356,
18.60444,
418.8073,
218.799,
0,
4892.223,
2094, 
29.81163,
191.0193,
75.2195,
51.98383,
91.30239,
113.9924,
153.696,
697.5671,
342.9469,
31.03804,
247.487,
45.64917,
103.8765,
15.04298,
55.86654,
69.27635,
215.4398,
717.5542,
45.75593,
447.1596,
275.1598,
149.2568,
66.39477,
18.60879,
419.6118,
220.0966,
0,
4890.814,
2095, 
29.83933,
191.095,
75.13921,
51.88421,
90.82394,
113.7067,
153.8171,
703.4572,
344.9029,
30.93161,
246.3667,
45.50091,
104.0343,
14.99239,
55.91961,
69.162,
215.3242,
714.5297,
45.63655,
442.1162,
274.7928,
148.7577,
66.30024,
18.61276,
420.3799,
221.3503,
0,
4889.374,
2096, 
29.85169,
191.1021,
75.03407,
51.77499,
90.3584,
113.3972,
153.8408,
708.8248,
346.669,
30.81635,
245.362,
45.35879,
104.1495,
14.93848,
55.94835,
69.02219,
215.1139,
711.4113,
45.51633,
437.3318,
274.3581,
148.2033,
66.18483,
18.60816,
420.983,
222.4698,
0,
4886.629,
2097, 
29.86221,
191.1039,
74.92725,
51.66249,
89.88902,
113.0825,
153.8611,
714.0374,
348.3609,
30.65179,
244.7644,
45.21598,
104.2541,
14.88381,
55.97521,
68.88056,
214.9054,
708.2659,
45.39243,
432.6077,
273.911,
147.6425,
66.06342,
18.60324,
421.55,
223.5423,
0,
4883.896,
2098, 
29.87101,
191.1008,
74.81879,
51.54695,
89.41602,
112.7629,
153.878,
719.1089,
349.9846,
30.5041,
244.677,
45.07252,
104.3489,
14.82842,
56.00027,
68.73715,
214.6984,
705.095,
45.26506,
427.9372,
273.4523,
147.0759,
65.94128,
18.59803,
422.0833,
224.5716,
0,
4881.375,
2099, 
29.87822,
191.0931,
74.7088,
51.42854,
88.93964,
112.4387,
153.8918,
724.0512,
351.5456,
30.37685,
244.5804,
44.92843,
104.4343,
14.77234,
56.02361,
68.59206,
214.4924,
701.8994,
45.13442,
423.3146,
272.9825,
146.5036,
65.82571,
18.59254,
422.5853,
225.5614,
0,
4878.576,
2100, 
29.88403,
191.0814,
74.59737,
51.30747,
88.46004,
112.1101,
153.9026,
728.8755,
353.0487,
30.24786,
244.4755,
44.78378,
104.5118,
14.71562,
56.0453,
68.44534,
214.2873,
698.6807,
45.00094,
418.7344,
272.5026,
145.9262,
65.71819,
18.58679,
423.0581,
226.5149,
0,
4875.502];
