real main.em.dem.hi.Clinker_Production[28](t) = [1971, 
7.4853,
63.9486,
6.16722,
4.277119,
8.038461,
12.24752,
6.25314,
3.05092,
1.27804,
5.21629,
148.1945,
32.9983,
6.87323,
1.5908,
0,
82.27142,
8.05349,
12.39273,
10.62152,
26.71521,
7.71953,
0.44317,
51.11324,
4.80396,
2.93748,
1.97758,
0,
516.6688,
1972, 
8.181899,
67.437,
7.17746,
5.781819,
9.33324,
12.79692,
6.21131,
3.40158,
1.24333,
5.43968,
168.4209,
36.25626,
6.91145,
1.60064,
0,
85.52518,
9.37485,
13.10155,
10.72526,
29.89577,
8.42296,
0.54236,
57.01112,
5.09894,
2.82282,
2.23657,
0,
564.9509,
1973, 
9.0477,
69.8184,
8.13276,
6.222979,
10.98636,
13.26924,
6.09294,
3.4265,
1.25579,
6.10896,
163.4131,
38.33475,
8.140861,
1.62934,
0,
89.80722,
9.12502,
12.46328,
12.71725,
31.45451,
10.1647,
0.6734,
67.1832,
5.41886,
3.15224,
2.5543,
0,
590.5936,
1974, 
9.5769,
66.20219,
8.75104,
6.252499,
12.45334,
13.92114,
6.35816,
3.59293,
1.29139,
6.49789,
160.7271,
41.23879,
8.1354,
1.6728,
0,
94.4189,
10.79415,
11.88477,
13.50622,
31.40056,
9.854391,
0.75621,
62.87288,
5.7405,
3.51533,
2.57299,
0,
593.9885,
1975, 
8.7669,
55.917,
9.184,
5.841679,
13.44062,
13.5464,
6.93399,
4.03437,
1.26291,
6.38664,
152.3531,
44.09148,
9.85803,
1.77858,
0,
100.0867,
12.3421,
13.48584,
15.58739,
39.00477,
10.81171,
0.9800701,
56.34462,
5.41112,
3.63909,
2.37363,
0,
593.4628,
1976, 
8.908199,
60.8229,
10.40662,
6.260699,
15.3135,
14.35082,
7.11199,
4.07709,
1.34657,
6.27272,
156.5511,
47.32811,
11.06014,
20.22776,
0,
101.8817,
13.16961,
15.36828,
17.17443,
39.53132,
11.79269,
1.6471,
59.09232,
5.29932,
3.50987,
1.57975,
0,
640.0847,
1977, 
8.939699,
65.3661,
10.92896,
6.179519,
17.32086,
14.7559,
7.87561,
4.14117,
1.5753,
5.84997,
160.464,
49.99436,
12.1849,
20.59403,
0,
104.1859,
13.77966,
15.91359,
19.29018,
47.12441,
12.45426,
2.31959,
62.89868,
5.26234,
3.57448,
1.58242,
0,
674.5559,
1978, 
9.425699,
69.7914,
11.603,
6.7527,
19.05598,
15.69398,
9.07978,
4.31294,
1.44714,
6.07247,
163.3752,
52.34935,
14.17052,
20.18211,
0,
104.1039,
15.73099,
16.28958,
20.14103,
55.30912,
12.91017,
3.32059,
72.99853,
5.11872,
3.90026,
1.55661,
0,
714.6918,
1979, 
10.3131,
68.9832,
12.58864,
7.018379,
20.39422,
17.19458,
11.61984,
4.63334,
1.47028,
5.51711,
165.8589,
51.99385,
12.35143,
19.51764,
0,
100.8756,
19.55231,
15.1641,
22.21583,
62.54913,
15.70569,
4.03312,
75.51144,
5.14366,
3.76194,
1.56373,
0,
735.5311,
1980, 
9.306,
61.4169,
13.44636,
7.329389,
22.29908,
19.21998,
13.28058,
4.83181,
1.604715,
6.34125,
166.359,
56.74334,
11.80725,
19.44603,
3.444,
102.5402,
21.80244,
14.77649,
21.48692,
67.66492,
13.83473,
4.78569,
75.64302,
5.20902,
4.03221,
1.48808,
0,
750.1393,
1981, 
9.1368,
58.5486,
14.90186,
7.240192,
21.36182,
19.23638,
14.4714,
5.91049,
1.58137,
7.20455,
161.6095,
52.8036,
13.68913,
19.50725,
3.623785,
104.2786,
26.34503,
17.35364,
21.49147,
70.1516,
14.80752,
5.20429,
72.95209,
5.63558,
4.27336,
1.66341,
0,
754.9833,
1982, 
7.3224,
51.7275,
15.86126,
6.975526,
21.02808,
18.38604,
14.31654,
5.90159,
1.431351,
7.1912,
156.6791,
59.37403,
14.35798,
19.72428,
3.80357,
164.3214,
28.56279,
18.7995,
23.55717,
80.35645,
16.30811,
5.30712,
69.38996,
6.06644,
4.226613,
1.5397,
0,
822.5157,
1983, 
7.083899,
57.5343,
14.23766,
7.309465,
17.1134,
17.01418,
16.05827,
5.43523,
1.42311,
7.02833,
156.5567,
62.29861,
12.37145,
20.60824,
11.06487,
171.0192,
30.74569,
20.96663,
26.64662,
91.40956,
17.70769,
7.36645,
69.56626,
5.38532,
4.453147,
1.35547,
0,
859.7597,
1984, 
8.448299,
63.4068,
15.33564,
7.243676,
15.98754,
17.32496,
20.01432,
4.94573,
1.396034,
7.194759,
147.339,
64.99251,
14.32158,
21.3323,
11.67688,
173.43,
35.87509,
24.51903,
25.85583,
103.7566,
17.76047,
8.09263,
67.8196,
4.83062,
4.842429,
1.3706,
0,
889.1129,
1985, 
9.1728,
63.2556,
16.6091,
7.130142,
16.9207,
17.38892,
21.90112,
6.18016,
1.390888,
6.1232,
139.3141,
60.60722,
15.99871,
21.1519,
12.34182,
174.4788,
36.94828,
26.53593,
25.94319,
122.7869,
16.3618,
9.0454,
62.64842,
5.73362,
5.074242,
1.4685,
0,
902.5115,
1986, 
9.5499,
64.0008,
16.2565,
7.976664,
20.70664,
19.69804,
20.29912,
6.525658,
1.525423,
5.55894,
139.6933,
63.48124,
18.20364,
22.27612,
13.84898,
179.7981,
35.55969,
29.03589,
28.6923,
140.0384,
17.02337,
10.30393,
61.28704,
6.134619,
6.25898,
1.71236,
0,
945.4457,
1987, 
11.3427,
60.64199,
19.25524,
8.431331,
20.88376,
21.51926,
23.22633,
5.958461,
1.680385,
5.33911,
143.2396,
63.21106,
20.0018,
22.63692,
14.21224,
182.8526,
37.98329,
30.82205,
31.80086,
156.8833,
18.90434,
10.75074,
61.53386,
5.948624,
7.05796,
1.84586,
0,
987.9637,
1988, 
11.115,
64.3896,
19.35692,
7.959253,
20.76978,
21.52898,
24.51861,
6.817934,
1.61624,
6.0164,
153.1162,
65.17658,
20.53688,
23.0912,
14.45496,
184.6935,
40.50151,
34.14288,
37.68401,
176.6497,
21.34769,
11.93738,
66.69644,
6.070053,
7.55482,
1.9847,
0,
1049.727,
1989, 
11.3319,
64.1772,
19.8522,
8.422002,
21.25522,
19.10026,
24.81943,
7.071888,
2.05501,
6.46229,
159.6195,
63.62107,
21.57064,
22.92556,
15.1044,
186.6738,
44.87395,
36.68351,
42.88011,
176.7477,
25.18425,
13.45708,
68.55663,
6.669346,
7.53389,
2.01407,
0,
1078.663,
1990, 
10.5705,
63.8496,
20.24006,
8.412292,
21.197,
19.23036,
26.82816,
5.94437,
2.18762,
5.84107,
158.2907,
57.66368,
22.11209,
22.3655,
14.9445,
182.705,
45.9571,
38.3211,
45.42174,
175.9268,
31.93827,
13.45526,
72.6227,
6.327796,
7.83601,
2.23034,
0,
1082.42,
1991, 
8.406684,
60.27212,
20.59494,
7.375795,
22.46015,
20.1785,
29.02796,
6.223289,
2.068484,
5.452389,
153.8522,
41.77913,
23.6083,
21.28392,
13.94246,
65.51226,
38.37441,
43.27482,
50.03647,
205.1379,
35.54351,
12.22636,
76.84591,
5.53657,
8.179326,
2.515532,
0,
979.7095,
1992, 
7.681248,
62.20899,
22.0708,
7.485446,
19.45623,
23.85,
29.13487,
6.566607,
2.179944,
5.1714,
146.4459,
32.77607,
25.72332,
18.93298,
12.26966,
51.9224,
43.28453,
44.98262,
55.54538,
258.535,
38.79516,
12.69939,
75.54371,
5.710024,
8.691056,
2.125136,
0,
1019.788,
1993, 
8.370054,
65.76203,
23.29597,
7.897469,
20.14929,
32.48428,
26.61853,
6.655245,
2.217477,
5.404935,
134.5967,
29.89813,
28.05173,
13.9646,
9.27584,
41.83804,
47.63074,
47.92454,
57.94602,
309.0458,
45.59871,
17.66861,
75.19128,
6.397794,
8.741331,
2.063302,
0,
1074.688,
1994, 
9.398592,
69.21783,
25.52795,
8.539049,
20.38503,
24.88217,
26.80534,
5.661444,
2.175782,
6.205704,
142.064,
32.35333,
26.36169,
10.62884,
6.64774,
31.07636,
49.15179,
53.18032,
62.04102,
354.6357,
51.82996,
22.05847,
78.06365,
6.907706,
8.889302,
1.768292,
0,
1136.457,
1995, 
9.2394,
68.06181,
20.36247,
8.794625,
22.74608,
27.31967,
28.3675,
5.839801,
2.748538,
6.507375,
140.482,
32.79887,
29.67193,
7.30702,
4.93312,
30.29818,
51.12236,
56.88648,
65.42539,
401.2075,
58.12344,
20.70672,
76.9029,
6.58342,
8.741465,
2.160375,
0,
1193.339,
1996, 
9.7902,
71.2656,
20.3708,
7.30622,
27.7492,
26.10831,
32.76104,
9.215296,
2.465144,
6.68824,
135.4697,
33.38586,
31.3984,
5.3382,
3.5629,
23.2798,
41.70511,
67.36,
66.2756,
432.4815,
51.53441,
32.558,
80.136,
6.522816,
9.552428,
2.41544,
0,
1236.696,
1997, 
10.2843,
72.5175,
21.9725,
7.433097,
30.4419,
27.8052,
33.91707,
12.30504,
2.37237,
6.50881,
138.1517,
34.30558,
32.004,
5.82364,
3.7679,
22.41142,
41.42406,
67.52,
68.2752,
435.9614,
63.64173,
36.6268,
77.74741,
6.48036,
9.628759,
2.42451,
0,
1271.752,
1998, 
10.5996,
72.00719,
22.0492,
8.807739,
31.84,
29.58414,
33.33234,
9.942546,
2.750416,
8.227,
153.5825,
34.58004,
33.8452,
6.31728,
3.75314,
21.9063,
36.02168,
71.91,
56.5268,
452.7361,
47.39214,
38.984,
68.6172,
6.43972,
9.485516,
3.001556,
0,
1274.239,
1999, 
10.9998,
76.21291,
23.3142,
10.17578,
31.9579,
29.91196,
35.86628,
9.663874,
2.653725,
7.680699,
152.93,
35.145,
30.3752,
6.5436,
4.37552,
23.944,
36.54928,
76.32,
56.6886,
502.6893,
59.47447,
36.6445,
67.4442,
6.35289,
9.962006,
2.957501,
0,
1346.833,
2000, 
10.962,
77.865,
25.043,
8.62996,
30.968,
30.3044,
38.7086,
9.86506,
2.74684,
7.7314,
157.0873,
34.94712,
31.504,
6.05324,
3.7064,
27.19694,
42.40138,
80.75,
59.312,
511.6762,
56.6764,
45.496,
68.12399,
7.1778,
10.604,
2.60494,
0,
1388.142,
2001, 
11.232,
78.10561,
23.4,
8.618219,
30.81,
29.991,
41.242,
10.67175,
2.70555,
7.7945,
154.5264,
32.18897,
30.59,
6.3804,
4.081002,
29.77356,
44.72034,
83.4,
49.95784,
567.4686,
58.73455,
48.1574,
64.1908,
7.16071,
10.87693,
2.5891,
0,
1439.367,
2002, 
11.3256,
78.3354,
23.87,
9.23846,
29.26,
23.6159,
40.5048,
11.2476,
2.70732,
8.0808,
148.0686,
32.13338,
28.2968,
7.84176,
4.147728,
31.98965,
45.69806,
81.8,
52.79176,
592.6802,
65.47324,
53.4688,
60.0248,
7.2732,
11.1538,
2.23272,
0,
1463.26,
2003, 
12.0132,
80.34361,
24.32,
10.13384,
28.88,
25.1332,
43.1932,
11.15935,
3.44201,
8.466,
158.7164,
34.29903,
30.2562,
9.479031,
5.024822,
34.78955,
46.0348,
80.2,
55.80588,
706.2813,
71.18827,
55.599,
57.3792,
7.6311,
14.68417,
2.83777,
0,
1617.291,
2004, 
12.6054,
83.754,
26.25,
9.987,
25.8,
28.155,
45.1984,
11.17906,
3.71378,
9.84,
161.7881,
36.73331,
32.528,
11.18124,
5.427408,
39.02147,
49.77627,
98.25,
51.30008,
778.3837,
79.78861,
58.3792,
56.0768,
7.6544,
14.88584,
2.8577,
0,
1740.515,
2005, 
12.012,
84.84,
27.75,
10.82694,
27.158,
31.302,
48.1869,
11.28006,
4.29705,
11.745,
161.3011,
38.269,
36.38,
12.93651,
5.56713,
41.38695,
54.495,
100.1,
48.535,
839.3092,
86.24015,
56.61,
57.768,
7.69327,
15.011,
2.86335,
0,
1833.864,
2006, 
11.76,
83.74799,
29.6,
11.33236,
27.158,
33.5072,
50.1633,
13.10337,
4.49307,
10.53,
169.112,
42.48937,
40.8,
14.60997,
6.06852,
46.48995,
57.82959,
119.35,
50.745,
969.7696,
86.581,
56.95,
58.017,
8.6237,
15.44875,
4.0986,
0,
2022.378,
2007, 
12.18,
81.396,
30.118,
11.75268,
34.336,
36.223,
51.7995,
17.81676,
4.72878,
12.393,
178.3474,
46.73361,
41.48,
16.1028,
6.561,
50.83722,
68.6194,
130.9,
53.6605,
1054.269,
90.01075,
65.45,
56.191,
9.11257,
24.0805,
4.28895,
0,
2189.388,
2008, 
11.508,
73.584,
29.674,
12.5171,
34.41,
38.0286,
63.5526,
23.08743,
5.76558,
10.935,
154.2287,
48.46534,
43.69,
16.9452,
7.3224,
45.6192,
70.705,
138.6,
49.402,
1083.829,
93.65981,
69.19,
52.124,
8.91669,
24.92625,
4.4307,
0,
2215.116,
2009, 
9.24,
54.516,
26.048,
10.92388,
38.258,
36.9852,
70.2999,
22.07331,
6.86475,
9.558001,
130.0345,
38.39836,
45.05,
11.9718,
7.06644,
38.01087,
83.4635,
138.6,
48.025,
1267.524,
98.22941,
74.8,
45.484,
8.83784,
28.41125,
5.12649,
0,
2353.801,
2010, 
10.416,
56.44799,
25.53,
11.53216,
43.734,
37.1702,
69.0606,
24.5025,
8.934299,
8.829,
125.1019,
38.47459,
53.295,
12.2229,
7.28028,
42.95025,
86.3549,
169.4,
45.56,
1460.4,
110.494,
70.55,
42.745,
8.597139,
31.90135,
5.54607,
0,
2607.03,
2011, 
10.08,
57.624,
25.53,
10.80104,
46.324,
37.0592,
68.4855,
23.86422,
10.29024,
9.072,
127.0284,
40.44579,
53.89,
13.365,
7.71039,
47.71872,
99.7296,
207.9,
46.495,
1630.341,
113.7538,
80.75,
42.579,
8.34814,
36.8373,
6.21999,
0,
2862.242,
2012, 
10.4706,
62.94456,
26.77616,
13.6086,
51.29902,
40.9035,
80.76591,
27.945,
11.7612,
9.363601,
104.6083,
35.7973,
54.29715,
12.91869,
14.32971,
53.1765,
148.4829,
207.9,
45.3118,
1715.769,
112.6063,
44.6675,
45.43171,
8.22945,
43.16045,
8.58681,
0,
2991.112,
2013, 
9.75324,
65.02859,
25.61288,
13.75512,
51.7815,
43.78062,
76.84794,
32.62923,
13.24593,
9.85608,
102.4246,
34.15104,
60.63645,
13.01184,
15.20532,
57.38769,
151.7606,
215.6,
45.80735,
1871.224,
118.1483,
48.3565,
48.10846,
8.216999,
45.71385,
9.357121,
0,
3187.401,
2014, 
9.978359,
69.82416,
27.08178,
14.55062,
52.72796,
43.95156,
84.98277,
32.93865,
14.73066,
9.77508,
101.5707,
34.81709,
60.55315,
12.59793,
17.2287,
60.04368,
152.504,
215.6,
45.66455,
1932.309,
122.2504,
48.416,
48.06779,
8.62702,
46.5137,
11.28897,
0,
3278.595,
2015, 
10.22028,
71.3496,
29.31362,
14.67198,
48.30942,
44.44588,
83.55717,
34.84539,
16.93872,
10.52352,
102.5686,
35.72415,
60.70615,
11.49714,
18.86733,
54.24003,
149.0051,
200.2,
49.9324,
1828.584,
134.8432,
51.0425,
45.50641,
9.14328,
54.6465,
11.53116,
0,
3182.214,
2016, 
9.82212,
71.52852,
30.02698,
14.40484,
42.59218,
40.91608,
85.80168,
37.9404,
18.32382,
10.53,
103.9854,
36.05987,
64.09255,
11.74581,
19.30797,
48.05001,
140.8278,
215.6,
54.25295,
1866.786,
140.1854,
52.87,
44.20165,
8.98973,
60.1426,
11.76201,
0,
3240.747,
2017, 
10.67304,
72.91116,
30.78474,
14.79334,
39.96296,
41.27498,
100.8879,
36.3771,
18.83412,
10.6677,
104.8455,
39.193,
68.4692,
11.83329,
21.5055,
48.6729,
133.198,
217.91,
54.604,
1804.981,
147.0186,
59.05715,
45.81185,
8.55315,
64.4249,
10.97226,
0,
3218.217,
2018, 
11.38536,
73.07999,
35.76272,
14.21466,
39.62922,
39.22222,
83.187,
42.46101,
18.9135,
11.0808,
106.8244,
41.92958,
61.6624,
12.14433,
22.34628,
48.3165,
136.8699,
238.7,
49.23455,
1732.125,
159.8748,
64.10105,
45.90481,
9.02957,
72.3877,
11.99853,
0,
3182.386,
2019, 
11.76,
74.004,
33.42062,
13.78472,
41.89214,
39.28734,
81.07047,
46.77426,
17.70174,
10.30806,
107.3811,
43.84611,
48.4211,
12.35898,
24.14367,
52.19316,
140.6745,
257.18,
47.79975,
1812.556,
176.4549,
61.234,
44.37346,
9.21715,
75.26155,
13.81617,
0,
3296.915,
2020, 
11.76,
75.432,
35.39642,
12.36614,
45.17848,
34.9391,
73.20375,
51.37668,
20.14227,
8.748,
105.6086,
44.57222,
61.45415,
12.58659,
25.53039,
50.67603,
152.9337,
223.3,
45.2268,
1841.43,
182.025,
53.4055,
42.25115,
8.8976,
74.5314,
14.17824,
0,
3307.15,
2021, 
11.76,
76.692,
38.15366,
13.72848,
48.75416,
42.62252,
82.21419,
56.35332,
22.2264,
10.125,
110.3849,
45.72876,
66.72076,
13.77729,
28.51524,
53.93304,
151.9146,
269.5,
47.4504,
1830.733,
193.3172,
55.3775,
41.56889,
9.0968,
83.18015,
14.29083,
0,
3418.119,
2022, 
12.6,
76.94399,
36.852,
13.88314,
47.02404,
44.62866,
78.31809,
57.0321,
21.1977,
9.72,
108.62,
44.18491,
62.6518,
9.396,
28.71855,
54.89532,
152.1216,
292.6,
48.9702,
1651.019,
200.8482,
54.536,
44.156,
9.28189,
80.35731,
14.58081,
0,
3255.138,
2023, 
12.58131,
77.11369,
37.14616,
14.16033,
47.58696,
44.90021,
80.33603,
59.17009,
19.7564,
9.792218,
103.0218,
41.8678,
62.78466,
9.384907,
29.33365,
55.00283,
154.4118,
302.9736,
46.04104,
1655.435,
202.9951,
54.34419,
43.90459,
9.318062,
81.75671,
15.20054,
0,
3270.319,
2024, 
12.51075,
76.93412,
37.29685,
14.44503,
47.79303,
45.45795,
82.24842,
61.81431,
21.41138,
9.920384,
95.6161,
38.87053,
62.89296,
9.355753,
29.88579,
54.99282,
156.931,
312.8154,
42.18785,
1659.077,
205.4332,
53.49184,
43.61994,
9.345232,
84.7859,
16.11959,
0,
3285.253,
2025, 
12.36976,
76.09026,
37.50729,
14.71702,
48.02217,
45.92633,
84.26431,
64.66049,
23.8675,
10.04183,
92.09035,
37.42409,
63.08623,
9.349037,
30.46415,
54.76897,
159.4821,
323.4712,
40.27679,
1662.366,
208.1681,
53.67617,
43.35774,
9.375548,
88.33698,
17.12621,
0,
3310.287,
2026, 
12.20165,
74.91912,
37.80609,
15.01744,
48.31526,
46.36825,
85.83641,
67.97586,
26.54006,
10.14021,
92.3123,
37.73276,
63.03483,
9.49666,
31.07086,
54.36014,
161.6303,
336.129,
40.54475,
1659.8,
209.819,
55.88488,
42.96191,
9.398164,
92.83068,
18.59155,
0,
3340.718,
2027, 
12.01129,
73.87955,
38.07265,
15.30982,
48.69563,
46.78349,
87.14645,
71.24123,
29.14088,
10.23814,
92.56168,
37.92644,
63.02163,
9.66982,
31.51559,
53.96801,
163.7305,
324.8554,
40.76368,
1656.473,
211.3792,
58.1375,
42.6012,
9.407681,
97.09288,
20.01788,
0,
3345.642,
2028, 
11.80786,
72.85341,
38.30981,
15.60085,
49.11871,
47.17307,
88.33921,
74.42005,
31.67538,
10.34246,
92.86824,
37.9945,
63.02264,
9.937516,
31.94655,
53.72591,
165.7682,
314.4798,
40.93939,
1652.133,
212.8269,
60.46894,
42.26756,
9.419071,
101.1594,
21.41746,
0,
3350.016,
2029, 
11.59752,
71.90071,
38.52135,
15.90685,
49.53487,
47.58091,
89.39754,
77.53759,
34.14875,
10.45686,
93.25942,
38.07139,
63.07517,
9.59032,
32.36312,
53.79268,
167.7294,
309.4183,
41.08937,
1646.457,
214.2052,
62.92716,
41.98533,
9.41277,
105.081,
22.79547,
0,
3357.836,
2030, 
11.37471,
71.10826,
38.74697,
16.22946,
49.93622,
48.0372,
90.39101,
80.63316,
36.56578,
10.58447,
94.62497,
38.39408,
63.10564,
9.267959,
32.76433,
54.16559,
169.589,
317.0824,
41.18822,
1639.07,
215.4293,
64.05684,
41.72314,
9.416335,
108.8782,
24.15616,
0,
3376.519,
2031, 
11.15612,
70.64379,
38.97954,
16.60324,
50.41496,
48.57404,
91.46129,
85.62041,
39.74127,
10.78336,
97.28058,
37.17257,
63.17437,
8.970373,
33.15318,
54.69043,
171.2561,
324.5869,
41.22474,
1627.743,
216.4984,
65.04739,
41.54052,
9.433498,
113.2894,
26.01002,
0,
3395.049,
2032, 
10.94407,
70.32727,
39.18703,
17.00713,
50.85203,
49.14278,
92.40121,
90.50957,
42.83469,
11.00647,
100.6335,
37.09174,
63.23582,
8.709795,
33.52071,
54.56493,
172.7747,
331.8592,
41.23906,
1613.942,
217.4063,
66.08551,
41.39812,
9.460184,
117.5714,
27.82339,
0,
3411.528,
2033, 
10.755,
70.20832,
39.36592,
17.47516,
51.27355,
49.72984,
93.21413,
95.29432,
45.86626,
11.2481,
104.7578,
37.00578,
63.28757,
8.503931,
33.86614,
53.00179,
174.1225,
338.9669,
41.22595,
1597.312,
218.147,
67.19125,
41.30035,
9.499462,
121.7691,
29.60871,
0,
3423.997,
2034, 
10.61231,
70.30046,
39.52716,
18.04851,
51.68929,
50.35439,
93.94064,
100.0222,
48.85242,
11.5149,
109.5731,
36.91386,
63.30864,
8.389578,
34.18927,
51.54829,
175.2785,
345.9661,
41.18304,
1577.574,
218.695,
68.38083,
41.24084,
9.543228,
125.9163,
31.37876,
0,
3433.941,
2035, 
10.76762,
70.57806,
39.70704,
18.71399,
52.06898,
51.04636,
94.58282,
104.735,
51.80105,
11.8094,
113.6396,
36.81577,
63.29089,
8.391086,
34.48965,
50.17939,
176.2269,
352.9033,
41.10771,
1554.545,
219.0404,
69.6665,
41.21804,
9.580623,
130.0423,
33.14432,
0,
3440.092,
2036, 
10.93357,
71.07469,
39.92133,
19.31398,
52.59949,
51.83862,
95.24654,
110.4984,
55.38817,
12.16542,
114.9519,
36.70773,
63.24565,
8.495114,
34.76056,
48.89848,
176.8705,
359.7914,
40.94544,
1526.649,
218.9812,
71.01476,
41.25573,
9.626759,
134.6231,
35.27523,
0,
3441.073,
2037, 
11.11121,
71.76941,
40.17206,
19.9238,
53.33548,
52.75591,
95.65255,
116.2524,
58.91397,
12.54613,
114.152,
36.59428,
63.15323,
8.706306,
35.00869,
47.66953,
177.2923,
366.6193,
40.60815,
1495.529,
218.7221,
72.46087,
41.32438,
9.698818,
139.1584,
37.40295,
0,
3436.533,
2038, 
11.29946,
72.69387,
40.44157,
20.57266,
54.28726,
53.79691,
95.84142,
122.0199,
62.40148,
12.95094,
113.4999,
36.47535,
63.00931,
8.9944,
35.23482,
46.47348,
177.4955,
373.41,
40.20058,
1461.367,
218.2662,
74.00163,
41.41828,
9.779238,
143.664,
39.52888,
0,
3429.124,
2039, 
11.49581,
73.70796,
40.73493,
21.25866,
55.41238,
54.89274,
95.91212,
127.7387,
65.8669,
13.37802,
112.972,
36.35056,
62.80226,
9.012206,
35.44027,
45.28857,
177.4889,
380.1747,
39.74832,
1424.452,
217.6107,
75.62883,
41.52623,
9.857306,
148.1449,
41.65108,
0,
3418.547,
2040, 
11.70324,
74.75854,
41.06688,
21.97673,
56.65619,
56.00749,
95.82096,
133.3927,
69.31354,
13.82512,
112.5783,
36.22197,
62.5713,
9.030072,
35.62657,
45.20683,
177.2898,
386.9202,
39.29999,
1385.158,
216.8123,
77.33176,
41.66164,
9.93901,
152.6128,
43.77253,
0,
3406.554,
2041, 
11.93044,
76.10041,
41.43835,
22.72546,
57.93773,
57.11765,
95.60031,
140.1445,
73.4774,
14.30347,
112.3798,
36.09297,
62.37028,
9.03817,
35.78148,
45.27673,
176.7814,
393.4516,
38.85864,
1342.512,
215.7772,
79.01897,
41.86764,
10.02065,
157.4731,
46.3003,
0,
3393.776,
2042, 
12.1639,
77.8261,
41.87862,
23.49499,
59.2393,
58.248,
95.28094,
146.7862,
77.5544,
14.79029,
112.2771,
35.961,
62.1428,
9.044454,
35.9216,
45.36063,
175.8678,
399.9031,
38.43273,
1298.473,
214.63,
80.74477,
42.08327,
10.09634,
162.2456,
48.80819,
0,
3379.255,
2043, 
12.39754,
79.60228,
42.38436,
24.28211,
60.49574,
59.41942,
94.89779,
153.3972,
81.56326,
15.28141,
112.2315,
35.82469,
61.85723,
9.047932,
36.04925,
46.07166,
174.5415,
406.2649,
38.01347,
1253.532,
213.3508,
82.4904,
42.2841,
10.17289,
166.9177,
51.29857,
0,
3363.669,
2044, 
12.62976,
81.4471,
42.95205,
25.08055,
61.6447,
60.63598,
94.45288,
159.9638,
85.50732,
15.77293,
114.5028,
35.68446,
61.52037,
9.103889,
36.16607,
46.32016,
172.8372,
412.5271,
37.60826,
1208.165,
211.963,
84.23812,
42.46551,
10.26228,
171.484,
53.77082,
0,
3348.706,
2045, 
12.85926,
83.3586,
43.57844,
25.88516,
62.66554,
61.89936,
93.96774,
166.464,
89.39248,
16.26107,
116.6506,
35.54091,
61.14127,
9.251539,
36.27413,
46.14958,
170.8278,
418.6786,
37.2136,
1162.827,
210.4914,
85.97091,
42.62454,
10.36995,
175.9377,
56.22137,
0,
3332.502,
2046, 
13.09499,
85.2932,
44.23604,
26.68364,
63.55415,
63.17959,
93.44097,
174.1012,
93.91938,
16.73904,
118.829,
35.40536,
60.74996,
9.393684,
36.34877,
45.7619,
168.4238,
424.4169,
36.83815,
1116.472,
208.8585,
87.57634,
42.80569,
10.48889,
180.5811,
59.03457,
0,
3316.227,
2047, 
13.32382,
87.25251,
44.94701,
27.47329,
64.35359,
64.48679,
92.94861,
181.5766,
98.30992,
17.20337,
120.9625,
35.26694,
60.24018,
9.531834,
36.41826,
45.86654,
165.8883,
429.9821,
36.4688,
1048.368,
207.1722,
89.13266,
42.95149,
10.61016,
185.0427,
61.77648,
0,
3277.555,
2048, 
13.59915,
89.09129,
45.72389,
28.23528,
65.00765,
65.7593,
92.31714,
188.7059,
102.5005,
17.65704,
123.2964,
35.1486,
60.39297,
9.630223,
36.48282,
45.95091,
163.3112,
435.4001,
36.28555,
984.6351,
206.0583,
90.64351,
43.33554,
10.68288,
189.4656,
64.41853,
0,
3243.735,
2049, 
13.86589,
90.92774,
46.53394,
28.97977,
65.58154,
67.04078,
91.65987,
195.7407,
106.5583,
18.09242,
125.561,
35.02819,
60.43437,
9.723385,
36.54527,
46.03142,
160.7036,
440.6344,
36.08418,
925.2278,
204.919,
92.08318,
43.6792,
10.76624,
193.7046,
67.00184,
0,
3213.109,
2050, 
14.12299,
92.75738,
47.36738,
29.70393,
66.07703,
68.32494,
90.98331,
202.6811,
110.496,
18.50783,
127.7454,
34.90586,
60.44426,
9.81089,
36.60691,
46.10791,
158.0975,
445.6811,
35.87616,
870.0429,
203.7642,
93.44369,
43.98027,
10.85379,
197.7587,
69.52745,
0,
3185.669,
2051, 
14.3776,
94.53448,
48.19512,
30.39399,
66.47969,
69.57697,
90.25797,
211.4489,
115.3818,
18.96653,
129.8505,
34.78717,
60.73104,
9.891875,
36.77013,
46.17358,
155.3554,
450.3313,
35.6595,
817.8331,
203.6392,
95.21773,
44.46975,
10.99176,
203.0072,
72.62003,
0,
3166.942,
2052, 
14.62041,
96.28859,
49.03626,
31.05915,
66.83446,
70.8307,
89.51579,
220.0668,
120.1275,
19.40408,
131.8553,
34.66664,
60.98158,
9.966484,
36.93541,
46.2358,
152.6591,
454.7642,
35.365,
769.7543,
203.5007,
96.91928,
44.91308,
11.13087,
208.0878,
75.63264,
0,
3151.152,
2053, 
14.85466,
97.99487,
49.88567,
31.69737,
67.13067,
72.09868,
88.96755,
228.5091,
124.7323,
19.82032,
133.773,
34.54589,
61.22856,
10.03463,
37.10321,
46.29392,
150.0202,
458.9858,
35.03849,
730.3862,
203.3892,
98.54581,
45.32561,
11.2638,
213.0132,
78.56959,
0,
3143.208,
2054, 
15.08344,
99.63333,
50.74089,
32.30697,
67.37487,
73.3672,
89.3977,
236.7785,
129.2064,
20.21536,
135.6166,
34.42634,
61.50188,
10.0963,
37.27409,
46.34742,
147.4454,
463.0034,
34.73101,
701.1871,
203.3411,
100.0961,
45.72189,
11.38302,
217.796,
81.4339,
0,
3145.506,
2055, 
15.30413,
101.2019,
51.58911,
32.88786,
67.59072,
74.61903,
89.83345,
244.8862,
133.5591,
20.58906,
137.3729,
34.30701,
61.78083,
10.15158,
37.44849,
46.39639,
144.9389,
466.8214,
34.4336,
673.7205,
203.3349,
101.5688,
46.09112,
11.48809,
222.4356,
84.22984,
0,
3148.581,
2056, 
15.52196,
102.692,
52.39391,
33.42482,
67.73549,
75.81046,
90.22588,
253.8428,
138.3246,
20.93121,
139.0328,
34.18679,
62.07908,
10.20269,
37.58809,
46.43657,
144.0769,
470.1959,
34.13922,
647.3634,
203.2851,
102.8909,
46.46381,
11.57424,
227.0463,
87.27574,
0,
3154.741,
2057, 
15.731,
104.1114,
52.75677,
33.93161,
67.84873,
76.98715,
90.62244,
262.5573,
142.9213,
21.25107,
140.6021,
34.06656,
62.37841,
10.24756,
37.73083,
46.4717,
143.619,
473.3663,
33.90699,
622.7015,
203.2731,
104.1337,
46.80757,
11.6452,
231.4899,
90.2234,
0,
3161.383,
2058, 
15.93157,
105.4612,
53.05522,
34.40919,
67.92744,
78.17606,
91.02489,
271.0513,
147.3646,
21.54946,
142.0834,
33.94634,
62.68027,
10.28639,
37.87687,
46.50196,
143.2345,
476.3424,
33.76505,
599.6718,
203.3002,
105.2994,
47.12399,
11.70035,
235.7764,
93.08125,
0,
3168.622,
2059, 
16.12408,
106.7429,
53.34268,
34.85867,
68.0213,
79.38795,
91.43444,
279.344,
151.6677,
21.8273,
143.4804,
33.8262,
62.986,
10.31944,
38.02626,
46.52757,
142.9225,
479.1344,
34.60596,
578.2006,
203.3672,
106.3906,
47.41482,
11.7395,
239.9157,
95.85667,
0,
3177.465,
2060, 
16.30887,
107.9589,
53.61966,
35.2813,
68.14974,
80.60818,
91.85197,
287.4521,
155.8425,
22.08557,
144.7964,
33.70616,
63.29608,
10.34698,
38.17901,
46.5487,
142.6811,
481.7523,
35.04625,
558.2076,
203.4734,
107.4103,
47.68151,
11.76293,
243.9168,
98.5563,
0,
3186.521,
2061, 
16.48954,
109.1052,
53.85762,
35.66586,
68.24174,
81.7668,
92.20512,
296.2375,
160.31,
22.31342,
146.0244,
33.58158,
63.62161,
10.37016,
38.30781,
46.55317,
142.3434,
483.847,
34.88654,
539.4169,
203.547,
108.2864,
47.93692,
11.76584,
247.8105,
101.4317,
0,
3195.924,
2062, 
16.66172,
110.1909,
54.08513,
36.0246,
68.38461,
82.32693,
92.56341,
304.7702,
164.6081,
22.52255,
147.1716,
33.45648,
63.93957,
10.3883,
38.43894,
46.55318,
142.0718,
485.7737,
34.73216,
521.942,
203.643,
109.0958,
48.16449,
11.75561,
251.5505,
104.2064,
0,
3205.022,
2063, 
16.82667,
111.2193,
54.30304,
36.35908,
68.63783,
82.8493,
92.92733,
313.0754,
168.7532,
22.71418,
148.2464,
33.33118,
64.25722,
10.40171,
38.57232,
46.54897,
141.8636,
487.5434,
34.58508,
505.6948,
203.7677,
109.8424,
48.3694,
11.73323,
255.1504,
106.8903,
0,
3214.463,
2064, 
16.99027,
112.1936,
54.51395,
36.67079,
68.90764,
83.33614,
93.29714,
321.1751,
172.76,
22.88993,
149.2792,
33.20794,
64.62148,
10.41067,
38.70785,
46.54073,
141.7187,
489.1694,
34.46142,
490.588,
203.972,
110.5313,
48.57708,
12.49271,
258.633,
109.4918,
0,
3225.138,
2065, 
17.14455,
113.1169,
54.71526,
36.9612,
69.18702,
83.78973,
93.67296,
329.0883,
176.6412,
23.05014,
150.2342,
33.08326,
64.96043,
10.5581,
38.84541,
46.5287,
141.6285,
490.6565,
34.33501,
476.5364,
204.1732,
111.1641,
48.75225,
12.70093,
261.989,
112.0184,
0,
3235.532,
2066, 
17.29365,
113.9811,
54.87899,
37.21479,
69.41988,
84.16625,
93.98116,
337.4617,
180.6743,
23.18198,
151.1378,
32.95402,
65.29631,
10.64041,
38.96752,
46.50769,
141.4358,
491.6344,
34.22784,
463.5213,
204.3127,
111.6763,
48.9067,
12.78208,
265.146,
114.637,
0,
3246.038,
2067, 
17.43619,
114.8006,
55.03458,
37.44889,
69.59875,
84.51236,
94.29323,
345.5952,
184.5529,
23.29985,
151.9814,
32.82418,
65.54771,
10.66189,
39.09079,
46.48307,
141.293,
492.4869,
34.12283,
451.4005,
204.4645,
112.1392,
49.03989,
12.86014,
268.1782,
117.1622,
0,
3256.309,
2068, 
17.57264,
115.5785,
55.18256,
37.6649,
69.70213,
84.83016,
94.60915,
353.5138,
188.2927,
23.40477,
152.7694,
32.69376,
65.68565,
10.6277,
39.21511,
46.45503,
141.1965,
493.223,
34.01978,
440.1,
204.6277,
112.5562,
49.15356,
12.93534,
271.096,
119.6036,
0,
3266.31,
2069, 
17.70354,
116.3177,
55.32346,
37.86417,
69.7023,
85.12167,
94.92878,
361.2386,
191.9071,
23.49773,
153.5064,
32.56282,
65.72732,
10.54341,
39.34037,
46.42375,
141.1432,
493.8505,
33.91873,
429.5505,
204.8021,
112.9308,
49.24958,
13.00778,
273.9088,
121.9694,
0,
3276.04,
2070, 
17.82936,
117.021,
55.45776,
38.04794,
69.55994,
85.38881,
95.25199,
368.7886,
195.408,
23.57966,
154.1965,
32.43139,
65.69357,
10.414,
39.38275,
46.38941,
141.1296,
494.3771,
33.74229,
419.6865,
204.9869,
113.2659,
49.32962,
13.07752,
276.6252,
124.2667,
0,
3285.328,
2071, 
17.94731,
117.6587,
55.55557,
38.19898,
69.21383,
85.58511,
95.52847,
376.6232,
198.949,
23.63867,
154.8592,
32.30122,
65.6037,
10.37964,
39.25132,
46.35176,
141.0215,
494.4008,
33.513,
410.5625,
205.091,
113.5038,
49.40076,
13.07486,
279.1172,
126.605,
0,
3293.936,
2072, 
18.06043,
118.2655,
55.64735,
38.33609,
68.71098,
85.75965,
95.80665,
384.2389,
202.3525,
23.68785,
155.48,
32.17045,
65.4248,
10.36507,
39.00063,
46.31133,
140.9473,
494.3332,
33.20981,
402.0057,
205.199,
113.7074,
49.45638,
13.01183,
281.5106,
128.8602,
0,
3301.859,
2073, 
18.16879,
118.844,
55.73339,
38.46034,
68.04622,
85.91406,
96.08638,
391.6584,
205.6321,
23.72794,
156.0606,
32.03896,
65.12101,
10.34819,
38.65411,
46.26828,
140.904,
494.1805,
32.85374,
393.964,
205.3073,
113.8794,
49.49634,
12.90163,
283.8131,
131.0408,
0,
3309.104,
2074, 
18.27282,
119.3963,
55.81408,
38.57274,
67.26743,
86.04984,
96.3676,
398.9013,
208.7998,
23.75969,
156.6047,
31.90682,
64.79147,
10.32917,
38.2379,
46.22272,
140.889,
493.9489,
32.45997,
386.3898,
205.4159,
114.0222,
49.52218,
12.7463,
286.0323,
133.1542,
0,
3315.875,
2075, 
18.37287,
119.9247,
55.8898,
38.67423,
66.34985,
86.1684,
96.65012,
405.9849,
211.8663,
23.78376,
157.1152,
31.77404,
64.50122,
10.30815,
37.77044,
46.1748,
140.8997,
493.6437,
31.96268,
379.239,
205.5244,
114.1382,
49.5351,
12.55296,
288.1753,
135.2069,
0,
3322.187,
2076, 
18.46164,
120.3677,
55.93347,
38.74518,
65.29891,
86.21928,
96.89158,
413.1603,
214.8903,
23.78806,
157.5898,
31.64919,
64.28624,
10.28755,
37.24968,
46.12628,
140.8306,
492.9052,
31.37712,
390.0768,
205.5507,
114.1619,
49.55618,
12.31794,
290.0582,
137.2242,
0,
3345.004,
2077, 
18.54655,
120.7903,
55.97265,
38.80642,
64.12794,
86.25502,
97.13301,
420.1407,
217.7974,
23.77635,
158.034,
31.52362,
64.26849,
10.26525,
36.69096,
46.07559,
140.7828,
492.1021,
30.73052,
396.8512,
205.5718,
114.1626,
49.5644,
12.04774,
291.865,
139.1696,
0,
3363.052,
2078, 
18.62965,
121.1942,
56.00829,
38.85874,
63.72744,
86.27673,
97.37437,
426.9457,
220.599,
23.74175,
158.4585,
31.39807,
64.52824,
10.24138,
36.0983,
46.02284,
140.7551,
491.2397,
30.06677,
400.407,
205.6042,
114.1425,
49.56837,
11.84196,
293.606,
141.0502,
0,
3378.385,
2079, 
18.71177,
121.5809,
56.04088,
38.90285,
63.51591,
86.28548,
97.61559,
433.5928,
223.305,
23.68431,
158.8682,
31.27282,
64.79704,
10.21605,
35.48675,
45.96815,
140.7463,
490.3225,
29.6289,
401.3628,
205.653,
114.1034,
49.57141,
11.87599,
295.2881,
142.8725,
0,
3391.27,
2080, 
18.79128,
121.9519,
56.06995,
38.93941,
63.29568,
86.28223,
97.85655,
440.0973,
225.9243,
23.60512,
159.2563,
31.1471,
65.05951,
10.18937,
35.56848,
45.91158,
140.7534,
489.3531,
29.48342,
397.0254,
205.7002,
114.0465,
49.56616,
11.90921,
296.9122,
144.6419,
0,
3399.337,
2081, 
18.85737,
122.2317,
56.07323,
38.95088,
63.05241,
86.22539,
98.05334,
446.5403,
228.4579,
23.5005,
159.589,
31.03342,
65.30281,
10.16399,
35.6374,
45.85752,
140.6987,
488.0746,
29.36196,
391.0511,
205.658,
113.912,
49.57421,
11.93328,
298.3015,
146.3223,
0,
3404.415,
2082, 
18.92148,
122.4982,
56.0736,
38.95564,
62.80166,
86.11205,
98.24898,
452.8111,
230.8945,
23.37837,
159.9047,
30.91945,
65.54259,
10.25275,
35.70547,
45.80167,
140.6571,
486.7511,
29.30024,
385.3116,
205.6157,
113.7623,
49.57635,
11.95671,
299.6353,
147.9412,
0,
3409.33,
2083, 
18.98261,
122.7526,
56.07078,
38.95424,
62.54398,
85.91144,
98.44344,
458.9268,
233.2431,
23.2404,
160.1993,
30.8047,
65.76917,
10.2522,
35.77267,
45.74412,
140.6266,
485.3847,
29.32168,
379.7833,
205.5618,
113.5984,
49.56799,
11.97954,
300.9153,
149.5046,
0,
3413.855,
2084, 
19.04106,
122.9959,
56.06502,
38.94714,
62.27987,
85.63095,
98.63673,
464.9023,
235.5118,
23.08822,
160.4748,
30.68925,
65.98404,
10.17638,
35.83905,
45.68496,
140.606,
483.9782,
29.45464,
374.4447,
205.4975,
113.4214,
49.55027,
12.00182,
302.1458,
151.0177,
0,
3418.066,
2085, 
19.09719,
123.2291,
56.05656,
38.9348,
62.00983,
85.28261,
98.82886,
470.7509,
237.7077,
22.92324,
160.7335,
30.57318,
66.18929,
10.05143,
35.90459,
45.62424,
140.5943,
482.5341,
29.73563,
369.2765,
205.4244,
113.2324,
49.52453,
12.02359,
303.3312,
152.4852,
0,
3422.059,
2086, 
19.14,
123.383,
56.02663,
38.90334,
61.72929,
84.82623,
98.98012,
476.4091,
239.7992,
22.74149,
160.928,
30.47019,
66.37633,
10.02351,
35.95864,
45.56523,
140.5354,
480.9009,
30.21545,
364.4662,
205.2806,
112.9784,
49.50563,
12.03624,
304.3354,
153.8436,
0,
3425.358,
2087, 
19.18075,
123.5283,
55.99437,
38.86719,
61.44364,
84.29569,
99.12954,
481.9161,
241.8108,
22.54914,
161.108,
30.36665,
66.55441,
9.994726,
36.01157,
45.50467,
140.4835,
479.2353,
30.20852,
359.7923,
205.1279,
112.7142,
49.47964,
12.04846,
305.2959,
155.1498,
0,
3427.791,
2088, 
19.21965,
123.6659,
55.95991,
38.82671,
61.15324,
83.70094,
99.27715,
487.2863,
243.7496,
22.34702,
161.2749,
30.26257,
66.72438,
9.965149,
36.0634,
45.44262,
140.4376,
477.5393,
30.15103,
355.2407,
204.9668,
112.4406,
49.44725,
12.06027,
306.216,
156.409,
0,
3429.828,
2089, 
19.25687,
123.7963,
55.92343,
38.78223,
60.85841,
83.07069,
99.42304,
492.5325,
245.622,
22.13587,
161.4298,
30.39936,
66.88721,
9.934822,
36.11418,
45.37917,
140.3972,
475.8146,
30.09129,
350.7986,
204.7982,
112.1582,
49.40914,
12.0717,
307.0988,
157.6254,
0,
3431.809,
2090, 
19.29253,
123.9203,
55.88503,
38.73405,
60.55947,
82.36919,
99.56725,
497.666,
247.4337,
21.91613,
161.5737,
30.15517,
67.04308,
9.903792,
36.16393,
45.31435,
140.3616,
474.0629,
30.02934,
346.4547,
204.6219,
111.8679,
49.36561,
12.08279,
307.9472,
158.8027,
0,
3433.094,
2091, 
19.31598,
123.9886,
55.83183,
38.67232,
60.26133,
81.604,
99.65423,
502.486,
249.1141,
21.68522,
161.6505,
29.95847,
67.17331,
9.873252,
36.20304,
45.24517,
140.2756,
472.1837,
29.96105,
342.4564,
204.3843,
111.5232,
49.31503,
12.08645,
308.637,
159.8805,
0,
3433.421,
2092, 
19.33788,
124.0514,
55.77692,
38.60724,
59.95964,
80.80267,
99.73903,
507.1738,
250.7284,
21.44862,
161.7169,
29.86343,
67.29572,
9.842072,
36.24094,
45.17461,
140.1929,
470.2811,
29.89015,
338.5364,
204.1375,
111.1717,
49.25894,
12.0898,
309.2929,
160.9154,
0,
3433.526,
2093, 
19.35836,
124.1093,
55.72043,
38.53908,
59.65464,
79.96826,
99.82171,
511.7414,
252.2823,
21.20553,
161.7739,
29.76791,
67.41098,
9.810288,
36.27766,
45.10275,
140.1131,
468.3562,
29.81685,
333.8797,
203.882,
110.8138,
49.19783,
12.09288,
309.9174,
161.9113,
0,
3432.525,
2094, 
19.37756,
124.1626,
55.66243,
38.46804,
59.34655,
79.10381,
99.90239,
516.1996,
253.7807,
20.95594,
168.2257,
29.67196,
67.5197,
9.77794,
36.31325,
45.02963,
140.0359,
466.4102,
29.74135,
328.4905,
203.6183,
110.45,
49.13213,
12.09571,
310.5128,
162.8715,
0,
3436.856,
2095, 
19.39557,
124.2118,
55.60301,
38.39432,
59.03556,
78.20122,
99.9811,
520.5583,
255.2282,
20.69973,
173.7761,
29.57559,
67.6223,
9.745053,
36.34775,
44.9553,
139.9607,
464.4443,
29.66376,
322.5426,
203.3467,
110.0807,
49.06218,
12.09829,
311.0811,
163.7992,
0,
3439.41,
2096, 
19.4036,
124.2164,
55.52522,
38.31349,
58.73296,
77.26595,
99.99652,
524.5304,
256.5351,
20.43242,
178.4567,
29.48321,
67.69718,
9.710011,
36.36642,
44.86442,
139.824,
462.4173,
29.58561,
316.2034,
203.025,
109.6704,
48.97677,
12.0953,
311.5274,
164.6277,
0,
3439.483,
2097, 
19.41043,
124.2175,
55.44616,
38.23024,
58.42786,
76.30553,
100.0097,
528.3876,
257.787,
21.7975,
181.1257,
29.39039,
67.76519,
9.674475,
36.38388,
44.77236,
139.6885,
460.3728,
29.50508,
309.4616,
202.6942,
109.2555,
48.88693,
12.09211,
311.947,
165.4213,
0,
3438.457,
2098, 
19.41615,
124.2155,
55.36591,
38.14474,
58.12041,
75.30923,
100.0207,
532.1406,
258.9886,
22.57303,
181.061,
29.29714,
67.82677,
9.638472,
36.40018,
44.67915,
139.554,
458.3117,
29.42229,
302.5157,
202.3547,
108.8361,
48.78808,
12.08872,
312.3416,
166.183,
0,
3433.594,
2099, 
19.42084,
124.2105,
55.28451,
38.05712,
57.81076,
74.27017,
100.0297,
535.7979,
260.1437,
22.47887,
180.9895,
29.20348,
67.88232,
9.602023,
36.41535,
44.58484,
139.4201,
456.2346,
29.33737,
295.3344,
202.007,
108.4127,
48.6736,
12.08515,
312.7131,
166.9154,
0,
3427.315,
2100, 
19.42462,
124.2029,
55.20206,
37.96753,
57.49902,
73.22432,
100.0367,
539.3679,
261.256,
22.38341,
180.9119,
29.10945,
67.93269,
9.565153,
36.42944,
44.48947,
139.2868,
454.1425,
29.25061,
288.167,
201.6519,
107.9854,
48.54368,
12.08142,
313.063,
167.621,
0,
3420.796];
