real main.em.dem.hi.PPI.production[27](t) = [1971, 
11.161,
46.95401,
0.908,
0.1505,
1.2373,
1.6619,
0.2297,
0.0064,
0.0177,
0.625,
35.0154,
3.536,
0.2121,
0,
0,
7.048,
0.1695,
0.82,
0.508,
3.06,
0.3577,
0.019,
12.907,
1.5404,
0.1035,
0.0469,
0,
1972, 
12.038,
50.757,
0.981,
0.16,
1.3457,
1.765,
0.2358,
0.0064,
0.0172,
0.744,
37.1807,
3.7291,
0.2777,
0,
0,
7.424,
0.1921,
0.845,
0.566,
3.371,
0.5017,
0.019,
13.648,
1.5458,
0.0972,
0.0498,
0,
1973, 
12.578,
52.971,
1.113,
0.1723,
1.5879,
1.825,
0.2249,
0.0065,
0.0189,
0.85,
40.5347,
3.8944,
0.345,
0,
0,
7.89,
0.2099,
0.84,
0.592,
4.116,
0.5926,
0.0432,
15.975,
1.686,
0.124,
0.0541,
0,
1974, 
13.218,
52.54,
1.254,
0.1746,
1.8537,
1.917,
0.2078,
0.0065,
0.0245,
0.912,
41.9213,
3.9647,
0.387,
0,
0,
8.199,
0.2054,
0.893,
0.693,
3.926,
0.5193,
0.043,
15.645,
1.7324,
0.1362,
0.0525,
0,
1975, 
10.067,
45.248,
1.184,
0.171,
1.6878,
1.7442,
0.2093,
0.0065,
0.052117,
0.834,
33.8723,
4.4057,
0.414,
0,
0,
8.583,
0.2421,
0.911,
0.742,
4.128,
0.4822,
0.046,
13.6,
1.697,
0.1257,
0.0525,
0,
1976, 
11.791,
51.75701,
1.346,
0.1815,
2.0449,
1.7333,
0.2158,
0.0065,
0.0599,
0.904,
39.069,
4.7221,
0.31,
0,
0,
8.916,
0.2541,
0.934,
0.778,
4.213,
0.5863,
0.058,
15.394,
1.761,
0.0977,
0.0525,
0,
1977, 
12.151,
53.347,
1.463,
0.1389,
2.2355,
1.7992,
0.2478,
0.0065,
0.0745,
0.979,
39.4753,
5.1191,
0.34,
0,
0,
9.064,
0.2761,
0.99,
1.204,
4.661,
0.6454,
0.078,
15.702,
1.89,
0.1177,
0.0525,
0,
1978, 
13.286,
55.15401,
1.596,
0.1499,
2.534,
1.9828,
0.2528,
0.0065,
0.0763,
1.023,
41.7701,
4.986,
0.265,
0,
0,
9.236,
0.2731,
0.998,
1.445,
5.37,
0.7274,
0.154,
16.499,
1.867,
0.1439,
0.0645,
0,
1979, 
13.486,
57.41001,
1.684,
0.1681,
2.979,
2.1949,
0.3068,
0.0065,
0.0793,
1.12,
45.4132,
5.021,
0.443,
0,
0,
8.729,
0.2676,
1.044,
1.674,
6.321,
0.7903,
0.212,
17.861,
1.942,
0.1535,
0.0675,
0,
1980, 
13.39,
56.839,
1.979,
0.1714,
3.361,
2.2187,
0.3342,
0.0185,
0.0827,
1.197,
44.881,
5.224,
0.478,
0,
0,
8.733,
0.2691,
0.962,
1.76,
6.884,
0.8221,
0.231,
18.088,
2.104,
0.1563,
0.073,
0,
1981, 
13.835,
57.667,
1.893,
0.1947,
3.102,
2.2615,
0.3744,
0.0175,
0.0837,
1.29,
44.814,
5.203,
0.512,
0,
0,
8.954,
0.2671,
1.266,
1.863,
6.948,
0.7983,
0.258,
16.98,
2.151,
0.1688,
0.077,
0,
1982, 
12.408,
54.89901,
1.924,
0.2275,
3.329,
2.2425,
0.3394,
0.017,
0.0841,
1.35,
43.854,
5.262,
0.537,
0,
0,
8.978,
0.2671,
1.288,
1.817,
7.463,
0.7493,
0.329,
17.453,
2.188,
0.1887,
0.0763,
0,
1983, 
13.353,
58.804,
2.019,
0.2238,
3.426,
2.3015,
0.3479,
0.017,
0.097,
1.52,
45.61,
5.398,
0.391,
0,
0,
9.556,
0.3161,
1.481,
2.062,
8.446,
0.6933,
0.374,
18.441,
2.101,
0.2479,
0.0718,
0,
1984, 
14.222,
62.36601,
2.239,
0.2396,
3.768,
2.5235,
0.4138,
0.023,
0.1037,
1.422,
49.976,
5.547,
0.488,
0,
0,
9.835,
0.3091,
1.557,
2.287,
9.55,
0.8523,
0.403,
19.345,
2.214,
0.2466,
0.0684,
0,
1985, 
14.448,
60.959,
2.376,
0.2237,
4.022,
2.4833,
0.4161,
0.047,
0.1059,
1.489,
50.141,
5.621,
0.644,
0,
0,
10.031,
0.3,
1.559,
2.392,
11.237,
0.872,
0.5,
20.469,
2.316,
0.2089,
0.08,
0,
1986, 
15.259,
64.444,
2.469,
0.2427,
4.525,
2.7103,
0.4331,
0.067,
0.12085,
1.611,
51.933,
5.677,
0.71,
0,
0,
10.395,
0.32,
1.806,
2.853,
12.641,
0.82,
0.611,
21.062,
2.267,
0.2196,
0.082,
0,
1987, 
16.044,
67.532,
2.573,
0.2298,
4.712,
2.9321,
0.4531,
0.056,
0.12104,
1.6,
54.594,
5.813,
0.813,
0,
0,
10.566,
0.342,
1.871,
3.243,
14.271,
0.9984,
0.813,
22.537,
2.17,
0.2366,
0.115,
0,
1988, 
16.639,
69.587,
3.375,
0.2218,
4.685,
2.9998,
0.4591,
0.06,
0.12824,
1.8,
58.745,
5.952,
0.681,
0,
0,
10.881,
0.364,
1.977,
3.739,
15.74,
1.0216,
0.974,
24.625,
2.492,
0.285,
0.114,
0,
1989, 
16.555,
69.51401,
3.294,
0.2507,
4.806,
2.802798,
0.5261,
0.051,
0.13634,
1.899,
60.966,
5.72,
0.751,
0,
0,
10.735,
0.417,
2.05,
4.109,
16.527,
1.0856,
1.158,
26.809,
2.605,
0.2785,
0.1155,
0,
1990, 
16.466,
71.965,
2.873,
0.2147,
4.844,
2.8415,
0.517,
0.049,
0.11435,
1.904,
63.04,
4.6135,
0.891,
0,
0,
10.718,
0.531,
2.185,
4.604,
17.408,
1.55,
1.438,
28.088,
2.768,
0.3619,
0.1139,
0,
1991, 
16.559,
72.724,
2.896,
0.21,
4.888,
3.0983,
0.494,
0.035,
0.10907,
1.905,
63.678,
3.8625,
0.747,
0,
0,
9.59,
0.506,
2.362,
5.002,
18.64,
1.9284,
1.755,
29.053,
2.833,
0.346,
0.115,
0,
1992, 
16.585,
75.16101,
2.825,
0.1526,
4.913,
3.1689,
0.471,
0.029,
0.19002,
1.8,
64.999,
3.1026,
1.0126,
0.9249,
0,
5.765,
0.476,
2.528,
5.584,
20.049,
2.5668,
2.263,
28.324,
2.728,
0.365,
0.115,
0,
1993, 
17.557,
77.25001,
2.447,
0.1454,
5.352,
2.8559,
0.498,
0.013,
0.19472,
1.71,
67.02683,
3.8039,
1.032,
0.6321,
0,
4.459,
0.558,
2.626,
5.884,
22.077,
2.727,
2.6,
27.764,
2.875,
0.554,
0.103,
0,
1994, 
18.348,
80.945,
2.518,
0.1574,
5.73,
3.0821,
0.507,
0.011,
0.12622,
1.684,
72.77069,
4.1706,
1.102,
0.4341,
0,
3.412,
0.526,
2.859,
6.515,
25.627,
2.974,
3.054,
28.527,
3.061,
0.607,
0.109,
0,
1995, 
18.713,
85.526,
3.047,
0.2499,
5.856,
3.3482,
0.501,
0.0135,
0.12937,
1.871,
73.59541,
4.5498,
1.24,
0.4361,
0,
4.073,
0.572,
3.025,
6.958,
28.517,
3.475,
3.425,
29.664,
3.155,
0.581,
0.109,
0,
1996, 
18.414,
84.046,
3.047,
0.3155,
5.885,
3.3623,
0.479,
0.029,
0.1459,
1.871,
73.45018,
4.7195,
1.105,
0.4239,
0,
3.224,
0.572,
3.025,
7.761,
30.913,
3.55,
4.121,
30.014,
3.185,
0.5745,
0.109,
0,
1997, 
18.969,
88.511,
3.491,
0.301,
6.475,
3.4954,
0.557,
0.022,
0.1489,
2.047,
79.56598,
5.5145,
1.246,
0.395,
0,
3.339,
0.573,
2.922,
8.414,
31.663,
3.846,
4.822,
31.014,
3.308,
0.6075,
0.1099,
0,
1998, 
18.875,
86.451,
3.673,
0.389,
6.524,
3.038221,
0.641,
0.022,
0.153882,
2.105,
81.39453,
5.347572,
1.357,
0.4881,
0,
3.595,
0.357,
3.320027,
7.83,
32.203,
4.433,
5.487,
29.886,
3.385,
0.6105,
0.1049,
0,
1999, 
20.28,
88.67,
3.783999,
0.389,
6.255,
3.4094,
0.578,
0.022,
0.151804,
2.9,
84.2033,
5.482202,
1.349,
0.5193,
0.002703,
4.535,
0.395,
3.845,
8.955,
34.137,
4.7834,
6.978,
30.631,
3.381,
0.6575,
0.1089,
0,
2000, 
20.9209,
86.25227,
3.865,
0.389,
6.473,
3.7704,
0.69,
0.022,
0.157873,
2.982,
88.43532,
5.783165,
1.567,
0.6465,
0.033415,
5.3584,
0.4028,
3.794,
9.388,
35.439,
4.7202,
6.977,
31.828,
3.713,
0.6745,
0.1089,
0,
2001, 
19.834,
81.24883,
4.056,
0.389,
7.354,
3.9043,
0.73,
0.022,
0.094923,
3.523,
86.20253,
6.50523,
1.513,
0.7034,
0.06159,
5.7721,
0.4113,
4.094,
9.412,
37.929,
5.2429,
6.995,
30.717,
3.515,
1.2485,
0.1089,
0,
2002, 
20.226,
81.87907,
3.987,
0.3567,
7.354,
4.0742,
0.73,
0.022,
0.106523,
3.579,
88.36497,
6.612834,
1.643,
0.7476,
0.088323,
6.1236,
0.7783,
4.1048,
9.892,
42.329,
5.294,
6.995,
30.686,
3.519,
1.2485,
0.1089,
0,
2003, 
20.12,
80.71217,
4.149,
0.3561,
7.811,
4.2758,
0.73,
0.022,
0.128439,
3.645,
90.6743,
6.551424,
1.643,
0.897337,
0.0717,
6.5273,
0.7783,
4.1446,
10.228,
47.529,
6.3749,
6.995,
30.457,
3.904,
1.2485,
0.1089,
0,
2004, 
20.462,
82.08437,
4.689,
0.3936,
8.221,
4.19698,
0.7732,
0.025097,
0.191899,
2.881,
94.866,
7.148608,
1.643,
0.979999,
0.0828,
6.8398,
1.392,
4.6146,
10.591,
54.072,
6.2722,
7.223,
30.891,
4.013913,
0.9435,
0.2069,
0,
2005, 
19.498,
83.69733,
4.8411,
0.4028,
8.597,
4.694037,
0.7714,
0.026538,
0.304199,
2.444,
94.95413,
7.731102,
1.866,
1.05191,
0.0945,
7.134718,
1.445,
4.655007,
10.629,
60.405,
6.3933,
7.223,
30.953,
4.195181,
0.9675,
0.2059,
0,
2006, 
18.189,
84.31694,
4.876,
0.4036,
8.725,
4.617966,
0.7711,
0.026238,
0.310199,
2.611,
97.95297,
8.035076,
1.72,
1.1732,
0.178927,
7.458372,
1.3735,
6.799169,
10.783,
69.394,
8.4907,
7.223,
31.097,
4.102399,
0.9675,
0.1879,
0,
2007, 
17.367,
83.91596,
4.582,
0.4008,
9.009,
4.792552,
0.9711,
0.026238,
0.209599,
2.726,
97.69236,
8.384479,
2.039,
1.319501,
0.202922,
7.609216,
1.372,
8.30061,
11.012,
77.965,
8.3721,
7.727,
31.268,
4.056451,
0.9945,
0.1889,
0,
2008, 
15.789,
80.17838,
4.451,
0.40791,
9.409,
5.195454,
0.9711,
0.026238,
0.202499,
2.726,
94.28756,
8.005387,
2.05,
1.319501,
0.174571,
7.710859,
1.4942,
7.941178,
9.97,
83.685,
8.3588,
9.731,
30.628,
4.154047,
1.1845,
0.1889,
0,
2009, 
12.823,
71.35545,
4.556,
0.4074,
9.428,
4.993796,
0.9711,
0.026238,
0.051239,
2.245,
84.30791,
7.919005,
2.156,
1.385699,
0.209641,
7.382859,
2.5972,
7.78852,
9.806,
90.192,
8.7384,
9.908,
26.268,
4.162639,
1.1845,
0.105786,
0,
2010, 
12.755,
75.77284,
4.704,
0.41212,
9.978,
4.813147,
0.9711,
0.026238,
0.088239,
2.516,
90.50254,
8.599111,
2.348,
1.542251,
0.214496,
5.621459,
2.5562,
10.11124,
11.102,
96.545,
8.7429,
9.908,
27.364,
4.091822,
0.9975,
0.0949,
0,
2011, 
12.057,
76.43082,
4.701,
0.398208,
10.159,
4.931931,
0.9711,
0.026238,
0.088239,
2.176,
89.42604,
8.781577,
2.659,
1.441898,
0.243316,
7.660179,
2.5182,
10.172,
11.336,
103.226,
8.9581,
10.034,
26.609,
3.963677,
1.0255,
0.0949,
0,
2012, 
10.756,
74.492,
4.795,
0.409108,
10.26,
4.760415,
0.9665,
0.027538,
0.090239,
2.422486,
87.61104,
8.60685,
2.784,
1.487274,
0.196677,
7.690504,
2.9032,
10.247,
11.412,
106.569,
9.0444,
10.247,
25.957,
4.038189,
1.0255,
0.0949,
0,
2013, 
11.174,
71.7323,
4.835,
0.408808,
10.444,
4.732604,
0.9915,
0.027182,
0.178371,
2.318183,
86.6896,
8.713341,
2.85,
1.393929,
0.249025,
7.774043,
2.9032,
11.8,
11.847,
105.15,
8.9681,
10.247,
26.238,
3.78952,
1.0255,
0.0949,
0,
2014, 
10.775,
73.093,
4.855,
0.648721,
10.398,
4.74694,
1.0065,
0.027182,
0.149351,
2.257489,
85.63888,
9.143342,
2.900002,
1.420138,
0.248376,
8.054422,
2.9032,
14.49,
11.702,
108.75,
8.5595,
10.37626,
26.626,
3.810022,
1.0255,
0.0949,
0,
2015, 
10.3,
72.397,
5.316,
0.645929,
10.477,
4.86087,
1.0165,
0.027182,
0.165192,
2.248182,
85.01026,
9.435444,
2.920011,
1.384449,
0.248976,
8.106546,
2.9032,
15.435,
11.649,
111.15,
9.0097,
10.55472,
26.404,
3.898929,
1.0255,
0.0949,
0,
2016, 
9.911,
71.90224,
5.675,
0.644129,
10.335,
5.143885,
1.0165,
0.027182,
0.114993,
2.35299,
84.42686,
9.907754,
2.95001,
1.35035,
0.276629,
8.591518,
2.9102,
15.54,
11.732,
112.6,
9.4915,
11.01571,
26.22,
3.900095,
1.0255,
0.0949,
0,
2017, 
9.958,
72.04454,
5.755,
0.634029,
10.471,
5.293045,
1.0165,
0.027182,
0.115809,
2.08006,
85.43297,
10.29239,
2.930012,
1.286999,
0.283944,
8.762425,
2.902,
16.227,
11.171,
115.35,
9.8278,
11.69337,
26.544,
3.967608,
1.0255,
0.092,
0,
2018, 
10.142,
70.89107,
5.956,
0.634029,
10.433,
5.425974,
1.0265,
0.027182,
0.115809,
2.223214,
85.15913,
10.3818,
2.799991,
1.518832,
0.347947,
9.103868,
2.902,
17.235,
11.609,
108.4,
10.1087,
11.80337,
26.056,
3.963059,
0.8285,
0.092,
0,
2019, 
9.473,
68.15681,
5.805,
0.609966,
10.534,
5.388175,
1.0265,
0.027182,
0.115809,
2.158133,
82.55747,
10.44295,
2.79997,
1.408587,
0.328125,
9.219241,
2.902,
16.843,
10.727,
111.7,
10.665,
11.95337,
25.376,
3.935,
0.7115,
0.092,
0,
2020, 
8.6654,
66.239,
5.812082,
0.59902,
10.184,
5.175253,
1.0335,
0.027182,
0.115809,
1.89124,
78.05414,
10.658,
2.79997,
1.404134,
0.453525,
9.614367,
2.902,
16.438,
10.898,
117.15,
10.7162,
11.95337,
22.702,
3.723526,
0.8245,
0.092,
0,
2021, 
9.1954,
67.47535,
6.295,
0.59902,
10.666,
5.463701,
1.0335,
0.027182,
0.115809,
1.995561,
82.69821,
11.28833,
2.79997,
1.563616,
0.310645,
9.630353,
2.95,
16.8628,
11.057,
125.15,
11.8215,
11.95337,
22.91,
3.613526,
0.8355,
0.092,
0,
2022, 
8.9944,
65.257,
6.497,
0.59902,
11.04,
5.52911,
1.0585,
0.027182,
0.115809,
1.962973,
78.32823,
10.98419,
2.79997,
1.348045,
0.346838,
9.421058,
2.96,
16.79766,
10.777,
128.37,
11.9191,
11.95337,
22.686,
3.577365,
0.6525,
0.092,
0,
2023, 
9.019764,
65.50726,
6.570637,
0.6249256,
11.08307,
5.588696,
1.111365,
0.04768908,
0.1324555,
1.982702,
78.40956,
10.96001,
2.83553,
1.296275,
0.3581168,
9.417664,
3.051209,
16.93008,
10.78258,
128.4122,
12.04292,
12.01307,
22.58006,
3.60734,
0.6846558,
0.105693,
0,
2024, 
9.046142,
65.77142,
6.655112,
0.6559808,
11.13667,
5.652661,
1.188353,
0.0681802,
0.1355343,
2.003455,
78.50222,
10.94651,
2.878088,
1.254493,
0.3955388,
9.421326,
3.346979,
17.19251,
10.79326,
128.73,
12.1986,
12.09699,
22.48369,
3.637966,
0.7218831,
0.1114599,
0,
2025, 
9.07448,
66.04988,
6.743937,
0.6928413,
11.1988,
5.728341,
1.275899,
0.09201145,
0.138542,
2.025707,
78.61909,
10.95142,
2.925058,
1.227667,
0.4380834,
9.42959,
3.660336,
17.61006,
10.81021,
129.299,
12.39549,
12.20674,
22.39267,
3.669692,
0.7716961,
0.1176547,
0,
2026, 
9.088633,
66.22732,
6.829183,
0.7287354,
11.24117,
5.796327,
1.362363,
0.1213578,
0.1425751,
2.04399,
78.55093,
10.89058,
2.962277,
1.251972,
0.4784135,
9.41317,
3.952204,
18.14233,
10.7944,
129.5282,
12.5896,
12.31817,
22.25462,
3.692834,
0.8418739,
0.1259481,
0,
2027, 
9.108859,
66.46998,
6.933828,
0.773922,
11.29879,
5.882709,
1.464797,
0.1571226,
0.1472751,
2.065833,
78.5557,
10.85821,
3.009034,
1.285408,
0.5248018,
9.409781,
4.275358,
18.87052,
10.79187,
130.0956,
12.84137,
12.46088,
22.1398,
3.720527,
0.9391532,
0.1362081,
0,
2028, 
9.128359,
66.69904,
7.044642,
0.8241699,
11.35937,
5.976508,
1.576568,
0.198636,
0.15296,
2.088055,
78.55287,
10.83378,
3.058686,
1.324866,
0.5744221,
9.409719,
4.608765,
19.76068,
10.79057,
130.804,
13.12814,
12.62174,
22.02232,
3.748054,
1.062184,
0.1486105,
0,
2029, 
9.147035,
66.91377,
7.161068,
0.8792074,
11.42262,
6.077212,
1.69713,
0.2462541,
0.1600223,
2.110598,
78.54168,
10.81616,
3.110804,
1.370124,
0.6270884,
9.4127,
4.951527,
20.80968,
10.79019,
131.636,
13.44732,
12.79939,
21.90208,
3.775308,
1.212324,
0.1635002,
0,
2030, 
9.164798,
67.11348,
7.282575,
0.9387624,
11.48829,
6.184323,
1.825946,
0.3002796,
0.1688609,
2.133407,
78.52139,
10.8043,
3.164996,
1.420942,
0.6826206,
9.418444,
5.302806,
22.01284,
10.79046,
132.576,
13.79639,
12.99247,
21.77904,
3.802186,
1.390561,
0.1811944,
0,
2031, 
9.180929,
67.28599,
7.410097,
1.00667,
11.57342,
6.302232,
1.976471,
0.3968155,
0.1844637,
2.162841,
78.4991,
10.78608,
3.215454,
1.477402,
0.7435772,
9.434275,
5.662995,
23.40623,
10.77603,
133.418,
14.17337,
13.19237,
21.64904,
3.827154,
1.629277,
0.2099159,
0,
2032, 
9.19616,
67.44117,
7.543806,
1.080102,
11.66621,
6.428289,
2.137409,
0.5148302,
0.20538,
2.194672,
78.4667,
10.77056,
3.267382,
1.539737,
0.8077592,
9.45357,
6.031184,
24.95654,
10.76129,
134.3312,
14.57895,
13.40573,
21.51648,
3.851687,
1.908019,
0.2456521,
0,
2033, 
9.210402,
67.57858,
7.683068,
1.158685,
11.76603,
6.56185,
2.307992,
0.65606,
0.2326081,
2.228734,
78.42355,
10.75714,
3.32047,
1.607611,
0.8749461,
9.47596,
6.406572,
26.65561,
10.74608,
135.3043,
15.01049,
13.63133,
21.3813,
3.875692,
2.227119,
0.2891436,
0,
2034, 
9.223572,
67.69779,
7.827283,
1.242057,
11.87222,
6.702286,
2.487485,
0.821991,
0.2671056,
2.264865,
78.36909,
10.74524,
3.374438,
1.680684,
0.9449269,
9.501088,
6.788408,
28.49494,
10.73026,
136.327,
15.46547,
13.86801,
21.24343,
3.899083,
2.586527,
0.3410406,
0,
2035, 
9.235593,
67.79842,
7.975875,
1.329865,
11.98421,
6.848997,
2.67519,
1.013866,
0.3097708,
2.302908,
78.3028,
10.73434,
3.429024,
1.75861,
1.017501,
9.528619,
7.175992,
30.46591,
10.71371,
137.3898,
15.94155,
14.11467,
21.10283,
3.92178,
2.985879,
0.4019022,
0,
2036, 
9.245886,
67.86037,
8.130942,
1.427469,
12.12086,
7.011315,
2.892435,
1.291163,
0.377312,
2.351485,
78.24243,
10.71666,
3.477652,
1.839929,
1.093062,
9.561672,
7.571862,
32.65983,
10.68285,
138.2149,
16.40875,
14.36897,
20.95404,
3.943005,
3.483646,
0.4902559,
0,
2037, 
9.255008,
67.90282,
8.29068,
1.529799,
12.26502,
7.180762,
3.118674,
1.613556,
0.4613891,
2.403011,
78.16988,
10.69844,
3.526352,
1.925552,
1.170928,
9.596459,
7.972832,
34.98119,
10.65084,
139.0524,
16.89202,
14.63205,
20.80224,
3.963472,
4.031131,
0.5942873,
0,
2038, 
9.262886,
67.92549,
8.454464,
1.636437,
12.41583,
7.35661,
3.353061,
1.982618,
0.5635223,
2.457224,
78.08465,
10.67938,
3.574941,
2.01512,
1.250916,
9.632692,
8.378233,
37.41991,
10.61762,
139.8969,
17.38949,
14.90284,
20.64742,
3.983112,
4.626932,
0.7147016,
0,
2039, 
9.269456,
67.92813,
8.621709,
1.74699,
12.57247,
7.538171,
3.59481,
2.399516,
0.6850472,
2.513871,
77.98625,
10.65918,
3.623253,
2.108276,
1.332855,
9.670099,
8.787434,
39.96625,
10.58314,
140.7432,
17.89942,
15.18038,
20.48958,
4.001856,
5.269461,
0.8520489,
0,
2040, 
9.274654,
67.9105,
8.79186,
1.861078,
12.73418,
7.724787,
3.84319,
2.865054,
0.8271139,
2.572711,
77.87425,
10.63759,
3.671132,
2.204679,
1.416582,
9.708423,
9.199846,
42.6109,
10.54733,
141.5867,
18.42017,
15.46376,
20.32875,
4.019643,
5.957002,
1.006735,
0,
2041, 
9.278172,
67.85114,
8.969189,
1.986823,
12.92256,
7.926105,
4.12605,
3.535733,
1.045732,
2.642837,
77.76245,
10.606,
3.712656,
2.301763,
1.501611,
9.750435,
9.60997,
45.47163,
10.49935,
142.2723,
18.92924,
15.74555,
20.16498,
4.036792,
6.798656,
1.231502,
0,
2042, 
9.280246,
67.77131,
9.149273,
2.115999,
13.11577,
8.132252,
4.415313,
4.290346,
1.303637,
2.715347,
77.63653,
10.57208,
3.753465,
2.401367,
1.588121,
9.792828,
10.02215,
48.41948,
10.44994,
142.9457,
19.44587,
16.03162,
19.99827,
4.052921,
7.693872,
1.486512,
0,
2043, 
9.280825,
67.67084,
9.331536,
2.24819,
13.3129,
8.34253,
4.710179,
5.129322,
1.60246,
2.789935,
77.49609,
10.53574,
3.793442,
2.503175,
1.675969,
9.835388,
10.43587,
51.44479,
10.39909,
143.6035,
19.96875,
16.32116,
19.82865,
4.067976,
8.639756,
1.772071,
0,
2044, 
9.279862,
67.54956,
9.515439,
2.383003,
13.51313,
8.556275,
5.009919,
6.052564,
1.94344,
2.866313,
77.34081,
10.49687,
3.832481,
2.606883,
1.765024,
9.877922,
10.85066,
54.53854,
10.34676,
144.2423,
20.49662,
16.61344,
19.65613,
4.081905,
9.633436,
2.088275,
0,
2045, 
9.277317,
67.40734,
9.700476,
2.520072,
13.71568,
8.772877,
5.313865,
7.059533,
2.327455,
2.94421,
77.17035,
10.45537,
3.870485,
2.7122,
1.855159,
9.92024,
11.26606,
57.69227,
10.29294,
144.8589,
21.0283,
16.90778,
19.48073,
4.094661,
10.67211,
2.435028,
0,
2046, 
9.27374,
67.23077,
9.890138,
2.668715,
13.9381,
9.000546,
5.654161,
8.487546,
2.887658,
3.030734,
76.99084,
10.40886,
3.899871,
2.818904,
1.947045,
9.963664,
11.6724,
61.0367,
10.23106,
145.2635,
21.54744,
17.19265,
19.30712,
4.106576,
11.90695,
2.927374,
0,
2047, 
9.268497,
67.03325,
10.08036,
2.819126,
14.16139,
9.23026,
5.997445,
10.05451,
3.521946,
3.11842,
76.7956,
10.35937,
3.928059,
2.926664,
2.039802,
10.00651,
12.07826,
64.42559,
10.16767,
145.64,
22.06809,
17.47819,
19.13066,
4.117247,
13.19064,
3.470197,
0,
2048, 
9.261557,
66.81467,
10.27066,
2.970931,
14.38483,
9.461418,
6.343062,
11.75777,
4.230589,
3.206981,
76.58439,
10.30687,
3.95498,
3.035218,
2.133311,
10.04864,
12.48327,
67.85078,
10.10277,
145.9861,
22.58928,
17.76382,
18.9514,
4.126632,
14.51937,
4.062621,
0,
2049, 
9.252892,
66.57494,
10.46058,
3.123786,
14.60771,
9.693467,
6.690424,
13.59417,
5.013317,
3.296158,
76.35698,
10.25132,
3.980568,
3.144319,
2.227464,
10.0899,
12.88705,
71.30479,
10.03637,
146.2996,
23.11009,
18.04903,
18.76935,
4.134693,
15.88957,
4.703558,
0,
2050, 
9.242472,
66.31398,
10.6497,
3.277372,
14.82943,
9.925886,
7.038997,
15.56019,
5.869417,
3.38571,
76.11317,
10.19271,
4.004764,
3.253731,
2.322154,
10.13016,
13.28927,
74.78062,
9.968468,
146.5788,
23.62968,
18.33332,
18.58457,
4.141397,
17.29787,
5.391759,
0,
2051, 
9.228048,
66.00813,
10.83984,
3.441396,
15.06347,
10.16704,
7.422305,
18.28496,
7.064338,
3.482602,
75.82931,
10.12792,
4.020937,
3.365961,
2.420456,
10.1726,
13.68306,
78.42113,
9.887579,
146.5894,
24.13716,
18.61545,
18.39992,
4.145407,
18.9298,
6.341237,
0,
2052, 
9.211868,
65.68161,
11.02847,
3.605416,
15.29461,
10.40757,
7.80475,
21.21276,
8.374581,
3.579271,
75.52927,
10.05998,
4.035651,
3.478057,
2.519102,
10.21386,
14.07438,
82.06692,
9.805342,
146.5625,
24.64161,
18.89562,
18.21253,
4.148027,
20.59834,
7.363487,
0,
2053, 
9.193913,
65.33437,
11.21519,
3.76913,
15.52231,
10.64701,
8.185892,
24.33519,
9.796981,
3.675498,
75.21292,
9.988892,
4.048862,
3.589804,
2.617987,
10.25381,
14.46294,
85.71175,
9.721773,
146.4966,
25.1423,
19.17341,
18.02244,
4.149231,
22.29952,
8.455411,
0,
2054, 
9.17417,
64.96635,
11.39967,
3.932269,
15.74611,
10.88492,
8.565335,
27.64375,
11.32795,
3.771082,
74.88014,
9.914669,
4.060535,
3.701001,
2.717012,
10.29234,
14.84846,
89.34998,
9.636902,
146.391,
25.6386,
19.44843,
17.82972,
4.148992,
24.02969,
9.613862,
0,
2055, 
9.152619,
64.57756,
11.58159,
4.094579,
15.96561,
11.12089,
8.942736,
31.12998,
12.9636,
3.865842,
74.53085,
9.83732,
4.070636,
3.811457,
2.816086,
10.32933,
15.23068,
92.97644,
9.550753,
146.2446,
26.12988,
19.72034,
17.63441,
4.147286,
25.78553,
10.83569,
0,
2056, 
9.128696,
64.16628,
11.75694,
4.26559,
16.18785,
11.36249,
9.348086,
35.79705,
15.14659,
3.965891,
74.15009,
9.754009,
4.072191,
3.925695,
2.920312,
10.37186,
15.60365,
96.70277,
9.453348,
145.9457,
26.60849,
19.98547,
17.43416,
4.143329,
27.77625,
12.46087,
0,
2057, 
9.102958,
63.73435,
11.9291,
4.434929,
16.4043,
11.60112,
9.748925,
40.71828,
17.4779,
4.064456,
73.75309,
9.667618,
4.072169,
4.038802,
3.024302,
10.41261,
15.97243,
100.4014,
9.35487,
145.6044,
27.08053,
20.2466,
17.23145,
4.137888,
29.78615,
14.17446,
0,
2058, 
9.075396,
63.28175,
12.09781,
4.602384,
16.61468,
11.83644,
10.14505,
45.87756,
19.94933,
4.161392,
73.33981,
9.578171,
4.070551,
4.150609,
3.127963,
10.45148,
16.33682,
104.0681,
9.255358,
145.2201,
27.54549,
20.50344,
17.02634,
4.130945,
31.81175,
15.97046,
0,
2059, 
9.046001,
62.80849,
12.26283,
4.767766,
16.81872,
12.06815,
10.53629,
51.25957,
22.55272,
4.256569,
72.91022,
9.485701,
4.067321,
4.260959,
3.23121,
10.48837,
16.69662,
107.6991,
9.154843,
144.7925,
28.00291,
20.75573,
16.8189,
4.122483,
33.84992,
17.84317,
0,
2060, 
9.014771,
62.31458,
12.42395,
4.930908,
17.0162,
12.29595,
10.92249,
56.84983,
25.28009,
4.349879,
72.46429,
9.390238,
4.062464,
4.369709,
3.333963,
10.5232,
17.05162,
111.2909,
9.053365,
144.3211,
28.45235,
21.00324,
16.60921,
4.112486,
35.89783,
19.78722,
0,
2061, 
8.981283,
61.79963,
12.57839,
5.101651,
17.21228,
12.5284,
11.32512,
64.07045,
28.80205,
4.445751,
71.98981,
9.28858,
4.049109,
4.479671,
3.441874,
10.55829,
17.39353,
114.8959,
8.948198,
143.7459,
28.88801,
21.23889,
16.39045,
4.099708,
38.18475,
22.28436,
0,
2062, 
8.945965,
61.26419,
12.72844,
5.269306,
17.40058,
12.75592,
11.72035,
71.55887,
32.48402,
4.539176,
71.49934,
9.18404,
4.034178,
4.587709,
3.548936,
10.59109,
17.72979,
118.4477,
8.842204,
143.127,
29.31443,
21.46913,
16.16971,
4.0854,
40.47063,
24.87033,
0,
2063, 
8.908813,
60.70826,
12.87391,
5.43375,
17.58099,
12.97828,
12.10818,
79.29177,
36.31247,
4.630082,
70.99294,
9.076654,
4.017666,
4.693706,
3.655074,
10.62153,
18.06024,
121.9438,
8.735418,
142.4646,
29.73127,
21.69377,
15.94707,
4.069551,
42.75288,
27.53651,
0,
2064, 
8.869824,
60.13187,
13.01467,
5.594881,
17.75341,
13.19528,
12.48863,
87.24783,
40.27475,
4.718408,
70.4706,
8.966469,
3.999576,
4.797552,
3.760224,
10.64954,
18.38475,
125.382,
8.62788,
141.7587,
30.13824,
21.91266,
15.72262,
4.052155,
45.02922,
30.27509,
0,
2065, 
8.829,
59.53503,
13.15057,
5.752605,
17.9178,
13.40675,
12.86171,
95.40749,
44.35904,
4.804105,
69.93241,
8.853527,
3.979909,
4.899151,
3.864325,
10.67507,
18.7032,
128.7602,
8.519629,
141.0094,
30.53506,
22.12565,
15.49643,
4.0332,
47.29767,
33.07888,
0,
2066, 
8.7858,
58.912,
13.27743,
5.912603,
18.07226,
13.61661,
13.23626,
105.5206,
49.36982,
4.889621,
69.37163,
8.73336,
3.952282,
4.999138,
3.971474,
10.69992,
19.00014,
132.0424,
8.411261,
140.1444,
30.90725,
22.32489,
15.26107,
4.011243,
49.73664,
36.52337,
0,
2067, 
8.740782,
58.26878,
13.3991,
6.068536,
18.21808,
13.82013,
13.60193,
115.8601,
54.51474,
4.972067,
68.79518,
8.610588,
3.923167,
5.096715,
4.077258,
10.72212,
19.29039,
135.256,
8.302241,
139.2398,
31.26852,
22.51783,
15.02432,
3.987752,
52.15556,
40.0356,
0,
2068, 
8.693946,
57.6054,
13.51548,
6.220358,
18.35526,
14.01719,
13.95884,
126.3993,
59.77755,
5.051428,
68.20316,
8.485258,
3.892574,
5.19181,
4.181628,
10.74165,
19.57386,
138.3998,
8.192609,
138.2959,
31.61871,
22.70438,
14.78625,
3.962723,
54.55298,
43.60606,
0,
2069, 
8.645296,
56.92191,
13.62646,
6.368036,
18.48383,
14.20769,
14.30711,
137.1145,
65.14362,
5.127696,
67.59563,
8.357431,
3.860515,
5.284361,
4.284543,
10.75846,
19.8505,
141.4728,
8.082407,
137.3134,
31.95761,
22.88446,
14.54698,
3.936155,
56.92768,
47.22628,
0,
2070, 
8.594835,
56.21836,
13.73199,
6.511544,
18.60383,
14.39154,
14.64685,
147.9843,
70.59964,
5.200869,
66.97269,
8.22716,
3.827006,
5.37431,
4.385965,
10.77253,
20.12023,
144.474,
7.971674,
136.2928,
32.28513,
23.05801,
14.30658,
3.908043,
59.27866,
50.88875,
0,
2071, 
8.540642,
55.48097,
13.8244,
6.654952,
18.71236,
14.56808,
14.98656,
161.056,
77.10301,
5.272157,
66.32938,
8.091272,
3.786954,
5.461376,
4.488331,
10.78444,
20.36749,
147.339,
7.861287,
135.1772,
32.58135,
23.21683,
14.06173,
3.876748,
61.76694,
55.25425,
0,
2072, 
8.484704,
54.72417,
13.91123,
6.793657,
18.81201,
14.73746,
15.31664,
174.2645,
83.68523,
5.340065,
65.67088,
7.95309,
3.74555,
5.545812,
4.588955,
10.79354,
20.60744,
150.1259,
7.750423,
134.0276,
32.8658,
23.36891,
13.81601,
3.843955,
64.21878,
59.64943,
0,
2073, 
8.427029,
53.94804,
13.99242,
6.927678,
18.90287,
14.89965,
15.63729,
187.5846,
90.33014,
5.40462,
64.99728,
7.812676,
3.702817,
5.627582,
4.687815,
10.79984,
20.84007,
152.8344,
7.639126,
132.8451,
33.13841,
23.51422,
13.56951,
3.809666,
66.6338,
64.06562,
0,
2074, 
8.397927,
53.6208,
13.95666,
6.94126,
18.82681,
14.89165,
15.69306,
197.0777,
95.1389,
5.402718,
64.61414,
7.670467,
3.650549,
5.61319,
4.704607,
10.76352,
20.76957,
152.7833,
7.544999,
130.8973,
33.01735,
23.44215,
13.39031,
3.792376,
67.69527,
67.16778,
0,
2075, 
8.368704,
53.29378,
13.91654,
6.949709,
18.74377,
14.87644,
15.73844,
206.2739,
99.79762,
5.39739,
64.23108,
7.529184,
3.59848,
5.596483,
4.719095,
10.72528,
20.69517,
152.6562,
7.451575,
128.9572,
32.88825,
23.36558,
13.21276,
3.774773,
68.68052,
70.15778,
0,
2076, 
8.336464,
52.94335,
13.86225,
6.954182,
18.64787,
14.84931,
15.77931,
217.2673,
105.2049,
5.389209,
63.83807,
7.388374,
3.542528,
5.578089,
4.73348,
10.68626,
20.60472,
152.35,
7.359544,
126.9784,
32.73325,
23.27344,
13.04022,
3.754885,
69.6899,
73.67603,
0,
2077, 
8.30419,
52.59363,
13.8043,
6.953663,
18.54589,
14.8155,
15.80994,
227.8663,
110.4156,
5.377714,
63.44579,
7.248641,
3.486925,
5.557642,
4.7455,
10.64547,
20.51074,
151.9779,
7.268281,
125.0121,
32.57139,
23.17751,
12.86936,
3.73475,
70.61797,
77.04688,
0,
2078, 
8.271894,
52.24469,
13.7429,
6.948471,
18.43829,
14.77542,
15.83107,
238.0743,
115.4287,
5.363134,
63.05434,
7.10999,
3.431675,
5.535245,
4.75528,
10.60301,
20.41346,
151.5437,
7.177784,
123.0585,
32.40307,
23.07802,
12.70016,
3.714387,
71.46957,
80.27275,
0,
2079, 
8.239589,
51.89656,
13.67822,
6.938908,
18.32548,
14.72942,
15.8434,
247.8969,
120.245,
5.345682,
62.66378,
6.972417,
3.37678,
5.510996,
4.762937,
10.55898,
20.31307,
151.051,
7.088051,
121.1178,
32.22864,
22.97517,
12.53261,
3.693815,
72.24924,
83.35674,
0,
2080, 
8.207284,
51.54931,
13.61047,
6.925253,
18.20788,
14.67785,
15.84757,
257.3419,
124.8666,
5.325558,
62.27422,
6.835927,
3.322245,
5.484992,
4.768583,
10.51348,
20.20975,
150.5034,
6.999082,
119.1901,
32.04846,
22.86917,
12.36672,
3.673049,
72.96124,
86.3026,
0,
2081, 
8.17162,
51.1762,
13.53035,
6.907533,
18.08262,
14.61593,
15.84641,
268.3707,
130.0703,
5.303792,
61.86948,
6.702699,
3.26529,
5.459249,
4.774795,
10.46922,
20.09527,
149.8099,
6.911773,
117.255,
31.84822,
22.74962,
12.20806,
3.649672,
73.66451,
89.67458,
0,
2082, 
8.136043,
50.80449,
13.44779,
6.885916,
17.95329,
14.54896,
15.83725,
278.9189,
135.0359,
5.27949,
61.46632,
6.570593,
3.208781,
5.431865,
4.778895,
10.42351,
19.97815,
149.0706,
6.825256,
115.3357,
31.64303,
22.62754,
12.051,
3.626168,
74.29834,
92.87379,
0,
2083, 
8.100557,
50.43418,
13.36293,
6.860662,
17.82024,
14.47725,
15.8207,
289.0003,
139.7685,
5.252836,
61.06481,
6.439609,
3.152718,
5.402925,
4.780999,
10.37643,
19.85857,
148.2883,
6.739529,
113.4321,
31.43321,
22.5031,
11.89553,
3.602552,
74.867,
95.90633,
0,
2084, 
8.065173,
50.06534,
13.2759,
6.832011,
17.68377,
14.40108,
15.79729,
298.63,
144.2743,
5.223999,
60.66499,
6.30974,
3.0971,
5.372517,
4.781217,
10.32808,
19.73669,
147.4655,
6.654588,
111.5441,
31.21904,
22.37644,
11.74164,
3.578837,
75.37448,
98.77858,
0,
2085, 
8.029896,
49.69799,
13.18682,
6.800192,
17.54418,
14.32074,
15.76753,
307.8239,
148.5599,
5.193141,
60.26691,
6.180985,
3.041929,
5.340721,
4.77965,
10.27853,
19.61268,
146.605,
6.570429,
109.6718,
31.00081,
22.24773,
11.58931,
3.555035,
75.82451,
101.497,
0,
2086, 
7.991482,
49.30898,
13.08692,
6.765265,
17.40031,
14.23206,
15.73336,
318.3447,
153.2852,
5.160748,
59.85192,
6.056903,
2.985505,
5.310189,
4.778857,
10.23106,
19.48199,
145.6395,
6.487134,
107.8454,
30.76951,
22.10703,
11.44188,
3.528743,
76.26316,
104.5377,
0,
2087, 
7.953252,
48.92189,
12.98555,
6.727339,
17.2539,
14.13966,
15.69296,
328.3292,
157.7535,
5.126476,
59.43922,
5.933904,
2.929573,
5.278305,
4.776172,
10.18235,
19.34931,
144.6437,
6.404637,
106.0357,
30.53472,
21.96484,
11.296,
3.502425,
76.64377,
107.394,
0,
2088, 
7.915207,
48.53675,
12.88281,
6.686621,
17.10518,
14.04378,
15.64679,
337.7997,
161.9745,
5.090467,
59.02884,
5.811981,
2.87413,
5.245146,
4.771704,
10.13246,
19.2148,
143.6197,
6.322931,
104.2425,
30.29667,
21.82128,
11.15164,
3.476092,
76.96999,
110.0748,
0,
2089, 
7.877355,
48.15359,
12.77879,
6.64331,
16.9544,
13.94465,
15.59529,
346.7785,
165.9578,
5.052859,
58.62079,
5.691131,
2.819176,
5.21079,
4.765557,
10.08148,
19.07859,
142.5694,
6.242013,
102.466,
30.05562,
21.67647,
11.00881,
3.449754,
77.24525,
112.5884,
0,
2090, 
7.839698,
47.77243,
12.67358,
6.597587,
16.80177,
13.8425,
15.53886,
355.2875,
169.7131,
5.013777,
58.21511,
5.571348,
2.764709,
5.175307,
4.757825,
10.0295,
18.94083,
141.4946,
6.161877,
100.7059,
29.81178,
21.53053,
10.86749,
3.423419,
77.47274,
114.9433,
0,
2091, 
7.799627,
47.37723,
12.5597,
6.54968,
16.64793,
13.73377,
15.47558,
364.8242,
173.7902,
4.972967,
57.79345,
5.45593,
2.709677,
5.140405,
4.750424,
9.97833,
18.79732,
140.3451,
6.082552,
99.00926,
29.56073,
21.37438,
10.72787,
3.395151,
77.68472,
117.5129,
0,
2092, 
7.759811,
46.98433,
12.44513,
6.499513,
16.49268,
13.62243,
15.40749,
373.8004,
177.6091,
4.93084,
57.37463,
5.341528,
2.655157,
5.10442,
4.741377,
9.926123,
18.65237,
139.1769,
6.004012,
97.32946,
29.30729,
21.21759,
10.58979,
3.366936,
77.84904,
119.9014,
0,
2093, 
7.720254,
46.59377,
12.32993,
6.447256,
16.33618,
13.50864,
15.33497,
382.2443,
181.182,
4.887506,
56.95869,
5.228141,
2.601147,
5.067417,
4.730781,
9.872954,
18.5061,
137.9916,
5.92625,
95.66644,
29.05165,
21.06025,
10.45323,
3.338782,
77.96882,
122.1188,
0,
2094, 
7.680957,
46.20555,
12.21417,
6.393066,
16.17862,
13.3926,
15.25837,
390.1829,
184.5203,
4.843072,
56.54563,
5.115762,
2.547643,
5.029465,
4.71873,
9.818892,
18.35862,
136.7905,
5.849263,
94.02008,
28.79403,
20.90244,
10.31818,
3.310698,
78.0469,
124.1745,
0,
2095, 
7.641921,
45.8197,
12.0979,
6.337093,
16.02013,
13.27449,
15.17802,
397.6423,
187.6354,
4.797636,
56.13545,
5.00439,
2.494644,
4.990626,
4.705314,
9.764011,
18.21007,
135.5749,
5.773044,
92.39029,
28.53461,
20.74423,
10.18463,
3.282688,
78.08596,
126.0778,
0,
2096, 
7.601171,
45.42273,
11.97315,
6.280104,
15.86261,
13.15209,
15.08916,
405.8243,
190.9727,
4.750673,
55.70835,
4.895148,
2.441313,
4.950813,
4.691073,
9.707152,
18.05476,
134.3159,
5.699337,
90.79146,
28.27103,
20.57806,
10.0504,
3.25328,
78.11284,
128.1062,
0,
2097, 
7.560733,
45.02841,
11.84832,
6.221462,
15.70449,
13.02795,
14.99675,
413.4523,
194.0636,
4.702852,
55.28465,
4.7869,
2.388505,
4.910187,
4.675452,
9.649541,
17.8985,
133.0466,
5.62638,
89.20994,
28.00597,
20.41193,
9.917727,
3.223989,
78.10106,
129.9674,
0,
2098, 
7.520603,
44.63673,
11.72343,
6.161302,
15.5459,
12.90221,
14.9011,
420.5574,
196.921,
4.654256,
54.86433,
4.679638,
2.336217,
4.868805,
4.658539,
9.591239,
17.7414,
131.7682,
5.554166,
87.64558,
27.73961,
20.24587,
9.786606,
3.194818,
78.0532,
131.6715,
0,
2099, 
7.480785,
44.24771,
11.59854,
6.09975,
15.38696,
12.77503,
14.80249,
427.1691,
199.5573,
4.604964,
54.44739,
4.573361,
2.284445,
4.826723,
4.640416,
9.53231,
17.58356,
130.4815,
5.48269,
86.09824,
27.47211,
20.07997,
9.657019,
3.165773,
77.97166,
133.2279,
0,
2100, 
7.441278,
43.86136,
11.47369,
6.036925,
15.22779,
12.64652,
14.70117,
433.3151,
201.9843,
4.55505,
54.03381,
4.468062,
2.233185,
4.783993,
4.621161,
9.47281,
17.42509,
129.1877,
5.411948,
84.56779,
27.20362,
19.91426,
9.528949,
3.136859,
77.85867,
134.6456,
0];
