real main.em.ep.isp.StorResTot[28](t) = [1971, 
651.2369,
6604.991,
41.94051,
21.68291,
64.66883,
81.35007,
58.70497,
40.97526,
12.20252,
218.95,
4060.307,
799.2785,
47.57861,
640.905,
122.1064,
1847.442,
149.4442,
189.8886,
60.77783,
216.3926,
32.24162,
2.837605,
943.2897,
245.0532,
13.94651,
25.46591,
0,
17193.66,
1972, 
744.637,
6631.208,
46.71159,
24.33339,
71.01804,
87.03748,
59.48472,
44.37626,
13.13907,
237.6119,
4238.409,
838.2194,
55.47498,
678.7224,
129.7575,
1952.993,
168.7937,
199.1707,
65.41128,
238.6756,
36.8549,
3.30555,
1008.755,
242.9272,
13.98251,
36.44107,
0,
17867.45,
1973, 
825.9211,
7234.607,
50.53682,
27.06017,
82.3562,
96.96822,
60.9337,
49.41454,
13.33008,
252.2407,
4543.001,
877.1462,
56.01865,
717.5855,
139.2724,
2064.99,
201.7334,
206.1685,
74.02349,
259.8162,
42.83817,
4.062851,
1091.91,
276.8347,
16.24462,
40.20699,
0,
19305.22,
1974, 
855.0278,
7287.847,
63.70513,
28.16191,
91.73584,
104.3097,
65.16247,
49.51028,
12.88374,
268.9286,
4646.227,
924.671,
63.45838,
757.8705,
147.6661,
2189.078,
226.0139,
214.3614,
81.29707,
266.858,
45.8198,
4.701551,
1077.329,
296.6229,
18.27574,
52.1359,
0,
19839.66,
1975, 
832.879,
7505.809,
67.6571,
27.99587,
98.84338,
108.9904,
74.08849,
55.54467,
13.41312,
288.1518,
4621.517,
955.0681,
74.46786,
686.9661,
136.3999,
2010.917,
262.1818,
237.1325,
90.9325,
313.7075,
47.44991,
5.390836,
1101.129,
307.7761,
20.51248,
55.81456,
0,
20000.74,
1976, 
889.8115,
8015.422,
71.5661,
31.4319,
113.8847,
115.8422,
84.92515,
57.7207,
15.54887,
301.0788,
4938.443,
1014.336,
84.8592,
714.7104,
144.0066,
2098.867,
308.7818,
263.8485,
99.3846,
338.5187,
53.5877,
4.983721,
1177.607,
321.1169,
21.58652,
59.54584,
0,
21341.42,
1977, 
954.3799,
8282.792,
77.59449,
34.11692,
125.5693,
127.0592,
97.12928,
63.16286,
16.33413,
300.497,
5052.159,
1065.887,
94.1185,
736.1887,
145.9909,
2168.929,
390.7398,
274.5979,
108.7595,
376.778,
59.32033,
6.274504,
1227.154,
337.4519,
23.24031,
66.44181,
0,
22212.67,
1978, 
1023.145,
8507.955,
85.50405,
36.06147,
139.0221,
132.604,
109.3493,
61.00597,
17.16622,
313.0153,
5234.278,
1117.182,
99.46447,
760.0221,
151.0506,
2252.753,
438.9774,
302.9049,
120.551,
428.4806,
61.45207,
8.940822,
1283.93,
347.4325,
26.11012,
64.4874,
0,
23122.85,
1979, 
1072.103,
8676.475,
91.76173,
37.60487,
155.7374,
148.216,
122.2706,
70.39745,
17.61082,
328.6796,
5467.888,
1133.47,
101.5763,
778.1485,
154.8241,
2322.259,
510.4838,
307.4134,
130.5651,
478.5993,
67.20927,
10.87983,
1353.342,
364.1184,
29.24707,
69.32017,
0,
24000.2,
1980, 
1101.607,
8782.645,
96.24738,
37.95744,
178.7567,
158.1484,
136.702,
78.79382,
17.8173,
356.4955,
5509.998,
1174.648,
104.5998,
814.6544,
171.1573,
2452.729,
564.4309,
322.043,
136.5348,
478.2208,
71.76619,
14.1827,
1336.645,
381.4117,
30.67835,
62.50701,
0,
24571.38,
1981, 
1157.36,
8852.053,
105.1597,
39.3032,
171.9062,
164.7116,
155.1887,
77.08177,
18.83608,
407.8995,
5560.599,
1190.471,
109.4835,
834.1862,
176.3579,
2525.477,
669.3802,
354.3631,
147.4061,
486.2898,
76.31892,
14.4416,
1350.158,
406.3046,
32.82702,
62.60655,
0,
25146.17,
1982, 
1135.648,
8628.425,
110.338,
40.75468,
180.2364,
166.6334,
169.7959,
85.80704,
20.39075,
428.5305,
5554.578,
1205.372,
119.326,
852.0763,
182.2949,
2594.714,
792.1186,
377.2493,
155.4549,
519.988,
81.92287,
17.65604,
1336.655,
413.1911,
35.22287,
62.97034,
0,
25267.35,
1983, 
1186.266,
8815.09,
109.433,
43.25285,
185.7811,
175.4927,
187.3287,
79.80667,
21.70652,
436.555,
5683.207,
1259.939,
124.6894,
875.9349,
190.4899,
2684.072,
807.9221,
404.4749,
169.299,
561.6528,
89.51543,
20.80801,
1411.733,
423.6693,
39.16117,
62.34211,
0,
26049.62,
1984, 
1278.638,
9209.774,
118.5255,
44.48023,
207.6825,
180.7557,
206.7811,
74.1066,
21.73526,
483.2516,
5888.08,
1320.724,
140.5345,
910.5302,
199.8992,
2806.782,
868.0338,
449.4271,
182.3364,
585.9623,
96.56921,
24.45279,
1486.61,
452.7448,
44.18002,
61.58245,
0,
27344.18,
1985, 
1355.693,
9372.041,
106.3372,
43.7992,
225.1187,
183.6998,
222.0177,
89.46816,
23.28952,
499.9934,
6105.217,
1312.017,
153.3959,
933.4692,
205.4342,
2897.249,
927.5528,
492.3447,
196.3083,
628.1705,
102.0422,
25.43922,
1544.907,
486.2853,
47.70459,
64.22616,
0,
28243.22,
1986, 
1386.426,
9361.081,
119.0866,
46.72967,
237.6855,
207.4443,
219.3359,
93.85188,
24.71867,
513.5912,
6201.109,
1368.609,
175.7908,
954.1505,
210.965,
2967.459,
1007.934,
536.5359,
211.8656,
689.5829,
105.8398,
35.85666,
1567.756,
502.588,
52.75379,
65.88123,
0,
28864.63,
1987, 
1476.968,
9528.403,
128.0388,
49.45161,
242.0143,
223.6007,
234.719,
97.85756,
26.67838,
525.8512,
6402.211,
1391.612,
196.3752,
990.6068,
216.615,
3073.492,
1029.221,
581.5474,
235.3629,
759.5272,
114.2707,
41.58177,
1672.054,
529.7191,
58.37945,
64.36258,
0,
29890.52,
1988, 
1509.95,
9919.262,
130.525,
49.84328,
251.1322,
225.6316,
255.9764,
102.7333,
28.39051,
545.7333,
6682.385,
1372.373,
206.0417,
1021.24,
220.3939,
3156.114,
1185.523,
641.0252,
266.2147,
879.6588,
125.4719,
43.90947,
1768.146,
554.4962,
66.99961,
71.30025,
0,
31280.47,
1989, 
1475.914,
10820.16,
138.2908,
53.25928,
267.1361,
225.6743,
268.0397,
107.2771,
30.03333,
558.0307,
6894.717,
1394.857,
222.2594,
1040.109,
219.3476,
3214.561,
1208.121,
701.3859,
290.1573,
914.8713,
137.5858,
48.46827,
1881.252,
594.6966,
69.87788,
68.53247,
0,
32844.61,
1990, 
1427.357,
11025.34,
142.7583,
53.80131,
253.7798,
240.4059,
277.8244,
109.129,
34.55653,
567.2029,
7043.117,
1289.666,
244.1815,
1120.018,
281.928,
3070.805,
1293.472,
755.4017,
311.5058,
962.944,
151.1432,
57.48057,
2053.721,
611.8851,
76.03902,
76.86893,
0,
33532.34,
1991, 
1510.384,
11120.14,
147.4419,
52.33657,
270.6312,
245.7945,
292.9405,
111.5222,
36.79774,
568.4327,
7199.921,
1219.548,
248.8264,
1031.98,
273.4038,
2998.51,
1432.391,
824.7158,
328.2315,
1035.03,
162.8412,
65.06107,
2121.651,
627.9962,
81.54908,
85.1337,
0,
34093.21,
1992, 
1545.045,
11321.52,
151.1634,
55.22162,
276.6432,
254.5861,
309.8376,
115.8388,
38.21266,
582.9551,
7246.67,
1118.398,
279.0479,
870.572,
257.5697,
2821.05,
1522.594,
862.7933,
348.8233,
1138.554,
175.9079,
71.05931,
2146.359,
640.125,
89.56975,
73.45134,
0,
34313.57,
1993, 
1597.931,
11593.34,
152.0144,
56.39233,
287.9933,
269.297,
335.1287,
116.2947,
39.63272,
607.2301,
7257.623,
1071.307,
309.2185,
787.1887,
211.635,
2731.901,
1566.276,
910.4402,
386.2646,
1255.962,
193.4531,
79.28297,
2169.891,
661.0596,
93.46239,
75.6136,
0,
34815.83,
1994, 
1685.683,
11888.86,
163.5982,
60.4744,
290.4747,
286.8146,
358.0262,
116.4305,
40.47187,
628.0191,
7402.773,
1077.822,
324.8906,
714.1182,
192.0103,
2471.344,
1663.132,
977.4025,
433.2654,
1357.149,
218.2312,
88.04465,
2269.734,
681.9576,
98.24968,
73.59853,
0,
35562.57,
1995, 
1704.336,
12229.44,
167.0519,
63.78581,
312.9887,
301.7265,
378.6843,
123.1498,
44.19875,
636.122,
7596.07,
1136.986,
361.6509,
759.1432,
194.6315,
2434.506,
1743.089,
1060.911,
483.0837,
1462.139,
241.6886,
102.0402,
2306.497,
701.1691,
104.4523,
75.26534,
0,
36724.81,
1996, 
1754.901,
12522.52,
159.0367,
67.1396,
329.0058,
316.3797,
427.9023,
128.3171,
46.24429,
664.3036,
7712.746,
1205.967,
391.1598,
760.1897,
188.546,
2371.81,
1813.764,
1120.467,
535.2939,
1561.251,
263.4646,
118.2315,
2372.043,
715.9191,
109.473,
67.37029,
0,
37723.44,
1997, 
1781.288,
12821.57,
171.1823,
72.61135,
344.7689,
341.0797,
460.4698,
128.8508,
49.83557,
688.959,
7862.302,
1214.281,
426.4474,
751.829,
177.7301,
2339.915,
1960.753,
1181.959,
585.1481,
1636.968,
282.0399,
124.7698,
2425.943,
739.4365,
113.6495,
70.64658,
0,
38754.43,
1998, 
1760.23,
13122.39,
184.5928,
77.87839,
354.0865,
358.9846,
491.0464,
125.8451,
51.23942,
679.6066,
8033.94,
1230.296,
452.6433,
720.3101,
169.9744,
2321.749,
2212.97,
1263.06,
573.4381,
1697.897,
278.2225,
123.4846,
2430.403,
783.0499,
117.7968,
92.27573,
0,
39707.41,
1999, 
1794.243,
13317.98,
195.2554,
83.9697,
366.9889,
359.9636,
519.8073,
132.108,
52.73231,
678.1208,
8117.854,
1208.307,
466.8963,
683.1623,
167.4936,
2355.25,
2123.765,
1360.055,
638.2057,
1790.25,
297.6959,
138.041,
2465.817,
823.5579,
117.6654,
99.77952,
0,
40354.96,
2000, 
1848.55,
13914.59,
207.9905,
85.94738,
381.4509,
379.5601,
552.8806,
136.4228,
54.68823,
710.4053,
8148.363,
1258.775,
501.0185,
716.09,
176.0128,
2442.244,
2142.97,
1433.326,
755.3405,
2030.498,
323.2202,
146.4923,
2566.85,
846.3586,
128.3388,
108.6883,
0,
41997.07,
2001, 
1803.44,
13231.55,
214.9957,
88.31871,
375.0468,
378.9935,
584.1511,
145.0487,
57.31823,
687.1694,
8122.656,
1301.101,
485.4156,
762.7315,
188.2738,
2488.334,
2242.98,
1489.093,
806.5209,
2195.883,
343.3563,
156.3697,
2539.784,
896.8417,
144.0213,
122.4622,
0,
41851.85,
2002, 
1827.467,
13574.13,
218.379,
92.0146,
397.9768,
375.7587,
610.2657,
154.0524,
57.51571,
744.0963,
7943.313,
1337.305,
515.3466,
756.5801,
191.7028,
2493.61,
2321.89,
1532.396,
861.871,
2444.145,
364.1025,
171.5579,
2588.681,
895.7868,
151.9387,
130.5799,
0,
42752.46,
2003, 
1772.163,
13680.96,
268.4534,
94.07008,
414.1069,
394.9879,
640.4783,
152.1253,
61.0137,
778.9775,
7858.459,
1381.403,
561.5455,
786.1816,
202.9489,
2566.477,
2443.784,
1629.187,
899.3387,
2795.3,
393.7483,
180.3288,
2600.151,
852.0424,
161.387,
125.2393,
0,
43694.86,
2004, 
1796.613,
14059.66,
268.3017,
94.70131,
443.9081,
421.7427,
676.6663,
167.9915,
66.21443,
805.2223,
7777.273,
1437.555,
598.8754,
823.1077,
210.4081,
2608.484,
2595.813,
1737.063,
948.3896,
3197.143,
420.5878,
191.3708,
2678.37,
871.8858,
174.4034,
134.6947,
0,
45206.45,
2005, 
1749.606,
14015.74,
281.7292,
99.65261,
457.8737,
437.502,
690.0867,
178.2162,
71.52491,
815.5253,
7685.811,
1453.079,
641.9908,
807.2441,
217.5118,
2800.658,
2582.963,
1858.119,
1009.675,
3610.658,
453.7781,
201.3246,
2748.664,
865.118,
187.7622,
145.621,
0,
46067.44,
2006, 
1704.699,
13810.35,
289.2707,
105.4495,
478.9207,
461.7652,
728.0306,
188.6852,
76.38417,
854.651,
7539.523,
1487.491,
691.5331,
845.8616,
223.3633,
2927.124,
2722.377,
2016.156,
1042.839,
4148.028,
480.3183,
206.6074,
2795.048,
855.1121,
198.715,
148.877,
0,
47027.18,
2007, 
1794.388,
13759.76,
300.3479,
108.3307,
507.651,
472.3579,
805.3737,
199.2129,
83.39234,
875.7504,
7293.006,
1498.804,
752.9072,
838.6769,
232.521,
3009.94,
2916.513,
2168.319,
1102.548,
4785.683,
509.2574,
217.5646,
2882.174,
850.9659,
205.5235,
152.5574,
0,
48323.52,
2008, 
1766.016,
13158.39,
304.4862,
106.534,
528.8483,
503.7356,
838.7097,
203.3168,
83.7369,
872.0833,
7262.903,
1508.128,
757.6337,
808.5128,
216.7472,
3097.013,
3029.404,
2093.026,
1181.727,
5303.71,
522.4127,
223.5188,
2788.087,
832.4181,
214.2368,
155.2335,
0,
48360.57,
2009, 
1647.088,
12116.37,
301.656,
106.3474,
534.4059,
509.1786,
954.5749,
212.0234,
94.23324,
851.0093,
6749.577,
1458.208,
741.8168,
702.6421,
217.7013,
2954.123,
3334.302,
2254.28,
1244.109,
6164.473,
549.2197,
228.6186,
2793.533,
815.0767,
223.6849,
168.5611,
0,
47926.81,
2010, 
1604.125,
12150.66,
319.8267,
111.1151,
593.7808,
505.4258,
1041.322,
227.7788,
109.5468,
886.7789,
7217.999,
1554.985,
796.4125,
732.9775,
218.5816,
3081.426,
3461.799,
2425.565,
1351.377,
7562.643,
600.4163,
246.9547,
2938.077,
840.9271,
231.5496,
178.4168,
0,
50990.46,
2011, 
1649.863,
11327.32,
354.5378,
116.3585,
614.9431,
522.4327,
1072.908,
236.7842,
129.4103,
896.2969,
7485.879,
1548.458,
862.1578,
748.4028,
233.2961,
3108.737,
3592.632,
2701.932,
1409.426,
9398.301,
631.658,
262.5805,
3005.729,
858.984,
247.6244,
182.4133,
0,
53199.06,
2012, 
1578.496,
10939.19,
375.9228,
120.3426,
648.6278,
557.905,
1141.091,
243.8627,
145.5802,
891.9841,
7953.273,
1499.453,
925.7293,
758.0561,
245.4287,
3145.738,
3814.178,
2855.446,
1464.118,
11013.78,
707.0294,
275.2391,
3219.075,
886.1549,
268.2195,
187.4866,
0,
55861.4,
2013, 
1497.609,
10667.27,
359.6948,
126.5641,
676.0291,
599.9102,
1205.8,
274.7538,
160.2131,
933.2416,
7712.849,
1518.392,
942.1267,
745.6554,
258.5539,
3129.794,
4064.886,
3070.955,
1538.044,
13278.78,
798.0768,
303.6713,
4017.736,
910.1026,
304.9774,
198.0829,
0,
59293.77,
2014, 
1489.661,
10595.21,
379.4416,
131.5652,
719.087,
604.2392,
1279.803,
292.4215,
183.7542,
1083.35,
7799.476,
1489.362,
994.6637,
702.8876,
239.0822,
3148.938,
4432.24,
3484.224,
1651.694,
16029.85,
922.7451,
327.0864,
5114.165,
894.1713,
335.6542,
225.2307,
0,
64550,
2015, 
1517.573,
10839.41,
395.2345,
143.5397,
737.3427,
648.294,
1452.496,
322.2387,
210.1257,
1168.058,
7152.333,
1441.839,
1076.667,
647.0505,
248.4918,
3158.718,
5001.468,
3861.104,
1824.726,
19968.95,
1036.42,
348.8211,
6533.252,
930.0104,
361.8084,
237.3477,
0,
71263.31,
2016, 
1482.267,
10678.25,
419.2072,
147.6854,
763.4019,
655.0432,
1611.332,
335.1463,
225.0048,
1329.915,
7472.822,
1452.93,
1219.119,
646.7049,
265.254,
3192.375,
5562.261,
4395.01,
1989.825,
24219.84,
1244.276,
377.3511,
7895.028,
976.1684,
428.7661,
232.2473,
0,
79217.23,
2017, 
1537.725,
10881.11,
426.2457,
146.7611,
813.9512,
655.7948,
1683.878,
364.4622,
243.3088,
1559.549,
7964.873,
1426.776,
1852.987,
663.3296,
283.9748,
3214.039,
5712.617,
5052.067,
2217.518,
30270.5,
1344.664,
402.2858,
9226.695,
1026.938,
492.2705,
251.5738,
0,
89715.9,
2018, 
1491.737,
11346.02,
455.8842,
155.0415,
850.7906,
664.2593,
1975.505,
411.1708,
298.222,
1896.163,
8541.917,
1615.506,
2316.844,
733.2996,
306.379,
3310.11,
5805.041,
5963.545,
2583.664,
36770.51,
1494.307,
469.4984,
10463.56,
1174.998,
542.9574,
283.9579,
0,
101920.9,
2019, 
1543.883,
11482.16,
449.9,
161.4122,
911.2295,
630.356,
2211.048,
448.2125,
342.4328,
1999.655,
9646.259,
1570.405,
2585.633,
938.7593,
352.8196,
3412.928,
7077.341,
6639.503,
3108.27,
42393.73,
2065.856,
515.7454,
11679.73,
1369.456,
577.338,
330.7079,
0,
114444.8,
2020, 
1505.745,
10924.12,
467.9274,
152.2885,
898.6226,
624.3764,
2266.69,
482.4839,
365.084,
2184.832,
10888.59,
1625.589,
2825.686,
1011.708,
396.1818,
3332.947,
7858.5,
6955.896,
3666.683,
51908.09,
3074.726,
519.7651,
13257.37,
1596.806,
609.2781,
342.49,
0,
129742.5,
2021, 
1554.005,
11830.61,
494.7216,
166.4276,
1020.663,
702.2451,
2400.757,
532.3724,
411.2498,
2328.066,
11484.25,
2049.09,
3434.546,
1065.747,
454.3308,
3462.132,
8615.559,
7912.099,
4400.999,
63036.18,
3794.981,
560.8455,
14682.09,
1947.898,
701.3959,
371.0584,
0,
149414.3,
2022, 
1567.772,
12522.76,
535.4438,
177.101,
1139.721,
703.9991,
2472.446,
629.6029,
478.6993,
2354.363,
13369.22,
2497.279,
4170.302,
951.2281,
508.9189,
3325.933,
10382.77,
9149.512,
4812.413,
72858.58,
4030.409,
612.4813,
15653.2,
2257.278,
813.9571,
476.2636,
0,
168451.6,
2023, 
1488.687,
14053.9,
558.9065,
184.8185,
1317.772,
722.6165,
2741.067,
739.786,
506.9711,
2348.251,
15680.89,
2711.415,
5010.055,
970.738,
572.6814,
3394.216,
12075.33,
10179.09,
5275.945,
98583.58,
4184.071,
674.431,
16418.11,
2725.982,
861.9894,
509.7621,
0,
204491.1,
2024, 
1386.78,
16684.12,
618.1196,
191.9305,
1422.317,
748.0234,
3213.655,
818.5165,
539.3428,
2548.145,
17367.31,
2701.569,
4981.038,
999.0883,
744.6377,
3379.502,
22898.21,
11968.53,
6064.125,
103604,
4269.176,
1493.177,
18743.85,
3087.336,
896.6211,
541.0188,
0,
231910.1,
2025, 
1331.043,
20534.82,
642.2964,
198.4044,
1494.056,
767.8815,
4897.424,
896.196,
589.3657,
2556.009,
18787.98,
2802.389,
4975.637,
1445.971,
863.9454,
3370.966,
32887.09,
14502.71,
7162.65,
116841.5,
4378.938,
2592.708,
20109.93,
3408.235,
1004.819,
578.9716,
0,
269621.9,
2026, 
1274.052,
20274.81,
665.8706,
209.252,
1520.146,
787.329,
4573.267,
811.978,
601.3076,
2199.379,
19859.49,
3068.279,
5469.449,
1450.541,
1084.696,
3465.087,
28807.92,
14925.48,
7171.808,
130821.8,
4734.11,
2731.616,
20546.01,
3632.365,
1088.617,
591.321,
0,
282366,
2027, 
1283.709,
21679.9,
703.7817,
222.2706,
1545.404,
816.2279,
5834.631,
767.612,
674.2314,
1931.615,
20429.58,
3453.376,
6421.297,
1547.893,
1511.88,
3565.937,
32695.98,
18676.28,
8071.072,
144493.1,
6314.872,
3639.51,
22608.82,
3980.685,
1246.219,
673.5906,
0,
314789.5,
2028, 
1367.199,
24723.28,
843.6523,
236.9475,
1572.806,
847.7631,
6977.443,
1102.09,
874.2805,
2022.763,
22066.6,
4396.014,
7662.74,
1777.045,
1940.248,
3628.063,
38625.49,
22808.12,
9597.536,
167050.9,
8333.045,
5210.487,
23786.56,
4559.87,
2244.5,
737.25,
0,
364992.7,
2029, 
1496.346,
27324.53,
1164.904,
254.2922,
1600.108,
879.7665,
8057.367,
1098.764,
1251.803,
2163.662,
23162.64,
4914.548,
8121.815,
1917.993,
2308.964,
3659.742,
40718.93,
27058.93,
10615.03,
189965.6,
10387.27,
7119.1,
23685.27,
4997.8,
3404.688,
764.7269,
0,
408094.6,
2030, 
1488.174,
29195.96,
1406.555,
277.1606,
1637.346,
923.9097,
8181.813,
1070.914,
1826.392,
2250.9,
23650.87,
5048.172,
7679.97,
2077.464,
2650.108,
3696.558,
38396.6,
30573.88,
10970.53,
212337,
12965,
9336.847,
23745.75,
5418.381,
4093.891,
764.8472,
0,
441665,
2031, 
1523.514,
30580.7,
1584.408,
301.3189,
1758.607,
970.6693,
6920.813,
1108.753,
2311.59,
2246.276,
24387.5,
5175.335,
6857.702,
2086.525,
2961.973,
3694.346,
35623.16,
33910.88,
11077.66,
222968.7,
15639.29,
11928.55,
23891.01,
5789.576,
4988.058,
753.7295,
0,
461040.6,
2032, 
1684.581,
32398.14,
1927.929,
371.5367,
1922.592,
1028.053,
6444.55,
1305.14,
2480.835,
2186.968,
24984.76,
5271.116,
6030.317,
2116.063,
3175.983,
3696.425,
32469.18,
37473.05,
11274.32,
274362.7,
18292.49,
14645.65,
24230.66,
6207.817,
6107.34,
710.0189,
0,
522798.2,
2033, 
1905.169,
33511.15,
1939.425,
472.387,
2236.825,
1222.139,
6489.152,
1533.008,
2880.91,
1804.791,
25183.08,
5360.288,
4743.877,
2132.423,
3317.184,
3680.086,
28658.74,
41219.46,
11553.24,
276454.7,
19655.64,
17704.06,
24548.31,
6101.62,
7342.225,
630.9655,
0,
532280.9,
2034, 
2176.361,
35456.53,
1953.808,
696.9547,
2499.628,
1635.86,
6036.099,
2053.417,
3444.598,
1400.808,
25174.31,
5433.964,
3653.524,
2163.651,
3459.738,
3683.878,
24982.96,
43919.59,
11920.23,
279154.4,
20933.92,
20827.61,
24587.89,
5982.946,
8545.439,
521.1478,
0,
542299.3,
2035, 
2480.129,
38765.13,
1978.98,
1071.852,
2777.084,
2350.192,
5308.643,
2918.082,
4092.299,
1039.761,
24881.54,
5513.235,
2702.315,
2202.99,
3620.268,
3696.589,
21088.25,
44361.7,
12332.68,
279244.1,
22116.4,
20841.14,
24462.84,
5869.648,
9863.376,
392.4237,
0,
545971.6,
2036, 
2859.291,
42364.29,
2005.174,
1674.226,
3085.326,
3995.145,
6043.966,
3376.071,
5164.665,
995.5417,
24974.32,
5597.299,
2756.471,
2246.877,
3771.097,
3703.658,
22891.06,
45089.79,
12706.69,
278770.1,
23045.58,
21040.63,
24228.98,
5764.268,
11195.13,
401.527,
0,
559747.2,
2037, 
3260.027,
46020.84,
2045.407,
2466.043,
3478.313,
6771.157,
6681.354,
3848.803,
6982.372,
946.0374,
25105.51,
5656.752,
2823.839,
2295.33,
3911.373,
3724.339,
25422.26,
45886.55,
13027.5,
277096.4,
23915.91,
21280.95,
23920.9,
5669.387,
12545.41,
387.7102,
0,
575170.5,
2038, 
3739.98,
51963.98,
2101.204,
4584.391,
4022.621,
15401.7,
7182.436,
4319.417,
9053.885,
888.8923,
25403.82,
5733.791,
2926.199,
2346.511,
4048.313,
3746.849,
28945.09,
46769.07,
13042.89,
275138.4,
24887.08,
21675.17,
23578.66,
5557.079,
13789,
357.4142,
0,
601203.9,
2039, 
4297.957,
56979.77,
2206.71,
8107.899,
4761.271,
35582.72,
7572.896,
4774.641,
11774.92,
835.8627,
25474.61,
5802.497,
3198.874,
2380.261,
4181.949,
3772.44,
33412.48,
47613.47,
12897.24,
272544.2,
25834.38,
22044.7,
23138.41,
5628.948,
14922.29,
330.2513,
0,
640071.6,
2040, 
5070.267,
63516.48,
2340.414,
12727.1,
5627.717,
66888,
7868.7,
5209.413,
15718.55,
777.4436,
25426.33,
5886.708,
3606.148,
2404.367,
4296.864,
3821.502,
38721.52,
48517.07,
12595.54,
268811.4,
26812.93,
22457.77,
22614.96,
5869.418,
15955.54,
307.8182,
0,
693849.9,
2041, 
6554.665,
69315.43,
2496.777,
18010.52,
6390.78,
97241.22,
8174.351,
5631.591,
20587.44,
713.6981,
25396.07,
5974.321,
4166.787,
2439.171,
4389.347,
3907.771,
43006.3,
49743.64,
12244.7,
263924.9,
27945.34,
22943.11,
22045.21,
6367.375,
17434.77,
287.9922,
0,
747333.3,
2042, 
8918.304,
76071.54,
2668.751,
27155.16,
7368.835,
125319.5,
8511.472,
6035.555,
27558.52,
654.858,
25357.18,
6042.286,
4967.237,
2474.472,
4489.689,
4015.8,
47880.72,
51242.05,
11867.82,
256263.4,
29267.32,
23468.28,
21867.68,
6937.367,
20078.36,
274.6663,
0,
806756.8,
2043, 
11983.42,
84046.14,
2875.291,
37724.6,
8590.196,
147467.7,
8895.204,
6446.288,
37163.96,
604.0922,
25274.26,
6061.838,
5708.684,
2510.877,
4634.649,
4119.388,
53421.68,
52869.17,
11468.2,
246116.6,
30962.09,
23907.19,
21521.97,
8174.899,
22997.13,
268.772,
0,
865814.4,
2044, 
16167.18,
91894.9,
3058.664,
50921.45,
9490.598,
169861.5,
9353.518,
6872.44,
54305.68,
562.5649,
25169.28,
6097.275,
6572.738,
2538.127,
4890.688,
4233.991,
60041.61,
54871.37,
11053.93,
237307.1,
32945.07,
24194.01,
20911.57,
9301.503,
26194.06,
272.4482,
0,
939083.3,
2045, 
24125.6,
103976.8,
3239.475,
65282.18,
10514.13,
184447.7,
9887.271,
7320.792,
69931.85,
525.6467,
25045.81,
6102.536,
7635.22,
2542.057,
5299.741,
4370.146,
66744.21,
57480.1,
10637.63,
232814.7,
35221.38,
24383.66,
20211.3,
11126.5,
29989.34,
288.6481,
0,
1019144,
2046, 
36559.64,
118854.1,
3254.762,
79964.55,
11129.21,
208697.8,
10543.23,
7830.268,
85642.86,
488.2116,
24903.79,
6080.01,
8822.373,
2546.957,
5904.542,
4508.355,
84850.53,
60609,
10330.99,
229241.6,
38224.36,
24548.04,
19767.55,
12795.65,
34363.38,
315.7243,
0,
1130778,
2047, 
49458.96,
133427.8,
3292.024,
94184.05,
11873.85,
248986.2,
11300.5,
8378.213,
99621.23,
456.1252,
25334.45,
6013.208,
10205.94,
2536.463,
6677.083,
4616.457,
113889.6,
64208.28,
10077.92,
230369,
42030.61,
24689.77,
19594.43,
15288.49,
39633.38,
360.3622,
0,
1276504,
2048, 
63115.14,
142102.6,
3229.728,
109510,
12591.25,
292317.9,
12165.38,
8968.925,
114758,
421.3642,
25704.04,
5856.708,
11779.76,
2518.282,
7506.249,
4727.505,
146401.2,
68006.42,
10128.24,
232493.2,
46752.18,
24702.94,
19748.53,
17455.2,
45947.1,
429.7647,
0,
1429338,
2049, 
77644.43,
150042,
3143.085,
128554.7,
13428.99,
346028.1,
13128.99,
9615.51,
131378.8,
382.27,
26404.35,
5649.17,
13654.97,
2489.699,
8291.609,
4845.188,
168984.9,
72457.57,
10175.81,
242021.3,
52420.59,
24593.63,
20048.86,
20023.49,
53372.02,
530.1185,
0,
1599310,
2050, 
92017.95,
146619.1,
3027.259,
148175.3,
14842.71,
426052.9,
14185.28,
10343.46,
150903.8,
335.2071,
26663.77,
5398.831,
15911.1,
2464.773,
9117.607,
4968.453,
203729,
77941.05,
10144.53,
244662.8,
58897.16,
24480.13,
20458.25,
21365.01,
63187.66,
690.1257,
0,
1796583,
2051, 
91461.24,
144894.1,
2919.48,
167065.8,
16942.25,
496195.7,
15323.95,
11137.64,
168290.4,
284.4239,
26803.47,
5132.003,
17984.02,
2439.521,
9821.981,
5125.8,
240208.4,
84290.49,
10109.43,
245814.6,
67035.3,
24180.21,
21184.46,
22922.12,
75225.17,
919.3298,
0,
1973711,
2052, 
115641.7,
145707,
2805.588,
186218.3,
19583.32,
562099.1,
16548.92,
11978.97,
183773.3,
255.8911,
27083.68,
4944.969,
20235.08,
2401.53,
10434.16,
5310.118,
310921.8,
91465.34,
10161.35,
240484.6,
76921.12,
23707.38,
22225.5,
23888,
88503.51,
1252.51,
0,
2204553,
2053, 
119734.4,
146810.1,
2745.404,
203131.3,
22826.25,
619560.4,
17739.45,
12886.95,
209349.4,
244.8864,
27513.92,
4767.117,
22657.81,
2369.738,
11135.88,
5538.648,
395396.1,
100224.3,
10210.9,
235198.2,
88095.4,
22973.26,
22572.48,
25344.63,
104019,
1618.878,
0,
2434665,
2054, 
133628.6,
152513.9,
2765.683,
223960.5,
26688.98,
673232.6,
18994.74,
15448.28,
236330.3,
230.8189,
28240.58,
4595.013,
25305.51,
2328.394,
12040.22,
5841.95,
495196.4,
110545.5,
10243.91,
228300.7,
100913.1,
22145.2,
22735.07,
28558.78,
123721.6,
2030.001,
0,
2706537,
2055, 
146840.8,
167157,
2896.885,
235872.2,
31474.95,
693892.3,
20313.85,
18802.6,
258262.1,
218.2024,
28815.46,
4417.05,
28059.07,
2292.052,
13306.25,
6255.958,
599092,
121792.5,
10338.82,
226139.7,
115044.8,
21410,
23110.84,
32575.01,
143411.1,
2480.53,
0,
2954272,
2056, 
163528.6,
187406.2,
3168.983,
241852.4,
38016.74,
713475.1,
21760.52,
22501.31,
278817.8,
208.699,
29297.04,
4249.434,
36160.95,
2281.196,
15102.42,
6823.771,
710384.3,
133435.7,
10533.42,
224950.8,
130268.5,
21166.34,
23736.25,
37618.92,
164492.8,
2967.6,
0,
3224206,
2057, 
178541.4,
207333.6,
3487.808,
246047.1,
49408.98,
717571.8,
23309.17,
26753.65,
296496.8,
203.4786,
29762.07,
4243.761,
46801.32,
2268.762,
16621.01,
7535.284,
832110.1,
146531.5,
10706.69,
226016.6,
144421.8,
22897.61,
24274.89,
43649.66,
186152.1,
3500.384,
0,
3496647,
2058, 
194975.3,
228593.8,
4016.097,
249027.2,
62815.5,
698259.6,
25050.18,
30817.1,
311455,
202.6879,
29972.09,
4303.665,
59102.63,
2248.149,
19407.23,
8421.108,
948556.6,
158888.3,
10932.86,
238266.1,
157895,
25039.83,
24828.99,
51133.21,
208110.1,
4101.639,
0,
3756420,
2059, 
210613.7,
253352.7,
4660.485,
245289,
77607.77,
696526.3,
26924.93,
34931.08,
319970.2,
216.9162,
30251.92,
4454.751,
73579.61,
2242.332,
22802.32,
9623.177,
1040130,
175325,
11277.93,
266685.4,
171099.3,
27620.87,
25309.17,
58396.68,
232262,
4553.111,
0,
4025707,
2060, 
221661.3,
263871,
5519.973,
241170.8,
94398.02,
677046.1,
28890.82,
39142.4,
331052.9,
255.3704,
30604.58,
4663.324,
89043.45,
2240.397,
26814.27,
11018.22,
1131988,
194915.3,
11719.18,
299539.1,
183407.3,
30785.57,
25754.66,
66866.01,
255533.2,
5063.578,
0,
4272965,
2061, 
224271.4,
272747.3,
6556.306,
235351.4,
108999.3,
643711.6,
29793.7,
43712.44,
340847.6,
314.2027,
31152.97,
4884.308,
114314.1,
2248.55,
31566.69,
12599.6,
1215837,
212912.3,
12187.76,
338459.9,
194711,
34396.21,
26134.5,
75445.8,
278271.5,
5619.352,
0,
4497047,
2062, 
223758.5,
277113.1,
7787.349,
226416.4,
123793.2,
605271.4,
31583.93,
47793.55,
353002.3,
390.6739,
31786.52,
5160.903,
143905.3,
2251.211,
37600.1,
14593.96,
1289505,
232231.3,
12730.44,
380030.8,
205473.8,
37457.76,
26391.54,
84328.39,
303667.4,
6181.333,
0,
4710206,
2063, 
216612.1,
284401.3,
9224.619,
216657.4,
139065.6,
567030.8,
33317.71,
60313.08,
366802.7,
501.2012,
32485.78,
5522.867,
170763,
2257.811,
45136.29,
17141.44,
1363016,
251568.9,
13267.71,
406332.9,
215261.5,
40805.67,
26634.28,
93340.69,
331134.8,
6745.845,
0,
4915343,
2064, 
204535.6,
292549.8,
10837.54,
206770.8,
150344.3,
531843.7,
35138.56,
80097.62,
383474.8,
641.1782,
33041.92,
6013.725,
193941,
2263.257,
54473.22,
19759.09,
1420370,
272558.4,
13536.96,
434761.8,
223715.8,
44433.07,
26794.25,
102780.9,
371472.1,
7314.677,
0,
5123464,
2065, 
188924.5,
296320.3,
13971.98,
199640,
156972.1,
495021.4,
37118.11,
100791.3,
403050,
828.0884,
33558.75,
6326.924,
213924.8,
2268.129,
65144.47,
22252.82,
1463335,
293268.1,
13713.83,
462027.3,
227901.2,
48356.42,
26883.15,
110013.6,
408608,
7894.411,
0,
5298114,
2066, 
171997,
296716.6,
19257.31,
192436.7,
167451.7,
470387.3,
39184.56,
128247.3,
422187.9,
1062.994,
34083.73,
6623.786,
230350.6,
2277.101,
79212.24,
24134.78,
1509113,
312385.5,
14000.14,
489105.6,
236048.7,
52130.68,
26899.89,
119532.1,
441595.1,
8512.413,
0,
5494935,
2067, 
154508.8,
295269.5,
25620.87,
186518.4,
171257.3,
428988.5,
41332.2,
163598,
444117.9,
1371.663,
34318.31,
6927.329,
241132.4,
2282.957,
99611.74,
24304.88,
1561416,
333514.9,
14232.43,
519658.9,
237994.3,
55743.04,
26809.4,
125358.6,
474925.6,
9144.434,
0,
5679959,
2068, 
136716,
293106.3,
32588.12,
181944.7,
176994.3,
392579.2,
43565.94,
210195.7,
475179,
1753.112,
34419.32,
7220.143,
252541.8,
2291.073,
131073.4,
24427.21,
1604826,
354000.5,
14488.78,
549956.9,
244769.9,
60168.46,
26577.25,
131207.8,
504342.8,
9781.19,
0,
5896715,
2069, 
116480.6,
289646.7,
40836.98,
178331.1,
185580.2,
359690.6,
45785.62,
260038.1,
512167.7,
2240.804,
34728.07,
7496.865,
257951.6,
2303.101,
168911.2,
24525.49,
1643746,
372906.7,
14562.85,
578171,
244862.2,
64514.93,
26291.54,
135752.3,
529677.6,
10407.22,
0,
6107608,
2070, 
106017.5,
287398.2,
50470.44,
174588.8,
197832.1,
328730.6,
48003.79,
300109.1,
563773.1,
2792.926,
34916.06,
7750.413,
261889.4,
2317.941,
209176,
24717.45,
1667764,
390372.3,
14532.16,
613248.6,
249863.5,
68966.78,
25927.78,
139826.2,
550541.5,
11497.75,
0,
6333025,
2071, 
85937.1,
290374.3,
61622.23,
171700,
213407.1,
308679.7,
49995.01,
317990.1,
610687.3,
3450.847,
35065.26,
7896.963,
263850.5,
2338.778,
249125.2,
24940.14,
1722114,
405273.1,
14329.81,
638331.8,
248126.7,
73591.34,
25508.67,
143441.1,
562598.8,
13976.59,
0,
6544353,
2072, 
79166.09,
295486.2,
73509.59,
168036.5,
237609.3,
290369.7,
52154.8,
328540.1,
666726.3,
3917.551,
35491.88,
7931.817,
264333.2,
2364.613,
290979.7,
25173.31,
1754785,
416747.9,
14173.43,
665300.8,
251742.3,
77760.73,
24985.5,
146429.8,
567258.9,
17274.42,
0,
6758250,
2073, 
70875.29,
306089.1,
98446.17,
160600.4,
282137.3,
270673.5,
56062.62,
357631.7,
737946.1,
4214.01,
35979.35,
7926.883,
261083,
2539.074,
325730.9,
25494.4,
1789760,
425537.1,
13890.13,
687684.1,
247646.8,
81967.38,
24520.16,
150757.3,
566736.4,
21623.17,
0,
7013553,
2074, 
63848.04,
318864.9,
128668.1,
148702.3,
351367.8,
248900.8,
59821.09,
372448.1,
811476.3,
4485.294,
36615.23,
7869.962,
255790.7,
2686.987,
362165.2,
25868.49,
1815229,
429479,
13699.45,
710137.6,
245353,
86071.21,
24060.36,
155798.3,
561814.3,
27531.81,
0,
7268753,
2075, 
58304.96,
332692.8,
158250.8,
133418.9,
413529.3,
219556.6,
63812.73,
404832.3,
903734.7,
4739.851,
37308.32,
7825.964,
249365.2,
2937.774,
396300,
26299.67,
1831345,
429799.3,
13536.03,
731331.8,
242095,
90214.31,
23708.16,
163106.7,
549914.4,
35721.49,
0,
7523682,
2076, 
51387.02,
351566.7,
190528.8,
113482.3,
466702.3,
189753.5,
67906.35,
480476.8,
981408.8,
4996.575,
37898.13,
7792.791,
245106.8,
3252.747,
427516.8,
26697.8,
1832876,
428298.5,
13471.9,
745714.5,
237639.2,
94199.5,
23683.29,
172632.7,
540021.1,
45056.42,
0,
7780068,
2077, 
49756.06,
361685.6,
222439.3,
99780.63,
503809.2,
163751.1,
72373.82,
565829.3,
1033175,
5253.515,
38527.44,
7758.823,
238711.2,
3684.745,
455876.4,
27107.01,
1865778,
424574.4,
13592.33,
760121.1,
231818.3,
98277.99,
23762.21,
182278.2,
530090.9,
57094.69,
0,
8036907,
2078, 
44801.86,
377353.5,
255521,
90124.78,
529898.8,
146920.8,
77197.29,
597493.4,
1088630,
5503.523,
39163.23,
7710.847,
233574.8,
3994.243,
476308,
29350.86,
1903741,
418848.2,
13878.2,
767061.8,
225189.3,
102148.7,
23839.32,
194647.1,
518959.4,
71346.97,
0,
8243207,
2079, 
43367.36,
389750.5,
284387.8,
81661.7,
543347.4,
139550.6,
87682.56,
721685.6,
1138715,
5775.797,
39836.71,
7659.071,
229562.1,
4350.469,
498356.9,
32090.19,
1945407,
412873.3,
14207.04,
770044.3,
218452.8,
103985.7,
23878.62,
205794,
507499.8,
87963.19,
0,
8537885,
2080, 
43399.07,
410595.4,
311480,
76104.26,
555129,
131158.3,
109589.1,
887320.6,
1189826,
6023.24,
40374.86,
7582.739,
224335.5,
4608.164,
519361.3,
35015.5,
2002160,
402728,
14552.94,
759557.7,
211403.6,
105773.7,
23920.74,
212069.5,
509525.6,
107064.4,
0,
8900660,
2081, 
44740.93,
430071.2,
335735.6,
72732.16,
572743.3,
134373.3,
138706.3,
968257.4,
1242116,
6243.087,
40862.96,
7586.606,
219727.8,
4986.222,
531752.8,
37568.85,
2058822,
397629.7,
14875.1,
749422.9,
204615.8,
107973.5,
23929.88,
217423.1,
507189.7,
128951.7,
0,
9199037,
2082, 
47576.41,
453759.6,
357582.3,
71324.48,
596648.9,
133516.9,
173237.3,
1084558,
1297803,
6402.019,
43033.48,
7994.674,
214016.7,
6066.891,
542084.4,
39179.48,
2089548,
392669.6,
15082.71,
747366,
199069.1,
110326.3,
23969.67,
221270.9,
509968.9,
153257.7,
0,
9537314,
2083, 
50600.16,
480171.5,
378355.5,
70653.78,
625119.3,
136742.9,
208724.5,
1218861,
1364304,
6551.68,
45374.04,
8571.974,
206082.1,
7416.397,
550366.1,
41723.82,
2130787,
388088.3,
15125.68,
737848,
193239.4,
113120.1,
24066.54,
224006.3,
508282.6,
182554.8,
0,
9916737,
2084, 
55942.69,
506128.3,
398796,
71728.02,
650184.5,
135142,
237692.8,
1260675,
1430092,
6681.875,
48569.2,
9109.288,
198372.4,
9244.253,
559079.8,
44255.15,
2180879,
384531.2,
15108.61,
730260.4,
189065,
115711.2,
24134.69,
226195.3,
513190.1,
212788.9,
0,
1.021356e+07,
2085, 
62520.46,
528984,
415847.2,
70178.28,
673490.7,
142039.9,
258816.8,
1321604,
1499073,
6810.633,
52413.8,
9702.529,
188871.7,
12415.38,
564882.7,
46914.31,
2236886,
381631.9,
15045.98,
727538.8,
186601.4,
117763.3,
24175.25,
227666.8,
517611.1,
247630.5,
0,
1.053712e+07,
2086, 
64515.75,
554441.6,
434078.4,
68274.66,
699325.3,
153753.9,
280516.4,
1362475,
1563328,
6932.459,
56781.06,
10299.49,
180897.5,
16572.97,
571395.5,
48759.54,
2296285,
381331.3,
14909.59,
719183.3,
186242.9,
119574.9,
24199.69,
233222.8,
518835.9,
277393.3,
0,
1.084353e+07,
2087, 
72109.5,
583941.9,
453770.7,
65231,
698042.1,
166687.1,
305852.1,
1398964,
1623029,
7045.084,
59541.52,
10835.78,
178106.1,
21692.76,
577059.1,
51659.27,
2343552,
382537.3,
14728.5,
716952.4,
188735.2,
120622.9,
24232.99,
235638.4,
525670.2,
308465.6,
0,
1.11347e+07,
2088, 
81452.38,
626624.8,
472552.4,
61245.18,
690910.5,
171821,
338521.6,
1445089,
1682137,
7757.278,
68017.74,
12693.39,
176357.9,
27788.79,
581938.2,
55118.57,
2388547,
387467.3,
14528.51,
719765.6,
193752.9,
120730.1,
24317.74,
243171.3,
528804.4,
347002,
0,
1.146811e+07,
2089, 
91433.95,
675640.9,
492331.7,
56471.93,
690415.4,
208180.7,
385435.7,
1518189,
1742738,
9919.693,
74768.02,
16794.04,
175202.1,
34977.35,
587543.4,
59388.53,
2432469,
393333.6,
14326.62,
725080,
200352.3,
122255.4,
24913.25,
246097.3,
536592.5,
387607.3,
0,
1.190246e+07,
2090, 
102934.4,
739298,
514759.4,
51394.53,
690440,
235399.9,
440853.1,
1619619,
1800203,
12454.88,
85471.51,
21679.9,
175988,
43386.58,
592793.8,
64195.86,
2474457,
403953.2,
14155.22,
739003.6,
206801.2,
123871.1,
25544.4,
253780.4,
547853.7,
435856.5,
0,
1.241615e+07,
2091, 
115905.2,
809508.8,
538209.4,
45247.39,
693532.5,
257736.4,
506380.4,
1760144,
1860693,
16012.8,
90550.45,
27725.89,
177714.3,
53479.06,
597283.4,
71407.12,
2505473,
414392.5,
14033.16,
780935.4,
213455.6,
126617.3,
26734.76,
256893.1,
558365.1,
493954.1,
0,
1.301238e+07,
2092, 
130004.1,
904798.3,
566633.9,
39187.16,
697239.8,
286571.7,
564835.3,
1965448,
1933721,
19447.99,
97409.22,
35016.61,
180190.4,
64020.03,
603636.8,
81099.79,
2542617,
427000,
13988.42,
840911.6,
220645.1,
126945.8,
27907.27,
265382.4,
567165.2,
547389.4,
0,
1.374921e+07,
2093, 
144704.8,
1015243,
594000.8,
34761.45,
712126.4,
314911.8,
645656.3,
2167565,
2002770,
24595.74,
105542.9,
43573.89,
182536.7,
76484.71,
608691.8,
92021.06,
2575109,
439890.9,
14012.2,
891705.4,
226530.5,
128261.1,
29056.32,
268783.3,
579788.7,
596059.2,
0,
1.451438e+07,
2094, 
159815.3,
1124002,
618216.7,
28954.62,
735747.4,
315871.7,
805986.6,
2398885,
2070493,
30814.01,
113145.3,
55684.11,
185256.2,
87940.01,
615724.8,
102523,
2606796,
452154.4,
14115.52,
926230.4,
233579.2,
129262.5,
29802.58,
285657.4,
598256.8,
661416.1,
0,
1.538633e+07,
2095, 
175269,
1223962,
637488.1,
25295.27,
762429.4,
325539.4,
974959.1,
2591388,
2145929,
39354.78,
119956.7,
66840.57,
189204.4,
99078.19,
621129.9,
116837.8,
2637221,
464068.1,
14264.53,
972974.3,
240558.1,
129549.4,
30637.02,
292636.4,
617018.3,
726234.4,
0,
1.623982e+07,
2096, 
190328.8,
1329327,
651508.6,
22041.91,
790399.4,
336804.3,
1145930,
2791737,
2210847,
50437.38,
126890.5,
82014.45,
192251.1,
108809.9,
628629,
133623.7,
2668106,
479850.6,
14402.46,
1018545,
248397.1,
129792.6,
30859.7,
315167.3,
638694.8,
792759,
0,
1.712815e+07,
2097, 
196129.4,
1426545,
657658.9,
19635.45,
811719,
345829.9,
1313797,
3032612,
2279176,
62924.24,
133891.9,
98436.59,
193234.8,
116764.9,
635053.3,
150171.6,
2695169,
493243.4,
14586.44,
1064016,
254548.4,
129690.3,
31073.52,
322252.7,
659130.7,
868724.6,
0,
1.800602e+07,
2098, 
221168.5,
1523241,
661155.4,
17946.33,
826388.3,
358190.3,
1483223,
3274231,
2340145,
75000.45,
141194.5,
114520.3,
192120,
121837.1,
642648.2,
173606.4,
2717156,
510511.8,
14653.2,
1107834,
264587.1,
128979.2,
31230.84,
353094.1,
679481.1,
950520.5,
0,
1.892466e+07,
2099, 
230040.7,
1623808,
712036.1,
16971.71,
838675.6,
364127.2,
1559160,
3621905,
2396285,
89361.74,
146323.5,
134782,
191338.9,
125195.7,
651032.8,
207272.9,
2713115,
524561.3,
14613.79,
1148907,
270924.7,
128443.1,
31302.46,
364829.3,
696985.4,
1049355,
0,
1.985135e+07,
2100, 
258359.8,
1736032,
763532.6,
16562.98,
849987.4,
371539.8,
1631188,
3982383,
2466315,
101304.1,
151321.8,
160027.2,
188558.2,
128733.9,
660640.7,
247046.2,
2700405,
539202.1,
14435.42,
1208723,
278184.3,
127331.6,
31293.6,
398933.4,
714263.9,
1151233,
0,
2.087754e+07];
