real main.em.ep.ncl.NuclFuelEff[27](t) = [1971, 
170,
170,
170,
170,
170,
170,
170,
170,
170,
170,
170,
170,
170,
170,
170,
170,
170,
170,
170,
170,
170,
170,
170,
170,
170,
170,
0,
1972, 
170,
170,
170.3448,
170,
170.3448,
170.3448,
170.3448,
170.3448,
170.3448,
170.3448,
170,
170.3448,
170.3448,
170.3448,
170.3448,
170,
170.3448,
170,
170.3448,
170.3448,
170.3448,
170.3448,
170,
170.3448,
170.3448,
170.3448,
0,
1973, 
170.1724,
170.1724,
170.6897,
170.1724,
170.6897,
170.6897,
170.6897,
170.6897,
170.6897,
170.6897,
170.1724,
170.6897,
170.6897,
170.6897,
170.6897,
170.1724,
170.6897,
170.1724,
170.6897,
170.6897,
170.6897,
170.6897,
170.1724,
170.6897,
170.6897,
170.6897,
0,
1974, 
170.3448,
170.3448,
171.0345,
170.3448,
171.0345,
171.0345,
171.0345,
171.0345,
171.0345,
171.0345,
170.3448,
171.0345,
171.0345,
171.0345,
171.0345,
170.3448,
171.0345,
170.3448,
171.0345,
171.0345,
171.0345,
171.0345,
170.3448,
171.0345,
171.0345,
171.0345,
0,
1975, 
170.5172,
170.5172,
171.3793,
170.5172,
171.3793,
171.3793,
171.3793,
171.3793,
171.3793,
171.3793,
170.5172,
171.3793,
171.3793,
171.3793,
171.3793,
170.5172,
171.3793,
170.5172,
171.3793,
171.3793,
171.3793,
171.3793,
170.5172,
171.3793,
171.3793,
171.3793,
0,
1976, 
171.327,
171.3623,
171.7241,
170.5172,
171.7241,
171.3793,
171.7241,
171.7241,
171.7241,
171.7241,
171.3228,
171.3793,
171.7241,
171.7241,
171.3793,
171.3486,
171.7241,
171.2341,
171.7241,
171.7241,
171.7241,
171.7241,
171.3629,
171.7241,
171.3793,
171.7241,
0,
1977, 
171.333,
171.4064,
172.069,
170.5172,
172.069,
171.3793,
172.069,
172.069,
172.069,
172.069,
171.4478,
171.3793,
172.069,
172.069,
171.3793,
171.5026,
172.069,
171.2539,
172.069,
172.069,
172.069,
172.069,
171.4782,
172.069,
171.3793,
172.069,
0,
1978, 
171.6898,
171.503,
172.4138,
170.5172,
172.4138,
171.3793,
172.4138,
172.4138,
172.4138,
172.4138,
171.6004,
171.3793,
172.4138,
172.4138,
171.3793,
171.5482,
172.4138,
171.2856,
172.4138,
172.4138,
172.4138,
172.4138,
171.4801,
172.4138,
171.3793,
172.4138,
0,
1979, 
171.8529,
171.5842,
172.7586,
170.5172,
172.7586,
171.3793,
172.7586,
172.7586,
172.7586,
172.7586,
171.7551,
171.3793,
172.7586,
172.4138,
171.3793,
171.5524,
172.7586,
171.3277,
172.4138,
172.4138,
172.7586,
172.7586,
171.7984,
172.7586,
171.3793,
172.7586,
0,
1980, 
172.0194,
171.5955,
173.1035,
170.5172,
173.1035,
171.3793,
173.1035,
173.1035,
173.1035,
173.1035,
171.9291,
171.6823,
173.1035,
172.4138,
171.3793,
171.7449,
173.1035,
171.3793,
172.4138,
172.5862,
173.1035,
173.1035,
172.048,
173.1035,
171.3793,
173.1035,
0,
1981, 
172.1633,
171.655,
173.4483,
170.5172,
173.4483,
171.3793,
173.4483,
173.4483,
173.4483,
173.4483,
172.1892,
171.6823,
173.4483,
172.4138,
171.3793,
172.0715,
173.4483,
171.4393,
172.4138,
172.5862,
173.4483,
173.4483,
172.0497,
173.4483,
171.3793,
173.4483,
0,
1982, 
172.3306,
171.7886,
173.4483,
170.5172,
173.4483,
171.6534,
173.7931,
173.7931,
173.7931,
173.4483,
172.3811,
172.4267,
173.7931,
172.6927,
171.3793,
172.2091,
173.7931,
172.2115,
172.9527,
172.5862,
173.7931,
173.7931,
172.1927,
173.7931,
171.4298,
173.7931,
0,
1983, 
172.499,
171.9276,
173.6207,
170.5172,
173.6207,
171.9037,
174.1379,
174.1379,
174.1379,
173.6207,
172.5679,
172.8319,
174.1379,
172.9264,
171.3793,
172.3531,
174.1379,
172.6506,
173.2406,
172.5862,
174.1379,
174.1379,
172.3413,
174.1379,
171.486,
174.1379,
0,
1984, 
172.6683,
172.071,
173.7931,
170.5172,
173.7931,
172.1377,
174.4828,
174.4828,
174.4828,
173.7931,
172.7513,
173.1306,
174.4828,
173.1386,
171.3793,
172.5018,
174.4828,
172.9738,
173.4695,
172.5862,
174.4828,
174.4828,
172.4938,
174.4828,
171.5477,
174.4828,
0,
1985, 
172.8381,
172.2178,
173.9655,
170.5172,
173.9655,
172.36,
174.8276,
174.8276,
174.8276,
173.9655,
172.9324,
173.3823,
174.8276,
173.339,
171.3793,
172.6541,
174.8276,
173.2432,
173.6755,
172.5862,
174.8276,
174.8276,
172.6495,
174.8276,
171.6144,
174.8276,
0,
1986, 
173.0084,
172.3676,
174.1379,
170.5172,
174.1379,
172.5737,
175.1724,
175.1724,
175.1724,
174.1379,
173.1119,
173.6091,
175.1724,
173.5321,
171.3793,
172.8094,
175.1724,
173.4832,
173.8701,
172.5862,
175.1724,
175.1724,
172.8076,
175.1724,
171.6858,
175.1724,
0,
1987, 
173.179,
172.5199,
174.3103,
170.5172,
174.3103,
172.7807,
175.5172,
175.5172,
175.5172,
174.3103,
173.2901,
173.8212,
175.5172,
173.7205,
171.3793,
172.9669,
175.5172,
173.7054,
174.0583,
172.5862,
175.5172,
175.5172,
172.9677,
175.5172,
171.7616,
175.5172,
0,
1988, 
173.3499,
172.6743,
174.4828,
170.5172,
174.4828,
172.9827,
175.8621,
175.8621,
175.8621,
174.4828,
173.4675,
174.0237,
175.8621,
173.9055,
171.3793,
173.1263,
175.8621,
173.916,
174.2425,
172.5862,
175.8621,
175.8621,
173.1293,
175.8621,
171.8415,
175.8621,
0,
1989, 
173.521,
172.8304,
174.6552,
170.5172,
174.6552,
173.1806,
176.2069,
176.2069,
176.2069,
174.6552,
173.6441,
174.2199,
176.2069,
174.0882,
171.3793,
173.2872,
176.2069,
174.1187,
174.4241,
172.5862,
176.2069,
176.2069,
173.2922,
176.2069,
171.9253,
176.2069,
0,
1990, 
173.6923,
172.988,
174.8276,
170.5172,
174.8276,
173.3753,
176.5517,
176.5517,
176.5517,
174.8276,
173.8201,
174.4115,
176.5517,
174.2692,
171.3793,
173.4494,
176.5517,
174.3157,
174.6038,
172.5862,
176.5517,
176.5517,
173.4562,
176.5517,
172.0127,
176.5517,
0,
1991, 
173.6923,
173.0888,
175,
170.5172,
175,
173.5672,
176.8965,
176.8965,
176.8965,
174.9655,
173.8201,
174.5997,
176.8965,
174.2692,
171.3793,
173.6126,
176.8965,
174.5084,
174.7822,
172.5862,
176.8965,
176.8965,
173.4562,
176.8965,
172.1035,
176.8965,
0,
1992, 
173.6923,
173.0956,
175.3062,
170.5172,
175,
173.5672,
177.2414,
177.2414,
177.2414,
174.9655,
173.8201,
174.63,
177.2414,
174.2692,
171.3793,
173.6653,
177.2414,
174.687,
174.8877,
172.5862,
177.2414,
177.2414,
173.4562,
177.2414,
172.1035,
177.2414,
0,
1993, 
173.6923,
173.1031,
175.5751,
170.5172,
175,
173.5672,
177.5862,
177.5862,
177.5862,
174.9655,
173.8201,
174.664,
177.5862,
174.2692,
171.3793,
173.7218,
177.5862,
174.8646,
174.9995,
172.5862,
177.5862,
177.5862,
173.4562,
177.5862,
172.1035,
177.5862,
0,
1994, 
173.6923,
173.1111,
175.8205,
170.5172,
175,
173.5672,
177.931,
177.931,
177.931,
174.9655,
173.8201,
174.6693,
177.931,
174.2692,
171.3793,
173.7818,
177.931,
175.0416,
175.1168,
172.7416,
177.931,
177.931,
173.4562,
177.931,
172.1035,
177.931,
0,
1995, 
173.6923,
173.1198,
176.0501,
170.5172,
175,
173.5672,
178.2759,
178.2759,
178.2759,
174.9655,
173.8201,
174.6693,
178.2759,
174.2692,
171.3793,
173.8453,
178.2759,
175.218,
175.2389,
174.039,
178.2759,
178.2759,
173.4562,
178.2759,
172.1035,
178.2759,
0,
1996, 
173.6923,
173.129,
176.2684,
170.5172,
175,
173.5672,
178.6207,
178.6207,
178.6207,
174.9655,
173.8201,
174.6693,
178.6207,
174.2692,
171.3793,
173.9121,
178.6207,
175.394,
175.3652,
174.8863,
178.6207,
178.6207,
173.4562,
178.6207,
172.1035,
178.6207,
0,
1997, 
173.6923,
173.1388,
176.2811,
170.5172,
176.091,
173.5672,
178.9655,
178.9655,
178.9655,
174.9655,
173.8201,
174.6693,
178.9655,
174.2692,
171.3793,
173.9185,
178.9655,
175.6904,
175.6203,
174.8863,
178.9655,
178.9655,
173.4562,
178.9655,
174.2171,
178.9655,
0,
1998, 
173.6923,
173.1492,
176.2954,
170.5172,
176.7567,
173.5672,
179.3103,
179.3103,
179.3103,
174.9655,
173.8201,
174.6693,
179.3103,
174.2692,
171.3793,
173.9252,
179.3103,
175.966,
175.8634,
174.8863,
179.3103,
179.3103,
173.4562,
179.3103,
175.38,
179.3103,
0,
1999, 
173.6923,
173.1601,
176.3115,
170.5172,
177.2368,
173.5672,
179.6552,
179.6552,
179.6552,
174.9655,
173.8201,
174.6693,
179.6552,
174.2692,
171.3793,
173.9324,
179.6552,
176.2255,
176.0969,
174.8863,
179.6552,
179.6552,
173.4562,
179.6552,
176.1532,
179.6552,
0,
2000, 
173.6923,
173.1717,
176.3292,
170.5172,
177.6196,
173.5672,
180,
180,
180,
174.9655,
173.8201,
174.6693,
180,
174.2692,
171.3793,
173.9401,
180,
176.4725,
176.3226,
174.8863,
180,
180,
173.4562,
180,
176.7289,
180,
0,
2001, 
173.6923,
173.1838,
176.3486,
170.5172,
177.8445,
173.5672,
181.4,
181.4,
181.4,
174.9655,
173.8201,
174.6693,
181.4,
174.2692,
171.3793,
173.9482,
181.4,
176.7095,
176.542,
174.8863,
181.4,
181.4,
173.4562,
181.4,
177.1907,
181.4,
0,
2002, 
173.6923,
173.1983,
176.3874,
170.5172,
177.8445,
173.5672,
182.8,
182.8,
182.8,
174.9655,
173.8201,
174.6693,
182.8,
174.2692,
171.3793,
174.1002,
182.8,
176.8721,
176.8119,
176.7544,
182.8,
182.8,
173.4562,
182.8,
177.1907,
182.8,
0,
2003, 
173.6923,
173.2153,
176.3874,
170.5172,
177.8445,
173.5672,
184.2,
184.2,
184.2,
174.9655,
173.8201,
174.6693,
184.2,
174.2692,
171.3793,
174.2741,
184.2,
177.0707,
177.127,
178.1017,
184.2,
184.2,
173.4562,
184.2,
177.1907,
184.2,
0,
2004, 
173.6923,
173.2346,
176.3874,
170.5172,
177.8445,
173.5672,
185.6,
185.6,
185.6,
174.9655,
173.8201,
174.6693,
185.6,
174.5482,
171.3793,
174.4687,
185.6,
177.3019,
177.4806,
179.2132,
185.6,
185.6,
173.4562,
185.6,
177.1907,
185.6,
0,
2005, 
173.6923,
173.2564,
176.3874,
170.5172,
177.8445,
173.5672,
187,
187,
187,
174.9655,
173.8201,
174.6693,
187,
174.8803,
171.3793,
174.6827,
187,
177.5625,
177.8672,
180.1977,
187,
187,
173.4562,
187,
177.1907,
187,
0,
2006, 
173.6923,
173.2805,
176.3874,
170.5172,
177.8445,
173.5672,
188.4,
188.4,
188.4,
174.9655,
173.8201,
174.6693,
188.4,
175.2339,
171.3793,
174.915,
188.4,
177.8499,
178.2823,
181.1063,
188.4,
188.4,
173.4562,
188.4,
177.1907,
188.4,
0,
2007, 
173.6923,
173.3071,
176.3874,
170.5172,
177.8445,
173.5672,
189.8,
189.8,
189.8,
174.9655,
173.8201,
174.6693,
189.8,
175.2339,
171.3793,
175.0492,
189.8,
178.7057,
178.5045,
181.8029,
189.8,
189.8,
173.4562,
189.8,
177.1907,
189.8,
0,
2008, 
173.6923,
173.3359,
176.3874,
170.5172,
177.8445,
173.5672,
191.2,
191.2,
191.2,
174.9655,
173.8201,
174.6693,
191.2,
175.2339,
171.3793,
175.1945,
191.2,
179.5383,
178.7474,
182.5002,
191.2,
191.2,
173.4562,
191.2,
177.1907,
191.2,
0,
2009, 
173.6923,
173.3672,
176.3874,
170.5172,
177.8445,
173.5672,
192.6,
192.6,
192.6,
174.9655,
173.8201,
174.6693,
192.6,
175.2339,
171.3793,
175.3507,
192.6,
180.3523,
179.0094,
183.1979,
192.6,
192.6,
173.4562,
192.6,
177.1907,
192.6,
0,
2010, 
173.6923,
173.4007,
176.3874,
170.5172,
177.8445,
173.5672,
194,
194,
194,
174.9655,
173.8201,
174.6693,
194,
175.2339,
171.3793,
175.5173,
194,
181.1514,
179.2896,
183.8959,
194,
194,
173.4562,
194,
177.1907,
194,
0,
2011, 
173.6923,
173.4366,
176.3874,
170.5172,
177.8445,
173.5672,
195.4,
195.4,
195.4,
174.9655,
173.8201,
174.6693,
195.4,
175.2339,
171.3793,
175.6942,
195.4,
181.9384,
179.5866,
184.5942,
195.4,
195.4,
173.4562,
195.4,
177.1907,
195.4,
0,
2012, 
173.6923,
173.4748,
176.7883,
170.5172,
177.8445,
176.3999,
196.8,
196.8,
196.8,
175.1008,
173.8201,
174.7774,
196.8,
175.2339,
171.3793,
176.18,
195.4,
182.6691,
180.0838,
187.2853,
196.8,
196.8,
173.4562,
196.8,
179.2097,
196.8,
0,
2013, 
173.6923,
173.5153,
177.2015,
170.5172,
177.8445,
178.7428,
198.2,
198.2,
198.2,
175.2436,
173.8201,
174.8917,
198.2,
175.2339,
171.3793,
176.6761,
196.1,
183.3966,
180.5934,
189.1823,
198.2,
198.2,
173.4562,
198.2,
180.9654,
198.2,
0,
2014, 
173.6923,
173.558,
177.6263,
170.5172,
177.8445,
180.7472,
199.6,
199.6,
199.6,
175.3936,
173.8201,
175.012,
199.6,
175.2339,
171.3793,
177.1819,
196.8,
184.1214,
181.1143,
190.6814,
199.6,
199.6,
173.4562,
199.6,
182.5295,
199.6,
0,
2015, 
173.6923,
173.6031,
178.0621,
170.5172,
177.8445,
182.5079,
201,
201,
201,
175.5508,
173.8201,
175.1383,
201,
175.2339,
171.3793,
177.6965,
197.5,
184.8439,
181.6454,
191.9527,
201,
201,
173.4562,
201,
183.9498,
201,
0,
2016, 
173.7264,
173.6504,
178.5081,
170.5172,
177.8445,
184.0875,
202.4,
202.4,
202.4,
175.6332,
173.8201,
175.2704,
202.4,
175.2339,
171.3793,
178.2194,
198.2,
185.5644,
182.186,
193.0814,
202.4,
202.4,
173.4562,
202.4,
185.2595,
202.4,
0,
2017, 
173.7778,
173.7,
178.8741,
170.5172,
177.8445,
184.1076,
203.8,
203.8,
203.8,
175.6332,
173.8201,
175.3267,
203.8,
175.6863,
171.3793,
178.8382,
199.1542,
185.866,
182.4462,
194.333,
203.8,
203.8,
173.4562,
203.8,
187.8991,
203.8,
0,
2018, 
173.8315,
173.7518,
179.2501,
170.5172,
177.8445,
184.1293,
205.2,
205.2,
205.2,
175.6332,
173.8201,
175.3856,
205.2,
176.1469,
171.3793,
179.461,
200.0143,
186.1817,
182.7175,
195.4539,
205.2,
205.2,
173.4562,
205.2,
190.021,
205.2,
0,
2019, 
173.8875,
173.8058,
179.6358,
170.5172,
177.8445,
184.1525,
206.6,
206.6,
206.6,
175.6332,
173.8201,
175.4472,
206.6,
176.6152,
171.3793,
179.6274,
200.8244,
186.5106,
182.9997,
196.4858,
206.6,
206.6,
173.4562,
206.6,
191.8081,
206.6,
0,
2020, 
173.9458,
173.862,
180.0306,
170.5172,
177.8445,
184.1771,
208,
208,
208,
175.6332,
173.8201,
175.5114,
208,
177.0909,
171.3793,
179.6534,
201.6047,
186.8522,
183.2922,
197.4541,
208,
208,
173.4562,
208,
193.3662,
208,
0,
2021, 
174.0064,
173.9205,
180.4343,
170.5172,
177.8445,
184.2033,
209.4,
209.4,
209.4,
175.6332,
173.8201,
175.5783,
209.4,
177.5735,
171.3793,
179.6807,
202.3659,
187.2057,
183.5323,
198.3755,
209.4,
209.4,
173.4562,
209.4,
194.7607,
209.4,
0,
2022, 
174.0693,
173.9811,
180.4343,
170.5172,
177.8445,
184.2033,
210.8,
210.8,
210.8,
175.6332,
173.8201,
175.7082,
210.8,
177.5735,
171.3793,
179.7093,
205.0766,
189.4648,
183.5323,
198.9279,
210.8,
210.8,
173.4562,
210.8,
200.794,
210.8,
0,
2023, 
174.1344,
174.0439,
180.4343,
170.5172,
177.8445,
184.2033,
212.2,
212.2,
212.2,
175.6332,
173.8201,
175.7082,
212.2,
177.5735,
171.3793,
179.7392,
206.5278,
189.483,
185.0889,
199.4209,
212.2,
212.2,
173.4562,
212.2,
203.9228,
212.2,
0,
2024, 
174.2018,
174.5581,
180.4343,
170.5172,
177.8445,
184.2033,
213.6,
213.6,
213.6,
175.6332,
173.8201,
176.381,
213.6,
178.8745,
171.3793,
179.7704,
207.1935,
190.591,
185.8088,
199.7892,
213.6,
213.6,
173.4562,
213.6,
203.9228,
213.6,
0,
2025, 
174.2714,
175.0772,
180.4343,
170.5172,
177.8445,
184.2033,
215,
215,
215,
175.6332,
173.8201,
177.0549,
215,
180.1319,
171.3793,
179.8028,
207.8664,
191.661,
186.5277,
200.1761,
215,
215,
173.4562,
215,
203.9228,
215,
0,
2026, 
174.3432,
175.1434,
180.4343,
170.5172,
177.8445,
184.2033,
216.4,
216.4,
216.4,
175.6332,
173.8201,
178.4707,
215,
180.1319,
171.3793,
181.3936,
207.8664,
191.661,
187.9918,
201.2947,
216.4,
216.4,
173.4562,
216.4,
206.9019,
216.4,
0,
2027, 
174.424,
175.2179,
180.4343,
170.5172,
177.8445,
184.2033,
217.8,
217.8,
217.8,
175.6332,
173.8201,
178.4707,
215.7,
180.1319,
171.3793,
182.9099,
207.8664,
200.6208,
187.9918,
202.5623,
217.8,
217.8,
173.4562,
217.8,
208.9149,
217.8,
0,
2028, 
174.5141,
175.301,
180.4343,
170.5172,
177.8445,
184.7867,
219.2,
219.2,
219.2,
175.6332,
173.8201,
178.4707,
216.4,
180.1319,
171.3793,
182.946,
207.8664,
203.3124,
189.4497,
204.3181,
219.2,
219.2,
173.4562,
219.2,
208.9149,
219.2,
0,
2029, 
174.6138,
175.3931,
180.4343,
170.5172,
177.8445,
184.7867,
219.2,
220.6,
220.6,
175.6332,
173.8201,
178.4707,
217.1,
180.1319,
171.3793,
183.4749,
207.8664,
203.3208,
189.4497,
205.4634,
220.6,
220.6,
173.4562,
220.6,
208.9149,
220.6,
0,
2030, 
174.7234,
175.4945,
180.4343,
170.5172,
177.8445,
184.7867,
219.2,
222,
222,
175.6332,
173.8201,
178.4707,
217.1,
180.1319,
171.3793,
184.9388,
207.8664,
203.3306,
189.4497,
206.9229,
222,
222,
173.4562,
222,
208.9149,
222,
0,
2031, 
175.2948,
176.9359,
180.4343,
170.5172,
177.8445,
185.5214,
221.3,
223.4,
223.4,
175.6332,
173.8201,
178.7912,
217.1,
180.1319,
171.3793,
184.9388,
207.8664,
203.3551,
189.4497,
206.9229,
223.4,
223.4,
173.4562,
223.4,
211.2175,
223.4,
0,
2032, 
175.304,
176.947,
180.4343,
170.6897,
177.8445,
185.5214,
221.3,
224.8,
224.8,
175.6332,
173.8266,
178.7912,
217.9289,
180.1319,
209.2517,
184.9511,
207.8664,
213.8232,
195.012,
206.9229,
224.8,
224.8,
174.765,
224.8,
214.4392,
224.8,
0,
2033, 
175.3126,
176.9575,
199.9417,
170.8621,
177.8445,
185.5214,
221.3,
226.2,
226.2,
175.6332,
173.8325,
189.5967,
218.931,
181.7914,
211.4737,
184.9633,
210.9909,
215.6271,
195.0173,
206.9229,
226.2,
226.2,
176.0421,
226.2,
215.8029,
226.2,
0,
2034, 
175.3206,
176.9675,
206.6333,
171.0345,
177.8445,
185.5214,
221.3,
227.6,
227.6,
175.6332,
191.1997,
202.4884,
220.2524,
183.6542,
211.4737,
184.9751,
212.8139,
216.0212,
196.2165,
206.9229,
227.6,
227.6,
176.6155,
227.6,
217.2437,
227.6,
0,
2035, 
175.3281,
176.9771,
206.6333,
229,
177.8445,
200.2014,
221.3,
229,
229,
175.6332,
191.5268,
203.0685,
221.04,
184.468,
211.4737,
184.9867,
213.1472,
216.2042,
196.6675,
206.9229,
229,
229,
176.8993,
229,
217.7911,
229,
0,
2036, 
175.8052,
179.5999,
206.6333,
230.4,
177.8445,
208.1574,
222.545,
230.4,
230.4,
175.6332,
193.0472,
204.3819,
221.3881,
184.9617,
223.6609,
186.3333,
213.912,
216.4881,
197.1632,
206.9229,
230.4,
230.4,
178.1408,
230.4,
218.9039,
230.4,
0,
2037, 
175.8131,
180.1598,
206.6333,
231.8,
177.8445,
209.8062,
222.545,
231.8,
231.8,
176.1229,
194.007,
204.3819,
221.9987,
185.6011,
223.6609,
187.4548,
213.912,
216.4951,
198.1845,
206.9229,
231.8,
231.8,
178.9666,
231.8,
219.9418,
231.8,
0,
2038, 
176.3387,
181.0534,
206.6333,
233.2,
177.8445,
210.0313,
223.384,
233.2,
233.2,
177.1011,
195.0667,
204.609,
222.4635,
185.8929,
223.6609,
187.7118,
213.912,
217.2361,
198.1845,
206.9229,
233.2,
233.2,
181.3913,
233.2,
221.0115,
233.2,
0,
2039, 
176.6996,
181.7454,
206.6333,
234.6,
177.8445,
210.0313,
224.5233,
234.6,
234.6,
178.5415,
196.1013,
204.609,
222.8269,
188.4377,
223.6609,
187.7271,
213.912,
217.2428,
198.672,
207.1728,
234.6,
234.6,
185.5494,
234.6,
222.2281,
234.6,
0,
2040, 
177.0986,
181.825,
206.6333,
236,
177.8445,
210.0313,
224.5233,
236,
236,
180.3972,
197.2744,
204.976,
222.9977,
188.4377,
223.6799,
188.3437,
213.912,
217.2494,
198.7097,
207.4239,
236,
236,
188.4287,
236,
222.9363,
236,
0,
2041, 
177.4664,
182.1655,
206.6333,
237.4,
177.8445,
210.0313,
224.5233,
237.4,
237.4,
182.6065,
199.1741,
204.976,
223.224,
189.0289,
223.6799,
189.6987,
213.912,
217.256,
199.9535,
207.4239,
237.4,
237.4,
188.4981,
237.4,
223.6411,
237.4,
0,
2042, 
177.9316,
182.9207,
207.2147,
238.8,
177.9956,
210.7768,
224.5233,
238.8,
238.8,
186.1609,
200.8926,
206.2285,
223.7816,
190.5911,
223.6799,
190.3952,
215.5663,
217.4564,
200.6308,
207.7295,
238.8,
238.8,
189.8633,
238.8,
224.2805,
238.8,
0,
2043, 
178.4735,
183.7866,
207.8106,
240.2,
178.1451,
211.5462,
224.5233,
240.2,
240.2,
190.4791,
202.9716,
207.5704,
224.1265,
191.9194,
223.6799,
191.1385,
215.5663,
217.8856,
201.1034,
207.8474,
240.2,
240.2,
191.4666,
240.2,
224.898,
240.2,
0,
2044, 
179.1267,
184.7978,
208.4219,
241.6,
178.293,
212.341,
224.5233,
241.6,
241.6,
195.7533,
205.207,
213.4606,
224.2734,
193.4462,
223.6799,
191.9354,
215.5663,
218.0014,
202.2672,
208.0405,
241.6,
241.6,
195.9566,
241.6,
225.3297,
241.6,
0,
2045, 
181.5841,
186.0054,
209.0495,
243,
178.439,
213.1628,
224.5233,
243,
243,
201.9154,
207.944,
218.1139,
225.1371,
195.2275,
223.6799,
192.7937,
215.5663,
218.1169,
203.8958,
208.0405,
243,
243,
203.0932,
243,
226.2215,
243,
0,
2046, 
195.0451,
187.4874,
209.6942,
244.4,
178.5829,
222.0489,
224.5233,
244.4,
244.4,
207.9617,
212.5707,
219.9768,
226.1732,
197.6254,
223.6799,
193.7229,
215.5663,
218.232,
206.4986,
208.0792,
244.4,
244.4,
209.5835,
244.4,
226.763,
244.4,
0,
2047, 
209.994,
189.3699,
210.357,
245.8,
178.7245,
224.2662,
224.5233,
245.8,
245.8,
214.1608,
215.8739,
223.9437,
226.4916,
200.9294,
223.6799,
194.7347,
215.5663,
219.2142,
207.1251,
210.0424,
245.8,
245.8,
216.4115,
245.8,
227.337,
245.8,
0,
2048, 
218.1984,
191.8696,
211.0391,
247.2,
178.8633,
225.5527,
224.5233,
247.2,
247.2,
220.7191,
221.2814,
226.4856,
226.4916,
204.8752,
223.6799,
195.8433,
215.5663,
219.6515,
207.6716,
210.0633,
247.2,
247.2,
223.3774,
247.2,
227.9247,
247.2,
0,
2049, 
227.4619,
195.3939,
211.7415,
248.6,
178.9992,
226.4555,
224.5233,
248.6,
248.6,
227.4474,
225.673,
228.9681,
226.4916,
210.8177,
223.6799,
197.0666,
215.5663,
219.7636,
208.2313,
210.8697,
248.6,
248.6,
230.6862,
248.6,
228.8749,
248.6,
0,
2050, 
239.6998,
200.8111,
212.4655,
250,
179.1315,
227.3688,
224.5233,
250,
250,
234.9946,
230.7757,
230.6679,
226.5108,
217.7701,
223.6799,
198.4269,
215.5663,
220.3083,
208.8049,
211.4756,
250,
250,
238.5981,
250,
229.939,
250,
0,
2051, 
239.6998,
205.9911,
213.2124,
253,
179.2599,
228.1582,
224.5233,
253,
253,
240.8822,
235.1427,
232.4694,
226.9682,
218.8693,
223.6799,
199.953,
215.5663,
221.3486,
209.3931,
213.4168,
253,
253,
239.2025,
253,
231.5368,
253,
0,
2052, 
239.6998,
206.3931,
214.727,
256,
179.2599,
228.1582,
224.5233,
256,
256,
241.2966,
235.2358,
232.7524,
227.1627,
218.8693,
223.6799,
200.4623,
215.5663,
225.5029,
209.7363,
214.0609,
256,
256,
239.7638,
256,
232.239,
256,
0,
2053, 
239.6998,
206.8016,
216.3584,
259,
182.5099,
228.1582,
224.5233,
259,
259,
241.5185,
235.2731,
233.0365,
227.2264,
218.8693,
223.6799,
200.9869,
215.5663,
227.6105,
210.0833,
215.1619,
259,
259,
240.2445,
259,
232.5883,
259,
0,
2054, 
242.0574,
207.2168,
218.1226,
262,
182.5099,
228.1582,
224.5233,
262,
262,
241.9678,
235.2731,
233.0757,
227.6559,
219.6775,
223.6799,
201.5277,
215.5663,
227.7047,
211.7108,
216.145,
262,
262,
240.6075,
262,
233.0785,
262,
0,
2055, 
244.4907,
207.6389,
220.0386,
262,
182.5099,
228.1582,
224.5233,
265,
265,
242.2923,
235.2731,
233.2349,
228.7044,
220.8032,
224.0152,
202.0859,
215.5663,
227.7987,
213.2893,
217.0221,
262,
262,
240.8126,
265,
234.9102,
265,
0,
2056, 
244.4907,
208.0684,
222.1291,
264.907,
182.5099,
228.1582,
224.5233,
268,
268,
242.5484,
238.5993,
233.2349,
228.7044,
221.0703,
229.0898,
202.6628,
215.5663,
227.8924,
214.6516,
217.5804,
262,
263.6104,
242.2378,
268,
235.0596,
268,
0,
2057, 
244.4907,
208.5055,
222.2496,
265.9955,
186.3268,
228.1582,
224.5233,
271,
271,
242.6485,
241.597,
233.2349,
228.7044,
223.2522,
232.4074,
202.7149,
215.5663,
228.0568,
216.3393,
217.7423,
262,
265.9449,
247.1207,
271,
235.4184,
271,
0,
2058, 
244.4907,
208.9506,
222.3699,
267.2745,
191.8998,
228.1582,
224.5233,
274,
274,
242.6485,
243.79,
233.2349,
229.1529,
224.9481,
234.1401,
202.7664,
215.5663,
228.2212,
218.2851,
217.7605,
268.2414,
266.4489,
251.2533,
274,
237.5534,
274,
0,
2059, 
244.4907,
209.404,
222.4899,
267.8871,
197.848,
228.1582,
224.5233,
277,
277,
242.6485,
245.1617,
233.2349,
229.2358,
225.9315,
234.1401,
202.8175,
215.5663,
232.1485,
220.2498,
217.7605,
270.1771,
266.4489,
252.4304,
277,
239.4997,
277,
0,
2060, 
244.4907,
209.8661,
222.6095,
267.8871,
214.1423,
228.1582,
224.5233,
280,
280,
242.6485,
245.1733,
233.2349,
229.2719,
225.9315,
234.1401,
202.868,
215.5663,
235.1961,
221.1238,
217.8326,
270.1771,
267.1988,
253.509,
280,
239.583,
280,
0,
2061, 
244.4907,
210.3374,
222.7289,
267.8871,
263.368,
228.1582,
224.5233,
283,
283,
242.6485,
243.9473,
233.2349,
229.3794,
225.9315,
235.0901,
202.9179,
215.5663,
237.8059,
222.0287,
217.9035,
270.1771,
267.5734,
254.5055,
283,
239.6661,
283,
0,
2062, 
244.4907,
210.8014,
222.8999,
267.8871,
271.0949,
228.1582,
224.5233,
286,
286,
242.6485,
241.8428,
233.2349,
229.5541,
225.9315,
238.2934,
203.6768,
215.5663,
240.7081,
222.9296,
218.3183,
274.2746,
271.0437,
255.3879,
286,
240.5658,
286,
0,
2063, 
244.4907,
211.2577,
222.8999,
267.8871,
276.8055,
228.1582,
224.5233,
289,
289,
244.2011,
238.7944,
233.2349,
229.7457,
225.9315,
240.776,
204.4401,
215.5663,
242.6602,
224.3537,
218.643,
274.2746,
272.1832,
256.1467,
289,
241.2938,
289,
0,
2064, 
244.4907,
211.7058,
222.8999,
267.8871,
280.9788,
228.1582,
224.5233,
292,
292,
245.0798,
267.2428,
234.6305,
230.1429,
227.7648,
242.2553,
205.2082,
215.5663,
244.8459,
225.7272,
218.9326,
274.2746,
272.5683,
256.7813,
292,
243.5845,
292,
0,
2065, 
244.4907,
212.1456,
222.8999,
267.8871,
280.9788,
228.1582,
224.5233,
295,
295,
245.2904,
275.5764,
236.4469,
230.1429,
229.9118,
242.2553,
205.9816,
215.5663,
247.1625,
226.6653,
219.2011,
274.2746,
273.0176,
257.2795,
295,
243.5845,
295,
0,
2066, 
244.4907,
212.5763,
222.8999,
267.8871,
283.6263,
228.1582,
224.5233,
298,
298,
245.2904,
277.9026,
237.4926,
230.1429,
232.2141,
247.8953,
206.7611,
215.5663,
249.1515,
227.6148,
219.4625,
274.2746,
274.5127,
257.6164,
298,
246.8508,
298,
0,
2067, 
244.4907,
212.9977,
222.8999,
267.8871,
283.6263,
228.1582,
224.5233,
301,
301,
245.2904,
277.9026,
238.2754,
230.1429,
232.2141,
252.5039,
207.1718,
215.5663,
254.6057,
228.5467,
219.6936,
274.2746,
274.8851,
257.9831,
301,
249.6892,
301,
0,
2068, 
244.4907,
213.4093,
222.8999,
267.8871,
283.6263,
228.1582,
224.5233,
304,
304,
245.2904,
277.9026,
238.2754,
230.1429,
232.2141,
257.701,
207.5693,
215.5663,
258.8223,
229.3424,
219.9567,
274.2746,
274.9788,
258.0174,
304,
250.1246,
304,
0,
2069, 
244.4907,
213.8104,
222.8999,
269.9605,
283.6263,
228.1582,
224.5233,
307,
307,
245.2904,
277.9026,
238.2754,
230.1429,
232.2141,
260.3865,
207.9526,
215.5663,
259.3061,
229.9742,
220.1868,
274.2746,
274.9788,
258.115,
307,
251.2675,
307,
0,
2070, 
244.4907,
214.2005,
222.8999,
269.9605,
283.6263,
228.1582,
224.5233,
310,
310,
245.2904,
277.9026,
238.2754,
230.1569,
232.2141,
260.3865,
208.3207,
215.5663,
260.9213,
230.6933,
220.4107,
274.2746,
276.4213,
258.1548,
310,
253.8457,
310,
0,
2071, 
244.4907,
214.579,
222.8999,
274.6467,
283.6263,
228.1582,
224.5233,
313,
313,
245.2904,
277.9026,
238.2754,
230.7429,
232.2141,
260.4441,
208.6725,
215.5663,
262.5701,
231.1466,
220.6657,
274.2746,
277.7293,
258.193,
313,
256.3149,
313,
0,
2072, 
244.4907,
214.9452,
223.2222,
274.6467,
283.6263,
229.4639,
224.5233,
316,
316,
245.5937,
277.9026,
240.4893,
231.3631,
232.2141,
261.631,
209.5936,
215.9405,
264.0408,
231.871,
221.4935,
274.2746,
278.8649,
258.2281,
316,
257.7886,
316,
0,
2073, 
244.4907,
215.2984,
223.5355,
278.7381,
283.6263,
230.8198,
224.5233,
319,
319,
246.3098,
289.8232,
240.5694,
231.6136,
232.2141,
261.9572,
210.5476,
216.3023,
268.2191,
232.5965,
222.3299,
274.2746,
279.8286,
258.2715,
319,
258.6925,
319,
0,
2074, 
244.4907,
215.6379,
223.8395,
279.8324,
283.6263,
232.2326,
224.5233,
322,
322,
247.5702,
298.6861,
240.6472,
232.075,
232.2141,
263.299,
211.5426,
216.6511,
271.4107,
233.323,
223.1759,
274.2746,
280.681,
258.3547,
322,
259.8168,
322,
0,
2075, 
244.4907,
215.9627,
224.1339,
279.8324,
283.6263,
233.7099,
224.5233,
325,
325,
248.124,
272.5067,
240.7226,
232.0926,
232.2141,
272.6941,
212.5893,
216.9861,
272.6784,
234.0506,
224.0325,
274.2746,
283.5236,
258.4231,
325,
262.4263,
325,
0,
2076, 
244.6472,
216.272,
224.4184,
281.3943,
283.6263,
235.2609,
224.5233,
328,
328,
253.8933,
272.9503,
262.9499,
235.2711,
232.2141,
280.1972,
213.7027,
217.3064,
276.3579,
234.7795,
224.9009,
280.5322,
283.8262,
258.4855,
328,
262.8371,
328,
0,
2077, 
244.867,
216.5649,
224.6371,
284.5016,
283.6263,
235.281,
224.5233,
331,
331,
253.8933,
273.5256,
262.9833,
236.417,
233.1726,
286.403,
215.1342,
217.7588,
278.5847,
235.1163,
226.0078,
284.8789,
284.0066,
258.4855,
331,
264.086,
331,
0,
2078, 
245.0817,
216.8402,
224.8462,
284.5016,
283.6263,
235.3003,
224.5233,
334,
334,
253.8933,
276.1521,
263.0161,
236.417,
234.1483,
292.787,
216.7778,
218.1958,
279.3716,
235.4455,
227.1568,
291.2939,
284.2176,
258.4855,
334,
268.628,
334,
0,
2079, 
245.2912,
217.0967,
253.3684,
284.5016,
283.6263,
235.3188,
224.5233,
337,
337,
253.8933,
277.7447,
263.048,
236.4952,
235.1429,
296.3222,
217.233,
218.6157,
280.7751,
235.7669,
228.3548,
307.1477,
285.3959,
258.508,
337,
269.5737,
337,
0,
2080, 
245.4957,
217.3333,
253.7218,
284.5016,
283.6263,
235.3364,
224.5233,
340,
340,
254.0719,
308.5506,
263.0793,
236.9019,
236.1585,
297.8953,
217.2957,
219.0169,
282.7726,
236.0801,
229.6103,
310.8941,
287.6685,
258.5546,
340,
270.5971,
340,
0,
2081, 
245.6948,
217.5485,
260.5161,
284.6116,
283.6263,
235.3532,
224.5233,
343,
343,
254.956,
309.774,
263.1098,
237.4633,
237.1973,
299.6663,
217.3509,
219.3975,
282.8363,
236.3209,
230.9338,
312.4206,
293.7977,
258.7396,
343,
274.2599,
343,
0,
2082, 
257.2524,
217.7408,
262.9651,
286.2372,
283.6263,
235.3532,
224.5233,
346,
346,
254.956,
310.2833,
263.1656,
237.6608,
237.3062,
300.5916,
217.3984,
221.6214,
285.651,
236.3209,
231.7606,
312.4206,
300.9205,
259.1655,
346,
277.4017,
346,
0,
2083, 
260.0071,
217.9086,
266.1983,
286.2372,
283.6263,
235.3532,
224.5233,
349,
349,
255.6721,
310.2833,
263.1656,
238.7264,
238.3491,
300.5916,
217.4381,
224.2608,
287.9951,
237.7613,
232.4805,
313.6882,
304.4406,
259.3372,
349,
278.2681,
349,
0,
2084, 
260.2281,
219.2785,
271.8464,
286.2372,
283.6263,
235.3532,
224.5233,
352,
352,
258.0047,
309.5944,
263.4259,
239.6169,
241.7324,
300.7833,
217.4697,
226.0297,
290.1043,
238.4698,
232.9971,
316.6228,
306.9555,
259.3372,
352,
278.2681,
352,
0,
2085, 
260.4447,
221.0715,
271.8464,
286.5173,
283.6263,
235.3532,
224.5233,
355,
355,
258.0047,
309.1904,
263.6816,
240.0577,
244.8482,
300.9107,
217.4933,
228.166,
292.0294,
239.1788,
233.5211,
316.6228,
308.4207,
259.3372,
355,
281.561,
355,
0,
2086, 
265.3833,
221.3207,
283.4718,
294.1825,
283.6263,
235.3532,
224.5233,
358,
358,
258.756,
308.323,
264.2226,
242.3358,
244.8482,
300.9577,
218.562,
228.166,
293.8494,
240.7151,
235.0266,
316.6228,
308.8877,
259.3372,
358,
282.5486,
358,
0,
2087, 
271.7367,
221.5514,
283.4718,
297.5857,
283.6263,
235.3532,
224.5233,
361,
361,
259.2056,
307.0207,
264.2226,
244.4908,
244.8482,
301.0256,
220.1891,
228.166,
296.3471,
240.7151,
237.0658,
316.6228,
310.3775,
259.3372,
361,
284.0333,
361,
0,
2088, 
272.0031,
221.7522,
283.4718,
297.5857,
283.6263,
235.5286,
224.5233,
364,
364,
259.5421,
307.0207,
264.2226,
246.9094,
246.1519,
303.5909,
220.2329,
228.166,
299.3835,
243.229,
241.1015,
316.6228,
311.5806,
259.3372,
364,
284.5279,
364,
0,
2089, 
272.2855,
221.9083,
283.4718,
302.7481,
283.6263,
235.5286,
225.6017,
367,
367,
259.7487,
307.6657,
264.2226,
249.6706,
247.0771,
305.4768,
220.6,
228.166,
299.961,
244.8791,
244.9051,
316.6228,
314.9782,
259.3372,
367,
287.1055,
367,
0,
2090, 
272.5833,
222,
285.1216,
307.4899,
283.6263,
235.5286,
225.6017,
370,
370,
259.7487,
308.1087,
264.2226,
249.8274,
247.7665,
305.4768,
370,
228.166,
300.2112,
244.986,
253.5446,
316.6228,
318.0295,
259.3372,
370,
287.1055,
370,
0,
2091, 
274.1245,
373,
285.6306,
310.3809,
283.6263,
235.6872,
231.1824,
373,
373,
259.7487,
309.0088,
264.316,
249.919,
247.7665,
305.4768,
373,
228.166,
300.7427,
244.986,
254.9406,
316.6228,
320.5647,
259.3372,
373,
288.063,
373,
0,
2092, 
274.1245,
376,
286.5541,
315.831,
283.6263,
235.6872,
231.1824,
376,
376,
259.7487,
310.3922,
264.316,
251.6196,
247.8938,
318.5373,
376,
228.166,
309.7075,
252.7977,
256.6098,
316.6228,
321.4704,
260.2342,
376,
290.0662,
376,
0,
2093, 
274.1245,
379,
310.1051,
315.831,
283.6263,
235.6872,
231.1824,
379,
379,
259.7487,
310.3922,
269.5317,
254.0539,
250.8946,
322.2082,
379,
230.1449,
313.6453,
252.886,
256.6098,
316.6228,
321.5536,
261.1397,
379,
292.4667,
379,
0,
2094, 
274.1245,
382,
348.6982,
315.831,
283.6263,
235.6872,
231.1824,
382,
382,
259.7487,
313.8839,
284.5309,
258.5237,
255.7753,
322.4159,
382,
233.1689,
315.7723,
255.5554,
256.6098,
316.6228,
321.5536,
261.5468,
382,
294.195,
382,
0,
2095, 
274.1245,
385,
348.6982,
316.0541,
283.6263,
239.4624,
231.1824,
385,
385,
259.7487,
313.9749,
286.025,
262.1899,
258.5819,
322.4159,
385,
234.1322,
317.5952,
256.9173,
256.6098,
316.6228,
321.5536,
261.74,
385,
297.5295,
385,
0,
2096, 
274.1245,
388,
348.6982,
316.5406,
283.6263,
241.7104,
232.6282,
388,
388,
259.7487,
314.012,
289.9839,
263.9577,
260.3264,
322.4159,
388,
237.4,
319.1981,
258.1167,
256.8688,
316.6228,
321.5536,
261.9801,
388,
301.6944,
388,
0,
2097, 
274.1245,
391,
348.6982,
317.2743,
283.6263,
243.3847,
232.6282,
391,
391,
259.9662,
314.0718,
293.2798,
267.2172,
262.6617,
322.4159,
391,
237.4,
319.5124,
260.8192,
258.615,
335.6725,
321.5536,
262.4403,
391,
308.188,
391,
0,
2098, 
274.1245,
394,
348.6982,
317.4627,
283.6263,
243.6289,
233.2,
394,
394,
260.39,
314.1337,
297.1591,
269.939,
263.789,
322.5016,
394,
237.4,
322.5652,
260.8192,
260.9769,
335.6725,
321.5536,
264.1518,
394,
312.752,
394,
0,
2099, 
274.1245,
397,
348.6982,
317.4627,
283.6263,
243.6289,
397,
397,
397,
261.479,
314.183,
299.3606,
272.1507,
263.789,
323.7938,
397,
237.4,
324.1147,
260.987,
261.1719,
353.1196,
322.1239,
265.9527,
397,
316.6261,
397,
0,
2100, 
274.1245,
400,
348.6982,
320.0268,
283.6263,
243.6289,
400,
400,
400,
264.2497,
314.228,
300.0874,
273.1603,
263.789,
324.5667,
400,
237.4,
324.5683,
261.0747,
261.1719,
353.1196,
322.364,
270.5017,
400,
318.7442,
400,
0];
