real main.em.dem.hi.CE.Cement_Production[28](t) = [1971, 
8.317,
71.054,
7.520999,
5.215999,
9.803001,
14.936,
7.026,
3.428,
1.436,
5.861,
187.588,
41.77,
7.553,
1.94,
0,
100.331,
9.703,
14.931,
11.672,
32.187,
8.483,
0.487,
59.434,
5.586,
3.228,
2.222,
0,
621.713,
1972, 
9.091,
74.93,
8.753,
7.050999,
11.382,
15.606,
6.979,
3.822,
1.397,
6.112,
213.191,
45.894,
7.595,
1.952,
0,
104.299,
11.295,
15.785,
11.786,
36.019,
9.256001,
0.596,
66.292,
5.929,
3.102,
2.513,
0,
680.627,
1973, 
10.053,
77.576,
9.918,
7.588999,
13.398,
16.182,
6.846,
3.85,
1.411,
6.864,
206.852,
48.525,
8.946,
1.987,
0,
109.521,
10.994,
15.016,
13.975,
37.897,
11.17,
0.74,
78.12,
6.301,
3.464,
2.87,
0,
710.065,
1974, 
10.641,
73.558,
10.672,
7.624999,
15.187,
16.977,
7.144,
4.037,
1.451,
7.301,
203.452,
52.201,
8.94,
2.04,
0,
115.145,
13.005,
14.319,
14.842,
37.832,
10.829,
0.831,
73.108,
6.675,
3.863,
2.891,
0,
714.566,
1975, 
9.741,
62.13,
11.2,
7.123999,
16.391,
16.52,
7.791,
4.533,
1.419,
7.176,
192.852,
55.812,
10.833,
2.169,
0,
122.057,
14.87,
16.248,
17.129,
46.9937,
11.881,
1.077,
65.517,
6.292,
3.999,
2.667,
0,
714.4217,
1976, 
9.898,
67.581,
12.691,
7.634999,
18.675,
17.501,
7.991,
4.581,
1.513,
7.048,
198.166,
59.909,
12.154,
24.668,
0,
124.246,
15.867,
18.516,
18.873,
47.6281,
12.959,
1.81,
68.712,
6.162,
3.857,
1.775,
0,
770.4161,
1977, 
9.933,
72.629,
13.328,
7.535999,
21.123,
17.995,
8.849,
4.653,
1.77,
6.573,
203.119,
63.284,
13.39,
25.11467,
0,
127.056,
16.602,
19.173,
21.198,
56.7764,
13.686,
2.549,
73.138,
6.119,
3.928,
1.778,
0,
811.3,
1978, 
10.473,
77.546,
14.15,
8.235,
23.239,
19.139,
10.202,
4.846,
1.626,
6.823,
206.804,
66.265,
15.572,
24.61233,
0,
126.956,
18.953,
19.626,
22.133,
66.6375,
14.187,
3.649,
84.882,
5.952,
4.286,
1.749,
0,
858.5428,
1979, 
11.459,
76.648,
15.352,
8.558999,
24.871,
20.969,
13.056,
5.206,
1.652,
6.199,
209.948,
65.815,
13.573,
23.802,
0,
123.019,
23.557,
18.27,
24.413,
75.3604,
17.259,
4.432,
87.804,
5.981,
4.134,
1.757,
0,
883.0954,
1980, 
10.34,
68.241,
16.398,
8.938279,
27.194,
23.439,
14.922,
5.429,
1.80305,
7.125,
210.581,
71.827,
12.975,
23.71467,
4.2,
125.049,
26.268,
17.803,
23.612,
81.52399,
15.203,
5.259,
87.957,
6.057,
4.431,
1.672,
0,
901.962,
1981, 
10.152,
65.054,
18.173,
8.829503,
26.051,
23.459,
16.26,
6.641,
1.77682,
8.095,
204.569,
66.84,
15.043,
23.78933,
4.41925,
127.169,
31.741,
20.908,
23.617,
84.52,
16.272,
5.719,
84.82801,
6.553,
4.696,
1.869,
0,
907.0439,
1982, 
8.136,
57.475,
19.343,
8.506739,
25.644,
22.422,
16.086,
6.631,
1.60826,
8.08,
198.328,
75.157,
15.778,
24.054,
4.6385,
200.392,
34.413,
22.65,
25.887,
96.815,
17.921,
5.832,
80.686,
7.054,
4.644629,
1.73,
0,
989.9121,
1983, 
7.871,
63.927,
17.363,
8.913981,
20.87,
20.749,
18.043,
6.107,
1.599,
7.897,
198.173,
78.859,
13.595,
25.132,
13.49375,
208.56,
37.043,
25.261,
29.282,
110.132,
19.459,
8.095,
80.891,
6.262,
4.893568,
1.523,
0,
1033.994,
1984, 
9.386999,
70.452,
18.702,
8.833752,
19.497,
21.128,
22.488,
5.557,
1.568577,
8.084,
186.505,
82.269,
15.738,
26.015,
14.2401,
211.5,
43.223,
29.541,
28.413,
125.008,
19.517,
8.893001,
78.86,
5.617,
5.32135,
1.54,
0,
1067.898,
1985, 
10.192,
70.284,
20.255,
8.695295,
20.635,
21.206,
24.608,
6.944,
1.562796,
6.88,
176.347,
76.718,
17.581,
25.795,
15.051,
212.779,
44.516,
31.971,
28.509,
147.936,
17.98,
9.94,
72.847,
6.667,
5.57609,
1.65,
0,
1083.125,
1986, 
10.611,
71.112,
19.825,
9.727639,
25.252,
24.022,
22.808,
7.3322,
1.713959,
6.246,
176.827,
80.356,
20.004,
27.166,
16.889,
219.266,
42.843,
34.983,
31.53,
168.721,
18.707,
11.323,
71.264,
7.133278,
6.878,
1.924,
0,
1134.464,
1987, 
12.603,
67.38,
23.482,
10.28211,
25.468,
26.243,
26.097,
6.6949,
1.888073,
5.999,
181.316,
80.014,
21.98,
27.606,
17.332,
222.991,
45.763,
37.135,
34.946,
189.016,
20.774,
11.814,
71.551,
6.917004,
7.756,
2.074,
0,
1185.122,
1988, 
12.35,
71.544,
23.606,
9.706407,
25.329,
26.25486,
27.549,
7.6606,
1.816,
6.760001,
193.818,
82.502,
22.568,
28.16,
17.628,
225.236,
48.797,
41.136,
41.411,
212.831,
23.459,
13.118,
77.554,
7.058201,
8.302,
2.23,
0,
1258.384,
1989, 
12.591,
71.308,
24.21,
10.27073,
25.921,
23.293,
27.887,
7.945941,
2.309,
7.261,
202.05,
80.533,
23.704,
27.958,
18.42,
227.651,
54.065,
44.197,
47.12099,
212.949,
27.675,
14.788,
79.717,
7.755054,
8.279,
2.263,
0,
1292.122,
1990, 
11.745,
70.944,
24.683,
10.25889,
25.85,
23.45166,
30.144,
6.679068,
2.458,
6.563,
200.368,
72.992,
24.299,
27.275,
18.225,
222.811,
55.37,
46.17,
49.914,
211.96,
35.097,
14.786,
84.445,
7.357902,
8.611,
2.506,
0,
1294.964,
1991, 
9.372,
67.193,
25.208,
9.027902,
27.491,
24.69829,
32.726,
7.016109,
2.332,
6.147,
194.9965,
52.952,
26.029,
25.956,
17.003,
79.893,
46.29,
52.013,
55.167,
246.56,
39.188,
13.48,
89.564,
6.452879,
9.018,
2.836,
0,
1168.61,
1992, 
8.592,
69.585,
27.114,
9.19588,
23.902,
29.29976,
32.958,
7.428288,
2.466,
5.85,
185.845,
41.594,
28.455,
23.089,
14.963,
63.32,
52.276,
53.936,
61.444,
309.994,
42.915,
14.048,
88.252,
6.670589,
9.614,
2.404,
0,
1215.21,
1993, 
9.394001,
73.807,
28.725,
9.73794,
24.845,
40.0546,
30.214,
7.554194,
2.517,
6.135,
171.025,
37.99,
31.134,
17.03,
11.312,
51.022,
57.5946,
57.326,
64.313,
369.672,
50.609,
19.61,
88.046,
7.491562,
9.70181,
2.342,
0,
1279.203,
1994, 
10.584,
77.94801,
31.594,
10.56813,
25.229,
30.79477,
30.53,
6.448114,
2.478112,
7.068,
180.743,
41.162,
29.356,
12.962,
8.107,
37.898,
59.5058,
63.461,
69.088,
423.193,
57.7171,
24.564,
91.62401,
8.107636,
9.899,
2.014,
0,
1352.644,
1995, 
10.44,
76.906,
25.295,
10.925,
28.256,
33.93748,
32.42,
6.674058,
3.141187,
7.437,
178.958,
41.78201,
33.153,
8.911,
6.016,
36.949,
61.9665,
67.722,
73.101,
477.628,
64.9424,
23.136,
90.474,
7.7452,
9.767,
2.469,
0,
1420.152,
1996, 
11.1,
80.8,
25.4,
9.11,
34.6,
32.554,
37.57,
10.568,
2.827,
7.67,
172.793,
42.584,
35.2,
6.51,
4.345,
28.39,
50.613,
80,
74.3,
513.636,
57.774,
36.5,
94.5,
7.692,
10.709,
2.77,
0,
1470.515,
1997, 
11.7,
82.5,
27.5,
9.303,
38.1,
34.8,
39.03,
14.16,
2.73,
7.49,
176.439,
43.813,
36,
7.102001,
4.595,
27.331,
50.333,
80,
76.8,
516.542,
71.588,
41.2,
91.90001,
7.66,
10.831,
2.79,
0,
1512.237,
1998, 
12.1,
82.2,
27.7,
11.065,
40,
37.166,
38.49,
11.481,
3.176,
9.5,
196.397,
44.22,
38.2,
7.704,
4.577,
26.715,
43.822,
85,
63.8,
535.149,
53.49,
44,
81.3,
7.63,
10.706,
3.466,
0,
1519.054,
1999, 
12.6,
87.3,
29.4,
12.832,
40.3,
37.72,
41.56,
11.198,
3.075,
8.9,
195.813,
45,
34.4,
7.98,
5.336,
29.2,
44.518,
90,
64.2,
592.794,
67.355,
41.5,
80.1,
7.545,
11.282,
3.427,
0,
1605.335,
2000, 
12.6,
89.5,
31.7,
10.924,
39.2,
38.36,
45.01,
11.471,
3.194,
8.99,
201.394,
44.804,
35.8,
7.382,
4.52,
33.167,
51.709,
95,
67.4,
601.972,
64.405,
51.7,
81.09999,
8.545,
12.05,
3.029,
0,
1654.926,
2001, 
13,
90.4,
30,
11.049,
39.5,
38.45,
48.52,
12.555,
3.183,
9.17,
198.62,
41.374,
35,
7.8,
4.988999,
36.398,
54.939,
100,
57.16,
680.418,
67.202,
55.1,
76.6,
8.545,
12.445,
3.046,
0,
1735.463,
2002, 
13.2,
91.3,
31,
11.998,
38,
30.67,
48.22,
13.39,
3.223,
9.620001,
190.81,
41.409,
32.6,
9.61,
5.083,
39.203,
56.557,
100,
60.82,
724.548,
75.43,
61.6,
71.8,
8.7,
12.85,
2.658,
0,
1784.299,
2003, 
14.1,
94.3,
32,
13.334,
38,
33.07,
52.04,
13.445,
4.147,
10.2,
205.06,
44.314,
35.1,
11.645,
6.173,
42.739,
57.4,
100,
64.74,
880.65,
82.585,
64.5,
68.8,
9.15,
17.035,
3.419,
0,
1997.946,
2004, 
14.9,
98.99999,
35,
13.316,
34.4,
37.54,
55.12,
13.633,
4.529,
12,
209.57,
47.582,
38,
13.77,
6.684,
48.056,
62.533,
125,
59.93,
990.31,
93.211,
68.2,
67.4,
9.2,
17.39,
3.485,
0,
2179.759,
2005, 
14.3,
101,
37.5,
14.631,
36.7,
42.3,
59.49,
13.926,
5.305,
14.5,
209.482,
49.7,
42.8,
15.971,
6.873,
51.095,
68.981,
130,
57.1,
1090.012,
101.459,
66.6,
69.6,
9.269,
17.66,
3.535,
0,
2329.789,
2006, 
14,
99.7,
40,
15.314,
36.7,
45.28,
61.93,
16.177,
5.547,
13,
219.626,
55.181,
48,
18.037,
7.492,
57.395,
73.202,
155,
59.7,
1259.441,
101.86,
67,
69.9,
10.39,
18.175,
5.06,
0,
2573.107,
2007, 
14.5,
96.9,
40.7,
15.882,
46.4,
48.95,
63.95,
21.996,
5.838,
15.3,
231.62,
60.693,
48.8,
19.88,
8.1,
62.762,
86.86,
170,
63.13,
1369.18,
105.895,
77,
67.7,
10.979,
28.33,
5.295,
0,
2786.64,
2008, 
13.7,
87.60001,
40.1,
16.915,
46.5,
51.39,
78.46,
28.503,
7.118,
13.5,
200.297,
62.942,
51.4,
20.92,
9.04,
56.32,
89.5,
180,
58.12,
1407.57,
110.188,
81.4,
62.8,
10.743,
29.325,
5.47,
0,
2819.821,
2009, 
11,
64.9,
35.2,
14.762,
51.7,
49.98,
86.79,
27.251,
8.475,
11.8,
168.876,
49.868,
53,
14.78,
8.724,
46.927,
105.65,
180,
56.5,
1646.135,
115.564,
88,
54.8,
10.648,
33.425,
6.329,
0,
3001.084,
2010, 
12.4,
67.2,
34.5,
15.584,
59.1,
50.23,
85.26,
30.25,
11.03,
10.9,
162.47,
49.967,
62.7,
15.09,
8.988,
53.025,
109.31,
220,
53.6,
1896.623,
129.993,
83,
51.5,
10.358,
37.531,
6.847,
0,
3327.456,
2011, 
12,
68.6,
34.5,
14.596,
62.6,
50.08,
84.55,
29.462,
12.704,
11.2,
164.972,
52.527,
63.4,
16.5,
9.519,
58.912,
126.24,
270,
54.7,
2117.326,
133.828,
95,
51.3,
10.058,
43.338,
7.679,
0,
3655.591,
2012, 
12.465,
74.934,
36.184,
18.39,
69.323,
55.27501,
99.711,
34.5,
14.52,
11.56,
135.855,
46.49001,
63.879,
15.949,
17.691,
65.65,
187.953,
270,
53.308,
2228.272,
132.478,
52.55,
54.737,
9.915001,
50.777,
10.601,
0,
3822.967,
2013, 
11.611,
77.41499,
34.612,
18.588,
69.975,
59.163,
94.874,
40.283,
16.353,
12.168,
133.019,
44.352,
71.337,
16.064,
18.772,
70.849,
192.102,
280,
53.891,
2430.161,
138.998,
56.89,
57.962,
9.899999,
53.78099,
11.552,
0,
4074.672,
2014, 
11.879,
83.124,
36.597,
19.663,
71.254,
59.394,
104.917,
40.665,
18.186,
12.068,
131.91,
45.217,
71.239,
15.553,
21.27,
74.128,
193.043,
280,
53.723,
2509.493,
143.824,
56.96,
57.913,
10.394,
54.722,
13.937,
0,
4191.073,
2015, 
12.167,
84.94,
39.613,
19.827,
65.283,
60.062,
103.157,
43.019,
20.912,
12.992,
133.206,
46.395,
71.419,
14.194,
23.293,
66.963,
188.614,
260,
58.744,
2374.785,
158.639,
60.05,
54.827,
11.016,
64.29,
14.236,
0,
4062.643,
2016, 
11.693,
85.153,
40.577,
19.466,
57.557,
55.292,
105.928,
46.84,
22.622,
13,
135.046,
46.83101,
75.403,
14.501,
23.837,
59.321,
178.263,
280,
63.827,
2424.398,
164.924,
62.2,
53.255,
10.831,
70.756,
14.521,
0,
4136.042,
2017, 
12.706,
86.799,
41.601,
19.991,
54.004,
55.777,
124.553,
44.91,
23.252,
13.17,
136.163,
50.9,
80.55199,
14.609,
26.55,
60.09,
168.605,
283,
64.24,
2344.131,
172.963,
69.479,
55.195,
10.305,
75.794,
13.546,
0,
4102.885,
2018, 
13.554,
86.99999,
48.328,
19.209,
53.553,
53.00299,
102.7,
52.421,
23.35,
13.68,
138.733,
54.454,
72.544,
14.993,
27.588,
59.65,
173.253,
310,
57.923,
2249.513,
188.088,
75.413,
55.307,
10.879,
85.162,
14.813,
0,
4055.111,
2019, 
14,
88.1,
45.163,
18.628,
56.611,
53.091,
100.087,
57.746,
21.854,
12.726,
139.456,
56.943,
56.966,
15.258,
29.807,
64.436,
178.069,
334,
56.235,
2353.969,
207.594,
72.04,
53.462,
11.105,
88.543,
17.057,
0,
4202.946,
2020, 
14,
89.8,
47.833,
16.711,
61.052,
47.215,
90.375,
63.428,
24.867,
10.8,
137.154,
57.886,
72.299,
15.539,
31.519,
62.563,
193.587,
290,
53.208,
2391.468,
214.147,
62.83,
50.905,
10.72,
87.684,
17.504,
0,
4215.094,
2021, 
14,
91.3,
51.559,
18.552,
65.884,
57.598,
101.499,
69.572,
27.44,
12.5,
143.357,
59.388,
78.495,
17.009,
35.204,
66.584,
192.297,
350,
55.824,
2377.575,
227.432,
65.15,
50.083,
10.96,
97.859,
17.643,
0,
4354.764,
2022, 
15,
91.59999,
49.8,
18.761,
63.546,
60.309,
96.689,
70.41,
26.17,
12,
141.065,
57.383,
73.708,
11.6,
35.455,
67.772,
192.559,
380,
57.612,
2144.181,
236.292,
64.16,
53.2,
11.183,
94.53801,
18.001,
0,
4142.994,
2023, 
15.02206,
91.95734,
50.42493,
19.13993,
64.30685,
60.71444,
99.18034,
73.04947,
24.39047,
12.0997,
141.1205,
57.35944,
73.86643,
11.61508,
36.24062,
68.07956,
195.4589,
394.4888,
57.55337,
2149.911,
238.8919,
65.87193,
52.89809,
11.23453,
96.18477,
18.7782,
0,
4179.838,
2024, 
15.05099,
92.29304,
50.93738,
19.5428,
64.76903,
61.60276,
101.5414,
76.31393,
26.43354,
12.25586,
141.2814,
57.45871,
74.00143,
11.65189,
37.00993,
68.2404,
198.649,
408.7563,
57.53511,
2154.637,
241.8055,
67.56921,
52.55898,
11.29142,
99.7504,
19.92801,
0,
4222.865,
2025, 
15.10323,
92.68784,
51.38185,
19.95422,
65.30797,
62.52968,
104.0302,
79.82772,
29.46574,
12.40327,
141.6331,
57.59959,
74.24785,
11.76115,
37.79411,
68.38871,
201.8803,
422.9515,
57.55301,
2158.905,
244.9335,
69.26093,
52.25282,
11.36206,
103.9331,
21.18652,
0,
4268.334,
2026, 
15.16428,
93.18628,
52.01397,
20.41234,
65.83366,
63.47954,
106.3382,
84.21175,
32.87876,
12.56298,
141.9491,
57.57829,
74.59525,
12.04618,
38.49343,
68.49466,
205.1135,
437.3673,
57.51874,
2158.944,
248.1847,
70.93359,
52.01179,
11.41789,
109.764,
23.07533,
0,
4313.57,
2027, 
15.23623,
93.76561,
52.64311,
20.86094,
66.36758,
64.40535,
108.3365,
88.56417,
36.22637,
12.72863,
142.3423,
57.55257,
74.9787,
12.32246,
39.18075,
68.59335,
208.3014,
450.9161,
57.49094,
2157.994,
251.3479,
72.55814,
51.80457,
11.45998,
115.3725,
24.929,
0,
4356.279,
2028, 
15.3185,
94.4218,
53.27007,
21.30994,
66.90803,
65.3177,
110.2025,
92.83907,
39.51463,
12.9033,
142.8209,
57.5098,
75.37319,
12.5922,
39.85571,
68.68562,
211.4254,
463.7558,
57.45689,
2155.718,
254.3987,
74.15614,
51.62339,
11.49692,
120.7999,
26.76225,
0,
4396.437,
2029, 
15.42119,
95.19416,
53.90002,
21.77053,
67.46655,
66.24004,
111.9134,
97.06718,
42.74945,
13.09181,
143.4505,
57.45824,
75.83237,
12.56523,
40.51739,
68.77238,
214.4679,
476.0187,
57.43483,
2151.689,
257.3969,
75.75396,
51.50291,
11.53618,
126.1078,
28.58114,
0,
4433.9,
2030, 
15.5372,
96.11936,
54.5313,
22.25231,
68.03267,
67.19321,
113.5548,
101.2975,
45.93626,
13.29822,
144.195,
57.39482,
76.26801,
12.49182,
41.16442,
68.85461,
217.3957,
487.8214,
57.38814,
2145.409,
260.2387,
77.37569,
51.40513,
11.59108,
131.3197,
30.39064,
0,
4468.457,
2031, 
15.68794,
97.16727,
55.17607,
22.80241,
68.77027,
68.24055,
115.3047,
107.9426,
50.10181,
13.60011,
145.1312,
57.28992,
76.7505,
12.38747,
41.80065,
68.97066,
220.0935,
499.3715,
57.29117,
2133.896,
262.916,
78.99155,
51.40367,
11.66325,
137.3529,
32.83455,
0,
4502.938,
2032, 
15.86275,
98.37928,
55.82562,
23.37442,
69.52435,
69.31816,
116.902,
114.5107,
54.19304,
13.92639,
146.2395,
57.18262,
77.22619,
12.26112,
42.41447,
69.08221,
222.6141,
510.5591,
57.18278,
2119.1,
265.4217,
80.68241,
51.45056,
11.7479,
143.2878,
35.24382,
0,
4533.513,
2033, 
16.06304,
99.79041,
56.4831,
23.98075,
70.30921,
70.42532,
118.3571,
120.993,
58.23485,
14.28274,
147.5501,
57.06878,
77.69547,
12.13855,
43.00463,
69.168,
224.9276,
521.4933,
57.0701,
2100.538,
267.7499,
82.47427,
51.55378,
11.84902,
149.1802,
37.63359,
0,
4560.015,
2034, 
16.28042,
101.4248,
57.1488,
24.6302,
71.14416,
71.58434,
119.7194,
127.4491,
62.24768,
14.67357,
149.0614,
56.94555,
78.12013,
12.07514,
43.5706,
69.23377,
227.0048,
532.2597,
56.95095,
2077.823,
269.8521,
84.38832,
51.69978,
11.95667,
155.0684,
40.01964,
0,
4582.332,
2035, 
16.52328,
103.2798,
57.82459,
25.32817,
72.03697,
72.82043,
120.9848,
133.9323,
66.24126,
15.10254,
150.7843,
56.81403,
78.48997,
12.10823,
44.11144,
69.28664,
228.8232,
542.9299,
56.85378,
2050.696,
271.7133,
86.44218,
51.88752,
12.05727,
160.99,
42.41551,
0,
4600.478,
2036, 
16.80207,
105.2705,
58.49642,
26.1004,
73.0561,
74.17229,
122.2942,
141.8104,
71.08302,
15.61371,
152.831,
56.66853,
78.83805,
12.21672,
44.61838,
69.36585,
230.2628,
553.525,
56.80822,
2017.051,
273.1006,
88.59978,
52.15622,
12.16976,
167.5837,
45.29672,
0,
4615.792,
2037, 
17.07253,
107.3337,
59.17822,
26.92455,
74.15079,
75.61774,
123.4129,
149.7334,
75.88074,
16.16055,
155.1056,
56.51741,
79.14404,
12.39109,
45.09956,
69.43838,
231.4223,
564.0291,
56.56676,
1979.033,
274.2675,
90.90535,
52.47359,
12.31622,
174.1903,
48.19285,
0,
4626.558,
2038, 
17.3588,
109.5648,
59.87066,
27.80149,
75.31974,
77.15593,
124.414,
157.731,
80.66373,
16.74248,
157.5831,
56.35946,
79.38496,
12.60789,
45.55568,
69.50444,
232.3023,
574.4753,
56.22917,
1936.864,
275.195,
93.35652,
52.82433,
12.47469,
180.8268,
51.10584,
0,
4633.272,
2039, 
17.66207,
111.9524,
60.575,
28.72868,
76.54996,
78.76985,
125.4262,
165.7237,
85.45279,
17.3579,
160.259,
56.19597,
79.58051,
12.84511,
45.98841,
69.55866,
232.9142,
584.8845,
55.85334,
1890.908,
275.9158,
95.9456,
53.2129,
12.63159,
187.5105,
54.03333,
0,
4636.437,
2040, 
17.98237,
114.4685,
61.2909,
29.69922,
77.84833,
80.44721,
126.3826,
173.6904,
90.25236,
18.00389,
163.1201,
56.02808,
79.74803,
13.08684,
46.39944,
69.61786,
233.277,
595.2641,
55.44882,
1841.644,
276.4629,
98.65992,
53.64065,
12.79462,
194.2498,
56.97944,
0,
4636.487,
2041, 
18.33267,
117.0465,
61.98857,
30.71131,
79.19711,
82.1446,
127.3127,
183.1503,
96.02443,
18.69551,
166.2458,
55.85869,
79.94623,
13.31873,
46.7725,
69.72916,
233.2384,
605.314,
55.01762,
1787.777,
276.7086,
101.3822,
54.16194,
12.95904,
201.6066,
60.47813,
0,
4635.118,
2042, 
18.69174,
119.7002,
62.68917,
31.75158,
80.56711,
83.86353,
128.2323,
192.535,
101.725,
19.40328,
169.4836,
55.68527,
80.10658,
13.552,
47.12891,
69.86201,
233.0049,
615.2405,
54.55991,
1731.882,
276.8055,
104.184,
54.69751,
13.11725,
208.9242,
63.97502,
0,
4631.368,
2043, 
19.05108,
122.4317,
63.38779,
32.81566,
81.95962,
85.62438,
129.1502,
201.9487,
107.3779,
20.12194,
172.7742,
55.50573,
80.19355,
13.78508,
47.4715,
70.01006,
232.604,
625.0291,
54.06507,
1674.601,
276.7325,
107.0422,
55.21878,
13.27807,
216.1886,
67.4733,
0,
4625.842,
2044, 
19.40828,
125.2687,
64.08171,
33.8951,
83.35583,
87.41898,
130.0397,
211.3734,
112.9871,
20.84649,
176.087,
55.3205,
80.21531,
14.01639,
47.80233,
70.16701,
232.0684,
634.6646,
53.53981,
1616.57,
276.5174,
109.9347,
55.7198,
13.45728,
223.3932,
70.9725,
0,
4619.122,
2045, 
19.76102,
128.2082,
64.76852,
34.98291,
84.74518,
89.23047,
130.9144,
220.7801,
118.5598,
21.57195,
179.3927,
55.13005,
80.18008,
14.24442,
48.12397,
70.32487,
231.4345,
644.1297,
52.99059,
1558.391,
276.1877,
112.8397,
56.19505,
13.66236,
230.5285,
74.46796,
0,
4611.746,
2046, 
20.12381,
131.1832,
65.40751,
36.06218,
86.09256,
90.99772,
131.7612,
231.7706,
125.0283,
22.28935,
182.748,
54.94984,
80.13377,
14.46399,
48.40353,
70.49384,
230.5002,
652.9592,
52.43825,
1498.626,
275.6446,
115.6111,
56.7053,
13.88452,
238.0355,
78.4739,
0,
4604.788,
2047, 
20.47618,
134.1962,
66.03207,
37.12954,
87.4053,
92.74254,
132.6852,
242.627,
131.3632,
22.99392,
186.0355,
54.76485,
79.93119,
14.67744,
48.67828,
70.65756,
229.5392,
661.5225,
51.86873,
1439.897,
275.0261,
118.3487,
57.17418,
14.11193,
245.3806,
82.41411,
0,
4597.679,
2048, 
20.8995,
137.0237,
66.67209,
38.15957,
88.60559,
94.38583,
133.4362,
253.1011,
137.4773,
23.68945,
189.6283,
54.6099,
80.60683,
14.82973,
48.94847,
70.79018,
228.6304,
669.8593,
51.54097,
1382.624,
275.1596,
121.0566,
57.96416,
14.27645,
252.7518,
86.24969,
0,
4592.977,
2049, 
21.30919,
139.8477,
67.29556,
39.16595,
89.76129,
95.99366,
134.1675,
263.5268,
143.4588,
24.36561,
193.1129,
54.45079,
81.13782,
14.97401,
49.21788,
70.91685,
227.7338,
677.9128,
51.20482,
1327.158,
275.2573,
123.6999,
58.70596,
14.4568,
259.9561,
90.03504,
0,
4588.823,
2050, 
21.70682,
142.6612,
67.90296,
40.14489,
90.87043,
97.55933,
134.8877,
273.9037,
149.3234,
25.02011,
196.4871,
54.28894,
81.6533,
15.10959,
49.48819,
71.03734,
226.8811,
685.6795,
50.87149,
1273.775,
275.3583,
126.2735,
59.40795,
14.64455,
266.9969,
93.7711,
0,
4585.704,
2051, 
22.10275,
145.3931,
68.46022,
41.07788,
91.89862,
99.04281,
135.5529,
285.7533,
155.9263,
25.64114,
199.75,
54.13111,
82.07686,
15.23512,
49.70961,
71.1414,
225.8501,
692.8375,
50.54677,
1220.977,
275.2323,
128.6711,
60.10474,
14.83319,
274.1422,
97.93495,
0,
4584.023,
2052, 
22.48079,
148.0897,
68.9979,
41.97726,
92.88304,
100.4977,
136.2108,
297.4003,
162.34,
26.23363,
202.8602,
53.96948,
82.45351,
15.35085,
49.93379,
71.24013,
224.8767,
699.6612,
50.11372,
1170.738,
275.0903,
130.9707,
60.75672,
15.03376,
281.0526,
101.9908,
0,
4583.204,
2053, 
22.84491,
150.7127,
69.51772,
42.84027,
93.80851,
101.903,
136.8681,
308.81,
168.5632,
26.79727,
205.8327,
53.80604,
82.81973,
15.45665,
50.16139,
71.33252,
223.9931,
706.1595,
49.62419,
1123.14,
274.9785,
133.1688,
61.36948,
15.23786,
287.745,
105.9447,
0,
4583.436,
2054, 
23.19672,
153.2314,
70.02068,
43.66461,
94.6748,
103.2477,
137.5298,
319.9861,
174.6098,
27.33196,
208.6728,
53.64168,
83.19212,
15.55249,
50.39316,
71.41782,
223.2088,
712.3413,
49.14985,
1078.216,
274.9193,
135.263,
61.95396,
15.43631,
294.2308,
109.8008,
0,
4584.884,
2055, 
23.5361,
155.6426,
70.50741,
44.45018,
95.4828,
104.5316,
138.2002,
330.9435,
180.4924,
27.83784,
211.3789,
53.47649,
83.57236,
15.6385,
50.62968,
71.49613,
222.5294,
718.2164,
48.69194,
1035.957,
274.917,
137.2523,
62.50444,
15.62924,
300.5182,
113.5648,
0,
4587.598,
2056, 
23.87203,
157.933,
70.93401,
45.1762,
96.17832,
105.6928,
138.804,
343.0488,
186.9328,
28.30117,
213.9415,
53.3084,
83.9852,
15.71808,
50.81914,
71.56137,
221.7171,
723.4096,
48.22161,
995.4114,
274.8629,
139.0389,
63.06875,
15.81054,
306.7964,
117.6702,
0,
4592.214,
2057, 
24.19434,
160.1146,
71.344,
45.86146,
96.81479,
106.791,
139.4142,
354.8268,
193.1453,
28.73439,
216.3642,
53.1391,
84.39871,
15.78804,
51.01284,
71.61881,
221.0177,
728.2885,
47.81184,
957.4734,
274.8589,
140.7184,
63.60148,
15.98551,
312.8406,
121.6432,
0,
4597.802,
2058, 
24.50348,
162.1891,
71.7383,
46.50726,
97.39462,
107.8279,
140.0333,
366.307,
199.1503,
29.13859,
218.6511,
52.96866,
84.81452,
15.84872,
51.211,
71.66878,
220.431,
732.8687,
47.52637,
922.0457,
274.9067,
142.2937,
64.109,
16.15393,
318.6658,
125.4952,
0,
4604.449,
2059, 
24.79998,
164.1591,
72.12808,
47.1151,
97.92039,
108.8059,
140.6635,
377.515,
204.9658,
29.51499,
220.8071,
52.7972,
85.23373,
15.90051,
51.4137,
71.71154,
219.9552,
737.1653,
47.38991,
889.0157,
275.0062,
143.7683,
64.5989,
16.31593,
324.2862,
129.2362,
0,
4612.189,
2060, 
25.08435,
166.028,
72.50359,
47.68665,
98.39487,
109.7274,
141.3059,
388.4738,
210.608,
29.86492,
222.8374,
52.62474,
85.65688,
15.94383,
51.62093,
71.74744,
219.5876,
741.194,
47.42596,
858.2595,
275.1566,
145.1461,
65.06004,
16.47185,
329.7145,
132.8753,
0,
4621,
2061, 
25.36252,
167.7903,
72.82627,
48.2067,
98.76196,
110.5363,
141.8494,
400.3474,
216.6456,
30.1738,
224.7326,
52.44418,
86.09971,
15.98034,
51.79573,
71.75774,
219.0716,
744.4175,
47.67487,
829.3606,
275.2614,
146.3295,
65.53019,
16.61364,
335.0183,
136.7554,
0,
4631.344,
2062, 
25.62838,
169.4597,
73.13504,
48.69189,
99.08055,
111.2912,
142.4008,
411.8796,
222.4543,
30.45744,
226.5072,
52.2622,
86.53791,
16.00911,
51.97367,
71.76117,
218.6575,
747.383,
47.69559,
802.4854,
275.4026,
147.4229,
65.24502,
16.75012,
340.1093,
140.4999,
0,
4641.181,
2063, 
25.88266,
171.0408,
73.43068,
49.14429,
99.35368,
111.9952,
142.9608,
423.1044,
228.0563,
30.71739,
228.1682,
52.07886,
86.97227,
16.03058,
52.15464,
71.75809,
218.3404,
750.1066,
47.51313,
777.4979,
275.5788,
148.4313,
65.421,
16.8817,
345.0042,
144.1218,
0,
4651.746,
2064, 
26.12608,
172.5387,
73.71395,
49.56593,
99.58436,
112.6512,
143.5299,
434.0512,
233.4713,
30.9552,
229.7227,
51.89425,
87.40337,
16.04521,
52.33854,
71.74881,
218.1151,
752.6039,
47.33826,
754.2642,
275.7882,
149.3598,
65.67021,
17.00864,
349.7184,
147.6327,
0,
4662.84,
2065, 
26.35971,
173.9582,
73.98574,
49.9588,
99.77543,
113.2624,
144.1082,
444.7461,
238.7166,
31.17236,
231.1794,
51.70858,
87.83454,
16.05343,
52.52519,
71.73367,
217.9765,
754.8901,
47.17147,
732.6533,
276.032,
150.2136,
65.89297,
17.131,
354.2663,
151.0427,
0,
4674.348,
2066, 
26.58838,
175.2886,
74.20753,
50.30154,
99.86946,
113.7702,
144.5826,
456.0634,
244.1671,
31.35144,
232.5705,
51.51613,
88.28079,
16.05729,
52.69088,
71.70443,
217.682,
756.3945,
47.05735,
712.6284,
276.2145,
150.9053,
66.09774,
17.24069,
358.5696,
154.581,
0,
4686.381,
2067, 
26.8075,
176.5502,
74.4185,
50.61792,
99.92793,
114.2369,
145.063,
467.0566,
249.4091,
31.51167,
233.8722,
51.32234,
88.73365,
16.05556,
52.85812,
71.66961,
217.4644,
757.7063,
46.97655,
693.979,
276.4185,
151.5314,
66.27596,
17.34622,
362.6997,
157.9935,
0,
4698.502,
2068, 
27.01784,
177.7478,
74.61935,
50.90987,
99.9534,
114.6655,
145.5492,
477.7592,
254.4633,
31.65445,
235.091,
51.1273,
89.2144,
16.04862,
53.02678,
71.62951,
217.3182,
758.8108,
46.93322,
676.5915,
276.6425,
152.0966,
66.42994,
17.44791,
366.6714,
161.2928,
0,
4710.712,
2069, 
27.21964,
178.8859,
74.81061,
51.1792,
99.94835,
115.0585,
146.0412,
488.2002,
259.3481,
31.78106,
236.2314,
50.93093,
89.72984,
16.03683,
53.19673,
71.58443,
217.238,
759.7601,
46.92965,
660.3587,
276.8817,
152.6054,
66.56007,
17.54579,
370.4971,
164.49,
0,
4723.049,
2070, 
27.41351,
179.969,
74.9929,
51.42757,
99.91502,
115.4187,
146.5387,
498.4046,
264.0793,
31.89276,
237.299,
50.73324,
90.30319,
16.02054,
53.3678,
71.53462,
217.2187,
760.5607,
46.96634,
645.1802,
277.134,
153.0621,
66.66811,
17.64,
374.1888,
167.5949,
0,
4735.524,
2071, 
27.59609,
180.9526,
75.12597,
51.63192,
99.80038,
115.6813,
146.9644,
508.9939,
268.8651,
31.97363,
238.3277,
50.53674,
90.95567,
16.00256,
53.51834,
71.47893,
217.0548,
760.5931,
47.05276,
631.1423,
277.2807,
153.3878,
66.76566,
17.72211,
377.5915,
170.756,
0,
4747.752,
2072, 
27.77085,
181.8889,
75.25073,
51.81744,
99.66078,
115.9145,
147.3927,
519.2874,
273.4649,
32.04119,
239.2901,
50.33871,
91.673,
15.98075,
53.66918,
71.41893,
216.9426,
760.4912,
47.15805,
617.9764,
277.4296,
153.6682,
66.84071,
17.80101,
380.8557,
173.8047,
0,
4759.828,
2073, 
27.93849,
182.7816,
75.36777,
51.98558,
99.49811,
116.1205,
147.8234,
529.3157,
277.8973,
32.097,
240.1918,
50.1393,
92.44963,
15.95537,
53.82023,
71.35489,
216.8779,
760.2623,
47.2853,
605.6029,
277.5804,
153.9071,
66.9028,
17.87693,
383.9936,
176.7524,
0,
4771.778,
2074, 
28.0996,
183.6341,
75.47762,
52.13772,
99.3142,
116.3013,
148.2563,
539.1055,
282.1786,
32.14267,
241.0377,
49.93857,
93.28908,
15.9267,
53.97138,
71.28699,
216.8564,
759.9119,
47.42009,
593.9482,
277.7326,
154.1079,
66.97467,
17.9501,
387.0157,
179.6092,
0,
4783.625,
2075, 
28.25474,
184.4497,
75.5808,
52.27514,
99.11067,
116.4589,
148.6913,
548.6798,
286.3229,
32.17916,
241.8326,
49.7366,
94.1869,
15.89497,
54.12255,
71.21544,
216.8746,
759.4482,
47.33378,
582.9444,
277.8859,
154.2735,
67.04948,
18.02082,
389.9323,
182.3839,
0,
4795.139,
2076, 
28.39346,
185.1346,
75.64076,
52.37176,
98.83752,
116.5259,
149.0633,
558.3793,
290.4102,
32.19056,
242.5762,
49.54599,
95.13462,
15.86374,
54.25161,
71.14191,
216.771,
758.3178,
47.26304,
572.5901,
277.9335,
154.3155,
67.15011,
18.079,
392.5107,
185.1139,
0,
4805.506,
2077, 
28.53019,
185.7881,
75.69598,
52.4553,
98.54739,
116.5723,
149.4352,
567.8151,
294.3396,
32.19413,
243.2917,
49.35562,
96.16308,
15.82991,
54.38002,
71.06506,
216.7021,
757.0894,
47.17136,
562.7688,
278.0073,
154.3285,
67.25179,
18.1352,
394.9903,
187.7465,
0,
4815.65,
2078, 
28.66205,
186.4128,
75.74598,
52.5268,
98.24151,
116.5999,
149.807,
577.014,
298.1264,
32.19027,
243.967,
49.1642,
97.24883,
15.79366,
54.50774,
70.98501,
216.6631,
755.7701,
47.03262,
553.4288,
278.0786,
154.3145,
67.34412,
18.18961,
397.3738,
190.2914,
0,
4825.479,
2079, 
28.78945,
187.0111,
75.79327,
52.58722,
97.92115,
116.6099,
150.1786,
585.9996,
301.7839,
32.1794,
244.6055,
48.97178,
98.39068,
15.75516,
54.63477,
70.90197,
216.6509,
754.3697,
46.84738,
544.5228,
278.1473,
154.2758,
67.42303,
18.24253,
399.6692,
192.7572,
0,
4835.02,
2080, 
28.91281,
187.5853,
75.83816,
52.63742,
97.58739,
116.6038,
150.5498,
594.7922,
305.3242,
32.16197,
245.2106,
48.77842,
99.59454,
15.71458,
54.76102,
70.81603,
216.6631,
752.8915,
46.61684,
536.0081,
278.2134,
154.215,
67.48325,
18.29421,
401.8836,
195.1515,
0,
4844.289,
2081, 
29.01582,
188.0186,
75.85043,
52.65373,
97.21721,
116.5256,
150.8533,
603.5029,
308.749,
32.13037,
245.7314,
48.60251,
100.5903,
15.67588,
54.8675,
70.73325,
216.5811,
750.9305,
46.37292,
527.934,
278.1588,
154.0573,
67.54691,
18.33201,
403.7911,
197.4273,
0,
4851.85,
2082, 
29.11482,
188.4314,
75.86098,
52.66099,
96.83551,
116.4333,
151.155,
611.9809,
312.0425,
32.09317,
246.2215,
48.42558,
100.9497,
15.63537,
54.97264,
70.64771,
216.5184,
748.8951,
46.16163,
520.1771,
278.0959,
153.8813,
67.57806,
18.36881,
405.6187,
199.6197,
0,
4858.376,
2083, 
29.21019,
188.8256,
75.86999,
52.65993,
96.44312,
116.3277,
151.455,
620.2493,
315.2173,
32.05112,
246.6836,
48.24769,
101.2968,
15.59316,
55.07648,
70.55954,
216.4731,
746.7944,
46.07185,
512.7053,
278.0254,
153.6865,
67.58964,
18.4047,
407.3731,
201.7368,
0,
4864.627,
2084, 
29.30223,
189.2028,
75.87751,
52.65118,
96.04088,
116.21,
151.7531,
628.3285,
318.284,
32.00221,
247.1201,
48.06891,
101.6328,
15.54938,
55.17904,
70.46886,
216.4434,
744.6324,
46.16528,
505.4898,
277.9475,
153.453,
67.58472,
18.43974,
409.0602,
203.7858,
0,
4870.673,
2085, 
29.39127,
189.5644,
75.88356,
52.63534,
95.62947,
116.081,
152.0495,
636.2359,
321.2523,
31.94109,
247.5334,
47.88929,
101.9585,
15.50412,
55.28031,
70.3758,
216.4277,
742.4128,
46.49409,
498.5042,
277.8625,
153.2033,
67.56633,
18.474,
410.6854,
205.7729,
0,
4876.608,
2086, 
29.45843,
189.8035,
75.86186,
52.59307,
95.20123,
115.8965,
152.2833,
643.8876,
324.0797,
31.86829,
247.841,
47.72831,
102.2434,
15.46142,
55.36383,
70.2849,
216.3388,
739.9023,
46.57342,
492.0057,
277.6698,
152.8644,
67.5472,
18.49443,
412.0693,
207.6139,
0,
4880.936,
2087, 
29.52169,
190.0295,
75.83849,
52.54448,
94.76514,
115.7021,
152.5143,
651.3348,
326.7991,
31.79107,
248.1228,
47.56604,
102.5081,
15.4174,
55.44561,
70.19162,
216.2601,
737.3417,
46.48568,
485.6913,
277.4588,
152.5115,
67.51041,
18.51418,
413.3904,
209.3842,
0,
4884.641,
2088, 
29.58158,
190.2435,
75.81367,
52.49005,
94.32173,
115.4984,
152.7426,
658.5973,
329.4203,
31.70978,
248.3817,
47.40266,
102.7559,
15.37214,
55.52572,
70.09602,
216.1903,
734.7338,
46.39243,
479.5421,
277.2321,
152.1456,
67.45973,
18.53331,
414.6542,
211.0906,
0,
4887.927,
2089, 
29.63844,
190.4466,
75.7876,
52.4302,
93.87149,
115.2861,
152.9681,
665.6922,
331.9518,
31.62474,
248.6202,
47.23826,
102.9887,
15.32573,
55.6042,
69.99825,
216.1285,
732.0817,
46.29436,
473.5409,
276.9913,
151.7679,
67.39898,
18.55188,
415.8651,
212.7389,
0,
4890.832,
2090, 
29.69259,
190.6396,
75.76043,
52.36535,
93.41493,
115.0657,
153.1911,
672.6349,
334.4011,
31.53625,
248.8403,
47.07295,
103.2083,
15.27824,
55.6811,
69.89837,
216.0738,
729.3878,
46.19196,
467.6719,
276.7376,
151.3791,
67.33339,
18.56991,
417.0273,
214.3342,
0,
4893.388,
2091, 
29.72764,
190.7469,
75.71455,
52.28204,
92.96076,
114.8054,
153.3263,
679.1556,
336.6731,
31.4371,
248.9549,
46.92314,
103.3842,
15.23142,
55.74158,
69.79148,
215.9417,
726.4982,
46.07849,
462.2732,
276.3957,
150.913,
67.26511,
18.57665,
417.9786,
215.7963,
0,
4894.573,
2092, 
29.76338,
190.8457,
75.6692,
52.19425,
92.50113,
114.5379,
153.4582,
685.4974,
338.8556,
31.33517,
249.0683,
46.77377,
103.5744,
15.18361,
55.8002,
69.68246,
215.8166,
723.5743,
45.97036,
456.9798,
276.0673,
150.4383,
67.21224,
18.58293,
418.8887,
217.2,
0,
4895.471,
2093, 
29.7972,
190.937,
75.62356,
52.10227,
92.03642,
114.2638,
153.5869,
691.677,
340.9566,
31.23043,
249.1684,
46.6237,
103.7556,
15.13488,
55.85698,
69.5714,
215.6959,
720.6163,
45.85926,
451.7807,
275.7291,
149.955,
67.16563,
18.58879,
419.7558,
218.5508,
0,
4896.019,
2094, 
29.82887,
191.0212,
75.57254,
52.0064,
91.56696,
113.9835,
153.7124,
697.7089,
342.9825,
31.12307,
249.2545,
46.47284,
103.9255,
15.08526,
55.91203,
69.4584,
215.5788,
717.6259,
45.74431,
446.6659,
275.3785,
149.4636,
67.12512,
18.59425,
420.5818,
219.8531,
0,
4896.226,
2095, 
29.85859,
191.099,
75.49422,
51.90692,
91.09302,
113.6973,
153.8349,
703.6061,
344.9396,
31.01325,
249.3278,
46.32123,
104.0848,
15.03482,
55.9654,
69.34353,
215.4648,
714.6047,
45.62575,
441.6263,
275.0163,
148.9647,
67.0909,
18.59936,
421.3701,
221.1112,
0,
4896.095,
2096, 
29.87291,
191.1086,
75.39078,
51.79784,
90.63291,
113.3874,
153.8598,
708.9823,
346.7067,
30.89447,
249.2925,
46.17564,
104.2001,
14.98101,
55.99439,
69.2029,
215.2582,
711.4904,
45.50581,
436.8467,
274.5849,
148.4079,
67.04443,
18.59596,
421.996,
222.2357,
0,
4894.446,
2097, 
29.88594,
191.1127,
75.28576,
51.6855,
90.16896,
113.0723,
153.8813,
714.2034,
348.3996,
30.77356,
249.2482,
46.02955,
104.3094,
14.92644,
56.02151,
69.06045,
215.0536,
708.3494,
45.38386,
432.1274,
274.146,
147.8448,
66.99984,
18.59224,
422.5858,
223.3128,
0,
4892.46,
2098, 
29.89695,
191.112,
75.17896,
51.57011,
89.70142,
112.7523,
153.8995,
719.2834,
350.0243,
30.6506,
249.1918,
45.88264,
104.4063,
14.87115,
56.04683,
68.91621,
214.8501,
705.1827,
45.25753,
427.4617,
273.6928,
147.2756,
66.95428,
18.58823,
423.1406,
224.3465,
0,
4890.135,
2099, 
29.90612,
191.1068,
75.07047,
51.45185,
89.23045,
112.4277,
153.9145,
724.2346,
351.5864,
30.52572,
249.1242,
45.73495,
104.4917,
14.81516,
56.07042,
68.77026,
214.6476,
701.9913,
45.12715,
422.8437,
273.2263,
146.7008,
66.90715,
18.58395,
423.6628,
225.3405,
0,
4887.492,
2100, 
29.9136,
191.0975,
74.96038,
51.33094,
88.75629,
112.0988,
153.9265,
729.0674,
353.0904,
30.39907,
249.0464,
45.58656,
104.5666,
14.75853,
56.09235,
68.62268,
214.4455,
698.7764,
44.99305,
418.2682,
272.7473,
146.1207,
66.85889,
18.57941,
424.1544,
226.2979,
0,
4884.556];
