real main.em.dem.hi.Clinker_Production[28](t) = [1971, 
7.4853,
63.9486,
6.16722,
4.277119,
8.038461,
12.24752,
6.25314,
3.05092,
1.27804,
5.21629,
148.1945,
32.9983,
6.87323,
1.5908,
0,
82.27142,
8.05349,
12.39273,
10.62152,
26.71521,
7.71953,
0.44317,
51.11324,
4.80396,
2.93748,
1.97758,
0,
516.6688,
1972, 
8.181899,
67.437,
7.17746,
5.781819,
9.33324,
12.79692,
6.21131,
3.40158,
1.24333,
5.43968,
168.4209,
36.25626,
6.91145,
1.60064,
0,
85.52518,
9.37485,
13.10155,
10.72526,
29.89577,
8.42296,
0.54236,
57.01112,
5.09894,
2.82282,
2.23657,
0,
564.9509,
1973, 
9.0477,
69.8184,
8.13276,
6.222979,
10.98636,
13.26924,
6.09294,
3.4265,
1.25579,
6.10896,
163.4131,
38.33475,
8.140861,
1.62934,
0,
89.80722,
9.12502,
12.46328,
12.71725,
31.45451,
10.1647,
0.6734,
67.1832,
5.41886,
3.15224,
2.5543,
0,
590.5936,
1974, 
9.5769,
66.20219,
8.75104,
6.252499,
12.45334,
13.92114,
6.35816,
3.59293,
1.29139,
6.49789,
160.7271,
41.23879,
8.1354,
1.6728,
0,
94.4189,
10.79415,
11.88477,
13.50622,
31.40056,
9.854391,
0.75621,
62.87288,
5.7405,
3.51533,
2.57299,
0,
593.9885,
1975, 
8.7669,
55.917,
9.184,
5.841679,
13.44062,
13.5464,
6.93399,
4.03437,
1.26291,
6.38664,
152.3531,
44.09148,
9.85803,
1.77858,
0,
100.0867,
12.3421,
13.48584,
15.58739,
39.00477,
10.81171,
0.9800701,
56.34462,
5.41112,
3.63909,
2.37363,
0,
593.4628,
1976, 
8.908199,
60.8229,
10.40662,
6.260699,
15.3135,
14.35082,
7.11199,
4.07709,
1.34657,
6.27272,
156.5511,
47.32811,
11.06014,
20.22776,
0,
101.8817,
13.16961,
15.36828,
17.17443,
39.53132,
11.79269,
1.6471,
59.09232,
5.29932,
3.50987,
1.57975,
0,
640.0847,
1977, 
8.939699,
65.3661,
10.92896,
6.179519,
17.32086,
14.7559,
7.87561,
4.14117,
1.5753,
5.84997,
160.464,
49.99436,
12.1849,
20.59403,
0,
104.1859,
13.77966,
15.91359,
19.29018,
47.12441,
12.45426,
2.31959,
62.89868,
5.26234,
3.57448,
1.58242,
0,
674.5559,
1978, 
9.425699,
69.7914,
11.603,
6.7527,
19.05598,
15.69398,
9.07978,
4.31294,
1.44714,
6.07247,
163.3752,
52.34935,
14.17052,
20.18211,
0,
104.1039,
15.73099,
16.28958,
20.14103,
55.30912,
12.91017,
3.32059,
72.99853,
5.11872,
3.90026,
1.55661,
0,
714.6918,
1979, 
10.3131,
68.9832,
12.58864,
7.018379,
20.39422,
17.19458,
11.61984,
4.63334,
1.47028,
5.51711,
165.8589,
51.99385,
12.35143,
19.51764,
0,
100.8756,
19.55231,
15.1641,
22.21583,
62.54913,
15.70569,
4.03312,
75.51144,
5.14366,
3.76194,
1.56373,
0,
735.5311,
1980, 
9.306,
61.4169,
13.44636,
7.329389,
22.29908,
19.21998,
13.28058,
4.83181,
1.604715,
6.34125,
166.359,
56.74334,
11.80725,
19.44603,
3.444,
102.5402,
21.80244,
14.77649,
21.48692,
67.66492,
13.83473,
4.78569,
75.64302,
5.20902,
4.03221,
1.48808,
0,
750.1393,
1981, 
9.1368,
58.5486,
14.90186,
7.240192,
21.36182,
19.23638,
14.4714,
5.91049,
1.58137,
7.20455,
161.6095,
52.8036,
13.68913,
19.50725,
3.623785,
104.2786,
26.34503,
17.35364,
21.49147,
70.1516,
14.80752,
5.20429,
72.95209,
5.63558,
4.27336,
1.66341,
0,
754.9833,
1982, 
7.3224,
51.7275,
15.86126,
6.975526,
21.02808,
18.38604,
14.31654,
5.90159,
1.431351,
7.1912,
156.6791,
59.37403,
14.35798,
19.72428,
3.80357,
164.3214,
28.56279,
18.7995,
23.55717,
80.35645,
16.30811,
5.30712,
69.38996,
6.06644,
4.226613,
1.5397,
0,
822.5157,
1983, 
7.083899,
57.5343,
14.23766,
7.309465,
17.1134,
17.01418,
16.05827,
5.43523,
1.42311,
7.02833,
156.5567,
62.29861,
12.37145,
20.60824,
11.06487,
171.0192,
30.74569,
20.96663,
26.64662,
91.40956,
17.70769,
7.36645,
69.56626,
5.38532,
4.453147,
1.35547,
0,
859.7597,
1984, 
8.448299,
63.4068,
15.33564,
7.243676,
15.98754,
17.32496,
20.01432,
4.94573,
1.396034,
7.194759,
147.339,
64.99251,
14.32158,
21.3323,
11.67688,
173.43,
35.87509,
24.51903,
25.85583,
103.7566,
17.76047,
8.09263,
67.8196,
4.83062,
4.842429,
1.3706,
0,
889.1129,
1985, 
9.1728,
63.2556,
16.6091,
7.130142,
16.9207,
17.38892,
21.90112,
6.18016,
1.390888,
6.1232,
139.3141,
60.60722,
15.99871,
21.1519,
12.34182,
174.4788,
36.94828,
26.53593,
25.94319,
122.7869,
16.3618,
9.0454,
62.64842,
5.73362,
5.074242,
1.4685,
0,
902.5115,
1986, 
9.5499,
64.0008,
16.2565,
7.976664,
20.70664,
19.69804,
20.29912,
6.525658,
1.525423,
5.55894,
139.6933,
63.48124,
18.20364,
22.27612,
13.84898,
179.7981,
35.55969,
29.03589,
28.6923,
140.0384,
17.02337,
10.30393,
61.28704,
6.134619,
6.25898,
1.71236,
0,
945.4457,
1987, 
11.3427,
60.64199,
19.25524,
8.431331,
20.88376,
21.51926,
23.22633,
5.958461,
1.680385,
5.33911,
143.2396,
63.21106,
20.0018,
22.63692,
14.21224,
182.8526,
37.98329,
30.82205,
31.80086,
156.8833,
18.90434,
10.75074,
61.53386,
5.948624,
7.05796,
1.84586,
0,
987.9637,
1988, 
11.115,
64.3896,
19.35692,
7.959253,
20.76978,
21.52898,
24.51861,
6.817934,
1.61624,
6.0164,
153.1162,
65.17658,
20.53688,
23.0912,
14.45496,
184.6935,
40.50151,
34.14288,
37.68401,
176.6497,
21.34769,
11.93738,
66.69644,
6.070053,
7.55482,
1.9847,
0,
1049.727,
1989, 
11.3319,
64.1772,
19.8522,
8.422002,
21.25522,
19.10026,
24.81943,
7.071888,
2.05501,
6.46229,
159.6195,
63.62107,
21.57064,
22.92556,
15.1044,
186.6738,
44.87395,
36.68351,
42.88011,
176.7477,
25.18425,
13.45708,
68.55663,
6.669346,
7.53389,
2.01407,
0,
1078.663,
1990, 
10.5705,
63.8496,
20.24006,
8.412292,
21.197,
19.23036,
26.82816,
5.94437,
2.18762,
5.84107,
158.2907,
57.66368,
22.11209,
22.3655,
14.9445,
182.705,
45.9571,
38.3211,
45.42174,
175.9268,
31.93827,
13.45526,
72.6227,
6.327796,
7.83601,
2.23034,
0,
1082.42,
1991, 
8.406684,
60.27212,
20.59494,
7.375795,
22.46015,
20.1785,
29.02796,
6.223289,
2.068484,
5.452389,
153.8522,
41.77913,
23.6083,
21.28392,
13.94246,
65.51226,
38.37441,
43.27482,
50.03647,
205.1379,
35.54351,
12.22636,
76.84591,
5.53657,
8.179326,
2.515532,
0,
979.7095,
1992, 
7.681248,
62.20899,
22.0708,
7.485446,
19.45623,
23.85,
29.13487,
6.566607,
2.179944,
5.1714,
146.4459,
32.77607,
25.72332,
18.93298,
12.26966,
51.9224,
43.28453,
44.98262,
55.54538,
258.535,
38.79516,
12.69939,
75.54371,
5.710024,
8.691056,
2.125136,
0,
1019.788,
1993, 
8.370054,
65.76203,
23.29597,
7.897469,
20.14929,
32.48428,
26.61853,
6.655245,
2.217477,
5.404935,
134.5967,
29.89813,
28.05173,
13.9646,
9.27584,
41.83804,
47.63074,
47.92454,
57.94602,
309.0458,
45.59871,
17.66861,
75.19128,
6.397794,
8.741331,
2.063302,
0,
1074.688,
1994, 
9.398592,
69.21783,
25.52795,
8.539049,
20.38503,
24.88217,
26.80534,
5.661444,
2.175782,
6.205704,
142.064,
32.35333,
26.36169,
10.62884,
6.64774,
31.07636,
49.15179,
53.18032,
62.04102,
354.6357,
51.82996,
22.05847,
78.06365,
6.907706,
8.889302,
1.768292,
0,
1136.457,
1995, 
9.2394,
68.06181,
20.36247,
8.794625,
22.74608,
27.31967,
28.3675,
5.839801,
2.748538,
6.507375,
140.482,
32.79887,
29.67193,
7.30702,
4.93312,
30.29818,
51.12236,
56.88648,
65.42539,
401.2075,
58.12344,
20.70672,
76.9029,
6.58342,
8.741465,
2.160375,
0,
1193.339,
1996, 
9.7902,
71.2656,
20.3708,
7.30622,
27.7492,
26.10831,
32.76104,
9.215296,
2.465144,
6.68824,
135.4697,
33.38586,
31.3984,
5.3382,
3.5629,
23.2798,
41.70511,
67.36,
66.2756,
432.4815,
51.53441,
32.558,
80.136,
6.522816,
9.552428,
2.41544,
0,
1236.696,
1997, 
10.2843,
72.5175,
21.9725,
7.433097,
30.4419,
27.8052,
33.91707,
12.30504,
2.37237,
6.50881,
138.1517,
34.30558,
32.004,
5.82364,
3.7679,
22.41142,
41.42406,
67.52,
68.2752,
435.9614,
63.64173,
36.6268,
77.74741,
6.48036,
9.628759,
2.42451,
0,
1271.752,
1998, 
10.5996,
72.00719,
22.0492,
8.807739,
31.84,
29.58414,
33.33234,
9.942546,
2.750416,
8.227,
153.5825,
34.58004,
33.8452,
6.31728,
3.75314,
21.9063,
36.02168,
71.91,
56.5268,
452.7361,
47.39214,
38.984,
68.6172,
6.43972,
9.485516,
3.001556,
0,
1274.239,
1999, 
10.9998,
76.21291,
23.3142,
10.17578,
31.9579,
29.91196,
35.86628,
9.663874,
2.653725,
7.680699,
152.93,
35.145,
30.3752,
6.5436,
4.37552,
23.944,
36.54928,
76.32,
56.6886,
502.6893,
59.47447,
36.6445,
67.4442,
6.35289,
9.962006,
2.957501,
0,
1346.833,
2000, 
10.962,
77.865,
25.043,
8.62996,
30.968,
30.3044,
38.7086,
9.86506,
2.74684,
7.7314,
157.0873,
34.94712,
31.504,
6.05324,
3.7064,
27.19694,
42.40138,
80.75,
59.312,
511.6762,
56.6764,
45.496,
68.12399,
7.1778,
10.604,
2.60494,
0,
1388.142,
2001, 
11.232,
78.10561,
23.4,
8.618219,
30.81,
29.991,
41.242,
10.67175,
2.70555,
7.7945,
154.5264,
32.18897,
30.59,
6.3804,
4.081002,
29.77356,
44.72034,
83.4,
49.95784,
567.4686,
58.73455,
48.1574,
64.1908,
7.16071,
10.87693,
2.5891,
0,
1439.367,
2002, 
11.3256,
78.3354,
23.87,
9.23846,
29.26,
23.6159,
40.5048,
11.2476,
2.70732,
8.0808,
148.0686,
32.13338,
28.2968,
7.84176,
4.147728,
31.98965,
45.69806,
81.8,
52.79176,
592.6802,
65.47324,
53.4688,
60.0248,
7.2732,
11.1538,
2.23272,
0,
1463.26,
2003, 
12.0132,
80.34361,
24.32,
10.13384,
28.88,
25.1332,
43.1932,
11.15935,
3.44201,
8.466,
158.7164,
34.29903,
30.2562,
9.479031,
5.024822,
34.78955,
46.0348,
80.2,
55.80588,
706.2813,
71.18827,
55.599,
57.3792,
7.6311,
14.68417,
2.83777,
0,
1617.291,
2004, 
12.6054,
83.754,
26.25,
9.987,
25.8,
28.155,
45.1984,
11.17906,
3.71378,
9.84,
161.7881,
36.73331,
32.528,
11.18124,
5.427408,
39.02147,
49.77627,
98.25,
51.30008,
778.3837,
79.78861,
58.3792,
56.0768,
7.6544,
14.88584,
2.8577,
0,
1740.515,
2005, 
12.012,
84.84,
27.75,
10.82694,
27.158,
31.302,
48.1869,
11.28006,
4.29705,
11.745,
161.3011,
38.269,
36.38,
12.93651,
5.56713,
41.38695,
54.495,
100.1,
48.535,
839.3092,
86.24015,
56.61,
57.768,
7.69327,
15.011,
2.86335,
0,
1833.864,
2006, 
11.76,
83.74799,
29.6,
11.33236,
27.158,
33.5072,
50.1633,
13.10337,
4.49307,
10.53,
169.112,
42.48937,
40.8,
14.60997,
6.06852,
46.48995,
57.82959,
119.35,
50.745,
969.7696,
86.581,
56.95,
58.017,
8.6237,
15.44875,
4.0986,
0,
2022.378,
2007, 
12.18,
81.396,
30.118,
11.75268,
34.336,
36.223,
51.7995,
17.81676,
4.72878,
12.393,
178.3474,
46.73361,
41.48,
16.1028,
6.561,
50.83722,
68.6194,
130.9,
53.6605,
1054.269,
90.01075,
65.45,
56.191,
9.11257,
24.0805,
4.28895,
0,
2189.388,
2008, 
11.508,
73.584,
29.674,
12.5171,
34.41,
38.0286,
63.5526,
23.08743,
5.76558,
10.935,
154.2287,
48.46534,
43.69,
16.9452,
7.3224,
45.6192,
70.705,
138.6,
49.402,
1083.829,
93.65981,
69.19,
52.124,
8.91669,
24.92625,
4.4307,
0,
2215.116,
2009, 
9.24,
54.516,
26.048,
10.92388,
38.258,
36.9852,
70.2999,
22.07331,
6.86475,
9.558001,
130.0345,
38.39836,
45.05,
11.9718,
7.06644,
38.01087,
83.4635,
138.6,
48.025,
1267.524,
98.22941,
74.8,
45.484,
8.83784,
28.41125,
5.12649,
0,
2353.801,
2010, 
10.416,
56.44799,
25.53,
11.53216,
43.734,
37.1702,
69.0606,
24.5025,
8.934299,
8.829,
125.1019,
38.47459,
53.295,
12.2229,
7.28028,
42.95025,
86.3549,
169.4,
45.56,
1460.4,
110.494,
70.55,
42.745,
8.597139,
31.90135,
5.54607,
0,
2607.03,
2011, 
10.08,
57.624,
25.53,
10.80104,
46.324,
37.0592,
68.4855,
23.86422,
10.29024,
9.072,
127.0284,
40.44579,
53.89,
13.365,
7.71039,
47.71872,
99.7296,
207.9,
46.495,
1630.341,
113.7538,
80.75,
42.579,
8.34814,
36.8373,
6.21999,
0,
2862.242,
2012, 
10.4706,
62.94456,
26.77616,
13.6086,
51.29902,
40.9035,
80.76591,
27.945,
11.7612,
9.363601,
104.6083,
35.7973,
54.29715,
12.91869,
14.32971,
53.1765,
148.4829,
207.9,
45.3118,
1715.769,
112.6063,
44.6675,
45.43171,
8.22945,
43.16045,
8.58681,
0,
2991.112,
2013, 
9.75324,
65.02859,
25.61288,
13.75512,
51.7815,
43.78062,
76.84794,
32.62923,
13.24593,
9.85608,
102.4246,
34.15104,
60.63645,
13.01184,
15.20532,
57.38769,
151.7606,
215.6,
45.80735,
1871.224,
118.1483,
48.3565,
48.10846,
8.216999,
45.71385,
9.357121,
0,
3187.401,
2014, 
9.978359,
69.82416,
27.08178,
14.55062,
52.72796,
43.95156,
84.98277,
32.93865,
14.73066,
9.77508,
101.5707,
34.81709,
60.55315,
12.59793,
17.2287,
60.04368,
152.504,
215.6,
45.66455,
1932.309,
122.2504,
48.416,
48.06779,
8.62702,
46.5137,
11.28897,
0,
3278.595,
2015, 
10.22028,
71.3496,
29.31362,
14.67198,
48.30942,
44.44588,
83.55717,
34.84539,
16.93872,
10.52352,
102.5686,
35.72415,
60.70615,
11.49714,
18.86733,
54.24003,
149.0051,
200.2,
49.9324,
1828.584,
134.8432,
51.0425,
45.50641,
9.14328,
54.6465,
11.53116,
0,
3182.214,
2016, 
9.82212,
71.52852,
30.02698,
14.40484,
42.59218,
40.91608,
85.80168,
37.9404,
18.32382,
10.53,
103.9854,
36.05987,
64.09255,
11.74581,
19.30797,
48.05001,
140.8278,
215.6,
54.25295,
1866.786,
140.1854,
52.87,
44.20165,
8.98973,
60.1426,
11.76201,
0,
3240.747,
2017, 
10.67304,
72.91116,
30.78474,
14.79334,
39.96296,
41.27498,
100.8879,
36.3771,
18.83412,
10.6677,
104.8455,
39.193,
68.4692,
11.83329,
21.5055,
48.6729,
133.198,
217.91,
54.604,
1804.981,
147.0186,
59.05715,
45.81185,
8.55315,
64.4249,
10.97226,
0,
3218.217,
2018, 
11.38536,
73.07999,
35.76272,
14.21466,
39.62922,
39.22222,
83.187,
42.46101,
18.9135,
11.0808,
106.8244,
41.92958,
61.6624,
12.14433,
22.34628,
48.3165,
136.8699,
238.7,
49.23455,
1732.125,
159.8748,
64.10105,
45.90481,
9.02957,
72.3877,
11.99853,
0,
3182.386,
2019, 
11.76,
74.004,
33.42062,
13.78472,
41.89214,
39.28734,
81.07047,
46.77426,
17.70174,
10.30806,
107.3811,
43.84611,
48.4211,
12.35898,
24.14367,
52.19316,
140.6745,
257.18,
47.79975,
1812.556,
176.4549,
61.234,
44.37346,
9.21715,
75.26155,
13.81617,
0,
3296.915,
2020, 
11.76,
75.432,
35.39642,
12.36614,
45.17848,
34.9391,
73.20375,
51.37668,
20.14227,
8.748,
105.6086,
44.57222,
61.45415,
12.58659,
25.53039,
50.67603,
152.9337,
223.3,
45.2268,
1841.43,
182.025,
53.4055,
42.25115,
8.8976,
74.5314,
14.17824,
0,
3307.15,
2021, 
11.76,
76.692,
38.15366,
13.72848,
48.75416,
42.62252,
82.21419,
56.35332,
22.2264,
10.125,
110.3849,
45.72876,
66.72076,
13.77729,
28.51524,
53.93304,
151.9146,
269.5,
47.4504,
1830.733,
193.3172,
55.3775,
41.56889,
9.0968,
83.18015,
14.29083,
0,
3418.119,
2022, 
12.6,
76.94399,
36.852,
13.88314,
47.02404,
44.62866,
78.31809,
57.0321,
21.1977,
9.72,
108.62,
44.18491,
62.6518,
9.396,
28.71855,
54.89532,
152.1216,
292.6,
48.9702,
1651.019,
200.8482,
54.536,
44.156,
9.28189,
80.35731,
14.58081,
0,
3255.138,
2023, 
12.58652,
77.16844,
37.14637,
14.16171,
47.57107,
44.90646,
80.33607,
59.17007,
19.75628,
9.792399,
105.3699,
42.82838,
62.78647,
9.390163,
29.3549,
55.02251,
154.3992,
303.0112,
46.04269,
1655.431,
202.9674,
54.34435,
43.90541,
9.319287,
81.75706,
15.21034,
0,
3273.736,
2024, 
12.53772,
77.20544,
37.29748,
14.44665,
47.85533,
45.4882,
82.2447,
61.81429,
21.41117,
9.920479,
101.0947,
41.11489,
62.90122,
9.388192,
29.97805,
55.09399,
156.9282,
313.1567,
42.19242,
1659.07,
205.3009,
53.4923,
43.62395,
9.352445,
84.78784,
16.14169,
0,
3293.839,
2025, 
12.43718,
76.97113,
37.50875,
14.7221,
48.3279,
46.00345,
84.26449,
64.66045,
23.86725,
10.04165,
99.14319,
38.70912,
63.11067,
9.440484,
30.61323,
55.14173,
159.4855,
324.8626,
40.28711,
1662.356,
208.1232,
53.67722,
43.36983,
9.396427,
88.34309,
17.16108,
0,
3322.025,
2026, 
12.31258,
76.61625,
37.9702,
15.03084,
48.71691,
46.49954,
85.83617,
67.97573,
26.53973,
10.14084,
98.88999,
37.42588,
63.07774,
9.666268,
31.0719,
54.96277,
161.6294,
336.248,
40.26311,
1659.796,
209.865,
54.97353,
42.98254,
9.435741,
92.81644,
18.62641,
0,
3349.37,
2027, 
12.16373,
75.95261,
38.42947,
15.36236,
49.11201,
46.97147,
87.14586,
71.24102,
29.1405,
10.23891,
97.92911,
37.40917,
63.07208,
9.912184,
31.517,
54.72696,
163.7249,
346.1232,
40.24366,
1656.476,
211.4339,
56.23256,
42.6248,
9.429275,
97.05134,
20.05289,
0,
3373.717,
2028, 
12.00018,
75.15118,
38.88715,
15.66867,
49.51194,
47.42207,
88.33834,
74.41979,
31.67493,
10.34329,
96.56473,
37.38137,
63.07229,
9.767238,
31.94834,
54.51328,
165.7575,
334.5318,
40.21983,
1652.142,
212.8809,
57.471,
42.28988,
9.418281,
101.0854,
21.45262,
0,
3373.914,
2029, 
11.82813,
74.21154,
39.34702,
16.02682,
49.92525,
47.89799,
89.39642,
77.53726,
34.14826,
10.45774,
95.05948,
37.34785,
63.12287,
9.421383,
32.36529,
54.41742,
167.7139,
324.0246,
40.20438,
1646.473,
214.2572,
58.70932,
42.00578,
9.408908,
104.9721,
22.83061,
0,
3373.11,
2030, 
11.6408,
73.15234,
39.80785,
16.39214,
50.34418,
48.40993,
90.38966,
80.6328,
36.56526,
10.58538,
93.72673,
37.30663,
63.14991,
9.089755,
32.76688,
54.59956,
169.5687,
317.0839,
40.1717,
1639.092,
215.4776,
59.96616,
41.74097,
9.411953,
108.7327,
24.19095,
0,
3373.997,
2031, 
11.45399,
72.1472,
40.27853,
16.81702,
50.89,
49.00096,
91.45969,
85.62005,
39.74075,
10.78249,
94.33529,
37.55592,
63.21172,
8.78585,
33.12962,
54.70753,
171.1636,
324.5914,
40.10382,
1627.736,
216.5376,
61.21844,
41.55473,
9.428572,
113.1238,
26.04436,
0,
3391.419,
2032, 
11.26816,
71.32588,
40.73356,
17.29055,
51.44802,
49.61887,
92.39938,
90.50923,
42.83418,
11.00742,
95.05568,
37.28857,
63.26369,
8.521549,
33.44612,
53.06238,
172.4788,
331.8634,
40.02795,
1613.588,
217.4335,
62.52887,
41.40741,
9.45471,
117.3814,
27.85671,
0,
3403.094,
2033, 
11.09721,
70.63516,
41.18298,
17.74576,
52.02882,
50.25223,
93.09734,
95.29407,
45.86576,
11.24908,
95.90755,
37.0947,
63.30627,
8.314073,
33.71767,
51.5518,
173.4624,
338.9707,
39.94907,
1596.338,
218.1626,
63.91756,
41.30489,
9.493435,
121.552,
29.64021,
0,
3411.131,
2034, 
10.92685,
69.82661,
41.68699,
18.22635,
52.64668,
50.91588,
93.56379,
100.0221,
48.85198,
11.51582,
96.88988,
37.01461,
63.30856,
8.199618,
33.95287,
50.15674,
174.0911,
345.9688,
39.86567,
1575.197,
218.6881,
65.40095,
41.23574,
9.536642,
125.6674,
31.40741,
0,
3414.764,
2035, 
10.76072,
68.79573,
42.21195,
18.74285,
53.30736,
51.66315,
93.85117,
104.735,
51.80067,
11.81019,
98.00976,
36.92912,
63.26292,
8.201939,
34.20079,
48.85209,
174.39,
352.9044,
39.79765,
1549.795,
219.0009,
66.89864,
41.19869,
9.57347,
129.7579,
33.16893,
0,
3413.621,
2036, 
10.92134,
68.42583,
42.70239,
19.31429,
54.06151,
52.52977,
94.07413,
110.4987,
55.38789,
12.16621,
99.34014,
36.83454,
63.19659,
8.305542,
34.4634,
47.63979,
174.2411,
359.7912,
39.76575,
1518.885,
218.9175,
68.17303,
41.22427,
9.618979,
134.3351,
35.29521,
0,
3410.109,
2037, 
11.09715,
69.76691,
43.2001,
19.92417,
54.87158,
53.51059,
94.03166,
116.253,
58.91381,
12.54705,
100.8186,
36.73631,
63.09363,
8.208122,
34.78149,
46.48512,
173.7632,
366.6189,
39.59673,
1485.195,
218.646,
69.35422,
41.28622,
9.690403,
138.8645,
37.41693,
0,
3404.671,
2038, 
11.28322,
71.21713,
43.58806,
20.5731,
55.73661,
54.60785,
93.80486,
122.0207,
62.40147,
12.95198,
102.429,
36.63364,
62.93639,
8.195127,
35.1674,
45.37042,
173.0146,
373.4089,
39.36042,
1449.529,
218.1746,
70.52384,
41.37201,
9.770176,
143.3595,
39.53548,
0,
3396.965,
2039, 
11.48034,
72.76909,
43.83437,
21.25922,
56.64697,
55.80891,
93.51731,
127.7398,
65.86701,
13.37947,
104.1684,
36.52738,
62.74127,
8.349323,
35.44787,
45.21313,
172.0437,
380.1749,
39.09734,
1412.062,
217.532,
71.82063,
41.48478,
9.847591,
147.8333,
41.64889,
0,
3388.295,
2040, 
11.68854,
74.40454,
43.9703,
21.97742,
57.60777,
57.10357,
93.14768,
133.3942,
69.31381,
13.82699,
106.0281,
36.41825,
62.52246,
8.506449,
35.63477,
45.25161,
170.8923,
386.9216,
38.81417,
1372.38,
216.7469,
73.29619,
41.62514,
9.928628,
152.2918,
43.76021,
0,
3377.453,
2041, 
11.91624,
76.08022,
43.99505,
22.72637,
58.60586,
58.45352,
92.71445,
140.1466,
73.4779,
14.3058,
108.0598,
36.30815,
62.32608,
8.657171,
35.79032,
45.32395,
169.4533,
393.4541,
38.51234,
1329.052,
215.722,
74.8873,
41.83468,
10.00956,
157.1725,
46.27786,
0,
3365.263,
2042, 
12.14963,
77.80515,
44.02013,
23.49617,
59.61966,
59.87615,
92.21606,
146.7887,
77.55515,
14.79306,
110.1644,
36.19542,
62.09862,
8.808798,
35.93108,
45.41031,
167.8139,
399.9063,
38.19193,
1283.113,
214.5797,
76.65658,
42.05145,
10.08454,
161.958,
48.77456,
0,
3350.058,
2043, 
12.3832,
79.58059,
44.09322,
24.28359,
60.65012,
61.39542,
91.6752,
153.4003,
81.56429,
15.28463,
112.3032,
36.07872,
61.81319,
8.960302,
36.05935,
45.50653,
165.9669,
406.2689,
37.84555,
1234.9,
213.3054,
78.58565,
42.25341,
10.16038,
166.6382,
51.25272,
0,
3332.209,
2044, 
12.61538,
81.42463,
44.2425,
25.08237,
61.68331,
63.01026,
91.08286,
159.9674,
85.50862,
15.77662,
114.4565,
35.95832,
61.47702,
9.110654,
36.1768,
45.60855,
163.9251,
412.532,
37.47786,
1184.936,
211.9229,
80.64955,
42.4362,
10.24907,
171.2086,
53.71198,
0,
3312.231,
2045, 
12.84466,
83.33533,
44.47659,
25.88735,
62.71143,
64.72466,
90.46397,
166.4682,
89.39407,
16.26525,
116.6052,
35.83453,
61.09723,
9.258873,
36.28547,
45.71117,
161.7241,
418.6843,
37.09341,
1134.536,
210.4551,
82.82776,
42.59584,
10.35607,
175.6627,
56.14884,
0,
3291.448,
2046, 
13.08048,
85.26907,
44.77304,
26.68602,
63.7085,
66.50677,
89.81964,
174.1061,
93.92128,
16.74376,
118.7862,
35.71739,
60.70934,
9.401592,
36.36073,
45.821,
159.2344,
424.4235,
36.70677,
1082.917,
208.8284,
85.00632,
42.77848,
10.47448,
180.3357,
58.9496,
0,
3271.066,
2047, 
13.30951,
87.22751,
45.16334,
27.47586,
64.67992,
68.38282,
89.22584,
181.5821,
98.31219,
17.20865,
120.923,
35.59715,
60.20417,
9.540333,
36.43082,
45.92741,
156.6546,
429.9896,
36.30811,
1032.324,
207.1497,
87.24865,
42.92638,
10.59524,
184.8206,
61.67872,
0,
3250.886,
2048, 
13.58467,
89.06541,
45.66246,
28.23808,
65.56814,
69.84552,
88.51529,
188.7122,
102.5031,
17.66286,
123.2584,
35.49643,
60.3584,
9.639326,
36.49598,
46.01362,
154.0561,
435.4085,
36.07867,
982.7854,
206.0395,
89.5456,
43.31082,
10.66736,
189.2605,
64.30777,
0,
3232.08,
2049, 
13.85098,
90.90099,
46.23135,
28.9828,
66.42336,
71.03531,
87.79058,
195.7477,
106.5612,
18.09877,
125.5234,
35.39301,
60.39899,
9.733104,
36.55904,
46.09595,
151.4222,
440.6433,
35.84337,
934.5299,
204.9015,
91.85883,
43.65376,
10.75007,
193.5113,
66.87803,
0,
3213.319,
2050, 
14.10943,
92.72978,
46.85516,
29.70722,
67.24412,
72.1939,
87.67703,
202.6887,
110.4993,
18.51488,
127.7166,
35.28781,
60.42344,
9.821233,
36.62126,
46.53644,
148.7774,
445.6917,
35.61004,
887.8256,
203.7652,
93.4424,
43.96188,
10.83697,
197.5777,
69.39062,
0,
3195.506,
2051, 
14.36679,
94.50553,
47.50279,
30.39763,
68.00498,
73.29168,
88.10938,
211.4574,
115.3855,
18.97445,
129.8375,
35.18522,
60.73687,
9.902826,
36.78511,
46.24191,
146.8026,
450.3444,
35.38274,
841.3983,
203.6719,
95.21663,
44.42287,
10.97656,
202.8652,
72.47186,
0,
3184.239,
2052, 
14.61251,
96.2583,
48.1845,
31.06318,
68.73345,
74.36829,
88.53702,
220.0762,
120.1316,
19.41289,
131.8591,
35.08016,
61.01559,
9.978052,
36.951,
46.30608,
146.1699,
454.7798,
35.0796,
796.739,
203.5668,
96.91836,
44.80175,
11.12498,
207.9789,
75.47323,
0,
3175.2,
2053, 
14.84919,
97.96326,
48.89184,
31.7018,
69.4183,
75.40825,
88.96423,
228.5194,
124.7368,
19.82998,
133.7912,
34.97392,
61.2866,
10.04682,
37.11943,
46.36613,
145.5955,
459.0036,
34.73693,
754.8658,
203.4841,
98.54493,
45.13988,
11.27602,
212.9313,
78.39908,
0,
3167.844,
2054, 
15.07787,
99.60037,
49.61458,
32.31181,
70.05936,
76.40334,
89.39436,
236.7897,
129.2113,
20.22565,
135.6373,
34.86709,
61.56216,
10.10912,
37.29094,
46.42159,
145.0857,
463.0219,
34.4049,
715.642,
203.4403,
100.0946,
45.43579,
11.42287,
217.7308,
81.25256,
0,
3162.108,
2055, 
15.29847,
101.1677,
50.33793,
32.89313,
70.65727,
77.35336,
89.83012,
244.8982,
133.5644,
20.6,
137.3963,
34.75972,
61.84354,
10.16503,
37.46596,
46.47248,
144.6441,
466.8406,
34.08435,
679.1074,
203.4386,
101.5667,
45.7047,
11.56564,
222.3835,
84.03796,
0,
3158.077,
2056, 
15.51682,
102.6564,
51.02506,
33.43039,
71.17196,
78.21268,
90.22259,
253.8561,
138.3303,
20.94287,
139.0619,
34.65046,
62.14905,
10.30249,
37.60616,
46.51489,
144.1161,
470.2162,
33.75512,
647.0174,
203.3985,
102.8888,
45.97394,
11.6998,
227.0293,
87.07592,
0,
3158.821,
2057, 
15.72632,
104.0745,
51.70547,
33.93748,
71.64294,
79.02533,
90.61919,
262.5719,
142.9275,
21.26345,
140.6367,
34.54041,
62.45505,
10.4183,
37.7495,
46.55223,
143.6615,
473.3875,
33.46829,
622.3577,
203.3956,
104.1316,
46.20362,
11.82928,
231.5021,
90.01595,
0,
3165.8,
2058, 
15.92726,
105.4229,
52.36897,
34.41537,
72.07201,
79.79267,
91.02167,
271.0672,
147.3712,
21.56256,
142.1232,
34.42963,
62.76275,
10.51259,
37.89614,
46.5847,
143.2801,
476.3646,
33.26846,
599.3297,
203.4309,
105.2974,
46.38749,
11.95391,
235.8127,
92.86642,
0,
3173.323,
2059, 
16.11999,
106.7034,
52.6535,
34.86518,
72.46109,
80.51636,
91.43127,
279.3611,
151.6747,
21.84109,
143.5246,
34.31818,
63.07296,
10.5858,
38.04613,
46.6125,
142.9709,
479.1575,
33.17294,
577.8602,
203.5046,
106.3885,
46.51817,
12.07379,
239.9718,
95.63479,
0,
3181.041,
2060, 
16.30483,
107.9182,
52.92762,
35.28812,
72.8122,
81.19824,
91.84885,
287.4706,
155.8499,
22.10004,
144.8443,
34.20608,
63.38609,
10.63642,
38.19949,
46.63583,
142.732,
481.7761,
33.19817,
557.8687,
203.6159,
107.4081,
46.62367,
12.18917,
243.9887,
98.3277,
0,
3189.355,
2061, 
16.48564,
109.0637,
53.16318,
35.67296,
73.08385,
81.79688,
92.2021,
296.2571,
160.3178,
22.32861,
146.0762,
34.08872,
63.71379,
10.66002,
38.32884,
46.64252,
142.3965,
483.8714,
33.37241,
539.0844,
203.6934,
108.2838,
46.68422,
12.29409,
247.9136,
101.199,
0,
3198.675,
2062, 
16.65845,
110.1488,
53.38858,
36.032,
73.31961,
82.35551,
92.5605,
304.7909,
164.6162,
22.5385,
147.2297,
33.97043,
64.03806,
10.65066,
38.46051,
46.64476,
142.1274,
485.7989,
33.38691,
521.6155,
203.7979,
109.0929,
48.01279,
12.39509,
251.6809,
103.9699,
0,
3209.281,
2063, 
16.82373,
111.1765,
53.6044,
36.36678,
73.52172,
82.87642,
92.92451,
313.0972,
168.7617,
22.73087,
148.3093,
33.85126,
64.35948,
10.60454,
38.59444,
46.64275,
141.9212,
487.5693,
33.25919,
505.3736,
203.9283,
109.8392,
48.41154,
12.49246,
255.3031,
106.6501,
0,
3218.994,
2064, 
16.98195,
112.1501,
53.81119,
36.67879,
73.69243,
83.36192,
93.29442,
321.1979,
172.7688,
22.90685,
149.3198,
33.73126,
64.6785,
10.51914,
38.7094,
46.63673,
141.7748,
489.1925,
33.13678,
490.2717,
204.0833,
110.5263,
48.59595,
12.5864,
258.7916,
109.2482,
0,
3228.647,
2065, 
17.13381,
113.0728,
54.00959,
36.96951,
73.83382,
83.81419,
93.67033,
329.1121,
176.6503,
23.06754,
150.2666,
33.61057,
64.99756,
10.43473,
38.77681,
46.62689,
141.6847,
490.6786,
33.02003,
476.2246,
204.2637,
111.158,
48.7608,
12.67694,
262.1571,
111.7716,
0,
3238.443,
2066, 
17.28244,
113.9376,
54.1715,
37.22314,
73.9034,
84.18993,
93.97871,
337.4869,
180.6837,
23.20007,
151.1708,
33.48548,
65.32779,
10.43724,
38.77834,
46.60788,
141.4933,
491.6564,
32.89688,
463.2084,
204.3988,
111.5958,
48.91233,
12.75811,
265.3415,
114.39,
0,
3248.516,
2067, 
17.42487,
114.7576,
54.32551,
37.45726,
73.94666,
84.53532,
94.29092,
345.6219,
184.5627,
23.31864,
152.0169,
33.35952,
65.64059,
10.43611,
38.73641,
46.58524,
141.3519,
492.5091,
32.73472,
451.0863,
204.5497,
111.8905,
49.04421,
12.8362,
268.3978,
116.9152,
0,
3258.332,
2068, 
17.5616,
115.5361,
54.47212,
37.67331,
73.96552,
84.85243,
94.60699,
353.5418,
188.3029,
23.42429,
152.8091,
33.23275,
65.91963,
10.4316,
38.66621,
46.55918,
141.2568,
497.6883,
32.5316,
439.7845,
204.7155,
112.0486,
49.15816,
12.91146,
271.3369,
119.3567,
0,
3272.344,
2069, 
17.69277,
116.2758,
54.61175,
37.8726,
73.96178,
85.14331,
94.9268,
361.2681,
191.9176,
23.51799,
153.5504,
33.1051,
66.15702,
10.42394,
38.56647,
46.52988,
141.2047,
500.8425,
32.28626,
429.2332,
204.8924,
112.0774,
49.25446,
12.94172,
274.1679,
121.7226,
0,
3284.145,
2070, 
17.81878,
116.9798,
54.74482,
38.0564,
73.93712,
85.40984,
95.25016,
368.8194,
195.4187,
23.60064,
154.2443,
32.9766,
66.33616,
10.41335,
38.43579,
46.49751,
141.1922,
502.8314,
32.00278,
419.3671,
205.0791,
111.9823,
49.3344,
12.92229,
276.8997,
124.0202,
0,
3294.571,
2071, 
17.93746,
117.6192,
54.84196,
38.20762,
73.85228,
85.60416,
95.52686,
376.6555,
198.9602,
23.66049,
154.913,
32.84888,
66.44643,
10.40166,
38.26062,
46.4613,
141.0856,
503.4119,
31.7195,
410.2425,
205.1877,
111.7081,
49.40659,
12.8525,
279.4177,
126.3594,
0,
3303.589,
2072, 
18.05105,
118.2278,
54.93304,
38.3449,
73.74898,
85.77671,
95.80524,
384.2727,
202.3641,
23.71048,
155.5385,
32.72016,
66.49281,
10.38748,
38.05847,
46.4223,
141.0127,
502.9313,
31.42613,
401.6847,
205.2979,
111.3203,
49.46213,
12.72353,
281.8333,
128.6155,
0,
3311.162,
2073, 
18.16002,
118.808,
55.01847,
38.46933,
73.6286,
85.92916,
96.08519,
391.6937,
205.644,
23.72385,
156.1246,
32.59055,
66.48709,
10.37099,
37.83232,
46.38068,
140.9706,
501.8089,
31.12147,
393.6419,
205.4095,
110.8233,
49.49158,
12.54204,
284.1552,
130.7968,
0,
3317.708,
2074, 
18.26474,
119.3622,
55.09867,
38.58191,
73.49251,
86.06299,
96.36661,
398.938,
208.8122,
23.67118,
156.6745,
32.46007,
66.43242,
10.35236,
37.58497,
46.33654,
140.9567,
500.6693,
30.82306,
386.0663,
205.5221,
110.2228,
49.4664,
12.3082,
286.3917,
132.9108,
0,
3323.829,
2075, 
18.36558,
119.8923,
55.17398,
38.6836,
73.3419,
86.17961,
96.64935,
406.0231,
211.879,
23.55391,
157.1912,
32.32879,
66.33829,
10.33173,
37.31538,
46.29003,
140.9685,
499.514,
30.76696,
378.9138,
205.6356,
109.525,
49.40274,
12.02916,
288.5499,
134.9641,
0,
3329.807,
2076, 
18.45575,
120.3375,
55.21776,
38.7551,
73.13977,
86.22915,
96.89112,
413.2007,
214.9036,
23.35053,
157.6745,
32.20489,
66.20564,
10.31143,
37.0121,
46.24224,
140.9011,
498.0295,
30.72097,
372.1835,
205.6708,
108.6707,
49.33485,
11.75135,
290.4579,
136.9843,
0,
3334.837,
2077, 
18.54462,
120.7622,
55.25806,
38.81693,
72.92506,
86.26352,
97.13289,
420.1831,
217.8113,
23.09898,
158.1396,
32.08115,
66.06252,
10.28944,
36.69219,
46.19229,
140.8564,
496.6454,
30.66139,
365.7997,
205.7254,
107.7223,
49.26473,
11.78788,
292.2928,
138.9324,
0,
3339.942,
2078, 
18.63033,
121.1683,
55.28714,
38.86983,
72.69872,
86.2839,
97.37456,
426.9904,
220.6135,
22.80666,
158.5786,
31.95673,
65.89285,
10.26588,
36.35252,
46.14025,
140.831,
495.0046,
30.5712,
359.7287,
205.7782,
106.6789,
49.18235,
11.82325,
294.0566,
140.8156,
0,
3344.381,
2079, 
18.71314,
121.5572,
55.2512,
38.91454,
72.46165,
86.29132,
97.61608,
433.6397,
223.3201,
22.49111,
158.9936,
31.83166,
65.70175,
10.24085,
35.99617,
46.08628,
140.8231,
492.6744,
30.4508,
353.9398,
205.829,
105.5375,
49.09571,
11.85765,
295.7552,
142.6403,
0,
3347.71,
2080, 
18.79332,
121.9305,
55.15335,
38.95169,
72.21467,
86.28678,
97.85737,
440.1462,
225.9399,
22.1622,
159.3869,
31.70597,
65.48981,
10.21448,
35.63121,
46.03042,
140.831,
489.9618,
30.30095,
348.4053,
205.8779,
104.2896,
49.01343,
11.89124,
297.3939,
144.4121,
0,
3350.272,
2081, 
18.86028,
122.2121,
54.97583,
38.96376,
71.94073,
86.22895,
98.05466,
446.5921,
228.4743,
21.82705,
159.7254,
31.59163,
65.38372,
10.18932,
35.66387,
45.97661,
140.7777,
488.1048,
30.1424,
343.1571,
205.8375,
102.8847,
48.96529,
11.91581,
298.8054,
146.0962,
0,
3353.347,
2082, 
18.92463,
122.4804,
54.73698,
38.96914,
71.65828,
86.16061,
98.25077,
452.8659,
230.9115,
21.47703,
160.044,
31.47662,
65.61731,
10.16299,
35.73222,
45.92101,
140.7369,
486.7818,
30.00506,
338.1151,
205.791,
101.3748,
48.93571,
11.93973,
300.1578,
147.7186,
0,
3356.946,
2083, 
18.98662,
122.7366,
54.44425,
38.96835,
71.36791,
86.0825,
98.44575,
458.9845,
233.2608,
21.10463,
160.3443,
31.361,
65.84292,
10.13556,
35.79971,
45.8637,
140.7075,
485.4164,
29.9467,
333.2584,
205.7388,
99.89624,
48.90997,
11.96305,
301.4561,
149.2852,
0,
3360.308,
2084, 
19.04645,
122.9818,
54.10526,
38.96187,
71.07025,
85.99539,
98.63954,
464.9631,
235.5302,
20.80144,
160.6281,
31.24479,
66.06129,
10.1071,
35.86637,
45.80476,
140.6882,
484.011,
30.00743,
328.5684,
205.6812,
99.74445,
48.88576,
11.98583,
302.7046,
150.8015,
0,
3364.886,
2085, 
19.10432,
123.2169,
53.72726,
38.95015,
70.76581,
85.89991,
98.83215,
470.8146,
237.7267,
20.76171,
160.8967,
31.12804,
66.27305,
10.07768,
35.9322,
45.74427,
140.678,
482.5683,
30.22116,
324.0277,
205.6182,
99.58214,
48.86078,
12.0081,
303.9072,
152.2719,
0,
3369.595,
2086, 
19.14798,
123.3723,
53.29827,
38.91888,
69.97846,
85.76341,
98.98413,
476.4768,
239.819,
20.71439,
161.0966,
31.0234,
66.45822,
10.04992,
35.98649,
45.68519,
140.6202,
480.9365,
30.27272,
319.8037,
205.4756,
99.36186,
48.84253,
12.02138,
304.9313,
153.6343,
0,
3372.674,
2087, 
19.1891,
123.5191,
52.84149,
38.88292,
68.69995,
85.61954,
99.13429,
481.9878,
241.8314,
20.6642,
161.2798,
30.91792,
66.63029,
10.02131,
36.03965,
45.62455,
140.569,
479.2721,
30.21569,
315.6994,
205.3195,
99.13245,
48.82078,
12.03422,
305.9089,
154.9443,
0,
3374.8,
2088, 
19.22802,
123.6582,
52.36042,
38.84264,
67.06068,
85.46883,
99.28268,
487.362,
243.771,
20.61136,
161.4481,
30.81173,
66.79131,
9.991892,
36.09172,
45.56242,
140.5237,
477.5769,
30.15508,
311.7023,
205.1517,
98.89466,
48.79438,
12.04665,
306.8441,
156.207,
0,
3376.24,
2089, 
19.26499,
123.7903,
51.85733,
38.79835,
65.13516,
85.31171,
99.42929,
492.6122,
245.6443,
20.55608,
161.6031,
30.70487,
66.94268,
9.961726,
36.14273,
45.49886,
140.4835,
475.8531,
30.09134,
307.8015,
204.9736,
98.64911,
48.76134,
12.05872,
307.7402,
157.4268,
0,
3377.093,
2090, 
19.30019,
123.9158,
51.33525,
38.75036,
62.97236,
85.14189,
99.57422,
497.7498,
247.4568,
20.49856,
161.7462,
30.59742,
67.08538,
9.930855,
36.19271,
45.43394,
140.4479,
474.1021,
30.02477,
303.9868,
204.7859,
98.39643,
48.71777,
12.07044,
308.6002,
158.6073,
0,
3377.421,
2091, 
19.32297,
123.9855,
50.78361,
38.68871,
60.64614,
84.8201,
99.66211,
502.5751,
249.1381,
20.43412,
161.8207,
30.50004,
67.19973,
9.900422,
36.23203,
45.36446,
140.3621,
472.2238,
29.95102,
300.4775,
204.5328,
98.09344,
48.65643,
12.07482,
309.3042,
159.6893,
0,
3376.439,
2092, 
19.3462,
124.0497,
50.21592,
38.62374,
60.12573,
84.37617,
99.74783,
507.2681,
250.7531,
20.36786,
161.8944,
30.40295,
67.32336,
9.869347,
36.27013,
45.29359,
140.2808,
470.3233,
29.88073,
297.0368,
204.2898,
97.7849,
48.58705,
12.0789,
309.9777,
160.728,
0,
3376.896,
2093, 
19.36818,
124.109,
49.6311,
38.55568,
59.82367,
83.81503,
99.83145,
511.841,
252.3079,
20.29978,
161.9594,
30.3054,
67.44117,
9.837669,
36.30704,
45.22141,
140.2023,
468.4006,
29.80852,
293.6575,
204.0395,
97.47074,
48.50119,
12.08271,
310.6193,
161.7276,
0,
3377.165,
2094, 
19.38877,
124.1638,
49.12215,
38.48474,
59.51852,
83.14204,
99.91303,
516.3046,
253.8071,
20.22999,
162.0154,
30.20735,
67.55157,
9.805421,
36.34282,
45.14796,
140.1262,
466.4568,
29.7338,
290.3328,
203.7801,
97.15133,
48.39789,
12.08626,
311.2306,
162.6913,
0,
3377.132,
2095, 
19.40808,
124.2144,
49.07124,
38.41112,
59.21046,
82.36325,
99.99266,
520.6685,
255.2553,
20.15861,
162.0631,
30.1088,
67.65514,
9.772635,
36.37751,
45.07329,
140.0521,
464.493,
29.65674,
287.0571,
203.512,
96.82704,
48.27852,
12.08958,
311.8139,
163.6223,
0,
3377.207,
2096, 
19.41739,
124.2206,
49.004,
38.33041,
58.91139,
81.4718,
100.0089,
524.6469,
256.563,
20.08141,
162.0401,
30.01416,
67.73004,
9.737659,
36.39635,
44.98189,
139.9178,
462.4688,
29.57877,
283.9504,
203.1928,
96.46511,
48.13544,
12.08737,
312.277,
164.4545,
0,
3376.084,
2097, 
19.42586,
124.2233,
48.93574,
38.24727,
58.60982,
80.48739,
100.0228,
528.5106,
257.8157,
20.00282,
162.0113,
29.9192,
67.80112,
9.777677,
36.41398,
44.88929,
139.7848,
460.4271,
29.49951,
280.8828,
202.868,
96.09911,
47.98562,
12.08496,
312.7135,
165.2515,
0,
3374.691,
2098, 
19.43302,
124.2228,
48.86632,
38.16188,
58.30592,
79.41684,
100.0347,
532.2698,
259.018,
19.92289,
161.9747,
29.82372,
67.86408,
9.794091,
36.43044,
44.79554,
139.6526,
458.3687,
29.41739,
277.8501,
202.5327,
95.72914,
47.82705,
12.08235,
313.1241,
166.0164,
0,
3372.935,
2099, 
19.43898,
124.2194,
48.7958,
38.07437,
57.99979,
78.26784,
100.0444,
535.9336,
260.1739,
19.84172,
161.9307,
29.72772,
67.91958,
9.789019,
36.44577,
44.70067,
139.5209,
456.2943,
29.33265,
274.8484,
202.1874,
95.3555,
47.66144,
12.07957,
313.5104,
166.7519,
0,
3370.846,
2100, 
19.44384,
124.2134,
48.72425,
37.9849,
57.69159,
77.04833,
100.0522,
539.5099,
261.2869,
19.75939,
161.8802,
29.63126,
67.9683,
9.765203,
36.46003,
44.60474,
139.3896,
454.2047,
29.24548,
271.8744,
201.833,
94.97845,
47.48946,
12.07662,
313.8743,
167.4604,
0,
3368.451];
