real main.em.dem.hi.Steel_Production[28](t) = [1971, 
11.04,
109.264,
3.821,
0.169,
5.997,
4.012,
0.568,
0,
0,
4.881,
154.475,
39.071,
1.235,
44.55631,
6.460629,
69.62006,
0.107,
6.101,
2.832,
21.765,
0.596,
0.01,
88.557,
6.897,
0,
0.519,
0,
582.554,
1972, 
11.863,
120.874,
4.431,
0.191,
6.518,
4.477,
0.681,
0,
0,
5.337,
168.084,
41.535,
1.557,
46.38529,
6.72583,
72.47788,
0.137,
6.856,
3.086,
23.84,
0.841,
0.03,
96.9,
6.908,
0,
0.552,
0,
630.287,
1973, 
13.388,
136.802,
4.76,
0.23,
7.15,
4.547,
0.86,
0,
0,
5.722,
181.397,
43.63,
1.354,
48.56145,
7.041371,
75.87817,
0.385,
6.889,
4.057,
26.95,
0.931,
0.05,
119.322,
7.889,
0,
0.6,
0,
698.394,
1974, 
13.623,
132.195,
5.138,
0.25,
7.515,
4.834,
0.805,
0,
0,
5.839,
188.438,
45.528,
1.59,
50.30438,
7.294094,
78.60153,
0.727,
7.068,
5.147,
27.321,
0.939,
0.08,
117.131,
8.007,
0,
0.62,
0,
708.995,
1975, 
13.025,
105.816,
5.272,
0.31,
8.387,
4.616,
0.851,
0,
0,
6.831,
156.54,
47.734,
1.703,
52.19725,
7.56856,
81.55919,
0.681,
7.991,
4.894,
27.43,
0.938,
0.1,
102.313,
8.054,
0,
0.62,
0,
645.431,
1976, 
13.29,
116.12,
5.298,
0.309,
9.253,
4.584,
0.958,
0,
0,
7.106,
165.691,
50.166,
1.972,
53.48256,
7.754929,
83.5675,
0.684,
9.364,
6.515,
23.048,
1.022,
0.139,
107.399,
8.016,
0,
0.62,
0,
676.359,
1977, 
13.631,
113.7,
5.601,
0.364,
11.253,
4.774,
1.167,
0,
0,
7.295,
157.065,
53.846,
1.902,
54.16585,
7.854004,
84.63515,
1.948,
10.009,
8.347,
25.94,
1.073,
0.25,
102.405,
7.556,
0,
0.65,
0,
675.431,
1978, 
14.899,
124.313,
6.711,
0.364,
12.205,
5.034,
1.33,
0,
0,
7.902,
165.1,
56.022,
2.172,
55.93167,
8.110047,
87.39428,
1.576,
10.099,
10.049,
35.682,
1.144,
0.31,
102.105,
7.821,
0,
0.85,
0,
717.124,
1979, 
16.078,
123.276,
7.005,
0.398,
13.893,
6.158,
1.55,
0,
0,
8.876,
175.079,
56.868,
2.396,
55.06409,
7.984248,
86.03867,
2.103,
10.126,
12.91,
39.15,
1.327,
0.518,
111.748,
8.348,
0,
0.89,
0,
747.784,
1980, 
15.901,
101.456,
7.156,
0.443,
15.337,
6.268,
1.541,
0.02,
0,
9.067,
162.483,
57.553,
2.536,
54.63713,
7.922339,
85.37154,
1.226,
9.514,
14.358,
40.698,
1.33,
0.543,
111.395,
7.819,
0.131,
0.875,
0,
715.581,
1981, 
14.811,
109.614,
7.663,
0.443,
13.226,
6.009,
1.752,
0.022,
0,
9.005,
159.964,
54.119,
2.425,
54.85356,
7.953722,
85.70972,
1.248,
10.765,
16.253,
38.921,
1.123,
0.621,
101.676,
7.856,
0.144,
0.761,
0,
706.938,
1982, 
11.871,
67.656,
7.056,
0.732,
12.995,
6.382,
2.054,
0.09,
0,
8.28,
144.433,
52.979,
3.183,
54.34978,
7.880674,
84.92255,
1.232,
10.997,
17.558,
41.482,
1.231,
0.693,
99.548,
6.623,
0.098,
0.608,
0,
644.934,
1983, 
12.832,
76.762,
6.978,
0.844,
14.671,
6.778,
2.041,
0.182,
0,
7.18,
143.196,
54.429,
3.834,
56.32871,
8.167618,
88.01467,
1.661,
10.237,
18.015,
45.222,
1.099,
0.983,
97.179,
5.91,
0.178,
0.722,
0,
663.444,
1984, 
14.699,
83.941,
7.56,
0.627,
18.386,
7.019,
1.856,
0.229,
0,
7.732,
156.085,
56.685,
4.33,
56.96361,
8.259678,
89.00671,
2.366,
10.549,
19.534,
48.886,
1.343,
1.171,
105.586,
6.582,
0.388,
0.498,
0,
710.282,
1985, 
14.637,
80.068,
7.399,
0.681,
20.455,
7.683,
2.609,
0.321,
0,
8.507,
157.437,
56.029,
4.864,
57.11984,
8.282331,
89.25082,
2.675,
11.936,
20.039,
52.28,
1.462,
1.374,
105.279,
6.836,
0.872,
0.806,
0,
718.902,
1986, 
14.081,
74.032,
7.225,
0.87,
21.233,
8.529,
2.652,
0.2,
0,
8.895,
147.327,
57.733,
5.928,
59.29305,
8.597445,
92.6465,
2.655,
12.197,
21.155,
57.933,
1.5,
1.729,
98.275,
6.961,
1.016,
0.749,
0,
713.412,
1987, 
14.737,
80.877,
7.642,
0.892,
22.228,
9.326,
3.162,
0.184,
0,
8.991,
145.011,
58.556,
7.044,
59.78686,
8.669047,
93.41809,
2.912,
13.121,
23.512,
62.115,
1.825,
2.059,
98.513,
6.509,
1.12,
0.672,
0,
732.882,
1988, 
14.866,
90.65,
7.779,
0.791,
24.657,
9.487,
3.587,
0.234,
0,
8.837,
159.984,
57.516,
7.982,
60.21641,
8.731331,
94.08926,
3.318,
14.309,
25.948,
67.614,
1.817,
1.85,
105.681,
6.847,
1.32,
0.677,
0,
778.788,
1989, 
15.458,
88.853,
7.85,
0.784,
25.017,
9.32,
3.35,
0.213,
0,
9.567,
161.825,
55.688,
7.852,
59.13017,
8.573828,
92.392,
3.676,
14.429,
28.803,
70.587,
1.995,
1.85,
107.909,
7.34,
1.32,
0.667,
0,
784.449,
1990, 
12.281,
89.726,
8.734,
0.708,
20.567,
8.718,
3.759,
0.275,
0.05,
8.619,
155.46,
47.165,
9.443,
57.0397,
8.27071,
89.1256,
4.065,
14.963,
30.125,
76.247,
3.001,
2.892,
110.339,
7.395,
0.9,
0.595,
0,
770.463,
1991, 
12.987,
79.738,
7.964,
0.701,
22.617,
8.291,
4.315,
0.307,
0.05,
9.358,
150.292,
35.334,
9.398,
49.06302,
7.114098,
76.66188,
4.778,
17.1,
31.001,
82.123,
3.164,
3.089,
109.649,
6.947,
0.958,
0.591,
0,
733.591,
1992, 
13.933,
84.322,
8.459,
0.773,
23.934,
8.363,
4.344,
0.257,
0.05,
9.061,
145.453,
31.291,
10.343,
43.483,
6.305,
67.943,
5.589,
18.117,
32.055,
91.79,
3.701,
2.949,
98.132,
7.561,
0.919,
0.557,
0,
719.684,
1993, 
14.387,
88.793,
9.199,
0.665,
25.207,
8.591,
4.747,
0.247,
0.05,
8.726,
145.942,
30.838,
11.519,
34.159,
4.852,
58.797,
6.875,
18.155,
36.526,
101.659,
4.199,
3.802,
99.623,
8.706,
1.054,
0.23,
0,
727.548,
1994, 
13.897,
91.244,
10.26,
0.786,
25.747,
9.21,
4.494,
0.115,
0.05,
8.525,
153.25,
33.423,
12.624,
25.594,
3.333,
48.993,
7.806,
19.282,
35.345,
104.357,
4.836,
3.22,
98.295,
9.192,
1.064,
0.163,
0,
725.105,
1995, 
14.415,
95.191,
12.147,
0.973,
25.076,
9.559,
4.584,
0.096,
0.05,
8.741,
157.045,
33.12,
13.183,
23.716,
3.395,
51.693,
8.133,
22.003,
37.372,
107.115,
6.324,
4.13,
101.64,
9.302,
1.016,
0.22,
0,
750.239,
1996, 
14.735,
95.535,
13.172,
1.009,
25.237,
10.632,
4.324,
0.073,
0.05,
7.999,
147.777,
32.376,
13.624,
23.864,
3.66,
49.355,
9.169,
23.753,
39.503,
113.687,
7.146,
4.109,
98.801,
9.223,
0.967,
0.212,
0,
749.992,
1997, 
15.553,
98.485,
14.218,
1.205,
26.153,
10.813,
4.213,
0.075,
0.05,
8.311,
161.241,
35.191,
14.475,
27.659,
4.268,
48.631,
9.929,
24.415,
43.154,
124.905,
6.765,
3.816,
104.545,
9.589,
0.97,
0.214,
0,
798.843,
1998, 
15.93,
98.658,
14.213,
1.139,
25.76,
10.361,
4.52,
0.06,
0.05,
7.956,
161.324,
32.371,
14.144,
26.592,
3.472,
43.883,
9.065,
23.48,
40.196,
131.502,
5.427,
2.699,
93.548,
9.697,
0.97,
0.212,
0,
777.229,
1999, 
16.235,
97.428,
15.299,
1.095,
24.996,
9.574,
4.429,
0.06,
0.05,
7.341,
156.667,
27.387,
14.313,
29.697,
4.443,
51.517,
9.779,
24.296,
41.342,
139.147,
5.245,
2.891,
91.192,
8.947,
0.93,
0.255,
0,
784.555,
2000, 
16.594,
101.803,
15.586,
1.324,
27.865,
11.25,
4.969,
0.06,
0.05,
8.481,
165.037,
31.04,
14.325,
34.177,
5.176,
59.136,
10.78,
26.924,
43.407,
144.132,
7.11,
2.848,
106.444,
7.831,
0.98,
0.267,
0,
847.596,
2001, 
15.276,
90.104,
13.3,
1.179,
26.717,
10.658,
5.789,
0.06,
0.05,
8.821,
160.137,
29.957,
14.981,
35.561,
5.088,
58.97,
11.69,
27.291,
44.152,
168.127,
7.527,
2.781,
102.866,
7.859,
1.13,
0.149,
0,
850.22,
2002, 
16.002,
91.587,
14.01,
1.35,
29.604,
11.255,
6.498,
0.06,
0.05,
9.095,
160.384,
30.662,
16.467,
36.048,
5.264,
59.902,
12.492,
28.814,
45.69,
200.479,
8.704,
2.462,
107.745,
8.292,
1,
0.105,
0,
904.021,
2003, 
15.927,
93.677,
15.178,
1.396,
31.147,
11.888,
6.547,
0.06,
0.05,
9.481,
162.677,
32.819,
18.298,
39.363,
5.397,
61.7,
13.443,
31.779,
46.61,
241.245,
9.141,
2.042,
110.511,
8.397,
1.03,
0.152,
0,
969.955,
2004, 
16.305,
99.681,
16.737,
1.298,
32.909,
12.966,
6.921,
0.1,
0.05,
9.5,
170.797,
33.712,
20.478,
41.542,
5.987,
65.833,
14.253,
32.626,
47.821,
300.085,
11.955,
3.682,
112.718,
8.299,
1.175,
0.135,
0,
1067.565,
2005, 
15.327,
94.897,
16.195,
1.212,
31.61,
13.708,
8.185,
0.16,
0.05,
9.494,
166.975,
31.01,
20.965,
41.684,
5.046,
66.476,
15.257,
45.78,
48.12,
374.732,
12.414,
3.675,
112.471,
8.646,
0.855,
0.107,
0,
1145.051,
2006, 
15.493,
98.557,
16.447,
1.294,
30.901,
14.397,
8.828,
0.16,
0.05,
9.718,
175.168,
34.51,
23.315,
43.89,
4.886,
71.13,
15.376,
49.45,
48.755,
443.081,
13.807,
3.759,
116.226,
8.691,
1.07,
0.024,
0,
1248.983,
2007, 
15.572,
98.102,
17.573,
1.372,
33.782,
14.45,
9.424,
0.16,
0.05,
9.098,
177.195,
35.382,
25.754,
46.205,
5.427,
72.537,
16.452,
53.08,
51.817,
515.802,
15.867,
4.016,
120.203,
8.784,
1.12,
0.023,
0,
1349.247,
2008, 
14.845,
91.35,
17.209,
1.089,
33.716,
13.665,
8.514,
0.16,
0.05,
8.246,
170.146,
31.543,
26.806,
40.753,
4.932,
68.66,
16.647,
57.791,
54.925,
532.221,
15.384,
3.915,
118.739,
8.424,
1.03,
0.023,
0,
1340.783,
2009, 
9.286,
58.196,
14.132,
0.964,
26.506,
11.27,
7.706,
0.16,
0.05,
7.484,
119.44,
22.534,
25.304,
32.652,
4.862,
60.131,
17.766,
63.527,
49.872,
592.884,
13.213,
3.501,
87.534,
6.014,
0.83,
0.023,
0,
1235.841,
2010, 
13.009,
80.495,
16.87,
1.188,
32.948,
10.945,
8.798,
0.16,
0.05,
7.617,
149.503,
26.522,
29.143,
36.202,
4.936,
67.062,
20,
68.976,
60.214,
658.498,
15.956,
3.664,
109.599,
8.149,
0.83,
0.023,
0,
1431.357,
2011, 
12.891,
86.398,
18.11,
1.276,
35.22,
12.944,
7.94,
0.16,
0.05,
7.546,
153.471,
27.84,
34.107,
38.259,
5.432,
68.972,
23.03,
73.471,
69.819,
722.146,
17.056,
3.621,
107.601,
7.248,
0.88,
0.023,
0,
1535.511,
2012, 
13.507,
88.695,
18.095,
1.311,
34.524,
11.855,
8.188,
0.16,
0.05,
6.938,
145.981,
26.161,
35.885,
35.997,
4.412,
70.546,
24.679,
77.561,
70.353,
737.206,
16.211,
2.254,
107.232,
5.805,
0.88,
0.023,
0,
1544.509,
2013, 
12.4,
87,
18.2,
1.311,
34.2,
5.2,
6.8,
0.16,
0.05,
7.2,
141.8,
20.7,
34.7,
35,
3.3,
69.4,
25.9,
81.2,
66,
801.3,
13.9,
2.6,
110.6,
4.7,
1.9,
0.023,
0,
1585.544,
2014, 
12.7,
88.2,
19,
1.311,
33.9,
5.5,
6.5,
0.16,
0.05,
6.6,
143.9,
21.9,
34,
29.7,
3.7,
71.5,
28,
87.3,
71.5,
845.8,
14.3,
4.4,
110.7,
4.6,
2.4,
0.023,
0,
1647.644,
2015, 
12.5,
78.9,
18.3,
1.311,
33.3,
5,
5.5,
0.16,
0.05,
7.6,
139.8,
22.4,
31.5,
25.5,
3.6,
71.1,
27.4,
89.6,
69.7,
825.2,
13.2,
4.9,
105.2,
4.9,
2.9,
0.023,
0,
1599.544,
2016, 
12.7,
78.5,
19,
1.311,
30.2,
4.1,
5,
0.16,
0.05,
6.1,
136.22,
22.3,
33.2,
26.4,
4.2,
70.5,
29.1,
95.5,
68.6,
808.7,
14.4,
4.8,
104.8,
5.3,
3.6,
0.023,
0,
1584.764,
2017, 
13.7,
81.6,
20,
1.311,
34.4,
4.6,
6.8,
0.16,
0.05,
6.3,
138.6,
23.5,
37.5,
25.1,
4.4,
71.3,
32.5,
101.4,
71.1,
854.9,
17.6,
4.8,
104.7,
5.3,
5,
0.023,
0,
1666.644,
2018, 
13.2985,
84.68059,
19.1935,
0.9743815,
33.48447,
6.843469,
8.961737,
0.605,
0.225,
6.22585,
137.0776,
25.14665,
35.62154,
24.4806,
4.600194,
71.61459,
39.54729,
106.3754,
71.59592,
936.1366,
24.53908,
6.682421,
101.9921,
5.729932,
6.717018,
0.2265,
0,
1772.576,
2019, 
12.897,
87.76118,
18.387,
0.637763,
32.56894,
9.086937,
11.12347,
1.05,
0.4,
6.1517,
135.5552,
26.7933,
33.74308,
23.8612,
4.800388,
71.92918,
46.59459,
111.3507,
72.09185,
1017.373,
31.47816,
8.564842,
99.28411,
6.159864,
8.434036,
0.43,
0,
1878.508,
2020, 
10.986,
72.73212,
16.80256,
0.509364,
31.41486,
7.271715,
12.80117,
1.05,
0.385,
3.8765,
119.8792,
23.59611,
35.81025,
23.56337,
4.8312,
71.82096,
48.40515,
100.2565,
67.80876,
1085.726,
32.64753,
12.87137,
83.18649,
6.076141,
9.333,
0.37,
0,
1884.011,
2021, 
12.97629,
85.79141,
18.45359,
0.640518,
36.07107,
9.495258,
15.57167,
1.05,
0.485,
5.0195,
137.8964,
26.76474,
40.36005,
24.41692,
5.548995,
77.30557,
50.09743,
118.2014,
71.08003,
1058.476,
37.7538,
14.83481,
96.33601,
6.42527,
10.96767,
0.42,
0,
1962.439,
2022, 
12.09757,
80.5354,
18.38633,
0.560328,
34.0895,
9.971719,
16.43181,
1.05,
0.45,
4.4025,
123.9235,
22.88337,
35.13378,
8.893232,
5.099587,
72.10544,
54.53187,
125.3772,
66.54617,
1039.881,
35.07412,
15.56786,
89.2268,
6.191218,
11.243,
0.41,
0,
1890.064,
2023, 
12.11104,
81.39223,
16.17971,
0.494195,
31.86875,
9.765679,
17.14286,
1.05,
0.45,
4.870989,
116.3068,
19.89046,
33.71368,
9.0277,
4.923303,
76.37865,
54.85159,
140.706,
67.38328,
1038.229,
34.21028,
16.8,
86.9988,
6.013748,
10.867,
0.41,
0,
1892.036,
2024, 
12.11864,
81.48006,
16.52323,
0.9845943,
31.71319,
10.5366,
18.14717,
1.193697,
0.5722058,
4.917113,
115.7337,
20.58455,
33.99969,
9.313085,
5.350392,
75.92033,
56.186,
154.9593,
66.5053,
1032.185,
37.83116,
19.06527,
85.70433,
5.976518,
12.57276,
0.4317442,
0,
1910.506,
2025, 
12.16729,
81.65411,
16.65649,
1.11543,
31.853,
10.86901,
19.41703,
1.252418,
0.6143262,
4.934737,
115.4385,
21.39317,
34.31781,
9.781244,
5.80971,
75.6297,
57.63163,
169.8524,
65.78487,
1026.631,
41.50904,
21.31569,
84.66753,
5.962776,
14.72381,
0.4434721,
0,
1931.426,
2026, 
12.20525,
81.91984,
17.17452,
1.133382,
32.02802,
10.81544,
20.97311,
1.337045,
0.6533746,
4.965179,
114.9813,
22.07135,
34.78276,
9.973074,
6.206646,
75.63367,
59.25354,
185.7603,
65.10935,
1019.956,
45.66415,
23.52486,
83.93548,
5.972555,
18.1998,
0.4733318,
0,
1954.704,
2027, 
12.24339,
82.17979,
17.676,
1.159865,
32.36736,
10.6416,
22.45999,
1.437687,
0.7043657,
4.99736,
114.527,
22.71664,
35.22042,
10.18754,
6.577983,
75.8997,
60.82364,
201.0278,
64.65052,
1014.013,
48.58365,
25.47756,
83.66014,
5.981917,
20.78195,
0.5147322,
0,
1976.512,
2028, 
12.28281,
82.44325,
18.16702,
1.203763,
32.83804,
10.43325,
23.88997,
1.564482,
0.7748179,
5.033762,
113.9143,
23.33456,
35.6324,
10.42711,
6.931138,
76.36373,
62.35793,
215.6505,
64.37053,
1008.673,
50.21522,
27.27261,
83.76019,
5.991344,
22.93016,
0.5681438,
0,
1997.024,
2029, 
12.32655,
82.71688,
18.65479,
1.264479,
33.33039,
10.21285,
25.22866,
1.721911,
0.8640109,
5.077451,
113.2507,
23.93096,
36.01271,
10.67816,
7.27842,
76.81677,
63.8754,
229.5859,
64.12299,
1003.127,
51.64601,
28.98232,
83.91279,
6.002644,
25.02602,
0.6338894,
0,
2016.28,
2030, 
12.37635,
82.48123,
19.14563,
1.338268,
33.90634,
10.00607,
26.39703,
1.91921,
0.9752903,
5.132006,
112.5724,
24.35174,
36.36708,
10.96513,
7.626828,
77.3177,
65.39656,
242.8902,
63.95614,
997.6151,
53.06462,
30.64746,
84.21523,
6.019277,
27.13864,
0.7121699,
0,
2034.534,
2031, 
12.40889,
82.23859,
19.75751,
1.468758,
35.22489,
9.976625,
27.95226,
2.391149,
1.163928,
5.390092,
111.9808,
24.15255,
36.67476,
11.36549,
8.087057,
78.21049,
67.05637,
256.7232,
63.95128,
991.5604,
54.62344,
32.34206,
84.97746,
6.046156,
29.86532,
0.8531469,
0,
2056.443,
2032, 
12.40422,
82.07629,
20.38464,
1.637885,
36.54689,
10.04661,
29.46874,
2.886832,
1.377596,
5.657732,
111.482,
23.98338,
36.95536,
11.80948,
8.555009,
79.00723,
68.75063,
269.8499,
63.92263,
985.0851,
56.26336,
34.03615,
85.66916,
6.080926,
32.58279,
1.020673,
0,
2077.541,
2033, 
12.41574,
82.01807,
20.99635,
1.845205,
37.88609,
10.25166,
30.97351,
3.448695,
1.625206,
5.939233,
111.032,
23.85697,
37.21069,
12.31349,
9.037928,
79.70347,
70.49905,
282.3156,
63.89503,
978.0826,
57.98521,
35.75767,
86.30837,
6.125077,
35.31258,
1.214726,
0,
2098.05,
2034, 
12.45245,
82.05521,
21.47818,
2.093648,
39.26647,
10.58047,
32.48341,
4.085229,
1.908396,
6.238333,
110.6581,
23.75949,
37.4428,
12.92145,
9.541817,
80.30823,
72.32035,
294.1781,
63.86877,
970.6302,
59.71177,
37.52473,
86.89156,
6.180677,
38.05555,
1.435167,
0,
2118.071,
2035, 
12.51718,
82.20858,
21.94282,
2.380536,
40.69181,
11.00777,
34.01108,
4.798371,
2.227202,
6.557943,
110.4074,
23.65126,
37.65248,
13.67744,
10.07238,
80.82597,
74.23028,
305.4808,
63.83493,
962.6752,
61.43214,
39.35558,
87.51874,
6.249198,
40.8098,
1.681714,
0,
2137.899,
2036, 
12.60183,
82.37856,
22.48991,
2.749042,
42.61491,
11.64199,
35.91029,
5.854368,
2.693765,
7.029436,
110.2575,
23.56578,
37.7949,
14.38606,
10.64995,
81.45684,
76.11801,
317.3748,
63.88708,
953.9045,
63.11148,
41.3628,
88.36974,
6.333259,
44.14705,
2.03718,
0,
2160.721,
2037, 
12.70869,
82.64703,
23.0666,
3.160286,
44.57928,
12.40082,
37.81031,
6.984364,
3.199995,
7.51445,
110.1867,
23.53045,
37.92184,
14.86206,
11.26032,
82.0587,
77.75954,
328.6761,
63.98795,
944.7858,
64.85481,
43.43452,
89.15759,
6.4299,
47.43245,
2.418061,
0,
2182.829,
2038, 
12.82889,
83.00335,
23.6552,
3.617881,
46.58566,
13.28028,
39.72861,
8.211949,
3.754914,
8.013402,
110.2068,
23.53771,
38.03257,
15.33083,
11.90431,
82.55281,
79.40855,
339.4123,
64.06452,
935.1857,
66.67001,
45.56998,
90.04585,
6.53914,
50.69369,
2.831349,
0,
2204.666,
2039, 
12.95853,
83.31521,
24.26472,
4.123966,
48.6041,
14.27944,
41.6708,
9.539321,
4.359082,
8.525558,
110.2694,
23.57582,
38.12883,
15.79144,
12.5812,
82.9679,
81.12656,
349.6275,
64.16048,
925.2753,
68.57594,
47.77158,
90.80708,
6.66038,
53.9335,
3.277391,
0,
2226.171,
2040, 
13.10573,
83.69879,
24.89459,
4.678609,
50.65541,
15.41165,
43.63119,
10.9643,
5.011259,
9.04941,
110.4122,
23.66256,
38.21211,
16.20707,
13.28903,
83.30298,
82.89407,
359.345,
64.25768,
914.9933,
70.55189,
50.03437,
91.57217,
6.792863,
57.1441,
3.755282,
0,
2247.528,
2041, 
13.26588,
84.22856,
25.6067,
5.327251,
52.99432,
16.76722,
45.90098,
13.01106,
5.962468,
9.669353,
110.6747,
23.80851,
38.24213,
16.67253,
14.02481,
83.68849,
84.67658,
369.3937,
64.36453,
903.9796,
72.49402,
52.34918,
92.45627,
6.93879,
61.02979,
4.439319,
0,
2271.967,
2042, 
13.44096,
84.81013,
26.3468,
6.012971,
55.32425,
18.23675,
48.13871,
15.14684,
6.966191,
10.28701,
110.9873,
23.98167,
38.26336,
17.1315,
14.78248,
84.03211,
86.44326,
378.8926,
64.47527,
892.7062,
74.41197,
54.67906,
93.32129,
7.093141,
64.81831,
5.153053,
0,
2295.883,
2043, 
13.61868,
85.33735,
27.09151,
6.735556,
57.61563,
19.80878,
50.34787,
17.39599,
8.033672,
10.89995,
111.3306,
24.2116,
38.27537,
17.55205,
15.55513,
84.29349,
88.20078,
387.8878,
64.57286,
881.3616,
76.31291,
57.00417,
94.11289,
7.254179,
68.54076,
5.903824,
0,
2319.255,
2044, 
13.8095,
85.95525,
27.85763,
7.493732,
59.82796,
21.44862,
52.51973,
19.75818,
9.163529,
11.50544,
111.7044,
24.57506,
38.27874,
17.94968,
16.3387,
84.4931,
89.98357,
396.3784,
64.61761,
869.6312,
78.26519,
59.30782,
94.7912,
7.419578,
72.19946,
6.691308,
0,
2341.965,
2045, 
14.00082,
86.52859,
28.63318,
8.279891,
61.95763,
23.13901,
54.65094,
22.22862,
10.3538,
12.10075,
112.0968,
24.9283,
38.27255,
18.36436,
17.12806,
84.5816,
91.79881,
404.405,
64.622,
858.024,
80.24152,
61.59185,
95.28233,
7.587264,
75.80769,
7.513954,
0,
2364.119,
2046, 
14.19118,
87.08092,
29.42172,
9.133128,
64.23095,
24.92301,
56.99311,
25.68844,
12.03092,
12.73288,
112.4857,
25.25282,
38.21749,
18.75347,
17.92779,
84.75291,
93.56492,
412.5488,
64.69833,
845.6638,
82.19098,
63.8043,
95.85801,
7.757286,
80.09432,
8.662232,
0,
2388.659,
2047, 
14.38206,
87.63232,
30.20295,
9.997422,
66.36713,
26.72902,
59.26215,
29.26019,
13.77689,
13.34292,
112.8675,
25.5895,
38.15526,
19.10664,
18.72219,
84.78339,
95.36943,
420.1691,
64.64701,
833.3014,
84.18922,
65.96993,
96.26799,
7.926694,
84.27649,
9.847829,
0,
2412.143,
2048, 
14.57122,
88.18334,
30.99039,
10.88339,
68.3595,
28.57759,
61.46091,
32.97484,
15.60718,
13.92942,
113.2472,
25.96881,
38.08751,
19.40358,
19.50828,
84.74088,
97.20617,
427.292,
64.54071,
820.8657,
86.24959,
68.07567,
96.54016,
8.094245,
88.37177,
11.0804,
0,
2434.81,
2049, 
14.76323,
88.73521,
31.77596,
11.80257,
70.21735,
30.47941,
63.58898,
36.83525,
17.52438,
14.49117,
113.6179,
26.37454,
38.01625,
19.68085,
20.28066,
84.57917,
99.05491,
433.9415,
64.42037,
808.4324,
88.34783,
70.11214,
96.72761,
8.258715,
92.38398,
12.36238,
0,
2456.805,
2050, 
14.95664,
89.28624,
32.54081,
12.75373,
71.91125,
32.44099,
65.64492,
40.83747,
19.52555,
15.02733,
113.9736,
26.77957,
37.94027,
19.89422,
21.03478,
84.32538,
100.8888,
440.1453,
64.17799,
795.8005,
90.50264,
72.07107,
96.67751,
8.419144,
96.34914,
13.69384,
0,
2477.599,
2051, 
15.13799,
89.80305,
33.30056,
13.74458,
73.59785,
34.45111,
67.81901,
46.1298,
22.16548,
15.56916,
114.2725,
27.16561,
37.8226,
20.11555,
21.78814,
84.07681,
102.6622,
446.3855,
63.8486,
782.7396,
92.65108,
73.9528,
96.59707,
8.572611,
100.9264,
15.44813,
0,
2500.744,
2052, 
15.31614,
90.31246,
34.03768,
14.72928,
75.1365,
36.46047,
69.89085,
51.38343,
24.80631,
16.07941,
114.5522,
27.54757,
37.70343,
20.29554,
22.51522,
83.80108,
104.3985,
452.1696,
63.52709,
769.9186,
94.85876,
75.75223,
96.50636,
8.720452,
105.3725,
17.19237,
0,
2522.984,
2053, 
15.49248,
90.81375,
34.74576,
15.70724,
76.52596,
38.46812,
71.86741,
56.61268,
27.45228,
16.55857,
114.8116,
27.93659,
37.58245,
20.4392,
23.21485,
83.43646,
106.0887,
457.5204,
63.10912,
757.1268,
97.11859,
77.45873,
96.52354,
8.862179,
109.7102,
18.93108,
0,
2544.115,
2054, 
15.59871,
90.75752,
35.32421,
16.57017,
77.98804,
40.23087,
73.67854,
61.73962,
30.05037,
17.00705,
114.8268,
27.9027,
37.47197,
20.66382,
23.88063,
83.41225,
107.4047,
462.6051,
62.91565,
745.7755,
98.71283,
79.01117,
97.08836,
8.993495,
113.8216,
20.64288,
0,
2564.074,
2055, 
15.70637,
90.72404,
35.88163,
17.43256,
79.30219,
41.99973,
75.41888,
66.88235,
32.65931,
17.42603,
114.8241,
27.90625,
37.36257,
20.83977,
24.51898,
83.28485,
108.7622,
467.2965,
62.67321,
734.3312,
100.4486,
80.48225,
97.17038,
9.118231,
117.8709,
22.35909,
0,
2582.682,
2056, 
15.79886,
90.74672,
36.39344,
18.31568,
80.51187,
43.78469,
77.22891,
73.46828,
35.97256,
17.83558,
114.7843,
27.93651,
37.20928,
21.00061,
25.15168,
83.16298,
110.1128,
471.8517,
62.33541,
722.7251,
102.2662,
81.8555,
97.14624,
9.234915,
122.4437,
24.54062,
0,
2603.814,
2057, 
15.88399,
90.79455,
36.87675,
19.1883,
81.56683,
45.5554,
78.95615,
79.97986,
39.25687,
18.21396,
114.7263,
27.99096,
37.05518,
21.12007,
25.75219,
82.95463,
111.4341,
476.019,
61.94276,
711.1067,
104.1161,
83.16296,
96.94538,
9.345124,
126.8799,
26.69422,
0,
2623.518,
2058, 
15.9696,
90.8335,
37.34107,
20.05091,
82.46035,
47.31919,
80.61081,
86.43606,
42.5202,
18.56276,
114.6737,
28.08923,
36.89945,
21.20299,
26.32244,
82.61871,
112.6829,
479.8222,
61.446,
699.7814,
106.011,
84.40252,
96.55064,
9.449506,
131.2028,
28.82593,
0,
2642.086,
2059, 
16.05506,
90.89276,
37.79163,
20.90603,
83.24259,
49.08357,
82.19199,
92.85427,
45.76688,
18.88365,
114.633,
28.21166,
36.74659,
21.25166,
26.86294,
82.27777,
113.913,
483.2852,
60.90639,
688.5241,
107.921,
85.55573,
96.06393,
9.54794,
135.4203,
30.94175,
0,
2659.731,
2060, 
16.13206,
90.94365,
38.22049,
21.75511,
83.88129,
50.84151,
83.68982,
99.24144,
48.99763,
19.1783,
114.5439,
28.36553,
36.59219,
21.26872,
27.3736,
81.81396,
115.1171,
486.4377,
60.29409,
677.231,
109.8119,
86.62834,
95.40384,
9.639972,
139.5326,
33.04399,
0,
2675.98,
2061, 
16.20778,
91.04364,
38.61063,
22.61755,
84.45803,
52.60353,
85.16856,
107.0811,
52.9576,
19.45699,
114.4062,
28.53814,
36.40215,
21.27733,
27.8754,
81.39946,
116.1707,
489.2965,
59.67592,
666.1438,
111.6682,
87.58827,
94.74818,
9.722939,
144.0494,
35.60595,
0,
2694.774,
2062, 
16.28455,
91.16921,
38.982,
23.45595,
84.91459,
54.32793,
86.56506,
114.7595,
56.83837,
19.71009,
114.2573,
28.73719,
36.2134,
21.25495,
28.34765,
80.90952,
117.1902,
491.8541,
59.00417,
655.1357,
113.5572,
88.48162,
93.94794,
9.800089,
148.4295,
38.1087,
0,
2712.236,
2063, 
16.35826,
91.30198,
39.34558,
24.25486,
85.26134,
55.97334,
87.88773,
122.2915,
60.64363,
19.93937,
114.1114,
28.96155,
36.02618,
21.20316,
28.79259,
80.36036,
118.1747,
494.134,
58.28948,
644.2311,
115.4762,
89.30518,
93.04491,
9.871716,
152.6938,
40.55595,
0,
2728.49,
2064, 
16.42844,
91.44223,
39.70253,
25.01202,
85.51611,
57.52966,
89.14185,
129.694,
64.37975,
20.14655,
113.9671,
29.20715,
35.84107,
21.12807,
29.21068,
79.7733,
119.1255,
496.1633,
57.543,
633.4797,
117.3431,
90.05499,
92.07719,
9.938166,
156.8112,
42.95203,
0,
2743.609,
2065, 
16.49559,
91.59274,
40.04497,
25.72984,
85.70042,
58.99788,
90.32868,
136.9757,
68.04929,
20.33325,
113.811,
29.40956,
35.6589,
21.04469,
29.60302,
79.18064,
120.0414,
497.9705,
56.79136,
622.9868,
119.0678,
90.72855,
91.0957,
9.99976,
160.7358,
45.29971,
0,
2757.674,
2066, 
16.55896,
91.74484,
40.35837,
26.41533,
85.84911,
60.37429,
91.45034,
145.5546,
72.32374,
20.50167,
113.6273,
29.58525,
35.44941,
20.97696,
29.98256,
78.67841,
120.8262,
499.3543,
56.1076,
613.0455,
120.5763,
91.29105,
90.21344,
10.05313,
164.7865,
48.03624,
0,
2773.721,
2067, 
16.61987,
91.87653,
40.6566,
27.06027,
85.94283,
61.65773,
92.49556,
153.9048,
76.47636,
20.651,
113.4311,
29.75328,
35.24449,
20.90134,
30.33796,
78.18431,
121.5777,
500.5421,
55.42618,
603.3793,
121.9521,
91.79462,
89.32516,
10.10235,
168.6293,
50.68681,
0,
2788.61,
2068, 
16.67707,
91.97305,
40.94126,
27.66092,
85.98763,
62.84378,
93.46755,
162.0356,
80.51555,
20.78276,
113.2289,
29.89848,
35.04401,
20.82325,
30.67109,
77.7101,
122.2973,
501.5514,
54.75291,
593.9783,
123.2006,
92.24424,
88.4602,
10.14771,
172.2779,
53.25621,
0,
2802.428,
2069, 
16.72709,
92.04996,
41.21239,
28.2173,
85.99118,
63.93418,
94.37904,
169.9553,
84.44685,
20.89838,
113.0203,
30.01195,
34.84768,
20.74314,
30.98365,
77.25021,
122.9871,
502.3968,
54.08673,
584.8256,
124.3275,
92.64383,
87.61497,
10.18954,
175.7466,
55.74906,
0,
2815.236,
2070, 
16.76984,
92.11434,
41.46575,
28.73074,
85.95826,
64.9323,
95.23556,
177.6702,
88.27235,
20.99916,
112.8055,
30.09342,
34.65562,
20.66083,
31.27707,
76.80563,
123.648,
503.0923,
53.43484,
575.9135,
125.3394,
92.99683,
86.79511,
10.22809,
179.0439,
58.16837,
0,
2827.107,
2071, 
16.80231,
92.14725,
41.67496,
29.20304,
85.9084,
65.82447,
96.04439,
186.5007,
92.61013,
21.08363,
112.5828,
30.14065,
34.4444,
20.59854,
31.55597,
76.45123,
124.1946,
503.367,
52.85725,
567.639,
126.1683,
93.26389,
86.11269,
10.25929,
182.3964,
60.91395,
0,
2840.745,
2072, 
16.83101,
92.17031,
41.8578,
29.63241,
85.8321,
66.62883,
96.80164,
195.0179,
96.78493,
21.15468,
112.3573,
30.15709,
34.23814,
20.53718,
31.81735,
76.12358,
124.7202,
503.5117,
52.30185,
559.6256,
126.8878,
93.49113,
85.46564,
10.28783,
185.558,
63.54922,
0,
2853.341,
2073, 
16.85604,
92.18221,
42.02024,
30.01751,
85.73461,
67.34225,
97.51141,
203.245,
100.8073,
21.21348,
112.1284,
30.14438,
34.03708,
20.47155,
32.06261,
75.82651,
125.215,
503.5392,
51.77622,
551.8723,
127.5014,
93.68113,
84.84747,
10.31397,
188.5384,
66.08195,
0,
2864.968,
2074, 
16.87757,
92.18304,
42.16568,
30.35986,
85.6209,
67.96826,
98.17841,
211.2006,
104.6855,
21.26112,
111.8965,
30.10441,
33.84093,
20.40934,
32.29305,
75.5593,
125.6587,
503.4602,
51.26929,
544.3472,
128.0155,
93.83685,
84.27895,
10.33794,
191.3519,
68.51868,
0,
2875.68,
2075, 
16.89561,
92.17399,
42.29545,
30.66222,
85.49415,
68.51302,
98.80463,
218.9011,
108.427,
21.29854,
111.6627,
30.03969,
33.64962,
20.35889,
32.50978,
75.32255,
126.0493,
503.2839,
50.78598,
537.0914,
128.438,
93.96066,
83.76538,
10.35995,
194.009,
70.86523,
0,
2885.618,
2076, 
16.90169,
92.11409,
42.38966,
30.92216,
85.35358,
68.95541,
99.38852,
227.513,
112.5277,
21.32199,
111.4135,
29.95494,
33.44431,
20.32948,
32.71497,
75.17726,
126.3307,
502.6809,
50.38375,
530.3167,
128.7144,
94.0024,
83.38826,
10.3748,
196.6171,
73.45123,
0,
2896.683,
2077, 
16.90528,
92.04345,
42.47099,
31.14734,
85.20229,
69.32893,
99.9342,
235.7911,
116.455,
21.33627,
111.164,
29.84911,
33.24382,
20.30615,
32.90762,
75.06218,
126.5805,
501.9995,
50.00125,
523.7515,
128.9148,
94.01834,
82.9666,
10.38816,
199.0689,
75.92197,
0,
2906.759,
2078, 
16.90697,
91.96836,
42.54086,
31.3401,
85.0366,
69.6396,
100.445,
243.7704,
120.2239,
21.34222,
110.9155,
29.72927,
33.04795,
20.28538,
33.08883,
74.96138,
126.8039,
501.2452,
49.6293,
517.3533,
129.0495,
94.01045,
82.57594,
10.40023,
201.3758,
78.28852,
0,
2915.975,
2079, 
16.90655,
91.88805,
42.59991,
31.50337,
84.85952,
69.89435,
100.9251,
251.4771,
123.8463,
21.34057,
110.6676,
29.59756,
32.85656,
20.26384,
33.25952,
74.87547,
127.0041,
500.4222,
49.27159,
511.1017,
129.1243,
93.98071,
82.26572,
10.41115,
203.5521,
80.55979,
0,
2924.455,
2080, 
16.9037,
91.80022,
42.64842,
31.6405,
84.67284,
70.10034,
101.3772,
258.9326,
127.332,
21.33216,
110.4209,
29.45514,
32.66964,
20.24424,
33.42075,
74.80671,
127.1845,
499.5414,
48.92995,
505.0316,
129.1446,
93.93219,
82.09424,
10.42114,
205.6082,
82.74299,
0,
2932.388,
2081, 
16.88815,
91.65919,
42.66866,
31.74794,
84.48343,
70.23924,
101.7898,
267.1295,
131.0701,
21.31669,
110.1448,
29.31365,
32.47352,
20.2423,
33.5761,
74.80234,
127.2954,
498.3341,
48.64513,
499.3395,
129.0615,
93.81988,
82.10825,
10.42348,
207.5911,
85.09687,
0,
2941.26,
2082, 
16.87139,
91.5131,
42.68175,
31.83546,
84.28327,
70.34216,
102.1771,
275.0085,
134.6457,
21.29515,
109.8719,
29.16568,
32.28156,
20.23908,
33.72242,
74.802,
127.3908,
497.0803,
48.36855,
493.7888,
128.9381,
93.6936,
81.97245,
10.42521,
209.4598,
87.34293,
0,
2949.197,
2083, 
16.85333,
91.36279,
42.68808,
31.9057,
84.07318,
70.41402,
102.5417,
282.6092,
138.0757,
21.26813,
109.6044,
29.01092,
32.09384,
20.2337,
33.86058,
74.81015,
127.4738,
495.7834,
48.09948,
488.3511,
128.7801,
93.5546,
81.84525,
10.42642,
211.2252,
89.49321,
0,
2956.438,
2084, 
16.83425,
91.21159,
42.68818,
31.96163,
83.84956,
70.4604,
102.8863,
289.9637,
141.3749,
21.23611,
109.3391,
28.85089,
31.90966,
20.22654,
33.99122,
74.81608,
127.5452,
494.4442,
47.8302,
483.0008,
128.594,
93.40443,
81.71162,
10.42721,
212.9009,
91.55822,
0,
2963.017,
2085, 
16.81507,
91.06506,
42.68347,
32.0061,
83.61485,
70.48708,
103.2136,
297.0956,
144.5544,
21.19974,
109.0784,
28.68877,
31.72937,
20.21748,
34.11535,
74.82285,
127.6087,
493.0709,
47.56765,
477.7337,
128.391,
93.24604,
81.57312,
10.42774,
214.497,
93.54578,
0,
2969.049,
2086, 
16.78544,
90.88352,
42.658,
32.0359,
83.37853,
70.47819,
103.5115,
304.8216,
147.9205,
21.15784,
108.7854,
28.53584,
31.5444,
20.21843,
34.23704,
74.86545,
127.633,
491.4814,
47.32816,
472.8566,
128.1432,
93.03438,
81.49036,
10.42111,
216.0489,
95.65556,
0,
2975.91,
2087, 
16.75677,
90.7119,
42.63075,
32.05882,
83.12614,
70.4584,
103.7948,
312.2715,
151.1509,
21.11205,
108.5003,
28.3807,
31.3626,
20.21334,
34.35226,
74.89265,
127.6534,
489.8647,
47.07587,
468.0151,
127.8953,
92.81807,
81.38477,
10.41442,
217.5295,
97.67405,
0,
2982.099,
2088, 
16.72893,
90.55142,
42.60236,
32.0759,
82.85812,
70.42933,
104.0655,
319.4847,
154.2617,
21.06279,
108.2238,
28.22404,
31.18395,
20.20278,
34.46167,
74.90323,
127.6713,
488.2231,
46.81781,
463.2147,
127.6482,
92.59734,
81.25457,
10.40775,
218.9454,
99.61275,
0,
2987.713,
2089, 
16.70203,
90.40331,
42.57338,
32.08768,
82.57297,
70.39173,
104.3255,
326.4873,
157.2647,
21.01035,
107.9552,
28.06908,
31.00808,
20.18532,
34.56577,
74.89397,
127.6876,
486.5566,
46.54891,
458.4083,
127.4012,
92.37248,
81.09249,
10.40114,
220.3031,
101.4801,
0,
2992.748,
2090, 
16.67658,
90.26871,
42.54465,
32.0948,
82.27544,
70.34695,
104.5766,
333.2935,
160.166,
20.95525,
107.6958,
27.91821,
30.83541,
20.1632,
34.66538,
74.8693,
127.7052,
484.8736,
46.27012,
453.6192,
127.1561,
92.14487,
80.90936,
10.39473,
221.6062,
103.2806,
0,
2997.306,
2091, 
16.64393,
90.11803,
42.50332,
32.09407,
81.9822,
70.28032,
104.7869,
340.5201,
163.1945,
20.89468,
107.4064,
27.7839,
30.6605,
20.14375,
34.76273,
74.85409,
127.6941,
483.0428,
46.00115,
449.2103,
126.8918,
91.87163,
80.72625,
10.38279,
222.8655,
105.1596,
0,
3002.475,
2092, 
16.61276,
89.97968,
42.46394,
32.08902,
81.67967,
70.20768,
104.9888,
347.4901,
166.1016,
20.83178,
107.1268,
27.64209,
30.48873,
20.1215,
34.85555,
74.83202,
127.6868,
481.2029,
45.73167,
444.8458,
126.6294,
91.59779,
80.53549,
10.37118,
224.0693,
106.9578,
0,
3007.14,
2093, 
16.58261,
89.85518,
42.42652,
32.08022,
81.36555,
70.12997,
105.1829,
354.2345,
168.8996,
20.76676,
106.857,
27.49833,
30.3197,
20.09466,
34.9442,
74.79513,
127.6838,
479.353,
45.45321,
440.5085,
126.3707,
91.32347,
80.3279,
10.3599,
225.2219,
108.6838,
0,
3011.319,
2094, 
16.5536,
89.74417,
42.39119,
32.06834,
81.04076,
70.04825,
105.3711,
360.7827,
171.6015,
20.70004,
106.5977,
27.35414,
30.15365,
20.06302,
35.02946,
74.74245,
127.6844,
477.4984,
45.16451,
436.1716,
126.1136,
91.04961,
80.09794,
10.34909,
226.3315,
110.3466,
0,
3015.049,
2095, 
16.52608,
89.64429,
42.35789,
32.0535,
80.70947,
69.96284,
105.5534,
367.1432,
174.2108,
20.63177,
106.3486,
27.21163,
29.99068,
20.02827,
35.11162,
74.6814,
127.6874,
475.6409,
44.87006,
431.8529,
125.8555,
90.77609,
79.85808,
10.33874,
227.3987,
111.9487,
0,
3018.393,
2096, 
16.49343,
89.5308,
42.31093,
32.03547,
80.39117,
69.86505,
105.6867,
373.7584,
176.8978,
20.55888,
106.0672,
27.07572,
29.82634,
19.99292,
35.18588,
74.6162,
127.6549,
473.714,
44.59684,
427.7586,
125.5849,
90.4678,
79.62703,
10.32445,
228.4352,
113.5892,
0,
3022.046,
2097, 
16.46237,
89.42872,
42.26659,
32.01491,
80.06515,
69.76468,
105.8147,
380.1407,
179.478,
20.48476,
105.7953,
26.94318,
29.6648,
19.95293,
35.25712,
74.5376,
127.6278,
471.7898,
44.31695,
423.6787,
125.3146,
90.16087,
79.37731,
10.3107,
229.4297,
115.1604,
0,
3025.239,
2098, 
16.43277,
89.33786,
42.22415,
31.99201,
79.73336,
69.66134,
105.9372,
386.3159,
181.9616,
20.4095,
105.5324,
26.81506,
29.50608,
19.90929,
35.32556,
74.45022,
127.6029,
469.8677,
44.03308,
419.6211,
125.0453,
89.85503,
79.11656,
10.29745,
230.3856,
116.6693,
0,
3028.038,
2099, 
16.40472,
89.25763,
42.18384,
31.96739,
79.39495,
69.55589,
106.056,
392.3123,
184.3608,
20.33347,
105.2803,
26.69183,
29.35023,
19.86236,
35.39194,
74.35094,
127.5801,
467.9517,
43.74326,
415.5777,
124.7798,
89.55094,
78.84079,
10.28486,
231.31,
118.124,
0,
3030.498,
2100, 
16.37792,
89.18465,
42.14603,
31.94118,
79.05315,
69.44821,
106.1713,
398.1372,
186.6784,
20.25671,
105.0392,
26.57376,
29.19728,
19.81353,
35.45642,
74.24623,
127.5604,
466.0429,
43.45131,
411.5643,
124.5181,
89.24799,
78.56152,
10.2729,
232.203,
119.5267,
0,
3032.67];
