real main.em.ep.isp.StorResTot[28](t) = [1971, 
650.2043,
6655.436,
42.08362,
21.60265,
64.87003,
80.52728,
58.72234,
41.01139,
12.12848,
217.2017,
4045.412,
790.4434,
44.82675,
637.7261,
125.547,
1842.407,
149.6583,
187.5422,
60.78517,
214.7469,
32.17235,
2.731125,
946.1337,
246.709,
13.90568,
25.25577,
0,
17209.79,
1972, 
741.8291,
6657.843,
47.72691,
24.07335,
70.90247,
85.60682,
59.51014,
44.30545,
13.06972,
235.834,
4225.164,
862.6854,
51.80706,
676.4346,
128.979,
1948.756,
169.116,
195.9843,
65.4228,
235.7861,
36.51533,
3.157201,
1010.98,
243.6144,
13.96319,
36.19423,
0,
17885.26,
1973, 
822.1112,
7269.948,
51.8984,
26.78122,
82.16986,
95.75301,
60.99394,
49.34061,
13.25924,
250.8531,
4530.363,
899.4108,
52.40311,
714.6973,
138.2329,
2062.017,
202.2984,
202.9921,
74.03807,
257.8695,
43.11667,
3.878756,
1094.683,
277.6542,
16.23113,
46.06017,
0,
19339.05,
1974, 
850.5595,
7326.931,
65.72849,
27.97986,
91.55791,
104.7348,
65.2244,
49.4925,
12.81723,
268.6708,
4637.781,
955.7453,
59.42364,
755.8891,
148.2977,
2187.943,
226.6747,
212.9061,
81.38277,
266.9743,
45.87998,
5.159269,
1080.839,
298.1193,
18.26014,
58.10802,
0,
19903.08,
1975, 
828.2977,
7544.484,
69.66485,
27.81024,
98.6468,
109.7447,
74.15511,
55.5097,
13.36435,
288.806,
4620.787,
999.7319,
71.31312,
684.1312,
131.9432,
2026.462,
263.1264,
236.3842,
91.0008,
316.2711,
47.80762,
5.857369,
1104.864,
309.3614,
20.49623,
61.1617,
0,
20101.18,
1976, 
886.3723,
8058.391,
73.95848,
31.43783,
113.7049,
118.4277,
85.01573,
57.71395,
15.50538,
302.6935,
4967.698,
1062.252,
81.06986,
715.2866,
139.6969,
2158.21,
310.0033,
265.6773,
99.47146,
351.2398,
53.8702,
5.43931,
1181.715,
322.6221,
21.57173,
65.62288,
0,
21544.67,
1977, 
950.8682,
8329.101,
79.96756,
34.0629,
125.4388,
129.6713,
97.22808,
63.13311,
16.30076,
302.8003,
5077.862,
1106.948,
90.85435,
734.8352,
144.3448,
2229.876,
392.5233,
282.973,
108.8643,
383.5743,
59.80947,
6.798705,
1231.221,
339.4752,
23.22766,
71.39485,
0,
22413.15,
1978, 
1020.176,
8557.544,
88.36341,
35.96249,
138.894,
136.0472,
109.4548,
61.01228,
17.13536,
316.0778,
5265.941,
1163.831,
96.89062,
758.2071,
149.2396,
2332.665,
443.049,
311.1835,
120.7325,
437.5261,
61.91151,
9.522752,
1288.417,
349.7954,
26.09822,
69.31483,
0,
23364.99,
1979, 
1069.449,
8728.632,
94.7359,
37.54338,
155.6617,
151.684,
122.4012,
70.41045,
17.59848,
332.3224,
5490.521,
1172.046,
98.85152,
776.2701,
205.1706,
2386.209,
512.4371,
315.6826,
130.8803,
478.3406,
67.34981,
11.47709,
1357.881,
366.2189,
29.23367,
74.67986,
0,
24253.69,
1980, 
1099.906,
8839.066,
99.3913,
37.88153,
178.7118,
162.2803,
136.8613,
78.80919,
17.81146,
360.1478,
5527.903,
1224.595,
101.791,
812.5292,
224.5313,
2569.984,
567.5014,
329.5328,
136.6579,
467.2999,
71.89979,
14.44793,
1341.032,
383.9915,
30.66959,
68.78979,
0,
24884.02,
1981, 
1156.483,
8910.482,
108.5324,
39.18673,
171.9158,
168.6935,
155.4079,
77.09692,
18.83805,
411.1654,
5582.705,
1233.527,
106.6564,
833.5927,
230.3302,
2718.214,
672.96,
361.6109,
146.5569,
472.05,
76.49432,
14.23657,
1354.125,
408.8092,
32.81543,
65.25387,
0,
25527.74,
1982, 
1135.482,
8689.765,
113.4111,
40.57785,
180.2511,
171.1206,
170.1903,
85.8194,
20.39914,
432.2645,
5572.04,
1250.283,
116.3066,
851.2328,
238.5744,
2824.45,
797.8197,
385.8766,
154.5342,
503.5536,
81.97142,
17.3322,
1339.933,
415.5435,
35.20693,
65.18194,
0,
25689.12,
1983, 
1186.604,
8879.388,
112.5324,
43.14086,
186.5418,
179.3064,
187.7616,
79.83687,
21.71525,
440.0118,
5703.721,
1306.279,
121.5359,
875.3495,
246.1661,
2972.111,
816.7881,
412.9714,
168.402,
544.6578,
89.59476,
20.33455,
1414.213,
425.7747,
39.14055,
63.80518,
0,
26537.68,
1984, 
1279.252,
9275.71,
121.9226,
44.38401,
208.7219,
184.5802,
207.2632,
74.16449,
21.74719,
486.714,
5911.01,
1364.705,
137.2658,
909.6727,
256.7058,
3161.098,
880.2999,
456.74,
181.2701,
571.7723,
96.62602,
23.92158,
1487.968,
454.8972,
44.1608,
62.89334,
0,
27905.47,
1985, 
1356.82,
9439.755,
106.3669,
43.75695,
226.0758,
187.977,
222.6159,
89.89499,
23.30917,
503.5023,
6129.066,
1366.629,
149.8934,
932.7515,
265.4371,
3281.373,
944.2634,
501.3238,
195.1964,
611.497,
102.1079,
24.83844,
1545.313,
488.2379,
47.68658,
65.24963,
0,
28850.94,
1986, 
1388.587,
9431.972,
119.7516,
46.77039,
239.0653,
212.8153,
219.8301,
94.1068,
24.74331,
517.3866,
6226.547,
1429.65,
171.8741,
954.3557,
269.7981,
3429.291,
1029.155,
547.6234,
210.6439,
671.559,
105.6766,
35.00293,
1567.005,
504.3436,
52.75177,
66.7255,
0,
29567.03,
1987, 
1480.452,
9600.835,
129.6988,
49.4855,
242.2781,
228.9149,
235.1161,
98.10306,
26.71317,
529.8065,
6429.994,
1457.692,
192.3942,
990.6242,
271.7613,
3566.837,
1052.559,
594.1036,
234.0949,
741.657,
113.9284,
40.56751,
1670.616,
531.8109,
58.39321,
65.06826,
0,
30633.5,
1988, 
1515.243,
9994.088,
132.2068,
49.78318,
251.4518,
258.6843,
256.2821,
103.0444,
28.43648,
549.8284,
6710.319,
1449.185,
201.8761,
1022.019,
276.7496,
3655.658,
1210.954,
654.0717,
264.8064,
811.0926,
124.7463,
42.84838,
1765.054,
555.6599,
67.02898,
71.97593,
0,
32023.09,
1989, 
1483.342,
10901.34,
140.8454,
53.16127,
267.4715,
246.986,
268.3087,
107.5662,
30.08102,
562.0172,
6922.407,
1467.511,
217.692,
1040.853,
278.4375,
3926.95,
1235.244,
714.745,
288.8085,
871.9695,
136.9057,
47.40181,
1876.493,
596.2153,
69.92013,
69.04436,
0,
33821.72,
1990, 
1436.264,
11106.86,
145.6215,
53.67681,
256.2117,
266.5494,
277.7395,
109.5351,
34.6125,
571.1482,
7072.581,
1388.895,
240.4582,
1122.623,
345.2509,
3836.244,
1322.039,
768.476,
310.1635,
926.4404,
150.6705,
56.30821,
2049.886,
611.2876,
76.10166,
76.83247,
0,
34612.47,
1991, 
1520.971,
11201.1,
149.8858,
52.2224,
272.4785,
250.9765,
292.9842,
111.9585,
36.86197,
572.0171,
7232.287,
1326.275,
245.1617,
1035.051,
295.7865,
3578.147,
1463.872,
836.7239,
327.1017,
1107.925,
162.5718,
63.71798,
2117.667,
628.5201,
81.62891,
84.6722,
0,
35048.56,
1992, 
1556.499,
11404.14,
153.5215,
55.11226,
279.7842,
259.6443,
309.7255,
116.2096,
38.27897,
586.3115,
7283.461,
1229.975,
276.5449,
882.2156,
274.5859,
3096.074,
1556.874,
874.2656,
347.8564,
1223.278,
176.1656,
69.62463,
2143.024,
641.1152,
89.66234,
73.2529,
0,
34997.2,
1993, 
1610.648,
11678.13,
155.1111,
56.25817,
291.0233,
274.2476,
335.1377,
116.6375,
39.7077,
610.7186,
7298.413,
1224.982,
303.4851,
801.2318,
231.332,
3130.287,
1603.986,
923.4086,
385.4872,
1262.599,
194.2899,
77.83173,
2167.243,
661.8974,
93.5687,
74.89023,
0,
35602.55,
1994, 
1699.403,
11974.62,
166.9052,
60.35763,
299.2108,
291.2495,
357.9743,
116.6322,
40.54221,
631.9733,
7453.978,
1295.227,
319.3278,
730.557,
227.8923,
2761.042,
1705.699,
990.9883,
432.8051,
1370.021,
219.3758,
86.55473,
2267.631,
682.5681,
98.37183,
72.59665,
0,
36353.5,
1995, 
1717.086,
12318.42,
169.9525,
63.69678,
314.1874,
305.0908,
378.6151,
123.3258,
44.28325,
640.4877,
7650.236,
1299.505,
357.071,
766.4138,
226.1076,
2754.282,
1790.839,
1074.698,
482.8529,
1490.932,
243.2129,
100.4011,
2305.06,
701.7986,
104.592,
74.19006,
0,
37497.34,
1996, 
1768.09,
12615.65,
162.1064,
67.02727,
329.8503,
319.343,
427.8808,
128.4738,
46.3447,
668.2766,
7772.868,
1430.746,
388.2513,
768.6699,
218.4147,
2719.837,
1865.739,
1133.938,
535.288,
1565.83,
264.9106,
116.5101,
2372.291,
716.4324,
109.6288,
66.99332,
0,
38579.39,
1997, 
1794.264,
12920.19,
174.7037,
72.52695,
346.98,
344.9538,
460.6667,
129.0093,
49.94375,
692.3881,
7928.047,
1457.584,
423.1375,
761.6976,
214.3736,
2676.606,
2017.888,
1196.044,
585.3304,
1660.247,
283.6655,
123.0142,
2426.219,
739.9269,
113.8067,
70.29782,
0,
39663.51,
1998, 
1772.36,
13230,
187.8176,
77.79247,
357.7238,
363.5625,
491.8447,
125.9948,
51.34717,
682.2135,
8104.992,
1478.366,
450.8419,
732.0541,
206.3665,
2709.324,
2276.146,
1280.419,
574.0344,
1740.482,
279.6653,
126.7809,
2431.172,
783.4292,
117.968,
91.88129,
0,
40724.57,
1999, 
1808.983,
13433.88,
198.6012,
83.89232,
371.5749,
363.8885,
521.2365,
132.2802,
52.8501,
680.4774,
8198.571,
1448.059,
466.1068,
759.8488,
202.8201,
2781.925,
2181.883,
1375.69,
638.8704,
1812.986,
299.0743,
148.0257,
2468.012,
824.7054,
117.8355,
99.44624,
0,
41471.52,
2000, 
1862.723,
14056.55,
211.5441,
85.8421,
385.2501,
382.4918,
555.1208,
136.4384,
54.78197,
712.5856,
8233.925,
1539.884,
503.9484,
751.3576,
206.795,
2919.704,
2198.635,
1452.44,
756.191,
2049.3,
324.6759,
159.5296,
2577.531,
848.0419,
128.5079,
108.2366,
0,
43202.03,
2001, 
1816.741,
13379.4,
217.8178,
88.14159,
377.3854,
380.3329,
587.2446,
145.1077,
57.31907,
689.0549,
8216.236,
1679.079,
511.1082,
800.095,
198.3917,
3050.198,
2298.49,
1507.699,
807.5603,
2258.657,
344.9304,
168.4209,
2556.884,
898.8673,
144.2054,
121.9357,
0,
43301.3,
2002, 
1841.27,
13730.95,
220.9967,
91.9101,
400.2646,
375.7524,
614.9138,
154.1787,
57.48415,
745.5128,
8028.687,
1605.132,
539.5684,
795.1676,
202.1995,
2944.435,
2386.734,
1553.73,
862.9438,
2445.948,
365.7003,
178.3669,
2611.299,
897.3185,
152.1188,
129.9191,
0,
43932.5,
2003, 
1792.672,
13846.21,
270.5548,
93.97657,
416.4992,
394.8934,
646.1078,
152.245,
60.92315,
780.3483,
7963.413,
1614.084,
582.7248,
823.3882,
215.0457,
3000.281,
2509.429,
1657.163,
900.2751,
2803.022,
395.2888,
186.3074,
2612.133,
853.2807,
161.523,
124.3671,
0,
44856.16,
2004, 
1818.877,
14240.27,
269.8676,
94.54935,
445.4957,
421.2989,
684.6375,
168.1959,
66.08598,
806.3162,
7884.784,
1709.108,
622.0587,
860.2629,
222.8512,
3095.232,
2672.821,
1764.998,
949.2018,
3214.855,
422.1377,
198.8683,
2692.486,
873.2141,
174.5772,
133.4778,
0,
46506.53,
2005, 
1775.027,
14205.93,
283.3763,
99.50399,
458.3857,
438.4017,
700.2004,
178.5921,
71.35345,
816.5655,
7786.789,
1679.142,
659.8243,
835.2254,
228.2402,
3493.333,
2682.939,
1878.247,
1011.511,
3638.848,
455.4117,
212.4116,
2763.959,
866.5447,
187.964,
143.646,
0,
47551.37,
2006, 
1708.701,
14009.67,
291.2762,
105.3148,
479.0306,
463.6033,
742.2212,
189.2679,
76.11848,
855.3786,
7628.063,
1703.825,
708.1146,
872.5941,
233.4929,
3506.852,
2837.534,
2033.336,
1043.075,
4182.338,
481.4656,
216.2711,
2810.811,
861.9756,
198.9544,
147.2116,
0,
48386.49,
2007, 
1810.546,
13963.24,
302.5293,
108.2904,
507.7174,
475.1934,
821.8243,
200.0999,
83.14445,
876.291,
7384.367,
1691.129,
765.2966,
886.0606,
243.1299,
3524.707,
3059.927,
2183.93,
1102.112,
4821.797,
510.2217,
220.7971,
2897.305,
902.778,
205.7883,
150.9808,
0,
49699.2,
2008, 
1798.187,
13369.64,
306.9431,
106.5258,
528.8588,
506.7938,
859.3749,
204.1429,
83.41149,
872.7752,
7345.198,
1689.02,
774.186,
839.1837,
223.1415,
3586.369,
3192.406,
2101.612,
1180.882,
5364.201,
522.9274,
225.7515,
2802.639,
899.8297,
214.3777,
153.4856,
0,
49751.86,
2009, 
1718.224,
12333.32,
304.5126,
106.3577,
534.577,
512.4514,
979.0182,
212.605,
92.05245,
851.2219,
6861.276,
1633.931,
754.6059,
724.4411,
213.9502,
3378.944,
3522.736,
2257.094,
1237.595,
6262.616,
549.3271,
230.8208,
2809.042,
814.7662,
223.5797,
166.6793,
0,
49285.75,
2010, 
1707.849,
12360.82,
322.9584,
111.1583,
593.7175,
507.1559,
1066.244,
229.9976,
107.0622,
887.1885,
7298.949,
1701.827,
812.8433,
744.8472,
236.0934,
3392.69,
3691.416,
2434.544,
1337.12,
7649.375,
600.2752,
248.9656,
2964.596,
834.1943,
231.4498,
175.9856,
0,
52249.32,
2011, 
1784.756,
11535.96,
358.1035,
116.3307,
615.4097,
524.566,
1103.726,
237.3408,
127.0062,
896.2224,
7638.179,
1733.92,
883.4951,
759.9153,
228.403,
3467.827,
3852.424,
2710.727,
1395.337,
9507.566,
632.6328,
265.3046,
3039.937,
809.0313,
247.5687,
179.7556,
0,
54651.45,
2012, 
1743.7,
11163.9,
379.4774,
120.6334,
648.9523,
560.4635,
1175.241,
244.5608,
142.8354,
891.5183,
8123.473,
1672.218,
955.3433,
765.0994,
243.2413,
3475.315,
4118.812,
2864.661,
1459.425,
11114.43,
706.7933,
277.8106,
3242.804,
822.2548,
268.0856,
184.72,
0,
57365.77,
2013, 
1650.972,
10872.82,
362.694,
126.7482,
676.1641,
602.3596,
1245.854,
275.7026,
156.9635,
932.2008,
7861.174,
1669.882,
970.3998,
747.7422,
292.0303,
3489.086,
4381.141,
3080.464,
1536.894,
13488.91,
788.3342,
306.0009,
3975.761,
856.5041,
305.6919,
194.7659,
0,
60847.26,
2014, 
1609.312,
10801.76,
382.7408,
131.6766,
718.3961,
606.5669,
1326.8,
292.6451,
180.3037,
1082.223,
7959.043,
1649.209,
1026.486,
712.4546,
266.81,
3521.772,
4765.572,
3491.042,
1641.938,
16178.23,
920.1191,
328.7056,
5108.621,
831.9778,
336.0202,
221.5218,
0,
66091.95,
2015, 
1519.122,
11033.09,
398.415,
143.8129,
721.6334,
650.9663,
1504.572,
321.9518,
206.7333,
1166.616,
7322.678,
1599.007,
1098.612,
655.8817,
277.5372,
3542.612,
5335.771,
3863.804,
1800.85,
19928.22,
1040.448,
350.3811,
6631.66,
873.9674,
362.2047,
233.1814,
0,
72583.73,
2016, 
1500.079,
10902.39,
422.6337,
147.6046,
759.3638,
659.4471,
1656.55,
336.0603,
220.6939,
1348.621,
7673.833,
1617.778,
1278.618,
656.908,
329.641,
3547.991,
5913.553,
4428.04,
1958.908,
23587.79,
1274.594,
378.7902,
7920.582,
935.0018,
429.119,
228.0372,
0,
80112.63,
2017, 
1546.847,
11228.4,
429.5166,
147.0464,
810.8747,
660.1444,
1720.007,
361.1909,
237.4783,
1539.792,
7934.696,
1615.453,
1726.62,
677.0391,
417.3818,
3614.294,
6083.014,
5110.921,
2186.713,
29354.02,
1407.043,
403.8653,
9236.455,
1021.419,
494.1235,
249.425,
0,
90213.77,
2018, 
1502.495,
11710.83,
460.3737,
155.3471,
845.9387,
670.4202,
2020.352,
408.7073,
292.3855,
1818.636,
8522.997,
1844.942,
2830.936,
751.7073,
432.9543,
3620.264,
6174.781,
6037.98,
2478.148,
36031.48,
1541.816,
472.1352,
10561.88,
1180.369,
542.8903,
280.0772,
0,
103190.8,
2019, 
1555.186,
11836.05,
458.0235,
161.412,
904.2334,
635.7079,
2250.222,
449.0653,
337.2342,
1908.233,
9791.927,
1769.217,
3171.679,
938.8964,
474.2907,
3686.075,
7275.767,
6722.156,
2923.128,
42049.66,
2110.417,
517.8292,
11910.01,
1372.126,
579.3201,
327.7031,
0,
116115.6,
2020, 
1528.986,
11434.01,
474.3067,
151.9427,
876.4107,
628.9158,
2316.19,
484.4218,
360.1761,
2086.324,
10992.35,
1929.522,
3530.036,
1031.903,
450.5169,
3584.627,
7976.363,
7079.057,
3471.366,
51198.34,
2836.599,
521.7471,
13455.71,
1605.551,
613.7084,
333.8098,
0,
130952.9,
2021, 
1572.197,
12520.42,
504.4044,
166.3672,
966.9208,
706.0663,
2452.313,
537.2901,
407.9021,
2220.533,
11695.86,
2251.438,
3997.787,
1084.31,
555.637,
3758.318,
8687.148,
8036.284,
4206.658,
62338.93,
4249.303,
562.483,
15027.82,
1954,
707.0153,
369.9613,
0,
151537.4,
2022, 
1603.313,
13482.41,
542.8962,
177.4497,
1022.619,
705.7703,
2516.885,
639.5333,
471.8651,
2250.271,
13239.08,
2545.142,
4511.854,
954.6097,
623.2083,
3726.258,
10335.17,
9566.367,
4634.063,
72648.01,
4431.418,
615.9366,
16392.66,
2350.281,
818.4102,
495.1475,
0,
171300.6,
2023, 
1587.31,
15286.74,
568.96,
185.2896,
1096.847,
724.1815,
2733.026,
764.2631,
506.3447,
2253.221,
15513.46,
3003.927,
5083.204,
982.5308,
716.4881,
3787.555,
12141.49,
10547.99,
5150.641,
98357.68,
4789.758,
682.5446,
17106.42,
2900.307,
862.836,
533.5059,
0,
207866.5,
2024, 
1368.442,
18052.72,
583.1733,
193.6423,
1140.596,
754.199,
3016.485,
853.6567,
539.1692,
2390.551,
17836.86,
3593.206,
8158.245,
805.5032,
804.402,
3800.349,
13319.22,
12659.77,
5703.214,
128520.8,
5087.01,
736.4607,
17534.53,
3759.578,
950.4976,
587.2239,
0,
252749.5,
2025, 
1381.377,
22272.68,
590.5374,
275.1674,
1292.47,
796.9319,
3232.887,
960.7913,
804.192,
3161.736,
19660.26,
4012.695,
8948.828,
847.1514,
875.6014,
3793.738,
29374.74,
17322.37,
6272.743,
141853,
5791.339,
1398.78,
20315.92,
4890.635,
1263.802,
664.4597,
0,
302054.8,
2026, 
1350.058,
25828.96,
635.569,
289.5639,
1300.906,
825.178,
2940.302,
1030.575,
1019.248,
2926.304,
21195.77,
4045.705,
8452.094,
920.9625,
1401.522,
3782.951,
46292.03,
21523.38,
7034.937,
176305,
6280.423,
1663.416,
24569.23,
5851.372,
1631.651,
650.7985,
0,
369747.9,
2027, 
1329.247,
28975.48,
678.6754,
364.3932,
1312.817,
864.5442,
2708.526,
1339.853,
1271.02,
2655.282,
22891.73,
4335.837,
8284.277,
1052.847,
2276.721,
3764.559,
54888.47,
26322.91,
7028.264,
209536.6,
7283.676,
2797.281,
27724.47,
7190.217,
2224.689,
614.1407,
0,
429716.6,
2028, 
1382.63,
31573.74,
725.5889,
476.9801,
1325.713,
902.8488,
2451.731,
1898.68,
1516.456,
2432.764,
25138.41,
4753.18,
8155.894,
1188.912,
3657.224,
3733.417,
58636.09,
32548.6,
6997.575,
247528.7,
9834.38,
4958.207,
29525.31,
8709.609,
3335.483,
570.6361,
0,
493958.8,
2029, 
1505.36,
33923.79,
781.6899,
595.9266,
1350.296,
1104.372,
2220.734,
2659.235,
1687.371,
2301.719,
27334.26,
6043.341,
8511.451,
1269.133,
5369.025,
3706.063,
62896.12,
39855.81,
6999.175,
286564.8,
13051.03,
7878.939,
45878.66,
10680.39,
4532.391,
518.893,
0,
579219.9,
2030, 
1679.77,
35742.63,
1104.391,
770.4371,
1365.226,
1375.587,
1948.639,
3518.27,
1688.957,
3965.254,
30199.77,
6980.99,
8870.423,
1396.121,
8188.906,
3690.056,
65531.8,
47713.02,
7026.685,
324780.9,
16541.35,
10969.89,
39825.91,
12769.32,
5678.214,
437.6245,
0,
643760.1,
2031, 
1849.595,
37144.61,
1427.3,
1017.391,
1389.82,
1742.205,
1805.627,
3836.99,
1513.227,
3552.56,
37424.06,
8717.453,
8666.352,
1529.092,
11521.98,
3647.498,
59601.91,
55467.7,
7110.955,
370917.3,
20196.16,
14865.31,
41559.3,
14683.42,
6737.041,
349.8359,
0,
718274.8,
2032, 
2119.729,
40033.35,
1687.725,
1403.673,
1445.873,
2279.552,
1842.499,
3805.187,
1276.716,
3126.385,
98019.64,
24684.02,
8504.958,
1666.838,
14901.06,
3623.04,
54169.38,
65259.51,
7500.578,
425722.3,
24361.17,
17242.94,
44335.86,
16847.46,
7699.255,
305.5573,
0,
873864.3,
2033, 
2382.358,
42393.52,
1887.601,
2172.805,
1533.196,
3004.452,
2209.149,
3637.624,
995.0439,
2703.281,
190331,
73663.07,
8526.466,
1771.215,
17466.92,
3553.776,
48843.47,
80019.96,
7983.889,
483562.3,
27550.11,
20212.75,
47298.57,
19056.64,
8627.867,
274.2223,
0,
1101661,
2034, 
2604.488,
44107.32,
1954.576,
3092.547,
1629.487,
4393.09,
2875.38,
3350.47,
732.7466,
2292.559,
306972,
168030.9,
8674.839,
1889.141,
19650.69,
3525.335,
44542.75,
103002.5,
8676.819,
564347.4,
31280.23,
23745.19,
51361.69,
21504.78,
10016.44,
232.893,
0,
1434486,
2035, 
3042.426,
45556.77,
1955.985,
4209.506,
1762.977,
8308.854,
3844.893,
2992.692,
497.7196,
1894.15,
464168,
313567,
8965.681,
1995.002,
21458.88,
3499.938,
40955.73,
132828.4,
9531.065,
657105.7,
36008.24,
28615.38,
54349.07,
24368.45,
12336.04,
183.6496,
0,
1884002,
2036, 
3602.827,
53797.8,
1941.179,
5464.831,
1980.595,
17341.24,
4905.808,
3394.706,
468.3139,
1932.843,
608956.3,
406446.5,
11157.59,
2079.636,
24508.56,
3484.681,
44836.66,
165197.8,
11308.83,
757269.3,
41761.99,
33671.37,
57141.18,
27681.33,
15472.72,
235.2924,
0,
2306040,
2037, 
4320.209,
80045.17,
1964.593,
7218.022,
2384.465,
32379.26,
5952.652,
3827.979,
446.9149,
2024.721,
707836.4,
435295.6,
13323.21,
2202.978,
27916.03,
3477.286,
49154.27,
204959.7,
12064.26,
860676.2,
48590.65,
39709.96,
60052.93,
32088.83,
19625.26,
274.9174,
0,
2657813,
2038, 
4792.786,
118338.8,
2151.246,
9646.092,
2438.26,
53728.21,
6855.365,
4281.071,
429.4198,
2134.824,
786881.7,
455060.8,
15435.46,
2406.945,
34416.27,
3472.842,
57784.14,
250685.3,
12041.87,
1040131,
56836.7,
45026.5,
63102.74,
36748.87,
24835.67,
343.0904,
0,
3090006,
2039, 
5439.646,
171722.4,
2551.308,
12341.02,
2385.8,
85376.67,
7561.374,
4788.826,
416.1761,
2243.893,
854973,
471936.7,
17676.06,
2715.252,
43825.41,
3472.434,
77364.48,
342760.2,
11999.17,
1320035,
66002.83,
53746.73,
65402.36,
41035.29,
30879.07,
495.3301,
0,
3699146,
2040, 
6599.462,
254525.8,
3040.625,
16862.8,
2337.165,
120360.7,
8025.636,
5350.152,
408.9477,
2354.678,
896829.3,
474869.5,
19371.49,
3069.254,
56227.21,
3493.558,
101166.2,
493896.2,
11797.58,
1550598,
76146.09,
64069.22,
67362.88,
44980.22,
37986.16,
738.0469,
0,
4322467,
2041, 
8352.756,
343481.3,
3757.591,
22760,
2340.184,
144448.7,
8489.331,
6018.369,
403.9764,
2471.277,
914049.3,
471886.4,
21562.99,
3430.824,
80520.44,
3557.889,
122744.9,
672501.6,
12223.55,
1856197,
86081.08,
75269.41,
68199.22,
48159.82,
46676.1,
1102.932,
0,
5026687,
2042, 
11580.79,
420837.6,
5864.229,
29064.96,
2408.14,
168574,
8967.702,
6788.501,
404.4869,
2592.837,
927617.3,
469446,
24774.29,
3575.927,
107524.4,
3658.016,
150818.4,
835639.4,
12686.75,
2171876,
97075.18,
92291.66,
68636.48,
50975.11,
55434.34,
1590.476,
0,
5730703,
2043, 
20359.96,
532705.1,
8974.278,
37070.33,
2484.727,
207398.8,
9477.542,
7607.666,
406.9119,
2929.451,
927036.9,
467368.5,
27794.45,
3703.399,
136744.1,
3781.984,
187493.3,
1014721,
13004.72,
2520906,
108513.2,
111804.7,
68415.29,
54029.12,
67485.95,
1928.692,
0,
6544146,
2044, 
31200.68,
682382.6,
13087.58,
47590.53,
2572.022,
248842,
10192.75,
8558.102,
413.5726,
3697.313,
901556.1,
465980.5,
31764.61,
3819.693,
163544.8,
3912.667,
228473.2,
1234678,
13188.73,
2885140,
121208.1,
136475.2,
68132.19,
56250.84,
82286.98,
2284.695,
0,
7447234,
2045, 
43865.7,
847201.6,
20865.87,
60804.19,
2698.228,
295678,
13654.71,
10451.21,
423.3245,
4658.504,
881212.5,
467336.5,
39788.01,
3951.727,
193032.1,
4170.077,
276523.3,
1493118,
13678.64,
3372410,
135657.3,
149094.1,
66263.84,
57607.54,
100411.6,
2685.746,
0,
8557242,
2046, 
60128.11,
1004512,
44803.53,
74967.63,
2870.973,
355154.3,
19659.55,
12226.59,
432.6718,
5729.228,
860661.7,
465858.8,
49487.62,
4087.292,
214980.7,
4660.856,
308404.8,
1745225,
14157.87,
3874156,
153345.2,
163263.8,
61752.54,
58343.41,
116460,
3109.358,
0,
9678440,
2047, 
81338.31,
1187997,
87611.82,
89762.37,
3080.236,
409742.4,
27721.75,
13968.1,
684.961,
6939.373,
844172.6,
461817.8,
62373.79,
4243.454,
235636.5,
5370.949,
365574.7,
2002828,
14712.75,
4374658,
173273.9,
172265.8,
55754.21,
58776.88,
136448.4,
3508.235,
0,
1.088026e+07,
2048, 
111531.9,
1361014,
142473.6,
105982.6,
3381.183,
480960.6,
38011.97,
16041.92,
1415.617,
8801.269,
833254.4,
457038.5,
81777.71,
4408.882,
253943.2,
6226.286,
416472.4,
2253897,
14957.29,
4829020,
214394.8,
182632.9,
50499.86,
59219.96,
155668,
3886.942,
0,
1.208691e+07,
2049, 
147620.9,
1511173,
173963.4,
123620.3,
3744.031,
534667.4,
49418.39,
18649.7,
3622.823,
11602.03,
823889.9,
452025.3,
97600.59,
4592.945,
270697.2,
7192.419,
450810.3,
2417375,
15020.59,
5257255,
261155.6,
190984.6,
46314.41,
59933.34,
174547.4,
4249.459,
0,
1.311173e+07,
2050, 
186326.4,
1725560,
204284.8,
142701.1,
4155.24,
587023.1,
61678.27,
21724.19,
4771.326,
14503.2,
823197.1,
447676.9,
116713,
5041.864,
287833,
8142.349,
481225.3,
2490760,
14583.45,
5632404,
305568,
205392.4,
44210.59,
61902.19,
195954.4,
4730.667,
0,
1.407806e+07,
2051, 
214043,
2006190,
233734.7,
160791.9,
4617.492,
640806.6,
73093.8,
24906.34,
5373.849,
18367.42,
824872.9,
443053.3,
135172.3,
6567.98,
307486.4,
8958.571,
520696.6,
2553836,
14269.9,
6066891,
336642.4,
213738.9,
43672.27,
62862.18,
218449.5,
5314.688,
0,
1.514441e+07,
2052, 
225969.6,
2233838,
266858.6,
175719.5,
5037.738,
690199.7,
83494.68,
28970.57,
5919.493,
23633.57,
824206.9,
438464.2,
150213.6,
8820.135,
320108.9,
9815.923,
551688.8,
2535479,
13935.48,
6537024,
362440.2,
226200.9,
44633.84,
64193.23,
246042.9,
6080.026,
0,
1.607899e+07,
2053, 
247149.5,
2466762,
303230.5,
188286.3,
5402.099,
729883.9,
98591.21,
34830.29,
7753.547,
33106.79,
804659.6,
432226.1,
158553.1,
12058.73,
332254.4,
11096.75,
585809.9,
2473528,
13495.8,
6970665,
381519.6,
237625.4,
47382,
67295.27,
286206.7,
7154.726,
0,
1.693653e+07,
2054, 
258620.7,
2626116,
348292.6,
208127.5,
5828.103,
769941.8,
123367.5,
41306.13,
9449.036,
45467.56,
773218.4,
424739.6,
172478.1,
16343.38,
346770.8,
13435.15,
622490.4,
2417602,
12982.65,
7282974,
393029,
249709,
51428.02,
72368.01,
346943.8,
8420.27,
0,
1.764145e+07,
2055, 
267783.6,
2799616,
390078.3,
218276.7,
6582.288,
794293.9,
143664.2,
48500.35,
11064,
60643.19,
753784.4,
418149.4,
187682.9,
21680.96,
358615.4,
16418.39,
672110,
2352616,
14059.06,
7481376,
406887.3,
255811.8,
56558.96,
79013.34,
414579,
9916.801,
0,
1.823976e+07,
2056, 
275707.1,
2993625,
431663.4,
227547.2,
7652.973,
822996.7,
194779.6,
55841.72,
12156.45,
78557.55,
739920.3,
408622.9,
201155.5,
29152.39,
376076.8,
18724.66,
737487.6,
2291934,
14887.5,
7630968,
421775.6,
255726.6,
61526.82,
91600.33,
453040.4,
11678.73,
0,
1.884481e+07,
2057, 
280328.6,
3106046,
458966.1,
238050.9,
8881.67,
854237.1,
265578,
63933.11,
13019.85,
98736.54,
747331.9,
398676.6,
216292.3,
39684.04,
400937.5,
19290.64,
827246.4,
2238461,
15467.68,
7735103,
433581.1,
253746.3,
68941.02,
104792.7,
509430.8,
14367.17,
0,
1.941113e+07,
2058, 
283858.2,
3197008,
479105.1,
248823.7,
10854.53,
890774.9,
346867.5,
73270.21,
16212.62,
120528.8,
766996.9,
393583.5,
232765.9,
50996.36,
425324,
19768.9,
905176.9,
2189475,
16088.93,
7850199,
432445.4,
244567.1,
77678.82,
120763.7,
575681.1,
18021.36,
0,
1.998684e+07,
2059, 
285924.1,
3239882,
500139.9,
255737.4,
13265.14,
923630.4,
410423.3,
83576.86,
22719.13,
142234.2,
808503.6,
389061.9,
249716.6,
65070.27,
449277.8,
20183.99,
1009598,
2165745,
16883.06,
7975436,
427133.5,
242563.1,
76936.64,
133015.9,
641123.4,
22670.21,
0,
2.057045e+07,
2060, 
286618.8,
3259073,
521176.9,
265011.5,
16056.01,
965207.1,
466347.8,
97973.65,
40047.08,
172742.1,
867386,
385422.8,
261970.2,
80528.68,
471092.8,
20690.97,
1059929,
2158710,
17806.43,
8104355,
420257.3,
246483.9,
85219.95,
145418.2,
749509.3,
28374.56,
0,
2.119341e+07,
2061, 
285925.8,
3287038,
543359.4,
272646.3,
19867.52,
1003847,
509825.7,
113608.1,
73597.52,
205035.6,
934711.2,
375875.2,
273641.3,
100573.1,
492086.1,
21391.1,
1195774,
2158725,
18686.66,
8177251,
424213.9,
246186.5,
89909.63,
158495.4,
870398.4,
36784.06,
0,
2.188945e+07,
2062, 
284492.9,
3319333,
566579.8,
275287.8,
23968.52,
1035688,
534801.9,
133521.1,
156351.2,
234110,
969374.4,
357061.6,
284098.8,
124497.6,
513127.7,
22108.12,
1218210,
2184052,
19564.97,
8208424,
438128.8,
250286.5,
92118.09,
173243.1,
986872.9,
48846.99,
0,
2.245415e+07,
2063, 
281427.3,
3345081,
590432,
275106.8,
29599.92,
1067485,
555319.7,
162921,
262633.6,
265805.4,
982910.9,
337833.1,
290872.9,
151678.5,
534014.3,
26677.46,
1237577,
2206772,
20001.49,
8232224,
460400.7,
266919.8,
93763.88,
188936.5,
1111273,
62119.17,
0,
2.303979e+07,
2064, 
275503.6,
3381137,
612485.7,
280448.8,
35142.16,
1101785,
590182.4,
204126.8,
382633.7,
299262.1,
1007163,
331885.9,
294288.9,
178285.5,
556113.6,
35221.88,
1283410,
2235829,
20563.68,
8241428,
504352.6,
272822.2,
94851.98,
204106.6,
1236934,
80402.75,
0,
2.374037e+07,
2065, 
262834.4,
3427365,
634557.2,
287472.1,
42497.79,
1148600,
642570.7,
237184.2,
475307.8,
329040.8,
1006319,
343416.6,
296061.8,
194389.6,
579265,
44309.13,
1326324,
2263653,
21297.92,
8242672,
540371.3,
277625.9,
94844.57,
219770,
1354897,
101590.7,
0,
2.439424e+07,
2066, 
243067.4,
3472935,
655340,
293465.4,
49625.28,
1206133,
718093.8,
280665.5,
533123.4,
346728,
999111,
370778.4,
299806.5,
207299.1,
601129.8,
54232.63,
1372216,
2268188,
22154.8,
8241250,
565933.1,
283093.9,
95130.61,
237473.9,
1448481,
120475.4,
0,
2.498593e+07,
2067, 
221099,
3531193,
676208.2,
301070.3,
61077.19,
1294940,
820536.1,
327735.1,
589230.2,
361137.3,
1000026,
393627.4,
300785.1,
218907.6,
626400.2,
66932.39,
1434079,
2215808,
23018.24,
8235368,
567141.9,
283552.5,
96098.61,
258305.3,
1552900,
137874.9,
0,
2.559505e+07,
2068, 
203675.2,
3586129,
695633.3,
309704.7,
79215.11,
1359050,
912730.4,
362059.5,
630732.9,
375108.6,
968522.4,
411713.1,
304218.2,
228599.2,
653744.1,
81923.02,
1522349,
2118991,
24140.46,
8233274,
545929.1,
284567.2,
98190.42,
283939.6,
1668268,
161833.3,
0,
2.610424e+07,
2069, 
183695.3,
3631491,
730639.1,
311765.7,
100950.1,
1409957,
1013748,
406905.2,
669816.7,
389547.5,
960110.7,
429324.2,
310095.7,
230229.6,
678078.8,
110826.3,
1616439,
2018651,
24988.01,
8252662,
514727,
280056.6,
100430,
312039.7,
1836550,
183963.6,
0,
2.670769e+07,
2070, 
167124.1,
3684976,
781386.9,
305552.7,
133858,
1450960,
1105647,
437552.8,
703864.1,
405668.1,
949110.4,
445886.1,
314830.3,
230204.1,
700211.4,
145330.9,
1721876,
1931248,
26254.86,
8280721,
480786.6,
274549.8,
102126.6,
342187.1,
1977459,
211883,
0,
2.731125e+07,
2071, 
150489.6,
3730818,
809400.8,
296235.9,
169369.3,
1479653,
1183105,
471725.5,
732315.6,
435092.9,
970554.3,
453736.3,
319587.8,
230094.1,
715544.8,
182560.5,
1827201,
1927033,
27943.27,
8303377,
452924.1,
266361.9,
102344,
373143.7,
2145064,
239317.1,
0,
2.799499e+07,
2072, 
142237.3,
3767107,
847660,
280227.4,
215769.9,
1531576,
1240830,
521563.8,
758485.4,
460479.4,
991603.9,
461115.1,
327227.4,
229287,
723131.3,
217951.8,
1901291,
1968598,
29475.54,
8323634,
452717.2,
269442.4,
100932.7,
403767.1,
2344258,
271349.2,
0,
2.878172e+07,
2073, 
140755,
3796336,
889186.9,
267486.3,
266657.3,
1599675,
1284079,
586872.6,
823068.9,
483306.8,
1025355,
468788.6,
332506.8,
227755.5,
722690.9,
260787.4,
1937289,
2030278,
30378.06,
8332737,
471851.1,
280230.1,
98994.43,
432818.1,
2528242,
303381.1,
0,
2.96215e+07,
2074, 
143387.8,
3819376,
910424.3,
265670.3,
349169.7,
1596281,
1320297,
696888.9,
920590.3,
504579.3,
1063508,
470167.4,
337387.3,
225494.6,
715160.3,
301236,
1961551,
2096258,
31727.11,
8332294,
519502.4,
293089.4,
96646.36,
456409.5,
2716248,
340347.7,
0,
3.048369e+07,
2075, 
145949.3,
3836075,
933047.6,
272077.5,
462950.8,
1605317,
1369696,
860560.4,
1020852,
525965.2,
1058318,
469327.8,
339870.3,
222856.9,
703662.9,
339237,
1990653,
2107095,
33172.69,
8399707,
571009.6,
298128.8,
93304.32,
483445.4,
2849059,
392794.8,
0,
3.138413e+07,
2076, 
148631,
3840774,
961306.3,
281930.3,
583869,
1626703,
1428240,
1018829,
1088627,
544206.6,
1062809,
465851.2,
339476.5,
219605.3,
694726.1,
369916.8,
2041153,
2069127,
34601,
8493810,
614003.5,
301575.9,
87790.38,
506343.9,
2984738,
430432.7,
0,
3.223908e+07,
2077, 
151133.1,
3840169,
990866.9,
295471,
707104.8,
1656542,
1499224,
1181247,
1156439,
558094.1,
1067010,
464153.2,
338369.3,
216668.6,
691154.9,
394988.8,
2119262,
2034586,
36183.6,
8572980,
648618.9,
295325,
84582.92,
528125.6,
3121711,
477371.8,
0,
3.312738e+07,
2078, 
156089.6,
3834317,
1032244,
306925.5,
838548.1,
1698688,
1538841,
1343998,
1228725,
578745.9,
1083374,
466667.3,
335912,
214142.8,
692217.8,
418366.2,
2211722,
2037597,
37631.93,
8631030,
656315.6,
285012.4,
82625.39,
548659.9,
3251167,
535016.9,
0,
3.404458e+07,
2079, 
165412,
3834743,
1061162,
313959.1,
959422.8,
1726132,
1566582,
1475887,
1309912,
600755.5,
1098200,
468640.2,
333729.2,
212084.7,
699356,
443397.2,
2322334,
2049887,
39589.77,
8668547,
666892.1,
272583.7,
82579.4,
569241.4,
3365095,
599185.5,
0,
3.490531e+07,
2080, 
178971.5,
3846817,
1117458,
312528.8,
1088702,
1754034,
1593328,
1614356,
1410744,
627134.4,
1103252,
471202.8,
331724.5,
210361,
714012.4,
467402.6,
2423467,
2088977,
40826.6,
8676643,
666164.5,
263599.1,
84410.13,
586155.6,
3459100,
651098.1,
0,
3.578247e+07,
2081, 
199348.5,
3863938,
1162177,
311135,
1213347,
1767338,
1622395,
1734196,
1511989,
653343,
1117399,
474216,
333262.7,
209245.8,
734199.4,
483481.9,
2515365,
2167386,
41977.64,
8652197,
666990.8,
258234.4,
86628.37,
599968.8,
3529373,
700313.3,
0,
3.660944e+07,
2082, 
221210.1,
3872959,
1216152,
306632.4,
1338816,
1757950,
1660305,
1823617,
1597048,
679406.1,
1100013,
475685.3,
333848.8,
208751.4,
752215.9,
497689.8,
2590708,
2228141,
43936.54,
8601300,
680827.9,
252546.9,
89420.39,
613655.3,
3580328,
743562.3,
0,
3.726673e+07,
2083, 
251179.3,
3883662,
1264173,
303096.8,
1461963,
1764514,
1700901,
1943390,
1688746,
695244.9,
1074204,
476978.9,
335633.6,
208827.3,
769607.5,
508099.8,
2682132,
2275725,
46572.79,
8538691,
708105.9,
245917.7,
92726.55,
627591.6,
3619748,
786294.5,
0,
3.795373e+07,
2084, 
299368.2,
3881672,
1321698,
300780.8,
1587949,
1768545,
1743744,
2093919,
1759716,
718218.1,
1046400,
477745.3,
340576,
209032,
785564.6,
518170.9,
2788973,
2296936,
49567.97,
8478467,
722661.2,
237178.8,
95978.26,
641371.3,
3657299,
831482.9,
0,
3.865301e+07,
2085, 
352713.8,
3872168,
1373433,
299947.6,
1715756,
1772394,
1784667,
2251842,
1847007,
742592.1,
1004426,
479010.3,
344746.5,
208876.4,
798649.9,
532364.3,
2957570,
2259607,
52643.88,
8415542,
734335.5,
228237,
99190.06,
655348.3,
3679937,
882669.1,
0,
3.934567e+07,
2086, 
415098,
3860965,
1402705,
301883.2,
1816767,
1770118,
1836799,
2466480,
1931326,
772687.4,
973958.8,
478638.6,
348559.1,
209124.8,
810820.3,
551493.4,
3089808,
2190540,
55163.88,
8366971,
752760.2,
220324.9,
102436.1,
670976.6,
3740478,
928556.3,
0,
4.006544e+07,
2087, 
454439.8,
3845106,
1430231,
303807.8,
1900557,
1742220,
1927723,
2698562,
2006125,
794263.7,
949069.8,
477556.1,
351686.5,
209590.2,
822682.3,
582979.7,
3231342,
2123012,
56958.58,
8297324,
770787.9,
216267.8,
106268.4,
686421.9,
3827929,
977961.1,
0,
4.079087e+07,
2088, 
474743.4,
3835722,
1454407,
307045.4,
1975416,
1717358,
2018879,
2981551,
2092296,
800913.6,
976799.3,
475318.1,
353047.3,
210406.1,
833753.3,
617761.4,
3307895,
2045383,
58319.59,
8213258,
779541.4,
213683.4,
111403.5,
706703.4,
3916040,
1027942,
0,
4.150558e+07,
2089, 
475771,
3823380,
1481852,
310845.2,
2026958,
1691120,
2113608,
3276025,
2181878,
805968.4,
1023407,
475401.9,
355143,
211046.4,
843884.4,
662353.8,
3339287,
1967502,
59426.26,
8090900,
788887.7,
214257.5,
115151.1,
718465.9,
3986351,
1080976,
0,
4.211984e+07,
2090, 
465032.7,
3809094,
1498297,
310515.9,
2074255,
1681105,
2212466,
3556510,
2322681,
812719.5,
1065384,
474436.8,
357299.4,
211056,
853362.8,
707642.9,
3423231,
1921902,
60649.78,
7979680,
798210.5,
217656.9,
117737.5,
730738.9,
4039297,
1142458,
0,
4.284342e+07,
2091, 
456641.9,
3782040,
1518902,
309482.7,
2115391,
1668340,
2344145,
3734627,
2438946,
820109.9,
1120237,
474900.3,
359873.7,
211130.4,
857164.9,
749623.8,
3522725,
1957046,
61700.29,
7884027,
830609.8,
217936.5,
119714.6,
743562.8,
4092767,
1228335,
0,
4.361998e+07,
2092, 
448597.4,
3758515,
1557875,
307972.5,
2160386,
1656286,
2467316,
3908050,
2598783,
830284.3,
1162584,
474097.3,
359011.8,
210725,
864784.6,
791691,
3620740,
2027126,
62346.7,
7814819,
853553.1,
216816.3,
121450,
758087.3,
4119567,
1306721,
0,
4.445818e+07,
2093, 
440270.9,
3709674,
1589501,
305183.9,
2203619,
1649953,
2576896,
4055415,
2732616,
841432,
1195259,
471678.3,
359744.6,
208798.6,
873217.6,
829292,
3723237,
2085174,
63023.47,
7738817,
908170.8,
216745.3,
122874,
772107.8,
4129458,
1384739,
0,
4.51869e+07,
2094, 
433462.5,
3651160,
1628470,
301715.2,
2236190,
1642870,
2682342,
4173862,
2854798,
848290.6,
1205396,
469394.3,
359787.3,
206788.5,
882584.8,
864339.1,
3817596,
2145417,
64141.75,
7676583,
980699.5,
219480.8,
124046.5,
786002.9,
4131200,
1477888,
0,
4.58645e+07,
2095, 
427798.9,
3583262,
1660263,
299476.8,
2269695,
1635745,
2787487,
4288433,
2986472,
855878.9,
1207990,
467829.4,
362890.5,
204226,
891293.5,
906374.9,
3943061,
2174358,
65119.12,
7597783,
1055315,
220367.6,
125093.2,
820529.4,
4123489,
1558582,
0,
4.651881e+07,
2096, 
424905.1,
3511320,
1690260,
292315.4,
2301013,
1632422,
2886201,
4419473,
3158326,
864483.4,
1230177,
465353.7,
364123.2,
201499.2,
899224.9,
937223.3,
4044350,
2182706,
65655.88,
7526647,
1122641,
222641.3,
125918,
826728.5,
4071565,
1646525,
0,
4.71137e+07,
2097, 
423523.8,
3462169,
1725911,
288200.3,
2333354,
1632693,
2978023,
4584778,
3260433,
869982.8,
1222997,
463694.7,
366227.9,
199566.6,
905902.4,
975282.8,
4140914,
2181727,
66787.53,
7466534,
1178508,
224848.5,
127179.6,
838365.3,
4058248,
1776140,
0,
4.775199e+07,
2098, 
422334.7,
3424869,
1756540,
284768.3,
2370963,
1637265,
3070405,
4799421,
3347749,
872934.5,
1247317,
463081.2,
367205.3,
198239.6,
910404.8,
1014264,
4216054,
2186789,
68085.33,
7413042,
1207775,
226396.5,
129187.9,
852829.6,
4029446,
1875194,
0,
4.839256e+07,
2099, 
420136,
3404785,
1820845,
283689.5,
2406037,
1629613,
3123512,
5018961,
3409361,
873913.4,
1246958,
463550.5,
368671.8,
198695,
915156.8,
1061602,
4245404,
2212914,
68711.97,
7387026,
1222926,
229437.6,
131222.7,
871353.1,
4026078,
1967288,
0,
4.900785e+07,
2100, 
420582.3,
3374075,
1819835,
299934.9,
2433713,
1631500,
3213438,
5277096,
3451864,
874848.8,
1247431,
465245.6,
369826.4,
200678.5,
918994.3,
1100883,
4259109,
2244849,
69105.01,
7413211,
1233010,
232247.8,
133177.8,
891598.5,
4134229,
2075138,
0,
4.978562e+07];
