real main.em.ep.isp.StorCapTot[28](t) = [1971, 
565.3951,
2971.177,
36.59446,
18.78491,
56.40872,
70.02373,
51.0629,
35.66208,
10.54651,
188.871,
3517.749,
687.3421,
37.0469,
554.5444,
110.129,
1602.093,
123.6846,
163.0802,
43.73034,
188.3745,
28.22136,
2.395723,
680.6717,
110.138,
12.19796,
21.96154,
0,
11887.89,
1972, 
645.0688,
2972.251,
41.50166,
20.93335,
61.65432,
74.44071,
51.74794,
38.52648,
11.36498,
205.0731,
3674.055,
750.1613,
42.81575,
588.204,
113.1394,
1694.571,
139.7652,
170.4212,
47.06676,
206.8299,
32.03099,
2.769474,
727.324,
108.7564,
12.24841,
31.47324,
0,
12464.2,
1973, 
714.8793,
3245.513,
45.12904,
23.28802,
71.45206,
83.26349,
53.03821,
42.90488,
11.52977,
218.1331,
3939.446,
782.0964,
43.30835,
621.4759,
121.2569,
1793.058,
167.1888,
176.5149,
53.2648,
226.2013,
37.82164,
3.402417,
787.5419,
123.9528,
14.23783,
40.05232,
0,
13439.95,
1974, 
739.617,
3270.951,
57.15521,
24.33031,
79.61558,
91.07374,
56.71687,
43.03696,
11.14541,
233.6268,
4032.854,
831.0829,
49.11044,
657.2949,
130.0857,
1902.559,
187.3344,
185.1357,
58.54875,
234.188,
40.2456,
4.525674,
777.5819,
133.089,
16.01767,
50.52871,
0,
13897.45,
1975, 
720.2589,
3368.073,
60.57813,
24.18282,
85.77982,
95.43021,
64.4827,
48.2693,
11.62118,
251.1357,
4018.075,
869.3321,
58.93646,
594.8967,
115.7397,
1762.141,
217.4598,
205.5515,
65.4682,
277.4308,
41.93651,
5.138043,
794.8664,
138.1078,
17.97915,
53.18409,
0,
13966.05,
1976, 
770.7585,
3597.496,
64.31172,
27.33724,
98.87386,
102.9806,
73.92673,
50.18605,
13.48294,
263.2117,
4319.737,
923.6973,
66.99989,
621.9884,
122.5412,
1876.704,
256.201,
231.0237,
71.5622,
308.1051,
47.25456,
4.771325,
850.1547,
144.0277,
18.92257,
57.06338,
0,
14983.32,
1977, 
826.8419,
3718.35,
69.53701,
29.61992,
109.0772,
112.7576,
84.54616,
54.89835,
14.17457,
263.3046,
4415.533,
962.5632,
75.08624,
638.9871,
126.6182,
1939.022,
324.3994,
246.0635,
78.31963,
336.4687,
52.46445,
5.963777,
885.7704,
151.5514,
20.37514,
62.08248,
0,
15604.38,
1978, 
887.1095,
3820.333,
76.83775,
31.27173,
120.7774,
118.3019,
95.17813,
53.05415,
14.90031,
274.8502,
4579.079,
1012.027,
80.07489,
659.3105,
130.9119,
2028.404,
366.1562,
270.5943,
86.85789,
383.7948,
54.30834,
8.353292,
926.9186,
156.1586,
22.89318,
60.27376,
0,
16318.73,
1979, 
929.9561,
3896.712,
82.37904,
32.64642,
135.358,
131.8992,
106.4358,
61.22648,
15.30302,
288.976,
4774.364,
1019.171,
81.69547,
675.0175,
179.9742,
2074.964,
423.5017,
274.5066,
94.15851,
419.597,
59.07878,
10.06762,
976.8931,
163.4906,
25.64357,
64.93901,
0,
16997.96,
1980, 
956.4402,
3946.016,
86.42722,
32.94046,
155.4016,
141.1133,
119.0098,
68.52973,
15.48823,
313.172,
4806.871,
1064.865,
84.12477,
706.5472,
196.9572,
2234.769,
469.0094,
286.5503,
98.315,
409.9122,
63.06999,
12.67362,
964.7715,
171.4248,
26.90315,
59.81721,
0,
17491.12,
1981, 
1005.637,
3978.002,
94.37601,
34.07541,
149.492,
146.69,
135.1373,
67.0408,
16.38091,
357.5352,
4854.483,
1072.632,
88.14577,
724.8632,
202.0441,
2363.665,
556.1653,
314.4442,
105.4366,
414.0789,
67.10028,
12.48822,
974.1905,
182.5041,
28.78546,
56.7425,
0,
18002.14,
1982, 
987.376,
3880.227,
98.61839,
35.28508,
156.7401,
148.8005,
147.991,
74.62556,
17.73838,
375.8822,
4845.106,
1087.203,
96.12112,
740.2025,
209.2758,
2456.043,
659.3551,
335.5448,
111.1757,
441.7137,
71.90475,
15.20368,
963.9808,
185.5105,
30.88327,
56.67995,
0,
18229.19,
1983, 
1031.83,
3968.32,
97.85429,
37.5138,
162.2103,
155.9186,
163.2696,
69.42336,
18.88283,
382.619,
4959.603,
1135.895,
100.4429,
761.1735,
215.9352,
2584.444,
675.0315,
359.1056,
121.1525,
477.7701,
78.5919,
17.83733,
1017.419,
190.078,
34.33382,
55.48276,
0,
18872.14,
1984, 
1112.393,
4149.27,
106.0196,
38.59479,
181.4973,
160.5045,
180.2275,
64.49086,
18.9106,
423.2296,
5139.854,
1186.7,
113.4429,
791.0198,
225.1805,
2748.781,
727.5205,
397.1652,
130.4102,
501.5547,
84.75967,
20.98384,
1070.48,
203.0791,
38.73755,
54.68986,
0,
19869.5,
1985, 
1179.844,
4229.867,
92.49298,
38.04953,
196.5876,
163.4583,
193.5775,
78.16956,
20.26884,
437.8281,
5329.465,
1188.373,
123.879,
811.0883,
232.8396,
2853.367,
780.383,
435.9338,
140.4291,
536.3925,
89.5683,
21.78811,
1111.734,
217.9633,
41.83034,
56.73882,
0,
20601.92,
1986, 
1207.466,
4229.596,
104.1319,
40.66994,
207.8828,
185.0568,
191.1551,
81.832,
21.51592,
449.9014,
5414.228,
1243.174,
142.0448,
829.8746,
236.665,
2981.992,
850.5416,
476.1943,
151.5424,
589.0726,
92.69865,
30.70433,
1127.34,
225.1551,
46.27349,
58.02217,
0,
21214.73,
1987, 
1287.349,
4307.618,
112.7816,
43.03091,
210.6767,
199.0565,
204.4473,
85.30701,
23.22885,
460.7013,
5591.132,
1267.558,
159.0036,
861.4124,
238.3871,
3101.597,
869.8831,
516.6118,
168.4136,
650.562,
99.93705,
35.58554,
1201.88,
237.4182,
51.22211,
56.5811,
0,
22041.38,
1988, 
1317.601,
4485.579,
114.9625,
43.28976,
218.6537,
224.9429,
222.852,
89.60383,
24.72737,
478.1117,
5834.878,
1260.161,
166.8399,
888.7118,
242.7628,
3178.833,
1000.788,
568.7579,
190.5082,
711.4704,
109.4265,
37.5863,
1269.82,
248.0658,
58.79736,
62.58776,
0,
23050.32,
1989, 
1289.861,
4893.242,
122.4743,
46.22724,
232.5839,
214.7705,
233.31,
93.53584,
26.15741,
488.7106,
6019.259,
1276.096,
179.9109,
905.0895,
244.2434,
3414.739,
1020.843,
621.5173,
207.7759,
764.8553,
120.0925,
41.58054,
1349.992,
266.1709,
61.33345,
60.03858,
0,
24194.41,
1990, 
1248.924,
4996.506,
126.6274,
46.67553,
222.7928,
231.7821,
241.5106,
95.24791,
30.09782,
496.6506,
6149.772,
1207.735,
198.7259,
976.1937,
302.8517,
3335.865,
1092.569,
668.2399,
223.1393,
812.6365,
132.167,
49.39317,
1474.732,
272.8996,
66.75584,
66.81084,
0,
24767.3,
1991, 
1322.582,
5039.184,
130.3355,
45.41085,
236.9379,
218.2404,
254.7658,
97.35524,
32.05389,
497.4062,
6288.577,
1153.283,
202.6131,
900.0445,
259.4619,
3111.433,
1209.783,
727.5859,
235.325,
971.829,
142.6067,
55.89296,
1523.495,
280.5988,
71.6043,
73.628,
0,
25082.03,
1992, 
1353.476,
5126.514,
133.497,
47.92377,
243.2906,
225.7777,
269.3234,
101.0518,
33.28606,
509.8361,
6332.977,
1069.544,
228.5496,
767.144,
240.8649,
2692.239,
1286.647,
760.2308,
250.2564,
1072.993,
154.5309,
61.07423,
1541.728,
286.2254,
78.65118,
63.69817,
0,
24931.33,
1993, 
1400.563,
5249.732,
134.8793,
48.92026,
253.0638,
238.4762,
291.421,
101.4239,
34.52843,
531.0596,
6345.839,
1065.201,
250.8143,
696.7233,
202.9228,
2721.989,
1325.594,
802.9638,
277.3289,
1107.46,
170.4294,
68.27345,
1559.137,
295.506,
82.0778,
65.12194,
0,
25321.45,
1994, 
1477.74,
5384.999,
145.1352,
52.48501,
260.1834,
253.2607,
311.2784,
101.4193,
35.25409,
549.542,
6480.966,
1126.282,
263.9073,
635.267,
199.9055,
2400.906,
1409.661,
861.7289,
311.3705,
1201.617,
192.4346,
75.9252,
1631.346,
304.759,
86.29108,
63.12753,
0,
25816.79,
1995, 
1493.11,
5534.94,
147.785,
55.38862,
273.2066,
265.2966,
329.2269,
107.2398,
38.50718,
556.9459,
6651.439,
1130.002,
295.1002,
666.4468,
198.34,
2395.028,
1480.046,
934.5203,
347.3752,
1307.62,
213.3435,
88.07111,
1658.25,
313.3444,
91.7474,
64.5131,
0,
26636.83,
1996, 
1537.461,
5668.926,
140.9624,
58.28796,
286.8267,
277.6898,
372.0666,
111.7164,
40.29974,
581.11,
6757.826,
1244.123,
320.869,
668.4086,
191.5919,
2365.075,
1541.957,
986.032,
385.0982,
1373.183,
232.3757,
102.2019,
1706.593,
319.9767,
96.16562,
58.25506,
0,
27425.08,
1997, 
1560.221,
5803.345,
151.9166,
63.0705,
301.7221,
299.9626,
400.5761,
112.182,
43.42935,
602.0767,
6892.429,
1267.46,
349.7006,
662.3458,
188.0471,
2327.483,
1667.711,
1040.037,
421.1,
1455.89,
248.8274,
107.9072,
1745.369,
330.4793,
99.8303,
61.12854,
0,
28204.25,
1998, 
1541.172,
5943.403,
163.3201,
67.65081,
311.0652,
316.1455,
427.6874,
109.5607,
44.64969,
593.2291,
7045.756,
1285.531,
372.6195,
636.5688,
181.0233,
2355.934,
1881.151,
1113.407,
412.9665,
1525.477,
245.3184,
111.2113,
1748.839,
349.9771,
103.4804,
79.89678,
0,
28967.04,
1999, 
1573.015,
6057.186,
172.6971,
72.95953,
323.1096,
316.4294,
453.2455,
115.0246,
45.95658,
591.7195,
7126.292,
1259.177,
385.2353,
660.738,
177.9123,
2419.065,
1803.323,
1196.249,
459.5858,
1588.78,
262.3439,
129.8471,
1775.067,
368.8039,
103.3469,
86.475,
0,
29523.58,
2000, 
1619.697,
6344.291,
183.9537,
74.66227,
335.0011,
332.6061,
482.4213,
118.6216,
47.63646,
619.6397,
7152.521,
1339.021,
416.5361,
653.3544,
181.3992,
2538.873,
1817.156,
1262.988,
543.8885,
1794.982,
284.8001,
139.9342,
1849.39,
380.1482,
112.7044,
94.11053,
0,
30720.34,
2001, 
1579.719,
6031.206,
189.4091,
76.66704,
328.1642,
330.7289,
510.2729,
126.1315,
49.84262,
599.1782,
7135.165,
1460.054,
422.4892,
695.7208,
174.0278,
2652.346,
1899.68,
1310.984,
580.7737,
1977.972,
302.5647,
147.725,
1831.389,
404.1982,
126.4622,
106.0162,
0,
31048.89,
2002, 
1601.05,
6216.21,
192.1736,
79.94642,
348.0615,
326.7459,
534.3184,
133.9978,
49.98583,
648.272,
6969.877,
1395.731,
445.9738,
691.4359,
177.368,
2560.378,
1972.567,
1350.997,
620.5974,
2141.582,
320.7811,
156.4462,
1867.587,
404.8233,
133.3852,
112.9533,
0,
31453.25,
2003, 
1558.791,
6273.925,
235.2676,
81.74721,
362.1785,
343.3904,
561.4785,
132.2992,
52.97624,
678.5637,
6903.052,
1403.493,
481.6523,
715.9754,
188.6366,
2608.94,
2073.951,
1440.945,
647.3823,
2454.221,
346.7341,
163.4108,
1866.122,
387.6267,
141.6298,
108.1267,
0,
32212.51,
2004, 
1581.586,
6472.802,
234.6701,
82.24941,
387.3928,
366.3536,
594.9327,
146.1338,
57.44344,
701.1445,
6821.571,
1486.092,
514.1426,
748.0402,
195.4836,
2691.502,
2209.006,
1534.718,
682.556,
2814.304,
370.2732,
174.4283,
1920.669,
398.1951,
153.0503,
116.0427,
0,
33454.79,
2005, 
1543.358,
6485.036,
246.4169,
86.55426,
398.6035,
381.2256,
608.4113,
155.1086,
62.00078,
710.0569,
6720.834,
1459.978,
545.3374,
726.2683,
200.2108,
3037.676,
2217.365,
1633.148,
726.4254,
3182.857,
399.2417,
186.3076,
1965.863,
398.9936,
164.7539,
124.8803,
0,
34366.91,
2006, 
1485.209,
6463.274,
253.2986,
91.61446,
416.5829,
403.1402,
644.8983,
164.3274,
65.98615,
743.8075,
6568.492,
1481.368,
585.3354,
758.7625,
204.8183,
3049.432,
2345.201,
1768.021,
748.8411,
3651.775,
421.8054,
189.6847,
1991.24,
401.0588,
174.3476,
127.9804,
0,
35200.3,
2007, 
1573.768,
6502.154,
263.0916,
94.19965,
441.549,
413.2222,
714.046,
173.648,
71.88458,
761.9922,
6336.264,
1470.151,
632.9545,
770.4725,
213.2718,
3064.957,
2529.003,
1898.823,
790.6597,
4199.039,
446.9901,
193.6209,
2051.414,
418.7111,
180.294,
131.2576,
0,
36337.44,
2008, 
1562.947,
6384.727,
266.9301,
92.66202,
459.9495,
440.7023,
746.6286,
177.1564,
71.8033,
758.9349,
6237.907,
1467.459,
641.0939,
729.7098,
195.7382,
3118.576,
2638.016,
1827.205,
844.074,
4642.784,
458.112,
197.9269,
1982.143,
418.7217,
187.7509,
133.4353,
0,
36683.09,
2009, 
1492.39,
6045.008,
264.8589,
92.53746,
464.9567,
445.6431,
850.5972,
184.5089,
78.43336,
740.1929,
5746.888,
1411.765,
625.934,
629.9334,
187.6756,
2938.204,
2909.691,
1962.299,
881.7204,
5356.077,
481.1257,
202.3239,
1976.7,
402.6847,
195.7019,
144.9071,
0,
36712.76,
2010, 
1481.222,
6198.645,
280.9409,
96.72885,
516.4653,
441.0455,
922.3793,
198.7336,
89.29186,
771.4053,
6003.943,
1447.471,
676.376,
647.6618,
207.0995,
2950.156,
3046.44,
2116.348,
951.6044,
6456.727,
525.5093,
218.2254,
2076.254,
424.6773,
202.2233,
152.9949,
0,
39100.57,
2011, 
1542.536,
5995.045,
311.5377,
101.2479,
535.3832,
456.192,
953.186,
205.3536,
104.2321,
779.129,
6057.01,
1449.709,
737.6721,
658.8655,
200.3535,
3015.484,
3174.101,
2348.413,
991.4055,
7878.156,
553.0667,
232.5229,
2104.066,
424.6695,
215.447,
156.2239,
0,
41181.01,
2012, 
1500,
5971.355,
330.3058,
105.0472,
564.7504,
487.4852,
1015.099,
211.2207,
116.3557,
774.8246,
6247.069,
1379.506,
798.6833,
661.2039,
213.3696,
3021.991,
3386.411,
2475.237,
1032.809,
9029.835,
612.9449,
243.3817,
2215.165,
444.0981,
232.0977,
160.3334,
0,
43230.58,
2013, 
1409.216,
6037.742,
315.757,
110.4133,
588.5507,
523.9561,
1076.097,
236.7998,
127.4222,
801.2288,
5995.381,
1359.135,
813.5629,
641.7047,
256.1597,
3033.941,
3584.295,
2651.109,
1079.617,
10682.44,
676.435,
267.9693,
2609.913,
474.837,
262.2715,
168.6631,
0,
45784.62,
2014, 
1365.216,
6141.215,
333.3959,
114.7734,
625.7964,
527.735,
1145.586,
251.1702,
145.0345,
889.5321,
6023.522,
1324.885,
860.8146,
602.2682,
234.0102,
3058.502,
3884.448,
2973.917,
1139.892,
12521.9,
781.5029,
287.8329,
3149.283,
484.7819,
285.3293,
191.2885,
0,
49343.63,
2015, 
1274.226,
6365.407,
347.245,
125.4136,
629.0422,
566.5461,
1283.219,
275.4929,
164.1872,
933.5518,
5607.788,
1281.909,
918.0795,
551.8569,
243.0923,
3075.236,
4340.302,
3256.517,
1229.529,
14739.47,
872.8184,
306.3836,
3790.197,
522.5352,
305.7794,
201.0302,
0,
53206.86,
2016, 
1251.574,
6622.056,
368.4552,
128.7275,
663.5425,
574.06,
1404.035,
284.7198,
174.6331,
1035.739,
5836.576,
1299.578,
1036.186,
549.6064,
287.4826,
3078.874,
4783.353,
3654.81,
1321.888,
16879.12,
1040.509,
331.1926,
4327.507,
565.3259,
355.6442,
195.4336,
0,
58050.63,
2017, 
1289.842,
7077.775,
374.4357,
128.2212,
709.332,
574.8222,
1448.323,
301.5233,
185.577,
1132.265,
6028.562,
1300.061,
1305.621,
561.3277,
363.8872,
3135.961,
4878.351,
4116.484,
1447.87,
20094.45,
1134.019,
353.0933,
4835.521,
624.6139,
402.6216,
211.5187,
0,
64016.07,
2018, 
1250.143,
7531.365,
401.458,
135.5527,
740.4254,
583.9454,
1627.886,
331.4266,
221.009,
1266.692,
6398.786,
1472.705,
1820.261,
605.6222,
376.3805,
3125.749,
4867.264,
4718.147,
1606.207,
23550.56,
1237.816,
411.931,
5307.386,
761.3093,
438.9893,
235.2565,
0,
71024.27,
2019, 
1289.778,
7838.29,
399.6429,
140.8151,
791.7687,
554.202,
1769.316,
359.2982,
252.4483,
1301.248,
7146.559,
1390.904,
1947.226,
670.2047,
411.2515,
3166.187,
5511.548,
5118.226,
1826.678,
26583.26,
1583.531,
450.8109,
5740.975,
924.3907,
468.3828,
264.1612,
0,
77901.1,
2020, 
1266.64,
8122.66,
413.9666,
132.5251,
766.7391,
548.8086,
1825.463,
383.1367,
264.9096,
1349.372,
7756.167,
1477.384,
2102.146,
697.4646,
372.8519,
3061.93,
5928.354,
5237.749,
2062.935,
30851.81,
1929.23,
453.4697,
6217.333,
1111.117,
494.0463,
267.8839,
0,
85096.09,
2021, 
1286.072,
9221.158,
440.0713,
145.0636,
845.5304,
616.2877,
1933.281,
412.3448,
294.8287,
1424.724,
8084.256,
1657.258,
2362.382,
717.6393,
459.4185,
3203.394,
6338.188,
5794.989,
2411.588,
36245.53,
2575.417,
488.8349,
6729.423,
1361.316,
560.807,
292.6948,
0,
95902.49,
2022, 
1312.374,
10148.07,
473.6059,
154.7162,
893.2933,
616.1225,
1971.296,
491.692,
333.1985,
1427.378,
8849.744,
1801.001,
2615.6,
600.157,
504.2851,
3172.944,
7294.358,
6717.854,
2581.36,
40258.43,
2729.106,
534.5333,
7050.158,
1587.254,
641.9476,
365.3613,
0,
105125.8,
2023, 
1299.585,
11553.88,
496.2012,
161.4982,
957.7868,
632.3875,
2119.878,
575.9404,
356.1331,
1441.634,
9746.731,
1991.784,
2853.865,
621.9747,
569.2986,
3219.443,
8108.418,
7413.217,
2788.545,
48753.37,
2911.342,
588.3376,
7291.451,
1816.416,
671.0392,
389.407,
0,
119329.6,
2024, 
1122.021,
13538.93,
508.5141,
168.7551,
994.829,
658.3489,
2293.628,
640.7441,
384.5134,
1502.292,
10604.75,
2262.049,
3831.498,
565.3394,
628.8538,
3205.383,
8663.75,
8594.741,
3002.863,
57099.11,
3081.297,
632.7972,
7436.909,
2140.567,
728.4269,
422.1583,
0,
134713.1,
2025, 
1124.183,
15820.53,
514.8786,
216.1716,
1125.924,
694.9557,
2433.453,
715.7314,
514.1057,
1802.954,
11543.06,
2460.467,
4094.594,
592.2853,
679.9435,
3192.445,
14336.38,
10800.78,
3205.536,
60998.14,
3404.63,
1071.145,
8355.094,
2536.591,
906.2208,
465.3507,
0,
153605.5,
2026, 
1092.41,
17334.92,
554.3727,
225.9614,
1133.293,
719.2613,
2387.043,
797.0433,
632.8123,
1776.847,
12259.41,
2513.839,
4044.186,
638.0457,
977.0186,
3177.85,
19031.32,
12743.11,
3491.086,
71158.3,
3663.416,
1226.661,
9704.151,
2858.609,
1107.865,
481.0621,
0,
175729.9,
2027, 
1069.927,
18796.01,
591.7245,
258.8053,
1143.602,
752.7741,
2352.896,
996.1529,
770.1151,
1699.449,
13082.56,
2675.091,
4081.313,
704.4269,
1384.905,
3158.37,
21174.54,
14922.36,
3495.678,
80503.04,
4116.9,
1768.063,
10601.19,
3274.112,
1397.748,
486.4107,
0,
195258.2,
2028, 
1098.05,
19969.61,
631.8488,
303.6325,
1154.753,
785.3186,
2298.405,
1296.686,
910.9512,
1638.2,
14100.05,
2928.847,
4120.545,
770.9419,
1886.744,
3129.272,
22176.33,
17621.97,
3339.765,
90601.45,
5087.358,
2596.061,
10817.67,
3711.485,
1862.708,
488.1777,
0,
215326.8,
2029, 
1170.989,
21175.6,
679.7933,
349.6594,
1175.701,
882.6885,
2246.654,
1656.575,
1032.1,
1600.054,
15072.88,
3461.92,
4282.433,
816.0944,
2371.936,
3106.145,
23248.98,
20619.85,
3275.663,
100622.2,
6196.695,
3515.538,
14528.93,
4315.607,
2316.043,
484.2101,
0,
240204.9,
2030, 
1273.723,
22424.4,
831.2883,
412.6322,
1188.51,
1002.51,
2154.228,
2029.371,
1099.998,
2146.294,
16289.67,
3893.821,
4430.27,
879.1621,
3109.754,
3092.851,
23958.38,
23711.58,
3253.171,
110202,
7297.808,
4301.141,
13096.26,
4968.287,
2726.539,
460.8714,
0,
260234.5,
2031, 
1370.087,
23261.12,
972.7334,
492.4294,
1209.803,
1146.465,
2136.657,
2258.104,
1105.313,
2054.473,
19230.72,
4622.52,
4436.646,
939.8097,
3958.771,
3056.442,
22826.56,
26768.83,
3276.426,
120957.3,
8360.919,
5217.796,
13402.68,
5555.146,
3122.526,
428.2621,
0,
282168.6,
2032, 
1520.198,
24540.21,
1081.365,
624.5836,
1258.335,
1336.141,
2219.197,
2356.042,
1058.828,
1947.349,
37389.58,
9554.927,
4453.787,
1001.722,
4701.179,
3034.852,
21755.39,
30238.06,
3419.155,
133029.1,
9538.854,
5846.756,
13960.98,
6184.917,
3495.04,
416.9332,
0,
325963.4,
2033, 
1657.946,
25627.65,
1167.23,
851.9785,
1333.947,
1564.639,
2479.765,
2403.067,
968.2527,
1827.139,
56998.58,
18956.23,
4509.612,
1046.469,
5280.939,
2974.281,
20607.26,
34540.41,
3619.538,
145603,
10519.72,
6627.51,
14548.5,
6812.886,
3867.277,
409.3992,
0,
376803.2,
2034, 
1780.962,
26463.38,
1212.018,
1094.043,
1417.45,
1995.041,
2849.374,
2403.248,
855.4135,
1694.322,
76047.39,
32912.34,
4594.271,
1102.022,
5736.506,
2946.229,
19670.89,
40561.29,
3906.406,
163006.5,
11646.37,
7578.317,
15334.75,
7487.919,
4350.633,
385.5297,
0,
439032.6,
2035, 
1995.252,
27195.08,
1234.672,
1363.511,
1533.335,
3123.9,
3296.355,
2373.844,
719.5963,
1549.615,
99552.9,
54467.37,
4712.824,
1154.769,
6137.861,
2920.632,
18837.23,
47255,
4263.29,
181923,
13012.16,
8829.991,
15910.29,
8242.153,
5122.371,
342.7547,
0,
517069.8,
2036, 
2244.736,
30603.99,
1253.009,
1647.122,
1697.574,
5089.848,
3954.265,
2708.773,
723.1377,
1596.83,
117846.1,
67911.02,
5462.191,
1199.859,
6745.107,
2902.453,
20219.09,
53753.82,
4913.623,
200535.5,
14554.49,
10006.92,
16437.81,
9074.947,
6109.567,
406.9044,
0,
589598.8,
2037, 
2555.864,
39900.41,
1283.256,
2005.352,
1939.901,
7595.079,
4609.499,
3066.418,
730.1507,
1663.161,
129165.8,
68482.08,
6227.757,
1255.928,
7385.615,
2891.013,
21754.42,
61101.52,
5199.979,
219228.1,
16291.57,
11382.38,
16962.74,
9786.936,
7324.104,
460.2097,
0,
650249.3,
2038, 
2740.972,
51222.26,
1365.882,
2449.108,
1999.289,
10501,
5199.308,
3434.206,
738.0045,
1736.569,
138013.9,
68481.62,
6957.674,
1336.047,
8491.827,
2883.685,
24491.34,
68976.74,
5245.435,
253815.5,
18255.46,
12586.48,
17486.94,
10474.49,
8745.521,
535.7563,
0,
728165,
2039, 
3003.558,
65779.3,
1510.67,
2902.074,
2001.038,
15353.6,
5724.104,
3818.818,
747.7227,
1809.345,
145367.2,
68077.22,
7707.991,
1448.255,
9935.744,
2882.942,
30019.97,
89820.04,
5298.206,
306352.4,
20299.5,
14385.81,
17865.88,
11152.5,
10308.12,
669.4133,
0,
844241.4,
2040, 
3470.861,
86153.69,
1673.388,
3819.423,
2005.888,
20833.09,
6177.269,
4219.825,
768.6409,
1885.187,
147431.5,
67226.5,
8292.354,
1572.201,
11658.84,
2899.637,
36129.01,
123076.6,
5298.096,
346770.1,
22576.6,
16397.27,
18187.51,
11847,
12048.63,
851.5955,
0,
963270.8,
2041, 
4115.001,
103090.5,
1886.778,
5071.934,
2035.179,
24311.7,
6632.755,
4672.718,
797.909,
1971.628,
146847.1,
66696.22,
8995.938,
1701.621,
15927.17,
2954.11,
41361.3,
159974.1,
5409.779,
398009.1,
24926.1,
18493.38,
18329.44,
12478.05,
14082.26,
1088.271,
0,
1091860,
2042, 
5187.063,
112932.4,
2565.073,
6350.174,
2094.813,
27866.5,
7091.138,
5173.531,
836.2571,
2061.209,
146669.1,
66261.85,
9940.539,
1790.424,
20379.11,
3035.852,
47567.7,
192164.8,
5514.737,
449151.9,
27439.49,
21333.42,
18401.05,
13038.12,
16077.44,
1366.841,
0,
1212291,
2043, 
7678.905,
126673.9,
3442.208,
7870.376,
2161.875,
33631.49,
7529.802,
5713.959,
878.4304,
2246.514,
144252.7,
64860.56,
10790.43,
1876.723,
24946.75,
3132.494,
54971.68,
227215.9,
5578.96,
503953,
30015.86,
24224.81,
18355.33,
13491.55,
18716.86,
1589.735,
0,
1345801,
2044, 
10198.72,
145310.1,
4445.82,
9707.423,
2238.071,
39707.33,
7992.786,
6316.924,
927.2283,
2605.889,
139221.6,
63826.75,
11832.93,
1962.82,
29082.9,
3222.941,
62693.03,
268734.5,
5618.568,
559727.6,
32810.07,
27510.57,
18293.27,
13808.07,
21762.3,
1817.383,
0,
1491376,
2045, 
12730.61,
165308.7,
6053.125,
11872.86,
2347.791,
46562.5,
9541.012,
7290.699,
973.989,
3016.847,
135235.4,
63433.28,
13711.55,
2055.246,
33302.55,
3372.733,
71052.64,
314947.9,
5736.784,
643437.2,
35861.94,
29332.51,
17947.03,
13998.53,
25170.51,
2058.838,
0,
1676353,
2046, 
15529.76,
184218.6,
10795.03,
14112.39,
2498.003,
55590.26,
11892.93,
8225.98,
1018.037,
3448.691,
131316.7,
62777.53,
15761.58,
2149.767,
36290.38,
3626.435,
77513.46,
357564.4,
5849.547,
727682.1,
39407.33,
31217.29,
17103.46,
14085.05,
28265.8,
2311.868,
0,
1860252,
2047, 
18742.48,
208087.1,
17967.95,
16389.3,
2679.854,
63690.06,
14666.61,
9141.294,
1325.124,
3903.788,
128078.3,
61754,
18210.93,
2249.894,
39009.02,
3963.622,
89830.46,
401039.8,
5980.886,
805899.5,
43352.71,
32635.84,
15938.66,
14102.09,
31914.2,
2555.453,
0,
2053109,
2048, 
23136.92,
234126.7,
25990.88,
18853.47,
2941.353,
74260.95,
17792.63,
10120.95,
1964.599,
4524.004,
125865.1,
60731.96,
21475.66,
2348.526,
41382.24,
4336.921,
100664.7,
441752.1,
6047.137,
872639.4,
51844.52,
34132.02,
14882.08,
14099.16,
35397.51,
2796.788,
0,
2244108,
2049, 
28012,
257015.1,
30867.74,
21507.76,
3256.638,
81295.25,
20961.77,
11263.13,
3229.927,
5340.915,
124380.6,
59804.57,
23927.12,
2447.899,
43543.71,
4733.612,
107834.1,
468832.4,
6060.056,
932719.6,
61105.68,
35418.84,
14019.16,
14119.42,
38797,
3034.982,
0,
2403529,
2050, 
32968.26,
291618.5,
35587.97,
24532.57,
3614.066,
88078.55,
24165.09,
12542.33,
4021.071,
6119.835,
123783,
59024.88,
28057.05,
2641.421,
45811.97,
5116.933,
114184.3,
482417.2,
5944.332,
982102.2,
69699.47,
37601.16,
13572.81,
14300.23,
42545.66,
3325.418,
0,
2553376,
2051, 
36487.96,
337932.3,
40252.4,
27380.97,
4015.673,
95207.05,
27179.89,
13871.97,
4395.973,
7078.666,
123505.8,
58277.74,
31875.62,
3202.219,
48194.11,
5455.05,
121936.1,
494442.8,
5866.585,
1037123,
75668.09,
39034.92,
13464.15,
14493.39,
46528.18,
3673.096,
0,
2716543,
2052, 
38382,
375246.5,
45531.21,
29670.28,
4380.946,
101942.1,
29886.19,
15438.88,
4741.964,
8258.786,
123097.8,
57622.4,
34880.73,
3933.378,
49219.01,
5806.439,
127480.9,
493992.9,
5786.111,
1094920,
80455.8,
41047.8,
13680.55,
14740.96,
51113.58,
4088.308,
0,
2855346,
2053, 
41125.24,
412777.5,
51655.79,
31624.29,
4697.623,
107457.6,
33439.59,
17482.02,
5642.325,
10551.81,
121453.5,
57084.6,
36515.52,
4853.331,
50264.11,
6283.526,
133525,
486737.4,
5668.379,
1144049,
84013.64,
43037.05,
14274.18,
15195.16,
57996.25,
4603.558,
0,
2982008,
2054, 
42118.32,
432996.5,
58952.32,
34468.5,
5019.01,
112301.4,
38297.2,
19624.24,
6388.512,
13260.8,
119076,
56634.39,
39244.68,
5918.373,
51332.89,
7042.778,
139976.8,
479909.6,
5514.045,
1166365,
86207.53,
45255.63,
15126.29,
15851.86,
69143.23,
5168.759,
0,
3071194,
2055, 
42697.69,
454915.6,
65794.34,
35980.61,
5426.109,
115631.2,
42674.47,
21872.83,
7113.726,
16166.64,
117775.6,
56445.45,
42098.83,
7088.663,
52390.19,
7927.162,
148822.8,
471390.7,
5838.851,
1166671,
88619.38,
46711.44,
16152.05,
16619.06,
80097.18,
5791.194,
0,
3138713,
2056, 
43337.05,
477534.8,
72511.19,
37148.24,
5915.105,
119112.3,
53908.3,
24163.11,
7698.8,
19314.55,
117108.1,
55777.09,
44607.44,
8596.279,
53539.36,
8662.078,
160945.9,
464174.9,
6055.56,
1165377,
91044.39,
47491.07,
17112.18,
18494.15,
86801.64,
6482.996,
0,
3212913,
2057, 
43546.02,
482153.2,
75564.09,
38553.95,
6434.423,
122541.9,
68031.75,
26604.8,
8232.364,
22592.03,
118356.6,
55290.54,
47365.64,
10538.32,
55654.98,
9080.135,
177525.4,
458070.5,
6197.366,
1163138,
92754.64,
48105.58,
18488.51,
20390.26,
96214.04,
7431.457,
0,
3278856,
2058, 
43836.5,
485878.9,
77035.9,
39864.89,
7191.625,
125888.8,
83634.02,
29343.12,
9537.997,
25930.07,
120956.8,
55459.35,
50276.13,
12386.48,
58101.8,
9463.261,
191788.7,
452564.3,
6342.681,
1160135,
92365.24,
47605.77,
20055.54,
22707.22,
107647.1,
8613.514,
0,
3344610,
2059, 
44172.36,
487495.3,
78546.74,
40721.21,
8026.028,
128981.5,
94758.93,
32201.33,
11706.28,
29300.28,
126617,
55143.23,
52983.57,
14440.08,
60156.76,
9803.491,
210126.7,
450432.5,
6519.671,
1156332,
91247.36,
47942.87,
19918.89,
24400.2,
118454.8,
10005.21,
0,
3410434,
2060, 
44540.69,
488767.3,
80073.38,
41891.12,
8919.077,
132065.9,
104630.7,
36286.2,
16244.58,
34100.25,
135168.4,
55039.26,
54431.72,
16463.01,
61863.08,
10185.84,
218872.8,
451267.8,
6722.433,
1152344,
90195.13,
48911.16,
21392.2,
26125.52,
137147.7,
11590.29,
0,
3485239,
2061, 
44905.55,
491090.1,
81636.3,
42913.61,
10056.66,
135266.8,
112033.4,
40727.46,
22596.01,
39279.73,
145786,
55189.34,
55793.34,
19334.72,
63983.29,
10655.56,
242248.5,
453161.1,
6911.161,
1147387,
91119.74,
49148.45,
22069.57,
27986.39,
156913.4,
13960.2,
0,
3582153,
2062, 
45251.98,
493296.3,
83247.18,
43123.02,
11150.2,
138381.7,
116115.2,
46116.62,
38344.74,
43247.3,
155165.1,
54769.42,
57015.8,
23241.09,
66325.16,
11135.5,
246793.2,
459388.6,
7094.821,
1141901,
94015.89,
49892.65,
22377.3,
30302.08,
176066.6,
17226.3,
0,
3670985,
2063, 
45441.16,
495109.1,
86034.06,
42706.31,
12605.25,
141517.3,
119327.2,
53864.01,
55653.17,
47388.31,
161881.9,
54018.63,
57822.68,
27416.71,
68975.64,
12961.89,
251025.1,
465066.9,
7175.944,
1136113,
98434.62,
52125.78,
22596.44,
32773.9,
197066.4,
20584.03,
0,
3765686,
2064, 
45188.55,
497050.4,
89011.84,
43193.91,
13876.98,
145061.8,
125419.8,
63943.86,
73917.93,
51573.84,
169869,
53203.89,
58271.21,
31291.46,
72065.02,
15920.6,
260411.5,
472025.4,
7288.89,
1129977,
106514.3,
52997.37,
22730.96,
35149.01,
218149.9,
24908.4,
0,
3879013,
2065, 
43726.72,
499134.2,
91944.39,
44120.82,
15470.91,
151656.2,
134324.9,
72190.52,
86714.95,
55182.68,
172174.3,
53870.88,
58562.43,
32658.67,
75388.69,
18760.48,
266964.2,
478822.1,
7437.81,
1123545,
113041.1,
53906.47,
22702.19,
37610.68,
237005.5,
29604.39,
0,
3976522,
2066, 
41103.13,
500832.3,
94828.41,
44982.48,
16911.86,
160602.8,
147808.8,
82119.41,
96147.09,
56727.11,
173358.4,
55910.48,
58974.94,
33612.38,
78539.24,
21582.35,
272890.5,
481508.2,
7613.974,
1115723,
117699,
55042.5,
22705.29,
40413.24,
252442.8,
33692.63,
0,
4063772,
2067, 
38055.45,
502804.5,
97600.63,
46124.97,
19413.56,
174901,
165328.2,
92451.84,
105887.6,
57719.56,
174538.5,
57232.7,
59064.32,
34354.54,
82197.74,
24868.07,
280571.6,
472820,
7786.828,
1108092,
118042.1,
55710.16,
22817.4,
43717.1,
269473.8,
37426.43,
0,
4149001,
2068, 
35415.45,
504917.9,
99994.91,
47484.95,
23309.19,
185072.1,
180319.3,
100148.4,
112562.2,
58638.38,
170792.8,
57748.96,
59426.62,
34910.66,
86168.69,
28383.29,
291037.5,
456648.9,
8016.218,
1101975,
114378.2,
56427.28,
23115.43,
47981.79,
287961.4,
41987.32,
0,
4214823,
2069, 
32713.6,
507144.3,
104814,
47784.21,
27561.93,
193137.5,
196529.2,
108616.6,
118448.4,
59504.25,
170745.8,
58163.8,
59998.23,
34338.43,
89720.37,
34668.16,
302564.1,
439767.3,
8179.667,
1099038,
108773.2,
56468.98,
23447.61,
52650.73,
313979.8,
46179.47,
0,
4294938,
2070, 
30679.74,
508896.1,
112196.7,
46732.68,
33308.55,
199873.1,
210672.4,
114668.4,
123816.7,
60320.03,
169154.4,
58849.92,
60434.73,
33649.63,
92852.41,
41298.04,
315076.4,
425614.4,
8431.735,
1096905,
102434.6,
56317.61,
23707.15,
57644.98,
335272.5,
51157.25,
0,
4369965,
2071, 
28962.23,
509694,
116370.8,
45234.93,
38862.54,
204699.4,
222790.5,
121420.2,
128870.1,
64394.29,
172104.1,
58402.07,
60873.42,
32986.11,
94792.58,
47677.59,
327439.7,
427269.3,
8766.692,
1093670,
97714.47,
55622.59,
23744.78,
62752.82,
361670.8,
55977.25,
0,
4462763,
2072, 
28459.88,
510712,
121400.2,
42628.26,
45514.45,
212571.4,
231587.3,
131492.4,
133799,
68448.7,
173717.6,
57928.97,
61608.66,
32309.28,
95433.8,
53182.27,
336571.1,
437621.8,
9058.108,
1089465,
98083.55,
56502.66,
23530.58,
67797.59,
391914.3,
61502.13,
0,
4572841,
2073, 
28813.6,
512114.4,
127212,
40575.56,
52293.38,
223956.5,
238345.1,
144084.9,
143178.5,
72072.91,
176613.8,
58666.34,
62106.42,
31672.3,
94893.43,
59316.73,
340952.7,
452235.4,
9212.725,
1085071,
101214.2,
58362.35,
23193.7,
72438.68,
420101,
66696.63,
0,
4695395,
2074, 
29526.51,
513839.1,
129347.6,
40235.84,
64847.4,
224559.9,
243730.8,
164069.4,
156318.6,
75409.9,
179505.9,
58843.74,
62576.79,
31075.16,
93176.51,
64669.38,
344808.3,
466978.5,
9429.665,
1080287,
109862.6,
60485.79,
22770.49,
75639.71,
448577.6,
72651.95,
0,
4823224,
2075, 
30156.14,
515730.5,
132707,
41210.16,
84689.66,
226544.9,
251928.2,
192606.1,
168585.9,
78550.84,
174293.1,
58841.56,
62807.79,
30534.93,
90860.55,
70886.2,
348625.3,
471224.2,
9647.39,
1089038,
118790.7,
61439.79,
22176.27,
79215.2,
463698.8,
81173.07,
0,
4955963,
2076, 
30747.29,
517531.1,
136185.3,
42686.76,
105097.8,
230314.8,
261010.6,
220104.1,
175143.8,
81755.09,
172717.7,
59034.76,
62719.04,
30046.47,
89068.67,
75973.5,
352474.8,
466314.8,
9850.598,
1102377,
126096.5,
62159.59,
21271.75,
82233.87,
479805.6,
87467.41,
0,
5080189,
2077, 
31311.56,
519545.1,
140702.9,
44764.3,
125380.2,
235216.2,
272457.8,
248322.3,
181836.8,
83372.15,
170257.2,
59336.02,
62579.74,
29610.48,
88180.51,
80030.21,
356671.9,
462077.3,
10073.25,
1112944,
131195.6,
61523.63,
20716.61,
85090.33,
495894.1,
95423.96,
0,
5204514,
2078, 
32159.28,
521517.8,
146368,
46512.67,
146544.5,
241663,
277167.9,
275089.3,
188640.1,
86808.25,
171086.7,
59782.69,
62311.64,
29211.63,
88090.59,
83727.29,
360395.9,
463627.4,
10261.71,
1119515,
131732.5,
60400.55,
20390.07,
87780.16,
511567.7,
105408.3,
0,
5327761,
2079, 
33570.07,
523620.1,
150211.6,
47549.58,
165819.5,
245683.5,
279610.9,
296002.8,
195513.4,
90049.32,
172516.6,
60235.87,
62072.48,
28866.1,
89018.36,
87609.77,
363984,
465520.8,
10570.33,
1122683,
132530.9,
58938.71,
20372.33,
90460.02,
526909.5,
116141.5,
0,
5436061,
2080, 
35531.02,
525850.4,
158064.6,
47284.59,
185904.3,
249087,
281991.5,
317204.4,
208009.5,
94198.91,
173191.6,
60668.34,
61858.73,
28548.8,
91159.78,
91243.16,
368460.2,
471552.4,
10759.2,
1121415,
131880.7,
57975.82,
20656.1,
92318.8,
542009.8,
124405.8,
0,
5551231,
2081, 
38350.64,
527903,
163953.6,
47022.88,
205414.9,
249531.2,
283988.4,
335358.5,
222697.9,
98219.34,
174955.7,
61049.96,
61948.07,
28261.46,
94258.7,
93627.34,
378354.6,
483525,
10918.64,
1115437,
131640.7,
57507.93,
21013.27,
93635.73,
556633.2,
132391.3,
0,
5667599,
2082, 
41320.66,
530043.4,
171558.2,
46279.91,
224791.5,
246474.3,
285844.8,
350354.6,
235137.9,
102160.8,
171992.3,
61299.05,
61949.55,
28000.16,
97050.16,
95694.35,
386199.5,
493007.6,
11193.45,
1106060,
133023.8,
56994.55,
21446.49,
94945.77,
570892.9,
139592.9,
0,
5763309,
2083, 
45200.04,
532252.1,
177978.8,
45664.14,
243499.5,
245738.4,
287591.7,
369471.9,
248513.1,
103803.2,
167925,
61538.42,
62076.58,
27764.05,
99790.6,
97172.55,
394768.8,
499809.2,
11548.73,
1096122,
136864,
56342.2,
21942.59,
96265.64,
584727.8,
146665.3,
0,
5861036,
2084, 
52631.56,
534663.3,
186374.9,
45235,
262296.4,
244485.5,
289154,
392730.9,
258955.3,
106798.6,
163989.1,
61729.47,
62498.63,
27552.49,
102311.7,
98569.11,
403852.9,
502533.5,
11942.42,
1087007,
138647.1,
55277.2,
22427.8,
97584.84,
598179.1,
154004.2,
0,
5961432,
2085, 
60581.04,
537272.3,
193831.4,
45105.47,
280960.9,
243460.6,
290583.1,
416873.6,
272363.5,
109892.9,
158463,
61900.04,
62852.94,
27375.9,
104374.3,
100537.9,
427017.8,
494740.5,
12308.38,
1077262,
140382.7,
54059.79,
22890.86,
98906.45,
611461,
162075,
0,
6067533,
2086, 
68995.23,
539591.9,
197339.7,
45367.61,
295389.2,
241738,
295055.2,
448446,
285573.3,
113897.7,
154609.9,
62028.89,
63175.2,
27223.11,
106266.1,
103157.2,
444873,
482213.6,
12447.08,
1070505,
143016.4,
52944.83,
23310.9,
100245.5,
625406.6,
169729.3,
0,
6172547,
2087, 
73496.85,
541777.3,
200382.3,
45629.5,
306692.3,
236360.3,
310150.3,
481863.7,
297525.8,
116273.3,
151515.7,
62029.65,
63424.92,
27078.9,
108108.8,
107428.4,
463520.4,
468631.7,
12536.36,
1060286,
145795,
52355.58,
23799.23,
101599.1,
638948.7,
177848.8,
0,
6275059,
2088, 
75160.98,
544181.1,
202999,
46105.74,
315658.3,
233149.6,
325390.9,
521236.3,
311260,
116437.9,
154932.9,
61945.64,
63530.6,
26957.88,
109814.2,
112481.2,
470863.2,
453340.2,
12590.31,
1048199,
145971.7,
51995.93,
24434.34,
103053.8,
652109.2,
186034.6,
0,
6369835,
2089, 
73904.49,
546456.9,
206417.7,
46490.05,
317742.1,
228607,
340953.9,
562117.1,
326164.7,
116268.6,
160997,
61901.5,
63757.51,
26834.84,
111358.2,
118853.8,
471354.9,
438000.2,
12628.84,
1030057,
145265.4,
52125.64,
24863.54,
104174.8,
664863.1,
194677.1,
0,
6446836,
2090, 
70816.88,
548634.3,
208247.1,
46402.62,
319596.8,
227983,
356206.4,
599472.2,
349543.2,
116368.8,
166841.4,
61861.84,
63961.26,
26721,
112788,
125019.9,
482047.8,
428784,
12673.67,
1014122,
143423.7,
52763.71,
25129.12,
105315.7,
677253.1,
204359.1,
0,
6546337,
2091, 
68957.06,
550763,
211109.9,
46188.73,
321255,
226583.1,
375735.5,
623195.3,
368643,
116611.4,
174264.2,
61916.18,
64172.64,
26624.78,
113202.4,
130426.3,
495132.9,
435371.7,
12688.42,
1001004,
146621.1,
52942.07,
25311.6,
106445.1,
689759.9,
217223,
0,
6662148,
2092, 
67195,
552757.5,
217412.9,
45900.8,
322771.6,
225808.4,
394160.3,
643986.5,
395118.1,
117135.9,
180458.8,
61931.05,
64101.26,
26542.51,
114302.9,
135519.5,
508046.8,
448794.6,
12593.02,
992105.1,
149776.3,
52912.05,
25458.81,
107569.7,
700315.5,
228974,
0,
6791649,
2093, 
65583.83,
552844.1,
222008.8,
45477.67,
324044.6,
225220.1,
411247.8,
664556.8,
415869,
117641.1,
185321.6,
61691.01,
64100.89,
26459.2,
115541.9,
139820.2,
522143.2,
459670.6,
12490.66,
982104.8,
158160.3,
53056.31,
25563.06,
108693.9,
709984.9,
240726.4,
0,
6910023,
2094, 
64350.35,
552457.1,
228226.4,
45031.17,
324991.8,
225239.7,
427189.7,
685268.8,
433907.9,
118050.5,
187526.3,
61547.49,
63976.73,
26373.51,
116950.5,
143587,
535605.8,
471068.6,
12503.75,
973664.2,
169181.9,
53612.76,
25631.71,
109831.9,
719445.8,
254095.3,
0,
7029317,
2095, 
63456.13,
551737.7,
232914.3,
44780.8,
325898.2,
226759.5,
442737.3,
705836.3,
452768.9,
118590.6,
188504.4,
61439.94,
63998.58,
26288.74,
118246.1,
147784.7,
553541.4,
476378.6,
12599.39,
962605.5,
180846.3,
53889.44,
25644.29,
110991.3,
728548.5,
265751.9,
0,
7142539,
2096, 
63160.28,
550801.5,
237336.2,
43773.53,
326587.2,
228201.3,
457494.1,
728440.5,
479523.5,
119308.7,
193538.4,
61244.79,
63862.04,
26204.19,
119397.6,
150600.2,
566109.3,
477300.8,
12646.21,
952759.9,
191430.2,
54336.7,
25583.59,
112042.2,
726655.8,
278844.4,
0,
7247183,
2097, 
63307.52,
551139.4,
243211.3,
43022.99,
327170.9,
229611.3,
470764.1,
750797.3,
492608.2,
119578.1,
193458.6,
60989.64,
63920.24,
26121.01,
120318.1,
153786.8,
578028.8,
474691.2,
12762.16,
944876.7,
199833.2,
54738.17,
25633.09,
113162.5,
726674.4,
296799.4,
0,
7337005,
2098, 
63756.29,
548232.2,
246696.7,
42426.13,
327603.8,
231004.3,
484211.6,
773311.2,
504004.4,
119365.9,
198380.5,
60850.02,
63698.5,
26038.31,
120841.2,
156636.8,
586993.4,
473071.1,
12895.07,
938326.5,
204000.9,
54995.34,
25839.81,
114270.5,
724403.8,
307580.7,
0,
7409435,
2099, 
64282.9,
546308.2,
255916.8,
42194.11,
329811.9,
232375.8,
492580,
795696.6,
509352.5,
118777.6,
199445.4,
60851.3,
63483.78,
25957.55,
121433.6,
159433.5,
589255.1,
476163.1,
12928.78,
936011.1,
206022.9,
55476.64,
26076.59,
115403,
725934.6,
317039.5,
0,
7478213,
2100, 
65214.25,
543398.6,
256004.4,
44959.24,
331509.2,
233736.7,
503093.5,
818153.9,
512087.7,
118171.7,
200453.1,
60903.23,
63272.44,
25884.32,
121870.2,
160621.3,
589599.4,
479295.8,
12925.15,
940059.3,
206927.8,
55917.92,
26323.39,
116518.1,
746917.7,
326333.5,
0,
7560152];
