real main.em.dem.hi.CE.Cement_Production[28](t) = [1971, 
8.317,
71.054,
7.520999,
5.215999,
9.803001,
14.936,
7.026,
3.428,
1.436,
5.861,
187.588,
41.77,
7.553,
1.94,
0,
100.331,
9.703,
14.931,
11.672,
32.187,
8.483,
0.487,
59.434,
5.586,
3.228,
2.222,
0,
621.713,
1972, 
9.091,
74.93,
8.753,
7.050999,
11.382,
15.606,
6.979,
3.822,
1.397,
6.112,
213.191,
45.894,
7.595,
1.952,
0,
104.299,
11.295,
15.785,
11.786,
36.019,
9.256001,
0.596,
66.292,
5.929,
3.102,
2.513,
0,
680.627,
1973, 
10.053,
77.576,
9.918,
7.588999,
13.398,
16.182,
6.846,
3.85,
1.411,
6.864,
206.852,
48.525,
8.946,
1.987,
0,
109.521,
10.994,
15.016,
13.975,
37.897,
11.17,
0.74,
78.12,
6.301,
3.464,
2.87,
0,
710.065,
1974, 
10.641,
73.558,
10.672,
7.624999,
15.187,
16.977,
7.144,
4.037,
1.451,
7.301,
203.452,
52.201,
8.94,
2.04,
0,
115.145,
13.005,
14.319,
14.842,
37.832,
10.829,
0.831,
73.108,
6.675,
3.863,
2.891,
0,
714.566,
1975, 
9.741,
62.13,
11.2,
7.123999,
16.391,
16.52,
7.791,
4.533,
1.419,
7.176,
192.852,
55.812,
10.833,
2.169,
0,
122.057,
14.87,
16.248,
17.129,
46.9937,
11.881,
1.077,
65.517,
6.292,
3.999,
2.667,
0,
714.4217,
1976, 
9.898,
67.581,
12.691,
7.634999,
18.675,
17.501,
7.991,
4.581,
1.513,
7.048,
198.166,
59.909,
12.154,
24.668,
0,
124.246,
15.867,
18.516,
18.873,
47.6281,
12.959,
1.81,
68.712,
6.162,
3.857,
1.775,
0,
770.4161,
1977, 
9.933,
72.629,
13.328,
7.535999,
21.123,
17.995,
8.849,
4.653,
1.77,
6.573,
203.119,
63.284,
13.39,
25.11467,
0,
127.056,
16.602,
19.173,
21.198,
56.7764,
13.686,
2.549,
73.138,
6.119,
3.928,
1.778,
0,
811.3,
1978, 
10.473,
77.546,
14.15,
8.235,
23.239,
19.139,
10.202,
4.846,
1.626,
6.823,
206.804,
66.265,
15.572,
24.61233,
0,
126.956,
18.953,
19.626,
22.133,
66.6375,
14.187,
3.649,
84.882,
5.952,
4.286,
1.749,
0,
858.5428,
1979, 
11.459,
76.648,
15.352,
8.558999,
24.871,
20.969,
13.056,
5.206,
1.652,
6.199,
209.948,
65.815,
13.573,
23.802,
0,
123.019,
23.557,
18.27,
24.413,
75.3604,
17.259,
4.432,
87.804,
5.981,
4.134,
1.757,
0,
883.0954,
1980, 
10.34,
68.241,
16.398,
8.938279,
27.194,
23.439,
14.922,
5.429,
1.80305,
7.125,
210.581,
71.827,
12.975,
23.71467,
4.2,
125.049,
26.268,
17.803,
23.612,
81.52399,
15.203,
5.259,
87.957,
6.057,
4.431,
1.672,
0,
901.962,
1981, 
10.152,
65.054,
18.173,
8.829503,
26.051,
23.459,
16.26,
6.641,
1.77682,
8.095,
204.569,
66.84,
15.043,
23.78933,
4.41925,
127.169,
31.741,
20.908,
23.617,
84.52,
16.272,
5.719,
84.82801,
6.553,
4.696,
1.869,
0,
907.0439,
1982, 
8.136,
57.475,
19.343,
8.506739,
25.644,
22.422,
16.086,
6.631,
1.60826,
8.08,
198.328,
75.157,
15.778,
24.054,
4.6385,
200.392,
34.413,
22.65,
25.887,
96.815,
17.921,
5.832,
80.686,
7.054,
4.644629,
1.73,
0,
989.9121,
1983, 
7.871,
63.927,
17.363,
8.913981,
20.87,
20.749,
18.043,
6.107,
1.599,
7.897,
198.173,
78.859,
13.595,
25.132,
13.49375,
208.56,
37.043,
25.261,
29.282,
110.132,
19.459,
8.095,
80.891,
6.262,
4.893568,
1.523,
0,
1033.994,
1984, 
9.386999,
70.452,
18.702,
8.833752,
19.497,
21.128,
22.488,
5.557,
1.568577,
8.084,
186.505,
82.269,
15.738,
26.015,
14.2401,
211.5,
43.223,
29.541,
28.413,
125.008,
19.517,
8.893001,
78.86,
5.617,
5.32135,
1.54,
0,
1067.898,
1985, 
10.192,
70.284,
20.255,
8.695295,
20.635,
21.206,
24.608,
6.944,
1.562796,
6.88,
176.347,
76.718,
17.581,
25.795,
15.051,
212.779,
44.516,
31.971,
28.509,
147.936,
17.98,
9.94,
72.847,
6.667,
5.57609,
1.65,
0,
1083.125,
1986, 
10.611,
71.112,
19.825,
9.727639,
25.252,
24.022,
22.808,
7.3322,
1.713959,
6.246,
176.827,
80.356,
20.004,
27.166,
16.889,
219.266,
42.843,
34.983,
31.53,
168.721,
18.707,
11.323,
71.264,
7.133278,
6.878,
1.924,
0,
1134.464,
1987, 
12.603,
67.38,
23.482,
10.28211,
25.468,
26.243,
26.097,
6.6949,
1.888073,
5.999,
181.316,
80.014,
21.98,
27.606,
17.332,
222.991,
45.763,
37.135,
34.946,
189.016,
20.774,
11.814,
71.551,
6.917004,
7.756,
2.074,
0,
1185.122,
1988, 
12.35,
71.544,
23.606,
9.706407,
25.329,
26.25486,
27.549,
7.6606,
1.816,
6.760001,
193.818,
82.502,
22.568,
28.16,
17.628,
225.236,
48.797,
41.136,
41.411,
212.831,
23.459,
13.118,
77.554,
7.058201,
8.302,
2.23,
0,
1258.384,
1989, 
12.591,
71.308,
24.21,
10.27073,
25.921,
23.293,
27.887,
7.945941,
2.309,
7.261,
202.05,
80.533,
23.704,
27.958,
18.42,
227.651,
54.065,
44.197,
47.12099,
212.949,
27.675,
14.788,
79.717,
7.755054,
8.279,
2.263,
0,
1292.122,
1990, 
11.745,
70.944,
24.683,
10.25889,
25.85,
23.45166,
30.144,
6.679068,
2.458,
6.563,
200.368,
72.992,
24.299,
27.275,
18.225,
222.811,
55.37,
46.17,
49.914,
211.96,
35.097,
14.786,
84.445,
7.357902,
8.611,
2.506,
0,
1294.964,
1991, 
9.372,
67.193,
25.208,
9.027902,
27.491,
24.69829,
32.726,
7.016109,
2.332,
6.147,
194.9965,
52.952,
26.029,
25.956,
17.003,
79.893,
46.29,
52.013,
55.167,
246.56,
39.188,
13.48,
89.564,
6.452879,
9.018,
2.836,
0,
1168.61,
1992, 
8.592,
69.585,
27.114,
9.19588,
23.902,
29.29976,
32.958,
7.428288,
2.466,
5.85,
185.845,
41.594,
28.455,
23.089,
14.963,
63.32,
52.276,
53.936,
61.444,
309.994,
42.915,
14.048,
88.252,
6.670589,
9.614,
2.404,
0,
1215.21,
1993, 
9.394001,
73.807,
28.725,
9.73794,
24.845,
40.0546,
30.214,
7.554194,
2.517,
6.135,
171.025,
37.99,
31.134,
17.03,
11.312,
51.022,
57.5946,
57.326,
64.313,
369.672,
50.609,
19.61,
88.046,
7.491562,
9.70181,
2.342,
0,
1279.203,
1994, 
10.584,
77.94801,
31.594,
10.56813,
25.229,
30.79477,
30.53,
6.448114,
2.478112,
7.068,
180.743,
41.162,
29.356,
12.962,
8.107,
37.898,
59.5058,
63.461,
69.088,
423.193,
57.7171,
24.564,
91.62401,
8.107636,
9.899,
2.014,
0,
1352.644,
1995, 
10.44,
76.906,
25.295,
10.925,
28.256,
33.93748,
32.42,
6.674058,
3.141187,
7.437,
178.958,
41.78201,
33.153,
8.911,
6.016,
36.949,
61.9665,
67.722,
73.101,
477.628,
64.9424,
23.136,
90.474,
7.7452,
9.767,
2.469,
0,
1420.152,
1996, 
11.1,
80.8,
25.4,
9.11,
34.6,
32.554,
37.57,
10.568,
2.827,
7.67,
172.793,
42.584,
35.2,
6.51,
4.345,
28.39,
50.613,
80,
74.3,
513.636,
57.774,
36.5,
94.5,
7.692,
10.709,
2.77,
0,
1470.515,
1997, 
11.7,
82.5,
27.5,
9.303,
38.1,
34.8,
39.03,
14.16,
2.73,
7.49,
176.439,
43.813,
36,
7.102001,
4.595,
27.331,
50.333,
80,
76.8,
516.542,
71.588,
41.2,
91.90001,
7.66,
10.831,
2.79,
0,
1512.237,
1998, 
12.1,
82.2,
27.7,
11.065,
40,
37.166,
38.49,
11.481,
3.176,
9.5,
196.397,
44.22,
38.2,
7.704,
4.577,
26.715,
43.822,
85,
63.8,
535.149,
53.49,
44,
81.3,
7.63,
10.706,
3.466,
0,
1519.054,
1999, 
12.6,
87.3,
29.4,
12.832,
40.3,
37.72,
41.56,
11.198,
3.075,
8.9,
195.813,
45,
34.4,
7.98,
5.336,
29.2,
44.518,
90,
64.2,
592.794,
67.355,
41.5,
80.1,
7.545,
11.282,
3.427,
0,
1605.335,
2000, 
12.6,
89.5,
31.7,
10.924,
39.2,
38.36,
45.01,
11.471,
3.194,
8.99,
201.394,
44.804,
35.8,
7.382,
4.52,
33.167,
51.709,
95,
67.4,
601.972,
64.405,
51.7,
81.09999,
8.545,
12.05,
3.029,
0,
1654.926,
2001, 
13,
90.4,
30,
11.049,
39.5,
38.45,
48.52,
12.555,
3.183,
9.17,
198.62,
41.374,
35,
7.8,
4.988999,
36.398,
54.939,
100,
57.16,
680.418,
67.202,
55.1,
76.6,
8.545,
12.445,
3.046,
0,
1735.463,
2002, 
13.2,
91.3,
31,
11.998,
38,
30.67,
48.22,
13.39,
3.223,
9.620001,
190.81,
41.409,
32.6,
9.61,
5.083,
39.203,
56.557,
100,
60.82,
724.548,
75.43,
61.6,
71.8,
8.7,
12.85,
2.658,
0,
1784.299,
2003, 
14.1,
94.3,
32,
13.334,
38,
33.07,
52.04,
13.445,
4.147,
10.2,
205.06,
44.314,
35.1,
11.645,
6.173,
42.739,
57.4,
100,
64.74,
880.65,
82.585,
64.5,
68.8,
9.15,
17.035,
3.419,
0,
1997.946,
2004, 
14.9,
98.99999,
35,
13.316,
34.4,
37.54,
55.12,
13.633,
4.529,
12,
209.57,
47.582,
38,
13.77,
6.684,
48.056,
62.533,
125,
59.93,
990.31,
93.211,
68.2,
67.4,
9.2,
17.39,
3.485,
0,
2179.759,
2005, 
14.3,
101,
37.5,
14.631,
36.7,
42.3,
59.49,
13.926,
5.305,
14.5,
209.482,
49.7,
42.8,
15.971,
6.873,
51.095,
68.981,
130,
57.1,
1090.012,
101.459,
66.6,
69.6,
9.269,
17.66,
3.535,
0,
2329.789,
2006, 
14,
99.7,
40,
15.314,
36.7,
45.28,
61.93,
16.177,
5.547,
13,
219.626,
55.181,
48,
18.037,
7.492,
57.395,
73.202,
155,
59.7,
1259.441,
101.86,
67,
69.9,
10.39,
18.175,
5.06,
0,
2573.107,
2007, 
14.5,
96.9,
40.7,
15.882,
46.4,
48.95,
63.95,
21.996,
5.838,
15.3,
231.62,
60.693,
48.8,
19.88,
8.1,
62.762,
86.86,
170,
63.13,
1369.18,
105.895,
77,
67.7,
10.979,
28.33,
5.295,
0,
2786.64,
2008, 
13.7,
87.60001,
40.1,
16.915,
46.5,
51.39,
78.46,
28.503,
7.118,
13.5,
200.297,
62.942,
51.4,
20.92,
9.04,
56.32,
89.5,
180,
58.12,
1407.57,
110.188,
81.4,
62.8,
10.743,
29.325,
5.47,
0,
2819.821,
2009, 
11,
64.9,
35.2,
14.762,
51.7,
49.98,
86.79,
27.251,
8.475,
11.8,
168.876,
49.868,
53,
14.78,
8.724,
46.927,
105.65,
180,
56.5,
1646.135,
115.564,
88,
54.8,
10.648,
33.425,
6.329,
0,
3001.084,
2010, 
12.4,
67.2,
34.5,
15.584,
59.1,
50.23,
85.26,
30.25,
11.03,
10.9,
162.47,
49.967,
62.7,
15.09,
8.988,
53.025,
109.31,
220,
53.6,
1896.623,
129.993,
83,
51.5,
10.358,
37.531,
6.847,
0,
3327.456,
2011, 
12,
68.6,
34.5,
14.596,
62.6,
50.08,
84.55,
29.462,
12.704,
11.2,
164.972,
52.527,
63.4,
16.5,
9.519,
58.912,
126.24,
270,
54.7,
2117.326,
133.828,
95,
51.3,
10.058,
43.338,
7.679,
0,
3655.591,
2012, 
12.465,
74.934,
36.184,
18.39,
69.323,
55.27501,
99.711,
34.5,
14.52,
11.56,
135.855,
46.49001,
63.879,
15.949,
17.691,
65.65,
187.953,
270,
53.308,
2228.272,
132.478,
52.55,
54.737,
9.915001,
50.777,
10.601,
0,
3822.967,
2013, 
11.611,
77.41499,
34.612,
18.588,
69.975,
59.163,
94.874,
40.283,
16.353,
12.168,
133.019,
44.352,
71.337,
16.064,
18.772,
70.849,
192.102,
280,
53.891,
2430.161,
138.998,
56.89,
57.962,
9.899999,
53.78099,
11.552,
0,
4074.672,
2014, 
11.879,
83.124,
36.597,
19.663,
71.254,
59.394,
104.917,
40.665,
18.186,
12.068,
131.91,
45.217,
71.239,
15.553,
21.27,
74.128,
193.043,
280,
53.723,
2509.493,
143.824,
56.96,
57.913,
10.394,
54.722,
13.937,
0,
4191.073,
2015, 
12.167,
84.94,
39.613,
19.827,
65.283,
60.062,
103.157,
43.019,
20.912,
12.992,
133.206,
46.395,
71.419,
14.194,
23.293,
66.963,
188.614,
260,
58.744,
2374.785,
158.639,
60.05,
54.827,
11.016,
64.29,
14.236,
0,
4062.643,
2016, 
11.693,
85.153,
40.577,
19.466,
57.557,
55.292,
105.928,
46.84,
22.622,
13,
135.046,
46.83101,
75.403,
14.501,
23.837,
59.321,
178.263,
280,
63.827,
2424.398,
164.924,
62.2,
53.255,
10.831,
70.756,
14.521,
0,
4136.042,
2017, 
12.706,
86.799,
41.601,
19.991,
54.004,
55.777,
124.553,
44.91,
23.252,
13.17,
136.163,
50.9,
80.55199,
14.609,
26.55,
60.09,
168.605,
283,
64.24,
2344.131,
172.963,
69.479,
55.195,
10.305,
75.794,
13.546,
0,
4102.885,
2018, 
13.554,
86.99999,
48.328,
19.209,
53.553,
53.00299,
102.7,
52.421,
23.35,
13.68,
138.733,
54.454,
72.544,
14.993,
27.588,
59.65,
173.253,
310,
57.923,
2249.513,
188.088,
75.413,
55.307,
10.879,
85.162,
14.813,
0,
4055.111,
2019, 
14,
88.1,
45.163,
18.628,
56.611,
53.091,
100.087,
57.746,
21.854,
12.726,
139.456,
56.943,
56.966,
15.258,
29.807,
64.436,
178.069,
334,
56.235,
2353.969,
207.594,
72.04,
53.462,
11.105,
88.543,
17.057,
0,
4202.946,
2020, 
14,
89.8,
47.833,
16.711,
61.052,
47.215,
90.375,
63.428,
24.867,
10.8,
137.154,
57.886,
72.299,
15.539,
31.519,
62.563,
193.587,
290,
53.208,
2391.468,
214.147,
62.83,
50.905,
10.72,
87.684,
17.504,
0,
4215.094,
2021, 
14,
91.3,
51.559,
18.552,
65.884,
57.598,
101.499,
69.572,
27.44,
12.5,
143.357,
59.388,
78.495,
17.009,
35.204,
66.584,
192.297,
350,
55.824,
2377.575,
227.432,
65.15,
50.083,
10.96,
97.859,
17.643,
0,
4354.764,
2022, 
15,
91.59999,
49.8,
18.761,
63.546,
60.309,
96.689,
70.41,
26.17,
12,
141.065,
57.383,
73.708,
11.6,
35.455,
67.772,
192.559,
380,
57.612,
2144.181,
236.292,
64.16,
53.2,
11.183,
94.53801,
18.001,
0,
4142.994,
2023, 
15.02208,
91.95726,
50.42495,
19.13985,
64.30685,
60.71419,
99.18034,
73.04947,
24.39047,
12.0997,
141.1205,
57.35944,
73.86652,
11.61508,
36.24061,
68.07957,
195.4589,
394.4888,
57.55339,
2149.911,
238.892,
65.87193,
52.89813,
11.23453,
96.18479,
18.7782,
0,
4179.838,
2024, 
15.05106,
92.29267,
50.9374,
19.54249,
64.7688,
61.60172,
101.5414,
76.31393,
26.43354,
12.25587,
141.2817,
57.45872,
74.00185,
11.65189,
37.00993,
68.2405,
198.649,
408.7563,
57.53528,
2154.637,
241.8062,
67.56923,
52.55921,
11.29142,
99.75052,
19.92802,
0,
4222.866,
2025, 
15.1034,
92.68695,
51.38189,
19.95357,
65.30796,
62.52772,
104.0302,
79.82773,
29.46574,
12.40328,
141.6336,
57.59962,
74.24854,
11.76115,
37.79411,
68.38939,
201.8804,
422.9514,
57.55328,
2158.905,
244.935,
69.26095,
52.25318,
11.36206,
103.9332,
21.18652,
0,
4268.335,
2026, 
15.16209,
93.21056,
52.01318,
20.41152,
65.83366,
63.47689,
106.3382,
84.21175,
32.87876,
12.56277,
141.9345,
57.57712,
74.57518,
12.04618,
38.49343,
68.49534,
205.112,
437.3658,
57.51114,
2158.944,
248.1622,
70.93264,
52.01736,
11.46439,
109.7587,
23.07533,
0,
4313.565,
2027, 
15.23411,
93.77979,
52.64262,
20.86098,
66.36758,
64.40289,
108.3365,
88.56417,
36.22637,
12.72839,
142.3256,
57.55118,
74.95626,
12.32246,
39.18075,
68.59405,
208.2997,
450.9144,
57.48248,
2157.994,
251.3227,
72.55511,
51.82602,
11.51897,
115.3665,
24.929,
0,
4356.283,
2028, 
15.31777,
94.44136,
53.27066,
21.31002,
66.90803,
65.31618,
110.2025,
92.83907,
39.51463,
12.9031,
142.8095,
57.50863,
75.35452,
12.53859,
39.85571,
68.68629,
211.4241,
463.7431,
57.44991,
2155.719,
254.3777,
74.15063,
51.67041,
11.57033,
120.795,
26.76225,
0,
4396.438,
2029, 
15.42005,
95.24675,
53.90134,
21.77218,
67.46655,
66.24055,
111.9134,
97.06718,
42.74945,
13.09142,
143.4401,
57.45596,
75.79562,
12.50889,
40.51739,
68.77306,
214.4653,
475.9884,
57.42118,
2151.689,
257.3556,
75.7449,
51.57689,
11.62589,
126.0981,
28.58114,
0,
4433.907,
2030, 
15.53421,
96.23428,
54.53334,
22.25566,
68.03816,
67.19613,
113.56,
101.2975,
45.93625,
13.29774,
144.1422,
57.39022,
76.22639,
12.45146,
41.16491,
68.85531,
217.391,
487.7657,
57.36066,
2145.409,
260.1646,
77.36465,
51.50611,
11.69946,
131.2999,
30.39064,
0,
4468.465,
2031, 
15.68252,
97.33759,
55.1793,
22.80906,
68.78493,
68.25494,
115.333,
107.9426,
50.1018,
13.59964,
145.0391,
57.28469,
76.72674,
12.36295,
41.80209,
68.99812,
220.086,
499.3051,
57.24333,
2133.896,
262.852,
78.97799,
51.52562,
11.79331,
137.3182,
32.83455,
0,
4503.071,
2032, 
15.85051,
98.59962,
55.83016,
23.38513,
69.55527,
69.34709,
116.9625,
114.5297,
54.20369,
13.92606,
146.0889,
57.16734,
77.23901,
12.25105,
42.41714,
69.1227,
222.6021,
510.4946,
57.10429,
2119.1,
265.386,
80.66812,
51.5878,
11.90232,
143.2351,
35.24958,
0,
4533.806,
2033, 
16.02861,
100.0497,
56.48566,
23.99436,
70.35992,
70.47005,
118.489,
121.1191,
58.27886,
14.282,
147.2756,
57.04223,
77.71078,
12.13899,
43.00872,
69.21014,
224.9075,
521.4362,
56.92555,
2100.538,
267.7016,
82.45845,
51.68672,
12.03114,
149.1129,
37.65493,
0,
4560.397,
2034, 
16.2188,
101.6883,
57.14996,
24.64631,
71.21494,
71.64456,
119.9206,
127.7007,
62.32994,
14.67274,
148.6428,
56.90902,
78.18834,
12.0805,
43.57625,
69.28207,
226.9772,
532.208,
56.72631,
2077.823,
269.8441,
84.37251,
51.8677,
12.14535,
154.9969,
40.05864,
0,
4582.885,
2035, 
16.43161,
103.3908,
57.8258,
25.34616,
72.12624,
72.89598,
121.2562,
134.3278,
66.36543,
15.10228,
150.2143,
56.76429,
78.70772,
12.11387,
44.11872,
69.33591,
228.7905,
542.8595,
56.53728,
2050.696,
271.8449,
86.42878,
52.10938,
12.24956,
160.936,
42.47353,
0,
4601.249,
2036, 
16.63757,
105.2705,
58.49509,
26.11993,
73.16019,
74.2627,
122.6366,
142.3673,
71.25073,
15.61325,
152.0487,
56.60026,
79.10027,
12.21976,
44.62676,
69.39454,
230.2227,
553.4283,
56.34848,
2017.051,
273.359,
88.58888,
52.39125,
12.38003,
167.5576,
45.37523,
0,
4616.507,
2037, 
16.86667,
107.3337,
59.16891,
26.94507,
74.24932,
75.71991,
123.7591,
150.4273,
76.07568,
16.15926,
154.1266,
56.43198,
79.41266,
12.39137,
45.10705,
69.45116,
231.3758,
563.9081,
56.20848,
1979.033,
274.6758,
90.89751,
52.79505,
12.51861,
174.198,
48.28517,
0,
4627.521,
2038, 
17.13087,
109.5648,
59.85759,
27.82251,
75.40268,
77.2496,
124.7171,
158.4558,
80.8541,
16.74243,
156.4992,
56.26486,
79.91498,
12.60789,
45.56235,
69.50591,
232.2557,
574.3414,
55.92693,
1936.864,
276.0016,
93.35835,
53.16665,
12.65794,
180.8613,
51.19803,
0,
4634.785,
2039, 
17.40539,
111.9524,
60.55317,
28.74972,
76.61916,
78.85641,
125.6963,
166.4766,
85.6385,
17.35913,
159.0384,
56.08945,
80.31283,
12.84511,
45.99412,
69.55866,
232.867,
584.7337,
55.4959,
1890.908,
276.7385,
95.94561,
53.50739,
12.79469,
187.5719,
54.12361,
0,
4637.832,
2040, 
17.69158,
114.4685,
61.25586,
29.71859,
77.90733,
80.52715,
126.6217,
174.4593,
90.43239,
18.00667,
161.7372,
55.90739,
80.33041,
13.08684,
46.40415,
69.61785,
233.23,
595.0933,
55.02012,
1841.644,
277.1172,
98.65295,
53.8595,
12.93834,
194.3439,
57.0652,
0,
4637.137,
2041, 
18.01271,
117.0465,
61.94019,
30.72699,
79.24689,
82.21658,
127.4963,
183.8816,
96.18648,
18.69737,
164.7242,
55.7259,
80.43341,
13.31873,
46.77623,
69.72916,
233.1905,
605.126,
54.53658,
1787.776,
277.2559,
101.3704,
54.3336,
13.08356,
201.7358,
60.55326,
0,
4635.122,
2042, 
18.36772,
119.7002,
62.63554,
31.76392,
80.60862,
83.92609,
128.3538,
193.1366,
101.8513,
19.4063,
167.9428,
55.5508,
80.69579,
13.552,
47.13179,
69.86201,
232.9537,
615.0502,
54.10247,
1731.882,
277.4674,
104.174,
54.92404,
13.22154,
209.0805,
64.03324,
0,
4631.374,
2043, 
18.72384,
122.4317,
63.32881,
32.82536,
81.99511,
85.67885,
129.2269,
202.4373,
107.4738,
20.12599,
171.218,
55.36992,
80.86611,
13.78508,
47.47376,
70.01006,
232.5486,
624.8369,
53.63198,
1674.601,
277.488,
107.0347,
55.49223,
13.36303,
216.367,
67.51787,
0,
4625.853,
2044, 
19.07859,
125.2687,
64.01824,
33.90267,
83.38612,
87.46688,
130.0833,
211.7616,
113.0577,
20.85144,
174.5191,
55.18368,
80.95311,
14.01639,
47.80405,
70.16701,
232.0083,
634.4709,
53.13161,
1616.57,
277.3462,
109.9304,
56.0324,
13.52674,
223.5889,
71.00644,
0,
4619.131,
2045, 
19.42955,
128.2082,
64.70199,
34.98892,
84.77076,
89.2728,
130.935,
221.0759,
118.6111,
21.57768,
177.8164,
54.99249,
80.9652,
14.24442,
48.12526,
70.32487,
231.3663,
643.9349,
52.60762,
1558.391,
277.0697,
112.8392,
56.53912,
13.72135,
230.7368,
74.49376,
0,
4611.74,
2046, 
19.78933,
131.1832,
65.3394,
36.06683,
86.11343,
91.03479,
131.7663,
231.9859,
125.0657,
22.29575,
181.1574,
54.81103,
80.95097,
14.46399,
48.40444,
70.49384,
230.4194,
652.7626,
52.0783,
1498.626,
276.5627,
115.6152,
57.07424,
13.93592,
238.2523,
78.49251,
0,
4604.742,
2047, 
20.13953,
134.1962,
65.96484,
37.13308,
87.42147,
92.77367,
132.6852,
242.7703,
131.3898,
23.00087,
184.4345,
54.62514,
80.86611,
14.67744,
48.67888,
70.65756,
229.4382,
661.3248,
51.53233,
1439.897,
275.9601,
118.3581,
57.56034,
14.15641,
245.6011,
82.42614,
0,
4597.668,
2048, 
20.56268,
137.0237,
66.60868,
38.16222,
88.61704,
94.40908,
133.4362,
253.1837,
137.4948,
23.69687,
188.0266,
54.47012,
81.4397,
14.82973,
48.94884,
70.79018,
228.5003,
669.6614,
51.23107,
1382.624,
276.0952,
121.0719,
58.36251,
14.31585,
252.9727,
86.25591,
0,
4592.791,
2049, 
20.97363,
139.8477,
67.23854,
39.16773,
89.76803,
96.00853,
134.1675,
263.5667,
143.4677,
24.37345,
191.5171,
54.31153,
81.96215,
14.97401,
49.21805,
70.91685,
227.5809,
677.7157,
50.92382,
1327.158,
276.1833,
123.7219,
59.11269,
14.49346,
260.1748,
90.03767,
0,
4588.581,
2050, 
21.37074,
142.6612,
67.85346,
40.14579,
90.8727,
97.56614,
134.8878,
273.9167,
149.3257,
25.02809,
194.8889,
54.14946,
82.43599,
15.10959,
49.48825,
71.03737,
226.7011,
685.4821,
50.61277,
1273.775,
276.2376,
126.2961,
59.80741,
14.6793,
267.2045,
93.77225,
0,
4585.306,
2051, 
21.75386,
145.3931,
68.41572,
41.07811,
91.89869,
99.0442,
135.5529,
285.7551,
155.9263,
25.64931,
198.0909,
53.98631,
82.87834,
15.23512,
49.70961,
71.1414,
225.6443,
692.6326,
50.27588,
1220.977,
276.1327,
128.6943,
60.49662,
14.86464,
274.3548,
97.93526,
0,
4583.517,
2052, 
22.11931,
148.0897,
68.95981,
41.97726,
92.88304,
100.4977,
136.2108,
297.4004,
162.34,
26.24191,
201.1412,
53.81946,
83.26585,
15.35085,
49.93378,
71.24012,
224.6635,
699.4488,
49.83704,
1170.738,
276.0029,
130.9942,
61.12047,
15.06308,
281.2681,
101.9908,
0,
4582.598,
2053, 
22.47117,
150.7127,
69.48735,
42.84026,
93.80851,
101.903,
136.8681,
308.81,
168.5632,
26.80564,
204.0554,
53.65093,
83.6409,
15.45665,
50.1614,
71.33252,
223.7727,
705.9399,
49.3388,
1123.14,
275.901,
133.1925,
61.69878,
15.26496,
287.9628,
105.9447,
0,
4582.724,
2054, 
22.81105,
153.2313,
69.99908,
43.66461,
94.6748,
103.2477,
137.5298,
319.9861,
174.6098,
27.34043,
206.8387,
53.48162,
84.02209,
15.55249,
50.39316,
71.41782,
222.9813,
712.1147,
48.85637,
1078.216,
275.8516,
135.287,
62.24009,
15.46007,
294.451,
109.8008,
0,
4584.06,
2055, 
23.13879,
155.6426,
70.49519,
44.45018,
95.48282,
104.5316,
138.2002,
330.9435,
180.4924,
27.84639,
209.4895,
53.3116,
84.41105,
15.6385,
50.62967,
71.49613,
222.295,
717.983,
48.39088,
1035.957,
275.8592,
137.2765,
62.74493,
15.64882,
300.7407,
113.5648,
0,
4586.661,
2056, 
23.46125,
157.933,
70.93126,
45.1762,
96.17832,
105.6928,
138.804,
343.0488,
186.9328,
28.30975,
211.988,
53.13793,
84.82643,
15.71809,
50.81914,
71.56138,
221.4748,
723.1683,
47.91019,
995.4114,
275.8079,
139.0632,
63.25462,
15.82546,
307.0195,
117.6702,
0,
4591.125,
2057, 
23.77063,
160.1146,
71.3512,
45.86146,
96.81479,
106.791,
139.4142,
354.8268,
193.1452,
28.743,
214.3493,
52.96325,
85.24328,
15.78804,
51.01284,
71.61881,
220.7678,
728.0396,
47.45395,
957.4733,
275.8077,
140.7428,
63.72523,
15.99562,
313.0646,
121.6432,
0,
4596.522,
2058, 
24.06734,
162.1891,
71.75561,
46.50726,
97.39461,
107.8279,
140.0333,
366.307,
199.1503,
29.14724,
216.577,
52.78766,
85.66319,
15.84872,
51.211,
71.66878,
220.1738,
732.6124,
47.07077,
922.0457,
275.8601,
142.3183,
64.1587,
16.15929,
318.891,
125.4952,
0,
4602.921,
2059, 
24.35185,
164.1591,
72.14513,
47.11511,
97.9204,
108.8059,
140.6635,
377.5151,
204.9658,
29.52369,
218.676,
52.61121,
86.08717,
15.90051,
51.4137,
71.71155,
219.6909,
736.9021,
46.81919,
889.0157,
275.9649,
143.7929,
64.55702,
16.31691,
324.5125,
129.2362,
0,
4610.374,
2060, 
24.62468,
166.0279,
72.52042,
47.68665,
98.39486,
109.7274,
141.3059,
388.4738,
210.608,
29.87368,
220.6515,
52.43397,
86.51588,
15.94383,
51.62093,
71.74744,
219.3166,
740.9239,
46.73067,
858.2595,
276.1216,
145.1709,
64.92214,
16.46898,
329.9424,
132.8753,
0,
4618.889,
2061, 
24.89067,
167.7903,
72.84291,
48.20671,
98.76194,
110.5363,
141.8494,
400.3474,
216.6456,
30.18262,
222.4887,
52.24837,
86.9651,
15.98034,
51.79573,
71.75774,
218.7933,
744.1403,
46.83524,
829.3606,
276.2336,
146.3545,
65.27175,
16.60759,
335.2479,
136.7554,
0,
4628.89,
2062, 
25.14498,
169.4597,
73.15157,
48.69189,
99.08056,
111.2912,
142.4008,
411.8796,
222.4543,
30.46634,
224.2084,
52.06158,
87.41114,
16.00911,
51.97367,
71.76116,
218.3724,
747.099,
47.18517,
802.4854,
276.3836,
147.4481,
65.58739,
16.74177,
340.341,
140.4999,
0,
4639.589,
2063, 
25.38834,
171.0408,
73.44717,
49.14429,
99.35369,
111.9952,
142.9608,
423.1043,
228.0563,
30.72639,
225.8175,
51.87372,
87.85504,
16.03058,
52.15465,
71.75809,
218.0489,
749.8161,
47.07652,
777.4979,
276.5705,
148.4568,
65.87154,
16.87207,
345.2384,
144.1218,
0,
4650.277,
2064, 
25.62145,
172.5387,
73.73052,
49.56593,
99.58435,
112.6512,
143.5299,
434.0512,
233.4713,
30.96431,
227.323,
51.68483,
88.29767,
16.04521,
52.33855,
71.74881,
217.8175,
752.3074,
46.8911,
754.2642,
276.7929,
149.3857,
66.12662,
16.99855,
349.9556,
147.6327,
0,
4661.319,
2065, 
25.84502,
173.9582,
74.00236,
49.9588,
99.77543,
113.2624,
144.1082,
444.7461,
238.7166,
31.18159,
228.7318,
51.49498,
88.7397,
16.05343,
52.52519,
71.73368,
217.6729,
754.5878,
46.71394,
732.6533,
277.0489,
150.2397,
66.35493,
17.12101,
354.5064,
151.0427,
0,
4672.775,
2066, 
26.06229,
175.2886,
74.22389,
50.30153,
99.86945,
113.7702,
144.5826,
456.0634,
244.1671,
31.36071,
230.0687,
51.2978,
89.19006,
16.05729,
52.69088,
71.70444,
217.3717,
756.0853,
46.56704,
712.6285,
277.236,
150.9307,
66.5618,
17.23161,
358.8108,
154.581,
0,
4684.704,
2067, 
26.27037,
176.5502,
74.43461,
50.61792,
99.92791,
114.2369,
145.063,
467.0566,
249.4091,
31.52098,
231.3179,
51.09943,
89.63321,
16.05556,
52.85812,
71.66961,
217.1476,
757.3907,
46.42445,
693.979,
277.4442,
151.5552,
66.74197,
17.33869,
362.9419,
157.9935,
0,
4696.679,
2068, 
26.47001,
177.7478,
74.63519,
50.90987,
99.95339,
114.6655,
145.5492,
477.7592,
254.4633,
31.6638,
232.4858,
50.89995,
90.07032,
16.04862,
53.02679,
71.62952,
216.9951,
758.5172,
46.28598,
676.5915,
277.6724,
152.1178,
66.8978,
17.44194,
366.9146,
161.2928,
0,
4708.706,
2069, 
26.66187,
178.8859,
74.82637,
51.1792,
99.94833,
115.0585,
146.0412,
488.2001,
259.3481,
31.79048,
233.5789,
50.69944,
90.50236,
16.03683,
53.19673,
71.58443,
216.909,
759.4773,
46.15137,
660.3587,
277.9194,
152.6231,
67.0315,
17.54128,
370.7422,
164.49,
0,
4720.783,
2070, 
26.84657,
179.969,
75.00875,
51.42757,
99.91504,
115.4187,
146.5387,
498.4047,
264.0793,
31.90228,
234.6029,
50.49796,
90.93001,
16.02054,
53.3678,
71.53462,
216.8844,
760.2826,
46.02032,
645.1802,
278.1837,
153.0752,
67.14497,
17.63678,
374.4366,
167.5949,
0,
4732.904,
2071, 
27.02019,
180.9526,
75.14202,
51.63192,
99.80037,
115.6813,
146.9644,
508.994,
268.8651,
31.9833,
235.589,
50.29773,
91.35384,
16.00256,
53.51834,
71.47893,
216.7152,
760.3142,
45.91477,
631.1423,
278.3458,
153.3954,
67.24951,
17.71996,
377.843,
170.756,
0,
4744.672,
2072, 
27.18693,
181.8889,
75.26719,
51.81743,
99.66079,
115.9145,
147.3927,
519.2875,
273.465,
32.05103,
236.5133,
50.09638,
91.76779,
15.98075,
53.66918,
71.41894,
216.5982,
760.2057,
45.80977,
617.9764,
278.515,
153.6694,
67.33382,
17.7997,
381.112,
173.8047,
0,
4756.203,
2073, 
27.34739,
182.7816,
75.38485,
51.98558,
99.49811,
116.1205,
147.8234,
529.3158,
277.8973,
32.10655,
237.3808,
49.89399,
92.17298,
15.95537,
53.82023,
71.35489,
216.5292,
759.967,
45.70533,
605.6029,
278.6908,
153.9008,
67.3998,
17.87622,
384.2557,
176.7524,
0,
4767.52,
2074, 
27.50213,
183.6341,
75.4955,
52.13772,
99.3142,
116.3013,
148.2563,
539.1054,
282.1786,
32.15083,
238.1964,
49.69062,
92.57037,
15.9267,
53.97138,
71.28698,
216.5041,
759.6074,
45.60138,
593.9482,
278.8723,
154.0929,
67.44913,
17.94979,
387.2849,
179.6092,
0,
4778.638,
2075, 
27.65162,
184.4497,
75.59962,
52.27513,
99.11066,
116.4589,
148.6913,
548.6798,
286.3229,
32.18478,
238.9645,
49.4863,
92.96073,
15.89497,
54.12255,
71.21544,
216.5189,
759.135,
45.49786,
582.9444,
279.0588,
154.2489,
67.48332,
18.02073,
390.2093,
182.3839,
0,
4789.57,
2076, 
27.78458,
185.1346,
75.66049,
52.37176,
98.83753,
116.5259,
149.0633,
558.3793,
290.4103,
32.19217,
239.6807,
49.2933,
93.33208,
15.86374,
54.25161,
71.14192,
216.4119,
757.9966,
45.40959,
572.5901,
279.1383,
154.2798,
67.53018,
18.07899,
392.7951,
185.1139,
0,
4799.268,
2077, 
27.91246,
185.7881,
75.71548,
52.4553,
98.54739,
116.5723,
149.4352,
567.8151,
294.3396,
32.1904,
240.3541,
49.09926,
93.69221,
15.82991,
54.38002,
71.06506,
216.3378,
756.7593,
45.30797,
562.7688,
279.2152,
154.2797,
67.56178,
18.1352,
395.2756,
187.7465,
0,
4808.58,
2078, 
28.03573,
186.4128,
75.76501,
52.52681,
98.2415,
116.5999,
149.807,
577.014,
298.1263,
32.18019,
240.9886,
48.90428,
94.04222,
15.79366,
54.50776,
70.98502,
216.2937,
755.4297,
45.16129,
553.4288,
279.2896,
154.251,
67.57954,
18.18961,
397.6598,
190.2914,
0,
4817.505,
2079, 
28.15479,
187.0111,
75.80943,
52.58721,
97.92115,
116.6099,
150.1786,
585.9996,
301.7839,
32.16224,
241.5874,
48.70839,
94.38306,
15.75516,
54.63477,
70.90197,
216.2766,
754.0142,
44.9704,
544.5228,
279.3615,
154.196,
67.58472,
18.24253,
399.9559,
192.7572,
0,
4826.07,
2080, 
28.27001,
187.5853,
75.84908,
52.63742,
97.58739,
116.6038,
150.5498,
594.7922,
305.3242,
32.13719,
242.1538,
48.51165,
94.71555,
15.71458,
54.76102,
70.81603,
216.284,
752.5183,
44.73623,
536.0081,
279.4305,
154.1168,
67.57848,
18.29421,
402.171,
195.1515,
0,
4834.298,
2081, 
28.36502,
188.0186,
75.85378,
52.65374,
97.21721,
116.5256,
150.8533,
603.5029,
308.749,
32.09768,
242.6366,
48.33243,
95.02007,
15.67588,
54.8675,
70.73325,
216.1972,
750.5481,
44.48816,
527.934,
279.3778,
153.9386,
67.59003,
18.33201,
404.0789,
197.4273,
0,
4841.015,
2082, 
28.45628,
188.4314,
75.85419,
52.661,
96.83551,
116.4333,
151.155,
611.981,
312.0425,
32.05189,
243.0898,
48.15228,
95.31311,
15.63537,
54.97264,
70.64771,
216.13,
748.5082,
44.22881,
520.1771,
279.317,
153.7398,
67.58987,
18.36881,
405.907,
199.6197,
0,
4847.299,
2083, 
28.54412,
188.8256,
75.85065,
52.65993,
96.44313,
116.3277,
151.455,
620.2493,
315.2173,
32.00032,
243.5161,
47.97127,
95.59581,
15.59317,
55.07648,
70.55954,
216.0803,
746.4031,
44.02153,
512.7053,
279.2484,
153.5219,
67.57912,
18.4047,
407.6619,
201.7368,
0,
4853.249,
2084, 
28.62885,
189.2028,
75.84338,
52.65117,
96.04088,
116.21,
151.7531,
628.3284,
318.284,
31.94346,
243.9178,
47.78944,
95.86909,
15.54938,
55.17904,
70.46886,
216.0463,
744.2368,
43.94588,
505.4898,
279.1723,
153.2865,
67.55875,
18.43974,
409.3494,
203.7858,
0,
4858.971,
2085, 
28.71074,
189.5644,
75.8326,
52.63534,
95.62946,
116.0809,
152.0495,
636.236,
321.2522,
31.88171,
244.2972,
47.60686,
96.13378,
15.50413,
55.2803,
70.37581,
216.0263,
742.013,
44.04509,
498.5042,
279.0889,
153.0351,
67.5296,
18.474,
410.9751,
205.7729,
0,
4864.535,
2086, 
28.7719,
189.8035,
75.7925,
52.59307,
95.20124,
115.8965,
152.2833,
643.8876,
324.0797,
31.80839,
244.5762,
47.44339,
96.36732,
15.46142,
55.36383,
70.28491,
215.9339,
739.4989,
44.36552,
492.0057,
278.9046,
152.6947,
67.50681,
18.49443,
412.3608,
207.6139,
0,
4868.994,
2087, 
28.83025,
190.0294,
75.74929,
52.54449,
94.76514,
115.7021,
152.5143,
651.3348,
326.7991,
31.73074,
244.8346,
47.27908,
96.58997,
15.4174,
55.44561,
70.19161,
215.8523,
736.9354,
44.38089,
485.6913,
278.7091,
152.3406,
67.4749,
18.51418,
413.6857,
209.3842,
0,
4872.727,
2088, 
28.88605,
190.2435,
75.70316,
52.49004,
94.32173,
115.4984,
152.7426,
658.5973,
329.4204,
31.6491,
245.0741,
47.11401,
96.8027,
15.37214,
55.52572,
70.09602,
215.7801,
734.3252,
44.2752,
479.5421,
278.5032,
151.9737,
67.43472,
18.53331,
414.9543,
211.0906,
0,
4875.949,
2089, 
28.93951,
190.4465,
75.6543,
52.43019,
93.87151,
115.2861,
152.9681,
665.6922,
331.9518,
31.56376,
245.2965,
46.9482,
97.00639,
15.32573,
55.6042,
69.99825,
215.7163,
731.671,
44.16676,
473.5409,
278.2875,
151.5951,
67.38698,
18.55188,
416.1712,
212.7389,
0,
4878.81,
2090, 
28.99084,
190.6397,
75.60288,
52.36535,
93.41492,
115.0657,
153.1911,
672.6349,
334.401,
31.47502,
245.5031,
46.78171,
97.20177,
15.27824,
55.6811,
69.89838,
215.6599,
728.9755,
44.05576,
467.6719,
278.0625,
151.2057,
67.33238,
18.56991,
417.3402,
214.3342,
0,
4881.333,
2091, 
29.024,
190.7469,
75.53138,
52.28204,
92.96076,
114.8054,
153.3263,
679.1556,
336.673,
31.37571,
245.6088,
46.63112,
97.36161,
15.23142,
55.74158,
69.79148,
215.5267,
726.0847,
43.93656,
462.2732,
277.7531,
150.7391,
67.26839,
18.57665,
418.2992,
215.7963,
0,
4882.501,
2092, 
29.05503,
190.8457,
75.45761,
52.19425,
92.50113,
114.5379,
153.4582,
685.4974,
338.8556,
31.27337,
245.6998,
46.47979,
97.51143,
15.18361,
55.8002,
69.68245,
215.3988,
723.1581,
43.81407,
456.9798,
277.4316,
150.2632,
67.19716,
18.58293,
419.2109,
217.2,
0,
4883.27,
2093, 
29.0841,
190.9369,
75.38169,
52.10227,
92.03642,
114.2638,
153.5869,
691.6771,
340.9565,
31.16821,
245.7773,
46.32776,
97.65213,
15.13488,
55.85699,
69.5714,
215.2753,
720.1974,
43.68856,
451.7807,
277.0988,
149.7787,
67.11932,
18.58879,
420.0792,
218.5508,
0,
4883.672,
2094, 
29.11139,
191.0212,
75.30376,
52.0064,
91.56696,
113.9835,
153.7124,
697.7089,
342.9825,
31.06046,
245.8426,
46.17508,
97.78444,
15.08526,
55.91204,
69.4584,
215.1557,
717.2044,
43.56025,
446.6659,
276.7552,
149.2863,
67.03543,
18.59425,
420.9069,
219.8531,
0,
4883.732,
2095, 
29.13705,
191.099,
75.22392,
51.90692,
91.09303,
113.6973,
153.8349,
703.6061,
344.9396,
30.95029,
245.8965,
46.02178,
97.90906,
15.03482,
55.9654,
69.34354,
215.0393,
714.1808,
43.42935,
441.6263,
276.4016,
148.7863,
66.94603,
18.59936,
421.6973,
221.1112,
0,
4883.477,
2096, 
29.14797,
191.1086,
75.11921,
51.79785,
90.63291,
113.3874,
153.8598,
708.9823,
346.7068,
30.83122,
245.8451,
45.87478,
97.99519,
14.98101,
55.99439,
69.20291,
214.8306,
711.0645,
43.29906,
436.8467,
275.9798,
148.2287,
66.83569,
18.59596,
422.3253,
222.2357,
0,
4881.709,
2097, 
29.15725,
191.1127,
75.01279,
51.6855,
90.16895,
113.0722,
153.8813,
714.2034,
348.3997,
30.70998,
245.7829,
45.72713,
98.0724,
14.92644,
56.02151,
69.06045,
214.6238,
707.9212,
43.16568,
432.1274,
275.5461,
147.6647,
66.71951,
18.59224,
422.9165,
223.3128,
0,
4879.584,
2098, 
29.165,
191.112,
74.90478,
51.5701,
89.70142,
112.7523,
153.8995,
719.2835,
350.0244,
30.58673,
245.7111,
45.57887,
98.14143,
14.87115,
56.04683,
68.91621,
214.4185,
704.7526,
43.02945,
427.4617,
275.1011,
147.0947,
66.59798,
18.58823,
423.4731,
224.3465,
0,
4877.129,
2099, 
29.17138,
191.1068,
74.79523,
51.45185,
89.23045,
112.4277,
153.9145,
724.2346,
351.5864,
30.46161,
245.6302,
45.43003,
98.20292,
14.81516,
56.07042,
68.77026,
214.2142,
701.5596,
42.89057,
422.8437,
274.6456,
146.5192,
66.47156,
18.58395,
423.9979,
225.3405,
0,
4874.366,
2100, 
29.17649,
191.0975,
74.68425,
51.33094,
88.75629,
112.0988,
153.9265,
729.0674,
353.0905,
30.33475,
245.5411,
45.28064,
98.25748,
14.75853,
56.09234,
68.62268,
214.0108,
698.3433,
42.74922,
418.2682,
274.1801,
145.9385,
66.34062,
18.57941,
424.4928,
226.2979,
0,
4871.317];
