real main.em.dem.hi.Steel_Production[28](t) = [1971, 
11.04,
109.264,
3.821,
0.169,
5.997,
4.012,
0.568,
0,
0,
4.881,
154.475,
39.071,
1.235,
44.55631,
6.460629,
69.62006,
0.107,
6.101,
2.832,
21.765,
0.596,
0.01,
88.557,
6.897,
0,
0.519,
0,
582.554,
1972, 
11.863,
120.874,
4.431,
0.191,
6.518,
4.477,
0.681,
0,
0,
5.337,
168.084,
41.535,
1.557,
46.38529,
6.72583,
72.47788,
0.137,
6.856,
3.086,
23.84,
0.841,
0.03,
96.9,
6.908,
0,
0.552,
0,
630.287,
1973, 
13.388,
136.802,
4.76,
0.23,
7.15,
4.547,
0.86,
0,
0,
5.722,
181.397,
43.63,
1.354,
48.56145,
7.041371,
75.87817,
0.385,
6.889,
4.057,
26.95,
0.931,
0.05,
119.322,
7.889,
0,
0.6,
0,
698.394,
1974, 
13.623,
132.195,
5.138,
0.25,
7.515,
4.834,
0.805,
0,
0,
5.839,
188.438,
45.528,
1.59,
50.30438,
7.294094,
78.60153,
0.727,
7.068,
5.147,
27.321,
0.939,
0.08,
117.131,
8.007,
0,
0.62,
0,
708.995,
1975, 
13.025,
105.816,
5.272,
0.31,
8.387,
4.616,
0.851,
0,
0,
6.831,
156.54,
47.734,
1.703,
52.19725,
7.56856,
81.55919,
0.681,
7.991,
4.894,
27.43,
0.938,
0.1,
102.313,
8.054,
0,
0.62,
0,
645.431,
1976, 
13.29,
116.12,
5.298,
0.309,
9.253,
4.584,
0.958,
0,
0,
7.106,
165.691,
50.166,
1.972,
53.48256,
7.754929,
83.5675,
0.684,
9.364,
6.515,
23.048,
1.022,
0.139,
107.399,
8.016,
0,
0.62,
0,
676.359,
1977, 
13.631,
113.7,
5.601,
0.364,
11.253,
4.774,
1.167,
0,
0,
7.295,
157.065,
53.846,
1.902,
54.16585,
7.854004,
84.63515,
1.948,
10.009,
8.347,
25.94,
1.073,
0.25,
102.405,
7.556,
0,
0.65,
0,
675.431,
1978, 
14.899,
124.313,
6.711,
0.364,
12.205,
5.034,
1.33,
0,
0,
7.902,
165.1,
56.022,
2.172,
55.93167,
8.110047,
87.39428,
1.576,
10.099,
10.049,
35.682,
1.144,
0.31,
102.105,
7.821,
0,
0.85,
0,
717.124,
1979, 
16.078,
123.276,
7.005,
0.398,
13.893,
6.158,
1.55,
0,
0,
8.876,
175.079,
56.868,
2.396,
55.06409,
7.984248,
86.03867,
2.103,
10.126,
12.91,
39.15,
1.327,
0.518,
111.748,
8.348,
0,
0.89,
0,
747.784,
1980, 
15.901,
101.456,
7.156,
0.443,
15.337,
6.268,
1.541,
0.02,
0,
9.067,
162.483,
57.553,
2.536,
54.63713,
7.922339,
85.37154,
1.226,
9.514,
14.358,
40.698,
1.33,
0.543,
111.395,
7.819,
0.131,
0.875,
0,
715.581,
1981, 
14.811,
109.614,
7.663,
0.443,
13.226,
6.009,
1.752,
0.022,
0,
9.005,
159.964,
54.119,
2.425,
54.85356,
7.953722,
85.70972,
1.248,
10.765,
16.253,
38.921,
1.123,
0.621,
101.676,
7.856,
0.144,
0.761,
0,
706.938,
1982, 
11.871,
67.656,
7.056,
0.732,
12.995,
6.382,
2.054,
0.09,
0,
8.28,
144.433,
52.979,
3.183,
54.34978,
7.880674,
84.92255,
1.232,
10.997,
17.558,
41.482,
1.231,
0.693,
99.548,
6.623,
0.098,
0.608,
0,
644.934,
1983, 
12.832,
76.762,
6.978,
0.844,
14.671,
6.778,
2.041,
0.182,
0,
7.18,
143.196,
54.429,
3.834,
56.32871,
8.167618,
88.01467,
1.661,
10.237,
18.015,
45.222,
1.099,
0.983,
97.179,
5.91,
0.178,
0.722,
0,
663.444,
1984, 
14.699,
83.941,
7.56,
0.627,
18.386,
7.019,
1.856,
0.229,
0,
7.732,
156.085,
56.685,
4.33,
56.96361,
8.259678,
89.00671,
2.366,
10.549,
19.534,
48.886,
1.343,
1.171,
105.586,
6.582,
0.388,
0.498,
0,
710.282,
1985, 
14.637,
80.068,
7.399,
0.681,
20.455,
7.683,
2.609,
0.321,
0,
8.507,
157.437,
56.029,
4.864,
57.11984,
8.282331,
89.25082,
2.675,
11.936,
20.039,
52.28,
1.462,
1.374,
105.279,
6.836,
0.872,
0.806,
0,
718.902,
1986, 
14.081,
74.032,
7.225,
0.87,
21.233,
8.529,
2.652,
0.2,
0,
8.895,
147.327,
57.733,
5.928,
59.29305,
8.597445,
92.6465,
2.655,
12.197,
21.155,
57.933,
1.5,
1.729,
98.275,
6.961,
1.016,
0.749,
0,
713.412,
1987, 
14.737,
80.877,
7.642,
0.892,
22.228,
9.326,
3.162,
0.184,
0,
8.991,
145.011,
58.556,
7.044,
59.78686,
8.669047,
93.41809,
2.912,
13.121,
23.512,
62.115,
1.825,
2.059,
98.513,
6.509,
1.12,
0.672,
0,
732.882,
1988, 
14.866,
90.65,
7.779,
0.791,
24.657,
9.487,
3.587,
0.234,
0,
8.837,
159.984,
57.516,
7.982,
60.21641,
8.731331,
94.08926,
3.318,
14.309,
25.948,
67.614,
1.817,
1.85,
105.681,
6.847,
1.32,
0.677,
0,
778.788,
1989, 
15.458,
88.853,
7.85,
0.784,
25.017,
9.32,
3.35,
0.213,
0,
9.567,
161.825,
55.688,
7.852,
59.13017,
8.573828,
92.392,
3.676,
14.429,
28.803,
70.587,
1.995,
1.85,
107.909,
7.34,
1.32,
0.667,
0,
784.449,
1990, 
12.281,
89.726,
8.734,
0.708,
20.567,
8.718,
3.759,
0.275,
0.05,
8.619,
155.46,
47.165,
9.443,
57.0397,
8.27071,
89.1256,
4.065,
14.963,
30.125,
76.247,
3.001,
2.892,
110.339,
7.395,
0.9,
0.595,
0,
770.463,
1991, 
12.987,
79.738,
7.964,
0.701,
22.617,
8.291,
4.315,
0.307,
0.05,
9.358,
150.292,
35.334,
9.398,
49.06302,
7.114098,
76.66188,
4.778,
17.1,
31.001,
82.123,
3.164,
3.089,
109.649,
6.947,
0.958,
0.591,
0,
733.591,
1992, 
13.933,
84.322,
8.459,
0.773,
23.934,
8.363,
4.344,
0.257,
0.05,
9.061,
145.453,
31.291,
10.343,
43.483,
6.305,
67.943,
5.589,
18.117,
32.055,
91.79,
3.701,
2.949,
98.132,
7.561,
0.919,
0.557,
0,
719.684,
1993, 
14.387,
88.793,
9.199,
0.665,
25.207,
8.591,
4.747,
0.247,
0.05,
8.726,
145.942,
30.838,
11.519,
34.159,
4.852,
58.797,
6.875,
18.155,
36.526,
101.659,
4.199,
3.802,
99.623,
8.706,
1.054,
0.23,
0,
727.548,
1994, 
13.897,
91.244,
10.26,
0.786,
25.747,
9.21,
4.494,
0.115,
0.05,
8.525,
153.25,
33.423,
12.624,
25.594,
3.333,
48.993,
7.806,
19.282,
35.345,
104.357,
4.836,
3.22,
98.295,
9.192,
1.064,
0.163,
0,
725.105,
1995, 
14.415,
95.191,
12.147,
0.973,
25.076,
9.559,
4.584,
0.096,
0.05,
8.741,
157.045,
33.12,
13.183,
23.716,
3.395,
51.693,
8.133,
22.003,
37.372,
107.115,
6.324,
4.13,
101.64,
9.302,
1.016,
0.22,
0,
750.239,
1996, 
14.735,
95.535,
13.172,
1.009,
25.237,
10.632,
4.324,
0.073,
0.05,
7.999,
147.777,
32.376,
13.624,
23.864,
3.66,
49.355,
9.169,
23.753,
39.503,
113.687,
7.146,
4.109,
98.801,
9.223,
0.967,
0.212,
0,
749.992,
1997, 
15.553,
98.485,
14.218,
1.205,
26.153,
10.813,
4.213,
0.075,
0.05,
8.311,
161.241,
35.191,
14.475,
27.659,
4.268,
48.631,
9.929,
24.415,
43.154,
124.905,
6.765,
3.816,
104.545,
9.589,
0.97,
0.214,
0,
798.843,
1998, 
15.93,
98.658,
14.213,
1.139,
25.76,
10.361,
4.52,
0.06,
0.05,
7.956,
161.324,
32.371,
14.144,
26.592,
3.472,
43.883,
9.065,
23.48,
40.196,
131.502,
5.427,
2.699,
93.548,
9.697,
0.97,
0.212,
0,
777.229,
1999, 
16.235,
97.428,
15.299,
1.095,
24.996,
9.574,
4.429,
0.06,
0.05,
7.341,
156.667,
27.387,
14.313,
29.697,
4.443,
51.517,
9.779,
24.296,
41.342,
139.147,
5.245,
2.891,
91.192,
8.947,
0.93,
0.255,
0,
784.555,
2000, 
16.594,
101.803,
15.586,
1.324,
27.865,
11.25,
4.969,
0.06,
0.05,
8.481,
165.037,
31.04,
14.325,
34.177,
5.176,
59.136,
10.78,
26.924,
43.407,
144.132,
7.11,
2.848,
106.444,
7.831,
0.98,
0.267,
0,
847.596,
2001, 
15.276,
90.104,
13.3,
1.179,
26.717,
10.658,
5.789,
0.06,
0.05,
8.821,
160.137,
29.957,
14.981,
35.561,
5.088,
58.97,
11.69,
27.291,
44.152,
168.127,
7.527,
2.781,
102.866,
7.859,
1.13,
0.149,
0,
850.22,
2002, 
16.002,
91.587,
14.01,
1.35,
29.604,
11.255,
6.498,
0.06,
0.05,
9.095,
160.384,
30.662,
16.467,
36.048,
5.264,
59.902,
12.492,
28.814,
45.69,
200.479,
8.704,
2.462,
107.745,
8.292,
1,
0.105,
0,
904.021,
2003, 
15.927,
93.677,
15.178,
1.396,
31.147,
11.888,
6.547,
0.06,
0.05,
9.481,
162.677,
32.819,
18.298,
39.363,
5.397,
61.7,
13.443,
31.779,
46.61,
241.245,
9.141,
2.042,
110.511,
8.397,
1.03,
0.152,
0,
969.955,
2004, 
16.305,
99.681,
16.737,
1.298,
32.909,
12.966,
6.921,
0.1,
0.05,
9.5,
170.797,
33.712,
20.478,
41.542,
5.987,
65.833,
14.253,
32.626,
47.821,
300.085,
11.955,
3.682,
112.718,
8.299,
1.175,
0.135,
0,
1067.565,
2005, 
15.327,
94.897,
16.195,
1.212,
31.61,
13.708,
8.185,
0.16,
0.05,
9.494,
166.975,
31.01,
20.965,
41.684,
5.046,
66.476,
15.257,
45.78,
48.12,
374.732,
12.414,
3.675,
112.471,
8.646,
0.855,
0.107,
0,
1145.051,
2006, 
15.493,
98.557,
16.447,
1.294,
30.901,
14.397,
8.828,
0.16,
0.05,
9.718,
175.168,
34.51,
23.315,
43.89,
4.886,
71.13,
15.376,
49.45,
48.755,
443.081,
13.807,
3.759,
116.226,
8.691,
1.07,
0.024,
0,
1248.983,
2007, 
15.572,
98.102,
17.573,
1.372,
33.782,
14.45,
9.424,
0.16,
0.05,
9.098,
177.195,
35.382,
25.754,
46.205,
5.427,
72.537,
16.452,
53.08,
51.817,
515.802,
15.867,
4.016,
120.203,
8.784,
1.12,
0.023,
0,
1349.247,
2008, 
14.845,
91.35,
17.209,
1.089,
33.716,
13.665,
8.514,
0.16,
0.05,
8.246,
170.146,
31.543,
26.806,
40.753,
4.932,
68.66,
16.647,
57.791,
54.925,
532.221,
15.384,
3.915,
118.739,
8.424,
1.03,
0.023,
0,
1340.783,
2009, 
9.286,
58.196,
14.132,
0.964,
26.506,
11.27,
7.706,
0.16,
0.05,
7.484,
119.44,
22.534,
25.304,
32.652,
4.862,
60.131,
17.766,
63.527,
49.872,
592.884,
13.213,
3.501,
87.534,
6.014,
0.83,
0.023,
0,
1235.841,
2010, 
13.009,
80.495,
16.87,
1.188,
32.948,
10.945,
8.798,
0.16,
0.05,
7.617,
149.503,
26.522,
29.143,
36.202,
4.936,
67.062,
20,
68.976,
60.214,
658.498,
15.956,
3.664,
109.599,
8.149,
0.83,
0.023,
0,
1431.357,
2011, 
12.891,
86.398,
18.11,
1.276,
35.22,
12.944,
7.94,
0.16,
0.05,
7.546,
153.471,
27.84,
34.107,
38.259,
5.432,
68.972,
23.03,
73.471,
69.819,
722.146,
17.056,
3.621,
107.601,
7.248,
0.88,
0.023,
0,
1535.511,
2012, 
13.507,
88.695,
18.095,
1.311,
34.524,
11.855,
8.188,
0.16,
0.05,
6.938,
145.981,
26.161,
35.885,
35.997,
4.412,
70.546,
24.679,
77.561,
70.353,
737.206,
16.211,
2.254,
107.232,
5.805,
0.88,
0.023,
0,
1544.509,
2013, 
12.4,
87,
18.2,
1.311,
34.2,
5.2,
6.8,
0.16,
0.05,
7.2,
141.8,
20.7,
34.7,
35,
3.3,
69.4,
25.9,
81.2,
66,
801.3,
13.9,
2.6,
110.6,
4.7,
1.9,
0.023,
0,
1585.544,
2014, 
12.7,
88.2,
19,
1.311,
33.9,
5.5,
6.5,
0.16,
0.05,
6.6,
143.9,
21.9,
34,
29.7,
3.7,
71.5,
28,
87.3,
71.5,
845.8,
14.3,
4.4,
110.7,
4.6,
2.4,
0.023,
0,
1647.644,
2015, 
12.5,
78.9,
18.3,
1.311,
33.3,
5,
5.5,
0.16,
0.05,
7.6,
139.8,
22.4,
31.5,
25.5,
3.6,
71.1,
27.4,
89.6,
69.7,
825.2,
13.2,
4.9,
105.2,
4.9,
2.9,
0.023,
0,
1599.544,
2016, 
12.7,
78.5,
19,
1.311,
30.2,
4.1,
5,
0.16,
0.05,
6.1,
136.22,
22.3,
33.2,
26.4,
4.2,
70.5,
29.1,
95.5,
68.6,
808.7,
14.4,
4.8,
104.8,
5.3,
3.6,
0.023,
0,
1584.764,
2017, 
13.7,
81.6,
20,
1.311,
34.4,
4.6,
6.8,
0.16,
0.05,
6.3,
138.6,
23.5,
37.5,
25.1,
4.4,
71.3,
32.5,
101.4,
71.1,
854.9,
17.6,
4.8,
104.7,
5.3,
5,
0.023,
0,
1666.644,
2018, 
13.2985,
84.68059,
19.1935,
0.9743815,
33.48447,
6.843469,
8.961737,
0.605,
0.225,
6.22585,
137.0776,
25.14665,
35.62154,
24.4806,
4.600194,
71.61459,
39.54729,
106.3754,
71.59592,
936.1366,
24.53908,
6.682421,
101.9921,
5.729932,
6.717018,
0.2265,
0,
1772.576,
2019, 
12.897,
87.76118,
18.387,
0.637763,
32.56894,
9.086937,
11.12347,
1.05,
0.4,
6.1517,
135.5552,
26.7933,
33.74308,
23.8612,
4.800388,
71.92918,
46.59459,
111.3507,
72.09185,
1017.373,
31.47816,
8.564842,
99.28411,
6.159864,
8.434036,
0.43,
0,
1878.508,
2020, 
10.986,
72.73212,
16.80256,
0.509364,
31.41486,
7.271715,
12.80117,
1.05,
0.385,
3.8765,
119.8792,
23.59611,
35.81025,
23.56337,
4.8312,
71.82096,
48.40515,
100.2565,
67.80876,
1085.726,
32.64753,
12.87137,
83.18649,
6.076141,
9.333,
0.37,
0,
1884.011,
2021, 
12.97629,
85.79141,
18.45359,
0.640518,
36.07107,
9.495258,
15.57167,
1.05,
0.485,
5.0195,
137.8964,
26.76474,
40.36005,
24.41692,
5.548995,
77.30557,
50.09743,
118.2014,
71.08003,
1058.476,
37.7538,
14.83481,
96.33601,
6.42527,
10.96767,
0.42,
0,
1962.439,
2022, 
12.09757,
80.5354,
18.38633,
0.560328,
34.0895,
9.971719,
16.43181,
1.05,
0.45,
4.4025,
123.9235,
22.88337,
35.13378,
8.893232,
5.099587,
72.10544,
54.53187,
125.3772,
66.54617,
1039.881,
35.07412,
15.56786,
89.2268,
6.191218,
11.243,
0.41,
0,
1890.064,
2023, 
12.11104,
81.39223,
16.17971,
0.494195,
31.86875,
9.765679,
17.14286,
1.05,
0.45,
4.870989,
116.3068,
19.89046,
33.71368,
9.0277,
4.923303,
76.37865,
54.85159,
140.706,
67.38328,
1038.229,
34.21028,
16.8,
86.9988,
6.013748,
10.867,
0.41,
0,
1892.036,
2024, 
12.11864,
81.48006,
16.52323,
0.9845943,
31.71319,
10.5366,
18.14717,
1.193697,
0.5722058,
4.917113,
115.7337,
20.58455,
33.99969,
9.313084,
5.350392,
75.92033,
56.18599,
154.9593,
66.5053,
1032.185,
37.83117,
19.06527,
85.70433,
5.976518,
12.57276,
0.4317442,
0,
1910.506,
2025, 
12.16729,
81.65411,
16.65649,
1.11543,
31.853,
10.86901,
19.41703,
1.252418,
0.6143262,
4.934737,
115.4385,
21.39317,
34.31781,
9.781244,
5.809711,
75.6297,
57.63163,
169.8524,
65.78487,
1026.631,
41.50904,
21.31569,
84.66753,
5.962776,
14.72381,
0.4434721,
0,
1931.426,
2026, 
12.20524,
81.91983,
17.17452,
1.133382,
32.02802,
10.81544,
20.97311,
1.337045,
0.6533746,
4.965179,
114.9813,
22.07135,
34.78276,
9.973073,
6.206646,
75.63367,
59.25354,
185.7603,
65.10936,
1019.957,
45.66416,
23.52486,
83.93548,
5.972555,
18.1998,
0.4733318,
0,
1954.704,
2027, 
12.25741,
82.3104,
17.70914,
1.42389,
31.94339,
11.6257,
22.48763,
1.709615,
0.8555375,
4.99736,
114.5651,
22.71664,
35.19589,
10.09324,
6.587896,
75.10563,
60.8813,
200.7977,
64.07407,
1011.518,
49.92717,
25.624,
82.40561,
5.987425,
21.78671,
0.6213751,
0,
1975.208,
2028, 
12.3123,
82.71098,
18.23401,
1.692908,
31.86299,
12.39128,
23.94556,
2.085124,
1.071684,
5.033762,
114.1608,
23.33456,
35.57515,
10.20174,
6.957132,
74.55094,
62.47332,
215.1205,
63.05671,
1002.925,
53.96169,
27.61272,
80.895,
6.002602,
25.32698,
0.7741702,
0,
1994.27,
2029, 
12.37167,
83.11932,
18.75544,
1.942372,
31.7999,
13.11616,
25.35917,
2.463139,
1.296362,
5.077497,
113.775,
23.93096,
35.92285,
10.30204,
7.320597,
73.96916,
64.04754,
228.7545,
62.06006,
994.1092,
57.81548,
29.51945,
79.41936,
6.019591,
28.82193,
0.9309027,
0,
2012.02,
2030, 
12.42,
82.4655,
19.24297,
1.450648,
33.85067,
10.25267,
26.39215,
2.049158,
1.045095,
5.132006,
112.5459,
24.35174,
36.36382,
10.95034,
7.623378,
77.21433,
65.56313,
242.8572,
63.88125,
997.2875,
52.98149,
30.59976,
84.04808,
6.017772,
27.18442,
0.7755425,
0,
2034.547,
2031, 
12.4135,
82.18133,
19.85471,
1.577099,
35.23982,
10.18867,
27.93427,
2.461383,
1.214557,
5.390088,
111.9022,
24.15255,
36.67564,
11.36985,
8.080036,
78.2382,
67.22292,
256.7321,
63.97141,
991.6482,
53.95053,
32.25784,
85.02227,
6.043571,
29.8034,
0.9133872,
0,
2056.439,
2032, 
12.40147,
82.01122,
20.48179,
1.732969,
36.58688,
10.21607,
29.44826,
2.936781,
1.414991,
5.657727,
111.3936,
23.98338,
36.95771,
11.82239,
8.546467,
79.08147,
68.91723,
269.8736,
63.97647,
985.3206,
55.48251,
33.92399,
85.78908,
6.077255,
32.42689,
1.073374,
0,
2077.534,
2033, 
12.4116,
81.9515,
21.0094,
1.919552,
37.951,
10.35894,
30.95256,
3.475652,
1.646642,
5.939228,
110.9416,
23.85697,
37.2145,
12.33685,
9.029092,
79.82405,
70.66567,
282.3541,
63.98251,
978.4647,
57.18443,
35.64018,
86.50296,
6.120537,
35.05178,
1.255483,
0,
2098.042,
2034, 
12.44805,
81.9884,
21.47539,
2.139985,
39.35425,
10.60153,
32.46236,
4.078043,
1.909333,
6.238328,
110.5675,
23.75949,
37.44796,
12.95728,
9.532922,
80.47122,
72.48701,
294.2301,
63.98708,
971.1466,
58.90711,
37.40622,
87.15412,
6.175977,
37.67654,
1.459531,
0,
2118.062,
2035, 
12.51272,
82.14167,
21.93706,
2.392,
40.80524,
10.92572,
33.99002,
4.743797,
2.202553,
6.557938,
110.3166,
23.65126,
37.65913,
13.73093,
10.06349,
81.03671,
74.39691,
305.548,
63.98773,
963.3425,
60.627,
39.23689,
87.85902,
6.244464,
40.3005,
1.685215,
0,
2137.895,
2036, 
12.59737,
82.31161,
22.48359,
2.717626,
42.76298,
11.4358,
35.88922,
5.720135,
2.630425,
7.02943,
110.1666,
23.56578,
37.80359,
14.4615,
10.64106,
81.73174,
76.14234,
317.4625,
64.0864,
954.7761,
62.30622,
41.24407,
88.81433,
6.328515,
43.60376,
2.009667,
0,
2160.722,
2037, 
12.70422,
82.58015,
23.06017,
3.084922,
44.75011,
12.06796,
37.78925,
6.785553,
3.104458,
7.514445,
110.096,
23.53045,
37.93187,
14.94913,
11.25142,
82.37645,
77.75706,
328.7775,
64.21841,
945.7925,
64.04955,
43.31573,
89.66924,
6.425154,
46.883,
2.364162,
0,
2182.829,
2038, 
12.82442,
82.93636,
23.64875,
3.492015,
46.76627,
12.92432,
39.70755,
7.995592,
3.643943,
8.013396,
110.1159,
23.53771,
38.04316,
15.42279,
11.89541,
82.88823,
79.40102,
339.5193,
64.30762,
936.2476,
65.86478,
45.45123,
90.58767,
6.534394,
50.1431,
2.753122,
0,
2204.666,
2039, 
12.95406,
83.24823,
24.25826,
3.982324,
48.78668,
13.91943,
41.64974,
9.319806,
4.245334,
8.525553,
110.1786,
23.57582,
38.13955,
15.88449,
12.5723,
83.30708,
81.11808,
349.7359,
64.40652,
926.3501,
67.77081,
47.65284,
91.35445,
6.655634,
53.38269,
3.194789,
0,
2226.169,
2040, 
13.10126,
83.63187,
24.88814,
4.534137,
50.83863,
15.05097,
43.61012,
10.74422,
4.897013,
9.049405,
110.3214,
23.66256,
38.22288,
16.29971,
13.28014,
83.64291,
82.88539,
359.4536,
64.50455,
916.0707,
69.74647,
49.91563,
92.12119,
6.78812,
56.59318,
3.671895,
0,
2247.526,
2041, 
13.26142,
84.16167,
25.60026,
5.182268,
53.17741,
16.40646,
45.87991,
12.79084,
5.848114,
9.669348,
110.584,
23.80851,
38.25288,
16.76534,
14.01592,
84.02832,
84.66788,
369.5023,
64.61131,
905.0582,
71.68822,
52.23038,
93.00533,
6.934046,
60.47885,
4.35577,
0,
2271.965,
2042, 
13.43649,
84.74309,
26.34035,
5.867898,
55.50751,
17.87591,
48.11763,
14.92661,
6.851824,
10.28701,
110.8963,
23.98167,
38.27411,
17.22455,
14.77358,
84.37221,
86.43455,
379.0012,
64.72213,
893.7845,
73.60593,
54.56026,
93.87072,
7.0884,
64.26738,
5.069482,
0,
2295.881,
2043, 
13.61422,
85.27044,
27.08506,
6.590468,
57.79889,
19.44793,
50.3268,
17.17579,
7.919319,
10.89995,
111.2398,
24.2116,
38.28612,
17.64487,
15.54623,
84.63322,
88.19206,
387.9964,
64.81953,
882.4399,
75.50761,
56.88531,
94.66182,
7.249434,
67.98991,
5.820268,
0,
2319.253,
2044, 
13.80503,
85.88825,
27.85118,
7.348656,
60.01134,
21.0876,
52.49865,
19.53798,
9.049169,
11.50543,
111.6134,
24.57506,
38.28951,
18.04248,
16.3298,
84.83348,
89.97486,
396.487,
64.8643,
870.708,
77.45954,
59.18904,
95.34046,
7.414828,
71.64854,
6.607752,
0,
2341.961,
2045, 
13.99635,
86.46161,
28.62673,
8.134799,
62.14084,
22.77792,
54.62987,
22.00842,
10.23945,
12.10074,
112.0059,
24.9283,
38.28329,
18.45768,
17.11916,
84.92186,
91.7901,
404.5137,
64.86848,
859.1019,
79.43623,
61.47308,
95.83028,
7.582516,
75.2569,
7.430397,
0,
2364.116,
2046, 
14.18671,
87.01389,
29.41527,
8.988034,
64.41422,
24.56201,
56.97204,
25.46824,
11.91656,
12.73288,
112.3948,
25.25282,
38.22824,
18.8468,
17.91889,
85.09323,
93.55621,
412.6574,
64.94513,
846.7408,
81.38568,
63.68552,
96.40419,
7.752539,
79.54355,
8.578675,
0,
2388.654,
2047, 
14.37758,
87.5653,
30.1965,
9.852329,
66.55031,
26.36792,
59.24107,
29.03996,
13.66252,
13.34291,
112.7766,
25.5895,
38.166,
19.19997,
18.7133,
85.12318,
95.36073,
420.2777,
64.89324,
834.3782,
83.38381,
65.85114,
96.81233,
7.921946,
83.72561,
9.764264,
0,
2412.134,
2048, 
14.56675,
88.1163,
30.98394,
10.73826,
68.54259,
28.21651,
61.43983,
32.75461,
15.49281,
13.92941,
113.1562,
25.96881,
38.09824,
19.49674,
19.49939,
85.0807,
97.19747,
427.4007,
64.78671,
821.9425,
85.44398,
67.95688,
97.08343,
8.089497,
87.82085,
10.99683,
0,
2434.8,
2049, 
14.75876,
88.66817,
31.76951,
11.65742,
70.40057,
30.11829,
63.56791,
36.61501,
17.41001,
14.49117,
113.527,
26.37454,
38.027,
19.77418,
20.27176,
84.91903,
99.0462,
434.0502,
64.66705,
809.5102,
87.54207,
69.99335,
97.27132,
8.253965,
91.83298,
12.27881,
0,
2456.796,
2050, 
14.95199,
89.21715,
32.53388,
12.58929,
72.1108,
32.03906,
65.62373,
40.591,
19.39762,
15.02732,
113.8824,
26.77957,
37.95198,
19.99579,
21.02584,
84.69582,
100.8793,
440.2596,
64.4465,
796.9733,
89.65031,
71.95164,
97.20522,
8.41436,
95.77097,
13.59949,
0,
2477.564,
2051, 
15.1333,
89.73273,
33.29309,
13.52951,
73.83451,
33.94043,
67.79819,
45.81533,
22.00201,
15.56915,
114.1802,
27.16561,
37.83649,
20.2362,
21.77927,
84.51569,
102.6522,
446.5216,
64.16711,
784.132,
91.64669,
73.83457,
97.07001,
8.567885,
100.2717,
15.32557,
0,
2500.551,
2052, 
15.31125,
90.23731,
34.02917,
14.43822,
75.43217,
35.78153,
69.86996,
50.96595,
24.58784,
16.0794,
114.462,
27.54757,
37.72076,
20.44617,
22.5067,
84.34966,
104.3873,
452.3402,
63.92549,
771.6564,
93.58701,
75.63881,
96.85844,
8.715923,
104.5961,
17.02652,
0,
2522.498,
2053, 
15.48744,
90.74581,
34.73616,
15.38303,
76.82589,
37.71711,
71.84913,
56.15398,
27.21174,
16.55856,
114.7358,
27.93659,
37.60009,
20.59171,
23.20731,
83.99361,
106.0761,
457.7112,
63.51303,
758.893,
95.76283,
77.35865,
96.76256,
8.858212,
108.9064,
18.74741,
0,
2543.323,
2054, 
15.59337,
90.693,
35.31299,
16.25122,
78.28796,
39.49321,
73.66175,
61.28903,
29.81358,
17.00705,
114.7551,
27.9027,
37.48955,
20.8166,
23.87374,
83.96915,
107.3898,
462.7829,
63.3192,
747.5404,
97.41936,
78.91941,
97.98926,
8.989832,
113.0512,
20.46138,
0,
2564.073,
2055, 
15.7013,
90.66417,
35.86882,
17.1114,
79.59599,
41.26001,
75.40356,
66.43312,
32.42259,
17.42603,
114.7588,
27.90625,
37.37981,
20.98932,
24.5127,
83.83007,
108.7451,
467.4706,
63.06856,
736.0566,
99.21008,
80.39854,
98.05275,
9.114881,
117.1229,
22.17641,
0,
2582.68,
2056, 
15.79412,
90.69167,
36.37973,
17.99343,
80.79819,
43.04617,
77.2151,
73.02174,
35.73679,
17.83558,
114.7255,
27.93651,
37.22609,
21.14636,
25.14603,
83.69437,
110.0936,
472.0213,
62.72071,
724.4067,
101.0847,
81.78025,
98.0061,
9.231895,
121.7226,
24.35737,
0,
2603.813,
2057, 
15.87957,
90.74423,
36.86341,
18.86632,
81.84463,
44.82219,
78.94385,
79.53761,
39.02307,
18.21395,
114.6739,
27.99096,
37.07148,
21.26147,
25.74718,
83.47031,
111.4126,
476.1836,
62.31694,
712.7369,
102.9914,
83.09622,
97.77949,
9.342445,
126.1902,
26.51122,
0,
2623.515,
2058, 
15.9655,
90.78801,
37.32822,
19.73092,
82.72816,
46.59639,
80.60001,
86.0004,
42.28963,
18.56276,
114.6279,
28.08923,
36.91516,
21.33946,
26.31806,
83.11576,
112.6593,
479.981,
61.80684,
701.3566,
104.9442,
84.34424,
97.35486,
9.447168,
130.5492,
28.64419,
0,
2642.083,
2059, 
16.05128,
90.85202,
37.77924,
20.59009,
83.4998,
48.37695,
82.18269,
92.42867,
45.54127,
18.88365,
114.5936,
28.21166,
36.76168,
21.3827,
26.8592,
82.75543,
113.888,
483.4376,
61.25284,
690.0377,
106.9111,
85.50593,
96.83608,
9.545941,
134.8053,
30.76267,
0,
2659.733,
2060, 
16.1286,
90.90772,
38.20856,
21.44543,
84.1263,
50.15719,
83.68203,
98.82948,
48.77875,
19.1783,
114.5111,
28.36552,
36.60657,
21.39368,
27.37049,
82.26893,
115.0926,
486.5828,
60.62415,
678.6731,
108.8596,
86.58703,
96.13937,
9.63831,
138.957,
32.86901,
0,
2675.982,
2061, 
16.20465,
91.0125,
38.59916,
22.3165,
84.6902,
51.94465,
85.16227,
106.6844,
52.74651,
19.45699,
114.3798,
28.53814,
36.41578,
21.39574,
27.87293,
81.8307,
116.1469,
489.434,
59.98864,
667.5103,
110.7736,
87.55543,
95.44504,
9.721618,
143.5131,
35.4363,
0,
2694.776,
2062, 
16.28173,
91.14286,
38.971,
23.16495,
85.13371,
53.69477,
86.56026,
114.3785,
56.63539,
19.71009,
114.2374,
28.73719,
36.22626,
21.3667,
28.34581,
81.31652,
117.167,
491.9839,
59.29927,
656.4253,
112.7203,
88.45727,
94.60523,
9.799106,
147.9326,
37.94493,
0,
2712.238,
2063, 
16.35576,
91.2804,
39.33504,
23.97419,
85.46737,
55.36599,
87.88445,
121.9263,
60.44882,
19.93936,
114.0981,
28.96155,
36.03828,
21.3082,
28.79139,
80.74299,
118.1521,
494.256,
58.56697,
645.4437,
114.6969,
89.28931,
93.66267,
9.871071,
152.2364,
40.39815,
0,
2728.491,
2064, 
16.42643,
91.42747,
39.69293,
24.76302,
85.6927,
56.99298,
89.14017,
129.3731,
64.20783,
20.14655,
113.9605,
29.20715,
35.85143,
21.21806,
29.21015,
80.10121,
119.1042,
496.2716,
57.78129,
634.5189,
116.6708,
90.04828,
92.62893,
9.937901,
156.4228,
42.81195,
0,
2743.608,
2065, 
16.49459,
91.58957,
40.03771,
25.5425,
85.82524,
58.59764,
90.32959,
136.7393,
67.92156,
20.33325,
113.8123,
29.40956,
35.66623,
21.1082,
29.60313,
79.41261,
120.0238,
498.0482,
56.95938,
623.7205,
118.61,
90.73009,
91.4911,
9.999815,
160.4669,
45.19418,
0,
2757.667,
2066, 
16.55997,
91.7543,
40.3557,
26.31661,
85.89861,
60.17363,
91.4536,
145.4399,
72.26073,
20.50167,
113.6346,
29.58525,
35.45235,
21.00211,
29.98313,
78.7706,
120.8162,
499.3877,
56.17417,
613.3399,
120.4514,
91.29859,
90.38918,
10.05343,
164.6868,
47.98121,
0,
2773.721,
2067, 
16.62317,
91.88051,
40.65906,
27.0012,
85.97057,
61.54668,
92.49712,
153.8441,
76.44206,
20.651,
113.4332,
29.75328,
35.24609,
20.91562,
30.33837,
78.23529,
121.576,
500.5475,
55.46332,
603.5402,
121.9559,
91.79979,
89.33817,
10.10252,
168.597,
50.65433,
0,
2788.612,
2068, 
16.68038,
91.97657,
40.94804,
27.61564,
86.00028,
62.76478,
93.4688,
161.9913,
80.49048,
20.78276,
113.2335,
29.89848,
35.04475,
20.82969,
30.67153,
77.73357,
122.3025,
501.5589,
54.76995,
594.0527,
123.2147,
92.25032,
88.4981,
10.14801,
172.2704,
53.23167,
0,
2802.428,
2069, 
16.72822,
92.05116,
41.22164,
28.1849,
85.99893,
63.88315,
94.37948,
169.9248,
84.42979,
20.89838,
113.022,
30.01195,
34.84814,
20.74708,
30.98385,
77.26461,
122.9959,
502.4014,
54.09718,
584.8712,
124.333,
92.64715,
87.63821,
10.18975,
175.7526,
55.73186,
0,
2815.236,
2070, 
16.77015,
92.11466,
41.4729,
28.70938,
85.96199,
64.90432,
95.23567,
177.6521,
88.26206,
20.99916,
112.8059,
30.09342,
34.65584,
20.66273,
31.27713,
76.81255,
123.6597,
503.0945,
53.43987,
575.9354,
125.341,
92.99787,
86.80628,
10.2282,
179.0565,
58.15746,
0,
2827.107,
2071, 
16.80239,
92.14732,
41.67735,
29.19097,
85.90902,
65.81437,
96.04442,
186.493,
92.60542,
21.08363,
112.5829,
30.14065,
34.44444,
20.59885,
31.55599,
76.45237,
124.2092,
503.3673,
52.85807,
567.6425,
126.1687,
93.26417,
86.11452,
10.25932,
182.41,
60.90829,
0,
2840.745,
2072, 
16.83102,
92.17033,
41.85844,
29.62758,
85.83058,
66.63062,
96.80165,
195.0179,
96.78435,
21.15468,
112.3573,
30.15709,
34.23806,
20.5364,
31.81735,
76.12075,
124.7376,
503.5109,
52.2998,
559.6166,
126.8879,
93.4912,
85.46107,
10.28784,
185.5667,
63.5476,
0,
2853.341,
2073, 
16.85604,
92.18215,
42.02039,
30.01748,
85.7327,
67.34899,
97.5114,
203.2483,
100.8087,
21.21348,
112.1284,
30.14437,
34.03697,
20.47058,
32.0626,
75.82297,
125.228,
503.5379,
51.77363,
551.8611,
127.5013,
93.68108,
84.84174,
10.31397,
188.5414,
66.08263,
0,
2864.968,
2074, 
16.87756,
92.18286,
42.16568,
30.36205,
85.62005,
67.97269,
98.17838,
211.2029,
104.6869,
21.26112,
111.8964,
30.10441,
33.84088,
20.40891,
32.29303,
75.55772,
125.6629,
503.4593,
51.26811,
544.3423,
128.0147,
93.83659,
84.27644,
10.33793,
191.3521,
68.52003,
0,
2875.682,
2075, 
16.89558,
92.17358,
42.29539,
30.66391,
85.4946,
68.5136,
98.80453,
218.9016,
108.4274,
21.29854,
111.6604,
30.03969,
33.64965,
20.35913,
32.50974,
75.32336,
126.0503,
503.2835,
50.78656,
537.094,
128.4361,
93.96004,
83.7668,
10.35993,
194.0073,
70.86598,
0,
2885.621,
2076, 
16.90164,
92.11348,
42.38955,
30.92245,
85.3548,
68.95444,
99.38833,
227.5125,
112.5276,
21.32199,
111.4072,
29.95494,
33.44438,
20.3301,
32.71491,
75.1795,
126.3308,
502.6812,
50.38539,
530.3238,
128.7117,
94.00156,
83.39195,
10.37476,
196.6146,
73.45123,
0,
2896.685,
2077, 
16.90517,
92.04288,
42.47079,
31.14702,
85.2035,
69.32767,
99.93401,
235.7904,
116.4547,
21.33627,
111.1558,
29.84911,
33.2439,
20.30676,
32.90756,
75.06444,
126.5802,
502.0004,
50.00288,
523.7586,
128.9125,
94.01759,
82.93489,
10.38813,
199.0664,
75.92171,
0,
2906.723,
2078, 
16.90682,
91.96767,
42.54052,
31.33946,
85.0378,
69.63796,
100.4448,
243.7695,
120.2234,
21.34222,
110.9109,
29.72927,
33.04802,
20.28599,
33.08877,
74.96362,
126.8033,
501.2459,
49.63092,
517.3604,
129.0468,
94.0096,
82.49329,
10.4002,
201.3729,
78.28815,
0,
2915.888,
2079, 
16.90635,
91.88723,
42.59938,
31.50251,
84.8607,
69.89229,
100.9248,
251.476,
123.8457,
21.34057,
110.6662,
29.59756,
32.85662,
20.26444,
33.25945,
74.87766,
127.0031,
500.4229,
49.27318,
511.1086,
129.1213,
93.97976,
82.13096,
10.4111,
203.5486,
80.5593,
0,
2924.316,
2080, 
16.90344,
91.79929,
42.64768,
31.63943,
84.6742,
70.0978,
101.377,
258.9312,
127.3313,
21.33216,
110.42,
29.45514,
32.66972,
20.24493,
33.42068,
74.80923,
127.1831,
499.5421,
48.93178,
505.0396,
129.1414,
93.93114,
81.90592,
10.4211,
205.604,
82.74237,
0,
2932.196,
2081, 
16.88783,
91.65814,
42.66772,
31.74661,
84.48502,
70.23615,
101.7895,
267.1278,
131.0692,
21.31669,
110.1439,
29.31365,
32.47361,
20.24311,
33.57602,
74.80529,
127.2934,
498.3351,
48.64727,
499.3488,
129.058,
93.81873,
81.98407,
10.42343,
207.5863,
85.09612,
0,
2941.132,
2082, 
16.87103,
91.51194,
42.68061,
31.83385,
84.28512,
70.33846,
102.1768,
275.0066,
134.6446,
21.29515,
109.871,
29.16568,
32.28167,
20.24002,
33.72234,
74.80544,
127.3883,
497.0814,
48.37104,
493.7997,
128.9344,
93.69236,
81.978,
10.42515,
209.4543,
87.34202,
0,
2949.197,
2083, 
16.85292,
91.36153,
42.68674,
31.90379,
84.07529,
70.40967,
102.5413,
282.6069,
138.0744,
21.26813,
109.6034,
29.01092,
32.09397,
20.23478,
33.86048,
74.81407,
127.4706,
495.7846,
48.10232,
488.3635,
128.7762,
93.55326,
81.85161,
10.42636,
211.219,
89.49214,
0,
2956.438,
2084, 
16.83379,
91.21021,
42.68663,
31.9594,
83.85194,
70.45539,
102.8859,
289.961,
141.3734,
21.23611,
109.3381,
28.85088,
31.9098,
20.22776,
33.99112,
74.8205,
127.5414,
494.4457,
47.83341,
483.0148,
128.5898,
93.40299,
81.71877,
10.42714,
212.894,
91.55698,
0,
2963.017,
2085, 
16.81455,
91.06358,
42.68172,
32.00355,
83.6175,
70.48143,
103.2131,
297.0927,
144.5527,
21.19974,
109.0774,
28.68876,
31.72953,
20.21883,
34.11524,
74.82777,
127.6042,
493.0725,
47.57122,
477.7493,
128.3865,
93.24451,
81.58109,
10.42767,
214.4894,
93.54436,
0,
2969.049,
2086, 
16.78488,
90.88192,
42.65605,
32.03304,
83.38145,
70.47189,
103.511,
304.8183,
147.9187,
21.15784,
108.7842,
28.53583,
31.54457,
20.21992,
34.23692,
74.87087,
127.628,
491.4832,
47.33209,
472.8738,
128.1384,
93.03275,
81.49914,
10.42103,
216.0405,
95.65398,
0,
2975.91,
2087, 
16.75616,
90.71027,
42.62862,
32.05572,
83.12915,
70.45163,
103.7943,
312.2679,
151.1489,
21.11205,
108.4991,
28.38069,
31.36278,
20.21488,
34.35214,
74.89826,
127.6478,
489.8667,
47.07998,
468.0328,
127.8905,
92.81644,
81.39476,
10.41434,
217.5207,
97.67232,
0,
2982.099,
2088, 
16.72832,
90.55013,
42.60013,
32.07274,
82.86083,
70.42256,
104.0651,
319.481,
154.2597,
21.06279,
108.2228,
28.22404,
31.18411,
20.20415,
34.46157,
74.90827,
127.6652,
488.2256,
46.82154,
463.2305,
127.6443,
92.59599,
81.26583,
10.40769,
218.937,
99.61097,
0,
2987.713,
2089, 
16.70151,
90.40271,
42.57122,
32.08471,
82.57497,
70.38554,
104.3253,
326.4839,
157.2628,
21.01035,
107.9549,
28.06908,
31.0082,
20.18632,
34.56572,
74.89776,
127.6814,
486.5592,
46.55167,
458.4203,
127.3993,
92.37173,
81.10373,
10.40109,
220.2961,
101.4784,
0,
2992.748,
2090, 
16.67625,
90.26865,
42.5428,
32.09209,
82.27708,
70.34147,
104.5765,
333.2906,
160.1644,
20.95525,
107.6958,
27.91821,
30.83551,
20.16402,
34.66537,
74.87239,
127.6993,
484.8755,
46.27235,
453.6293,
127.1559,
92.14464,
80.91779,
10.39471,
221.6008,
103.2791,
0,
2997.306,
2091, 
16.6438,
90.11809,
42.50198,
32.09162,
81.98392,
70.27549,
104.7869,
340.5176,
163.1932,
20.89468,
107.4064,
27.7839,
30.6606,
20.14462,
34.76273,
74.85725,
127.6889,
483.0435,
46.00344,
449.2203,
126.8922,
91.87162,
80.74223,
10.38278,
222.8614,
105.1583,
0,
3002.487,
2092, 
16.61276,
89.98009,
42.46325,
32.08718,
81.68052,
70.20437,
104.9889,
347.4884,
166.1006,
20.83179,
107.1273,
27.64209,
30.48878,
20.12193,
34.85559,
74.8336,
127.6824,
481.2034,
45.73281,
444.8507,
126.6312,
91.5983,
80.53804,
10.3712,
224.0677,
106.9568,
0,
3007.14,
2093, 
16.58269,
89.85574,
42.42641,
32.07894,
81.36584,
70.12801,
105.1831,
354.2335,
168.899,
20.76676,
106.8576,
27.49833,
30.31972,
20.0948,
34.94426,
74.79566,
127.6806,
479.3531,
45.45359,
440.5102,
126.3731,
91.32418,
80.32876,
10.35993,
225.2221,
108.6832,
0,
3011.319,
2094, 
16.55375,
89.74487,
42.39143,
32.06764,
81.04053,
70.04765,
105.3714,
360.7823,
171.6013,
20.70004,
106.5983,
27.35414,
30.15364,
20.06291,
35.02953,
74.74202,
127.6824,
477.4982,
45.16421,
436.1703,
126.1162,
91.05045,
80.09725,
10.34912,
226.3333,
110.3463,
0,
3015.049,
2095, 
16.52628,
89.6451,
42.3584,
32.05341,
80.70875,
69.96353,
105.5537,
367.1436,
174.2109,
20.63177,
106.3493,
27.21163,
29.99064,
20.02791,
35.11169,
74.68008,
127.687,
475.6404,
44.86909,
431.8487,
125.8584,
90.77705,
79.85594,
10.33878,
227.4017,
111.9487,
0,
3018.393,
2096, 
16.49368,
89.53172,
42.31166,
32.03595,
80.39003,
69.86693,
105.687,
373.7594,
176.8983,
20.55888,
106.068,
27.07572,
29.82627,
19.99234,
35.18596,
74.61407,
127.6558,
473.7133,
44.59529,
427.752,
125.5881,
90.46885,
79.62361,
10.3245,
228.4391,
113.5895,
0,
3022.046,
2097, 
16.46268,
89.42974,
42.26753,
32.01592,
80.06366,
69.76749,
105.815,
380.1422,
179.4788,
20.48476,
105.7961,
26.94318,
29.66472,
19.95218,
35.2572,
74.53484,
127.6296,
471.7889,
44.31495,
423.6699,
125.318,
90.162,
79.37286,
10.31075,
229.4345,
115.161,
0,
3025.239,
2098, 
16.43312,
89.33897,
42.22528,
31.99346,
79.73161,
69.66487,
105.9375,
386.3179,
181.9626,
20.4095,
105.5333,
26.81506,
29.50598,
19.9084,
35.32565,
74.44698,
127.6053,
469.8666,
44.03072,
419.6108,
125.0489,
89.85623,
79.11134,
10.29751,
230.3909,
116.6701,
0,
3028.039,
2099, 
16.40512,
89.25881,
42.18517,
31.96918,
79.39298,
69.56003,
106.0564,
392.3145,
184.362,
20.33347,
105.2812,
26.69183,
29.35011,
19.86136,
35.39203,
74.3473,
127.5832,
467.9505,
43.74061,
415.5661,
124.7835,
89.55216,
78.83492,
10.28491,
231.3158,
118.125,
0,
3030.498,
2100, 
16.37837,
89.18591,
42.14755,
31.94327,
79.05096,
69.45292,
106.1717,
398.1398,
186.6797,
20.25671,
105.0402,
26.57376,
29.19715,
19.81242,
35.45651,
74.24216,
127.5641,
466.0415,
43.44836,
411.5514,
124.5218,
89.24926,
78.55499,
10.27296,
232.2094,
119.5278,
0,
3032.671];
