real main.em.ep.isp.StorResTot[28](t) = [1971, 
651.5343,
6662.301,
42.08245,
21.60213,
64.96689,
80.57098,
58.75524,
41.05855,
12.20759,
218.7674,
4050.518,
794.3257,
45.14894,
639.8839,
126.0057,
1848.95,
149.6624,
189.8941,
60.786,
215.9777,
32.17176,
2.735793,
947.4415,
247.1319,
13.94703,
25.39259,
0,
17243.82,
1972, 
743.1379,
6664.728,
47.7262,
24.07365,
71.01305,
85.62901,
59.5344,
44.36075,
13.14334,
237.3148,
4228.148,
866.3724,
52.09121,
676.2775,
129.2396,
1948.799,
169.1202,
198.1338,
65.41999,
236.9972,
36.51492,
3.161404,
1012.384,
243.989,
13.98372,
36.3438,
0,
17907.64,
1973, 
823.4536,
7276.438,
51.89817,
26.78219,
82.26497,
95.77369,
61.004,
49.39492,
13.33579,
252.2586,
4534.185,
902.6428,
52.66744,
714.8611,
138.3771,
2062.625,
202.3026,
204.9313,
74.03788,
259.1163,
43.11642,
3.882291,
1095.986,
278.0313,
16.24769,
46.19956,
0,
19361.81,
1974, 
851.8475,
7332.586,
65.72916,
27.98231,
91.64097,
104.7322,
65.23281,
49.52388,
12.89805,
269.9228,
4643.078,
958.1191,
59.58812,
756.1116,
148.4388,
2188.701,
226.6788,
214.7227,
81.40346,
268.0445,
45.88002,
5.151636,
1082.19,
298.4529,
18.27978,
58.22719,
0,
19925.16,
1975, 
829.4708,
7548.269,
69.66646,
27.81398,
98.71186,
109.7083,
74.15015,
55.54008,
13.42964,
290.1167,
4627.427,
1001.688,
71.43202,
685.0228,
132.0404,
2029.391,
263.1306,
237.9639,
91.05247,
317.3189,
47.80796,
5.850019,
1106.663,
309.6376,
20.51815,
61.28811,
0,
20125.11,
1976, 
887.3734,
8061.647,
73.96089,
31.4425,
113.7721,
118.355,
85.01038,
57.75348,
15.56658,
303.7268,
4975.722,
1064.596,
81.15308,
715.8107,
139.8739,
2160.233,
310.0075,
266.9375,
99.52125,
351.9513,
53.87076,
5.430708,
1184.03,
322.8208,
21.59113,
65.7404,
0,
21567.9,
1977, 
951.7455,
8331.67,
79.97081,
34.06856,
125.4734,
129.5836,
97.22929,
63.17775,
16.3563,
303.7794,
5086.991,
1110.646,
90.79747,
736.629,
144.6624,
2236.307,
392.5284,
283.8152,
108.9099,
384.2579,
59.81034,
6.788661,
1233.85,
339.6396,
23.24754,
71.49912,
0,
22443.43,
1978, 
1020.996,
8559.442,
88.3676,
35.96915,
138.9367,
135.9364,
109.4434,
61.0486,
17.19193,
316.9549,
5276.29,
1168.905,
96.68808,
760.6333,
149.6673,
2341.145,
443.0547,
311.7668,
120.7875,
437.9872,
61.91249,
9.509597,
1291.158,
349.926,
26.12035,
69.42377,
0,
23399.26,
1979, 
1070.171,
8729.813,
94.73719,
37.54478,
155.6533,
151.5559,
122.3723,
70.4359,
17.63233,
332.7187,
5500.41,
1177.953,
98.70923,
779.6888,
205.7969,
2397.325,
512.4427,
316.2838,
130.9079,
478.6796,
67.34935,
11.46152,
1360.344,
366.1623,
29.25214,
74.78728,
0,
24290.19,
1980, 
1100.516,
8839.18,
99.38866,
37.87768,
178.6509,
162.1633,
136.8136,
78.82355,
17.83841,
360.1541,
5537.828,
1232.661,
101.6958,
816.4667,
225.3084,
2582.525,
567.5071,
330.1646,
136.6895,
468.1309,
72.06944,
14.42554,
1343.363,
383.7988,
30.68502,
68.90247,
0,
24923.63,
1981, 
1157.09,
8909.858,
108.5302,
39.18374,
171.8647,
168.5771,
155.3696,
77.11349,
18.86013,
411.1766,
5594.711,
1241.718,
106.6038,
836.2611,
230.855,
2726.783,
672.9659,
362.1925,
147.5992,
472.7571,
76.62929,
14.23504,
1357.065,
408.6897,
32.83151,
65.22114,
0,
25564.74,
1982, 
1136.058,
8688.75,
113.4095,
40.57539,
180.2098,
171.0389,
170.1496,
85.8347,
20.41621,
432.2756,
5586.427,
1259.721,
116.2424,
853.111,
239.0651,
2830.601,
797.8284,
386.602,
155.6199,
504.1372,
82.15194,
17.33001,
1343.73,
415.6121,
35.22574,
65.1921,
0,
25727.31,
1983, 
1187.16,
8878.191,
112.5313,
43.1385,
186.4959,
179.2594,
187.7583,
79.84969,
21.7319,
440.0569,
5719.142,
1317.657,
121.5039,
877.2925,
246.6496,
2978.39,
816.7966,
413.5931,
169.5538,
544.8015,
89.81685,
20.3317,
1418.878,
426.0634,
39.1615,
63.85402,
0,
26579.66,
1984, 
1279.878,
9274.389,
121.9216,
44.38156,
208.6608,
184.5324,
207.2545,
74.1756,
21.76338,
486.7209,
5928.743,
1378.836,
137.3201,
911.7482,
257.2548,
3168.132,
880.3056,
457.3181,
182.6242,
571.9357,
96.85173,
23.91781,
1493.584,
455.2823,
44.17859,
62.96338,
0,
27954.67,
1985, 
1357.436,
9440.133,
106.3642,
43.75379,
225.9319,
187.9634,
222.6229,
89.90285,
23.32054,
503.4676,
6149.178,
1383.467,
150.0046,
934.8961,
265.9077,
3287.403,
944.2714,
501.3237,
196.6258,
611.4669,
102.2743,
24.83824,
1551.948,
488.7079,
47.70227,
65.32884,
0,
28906.24,
1986, 
1388.987,
9431.796,
119.1544,
46.7666,
238.9207,
212.8479,
219.9133,
94.12848,
24.75123,
517.3439,
6248.406,
1447.913,
171.9922,
956.4094,
270.1849,
3435.084,
1029.16,
547.5697,
212.1964,
670.936,
105.8193,
34.99959,
1574.154,
504.926,
52.75277,
66.80234,
0,
29623.92,
1987, 
1480.768,
9599.564,
128.0912,
49.48166,
242.1215,
228.9798,
235.2779,
98.1089,
26.71534,
529.7454,
6454.69,
1477.736,
192.5159,
992.7372,
272.0798,
3572.937,
1052.562,
594.9029,
235.6989,
741.3654,
114.12,
40.5646,
1678.871,
532.52,
58.37646,
65.12103,
0,
30695.65,
1988, 
1515.47,
9991.863,
130.5549,
49.77979,
251.3006,
258.8665,
256.5066,
103.0374,
28.43333,
549.7903,
6738.337,
1470.673,
202.0811,
1024.183,
276.9368,
3660.732,
1210.956,
655.4714,
266.5091,
811.0547,
125.3007,
42.84611,
1774.558,
556.613,
66.99833,
71.99377,
0,
32090.85,
1989, 
1483.442,
10898.31,
138.3461,
53.15834,
267.3683,
247.3221,
268.4891,
107.554,
30.07582,
562.0791,
6954.365,
1489.865,
218.0033,
1042.152,
278.4245,
3929.542,
1235.245,
716.1553,
290.5591,
872.066,
137.423,
47.39962,
1887.378,
597.5941,
69.87281,
69.03881,
0,
33891.23,
1990, 
1436.097,
11103.52,
142.8049,
53.64335,
256.1516,
266.8351,
277.9558,
109.5198,
34.60458,
571.2534,
7109.198,
1408.164,
240.8573,
1121.767,
345.3876,
3831.769,
1322.038,
770.1495,
311.9614,
926.8807,
151.1901,
56.31757,
2059.753,
613.0416,
76.03207,
76.80499,
0,
34673.7,
1991, 
1520.486,
11197.96,
147.5194,
52.2033,
272.3747,
251.1185,
293.1693,
111.9393,
36.85344,
572.0602,
7268.736,
1343.244,
245.3236,
1034.106,
295.8364,
3572.459,
1463.869,
838.6893,
328.7479,
1107.987,
163.066,
63.72851,
2127.467,
630.2849,
81.54286,
84.62331,
0,
35105.39,
1992, 
1555.996,
11400.45,
151.2603,
55.09788,
279.6915,
259.6839,
309.9302,
116.1849,
38.26882,
586.343,
7319.019,
1248.577,
276.4721,
881.0862,
274.5659,
3089.788,
1556.87,
876.3325,
349.408,
1223.301,
176.5752,
69.63503,
2152.391,
642.692,
89.56591,
73.2015,
0,
35052.39,
1993, 
1610.014,
11674.8,
152.9276,
56.25336,
290.9431,
274.2503,
335.3324,
116.6131,
39.69559,
610.4193,
7331.793,
1247.348,
303.7926,
799.454,
231.2749,
3119.425,
1603.985,
924.9178,
386.9574,
1263.101,
194.6028,
77.84192,
2176.418,
663.0654,
93.45965,
74.84249,
0,
35653.52,
1994, 
1698.638,
11971.25,
164.4938,
60.35305,
299.2096,
291.0809,
358.1931,
116.6067,
40.52999,
630.8961,
7487.807,
1322.277,
319.5739,
728.6985,
227.3057,
2752.359,
1705.699,
992.4984,
434.0214,
1370.947,
219.5744,
86.56419,
2276.654,
683.5643,
98.24709,
72.56986,
0,
36409.61,
1995, 
1716.221,
12314.75,
167.8308,
63.69207,
314.1989,
304.866,
378.8894,
123.3033,
44.27374,
638.8221,
7682.934,
1319.922,
357.2901,
764.734,
225.4766,
2745.593,
1790.839,
1076.434,
483.9924,
1492.594,
243.3471,
100.4082,
2314.045,
702.7759,
104.4557,
74.16431,
0,
37545.86,
1996, 
1767.091,
12612.33,
159.7348,
67.02302,
329.8958,
319.15,
428.2041,
128.4475,
46.33224,
666.8737,
7804.071,
1455.838,
388.36,
767.2675,
217.7438,
2711.029,
1865.739,
1135.955,
536.282,
1568.247,
264.9489,
116.5101,
2381.014,
717.4484,
109.4885,
66.97551,
0,
38632,
1997, 
1793.254,
12918.13,
171.9748,
72.52254,
347.0984,
344.6333,
461.0972,
128.9829,
49.93048,
691.2809,
7956.238,
1482.479,
423.1428,
760.2082,
213.58,
2668.802,
2017.888,
1198.817,
586.2393,
1662.868,
283.6173,
123.0141,
2434.721,
740.8954,
113.6667,
70.27982,
0,
39715.36,
1998, 
1771.589,
13228.42,
185.5553,
77.78594,
357.8867,
362.9882,
492.3458,
125.9726,
51.33546,
682.0042,
8129.561,
1501.59,
450.8265,
730.6332,
205.3922,
2701.939,
2276.146,
1283.712,
574.8156,
1743.485,
279.5475,
126.8154,
2439.215,
784.2238,
117.8153,
91.86438,
0,
40773.46,
1999, 
1808.024,
13432.55,
196.6115,
83.88287,
371.7749,
363.5319,
521.7903,
132.2535,
52.82037,
680.2293,
8220.519,
1467.79,
466.1507,
755.1075,
201.7715,
2773.978,
2181.883,
1379.027,
639.6656,
1816.201,
298.8722,
148.1339,
2474.37,
825.4229,
117.6831,
99.42207,
0,
41509.47,
2000, 
1862.349,
14055.01,
209.507,
85.83012,
385.4221,
382.4688,
555.7859,
136.4133,
54.75724,
712.5505,
8253.101,
1558.833,
503.6263,
746.6573,
205.5343,
2908.399,
2198.634,
1457.267,
757.041,
2051.078,
324.4075,
159.5319,
2582.839,
848.4987,
128.3606,
108.22,
0,
43232.12,
2001, 
1816.704,
13402.39,
215.9933,
88.13023,
377.4446,
380.2844,
588.3534,
145.0848,
57.30593,
689.089,
8233.601,
1696.614,
502.701,
794.3759,
197.5716,
3039.311,
2298.491,
1513.016,
808.4622,
2258.362,
344.5861,
168.7646,
2560.835,
899.1689,
144.0589,
121.9241,
0,
43342.63,
2002, 
1841.691,
13731.13,
219.423,
91.89225,
400.274,
375.6859,
616.1549,
154.1569,
57.46825,
745.926,
8045.216,
1619.493,
534.7098,
790.0793,
201.2903,
2935.191,
2386.733,
1559.438,
863.9684,
2444.073,
365.3074,
178.6856,
2613.723,
897.5081,
151.986,
129.9114,
0,
43951.12,
2003, 
1793.389,
13846.64,
269.1272,
93.96043,
416.3987,
394.8438,
647.5127,
152.2271,
60.90776,
780.8393,
7975.098,
1625.789,
580.3671,
818.8617,
213.9468,
2991.453,
2509.429,
1665.398,
901.4177,
2800.133,
394.9188,
186.6389,
2613.19,
853.4349,
161.4112,
124.3611,
0,
44871.7,
2004, 
1819.806,
14281.97,
268.6956,
94.53961,
445.3103,
420.9466,
685.7574,
168.1795,
66.07359,
806.9265,
7901.622,
1721.484,
621.1001,
856.0826,
221.7139,
3085.44,
2672.821,
1772.697,
950.4888,
3210.405,
421.7807,
199.3514,
2692.214,
873.1595,
174.4675,
133.4705,
0,
46566.5,
2005, 
1771.525,
14206.46,
282.4271,
99.49458,
458.2371,
437.648,
701.2111,
178.5792,
71.34374,
817.1988,
7804.17,
1686.938,
660.4424,
832.4222,
227.3186,
3483.121,
2682.938,
1884.649,
1013.017,
3632.562,
454.9931,
212.8657,
2755.664,
866.4258,
187.8812,
143.6054,
0,
47553.14,
2006, 
1709.411,
14009.69,
290.3232,
105.3024,
478.9367,
463.0457,
743.4635,
189.2573,
76.10944,
856.1296,
7647.561,
1713.854,
710.2945,
870.8575,
232.4904,
3508.003,
2837.534,
2040.553,
1044.869,
4174.785,
481.2029,
216.4382,
2809.479,
862.091,
198.8869,
147.1753,
0,
48417.74,
2007, 
1811.522,
13963.35,
301.7933,
108.2645,
507.6829,
474.3959,
822.9773,
200.0891,
83.13193,
877.155,
7396.927,
1702.538,
767.9938,
884.0259,
241.9553,
3536.827,
3059.899,
2192.844,
1104.143,
4813.758,
510.1436,
220.697,
2895.55,
902.8144,
205.7303,
150.945,
0,
49737.15,
2008, 
1799.223,
13370.64,
306.4476,
106.4816,
528.8391,
505.6986,
860.3029,
204.123,
83.39156,
873.7977,
7355.287,
1701.154,
776.0536,
839.9635,
222.1435,
3606.927,
3192.401,
2110.148,
1182.931,
5355.912,
523.0218,
225.6947,
2800.774,
899.6996,
214.3346,
153.4442,
0,
49798.84,
2009, 
1719.509,
12335,
302.5609,
106.3039,
534.5511,
511.6975,
980.8463,
212.5665,
92.02012,
852.3763,
6872.235,
1643.792,
757.2277,
726.1262,
212.9682,
3408.016,
3522.725,
2265.63,
1239.85,
6257.106,
549.7408,
230.724,
2797.492,
814.3362,
223.551,
166.6308,
0,
49335.59,
2010, 
1709.429,
12362.97,
319.9554,
111.0885,
593.5684,
506.5664,
1068.119,
229.9068,
107.0023,
888.2679,
7307.872,
1710.265,
816.1591,
747.9811,
235.1237,
3428.679,
3691.149,
2444.022,
1339.392,
7646.54,
601.0934,
248.9316,
2892.725,
833.668,
231.4323,
175.9044,
0,
52247.81,
2011, 
1786.859,
11538.82,
354.1153,
116.2861,
615.1198,
523.7551,
1102.5,
237.2031,
126.9332,
897.4058,
7650.074,
1741.803,
883.6622,
764.4742,
227.6888,
3510.066,
3852.347,
2722.715,
1397.582,
9508.219,
633.8973,
264.5098,
3039.287,
808.0269,
247.5583,
179.661,
0,
54730.56,
2012, 
1746.18,
11168.51,
369.5985,
120.6009,
648.6221,
559.2353,
1174.089,
244.3766,
142.7373,
892.6716,
8139.437,
1679.361,
955.6467,
770.069,
242.5726,
3513.996,
4118.682,
2841.781,
1461.775,
11117.69,
708.6597,
277.1677,
3190.083,
821.1193,
268.0741,
184.5949,
0,
57357.33,
2013, 
1650.477,
10881.19,
362.8456,
126.7438,
676.2292,
600.6264,
1242.79,
275.4209,
156.8287,
907.1567,
7881.399,
1677.39,
970.436,
753.2574,
290.7766,
3527.438,
4380.96,
3095.849,
1539.665,
13495.02,
790.7049,
305.4108,
3975.898,
855.6884,
305.6815,
194.6113,
0,
60920.5,
2014, 
1606.624,
10816.73,
382.9875,
131.7093,
718.946,
604.8508,
1322.326,
292.3058,
180.1527,
1085.7,
7988.231,
1657.991,
1024.616,
716.6496,
265.6544,
3560.837,
4765.329,
3507.671,
1645.143,
16185.09,
922.773,
328.1467,
4823.71,
831.9697,
336.0135,
221.3589,
0,
65923.52,
2015, 
1524.939,
11356.1,
398.7926,
143.8861,
722.874,
649.6992,
1499.698,
321.6376,
206.5708,
1169.648,
7363.138,
1610.299,
1097.567,
659.3513,
276.4536,
3579.068,
5335.455,
3879.14,
1805.014,
19935.05,
1043.337,
349.9219,
6660.635,
874.8364,
362.2032,
233.0282,
0,
73058.34,
2016, 
1507.853,
10940,
423.1088,
147.7157,
759.9488,
658.9199,
1653.316,
335.741,
220.5239,
1351.141,
7727.668,
1631.981,
1280.137,
659.6044,
329.0748,
3577.741,
5913.269,
4440.78,
1964.208,
23593.5,
1277.53,
378.2436,
7923.864,
937.397,
429.1923,
227.8819,
0,
80290.34,
2017, 
1557.518,
11279.84,
428.7238,
147.2593,
813.7278,
659.9252,
1716.614,
360.9243,
237.3113,
1542.811,
7931.172,
1632.354,
1728.555,
680.0658,
416.7707,
3643.962,
6082.75,
5121.209,
2182.962,
29359.56,
1410.484,
402.8585,
9239.142,
1025.143,
494.2254,
249.2639,
0,
90345.13,
2018, 
1516.041,
11774.63,
453.9388,
155.7332,
849.4255,
671.0754,
2015.973,
408.5012,
292.2141,
1821.189,
8518.644,
1864.424,
2839.016,
753.7099,
433.7873,
3630.754,
6174.575,
6045.235,
2456.928,
36038.25,
1545.226,
470.4599,
10563.9,
1185.072,
542.9998,
279.9366,
0,
103301.6,
2019, 
1571.565,
11910.98,
422.8172,
161.9086,
908.7715,
636.3057,
2245.91,
448.9742,
337.0688,
1910.668,
9786.869,
1792.727,
3180.668,
940.4705,
475.2108,
3677.754,
7275.943,
6728.696,
2931.062,
42056.8,
2113.419,
516.6641,
11910.21,
1377.213,
579.3923,
327.6038,
0,
116225.7,
2020, 
1543.154,
11508.59,
430.5454,
152.3764,
881.4092,
629.3061,
2313.451,
484.5378,
360.0452,
2088.54,
10987.29,
1953.371,
3540.024,
1033.542,
451.6812,
3555.603,
7976.421,
7082.389,
3478.833,
51209.21,
2839.025,
521.1421,
13453.8,
1609.491,
613.5709,
333.7628,
0,
131031.1,
2021, 
1591.624,
12608.08,
457.2074,
166.9235,
975.225,
706.5919,
2449.15,
537.4406,
407.8027,
2222.247,
11689.03,
2279.906,
4007.898,
1087.028,
563.1899,
3714.81,
8687.096,
8038.949,
4214.06,
62351.86,
4250.216,
562.0889,
15023.19,
1954.831,
706.9211,
369.8862,
0,
151623.3,
2022, 
1558.96,
13587.65,
529.0145,
178.0344,
1031.06,
706.2906,
2510.782,
640.6949,
471.762,
2252.634,
13229.72,
2573.257,
4520.24,
956.0872,
625.3254,
3686.333,
10335.16,
9574.086,
4643.079,
72663.41,
4432.479,
614.6309,
16383.35,
2337.916,
818.4689,
495.2657,
0,
171355.7,
2023, 
1480.432,
15396.12,
548.6807,
185.6441,
1107.798,
724.9117,
2727.362,
766.061,
506.2895,
2254.866,
15500.29,
3034.273,
5090.634,
983.8053,
719.133,
3735.328,
12141.36,
10555.73,
5159.644,
98380.82,
4790.506,
681.2618,
17108.55,
2884.06,
862.9252,
534.0477,
0,
207860.5,
2024, 
1403.645,
18159.33,
579.8401,
193.9858,
1152.953,
755.5647,
3011.609,
855.5289,
539.0536,
2391.873,
17818.55,
3626.48,
8215.403,
806.6987,
807.8187,
3711.59,
13319.01,
12667.48,
5390.458,
128589.7,
5087.487,
736.4798,
17522.7,
3729.063,
950.7516,
587.5351,
0,
252610.6,
2025, 
1511.94,
22173.7,
584.934,
276.1799,
1318.588,
798.3959,
3257.761,
972.683,
930.5291,
3128.342,
19642.01,
4020.581,
8941.637,
848.0952,
869.5282,
3720.325,
28938.77,
17625.62,
6205.688,
140975.6,
5750.96,
1400.331,
20416.86,
4884.246,
1249.95,
666.9504,
0,
301110.2,
2026, 
1589.438,
24469.32,
596.3679,
294.3723,
1319.019,
815.8357,
2977.479,
1069.221,
1249.01,
2734.848,
21681.14,
4431.281,
8108.805,
904.3992,
1074.876,
3653.596,
25502.85,
22009.84,
6290.518,
175439,
6297.898,
1686.736,
20965.23,
5985.783,
1624.464,
651.2603,
0,
343422.6,
2027, 
1617.696,
27029.81,
617.5507,
369.826,
1325.022,
850.886,
2788.934,
1761.933,
1723.6,
2416.995,
23610.11,
4752.318,
7630.526,
1021.484,
1920.091,
3597.116,
26580.7,
28117.69,
6730.643,
213028.8,
7335.381,
3493.331,
21820.94,
7602.795,
2325.248,
680.9848,
0,
400750.4,
2028, 
1986.643,
28750.72,
660.2149,
473.7982,
1332.213,
886.4163,
2569.437,
2736.177,
2174.852,
2205.11,
26035.53,
5358.747,
7358.709,
1146.203,
2710.871,
3530.007,
30773.79,
37515.7,
6827.852,
266198,
9096.493,
6639.896,
23266.84,
9636.145,
3720.065,
752.2915,
0,
484342.8,
2029, 
2556.969,
30501.39,
711.3292,
629.4514,
1353.245,
1046.125,
2360.214,
3985.585,
2241.38,
2113.432,
28408.42,
5981.537,
7320.528,
1211.878,
3809.912,
3468.774,
34433.92,
50595.75,
6909.113,
323879.7,
11899.86,
11194.84,
24671.68,
12454.37,
5456.607,
951.1741,
0,
580147.1,
2030, 
3033.485,
35526.28,
904.3998,
1579.57,
1545.357,
1608.634,
2133.44,
4308.411,
2277.54,
2122.597,
30041.99,
6579.904,
8251.772,
1308.015,
5189.983,
3432.344,
36200.08,
76341.27,
6959.011,
387765.1,
17662.63,
17750.4,
26129.9,
15315.53,
7290.756,
1289.801,
0,
702548.2,
2031, 
3526.29,
48113.9,
1033.759,
6055.143,
2129.588,
2279.97,
2240.209,
4459.647,
2272.198,
2313.623,
33514.91,
6760.886,
9665.899,
1423.099,
6692.948,
3357.122,
41278.9,
143588.3,
7164.752,
503177.6,
23814.75,
23739.57,
28018.14,
19968.82,
10752.1,
1855.307,
0,
939197.5,
2032, 
4045.096,
68408.63,
1211.151,
22613.29,
3490.124,
4790.471,
2543.788,
4377.252,
2313.44,
2510.748,
79459.3,
8515.84,
11247.5,
1555.582,
8899.267,
3307.488,
43838.52,
281439.1,
7174.11,
703867.3,
35583.41,
27942.73,
30117.23,
26617.08,
14689.88,
1854.487,
0,
1402413,
2033, 
4569.999,
102668,
1445.36,
57064.62,
8031.62,
17695.84,
2860.971,
4355.97,
2299.691,
2298.406,
149211.9,
19983.3,
12549.17,
1692.205,
12359.33,
3251.566,
43658.88,
480740.8,
7226.205,
1116239,
54641.91,
36124.98,
33361.11,
37499.42,
19086.57,
1806.868,
0,
2232724,
2034, 
5902.479,
179456.2,
2527.559,
85948.34,
18746.77,
52645.4,
3892.154,
8693.096,
3081.454,
2143.481,
242393.2,
45287.38,
14056.33,
2211.823,
19382.55,
3397.036,
52145.87,
827734.7,
7639.254,
1761037,
84524.09,
45848.94,
38465.9,
53400.42,
39370.79,
2256.771,
0,
3602189,
2035, 
7522.484,
282362.9,
4422.751,
104290.4,
50523.7,
146239.1,
4516.494,
16851.8,
8266.797,
1847.905,
343077.6,
88276.51,
15263.31,
2368.093,
37658.84,
3629.084,
95374.51,
1117505,
7950.804,
2750269,
129226,
54408.76,
44297.64,
74617.75,
73307.31,
5663.011,
0,
5469738,
2036, 
8948.729,
477853.7,
10891.37,
115590.9,
79688.88,
211126.2,
6224.677,
31557.87,
21378.49,
2930.829,
439190.9,
122110.9,
16892.06,
4603.831,
70939.69,
3890.653,
181352,
1324780,
9192.987,
3601769,
189159.6,
62666.73,
56296.97,
89440.96,
110651,
18833.42,
0,
7267962,
2037, 
9689.547,
745247.4,
36280.04,
133087.3,
98663.05,
235099.6,
10637.78,
90352.94,
51621.09,
18956.38,
534625.5,
159797.6,
19014.26,
19740.41,
154837.2,
4426.884,
311410.4,
1487288,
14728.58,
4475119,
258987.1,
79706.88,
67699.87,
103958.5,
168864.1,
56672.25,
0,
9346512,
2038, 
11321,
1022303,
76939.55,
139993.6,
105645,
253415.8,
28232.39,
166748.3,
96761.81,
73393.23,
593090.6,
206686.3,
20629.99,
47412.98,
244664.7,
5222.366,
517484.2,
1673885,
21044.72,
4941102,
349795.2,
97750.7,
76734.36,
126085.2,
237999.7,
99815.59,
0,
1.123416e+07,
2039, 
13950.02,
1267836,
140268.6,
147126.8,
130081.2,
273652.8,
122757.4,
244367.8,
126848.7,
101958.3,
641205.6,
256211.6,
23406.26,
98663.84,
297213.8,
6260.943,
741057.8,
1825030,
22007.85,
5410887,
441149.1,
115052,
81223.73,
150748.4,
273506.6,
123098.7,
0,
1.307557e+07,
2040, 
20286.63,
1482438,
191012.8,
155440.1,
154169.8,
284253.7,
265046.7,
345588.4,
156643.1,
113709.7,
728742.5,
309559.4,
27734.97,
150900.8,
323602.3,
7525.798,
892988.7,
1986127,
22445.94,
5819780,
495461.3,
147026.8,
82337.33,
167915.2,
361159.9,
138352.2,
0,
1.483025e+07,
2041, 
25294.84,
1696970,
211632.5,
165900.1,
175726.3,
297849.5,
452087.1,
400157.2,
178524.9,
145166.2,
815052.4,
359016.7,
40345.08,
173697.2,
335601.1,
8999.674,
1032165,
2112543,
22835.31,
6217122,
549351.3,
188795.9,
85350.3,
179755.7,
436089.3,
163023,
0,
1.646905e+07,
2042, 
28308.86,
1871496,
232995.3,
177224.1,
210264.6,
328693.5,
569039.2,
450406.4,
199852.6,
141925.6,
801276.9,
405092.8,
54724.54,
187701.4,
342733.4,
10579.79,
1144340,
2249804,
23005.03,
6501557,
608326.9,
225068.3,
90649.85,
186790.9,
515056.2,
172593.8,
0,
1.772951e+07,
2043, 
30745.42,
2094092,
250555.6,
188035.8,
243125.8,
371048.3,
634669.3,
485123.3,
218705.5,
126475.3,
805623.9,
421183.3,
74442.91,
191469.4,
347794.1,
12181.1,
1191992,
2362469,
23962.22,
6789639,
695855.9,
245955.1,
96562.44,
212369,
636021.8,
176138.1,
0,
1.892623e+07,
2044, 
32259.73,
2235036,
264810.7,
199701.8,
270479.8,
432043.2,
674814.1,
526031.6,
231823,
119320.8,
806099.4,
420972.6,
101371.6,
192085,
353503,
12980.32,
1202058,
2423759,
26059.78,
7084169,
775702.3,
295592.7,
105656.4,
223583.3,
706961.1,
168445.8,
0,
1.988532e+07,
2045, 
35159.52,
2330520,
278495.4,
211790.1,
313212.4,
505097.8,
705356.1,
556689.3,
244274.8,
112806.2,
814885.7,
420418,
138450.2,
191410.7,
359553.9,
13412.85,
1192517,
2466641,
31876.29,
7309236,
815971.4,
337409,
114605,
264060,
740516.9,
167936,
0,
2.06723e+07,
2046, 
40038.2,
2411185,
299283.8,
223996.1,
350813.9,
581730.3,
724543.5,
590051.6,
265900.8,
112021.9,
814705.4,
428733.6,
166742.6,
189574.6,
365921.7,
14363.48,
1182143,
2513247,
41687.67,
7509796,
905158.1,
392750.4,
123215.3,
289193.6,
788458.8,
171893.4,
0,
2.149715e+07,
2047, 
47886.66,
2505377,
319337,
235811.1,
410617.4,
672429,
703207.5,
618044.6,
290732,
114852.6,
808497.6,
436104.2,
175562.8,
187396.5,
373302.3,
15365.54,
1221786,
2559527,
53431.62,
7708690,
950613.7,
419427.1,
130073.4,
336457.9,
845907.9,
170443.9,
0,
2.231088e+07,
2048, 
56655.93,
2641742,
355036.7,
246926.8,
477906.8,
722437.4,
726957.9,
647507.1,
308547.1,
131967.1,
824871.2,
447862.8,
200662.7,
187645.5,
380604,
17660.63,
1288321,
2587941,
60529.16,
7863421,
960008.8,
447646.5,
134511.2,
362197.8,
910055.9,
177121.2,
0,
2.316674e+07,
2049, 
66812.71,
2794882,
395813.8,
257048.4,
546167.3,
766329.3,
762671.3,
677388.6,
340510.9,
145330.2,
926735.3,
468084.2,
218951.2,
185688.1,
389349.4,
29679.11,
1241701,
2688035,
68060.05,
7999174,
956436.4,
440643.7,
140730,
382303,
973099.8,
170539.8,
0,
2.403216e+07,
2050, 
77293.3,
2964582,
456342.6,
266937.8,
626956.5,
805347.1,
799647.8,
714693.3,
363841.4,
154213,
999881.4,
481926.5,
222149.9,
185352.6,
409516.1,
66805.02,
1234204,
2807060,
74685.47,
8133185,
927210.6,
433919.3,
144654.9,
398212.3,
1042901,
169511.2,
0,
2.496103e+07,
2051, 
86784.54,
3151895,
512427.1,
277055.6,
717928.1,
860412.1,
852723.7,
753985.7,
369534.7,
159324.4,
1019748,
486772.2,
233571.2,
185032.1,
420236.3,
154861.3,
1194514,
2944294,
78873.8,
8248033,
878448.4,
428051.5,
148612.8,
414375.1,
1117534,
161184.7,
0,
2.585621e+07,
2052, 
95579.15,
3316722,
547261.5,
283829.9,
801619.9,
919382.6,
892374.2,
793069.8,
377395.4,
171679.6,
1000919,
488717.8,
254198.4,
184179.7,
428678.7,
311780.6,
1185457,
3111138,
80286.2,
8350062,
833782.6,
403123.6,
151440,
426403.2,
1196558,
154923.3,
0,
2.676056e+07,
2053, 
104751.9,
3473239,
580098.2,
289460.3,
889684.8,
951873.1,
955531.6,
834503.4,
391951.2,
174535.1,
984534.6,
490907.9,
271068.4,
183370.8,
442628,
553411,
1182119,
3335758,
81581.58,
8438594,
775319.6,
374235.8,
154719,
437366.6,
1276044,
127476.7,
0,
2.775476e+07,
2054, 
116460.4,
3631803,
617664.7,
294847.4,
971481.4,
983072.4,
1004196,
879383,
399844.8,
176706.5,
967607.6,
488536.4,
279242.5,
181862,
462413.9,
799139.6,
1193061,
3516970,
82613.22,
8493792,
710807.1,
355701.2,
154989.3,
448489.4,
1356081,
116430.6,
0,
2.86832e+07,
2055, 
129968.2,
3776665,
655396,
294625.6,
1069052,
1018727,
1054872,
915517.8,
419121.4,
182942.5,
948583,
486527.7,
286133.4,
180226.4,
482679.6,
897410.4,
1237018,
3596152,
82471.05,
8511033,
648201.4,
335863.1,
154106,
457767.5,
1435440,
100502,
0,
2.9357e+07,
2056, 
144709.8,
3880720,
691545.9,
287348.4,
1154174,
1047384,
1111501,
954643.8,
458469.2,
203573,
927261.8,
482730.9,
292840.9,
179400.2,
496631.7,
970940.6,
1309981,
3697708,
82335.38,
8505359,
626995.2,
327809.1,
154536.1,
471996.9,
1521566,
106252.6,
0,
3.008841e+07,
2057, 
161378.3,
3972452,
722006.1,
284732.2,
1269849,
1080434,
1158574,
992042.3,
496050.6,
229312.5,
925247.5,
472176.4,
290153.6,
179141.4,
514802.7,
1025055,
1379291,
3777049,
81880.21,
8537110,
617362.4,
322571.3,
152240,
495314.1,
1612265,
107272,
0,
3.085576e+07,
2058, 
177446.4,
4038451,
748686.3,
285892.2,
1408436,
1115367,
1206835,
1025930,
540710.9,
249469.1,
905041.5,
465190.9,
275265.4,
178521.8,
527693.6,
1038550,
1459089,
3806639,
80136.08,
8573896,
603720.9,
317458,
148115.9,
514341,
1693978,
136481,
0,
3.152134e+07,
2059, 
192809.4,
4137052,
774196.8,
288807.1,
1507611,
1139729,
1255163,
1113457,
576779,
259447.8,
897396.4,
469353.1,
257722.4,
177468.3,
534514.4,
1062085,
1521583,
3817611,
76588.81,
8681896,
611893,
313905.2,
147049.8,
539798.9,
1775697,
172083.6,
0,
3.23017e+07,
2060, 
212616.7,
4239728,
796358.3,
293463.6,
1590207,
1161811,
1309085,
1270811,
631108.3,
256710.8,
899349.1,
475639.3,
241356.7,
178557.2,
531057,
1085868,
1608272,
3837190,
73421.54,
8707288,
597154.1,
313917.3,
148455.1,
565032.6,
1861871,
214053.4,
0,
3.310038e+07,
2061, 
231257.9,
4281702,
818687.6,
295742.9,
1663348,
1182582,
1370747,
1378844,
690492.9,
239136.1,
877998,
493414.6,
225669.4,
181695.7,
535855.3,
1111693,
1659530,
3846249,
71319.63,
8745673,
597724.4,
308213.9,
151264.3,
577445.3,
1962996,
275061.9,
0,
3.377434e+07,
2062, 
238346.5,
4412741,
842634.9,
288837.7,
1739063,
1204007,
1426336,
1503861,
747113.6,
219681.4,
841850.8,
498740.9,
217648.6,
188738.7,
552201.1,
1134507,
1726722,
3876258,
67505.94,
8775662,
581562.9,
296110.6,
156752.7,
600318.3,
2067466,
327406.3,
0,
3.453207e+07,
2063, 
269094,
4453643,
884439.2,
280743.2,
1812662,
1223990,
1482222,
1631171,
788504.6,
199368.5,
808708.4,
503947.3,
220430.4,
190506.6,
573339.9,
1158413,
1800703,
3909550,
63985.81,
8849234,
573778.4,
275574.8,
163697.3,
615306.4,
2177901,
372379.5,
0,
3.528329e+07,
2064, 
278946.9,
4513575,
922140.6,
272576,
1869631,
1247612,
1546981,
1785668,
833498.4,
185104.8,
800216.6,
510568.7,
225911.5,
188877.2,
587835.5,
1191207,
1861577,
3936178,
62015.91,
8865941,
558274.3,
259573.4,
169851.3,
632836.8,
2297292,
405592.5,
0,
3.600948e+07,
2065, 
293765.4,
4584704,
955705.3,
264360.4,
1917848,
1275072,
1607445,
1956181,
877933.4,
197440.5,
790546.6,
517227.1,
229768.9,
189738.5,
601355.6,
1210493,
1904215,
3955860,
61195.18,
8892679,
543309.7,
234580.6,
174683.1,
646266.8,
2438812,
441544.7,
0,
3.676273e+07,
2066, 
301431.7,
4646919,
991364.6,
255691.5,
1972405,
1305058,
1716917,
2098957,
930839.1,
226131.4,
766195.5,
518022.2,
233040.7,
186997,
612116.1,
1215069,
1946274,
3973689,
61265.09,
8972196,
535103.8,
216327.3,
176972,
658724.7,
2581006,
502104.8,
0,
3.760082e+07,
2067, 
310038.5,
4715574,
1036645,
245217.5,
2032630,
1334424,
1803430,
2224748,
983995.4,
267205.8,
739723.7,
521766.8,
234832.3,
177618.4,
617301.1,
1221703,
2001278,
3984964,
62614.92,
8936797,
556155.2,
197975.8,
178756.8,
661865.5,
2718236,
592252.2,
0,
3.835775e+07,
2068, 
327581.5,
4769003,
1082521,
235564.2,
2091295,
1361289,
1867294,
2514186,
1045109,
298128.9,
730695.6,
522886.1,
237529.5,
157121,
618967.2,
1228508,
2017718,
3948401,
64869.19,
8864436,
566072.6,
189735.9,
177596.5,
663374.8,
2834365,
677402.6,
0,
3.909165e+07,
2069, 
331589.4,
4822705,
1127965,
228535.8,
2146477,
1381437,
1971782,
2724508,
1099528,
291509.4,
729034.9,
521967.4,
245682.3,
152753.5,
622601.3,
1235970,
2103298,
3852283,
66246.69,
8782081,
577907,
183184.4,
174645.2,
664608.7,
2932921,
735937.1,
0,
3.970716e+07,
2070, 
332057.9,
4874703,
1164784,
223198.1,
2198877,
1420143,
2118456,
2832178,
1162302,
247392.2,
744797.6,
522318.6,
254280.5,
151429.6,
624300.1,
1243920,
2127528,
3715500,
65449.61,
8649289,
597793.8,
179938.3,
172036.6,
664848.3,
3016575,
808630.3,
0,
4.011272e+07,
2071, 
330078.7,
4921126,
1202744,
215862.7,
2245266,
1448822,
2231497,
2966849,
1226822,
190396,
768926.6,
521812.3,
263219.3,
151548.9,
621293,
1248580,
2219290,
3539693,
64876.88,
8628662,
611321.9,
178204.7,
168501.6,
666868.8,
3088759,
875672.9,
0,
4.059669e+07,
2072, 
337275.1,
4972812,
1232049,
216923,
2289196,
1460575,
2323509,
3095001,
1298917,
122460.2,
793354.6,
522543.6,
274709.2,
153414.9,
615273.3,
1250006,
2196452,
3369622,
64589.22,
8600296,
623482.5,
174723.8,
165224.1,
671014.4,
3152349,
937135.4,
0,
4.091291e+07,
2073, 
323430.2,
5023327,
1253256,
223136.1,
2330238,
1460447,
2428777,
3268978,
1365167,
58599.42,
805357.5,
522256,
285869.9,
153742.1,
606805.9,
1252629,
2294852,
3195978,
61201.71,
8562617,
631802.4,
173531.7,
164823.6,
674679.4,
3227904,
996162.6,
0,
4.134557e+07,
2074, 
327394,
5068230,
1280323,
231257,
2375619,
1440627,
2534026,
3419967,
1440016,
33041.93,
823632.4,
522189.1,
287031.2,
152423.3,
602027.8,
1269298,
2331042,
3031269,
57263.42,
8516641,
647864.1,
176949.5,
165057.8,
690939.5,
3296843,
1037225,
0,
4.17582e+07,
2075, 
328689.7,
5103159,
1304946,
240745.6,
2419764,
1424375,
2536156,
3618884,
1514632,
24117.64,
820617.4,
522736.2,
290388.9,
149320.8,
599182.4,
1291439,
2486513,
2883293,
55639.3,
8474962,
673062.4,
186608.5,
164901.3,
697789.6,
3360878,
1051603,
0,
4.22244e+07,
2076, 
331975.2,
5117329,
1325852,
252423.6,
2466823,
1399531,
2512968,
3807966,
1597822,
23801.67,
818425.6,
523517.6,
292123,
147733.4,
602043.6,
1316519,
2548868,
2712599,
55162.12,
8424701,
700857,
200659.8,
165946.8,
718360.9,
3426421,
988975.7,
0,
4.24794e+07,
2077, 
340725.8,
5123411,
1352753,
260915.9,
2514942,
1371754,
2476743,
4028248,
1676153,
29868.89,
810387.3,
524600.1,
295551.7,
149712.5,
607545.8,
1337688,
2636299,
2542295,
56805.88,
8372130,
720354.1,
223405.6,
168922.6,
723174.7,
3486191,
864410.8,
0,
4.269499e+07,
2078, 
348007.9,
5122627,
1383258,
265463.7,
2580739,
1340642,
2465612,
4291482,
1752532,
37278.56,
801527.9,
526159.4,
301629,
150838.3,
622354.3,
1352287,
2631401,
2369858,
61267.14,
8322614,
734989.3,
244200.3,
170953.8,
739042.9,
3531492,
846796.6,
0,
4.299505e+07,
2079, 
350615.8,
5116227,
1414638,
265807.6,
2641554,
1314805,
2458423,
4463073,
1832365,
48492.14,
781431.9,
526800.1,
304649.3,
153309.4,
635367.3,
1361477,
2617799,
2184512,
67985.68,
8270186,
754998.4,
258250.2,
172558.3,
748768.6,
3576611,
852733.4,
0,
4.317344e+07,
2080, 
351821.2,
5113447,
1441926,
260194.6,
2703875,
1309614,
2476150,
4621771,
1909406,
51939.57,
758911.5,
526663.8,
305361.5,
157289,
652339.9,
1370396,
2465588,
2013213,
71507.16,
8215530,
768522.7,
267156.9,
174716,
756377.4,
3623623,
941899.5,
0,
4.330924e+07,
2081, 
349710.5,
5122323,
1465286,
258004,
2750534,
1315522,
2477884,
4689685,
1992203,
50055.45,
756993.1,
524898.1,
308323.9,
165714.4,
677514.3,
1382057,
2355208,
1844008,
73481.88,
8155567,
778942.9,
276532.6,
176767.3,
765789.3,
3678018,
1114460,
0,
4.350548e+07,
2082, 
347584.5,
5127965,
1497286,
254406.8,
2751555,
1345792,
2492271,
4831548,
2081094,
43766.13,
726393.7,
522630.1,
312647.1,
173512.9,
703008.8,
1396280,
2258572,
1664017,
75376.32,
8096313,
792421.3,
282658.7,
177794.1,
773538.3,
3727717,
1226861,
0,
4.368301e+07,
2083, 
347912.9,
5121519,
1525437,
247809.7,
2744844,
1369454,
2449613,
5004969,
2170089,
41706.5,
693749.1,
518790.8,
313530.1,
180654.9,
719335.2,
1411938,
2129557,
1468398,
78870.2,
8039671,
817476.4,
292086.9,
176377.9,
785300.4,
3789334,
1311767,
0,
4.375019e+07,
2084, 
349517.4,
5093949,
1546605,
246116.9,
2729787,
1431669,
2315898,
5043532,
2259808,
38449.19,
676079.4,
518458.1,
313138.1,
188173.3,
725924.6,
1429244,
2049154,
1381334,
82139.48,
7991659,
847327.2,
302267.3,
173058.7,
797340.6,
3843530,
1323610,
0,
4.369777e+07,
2085, 
350657.6,
5053499,
1564993,
251480.1,
2707456,
1475723,
2289144,
5117490,
2351581,
40871.27,
666718.8,
514934.5,
313904.7,
196058.1,
717793.4,
1447502,
2013143,
1321156,
85152.84,
7959627,
879255.5,
316094.2,
169323.4,
807608.6,
3884312,
1338147,
0,
4.383362e+07,
2086, 
347595.4,
5009029,
1598308,
261477,
2690802,
1516861,
2321675,
5183945,
2458481,
39965.67,
679855.7,
513162,
315768,
203766.3,
711534.5,
1465279,
1972920,
1321002,
87764.47,
7917238,
914159.4,
323812.4,
165749.1,
819740.5,
3924990,
1292552,
0,
4.405743e+07,
2087, 
351827,
4963400,
1593198,
266803.3,
2685989,
1566472,
2347775,
5321002,
2572225,
34516.93,
668168,
508926.9,
316666.6,
213832.9,
720372.1,
1467927,
1960442,
1331113,
89787.8,
7909378,
938194,
327964.8,
162645,
833501.4,
3846652,
1231321,
0,
4.42301e+07,
2088, 
342772.6,
4934387,
1587613,
271540.2,
2690551,
1619197,
2371820,
5449801,
2677650,
30920.47,
668976.9,
505421.3,
316929.9,
226233.3,
733242.7,
1470586,
1903887,
1340275,
91223.71,
8055860,
948353.7,
326371.7,
159970.1,
849362.6,
3724121,
1195407,
0,
4.449247e+07,
2089, 
334913,
4903687,
1614432,
272305.9,
2701319,
1670833,
2390578,
5636331,
2781449,
26139.01,
686868.2,
502201.4,
318911.6,
229900,
742831.4,
1470775,
1600093,
1330151,
92513.63,
8183840,
942440,
323490.9,
158993.3,
870821.5,
3563582,
1273224,
0,
4.462262e+07,
2090, 
318234.8,
4869323,
1640260,
267750.1,
2713046,
1715946,
2409975,
5776649,
2881547,
26590.81,
707618.2,
498990.8,
320772.4,
231061.7,
750397.3,
1469387,
1243735,
1262169,
92797.23,
8321104,
946684.4,
318438.9,
159130.6,
899626.4,
3429869,
1354976,
0,
4.462608e+07,
2091, 
300902.1,
4836624,
1661843,
258436.7,
2725742,
1764351,
2430664,
6090591,
3008055,
23918.9,
697805.2,
496939.1,
322469.7,
236564.8,
757799.6,
1458901,
972005.6,
1182567,
91630.43,
8390883,
957929.3,
316888.1,
158915.1,
932990.4,
3271301,
1487177,
0,
4.483389e+07,
2092, 
290329.8,
4810073,
1709481,
233524.2,
2739485,
1832351,
2452071,
6407642,
3111455,
25665.98,
692797.6,
496239,
321492.7,
240864.3,
762857.5,
1459308,
755203.8,
1159943,
89647.97,
8393809,
967995.1,
318037.6,
158121.9,
951747.3,
2980193,
1591021,
0,
4.495136e+07,
2093, 
271245.2,
4781615,
1743433,
223859.2,
2751740,
1947906,
2475315,
6686666,
3214386,
21888.19,
682762.1,
499258.4,
322091.3,
249573.9,
768769.2,
1466274,
667044.8,
1153187,
88038.57,
8352617,
975935,
322112.9,
158295.9,
975545,
2884535,
1649759,
0,
4.533385e+07,
2094, 
248630.9,
4764694,
1774238,
211199.2,
2761084,
2087443,
2504404,
7038056,
3308367,
16178.23,
666996.2,
506314.9,
322032.4,
257943.3,
778165.9,
1474165,
674127.8,
1198638,
86059.66,
8283503,
987539.7,
328742.5,
159534.2,
1009627,
2819459,
1705768,
0,
4.597291e+07,
2095, 
228347.4,
4741602,
1791045,
201370.1,
2766940,
2212846,
2546139,
7420741,
3413765,
13685.39,
651843.7,
511905.8,
324154.6,
254474.6,
789629.3,
1481195,
654988.6,
1256726,
82767.54,
8247009,
986811.8,
332471.5,
162548.1,
1026784,
2748198,
1776671,
0,
4.662466e+07,
2096, 
212818.1,
4726380,
1811166,
194319.8,
2771802,
2310411,
2586608,
7789104,
3521950,
12754.01,
639374.1,
515005.2,
326104.8,
255711.7,
805919.7,
1488143,
626661.1,
1313296,
82570.45,
8393642,
959578.4,
331647.1,
167323,
1051439,
2662449,
1812192,
0,
4.736837e+07,
2097, 
208794.5,
4696692,
1823054,
200543.6,
2769540,
2398295,
2625626,
8177054,
3626388,
13776.89,
647347.2,
523501.3,
326778.9,
255699.1,
825805.8,
1492093,
519307,
1342182,
82645.02,
8421812,
956804.1,
321919.6,
174948.2,
1057508,
2581302,
1869347,
0,
4.793876e+07,
2098, 
205792.4,
4675449,
1824262,
205299.5,
2776606,
2456786,
2656589,
8624058,
3729036,
18601.79,
645215.8,
538757.1,
326983.1,
252388.1,
834448.8,
1497895,
331189.4,
1364968,
81705.2,
8492094,
961222.3,
305630.5,
180589,
1088469,
2510415,
1924165,
0,
4.850861e+07,
2099, 
208033.4,
4644630,
1823382,
212013.9,
2793085,
2393348,
2674862,
8957783,
3829264,
22482.95,
661327.9,
543239.4,
326317.9,
250006.1,
834326.6,
1498181,
122467.9,
1337058,
79359.06,
8440548,
961243.4,
285000.4,
182313.4,
1101122,
2464628,
1969397,
0,
4.861542e+07,
2100, 
213824,
4606586,
1836425,
225493.7,
2776719,
2380754,
2688840,
9341046,
3965892,
23978.15,
662871.9,
546326.8,
324318,
242716.9,
828750.9,
1495274,
65333.63,
1319659,
77422.86,
8423732,
974135.8,
270187.5,
184531.5,
1128264,
2340621,
2055301,
0,
4.8999e+07];
