real main.em.ep.isp.StorCapTot[28](t) = [1971, 
566.5516,
2974.242,
36.59344,
18.78446,
56.49295,
70.06173,
51.09151,
35.70309,
10.61529,
190.2325,
3522.189,
690.718,
37.31318,
556.4208,
110.5313,
1607.783,
123.688,
165.1254,
43.73093,
189.4541,
28.22084,
2.399819,
681.6126,
110.3267,
12.23423,
22.08051,
0,
11914.2,
1972, 
646.2068,
2975.325,
41.50105,
20.93361,
61.75048,
74.46001,
51.76905,
38.57457,
11.429,
206.3607,
3676.651,
753.3674,
43.05058,
588.0674,
113.3681,
1694.608,
139.7687,
172.2903,
47.06474,
207.8923,
32.03064,
2.773161,
728.3337,
108.9237,
12.26642,
31.6033,
0,
12480.37,
1973, 
716.0466,
3248.41,
45.12885,
23.28886,
71.53476,
83.28147,
53.04696,
42.95211,
11.59634,
219.3553,
3942.77,
784.9068,
43.52681,
621.6184,
121.3834,
1793.588,
167.1922,
178.2011,
53.26466,
227.295,
37.82142,
3.405518,
788.479,
124.1211,
14.25236,
40.17353,
0,
13456.64,
1974, 
740.7369,
3273.476,
57.15579,
24.33244,
79.6878,
91.07144,
56.72418,
43.06424,
11.21569,
234.7155,
4037.459,
833.147,
49.24638,
657.4884,
130.2095,
1903.219,
187.3378,
186.7154,
58.56364,
235.1268,
40.24563,
4.518979,
778.5542,
133.2379,
16.03489,
50.63234,
0,
13913.92,
1975, 
721.2789,
3369.763,
60.57953,
24.18607,
85.8364,
95.39849,
64.47839,
48.29572,
11.67795,
252.2754,
4023.85,
871.0328,
59.03473,
595.6721,
115.825,
1764.688,
217.4633,
206.9252,
65.50538,
278.3499,
41.93681,
5.131596,
796.1603,
138.2311,
17.99838,
53.29401,
0,
13984.87,
1976, 
771.6291,
3598.95,
64.31382,
27.3413,
98.93223,
102.9174,
73.92207,
50.22042,
13.53616,
264.1103,
4326.715,
925.7356,
67.06866,
622.4441,
122.6964,
1878.463,
256.2046,
232.1196,
71.59802,
308.7292,
47.25505,
4.763779,
851.8198,
144.1164,
18.93959,
57.16557,
0,
15001.71,
1977, 
827.6048,
3719.497,
69.53983,
29.62483,
109.1073,
112.6814,
84.54721,
54.93718,
14.22287,
264.156,
4423.47,
965.7787,
75.03923,
640.547,
126.8969,
1944.615,
324.4036,
246.7958,
78.35242,
337.0684,
52.46521,
5.954966,
887.6619,
151.6248,
20.39258,
62.17315,
0,
15629.16,
1978, 
887.8226,
3821.181,
76.84139,
31.27752,
120.8145,
118.2056,
95.1682,
53.08574,
14.94951,
275.613,
4588.078,
1016.439,
79.9075,
661.4203,
131.2871,
2035.778,
366.1609,
271.1016,
86.89745,
384.1993,
54.3092,
8.341752,
928.8909,
156.2169,
22.91259,
60.36849,
0,
16347.27,
1979, 
930.5836,
3897.239,
82.38017,
32.64764,
135.3507,
131.7877,
106.4107,
61.24861,
15.33246,
289.3206,
4782.964,
1024.307,
81.57787,
677.9902,
180.5236,
2084.631,
423.5063,
275.0294,
94.17832,
419.8944,
59.07838,
10.05396,
978.6647,
163.4653,
25.65977,
65.03242,
0,
17028.86,
1980, 
956.9705,
3946.067,
86.42492,
32.93711,
155.3486,
141.0116,
118.9684,
68.54221,
15.51166,
313.1775,
4815.501,
1071.879,
84.04609,
709.9711,
197.6389,
2245.674,
469.0141,
287.0997,
98.33775,
410.6411,
63.2188,
12.65398,
966.4479,
171.3388,
26.91668,
59.91519,
0,
17525.25,
1981, 
1006.165,
3977.724,
94.37408,
34.07282,
149.4476,
146.5888,
135.104,
67.05521,
16.40012,
357.5449,
4864.923,
1079.755,
88.10229,
727.1836,
202.5044,
2371.116,
556.1702,
314.95,
106.1865,
414.6992,
67.21867,
12.48687,
976.3061,
182.4507,
28.79957,
56.71403,
0,
18034.04,
1982, 
987.8763,
3879.774,
98.61697,
35.28294,
156.7041,
148.7295,
147.9557,
74.63887,
17.75323,
375.8919,
4857.618,
1095.41,
96.06812,
741.8357,
209.7063,
2461.393,
659.3623,
336.1757,
111.9568,
442.2256,
72.0631,
15.20176,
966.7123,
185.5411,
30.89977,
56.68878,
0,
18262.08,
1983, 
1032.313,
3967.786,
97.85334,
37.51175,
162.1703,
155.8778,
163.2668,
69.43452,
18.89731,
382.6582,
4973.012,
1145.789,
100.4165,
762.8631,
216.3593,
2589.904,
675.0385,
359.6462,
121.9811,
477.8961,
78.78671,
17.83483,
1020.775,
190.2068,
34.35219,
55.52523,
0,
18908.16,
1984, 
1112.937,
4148.679,
106.0188,
38.59267,
181.4442,
160.4629,
180.22,
64.50052,
18.92468,
423.2356,
5155.273,
1198.988,
113.4878,
792.8245,
225.6621,
2754.897,
727.5253,
397.668,
131.3843,
501.698,
84.95766,
20.98054,
1074.521,
203.2511,
38.75315,
54.75077,
0,
19911.64,
1985, 
1180.38,
4230.036,
92.49063,
38.04678,
196.4625,
163.4464,
193.5836,
78.1764,
20.27873,
437.7979,
5346.953,
1203.015,
123.9709,
812.9532,
233.2524,
2858.612,
780.3896,
435.9336,
141.4574,
536.3745,
89.71431,
21.78793,
1116.508,
218.1732,
41.8441,
56.80769,
0,
20648.44,
1986, 
1207.813,
4229.519,
103.6125,
40.66665,
207.7571,
185.0851,
191.2274,
81.85085,
21.52281,
449.8643,
5433.236,
1259.055,
142.1425,
831.6603,
237.0043,
2987.03,
850.5451,
476.1476,
152.6593,
588.5262,
92.82383,
30.7014,
1132.484,
225.4151,
46.27436,
58.08899,
0,
21262.71,
1987, 
1287.623,
4307.051,
111.3837,
43.02758,
210.5404,
199.1129,
204.588,
85.31209,
23.23073,
460.6482,
5612.606,
1284.988,
159.1042,
863.2498,
238.6665,
3106.901,
869.8856,
517.3069,
169.5676,
650.3062,
100.1051,
35.58298,
1207.819,
237.7348,
51.20742,
56.62699,
0,
22094.18,
1988, 
1317.798,
4484.585,
113.5261,
43.28682,
218.5223,
225.1013,
223.0472,
89.5977,
24.72464,
478.0786,
5859.241,
1278.846,
167.0093,
890.5942,
242.927,
3183.245,
1000.79,
569.975,
191.7332,
711.4372,
109.9127,
37.5843,
1276.658,
248.4913,
58.77047,
62.60328,
0,
23108.09,
1989, 
1289.948,
4891.889,
120.301,
46.22469,
232.4942,
215.0627,
233.4668,
93.52522,
26.15289,
488.7645,
6047.048,
1295.535,
180.1681,
906.2195,
244.232,
3416.993,
1020.844,
622.7436,
209.0354,
764.9399,
120.5463,
41.57862,
1357.823,
266.7864,
61.29194,
60.03375,
0,
24253.65,
1990, 
1248.779,
4995.017,
124.1782,
46.64644,
222.7405,
232.0306,
241.6987,
95.23464,
30.09094,
496.742,
6181.613,
1224.491,
199.0557,
975.4499,
302.9716,
3331.973,
1092.568,
669.6951,
224.4326,
813.0228,
132.6228,
49.40138,
1481.831,
273.6826,
66.6948,
66.78695,
0,
24819.45,
1991, 
1322.161,
5037.782,
128.2777,
45.39424,
236.8476,
218.3639,
254.9268,
97.33855,
32.04647,
497.4437,
6320.271,
1168.038,
202.7469,
899.2224,
259.5056,
3106.486,
1209.781,
729.2949,
236.5093,
971.8833,
143.0402,
55.9022,
1530.546,
281.3866,
71.52882,
73.58549,
0,
25130.31,
1992, 
1353.038,
5124.866,
131.5307,
47.91127,
243.21,
225.8121,
269.5014,
101.0303,
33.27724,
509.8634,
6363.897,
1085.719,
228.4895,
766.1619,
240.8473,
2686.772,
1286.643,
762.0281,
251.3727,
1073.014,
154.8902,
61.08335,
1548.467,
286.9293,
78.56659,
63.65348,
0,
24978.58,
1993, 
1400.01,
5248.247,
132.9806,
48.91608,
252.994,
238.4785,
291.5902,
101.4027,
34.5179,
530.7994,
6374.867,
1084.65,
251.0684,
695.1774,
202.8727,
2712.543,
1325.593,
804.2762,
278.3866,
1107.9,
170.7039,
68.28239,
1565.738,
296.0274,
81.98215,
65.08043,
0,
25365.09,
1994, 
1477.075,
5383.492,
143.0381,
52.48103,
260.1824,
253.114,
311.4686,
101.3972,
35.24347,
548.6053,
6510.382,
1149.806,
264.1108,
633.6509,
199.391,
2393.355,
1409.661,
863.042,
312.2456,
1202.429,
192.6088,
75.9335,
1637.838,
305.2038,
86.18166,
63.10423,
0,
25865.04,
1995, 
1492.358,
5533.303,
145.9399,
55.38452,
273.2166,
265.1011,
329.4654,
107.2202,
38.49891,
555.4975,
6679.871,
1147.758,
295.2812,
664.9861,
197.7865,
2387.472,
1480.046,
936.0297,
348.195,
1309.078,
213.4612,
88.07734,
1664.714,
313.7807,
91.62784,
64.4907,
0,
26678.64,
1996, 
1536.592,
5667.447,
138.8999,
58.28428,
286.8662,
277.522,
372.3477,
111.6934,
40.28891,
579.8902,
6784.958,
1265.946,
320.9588,
667.1891,
191.0033,
2357.417,
1541.957,
987.7862,
385.8134,
1375.304,
232.4093,
102.2018,
1712.869,
320.4303,
96.04258,
58.23957,
0,
27470.36,
1997, 
1559.342,
5802.424,
149.5433,
63.06667,
301.825,
299.6814,
400.9504,
112.1591,
43.41781,
601.1138,
6916.942,
1289.108,
349.7049,
661.0506,
187.3509,
2320.698,
1667.711,
1042.449,
421.7539,
1458.188,
248.7851,
107.9071,
1751.485,
330.9117,
99.70744,
61.11289,
0,
28248.39,
1998, 
1540.502,
5942.7,
161.3528,
67.64514,
311.2068,
315.6461,
428.1231,
109.5414,
44.6395,
593.0471,
7067.12,
1305.725,
372.6068,
635.3332,
180.1686,
2349.512,
1881.152,
1116.271,
413.5285,
1528.112,
245.2151,
111.2416,
1754.625,
350.3318,
103.3465,
79.88207,
0,
29008.57,
1999, 
1572.174,
6056.593,
170.9669,
72.95132,
323.2835,
316.1193,
453.727,
115.0014,
45.93073,
591.5038,
7145.375,
1276.334,
385.2715,
656.6152,
176.9925,
2412.155,
1803.323,
1199.151,
460.158,
1591.6,
262.1665,
129.942,
1779.913,
369.1242,
103.2132,
86.45398,
0,
29556.04,
2000, 
1619.372,
6343.602,
182.1804,
74.65185,
335.1507,
332.5862,
482.9996,
118.5998,
47.61495,
619.6091,
7169.195,
1355.499,
416.27,
649.2672,
180.2932,
2529.043,
1817.155,
1267.185,
544.5,
1796.541,
284.5647,
139.9362,
1853.209,
380.352,
112.5751,
94.09605,
0,
30746.05,
2001, 
1579.687,
6036.339,
187.8207,
76.65717,
328.2157,
330.6867,
511.2371,
126.1115,
49.8312,
599.2078,
7150.263,
1475.302,
415.541,
690.7477,
173.3084,
2642.879,
1899.68,
1315.607,
581.4227,
1977.714,
302.2626,
148.0265,
1834.23,
404.3328,
126.3338,
106.0062,
0,
31069.45,
2002, 
1601.415,
6216.291,
190.8052,
79.93091,
348.0696,
326.6881,
535.3976,
133.9789,
49.972,
648.6313,
6984.248,
1408.219,
441.9584,
687.0113,
176.5705,
2552.34,
1972.567,
1355.96,
621.3344,
2139.937,
320.4364,
156.7258,
1869.33,
404.9079,
133.2686,
112.9466,
0,
31468.94,
2003, 
1559.414,
6274.118,
234.0262,
81.73318,
362.091,
343.3472,
562.7003,
132.2837,
52.96286,
678.9907,
6913.207,
1413.671,
479.7038,
712.0392,
187.6726,
2601.263,
2073.951,
1448.105,
648.2044,
2451.687,
346.4095,
163.7016,
1866.884,
387.6955,
141.5318,
108.1215,
0,
32225.52,
2004, 
1582.394,
6482.717,
233.6509,
82.24094,
387.2316,
366.0472,
595.9068,
146.1196,
57.43266,
701.6752,
6836.197,
1496.853,
513.3504,
744.4052,
194.4859,
2682.988,
2209.006,
1541.412,
683.4819,
2810.4,
369.96,
174.8521,
1920.475,
398.1707,
152.954,
116.0364,
0,
33480.44,
2005, 
1540.254,
6485.275,
245.5914,
86.54609,
398.4742,
380.5703,
609.2902,
155.0974,
61.99234,
710.6077,
6735.918,
1466.757,
545.8482,
723.8307,
199.4023,
3028.796,
2217.364,
1638.716,
727.509,
3177.343,
398.8745,
186.7059,
1962.813,
398.9406,
164.6812,
124.845,
0,
34372.04,
2006, 
1485.825,
6463.285,
252.4699,
91.60374,
416.5012,
402.6553,
645.9786,
164.3182,
65.9783,
744.4606,
6585.396,
1490.089,
587.1369,
757.2525,
203.939,
3050.433,
2345.201,
1774.297,
750.132,
3645.148,
421.5749,
189.8313,
1990.278,
401.1104,
174.2884,
127.9488,
0,
35227.13,
2007, 
1574.617,
6502.204,
262.4515,
94.17709,
441.5191,
412.5288,
715.0486,
173.6386,
71.87371,
762.7435,
6347.129,
1480.072,
635.1835,
768.7031,
212.2415,
3075.496,
2528.98,
1906.575,
792.1208,
4191.984,
446.9216,
193.5331,
2050.218,
418.7274,
180.2431,
131.2264,
0,
36370.16,
2008, 
1563.848,
6385.175,
266.4993,
92.62354,
459.9324,
439.7501,
747.4355,
177.1391,
71.78596,
759.8241,
6246.584,
1478.01,
642.6376,
730.3878,
194.8627,
3136.452,
2638.011,
1834.628,
845.5485,
4635.505,
458.1947,
197.8771,
1980.869,
418.6216,
187.713,
133.3993,
0,
36723.32,
2009, 
1493.507,
6045.764,
263.1119,
92.49072,
464.9342,
444.9876,
852.1869,
184.4754,
78.40523,
741.1968,
5756.225,
1420.336,
626.7935,
631.3987,
186.8142,
2963.483,
2909.682,
1969.721,
883.3432,
5351.225,
481.4886,
202.2391,
1970.731,
402.491,
195.6768,
144.8649,
0,
36757.57,
2010, 
1482.595,
6199.616,
278.2428,
96.66811,
516.3356,
440.533,
924.0104,
198.6546,
89.2395,
772.3859,
6011.455,
1454.793,
678.0212,
650.3869,
206.2489,
2981.451,
3046.219,
2124.591,
953.2396,
6454.218,
526.2271,
218.1956,
2037.504,
424.4398,
202.2079,
152.9243,
0,
39120.4,
2011, 
1544.363,
5996.344,
307.9501,
101.2092,
535.131,
455.4868,
952.1194,
205.2339,
104.168,
780.2621,
6066.713,
1456.524,
737.8102,
662.8296,
199.7271,
3052.212,
3174.037,
2358.846,
993.0212,
7878.74,
554.1762,
231.8257,
2103.421,
424.2149,
215.4379,
156.1417,
0,
41247.95,
2012, 
1502.155,
5973.462,
321.4076,
105.0189,
564.4634,
486.4171,
1014.098,
211.0605,
116.2693,
776.0568,
6259.662,
1385.643,
798.9341,
665.5253,
212.783,
3055.627,
3386.304,
2460.386,
1034.501,
9032.801,
614.5831,
242.8177,
2186.615,
443.5851,
232.0877,
160.2246,
0,
43242.49,
2013, 
1408.762,
6041.596,
315.8889,
110.4095,
588.6074,
522.4489,
1073.432,
236.5547,
127.3032,
784.704,
6010.913,
1365.533,
813.5928,
645.0812,
255.06,
3067.285,
3584.146,
2664.522,
1081.615,
10688.14,
678.5188,
267.4516,
2610.015,
474.4706,
262.2623,
168.5286,
0,
45846.84,
2014, 
1362.702,
6148.115,
333.6104,
114.8019,
626.2745,
526.2427,
1141.693,
250.875,
144.9006,
892.5801,
6045.549,
1332.308,
859.269,
605.9124,
232.9966,
3092.465,
3884.247,
2988.476,
1142.209,
12528.49,
783.8411,
287.3427,
3016.617,
484.7782,
285.3234,
191.1468,
0,
49302.76,
2015, 
1279.194,
6389.117,
347.5733,
125.4772,
630.1172,
565.4443,
1278.972,
275.2195,
164.0418,
936.2417,
5637.676,
1291.368,
917.2158,
554.8705,
242.1418,
3106.929,
4340.04,
3270.02,
1232.558,
14746.55,
875.3741,
305.9809,
3803.409,
522.9233,
305.7781,
200.897,
0,
53345.13,
2016, 
1258.177,
6639.382,
368.8683,
128.8241,
663.9944,
573.6016,
1401.214,
284.4417,
174.4807,
1038.032,
5876.149,
1311.468,
1037.444,
551.9479,
286.9859,
3104.733,
4783.118,
3666.201,
1325.766,
16885.41,
1043.142,
330.7131,
4331.271,
566.386,
355.7095,
195.2984,
0,
58182.75,
2017, 
1298.903,
7101.322,
373.7181,
128.4064,
711.8107,
574.6327,
1445.358,
301.2906,
185.4265,
1135.126,
6032.08,
1314.149,
1308.597,
563.9558,
363.351,
3161.75,
4878.132,
4125.935,
1447.377,
20101.08,
1137.132,
352.2101,
4839.932,
626.2338,
402.7133,
211.3785,
0,
64122,
2018, 
1261.611,
7560.353,
395.8625,
135.8886,
743.4545,
584.515,
1624.002,
331.2452,
220.8498,
1269.293,
6404.315,
1489.024,
1828.525,
607.3625,
377.1115,
3134.87,
4867.092,
4725.112,
1597.472,
23559.59,
1240.911,
410.4637,
5313.016,
763.2841,
439.0884,
235.1339,
0,
71119.45,
2019, 
1303.63,
7872.101,
368.5999,
141.2473,
795.7117,
554.7196,
1765.436,
359.2176,
252.2921,
1303.817,
7156.471,
1410.26,
1957.465,
671.5885,
412.0591,
3158.951,
5511.698,
5124.876,
1832.981,
26593.74,
1586.479,
449.7887,
5747.54,
926.4872,
468.4481,
264.0737,
0,
77989.68,
2020, 
1277.847,
8155.747,
375.3983,
132.9025,
771.0856,
549.1448,
1823.001,
383.2399,
264.7838,
1351.985,
7769.841,
1496.727,
2114.581,
698.9179,
373.8882,
3036.696,
5928.405,
5241.492,
2069.47,
30869.89,
1932.27,
452.9388,
6224.095,
1112.845,
493.9214,
267.8424,
0,
85168.95,
2021, 
1302.332,
9258.971,
398.6372,
145.548,
852.8484,
616.7413,
1930.436,
412.4812,
294.731,
1426.796,
8102.362,
1680.03,
2375.208,
720.0588,
466.146,
3165.581,
6338.143,
5798.317,
2418.814,
36268.76,
2577.552,
488.489,
6736.895,
1362.353,
560.7203,
292.6281,
0,
95991.58,
2022, 
1277.375,
10192.44,
461.4291,
155.2253,
900.7186,
616.5708,
1965.782,
492.7424,
333.0941,
1430.335,
8877.767,
1822.882,
2627.051,
601.4711,
506.1983,
3138.245,
7294.351,
6728.846,
2591.217,
40288.49,
2731.227,
533.3873,
7059.133,
1586.792,
642.0021,
365.4716,
0,
105220.3,
2023, 
1212.784,
11599.23,
478.5224,
161.807,
967.4205,
633.0176,
2114.722,
577.5911,
356.0771,
1443.881,
9791.847,
2014.066,
2865.678,
623.1061,
571.7254,
3174.052,
8108.287,
7424.029,
2799.95,
48798.84,
2912.966,
587.2109,
7305.258,
1816.059,
671.123,
389.9175,
0,
119399.2,
2024, 
1151.131,
13584.14,
505.5525,
169.0544,
1005.666,
659.5238,
2289.118,
642.4681,
384.3986,
1503.992,
10671.92,
2285.228,
3862.246,
566.3631,
632.0364,
3147.835,
8663.541,
8609.173,
2896.236,
57181.69,
3082.365,
632.8141,
7448.306,
2136.804,
728.6694,
422.4563,
0,
134862.7,
2025, 
1202.437,
15860.72,
509.9838,
216.7716,
1148.552,
696.2219,
2443.316,
722.2976,
560.4699,
1793.612,
11595.7,
2473.241,
4107.053,
593.0848,
678.1607,
3128.667,
14206.6,
10940.94,
3187.7,
60840.81,
3389.59,
1072.728,
8398.709,
2542.34,
899.367,
466.7122,
0,
153675.8,
2026, 
1230.933,
17195.04,
519.8748,
226.5504,
1148.788,
711.0929,
2388.807,
813.2437,
705.7391,
1667.628,
12429.44,
2668.547,
3921.025,
623.6005,
804.0576,
3065.475,
13316.7,
12848.89,
3214.672,
70414.53,
3644.797,
1233.347,
8582.004,
2891.113,
1100.372,
479.2064,
0,
167845.5,
2027, 
1228.842,
18533.62,
538.1786,
259.6493,
1153.822,
740.746,
2365.884,
1176.469,
900.6196,
1562.366,
13250.74,
2814.444,
3845.289,
676.3564,
1227.574,
3012.916,
13738.37,
15532.41,
3338.704,
80425.19,
4093.628,
2024.552,
8834.337,
3358.039,
1431.276,
517.2827,
0,
186581.3,
2028, 
1438.489,
19449.18,
574.8618,
301.7224,
1159.879,
770.9897,
2316.859,
1604.47,
1082.691,
1492.311,
14300.57,
3085.917,
3832.591,
730.2961,
1563.908,
2952.584,
14984.31,
19269.31,
3364.23,
93339.47,
4774.602,
3059.494,
9275.708,
3927.51,
1987.676,
580.862,
0,
211220.5,
2029, 
1722.865,
20444.4,
618.7878,
365.1243,
1177.626,
850.2261,
2258.835,
2097,
1164.642,
1464.289,
15317.24,
3383.76,
3874.41,
760.8103,
1956.77,
2899.231,
15839.23,
23902.83,
3378.845,
106257.7,
5740.241,
4136.785,
9685.873,
4762.726,
2578.318,
709.9254,
0,
237348.5,
2030, 
1920.713,
22647.36,
717.7178,
652.9761,
1274.552,
1065.466,
2183.285,
2353.458,
1240.236,
1498.823,
16052.72,
3662.204,
4172.006,
806.7216,
2365.621,
2866.602,
16236.99,
29249.62,
3368.503,
119443.2,
7327.189,
5462.566,
10060.02,
5555.236,
3109.267,
889.8884,
0,
266182.9,
2031, 
2111.818,
27354.37,
788.2995,
1587.051,
1522.947,
1299.519,
2298.425,
2537.86,
1318.904,
1558.503,
17491.21,
3847.469,
4639.042,
862.097,
2861.181,
2800.286,
17475.47,
41156.71,
3373.216,
142644.9,
8954.955,
6902.81,
10443.81,
6676.044,
4134.842,
1133.817,
0,
317775.6,
2032, 
2322.291,
33760.32,
872.1801,
4338.41,
2051.277,
2038.648,
2502.307,
2642.274,
1386.146,
1642.956,
32018.08,
4522.755,
5143.98,
925.796,
3505.568,
2754.732,
18088.96,
59207.8,
3287.386,
179157,
11849.02,
8093.447,
10875.91,
7937.883,
5221.997,
1186.021,
0,
407333.2,
2033, 
2523.407,
43243.39,
977.2901,
9712.742,
3292.582,
4870.609,
2686.009,
2792.186,
1441.036,
1591.917,
48185.42,
8168.691,
5558.233,
985.0084,
4432.232,
2695.415,
18363.33,
89867.05,
3243.517,
237744.8,
15983.93,
9775.662,
11462.57,
9405.972,
6369.735,
1223.582,
0,
546596.4,
2034, 
3045.181,
65520.73,
1427.656,
13996.85,
5283.211,
10514,
3130.821,
4312.823,
1713.078,
1595.042,
64991.76,
13761.01,
6116.389,
1157.507,
6002.702,
2730.368,
21130.21,
151781,
3438.803,
315380.6,
21725.03,
11533.6,
12523.38,
11480.51,
10360.82,
1394.943,
0,
766047.9,
2035, 
3613.306,
88736.25,
2008.07,
16226.85,
10855.38,
25699.02,
3476.863,
6471.905,
2979.417,
1506.709,
81665.02,
21005.73,
6543.96,
1284.277,
9241.132,
2802.552,
31471.7,
206660.5,
3692.652,
475261.7,
29006.36,
12939.47,
13660.14,
14204.34,
15493.35,
2295.517,
0,
1088802,
2036, 
4087.213,
114643.8,
3229.955,
17019.53,
15298.73,
35896.34,
4410.272,
9484.536,
5092.792,
1904.09,
95956.78,
26077.13,
7064.219,
2166.803,
13589.94,
2894.262,
47079.54,
235800.1,
4256.271,
612947.1,
38692.21,
14314.77,
16211.81,
16266.64,
20175.6,
4582.991,
0,
1369143,
2037, 
4352.52,
147236.2,
7634.642,
18116.15,
18112.96,
39507.64,
6239.311,
21193.57,
10684.76,
5246.034,
108897.6,
31146.99,
7707.083,
5621.124,
26774.84,
3090.589,
66267.09,
258190.5,
5856.812,
751650.1,
49966.91,
16857.6,
18457.24,
18348.49,
29795.92,
10607.84,
0,
1687561,
2038, 
4858.642,
182156.7,
13382.96,
18764.33,
19322.08,
42272.83,
11782.83,
33985.25,
18030.96,
13209.45,
115454,
37082.18,
8205.859,
9913.549,
39604.36,
3377.245,
101473.9,
282324.5,
7523.391,
805070.7,
63855.82,
19494.27,
20133.82,
21598.25,
41204.69,
17170.89,
0,
1951253,
2039, 
5618.487,
217044.7,
23358.6,
19507.27,
22755.62,
45522.86,
31765.89,
45299.41,
22034.04,
17267.78,
121273.6,
44660.02,
8976.637,
17826.78,
43391.06,
3744.391,
139644.1,
289892.3,
7785.883,
855169.6,
77507.38,
22188.58,
20951.94,
25452.18,
47229.38,
19585.02,
0,
2195454,
2040, 
7307.298,
250462,
31422.01,
20634.63,
26789.55,
47273.21,
56399.18,
58082.22,
25890.42,
17673.53,
134742.6,
52612.78,
10123.64,
23897.54,
43843.42,
4184.26,
154264.9,
298458.6,
7933.042,
898328.6,
87116.94,
28374.86,
21197.98,
28100.56,
61266.96,
20957.1,
0,
2417338,
2041, 
8535.859,
285191.3,
34754.21,
22118.67,
30422.3,
49510.49,
81501.42,
63046.08,
28660.2,
21062.36,
148373.3,
59761.69,
12984.17,
25301.46,
43503.59,
4706.481,
165556.8,
308858.5,
8068.34,
936453.7,
96346.13,
36040.11,
21810.55,
29651.17,
71608.2,
22681.44,
0,
2616509,
2042, 
9216.235,
312723.1,
38187.24,
23613.38,
36128.8,
54014.56,
86548.55,
67369.88,
31014.53,
19516.45,
145378.9,
65935.53,
15854.71,
25563.16,
43709,
5259.799,
175564.4,
320466.4,
8149.267,
947769.9,
106849.6,
42390.95,
22746,
30293.52,
81453.38,
23909.71,
0,
2739627,
2043, 
9777.878,
347273.2,
40949.29,
25142.6,
41508.72,
60179.03,
91186.18,
71587.65,
33363.92,
16545.63,
145026.9,
67806.01,
19283.38,
25710.14,
44355.7,
5789.701,
185197.2,
331737.6,
8396.695,
957423.2,
122235.8,
46208.22,
23674.35,
34235.8,
91172.84,
24077.63,
0,
2869845,
2044, 
10161.58,
367473.3,
43409.1,
26650.6,
45952.86,
68828.2,
95245.95,
75592.4,
35265.32,
15112.34,
143166.5,
67631.27,
24068.06,
25775.54,
45459.09,
6175.371,
193140.2,
342980.2,
8870.962,
968215.5,
135098.4,
54059.85,
25030.25,
34756.61,
96919.44,
22039.07,
0,
2977078,
2045, 
10858.82,
379446.2,
45734.27,
28158.55,
52577.55,
78552.14,
98576.28,
79330.24,
37158.3,
14100.28,
142207.6,
67337.41,
31712.56,
25714.61,
46435.66,
6593.222,
192904.8,
354775.5,
10058.93,
979909.3,
142327.9,
60710.66,
26296.48,
40329.41,
102859.5,
21400.63,
0,
3076067,
2046, 
11912.1,
387654.7,
49062.57,
29708.96,
58748.93,
88071.7,
101555.9,
83489.11,
40437.59,
14022.54,
139320,
68321.13,
37321.11,
25485.51,
47326.55,
7302.691,
190900.2,
366968.9,
11860.99,
988279.1,
154919.2,
68861.55,
27452.25,
42596.32,
110411.4,
21571.34,
0,
3173562,
2047, 
13493.78,
399174.7,
52487.63,
31278.48,
68437.05,
98331.91,
96008.12,
87935.97,
44127.2,
14467.67,
137734.8,
69308.63,
39201.07,
25212.77,
48334.25,
8071.603,
194996,
379674.3,
13773.29,
997734.3,
162392,
73026.43,
28164.88,
48978.54,
118330,
21089.17,
0,
3271765,
2048, 
15151.31,
417044.8,
58066.74,
32821.64,
79324.8,
103096.9,
99024.37,
92909.02,
47010.38,
16159.08,
139992,
71016.41,
44007.4,
25288.4,
49380.82,
9319.648,
199602.7,
392144.3,
14501.33,
1007461,
165366.7,
77358.57,
28381.58,
52185.46,
126372,
21863.83,
0,
3384851,
2049, 
16971.35,
437387.7,
64680.68,
34396.88,
90142.36,
107759.1,
104105.2,
97986.61,
51423.64,
17518.13,
152252,
73688.97,
47518.56,
25008.1,
50631.26,
13799.25,
189815.9,
404576.2,
15164.8,
1016794,
163717.5,
75961.73,
28816.47,
54651.98,
134332,
20671.09,
0,
3489772,
2050, 
18761.93,
459130.6,
73984.84,
36022.48,
103193.8,
112550,
109065,
102857.3,
52841.16,
18602.21,
160030.8,
74725.8,
48362.24,
24658.88,
52190.28,
24046.73,
189265.5,
417645.3,
15741.58,
1025779,
158361.5,
74414.3,
29128.1,
56655.61,
142873.1,
20367.39,
0,
3601256,
2051, 
20384.94,
483765.8,
82064.43,
37739.12,
117743.2,
116957.8,
116834,
108561.5,
52043.11,
19228.97,
161724.9,
75178.82,
50577.89,
24309.17,
53405.53,
40968.33,
184069.8,
431167.2,
16138.98,
1032577,
150298.3,
72810.73,
29512.43,
58906.81,
152030.4,
19377.96,
0,
3708377,
2052, 
21881.51,
503631.2,
84647.41,
39412.04,
130503.4,
121004.4,
121732.2,
113822.3,
52997.03,
20714.15,
159466.2,
75501.41,
54335.29,
23901.37,
54575.03,
65381.89,
181827.6,
444389.1,
16321.34,
1044127,
142453.7,
68653.93,
29802.17,
60699.52,
161080.7,
19354.29,
0,
3812216,
2053, 
23499.91,
520752.3,
87145.15,
41092.92,
143200.6,
124463.5,
130470.6,
118987.5,
52767.24,
21099.29,
157996.4,
75929.7,
56698.53,
23536.03,
56625.32,
98551.8,
180161.9,
461073.8,
16494.73,
1055585,
132442.9,
63623.34,
30076.75,
62471.99,
170053.7,
17577.16,
0,
3922379,
2054, 
25614.88,
537558.2,
89789.49,
42712.67,
154957,
128029,
135855,
124525.5,
52319.61,
21554.84,
157017.1,
75752.5,
57921.06,
23153.57,
59165.35,
133565.6,
180741.6,
487855.4,
16643.99,
1062591,
121149.4,
61588.07,
30045.59,
64357.94,
178982.1,
17023.85,
0,
4040471,
2055, 
27824.7,
551732.1,
94468.9,
43340.71,
168372.5,
131508.5,
142024.2,
130176.6,
54786.48,
22330.29,
155910.8,
75751.96,
58971.2,
22842.87,
61168.81,
146017.8,
186111.1,
507735,
16632.8,
1064881,
111700.7,
60051.32,
29960.02,
66029.8,
187968.7,
16265.72,
0,
4134564,
2056, 
30082.71,
561687.4,
99128.59,
42764.5,
180048.1,
135032.9,
149403.3,
135970.4,
59723.59,
24354.45,
154529.3,
75470.7,
59965.52,
22715.25,
63199.94,
154565.3,
195665.3,
530972.7,
16637.06,
1064723,
110645.9,
59824.03,
30221.04,
68414.32,
198233.7,
17198.82,
0,
4241178,
2057, 
32495.14,
569976,
103318.9,
42643.39,
195613,
138427.6,
155079.2,
142347,
65279.2,
27600.32,
154976,
74248.7,
59873.15,
22672.36,
65794.68,
158836.6,
203816.1,
549379.1,
16589.04,
1069113,
110516.8,
59746.57,
30333.84,
71769.03,
208473.8,
17740.3,
0,
4346659,
2058, 
34728.86,
576947.8,
106787.5,
42896.92,
213528.7,
141780.6,
161234.8,
149080.6,
70936.37,
30058.61,
153777.3,
73535.24,
58463.89,
22683.22,
67096.73,
155502.2,
214394.6,
560231.9,
16456.67,
1074154,
109541.1,
59674.71,
30334.65,
74872.21,
219207.7,
20438.07,
0,
4438345,
2059, 
36810.54,
586781.3,
110135.7,
43343.07,
223039.9,
145001.6,
167209.6,
156468.5,
75889.71,
31202.42,
153835.5,
74431.43,
56324.66,
22818.4,
67483.12,
153264.9,
221832.6,
568952.8,
16212.49,
1090343,
111366.2,
59795.31,
30488.67,
78589.69,
230145.7,
23745.44,
0,
4535513,
2060, 
39411.45,
597233.4,
112988.5,
44081.71,
228143.8,
148200.7,
173511.7,
172862.3,
83100.13,
30847.31,
154902.9,
75632.88,
53778.12,
23662.87,
66680.11,
152487.9,
232263.4,
577912.9,
16032.2,
1094126,
110243.6,
60304.64,
30649.76,
82075.95,
241607.8,
27543.22,
0,
4630285,
2061, 
41916.31,
603808.4,
116146.1,
44437.5,
233683.1,
151426.6,
180582.1,
190195.2,
93122.02,
28715.98,
153479.7,
78528.05,
51271.38,
24941,
67017.33,
152005.3,
237624.4,
588158.4,
15930.38,
1099685,
111449.5,
60212.19,
30838.63,
83814.86,
254881.3,
32814.53,
0,
4726685,
2062, 
43071.79,
613299.7,
119429.9,
43277.57,
239154.7,
154590.8,
186790.1,
208079.4,
101900.7,
26473.25,
150353.7,
79353.87,
49916.8,
26680.45,
69754.25,
153516.8,
244812.7,
606941.8,
15476.34,
1103917,
110540.7,
59376.8,
31239.77,
87771.93,
269346.9,
39632.5,
0,
4834700,
2063, 
47083.17,
619692.8,
125870.7,
41921,
246123.7,
157752.4,
192905.5,
232423.6,
107411.4,
24966.66,
147381.3,
79859.59,
50444.21,
28777.07,
73411.37,
155712.5,
253183.2,
625364.6,
14932.07,
1114824,
110810.9,
57221.38,
31621.12,
90531.13,
284480.8,
46194.69,
0,
4960901,
2064, 
48651.66,
626221.6,
131736.9,
40694.84,
252227.8,
160913.6,
199578.7,
259276.2,
112834.4,
23826.71,
147136.5,
80034.9,
51458.77,
29730.41,
76950.35,
159586.9,
258418.1,
643842.1,
14505,
1117042,
110135.2,
55728.3,
31922.84,
93724.48,
300535.5,
51273.25,
0,
5077987,
2065, 
50597.23,
632251.6,
137031.7,
39510.64,
257842.7,
164227.6,
206688.3,
288964.7,
118790.5,
24802.87,
146690.2,
80305.66,
52120.5,
29663.51,
79355.27,
161474.5,
261690.1,
662327.8,
14167.34,
1121042,
109592,
52740.29,
32255.88,
96276.02,
317565.6,
57727.39,
0,
5195702,
2066, 
51544.84,
639942.8,
142664.4,
38289.62,
264274.7,
167722.1,
220821.8,
314877.7,
125646.3,
27268.07,
144845,
80432.39,
52693.46,
28713.46,
79792.21,
161014.9,
266555,
680342.4,
13885.77,
1130828,
109640.4,
50418.59,
32501.68,
98222.61,
335818.8,
68483.62,
0,
5327241,
2067, 
52534,
646092.5,
149686.9,
36803.75,
270732.2,
171240.3,
230043.1,
338287.5,
132745.7,
33135.93,
142945.5,
80734.03,
53028.98,
26296.69,
78858.77,
160930.2,
273416.8,
698126.4,
13726.95,
1124983,
113584.1,
47858.8,
32688.75,
99535.36,
353076.1,
77800.79,
0,
5438893,
2068, 
54673.61,
651760.6,
156651.7,
35398.35,
277091,
174531.9,
236578,
385446.1,
139800.5,
38337.47,
143040.8,
81010.23,
53550.51,
21463.12,
78506.63,
161199.2,
276538.4,
704244.3,
13753.32,
1113724,
115655.2,
46834.12,
32648.91,
101077.4,
369179.7,
85394.7,
0,
5548090,
2069, 
54172.5,
656860.1,
163269.1,
34118.84,
282843.6,
177029.9,
250902.4,
415258.7,
146861.2,
37734.33,
143369.5,
81263.73,
55052.55,
19984.91,
78729.57,
162002,
292028.5,
696216.7,
13889.32,
1101166,
117864.4,
46071.57,
32412.45,
102848.9,
384705.9,
93933,
0,
5640590,
2070, 
53052.21,
660974.7,
168715.5,
32902.5,
288599.2,
185357.7,
272294.2,
432699.1,
154205.1,
31288.99,
145468.6,
81612.71,
56618.61,
19595.69,
78849.27,
162991.9,
298704.6,
682338.3,
13718.6,
1081161,
121066.1,
45832.05,
32056.86,
104684.9,
399253.3,
104418.7,
0,
5708461,
2071, 
51697.46,
663628.6,
174193.5,
31429.59,
293979.8,
193073.7,
288063.8,
452838.4,
162532.3,
24910.59,
148166.6,
81324.38,
58143.98,
19422.96,
78385.66,
164349.6,
305949.8,
661632,
13614.17,
1078583,
123382.1,
45827.3,
31652.5,
106207.4,
414247.5,
113527.4,
0,
5780764,
2072, 
53029.37,
665998.1,
178183,
31475.7,
299138.2,
198664.6,
300224.5,
466313.5,
171100,
18765.76,
150975.9,
80917.18,
60086.73,
19804.69,
77569.02,
165979.2,
300819.8,
640785.5,
13588.67,
1075037,
125561.9,
45516.91,
31216.71,
107640.2,
428870.8,
121105.8,
0,
5828369,
2073, 
49404.34,
667706.1,
181100.1,
32389.97,
304917,
202510.2,
315227.2,
481202.4,
179700.8,
12607.79,
152582.6,
80353.55,
61854.27,
20003.79,
76400.16,
167790.7,
317573.9,
618710.9,
13309.46,
1070327,
127121.7,
45563.57,
31093.08,
108614.5,
445058.8,
128271,
0,
5891395,
2074, 
50398.78,
669620.4,
184980.1,
33593.86,
311978.3,
202872.7,
330288.8,
495251.7,
188350.2,
8769.653,
154841.1,
79990.25,
62059.34,
19931.6,
75826.48,
169257,
323224.6,
597759.5,
13048.34,
1064580,
129754.7,
46390.86,
31039.86,
110929.8,
460505.6,
131802.3,
0,
5947046,
2075, 
50533.1,
671376.1,
188530.8,
35004.71,
319013.3,
203521.7,
329186.5,
518742.5,
197046.2,
7094.755,
154891,
79773.68,
62570.75,
19502.68,
75582.52,
170010.6,
350165,
573604.7,
12982.29,
1059370,
133588.7,
48325.07,
30927.66,
112487.3,
476947.2,
132602.2,
0,
6013382,
2076, 
50886.34,
671549.1,
191397.9,
36906.14,
326917.8,
203108,
324387.5,
545775.3,
206633.8,
7052.175,
155054.7,
79594.74,
62837.78,
19433.66,
76231.34,
171495.4,
359920.7,
539120.6,
13014.37,
1053088,
137726,
50971.28,
30957.94,
115309.8,
494371.1,
120967,
0,
6044708,
2077, 
51945.98,
672360.9,
195361.3,
38345.69,
334882.9,
203555.4,
318079.9,
570923.4,
216280.3,
8270.087,
154940,
79522.2,
63233.64,
19830.22,
77290.96,
172942.7,
374916.3,
505032.3,
13223.1,
1046516,
140795,
55034.61,
31208.03,
116658.8,
511827.3,
102414.9,
0,
6075392,
2078, 
52788.38,
673059.6,
199788.2,
39197.54,
345783.9,
205163.9,
316170.1,
599502.8,
225967.2,
9674.201,
154164.8,
79502.42,
63936.49,
20108.31,
79356.36,
174272.7,
371466.7,
471086.2,
13674.84,
1040327,
143159.3,
58654.18,
31301.25,
118989.1,
529386.3,
100212.8,
0,
6116695,
2079, 
53047.95,
673823.1,
204590.7,
39397.48,
356167.8,
206586.4,
314849.7,
614301.4,
235695.6,
11699.4,
152073,
79377.72,
64285.89,
20562.32,
82255.26,
175134.9,
368011.5,
434656.4,
14287.67,
1033773,
146461.9,
61189.16,
31329.18,
120751.5,
546685.9,
99483.23,
0,
6140478,
2080, 
53167.43,
674379.9,
208504.9,
38655.08,
367017.3,
208733.5,
316527.7,
631917.6,
246021,
12312.8,
149378.1,
79156.02,
64352.45,
21308.74,
85413.19,
175780.8,
340035.1,
402172.6,
14632.3,
1026941,
148966.1,
62885.64,
31473.91,
121799.7,
565050.4,
112473.3,
0,
6159057,
2081, 
52988.69,
674372.1,
212038.5,
38275.24,
375965.2,
211422.6,
313411.3,
629851.4,
257468.6,
12069.75,
149139.7,
78862.85,
64650.12,
22775.2,
88889.71,
176879.9,
322208.8,
371177.8,
14843.72,
1019446,
150959.9,
64613.02,
31642.04,
122628.1,
583251.1,
138652.1,
0,
6178483,
2082, 
53151.65,
674555.2,
216776.1,
37606.04,
377940.4,
217993.8,
315992.3,
644713.1,
268963.3,
11061.47,
145446.9,
78592.23,
65107.71,
23880.13,
91886.05,
178449.1,
312469.3,
338391.6,
15016.1,
1012039,
153200.9,
65807.27,
31709.16,
123176.8,
601763.7,
156289.3,
0,
6211979,
2083, 
53798.54,
675118.3,
221039.5,
36421.98,
378201.3,
224732.7,
310058.9,
665864.4,
280249.4,
10730.9,
141536.6,
78257.29,
65192.79,
24498.23,
93320.17,
180335,
297363.3,
303316.9,
15398.04,
1004959,
156864.8,
67487.86,
31486.68,
124606.2,
626404.6,
168144.5,
0,
6235388,
2084, 
54818.46,
675876.8,
223382.9,
36027.86,
377850.2,
232512.1,
289510.3,
660672.4,
291403.5,
10190.2,
139512.1,
78215.4,
65096.44,
25182.16,
93060.84,
182184.6,
287149.4,
289530.8,
15746.85,
998957.3,
161024.1,
69211.88,
31047.18,
125987.3,
646329.7,
166249.3,
0,
6226730,
2085, 
55875.65,
675997.1,
225947.3,
36810.55,
375975,
236471.4,
284384.9,
664953.9,
302784.1,
10677.9,
138583.5,
78006.63,
65142.34,
26205.49,
91157.55,
183805.1,
285300.4,
279937.2,
16056.94,
994953.4,
165401.4,
71453.68,
30555.89,
127225.5,
663586.1,
164218,
0,
6251467,
2086, 
55137.73,
676228.8,
230452.2,
38210.36,
375052.7,
239396.2,
287950.4,
666737.4,
314954.3,
10567.01,
140474.2,
77999.92,
65320.96,
27409.1,
90300.04,
185439.6,
282884.1,
277596.4,
16309.8,
989654.8,
169977.5,
72835.86,
30088.35,
128512,
680965.8,
154690.5,
0,
6285146,
2087, 
58080.15,
676158.1,
228696,
39037.13,
375904.5,
242425.3,
291338.7,
681882.8,
326916.6,
9571.269,
139571,
77947.37,
65396.77,
29350.21,
91395.86,
186962.3,
282593.6,
277396.8,
16491.72,
989096.9,
173148,
73689.55,
29689.53,
130057.9,
674332.8,
144547.2,
0,
6311678,
2088, 
56411.29,
676533.6,
226653.4,
39830.16,
377950.8,
244799.1,
293856.3,
695230.5,
338771.1,
8889.956,
140198.6,
78008.16,
65392.02,
31923.16,
92792.3,
188359.3,
276193.6,
275705.2,
16611.92,
1008334,
174653.8,
73626.08,
29323.75,
132213.6,
661175.2,
139141.3,
0,
6342578,
2089, 
56107.43,
677138.9,
230454,
39968.01,
380770.5,
247191.1,
295486.1,
718310.6,
350309.4,
7940.79,
142867.7,
77724.38,
65585.13,
32187.79,
94154.9,
189886.1,
251872.3,
271185.8,
16715.66,
1024912,
174291.3,
73352.15,
29178.22,
135557,
639832.4,
148931.3,
0,
6371912,
2090, 
54216.49,
678015.5,
234572.2,
39298.58,
383918.3,
252034.5,
297511.3,
734782.5,
362127.1,
8077.314,
145859.4,
77412.97,
65768.73,
31314.46,
95274.3,
190810.9,
219847.1,
257828.3,
16696.93,
1042680,
175131,
72721.75,
29165.11,
139961,
620872.9,
159853.7,
0,
6385752,
2091, 
52263,
678333.2,
237758.1,
38135.92,
387020.2,
259790.6,
299520.7,
777995.3,
375325,
7518.64,
145238.5,
77075.97,
65919.13,
31749.97,
96515.84,
190575.8,
197646.2,
250875.6,
16495.56,
1051505,
176821,
72622.25,
29113.83,
144978.2,
598048,
177904,
0,
6436745,
2092, 
51169.47,
678681.2,
245260.6,
35528.93,
390331.7,
267704.8,
301547.5,
821625,
388637.3,
7926.958,
145007.4,
77034.66,
65764.39,
32273.33,
97096.95,
191755.3,
179896.1,
249802.6,
16199.34,
1053169,
178349.5,
73096.29,
28984.14,
149287.7,
553622.2,
189204.2,
0,
6468957,
2093, 
49339.01,
678395.5,
250570.8,
34407.72,
392114.2,
284356.4,
303845.8,
858742,
398113.2,
7089.485,
143998.3,
77204.72,
65778.93,
33304.61,
97351.7,
193510,
172157.1,
250956.3,
15975.62,
1048800,
179527.7,
73862.63,
29002.84,
151776,
537842.5,
194961.1,
0,
6522984,
2094, 
46842.06,
677631.8,
255437.8,
32611.28,
393417.7,
305299.9,
307827.1,
909119.7,
408314.5,
5684.017,
142413.1,
77380.36,
65727.52,
33753.59,
97845.07,
194840.1,
174174.5,
256779.7,
15741.27,
1040239,
180993.1,
74967.2,
29142.08,
156128.8,
527595.6,
202307.3,
0,
6612215,
2095, 
44499.91,
676527.8,
258035.2,
30997.2,
394355.8,
322765.1,
312582.6,
964544.9,
418816,
5016.296,
140823.1,
77362.63,
65922,
33316.05,
99496.07,
196096.8,
174783.2,
267269.3,
15375.97,
1036124,
181085.9,
75699.1,
29484.21,
158003.8,
516501.3,
211093.2,
0,
6706578,
2096, 
42628.32,
676485.9,
261290.4,
29563.56,
395117.5,
335734.2,
318150.6,
1016914,
431322.4,
4750.562,
139307.7,
77059.74,
66078.69,
33219.16,
101963.8,
197180.1,
173853.2,
275308.5,
15332.28,
1057734,
178883.9,
75682.88,
30043.11,
160999.6,
502805.2,
214128.8,
0,
6811539,
2097, 
42206.37,
674254.2,
262911.4,
29995.7,
395025.8,
347213.8,
322508,
1072785,
443095.2,
5047.563,
140418.7,
76941.66,
66097.73,
32968.41,
104639.6,
198104.8,
157056.1,
277162.7,
15325.69,
1060738,
178659.4,
74239.42,
30950.29,
160679.7,
489573.8,
220708.4,
0,
6879307,
2098, 
41873.24,
673313.9,
262719.9,
30500.57,
396206,
354784.5,
325278.3,
1139707,
453736.2,
6340.835,
140096,
77064.95,
66201.53,
32291.61,
105516.9,
198750.8,
120567.7,
279428,
15185.25,
1066228,
179535.9,
71798.02,
31618.58,
164536.8,
478853.1,
226961.9,
0,
6939096,
2099, 
42202.3,
671942.3,
262220.6,
31309.34,
399476.4,
343592.2,
326102.6,
1187060,
466901.4,
7306.041,
142081.2,
77050.49,
66259.31,
31667.48,
105289.6,
199015.1,
65859.6,
274706.3,
14873.32,
1060624,
180082.3,
68556.41,
31799.03,
164995.8,
473715.4,
232334.6,
0,
6927023,
2100, 
43005.93,
670272.8,
264000.1,
32829.25,
398525.4,
341685.5,
325567.6,
1243095,
484274.1,
7665.155,
142279.5,
77039.5,
66127.64,
30281.46,
104507,
198968,
47798.27,
272871,
14579.3,
1058517,
182132.5,
66243.92,
32066.96,
168614.6,
458603.7,
242990.4,
0,
6974541];
