real main.em.dem.hi.Clinker_Production[28](t) = [1971, 
7.4853,
63.9486,
6.16722,
4.277119,
8.038461,
12.24752,
6.25314,
3.05092,
1.27804,
5.21629,
148.1945,
32.9983,
6.87323,
1.5908,
0,
82.27142,
8.05349,
12.39273,
10.62152,
26.71521,
7.71953,
0.44317,
51.11324,
4.80396,
2.93748,
1.97758,
0,
516.6688,
1972, 
8.181899,
67.437,
7.17746,
5.781819,
9.33324,
12.79692,
6.21131,
3.40158,
1.24333,
5.43968,
168.4209,
36.25626,
6.91145,
1.60064,
0,
85.52518,
9.37485,
13.10155,
10.72526,
29.89577,
8.42296,
0.54236,
57.01112,
5.09894,
2.82282,
2.23657,
0,
564.9509,
1973, 
9.0477,
69.8184,
8.13276,
6.222979,
10.98636,
13.26924,
6.09294,
3.4265,
1.25579,
6.10896,
163.4131,
38.33475,
8.140861,
1.62934,
0,
89.80722,
9.12502,
12.46328,
12.71725,
31.45451,
10.1647,
0.6734,
67.1832,
5.41886,
3.15224,
2.5543,
0,
590.5936,
1974, 
9.5769,
66.20219,
8.75104,
6.252499,
12.45334,
13.92114,
6.35816,
3.59293,
1.29139,
6.49789,
160.7271,
41.23879,
8.1354,
1.6728,
0,
94.4189,
10.79415,
11.88477,
13.50622,
31.40056,
9.854391,
0.75621,
62.87288,
5.7405,
3.51533,
2.57299,
0,
593.9885,
1975, 
8.7669,
55.917,
9.184,
5.841679,
13.44062,
13.5464,
6.93399,
4.03437,
1.26291,
6.38664,
152.3531,
44.09148,
9.85803,
1.77858,
0,
100.0867,
12.3421,
13.48584,
15.58739,
39.00477,
10.81171,
0.9800701,
56.34462,
5.41112,
3.63909,
2.37363,
0,
593.4628,
1976, 
8.908199,
60.8229,
10.40662,
6.260699,
15.3135,
14.35082,
7.11199,
4.07709,
1.34657,
6.27272,
156.5511,
47.32811,
11.06014,
20.22776,
0,
101.8817,
13.16961,
15.36828,
17.17443,
39.53132,
11.79269,
1.6471,
59.09232,
5.29932,
3.50987,
1.57975,
0,
640.0847,
1977, 
8.939699,
65.3661,
10.92896,
6.179519,
17.32086,
14.7559,
7.87561,
4.14117,
1.5753,
5.84997,
160.464,
49.99436,
12.1849,
20.59403,
0,
104.1859,
13.77966,
15.91359,
19.29018,
47.12441,
12.45426,
2.31959,
62.89868,
5.26234,
3.57448,
1.58242,
0,
674.5559,
1978, 
9.425699,
69.7914,
11.603,
6.7527,
19.05598,
15.69398,
9.07978,
4.31294,
1.44714,
6.07247,
163.3752,
52.34935,
14.17052,
20.18211,
0,
104.1039,
15.73099,
16.28958,
20.14103,
55.30912,
12.91017,
3.32059,
72.99853,
5.11872,
3.90026,
1.55661,
0,
714.6918,
1979, 
10.3131,
68.9832,
12.58864,
7.018379,
20.39422,
17.19458,
11.61984,
4.63334,
1.47028,
5.51711,
165.8589,
51.99385,
12.35143,
19.51764,
0,
100.8756,
19.55231,
15.1641,
22.21583,
62.54913,
15.70569,
4.03312,
75.51144,
5.14366,
3.76194,
1.56373,
0,
735.5311,
1980, 
9.306,
61.4169,
13.44636,
7.329389,
22.29908,
19.21998,
13.28058,
4.83181,
1.604715,
6.34125,
166.359,
56.74334,
11.80725,
19.44603,
3.444,
102.5402,
21.80244,
14.77649,
21.48692,
67.66492,
13.83473,
4.78569,
75.64302,
5.20902,
4.03221,
1.48808,
0,
750.1393,
1981, 
9.1368,
58.5486,
14.90186,
7.240192,
21.36182,
19.23638,
14.4714,
5.91049,
1.58137,
7.20455,
161.6095,
52.8036,
13.68913,
19.50725,
3.623785,
104.2786,
26.34503,
17.35364,
21.49147,
70.1516,
14.80752,
5.20429,
72.95209,
5.63558,
4.27336,
1.66341,
0,
754.9833,
1982, 
7.3224,
51.7275,
15.86126,
6.975526,
21.02808,
18.38604,
14.31654,
5.90159,
1.431351,
7.1912,
156.6791,
59.37403,
14.35798,
19.72428,
3.80357,
164.3214,
28.56279,
18.7995,
23.55717,
80.35645,
16.30811,
5.30712,
69.38996,
6.06644,
4.226613,
1.5397,
0,
822.5157,
1983, 
7.083899,
57.5343,
14.23766,
7.309465,
17.1134,
17.01418,
16.05827,
5.43523,
1.42311,
7.02833,
156.5567,
62.29861,
12.37145,
20.60824,
11.06487,
171.0192,
30.74569,
20.96663,
26.64662,
91.40956,
17.70769,
7.36645,
69.56626,
5.38532,
4.453147,
1.35547,
0,
859.7597,
1984, 
8.448299,
63.4068,
15.33564,
7.243676,
15.98754,
17.32496,
20.01432,
4.94573,
1.396034,
7.194759,
147.339,
64.99251,
14.32158,
21.3323,
11.67688,
173.43,
35.87509,
24.51903,
25.85583,
103.7566,
17.76047,
8.09263,
67.8196,
4.83062,
4.842429,
1.3706,
0,
889.1129,
1985, 
9.1728,
63.2556,
16.6091,
7.130142,
16.9207,
17.38892,
21.90112,
6.18016,
1.390888,
6.1232,
139.3141,
60.60722,
15.99871,
21.1519,
12.34182,
174.4788,
36.94828,
26.53593,
25.94319,
122.7869,
16.3618,
9.0454,
62.64842,
5.73362,
5.074242,
1.4685,
0,
902.5115,
1986, 
9.5499,
64.0008,
16.2565,
7.976664,
20.70664,
19.69804,
20.29912,
6.525658,
1.525423,
5.55894,
139.6933,
63.48124,
18.20364,
22.27612,
13.84898,
179.7981,
35.55969,
29.03589,
28.6923,
140.0384,
17.02337,
10.30393,
61.28704,
6.134619,
6.25898,
1.71236,
0,
945.4457,
1987, 
11.3427,
60.64199,
19.25524,
8.431331,
20.88376,
21.51926,
23.22633,
5.958461,
1.680385,
5.33911,
143.2396,
63.21106,
20.0018,
22.63692,
14.21224,
182.8526,
37.98329,
30.82205,
31.80086,
156.8833,
18.90434,
10.75074,
61.53386,
5.948624,
7.05796,
1.84586,
0,
987.9637,
1988, 
11.115,
64.3896,
19.35692,
7.959253,
20.76978,
21.52898,
24.51861,
6.817934,
1.61624,
6.0164,
153.1162,
65.17658,
20.53688,
23.0912,
14.45496,
184.6935,
40.50151,
34.14288,
37.68401,
176.6497,
21.34769,
11.93738,
66.69644,
6.070053,
7.55482,
1.9847,
0,
1049.727,
1989, 
11.3319,
64.1772,
19.8522,
8.422002,
21.25522,
19.10026,
24.81943,
7.071888,
2.05501,
6.46229,
159.6195,
63.62107,
21.57064,
22.92556,
15.1044,
186.6738,
44.87395,
36.68351,
42.88011,
176.7477,
25.18425,
13.45708,
68.55663,
6.669346,
7.53389,
2.01407,
0,
1078.663,
1990, 
10.5705,
63.8496,
20.24006,
8.412292,
21.197,
19.23036,
26.82816,
5.94437,
2.18762,
5.84107,
158.2907,
57.66368,
22.11209,
22.3655,
14.9445,
182.705,
45.9571,
38.3211,
45.42174,
175.9268,
31.93827,
13.45526,
72.6227,
6.327796,
7.83601,
2.23034,
0,
1082.42,
1991, 
8.406684,
60.27212,
20.59494,
7.375795,
22.46015,
20.1785,
29.02796,
6.223289,
2.068484,
5.452389,
153.8522,
41.77913,
23.6083,
21.28392,
13.94246,
65.51226,
38.37441,
43.27482,
50.03647,
205.1379,
35.54351,
12.22636,
76.84591,
5.53657,
8.179326,
2.515532,
0,
979.7095,
1992, 
7.681248,
62.20899,
22.0708,
7.485446,
19.45623,
23.85,
29.13487,
6.566607,
2.179944,
5.1714,
146.4459,
32.77607,
25.72332,
18.93298,
12.26966,
51.9224,
43.28453,
44.98262,
55.54538,
258.535,
38.79516,
12.69939,
75.54371,
5.710024,
8.691056,
2.125136,
0,
1019.788,
1993, 
8.370054,
65.76203,
23.29597,
7.897469,
20.14929,
32.48428,
26.61853,
6.655245,
2.217477,
5.404935,
134.5967,
29.89813,
28.05173,
13.9646,
9.27584,
41.83804,
47.63074,
47.92454,
57.94602,
309.0458,
45.59871,
17.66861,
75.19128,
6.397794,
8.741331,
2.063302,
0,
1074.688,
1994, 
9.398592,
69.21783,
25.52795,
8.539049,
20.38503,
24.88217,
26.80534,
5.661444,
2.175782,
6.205704,
142.064,
32.35333,
26.36169,
10.62884,
6.64774,
31.07636,
49.15179,
53.18032,
62.04102,
354.6357,
51.82996,
22.05847,
78.06365,
6.907706,
8.889302,
1.768292,
0,
1136.457,
1995, 
9.2394,
68.06181,
20.36247,
8.794625,
22.74608,
27.31967,
28.3675,
5.839801,
2.748538,
6.507375,
140.482,
32.79887,
29.67193,
7.30702,
4.93312,
30.29818,
51.12236,
56.88648,
65.42539,
401.2075,
58.12344,
20.70672,
76.9029,
6.58342,
8.741465,
2.160375,
0,
1193.339,
1996, 
9.7902,
71.2656,
20.3708,
7.30622,
27.7492,
26.10831,
32.76104,
9.215296,
2.465144,
6.68824,
135.4697,
33.38586,
31.3984,
5.3382,
3.5629,
23.2798,
41.70511,
67.36,
66.2756,
432.4815,
51.53441,
32.558,
80.136,
6.522816,
9.552428,
2.41544,
0,
1236.696,
1997, 
10.2843,
72.5175,
21.9725,
7.433097,
30.4419,
27.8052,
33.91707,
12.30504,
2.37237,
6.50881,
138.1517,
34.30558,
32.004,
5.82364,
3.7679,
22.41142,
41.42406,
67.52,
68.2752,
435.9614,
63.64173,
36.6268,
77.74741,
6.48036,
9.628759,
2.42451,
0,
1271.752,
1998, 
10.5996,
72.00719,
22.0492,
8.807739,
31.84,
29.58414,
33.33234,
9.942546,
2.750416,
8.227,
153.5825,
34.58004,
33.8452,
6.31728,
3.75314,
21.9063,
36.02168,
71.91,
56.5268,
452.7361,
47.39214,
38.984,
68.6172,
6.43972,
9.485516,
3.001556,
0,
1274.239,
1999, 
10.9998,
76.21291,
23.3142,
10.17578,
31.9579,
29.91196,
35.86628,
9.663874,
2.653725,
7.680699,
152.93,
35.145,
30.3752,
6.5436,
4.37552,
23.944,
36.54928,
76.32,
56.6886,
502.6893,
59.47447,
36.6445,
67.4442,
6.35289,
9.962006,
2.957501,
0,
1346.833,
2000, 
10.962,
77.865,
25.043,
8.62996,
30.968,
30.3044,
38.7086,
9.86506,
2.74684,
7.7314,
157.0873,
34.94712,
31.504,
6.05324,
3.7064,
27.19694,
42.40138,
80.75,
59.312,
511.6762,
56.6764,
45.496,
68.12399,
7.1778,
10.604,
2.60494,
0,
1388.142,
2001, 
11.232,
78.10561,
23.4,
8.618219,
30.81,
29.991,
41.242,
10.67175,
2.70555,
7.7945,
154.5264,
32.18897,
30.59,
6.3804,
4.081002,
29.77356,
44.72034,
83.4,
49.95784,
567.4686,
58.73455,
48.1574,
64.1908,
7.16071,
10.87693,
2.5891,
0,
1439.367,
2002, 
11.3256,
78.3354,
23.87,
9.23846,
29.26,
23.6159,
40.5048,
11.2476,
2.70732,
8.0808,
148.0686,
32.13338,
28.2968,
7.84176,
4.147728,
31.98965,
45.69806,
81.8,
52.79176,
592.6802,
65.47324,
53.4688,
60.0248,
7.2732,
11.1538,
2.23272,
0,
1463.26,
2003, 
12.0132,
80.34361,
24.32,
10.13384,
28.88,
25.1332,
43.1932,
11.15935,
3.44201,
8.466,
158.7164,
34.29903,
30.2562,
9.479031,
5.024822,
34.78955,
46.0348,
80.2,
55.80588,
706.2813,
71.18827,
55.599,
57.3792,
7.6311,
14.68417,
2.83777,
0,
1617.291,
2004, 
12.6054,
83.754,
26.25,
9.987,
25.8,
28.155,
45.1984,
11.17906,
3.71378,
9.84,
161.7881,
36.73331,
32.528,
11.18124,
5.427408,
39.02147,
49.77627,
98.25,
51.30008,
778.3837,
79.78861,
58.3792,
56.0768,
7.6544,
14.88584,
2.8577,
0,
1740.515,
2005, 
12.012,
84.84,
27.75,
10.82694,
27.158,
31.302,
48.1869,
11.28006,
4.29705,
11.745,
161.3011,
38.269,
36.38,
12.93651,
5.56713,
41.38695,
54.495,
100.1,
48.535,
839.3092,
86.24015,
56.61,
57.768,
7.69327,
15.011,
2.86335,
0,
1833.864,
2006, 
11.76,
83.74799,
29.6,
11.33236,
27.158,
33.5072,
50.1633,
13.10337,
4.49307,
10.53,
169.112,
42.48937,
40.8,
14.60997,
6.06852,
46.48995,
57.82959,
119.35,
50.745,
969.7696,
86.581,
56.95,
58.017,
8.6237,
15.44875,
4.0986,
0,
2022.378,
2007, 
12.18,
81.396,
30.118,
11.75268,
34.336,
36.223,
51.7995,
17.81676,
4.72878,
12.393,
178.3474,
46.73361,
41.48,
16.1028,
6.561,
50.83722,
68.6194,
130.9,
53.6605,
1054.269,
90.01075,
65.45,
56.191,
9.11257,
24.0805,
4.28895,
0,
2189.388,
2008, 
11.508,
73.584,
29.674,
12.5171,
34.41,
38.0286,
63.5526,
23.08743,
5.76558,
10.935,
154.2287,
48.46534,
43.69,
16.9452,
7.3224,
45.6192,
70.705,
138.6,
49.402,
1083.829,
93.65981,
69.19,
52.124,
8.91669,
24.92625,
4.4307,
0,
2215.116,
2009, 
9.24,
54.516,
26.048,
10.92388,
38.258,
36.9852,
70.2999,
22.07331,
6.86475,
9.558001,
130.0345,
38.39836,
45.05,
11.9718,
7.06644,
38.01087,
83.4635,
138.6,
48.025,
1267.524,
98.22941,
74.8,
45.484,
8.83784,
28.41125,
5.12649,
0,
2353.801,
2010, 
10.416,
56.44799,
25.53,
11.53216,
43.734,
37.1702,
69.0606,
24.5025,
8.934299,
8.829,
125.1019,
38.47459,
53.295,
12.2229,
7.28028,
42.95025,
86.3549,
169.4,
45.56,
1460.4,
110.494,
70.55,
42.745,
8.597139,
31.90135,
5.54607,
0,
2607.03,
2011, 
10.08,
57.624,
25.53,
10.80104,
46.324,
37.0592,
68.4855,
23.86422,
10.29024,
9.072,
127.0284,
40.44579,
53.89,
13.365,
7.71039,
47.71872,
99.7296,
207.9,
46.495,
1630.341,
113.7538,
80.75,
42.579,
8.34814,
36.8373,
6.21999,
0,
2862.242,
2012, 
10.4706,
62.94456,
26.77616,
13.6086,
51.29902,
40.9035,
80.76591,
27.945,
11.7612,
9.363601,
104.6083,
35.7973,
54.29715,
12.91869,
14.32971,
53.1765,
148.4829,
207.9,
45.3118,
1715.769,
112.6063,
44.6675,
45.43171,
8.22945,
43.16045,
8.58681,
0,
2991.112,
2013, 
9.75324,
65.02859,
25.61288,
13.75512,
51.7815,
43.78062,
76.84794,
32.62923,
13.24593,
9.85608,
102.4246,
34.15104,
60.63645,
13.01184,
15.20532,
57.38769,
151.7606,
215.6,
45.80735,
1871.224,
118.1483,
48.3565,
48.10846,
8.216999,
45.71385,
9.357121,
0,
3187.401,
2014, 
9.978359,
69.82416,
27.08178,
14.55062,
52.72796,
43.95156,
84.98277,
32.93865,
14.73066,
9.77508,
101.5707,
34.81709,
60.55315,
12.59793,
17.2287,
60.04368,
152.504,
215.6,
45.66455,
1932.309,
122.2504,
48.416,
48.06779,
8.62702,
46.5137,
11.28897,
0,
3278.595,
2015, 
10.22028,
71.3496,
29.31362,
14.67198,
48.30942,
44.44588,
83.55717,
34.84539,
16.93872,
10.52352,
102.5686,
35.72415,
60.70615,
11.49714,
18.86733,
54.24003,
149.0051,
200.2,
49.9324,
1828.584,
134.8432,
51.0425,
45.50641,
9.14328,
54.6465,
11.53116,
0,
3182.214,
2016, 
9.82212,
71.52852,
30.02698,
14.40484,
42.59218,
40.91608,
85.80168,
37.9404,
18.32382,
10.53,
103.9854,
36.05987,
64.09255,
11.74581,
19.30797,
48.05001,
140.8278,
215.6,
54.25295,
1866.786,
140.1854,
52.87,
44.20165,
8.98973,
60.1426,
11.76201,
0,
3240.747,
2017, 
10.67304,
72.91116,
30.78474,
14.79334,
39.96296,
41.27498,
100.8879,
36.3771,
18.83412,
10.6677,
104.8455,
39.193,
68.4692,
11.83329,
21.5055,
48.6729,
133.198,
217.91,
54.604,
1804.981,
147.0186,
59.05715,
45.81185,
8.55315,
64.4249,
10.97226,
0,
3218.217,
2018, 
11.38536,
73.07999,
35.76272,
14.21466,
39.62922,
39.22222,
83.187,
42.46101,
18.9135,
11.0808,
106.8244,
41.92958,
61.6624,
12.14433,
22.34628,
48.3165,
136.8699,
238.7,
49.23455,
1732.125,
159.8748,
64.10105,
45.90481,
9.02957,
72.3877,
11.99853,
0,
3182.386,
2019, 
11.76,
74.004,
33.42062,
13.78472,
41.89214,
39.28734,
81.07047,
46.77426,
17.70174,
10.30806,
107.3811,
43.84611,
48.4211,
12.35898,
24.14367,
52.19316,
140.6745,
257.18,
47.79975,
1812.556,
176.4549,
61.234,
44.37346,
9.21715,
75.26155,
13.81617,
0,
3296.915,
2020, 
11.76,
75.432,
35.39642,
12.36614,
45.17848,
34.9391,
73.20375,
51.37668,
20.14227,
8.748,
105.6086,
44.57222,
61.45415,
12.58659,
25.53039,
50.67603,
152.9337,
223.3,
45.2268,
1841.43,
182.025,
53.4055,
42.25115,
8.8976,
74.5314,
14.17824,
0,
3307.15,
2021, 
11.76,
76.692,
38.15366,
13.72848,
48.75416,
42.62252,
82.21419,
56.35332,
22.2264,
10.125,
110.3849,
45.72876,
66.72076,
13.77729,
28.51524,
53.93304,
151.9146,
269.5,
47.4504,
1830.733,
193.3172,
55.3775,
41.56889,
9.0968,
83.18015,
14.29083,
0,
3418.119,
2022, 
12.6,
76.94399,
36.852,
13.88314,
47.02404,
44.62866,
78.31809,
57.0321,
21.1977,
9.72,
108.62,
44.18491,
62.6518,
9.396,
28.71855,
54.89532,
152.1216,
292.6,
48.9702,
1651.019,
200.8482,
54.536,
44.156,
9.28189,
80.35731,
14.58081,
0,
3255.138,
2023, 
12.58652,
77.16876,
37.14637,
14.16169,
47.57108,
44.90926,
80.33607,
59.17007,
19.75628,
9.7924,
105.37,
42.82838,
62.78651,
9.390686,
29.3549,
55.02251,
154.3992,
303.0245,
46.04271,
1655.431,
202.9854,
54.34435,
43.90543,
9.319287,
81.75706,
15.21034,
0,
3273.771,
2024, 
12.53771,
77.20709,
37.29749,
14.45135,
47.85685,
45.49899,
82.24435,
61.81428,
21.41117,
9.92048,
101.0948,
41.1149,
62.90142,
9.390593,
29.97804,
55.09397,
156.9282,
313.2184,
42.19248,
1659.07,
205.3811,
53.49231,
43.62405,
9.352443,
84.7879,
16.14169,
0,
3294.002,
2025, 
12.43716,
76.97553,
37.50877,
14.73596,
48.3279,
46.02691,
84.26449,
64.66046,
23.86725,
10.04166,
99.14342,
38.71093,
63.1111,
9.445736,
30.61323,
55.1341,
159.4855,
325.0233,
40.28724,
1662.356,
208.1936,
53.67723,
43.37005,
9.396425,
88.34322,
17.16108,
0,
3322.299,
2026, 
12.31264,
76.62366,
37.8444,
15.03572,
48.71691,
46.53611,
85.83665,
67.97573,
26.53973,
10.14085,
98.91147,
37.42624,
63.07874,
9.674369,
31.0719,
55.28822,
161.6291,
336.2479,
40.60342,
1659.798,
209.8661,
55.30561,
42.98304,
9.43576,
92.8167,
18.62641,
0,
3350.325,
2027, 
12.16519,
76.64787,
38.15949,
15.3761,
49.11202,
47.02283,
87.14679,
71.24102,
29.1405,
10.23905,
98.01449,
37.41042,
63.08585,
9.912184,
31.517,
55.06775,
163.7251,
325.0888,
40.885,
1656.479,
211.4493,
58.23139,
42.63183,
9.429311,
97.05498,
20.05289,
0,
3356.286,
2028, 
12.00272,
76.68192,
38.44553,
15.72426,
49.51193,
47.48985,
88.33965,
74.4198,
31.67493,
10.34359,
96.84871,
37.38362,
63.10184,
9.767263,
31.94833,
54.88913,
165.7585,
314.8159,
41.13443,
1652.146,
212.9141,
61.12824,
42.30495,
9.418333,
101.0932,
21.45262,
0,
3360.74,
2029, 
11.83183,
77.01707,
38.69607,
16.08188,
49.92524,
47.98206,
89.39806,
77.53726,
34.14826,
10.45828,
96.06309,
37.35144,
63.1758,
9.421435,
32.36529,
54.83715,
167.7162,
309.426,
41.37275,
1646.478,
214.3166,
63.05251,
42.03279,
9.408976,
104.9862,
22.83061,
0,
3367.91,
2030, 
11.64397,
77.64553,
38.91592,
16.45036,
50.34415,
48.52654,
90.39162,
80.6328,
36.56526,
10.58624,
95.74295,
37.31192,
63.23397,
9.08985,
32.76688,
54.81105,
169.5728,
317.0924,
41.57281,
1639.098,
215.5721,
64.0622,
41.78387,
9.412034,
108.755,
24.19095,
0,
3385.771,
2031, 
11.45371,
78.69579,
39.13938,
16.87349,
50.88998,
49.17561,
91.46201,
85.62005,
39.74075,
10.78367,
95.95999,
37.24739,
63.32902,
8.786028,
33.13536,
53.1628,
171.239,
324.5989,
41.70804,
1627.743,
216.6694,
65.0528,
41.61459,
9.428675,
113.155,
26.04436,
0,
3402.708,
2032, 
11.26186,
79.49689,
39.34838,
17.2979,
51.44801,
49.87994,
92.40204,
90.50923,
42.83418,
11.00894,
96.61672,
37.1783,
63.41138,
8.521849,
33.46018,
51.64761,
172.708,
331.8729,
41.81247,
1613.088,
217.5994,
66.09077,
41.48278,
9.454834,
117.4206,
27.85671,
0,
3415.71,
2033, 
11.08414,
80.18624,
39.54973,
17.74686,
52.0288,
50.622,
93.09589,
95.29408,
45.86577,
11.25088,
97.69538,
37.10494,
63.48043,
8.314519,
33.7443,
50.25402,
173.9159,
338.9821,
41.88206,
1595.37,
218.3583,
67.19622,
41.39377,
9.493576,
121.5982,
29.64021,
0,
3425.149,
2034, 
10.90978,
81.0309,
39.74382,
18.22758,
52.64666,
51.39396,
93.55905,
100.0221,
48.85198,
11.51794,
98.89113,
37.02654,
63.51419,
8.200211,
33.99825,
48.96244,
174.7805,
345.9824,
41.91459,
1573.735,
218.9191,
68.38535,
41.34069,
9.536801,
125.722,
31.40741,
0,
3430.22,
2035, 
10.77006,
82.02374,
39.96101,
18.7442,
53.30734,
52.2148,
93.8435,
104.735,
51.80067,
11.8127,
100.1338,
36.94302,
63.50639,
8.202662,
34.27695,
47.74683,
175.2603,
352.9207,
41.90918,
1547.734,
219.2745,
69.67043,
41.32295,
9.573644,
129.8225,
33.16893,
0,
3430.68,
2036, 
10.95303,
83.14554,
40.16287,
19.3158,
54.06151,
53.12079,
94.06393,
110.4987,
55.38789,
12.169,
101.4496,
36.84996,
63.46781,
8.306379,
34.59253,
46.60748,
175.2448,
359.8094,
41.75092,
1516.105,
219.2222,
71.01935,
41.36269,
9.619177,
134.407,
35.2952,
0,
3427.988,
2037, 
11.12868,
84.40179,
40.3752,
19.92579,
54.87157,
54.10765,
94.01824,
116.253,
58.91381,
12.54983,
102.9166,
36.75182,
63.36349,
8.208952,
34.98321,
45.50926,
174.8833,
366.637,
41.45251,
1481.672,
218.9492,
72.4656,
41.42395,
9.690623,
138.9361,
37.41693,
0,
3421.806,
2038, 
11.31452,
85.63833,
40.60183,
20.57483,
55.73661,
55.18954,
93.78924,
122.0207,
62.40147,
12.95474,
104.5127,
36.6492,
63.2043,
8.195127,
35.24182,
45.18432,
174.2579,
373.4269,
41.07682,
1445.27,
218.4756,
74.00642,
41.50874,
9.770418,
143.4305,
39.53548,
0,
3413.968,
2039, 
11.51049,
86.63069,
40.8513,
21.26102,
56.64697,
56.37103,
93.50101,
127.7398,
65.86702,
13.38212,
106.2066,
37.0899,
62.99928,
8.349322,
35.44787,
45.2187,
173.4818,
380.1923,
40.65646,
1407.149,
217.8219,
75.63424,
41.61646,
9.847851,
147.9017,
41.64889,
0,
3405.024,
2040, 
11.71703,
87.49294,
41.1609,
21.97929,
57.60777,
57.6497,
93.13215,
133.3942,
69.31381,
13.8295,
107.9786,
37.0607,
62.76624,
8.506449,
35.63477,
45.25723,
172.5437,
386.938,
40.23331,
1366.908,
217.0208,
77.33772,
41.74956,
9.928904,
152.3565,
43.76021,
0,
3393.258,
2041, 
11.94235,
88.06752,
41.46802,
22.72838,
58.60585,
58.99006,
92.69426,
140.1466,
73.4779,
14.3081,
109.8551,
36.5949,
62.5496,
8.657171,
35.79032,
45.3296,
171.3331,
393.4691,
39.80884,
1323.209,
215.9731,
79.02379,
41.94876,
10.00986,
157.2318,
46.27787,
0,
3379.491,
2042, 
12.17304,
88.52734,
41.81139,
23.49829,
59.61965,
60.41147,
92.18979,
146.7887,
77.55515,
14.79512,
111.7171,
36.20819,
62.29897,
8.808798,
35.93108,
45.41597,
169.9883,
399.9198,
39.39335,
1277.176,
214.8047,
80.74819,
42.15369,
10.08486,
162.0112,
48.77455,
0,
3362.805,
2043, 
12.40349,
88.84072,
42.20291,
24.2858,
60.6501,
61.93581,
91.643,
153.4003,
81.56428,
15.28641,
113.4861,
36.09031,
61.98682,
8.960302,
36.05935,
45.51221,
168.4925,
406.2805,
38.97987,
1228.934,
213.5005,
82.49227,
42.34204,
10.16071,
166.6842,
51.25272,
0,
3343.427,
2044, 
12.63197,
88.94601,
42.66016,
25.08466,
61.68329,
63.55887,
91.04614,
159.9674,
85.50862,
15.77807,
115.1193,
35.96848,
61.61897,
9.110654,
36.1768,
45.61422,
166.7919,
412.5414,
38.56678,
1179.109,
212.0824,
84.23827,
42.50865,
10.24942,
171.2462,
53.71198,
0,
3321.52,
2045, 
12.85676,
88.74455,
43.21,
25.88972,
62.71141,
65.28461,
90.42321,
166.4682,
89.39407,
16.2663,
116.6685,
35.84291,
61.20075,
9.258873,
36.28547,
45.71685,
164.9219,
418.691,
38.15139,
1128.986,
210.5714,
85.96906,
42.64868,
10.35644,
175.6902,
56.14884,
0,
3298.357,
2046, 
13.08716,
88.13904,
43.84371,
26.68854,
63.70846,
67.06723,
89.7768,
174.1061,
93.92128,
16.74434,
118.824,
35.72365,
60.76659,
9.401592,
36.36073,
45.82668,
162.7489,
424.4271,
37.74451,
1077.581,
208.8927,
87.57372,
42.80769,
10.47487,
180.3509,
58.94959,
0,
3275.536,
2047, 
13.30978,
87.22752,
44.58844,
27.47853,
64.67989,
68.68513,
89.18172,
181.5821,
98.31219,
17.20867,
120.9305,
35.60085,
60.2064,
9.540333,
36.43082,
45.93307,
160.4727,
429.9895,
37.34031,
1027.01,
207.1522,
89.12909,
42.92753,
10.59563,
184.8213,
61.67872,
0,
3252.013,
2048, 
13.58463,
89.06541,
45.46115,
28.24087,
65.56812,
69.90172,
88.46989,
188.7122,
102.5031,
17.66285,
123.2646,
35.5001,
60.35802,
9.639325,
36.49598,
46.01927,
158.1633,
435.4082,
37.14566,
977.3505,
206.0391,
90.64045,
43.31064,
10.66778,
189.2604,
64.30777,
0,
3232.741,
2049, 
13.85104,
90.90101,
46.42326,
28.98569,
66.42333,
71.09142,
87.7446,
195.7477,
106.5612,
18.09878,
125.5303,
35.39681,
60.39956,
9.733104,
36.55904,
46.43415,
155.8272,
440.643,
36.93423,
928.8481,
204.9022,
92.08067,
43.65405,
10.7505,
193.5115,
66.87803,
0,
3213.91,
2050, 
14.1094,
92.72978,
47.46105,
29.71021,
67.2441,
72.24986,
87.68145,
202.6887,
110.4993,
18.51488,
127.7232,
35.29164,
60.42318,
9.821233,
36.62127,
46.1799,
153.5011,
445.6913,
36.72227,
881.6471,
203.7649,
93.44215,
43.96175,
10.83741,
197.5776,
69.39062,
0,
3195.485,
2051, 
14.36687,
94.50555,
48.54253,
30.40076,
68.00497,
73.34698,
88.11382,
211.4574,
115.3855,
18.97445,
129.8448,
35.18918,
60.73756,
9.902826,
36.78511,
46.24747,
151.0463,
450.344,
36.507,
834.8928,
203.6727,
95.21636,
44.46515,
10.97702,
202.8654,
72.47186,
0,
3184.264,
2052, 
14.6126,
96.2583,
49.68044,
31.06644,
68.73343,
74.42296,
88.54147,
220.0762,
120.1316,
19.41289,
131.8667,
35.0842,
61.01634,
9.978053,
36.951,
46.31158,
148.6241,
454.7794,
36.21881,
790.0008,
203.5677,
96.91808,
44.92273,
11.12545,
207.9791,
75.47323,
0,
3173.754,
2053, 
14.84928,
97.96326,
50.86786,
31.70517,
69.41828,
75.4623,
88.9687,
228.5194,
124.7368,
19.82999,
133.7989,
34.97803,
61.28735,
10.04682,
37.11943,
46.37158,
146.219,
459.0033,
35.90257,
748.2473,
203.4849,
98.5446,
45.34734,
11.27651,
212.9315,
78.39909,
0,
3165.279,
2054, 
15.07796,
99.60037,
51.77247,
32.31528,
70.05933,
76.45675,
89.39885,
236.7897,
129.2113,
20.22566,
135.6451,
34.87125,
61.5629,
10.10912,
37.29094,
46.42697,
145.0868,
463.0215,
35.60167,
709.2891,
203.4411,
100.0943,
45.74459,
11.42337,
217.731,
81.25256,
0,
3159.5,
2055, 
15.29855,
101.1677,
52.13931,
32.89669,
70.65726,
77.40617,
89.83459,
244.8982,
133.5644,
20.6,
137.4042,
34.76394,
61.84428,
10.16503,
37.46596,
46.47781,
144.6453,
466.8403,
35.31496,
673.3881,
203.4394,
101.5663,
46.11486,
11.56615,
222.3837,
84.03796,
0,
3155.881,
2056, 
15.5164,
102.6564,
52.46172,
33.43406,
71.17195,
78.26478,
90.22706,
253.8561,
138.3303,
20.94283,
139.0677,
34.65453,
62.14548,
10.21675,
37.60616,
46.52012,
144.1172,
470.2156,
35.04062,
647.0332,
203.3945,
102.8883,
46.48888,
11.70033,
227.0284,
87.07592,
0,
3162.055,
2057, 
15.72601,
104.0745,
52.77241,
33.94127,
71.64294,
79.0767,
90.62363,
262.5719,
142.9275,
21.26342,
140.6431,
34.54456,
62.45242,
10.35162,
37.74951,
46.55736,
143.6629,
473.387,
34.84332,
622.3735,
203.3927,
104.1311,
46.83636,
11.82982,
231.5014,
90.01595,
0,
3168.893,
2058, 
15.92706,
105.4229,
53.07159,
34.41925,
72.07201,
79.84334,
91.0261,
271.0672,
147.3712,
21.56254,
142.1302,
34.43387,
62.76099,
10.46332,
37.89614,
46.58974,
143.2817,
476.3642,
34.73996,
599.3455,
203.429,
105.2969,
47.15602,
11.95447,
235.8123,
92.86642,
0,
3176.304,
2059, 
16.11987,
106.7034,
53.35971,
34.86913,
72.46108,
80.56635,
91.43568,
279.3611,
151.6747,
21.84109,
143.5322,
34.32249,
63.072,
10.55243,
38.04613,
46.61744,
142.9726,
479.157,
34.73354,
577.8759,
203.5035,
106.388,
47.44937,
12.07437,
239.9715,
95.63479,
0,
3184.295,
2060, 
16.3048,
107.9182,
53.63728,
35.29214,
72.81219,
81.24757,
91.85323,
287.4706,
155.8499,
22.10004,
144.8524,
34.21046,
63.38584,
10.61756,
38.19948,
46.64067,
142.7339,
481.7757,
34.83684,
557.8844,
203.6156,
107.4077,
47.71783,
12.18976,
243.9886,
98.3277,
0,
3192.87,
2061, 
16.48569,
109.0637,
53.87573,
35.67708,
73.08382,
81.8455,
92.20644,
296.2571,
160.3178,
22.32862,
146.0847,
34.09315,
63.7142,
10.65428,
38.32884,
46.64727,
142.3987,
483.871,
34.83546,
539.0999,
203.6939,
108.2834,
47.97448,
12.29469,
247.9137,
101.199,
0,
3202.228,
2062, 
16.65856,
110.1488,
54.10391,
36.03621,
73.31958,
82.40345,
92.5648,
304.7909,
164.6162,
22.53852,
147.2386,
33.97492,
64.03903,
10.6567,
38.44963,
46.64941,
142.1297,
485.7987,
34.68191,
521.6309,
203.799,
109.0925,
48.20538,
12.39571,
251.6812,
103.9699,
0,
3211.574,
2063, 
16.8239,
111.1765,
54.32237,
36.37106,
73.5217,
82.9237,
92.92876,
313.0972,
168.7617,
22.73089,
148.3187,
33.8558,
64.36095,
10.62098,
38.53366,
46.64732,
141.9237,
487.569,
34.52564,
505.3889,
203.93,
109.8387,
48.4123,
12.49309,
255.3035,
106.6501,
0,
3221.03,
2064, 
16.98218,
112.1501,
54.5317,
36.68312,
73.69239,
83.40854,
93.29865,
321.1979,
172.7688,
22.90686,
149.3295,
33.73584,
64.6804,
10.54467,
38.57747,
46.64121,
141.7774,
489.1923,
34.36238,
490.2869,
204.0854,
110.5258,
48.59692,
12.58704,
258.7921,
109.2482,
0,
3230.584,
2065, 
17.13388,
113.0728,
54.73245,
36.97391,
73.83377,
83.86017,
93.67451,
329.1121,
176.6503,
23.06755,
150.2757,
33.61511,
64.99815,
10.43473,
38.58255,
46.63129,
141.6874,
495.2534,
34.33333,
476.2396,
204.2644,
111.1575,
48.7611,
12.6776,
262.1572,
111.7716,
0,
3244.952,
2066, 
17.28251,
113.9376,
54.89626,
37.2276,
73.90337,
84.23524,
93.98283,
337.4869,
180.6837,
23.20007,
151.18,
33.49003,
65.32835,
10.43724,
38.53015,
46.61218,
141.496,
498.6819,
34.22362,
463.2233,
204.3994,
111.6688,
48.91262,
12.75879,
265.3416,
114.39,
0,
3257.51,
2067, 
17.42489,
114.7576,
55.05202,
37.4618,
73.94662,
84.57997,
94.295,
345.6219,
184.5627,
23.31864,
152.0258,
33.36406,
65.65299,
10.43611,
38.44339,
46.58945,
141.3546,
500.3716,
34.11701,
451.101,
204.5498,
112.1308,
49.04426,
12.82948,
268.3978,
116.9152,
0,
3268.345,
2068, 
17.56111,
115.5361,
55.20016,
37.6779,
73.96548,
84.89645,
94.611,
353.5418,
188.3029,
23.42425,
152.8158,
33.23711,
65.96953,
10.4316,
38.33412,
46.5633,
141.2594,
500.864,
34.01215,
439.799,
204.7109,
112.5469,
49.15605,
12.83419,
271.3358,
119.3567,
0,
3277.944,
2069, 
17.69167,
116.2759,
55.34118,
37.87724,
73.96173,
85.1867,
94.93074,
361.2681,
191.9176,
23.51789,
153.5542,
33.10921,
66.27879,
10.42394,
38.20083,
46.53391,
141.207,
500.4482,
33.90889,
429.2475,
204.8819,
112.9204,
49.24966,
12.77635,
274.1654,
121.7226,
0,
3286.597,
2070, 
17.81696,
116.9799,
55.47552,
38.06108,
73.93707,
85.45261,
95.25406,
368.8194,
195.4187,
23.60048,
154.2448,
32.98043,
66.58117,
10.41335,
38.04314,
46.50146,
141.1941,
499.4537,
33.80696,
419.3812,
205.0616,
113.2545,
49.32645,
12.65353,
276.8956,
124.0202,
0,
3294.628,
2071, 
17.93486,
117.6192,
55.5734,
38.21236,
73.85226,
85.64633,
95.53069,
376.6555,
198.9602,
23.66026,
154.9099,
32.85239,
66.87808,
10.40166,
37.84745,
46.46517,
141.0872,
497.6517,
33.72298,
410.2564,
205.1628,
113.491,
49.39526,
12.47268,
279.4118,
126.3594,
0,
3302.011,
2072, 
18.04778,
118.2278,
55.66519,
38.34969,
73.74895,
85.81831,
95.80904,
384.2727,
202.3641,
23.71019,
155.5322,
32.7234,
67.16515,
10.38748,
37.63144,
46.42609,
141.0139,
495.6801,
33.62891,
401.6984,
205.2664,
113.6932,
49.44783,
12.24654,
281.8258,
128.6155,
0,
3308.996,
2073, 
18.15616,
118.808,
55.75131,
38.47415,
73.62859,
85.97018,
96.08891,
391.6937,
205.644,
23.75105,
156.1155,
32.59353,
67.44352,
10.37099,
37.39833,
46.38438,
140.9716,
494.2018,
33.46554,
393.6555,
205.3723,
113.8638,
49.48569,
11.98006,
284.1465,
130.7968,
0,
3316.212,
2074, 
18.26044,
119.3622,
55.8322,
38.58678,
73.49251,
86.10344,
96.37029,
398.938,
208.8122,
23.75992,
156.6634,
32.46288,
67.71456,
10.35236,
37.151,
46.34016,
140.9575,
493.9702,
33.23956,
386.0796,
205.4808,
114.0053,
49.51044,
11.68451,
286.3819,
132.9108,
0,
3324.423,
2075, 
18.36344,
119.8923,
55.90908,
38.68848,
73.34189,
86.21952,
96.65297,
406.0231,
211.879,
23.67591,
157.1903,
32.33249,
67.95914,
10.33173,
36.88869,
46.29358,
140.9706,
493.6666,
32.94418,
378.927,
205.6149,
114.1206,
49.53395,
11.7142,
288.545,
134.9641,
0,
3332.643,
2076, 
18.4558,
120.3375,
55.95404,
38.76003,
73.13977,
86.2685,
96.89469,
413.2007,
214.9036,
23.49995,
157.6842,
32.2095,
68.14425,
10.31143,
36.60017,
46.24572,
140.9046,
492.9302,
32.48585,
372.1965,
205.6713,
114.1434,
49.56754,
11.75207,
290.458,
136.9843,
0,
3339.703,
2077, 
18.54467,
120.7623,
55.99464,
38.82188,
72.92506,
86.30234,
97.13641,
420.1831,
217.8113,
23.26187,
158.1493,
32.08577,
68.28104,
10.28944,
36.30051,
46.19569,
140.8599,
492.1293,
31.9254,
365.8124,
205.7259,
114.1432,
49.58984,
11.78861,
292.293,
138.9324,
0,
3346.245,
2078, 
18.63038,
121.1683,
56.0312,
38.87481,
72.69872,
86.32218,
97.37801,
426.9904,
220.6135,
22.97342,
158.5883,
31.96134,
68.3688,
10.26588,
35.98587,
46.14359,
140.8345,
491.2684,
31.29498,
359.7412,
205.7786,
114.1219,
49.60195,
11.82399,
294.0568,
140.8156,
0,
3352.333,
2079, 
18.7132,
121.5572,
56.06399,
38.91953,
72.46165,
86.32909,
97.61949,
433.6397,
223.3201,
22.65294,
159.0034,
31.83626,
68.40992,
10.24085,
35.66039,
46.08955,
140.8266,
490.3514,
30.61699,
353.9521,
205.8295,
114.0811,
49.60476,
11.8584,
295.7553,
142.6403,
0,
3358.034,
2080, 
18.79339,
121.9305,
56.09325,
38.95668,
72.21467,
86.32403,
97.86074,
440.1462,
225.9399,
22.31141,
159.3967,
31.71058,
68.40653,
10.21447,
35.59466,
46.03362,
140.8346,
489.3823,
29.91814,
348.4174,
205.8786,
114.0225,
49.59921,
11.89201,
297.394,
144.4121,
0,
3363.678,
2081, 
18.86035,
122.2121,
56.09667,
38.96878,
71.94073,
86.26567,
98.05796,
446.5921,
228.4742,
21.94823,
159.7353,
31.59623,
68.35464,
10.18932,
35.66387,
45.97974,
140.7813,
488.1046,
29.25578,
343.169,
205.8381,
113.8906,
49.60707,
11.91659,
298.8055,
146.0962,
0,
3368.401,
2082, 
18.9247,
122.4804,
56.09692,
38.97416,
71.65827,
86.19681,
98.25403,
452.8658,
230.9115,
21.56237,
160.0539,
31.48121,
68.26667,
10.16299,
35.73222,
45.92408,
140.7406,
486.7817,
28.78753,
338.1268,
205.7916,
113.7434,
49.6063,
11.94053,
300.158,
147.7186,
0,
3372.941,
2083, 
18.98666,
122.7366,
56.09423,
38.97337,
71.35108,
86.11822,
98.44896,
458.9845,
233.2608,
21.16476,
160.3541,
31.36557,
68.15335,
10.13556,
35.79971,
45.8667,
140.7112,
485.4162,
28.77221,
333.27,
205.7392,
113.5821,
49.59762,
11.96387,
301.4562,
149.2852,
0,
3377.588,
2084, 
19.04559,
122.9818,
56.08845,
38.9669,
70.27592,
86.03061,
98.64271,
464.963,
235.5302,
20.80136,
160.6336,
31.24898,
68.01876,
10.1071,
35.86637,
45.8077,
140.6914,
484.0103,
28.85979,
328.5797,
205.6729,
113.4077,
49.57797,
11.98666,
302.7026,
150.8015,
0,
3381.3,
2085, 
19.10188,
123.2169,
56.07985,
38.95517,
68.61413,
85.93462,
98.83527,
470.8146,
237.7267,
20.76149,
160.8948,
31.13156,
67.86319,
10.07768,
35.93219,
45.74715,
140.6803,
482.5667,
29.08579,
324.0388,
205.5948,
113.2212,
49.54893,
12.00894,
303.9017,
152.272,
0,
3384.606,
2086, 
19.14406,
123.3723,
56.04939,
38.9239,
66.55528,
85.79764,
98.98722,
476.4768,
239.819,
20.71405,
161.0877,
31.0263,
67.67402,
10.04992,
35.98648,
45.68802,
140.6216,
480.934,
29.49334,
319.8146,
205.438,
112.9687,
49.52283,
12.02223,
304.9224,
153.6343,
0,
3386.724,
2087, 
19.18398,
123.5192,
56.01651,
38.88794,
64.24249,
85.65328,
99.13731,
481.9878,
241.8314,
20.66375,
161.2651,
30.92032,
67.46892,
10.02131,
36.03965,
45.62733,
140.5697,
479.2689,
30.12821,
315.71,
205.2703,
112.706,
49.48872,
12.03509,
305.8973,
154.9443,
0,
3388.485,
2088, 
19.22195,
123.6582,
55.98141,
38.84764,
61.78242,
85.50208,
99.28564,
487.362,
243.771,
20.61083,
161.4289,
30.81372,
67.25414,
9.991892,
36.09172,
45.56516,
140.5238,
477.5732,
30.14034,
311.7128,
205.0933,
112.4339,
49.44781,
12.04754,
306.8303,
156.207,
0,
3389.179,
2089, 
19.26065,
123.7903,
55.94518,
38.80334,
61.01646,
85.32981,
99.43222,
492.6122,
245.6443,
20.55571,
161.5922,
30.70758,
67.05487,
10.03082,
36.14273,
45.50155,
140.4847,
475.8504,
30.0819,
307.8118,
204.9318,
112.1537,
49.41164,
12.05962,
307.7303,
157.4267,
0,
3391.363,
2090, 
19.29803,
123.9158,
55.90711,
38.75534,
60.71969,
85.02866,
99.5771,
497.7498,
247.4568,
20.49837,
161.7456,
30.60102,
67.06687,
10.0293,
36.19271,
45.43658,
140.4504,
474.1006,
30.02199,
303.9969,
204.7651,
111.8655,
49.37113,
12.07135,
308.5953,
158.6073,
0,
3393.824,
2091, 
19.323,
123.9855,
55.8541,
38.69368,
60.42448,
84.58069,
99.66495,
502.5751,
249.1381,
20.43412,
161.8306,
30.50455,
67.19999,
9.996081,
36.23203,
45.36705,
140.3659,
472.2798,
29.95492,
300.4874,
204.5331,
111.5201,
49.32242,
12.07575,
309.3042,
159.6893,
0,
3395.337,
2092, 
19.34616,
124.0497,
55.79928,
38.62868,
60.12572,
84.01556,
99.75061,
507.2681,
250.7532,
20.36786,
161.904,
30.40741,
67.32298,
9.933829,
36.27013,
45.29613,
140.2845,
470.6706,
29.88443,
297.0465,
204.2894,
111.1679,
49.26704,
12.07985,
309.9776,
160.728,
0,
3396.635,
2093, 
19.36768,
124.109,
55.74277,
38.5606,
59.82367,
83.33815,
99.8342,
511.841,
252.3078,
20.29974,
161.9668,
30.30967,
67.4369,
9.848975,
36.30704,
45.22391,
140.2058,
469.2616,
29.81085,
293.667,
204.0347,
110.8091,
49.20565,
12.08367,
310.6181,
161.7276,
0,
3397.742,
2094, 
19.38807,
124.1638,
55.68483,
38.48963,
59.51852,
82.55405,
99.91574,
516.3046,
253.8071,
20.22993,
162.0219,
30.21152,
67.54558,
9.805421,
36.34282,
45.1504,
140.1296,
467.948,
29.73552,
290.3422,
203.7734,
110.4445,
49.14032,
12.08723,
311.229,
162.6913,
0,
3398.655,
2095, 
19.40725,
124.2144,
55.62546,
38.41599,
59.21046,
81.6692,
99.99532,
520.6685,
255.2554,
20.15854,
162.0688,
30.11292,
67.64803,
9.772635,
36.37751,
45.07569,
140.0554,
466.6256,
29.65807,
287.0662,
203.504,
110.0744,
49.07071,
12.09056,
311.812,
163.6223,
0,
3399.255,
2096, 
19.41644,
124.2206,
55.54764,
38.33525,
58.91139,
80.67671,
100.0115,
524.6469,
256.563,
20.08132,
162.0454,
30.01822,
67.72187,
9.737659,
36.39635,
44.98424,
139.921,
465.2634,
29.57974,
283.9594,
203.1836,
109.6615,
48.97627,
12.08837,
312.2748,
164.4545,
0,
3398.677,
2097, 
19.42435,
124.2233,
55.41758,
38.25208,
58.60981,
79.59669,
100.0254,
528.5106,
257.8157,
20.00268,
162.0139,
29.92303,
67.78816,
9.702186,
36.41398,
44.89159,
139.7877,
463.9568,
29.49878,
280.8916,
202.8534,
109.2438,
48.86699,
12.08597,
312.7101,
165.2515,
0,
3397.758,
2098, 
19.43109,
124.2228,
55.22553,
38.16667,
58.30591,
78.43616,
100.0372,
532.2698,
259.018,
19.92272,
161.9753,
29.82736,
67.84754,
9.666245,
36.43044,
44.79779,
139.6552,
462.7517,
29.41539,
277.8587,
202.5141,
108.8218,
48.74382,
12.08338,
313.1197,
166.0164,
0,
3396.561,
2099, 
19.43676,
124.2194,
54.97959,
38.07913,
57.99979,
77.20296,
100.0469,
535.9336,
260.1739,
19.84153,
161.93,
29.73125,
67.9006,
9.629856,
36.44577,
44.70289,
139.5233,
461.7953,
29.32978,
274.8568,
202.1661,
108.3956,
48.60911,
12.08061,
313.5054,
166.7519,
0,
3395.268,
2100, 
19.44145,
124.2134,
54.67545,
37.98962,
57.69158,
75.90575,
100.0546,
539.5099,
261.2869,
19.75918,
161.8786,
29.63471,
67.94784,
9.593046,
36.46002,
44.60691,
139.3919,
461.7513,
29.2421,
271.8826,
201.81,
107.9656,
48.46469,
12.07767,
313.8689,
167.4604,
0,
3394.564];
