real main.em.dem.hi.CE.Cement_Production[28](t) = [1971, 
8.317,
71.054,
7.520999,
5.215999,
9.803001,
14.936,
7.026,
3.428,
1.436,
5.861,
187.588,
41.77,
7.553,
1.94,
0,
100.331,
9.703,
14.931,
11.672,
32.187,
8.483,
0.487,
59.434,
5.586,
3.228,
2.222,
0,
621.713,
1972, 
9.091,
74.93,
8.753,
7.050999,
11.382,
15.606,
6.979,
3.822,
1.397,
6.112,
213.191,
45.894,
7.595,
1.952,
0,
104.299,
11.295,
15.785,
11.786,
36.019,
9.256001,
0.596,
66.292,
5.929,
3.102,
2.513,
0,
680.627,
1973, 
10.053,
77.576,
9.918,
7.588999,
13.398,
16.182,
6.846,
3.85,
1.411,
6.864,
206.852,
48.525,
8.946,
1.987,
0,
109.521,
10.994,
15.016,
13.975,
37.897,
11.17,
0.74,
78.12,
6.301,
3.464,
2.87,
0,
710.065,
1974, 
10.641,
73.558,
10.672,
7.624999,
15.187,
16.977,
7.144,
4.037,
1.451,
7.301,
203.452,
52.201,
8.94,
2.04,
0,
115.145,
13.005,
14.319,
14.842,
37.832,
10.829,
0.831,
73.108,
6.675,
3.863,
2.891,
0,
714.566,
1975, 
9.741,
62.13,
11.2,
7.123999,
16.391,
16.52,
7.791,
4.533,
1.419,
7.176,
192.852,
55.812,
10.833,
2.169,
0,
122.057,
14.87,
16.248,
17.129,
46.9937,
11.881,
1.077,
65.517,
6.292,
3.999,
2.667,
0,
714.4217,
1976, 
9.898,
67.581,
12.691,
7.634999,
18.675,
17.501,
7.991,
4.581,
1.513,
7.048,
198.166,
59.909,
12.154,
24.668,
0,
124.246,
15.867,
18.516,
18.873,
47.6281,
12.959,
1.81,
68.712,
6.162,
3.857,
1.775,
0,
770.4161,
1977, 
9.933,
72.629,
13.328,
7.535999,
21.123,
17.995,
8.849,
4.653,
1.77,
6.573,
203.119,
63.284,
13.39,
25.11467,
0,
127.056,
16.602,
19.173,
21.198,
56.7764,
13.686,
2.549,
73.138,
6.119,
3.928,
1.778,
0,
811.3,
1978, 
10.473,
77.546,
14.15,
8.235,
23.239,
19.139,
10.202,
4.846,
1.626,
6.823,
206.804,
66.265,
15.572,
24.61233,
0,
126.956,
18.953,
19.626,
22.133,
66.6375,
14.187,
3.649,
84.882,
5.952,
4.286,
1.749,
0,
858.5428,
1979, 
11.459,
76.648,
15.352,
8.558999,
24.871,
20.969,
13.056,
5.206,
1.652,
6.199,
209.948,
65.815,
13.573,
23.802,
0,
123.019,
23.557,
18.27,
24.413,
75.3604,
17.259,
4.432,
87.804,
5.981,
4.134,
1.757,
0,
883.0954,
1980, 
10.34,
68.241,
16.398,
8.938279,
27.194,
23.439,
14.922,
5.429,
1.80305,
7.125,
210.581,
71.827,
12.975,
23.71467,
4.2,
125.049,
26.268,
17.803,
23.612,
81.52399,
15.203,
5.259,
87.957,
6.057,
4.431,
1.672,
0,
901.962,
1981, 
10.152,
65.054,
18.173,
8.829503,
26.051,
23.459,
16.26,
6.641,
1.77682,
8.095,
204.569,
66.84,
15.043,
23.78933,
4.41925,
127.169,
31.741,
20.908,
23.617,
84.52,
16.272,
5.719,
84.82801,
6.553,
4.696,
1.869,
0,
907.0439,
1982, 
8.136,
57.475,
19.343,
8.506739,
25.644,
22.422,
16.086,
6.631,
1.60826,
8.08,
198.328,
75.157,
15.778,
24.054,
4.6385,
200.392,
34.413,
22.65,
25.887,
96.815,
17.921,
5.832,
80.686,
7.054,
4.644629,
1.73,
0,
989.9121,
1983, 
7.871,
63.927,
17.363,
8.913981,
20.87,
20.749,
18.043,
6.107,
1.599,
7.897,
198.173,
78.859,
13.595,
25.132,
13.49375,
208.56,
37.043,
25.261,
29.282,
110.132,
19.459,
8.095,
80.891,
6.262,
4.893568,
1.523,
0,
1033.994,
1984, 
9.386999,
70.452,
18.702,
8.833752,
19.497,
21.128,
22.488,
5.557,
1.568577,
8.084,
186.505,
82.269,
15.738,
26.015,
14.2401,
211.5,
43.223,
29.541,
28.413,
125.008,
19.517,
8.893001,
78.86,
5.617,
5.32135,
1.54,
0,
1067.898,
1985, 
10.192,
70.284,
20.255,
8.695295,
20.635,
21.206,
24.608,
6.944,
1.562796,
6.88,
176.347,
76.718,
17.581,
25.795,
15.051,
212.779,
44.516,
31.971,
28.509,
147.936,
17.98,
9.94,
72.847,
6.667,
5.57609,
1.65,
0,
1083.125,
1986, 
10.611,
71.112,
19.825,
9.727639,
25.252,
24.022,
22.808,
7.3322,
1.713959,
6.246,
176.827,
80.356,
20.004,
27.166,
16.889,
219.266,
42.843,
34.983,
31.53,
168.721,
18.707,
11.323,
71.264,
7.133278,
6.878,
1.924,
0,
1134.464,
1987, 
12.603,
67.38,
23.482,
10.28211,
25.468,
26.243,
26.097,
6.6949,
1.888073,
5.999,
181.316,
80.014,
21.98,
27.606,
17.332,
222.991,
45.763,
37.135,
34.946,
189.016,
20.774,
11.814,
71.551,
6.917004,
7.756,
2.074,
0,
1185.122,
1988, 
12.35,
71.544,
23.606,
9.706407,
25.329,
26.25486,
27.549,
7.6606,
1.816,
6.760001,
193.818,
82.502,
22.568,
28.16,
17.628,
225.236,
48.797,
41.136,
41.411,
212.831,
23.459,
13.118,
77.554,
7.058201,
8.302,
2.23,
0,
1258.384,
1989, 
12.591,
71.308,
24.21,
10.27073,
25.921,
23.293,
27.887,
7.945941,
2.309,
7.261,
202.05,
80.533,
23.704,
27.958,
18.42,
227.651,
54.065,
44.197,
47.12099,
212.949,
27.675,
14.788,
79.717,
7.755054,
8.279,
2.263,
0,
1292.122,
1990, 
11.745,
70.944,
24.683,
10.25889,
25.85,
23.45166,
30.144,
6.679068,
2.458,
6.563,
200.368,
72.992,
24.299,
27.275,
18.225,
222.811,
55.37,
46.17,
49.914,
211.96,
35.097,
14.786,
84.445,
7.357902,
8.611,
2.506,
0,
1294.964,
1991, 
9.372,
67.193,
25.208,
9.027902,
27.491,
24.69829,
32.726,
7.016109,
2.332,
6.147,
194.9965,
52.952,
26.029,
25.956,
17.003,
79.893,
46.29,
52.013,
55.167,
246.56,
39.188,
13.48,
89.564,
6.452879,
9.018,
2.836,
0,
1168.61,
1992, 
8.592,
69.585,
27.114,
9.19588,
23.902,
29.29976,
32.958,
7.428288,
2.466,
5.85,
185.845,
41.594,
28.455,
23.089,
14.963,
63.32,
52.276,
53.936,
61.444,
309.994,
42.915,
14.048,
88.252,
6.670589,
9.614,
2.404,
0,
1215.21,
1993, 
9.394001,
73.807,
28.725,
9.73794,
24.845,
40.0546,
30.214,
7.554194,
2.517,
6.135,
171.025,
37.99,
31.134,
17.03,
11.312,
51.022,
57.5946,
57.326,
64.313,
369.672,
50.609,
19.61,
88.046,
7.491562,
9.70181,
2.342,
0,
1279.203,
1994, 
10.584,
77.94801,
31.594,
10.56813,
25.229,
30.79477,
30.53,
6.448114,
2.478112,
7.068,
180.743,
41.162,
29.356,
12.962,
8.107,
37.898,
59.5058,
63.461,
69.088,
423.193,
57.7171,
24.564,
91.62401,
8.107636,
9.899,
2.014,
0,
1352.644,
1995, 
10.44,
76.906,
25.295,
10.925,
28.256,
33.93748,
32.42,
6.674058,
3.141187,
7.437,
178.958,
41.78201,
33.153,
8.911,
6.016,
36.949,
61.9665,
67.722,
73.101,
477.628,
64.9424,
23.136,
90.474,
7.7452,
9.767,
2.469,
0,
1420.152,
1996, 
11.1,
80.8,
25.4,
9.11,
34.6,
32.554,
37.57,
10.568,
2.827,
7.67,
172.793,
42.584,
35.2,
6.51,
4.345,
28.39,
50.613,
80,
74.3,
513.636,
57.774,
36.5,
94.5,
7.692,
10.709,
2.77,
0,
1470.515,
1997, 
11.7,
82.5,
27.5,
9.303,
38.1,
34.8,
39.03,
14.16,
2.73,
7.49,
176.439,
43.813,
36,
7.102001,
4.595,
27.331,
50.333,
80,
76.8,
516.542,
71.588,
41.2,
91.90001,
7.66,
10.831,
2.79,
0,
1512.237,
1998, 
12.1,
82.2,
27.7,
11.065,
40,
37.166,
38.49,
11.481,
3.176,
9.5,
196.397,
44.22,
38.2,
7.704,
4.577,
26.715,
43.822,
85,
63.8,
535.149,
53.49,
44,
81.3,
7.63,
10.706,
3.466,
0,
1519.054,
1999, 
12.6,
87.3,
29.4,
12.832,
40.3,
37.72,
41.56,
11.198,
3.075,
8.9,
195.813,
45,
34.4,
7.98,
5.336,
29.2,
44.518,
90,
64.2,
592.794,
67.355,
41.5,
80.1,
7.545,
11.282,
3.427,
0,
1605.335,
2000, 
12.6,
89.5,
31.7,
10.924,
39.2,
38.36,
45.01,
11.471,
3.194,
8.99,
201.394,
44.804,
35.8,
7.382,
4.52,
33.167,
51.709,
95,
67.4,
601.972,
64.405,
51.7,
81.09999,
8.545,
12.05,
3.029,
0,
1654.926,
2001, 
13,
90.4,
30,
11.049,
39.5,
38.45,
48.52,
12.555,
3.183,
9.17,
198.62,
41.374,
35,
7.8,
4.988999,
36.398,
54.939,
100,
57.16,
680.418,
67.202,
55.1,
76.6,
8.545,
12.445,
3.046,
0,
1735.463,
2002, 
13.2,
91.3,
31,
11.998,
38,
30.67,
48.22,
13.39,
3.223,
9.620001,
190.81,
41.409,
32.6,
9.61,
5.083,
39.203,
56.557,
100,
60.82,
724.548,
75.43,
61.6,
71.8,
8.7,
12.85,
2.658,
0,
1784.299,
2003, 
14.1,
94.3,
32,
13.334,
38,
33.07,
52.04,
13.445,
4.147,
10.2,
205.06,
44.314,
35.1,
11.645,
6.173,
42.739,
57.4,
100,
64.74,
880.65,
82.585,
64.5,
68.8,
9.15,
17.035,
3.419,
0,
1997.946,
2004, 
14.9,
98.99999,
35,
13.316,
34.4,
37.54,
55.12,
13.633,
4.529,
12,
209.57,
47.582,
38,
13.77,
6.684,
48.056,
62.533,
125,
59.93,
990.31,
93.211,
68.2,
67.4,
9.2,
17.39,
3.485,
0,
2179.759,
2005, 
14.3,
101,
37.5,
14.631,
36.7,
42.3,
59.49,
13.926,
5.305,
14.5,
209.482,
49.7,
42.8,
15.971,
6.873,
51.095,
68.981,
130,
57.1,
1090.012,
101.459,
66.6,
69.6,
9.269,
17.66,
3.535,
0,
2329.789,
2006, 
14,
99.7,
40,
15.314,
36.7,
45.28,
61.93,
16.177,
5.547,
13,
219.626,
55.181,
48,
18.037,
7.492,
57.395,
73.202,
155,
59.7,
1259.441,
101.86,
67,
69.9,
10.39,
18.175,
5.06,
0,
2573.107,
2007, 
14.5,
96.9,
40.7,
15.882,
46.4,
48.95,
63.95,
21.996,
5.838,
15.3,
231.62,
60.693,
48.8,
19.88,
8.1,
62.762,
86.86,
170,
63.13,
1369.18,
105.895,
77,
67.7,
10.979,
28.33,
5.295,
0,
2786.64,
2008, 
13.7,
87.60001,
40.1,
16.915,
46.5,
51.39,
78.46,
28.503,
7.118,
13.5,
200.297,
62.942,
51.4,
20.92,
9.04,
56.32,
89.5,
180,
58.12,
1407.57,
110.188,
81.4,
62.8,
10.743,
29.325,
5.47,
0,
2819.821,
2009, 
11,
64.9,
35.2,
14.762,
51.7,
49.98,
86.79,
27.251,
8.475,
11.8,
168.876,
49.868,
53,
14.78,
8.724,
46.927,
105.65,
180,
56.5,
1646.135,
115.564,
88,
54.8,
10.648,
33.425,
6.329,
0,
3001.084,
2010, 
12.4,
67.2,
34.5,
15.584,
59.1,
50.23,
85.26,
30.25,
11.03,
10.9,
162.47,
49.967,
62.7,
15.09,
8.988,
53.025,
109.31,
220,
53.6,
1896.623,
129.993,
83,
51.5,
10.358,
37.531,
6.847,
0,
3327.456,
2011, 
12,
68.6,
34.5,
14.596,
62.6,
50.08,
84.55,
29.462,
12.704,
11.2,
164.972,
52.527,
63.4,
16.5,
9.519,
58.912,
126.24,
270,
54.7,
2117.326,
133.828,
95,
51.3,
10.058,
43.338,
7.679,
0,
3655.591,
2012, 
12.465,
74.934,
36.184,
18.39,
69.323,
55.27501,
99.711,
34.5,
14.52,
11.56,
135.855,
46.49001,
63.879,
15.949,
17.691,
65.65,
187.953,
270,
53.308,
2228.272,
132.478,
52.55,
54.737,
9.915001,
50.777,
10.601,
0,
3822.967,
2013, 
11.611,
77.41499,
34.612,
18.588,
69.975,
59.163,
94.874,
40.283,
16.353,
12.168,
133.019,
44.352,
71.337,
16.064,
18.772,
70.849,
192.102,
280,
53.891,
2430.161,
138.998,
56.89,
57.962,
9.899999,
53.78099,
11.552,
0,
4074.672,
2014, 
11.879,
83.124,
36.597,
19.663,
71.254,
59.394,
104.917,
40.665,
18.186,
12.068,
131.91,
45.217,
71.239,
15.553,
21.27,
74.128,
193.043,
280,
53.723,
2509.493,
143.824,
56.96,
57.913,
10.394,
54.722,
13.937,
0,
4191.073,
2015, 
12.167,
84.94,
39.613,
19.827,
65.283,
60.062,
103.157,
43.019,
20.912,
12.992,
133.206,
46.395,
71.419,
14.194,
23.293,
66.963,
188.614,
260,
58.744,
2374.785,
158.639,
60.05,
54.827,
11.016,
64.29,
14.236,
0,
4062.643,
2016, 
11.693,
85.153,
40.577,
19.466,
57.557,
55.292,
105.928,
46.84,
22.622,
13,
135.046,
46.83101,
75.403,
14.501,
23.837,
59.321,
178.263,
280,
63.827,
2424.398,
164.924,
62.2,
53.255,
10.831,
70.756,
14.521,
0,
4136.042,
2017, 
12.706,
86.799,
41.601,
19.991,
54.004,
55.777,
124.553,
44.91,
23.252,
13.17,
136.163,
50.9,
80.55199,
14.609,
26.55,
60.09,
168.605,
283,
64.24,
2344.131,
172.963,
69.479,
55.195,
10.305,
75.794,
13.546,
0,
4102.885,
2018, 
13.554,
86.99999,
48.328,
19.209,
53.553,
53.00299,
102.7,
52.421,
23.35,
13.68,
138.733,
54.454,
72.544,
14.993,
27.588,
59.65,
173.253,
310,
57.923,
2249.513,
188.088,
75.413,
55.307,
10.879,
85.162,
14.813,
0,
4055.111,
2019, 
14,
88.1,
45.163,
18.628,
56.611,
53.091,
100.087,
57.746,
21.854,
12.726,
139.456,
56.943,
56.966,
15.258,
29.807,
64.436,
178.069,
334,
56.235,
2353.969,
207.594,
72.04,
53.462,
11.105,
88.543,
17.057,
0,
4202.946,
2020, 
14,
89.8,
47.833,
16.711,
61.052,
47.215,
90.375,
63.428,
24.867,
10.8,
137.154,
57.886,
72.299,
15.539,
31.519,
62.563,
193.587,
290,
53.208,
2391.468,
214.147,
62.83,
50.905,
10.72,
87.684,
17.504,
0,
4215.094,
2021, 
14,
91.3,
51.559,
18.552,
65.884,
57.598,
101.499,
69.572,
27.44,
12.5,
143.357,
59.388,
78.495,
17.009,
35.204,
66.584,
192.297,
350,
55.824,
2377.575,
227.432,
65.15,
50.083,
10.96,
97.859,
17.643,
0,
4354.764,
2022, 
15,
91.59999,
49.8,
18.761,
63.546,
60.309,
96.689,
70.41,
26.17,
12,
141.065,
57.383,
73.708,
11.6,
35.455,
67.772,
192.559,
380,
57.612,
2144.181,
236.292,
64.16,
53.2,
11.183,
94.53801,
18.001,
0,
4142.994,
2023, 
15.02207,
91.95726,
50.42495,
19.13985,
64.30685,
60.71419,
99.18034,
73.04947,
24.39047,
12.0997,
141.1205,
57.35944,
73.86652,
11.61508,
36.24061,
68.07957,
195.4589,
394.4888,
57.55339,
2149.911,
238.892,
65.87193,
52.89813,
11.23453,
96.18479,
18.7782,
0,
4179.838,
2024, 
15.05106,
92.29271,
50.9374,
19.54249,
64.76881,
61.60172,
101.5414,
76.31393,
26.43354,
12.25587,
141.2817,
57.45872,
74.00185,
11.65189,
37.00993,
68.2405,
198.649,
408.7562,
57.53527,
2154.637,
241.8062,
67.56923,
52.5592,
11.29142,
99.7505,
19.92801,
0,
4222.866,
2025, 
15.1034,
92.68703,
51.38189,
19.95357,
65.30797,
62.52771,
104.0302,
79.82773,
29.46574,
12.40328,
141.6336,
57.59962,
74.24852,
11.76115,
37.79411,
68.38939,
201.8804,
422.9514,
57.55327,
2158.905,
244.935,
69.26097,
52.25317,
11.36206,
103.9332,
21.18652,
0,
4268.335,
2026, 
15.16474,
93.1825,
52.01405,
20.41152,
65.83366,
63.47701,
106.3382,
84.21175,
32.87876,
12.563,
141.9494,
57.57838,
74.59705,
12.04618,
38.49343,
68.49535,
205.1136,
437.3675,
57.51942,
2158.944,
248.1867,
70.9337,
52.01272,
11.41789,
109.7645,
23.07533,
0,
4313.571,
2027, 
15.23715,
93.75631,
52.64328,
20.8607,
66.36759,
64.40235,
108.3365,
88.56417,
36.22637,
12.72867,
142.3421,
57.55279,
74.98225,
12.32246,
39.18075,
68.59404,
208.3016,
450.9254,
57.49228,
2157.994,
251.3519,
72.55832,
51.80643,
11.45998,
115.3734,
24.929,
0,
4356.29,
2028, 
15.32009,
94.40691,
53.27039,
21.30907,
66.90803,
65.31435,
110.2025,
92.83907,
39.51463,
12.90337,
142.8195,
57.51015,
75.37903,
12.5922,
39.85571,
68.6863,
211.4258,
463.7687,
57.45908,
2155.718,
254.4053,
74.15641,
51.62643,
11.49692,
120.8015,
26.76225,
0,
4396.452,
2029, 
15.4235,
95.17365,
53.90065,
21.77067,
67.46655,
66.2365,
111.9134,
97.06718,
42.74945,
13.09189,
143.4461,
57.45869,
75.83957,
12.56695,
40.51739,
68.77306,
214.4684,
476.0359,
57.4375,
2151.689,
257.4049,
75.7543,
51.50666,
11.53618,
126.1097,
28.58114,
0,
4433.919,
2030, 
15.54041,
96.09315,
54.53273,
22.25307,
68.03267,
67.18913,
113.5548,
101.2975,
45.93626,
13.29832,
144.1967,
57.3954,
76.27721,
12.49324,
41.16442,
68.8553,
217.3964,
487.8274,
57.39154,
2145.409,
260.249,
77.37611,
51.40993,
11.59108,
131.3221,
30.39064,
0,
4468.474,
2031, 
15.69222,
97.13579,
55.17883,
22.80335,
68.77027,
68.23524,
115.3047,
107.9426,
50.10181,
13.60023,
145.1394,
57.29072,
76.76212,
12.38858,
41.80061,
68.97066,
220.0945,
499.3724,
57.29541,
2133.896,
262.9291,
78.99207,
51.40971,
11.66325,
137.356,
32.83455,
0,
4502.96,
2032, 
15.86794,
98.34272,
55.83023,
23.37498,
69.52436,
69.31105,
116.902,
114.5107,
54.19304,
13.92654,
146.2495,
57.18378,
77.24051,
12.26193,
42.41434,
69.08221,
222.6154,
510.5604,
57.18801,
2119.1,
265.4378,
80.68305,
51.45801,
11.7479,
143.2916,
35.24382,
0,
4533.542,
2033, 
16.06979,
99.74896,
56.49045,
23.98076,
70.30921,
70.41617,
118.3496,
120.993,
58.23484,
14.28295,
147.5644,
57.07003,
77.71599,
12.13906,
43.00439,
69.16799,
224.9297,
521.4951,
57.07762,
2100.538,
267.7729,
82.47511,
51.56443,
11.84902,
149.1856,
37.63359,
0,
4560.059,
2034, 
16.28945,
101.3748,
57.16052,
24.6302,
71.14416,
71.57373,
119.6973,
127.4491,
62.24768,
14.67391,
149.0833,
56.94746,
78.15175,
12.07542,
43.57023,
69.23376,
227.0079,
532.2624,
56.96271,
2077.823,
269.8876,
84.38953,
51.71618,
11.95667,
155.0768,
40.01964,
0,
4582.405,
2035, 
16.53524,
103.2164,
57.84202,
25.32817,
72.03697,
72.80945,
120.947,
133.9323,
66.24126,
15.10303,
150.8164,
56.81684,
78.53666,
12.10836,
44.11103,
69.28661,
228.8277,
542.9339,
56.87164,
2050.696,
271.7658,
86.44397,
51.91172,
12.05727,
161.0024,
42.41551,
0,
4600.594,
2036, 
16.80839,
105.2546,
58.51796,
26.1004,
73.05609,
74.16165,
122.2408,
141.8104,
71.08301,
15.61417,
152.8611,
56.67115,
78.88193,
12.21677,
44.618,
69.36581,
230.2674,
553.5287,
56.82589,
2017.051,
273.1499,
88.60158,
52.17892,
12.16976,
167.5953,
45.29672,
0,
4615.927,
2037, 
17.07996,
107.3337,
59.20497,
26.92455,
74.15079,
75.60779,
123.3503,
149.7334,
75.88074,
16.16109,
155.1409,
56.52049,
79.1959,
12.3911,
45.09928,
69.43832,
231.4278,
564.0334,
56.58776,
1979.033,
274.3257,
90.90739,
52.5004,
12.31622,
174.2041,
48.19285,
0,
4626.742,
2038, 
17.36795,
109.5648,
59.9033,
27.80149,
75.31974,
77.14674,
124.3498,
157.731,
80.66373,
16.74315,
157.6266,
56.36325,
79.44913,
12.60789,
45.55562,
69.50436,
232.3088,
574.4808,
56.25502,
1936.864,
275.2671,
93.35885,
52.85748,
12.47469,
180.8438,
51.10584,
0,
4633.515,
2039, 
17.67279,
111.9524,
60.61252,
28.72868,
76.54995,
78.76138,
125.3631,
165.7237,
85.4528,
17.35868,
160.31,
56.20043,
79.65622,
12.84511,
45.98841,
69.55867,
232.9219,
584.8908,
55.88366,
1890.908,
276.0008,
95.94818,
53.25197,
12.63159,
187.5306,
54.03334,
0,
4636.736,
2040, 
17.99448,
114.4685,
61.33157,
29.69922,
77.84832,
80.43937,
126.3247,
173.6904,
90.25236,
18.00479,
163.1777,
56.0331,
79.83396,
13.08684,
46.39944,
69.61786,
233.2856,
595.2712,
55.48305,
1841.644,
276.5594,
98.6627,
53.68496,
12.79462,
194.2726,
56.97944,
0,
4636.84,
2041, 
18.34594,
117.0465,
62.03033,
30.71131,
79.19711,
82.1375,
127.264,
183.1502,
96.02444,
18.69649,
166.3089,
55.8642,
80.04091,
13.31873,
46.7725,
69.72916,
233.2479,
605.3218,
55.05513,
1787.776,
276.8149,
101.3851,
54.21071,
12.95904,
201.6317,
60.47813,
0,
4635.519,
2042, 
18.70588,
119.7002,
62.72989,
31.75158,
80.56711,
83.85738,
128.1935,
192.535,
101.725,
19.40433,
169.5509,
55.69113,
80.20803,
13.552,
47.12891,
69.86201,
233.0152,
615.2488,
54.59986,
1731.882,
276.9195,
104.1869,
54.74972,
13.11725,
208.9511,
63.97501,
0,
4631.808,
2043, 
19.06581,
122.4317,
63.42564,
32.81565,
81.95962,
85.61916,
129.1206,
201.9487,
107.3779,
20.12304,
172.8442,
55.51184,
80.29989,
13.78508,
47.4715,
70.01006,
232.6148,
625.0378,
54.10672,
1674.602,
276.8519,
107.045,
55.27345,
13.27807,
216.2168,
67.4733,
0,
4626.31,
2044, 
19.4234,
125.2687,
64.1152,
33.89509,
83.35583,
87.41454,
130.0192,
211.3734,
112.9871,
20.84762,
176.1589,
55.32677,
80.32507,
14.01639,
47.80233,
70.16701,
232.0797,
634.6735,
53.58255,
1616.57,
276.6406,
109.9374,
55.77616,
13.45728,
223.4223,
70.97249,
0,
4619.609,
2045, 
19.77636,
128.2082,
64.79656,
34.98291,
84.74518,
89.22674,
130.9022,
220.7801,
118.5598,
21.5731,
179.4656,
55.13641,
80.29206,
14.24442,
48.12397,
70.32488,
231.4463,
644.1387,
53.03394,
1558.391,
276.3135,
112.8421,
56.25249,
13.66236,
230.5582,
74.46796,
0,
4612.245,
2046, 
20.13922,
131.1832,
65.42963,
36.06219,
86.09256,
90.9947,
131.7574,
231.7706,
125.0283,
22.29051,
182.8213,
54.95624,
80.24695,
14.46399,
48.40353,
70.49384,
230.5123,
652.9682,
52.48181,
1498.626,
275.7718,
115.6134,
56.76331,
13.88452,
238.0656,
78.4739,
0,
4605.295,
2047, 
20.49077,
134.1962,
66.04758,
37.12954,
87.40529,
92.7417,
132.6852,
242.627,
131.3632,
22.99503,
186.1049,
54.77091,
80.03852,
14.67744,
48.67828,
70.65757,
229.5513,
661.5312,
51.90999,
1439.897,
275.1472,
118.3505,
57.22938,
14.11193,
245.4092,
82.41411,
0,
4598.161,
2048, 
20.91356,
137.0237,
66.68107,
38.15956,
88.6056,
94.38583,
133.4362,
253.1011,
137.4773,
23.69052,
189.6952,
54.61574,
80.71133,
14.82973,
48.94847,
70.79018,
228.6421,
669.8676,
51.58072,
1382.624,
275.277,
121.058,
58.0176,
14.27645,
252.7795,
86.24969,
0,
4593.438,
2049, 
21.32317,
139.8477,
67.29832,
39.16595,
89.76129,
95.99366,
134.1675,
263.5268,
143.4588,
24.36667,
193.1793,
54.45659,
81.24226,
14.97401,
49.21788,
70.91685,
227.7457,
677.9211,
51.24432,
1327.158,
275.3746,
123.7011,
58.75932,
14.4568,
259.9838,
90.03504,
0,
4589.276,
2050, 
21.71799,
142.6612,
67.89872,
40.14489,
90.87044,
97.55933,
134.8878,
273.9037,
149.3234,
25.02096,
196.5402,
54.29357,
81.73728,
15.10959,
49.48819,
71.03737,
226.8916,
685.6861,
50.90306,
1273.775,
275.4527,
126.2759,
59.45081,
14.64455,
267.0191,
93.77111,
0,
4586.064,
2051, 
22.10909,
145.3931,
68.44836,
41.07788,
91.89864,
99.0428,
135.5529,
285.7533,
155.9263,
25.64163,
199.7801,
54.13374,
82.12452,
15.23512,
49.70961,
71.1414,
225.8539,
692.8412,
50.56469,
1220.977,
275.2858,
128.6725,
60.1119,
14.83319,
274.1548,
97.93495,
0,
4584.199,
2052, 
22.48211,
148.0897,
68.97852,
41.97726,
92.88304,
100.4977,
136.2108,
297.4003,
162.34,
26.23373,
202.8665,
53.97002,
82.46343,
15.35085,
49.93379,
71.24012,
224.8775,
699.662,
50.11742,
1170.738,
275.1014,
130.971,
60.71094,
15.03376,
281.0552,
101.9908,
0,
4583.176,
2053, 
22.84492,
150.7127,
69.49242,
42.84026,
93.80851,
101.903,
136.8681,
308.81,
168.5632,
26.79727,
205.8327,
53.80604,
82.81974,
15.45665,
50.16139,
71.33252,
223.9931,
706.1595,
49.62419,
1123.14,
274.9785,
133.1688,
61.27969,
15.23786,
287.745,
105.9447,
0,
4583.321,
2054, 
23.19752,
153.2314,
69.9903,
43.66461,
94.6748,
103.2477,
137.5298,
319.9861,
174.6098,
27.33203,
208.6766,
53.64201,
83.19814,
15.55249,
50.39317,
71.41782,
223.2092,
712.3418,
49.15202,
1078.216,
274.9261,
135.2632,
61.81957,
15.43631,
294.2325,
109.8008,
0,
4584.742,
2055, 
23.53758,
155.6426,
70.47734,
44.45018,
95.4828,
104.5316,
138.2002,
330.9435,
180.4924,
27.83795,
211.3859,
53.4771,
83.5835,
15.6385,
50.62968,
71.49615,
222.5302,
718.2172,
48.69589,
1035.957,
274.9295,
137.2526,
62.32257,
15.62924,
300.5211,
113.5648,
0,
4587.427,
2056, 
23.8733,
157.933,
70.91373,
45.1762,
96.17832,
105.6928,
138.804,
343.0488,
186.9328,
28.30127,
213.9475,
53.30893,
83.99471,
15.71809,
50.81914,
71.56138,
221.7178,
723.4103,
48.22493,
995.4114,
274.8736,
139.0392,
62.83015,
15.81054,
306.7989,
117.6702,
0,
4591.991,
2057, 
24.19541,
160.1146,
71.33395,
45.86146,
96.81479,
106.791,
139.4141,
354.8268,
193.1452,
28.73447,
216.3693,
53.13953,
84.40675,
15.78804,
51.01284,
71.61881,
221.0184,
728.2891,
47.81462,
957.4734,
274.868,
140.7187,
63.2983,
15.98551,
312.8427,
121.6432,
0,
4597.519,
2058, 
24.50437,
162.1891,
71.7386,
46.50725,
97.3946,
107.8279,
140.0333,
366.307,
199.1503,
29.13866,
218.6553,
52.96903,
84.82119,
15.84872,
51.211,
71.66878,
220.4315,
732.8692,
47.52868,
922.0457,
274.9142,
142.2939,
63.72899,
16.15393,
318.6676,
125.4952,
0,
4604.094,
2059, 
24.8007,
164.1591,
72.12833,
47.1151,
97.92039,
108.8059,
140.6635,
377.5151,
204.9658,
29.51505,
220.8105,
52.7975,
85.23916,
15.90051,
51.4137,
71.71154,
219.9556,
737.1658,
47.3918,
889.0156,
275.0123,
143.7684,
64.12422,
16.31593,
324.2876,
129.2362,
0,
4611.735,
2060, 
25.08492,
166.028,
72.50378,
47.68665,
98.39486,
109.7274,
141.3059,
388.4738,
210.608,
29.86497,
222.8402,
52.62498,
85.66118,
15.94383,
51.62093,
71.74744,
219.588,
741.1943,
47.42751,
858.2595,
275.1614,
145.1462,
64.48594,
16.47185,
329.7156,
132.8753,
0,
4620.442,
2061, 
25.36296,
167.7902,
72.82642,
48.20671,
98.76195,
110.5363,
141.8494,
400.3474,
216.6456,
30.17383,
224.7346,
52.44436,
86.103,
15.98034,
51.79573,
71.75774,
219.0719,
744.4178,
47.67609,
829.3605,
275.2651,
146.3296,
64.83177,
16.61364,
335.0192,
136.7554,
0,
4630.658,
2062, 
25.6287,
169.4597,
73.13515,
48.69189,
99.08055,
111.2912,
142.4008,
411.8795,
222.4543,
30.45746,
226.5087,
52.26233,
86.54028,
16.0091,
51.97367,
71.76117,
218.6577,
747.3832,
47.69648,
802.4854,
275.4053,
147.423,
65.14293,
16.75012,
340.11,
140.4999,
0,
4641.088,
2063, 
25.88286,
171.0408,
73.43075,
49.14429,
99.35368,
111.9952,
142.9608,
423.1043,
228.0563,
30.71741,
228.1692,
52.07894,
86.9738,
16.03058,
52.15465,
71.75809,
218.3405,
750.1066,
47.5137,
777.4979,
275.5805,
148.4314,
65.42178,
16.8817,
345.0046,
144.1218,
0,
4651.752,
2064, 
26.12618,
172.5387,
73.71398,
49.56593,
99.58436,
112.6512,
143.5299,
434.0512,
233.4713,
30.9552,
229.7232,
51.89429,
87.40414,
16.04521,
52.33854,
71.74881,
218.1152,
752.6039,
47.33854,
754.2642,
275.7891,
149.3599,
65.6706,
17.00864,
349.7185,
147.6327,
0,
4662.843,
2065, 
26.35969,
173.9582,
73.98574,
49.9588,
99.77543,
113.2624,
144.1082,
444.7461,
238.7166,
31.17236,
231.1793,
51.70856,
87.83433,
16.05343,
52.5252,
71.73368,
217.9765,
754.8901,
47.17139,
732.6533,
276.0318,
150.2136,
65.89286,
17.131,
354.2663,
151.0427,
0,
4674.348,
2066, 
26.58834,
175.2886,
74.20753,
50.30153,
99.86946,
113.7702,
144.5826,
456.0634,
244.1671,
31.35144,
232.5704,
51.51611,
88.28054,
16.05729,
52.69088,
71.70444,
217.682,
756.3945,
47.05295,
712.6284,
276.2142,
150.9047,
66.09761,
17.24069,
358.5695,
154.581,
0,
4686.375,
2067, 
26.80746,
176.5502,
74.41849,
50.61792,
99.92793,
114.2369,
145.063,
467.0566,
249.4091,
31.51167,
233.872,
51.32232,
88.71982,
16.05556,
52.85812,
71.66961,
217.4644,
757.7063,
46.96846,
693.979,
276.4181,
151.5303,
66.2758,
17.34622,
362.6996,
157.9935,
0,
4698.479,
2068, 
27.01779,
177.7478,
74.61932,
50.90987,
99.9534,
114.6655,
145.5492,
477.7592,
254.4633,
31.65445,
235.0908,
51.12729,
89.15321,
16.04862,
53.02678,
71.62951,
217.3181,
758.8391,
46.92202,
676.5914,
276.6422,
152.095,
66.42975,
17.44791,
366.6713,
161.2928,
0,
4710.666,
2069, 
27.22004,
178.8859,
74.81075,
51.1792,
99.94833,
115.0585,
146.0412,
488.2001,
259.3481,
31.7811,
236.2332,
50.93109,
89.5816,
16.03683,
53.19673,
71.58443,
217.2382,
759.8052,
46.91718,
660.3587,
276.885,
152.6033,
66.56159,
17.54588,
370.498,
164.49,
0,
4722.94,
2070, 
27.41485,
179.969,
74.99335,
51.42757,
99.91503,
115.4187,
146.5387,
498.4047,
264.0793,
31.89286,
237.3054,
50.7338,
90.0057,
16.02054,
53.3678,
71.53463,
217.2195,
760.6165,
46.95464,
645.1802,
277.1453,
153.0594,
66.67326,
17.6402,
374.1915,
167.5949,
0,
4735.297,
2071, 
27.59882,
180.9526,
75.12688,
51.63192,
99.80037,
115.6813,
146.9644,
508.994,
268.8651,
31.97393,
238.3407,
50.53787,
90.42635,
16.00256,
53.51834,
71.47893,
217.0564,
760.6263,
47.04379,
631.1423,
277.3038,
153.3848,
66.77615,
17.72241,
377.597,
170.756,
0,
4747.303,
2072, 
27.77558,
181.8889,
75.2523,
51.81744,
99.66077,
115.9145,
147.3927,
519.2874,
273.465,
32.04226,
239.3126,
50.34068,
90.83716,
15.98075,
53.66917,
71.41893,
216.9454,
760.5068,
47.15443,
617.9764,
277.4695,
153.665,
66.85887,
17.80136,
380.8652,
173.8047,
0,
4759.104,
2073, 
27.94511,
182.7816,
75.36998,
51.98558,
99.49811,
116.1205,
147.8234,
529.3157,
277.8973,
32.09882,
240.2232,
50.14205,
91.23432,
15.95537,
53.82023,
71.3549,
216.8817,
760.2654,
47.28759,
605.6029,
277.6363,
153.9036,
66.92075,
17.87725,
384.0068,
176.7524,
0,
4770.701,
2074, 
28.10823,
183.6341,
75.48051,
52.13772,
99.31421,
116.3013,
148.2563,
539.1054,
282.1786,
32.14494,
241.0787,
49.94215,
91.62079,
15.9267,
53.97138,
71.28698,
216.8615,
759.9077,
47.44638,
593.9482,
277.8055,
154.1041,
66.96449,
17.95036,
387.033,
179.6092,
0,
4782.119,
2075, 
28.26552,
184.4497,
75.58439,
52.27513,
99.11067,
116.4589,
148.6913,
548.6798,
286.3229,
32.18162,
241.8839,
49.74108,
91.99767,
15.89497,
54.12255,
71.21543,
216.881,
759.4413,
47.3666,
582.9444,
277.977,
154.2695,
67.0078,
18.02101,
389.9537,
182.3839,
0,
4793.122,
2076, 
28.4059,
185.1346,
75.64492,
52.37176,
98.83752,
116.5259,
149.0633,
558.3793,
290.4103,
32.19282,
242.6353,
49.55115,
92.42822,
15.86374,
54.25161,
71.14191,
216.7783,
758.3123,
47.30091,
572.5901,
278.0386,
154.3112,
67.07992,
18.07911,
392.5354,
185.1139,
0,
4802.978,
2077, 
28.54051,
185.7881,
75.69942,
52.4553,
98.54739,
116.5723,
149.4352,
567.8151,
294.3396,
32.19608,
243.3407,
49.35991,
92.90498,
15.82991,
54.38002,
71.06506,
216.7082,
757.0873,
47.20272,
562.7688,
278.0944,
154.3231,
67.14085,
18.13523,
395.0109,
187.7465,
0,
4812.487,
2078, 
28.66979,
186.4127,
75.75082,
52.5268,
98.24151,
116.5999,
149.807,
577.0141,
298.1263,
32.19213,
244.0038,
49.16742,
93.43099,
15.79366,
54.50775,
70.98502,
216.6676,
755.7721,
47.05605,
553.4288,
278.144,
154.308,
67.18914,
18.18962,
397.3893,
190.2914,
0,
4821.666,
2079, 
28.79425,
187.0111,
75.7995,
52.58721,
97.92115,
116.6099,
150.1786,
585.9996,
301.7839,
32.18151,
244.6284,
48.97377,
94.02691,
15.75516,
54.63477,
70.90197,
216.6538,
754.3745,
46.86182,
544.5228,
278.1879,
154.2683,
67.22484,
18.24253,
399.6787,
192.7572,
0,
4830.56,
2080, 
28.91412,
187.5853,
75.8456,
52.63742,
97.58739,
116.6038,
150.5498,
594.7922,
305.3242,
32.16454,
245.2168,
48.77896,
94.69485,
15.71458,
54.76102,
70.81604,
216.6639,
752.8964,
46.62075,
536.0081,
278.2245,
154.2065,
67.2386,
18.29421,
401.8863,
195.1515,
0,
4839.177,
2081, 
29.01582,
188.0186,
75.86018,
52.65373,
97.21722,
116.5256,
150.8533,
603.5029,
308.749,
32.13372,
245.7314,
48.60251,
95.4267,
15.67588,
54.8675,
70.73325,
216.5811,
750.9304,
46.37292,
527.934,
278.1587,
154.0486,
67.27316,
18.33201,
403.7911,
197.4273,
0,
4846.417,
2082, 
29.11482,
188.4314,
75.87337,
52.66099,
96.83551,
116.4332,
151.155,
611.9808,
312.0425,
32.09687,
246.2215,
48.42558,
96.22554,
15.63537,
54.97264,
70.64771,
216.5184,
748.8952,
46.16163,
520.1771,
278.0959,
153.8725,
67.27779,
18.36881,
405.6187,
199.6197,
0,
4853.359,
2083, 
29.21019,
188.8256,
75.88488,
52.65992,
96.44313,
116.3277,
151.455,
620.2493,
315.2173,
32.05461,
246.6835,
48.24769,
97.08662,
15.59316,
55.07648,
70.55954,
216.4731,
746.7928,
46.07185,
512.7053,
278.0254,
153.6797,
67.27808,
18.4047,
407.3731,
201.7368,
0,
4860.116,
2084, 
29.30223,
189.2028,
75.89481,
52.65118,
96.04088,
116.21,
151.7531,
628.3284,
318.2841,
32.00221,
247.1201,
48.0689,
98.00905,
15.54938,
55.17904,
70.46886,
216.4434,
744.6213,
46.16528,
505.4898,
277.9475,
153.453,
67.2757,
18.43974,
409.0602,
203.7858,
0,
4866.747,
2085, 
29.39053,
189.5644,
75.90298,
52.63534,
95.62946,
116.0809,
152.0495,
636.2359,
321.2523,
31.94102,
247.5299,
47.88898,
98.97696,
15.50412,
55.2803,
70.37581,
216.4273,
742.3869,
46.49187,
498.5042,
277.8563,
153.2031,
67.25889,
18.474,
410.684,
205.7729,
0,
4873.298,
2086, 
29.45674,
189.8035,
75.88332,
52.59307,
95.20124,
115.8965,
152.2833,
643.8876,
324.0797,
31.86815,
247.8329,
47.7276,
99.94511,
15.46142,
55.36383,
70.28491,
216.3378,
739.8609,
46.56827,
492.0056,
277.6555,
152.864,
67.24444,
18.49443,
412.0659,
207.6139,
0,
4878.28,
2087, 
29.51919,
190.0294,
75.86208,
52.54448,
94.76514,
115.7021,
152.5143,
651.3349,
326.7992,
31.79086,
248.1109,
47.565,
100.9098,
15.4174,
55.44561,
70.19162,
216.2586,
737.2883,
46.47807,
485.6913,
277.4377,
152.5109,
67.22024,
18.51418,
413.3855,
209.3842,
0,
4882.671,
2088, 
29.57832,
190.2435,
75.83944,
52.49004,
94.32174,
115.4984,
152.7426,
658.5972,
329.4203,
31.7095,
248.3662,
47.40131,
101.8756,
15.37214,
55.52572,
70.09602,
216.1884,
734.6707,
46.38252,
479.5421,
277.2046,
152.1448,
67.1908,
18.53332,
414.6476,
211.0906,
0,
4886.673,
2089, 
29.63442,
190.4465,
75.81557,
52.4302,
93.87151,
115.2861,
152.9681,
665.6921,
331.9518,
31.62439,
248.6011,
47.2366,
102.8499,
15.32573,
55.6042,
69.99825,
216.1261,
732.009,
46.28214,
473.5409,
276.9573,
151.7669,
67.15644,
18.55188,
415.8571,
212.7389,
0,
4890.323,
2090, 
29.68849,
190.6397,
75.79092,
52.36535,
93.41493,
115.0657,
153.1911,
672.6349,
334.4011,
31.53589,
248.8208,
47.07124,
103.1731,
15.27824,
55.6811,
69.89837,
216.0713,
729.2976,
46.17945,
467.6719,
276.7029,
151.3781,
67.12441,
18.56991,
417.0192,
214.3342,
0,
4893,
2091, 
29.72709,
190.7469,
75.74899,
52.28204,
92.96075,
114.8054,
153.3263,
679.1556,
336.673,
31.43705,
248.9523,
46.92291,
103.3794,
15.23142,
55.74158,
69.79148,
215.9414,
726.3857,
46.07679,
462.2732,
276.391,
150.9129,
67.11028,
18.57665,
417.9775,
215.7963,
0,
4894.324,
2092, 
29.76314,
190.8457,
75.7065,
52.19425,
92.50113,
114.5379,
153.4582,
685.4974,
338.8556,
31.33515,
249.0672,
46.77366,
103.5723,
15.18361,
55.8002,
69.68246,
215.8164,
723.4322,
45.96961,
456.9798,
276.0652,
150.4382,
67.11285,
18.58293,
418.8882,
217.2,
0,
4895.26,
2093, 
29.79687,
190.9369,
75.64869,
52.10227,
92.03642,
114.2638,
153.5868,
691.677,
340.9565,
31.23041,
249.1668,
46.62357,
103.7528,
15.13488,
55.85698,
69.5714,
215.6957,
720.4398,
45.85827,
451.7807,
275.7263,
149.9549,
67.13442,
18.58879,
419.7551,
218.5508,
0,
4895.827,
2094, 
29.82846,
191.0212,
75.57238,
52.0064,
91.56696,
113.9835,
153.7124,
697.7089,
342.9825,
31.12303,
249.2525,
46.47267,
103.922,
15.08526,
55.91203,
69.4584,
215.5786,
717.4127,
45.74304,
446.6659,
275.375,
149.4635,
67.18198,
18.59425,
420.581,
219.8531,
0,
4896.058,
2095, 
29.85809,
191.099,
75.49403,
51.90693,
91.09303,
113.6973,
153.8349,
703.6061,
344.9396,
31.01321,
249.3254,
46.32102,
104.0805,
15.03482,
55.96541,
69.34353,
215.4645,
714.3583,
45.62422,
441.6263,
275.012,
148.9646,
67.25546,
18.59936,
421.3691,
221.1112,
0,
4895.998,
2096, 
29.87232,
191.1086,
75.39055,
51.79785,
90.63291,
113.3874,
153.8598,
708.9823,
346.7067,
30.89442,
249.2897,
46.17539,
104.195,
14.98101,
55.99439,
69.20291,
215.2578,
711.2145,
45.50401,
436.8467,
274.5799,
148.4077,
67.33485,
18.59596,
421.9948,
222.2357,
0,
4894.443,
2097, 
29.88458,
191.1127,
75.28525,
51.6855,
90.16895,
113.0723,
153.8813,
714.2036,
348.3996,
30.77345,
249.2418,
46.02898,
104.2978,
14.92644,
56.02151,
69.06045,
215.0528,
708.0461,
45.37973,
432.1274,
274.1345,
147.8445,
67.433,
18.59224,
422.5831,
223.3128,
0,
4892.55,
2098, 
29.89503,
191.112,
75.17825,
51.57011,
89.70142,
112.7523,
153.8995,
719.2834,
350.0244,
30.65043,
249.1827,
45.88184,
104.3899,
14.87115,
56.04683,
68.91621,
214.849,
704.8527,
45.2517,
427.4617,
273.6766,
147.2751,
67.54989,
18.58823,
423.1368,
224.3465,
0,
4890.344,
2099, 
29.90384,
191.1068,
75.06961,
51.45186,
89.23045,
112.4277,
153.9145,
724.2347,
351.5864,
30.52553,
249.1134,
45.73401,
104.4721,
14.81516,
56.07042,
68.77026,
214.6462,
701.6341,
45.1202,
422.8437,
273.207,
146.7002,
67.68044,
18.58395,
423.6582,
225.3405,
0,
4887.841,
2100, 
29.91182,
191.0975,
74.95972,
51.33094,
88.75629,
112.0988,
153.9265,
729.0674,
353.0905,
30.39891,
249.0379,
45.58582,
104.5513,
14.75853,
56.09234,
68.62268,
214.4444,
698.3921,
44.98763,
418.2682,
272.7322,
146.1203,
67.82029,
18.57942,
424.1509,
226.2979,
0,
4885.081];
