real main.em.dem.hi.Clinker_Production[28](t) = [1971, 
7.4853,
63.9486,
6.16722,
4.277119,
8.038461,
12.24752,
6.25314,
3.05092,
1.27804,
5.21629,
148.1945,
32.9983,
6.87323,
1.5908,
0,
82.27142,
8.05349,
12.39273,
10.62152,
26.71521,
7.71953,
0.44317,
51.11324,
4.80396,
2.93748,
1.97758,
0,
516.6688,
1972, 
8.181899,
67.437,
7.17746,
5.781819,
9.33324,
12.79692,
6.21131,
3.40158,
1.24333,
5.43968,
168.4209,
36.25626,
6.91145,
1.60064,
0,
85.52518,
9.37485,
13.10155,
10.72526,
29.89577,
8.42296,
0.54236,
57.01112,
5.09894,
2.82282,
2.23657,
0,
564.9509,
1973, 
9.0477,
69.8184,
8.13276,
6.222979,
10.98636,
13.26924,
6.09294,
3.4265,
1.25579,
6.10896,
163.4131,
38.33475,
8.140861,
1.62934,
0,
89.80722,
9.12502,
12.46328,
12.71725,
31.45451,
10.1647,
0.6734,
67.1832,
5.41886,
3.15224,
2.5543,
0,
590.5936,
1974, 
9.5769,
66.20219,
8.75104,
6.252499,
12.45334,
13.92114,
6.35816,
3.59293,
1.29139,
6.49789,
160.7271,
41.23879,
8.1354,
1.6728,
0,
94.4189,
10.79415,
11.88477,
13.50622,
31.40056,
9.854391,
0.75621,
62.87288,
5.7405,
3.51533,
2.57299,
0,
593.9885,
1975, 
8.7669,
55.917,
9.184,
5.841679,
13.44062,
13.5464,
6.93399,
4.03437,
1.26291,
6.38664,
152.3531,
44.09148,
9.85803,
1.77858,
0,
100.0867,
12.3421,
13.48584,
15.58739,
39.00477,
10.81171,
0.9800701,
56.34462,
5.41112,
3.63909,
2.37363,
0,
593.4628,
1976, 
8.908199,
60.8229,
10.40662,
6.260699,
15.3135,
14.35082,
7.11199,
4.07709,
1.34657,
6.27272,
156.5511,
47.32811,
11.06014,
20.22776,
0,
101.8817,
13.16961,
15.36828,
17.17443,
39.53132,
11.79269,
1.6471,
59.09232,
5.29932,
3.50987,
1.57975,
0,
640.0847,
1977, 
8.939699,
65.3661,
10.92896,
6.179519,
17.32086,
14.7559,
7.87561,
4.14117,
1.5753,
5.84997,
160.464,
49.99436,
12.1849,
20.59403,
0,
104.1859,
13.77966,
15.91359,
19.29018,
47.12441,
12.45426,
2.31959,
62.89868,
5.26234,
3.57448,
1.58242,
0,
674.5559,
1978, 
9.425699,
69.7914,
11.603,
6.7527,
19.05598,
15.69398,
9.07978,
4.31294,
1.44714,
6.07247,
163.3752,
52.34935,
14.17052,
20.18211,
0,
104.1039,
15.73099,
16.28958,
20.14103,
55.30912,
12.91017,
3.32059,
72.99853,
5.11872,
3.90026,
1.55661,
0,
714.6918,
1979, 
10.3131,
68.9832,
12.58864,
7.018379,
20.39422,
17.19458,
11.61984,
4.63334,
1.47028,
5.51711,
165.8589,
51.99385,
12.35143,
19.51764,
0,
100.8756,
19.55231,
15.1641,
22.21583,
62.54913,
15.70569,
4.03312,
75.51144,
5.14366,
3.76194,
1.56373,
0,
735.5311,
1980, 
9.306,
61.4169,
13.44636,
7.329389,
22.29908,
19.21998,
13.28058,
4.83181,
1.604715,
6.34125,
166.359,
56.74334,
11.80725,
19.44603,
3.444,
102.5402,
21.80244,
14.77649,
21.48692,
67.66492,
13.83473,
4.78569,
75.64302,
5.20902,
4.03221,
1.48808,
0,
750.1393,
1981, 
9.1368,
58.5486,
14.90186,
7.240192,
21.36182,
19.23638,
14.4714,
5.91049,
1.58137,
7.20455,
161.6095,
52.8036,
13.68913,
19.50725,
3.623785,
104.2786,
26.34503,
17.35364,
21.49147,
70.1516,
14.80752,
5.20429,
72.95209,
5.63558,
4.27336,
1.66341,
0,
754.9833,
1982, 
7.3224,
51.7275,
15.86126,
6.975526,
21.02808,
18.38604,
14.31654,
5.90159,
1.431351,
7.1912,
156.6791,
59.37403,
14.35798,
19.72428,
3.80357,
164.3214,
28.56279,
18.7995,
23.55717,
80.35645,
16.30811,
5.30712,
69.38996,
6.06644,
4.226613,
1.5397,
0,
822.5157,
1983, 
7.083899,
57.5343,
14.23766,
7.309465,
17.1134,
17.01418,
16.05827,
5.43523,
1.42311,
7.02833,
156.5567,
62.29861,
12.37145,
20.60824,
11.06487,
171.0192,
30.74569,
20.96663,
26.64662,
91.40956,
17.70769,
7.36645,
69.56626,
5.38532,
4.453147,
1.35547,
0,
859.7597,
1984, 
8.448299,
63.4068,
15.33564,
7.243676,
15.98754,
17.32496,
20.01432,
4.94573,
1.396034,
7.194759,
147.339,
64.99251,
14.32158,
21.3323,
11.67688,
173.43,
35.87509,
24.51903,
25.85583,
103.7566,
17.76047,
8.09263,
67.8196,
4.83062,
4.842429,
1.3706,
0,
889.1129,
1985, 
9.1728,
63.2556,
16.6091,
7.130142,
16.9207,
17.38892,
21.90112,
6.18016,
1.390888,
6.1232,
139.3141,
60.60722,
15.99871,
21.1519,
12.34182,
174.4788,
36.94828,
26.53593,
25.94319,
122.7869,
16.3618,
9.0454,
62.64842,
5.73362,
5.074242,
1.4685,
0,
902.5115,
1986, 
9.5499,
64.0008,
16.2565,
7.976664,
20.70664,
19.69804,
20.29912,
6.525658,
1.525423,
5.55894,
139.6933,
63.48124,
18.20364,
22.27612,
13.84898,
179.7981,
35.55969,
29.03589,
28.6923,
140.0384,
17.02337,
10.30393,
61.28704,
6.134619,
6.25898,
1.71236,
0,
945.4457,
1987, 
11.3427,
60.64199,
19.25524,
8.431331,
20.88376,
21.51926,
23.22633,
5.958461,
1.680385,
5.33911,
143.2396,
63.21106,
20.0018,
22.63692,
14.21224,
182.8526,
37.98329,
30.82205,
31.80086,
156.8833,
18.90434,
10.75074,
61.53386,
5.948624,
7.05796,
1.84586,
0,
987.9637,
1988, 
11.115,
64.3896,
19.35692,
7.959253,
20.76978,
21.52898,
24.51861,
6.817934,
1.61624,
6.0164,
153.1162,
65.17658,
20.53688,
23.0912,
14.45496,
184.6935,
40.50151,
34.14288,
37.68401,
176.6497,
21.34769,
11.93738,
66.69644,
6.070053,
7.55482,
1.9847,
0,
1049.727,
1989, 
11.3319,
64.1772,
19.8522,
8.422002,
21.25522,
19.10026,
24.81943,
7.071888,
2.05501,
6.46229,
159.6195,
63.62107,
21.57064,
22.92556,
15.1044,
186.6738,
44.87395,
36.68351,
42.88011,
176.7477,
25.18425,
13.45708,
68.55663,
6.669346,
7.53389,
2.01407,
0,
1078.663,
1990, 
10.5705,
63.8496,
20.24006,
8.412292,
21.197,
19.23036,
26.82816,
5.94437,
2.18762,
5.84107,
158.2907,
57.66368,
22.11209,
22.3655,
14.9445,
182.705,
45.9571,
38.3211,
45.42174,
175.9268,
31.93827,
13.45526,
72.6227,
6.327796,
7.83601,
2.23034,
0,
1082.42,
1991, 
8.406684,
60.27212,
20.59494,
7.375795,
22.46015,
20.1785,
29.02796,
6.223289,
2.068484,
5.452389,
153.8522,
41.77913,
23.6083,
21.28392,
13.94246,
65.51226,
38.37441,
43.27482,
50.03647,
205.1379,
35.54351,
12.22636,
76.84591,
5.53657,
8.179326,
2.515532,
0,
979.7095,
1992, 
7.681248,
62.20899,
22.0708,
7.485446,
19.45623,
23.85,
29.13487,
6.566607,
2.179944,
5.1714,
146.4459,
32.77607,
25.72332,
18.93298,
12.26966,
51.9224,
43.28453,
44.98262,
55.54538,
258.535,
38.79516,
12.69939,
75.54371,
5.710024,
8.691056,
2.125136,
0,
1019.788,
1993, 
8.370054,
65.76203,
23.29597,
7.897469,
20.14929,
32.48428,
26.61853,
6.655245,
2.217477,
5.404935,
134.5967,
29.89813,
28.05173,
13.9646,
9.27584,
41.83804,
47.63074,
47.92454,
57.94602,
309.0458,
45.59871,
17.66861,
75.19128,
6.397794,
8.741331,
2.063302,
0,
1074.688,
1994, 
9.398592,
69.21783,
25.52795,
8.539049,
20.38503,
24.88217,
26.80534,
5.661444,
2.175782,
6.205704,
142.064,
32.35333,
26.36169,
10.62884,
6.64774,
31.07636,
49.15179,
53.18032,
62.04102,
354.6357,
51.82996,
22.05847,
78.06365,
6.907706,
8.889302,
1.768292,
0,
1136.457,
1995, 
9.2394,
68.06181,
20.36247,
8.794625,
22.74608,
27.31967,
28.3675,
5.839801,
2.748538,
6.507375,
140.482,
32.79887,
29.67193,
7.30702,
4.93312,
30.29818,
51.12236,
56.88648,
65.42539,
401.2075,
58.12344,
20.70672,
76.9029,
6.58342,
8.741465,
2.160375,
0,
1193.339,
1996, 
9.7902,
71.2656,
20.3708,
7.30622,
27.7492,
26.10831,
32.76104,
9.215296,
2.465144,
6.68824,
135.4697,
33.38586,
31.3984,
5.3382,
3.5629,
23.2798,
41.70511,
67.36,
66.2756,
432.4815,
51.53441,
32.558,
80.136,
6.522816,
9.552428,
2.41544,
0,
1236.696,
1997, 
10.2843,
72.5175,
21.9725,
7.433097,
30.4419,
27.8052,
33.91707,
12.30504,
2.37237,
6.50881,
138.1517,
34.30558,
32.004,
5.82364,
3.7679,
22.41142,
41.42406,
67.52,
68.2752,
435.9614,
63.64173,
36.6268,
77.74741,
6.48036,
9.628759,
2.42451,
0,
1271.752,
1998, 
10.5996,
72.00719,
22.0492,
8.807739,
31.84,
29.58414,
33.33234,
9.942546,
2.750416,
8.227,
153.5825,
34.58004,
33.8452,
6.31728,
3.75314,
21.9063,
36.02168,
71.91,
56.5268,
452.7361,
47.39214,
38.984,
68.6172,
6.43972,
9.485516,
3.001556,
0,
1274.239,
1999, 
10.9998,
76.21291,
23.3142,
10.17578,
31.9579,
29.91196,
35.86628,
9.663874,
2.653725,
7.680699,
152.93,
35.145,
30.3752,
6.5436,
4.37552,
23.944,
36.54928,
76.32,
56.6886,
502.6893,
59.47447,
36.6445,
67.4442,
6.35289,
9.962006,
2.957501,
0,
1346.833,
2000, 
10.962,
77.865,
25.043,
8.62996,
30.968,
30.3044,
38.7086,
9.86506,
2.74684,
7.7314,
157.0873,
34.94712,
31.504,
6.05324,
3.7064,
27.19694,
42.40138,
80.75,
59.312,
511.6762,
56.6764,
45.496,
68.12399,
7.1778,
10.604,
2.60494,
0,
1388.142,
2001, 
11.232,
78.10561,
23.4,
8.618219,
30.81,
29.991,
41.242,
10.67175,
2.70555,
7.7945,
154.5264,
32.18897,
30.59,
6.3804,
4.081002,
29.77356,
44.72034,
83.4,
49.95784,
567.4686,
58.73455,
48.1574,
64.1908,
7.16071,
10.87693,
2.5891,
0,
1439.367,
2002, 
11.3256,
78.3354,
23.87,
9.23846,
29.26,
23.6159,
40.5048,
11.2476,
2.70732,
8.0808,
148.0686,
32.13338,
28.2968,
7.84176,
4.147728,
31.98965,
45.69806,
81.8,
52.79176,
592.6802,
65.47324,
53.4688,
60.0248,
7.2732,
11.1538,
2.23272,
0,
1463.26,
2003, 
12.0132,
80.34361,
24.32,
10.13384,
28.88,
25.1332,
43.1932,
11.15935,
3.44201,
8.466,
158.7164,
34.29903,
30.2562,
9.479031,
5.024822,
34.78955,
46.0348,
80.2,
55.80588,
706.2813,
71.18827,
55.599,
57.3792,
7.6311,
14.68417,
2.83777,
0,
1617.291,
2004, 
12.6054,
83.754,
26.25,
9.987,
25.8,
28.155,
45.1984,
11.17906,
3.71378,
9.84,
161.7881,
36.73331,
32.528,
11.18124,
5.427408,
39.02147,
49.77627,
98.25,
51.30008,
778.3837,
79.78861,
58.3792,
56.0768,
7.6544,
14.88584,
2.8577,
0,
1740.515,
2005, 
12.012,
84.84,
27.75,
10.82694,
27.158,
31.302,
48.1869,
11.28006,
4.29705,
11.745,
161.3011,
38.269,
36.38,
12.93651,
5.56713,
41.38695,
54.495,
100.1,
48.535,
839.3092,
86.24015,
56.61,
57.768,
7.69327,
15.011,
2.86335,
0,
1833.864,
2006, 
11.76,
83.74799,
29.6,
11.33236,
27.158,
33.5072,
50.1633,
13.10337,
4.49307,
10.53,
169.112,
42.48937,
40.8,
14.60997,
6.06852,
46.48995,
57.82959,
119.35,
50.745,
969.7696,
86.581,
56.95,
58.017,
8.6237,
15.44875,
4.0986,
0,
2022.378,
2007, 
12.18,
81.396,
30.118,
11.75268,
34.336,
36.223,
51.7995,
17.81676,
4.72878,
12.393,
178.3474,
46.73361,
41.48,
16.1028,
6.561,
50.83722,
68.6194,
130.9,
53.6605,
1054.269,
90.01075,
65.45,
56.191,
9.11257,
24.0805,
4.28895,
0,
2189.388,
2008, 
11.508,
73.584,
29.674,
12.5171,
34.41,
38.0286,
63.5526,
23.08743,
5.76558,
10.935,
154.2287,
48.46534,
43.69,
16.9452,
7.3224,
45.6192,
70.705,
138.6,
49.402,
1083.829,
93.65981,
69.19,
52.124,
8.91669,
24.92625,
4.4307,
0,
2215.116,
2009, 
9.24,
54.516,
26.048,
10.92388,
38.258,
36.9852,
70.2999,
22.07331,
6.86475,
9.558001,
130.0345,
38.39836,
45.05,
11.9718,
7.06644,
38.01087,
83.4635,
138.6,
48.025,
1267.524,
98.22941,
74.8,
45.484,
8.83784,
28.41125,
5.12649,
0,
2353.801,
2010, 
10.416,
56.44799,
25.53,
11.53216,
43.734,
37.1702,
69.0606,
24.5025,
8.934299,
8.829,
125.1019,
38.47459,
53.295,
12.2229,
7.28028,
42.95025,
86.3549,
169.4,
45.56,
1460.4,
110.494,
70.55,
42.745,
8.597139,
31.90135,
5.54607,
0,
2607.03,
2011, 
10.08,
57.624,
25.53,
10.80104,
46.324,
37.0592,
68.4855,
23.86422,
10.29024,
9.072,
127.0284,
40.44579,
53.89,
13.365,
7.71039,
47.71872,
99.7296,
207.9,
46.495,
1630.341,
113.7538,
80.75,
42.579,
8.34814,
36.8373,
6.21999,
0,
2862.242,
2012, 
10.4706,
62.94456,
26.77616,
13.6086,
51.29902,
40.9035,
80.76591,
27.945,
11.7612,
9.363601,
104.6083,
35.7973,
54.29715,
12.91869,
14.32971,
53.1765,
148.4829,
207.9,
45.3118,
1715.769,
112.6063,
44.6675,
45.43171,
8.22945,
43.16045,
8.58681,
0,
2991.112,
2013, 
9.75324,
65.02859,
25.61288,
13.75512,
51.7815,
43.78062,
76.84794,
32.62923,
13.24593,
9.85608,
102.4246,
34.15104,
60.63645,
13.01184,
15.20532,
57.38769,
151.7606,
215.6,
45.80735,
1871.224,
118.1483,
48.3565,
48.10846,
8.216999,
45.71385,
9.357121,
0,
3187.401,
2014, 
9.978359,
69.82416,
27.08178,
14.55062,
52.72796,
43.95156,
84.98277,
32.93865,
14.73066,
9.77508,
101.5707,
34.81709,
60.55315,
12.59793,
17.2287,
60.04368,
152.504,
215.6,
45.66455,
1932.309,
122.2504,
48.416,
48.06779,
8.62702,
46.5137,
11.28897,
0,
3278.595,
2015, 
10.22028,
71.3496,
29.31362,
14.67198,
48.30942,
44.44588,
83.55717,
34.84539,
16.93872,
10.52352,
102.5686,
35.72415,
60.70615,
11.49714,
18.86733,
54.24003,
149.0051,
200.2,
49.9324,
1828.584,
134.8432,
51.0425,
45.50641,
9.14328,
54.6465,
11.53116,
0,
3182.214,
2016, 
9.82212,
71.52852,
30.02698,
14.40484,
42.59218,
40.91608,
85.80168,
37.9404,
18.32382,
10.53,
103.9854,
36.05987,
64.09255,
11.74581,
19.30797,
48.05001,
140.8278,
215.6,
54.25295,
1866.786,
140.1854,
52.87,
44.20165,
8.98973,
60.1426,
11.76201,
0,
3240.747,
2017, 
10.67304,
72.91116,
30.78474,
14.79334,
39.96296,
41.27498,
100.8879,
36.3771,
18.83412,
10.6677,
104.8455,
39.193,
68.4692,
11.83329,
21.5055,
48.6729,
133.198,
217.91,
54.604,
1804.981,
147.0186,
59.05715,
45.81185,
8.55315,
64.4249,
10.97226,
0,
3218.217,
2018, 
11.38536,
73.07999,
35.76272,
14.21466,
39.62922,
39.22222,
83.187,
42.46101,
18.9135,
11.0808,
106.8244,
41.92958,
61.6624,
12.14433,
22.34628,
48.3165,
136.8699,
238.7,
49.23455,
1732.125,
159.8748,
64.10105,
45.90481,
9.02957,
72.3877,
11.99853,
0,
3182.386,
2019, 
11.76,
74.004,
33.42062,
13.78472,
41.89214,
39.28734,
81.07047,
46.77426,
17.70174,
10.30806,
107.3811,
43.84611,
48.4211,
12.35898,
24.14367,
52.19316,
140.6745,
257.18,
47.79975,
1812.556,
176.4549,
61.234,
44.37346,
9.21715,
75.26155,
13.81617,
0,
3296.915,
2020, 
11.76,
75.432,
35.39642,
12.36614,
45.17848,
34.9391,
73.20375,
51.37668,
20.14227,
8.748,
105.6086,
44.57222,
61.45415,
12.58659,
25.53039,
50.67603,
152.9337,
223.3,
45.2268,
1841.43,
182.025,
53.4055,
42.25115,
8.8976,
74.5314,
14.17824,
0,
3307.15,
2021, 
11.76,
76.692,
38.15366,
13.72848,
48.75416,
42.62252,
82.21419,
56.35332,
22.2264,
10.125,
110.3849,
45.72876,
66.72076,
13.77729,
28.51524,
53.93304,
151.9146,
269.5,
47.4504,
1830.733,
193.3172,
55.3775,
41.56889,
9.0968,
83.18015,
14.29083,
0,
3418.119,
2022, 
12.6,
76.94399,
36.852,
13.88314,
47.02404,
44.62866,
78.31809,
57.0321,
21.1977,
9.72,
108.62,
44.18491,
62.6518,
9.396,
28.71855,
54.89532,
152.1216,
292.6,
48.9702,
1651.019,
200.8482,
54.536,
44.156,
9.28189,
80.35731,
14.58081,
0,
3255.138,
2023, 
12.58597,
77.16927,
37.14638,
14.16336,
47.57117,
44.91064,
80.33607,
59.17007,
19.75628,
9.7924,
105.37,
42.82838,
62.78654,
9.390352,
29.3549,
55.02177,
154.3969,
303.0273,
46.04272,
1655.431,
202.955,
54.34435,
43.90545,
9.319287,
81.75707,
15.21034,
0,
3273.743,
2024, 
12.53439,
77.20947,
37.2975,
14.45338,
47.85962,
45.50662,
82.24854,
61.81428,
21.41117,
9.920482,
101.0949,
41.11491,
62.90157,
9.388792,
29.97805,
55.08723,
156.9274,
313.24,
42.19253,
1659.07,
205.2414,
53.49231,
43.62413,
9.352444,
84.78793,
16.14169,
0,
3293.891,
2025, 
12.4297,
76.98158,
37.50878,
14.73724,
48.3279,
46.03916,
84.26449,
64.66046,
23.86725,
10.04166,
99.1435,
38.71098,
63.11124,
9.438938,
30.61323,
55.09545,
159.4855,
325.2276,
40.28729,
1662.356,
208.0148,
53.62531,
43.37012,
9.396426,
88.34325,
17.16108,
0,
3322.24,
2026, 
12.29876,
76.66879,
37.97026,
15.05141,
48.71691,
46.54717,
85.83617,
67.97573,
26.53973,
10.14086,
98.96503,
37.42595,
63.07926,
9.659841,
31.0719,
54.90281,
161.6295,
336.2481,
40.26359,
1659.796,
209.8667,
54.92042,
42.98331,
9.435741,
92.81684,
18.62641,
0,
3349.438,
2027, 
12.14398,
76.0869,
38.4296,
15.36879,
49.11202,
47.03012,
87.14587,
71.24102,
29.14049,
10.23894,
98.08878,
37.40931,
63.07507,
9.9027,
31.51699,
54.64829,
163.7251,
325.0885,
40.24459,
1656.476,
211.4372,
56.17828,
42.62633,
9.429275,
97.05212,
20.05289,
0,
3352.889,
2028, 
11.97399,
75.37352,
38.87978,
15.69484,
49.51194,
47.4912,
88.33834,
74.41979,
31.67493,
10.34334,
96.81668,
37.3816,
63.07718,
9.758253,
31.94833,
54.42803,
165.7579,
314.8146,
40.22136,
1652.142,
212.8864,
57.4156,
42.29237,
9.418281,
101.0867,
21.45262,
0,
3354.6,
2029, 
11.79533,
74.52519,
39.28856,
16.02239,
49.92525,
47.97521,
89.39642,
77.53726,
34.14826,
10.4578,
95.40018,
37.34814,
63.12886,
9.414333,
32.36529,
54.34747,
167.7143,
309.4233,
40.20625,
1646.473,
214.2639,
58.65277,
42.00883,
9.408908,
104.9737,
22.83061,
0,
3359.031,
2030, 
11.60298,
73.55614,
39.6343,
16.36516,
50.34418,
48.50491,
90.38965,
80.6328,
36.56526,
10.58546,
93.86805,
37.30701,
63.15754,
9.082964,
32.76688,
54.57318,
169.5692,
317.0878,
40.17408,
1639.092,
215.4862,
59.90845,
41.74486,
9.411953,
108.7347,
24.19095,
0,
3374.337,
2031, 
11.41302,
72.63319,
39.95135,
16.78063,
50.89,
49.13171,
91.45969,
85.62005,
39.74075,
10.78258,
94.34061,
37.54666,
63.22128,
8.779289,
33.15624,
54.70753,
171.0961,
324.5921,
40.10679,
1627.736,
216.5484,
61.15961,
41.55961,
9.428572,
113.1264,
26.04436,
0,
3391.553,
2032, 
11.22909,
71.88993,
40.23381,
17.26655,
51.44802,
49.80744,
92.39937,
90.50923,
42.83418,
11.00754,
95.0622,
37.26174,
63.27543,
8.515202,
33.5243,
53.06239,
172.3446,
331.8642,
40.03161,
1613.907,
217.4467,
62.46885,
41.4134,
9.45471,
117.3845,
27.85671,
0,
3403.498,
2033, 
11.07109,
71.27164,
40.47343,
17.74576,
52.02882,
50.51814,
93.21212,
95.29408,
45.86576,
11.24925,
95.91684,
37.09552,
63.32299,
8.307901,
33.87025,
51.55233,
173.2675,
338.9718,
39.95433,
1597.249,
218.1814,
63.85636,
41.31342,
9.493435,
121.5564,
29.64021,
0,
3412.28,
2034, 
10.92513,
70.58406,
40.67373,
18.22635,
52.64668,
51.25848,
93.93848,
100.0221,
48.85198,
11.51608,
96.90411,
37.01585,
63.33418,
8.193544,
34.19392,
50.15824,
173.8566,
345.9706,
39.8739,
1577.483,
218.7169,
65.33859,
41.24882,
9.536642,
125.6742,
31.40741,
0,
3417.549,
2035, 
10.79276,
69.7397,
40.85436,
18.74285,
53.30736,
52.06265,
94.58053,
104.735,
51.80067,
11.81057,
98.03066,
36.93094,
63.30055,
8.195883,
34.49482,
48.85495,
174.1099,
352.907,
39.81015,
1554.428,
219.0432,
66.80756,
41.2179,
9.573469,
129.7679,
33.16893,
0,
3419.068,
2036, 
10.92545,
68.66022,
41.12786,
19.31429,
54.06151,
52.96661,
95.25005,
110.4987,
55.38788,
12.16656,
99.3597,
36.83625,
63.23176,
8.299429,
34.76634,
47.64445,
173.9264,
359.7936,
39.77812,
1526.504,
218.957,
68.07103,
41.24222,
9.618979,
134.3444,
35.2952,
0,
3418.028,
2037, 
11.10198,
69.7669,
41.40305,
19.92417,
54.87158,
53.96985,
95.66113,
116.253,
58.91381,
12.54747,
100.8416,
36.73832,
63.13497,
8.202196,
35.01508,
46.49218,
173.4316,
366.6217,
39.61143,
1495.357,
218.6925,
69.26434,
41.30732,
9.690403,
138.8755,
37.41693,
0,
3415.106,
2038, 
11.28917,
71.21714,
41.58009,
20.5731,
55.73661,
55.0815,
95.84019,
122.0207,
62.40147,
12.9525,
102.4573,
36.63611,
62.98727,
8.195127,
35.24183,
45.3808,
172.6749,
373.4125,
39.37851,
1461.17,
218.2318,
70.45474,
41.39798,
9.770176,
143.3729,
39.53548,
0,
3408.99,
2039, 
11.48732,
72.76908,
41.71708,
21.25922,
56.64697,
56.29881,
95.93858,
127.7398,
65.86702,
13.38007,
104.2015,
36.53028,
62.80096,
8.349322,
35.44786,
45.21313,
171.7004,
380.179,
39.11856,
1424.232,
217.5991,
71.77441,
41.51524,
9.847591,
147.8491,
41.6489,
0,
3401.112,
2040, 
11.69641,
74.40454,
41.86428,
21.97742,
57.60776,
57.61842,
95.89848,
133.3942,
69.31381,
13.82768,
106.0655,
36.42152,
62.58983,
8.506449,
35.63477,
45.25161,
170.5473,
386.9263,
38.83813,
1384.916,
216.8226,
73.27348,
41.65953,
9.928627,
152.3097,
43.76021,
0,
3391.055,
2041, 
11.92486,
76.08022,
42.02615,
22.72637,
58.60586,
59.00031,
95.73669,
140.1466,
73.47791,
14.30656,
108.1008,
36.31173,
62.39989,
8.657171,
35.79032,
45.32395,
169.1094,
393.4592,
38.53859,
1342.263,
215.8049,
74.88959,
41.87236,
10.00956,
157.1921,
46.27787,
0,
3380.031,
2042, 
12.15882,
77.80515,
42.26484,
23.49617,
59.61966,
60.45569,
95.43731,
146.7887,
77.55515,
14.79386,
110.2081,
36.19923,
62.17727,
8.808798,
35.93108,
45.41031,
167.4733,
399.9117,
38.2199,
1298.218,
214.668,
76.68472,
42.09158,
10.08455,
161.9789,
48.77455,
0,
3367.216,
2043, 
12.39278,
79.58059,
42.59202,
24.28358,
60.65012,
62.00581,
95.0295,
153.4003,
81.56428,
15.28546,
112.3488,
36.0827,
61.89515,
8.960302,
36.05935,
45.50654,
165.6316,
406.2746,
37.8747,
1253.272,
213.3975,
78.64251,
42.29524,
10.16038,
166.6599,
51.25272,
0,
3353.098,
2044, 
12.62521,
81.42463,
43.01817,
25.08237,
61.68331,
63.64899,
94.51949,
159.9674,
85.50862,
15.77748,
114.5033,
35.9624,
61.56113,
9.110654,
36.1768,
45.60855,
163.5969,
412.5378,
37.50778,
1207.901,
212.0174,
80.73734,
42.47913,
10.24907,
171.2309,
53.71198,
0,
3338.148,
2045, 
12.85463,
83.33533,
43.53688,
25.88735,
62.71143,
65.38894,
93.94238,
166.4682,
89.39407,
16.26612,
116.6526,
35.83867,
61.18255,
9.258873,
36.28548,
45.71117,
161.4038,
418.6902,
37.12376,
1162.559,
210.5509,
82.94653,
42.63939,
10.35607,
175.6853,
56.14884,
0,
3322.819,
2046, 
13.09049,
85.26907,
44.10985,
26.68602,
63.7085,
67.18504,
93.31036,
174.1061,
93.92128,
16.74463,
118.8339,
35.72155,
60.79509,
9.401592,
36.36073,
45.82099,
158.9226,
424.4293,
36.73727,
1116.177,
208.9247,
85.15401,
42.82224,
10.47448,
180.3585,
58.9496,
0,
3308.015,
2047, 
13.319,
87.22751,
44.76567,
27.47586,
64.67992,
68.62886,
92.71586,
181.5821,
98.31219,
17.20948,
120.9682,
35.60109,
60.28501,
9.540333,
36.43082,
45.92742,
156.351,
429.9952,
36.33699,
1070.707,
207.2409,
87.42445,
42.96782,
10.59524,
184.8422,
61.67872,
0,
3292.809,
2048, 
13.59382,
89.06541,
45.51423,
28.23808,
65.56815,
69.84552,
91.98873,
188.7122,
102.5031,
17.66365,
123.3019,
35.50023,
60.43665,
9.639326,
36.49598,
46.01362,
153.7604,
435.4139,
36.1065,
1026.247,
206.1274,
89.74824,
43.35075,
10.66737,
189.2813,
64.30777,
0,
3279.091,
2049, 
13.86006,
90.90099,
46.31686,
28.9828,
66.42336,
71.03531,
91.24185,
195.7477,
106.5612,
18.09956,
125.5666,
35.39678,
60.47674,
9.733104,
36.55904,
46.09595,
151.1351,
440.6487,
35.87102,
982.6553,
204.9889,
92.08312,
43.69343,
10.75007,
193.532,
66.87803,
0,
3265.233,
2050, 
14.11669,
92.72977,
47.16226,
29.70722,
67.24413,
72.1939,
90.48157,
202.6887,
110.4993,
18.51551,
127.7511,
35.29082,
60.48559,
9.821233,
36.62126,
46.17429,
148.4979,
445.696,
35.63214,
939.9139,
203.835,
93.44419,
43.9936,
10.83697,
197.5941,
69.39063,
0,
3250.318,
2051, 
14.37091,
94.50552,
48.02363,
30.39763,
68.00499,
73.29167,
89.67823,
211.4574,
115.3855,
18.97481,
129.8571,
35.18693,
60.77214,
9.902826,
36.78511,
46.24191,
146.805,
450.3468,
35.39528,
896.8665,
203.7115,
95.21765,
44.4828,
10.97656,
202.8746,
72.47186,
0,
3241.985,
2052, 
14.61337,
96.2583,
48.91236,
31.06318,
68.73345,
74.36829,
88.8632,
220.0762,
120.1316,
19.41296,
131.8632,
35.08051,
61.02294,
9.978052,
36.95101,
46.30608,
146.1704,
454.7803,
35.08219,
854.621,
203.5751,
96.91857,
44.92609,
11.12498,
207.9808,
75.47322,
0,
3234.287,
2053, 
14.84919,
97.96326,
49.8168,
31.70179,
69.4183,
75.40825,
88.96424,
228.5194,
124.7368,
19.82998,
133.7913,
34.97392,
61.28661,
10.04682,
37.11943,
46.36614,
145.5955,
459.0036,
34.73693,
814.3591,
203.4841,
98.54492,
45.34697,
11.27602,
212.9313,
78.39909,
0,
3228.47,
2054, 
15.07839,
99.60037,
50.7331,
32.31181,
70.05936,
76.40333,
89.39437,
236.7897,
129.2113,
20.2257,
135.6398,
34.86731,
61.56662,
10.19791,
37.29094,
46.42158,
145.086,
463.0222,
34.40641,
775.6002,
203.4453,
100.0948,
45.74648,
11.42287,
217.732,
81.25256,
0,
3223.6,
2055, 
15.29943,
101.1677,
51.44846,
32.89313,
70.65727,
77.35336,
89.83011,
244.8982,
133.5644,
20.60009,
137.4008,
34.76012,
61.85179,
10.3294,
37.46596,
46.47249,
144.6446,
466.8412,
34.08712,
738.5903,
203.4478,
101.5669,
46.11871,
11.56564,
222.3856,
84.03796,
0,
3219.279,
2056, 
15.51764,
102.6564,
51.76702,
33.43039,
71.17196,
78.21268,
90.22259,
253.8561,
138.3303,
20.94294,
139.0659,
34.6508,
62.15609,
10.44299,
37.60616,
46.51489,
144.1166,
470.2167,
33.75745,
702.5318,
203.4064,
102.889,
46.49432,
11.6998,
227.0312,
87.07593,
0,
3215.764,
2057, 
15.72701,
104.0745,
52.07379,
33.93748,
71.64294,
79.02533,
90.61919,
262.5719,
142.9275,
21.26351,
140.64,
34.5407,
62.46099,
10.53686,
37.7495,
46.55223,
143.6619,
473.3879,
33.47023,
668.8738,
203.4023,
104.1318,
46.84074,
11.82928,
231.5036,
90.01594,
0,
3213.461,
2058, 
15.92784,
105.4229,
52.36918,
34.41537,
72.07201,
79.79267,
91.02167,
271.0672,
147.3712,
21.56261,
142.126,
34.42987,
62.76768,
10.61109,
37.89614,
46.5847,
143.2805,
476.365,
33.27007,
637.8781,
203.4365,
105.2975,
47.15945,
11.95391,
235.814,
92.86642,
0,
3212.76,
2059, 
16.12046,
106.7034,
52.65368,
34.86518,
72.46109,
80.51637,
91.43126,
279.3612,
151.6747,
21.84114,
143.5268,
34.31837,
63.07698,
10.66601,
38.04613,
46.6125,
142.9712,
479.1577,
33.17426,
609.4369,
203.5091,
106.3886,
47.45193,
12.07379,
239.9728,
95.6348,
0,
3213.646,
2060, 
16.3052,
107.9182,
52.92776,
35.28812,
72.81219,
81.19824,
91.84885,
287.4706,
155.8499,
22.10007,
144.8461,
34.20624,
63.38927,
10.70005,
38.19949,
46.63583,
142.7322,
481.7763,
33.19925,
583.5719,
203.6195,
107.4082,
47.7196,
12.18917,
243.9896,
98.32771,
0,
3216.229,
2061, 
16.48592,
109.0637,
53.16328,
35.67297,
73.08384,
81.79687,
92.2021,
296.2571,
160.3178,
22.32864,
146.0775,
34.08883,
63.71622,
10.70867,
38.32884,
46.64252,
142.3967,
483.8716,
33.37326,
559.4707,
203.6962,
108.2839,
47.97551,
12.29409,
247.9142,
101.199,
0,
3220.41,
2062, 
16.65865,
110.1488,
53.38866,
36.032,
73.31961,
82.35551,
92.56049,
304.7909,
164.6162,
22.53852,
147.2306,
33.97051,
64.03981,
10.68598,
38.41514,
46.64476,
142.1275,
485.799,
33.38754,
537.3981,
203.7999,
109.093,
48.20577,
12.39509,
251.6814,
103.9699,
0,
3225.253,
2063, 
16.82386,
111.1765,
53.60445,
36.36678,
73.52173,
82.87642,
92.9245,
313.0972,
168.7617,
22.73088,
148.31,
33.85131,
64.36061,
10.62815,
38.44838,
46.64275,
141.9213,
487.5693,
33.25959,
517.0519,
203.9296,
109.8392,
48.41212,
12.49246,
255.3034,
106.6501,
0,
3230.554,
2064, 
16.98202,
112.1502,
53.81121,
36.67879,
73.69243,
83.36192,
93.29442,
321.1979,
172.7688,
22.90685,
149.3201,
33.73129,
64.67906,
10.53251,
38.44154,
46.63673,
141.7749,
489.1925,
33.13698,
498.2379,
204.0839,
110.5263,
48.59624,
12.5864,
258.7917,
109.2482,
0,
3236.361,
2065, 
17.1338,
113.0728,
54.00959,
36.96951,
73.83382,
83.81419,
93.67033,
329.1121,
176.6503,
23.06754,
150.2665,
33.61057,
64.99741,
10.43473,
38.395,
46.62689,
141.6847,
490.6786,
33.01997,
480.924,
204.2635,
111.158,
48.76072,
12.67694,
262.157,
111.7716,
0,
3242.76,
2066, 
17.28242,
113.9376,
54.17149,
37.22313,
73.9034,
84.18993,
93.97871,
337.4869,
180.6837,
23.20007,
151.1707,
33.48547,
65.3276,
10.43724,
38.29071,
46.60788,
141.4933,
491.6564,
32.90342,
464.7032,
204.3985,
111.6457,
48.91223,
12.75811,
265.3415,
114.39,
0,
3249.579,
2067, 
17.42485,
114.7576,
54.3255,
37.45726,
73.94666,
84.53532,
94.29093,
345.6219,
184.5627,
23.31863,
152.0168,
33.3595,
65.65266,
10.43611,
38.14314,
46.58524,
141.3518,
492.5091,
32.74644,
451.0863,
204.5494,
111.9923,
49.04409,
12.8362,
268.3977,
116.9152,
0,
3257.864,
2068, 
17.56156,
115.5361,
54.47211,
37.67331,
73.96552,
84.85244,
94.60699,
353.5418,
188.3029,
23.42429,
152.809,
33.23273,
65.97338,
10.4316,
37.96608,
46.55918,
141.2568,
493.2454,
32.54725,
439.7844,
204.7152,
112.2043,
49.15802,
12.91145,
271.3368,
119.3567,
0,
3267.425,
2069, 
17.69303,
116.2758,
54.61185,
37.8726,
73.96177,
85.14331,
94.92679,
361.2681,
191.9176,
23.51801,
153.5516,
33.10521,
66.29039,
10.42394,
37.75903,
46.52988,
141.2048,
493.8734,
32.3056,
429.2332,
204.8949,
112.2872,
49.25558,
12.98395,
274.1685,
121.7226,
0,
3276.779,
2070, 
17.81965,
116.9798,
54.74515,
38.0564,
73.93713,
85.40984,
95.25017,
368.8195,
195.4187,
23.60072,
154.2485,
32.97697,
66.60422,
10.41335,
37.52106,
46.49751,
141.1927,
494.4007,
32.02576,
419.3671,
205.0875,
112.2466,
49.33821,
13.05375,
276.9017,
124.0202,
0,
3285.933,
2071, 
17.93923,
117.6192,
54.84262,
38.20762,
73.85227,
85.60416,
95.52685,
376.6555,
198.9602,
23.6558,
154.9215,
32.84961,
66.9155,
10.40166,
37.24035,
46.4613,
141.0867,
498.5978,
31.74599,
410.2425,
205.2048,
112.0263,
49.41436,
13.11458,
279.4218,
126.3595,
0,
3298.868,
2072, 
18.05413,
118.2278,
54.93419,
38.3449,
73.74897,
85.77671,
95.80524,
384.2727,
202.3641,
23.67293,
155.5532,
32.72144,
67.2195,
10.38748,
36.93213,
46.4223,
141.0145,
500.9939,
31.45638,
401.6847,
205.3275,
111.6917,
49.47556,
13.17301,
281.8403,
128.6155,
0,
3309.711,
2073, 
18.16432,
118.808,
55.02009,
38.46933,
73.6286,
85.92916,
96.0852,
391.6937,
205.644,
23.65561,
156.1451,
32.59233,
67.5134,
10.37099,
36.59784,
46.38068,
140.9731,
501.934,
31.15432,
393.6419,
205.4508,
111.2469,
49.52135,
13.16774,
284.165,
130.7968,
0,
3318.75,
2074, 
18.27035,
119.3622,
55.10078,
38.58191,
73.49252,
86.06299,
96.36661,
398.938,
208.8122,
23.58967,
156.7012,
32.46239,
67.79939,
10.35236,
36.23211,
46.33654,
140.96,
502.0164,
30.84015,
386.0663,
205.5761,
110.6966,
49.55372,
13.12367,
286.4044,
132.9108,
0,
3326.609,
2075, 
18.37259,
119.8923,
55.17661,
38.6836,
73.3419,
86.17962,
96.64935,
406.0231,
211.879,
23.47338,
157.2245,
32.3317,
68.07828,
10.33173,
35.83812,
46.29003,
140.9726,
501.4143,
30.78829,
378.9138,
205.7029,
110.0459,
49.55121,
13.04574,
288.5658,
134.9641,
0,
3333.73,
2076, 
18.46383,
120.3375,
55.22079,
38.7551,
73.13977,
86.22915,
96.89112,
413.2007,
214.9036,
23.28897,
157.713,
32.20824,
68.28422,
10.31143,
35.40704,
46.24224,
140.9059,
499.8428,
30.74559,
372.1835,
205.7486,
109.2316,
49.53386,
12.92372,
290.4762,
136.9843,
0,
3339.173,
2077, 
18.55133,
120.7623,
55.26058,
38.81693,
72.92506,
86.26352,
97.13288,
420.1831,
217.8113,
23.04629,
158.1715,
32.08394,
68.43675,
10.28944,
35.34701,
46.19228,
140.8603,
497.7771,
30.68177,
365.7997,
205.7899,
108.3147,
49.49827,
12.7602,
292.3081,
138.9324,
0,
3343.997,
2078, 
18.63536,
121.1683,
55.23042,
38.86983,
72.69872,
86.2839,
97.37456,
426.9904,
220.6135,
22.75147,
158.6025,
31.95882,
68.53745,
10.26588,
35.43003,
46.14026,
140.834,
495.3607,
30.58643,
359.7287,
205.8265,
107.2923,
49.44927,
12.55224,
294.0681,
140.8156,
0,
3348.065,
2079, 
18.71626,
121.5572,
55.13373,
38.91454,
72.46165,
86.29133,
97.61609,
433.6397,
223.3201,
22.41659,
159.0084,
31.83295,
68.57688,
10.24085,
35.5126,
46.08628,
140.8249,
492.4008,
30.46018,
353.9398,
205.859,
106.1529,
49.39017,
12.30882,
295.7623,
142.6403,
0,
3351.064,
2080, 
18.79417,
121.9305,
54.97664,
38.95169,
72.21467,
86.28678,
97.85738,
440.1462,
225.9399,
22.05975,
159.3909,
31.70633,
68.55688,
10.21447,
35.59466,
46.03042,
140.8315,
489.4266,
30.30349,
348.4053,
205.8861,
104.8949,
49.33388,
12.01385,
297.3958,
144.4121,
0,
3353.555,
2081, 
18.86028,
122.2121,
54.73409,
38.96376,
71.94074,
86.22895,
98.05466,
446.5921,
228.4742,
21.6932,
159.7254,
31.59163,
68.49007,
10.18932,
35.66387,
45.97661,
140.7777,
488.1048,
30.1424,
343.1571,
205.8375,
103.4672,
49.30584,
11.9158,
298.8054,
146.0962,
0,
3357.001,
2082, 
18.92463,
122.4804,
54.43653,
38.96914,
71.65828,
86.1606,
98.25077,
452.8658,
230.9115,
21.33533,
160.044,
31.47663,
68.39097,
10.16299,
35.73222,
45.92101,
140.7369,
486.7819,
30.00506,
338.1151,
205.791,
101.9373,
49.30283,
11.93973,
300.1578,
147.7186,
0,
3360.207,
2083, 
18.98662,
122.7366,
54.09085,
38.96834,
71.36792,
86.0825,
98.44575,
458.9845,
233.2608,
20.97668,
160.3443,
31.361,
68.25379,
10.13556,
35.79971,
45.8637,
140.7075,
485.6276,
29.9467,
333.2585,
205.7388,
100.3157,
49.28451,
11.96305,
301.4561,
149.2852,
0,
3363.242,
2084, 
19.04645,
122.9818,
53.70404,
38.96187,
71.07025,
85.99539,
98.63954,
464.963,
235.5302,
20.80144,
160.6281,
31.24479,
68.08384,
10.1071,
35.86637,
45.80476,
140.6882,
485.398,
30.00743,
328.5684,
205.6812,
99.74445,
49.25108,
11.98583,
302.7046,
150.8015,
0,
3368.26,
2085, 
19.10384,
123.2169,
53.28215,
38.95015,
70.35478,
85.8999,
98.83216,
470.8146,
237.7267,
20.76166,
160.8944,
31.12784,
67.88713,
10.07768,
35.93219,
45.74427,
140.6777,
485.7206,
30.21971,
324.0277,
205.6136,
99.58202,
49.21305,
12.0081,
303.9062,
152.2719,
0,
3373.847,
2086, 
19.14688,
123.3723,
52.81184,
38.91888,
69.03255,
85.76341,
98.98414,
476.4768,
239.819,
20.71429,
161.0914,
31.02294,
67.65928,
10.04992,
35.98649,
45.68519,
140.6196,
485.8896,
30.26937,
319.8036,
205.4651,
99.3616,
49.17721,
12.02138,
304.9288,
153.6343,
0,
3377.706,
2087, 
19.18747,
123.5191,
52.31558,
38.88292,
67.30197,
85.61954,
99.13429,
481.9878,
241.8314,
20.66405,
161.272,
30.91725,
67.4314,
10.02131,
36.03965,
45.62455,
140.5681,
485.5747,
30.21074,
315.6994,
205.3039,
99.13206,
49.13053,
12.03422,
305.9052,
154.9443,
0,
3380.254,
2088, 
19.22591,
123.6583,
51.79681,
38.84263,
65.24091,
85.46883,
99.28267,
487.362,
243.771,
20.61117,
161.438,
30.81085,
67.203,
9.991892,
36.09172,
45.56242,
140.5224,
484.9633,
30.14864,
311.7023,
205.1314,
98.89413,
49.07059,
12.04665,
306.8393,
156.207,
0,
3381.884,
2089, 
19.26237,
123.7903,
51.25837,
38.79835,
62.88874,
85.31171,
99.42929,
492.6122,
245.6443,
20.55585,
161.5907,
30.70378,
66.97168,
9.961725,
36.14273,
45.49886,
140.482,
484.2737,
30.08339,
307.8015,
204.9484,
98.64846,
48.99913,
12.05872,
307.7343,
157.4268,
0,
3382.877,
2090, 
19.29752,
123.9158,
50.70221,
38.75036,
60.7197,
85.09938,
99.57422,
497.7498,
247.4568,
20.49833,
161.7335,
30.59631,
67.0625,
9.930855,
36.19271,
45.43394,
140.4464,
484.5359,
30.01664,
303.9868,
204.7602,
98.39577,
48.91502,
12.07044,
308.5942,
158.6073,
0,
3385.042,
2091, 
19.32261,
123.9855,
50.11842,
38.68871,
60.42449,
84.73434,
99.66211,
502.5751,
249.138,
20.43408,
161.819,
30.49989,
67.19663,
9.900423,
36.23203,
45.36446,
140.3619,
485.4895,
29.94991,
300.4775,
204.5294,
98.09336,
48.81777,
12.07482,
309.3033,
159.6893,
0,
3388.883,
2092, 
19.34604,
124.0497,
49.51868,
38.62374,
60.12573,
84.24615,
99.74782,
507.2681,
250.7532,
20.36785,
161.8937,
30.40288,
67.322,
9.869348,
36.27013,
45.29359,
140.2807,
487.0616,
29.88025,
297.0368,
204.2883,
97.78485,
48.68974,
12.0789,
309.9773,
160.728,
0,
3392.905,
2093, 
19.36796,
124.109,
49.17165,
38.55568,
59.82367,
83.6402,
99.83144,
511.841,
252.3078,
20.29976,
161.9584,
30.30532,
67.43934,
9.837668,
36.30704,
45.22141,
140.2022,
489.1541,
29.80787,
293.6575,
204.0375,
97.4707,
48.53115,
12.08271,
310.6188,
161.7276,
0,
3397.307,
2094, 
19.3885,
124.1638,
49.12204,
38.48474,
59.51852,
82.92176,
99.91303,
516.3046,
253.8071,
20.22997,
162.0141,
30.20723,
67.54927,
9.805421,
36.34282,
45.14796,
140.1261,
491.5053,
29.73298,
290.3328,
203.7775,
97.15128,
48.33743,
12.08626,
311.2299,
162.6913,
0,
3401.892,
2095, 
19.40775,
124.2144,
49.07112,
38.41113,
59.21046,
82.09689,
99.99266,
520.6685,
255.2553,
20.15858,
162.0615,
30.10866,
67.65235,
9.772635,
36.37751,
45.07329,
140.0519,
493.3741,
29.65574,
287.0571,
203.5089,
96.82697,
48.11159,
12.08958,
311.8132,
163.6223,
0,
3405.644,
2096, 
19.41701,
124.2206,
49.00386,
38.33041,
58.91139,
81.15889,
100.0089,
524.6469,
256.563,
20.08137,
162.0383,
30.014,
67.72676,
9.737659,
36.39635,
44.98189,
139.9176,
494.7281,
29.57761,
283.9504,
203.1891,
96.46502,
47.84875,
12.08737,
312.2762,
164.4545,
0,
3407.732,
2097, 
19.42498,
124.2233,
48.93541,
38.24727,
58.60982,
80.12821,
100.0228,
528.5106,
257.8157,
20.00274,
162.0071,
29.91884,
67.79356,
9.702187,
36.41398,
44.88929,
139.7843,
495.729,
29.49682,
280.8828,
202.8595,
96.09889,
47.56382,
12.08495,
312.7115,
165.2515,
0,
3409.109,
2098, 
19.43177,
124.2228,
48.86586,
38.16188,
58.30592,
79.01228,
100.0347,
532.2698,
259.018,
19.92278,
161.9688,
29.8232,
67.85342,
9.666245,
36.43044,
44.79553,
139.6519,
496.6585,
29.4136,
277.8501,
202.5207,
95.72883,
47.25924,
12.08235,
313.1212,
166.0164,
0,
3410.086,
2099, 
19.43749,
124.2194,
48.79525,
38.07438,
57.99979,
77.81915,
100.0444,
535.9337,
260.1739,
19.84159,
161.9237,
29.7271,
67.90689,
9.629855,
36.44577,
44.70067,
139.52,
497.6147,
29.32813,
274.8484,
202.1732,
95.35513,
46.94183,
12.07957,
313.5071,
166.7519,
0,
3410.793,
2100, 
19.44268,
124.2134,
48.72381,
37.9849,
57.69159,
76.55779,
100.0522,
539.5099,
261.287,
19.75929,
161.8747,
29.63078,
67.95837,
9.670044,
36.46002,
44.60474,
139.3889,
498.6111,
29.24196,
271.8744,
201.8219,
94.97816,
46.6216,
12.07662,
313.8717,
167.4604,
0,
3411.368];
