real main.em.ep.isp.StorCapTot[28](t) = [1971, 
566.5516,
2974.242,
36.59344,
18.78446,
56.49295,
70.06173,
51.09151,
35.70309,
10.61529,
190.2325,
3522.189,
690.718,
37.31318,
556.4208,
110.5313,
1607.783,
123.688,
165.1254,
43.73093,
189.4541,
28.22084,
2.399819,
681.6126,
110.3267,
12.23423,
22.08051,
0,
11914.2,
1972, 
646.2068,
2975.325,
41.50105,
20.93361,
61.75048,
74.46001,
51.76905,
38.57457,
11.429,
206.3607,
3676.651,
753.3674,
43.05058,
588.0674,
113.3681,
1694.608,
139.7687,
172.2903,
47.06474,
207.8923,
32.03064,
2.773161,
728.3337,
108.9237,
12.26642,
31.6033,
0,
12480.37,
1973, 
716.0466,
3248.41,
45.12885,
23.28886,
71.53476,
83.28147,
53.04696,
42.95211,
11.59634,
219.3553,
3942.77,
784.9068,
43.52681,
621.6184,
121.3834,
1793.588,
167.1922,
178.2011,
53.26466,
227.295,
37.82142,
3.405518,
788.479,
124.1211,
14.25236,
40.17353,
0,
13456.64,
1974, 
740.7369,
3273.476,
57.15579,
24.33244,
79.6878,
91.07144,
56.72418,
43.06424,
11.21569,
234.7155,
4037.459,
833.147,
49.24638,
657.4884,
130.2095,
1903.219,
187.3378,
186.7154,
58.56364,
235.1268,
40.24563,
4.518979,
778.5542,
133.2379,
16.03489,
50.63234,
0,
13913.92,
1975, 
721.2789,
3369.763,
60.57953,
24.18607,
85.8364,
95.39849,
64.47839,
48.29572,
11.67795,
252.2754,
4023.85,
871.0328,
59.03473,
595.6721,
115.825,
1764.688,
217.4633,
206.9252,
65.50538,
278.3499,
41.93681,
5.131596,
796.1603,
138.2311,
17.99838,
53.29401,
0,
13984.87,
1976, 
771.6291,
3598.95,
64.31382,
27.3413,
98.93223,
102.9174,
73.92207,
50.22042,
13.53616,
264.1103,
4326.715,
925.7356,
67.06866,
622.4441,
122.6964,
1878.463,
256.2046,
232.1196,
71.59802,
308.7292,
47.25505,
4.763779,
851.8198,
144.1164,
18.93959,
57.16557,
0,
15001.71,
1977, 
827.6048,
3719.497,
69.53983,
29.62483,
109.1073,
112.6814,
84.54721,
54.93718,
14.22287,
264.156,
4423.47,
965.7787,
75.03923,
640.547,
126.8969,
1944.615,
324.4036,
246.7958,
78.35242,
337.0684,
52.46521,
5.954966,
887.6619,
151.6248,
20.39258,
62.17315,
0,
15629.16,
1978, 
887.8226,
3821.181,
76.84139,
31.27752,
120.8145,
118.2056,
95.1682,
53.08574,
14.94951,
275.613,
4588.078,
1016.439,
79.9075,
661.4203,
131.2871,
2035.778,
366.1609,
271.1016,
86.89745,
384.1993,
54.3092,
8.341752,
928.8909,
156.2169,
22.91259,
60.36849,
0,
16347.27,
1979, 
930.5836,
3897.239,
82.38015,
32.64764,
135.3507,
131.7877,
106.4107,
61.24861,
15.33246,
289.3206,
4782.964,
1024.307,
81.57787,
677.9902,
180.5236,
2084.631,
423.5063,
275.0294,
94.17832,
419.8944,
59.07838,
10.05396,
978.6647,
163.4653,
25.65977,
65.03242,
0,
17028.86,
1980, 
956.9705,
3946.067,
86.42492,
32.93711,
155.3486,
141.0116,
118.9684,
68.54221,
15.51166,
313.1775,
4815.501,
1071.879,
84.04609,
709.9711,
197.6389,
2245.674,
469.0141,
287.0997,
98.33775,
410.6411,
63.2188,
12.65398,
966.4479,
171.3388,
26.91668,
59.91519,
0,
17525.25,
1981, 
1006.165,
3977.724,
94.37408,
34.07282,
149.4476,
146.5888,
135.104,
67.05521,
16.40012,
357.5449,
4864.923,
1079.755,
88.10229,
727.1836,
202.5044,
2371.116,
556.1702,
314.95,
106.1865,
414.6992,
67.21867,
12.48687,
976.3061,
182.4507,
28.79957,
56.71403,
0,
18034.04,
1982, 
987.8763,
3879.774,
98.61698,
35.28294,
156.7041,
148.7295,
147.9557,
74.63887,
17.75323,
375.8919,
4857.618,
1095.41,
96.06812,
741.8357,
209.7063,
2461.393,
659.3623,
336.1757,
111.9568,
442.2256,
72.0631,
15.20176,
966.7123,
185.5411,
30.89977,
56.68878,
0,
18262.08,
1983, 
1032.313,
3967.786,
97.85336,
37.51175,
162.1703,
155.8778,
163.2668,
69.43452,
18.89731,
382.6582,
4973.012,
1145.789,
100.4165,
762.8631,
216.3593,
2589.904,
675.0385,
359.6462,
121.9811,
477.8961,
78.78671,
17.83483,
1020.775,
190.2068,
34.35219,
55.52523,
0,
18908.16,
1984, 
1112.937,
4148.679,
106.0188,
38.59267,
181.4442,
160.4629,
180.22,
64.50052,
18.92468,
423.2356,
5155.273,
1198.988,
113.4878,
792.8245,
225.6621,
2754.897,
727.5253,
397.668,
131.3843,
501.698,
84.95766,
20.98054,
1074.521,
203.2511,
38.75315,
54.75077,
0,
19911.64,
1985, 
1180.38,
4230.036,
92.49159,
38.04678,
196.4625,
163.4464,
193.5836,
78.1764,
20.27873,
437.7979,
5346.953,
1203.015,
123.9709,
812.9532,
233.2524,
2858.612,
780.3896,
435.9336,
141.4574,
536.4264,
89.71431,
21.78793,
1116.508,
218.1732,
41.8441,
56.80769,
0,
20648.5,
1986, 
1207.813,
4229.519,
103.6125,
40.66665,
207.7571,
185.0851,
191.2274,
81.85085,
21.52281,
449.8643,
5433.236,
1259.055,
142.1425,
831.6603,
237.0043,
2987.03,
850.5451,
476.1476,
152.6593,
588.5261,
92.82383,
30.7014,
1132.483,
225.4151,
46.27436,
58.08899,
0,
21262.71,
1987, 
1287.623,
4307.051,
111.3837,
43.02758,
210.5404,
199.1129,
204.588,
85.31209,
23.23072,
460.6482,
5612.606,
1284.988,
159.1042,
863.2498,
238.6665,
3106.901,
869.8856,
517.3069,
169.5675,
650.3063,
100.1051,
35.58298,
1207.819,
237.7348,
51.20742,
56.62699,
0,
22094.18,
1988, 
1317.798,
4484.585,
113.526,
43.28682,
218.5223,
225.1013,
223.0472,
89.5977,
24.72464,
478.0786,
5859.241,
1278.846,
167.0093,
890.5942,
242.927,
3183.245,
1000.79,
569.975,
191.7332,
711.4371,
109.9127,
37.5843,
1276.658,
248.4913,
58.77047,
62.60328,
0,
23108.09,
1989, 
1289.948,
4891.889,
120.301,
46.22469,
232.4942,
215.0627,
233.4668,
93.52522,
26.15289,
488.7645,
6047.048,
1295.535,
180.1682,
906.2195,
244.232,
3416.993,
1020.844,
622.7436,
209.0354,
764.9399,
120.5463,
41.57862,
1357.823,
266.7864,
61.29194,
60.03375,
0,
24253.65,
1990, 
1248.779,
4995.017,
124.1782,
46.64644,
222.7405,
232.0306,
241.6987,
95.23464,
30.09094,
496.742,
6181.613,
1224.485,
199.0557,
975.4499,
302.9716,
3331.973,
1092.568,
669.6951,
224.4326,
813.0229,
132.6228,
49.40138,
1481.831,
273.6826,
66.6948,
66.78695,
0,
24819.44,
1991, 
1322.161,
5037.782,
128.2777,
45.39424,
236.8476,
218.3639,
254.9268,
97.33855,
32.04647,
497.4437,
6320.271,
1168.032,
202.7469,
899.2224,
259.5056,
3106.486,
1209.781,
729.2949,
236.5093,
971.8834,
143.0402,
55.9022,
1530.546,
281.3866,
71.52882,
73.58549,
0,
25130.3,
1992, 
1353.038,
5124.866,
131.5307,
47.91127,
243.21,
225.8121,
269.5014,
101.0303,
33.27724,
509.8634,
6363.897,
1085.708,
228.4895,
766.1619,
240.8473,
2686.772,
1286.643,
762.0281,
251.3727,
1073.014,
154.8902,
61.08335,
1548.467,
286.9293,
78.56659,
63.65348,
0,
24978.56,
1993, 
1400.01,
5248.25,
132.9789,
48.91609,
252.994,
238.4785,
291.5902,
101.4027,
34.5179,
530.7994,
6374.867,
1084.607,
251.0684,
695.1774,
202.8727,
2712.543,
1325.593,
804.2761,
278.3866,
1107.727,
170.7039,
68.28239,
1565.738,
296.0274,
81.98215,
65.08043,
0,
25364.87,
1994, 
1477.075,
5383.495,
143.0418,
52.48103,
260.1824,
253.114,
311.4686,
101.3972,
35.24347,
548.6053,
6510.382,
1149.623,
264.1108,
633.6509,
199.391,
2393.355,
1409.661,
863.0419,
312.2456,
1202.153,
192.6088,
75.9335,
1637.837,
305.2038,
86.18166,
63.10422,
0,
25864.59,
1995, 
1492.358,
5533.307,
145.9409,
55.38453,
273.2166,
265.1011,
329.4654,
107.2202,
38.49891,
555.4975,
6679.871,
1147.488,
295.2812,
664.9861,
197.7865,
2387.472,
1480.046,
936.0296,
348.1949,
1308.391,
213.4612,
88.07734,
1664.714,
313.7807,
91.62784,
64.4907,
0,
26677.69,
1996, 
1536.592,
5667.45,
138.9019,
58.28429,
286.8662,
277.522,
372.3477,
111.6934,
40.28891,
579.8901,
6784.958,
1265.583,
320.9588,
667.1891,
191.0033,
2357.417,
1541.957,
987.7862,
385.8134,
1374.571,
232.4093,
102.2018,
1712.868,
320.4303,
96.04258,
58.23957,
0,
27469.27,
1997, 
1559.342,
5802.427,
149.5488,
63.06667,
301.825,
299.6814,
400.9504,
112.1591,
43.41781,
601.1138,
6916.942,
1288.991,
349.7049,
661.0506,
187.3509,
2320.698,
1667.711,
1042.449,
421.7539,
1457.868,
248.7852,
107.9071,
1751.484,
330.9117,
99.70744,
61.11289,
0,
28247.96,
1998, 
1540.502,
5942.704,
161.3505,
67.64514,
311.2068,
315.6461,
428.1231,
109.5415,
44.6395,
593.0471,
7067.12,
1305.685,
372.6068,
635.3332,
180.1687,
2349.512,
1881.152,
1116.271,
413.5285,
1527.62,
245.2153,
111.2417,
1754.626,
350.3318,
103.3465,
79.88207,
0,
29008.04,
1999, 
1572.173,
6056.596,
170.9669,
72.95131,
323.2835,
316.1193,
453.727,
115.0014,
45.93073,
591.5038,
7145.375,
1276.521,
385.2715,
656.6154,
176.9925,
2412.155,
1803.323,
1199.151,
460.158,
1591.114,
262.1667,
129.9425,
1780.156,
369.1241,
103.2132,
86.45398,
0,
29555.99,
2000, 
1619.371,
6343.604,
182.238,
74.65186,
335.1506,
332.5863,
482.9996,
118.5998,
47.61496,
619.6091,
7169.197,
1355.529,
416.27,
649.2672,
180.2932,
2529.043,
1817.155,
1267.186,
544.5,
1796.149,
284.5648,
139.9362,
1853.202,
380.3521,
112.5751,
94.09607,
0,
30745.74,
2001, 
1579.686,
6030.691,
187.8649,
76.65719,
328.2157,
330.687,
511.2371,
126.1115,
49.8312,
599.2078,
7150.264,
1475.728,
415.541,
690.7476,
173.3084,
2642.879,
1899.68,
1315.608,
581.4227,
1977.393,
302.2628,
148.0281,
1834.227,
404.3328,
126.3338,
106.0062,
0,
31063.95,
2002, 
1601.415,
6216.287,
190.791,
79.93092,
348.0696,
326.6883,
535.3976,
133.9789,
49.97201,
648.6313,
6984.259,
1408.213,
441.9584,
687.0113,
176.5705,
2552.34,
1972.567,
1355.967,
621.3344,
2139.706,
320.4366,
156.7272,
1869.328,
404.9095,
133.2686,
112.9466,
0,
31468.7,
2003, 
1559.413,
6274.109,
234.026,
81.73318,
362.091,
343.3474,
562.7003,
132.2837,
52.96287,
678.9907,
6913.208,
1413.257,
479.7037,
712.0392,
187.6726,
2601.264,
2073.951,
1448.11,
648.2044,
2451.419,
346.4098,
163.703,
1866.891,
387.697,
141.5318,
108.1215,
0,
32224.84,
2004, 
1582.393,
6472.959,
233.6507,
82.24094,
387.2316,
366.0474,
595.9068,
146.1196,
57.43266,
701.6751,
6836.201,
1496.289,
513.3503,
744.4051,
194.4859,
2682.988,
2209.005,
1541.43,
683.4819,
2810.098,
369.9604,
174.8055,
1920.487,
398.1723,
152.954,
116.0364,
0,
33469.8,
2005, 
1540.254,
6485.256,
245.5911,
86.54607,
398.4743,
380.5705,
609.2902,
155.0974,
61.99234,
710.6077,
6735.933,
1466.694,
545.8458,
723.8307,
199.4023,
3028.797,
2217.364,
1638.737,
727.5091,
3177.05,
398.8748,
186.6988,
1964.978,
398.9422,
164.6812,
124.845,
0,
34373.86,
2006, 
1485.825,
6463.256,
252.4695,
91.60366,
416.5012,
402.6556,
645.9787,
164.3182,
65.97832,
744.4606,
6585.41,
1489.93,
587.1328,
757.2524,
203.939,
3050.433,
2345.201,
1774.328,
750.1319,
3644.884,
421.5752,
189.8485,
1990.177,
401.1119,
174.2884,
127.9488,
0,
35226.64,
2007, 
1574.616,
6502.178,
262.4506,
94.17696,
441.5191,
412.5297,
715.0487,
173.6387,
71.87372,
762.7435,
6347.134,
1480.019,
635.1719,
768.7031,
212.2415,
3075.496,
2528.98,
1906.603,
792.1208,
4191.766,
446.922,
193.5317,
2050.21,
418.7291,
180.2431,
131.2264,
0,
36369.87,
2008, 
1563.847,
6385.139,
266.4972,
92.62334,
459.9324,
439.751,
747.4357,
177.1391,
71.78601,
759.8241,
6246.59,
1477.88,
642.6093,
730.3879,
194.8627,
3136.452,
2638.011,
1834.646,
845.5485,
4635.34,
458.1951,
197.8769,
1980.882,
418.6229,
187.713,
133.3993,
0,
36722.99,
2009, 
1493.506,
6045.724,
264.5738,
92.49049,
464.9342,
444.9886,
852.1871,
184.4754,
78.40525,
741.1968,
5756.231,
1420.101,
626.1167,
631.3987,
186.8143,
2963.483,
2909.682,
1969.728,
883.3432,
5351.197,
481.4889,
202.2376,
1975.546,
402.4926,
195.6768,
144.8651,
0,
36762.88,
2010, 
1482.595,
6199.616,
280.775,
96.66779,
516.3356,
440.5338,
924.0106,
198.6546,
89.23954,
772.5826,
6011.476,
1454.564,
676.819,
650.3869,
206.2489,
2981.451,
3046.221,
2124.57,
953.2398,
6455.383,
526.2274,
218.1928,
2075.063,
424.4415,
202.2079,
152.9253,
0,
39160.43,
2011, 
1544.363,
5996.32,
311.4387,
101.209,
535.131,
455.4876,
952.1202,
205.234,
104.1681,
780.5979,
6066.767,
1456.575,
737.1404,
662.8296,
199.727,
3052.212,
3174.037,
2358.883,
993.0212,
7877.498,
554.1768,
231.8232,
2103.025,
424.2169,
215.4379,
156.1425,
0,
41249.58,
2012, 
1502.155,
5973.435,
330.333,
105.0188,
564.4674,
486.4179,
1014.098,
211.0605,
116.2693,
776.654,
6259.679,
1385.717,
798.5297,
665.5253,
212.783,
3055.626,
3386.304,
2485.505,
1034.501,
9031.241,
614.5838,
242.8159,
2214.597,
443.5868,
232.0877,
160.2252,
0,
43303.22,
2013, 
1408.759,
6041.557,
316.2844,
110.4097,
588.6113,
522.4507,
1073.433,
236.5547,
127.3033,
803.6938,
6010.973,
1365.558,
813.5799,
645.081,
255.06,
3067.285,
3584.146,
2664.273,
1081.615,
10685.49,
678.5194,
267.4494,
2609.891,
474.4723,
262.2622,
168.5299,
0,
45863.24,
2014, 
1362.691,
6148.035,
333.9955,
114.8022,
626.2747,
526.2446,
1141.694,
250.875,
144.9007,
892.517,
6045.571,
1332.247,
859.7811,
605.9125,
232.9965,
3092.466,
3884.247,
2988.153,
1142.209,
12523.86,
783.8417,
287.3402,
3149.943,
484.7799,
285.3234,
191.1501,
0,
49431.86,
2015, 
1279.195,
6376.903,
347.8495,
125.4777,
630.1173,
565.4464,
1278.975,
275.2195,
164.0419,
936.1159,
5637.745,
1291.303,
917.8361,
554.8704,
242.1418,
3106.93,
4340.027,
3270.218,
1232.558,
14742.56,
875.3755,
305.9794,
3791.955,
522.9257,
305.7781,
200.9004,
0,
53318.45,
2016, 
1258.182,
6638.997,
368.617,
128.8247,
664.0055,
573.6035,
1401.214,
284.4418,
174.4809,
1038.197,
5876.255,
1311.365,
1037.704,
551.9476,
286.986,
3104.733,
4783.092,
3666.195,
1325.766,
16880.76,
1043.143,
330.7112,
4330.463,
566.3871,
355.7095,
195.3031,
0,
58177.09,
2017, 
1298.908,
7101.319,
374.7403,
128.4069,
711.8107,
574.6298,
1445.359,
301.2908,
185.4266,
1135.262,
6032.083,
1313.941,
1310.228,
563.9557,
363.3509,
3161.751,
4878.105,
4126.037,
1452.532,
20089.25,
1137.133,
352.2082,
4839.668,
626.2346,
402.7133,
211.3837,
0,
64117.72,
2018, 
1261.633,
7560.39,
401.4799,
135.889,
743.5224,
584.4091,
1624.003,
331.2455,
220.85,
1269.393,
6404.33,
1488.643,
1827.334,
607.3622,
377.1115,
3134.872,
4867.05,
4725.158,
1611.544,
23557.1,
1240.912,
410.4755,
5312.705,
763.2847,
439.0885,
235.139,
0,
71134.93,
2019, 
1303.639,
7872.134,
399.7914,
141.2476,
795.7416,
554.619,
1765.437,
359.2179,
252.2923,
1303.919,
7156.487,
1409.984,
1956.277,
671.5881,
412.0594,
3158.957,
5511.616,
5124.904,
1832.982,
26590.98,
1586.48,
449.7872,
5747.204,
926.4875,
468.4481,
264.0771,
0,
78016.36,
2020, 
1277.865,
8155.694,
413.9762,
132.9028,
771.0683,
549.0471,
1823.009,
383.2403,
264.7842,
1352.048,
7769.876,
1495.928,
2112.652,
698.9405,
373.888,
3036.703,
5928.336,
5241.512,
2069.469,
30866.24,
1932.271,
452.9386,
6223.579,
1112.845,
493.9219,
267.848,
0,
85200.59,
2021, 
1302.346,
9258.819,
440.0934,
145.5476,
852.8276,
616.6503,
1930.446,
412.4815,
294.7313,
1426.973,
8102.391,
1679.646,
2373.906,
720.0813,
466.1516,
3165.592,
6338.082,
5798.328,
2418.812,
36264.14,
2577.555,
488.4893,
6736.478,
1362.353,
560.7213,
292.6432,
0,
96026.28,
2022, 
1277.382,
10192.51,
473.7734,
155.2251,
900.7879,
616.4807,
1965.784,
492.739,
333.0948,
1430.465,
8876.821,
1823.352,
2626.398,
601.3568,
506.1995,
3138.245,
7294.294,
6728.839,
2591.232,
40276.74,
2731.296,
533.3984,
7058.711,
1586.792,
641.9991,
365.4729,
0,
105219.4,
2023, 
1212.804,
11600.03,
493.9665,
161.8187,
967.1918,
632.9297,
2114.374,
577.5882,
356.0761,
1444.343,
9789.211,
2015.222,
2864.74,
622.8763,
571.7231,
3174.052,
8108.309,
7424.027,
2799.984,
48783.3,
2913.07,
587.2379,
7301.193,
1816.058,
671.1275,
389.9131,
0,
119393.2,
2024, 
1151.161,
13584.99,
507.6723,
169.0663,
1005.772,
659.4041,
2288.767,
642.4661,
384.399,
1504.203,
10666.91,
2287.088,
3842.91,
566.0353,
632.0486,
3147.833,
8663.589,
8609.214,
3016.498,
57161.09,
3082.473,
632.8224,
7447.75,
2136.804,
728.6749,
422.4528,
0,
134942.1,
2025, 
1193.337,
15843.32,
540.9742,
217.2651,
1148.606,
695.682,
2442.759,
722.2634,
560.5765,
1805.55,
11591,
2472.218,
4399.377,
592.6891,
677.7518,
3128.507,
14189.36,
10908.72,
3199.031,
62051.58,
3388.555,
1072.74,
8382.822,
2542.218,
899.3038,
466.7001,
0,
155132.9,
2026, 
1268.978,
17356.54,
572.8224,
227.3203,
1156.337,
720.3979,
2417.5,
819.6296,
712.1257,
1781.896,
12318.45,
2610.225,
4588.265,
638.9135,
813.0891,
3105.617,
19183.5,
13200.95,
3516.599,
68864.41,
3672.02,
1246.966,
9723.787,
2870.407,
1107.982,
483.3363,
0,
174978,
2027, 
1339.129,
18820.53,
617.1154,
259.9675,
1167.475,
753.8251,
2408.868,
1042.654,
889.1965,
1708.818,
13150.36,
2794.798,
4792.764,
705.8498,
1210.638,
3081.188,
21234.4,
15487.07,
3520.95,
79696.51,
4131.672,
1964.663,
10610.67,
3292.227,
1374.548,
495.5969,
0,
196551.5,
2028, 
1435.336,
20010.63,
775.4177,
303.9523,
1179.173,
789.6185,
2377.676,
1370.743,
1069.708,
1652.914,
14194.67,
2891.142,
5025.978,
772.6647,
1468.982,
3047.501,
22208.36,
18529.93,
3347.354,
88649.15,
5042.271,
2978.038,
10824.26,
3734.574,
1809.486,
513.0493,
0,
216002.6,
2029, 
1560.719,
21240.99,
933.6544,
348.8423,
1201.354,
904.6439,
2350.03,
1761.44,
1206.43,
1620.322,
15122.04,
3421.863,
5178.708,
818.069,
1796.049,
3021.417,
23288.15,
21972.37,
3321.077,
98146.38,
6149.701,
4029.347,
14497.53,
4325.875,
2266.936,
523.6081,
0,
241007.5,
2030, 
1700.005,
22613.41,
1050.474,
409.9284,
1215.511,
1041.022,
2276.023,
2127.601,
1281.821,
2154.337,
16268.81,
3865.596,
5293.3,
883.7921,
2118.565,
3005.357,
24051.06,
25568.35,
3295.367,
106769.9,
7270.371,
5122.958,
13065.11,
4979.626,
2693.345,
511.9141,
0,
260633.6,
2031, 
1850.417,
23286.88,
1181.289,
481.7869,
1238.202,
1205.274,
2274.785,
2300.044,
1335.816,
2063.336,
18593.28,
4649.983,
5358.827,
942.9203,
2430.976,
2968.638,
22921.12,
29217.49,
3320.372,
116181.5,
8370.998,
6266.355,
13382.6,
5553.724,
3121.996,
490.3791,
0,
280989,
2032, 
2053.931,
24329.94,
1326.084,
573.3518,
1291.32,
1418.468,
2336.851,
2348.501,
1314.089,
1956.29,
38577.42,
9327.055,
5467.627,
1005.526,
2646.987,
2947.906,
21835.94,
33546.69,
3393.811,
127113.3,
9564.696,
7093.894,
13952.25,
6198.897,
3554.626,
455.9529,
0,
325631.4,
2033, 
2274.512,
25234.19,
1422.346,
771.1218,
1371.674,
1659.37,
2522.211,
2334.334,
1220.044,
1835.682,
54310.79,
19732.16,
5572.856,
1051.867,
2978.685,
2891.164,
20682.21,
39502.78,
3551.899,
137745.9,
10655.19,
8106.135,
14581.88,
6887.884,
3988.507,
400.7525,
0,
373286.1,
2034, 
2588.59,
26352.89,
1495.865,
974.4885,
1461.981,
2172.414,
2840.18,
2295.423,
1099.47,
1702.37,
76032.97,
35940.19,
5664.606,
1109.773,
3320.902,
2867.865,
19751.91,
45863.79,
3775.625,
149682.8,
11826.14,
9276.117,
15382.79,
7618.333,
4530.838,
346.7402,
0,
435975,
2035, 
2894.344,
27931.49,
1560.887,
1190.63,
1579.26,
3423.101,
3266.309,
2238.378,
952.039,
1556.238,
100102.7,
61990.51,
5784.135,
1165.186,
3822.868,
2847.74,
18925.19,
53064.32,
4147.021,
165172,
13183.71,
10435.86,
15986.86,
8394.482,
5503.883,
280.8978,
0,
517400.1,
2036, 
3130.227,
32924.48,
1591.83,
1420.607,
1760.616,
5321.642,
3911.92,
2588.374,
949.0041,
1603.623,
117845.1,
69893.23,
6548.619,
1214.113,
4411.75,
2836.933,
20330.96,
60008.69,
4813.073,
180387.6,
14612.79,
11567.25,
16528.97,
9249.032,
6678.287,
320.8708,
0,
582449.7,
2037, 
3417.742,
41926.24,
1628.304,
1717.595,
1989.073,
7699.131,
4577.566,
3010.009,
952.0692,
1677.033,
128386.8,
71207.93,
7227.807,
1275.169,
5230.418,
2833.3,
21895.82,
66280.95,
5306.404,
196158.2,
16225.9,
13214.04,
17089.11,
10020.7,
8088.078,
372.4768,
0,
639407.9,
2038, 
4438.258,
52710.93,
1679.258,
2086.266,
1999.995,
10410.92,
5207.008,
3485.553,
967.5542,
1754.802,
133889.8,
71466.52,
7811.081,
1363.428,
6202.333,
2834.712,
24772.09,
73470.16,
5377.57,
211275.7,
17954.91,
15503.76,
17636.44,
10707.16,
9689.04,
449.0346,
0,
695144.3,
2039, 
5902.712,
67659.59,
1805.313,
2475.519,
1999.182,
15177.05,
5756.33,
3979.4,
997.3986,
1832.273,
141802.5,
71142.41,
8356.18,
1485.914,
7162.64,
2843.295,
30350.19,
101752.5,
5450.152,
224836,
19766.7,
17596.54,
18043.46,
11391.09,
11376,
522.9034,
0,
781463.2,
2040, 
7664.624,
89108.13,
1975.308,
2892.704,
2008.763,
20397.01,
6226.073,
4485.822,
1042.1,
1913.491,
146216.6,
70775.44,
8971.886,
1622.18,
8484.758,
2870.523,
36526.79,
136546.8,
5512.553,
261840.8,
21682.41,
20235.81,
18379.1,
12048.51,
13195.88,
621.2075,
0,
903245.4,
2041, 
10204.79,
106124.1,
2411.842,
3249.527,
2062.89,
24300.1,
6705.491,
5007.166,
1095.524,
2050.882,
148311.5,
70531.67,
9620.422,
1759.885,
9961.96,
2934.693,
41987.01,
175109.7,
5653.03,
300342.4,
23824.98,
23314.27,
18560.24,
12584.35,
15100.84,
733.9028,
0,
1023543,
2042, 
13091.17,
119867,
3183.349,
4546.101,
2122.209,
28300.91,
7186.871,
5511.957,
1156.745,
2328.369,
149758,
70251.45,
10297.43,
1858.003,
11477.77,
3026.699,
48360.25,
217323.7,
5835.905,
336425.5,
26335.92,
25940.76,
18641.82,
13103.86,
17406.78,
858.8948,
0,
1144197,
2043, 
15999.99,
137975.5,
4561.817,
5989.602,
2192.426,
34325.75,
7641.006,
6011.611,
1213.235,
2595.218,
150090.5,
68870.59,
11990.15,
1952.313,
13069.2,
3131.371,
55908.24,
260419.7,
5985.574,
378734.3,
29027.48,
28990.51,
18569.3,
13504.09,
20082.04,
1001.051,
0,
1279833,
2044, 
18935.29,
165892.3,
5901.316,
7648.908,
2292.595,
40312.68,
8114.274,
6604.65,
1268.672,
2969.496,
147968.9,
67883.89,
14348.45,
2043.796,
15992.84,
3232.354,
63713.68,
299059.5,
6044.17,
412778.6,
31781.56,
30342.02,
18494.29,
13828.17,
23313.69,
1179.1,
0,
1411945,
2045, 
22173.47,
194700.9,
11607.69,
9582.431,
2424.244,
47538.48,
9796.809,
7534.394,
1319.702,
3403.461,
145074.5,
67057.23,
16098.24,
2146.003,
19054.61,
3388.537,
72112.66,
345444.9,
6016.051,
448810.4,
34638.82,
31283.97,
18170.21,
14118.03,
26507.1,
1373.275,
0,
1561376,
2046, 
25197.69,
225542,
18912.2,
11444.22,
2586.532,
56057.23,
12536.47,
8501.087,
1360.951,
3802.445,
141606.2,
66538.64,
18368.05,
2252.323,
22455.24,
3616.985,
79165.83,
386817.8,
6056.238,
483545.8,
37780.08,
32128.26,
17409.65,
14436.19,
30015.05,
1605.455,
0,
1709739,
2047, 
28967.79,
255235.4,
27340.25,
13034.89,
2770.558,
64129.17,
15905.13,
9689.386,
1775.966,
4359.851,
138756.8,
65914.88,
20968.34,
2358.813,
26947.06,
3883.558,
91977.88,
420496.4,
6210.72,
522601,
41159.91,
34302.71,
16454.96,
14561.26,
33571.86,
1870.307,
0,
1865245,
2048, 
31503.18,
291381.9,
36210.39,
14585.45,
3007.486,
74596.98,
19831.48,
11057.62,
2592.755,
5098.881,
136509.1,
65598.5,
22850.52,
2466.396,
32032.09,
4160.41,
103104.4,
451080.8,
6346.854,
555018.9,
45309.68,
37835.02,
15684.84,
14837.16,
37336.24,
2125.603,
0,
2022163,
2049, 
33625.55,
327678.8,
43554.83,
16660.7,
3364.487,
83284.21,
24020.86,
12497.51,
3783.099,
5962.063,
134621.2,
65122.41,
25117.59,
2577.626,
36897.62,
4451.154,
110777.3,
473254.6,
6592.201,
592063.4,
54105.14,
39326.58,
14457.3,
15153.3,
41351.8,
2338.676,
0,
2172640,
2050, 
35268,
372998,
46053.96,
18788.64,
3783.506,
89761.3,
27934.92,
13953.76,
4157.959,
6811.688,
133493,
64928.77,
28767.69,
2791.39,
40460.46,
4732.323,
117613,
483735.8,
6718.738,
629255.9,
62111.23,
41410.95,
13634.97,
15528.52,
45731.95,
2565.156,
0,
2312992,
2051, 
36311.73,
420949,
48242.99,
21632.83,
4244.735,
97609.86,
30773.32,
15464.96,
4536.354,
7884.002,
132910.5,
64552.23,
34152.5,
3392.721,
43478.13,
5028.948,
125322,
490400.4,
6865.113,
669307.4,
68876.11,
43989.73,
13078.14,
15938.57,
50300.26,
2809.803,
0,
2458052,
2052, 
37357.63,
443357.7,
50889.61,
24797.6,
4717.678,
104214.5,
33738.2,
17186.75,
4898.91,
9466.353,
132375.6,
64255.22,
38394.7,
4234.813,
46828.41,
5436.583,
130940.5,
488856.1,
6920.853,
709411,
72101.91,
45084.9,
12619.02,
16487.09,
56264.62,
3068.652,
0,
2563905,
2053, 
38038.26,
468949.7,
54271.73,
27244.31,
5186.316,
110394.3,
36850,
19284.77,
6392.283,
12191.99,
130705.6,
63341.32,
42281.2,
5273.695,
49740.72,
6039.595,
137154,
481548,
6824.479,
752251.4,
74615.7,
46478.48,
12891.86,
17079.07,
66394.2,
3345.739,
0,
2674769,
2054, 
38505.91,
488028.5,
58790.13,
29547.79,
5661.148,
117983.9,
43918.05,
21621.47,
7375.799,
15105.95,
128146.9,
62461.73,
43820.43,
6456.475,
52933.13,
6833.007,
143502.7,
473750.8,
6661.124,
793644.1,
76305.73,
47982.57,
13150.59,
18011.62,
75780.39,
3643.916,
0,
2779624,
2055, 
38757.71,
493916.9,
64000.48,
32731.62,
6183.6,
123766.6,
49140.71,
24201.76,
8060.043,
18233.51,
126467.1,
61566.25,
44980.72,
7749.41,
56530.96,
7752.8,
152028.6,
463294.9,
6417.923,
837792,
78738.45,
50240.2,
13289.24,
18952.93,
84865.01,
3980.61,
0,
2873640,
2056, 
38675.7,
495432.8,
69881.07,
34345.82,
6887.009,
127529.1,
61664.18,
26753.52,
8805.043,
21604.8,
126008.3,
61153.58,
44243.75,
9573.88,
57793.66,
8687.563,
163548.8,
454988.7,
6055.17,
873355.3,
82382.37,
52613.35,
13319.43,
19688.2,
92907.66,
4333.088,
0,
2962232,
2057, 
38282.37,
495064.7,
76221.57,
35418.64,
7691.924,
131340,
76141.53,
29516.21,
9223.988,
25098.79,
126090.9,
61653.65,
44042.04,
11612.02,
58917.63,
9273.947,
179663.3,
448059.3,
6182.469,
905980.3,
86681.98,
53962.5,
13251.66,
20490.24,
105747.3,
4705.217,
0,
3060314,
2058, 
38418.17,
492930.4,
77876.69,
36551.63,
8721.142,
134755.1,
92138.54,
32453.28,
10745.06,
28640.61,
127884.3,
63113.05,
44278.92,
13719.87,
60034.38,
9675.543,
194274.3,
443620.6,
6647.52,
934215.8,
90563.96,
54619.18,
13283.65,
21430.07,
118459.7,
5097.693,
0,
3154149,
2059, 
39109.52,
490954.6,
79535.73,
37330.71,
9818.724,
138084.6,
102949.9,
35911.29,
13686.07,
33255.59,
131470.9,
62639.38,
45545,
15674.13,
61135.95,
10027.62,
208331.8,
439471,
6755.716,
966261.1,
90657.84,
54910.3,
13165.45,
22523.82,
137586.3,
5774.311,
0,
3252568,
2060, 
39907.79,
492482.5,
81282.71,
37446.52,
11095.46,
141276.4,
111652.5,
39252.95,
19031.89,
37757.1,
139352.7,
62485.25,
47238.65,
17844.26,
62220.08,
10416.61,
222891.7,
438067.1,
6838.294,
997567.1,
88846.63,
54451.88,
13373.15,
23803.41,
157782.2,
6520.262,
0,
3360885,
2061, 
41159.15,
495891.8,
83067.55,
37213.41,
12460.88,
144467.1,
119679.3,
42443.21,
26349.05,
42839.5,
149322.6,
62980.02,
49930.3,
20979.51,
63360.48,
10816.33,
244834.4,
437303.5,
7070.395,
1021434,
86093.29,
54588.77,
13491.01,
24954.28,
175137.1,
7368.158,
0,
3475235,
2062, 
42954.51,
499751.7,
84916.2,
36948.08,
14176.05,
147560.2,
124432,
48298.23,
43085.02,
46537.21,
159978.6,
63654.24,
52110.59,
25239.58,
64481.63,
11232.19,
252047.5,
438331.5,
7261.625,
1040984,
85935.13,
54689.2,
13534.5,
26232.48,
194365.1,
8235.201,
0,
3586972,
2063, 
45050.26,
501976,
88547.13,
36718.9,
15639.54,
150658,
128586.6,
56010.91,
61700.55,
50009.95,
168265.1,
62541.41,
53849.19,
29378.89,
65590.86,
11662.05,
257296.5,
441566.5,
7495.545,
1056105,
86154.85,
56042.11,
13636.91,
27713.04,
211214.7,
9148.54,
0,
3692559,
2064, 
45128.89,
504498.8,
92338.1,
37423.85,
17817.48,
153653,
136277.1,
61134.19,
78291.52,
53057.6,
177469.6,
62617.2,
55288.96,
33459.36,
66685.82,
12198.63,
266781.1,
442303.5,
7713.067,
1071101,
86994.33,
57074.2,
13644.84,
29477.26,
228440.2,
10357.5,
0,
3801227,
2065, 
44849.48,
507734.3,
95743.9,
38710.66,
21531.78,
156654.5,
147457.7,
69602.05,
90095.67,
56050.4,
183718.1,
63448.76,
55862.68,
34951.29,
67777.98,
14685.92,
275292.5,
436883.8,
7913.727,
1088798,
89612.45,
59024,
13672.46,
31532.47,
246430.5,
11881.73,
0,
3909917,
2066, 
44987.84,
511531.4,
99121.7,
39722.18,
25640.02,
159817.3,
161640.7,
75735.49,
99285.92,
58445.21,
186532.3,
63917.94,
56044.34,
36020.57,
68946.98,
17311.66,
279630,
433027,
8139.003,
1117514,
96729.23,
61354.23,
13752.61,
34249.78,
265270.3,
13624.72,
0,
4027993,
2067, 
44218.4,
515719.2,
102543,
40887.87,
29884.82,
166076.1,
177854.6,
81422.54,
109459.1,
59497.91,
186301.4,
64670.67,
55690.41,
36779.37,
70115.27,
20134.18,
286240.8,
422653.9,
8390.301,
1151401,
102749.7,
62699.11,
13884.95,
37310.96,
283638.4,
15923.27,
0,
4146147,
2068, 
42114,
519166.3,
108384.3,
42820.51,
35479.45,
175541.5,
189735.8,
88929.73,
117821.2,
60484.93,
186799.9,
66216.24,
55265.34,
37384.73,
71325.45,
23713.99,
295220.4,
411807.7,
8602.54,
1193288,
108480.6,
63325.78,
14008.11,
40277.85,
306410,
19678.43,
0,
4282283,
2069, 
41004.21,
522896.6,
116240,
44189.77,
41999.99,
187542,
204229.5,
94975.64,
123824.9,
61430.43,
185354.6,
68787.91,
54756.14,
36975.54,
72588.93,
27044.88,
305496,
407116.9,
8743.687,
1196273,
112943.4,
62564.57,
14123.57,
43414.08,
329582.4,
25430.86,
0,
4389530,
2070, 
40633.7,
526375.6,
120122.5,
44523.51,
49491.16,
197285.3,
217136.4,
102998.2,
130463.2,
62334.43,
187540.9,
69052.09,
54442.12,
36237.12,
73917.51,
30318.72,
316749.5,
407058.9,
8867.185,
1192287,
116237.6,
60854.92,
14154.18,
46779.78,
360002.5,
31940.93,
0,
4497805,
2071, 
41159.55,
529007.9,
123626.3,
43641.22,
57411.39,
203391.9,
228099.2,
114359.8,
137287.3,
64303.53,
188407.7,
68597.26,
53224.52,
35514.86,
75345.7,
37284.78,
327888.3,
410110.2,
9081.351,
1187243,
117159,
59337.6,
14125.96,
50389.8,
392744.6,
38323.16,
0,
4607067,
2072, 
42443.25,
532084.4,
127375.6,
42306.58,
79150.38,
207863.5,
237266.4,
127318.2,
145798.7,
67533.57,
191015,
69171.95,
53111.98,
34782.97,
76838.91,
43288.7,
337431.7,
419007.8,
9452.666,
1182154,
114399.9,
58579.95,
14063.84,
54761.03,
427854.4,
44921.34,
0,
4739977,
2073, 
43966.98,
535670,
130756.8,
39972.77,
101432.6,
220386.8,
245090,
143884.6,
154366.9,
71227.09,
190382.4,
69854.7,
53517.46,
34097.54,
78385.01,
49760.8,
346447.2,
425006.3,
9979.361,
1176982,
109943.3,
58377.03,
14079.92,
59243.69,
449292.7,
51500.67,
0,
4863604,
2074, 
45743.96,
539561.6,
134570.8,
38703.07,
123386,
232256.2,
250937.9,
165813,
162680.8,
74639.49,
189690.6,
70328.16,
55133.98,
33453.92,
81246.3,
55811.52,
351222.8,
424384.6,
10592.25,
1171664,
108809.2,
58866.66,
14055.3,
63623.06,
464914.3,
57032.32,
0,
4979122,
2075, 
47709.04,
543603.6,
138748.6,
39345.38,
145333.5,
234229.8,
260664.5,
187816.4,
172550.1,
78217.59,
189639.4,
70529.46,
57294.8,
32869.92,
84261.82,
61392.83,
356044.9,
423578.2,
11324.74,
1166111,
109552.6,
59744.61,
13921.44,
67608.63,
480423.2,
63883.68,
0,
5096400,
2076, 
49763.18,
547515.3,
142117.3,
40365.75,
167334.3,
232087.2,
274364.9,
211209.3,
182614.6,
80574.04,
189598,
70751.61,
60292.23,
32350.29,
87256.01,
65981.74,
360891.8,
421981.8,
12011.78,
1159761,
112140.8,
60571.12,
13639.69,
71293.78,
497081.5,
69138.71,
0,
5212688,
2077, 
53265.78,
551528.3,
148634.7,
41915.83,
192551.2,
231575.1,
282281.9,
227900.7,
192834.5,
83585.32,
189443.6,
71454.01,
61655.95,
31891.05,
91272.59,
70997.31,
365983,
417919.5,
12620.64,
1153307,
115437.8,
60989.14,
13514.3,
74786.05,
513699.9,
77739.27,
0,
5328784,
2078, 
58089.29,
555333.2,
156065.9,
44507.7,
218548.2,
230315.8,
285860.5,
247658,
200186.8,
84576.03,
190724.6,
72316.13,
62728.17,
31476.27,
96060.03,
76566.03,
370744,
418656.8,
13262,
1152573,
121604.9,
61197.64,
13420.41,
79976.22,
529916.2,
88173.99,
0,
5460538,
2079, 
65286.61,
559028.3,
165992.1,
46411.93,
244982.1,
232927.5,
289275.8,
262296.1,
207642.2,
86647.21,
191696,
73094.14,
63459.95,
31122.44,
101417.4,
82470.48,
375414.4,
419811.3,
13692.15,
1168723,
128843.3,
60521.17,
13325.36,
83490.92,
545823.3,
102040.2,
0,
5615436,
2080, 
71079.15,
562582.2,
172136.7,
46436.16,
270127.7,
234906.8,
292665,
275653,
215185.8,
88675.21,
191479.1,
73751.9,
63931.59,
30805.54,
106860.8,
87454.27,
384168.8,
421830.8,
13863.19,
1192963,
132853.3,
60200.49,
13356.05,
86937.2,
561627.5,
116357.7,
0,
5767889,
2081, 
74964.02,
565703.4,
183380.1,
46063.71,
292933.3,
237262.2,
295706.5,
284211.3,
225896.2,
93035.98,
191152.9,
74362.85,
63848.81,
30529.81,
112469.6,
92307.2,
395188.8,
427826.8,
14053.7,
1219865,
138558.4,
58977.49,
13345.72,
89432.89,
576986.9,
131027.8,
0,
5929092,
2082, 
77769.96,
568794,
191079.5,
46358.35,
314239.1,
239027.6,
298683.2,
301211.7,
243473.3,
97408.76,
188185.3,
74910.93,
63941.75,
30292.65,
118310.7,
95238.03,
407198.3,
434817.7,
14250.38,
1250554,
139948.1,
59280.82,
13326.8,
93209.48,
592117.9,
141646.9,
0,
6095275,
2083, 
74568.43,
571763.3,
198665.5,
46383.12,
330979.8,
241251.3,
301524.1,
327904,
259131.2,
100723.7,
184981.5,
75445.19,
63740.01,
30091.02,
123016.9,
98280.41,
418567.2,
438547.3,
14417.84,
1275730,
139975.9,
58908.95,
13474.85,
96365.9,
606989.4,
151274.7,
0,
6242702,
2084, 
70584.64,
574736.8,
205318,
47008.8,
333843.3,
242698.4,
310709.8,
368353.8,
277165.4,
103251.6,
182545.7,
75825.42,
64101.72,
29921.07,
128811.1,
100931.1,
428633.8,
442443.1,
14580.89,
1284282,
140593.7,
58462.18,
13414.99,
100370.6,
621736.3,
159850.3,
0,
6380175,
2085, 
68223.57,
577852.5,
211218,
46829.49,
336596.1,
242917.6,
327265.9,
409181.7,
287127.9,
106459.5,
182373.8,
76100.41,
64191.09,
29785.11,
132811.1,
104648.7,
443818.3,
439738.6,
14715.24,
1275184,
139291.8,
57492.05,
13245.65,
103681.6,
636380.7,
168665.1,
0,
6495796,
2086, 
66605.52,
580569.3,
215163,
46492.33,
339304.3,
243693.5,
342502.7,
447662.4,
295711.3,
111428.1,
185847.8,
76244.63,
64192.01,
29679.15,
134906.1,
109460.9,
461291.2,
437148.6,
14782.01,
1245946,
135399.1,
56801.37,
13121.19,
105659.2,
651621.9,
177936.7,
0,
6589170,
2087, 
69836.51,
583086.6,
219533.5,
45702.36,
341757.2,
243735.5,
357711.9,
495777.8,
309262.4,
116983.5,
193376.2,
76168.77,
64221.5,
29587.46,
136732.6,
115756,
475306.4,
435687.6,
14864.81,
1228563,
134118.9,
54869.19,
13182.6,
106877.4,
666661.7,
187000.4,
0,
6716362,
2088, 
64444.26,
585587.8,
223659,
44739.73,
343923,
242543.2,
374091.7,
533319.1,
321257.8,
121454.9,
201560,
75927.74,
64217.4,
29515.5,
139006.2,
123415.8,
489097.4,
431997.2,
14946.93,
1226399,
133635.2,
53060.45,
13175.44,
108735.6,
680247.4,
196383.6,
0,
6836342,
2089, 
66945,
587912.1,
225671.9,
41785.89,
345731.1,
241512.3,
394549.2,
568713.8,
329850.8,
122583.7,
208929.7,
75761.38,
64348.54,
29462.03,
140775.1,
130180,
509466.3,
426801.4,
14966.66,
1218370,
133495.8,
51706.11,
13228.83,
110268.4,
692469.1,
208013.3,
0,
6953498,
2090, 
62233.6,
590262.7,
228624.4,
39384.88,
350542.1,
243104.4,
415159.8,
594671.2,
350821.9,
122987.9,
213285.6,
75363.95,
64307.48,
29423.07,
142082,
136467,
514807,
421491.4,
14973.95,
1206037,
132675.6,
51207.48,
13349.7,
111505.7,
704249.2,
221575.7,
0,
7050595,
2091, 
64195.93,
592576.4,
232047.3,
36535.76,
355470.8,
245526.4,
436166.9,
620523.2,
374945.2,
123341,
215694.5,
75096.66,
64414.29,
29410.71,
145632.7,
141974,
515815.9,
414179.7,
15176.98,
1188665,
134035.3,
51549.9,
13521.07,
112606,
716434.3,
235890.2,
0,
7151426,
2092, 
59495.21,
595073.3,
233610.9,
34529.54,
360274.3,
247849.5,
446283.7,
643640.3,
399542.9,
123813.7,
214038.8,
74837.43,
64560.2,
29411.56,
149510.9,
146233.7,
513467.5,
405361.1,
15463.41,
1167537,
135205.3,
52251.01,
13619.77,
113767.6,
728208.7,
252031.4,
0,
7219618,
2093, 
61921.45,
597742.7,
234466.4,
33720.2,
366248.5,
250053.5,
465499.7,
671077.3,
425408.8,
124888.6,
215387.5,
74542.88,
64582.3,
29418.02,
152925.9,
151265.4,
509270.8,
397286.5,
15663.83,
1146581,
137451.3,
53087.45,
13922.03,
114952.5,
736318.9,
266196,
0,
7309879,
2094, 
57930.13,
598726.9,
234512.6,
33933.45,
374406.2,
252158,
485645.2,
699430.7,
449337.6,
126839.3,
218843,
74244.39,
64736.41,
29431.83,
155651.3,
156410.8,
503130.4,
389513,
15821.27,
1126765,
137141.6,
54036.63,
14395.38,
116133.8,
725973.6,
280892.6,
0,
7376041,
2095, 
61180.91,
598614.5,
236406.5,
34820.81,
384870.9,
254172.3,
510116.1,
738608.8,
471996.2,
128055.9,
220007,
74033.24,
64948.39,
29452.53,
157636,
162067.8,
514061.4,
382162.9,
15955.32,
1112084,
142367,
54869.53,
14681,
117281.9,
724928.3,
297061.7,
0,
7502442,
2096, 
58832.66,
598074.8,
240213.8,
35577.12,
395585.8,
256090.3,
531191,
789108.3,
491826.6,
128525.4,
221273,
73658.26,
65133.41,
29475.98,
158608.3,
166482.4,
524210.2,
376871.7,
15991.91,
1100244,
146534.8,
54069,
15257.71,
118412.4,
731883.3,
308012.3,
0,
7631145,
2097, 
59762.17,
599063.3,
245868.9,
36399.85,
413199,
257977.9,
550368.3,
823524.9,
503935.3,
128959,
222684.5,
73389.39,
65494.32,
29514,
158891.2,
170752.1,
533071.1,
373133.4,
16020.56,
1093955,
154486.7,
53638.33,
16760,
119533.5,
740503.3,
318173.6,
0,
7759060,
2098, 
61304.88,
601208.9,
256738.5,
36784.38,
427979.2,
259844.7,
559809,
848281.9,
520386.3,
130306,
222134.8,
73266.79,
65937.13,
29557.41,
158463.8,
173089.6,
543257.8,
369732.3,
16054.45,
1085634,
160994.8,
53472.17,
18980.51,
120669.5,
761696.3,
328404.8,
0,
7883990,
2099, 
63142.55,
596792.2,
258836.3,
36522.68,
435916.7,
256844,
567165.3,
873154.4,
534370.4,
131776.5,
221572.6,
73627.87,
66554.74,
29607.27,
158129.4,
174843.1,
551715.9,
366226.1,
16018.55,
1075159,
173570.3,
53558.57,
21257.16,
121870.1,
786923.6,
338506.3,
0,
7983661,
2100, 
63867.23,
595923.6,
259004.9,
36180.03,
442431.8,
254558.7,
573214,
898414.3,
543967.3,
135080.3,
220862.3,
73746.03,
67058.67,
29672.51,
157030.5,
174624.9,
562994.9,
361734.3,
16049.52,
1056558,
184705.9,
53521.4,
23111.84,
123079.5,
801806.4,
348469.7,
0,
8057669];
