real main.em.dem.hi.CE.Cement_Production[28](t) = [1971, 
8.317,
71.054,
7.520999,
5.215999,
9.803001,
14.936,
7.026,
3.428,
1.436,
5.861,
187.588,
41.77,
7.553,
1.94,
0,
100.331,
9.703,
14.931,
11.672,
32.187,
8.483,
0.487,
59.434,
5.586,
3.228,
2.222,
0,
621.713,
1972, 
9.091,
74.93,
8.753,
7.050999,
11.382,
15.606,
6.979,
3.822,
1.397,
6.112,
213.191,
45.894,
7.595,
1.952,
0,
104.299,
11.295,
15.785,
11.786,
36.019,
9.256001,
0.596,
66.292,
5.929,
3.102,
2.513,
0,
680.627,
1973, 
10.053,
77.576,
9.918,
7.588999,
13.398,
16.182,
6.846,
3.85,
1.411,
6.864,
206.852,
48.525,
8.946,
1.987,
0,
109.521,
10.994,
15.016,
13.975,
37.897,
11.17,
0.74,
78.12,
6.301,
3.464,
2.87,
0,
710.065,
1974, 
10.641,
73.558,
10.672,
7.624999,
15.187,
16.977,
7.144,
4.037,
1.451,
7.301,
203.452,
52.201,
8.94,
2.04,
0,
115.145,
13.005,
14.319,
14.842,
37.832,
10.829,
0.831,
73.108,
6.675,
3.863,
2.891,
0,
714.566,
1975, 
9.741,
62.13,
11.2,
7.123999,
16.391,
16.52,
7.791,
4.533,
1.419,
7.176,
192.852,
55.812,
10.833,
2.169,
0,
122.057,
14.87,
16.248,
17.129,
46.9937,
11.881,
1.077,
65.517,
6.292,
3.999,
2.667,
0,
714.4217,
1976, 
9.898,
67.581,
12.691,
7.634999,
18.675,
17.501,
7.991,
4.581,
1.513,
7.048,
198.166,
59.909,
12.154,
24.668,
0,
124.246,
15.867,
18.516,
18.873,
47.6281,
12.959,
1.81,
68.712,
6.162,
3.857,
1.775,
0,
770.4161,
1977, 
9.933,
72.629,
13.328,
7.535999,
21.123,
17.995,
8.849,
4.653,
1.77,
6.573,
203.119,
63.284,
13.39,
25.11467,
0,
127.056,
16.602,
19.173,
21.198,
56.7764,
13.686,
2.549,
73.138,
6.119,
3.928,
1.778,
0,
811.3,
1978, 
10.473,
77.546,
14.15,
8.235,
23.239,
19.139,
10.202,
4.846,
1.626,
6.823,
206.804,
66.265,
15.572,
24.61233,
0,
126.956,
18.953,
19.626,
22.133,
66.6375,
14.187,
3.649,
84.882,
5.952,
4.286,
1.749,
0,
858.5428,
1979, 
11.459,
76.648,
15.352,
8.558999,
24.871,
20.969,
13.056,
5.206,
1.652,
6.199,
209.948,
65.815,
13.573,
23.802,
0,
123.019,
23.557,
18.27,
24.413,
75.3604,
17.259,
4.432,
87.804,
5.981,
4.134,
1.757,
0,
883.0954,
1980, 
10.34,
68.241,
16.398,
8.938279,
27.194,
23.439,
14.922,
5.429,
1.80305,
7.125,
210.581,
71.827,
12.975,
23.71467,
4.2,
125.049,
26.268,
17.803,
23.612,
81.52399,
15.203,
5.259,
87.957,
6.057,
4.431,
1.672,
0,
901.962,
1981, 
10.152,
65.054,
18.173,
8.829503,
26.051,
23.459,
16.26,
6.641,
1.77682,
8.095,
204.569,
66.84,
15.043,
23.78933,
4.41925,
127.169,
31.741,
20.908,
23.617,
84.52,
16.272,
5.719,
84.82801,
6.553,
4.696,
1.869,
0,
907.0439,
1982, 
8.136,
57.475,
19.343,
8.506739,
25.644,
22.422,
16.086,
6.631,
1.60826,
8.08,
198.328,
75.157,
15.778,
24.054,
4.6385,
200.392,
34.413,
22.65,
25.887,
96.815,
17.921,
5.832,
80.686,
7.054,
4.644629,
1.73,
0,
989.9121,
1983, 
7.871,
63.927,
17.363,
8.913981,
20.87,
20.749,
18.043,
6.107,
1.599,
7.897,
198.173,
78.859,
13.595,
25.132,
13.49375,
208.56,
37.043,
25.261,
29.282,
110.132,
19.459,
8.095,
80.891,
6.262,
4.893568,
1.523,
0,
1033.994,
1984, 
9.386999,
70.452,
18.702,
8.833752,
19.497,
21.128,
22.488,
5.557,
1.568577,
8.084,
186.505,
82.269,
15.738,
26.015,
14.2401,
211.5,
43.223,
29.541,
28.413,
125.008,
19.517,
8.893001,
78.86,
5.617,
5.32135,
1.54,
0,
1067.898,
1985, 
10.192,
70.284,
20.255,
8.695295,
20.635,
21.206,
24.608,
6.944,
1.562796,
6.88,
176.347,
76.718,
17.581,
25.795,
15.051,
212.779,
44.516,
31.971,
28.509,
147.936,
17.98,
9.94,
72.847,
6.667,
5.57609,
1.65,
0,
1083.125,
1986, 
10.611,
71.112,
19.825,
9.727639,
25.252,
24.022,
22.808,
7.3322,
1.713959,
6.246,
176.827,
80.356,
20.004,
27.166,
16.889,
219.266,
42.843,
34.983,
31.53,
168.721,
18.707,
11.323,
71.264,
7.133278,
6.878,
1.924,
0,
1134.464,
1987, 
12.603,
67.38,
23.482,
10.28211,
25.468,
26.243,
26.097,
6.6949,
1.888073,
5.999,
181.316,
80.014,
21.98,
27.606,
17.332,
222.991,
45.763,
37.135,
34.946,
189.016,
20.774,
11.814,
71.551,
6.917004,
7.756,
2.074,
0,
1185.122,
1988, 
12.35,
71.544,
23.606,
9.706407,
25.329,
26.25486,
27.549,
7.6606,
1.816,
6.760001,
193.818,
82.502,
22.568,
28.16,
17.628,
225.236,
48.797,
41.136,
41.411,
212.831,
23.459,
13.118,
77.554,
7.058201,
8.302,
2.23,
0,
1258.384,
1989, 
12.591,
71.308,
24.21,
10.27073,
25.921,
23.293,
27.887,
7.945941,
2.309,
7.261,
202.05,
80.533,
23.704,
27.958,
18.42,
227.651,
54.065,
44.197,
47.12099,
212.949,
27.675,
14.788,
79.717,
7.755054,
8.279,
2.263,
0,
1292.122,
1990, 
11.745,
70.944,
24.683,
10.25889,
25.85,
23.45166,
30.144,
6.679068,
2.458,
6.563,
200.368,
72.992,
24.299,
27.275,
18.225,
222.811,
55.37,
46.17,
49.914,
211.96,
35.097,
14.786,
84.445,
7.357902,
8.611,
2.506,
0,
1294.964,
1991, 
9.372,
67.193,
25.208,
9.027902,
27.491,
24.69829,
32.726,
7.016109,
2.332,
6.147,
194.9965,
52.952,
26.029,
25.956,
17.003,
79.893,
46.29,
52.013,
55.167,
246.56,
39.188,
13.48,
89.564,
6.452879,
9.018,
2.836,
0,
1168.61,
1992, 
8.592,
69.585,
27.114,
9.19588,
23.902,
29.29976,
32.958,
7.428288,
2.466,
5.85,
185.845,
41.594,
28.455,
23.089,
14.963,
63.32,
52.276,
53.936,
61.444,
309.994,
42.915,
14.048,
88.252,
6.670589,
9.614,
2.404,
0,
1215.21,
1993, 
9.394001,
73.807,
28.725,
9.73794,
24.845,
40.0546,
30.214,
7.554194,
2.517,
6.135,
171.025,
37.99,
31.134,
17.03,
11.312,
51.022,
57.5946,
57.326,
64.313,
369.672,
50.609,
19.61,
88.046,
7.491562,
9.70181,
2.342,
0,
1279.203,
1994, 
10.584,
77.94801,
31.594,
10.56813,
25.229,
30.79477,
30.53,
6.448114,
2.478112,
7.068,
180.743,
41.162,
29.356,
12.962,
8.107,
37.898,
59.5058,
63.461,
69.088,
423.193,
57.7171,
24.564,
91.62401,
8.107636,
9.899,
2.014,
0,
1352.644,
1995, 
10.44,
76.906,
25.295,
10.925,
28.256,
33.93748,
32.42,
6.674058,
3.141187,
7.437,
178.958,
41.78201,
33.153,
8.911,
6.016,
36.949,
61.9665,
67.722,
73.101,
477.628,
64.9424,
23.136,
90.474,
7.7452,
9.767,
2.469,
0,
1420.152,
1996, 
11.1,
80.8,
25.4,
9.11,
34.6,
32.554,
37.57,
10.568,
2.827,
7.67,
172.793,
42.584,
35.2,
6.51,
4.345,
28.39,
50.613,
80,
74.3,
513.636,
57.774,
36.5,
94.5,
7.692,
10.709,
2.77,
0,
1470.515,
1997, 
11.7,
82.5,
27.5,
9.303,
38.1,
34.8,
39.03,
14.16,
2.73,
7.49,
176.439,
43.813,
36,
7.102001,
4.595,
27.331,
50.333,
80,
76.8,
516.542,
71.588,
41.2,
91.90001,
7.66,
10.831,
2.79,
0,
1512.237,
1998, 
12.1,
82.2,
27.7,
11.065,
40,
37.166,
38.49,
11.481,
3.176,
9.5,
196.397,
44.22,
38.2,
7.704,
4.577,
26.715,
43.822,
85,
63.8,
535.149,
53.49,
44,
81.3,
7.63,
10.706,
3.466,
0,
1519.054,
1999, 
12.6,
87.3,
29.4,
12.832,
40.3,
37.72,
41.56,
11.198,
3.075,
8.9,
195.813,
45,
34.4,
7.98,
5.336,
29.2,
44.518,
90,
64.2,
592.794,
67.355,
41.5,
80.1,
7.545,
11.282,
3.427,
0,
1605.335,
2000, 
12.6,
89.5,
31.7,
10.924,
39.2,
38.36,
45.01,
11.471,
3.194,
8.99,
201.394,
44.804,
35.8,
7.382,
4.52,
33.167,
51.709,
95,
67.4,
601.972,
64.405,
51.7,
81.09999,
8.545,
12.05,
3.029,
0,
1654.926,
2001, 
13,
90.4,
30,
11.049,
39.5,
38.45,
48.52,
12.555,
3.183,
9.17,
198.62,
41.374,
35,
7.8,
4.988999,
36.398,
54.939,
100,
57.16,
680.418,
67.202,
55.1,
76.6,
8.545,
12.445,
3.046,
0,
1735.463,
2002, 
13.2,
91.3,
31,
11.998,
38,
30.67,
48.22,
13.39,
3.223,
9.620001,
190.81,
41.409,
32.6,
9.61,
5.083,
39.203,
56.557,
100,
60.82,
724.548,
75.43,
61.6,
71.8,
8.7,
12.85,
2.658,
0,
1784.299,
2003, 
14.1,
94.3,
32,
13.334,
38,
33.07,
52.04,
13.445,
4.147,
10.2,
205.06,
44.314,
35.1,
11.645,
6.173,
42.739,
57.4,
100,
64.74,
880.65,
82.585,
64.5,
68.8,
9.15,
17.035,
3.419,
0,
1997.946,
2004, 
14.9,
98.99999,
35,
13.316,
34.4,
37.54,
55.12,
13.633,
4.529,
12,
209.57,
47.582,
38,
13.77,
6.684,
48.056,
62.533,
125,
59.93,
990.31,
93.211,
68.2,
67.4,
9.2,
17.39,
3.485,
0,
2179.759,
2005, 
14.3,
101,
37.5,
14.631,
36.7,
42.3,
59.49,
13.926,
5.305,
14.5,
209.482,
49.7,
42.8,
15.971,
6.873,
51.095,
68.981,
130,
57.1,
1090.012,
101.459,
66.6,
69.6,
9.269,
17.66,
3.535,
0,
2329.789,
2006, 
14,
99.7,
40,
15.314,
36.7,
45.28,
61.93,
16.177,
5.547,
13,
219.626,
55.181,
48,
18.037,
7.492,
57.395,
73.202,
155,
59.7,
1259.441,
101.86,
67,
69.9,
10.39,
18.175,
5.06,
0,
2573.107,
2007, 
14.5,
96.9,
40.7,
15.882,
46.4,
48.95,
63.95,
21.996,
5.838,
15.3,
231.62,
60.693,
48.8,
19.88,
8.1,
62.762,
86.86,
170,
63.13,
1369.18,
105.895,
77,
67.7,
10.979,
28.33,
5.295,
0,
2786.64,
2008, 
13.7,
87.60001,
40.1,
16.915,
46.5,
51.39,
78.46,
28.503,
7.118,
13.5,
200.297,
62.942,
51.4,
20.92,
9.04,
56.32,
89.5,
180,
58.12,
1407.57,
110.188,
81.4,
62.8,
10.743,
29.325,
5.47,
0,
2819.821,
2009, 
11,
64.9,
35.2,
14.762,
51.7,
49.98,
86.79,
27.251,
8.475,
11.8,
168.876,
49.868,
53,
14.78,
8.724,
46.927,
105.65,
180,
56.5,
1646.135,
115.564,
88,
54.8,
10.648,
33.425,
6.329,
0,
3001.084,
2010, 
12.4,
67.2,
34.5,
15.584,
59.1,
50.23,
85.26,
30.25,
11.03,
10.9,
162.47,
49.967,
62.7,
15.09,
8.988,
53.025,
109.31,
220,
53.6,
1896.623,
129.993,
83,
51.5,
10.358,
37.531,
6.847,
0,
3327.456,
2011, 
12,
68.6,
34.5,
14.596,
62.6,
50.08,
84.55,
29.462,
12.704,
11.2,
164.972,
52.527,
63.4,
16.5,
9.519,
58.912,
126.24,
270,
54.7,
2117.326,
133.828,
95,
51.3,
10.058,
43.338,
7.679,
0,
3655.591,
2012, 
12.465,
74.934,
36.184,
18.39,
69.323,
55.27501,
99.711,
34.5,
14.52,
11.56,
135.855,
46.49001,
63.879,
15.949,
17.691,
65.65,
187.953,
270,
53.308,
2228.272,
132.478,
52.55,
54.737,
9.915001,
50.777,
10.601,
0,
3822.967,
2013, 
11.611,
77.41499,
34.612,
18.588,
69.975,
59.163,
94.874,
40.283,
16.353,
12.168,
133.019,
44.352,
71.337,
16.064,
18.772,
70.849,
192.102,
280,
53.891,
2430.161,
138.998,
56.89,
57.962,
9.899999,
53.78099,
11.552,
0,
4074.672,
2014, 
11.879,
83.124,
36.597,
19.663,
71.254,
59.394,
104.917,
40.665,
18.186,
12.068,
131.91,
45.217,
71.239,
15.553,
21.27,
74.128,
193.043,
280,
53.723,
2509.493,
143.824,
56.96,
57.913,
10.394,
54.722,
13.937,
0,
4191.073,
2015, 
12.167,
84.94,
39.613,
19.827,
65.283,
60.062,
103.157,
43.019,
20.912,
12.992,
133.206,
46.395,
71.419,
14.194,
23.293,
66.963,
188.614,
260,
58.744,
2374.785,
158.639,
60.05,
54.827,
11.016,
64.29,
14.236,
0,
4062.643,
2016, 
11.693,
85.153,
40.577,
19.466,
57.557,
55.292,
105.928,
46.84,
22.622,
13,
135.046,
46.83101,
75.403,
14.501,
23.837,
59.321,
178.263,
280,
63.827,
2424.398,
164.924,
62.2,
53.255,
10.831,
70.756,
14.521,
0,
4136.042,
2017, 
12.706,
86.799,
41.601,
19.991,
54.004,
55.777,
124.553,
44.91,
23.252,
13.17,
136.163,
50.9,
80.55199,
14.609,
26.55,
60.09,
168.605,
283,
64.24,
2344.131,
172.963,
69.479,
55.195,
10.305,
75.794,
13.546,
0,
4102.885,
2018, 
13.554,
86.99999,
48.328,
19.209,
53.553,
53.00299,
102.7,
52.421,
23.35,
13.68,
138.733,
54.454,
72.544,
14.993,
27.588,
59.65,
173.253,
310,
57.923,
2249.513,
188.088,
75.413,
55.307,
10.879,
85.162,
14.813,
0,
4055.111,
2019, 
14,
88.1,
45.163,
18.628,
56.611,
53.091,
100.087,
57.746,
21.854,
12.726,
139.456,
56.943,
56.966,
15.258,
29.807,
64.436,
178.069,
334,
56.235,
2353.969,
207.594,
72.04,
53.462,
11.105,
88.543,
17.057,
0,
4202.946,
2020, 
14,
89.8,
47.833,
16.711,
61.052,
47.215,
90.375,
63.428,
24.867,
10.8,
137.154,
57.886,
72.299,
15.539,
31.519,
62.563,
193.587,
290,
53.208,
2391.468,
214.147,
62.83,
50.905,
10.72,
87.684,
17.504,
0,
4215.094,
2021, 
14,
91.3,
51.559,
18.552,
65.884,
57.598,
101.499,
69.572,
27.44,
12.5,
143.357,
59.388,
78.495,
17.009,
35.204,
66.584,
192.297,
350,
55.824,
2377.575,
227.432,
65.15,
50.083,
10.96,
97.859,
17.643,
0,
4354.764,
2022, 
15,
91.59999,
49.8,
18.761,
63.546,
60.309,
96.689,
70.41,
26.17,
12,
141.065,
57.383,
73.708,
11.6,
35.455,
67.772,
192.559,
380,
57.612,
2144.181,
236.292,
64.16,
53.2,
11.183,
94.53801,
18.001,
0,
4142.994,
2023, 
15.02206,
91.95734,
50.42493,
19.13993,
64.30685,
60.71444,
99.18034,
73.04947,
24.39047,
12.0997,
141.1205,
57.35944,
73.86643,
11.61508,
36.24061,
68.07956,
195.4589,
394.4888,
57.55337,
2149.911,
238.8919,
65.87193,
52.89809,
11.23453,
96.18477,
18.7782,
0,
4179.838,
2024, 
15.05099,
92.29304,
50.93738,
19.5428,
64.76903,
61.60276,
101.5414,
76.31393,
26.43354,
12.25586,
141.2814,
57.45871,
74.00143,
11.65189,
37.00993,
68.2404,
198.649,
408.7563,
57.53511,
2154.637,
241.8055,
67.56921,
52.55898,
11.29142,
99.7504,
19.92802,
0,
4222.865,
2025, 
15.10323,
92.68784,
51.38185,
19.95422,
65.30798,
62.52968,
104.0302,
79.82773,
29.46574,
12.40327,
141.6331,
57.59959,
74.24785,
11.76115,
37.79411,
68.38871,
201.8803,
422.9515,
57.55301,
2158.905,
244.9335,
69.26093,
52.25282,
11.36206,
103.9331,
21.18652,
0,
4268.334,
2026, 
15.16428,
93.18616,
52.01397,
20.41234,
65.83366,
63.47954,
106.3382,
84.21175,
32.87876,
12.56298,
141.949,
57.57829,
74.59529,
12.04618,
38.49343,
68.49466,
205.1135,
437.3673,
57.51875,
2158.944,
248.1847,
70.93359,
52.01181,
11.41789,
109.764,
23.07534,
0,
4313.57,
2027, 
15.23624,
93.76485,
52.64311,
20.86094,
66.36758,
64.40531,
108.3365,
88.56417,
36.22637,
12.72863,
142.3421,
57.55259,
74.97894,
12.32246,
39.18075,
68.59335,
208.3014,
450.9161,
57.49103,
2157.994,
251.3482,
72.55815,
51.8047,
11.45998,
115.3725,
24.929,
0,
4356.279,
2028, 
15.31851,
94.42039,
53.27009,
21.30994,
66.90803,
65.31762,
110.2025,
92.83907,
39.51464,
12.90331,
142.8205,
57.50983,
75.37367,
12.5922,
39.85571,
68.68562,
211.4255,
463.7559,
57.45707,
2155.718,
254.3993,
74.15614,
51.62363,
11.49692,
120.8,
26.76225,
0,
4396.437,
2029, 
15.42116,
95.19209,
53.90005,
21.77039,
67.46655,
66.23988,
111.9134,
97.06718,
42.74945,
13.09182,
143.4495,
57.45829,
75.83315,
12.56523,
40.51739,
68.77238,
214.468,
476.0188,
57.43512,
2151.689,
257.3977,
75.75399,
51.50332,
11.53618,
126.108,
28.58114,
0,
4433.899,
2030, 
15.53703,
96.11678,
54.53135,
22.25216,
68.03268,
67.19293,
113.5548,
101.2975,
45.93626,
13.29823,
144.1957,
57.39489,
76.26901,
12.49182,
41.16442,
68.85461,
217.3958,
487.8216,
57.38852,
2145.409,
260.2398,
77.37572,
51.40566,
11.59108,
131.32,
30.39064,
0,
4468.458,
2031, 
15.68744,
97.16433,
55.17611,
22.80227,
68.77027,
68.24023,
115.3047,
107.9426,
50.10181,
13.60012,
145.132,
57.28994,
76.75166,
12.38747,
41.80064,
68.97066,
220.0936,
499.3715,
57.29159,
2133.896,
262.9173,
78.99158,
51.40427,
11.66325,
137.3532,
32.83455,
0,
4502.939,
2032, 
15.86172,
98.37602,
55.82567,
23.37427,
69.52435,
69.31789,
116.902,
114.5107,
54.19304,
13.9264,
146.2404,
57.18257,
77.22747,
12.26112,
42.41445,
69.08221,
222.614,
510.5592,
57.18325,
2119.1,
265.4231,
80.68246,
51.45123,
11.7479,
143.2881,
35.24382,
0,
4533.514,
2033, 
16.06177,
99.78669,
56.48315,
23.98075,
70.3092,
70.42515,
118.3572,
120.993,
58.23485,
14.28275,
147.551,
57.06886,
77.69682,
12.13855,
43.0046,
69.16801,
224.9275,
521.4935,
57.07059,
2100.538,
267.7514,
82.47431,
51.55448,
11.84902,
149.1805,
37.63359,
0,
4560.015,
2034, 
16.27897,
101.4196,
57.14911,
24.6302,
71.14416,
71.5843,
119.7194,
127.4491,
62.24768,
14.67359,
149.0626,
56.94566,
78.12189,
12.07514,
43.57055,
69.23379,
227.0046,
532.2599,
56.95161,
2077.823,
269.8541,
84.38837,
51.7007,
11.95667,
155.0688,
40.01964,
0,
4582.333,
2035, 
16.52172,
103.2711,
57.82473,
25.32817,
72.03697,
72.82053,
120.9848,
133.9323,
66.24126,
15.10257,
150.7862,
56.81421,
78.49281,
12.10823,
44.11139,
69.28667,
228.823,
542.9302,
56.85487,
2050.696,
271.7165,
86.44225,
51.889,
12.05727,
160.9908,
42.41551,
0,
4600.479,
2036, 
16.80206,
105.2705,
58.49642,
26.1004,
73.0561,
74.1724,
122.2942,
141.8104,
71.08301,
15.61371,
152.831,
56.66852,
78.83799,
12.21673,
44.61832,
69.36588,
230.2625,
553.525,
56.80819,
2017.051,
273.1005,
88.59975,
52.15618,
12.16976,
167.5837,
45.29672,
0,
4615.791,
2037, 
17.07253,
107.3337,
59.17821,
26.92455,
74.15077,
75.61777,
123.4129,
149.7334,
75.88074,
16.16055,
155.1056,
56.51741,
79.14401,
12.39109,
45.09949,
69.43842,
231.4219,
564.0291,
56.56676,
1979.033,
274.2675,
90.90533,
52.47358,
12.31622,
174.1903,
48.19285,
0,
4626.557,
2038, 
17.35881,
109.5648,
59.87066,
27.80149,
75.31974,
77.15588,
124.414,
157.731,
80.66373,
16.74248,
157.5831,
56.35946,
79.38502,
12.60789,
45.55563,
69.50449,
232.3018,
574.4754,
56.22919,
1936.864,
275.1951,
93.35649,
52.82436,
12.47469,
180.8268,
51.10584,
0,
4633.272,
2039, 
17.66209,
111.9524,
60.57502,
28.72868,
76.54996,
78.76968,
125.4261,
165.7237,
85.4528,
17.3579,
160.2591,
56.19599,
79.58071,
12.84511,
45.98841,
69.55866,
232.9137,
584.8845,
55.85342,
1890.908,
275.916,
95.94556,
53.21301,
12.63159,
187.5106,
54.03333,
0,
4636.437,
2040, 
17.98243,
114.4685,
61.29092,
29.69922,
77.84833,
80.44694,
126.3825,
173.6904,
90.25236,
18.0039,
163.1203,
56.0281,
79.74841,
13.08684,
46.39944,
69.61785,
233.2764,
595.2642,
55.44897,
1841.644,
276.4633,
98.65989,
53.64084,
12.79462,
194.2499,
56.97944,
0,
4636.488,
2041, 
18.33275,
117.0465,
61.98861,
30.71131,
79.19711,
82.14426,
127.3126,
183.1502,
96.02443,
18.69551,
166.2462,
55.85873,
79.94676,
13.31873,
46.7725,
69.72915,
233.2377,
605.3141,
55.01784,
1787.777,
276.7092,
101.3822,
54.16222,
12.95904,
201.6068,
60.47813,
0,
4635.119,
2042, 
18.69184,
119.7002,
62.6892,
31.75158,
80.56711,
83.86317,
128.2322,
192.535,
101.725,
19.40328,
169.4841,
55.68531,
80.10726,
13.552,
47.12891,
69.86201,
233.0038,
615.2406,
54.56018,
1731.882,
276.8063,
104.184,
54.69786,
13.11725,
208.9243,
63.97501,
0,
4631.369,
2043, 
19.05119,
122.4317,
63.38778,
32.81566,
81.95962,
85.62405,
129.1501,
201.9487,
107.378,
20.12195,
172.7747,
55.50577,
80.19435,
13.78508,
47.4715,
70.01006,
232.6027,
625.0292,
54.06539,
1674.602,
276.7334,
107.0422,
55.21919,
13.27807,
216.1889,
67.4733,
0,
4625.844,
2044, 
19.4084,
125.2687,
64.08164,
33.89509,
83.35583,
87.41868,
130.0396,
211.3734,
112.9871,
20.8465,
176.0876,
55.32055,
80.21619,
14.01639,
47.80233,
70.16701,
232.067,
634.6647,
53.54015,
1616.57,
276.5183,
109.9347,
55.72025,
13.45728,
223.3934,
70.97248,
0,
4619.124,
2045, 
19.76115,
128.2082,
64.7684,
34.98291,
84.74518,
89.23021,
130.9143,
220.7801,
118.5598,
21.57196,
179.3933,
55.1301,
80.18104,
14.24442,
48.12397,
70.32488,
231.433,
644.1298,
52.99096,
1558.391,
276.1888,
112.8397,
56.19553,
13.66236,
230.5287,
74.46796,
0,
4611.748,
2046, 
20.12395,
131.1832,
65.40735,
36.06218,
86.09256,
90.9975,
131.7612,
231.7706,
125.0283,
22.28936,
182.7487,
54.9499,
80.13477,
14.46399,
48.40353,
70.49384,
230.4986,
652.9592,
52.43863,
1498.626,
275.6457,
115.6111,
56.70582,
13.88452,
238.0358,
78.4739,
0,
4604.791,
2047, 
20.47632,
134.1962,
66.03184,
37.12954,
87.40529,
92.74236,
132.6852,
242.627,
131.3632,
22.99393,
186.0361,
54.76491,
79.93223,
14.67744,
48.67828,
70.65756,
229.5375,
661.5226,
51.86913,
1439.896,
275.0273,
118.3487,
57.17472,
14.11193,
245.3809,
82.4141,
0,
4597.681,
2048, 
20.89954,
137.0237,
66.67178,
38.15956,
88.60559,
94.38583,
133.4362,
253.1011,
137.4773,
23.68946,
189.6285,
54.60992,
80.60714,
14.82973,
48.94847,
70.79018,
228.6237,
669.8594,
51.54108,
1382.624,
275.1599,
121.0565,
57.96432,
14.27645,
252.7518,
86.24969,
0,
4592.971,
2049, 
21.30923,
139.8477,
67.29521,
39.16595,
89.76129,
95.99367,
134.1675,
263.5268,
143.4588,
24.36561,
193.1131,
54.4508,
81.13811,
14.97401,
49.21788,
70.91685,
227.7256,
677.9129,
51.20493,
1327.158,
275.2576,
123.6999,
58.70612,
14.4568,
259.9562,
90.03504,
0,
4588.815,
2050, 
21.70683,
142.6612,
67.90258,
40.14489,
90.87044,
97.55933,
134.8877,
273.9037,
149.3234,
25.02011,
196.4871,
54.28894,
81.65334,
15.10959,
49.4882,
71.03735,
226.8711,
685.6795,
50.87151,
1273.775,
275.3584,
126.2735,
59.40797,
14.64455,
266.9969,
93.77111,
0,
4585.694,
2051, 
22.10275,
145.3931,
68.45983,
41.07788,
91.89862,
99.0428,
135.5529,
285.7533,
155.9263,
25.64115,
199.75,
54.13111,
82.0769,
15.23512,
49.70961,
71.1414,
225.8501,
692.8376,
50.54678,
1220.977,
275.2323,
128.6711,
60.08759,
14.83319,
274.1422,
97.93495,
0,
4584.006,
2052, 
22.48079,
148.0897,
68.99751,
41.97726,
92.88305,
100.4977,
136.2108,
297.4003,
162.34,
26.23363,
202.8602,
53.96948,
82.4535,
15.35085,
49.93379,
71.24013,
224.8767,
699.6612,
50.11372,
1170.738,
275.0903,
130.9707,
60.71587,
15.03376,
281.0526,
101.9908,
0,
4583.163,
2053, 
22.84492,
150.7127,
69.51735,
42.84026,
93.80851,
101.903,
136.8681,
308.81,
168.5632,
26.79727,
205.8327,
53.80604,
82.81974,
15.45665,
50.16139,
71.33252,
223.9931,
706.1595,
49.62419,
1123.14,
274.9785,
133.1688,
61.30371,
15.23786,
287.7449,
105.9447,
0,
4583.37,
2054, 
23.19672,
153.2314,
70.02036,
43.66461,
94.6748,
103.2477,
137.5298,
319.9861,
174.6099,
27.33197,
208.6728,
53.64168,
83.19212,
15.55249,
50.39316,
71.41782,
223.2088,
712.3413,
49.14985,
1078.216,
274.9193,
135.263,
61.86375,
15.43631,
294.2308,
109.8008,
0,
4584.793,
2055, 
23.5361,
155.6426,
70.50714,
44.45018,
95.4828,
104.5316,
138.2002,
330.9435,
180.4924,
27.83784,
211.3789,
53.47649,
83.57235,
15.6385,
50.62968,
71.49615,
222.5294,
718.2164,
48.69194,
1035.957,
274.917,
137.2523,
62.39095,
15.62924,
300.5182,
113.5648,
0,
4587.484,
2056, 
23.87202,
157.933,
70.93382,
45.1762,
96.17832,
105.6928,
138.804,
343.0488,
186.9328,
28.30117,
213.9414,
53.3084,
83.98514,
15.71809,
50.81914,
71.56137,
221.7171,
723.4096,
48.22158,
995.4114,
274.8628,
139.0389,
62.93193,
15.81054,
306.7964,
117.6702,
0,
4592.077,
2057, 
24.19432,
160.1146,
71.34388,
45.86147,
96.81479,
106.791,
139.4142,
354.8268,
193.1453,
28.73439,
216.3641,
53.13909,
84.3986,
15.78805,
51.01284,
71.61881,
221.0177,
728.2885,
47.8118,
957.4734,
274.8588,
140.7184,
63.44363,
15.98551,
312.8406,
121.6432,
0,
4597.644,
2058, 
24.50346,
162.1891,
71.7383,
46.50726,
97.39462,
107.8279,
140.0333,
366.307,
199.1503,
29.13859,
218.651,
52.96865,
84.81435,
15.84872,
51.211,
71.66878,
220.431,
732.8687,
47.52632,
922.0457,
274.9065,
142.2937,
63.9335,
16.15393,
318.6658,
125.4952,
0,
4604.272,
2059, 
24.79995,
164.1591,
72.12807,
47.11511,
97.92039,
108.8059,
140.6635,
377.515,
204.9658,
29.51499,
220.8069,
52.79718,
85.23351,
15.90051,
51.4137,
71.71155,
219.9552,
737.1653,
47.38983,
889.0157,
275.0059,
143.7683,
64.3991,
16.31593,
324.2861,
129.2362,
0,
4611.989,
2060, 
25.08432,
166.028,
72.50358,
47.68665,
98.39487,
109.7274,
141.3059,
388.4738,
210.608,
29.86492,
222.8373,
52.62473,
85.65662,
15.94383,
51.62092,
71.74744,
219.5876,
741.194,
47.42588,
858.2595,
275.1563,
145.1461,
64.84692,
16.47185,
329.7144,
132.8753,
0,
4620.786,
2061, 
25.36248,
167.7903,
72.82625,
48.20671,
98.76195,
110.5363,
141.8494,
400.3474,
216.6456,
30.1738,
224.7324,
52.44417,
86.0994,
15.98034,
51.79573,
71.75774,
219.0716,
744.4175,
47.67475,
829.3606,
275.261,
146.3295,
64.82993,
16.61364,
335.0182,
136.7554,
0,
4630.642,
2062, 
25.62834,
169.4597,
73.13503,
48.69189,
99.08055,
111.2912,
142.4008,
411.8795,
222.4543,
30.45743,
226.5069,
52.26218,
86.53757,
16.0091,
51.97367,
71.76117,
218.6575,
747.383,
47.69545,
802.4854,
275.4022,
147.4229,
65.14155,
16.75012,
340.1093,
140.4999,
0,
4641.077,
2063, 
25.88261,
171.0408,
73.43066,
49.14429,
99.35368,
111.9952,
142.9608,
423.1043,
228.0563,
30.71739,
228.168,
52.07883,
86.97189,
16.03058,
52.15465,
71.75809,
218.3404,
750.1065,
47.51299,
777.4979,
275.5784,
148.4313,
65.42081,
16.8817,
345.0042,
144.1218,
0,
4651.744,
2064, 
26.12602,
172.5387,
73.71394,
49.56593,
99.58435,
112.6512,
143.5299,
434.0512,
233.4713,
30.95519,
229.7225,
51.89423,
87.40298,
16.04521,
52.33854,
71.74881,
218.1151,
752.6038,
47.3381,
754.2642,
275.7878,
149.3598,
65.67001,
17.00864,
349.7182,
147.6327,
0,
4662.838,
2065, 
26.35972,
173.9582,
73.98574,
49.9588,
99.77541,
113.2624,
144.1082,
444.7461,
238.7166,
31.17236,
231.1794,
51.70858,
87.83454,
16.05343,
52.5252,
71.73368,
217.9765,
754.8902,
47.17146,
732.6533,
276.032,
150.2136,
65.89297,
17.131,
354.2664,
151.0427,
0,
4674.349,
2066, 
26.58838,
175.2886,
74.20753,
50.30154,
99.86946,
113.7702,
144.5826,
456.0634,
244.1671,
31.35144,
232.5705,
51.51613,
88.28081,
16.05729,
52.69088,
71.70444,
217.682,
756.3945,
47.0578,
712.6284,
276.2145,
150.9051,
66.09774,
17.24069,
358.5696,
154.581,
0,
4686.382,
2067, 
26.8075,
176.5502,
74.4185,
50.61792,
99.92793,
114.2369,
145.063,
467.0566,
249.4091,
31.51167,
233.8722,
51.32233,
88.72012,
16.05556,
52.85812,
71.66961,
217.4644,
757.7063,
46.97741,
693.9791,
276.4185,
151.5311,
66.27596,
17.34622,
362.6997,
157.9935,
0,
4698.489,
2068, 
27.01784,
177.7478,
74.61935,
50.90987,
99.95338,
114.6655,
145.5492,
477.7592,
254.4633,
31.65445,
235.091,
51.12731,
89.15358,
16.04862,
53.02679,
71.62952,
217.3182,
758.8391,
46.93443,
676.5915,
276.6425,
152.0962,
66.42994,
17.44791,
366.6714,
161.2928,
0,
4710.681,
2069, 
27.2201,
178.8859,
74.81077,
51.1792,
99.94833,
115.0585,
146.0412,
488.2001,
259.3481,
31.7811,
236.2335,
50.93111,
89.58203,
16.03683,
53.19673,
71.58443,
217.2382,
759.7795,
46.93249,
660.3587,
276.8855,
152.6049,
66.5618,
17.54587,
370.498,
164.49,
0,
4722.933,
2070, 
27.41492,
179.969,
74.99338,
51.42757,
99.91502,
115.4187,
146.5387,
498.4047,
264.0793,
31.89287,
237.3057,
50.73383,
90.00616,
16.02054,
53.3678,
71.53462,
217.2195,
760.5724,
46.97229,
645.1802,
277.1458,
153.0617,
66.67349,
17.6402,
374.1916,
167.5949,
0,
4735.275,
2071, 
27.59868,
180.9526,
75.12684,
51.63192,
99.80038,
115.6813,
146.9644,
508.994,
268.8651,
31.97383,
238.34,
50.53782,
90.42532,
16.00256,
53.51834,
71.47893,
217.0563,
760.5991,
47.06264,
631.1423,
277.3027,
153.3877,
66.77563,
17.72239,
377.5967,
170.756,
0,
4747.293,
2072, 
27.77459,
181.8889,
75.25198,
51.81744,
99.66078,
115.9145,
147.3927,
519.2874,
273.4649,
32.04189,
239.3079,
50.34027,
90.82971,
15.98075,
53.66919,
71.41894,
216.9448,
760.4935,
47.17192,
617.9764,
277.4612,
153.6686,
66.85507,
17.80129,
380.8632,
173.8047,
0,
4759.083,
2073, 
27.9433,
182.7816,
75.36938,
51.98558,
99.49811,
116.1205,
147.8234,
529.3157,
277.8973,
32.09827,
240.2146,
50.1413,
91.22077,
15.95537,
53.82023,
71.35489,
216.8807,
760.2624,
47.30309,
605.6029,
277.621,
153.9081,
66.91383,
17.87716,
384.0031,
176.7524,
0,
4770.665,
2074, 
28.10541,
183.6341,
75.47956,
52.13772,
99.31421,
116.3013,
148.2563,
539.1055,
282.1786,
32.14421,
241.0653,
49.94098,
91.61404,
15.9267,
53.97137,
71.28699,
216.8598,
759.9112,
47.43779,
593.9482,
277.7817,
154.1095,
66.95502,
17.95028,
387.0274,
179.6092,
0,
4782.052,
2075, 
28.26141,
184.4497,
75.58301,
52.27514,
99.11067,
116.4589,
148.6913,
548.6798,
286.3229,
32.18074,
241.8643,
49.73937,
92.04687,
15.89497,
54.12255,
71.21544,
216.8785,
759.4474,
47.35409,
582.9444,
277.9422,
154.2761,
66.99701,
18.02094,
389.9456,
182.3839,
0,
4793.087,
2076, 
28.40051,
185.1346,
75.64312,
52.37176,
98.83752,
116.5259,
149.0633,
558.3793,
290.4102,
32.19185,
242.6097,
49.54892,
92.50713,
15.86374,
54.2516,
71.14191,
216.7751,
758.3183,
47.28452,
572.5901,
277.9931,
154.3193,
67.06251,
18.07907,
392.5247,
185.1139,
0,
4802.942,
2077, 
28.53395,
185.7881,
75.69723,
52.4553,
98.54737,
116.5723,
149.4352,
567.8151,
294.3396,
32.19501,
243.3096,
49.35719,
93.01084,
15.82991,
54.38002,
71.06506,
216.7043,
757.0904,
47.1828,
562.7688,
278.0391,
154.3335,
67.11597,
18.13521,
394.9978,
187.7465,
0,
4812.446,
2078, 
28.66227,
186.4127,
75.74638,
52.5268,
98.24151,
116.5999,
149.807,
577.014,
298.1263,
32.19085,
243.9681,
49.1643,
93.56075,
15.79366,
54.50775,
70.98502,
216.6632,
755.7754,
47.0333,
553.4288,
278.0804,
154.3213,
67.15761,
18.18961,
397.3743,
190.2914,
0,
4821.623,
2079, 
28.78945,
187.0111,
75.79388,
52.58721,
97.92115,
116.6099,
150.1786,
585.9996,
301.7839,
32.18022,
244.6055,
48.97178,
94.18427,
15.75516,
54.63477,
70.90197,
216.6509,
754.3829,
46.84736,
544.5228,
278.1473,
154.2859,
67.19881,
18.24253,
399.6691,
192.7572,
0,
4830.613,
2080, 
28.9128,
187.5853,
75.83909,
52.63742,
97.58739,
116.6038,
150.5498,
594.7922,
305.3242,
32.16317,
245.2106,
48.77842,
94.86402,
15.71458,
54.76102,
70.81604,
216.6631,
752.8959,
46.61684,
536.0081,
278.2134,
154.2289,
67.22337,
18.29421,
401.8836,
195.1515,
0,
4839.319,
2081, 
29.01582,
188.0186,
75.85162,
52.65374,
97.21721,
116.5256,
150.8533,
603.5029,
308.749,
32.13194,
245.7314,
48.60252,
95.58546,
15.67588,
54.8675,
70.73325,
216.5811,
750.9304,
46.37292,
527.934,
278.1587,
154.0754,
67.25271,
18.33201,
403.7911,
197.4273,
0,
4846.571,
2082, 
29.11482,
188.4314,
75.86246,
52.66099,
96.83551,
116.4332,
151.155,
611.9809,
312.0425,
32.09447,
246.2215,
48.42558,
96.35138,
15.63537,
54.97264,
70.64771,
216.5184,
748.8951,
46.16163,
520.1771,
278.0959,
153.9026,
67.25082,
18.36881,
405.6187,
199.6197,
0,
4853.474,
2083, 
29.21018,
188.8256,
75.87171,
52.65992,
96.44312,
116.3277,
151.455,
620.2493,
315.2173,
32.05125,
246.6836,
48.24769,
97.15115,
15.59316,
55.07648,
70.55954,
216.4731,
746.7944,
46.07185,
512.7053,
278.0254,
153.6865,
67.2312,
18.4047,
407.3731,
201.7368,
0,
4860.125,
2084, 
29.30224,
189.2028,
75.87947,
52.65118,
96.04088,
116.21,
151.7531,
628.3285,
318.284,
32.00221,
247.1201,
48.0689,
97.9805,
15.54938,
55.17904,
70.46886,
216.4434,
744.6324,
46.16528,
505.4898,
277.9475,
153.453,
67.19692,
18.43974,
409.0602,
203.7858,
0,
4866.635,
2085, 
29.39077,
189.5644,
75.88559,
52.63534,
95.62946,
116.0809,
152.0495,
636.2359,
321.2523,
31.94104,
247.5311,
47.88909,
98.82491,
15.50412,
55.2803,
70.37581,
216.4274,
742.4125,
46.4926,
498.5042,
277.8583,
153.2032,
67.14999,
18.474,
410.6845,
205.7729,
0,
4873.05,
2086, 
29.4573,
189.8035,
75.86391,
52.59307,
95.20124,
115.8965,
152.2833,
643.8876,
324.0797,
31.8682,
247.8356,
47.72784,
99.65425,
15.46142,
55.36383,
70.28491,
216.3382,
739.9016,
46.56998,
492.0057,
277.6602,
152.8641,
67.10393,
18.49443,
412.067,
207.6139,
0,
4877.881,
2087, 
29.52011,
190.0294,
75.84061,
52.54449,
94.76514,
115.7021,
152.5143,
651.3348,
326.7992,
31.79093,
248.1152,
47.56538,
100.4727,
15.4174,
55.44561,
70.19162,
216.2591,
737.3407,
46.48087,
485.6913,
277.4455,
152.5111,
67.04255,
18.51418,
413.3873,
209.3842,
0,
4882.106,
2088, 
29.57972,
190.2435,
75.8159,
52.49004,
94.32174,
115.4984,
152.7426,
658.5973,
329.4203,
31.70962,
248.3729,
47.40189,
101.2869,
15.37214,
55.52571,
70.09602,
216.1892,
734.7327,
46.38679,
479.5421,
277.2164,
152.1452,
66.9693,
18.53331,
414.6505,
211.0906,
0,
4885.931,
2089, 
29.63636,
190.4465,
75.78993,
52.4302,
93.87151,
115.2861,
152.9681,
665.6922,
331.9517,
31.62456,
248.6103,
47.2374,
102.0866,
15.32573,
55.6042,
69.99825,
216.1273,
732.0805,
46.28803,
473.5409,
276.9737,
151.7673,
66.88647,
18.55188,
415.8609,
212.7389,
0,
4889.375,
2090, 
29.69012,
190.6397,
75.76281,
52.36535,
93.41493,
115.0657,
153.1911,
672.6349,
334.4011,
31.53604,
248.8286,
47.07193,
102.8664,
15.27824,
55.68109,
69.89837,
216.0723,
729.3863,
46.18443,
467.6719,
276.7168,
151.3785,
66.79649,
18.56991,
417.0224,
214.3342,
0,
4892.459,
2091, 
29.72696,
190.7469,
75.71774,
52.28204,
92.96076,
114.8054,
153.3263,
679.1556,
336.673,
31.43704,
248.9517,
46.92286,
103.3784,
15.23142,
55.74158,
69.79147,
215.9413,
726.4927,
46.07641,
462.2732,
276.39,
150.9128,
66.71023,
18.57665,
417.9772,
215.7963,
0,
4893.996,
2092, 
29.76296,
190.8457,
75.67262,
52.19425,
92.50113,
114.5379,
153.4582,
685.4974,
338.8556,
31.33513,
249.0663,
46.77359,
103.5708,
15.18361,
55.8002,
69.68246,
215.8163,
723.5595,
45.96907,
456.9798,
276.0638,
150.4382,
66.63153,
18.58293,
418.8879,
217.2,
0,
4894.867,
2093, 
29.79664,
190.937,
75.6271,
52.10227,
92.03642,
114.2638,
153.5869,
691.677,
340.9565,
31.23038,
249.1657,
46.62347,
103.7509,
15.13488,
55.85698,
69.5714,
215.6956,
720.5892,
45.85756,
451.7807,
275.7244,
149.9549,
66.55579,
18.58879,
419.7546,
218.5508,
0,
4895.37,
2094, 
29.82818,
191.0212,
75.57227,
52.0064,
91.56696,
113.9835,
153.7124,
697.7089,
342.9825,
31.12301,
249.2512,
46.47255,
103.9196,
15.08526,
55.91204,
69.4584,
215.5784,
717.5826,
45.7422,
446.6659,
275.3727,
149.4634,
66.48316,
18.59425,
420.5805,
219.8531,
0,
4895.521,
2095, 
29.85777,
191.099,
75.4939,
51.90693,
91.09303,
113.6973,
153.8349,
703.6061,
344.9396,
31.01318,
249.3239,
46.32088,
104.0778,
15.03482,
55.96541,
69.34353,
215.4643,
714.5499,
45.62323,
441.6263,
275.0093,
148.9645,
66.41389,
18.59936,
421.3685,
221.1112,
0,
4895.338,
2096, 
29.87195,
191.1086,
75.39042,
51.79784,
90.63291,
113.3874,
153.8598,
708.9823,
346.7067,
30.89439,
249.288,
46.17524,
104.1918,
14.98101,
55.9944,
69.20292,
215.2576,
711.4263,
45.50289,
436.8467,
274.5768,
148.4076,
66.32999,
18.59596,
421.994,
222.2358,
0,
4893.639,
2097, 
29.88417,
191.1127,
75.2851,
51.6855,
90.16896,
113.0722,
153.8813,
714.2034,
348.3996,
30.77341,
249.2398,
46.02881,
104.2943,
14.92644,
56.02151,
69.06045,
215.0526,
708.277,
45.37848,
432.1274,
274.131,
147.8443,
66.24261,
18.59224,
422.5823,
223.3128,
0,
4891.579,
2098, 
29.89458,
191.112,
75.17807,
51.57011,
89.70141,
112.7523,
153.8995,
719.2834,
350.0243,
30.65039,
249.1805,
45.88165,
104.386,
14.87115,
56.04683,
68.91621,
214.8488,
705.1027,
45.25032,
427.4617,
273.6728,
147.275,
66.1535,
18.58823,
423.1359,
224.3465,
0,
4889.184,
2099, 
29.90397,
191.1068,
75.06966,
51.45186,
89.23045,
112.4277,
153.9145,
724.2347,
351.5864,
30.52554,
249.114,
45.73407,
104.4733,
14.81516,
56.07041,
68.77026,
214.6463,
701.9029,
45.12062,
422.8437,
273.2081,
146.7002,
66.0639,
18.58395,
423.6584,
225.3405,
0,
4886.497,
2100, 
29.91157,
191.0975,
74.95962,
51.33094,
88.75629,
112.0988,
153.9265,
729.0674,
353.0905,
30.39889,
249.0368,
45.58571,
104.5492,
14.75853,
56.09235,
68.62269,
214.4443,
698.6781,
44.98687,
418.2682,
272.7301,
146.1202,
65.97084,
18.57942,
424.1504,
226.2979,
0,
4883.51];
