real main.em.ep.isp.StorCapTot[28](t) = [1971, 
565.3951,
2971.177,
36.59446,
18.78491,
56.40872,
70.02373,
51.0629,
35.66208,
10.54651,
188.871,
3517.749,
687.3421,
37.0469,
554.5444,
110.129,
1602.093,
123.6846,
163.0802,
43.73034,
188.3745,
28.22136,
2.395723,
680.6717,
110.138,
12.19796,
21.96154,
0,
11887.89,
1972, 
645.0688,
2972.251,
41.50166,
20.93335,
61.65432,
74.44071,
51.74794,
38.52648,
11.36498,
205.0731,
3674.055,
750.1613,
42.81575,
588.204,
113.1394,
1694.571,
139.7652,
170.4212,
47.06676,
206.8299,
32.03099,
2.769474,
727.324,
108.7564,
12.24841,
31.47324,
0,
12464.2,
1973, 
714.8793,
3245.513,
45.12904,
23.28802,
71.45206,
83.26349,
53.03821,
42.90488,
11.52977,
218.1331,
3939.446,
782.0964,
43.30835,
621.4759,
121.2569,
1793.058,
167.1888,
176.5149,
53.2648,
226.2013,
37.82164,
3.402417,
787.5419,
123.9528,
14.23783,
40.05232,
0,
13439.95,
1974, 
739.617,
3270.951,
57.15521,
24.33031,
79.61558,
91.07374,
56.71687,
43.03696,
11.14541,
233.6268,
4032.854,
831.0829,
49.11044,
657.2949,
130.0857,
1902.559,
187.3344,
185.1357,
58.54875,
234.188,
40.2456,
4.525674,
777.5819,
133.089,
16.01767,
50.52871,
0,
13897.45,
1975, 
720.2589,
3368.073,
60.57813,
24.18282,
85.77982,
95.43021,
64.4827,
48.2693,
11.62118,
251.1357,
4018.075,
869.3321,
58.93646,
594.8967,
115.7397,
1762.141,
217.4598,
205.5515,
65.4682,
277.4308,
41.93651,
5.138043,
794.8664,
138.1078,
17.97915,
53.18409,
0,
13966.05,
1976, 
770.7585,
3597.496,
64.31172,
27.33724,
98.87386,
102.9806,
73.92673,
50.18605,
13.48294,
263.2117,
4319.737,
923.6973,
66.99989,
621.9884,
122.5412,
1876.704,
256.201,
231.0237,
71.5622,
308.1051,
47.25456,
4.771325,
850.1547,
144.0277,
18.92257,
57.06338,
0,
14983.32,
1977, 
826.8419,
3718.35,
69.53701,
29.61992,
109.0772,
112.7576,
84.54616,
54.89835,
14.17457,
263.3046,
4415.533,
962.5632,
75.08624,
638.9871,
126.6182,
1939.022,
324.3994,
246.0635,
78.31963,
336.4687,
52.46445,
5.963777,
885.7704,
151.5514,
20.37514,
62.08248,
0,
15604.38,
1978, 
887.1095,
3820.333,
76.83775,
31.27173,
120.7774,
118.3019,
95.17813,
53.05415,
14.90031,
274.8502,
4579.079,
1012.027,
80.07489,
659.3105,
130.9119,
2028.404,
366.1562,
270.5943,
86.85789,
383.7948,
54.30834,
8.353292,
926.9186,
156.1586,
22.89318,
60.27376,
0,
16318.73,
1979, 
929.9561,
3896.712,
82.37904,
32.64642,
135.358,
131.8992,
106.4358,
61.22648,
15.30302,
288.976,
4774.364,
1019.171,
81.69547,
675.0175,
179.9742,
2074.964,
423.5017,
274.5066,
94.15851,
419.597,
59.07878,
10.06762,
976.8931,
163.4906,
25.64357,
64.93901,
0,
16997.96,
1980, 
956.4402,
3946.016,
86.42722,
32.94046,
155.4016,
141.1133,
119.0098,
68.52973,
15.48823,
313.172,
4806.871,
1064.865,
84.12477,
706.5472,
196.9572,
2234.769,
469.0094,
286.5503,
98.315,
409.9122,
63.06999,
12.67362,
964.7715,
171.4248,
26.90315,
59.81721,
0,
17491.12,
1981, 
1005.637,
3978.002,
94.37601,
34.07541,
149.492,
146.69,
135.1373,
67.0408,
16.38091,
357.5352,
4854.483,
1072.632,
88.14577,
724.8632,
202.0441,
2363.665,
556.1653,
314.4442,
105.4366,
414.0789,
67.10028,
12.48822,
974.1905,
182.5041,
28.78546,
56.7425,
0,
18002.14,
1982, 
987.376,
3880.227,
98.61839,
35.28508,
156.7401,
148.8005,
147.991,
74.62556,
17.73838,
375.8822,
4845.106,
1087.203,
96.12112,
740.2025,
209.2758,
2456.043,
659.3551,
335.5448,
111.1757,
441.7137,
71.90475,
15.20368,
963.9808,
185.5105,
30.88327,
56.67995,
0,
18229.19,
1983, 
1031.83,
3968.32,
97.85429,
37.5138,
162.2103,
155.9186,
163.2696,
69.42336,
18.88283,
382.619,
4959.603,
1135.895,
100.4429,
761.1735,
215.9352,
2584.444,
675.0315,
359.1056,
121.1525,
477.7701,
78.5919,
17.83733,
1017.419,
190.078,
34.33382,
55.48276,
0,
18872.14,
1984, 
1112.393,
4149.27,
106.0196,
38.59479,
181.4973,
160.5045,
180.2275,
64.49086,
18.9106,
423.2296,
5139.854,
1186.7,
113.4429,
791.0198,
225.1805,
2748.781,
727.5205,
397.1652,
130.4102,
501.5547,
84.75967,
20.98384,
1070.48,
203.0791,
38.73755,
54.68986,
0,
19869.5,
1985, 
1179.844,
4229.867,
92.49298,
38.04953,
196.5876,
163.4583,
193.5775,
78.16956,
20.26884,
437.8281,
5329.465,
1188.373,
123.879,
811.0883,
232.8396,
2853.367,
780.383,
435.9338,
140.4291,
536.3925,
89.5683,
21.78811,
1111.734,
217.9633,
41.83034,
56.73882,
0,
20601.92,
1986, 
1207.466,
4229.596,
104.1319,
40.66994,
207.8828,
185.0568,
191.1551,
81.832,
21.51592,
449.9014,
5414.228,
1243.174,
142.0448,
829.8746,
236.665,
2981.992,
850.5416,
476.1943,
151.5424,
589.0726,
92.69865,
30.70433,
1127.34,
225.1551,
46.27349,
58.02217,
0,
21214.73,
1987, 
1287.349,
4307.618,
112.7816,
43.03091,
210.6767,
199.0565,
204.4473,
85.30701,
23.22885,
460.7013,
5591.132,
1267.558,
159.0036,
861.4124,
238.3871,
3101.597,
869.8831,
516.6118,
168.4136,
650.562,
99.93705,
35.58554,
1201.88,
237.4182,
51.22211,
56.5811,
0,
22041.38,
1988, 
1317.601,
4485.579,
114.9625,
43.28976,
218.6537,
224.9429,
222.852,
89.60383,
24.72737,
478.1117,
5834.878,
1260.161,
166.8399,
888.7118,
242.7628,
3178.833,
1000.788,
568.7579,
190.5082,
711.4704,
109.4265,
37.5863,
1269.82,
248.0658,
58.79736,
62.58776,
0,
23050.32,
1989, 
1289.861,
4893.242,
122.4743,
46.22724,
232.5839,
214.7705,
233.31,
93.53584,
26.15741,
488.7106,
6019.259,
1276.096,
179.9109,
905.0895,
244.2434,
3414.739,
1020.843,
621.5173,
207.7759,
764.8553,
120.0925,
41.58054,
1349.992,
266.1709,
61.33345,
60.03858,
0,
24194.41,
1990, 
1248.924,
4996.506,
126.6274,
46.67553,
222.7928,
231.7821,
241.5106,
95.24791,
30.09782,
496.6506,
6149.772,
1207.735,
198.7259,
976.1937,
302.8517,
3335.865,
1092.569,
668.2399,
223.1393,
812.6365,
132.167,
49.39317,
1474.732,
272.8996,
66.75584,
66.81084,
0,
24767.3,
1991, 
1322.582,
5039.184,
130.3355,
45.41085,
236.9379,
218.2404,
254.7658,
97.35524,
32.05389,
497.4062,
6288.577,
1153.283,
202.6131,
900.0445,
259.4619,
3111.433,
1209.783,
727.5859,
235.325,
971.829,
142.6067,
55.89296,
1523.495,
280.5988,
71.6043,
73.628,
0,
25082.03,
1992, 
1353.476,
5126.514,
133.497,
47.92377,
243.2906,
225.7777,
269.3234,
101.0518,
33.28606,
509.8361,
6332.977,
1069.544,
228.5496,
767.144,
240.8649,
2692.239,
1286.647,
760.2308,
250.2564,
1072.993,
154.5309,
61.07423,
1541.728,
286.2254,
78.65118,
63.69817,
0,
24931.33,
1993, 
1400.563,
5249.732,
134.8793,
48.92026,
253.0638,
238.4762,
291.421,
101.4239,
34.52843,
531.0596,
6345.839,
1065.201,
250.8143,
696.7233,
202.9228,
2721.989,
1325.594,
802.9638,
277.3289,
1107.46,
170.4294,
68.27345,
1559.137,
295.506,
82.0778,
65.12194,
0,
25321.45,
1994, 
1477.74,
5384.999,
145.1352,
52.48501,
260.1834,
253.2607,
311.2784,
101.4193,
35.25409,
549.542,
6480.966,
1126.282,
263.9073,
635.267,
199.9055,
2400.906,
1409.661,
861.7289,
311.3705,
1201.617,
192.4346,
75.9252,
1631.346,
304.759,
86.29108,
63.12753,
0,
25816.79,
1995, 
1493.11,
5534.94,
147.785,
55.38862,
273.2066,
265.2966,
329.2269,
107.2398,
38.50718,
556.9459,
6651.439,
1130.002,
295.1002,
666.4468,
198.34,
2395.028,
1480.046,
934.5203,
347.3752,
1307.62,
213.3435,
88.07111,
1658.25,
313.3444,
91.7474,
64.5131,
0,
26636.83,
1996, 
1537.461,
5668.926,
140.9624,
58.28796,
286.8267,
277.6898,
372.0666,
111.7164,
40.29974,
581.11,
6757.826,
1244.123,
320.869,
668.4086,
191.5919,
2365.075,
1541.957,
986.032,
385.0982,
1373.183,
232.3757,
102.2019,
1706.593,
319.9767,
96.16562,
58.25506,
0,
27425.08,
1997, 
1560.221,
5803.345,
151.9166,
63.0705,
301.7221,
299.9626,
400.5761,
112.182,
43.42935,
602.0767,
6892.429,
1267.46,
349.7006,
662.3458,
188.0471,
2327.483,
1667.711,
1040.037,
421.1,
1455.89,
248.8274,
107.9072,
1745.369,
330.4793,
99.8303,
61.12854,
0,
28204.25,
1998, 
1541.172,
5943.403,
163.3201,
67.65081,
311.0652,
316.1455,
427.6874,
109.5607,
44.64969,
593.2291,
7045.756,
1285.531,
372.6195,
636.5688,
181.0233,
2355.934,
1881.151,
1113.407,
412.9665,
1525.477,
245.3184,
111.2113,
1748.839,
349.9771,
103.4804,
79.89678,
0,
28967.04,
1999, 
1573.015,
6057.186,
172.6971,
72.95953,
323.1096,
316.4294,
453.2455,
115.0246,
45.95658,
591.7195,
7126.292,
1259.177,
385.2353,
660.738,
177.9123,
2419.065,
1803.323,
1196.249,
459.5858,
1588.78,
262.3439,
129.8471,
1775.067,
368.8039,
103.3469,
86.475,
0,
29523.58,
2000, 
1619.697,
6344.291,
183.9537,
74.66227,
335.0011,
332.6061,
482.4213,
118.6216,
47.63646,
619.6397,
7152.521,
1339.021,
416.5361,
653.3544,
181.3992,
2538.873,
1817.156,
1262.988,
543.8885,
1794.982,
284.8001,
139.9342,
1849.39,
380.1482,
112.7044,
94.11053,
0,
30720.34,
2001, 
1579.719,
6031.206,
189.4091,
76.66704,
328.1642,
330.7289,
510.2729,
126.1315,
49.84262,
599.1782,
7135.165,
1460.054,
422.4892,
695.7208,
174.0278,
2652.346,
1899.68,
1310.984,
580.7737,
1977.972,
302.5647,
147.725,
1831.389,
404.1982,
126.4622,
106.0162,
0,
31048.89,
2002, 
1601.05,
6216.21,
192.1736,
79.94642,
348.0615,
326.7459,
534.3184,
133.9978,
49.98583,
648.272,
6969.877,
1395.731,
445.9738,
691.4359,
177.368,
2560.378,
1972.567,
1350.997,
620.5974,
2141.582,
320.7811,
156.4462,
1867.587,
404.8233,
133.3852,
112.9533,
0,
31453.25,
2003, 
1558.791,
6273.925,
235.2676,
81.74721,
362.1785,
343.3904,
561.4785,
132.2992,
52.97624,
678.5637,
6903.052,
1403.493,
481.6523,
715.9754,
188.6366,
2608.94,
2073.951,
1440.945,
647.3823,
2454.221,
346.7341,
163.4108,
1866.122,
387.6267,
141.6298,
108.1267,
0,
32212.51,
2004, 
1581.586,
6472.802,
234.6701,
82.24941,
387.3928,
366.3536,
594.9327,
146.1338,
57.44344,
701.1445,
6821.571,
1486.092,
514.1426,
748.0402,
195.4836,
2691.502,
2209.006,
1534.718,
682.556,
2814.304,
370.2732,
174.4283,
1920.669,
398.1951,
153.0503,
116.0427,
0,
33454.79,
2005, 
1543.358,
6485.036,
246.4169,
86.55426,
398.6035,
381.2256,
608.4113,
155.1086,
62.00078,
710.0569,
6720.834,
1459.978,
545.3374,
726.2683,
200.2108,
3037.676,
2217.365,
1633.148,
726.4254,
3182.857,
399.2417,
186.3076,
1965.863,
398.9936,
164.7539,
124.8803,
0,
34366.91,
2006, 
1485.209,
6463.274,
253.2986,
91.61446,
416.5829,
403.1402,
644.8983,
164.3274,
65.98615,
743.8075,
6568.492,
1481.368,
585.3354,
758.7625,
204.8183,
3049.432,
2345.201,
1768.021,
748.8411,
3651.775,
421.8054,
189.6847,
1991.24,
401.0588,
174.3476,
127.9804,
0,
35200.3,
2007, 
1573.768,
6502.154,
263.0916,
94.19965,
441.549,
413.2222,
714.046,
173.648,
71.88458,
761.9922,
6336.264,
1470.151,
632.9545,
770.4725,
213.2718,
3064.957,
2529.003,
1898.823,
790.6597,
4199.039,
446.9901,
193.6209,
2051.414,
418.7111,
180.294,
131.2576,
0,
36337.44,
2008, 
1562.947,
6384.727,
266.9301,
92.66202,
459.9495,
440.7023,
746.6286,
177.1564,
71.8033,
758.9349,
6237.907,
1467.459,
641.0939,
729.7098,
195.7382,
3118.576,
2638.016,
1827.205,
844.074,
4642.784,
458.112,
197.9269,
1982.143,
418.7217,
187.7509,
133.4353,
0,
36683.09,
2009, 
1492.39,
6045.008,
264.8589,
92.53746,
464.9567,
445.6431,
850.5972,
184.5089,
78.43336,
740.1929,
5746.888,
1411.765,
625.934,
629.9334,
187.6756,
2938.204,
2909.691,
1962.299,
881.7204,
5356.077,
481.1257,
202.3239,
1976.7,
402.6847,
195.7019,
144.9071,
0,
36712.76,
2010, 
1481.222,
6198.645,
280.9409,
96.72885,
516.4653,
441.0455,
922.3793,
198.7336,
89.29186,
771.4053,
6003.943,
1447.471,
676.376,
647.6618,
207.0995,
2950.156,
3046.44,
2116.348,
951.6044,
6456.727,
525.5093,
218.2254,
2076.254,
424.6773,
202.2233,
152.9949,
0,
39100.57,
2011, 
1542.536,
5995.045,
311.5377,
101.2479,
535.3832,
456.192,
953.186,
205.3536,
104.2321,
779.129,
6057.01,
1449.709,
737.6721,
658.8655,
200.3535,
3015.484,
3174.101,
2348.413,
991.4055,
7878.156,
553.0667,
232.5229,
2104.066,
424.6695,
215.447,
156.2239,
0,
41181.01,
2012, 
1500,
5971.355,
330.3058,
105.0472,
564.7504,
487.4852,
1015.099,
211.2207,
116.3557,
774.8246,
6247.069,
1379.506,
798.6833,
661.2039,
213.3696,
3021.991,
3386.411,
2475.237,
1032.809,
9029.835,
612.9449,
243.3817,
2215.165,
444.0981,
232.0977,
160.3334,
0,
43230.58,
2013, 
1409.216,
6037.742,
315.757,
110.4133,
588.5507,
523.9561,
1076.097,
236.7998,
127.4222,
801.2288,
5995.381,
1359.135,
813.5629,
641.7047,
256.1597,
3033.941,
3584.295,
2651.109,
1079.617,
10682.44,
676.435,
267.9693,
2609.913,
474.837,
262.2715,
168.6631,
0,
45784.62,
2014, 
1365.216,
6141.215,
333.3959,
114.7734,
625.7964,
527.735,
1145.586,
251.1702,
145.0345,
889.5321,
6023.522,
1324.885,
860.8146,
602.2682,
234.0102,
3058.502,
3884.448,
2973.917,
1139.892,
12521.9,
781.5029,
287.8329,
3149.283,
484.7819,
285.3293,
191.2885,
0,
49343.63,
2015, 
1274.226,
6365.407,
347.245,
125.4136,
629.0422,
566.5461,
1283.219,
275.4929,
164.1872,
933.5518,
5607.788,
1281.909,
918.0795,
551.8569,
243.0923,
3075.236,
4340.302,
3256.517,
1229.529,
14739.47,
872.8184,
306.3836,
3790.197,
522.5352,
305.7794,
201.0302,
0,
53206.86,
2016, 
1251.574,
6622.056,
368.4552,
128.7275,
663.5425,
574.06,
1404.035,
284.7198,
174.6331,
1035.739,
5836.576,
1299.578,
1036.186,
549.6064,
287.4826,
3078.874,
4783.353,
3654.81,
1321.888,
16879.12,
1040.509,
331.1926,
4327.507,
565.3259,
355.6442,
195.4336,
0,
58050.63,
2017, 
1289.842,
7077.775,
374.4357,
128.2212,
709.332,
574.8222,
1448.323,
301.5233,
185.577,
1132.265,
6028.562,
1300.061,
1305.621,
561.3277,
363.8872,
3135.961,
4878.351,
4116.484,
1447.87,
20094.45,
1134.019,
353.0933,
4835.521,
624.6139,
402.6216,
211.5187,
0,
64016.07,
2018, 
1250.143,
7531.365,
401.458,
135.5527,
740.4254,
583.9454,
1627.886,
331.4266,
221.009,
1266.692,
6398.786,
1472.705,
1820.261,
605.6222,
376.3805,
3125.749,
4867.264,
4718.147,
1606.207,
23550.56,
1237.816,
411.931,
5307.386,
761.3093,
438.9893,
235.2565,
0,
71024.27,
2019, 
1289.778,
7838.29,
399.6429,
140.8151,
791.7687,
554.202,
1769.316,
359.2982,
252.4483,
1301.248,
7146.557,
1390.904,
1947.226,
670.2047,
411.2515,
3166.187,
5511.548,
5118.226,
1826.678,
26583.26,
1583.531,
450.8109,
5740.975,
924.3907,
468.3828,
264.1612,
0,
77901.1,
2020, 
1266.646,
8123.261,
413.9666,
132.5251,
766.7391,
548.8086,
1825.463,
383.1367,
264.9096,
1349.372,
7756.188,
1477.384,
2102.146,
697.4646,
372.8519,
3061.93,
5928.354,
5237.749,
2062.935,
30851.81,
1929.23,
453.4697,
6217.333,
1111.117,
494.0463,
267.8839,
0,
85096.72,
2021, 
1286.08,
9220.465,
440.0713,
145.0636,
845.5304,
616.2877,
1933.281,
412.3448,
294.8287,
1424.724,
8084.276,
1657.258,
2362.382,
717.6393,
459.4185,
3203.394,
6338.188,
5794.989,
2411.588,
36245.53,
2575.417,
488.8349,
6729.423,
1361.316,
560.807,
292.6948,
0,
95901.83,
2022, 
1312.544,
10148.89,
473.6057,
154.7162,
893.2933,
616.1225,
1971.296,
491.6914,
333.1985,
1427.378,
8851.272,
1801.001,
2615.6,
600.157,
504.2851,
3172.944,
7294.358,
6717.854,
2581.36,
40258.43,
2729.106,
534.5331,
7050.292,
1587.231,
641.9476,
365.361,
0,
105128.5,
2023, 
1299.966,
11554.88,
496.203,
161.4981,
957.7868,
632.3875,
2119.878,
575.9537,
356.1331,
1441.634,
9749.399,
1991.784,
2853.865,
621.9747,
569.2999,
3219.443,
8108.418,
7413.217,
2788.545,
48753.37,
2911.342,
588.3378,
7292.314,
1816.368,
671.0391,
389.415,
0,
119334.5,
2024, 
1122.733,
13540.1,
508.5165,
168.755,
994.8304,
658.3489,
2293.63,
640.7589,
384.514,
1502.292,
10609.47,
2262.05,
3831.498,
565.3394,
628.8556,
3205.383,
8663.75,
8594.741,
3002.863,
57099.11,
3081.297,
632.7978,
7438.3,
2140.329,
728.4269,
422.1704,
0,
134720.9,
2025, 
1125.612,
15821.25,
514.8824,
216.1716,
1125.925,
694.9557,
2433.455,
715.7544,
514.1083,
1802.954,
11547.75,
2460.468,
4094.594,
592.2867,
679.9485,
3192.445,
14336.38,
10800.78,
3205.536,
60998.14,
3404.63,
1071.146,
8356.977,
2536.063,
906.2204,
465.3948,
0,
153613.8,
2026, 
1098.973,
17339.05,
554.8428,
225.9853,
1133.62,
719.8282,
2388.691,
797.8969,
633.3143,
1777.436,
12268.22,
2514.152,
4045.539,
638.6408,
977.4528,
3178.022,
19037.58,
12744.29,
3491.458,
71159.75,
3663.979,
1227.064,
9707.641,
2856.511,
1108.375,
481.5281,
0,
175769.8,
2027, 
1082.537,
18801.72,
592.691,
258.8486,
1144.405,
754.2623,
2355.797,
997.8431,
771.1456,
1700.492,
13094.36,
2675.519,
4083.934,
705.7128,
1385.948,
3158.586,
21201.69,
14926.37,
3496.362,
80504.08,
4117.93,
1768.984,
10603.19,
3269.684,
1398.848,
487.2662,
0,
195338.2,
2028, 
1116.586,
19979.16,
633.3441,
304.0472,
1155.671,
787.1315,
2302.274,
1300.779,
912.7702,
1639.568,
14116.01,
2926.711,
4127.325,
772.9318,
1889.36,
3129.551,
22209.89,
17629.02,
3340.153,
90598.19,
5094.555,
2598.366,
10822.81,
3707.769,
1867.402,
489.4402,
0,
215450.8,
2029, 
1196.255,
21200.77,
681.8679,
350.2786,
1176.897,
885.2993,
2253.148,
1664.651,
1037.014,
1601.338,
15018.26,
3456.159,
4291.912,
818.9291,
2377.844,
3106.473,
23292.21,
20636.05,
3280.393,
100606,
6210.461,
3520.415,
14514.98,
4293.324,
2324.745,
485.8085,
0,
240281.5,
2030, 
1309.818,
22519.75,
830.2036,
414.2823,
1190.532,
1005.297,
2161.276,
2042.876,
1103.174,
2150.507,
16206.05,
3882.41,
4450.21,
884.1699,
3116.088,
3093.17,
24064.3,
23734.23,
3255.986,
110205.1,
7320.296,
4310.04,
13074.14,
4947.654,
2740.279,
462.7845,
0,
260474.6,
2031, 
1451.708,
23331.5,
974.8138,
495.8268,
1212.748,
1150.858,
2157.381,
2277.32,
1108.423,
2059.05,
18991.25,
4634.928,
4466.899,
948.0696,
3970.892,
3056.646,
22956.38,
26812.72,
3280.445,
121016.2,
8393.203,
5233.661,
13390.86,
5526.749,
3142.034,
431.2981,
0,
282471.9,
2032, 
1636.802,
24660.34,
1098.642,
637.1595,
1266.164,
1345.195,
2255.131,
2378.531,
1061.878,
1952.197,
40210.93,
9886.106,
4492.374,
1013.216,
4721.974,
3035.037,
21906.85,
30315.2,
3425.728,
133218.4,
9569.937,
5872.061,
13961.1,
6157.524,
3519.912,
396.7771,
0,
329995.2,
2033, 
1832.458,
25617.52,
1177.014,
865.3436,
1344.269,
1577.405,
2527.37,
2427.892,
968.3763,
1832.475,
55698.02,
17625.31,
4560.156,
1060.956,
5308.248,
2974.703,
20762.57,
34648.66,
3630.972,
145846.9,
10582.68,
6657.653,
14588.41,
6807.677,
3901.105,
351.9791,
0,
375176.1,
2034, 
2047.823,
26783.31,
1222.448,
1091.381,
1432.97,
2029.946,
2913.773,
2431.265,
857.204,
1700.223,
77558.11,
32000.75,
4662.145,
1120.289,
5769.205,
2946.496,
19822.44,
40739.27,
3922.379,
163325.3,
11728.93,
7629.758,
15389.13,
7495.005,
4395.439,
293.398,
0,
441308.4,
2035, 
2192.069,
27795.36,
1257.038,
1314.769,
1547.869,
3186.044,
3344.077,
2401.685,
720.3991,
1555.457,
102636,
56272.89,
4780.869,
1172.725,
6276.212,
2920.604,
18958.74,
47400.32,
4284.208,
182288.8,
13082.31,
8885.301,
15997.1,
8255.648,
5228.019,
222.4487,
0,
523977,
2036, 
2338.528,
31850.99,
1279.407,
1537.54,
1727.939,
5190.491,
4008.883,
2741.872,
724.2853,
1603.422,
121948,
64795,
5539.401,
1223.531,
6950.505,
2901.745,
20337.85,
53904.46,
4922.294,
201084.7,
14658.98,
10063.35,
16548.12,
9038.483,
6278.153,
249.8302,
0,
593447.8,
2037, 
2551.325,
41984.87,
1313.874,
1812.957,
1968.47,
7741.802,
4666.756,
3105.104,
731.6403,
1676.254,
133205.5,
69026.84,
6313.31,
1283.039,
7622.02,
2889.709,
21857.28,
61417.91,
5326.06,
219959.7,
16431.64,
11438.96,
17115.37,
9774.484,
7583.184,
285.4057,
0,
659083.4,
2038, 
2830.604,
53673.02,
1396.874,
2169.752,
2020.237,
10678.02,
5258.616,
3477.743,
739.8504,
1754.374,
139382,
69710.09,
7028.101,
1368.276,
8775.172,
2881.875,
24365.35,
69173.69,
5391.18,
255733.5,
18400.29,
12618.79,
17668.54,
10429.15,
9089.148,
342.6315,
0,
736356.9,
2039, 
3154.111,
70843.9,
1542.764,
2528.854,
2021.991,
15619.01,
5787.116,
3869.078,
750.7237,
1832.096,
148334.9,
69889.28,
7683.058,
1486.852,
10261.39,
2881.255,
30194.01,
89813.06,
5464.203,
309106.3,
20555.43,
14461.32,
18081.55,
11079.42,
10727.55,
410.8119,
0,
858380,
2040, 
3844.54,
92324.41,
1707.52,
2934.38,
2031.908,
21093.14,
6249.446,
4276.974,
771.3098,
1913.268,
151304,
69691.59,
8229.4,
1618.469,
11968.7,
2898.709,
37005.42,
123319.9,
5484.274,
349881.3,
23163.85,
16530.97,
18425.77,
11656.13,
12540.48,
491.637,
0,
981357.5,
2041, 
4663.172,
109739.6,
1926.662,
3412.526,
2049.594,
24678.57,
6713.013,
4736.707,
801.2603,
2064.859,
152756.4,
69568.45,
8894.034,
1744.324,
16378.95,
2954.276,
43346.64,
159740,
5556.237,
401932.8,
26057.89,
18531.28,
18622.18,
12268.73,
14493.34,
586.1591,
0,
1114218,
2042, 
5623.626,
120769.2,
2676.881,
4766.257,
2111.695,
28298,
7182.926,
5246.093,
838.9973,
2345.691,
153400.4,
69367.73,
9699.015,
1840.028,
21067.19,
3037.268,
50945.79,
193960.8,
5693.543,
454025.5,
29053.68,
21513.83,
18718.46,
12768.36,
16450.09,
714.1301,
0,
1242115,
2043, 
8138.104,
136899.8,
3567.062,
6283.021,
2180.877,
34007.58,
7623.655,
5795.074,
882.2189,
2615.088,
151306.5,
67976.94,
10572.07,
1932.894,
25738.33,
3136.491,
60253.25,
226603,
5760.241,
508489.8,
32048.92,
24780.06,
18684.92,
13160.12,
18950.81,
896.6085,
0,
1378283,
2044, 
11058.95,
155100,
4588.374,
8001.582,
2257.767,
40173.68,
8126.489,
6397.733,
934.207,
2988.043,
148203.7,
66743.45,
11072.12,
2023.103,
30147.67,
3234.056,
70681.85,
265757.4,
5800.771,
563938.3,
35081.88,
28664.25,
18615.17,
13474.33,
21834.94,
1153.787,
0,
1526054,
2045, 
14042.72,
171613.7,
6256.113,
9954.611,
2386.93,
47193.8,
9774.732,
7385.757,
988.2583,
3421.243,
144836.6,
66069.12,
12676.02,
2123.305,
34017.75,
3383.309,
88111.79,
306246.8,
5921.537,
648464,
38100.16,
30897.25,
18307.08,
13799.17,
25070.96,
1485.549,
0,
1712528,
2046, 
17291.53,
190031.9,
12014.26,
12072.6,
2545.216,
55580.79,
12263.63,
8328.242,
1037.772,
3812.9,
139793,
65784.29,
14448.53,
2228.895,
37008.68,
3642.007,
98308.08,
345313.5,
6028.947,
733746.4,
41142.89,
33420.96,
17557.55,
13896.43,
28274.11,
1855.242,
0,
1897428,
2047, 
20860.27,
211765.9,
19602.33,
14003.28,
2739.771,
63904.4,
15197.6,
9246.101,
1410.188,
4360.257,
137265.9,
65454.73,
16724.13,
2333.479,
39597.71,
3985.337,
113085.8,
389478.8,
6139.762,
811365.8,
45268.16,
34678.58,
16582.88,
13952.72,
32142.83,
2122.687,
0,
2093269,
2048, 
25953.03,
231336.1,
28095.7,
16126.57,
3020.687,
74684.8,
18446.68,
10205.33,
2154.861,
5078.82,
135990,
65268.14,
19820.29,
2439.784,
42175.92,
4365.603,
124033.4,
429351,
6154.484,
879325.8,
55053.34,
36555.57,
15744.32,
14208.09,
36057.81,
2387.274,
0,
2284033,
2049, 
31859.82,
254623.1,
33038.3,
18660.18,
3355.568,
82322.65,
21747.14,
11340.79,
3573.645,
5897.829,
134869.9,
64510.27,
23134.71,
2549.359,
44503.95,
4770.27,
131432.7,
458056.1,
6106.836,
938995.9,
63673.58,
37932.69,
15200.18,
14503.47,
39839.02,
2665.574,
0,
2449164,
2050, 
36826.51,
288312.1,
38407.76,
21640.05,
3729.164,
89508.21,
25006.63,
12626.9,
4126.562,
6694.305,
134751,
63973.39,
26450.64,
2828.916,
47358.34,
5162.405,
134920,
479560,
5975.434,
983750.4,
70131.75,
39815.28,
15134.02,
14869,
43939.35,
2969.211,
0,
2598467,
2051, 
40259.79,
324323.3,
43092.32,
24700.32,
4137.485,
97764.35,
28055.06,
13959.11,
4507.62,
7694.464,
135535.6,
63465.65,
31606.19,
3404.34,
48809.42,
5510.231,
139535.4,
491755.6,
6120.313,
1033692,
75528.56,
41226.94,
15489.05,
15300.05,
49121.74,
3281.693,
0,
2747877,
2052, 
44343.11,
354189.7,
48561.49,
27816.89,
4510.468,
104927.6,
31291.22,
15572.38,
4852.901,
9273.256,
135922.2,
63000.74,
36157.14,
4199.392,
49846.96,
5871.838,
144792.6,
492029.9,
6064.783,
1083556,
78816.73,
42942.8,
16062.8,
15747.74,
55558.03,
3604.081,
0,
2879513,
2053, 
46429.88,
389031.3,
54657.2,
29662.08,
4843.263,
112199.8,
34479.28,
17682.14,
6060.099,
11998.51,
134981.7,
62328.94,
40389.51,
5210.989,
50906.39,
6373.193,
154747,
486505.5,
6069.561,
1125307,
78773.92,
44754.11,
16959.08,
16370,
63662.16,
3919.307,
0,
3004302,
2054, 
47510.41,
414415,
61843.68,
31558.45,
5152.323,
116484.6,
39876.56,
19885.37,
7094.299,
14941.24,
133460.7,
61785.8,
42447.54,
6306.399,
51991.61,
7169.1,
163136.5,
478031.4,
6064.068,
1164212,
79775.41,
45857.7,
17989.59,
17177.64,
75132.21,
4363.208,
0,
3113663,
2055, 
48142.13,
430796.3,
69082.2,
34337.71,
5613.03,
120309,
44991.42,
22183.25,
7868.621,
18030.9,
133009,
60621.63,
44514.89,
7553.551,
53071.59,
8099.121,
173487.7,
468385.5,
6062.3,
1193241,
82719.77,
45846.31,
18956.13,
18381.15,
84849.39,
4873.977,
0,
3205028,
2056, 
48502.46,
436602.7,
74894.5,
35916.21,
6131.482,
123980.1,
57518.03,
24513,
8692.798,
21379,
133288.4,
59108.07,
46156.02,
9270.485,
54240.97,
8853.975,
193914.1,
458895.5,
6240.308,
1194682,
85369.54,
46704.18,
19917.17,
20511.01,
91302.16,
5474.817,
0,
3272059,
2057, 
48590.14,
446674.9,
76339.51,
37035.68,
6779.202,
127618.7,
72511.93,
26996.33,
9320.232,
24924.27,
135660.5,
57809.05,
46782.28,
11172.64,
56388.21,
9300.912,
211536,
452935.3,
6396.956,
1195261,
88068.33,
46985.68,
20717.94,
22342.99,
103741.8,
6217.586,
0,
3348108,
2058, 
49201.84,
455775.5,
77827.85,
38220.99,
7603.213,
131063.1,
88565.66,
29743.69,
10792.57,
28610.35,
142557.1,
57440.36,
46762.48,
13193.53,
59338.93,
9703.782,
224215,
448719.1,
6357.657,
1195107,
89134.27,
48048.36,
20879.94,
23851.28,
119663.6,
7112.734,
0,
3429490,
2059, 
49718.61,
462723.8,
79380.83,
39380.02,
8618.615,
134363.8,
99833.13,
33145.07,
13734.84,
32647.07,
152160,
57741.13,
47871.7,
15099.71,
61772.63,
10071.27,
248780,
445386.3,
6455.872,
1194164,
88050.45,
49914.9,
20361.99,
25090.25,
133468,
8194.501,
0,
3518129,
2060, 
50429.74,
467724.8,
80951.22,
39543.69,
9710.692,
137646.6,
108343.9,
36714.33,
18863.45,
37779.32,
161785.2,
58651.12,
49630.05,
17155.08,
64433.98,
10482.86,
257078.8,
445886.8,
6684.081,
1192957,
85472.77,
52279.77,
21377.94,
26478.36,
152139.7,
9373.675,
0,
3599574,
2061, 
51086.74,
475516.6,
82562.49,
39846.46,
11053.89,
140951.9,
115156.8,
40620.07,
27017.45,
42357.64,
170793.9,
60203.31,
51783.95,
19765.46,
67176.28,
10969.91,
260464.6,
449294.4,
7014.845,
1190460,
82528.24,
53728,
21883.85,
28082.57,
171731,
10632.61,
0,
3682683,
2062, 
52159.25,
485545.3,
85294.91,
40057.01,
12411.59,
144145,
118565.3,
45874.59,
44305.16,
46147.56,
176577.6,
60582.1,
53467.01,
23650.88,
69363.53,
11532.5,
265295.4,
454921.1,
7205.422,
1187548,
79558.22,
55567.83,
22340.82,
30108.63,
190897.8,
12089.76,
0,
3775213,
2063, 
53107.36,
495307.4,
88297.64,
40074.36,
13907.01,
147353.6,
121324.7,
53261.5,
62466.38,
49704.97,
177910.6,
61525.58,
54542.8,
27634.86,
72485.64,
14027.59,
268565.8,
457717.9,
7352.454,
1184515,
78873.77,
56350.05,
22540.44,
32622.75,
209433.8,
13775.63,
0,
3864679,
2064, 
54155.98,
508464.4,
91024.02,
40828.49,
15710.46,
150454.5,
127989.9,
60206.43,
80074.04,
52854.58,
179841.3,
61496.42,
55039.85,
31317.7,
76224.27,
17215.13,
272082.4,
467851,
7415.045,
1181382,
81737.3,
55175.93,
22609.61,
35378.99,
227600.8,
15576.11,
0,
3969707,
2065, 
53522.4,
517936.1,
93765.96,
41818.66,
18339.53,
157357.1,
138603.1,
68528.46,
92861.42,
55926.61,
181995,
61474.85,
55662.73,
34237.62,
80265.12,
20075.84,
275970.2,
471458.5,
7593.572,
1178106,
88266.13,
53390.54,
22564.84,
38074.2,
244731.8,
17812.41,
0,
4070339,
2066, 
51590.75,
522822.7,
96189.38,
43027.78,
22699.16,
167630.5,
153676.7,
75865.8,
103230.1,
58008.44,
181154.9,
61734.22,
56578.16,
34810.55,
84766.65,
23260,
281724,
475886.9,
7810.204,
1173365,
93922.66,
51573.13,
22576.7,
40951.1,
261749.3,
21077.62,
0,
4167683,
2067, 
48362.7,
527576.9,
98703.54,
44516.96,
27735.12,
181728.1,
171902.3,
83298.29,
111097.7,
59054.16,
183109.4,
62604.52,
57693.45,
35129.97,
89664.66,
26718.69,
289469.5,
472964.5,
8015.935,
1168619,
100023.3,
50490.9,
22687.42,
44179.16,
281743.5,
25066.25,
0,
4272156,
2068, 
44504.71,
531619.6,
101306.5,
45984.51,
33240.74,
196567.8,
186384.3,
90052.41,
116783.8,
60037.65,
184247.4,
64161.43,
59387.92,
35307.37,
93805.5,
30681.43,
299883.1,
461450.2,
8252.18,
1163795,
106359.3,
50451.63,
22993.55,
48019.37,
304439.1,
29957.75,
0,
4369674,
2069, 
41488.89,
534652.1,
109711.4,
46465.53,
39947.31,
204403.2,
202780.8,
95107.73,
122742.7,
60980.21,
182911.8,
63636.95,
60006.86,
35345.65,
97695.32,
38678.5,
312961.3,
449099.1,
8476.02,
1159200,
110682.2,
51090.44,
23338.88,
52952.88,
328610.5,
34976.16,
0,
4467942,
2070, 
37885.59,
537142.3,
114714.3,
45833.14,
47506.04,
210202.4,
216775.5,
100437,
129003.6,
61883.64,
183366,
64013.32,
60432.66,
35275.76,
101178.1,
45370.7,
326899.4,
441131.3,
8740.395,
1154648,
112021.5,
52151.16,
23671.33,
58722.57,
351690.3,
40924.28,
0,
4561620,
2071, 
34870.74,
538696.9,
118775.4,
44412.5,
55493.63,
215303.3,
228491.5,
106538.9,
135321.1,
64465.73,
183251.5,
64665.33,
60640,
34679.97,
104103.3,
51889.86,
332981.4,
444996,
8985.041,
1149124,
112229.4,
53426.7,
23938.04,
65139.09,
382159.7,
46134.81,
0,
4660714,
2072, 
33105.24,
540612.3,
124165.5,
42281.18,
74074.49,
224645.9,
237430.3,
116768.6,
143730.5,
68848.53,
183398.5,
65569.42,
61190.01,
33969.99,
105987.7,
58846.36,
337551.2,
454372.8,
9167.004,
1148973,
111786.6,
54386.14,
24061.96,
71523.29,
409390.2,
51443.43,
0,
4787281,
2073, 
32379.93,
542956.4,
129432.2,
40657.29,
95931.67,
236763.6,
244725.4,
128533.3,
154152.3,
72876.65,
184361.5,
66282.85,
61756.61,
33307.24,
107114,
65257.94,
342198.3,
467468.2,
9249.59,
1159239,
109512.3,
54650.31,
23895.01,
77548.88,
438386.8,
56152.62,
0,
4934790,
2074, 
32270.01,
545596.9,
132825.4,
40517.95,
116776.8,
242998.9,
251361,
145146.7,
163654.5,
76866.89,
185158.8,
66610.8,
62257.38,
32692.6,
107531.4,
71633.34,
346779.5,
478061.5,
9358.835,
1173790,
108595.1,
54426.94,
23425.74,
81442.02,
453562.7,
60413.18,
0,
5063755,
2075, 
32362.77,
548484.9,
137680.1,
41614.49,
138061.9,
242311.2,
262949.8,
165791.1,
172759.4,
79699.88,
187690.8,
67049.54,
62578.29,
32141.2,
107380.5,
78847.58,
351348,
481129.3,
9533.74,
1185946,
111188.1,
54495.56,
22637.8,
84474.48,
468649.8,
64451.65,
0,
5191258,
2076, 
32537.92,
551315.8,
138960,
43101.57,
156922.3,
242365.1,
275209.6,
182996.8,
179530.2,
81968.01,
187238.2,
67459.63,
62978.86,
31652.21,
107175,
84802.32,
355873.8,
477484.3,
9829.994,
1189404,
112905,
54896.18,
21713.43,
87356.14,
484897.4,
69289.75,
0,
5289863,
2077, 
33086.95,
554441.3,
144099.2,
45118.46,
179712.5,
242796.6,
278529.5,
203890.6,
186462.9,
84112.76,
185278.5,
67940.02,
63384.55,
31222.29,
107556,
90214.66,
362353.1,
475596.8,
10301.93,
1190380,
117415.7,
55463.06,
20835.07,
90331.3,
501079.4,
73662.16,
0,
5395265,
2078, 
34228.98,
557619.9,
148202.3,
46958.25,
204310.9,
242642,
281832.5,
218329.8,
193548.6,
85392.5,
182064.8,
68853,
63645.56,
30838.19,
108443.3,
94153.27,
373612.5,
474138.6,
10649.39,
1183746,
125175.4,
55974.77,
20285.39,
93170.55,
516961.4,
79569.56,
0,
5494347,
2079, 
36188.72,
560910.6,
155291,
48088.57,
227092,
244651.7,
284886.1,
236233.3,
200725.9,
86959.35,
172535.7,
69763.09,
63831.17,
30512.89,
109906,
98620.85,
382355.3,
478253,
10973.15,
1179087,
132469.7,
55693.94,
20015.3,
95776.27,
532532.4,
88403.73,
0,
5601757,
2080, 
38600.43,
564327.8,
163173.1,
47600.42,
252429.2,
242990.5,
287921.8,
249112.2,
211498.4,
91607.97,
162677.4,
70604.27,
64030.02,
30225.14,
111704.4,
102712.2,
391094.6,
484606.8,
11258.05,
1187948,
136100.4,
55288.33,
20354.7,
98338.16,
547935.7,
99857.89,
0,
5723998,
2081, 
41581.3,
567539.2,
174631.3,
47238.75,
276119,
242175.8,
290605.9,
261468.2,
227515.5,
95952.66,
156422.3,
71364.12,
64267.24,
29980.96,
113566.6,
106167.7,
400352.6,
493318.6,
11497.22,
1200566,
141344.7,
54155.64,
20868.16,
100671.4,
562821.1,
111813,
0,
5864006,
2082, 
45350.91,
570864.7,
186114.5,
46832.59,
294334.5,
242020.3,
293188.3,
272546.3,
239949,
101651.3,
151946,
71911.43,
64553.91,
29773.75,
115339.4,
109136.7,
416378.5,
501137.6,
11770.5,
1214937,
148440.8,
52796.29,
21425.18,
102068.8,
577373.3,
123721.7,
0,
6005563,
2083, 
50892.41,
574211.3,
196188.4,
46583.2,
311670.9,
243151.1,
295646.2,
287257.2,
251795.1,
107220.4,
148380,
72408.02,
64377.2,
29601.46,
117100.8,
111679.7,
437452.7,
506566.2,
12133,
1219191,
147574,
51656.6,
21888.76,
103463.4,
591570.4,
134072,
0,
6133731,
2084, 
59238.48,
577713.1,
201054.7,
46183.07,
330492.1,
244245.3,
309045.8,
311480.8,
268752.2,
109568.1,
147232,
73308.9,
64291.09,
29458.13,
118907.9,
114164.6,
459629.8,
510218.8,
12563.47,
1222706,
147480.1,
51226.78,
22425.74,
104837.3,
605616.9,
142779.3,
0,
6284620,
2085, 
68574.69,
581482.7,
206248.6,
46357.84,
333978,
245675.9,
325017.1,
348030.6,
274633.6,
111655.2,
153543.2,
73220.09,
64309.18,
29344.24,
120800,
117064.6,
476979.8,
508434.7,
13062.42,
1213570,
145247.7,
51377.94,
22949.65,
106184.1,
619714.3,
150120.6,
0,
6407577,
2086, 
74617.73,
585002.9,
210858.1,
46081.77,
336526,
246385.9,
340361,
387976.5,
287396.6,
114825.9,
159123,
73073.02,
64387.16,
29256.73,
122038.3,
121613.8,
480615.8,
506565.3,
13626.61,
1189848,
146056.3,
51670.67,
23547.9,
107547.5,
634529.6,
156450.9,
0,
6509983,
2087, 
78318.31,
588470.9,
216114.6,
45782.25,
339019.1,
246156.5,
356182.7,
425200.5,
303054.1,
117435.5,
167577.3,
72899.89,
64143.69,
29180.9,
123445,
127121.5,
479668.9,
503850.5,
13746.4,
1162180,
150028.7,
52204.35,
24070.83,
108878.9,
649064.3,
163907.5,
0,
6607704,
2088, 
79405.34,
591156.4,
217367.5,
45713.53,
341433.3,
244943.1,
375665.8,
471074.9,
312071.8,
119687.7,
180330.3,
72275.18,
63728.57,
29122.84,
124876.7,
133786.8,
490390.7,
499128.7,
13506.38,
1132775,
153187.6,
53231.15,
24385.03,
110239.9,
663538.4,
170325.4,
0,
6713348,
2089, 
75435.46,
593185.2,
217714.8,
45783.17,
343586.8,
242514,
395746.4,
508305.1,
318195.3,
121428.3,
194801.8,
71954.31,
63309.46,
29079.99,
125974.2,
140555.5,
504677.2,
494466.9,
13298.02,
1099299,
157621.2,
53315.41,
24588.28,
111470,
677096.3,
178108.2,
0,
6801511,
2090, 
73210.8,
594540.3,
215114.4,
45430.08,
345309.6,
241762.4,
416326,
541343.8,
336505.5,
122856.2,
193312.6,
71724.51,
62616.29,
29053.65,
126640.5,
147372.8,
520508.4,
490275.3,
13077.48,
1076022,
162971.6,
54205.47,
24700.41,
112727.3,
688822.2,
187462.1,
0,
6893892,
2091, 
71124.85,
595681.9,
217220.9,
44689.98,
351098.2,
242549.7,
434861.3,
575528.8,
356652.8,
123766.6,
198540.8,
71569.5,
61882.9,
29049.31,
127419.3,
153160.7,
536020.6,
484610.9,
12850.26,
1058029,
170195.6,
54101.31,
24690.71,
113961.7,
701353.7,
197764.6,
0,
7008376,
2092, 
69466.02,
597124.8,
218866.8,
43506.71,
355953.4,
244978,
451614,
601377.4,
378215.8,
124778.1,
201083.7,
71272.74,
61146.97,
29054.39,
127881.6,
157785.2,
552485.1,
476504.4,
12702.69,
1041613,
172027.7,
55325.91,
24627.14,
115174.3,
712810.6,
211707,
0,
7109084,
2093, 
68128.67,
598158.7,
219747.8,
41652.71,
360260.9,
247275.7,
469204.3,
629159.6,
402154,
125572.7,
202053.5,
71037.49,
60730.35,
29059.05,
128457.4,
163306.1,
572050.3,
465122.4,
12925.07,
1025455,
172483.9,
55714.28,
24606.98,
116433.5,
724873.9,
225901,
0,
7211525,
2094, 
67240.39,
586319.1,
226070.4,
40414.52,
366001.3,
249450.3,
481485.8,
661632.9,
426067.3,
125984.8,
205917.7,
70992.67,
60623.58,
29068.71,
129235.2,
169697,
592567.8,
456736,
13871.52,
1011225,
172331.1,
56279.72,
24639.56,
117661.1,
736467.4,
238448.3,
0,
7316429,
2095, 
66939.38,
573294.1,
229384.8,
38594.73,
374336.8,
251548,
504963.4,
689141.4,
447416.4,
126104.3,
207840.7,
71072.8,
60818.81,
29079.57,
129993.8,
173720.3,
617205.1,
451216.7,
14260.64,
997247.5,
173180.6,
56612.51,
24803.4,
118944.2,
747582.9,
251968.7,
0,
7427272,
2096, 
67130.48,
557995.1,
235052.2,
36412.88,
384813.5,
253539.8,
532516.1,
726842.6,
467535.7,
126029.4,
211884.9,
70863.14,
60836.75,
29095.65,
131087.4,
175491.7,
641141.3,
447374.7,
14303.26,
986025.3,
171903.4,
56690.36,
25193.44,
120177.4,
758572.3,
261906.3,
0,
7550415,
2097, 
67896.44,
544396.8,
240604.4,
35451.21,
396838.9,
255474.4,
546174.9,
770135.8,
488604.3,
127288.8,
216054.8,
70545.47,
60849.18,
29114.6,
131867.6,
175394.5,
650614.6,
442721.9,
14420.85,
975061.3,
170498,
56904.96,
25717.06,
121268.4,
754725.3,
272289.5,
0,
7640914,
2098, 
68992.21,
530540.8,
250333.3,
35735.24,
415901.9,
252995.3,
557977.8,
817390.6,
501969,
128581,
216484.4,
70281.6,
61001.64,
29139.92,
132930.4,
175230.4,
659742.4,
443762.6,
14460.97,
964276.1,
168794.1,
57290.85,
26247.07,
122445.3,
741144.8,
284101.2,
0,
7727751,
2099, 
70246,
511945.7,
257952.6,
37314.81,
431281.4,
250635.4,
569225.9,
841584.2,
515989.4,
131037.2,
218230.3,
70112.48,
61453.6,
29164.51,
134327.3,
174979.6,
669993,
443139.8,
14469.52,
952731.9,
166518.8,
57982.96,
26824.74,
123766,
714975.7,
297715.4,
0,
7773599,
2100, 
71783.22,
512052.4,
266653.4,
38452.14,
439918.9,
247694.5,
579911.8,
866034.1,
524258.3,
133476.2,
218702.6,
70044.55,
62351.74,
29204.45,
135261.3,
174640.8,
681365,
443675.8,
14488.29,
944189.5,
167277.1,
58998.18,
27566.48,
125021.7,
711118.9,
311224.5,
0,
7855366];
