real main.em.ep.ncl.NuclFuelEff[27](t) = [1971, 
170,
170,
170,
170,
170,
170,
170,
170,
170,
170,
170,
170,
170,
170,
170,
170,
170,
170,
170,
170,
170,
170,
170,
170,
170,
170,
0,
1972, 
170,
170,
170.3448,
170,
170.3448,
170.3448,
170.3448,
170.3448,
170.3448,
170.3448,
170,
170.3448,
170.3448,
170.3448,
170.3448,
170,
170.3448,
170,
170.3448,
170.3448,
170.3448,
170.3448,
170,
170.3448,
170.3448,
170.3448,
0,
1973, 
170.1724,
170.1724,
170.6897,
170.1724,
170.6897,
170.6897,
170.6897,
170.6897,
170.6897,
170.6897,
170.1724,
170.6897,
170.6897,
170.6897,
170.6897,
170.1724,
170.6897,
170.1724,
170.6897,
170.6897,
170.6897,
170.6897,
170.1724,
170.6897,
170.6897,
170.6897,
0,
1974, 
170.3448,
170.3448,
171.0345,
170.3448,
171.0345,
171.0345,
171.0345,
171.0345,
171.0345,
171.0345,
170.3448,
171.0345,
171.0345,
171.0345,
171.0345,
170.3448,
171.0345,
170.3448,
171.0345,
171.0345,
171.0345,
171.0345,
170.3448,
171.0345,
171.0345,
171.0345,
0,
1975, 
170.5172,
170.5172,
171.3793,
170.5172,
171.3793,
171.3793,
171.3793,
171.3793,
171.3793,
171.3793,
170.5172,
171.3793,
171.3793,
171.3793,
171.3793,
170.5172,
171.3793,
170.5172,
171.3793,
171.3793,
171.3793,
171.3793,
170.5172,
171.3793,
171.3793,
171.3793,
0,
1976, 
171.327,
171.3623,
171.7241,
170.5172,
171.7241,
171.3793,
171.7241,
171.7241,
171.7241,
171.7241,
171.3228,
171.3793,
171.7241,
171.7241,
171.3793,
171.3486,
171.7241,
171.2341,
171.7241,
171.7241,
171.7241,
171.7241,
171.3629,
171.7241,
171.3793,
171.7241,
0,
1977, 
171.333,
171.4064,
172.069,
170.5172,
172.069,
171.3793,
172.069,
172.069,
172.069,
172.069,
171.4478,
171.3793,
172.069,
172.069,
171.3793,
171.5026,
172.069,
171.2539,
172.069,
172.069,
172.069,
172.069,
171.4782,
172.069,
171.3793,
172.069,
0,
1978, 
171.6898,
171.503,
172.4138,
170.5172,
172.4138,
171.3793,
172.4138,
172.4138,
172.4138,
172.4138,
171.6004,
171.3793,
172.4138,
172.4138,
171.3793,
171.5482,
172.4138,
171.2856,
172.4138,
172.4138,
172.4138,
172.4138,
171.4801,
172.4138,
171.3793,
172.4138,
0,
1979, 
171.8529,
171.5842,
172.7586,
170.5172,
172.7586,
171.3793,
172.7586,
172.7586,
172.7586,
172.7586,
171.7551,
171.3793,
172.7586,
172.4138,
171.3793,
171.5524,
172.7586,
171.3277,
172.4138,
172.4138,
172.7586,
172.7586,
171.7984,
172.7586,
171.3793,
172.7586,
0,
1980, 
172.0194,
171.5955,
173.1035,
170.5172,
173.1035,
171.3793,
173.1035,
173.1035,
173.1035,
173.1035,
171.9291,
171.6823,
173.1035,
172.4138,
171.3793,
171.7449,
173.1035,
171.3793,
172.4138,
172.5862,
173.1035,
173.1035,
172.048,
173.1035,
171.3793,
173.1035,
0,
1981, 
172.1633,
171.655,
173.4483,
170.5172,
173.4483,
171.3793,
173.4483,
173.4483,
173.4483,
173.4483,
172.1892,
171.6823,
173.4483,
172.4138,
171.3793,
172.0715,
173.4483,
171.4393,
172.4138,
172.5862,
173.4483,
173.4483,
172.0497,
173.4483,
171.3793,
173.4483,
0,
1982, 
172.3306,
171.7886,
173.4483,
170.5172,
173.4483,
171.6534,
173.7931,
173.7931,
173.7931,
173.4483,
172.3811,
172.4267,
173.7931,
172.6927,
171.3793,
172.2091,
173.7931,
172.2115,
172.9527,
172.5862,
173.7931,
173.7931,
172.1927,
173.7931,
171.4298,
173.7931,
0,
1983, 
172.499,
171.9276,
173.6207,
170.5172,
173.6207,
171.9037,
174.1379,
174.1379,
174.1379,
173.6207,
172.5679,
172.8319,
174.1379,
172.9264,
171.3793,
172.3531,
174.1379,
172.6506,
173.2406,
172.5862,
174.1379,
174.1379,
172.3413,
174.1379,
171.486,
174.1379,
0,
1984, 
172.6683,
172.071,
173.7931,
170.5172,
173.7931,
172.1377,
174.4828,
174.4828,
174.4828,
173.7931,
172.7513,
173.1306,
174.4828,
173.1386,
171.3793,
172.5018,
174.4828,
172.9738,
173.4695,
172.5862,
174.4828,
174.4828,
172.4938,
174.4828,
171.5477,
174.4828,
0,
1985, 
172.8381,
172.2178,
173.9655,
170.5172,
173.9655,
172.36,
174.8276,
174.8276,
174.8276,
173.9655,
172.9324,
173.3823,
174.8276,
173.339,
171.3793,
172.6541,
174.8276,
173.2432,
173.6755,
172.5862,
174.8276,
174.8276,
172.6495,
174.8276,
171.6144,
174.8276,
0,
1986, 
173.0084,
172.3676,
174.1379,
170.5172,
174.1379,
172.5737,
175.1724,
175.1724,
175.1724,
174.1379,
173.1119,
173.6091,
175.1724,
173.5321,
171.3793,
172.8094,
175.1724,
173.4832,
173.8701,
172.5862,
175.1724,
175.1724,
172.8076,
175.1724,
171.6858,
175.1724,
0,
1987, 
173.179,
172.5199,
174.3103,
170.5172,
174.3103,
172.7807,
175.5172,
175.5172,
175.5172,
174.3103,
173.2901,
173.8212,
175.5172,
173.7205,
171.3793,
172.9669,
175.5172,
173.7054,
174.0583,
172.5862,
175.5172,
175.5172,
172.9677,
175.5172,
171.7616,
175.5172,
0,
1988, 
173.3499,
172.6743,
174.4828,
170.5172,
174.4828,
172.9827,
175.8621,
175.8621,
175.8621,
174.4828,
173.4675,
174.0237,
175.8621,
173.9055,
171.3793,
173.1263,
175.8621,
173.916,
174.2425,
172.5862,
175.8621,
175.8621,
173.1293,
175.8621,
171.8415,
175.8621,
0,
1989, 
173.521,
172.8304,
174.6552,
170.5172,
174.6552,
173.1806,
176.2069,
176.2069,
176.2069,
174.6552,
173.6441,
174.2199,
176.2069,
174.0882,
171.3793,
173.2872,
176.2069,
174.1187,
174.4241,
172.5862,
176.2069,
176.2069,
173.2922,
176.2069,
171.9253,
176.2069,
0,
1990, 
173.6923,
172.988,
174.8276,
170.5172,
174.8276,
173.3753,
176.5517,
176.5517,
176.5517,
174.8276,
173.8201,
174.4115,
176.5517,
174.2692,
171.3793,
173.4494,
176.5517,
174.3157,
174.6038,
172.5862,
176.5517,
176.5517,
173.4562,
176.5517,
172.0127,
176.5517,
0,
1991, 
173.6923,
173.0888,
175,
170.5172,
175,
173.5672,
176.8965,
176.8965,
176.8965,
174.9655,
173.8201,
174.5997,
176.8965,
174.2692,
171.3793,
173.6126,
176.8965,
174.5084,
174.7822,
172.5862,
176.8965,
176.8965,
173.4562,
176.8965,
172.1035,
176.8965,
0,
1992, 
173.6923,
173.0956,
175.3062,
170.5172,
175,
173.5672,
177.2414,
177.2414,
177.2414,
174.9655,
173.8201,
174.63,
177.2414,
174.2692,
171.3793,
173.6653,
177.2414,
174.687,
174.8877,
172.5862,
177.2414,
177.2414,
173.4562,
177.2414,
172.1035,
177.2414,
0,
1993, 
173.6923,
173.1031,
175.5751,
170.5172,
175,
173.5672,
177.5862,
177.5862,
177.5862,
174.9655,
173.8201,
174.664,
177.5862,
174.2692,
171.3793,
173.7218,
177.5862,
174.8646,
174.9995,
172.5862,
177.5862,
177.5862,
173.4562,
177.5862,
172.1035,
177.5862,
0,
1994, 
173.6923,
173.1111,
175.8205,
170.5172,
175,
173.5672,
177.931,
177.931,
177.931,
174.9655,
173.8201,
174.6693,
177.931,
174.2692,
171.3793,
173.7818,
177.931,
175.0416,
175.1168,
172.7416,
177.931,
177.931,
173.4562,
177.931,
172.1035,
177.931,
0,
1995, 
173.6923,
173.1198,
176.0501,
170.5172,
175,
173.5672,
178.2759,
178.2759,
178.2759,
174.9655,
173.8201,
174.6693,
178.2759,
174.2692,
171.3793,
173.8453,
178.2759,
175.218,
175.2389,
174.039,
178.2759,
178.2759,
173.4562,
178.2759,
172.1035,
178.2759,
0,
1996, 
173.6923,
173.129,
176.2684,
170.5172,
175,
173.5672,
178.6207,
178.6207,
178.6207,
174.9655,
173.8201,
174.6693,
178.6207,
174.2692,
171.3793,
173.9121,
178.6207,
175.394,
175.3652,
174.8863,
178.6207,
178.6207,
173.4562,
178.6207,
172.1035,
178.6207,
0,
1997, 
173.6923,
173.1388,
176.2811,
170.5172,
176.091,
173.5672,
178.9655,
178.9655,
178.9655,
174.9655,
173.8201,
174.6693,
178.9655,
174.2692,
171.3793,
173.9185,
178.9655,
175.6904,
175.6203,
174.8863,
178.9655,
178.9655,
173.4562,
178.9655,
174.2171,
178.9655,
0,
1998, 
173.6923,
173.1492,
176.2954,
170.5172,
176.7567,
173.5672,
179.3103,
179.3103,
179.3103,
174.9655,
173.8201,
174.6693,
179.3103,
174.2692,
171.3793,
173.9252,
179.3103,
175.966,
175.8634,
174.8863,
179.3103,
179.3103,
173.4562,
179.3103,
175.38,
179.3103,
0,
1999, 
173.6923,
173.1601,
176.3115,
170.5172,
177.2368,
173.5672,
179.6552,
179.6552,
179.6552,
174.9655,
173.8201,
174.6693,
179.6552,
174.2692,
171.3793,
173.9324,
179.6552,
176.2255,
176.0969,
174.8863,
179.6552,
179.6552,
173.4562,
179.6552,
176.1532,
179.6552,
0,
2000, 
173.6923,
173.1717,
176.3292,
170.5172,
177.6196,
173.5672,
180,
180,
180,
174.9655,
173.8201,
174.6693,
180,
174.2692,
171.3793,
173.9401,
180,
176.4725,
176.3226,
174.8863,
180,
180,
173.4562,
180,
176.7289,
180,
0,
2001, 
173.6923,
173.1838,
176.3486,
170.5172,
177.8445,
173.5672,
181.4,
181.4,
181.4,
174.9655,
173.8201,
174.6693,
181.4,
174.2692,
171.3793,
173.9482,
181.4,
176.7095,
176.542,
174.8863,
181.4,
181.4,
173.4562,
181.4,
177.1907,
181.4,
0,
2002, 
173.6923,
173.1983,
176.3874,
170.5172,
177.8445,
173.5672,
182.8,
182.8,
182.8,
174.9655,
173.8201,
174.6693,
182.8,
174.2692,
171.3793,
174.1002,
182.8,
176.8721,
176.8119,
176.7544,
182.8,
182.8,
173.4562,
182.8,
177.1907,
182.8,
0,
2003, 
173.6923,
173.2153,
176.3874,
170.5172,
177.8445,
173.5672,
184.2,
184.2,
184.2,
174.9655,
173.8201,
174.6693,
184.2,
174.2692,
171.3793,
174.2741,
184.2,
177.0707,
177.127,
178.1017,
184.2,
184.2,
173.4562,
184.2,
177.1907,
184.2,
0,
2004, 
173.6923,
173.2346,
176.3874,
170.5172,
177.8445,
173.5672,
185.6,
185.6,
185.6,
174.9655,
173.8201,
174.6693,
185.6,
174.5482,
171.3793,
174.4687,
185.6,
177.3019,
177.4806,
179.2132,
185.6,
185.6,
173.4562,
185.6,
177.1907,
185.6,
0,
2005, 
173.6923,
173.2564,
176.3874,
170.5172,
177.8445,
173.5672,
187,
187,
187,
174.9655,
173.8201,
174.6693,
187,
174.8803,
171.3793,
174.6827,
187,
177.5625,
177.8672,
180.1977,
187,
187,
173.4562,
187,
177.1907,
187,
0,
2006, 
173.6923,
173.2805,
176.3874,
170.5172,
177.8445,
173.5672,
188.4,
188.4,
188.4,
174.9655,
173.8201,
174.6693,
188.4,
175.2339,
171.3793,
174.915,
188.4,
177.8499,
178.2823,
181.1063,
188.4,
188.4,
173.4562,
188.4,
177.1907,
188.4,
0,
2007, 
173.6923,
173.3071,
176.3874,
170.5172,
177.8445,
173.5672,
189.8,
189.8,
189.8,
174.9655,
173.8201,
174.6693,
189.8,
175.2339,
171.3793,
175.0492,
189.8,
178.7057,
178.5045,
181.8029,
189.8,
189.8,
173.4562,
189.8,
177.1907,
189.8,
0,
2008, 
173.6923,
173.3359,
176.3874,
170.5172,
177.8445,
173.5672,
191.2,
191.2,
191.2,
174.9655,
173.8201,
174.6693,
191.2,
175.2339,
171.3793,
175.1945,
191.2,
179.5383,
178.7474,
182.5002,
191.2,
191.2,
173.4562,
191.2,
177.1907,
191.2,
0,
2009, 
173.6923,
173.3672,
176.3874,
170.5172,
177.8445,
173.5672,
192.6,
192.6,
192.6,
174.9655,
173.8201,
174.6693,
192.6,
175.2339,
171.3793,
175.3507,
192.6,
180.3523,
179.0094,
183.1979,
192.6,
192.6,
173.4562,
192.6,
177.1907,
192.6,
0,
2010, 
173.6923,
173.4007,
176.3874,
170.5172,
177.8445,
173.5672,
194,
194,
194,
174.9655,
173.8201,
174.6693,
194,
175.2339,
171.3793,
175.5173,
194,
181.1514,
179.2896,
183.8959,
194,
194,
173.4562,
194,
177.1907,
194,
0,
2011, 
173.6923,
173.4366,
176.3874,
170.5172,
177.8445,
173.5672,
195.4,
195.4,
195.4,
174.9655,
173.8201,
174.6693,
195.4,
175.2339,
171.3793,
175.6942,
195.4,
181.9384,
179.5866,
184.5942,
195.4,
195.4,
173.4562,
195.4,
177.1907,
195.4,
0,
2012, 
173.6923,
173.4748,
176.7883,
170.5172,
177.8445,
176.3999,
196.8,
196.8,
196.8,
175.1008,
173.8201,
174.7774,
196.8,
175.2339,
171.3793,
176.18,
195.4,
182.6691,
180.0838,
187.2853,
196.8,
196.8,
173.4562,
196.8,
179.2097,
196.8,
0,
2013, 
173.6923,
173.5153,
177.2015,
170.5172,
177.8445,
178.7428,
198.2,
198.2,
198.2,
175.2436,
173.8201,
174.8917,
198.2,
175.2339,
171.3793,
176.6761,
196.1,
183.3966,
180.5934,
189.1823,
198.2,
198.2,
173.4562,
198.2,
180.9654,
198.2,
0,
2014, 
173.6923,
173.558,
177.6263,
170.5172,
177.8445,
180.7472,
199.6,
199.6,
199.6,
175.3936,
173.8201,
175.012,
199.6,
175.2339,
171.3793,
177.1819,
196.8,
184.1214,
181.1143,
190.6814,
199.6,
199.6,
173.4562,
199.6,
182.5295,
199.6,
0,
2015, 
173.6923,
173.6031,
178.0621,
170.5172,
177.8445,
182.5079,
201,
201,
201,
175.5508,
173.8201,
175.1383,
201,
175.2339,
171.3793,
177.6965,
197.5,
184.8439,
181.6454,
191.9527,
201,
201,
173.4562,
201,
183.9498,
201,
0,
2016, 
173.7264,
173.6504,
178.5081,
170.5172,
177.8445,
184.0875,
202.4,
202.4,
202.4,
175.6332,
173.8201,
175.2704,
202.4,
175.2339,
171.3793,
178.2194,
198.2,
185.5644,
182.186,
193.0814,
202.4,
202.4,
173.4562,
202.4,
185.2595,
202.4,
0,
2017, 
173.7778,
173.7,
178.8741,
170.5172,
177.8445,
184.1076,
203.8,
203.8,
203.8,
175.6332,
173.8201,
175.3267,
203.8,
175.6863,
171.3793,
178.8382,
199.1542,
185.866,
182.4462,
194.333,
203.8,
203.8,
173.4562,
203.8,
187.8991,
203.8,
0,
2018, 
173.8315,
173.7518,
179.2501,
170.5172,
177.8445,
184.1293,
205.2,
205.2,
205.2,
175.6332,
173.8201,
175.3856,
205.2,
176.1469,
171.3793,
179.461,
200.0143,
186.1817,
182.7175,
195.4539,
205.2,
205.2,
173.4562,
205.2,
190.021,
205.2,
0,
2019, 
173.8875,
173.8058,
179.6358,
170.5172,
177.8445,
184.1525,
206.6,
206.6,
206.6,
175.6332,
173.8201,
175.4472,
206.6,
176.6152,
171.3793,
179.6274,
200.8244,
186.5106,
182.9997,
196.4858,
206.6,
206.6,
173.4562,
206.6,
191.8081,
206.6,
0,
2020, 
173.9458,
173.862,
180.0306,
170.5172,
177.8445,
184.1771,
208,
208,
208,
175.6332,
173.8201,
175.5114,
208,
177.0909,
171.3793,
179.6534,
201.6047,
186.8522,
183.2922,
197.4541,
208,
208,
173.4562,
208,
193.3662,
208,
0,
2021, 
174.0064,
173.9205,
180.4343,
170.5172,
177.8445,
184.2033,
209.4,
209.4,
209.4,
175.6332,
173.8201,
175.5783,
209.4,
177.5735,
171.3793,
179.6807,
202.3659,
187.2057,
183.5323,
198.3755,
209.4,
209.4,
173.4562,
209.4,
194.7607,
209.4,
0,
2022, 
174.0693,
173.9811,
180.4343,
170.5172,
177.8445,
184.2033,
210.8,
210.8,
210.8,
175.6332,
173.8201,
175.7082,
210.8,
177.5735,
171.3793,
179.7093,
205.0766,
189.4648,
183.5323,
198.9279,
210.8,
210.8,
173.4562,
210.8,
200.794,
210.8,
0,
2023, 
174.1344,
174.0439,
180.4343,
170.5172,
177.8445,
184.2033,
212.2,
212.2,
212.2,
175.6332,
173.8201,
175.7082,
212.2,
177.5735,
171.3793,
179.7392,
206.5278,
189.483,
185.0889,
199.4209,
212.2,
212.2,
173.4562,
212.2,
203.9228,
212.2,
0,
2024, 
174.2018,
174.5581,
180.4343,
170.5172,
177.8445,
184.2033,
213.6,
213.6,
213.6,
175.6332,
173.8201,
176.381,
213.6,
178.8745,
171.3793,
179.7704,
207.1935,
190.591,
185.8088,
199.7892,
213.6,
213.6,
173.4562,
213.6,
203.9228,
213.6,
0,
2025, 
174.2714,
175.0772,
180.4343,
170.5172,
177.8445,
184.2033,
215,
215,
215,
175.6332,
173.8201,
177.0549,
215,
180.1319,
171.3793,
179.8028,
207.8664,
191.661,
186.5277,
200.1761,
215,
215,
173.4562,
215,
203.9228,
215,
0,
2026, 
174.3432,
175.1434,
180.4343,
170.5172,
177.8445,
184.2033,
216.4,
216.4,
216.4,
175.6332,
173.8201,
178.4707,
215,
180.1319,
171.3793,
181.3936,
207.8664,
191.661,
187.9918,
201.2947,
216.4,
216.4,
173.4562,
216.4,
206.9019,
216.4,
0,
2027, 
174.424,
175.2179,
180.4343,
170.5172,
177.8445,
184.2033,
217.8,
217.8,
217.8,
175.6332,
173.8201,
178.4707,
215.7,
180.1319,
171.3793,
182.9099,
207.8664,
200.6208,
187.9918,
202.5623,
217.8,
217.8,
173.4562,
217.8,
208.9149,
217.8,
0,
2028, 
174.5141,
175.301,
180.4343,
170.5172,
177.8445,
184.7867,
219.2,
219.2,
219.2,
175.6332,
173.8201,
178.4707,
216.4,
180.1319,
171.3793,
182.946,
207.8664,
203.3124,
189.4497,
204.3181,
219.2,
219.2,
173.4562,
219.2,
208.9149,
219.2,
0,
2029, 
174.6138,
175.3931,
180.4343,
170.5172,
177.8445,
184.7867,
219.2,
220.6,
220.6,
175.6332,
173.8201,
178.4707,
217.1,
180.1319,
171.3793,
183.4749,
207.8664,
203.3208,
189.4497,
205.4634,
220.6,
220.6,
173.4562,
220.6,
208.9149,
220.6,
0,
2030, 
174.7234,
175.4945,
180.4343,
170.5172,
177.8445,
184.7867,
219.2,
222,
222,
175.6332,
173.8201,
178.4707,
217.1,
180.1319,
171.3793,
183.4749,
207.8664,
203.3306,
189.4497,
206.9229,
222,
222,
173.4562,
222,
208.9149,
222,
0,
2031, 
175.2948,
176.9359,
180.4343,
170.5172,
177.8445,
185.5214,
221.3,
223.4,
223.4,
175.6332,
173.8201,
178.7912,
217.1,
180.1319,
171.3793,
183.4749,
207.8664,
203.3551,
189.4497,
206.9229,
223.4,
223.4,
173.4562,
223.4,
211.2175,
223.4,
0,
2032, 
175.304,
176.947,
<<<<<<< HEAD
<<<<<<< HEAD
180.4343,
=======
190.7837,
>>>>>>> 29fc07e (Remove T2MAT folder level)
=======
190.7837,
>>>>>>> 4d9e712909650e13193c45904b75652afa554b9e
170.6897,
177.8445,
185.5214,
221.3,
224.8,
224.8,
175.6332,
173.8266,
178.7912,
<<<<<<< HEAD
<<<<<<< HEAD
218.1087,
180.1319,
220.2959,
183.4865,
207.8664,
213.3212,
194.8004,
206.9229,
224.8,
224.8,
174.8663,
224.8,
214.418,
=======
=======
>>>>>>> 4d9e712909650e13193c45904b75652afa554b9e
218.085,
180.1319,
220.3037,
183.4865,
214.4315,
212.56,
189.4497,
206.9229,
224.8,
224.8,
173.4589,
224.8,
214.425,
<<<<<<< HEAD
>>>>>>> 29fc07e (Remove T2MAT folder level)
=======
>>>>>>> 4d9e712909650e13193c45904b75652afa554b9e
224.8,
0,
2033, 
175.3126,
176.9575,
<<<<<<< HEAD
<<<<<<< HEAD
204.8409,
=======
196.5118,
>>>>>>> 29fc07e (Remove T2MAT folder level)
=======
196.5118,
>>>>>>> 4d9e712909650e13193c45904b75652afa554b9e
170.8621,
177.8445,
185.5214,
221.3,
226.2,
226.2,
175.6332,
173.8325,
<<<<<<< HEAD
<<<<<<< HEAD
191.4326,
219.2792,
181.8078,
220.3922,
183.4979,
210.7098,
215.2338,
194.8004,
206.9229,
226.2,
226.2,
176.2843,
226.2,
214.8553,
=======
=======
>>>>>>> 4d9e712909650e13193c45904b75652afa554b9e
178.7912,
219.1945,
181.9718,
220.4039,
183.4979,
214.9885,
214.4032,
190.1742,
206.9229,
226.2,
226.2,
173.4613,
226.2,
214.8767,
<<<<<<< HEAD
>>>>>>> 29fc07e (Remove T2MAT folder level)
=======
>>>>>>> 4d9e712909650e13193c45904b75652afa554b9e
226.2,
0,
2034, 
175.3206,
176.9675,
<<<<<<< HEAD
<<<<<<< HEAD
208.254,
171.0345,
177.8445,
185.5214,
=======
=======
>>>>>>> 4d9e712909650e13193c45904b75652afa554b9e
196.5118,
171.0345,
177.8445,
193.864,
<<<<<<< HEAD
>>>>>>> 29fc07e (Remove T2MAT folder level)
=======
>>>>>>> 4d9e712909650e13193c45904b75652afa554b9e
221.3,
227.6,
227.6,
175.6332,
<<<<<<< HEAD
<<<<<<< HEAD
190.9243,
202.2139,
220.2744,
183.7052,
220.3922,
183.509,
212.6466,
215.6603,
195.9813,
206.9229,
227.6,
227.6,
176.9514,
227.6,
216.5358,
227.6,
0,
2035, 
175.0175,
176.9771,
208.254,
229,
177.8445,
200.9461,
=======
=======
>>>>>>> 4d9e712909650e13193c45904b75652afa554b9e
173.8378,
182.9896,
220.5204,
183.8521,
220.4039,
183.509,
215.4251,
214.888,
191.7642,
206.9229,
227.6,
227.6,
174.6746,
227.6,
216.5905,
227.6,
0,
2035, 
175.3281,
176.9771,
196.5118,
229,
177.8445,
206.276,
<<<<<<< HEAD
>>>>>>> 29fc07e (Remove T2MAT folder level)
=======
>>>>>>> 4d9e712909650e13193c45904b75652afa554b9e
221.3,
229,
229,
175.6332,
<<<<<<< HEAD
<<<<<<< HEAD
191.2493,
202.754,
220.8331,
184.58,
220.3922,
183.5198,
212.9786,
215.8027,
196.5146,
206.9229,
229,
229,
177.2167,
229,
217.1387,
229,
0,
2036, 
175.4773,
179.5999,
208.254,
230.4,
177.8445,
208.7528,
222.5025,
230.4,
230.4,
175.6332,
192.6291,
204.0498,
221.1752,
185.044,
223.4601,
184.7758,
213.637,
216.3589,
197.1585,
206.9229,
230.4,
230.4,
178.5058,
230.4,
218.3976,
230.4,
0,
2037, 
175.485,
180.1598,
208.254,
231.8,
177.8445,
209.8378,
222.5025,
231.8,
231.8,
176.1229,
193.6271,
204.1842,
221.9837,
185.6601,
223.4601,
185.827,
213.637,
216.3661,
198.3047,
206.9229,
231.8,
231.8,
179.5217,
231.8,
219.077,
231.8,
0,
2038, 
175.9899,
181.0534,
208.254,
233.2,
177.8445,
209.9738,
223.2905,
233.2,
233.2,
177.1011,
194.6319,
204.1842,
222.4579,
185.9387,
223.4601,
186.0682,
213.637,
216.8293,
198.3405,
206.9229,
233.2,
233.2,
182.7437,
233.2,
219.8918,
233.2,
0,
2039, 
176.3378,
181.7454,
208.254,
234.6,
177.8445,
209.9738,
224.5471,
234.6,
234.6,
178.5415,
195.5942,
204.1842,
222.7932,
188.4884,
223.4601,
186.0826,
213.637,
216.9262,
200.0933,
207.5473,
234.6,
234.6,
186.853,
234.6,
221.1639,
234.6,
0,
2040, 
176.7234,
181.825,
208.254,
236,
177.8445,
209.9738,
224.5471,
236,
236,
180.3972,
196.5602,
204.552,
222.9426,
188.4884,
223.4601,
186.6601,
213.637,
216.9331,
200.2539,
208.2194,
236,
236,
189.8512,
236,
222.3004,
236,
0,
2041, 
177.0804,
182.1655,
208.254,
237.4,
177.8445,
209.9738,
224.5471,
237.4,
237.4,
182.6065,
198.31,
204.552,
223.2064,
189.0042,
223.4601,
187.9343,
213.637,
216.9399,
200.4084,
208.2194,
237.4,
237.4,
189.921,
237.4,
223.4599,
237.4,
0,
2042, 
177.5854,
182.9207,
208.8051,
238.8,
177.9956,
210.7173,
224.5471,
238.8,
238.8,
186.1609,
199.913,
205.8083,
223.3824,
190.5053,
223.4601,
188.5921,
214.5924,
217.1422,
200.8705,
208.2194,
238.8,
238.8,
191.3589,
238.8,
224.1841,
238.8,
0,
2043, 
178.0687,
183.7866,
209.3684,
240.2,
178.1451,
211.4845,
224.5471,
240.2,
240.2,
190.4791,
201.7132,
207.1559,
224.1736,
191.8288,
223.4601,
189.2962,
214.5924,
217.2636,
202.7795,
208.2194,
240.2,
240.2,
193.0389,
240.2,
224.8648,
240.2,
0,
2044, 
178.7238,
184.7978,
209.9445,
241.6,
178.293,
212.277,
224.5471,
241.6,
241.6,
195.7876,
203.7544,
208.6068,
224.8882,
193.3504,
223.4601,
190.0533,
214.5924,
217.3847,
204.2502,
208.2194,
241.6,
241.6,
195.471,
241.6,
225.2338,
241.6,
0,
2045, 
179.5719,
186.0054,
210.534,
243,
178.439,
213.0963,
224.5471,
243,
243,
201.8854,
206.0943,
210.1752,
225.2093,
195.1259,
223.4601,
190.872,
214.8017,
217.5055,
204.9143,
208.4984,
243,
243,
202.6088,
243,
226.2936,
243,
0,
2046, 
180.7579,
187.4874,
211.1376,
244.4,
178.5829,
221.516,
224.5471,
244.4,
244.4,
207.9495,
208.811,
211.8781,
226.2946,
197.4743,
223.4601,
191.7624,
214.8017,
217.6261,
206.0083,
209.1566,
244.4,
244.4,
209.0898,
244.4,
226.7839,
244.4,
0,
2047, 
182.6194,
189.3699,
211.756,
245.8,
178.7245,
224.3727,
224.5471,
245.8,
245.8,
214.1612,
212.0118,
213.7359,
226.4133,
200.7456,
223.4601,
192.7371,
214.8017,
217.915,
206.5363,
209.9208,
245.8,
245.8,
215.9081,
245.8,
227.3654,
245.8,
0,
2048, 
186.3142,
191.8696,
212.3901,
247.2,
178.8633,
226.031,
224.5471,
247.2,
247.2,
220.7196,
223.2458,
215.7734,
226.4796,
204.4819,
223.4601,
193.812,
214.8017,
218.0347,
207.0766,
210.3038,
247.2,
247.2,
222.8587,
247.2,
227.9252,
247.2,
0,
2049, 
196.4713,
195.3939,
213.0405,
248.6,
178.9992,
226.7766,
224.5471,
248.6,
248.6,
227.4478,
227.5662,
218.021,
226.4796,
210.2758,
223.4601,
195.0071,
214.8017,
218.154,
207.63,
211.2624,
248.6,
248.6,
230.1455,
248.6,
228.8611,
248.6,
0,
2050, 
216.7138,
200.8111,
213.7084,
250,
179.1315,
227.5609,
224.5471,
250,
250,
234.965,
232.4774,
220.5163,
226.4796,
217.0901,
223.4601,
196.3481,
214.8017,
218.2731,
208.1971,
211.9603,
250,
250,
238.0271,
250,
229.8172,
250,
0,
2051, 
233.6237,
205.9911,
214.3945,
253,
179.2599,
228.3414,
224.5471,
253,
253,
240.8743,
232.6564,
223.3064,
226.4796,
218.0972,
223.4601,
197.8685,
214.8017,
218.3919,
208.7788,
211.9603,
253,
253,
238.6618,
253,
231.4867,
253,
0,
2052, 
235.0526,
206.3931,
215.7765,
256,
179.2599,
228.3414,
224.5471,
256,
256,
241.309,
232.8148,
223.759,
226.4796,
218.0972,
223.4601,
198.3797,
214.8017,
218.5029,
209.1777,
212.9053,
256,
256,
239.245,
256,
232.2873,
256,
0,
2053, 
235.0526,
206.8016,
217.2511,
259,
179.2599,
228.3414,
224.5471,
259,
259,
241.5242,
232.8438,
224.2172,
226.4796,
218.0972,
223.4601,
198.9078,
214.8017,
218.6136,
209.5209,
213.684,
259,
259,
239.7411,
259,
232.6434,
259,
0,
2054, 
235.0526,
207.2168,
218.8293,
262,
179.2599,
228.5797,
224.5471,
262,
262,
241.9733,
232.8451,
224.2806,
227.6796,
218.8291,
223.4601,
199.4542,
214.8017,
218.7239,
210.3811,
214.5604,
262,
262,
240.1139,
262,
233.2015,
262,
0,
2055, 
235.0526,
207.6389,
220.524,
262,
183.0329,
228.5797,
224.5471,
265,
265,
242.2977,
232.8451,
224.2806,
227.6796,
219.9286,
223.4601,
200.0202,
214.8017,
218.8339,
212.5362,
215.1675,
265,
265,
240.3237,
265,
234.8174,
265,
0,
2056, 
235.0526,
208.0684,
222.3504,
263.7531,
186.5181,
228.5797,
224.5471,
268,
268,
242.5041,
232.8451,
224.2806,
227.6796,
220.2275,
224.447,
200.6074,
214.8017,
218.9436,
214.1854,
215.3195,
265,
268,
240.3237,
268,
235.2938,
268,
0,
2057, 
236.938,
208.5055,
222.455,
265.7274,
188.445,
228.5797,
224.5471,
271,
271,
242.6174,
232.8451,
224.2806,
227.6796,
222.2939,
225.2199,
200.6605,
214.8017,
219.1362,
215.5745,
215.3195,
265,
268,
240.3237,
271,
237.8554,
271,
0,
2058, 
236.938,
208.9506,
222.5592,
266.7616,
193.9218,
228.5797,
224.5471,
274,
274,
242.6174,
232.8451,
224.2806,
227.6796,
223.9708,
226.3902,
200.713,
214.8017,
224.754,
217.6077,
215.3195,
268.5882,
270.0522,
240.4802,
274,
239.6917,
274,
0,
2059, 
236.938,
209.404,
222.6632,
266.7616,
203.3121,
228.5797,
224.5471,
277,
277,
242.6174,
232.8451,
225.2697,
227.6796,
225.2832,
226.3902,
200.7649,
214.8017,
228.4669,
219.6979,
215.3195,
268.5882,
271.1164,
247.738,
277,
239.8522,
277,
0,
2060, 
236.938,
209.8661,
222.7668,
266.7616,
221.7816,
228.5797,
224.5471,
280,
280,
242.6174,
232.9396,
225.7347,
227.6796,
225.2832,
226.8855,
200.8163,
214.8017,
230.8909,
221.3309,
215.3195,
268.5882,
274.1696,
251.9024,
280,
240.0786,
280,
0,
2061, 
236.938,
210.3374,
222.8701,
266.7616,
268.5202,
229.5036,
224.5471,
283,
283,
242.6174,
233.0658,
226.2657,
227.6796,
225.2832,
226.8855,
200.867,
214.8017,
235.3013,
222.3059,
215.3195,
273.6721,
275.7666,
253.9991,
283,
240.3884,
283,
0,
2062, 
236.938,
210.8014,
223.0178,
266.7616,
268.5202,
229.5036,
224.5471,
286,
286,
242.6174,
233.1908,
229.0724,
227.6796,
225.2832,
227.0955,
201.6364,
214.8017,
239.0743,
223.2083,
215.9895,
273.6721,
276.9026,
255.8796,
286,
240.499,
286,
0,
2063, 
236.938,
211.2577,
223.0178,
266.7616,
273.7525,
229.5036,
224.5471,
289,
289,
244.0969,
233.5383,
231.1892,
227.6796,
225.2832,
227.9162,
202.4115,
214.8017,
242.0607,
224.1198,
216.798,
273.6721,
278.3691,
257.7117,
289,
241.1436,
289,
0,
2064, 
236.938,
211.7058,
223.0178,
266.9479,
281.2997,
229.5036,
224.5471,
292,
292,
244.8303,
233.5708,
233.5405,
227.6796,
227.1404,
228.3733,
203.1931,
214.8017,
244.5234,
225.041,
217.4937,
273.6721,
278.6332,
258.224,
292,
244.5655,
292,
0,
2065, 
236.938,
212.1456,
223.0178,
266.9516,
283.1674,
229.5036,
224.5471,
295,
295,
244.8304,
233.5708,
233.6565,
227.7733,
229.3203,
230.3247,
203.9819,
214.8017,
247.6598,
225.9727,
217.9202,
274.0801,
279.3052,
258.5641,
295,
247.3431,
295,
0,
2066, 
236.938,
212.5763,
223.0178,
266.9516,
283.1674,
229.5036,
224.5471,
298,
298,
244.8304,
233.5708,
233.6565,
227.7733,
231.6641,
230.3247,
204.7792,
214.8017,
250.0963,
226.9156,
218.1815,
277.5706,
280.5283,
258.7076,
298,
248.2584,
298,
0,
2067, 
236.938,
212.9977,
223.0178,
267.9143,
283.1674,
229.5036,
224.5471,
301,
301,
244.8304,
236.9033,
233.6565,
227.9477,
231.6641,
232.6835,
205.1994,
214.8017,
256.0048,
227.3818,
218.3819,
282.8449,
283.6306,
258.7076,
301,
249.269,
301,
0,
2068, 
236.938,
213.4093,
223.0178,
272.108,
285.4194,
229.5036,
224.5471,
304,
304,
244.8304,
240.2785,
233.6565,
228.4752,
231.6641,
233.3,
205.6048,
214.8017,
259.9483,
227.8422,
218.5755,
284.9061,
286.0038,
258.7076,
304,
253.1713,
304,
0,
2069, 
236.938,
213.8104,
223.0178,
276.7453,
285.4194,
229.5036,
224.5471,
307,
307,
244.8304,
240.2051,
233.6565,
228.959,
231.6641,
234.0827,
205.9943,
214.8017,
260.8214,
228.2966,
218.7621,
284.9061,
288.7987,
258.8516,
307,
254.0314,
307,
0,
2070, 
236.8816,
214.2005,
223.0178,
279.5609,
285.4194,
229.5036,
224.5471,
310,
310,
244.8304,
240.2051,
233.6565,
229.3517,
231.6641,
234.9024,
206.3666,
214.8017,
263.4573,
228.7449,
218.9418,
286.6725,
291.2948,
258.9338,
310,
256.8755,
310,
0,
2071, 
236.938,
214.579,
223.0178,
279.5609,
285.4194,
229.5036,
224.5471,
313,
313,
244.8304,
240.2051,
233.6565,
229.9738,
231.6641,
236.2283,
206.7202,
214.8017,
265.1595,
229.1868,
219.3116,
286.6725,
292.221,
258.9477,
313,
257.0253,
313,
0,
2072, 
236.938,
214.9452,
223.2962,
279.5609,
285.4194,
230.8061,
224.5471,
316,
316,
245.2294,
237.315,
233.7851,
229.9738,
231.6641,
237.4946,
207.6448,
215.179,
266.9048,
229.892,
220.2539,
286.6725,
292.9598,
259.1778,
316,
260.2166,
316,
0,
2073, 
236.938,
215.2984,
223.566,
279.5609,
285.4194,
232.1564,
224.5471,
319,
319,
246.2737,
233.8427,
233.9098,
229.9738,
231.6641,
243.0872,
208.6095,
215.5435,
271.7135,
230.5974,
221.2485,
286.6725,
295.2424,
259.3145,
319,
261.0074,
319,
0,
2074, 
236.938,
215.6379,
223.8269,
279.5609,
285.4194,
233.5605,
224.5471,
322,
322,
247.1212,
233.4339,
234.0306,
229.9738,
231.6641,
248.2411,
209.6258,
215.8945,
275.1117,
231.303,
222.1309,
288.9412,
299.5416,
259.4465,
322,
262.9341,
322,
0,
2075, 
236.938,
215.9627,
224.0787,
281.0611,
285.4194,
235.0254,
224.5471,
325,
325,
247.413,
228.7137,
234.1475,
230.2142,
231.6641,
250.8738,
210.7106,
216.2311,
275.9066,
232.0089,
222.9873,
291.3786,
305.0877,
259.4465,
325,
263.4574,
325,
0,
2076, 
237.243,
216.272,
224.3211,
283.2922,
285.4194,
236.5592,
224.5471,
328,
328,
247.5559,
228.6955,
236.1119,
231.1016,
231.6641,
251.5407,
211.8888,
216.5523,
278.8745,
232.7151,
223.856,
293.4295,
308.4927,
259.4465,
328,
264.0564,
328,
0,
2077, 
237.6735,
216.5649,
224.5069,
285.1816,
285.4194,
236.5791,
224.5471,
331,
331,
247.5559,
228.6955,
237.4263,
233.1114,
232.6363,
251.9427,
213.4589,
217.005,
281.7619,
233.0409,
224.9648,
302.179,
309.6085,
259.5248,
331,
264.8994,
331,
0,
2078, 
238.0972,
216.8402,
224.6838,
291.6924,
285.4194,
236.5982,
224.5471,
334,
334,
247.5559,
228.7177,
239.779,
234.3564,
233.6271,
252.0705,
215.3741,
217.4415,
282.8426,
233.3585,
226.1181,
306.0739,
310.7492,
259.5898,
334,
266.6424,
334,
0,
2079, 
238.5138,
217.0967,
238.8707,
294.831,
285.4194,
236.6165,
224.5471,
337,
337,
247.9722,
228.7455,
241.708,
235.5901,
234.6387,
252.0705,
215.9289,
217.8599,
284.391,
233.6678,
227.3236,
307.4043,
311.8134,
259.6115,
337,
272.0305,
337,
0,
2080, 
238.9232,
217.3333,
240.8992,
297.1861,
285.4194,
236.634,
224.5471,
340,
340,
248.4361,
233.0414,
242.3424,
237.5026,
235.6732,
252.0832,
216.0055,
218.2583,
286.5233,
233.9684,
228.591,
307.8108,
313.1795,
259.6115,
340,
275.7339,
340,
0,
2081, 
239.3251,
217.5485,
257.8118,
297.1861,
285.4194,
236.6507,
224.5471,
343,
343,
249.1551,
233.2813,
242.2192,
238.7296,
236.7334,
252.1538,
216.0718,
218.6347,
286.9383,
234.1987,
229.9532,
307.8108,
314.5855,
259.6115,
343,
277.9932,
343,
0,
2082, 
239.7191,
217.7408,
269.3796,
297.7441,
285.4194,
236.6507,
224.5471,
346,
346,
251.7892,
233.2025,
241.2441,
239.6585,
237.4308,
252.1709,
216.1274,
220.8468,
287.7768,
234.1987,
230.8802,
308.2125,
315.2744,
259.6115,
346,
280.821,
346,
0,
2083, 
240.1049,
217.9086,
280.3219,
298.7135,
285.4194,
236.6507,
224.5471,
349,
349,
251.7892,
233.2651,
239.556,
240.5492,
238.4777,
252.1981,
216.1723,
223.536,
291.4245,
235.5675,
231.6163,
310.4053,
315.8541,
259.6115,
349,
283.2413,
349,
0,
2084, 
240.4823,
219.2785,
290.1077,
298.8115,
285.4194,
236.6507,
224.5471,
352,
352,
252.0531,
233.2831,
234.3353,
241.2394,
242.1103,
252.2784,
216.206,
225.3871,
293.9024,
236.2394,
232.1387,
311.5536,
317.2457,
259.6115,
352,
284.8047,
352,
0,
2085, 
240.8508,
221.0715,
291.7297,
302.9371,
285.4194,
236.6507,
224.5471,
355,
355,
252.3234,
233.2739,
230.8237,
241.6818,
245.3899,
252.3319,
216.2283,
227.6874,
295.6751,
236.9097,
232.8623,
311.5536,
319.557,
259.6115,
355,
287.4503,
355,
0,
2086, 
241.5794,
221.3207,
292.9822,
306.7578,
285.4194,
236.6507,
224.5471,
358,
358,
252.6721,
233.2686,
230.2549,
244.2409,
245.3899,
252.3431,
217.1258,
227.6874,
297.0694,
238.3591,
234.4242,
311.5536,
321.5204,
259.6115,
358,
288.4548,
358,
0,
2087, 
242.3782,
221.5514,
292.9822,
308.4167,
285.4194,
236.6507,
224.5471,
361,
361,
253.1432,
232.7136,
229.6965,
247.0833,
245.3899,
255.2015,
219.1085,
227.6874,
299.4276,
246.7015,
236.5647,
311.5536,
323.9386,
259.6115,
361,
289.4677,
361,
0,
2088, 
243.2531,
221.7522,
292.9822,
308.7469,
285.4194,
236.8297,
224.5471,
364,
364,
255.5084,
230.16,
229.413,
250.265,
246.4508,
255.7457,
219.2,
227.6874,
300.6061,
254.6904,
240.8757,
311.5536,
325.7512,
259.6115,
364,
289.8834,
364,
0,
2089, 
244.2118,
221.9083,
292.9822,
311.7816,
285.4194,
236.8297,
225.6314,
367,
367,
255.5084,
228.4957,
229.2702,
254.1162,
247.3177,
257.0126,
367,
227.6874,
302.3096,
269.8517,
245.3988,
311.5536,
327.393,
259.6115,
367,
289.8834,
367,
0,
2090, 
361.5108,
222,
292.9822,
311.7816,
285.4194,
236.8297,
225.6314,
370,
370,
255.5084,
227.5303,
229.1985,
254.7713,
248.2401,
258.2206,
370,
227.6874,
303.4507,
276.0034,
255.6685,
311.5536,
327.8528,
259.6115,
370,
294.8028,
370,
0,
2091, 
363.0266,
373,
293.0129,
311.7816,
285.4194,
236.9948,
231.272,
373,
373,
255.5084,
227.0079,
229.2473,
255.4644,
248.2401,
259.156,
373,
227.6874,
304.2834,
276.0034,
256.6741,
311.5536,
328.2006,
259.6115,
373,
299.3099,
373,
0,
2092, 
363.0266,
376,
293.0446,
316.174,
285.4194,
236.9948,
231.272,
376,
376,
255.5084,
226.7357,
229.2473,
258.4633,
248.2592,
310.7858,
376,
227.6874,
312.3637,
288.4556,
270.9905,
311.5536,
328.4026,
260.6605,
376,
301.8363,
376,
0,
2093, 
363.0266,
379,
325.0894,
316.174,
285.4194,
236.9948,
231.272,
379,
379,
255.5084,
226.7304,
231.6264,
262.5084,
251.4838,
315.1206,
379,
229.4194,
316.7006,
288.4556,
286.0644,
311.5536,
331.1219,
261.7677,
379,
303.742,
379,
0,
2094, 
363.0266,
382,
344.3495,
316.174,
285.4194,
236.9948,
231.272,
382,
382,
255.5084,
232.9505,
269.6522,
267.2433,
256.6277,
316.4178,
382,
232.7769,
318.2737,
292.3374,
293.5999,
311.5536,
332.5526,
262.2969,
382,
305.1501,
382,
0,
2095, 
363.0266,
385,
344.3558,
316.174,
285.4194,
241.5466,
231.272,
385,
385,
255.5084,
235.2266,
372.0204,
270.4523,
259.8555,
317.8907,
385,
233.9865,
318.5221,
294.2326,
297.5728,
311.5536,
333.6198,
262.4992,
385,
305.702,
385,
0,
2096, 
363.0266,
388,
346.7298,
316.3547,
285.4194,
244.1892,
232.6841,
388,
388,
255.5084,
298.7865,
377.6225,
272.4693,
261.7556,
320.3062,
388,
238.083,
319.229,
296.6058,
302.9636,
311.5536,
334.0279,
262.6718,
388,
307.0068,
388,
0,
2097, 
363.0266,
391,
346.7298,
317.1518,
285.4194,
245.4526,
232.6841,
391,
391,
255.7085,
370.913,
383.1223,
277.7524,
264.3109,
324.9306,
391,
238.083,
320.7311,
301.2496,
307.6649,
311.5536,
334.0538,
262.9005,
391,
307.6598,
391,
0,
2098, 
363.0266,
394,
346.7298,
317.4192,
285.4194,
245.61,
233.2,
394,
394,
256.0959,
386.4959,
383.9857,
281.4686,
265.5408,
327.3971,
394,
238.083,
324.9998,
306.0759,
311.4679,
311.5536,
334.0538,
264.8615,
394,
308.4497,
394,
0,
2099, 
363.0266,
397,
346.7298,
317.4192,
285.4194,
245.9418,
397,
397,
397,
256.6663,
391.1802,
384.0333,
284.2271,
265.5408,
329.5005,
397,
238.083,
327.5916,
313.5882,
318.3175,
311.5536,
334.0538,
266.424,
397,
310.2019,
397,
0,
2100, 
363.0266,
400,
346.7298,
317.4192,
285.4194,
245.9418,
400,
400,
400,
259.3602,
391.8763,
381.5777,
285.3759,
265.5408,
332.0612,
400,
238.083,
328.085,
315.0929,
324.373,
311.5536,
334.0538,
266.6595,
400,
312.0081,
=======
=======
>>>>>>> 4d9e712909650e13193c45904b75652afa554b9e
173.8426,
185.9322,
220.8608,
184.8104,
220.4039,
183.5198,
215.4251,
215.1656,
193.1299,
206.9229,
229,
229,
175.0252,
229,
217.0823,
229,
0,
2036, 
175.8052,
179.5999,
196.5118,
230.4,
177.8445,
212.2148,
222.5541,
230.4,
230.4,
175.6332,
174.1079,
187.01,
221.22,
185.3494,
223.4631,
184.7758,
215.4251,
215.8285,
193.2879,
206.9229,
230.4,
230.4,
176.163,
230.4,
218.5461,
230.4,
0,
2037, 
175.8131,
180.1598,
196.5118,
231.8,
177.8445,
212.7958,
222.5541,
231.8,
231.8,
175.6332,
174.2391,
187.01,
221.897,
185.9749,
223.4631,
185.827,
215.4796,
216.0218,
193.3607,
206.9229,
231.8,
231.8,
177.9854,
231.8,
219.1728,
231.8,
0,
2038, 
176.3387,
181.0534,
196.5118,
233.2,
177.8445,
212.8483,
223.3696,
233.2,
233.2,
175.6332,
174.3715,
187.01,
222.456,
186.2627,
223.4631,
186.0682,
215.4796,
216.0294,
193.5698,
206.9229,
233.2,
233.2,
178.8479,
233.2,
220.1311,
233.2,
0,
2039, 
176.6996,
181.7454,
196.5118,
234.6,
177.8445,
212.8483,
224.5442,
234.6,
234.6,
175.6332,
174.4929,
187.01,
222.69,
188.849,
223.4631,
186.0826,
215.4796,
216.1617,
194.2249,
207.1728,
234.6,
234.6,
180.1096,
234.6,
221.5206,
234.6,
0,
2040, 
177.0986,
181.825,
196.5118,
236,
177.8445,
212.8483,
224.5442,
236,
236,
175.6332,
174.6201,
187.3135,
222.9206,
188.849,
223.4631,
186.6601,
215.4796,
216.1691,
194.9636,
207.6322,
236,
236,
182.0844,
236,
222.7148,
236,
0,
2041, 
177.4664,
182.1655,
196.5118,
237.4,
177.8445,
212.8483,
224.5442,
237.4,
237.4,
175.6332,
174.8276,
191.7556,
223.3101,
189.2908,
223.4631,
187.9343,
215.4796,
216.1764,
195.7333,
207.6537,
237.4,
237.4,
182.3708,
237.4,
223.868,
237.4,
0,
2042, 
177.9316,
182.9207,
197.1283,
238.8,
177.9956,
213.5064,
224.5442,
238.8,
238.8,
176.7269,
175,
196.1054,
223.6451,
190.7863,
223.4631,
188.5921,
215.4796,
216.5609,
196.7392,
207.6537,
238.8,
238.8,
183.4415,
238.8,
224.6808,
238.8,
0,
2043, 
178.4735,
183.7866,
197.7691,
240.2,
178.1451,
214.1809,
224.5442,
240.2,
240.2,
178.3023,
175.1724,
199.5518,
223.7685,
192.1203,
223.4631,
189.2962,
215.4796,
216.6909,
197.683,
207.6537,
240.2,
240.2,
184.5817,
240.2,
225.366,
240.2,
0,
2044, 
179.1267,
184.7978,
198.4364,
241.6,
178.293,
214.8729,
224.5442,
241.6,
241.6,
180.4443,
175.3448,
201.5336,
224.0176,
193.6522,
223.4631,
190.0533,
215.4796,
216.8206,
198.3958,
207.6537,
241.6,
241.6,
186.0105,
241.6,
225.7066,
241.6,
0,
2045, 
180.2444,
186.0054,
199.1325,
243,
178.439,
215.5831,
224.5442,
243,
243,
183.2661,
175.5172,
207.3828,
225.0367,
195.4373,
223.4631,
190.872,
215.4796,
216.9501,
199.1877,
207.6537,
243,
243,
187.7934,
243,
226.7028,
243,
0,
2046, 
181.4058,
187.4874,
199.8599,
244.4,
178.5829,
216.3125,
224.5442,
244.4,
244.4,
189.5059,
175.6897,
212.3974,
225.0367,
197.5536,
223.4631,
191.7624,
215.4796,
217.0793,
199.7099,
208.282,
244.4,
244.4,
190.1655,
244.4,
227.1031,
244.4,
0,
2047, 
183.1069,
189.3699,
200.6215,
245.8,
178.7245,
219.0612,
224.5442,
245.8,
245.8,
194.8682,
175.8621,
216.4817,
225.6152,
201.3502,
223.4631,
192.7371,
215.4796,
217.2082,
200.4322,
209.5182,
245.8,
245.8,
194.0629,
245.8,
227.2151,
245.8,
0,
2048, 
185.9557,
191.8696,
201.4207,
247.2,
178.8633,
221.8805,
224.5442,
247.2,
247.2,
200.0669,
176.0345,
220.2191,
226.2133,
205.6066,
223.4631,
193.812,
215.4796,
218.4385,
200.9878,
210.597,
247.2,
247.2,
199.946,
247.2,
227.3766,
247.2,
0,
2049, 
192.0207,
195.3939,
202.2611,
248.6,
178.9992,
222.848,
224.5442,
248.6,
248.6,
207.4955,
176.2069,
223.7348,
226.2687,
209.7881,
223.4631,
195.0071,
215.4796,
218.9857,
201.5609,
210.597,
248.6,
248.6,
216.5726,
248.6,
228.1423,
248.6,
0,
2050, 
215.829,
200.8111,
203.1469,
250,
179.1315,
223.6057,
224.5442,
250,
250,
222.0221,
250,
227.5341,
226.2687,
216.725,
223.4631,
196.3481,
215.4796,
222.4782,
202.1528,
210.597,
250,
250,
237.618,
250,
228.9375,
250,
0,
2051, 
215.829,
205.9911,
204.0829,
253,
187.8627,
224.4144,
224.5442,
253,
253,
237.7082,
253,
231.9637,
226.2763,
217.8029,
223.4631,
197.8685,
215.4796,
223.4462,
202.7646,
210.6625,
253,
253,
238.3518,
253,
230.6635,
253,
0,
2052, 
215.829,
206.3931,
206.0586,
256,
197.4532,
224.4144,
224.5442,
256,
256,
240.8586,
256,
232.7017,
226.6821,
218.6895,
223.4631,
198.3797,
215.4796,
223.5569,
203.1239,
211.4881,
256,
256,
238.5013,
256,
231.7849,
256,
0,
2053, 
215.829,
206.8016,
208.317,
259,
197.4532,
224.4144,
224.5442,
259,
259,
240.8586,
259,
233.455,
227.4771,
218.6895,
223.4631,
198.9078,
215.4796,
227.309,
203.4885,
212.3708,
259,
259,
238.5013,
259,
232.0813,
259,
0,
2054, 
215.829,
207.2168,
210.9301,
262,
199.6508,
224.4144,
224.5442,
262,
262,
241.2786,
262,
233.7185,
227.6016,
218.6895,
223.4631,
199.4542,
215.4796,
227.4143,
203.8585,
213.2489,
262,
262,
238.5013,
262,
232.6124,
262,
0,
2055, 
215.829,
207.6389,
213.9969,
262,
202.107,
224.4144,
224.5442,
265,
265,
241.5283,
265,
233.9434,
227.6016,
219.1873,
223.4631,
200.0202,
215.4796,
227.5195,
204.2343,
213.402,
265,
265,
238.5013,
265,
234.9169,
265,
0,
2056, 
215.829,
208.0684,
217.6568,
263.6716,
204.3129,
224.4144,
224.5442,
268,
268,
241.5283,
268,
234.0892,
227.6016,
220.2314,
223.9611,
200.6074,
215.4796,
227.6243,
204.6161,
213.5549,
265,
268,
239.0742,
268,
235.0686,
268,
0,
2057, 
215.829,
208.5055,
217.8788,
264.56,
211.0765,
224.4144,
224.5442,
271,
271,
241.5283,
271,
234.3722,
227.6016,
220.3579,
226.0244,
200.6605,
215.4796,
227.8083,
205.4221,
213.5549,
265,
271,
239.9933,
271,
235.5804,
271,
0,
2058, 
215.829,
208.9506,
218.1014,
264.56,
218.4489,
224.4144,
224.5442,
274,
274,
241.5283,
274,
234.5011,
227.9141,
221.9584,
227.4884,
200.713,
215.4796,
232.5154,
206.2686,
213.9361,
268.0399,
271,
240.645,
274,
237.9536,
274,
0,
2059, 
215.829,
209.404,
218.3246,
264.56,
227.4743,
224.4144,
224.5442,
277,
277,
243.692,
277,
234.5011,
227.9733,
223.6605,
227.4884,
200.7649,
215.4796,
232.6955,
207.1597,
213.9361,
268.0399,
272.2229,
241.278,
277,
238.0446,
277,
0,
2060, 
215.829,
209.8661,
218.5483,
264.56,
241.8065,
224.4144,
224.5442,
280,
280,
245.8915,
280,
234.5011,
228.1315,
224.6629,
227.7652,
200.8163,
215.4796,
237.5012,
208.1,
213.9955,
268.0399,
276.4508,
242.6477,
280,
238.5108,
280,
0,
2061, 
215.829,
210.3374,
218.7726,
264.56,
257.0263,
226.1548,
224.5442,
283,
283,
245.8915,
283,
234.5011,
228.3272,
224.6629,
227.7652,
200.867,
215.4796,
240.8449,
209.0946,
214.4508,
272.9472,
277.8992,
243.1983,
283,
239.3545,
283,
0,
2062, 
215.829,
210.8014,
219.0953,
264.56,
257.0263,
226.4752,
224.5442,
286,
286,
249.1059,
286,
234.5011,
228.5392,
224.6629,
227.8031,
201.6364,
215.4796,
242.6747,
210.0959,
215.026,
272.9472,
277.8992,
244.7706,
286,
239.3545,
286,
0,
2063, 
215.829,
211.2577,
219.0953,
265.4385,
264.0084,
230.2776,
224.5442,
289,
289,
249.1059,
289,
234.5011,
228.6589,
224.6629,
229.4972,
202.4115,
215.4796,
244.916,
211.1198,
215.3077,
272.9472,
280.6891,
248.4388,
289,
242.9019,
289,
0,
2064, 
215.829,
211.7058,
219.0953,
265.4385,
267.8944,
230.2776,
224.5442,
292,
292,
249.1059,
292,
234.5011,
228.723,
226.5031,
229.9165,
203.1931,
215.4796,
247.7578,
212.1689,
215.582,
272.9472,
280.6891,
250.8106,
292,
245.1619,
292,
0,
2065, 
215.829,
212.1456,
219.0953,
265.8907,
267.8944,
230.2776,
224.5442,
295,
295,
249.1401,
295,
234.5011,
228.723,
228.6633,
232.5862,
203.9819,
215.4796,
250.1891,
213.2463,
215.8487,
273.8598,
280.9502,
253.3885,
295,
245.1619,
295,
0,
2066, 
215.829,
212.5763,
219.0953,
266.1281,
269.1454,
230.2776,
224.5442,
298,
298,
250.1696,
298,
234.5011,
228.723,
230.9862,
233.9919,
204.7792,
215.4796,
252.4036,
214.3557,
216.1077,
273.8598,
284.2162,
255.5893,
298,
246.4883,
298,
0,
2067, 
215.829,
212.9977,
219.0953,
273.9506,
269.1454,
230.2776,
224.5442,
301,
301,
253.9634,
301,
234.5011,
228.723,
230.9862,
236.4463,
205.1994,
215.4796,
254.9472,
214.9095,
217.0319,
273.8598,
286.3866,
256.9449,
301,
248.188,
301,
0,
2068, 
215.829,
213.4093,
219.0953,
280.7335,
269.1454,
230.2776,
224.5442,
304,
304,
253.9634,
304,
234.5011,
228.723,
230.9862,
236.4463,
205.6048,
215.4796,
257.2436,
215.4569,
217.5031,
273.8598,
286.8363,
257.9534,
304,
249.2719,
304,
0,
2069, 
215.829,
213.8104,
219.0953,
284.7157,
269.1454,
230.2776,
224.5442,
307,
307,
254.7653,
307,
234.5011,
228.723,
230.9862,
236.4463,
205.9943,
215.4796,
259.5505,
215.9975,
217.8203,
273.8598,
286.8363,
258.6326,
307,
251.8546,
307,
0,
2070, 
215.829,
214.2005,
219.0953,
286.4783,
269.1454,
230.2776,
224.5442,
310,
310,
257.4985,
310,
234.5011,
228.8961,
230.9862,
237.7122,
206.3666,
215.4796,
264.1508,
216.5308,
218.0019,
284.6237,
287.889,
259.0567,
310,
257.0713,
310,
0,
2071, 
215.829,
214.579,
219.0953,
287.3888,
269.1454,
230.2776,
224.5442,
313,
313,
258.114,
313,
234.5011,
229.2375,
230.9862,
238.8254,
206.7202,
215.4796,
268.085,
217.0564,
218.2659,
285.1176,
288.351,
259.469,
313,
260.8872,
313,
0,
2072, 
215.829,
214.9452,
219.6822,
287.3888,
269.1454,
231.5997,
224.5442,
316,
316,
260.3313,
316,
234.7102,
229.5606,
230.9862,
239.5955,
207.6448,
215.7926,
270.5799,
217.9001,
219.0898,
285.1176,
288.351,
259.613,
316,
261.8327,
316,
0,
2073, 
215.829,
215.2984,
220.2633,
287.3888,
269.1454,
232.9708,
224.5442,
319,
319,
263.7235,
319,
234.9139,
229.8042,
230.9862,
242.375,
208.6095,
216.0934,
272.1852,
218.7555,
220.0073,
285.1176,
288.351,
259.7858,
319,
261.8882,
319,
0,
2074, 
215.829,
215.6379,
220.8383,
288.517,
269.1454,
234.397,
224.5442,
322,
322,
264.6202,
322,
235.1123,
229.991,
230.9862,
247.0606,
209.6258,
216.3814,
273.8556,
219.624,
220.9337,
286.9609,
296.2408,
259.9804,
322,
262.7455,
322,
0,
2075, 
215.829,
215.9627,
221.4066,
291.4026,
269.1454,
235.8853,
224.5442,
325,
325,
265.5225,
325,
235.3053,
231.6358,
230.9862,
252.809,
210.7106,
216.6559,
276.4453,
220.5073,
221.794,
289.4061,
300.6809,
260.0777,
325,
264.1728,
325,
0,
2076, 
216.2802,
216.272,
221.9676,
293.6284,
269.1454,
237.444,
224.5442,
328,
328,
266.4477,
328,
235.4927,
234.1561,
230.9862,
255.0301,
211.8888,
216.9163,
281.9504,
221.4076,
222.6678,
291.2587,
300.6809,
260.438,
328,
264.803,
328,
0,
2077, 
216.915,
216.5649,
222.4077,
298.9751,
269.1454,
237.4643,
224.5442,
331,
331,
266.4477,
331,
235.5664,
236.341,
231.9425,
255.1346,
213.4589,
217.28,
284.1674,
221.8262,
223.8051,
297.901,
300.6809,
260.7142,
331,
266.6616,
331,
0,
2078, 
217.5437,
216.8402,
222.8358,
301.5768,
269.1454,
237.4837,
224.5442,
334,
334,
266.4477,
334,
235.6373,
237.7532,
232.9165,
255.2622,
215.3741,
217.6264,
286.4002,
222.2321,
224.9722,
302.6448,
300.6809,
260.7142,
334,
268.1969,
334,
0,
2079, 
218.1651,
217.0967,
223.251,
303.4627,
269.1454,
237.5024,
224.5442,
337,
337,
266.4477,
337,
235.7054,
238.9551,
233.9101,
255.2622,
215.9289,
217.9542,
287.8512,
222.6244,
226.1973,
305.5094,
300.7117,
260.7142,
337,
274.2824,
337,
0,
2080, 
218.7782,
217.3333,
223.6526,
303.4627,
269.1454,
237.5202,
224.5442,
340,
340,
267.886,
340,
235.7707,
239.8983,
234.9256,
255.4373,
216.0055,
218.2618,
289.3756,
223.0023,
227.4917,
305.6653,
300.7117,
260.7142,
340,
278.9928,
340,
0,
2081, 
219.3815,
217.5485,
224.0394,
304.117,
269.1454,
237.5373,
224.5442,
343,
343,
269.3536,
343,
235.8331,
240.6661,
236.7961,
255.483,
216.0718,
218.5476,
289.4259,
223.2877,
228.8702,
305.6653,
300.7117,
260.7702,
343,
281.7285,
343,
0,
2082, 
219.9734,
217.7408,
224.0394,
305.2359,
269.1454,
237.5373,
224.5442,
346,
346,
269.3536,
346,
235.9449,
241.2404,
237.7947,
257.4763,
216.1274,
220.1201,
289.7625,
223.2877,
229.7386,
305.6653,
300.7117,
260.7702,
346,
284.7033,
346,
0,
2083, 
220.5517,
217.9086,
224.0394,
305.4063,
269.1454,
237.5373,
224.5442,
349,
349,
269.6144,
349,
235.9449,
241.9133,
238.0713,
257.559,
216.1723,
221.7845,
289.8577,
224.9669,
230.4984,
305.6653,
300.7117,
260.7702,
349,
286.652,
349,
0,
2084, 
221.1136,
219.2785,
224.0394,
309.0536,
269.1454,
237.5373,
224.5442,
352,
352,
269.6144,
352,
236.6227,
242.3578,
240.7755,
257.665,
216.206,
222.7749,
294.0415,
225.8435,
231.0384,
305.6653,
300.7117,
260.7702,
352,
287.8021,
352,
0,
2085, 
221.6556,
221.0715,
224.0394,
312.4992,
269.1454,
237.5373,
224.5442,
355,
355,
269.6636,
355,
237.1187,
242.6994,
243.9476,
260.2986,
216.2283,
223.8322,
296.7979,
226.7462,
231.5744,
305.6653,
301.849,
260.7702,
355,
288.9267,
355,
0,
2086, 
222.173,
221.3207,
224.0394,
314.5689,
269.1454,
237.5373,
224.5442,
358,
358,
269.8011,
358,
238.2652,
245.1432,
243.9476,
260.4095,
217.1258,
223.8322,
298.1624,
228.8929,
233.5362,
305.6653,
303.2741,
260.7702,
358,
289.9282,
358,
0,
2087, 
222.7079,
221.5514,
224.0394,
314.719,
269.1454,
237.5373,
224.5442,
361,
361,
269.8011,
361,
238.2653,
247.7302,
244.8216,
260.6468,
219.1085,
223.8322,
301.3361,
228.8929,
236.1225,
305.6653,
309.1415,
260.7702,
361,
290.938,
361,
0,
2088, 
223.2556,
221.7522,
224.0394,
318.3698,
269.1454,
237.7231,
224.5442,
364,
364,
269.8011,
364,
238.4737,
250.4475,
245.6589,
264.1223,
219.2,
223.8322,
303.847,
231.3735,
240.8896,
305.6653,
311.6045,
260.7702,
364,
290.938,
364,
0,
2089, 
223.8095,
221.9083,
224.0394,
318.3698,
269.1454,
237.7231,
225.6235,
367,
367,
269.8011,
367,
239.0932,
253.5677,
246.2062,
264.1376,
367,
223.8322,
304.8865,
231.3735,
245.9193,
305.6653,
311.6045,
260.7702,
367,
290.938,
367,
0,
2090, 
224.3597,
222,
224.0394,
320.8138,
269.1454,
237.7231,
225.6235,
370,
370,
269.8011,
370,
240.295,
253.5677,
246.2062,
264.2691,
370,
223.8322,
306.8753,
231.3735,
258.2348,
305.6653,
313.6268,
260.7702,
370,
291.8491,
370,
0,
2091, 
241.6,
373,
224.0394,
323.2591,
269.1454,
237.8966,
231.1936,
373,
373,
269.8011,
373,
240.4696,
253.6467,
246.2062,
267.3751,
373,
223.8322,
308.5623,
231.3735,
259.6526,
305.6653,
313.6268,
260.7702,
373,
294.8754,
373,
0,
2092, 
241.6,
376,
224.8,
326.1063,
269.1454,
237.8966,
231.1936,
376,
376,
269.8011,
376,
240.4696,
256.0628,
246.2062,
314.8517,
376,
225.5954,
314.3395,
231.3735,
261.7944,
305.6653,
313.6268,
260.7702,
376,
298.2319,
376,
0,
2093, 
241.6,
379,
379,
327.434,
269.1454,
237.8966,
231.1936,
379,
379,
269.8011,
379,
240.4696,
259.7698,
250.487,
317.4957,
379,
226.5596,
319.5318,
232.069,
262.5367,
305.6653,
313.6268,
260.7702,
379,
299.633,
379,
0,
2094, 
241.6,
382,
382,
327.434,
269.1454,
239.8673,
231.1936,
382,
382,
269.8011,
382,
242.5256,
266.1021,
255.9298,
320.6111,
382,
230.4,
322.0623,
233.9054,
262.5367,
305.6653,
313.6268,
263.9136,
382,
301.0879,
382,
0,
2095, 
241.6,
385,
385,
327.434,
269.1454,
251.1099,
231.1936,
385,
385,
269.8011,
385,
244.4631,
268.1432,
259.6535,
322.4039,
385,
230.4,
322.7603,
236.3684,
262.5367,
305.6653,
313.6268,
264.8896,
385,
301.5405,
385,
0,
2096, 
241.6,
388,
388,
327.434,
269.1454,
257.347,
232.6485,
388,
388,
269.8011,
388,
244.4631,
270.2421,
261.843,
324.7638,
388,
230.4,
325.3687,
236.7184,
263.5106,
305.6653,
313.654,
266.014,
388,
302.5804,
388,
0,
2097, 
241.6,
391,
391,
327.6805,
269.1454,
260.4485,
232.6485,
391,
391,
269.8011,
391,
244.4631,
274.6934,
264.6683,
327.995,
391,
391,
327.1148,
236.8552,
265.6148,
305.6653,
314.6517,
269.4224,
391,
303.2022,
391,
0,
2098, 
241.6,
394,
394,
328.4553,
269.1454,
273.012,
233.2,
394,
394,
269.8011,
394,
244.4631,
278.806,
266.0697,
328.9277,
394,
394,
327.6267,
237.1802,
268.0456,
305.6653,
314.6517,
271.8073,
394,
304.1707,
394,
0,
2099, 
241.6,
397,
397,
329.0654,
269.1454,
296.6239,
397,
397,
397,
269.8011,
397,
244.4631,
280.5811,
266.0697,
330.0831,
397,
397,
328.264,
237.4963,
270.2032,
305.6653,
314.6517,
272.1324,
397,
306.3615,
397,
0,
2100, 
241.6,
400,
400,
330.7408,
269.1454,
296.6239,
400,
400,
400,
269.8011,
400,
244.4631,
282.2622,
266.0697,
331.4732,
400,
400,
328.7452,
238.3842,
271.447,
305.6653,
314.6517,
272.856,
400,
308.8789,
<<<<<<< HEAD
>>>>>>> 29fc07e (Remove T2MAT folder level)
=======
>>>>>>> 4d9e712909650e13193c45904b75652afa554b9e
400,
0];
