real main.em.dem.hi.Clinker_Production[28](t) = [1971, 
7.4853,
63.9486,
6.16722,
4.277119,
8.038461,
12.24752,
6.25314,
3.05092,
1.27804,
5.21629,
148.1945,
32.9983,
6.87323,
1.5908,
0,
82.27142,
8.05349,
12.39273,
10.62152,
26.71521,
7.71953,
0.44317,
51.11324,
4.80396,
2.93748,
1.97758,
0,
516.6688,
1972, 
8.181899,
67.437,
7.17746,
5.781819,
9.33324,
12.79692,
6.21131,
3.40158,
1.24333,
5.43968,
168.4209,
36.25626,
6.91145,
1.60064,
0,
85.52518,
9.37485,
13.10155,
10.72526,
29.89577,
8.42296,
0.54236,
57.01112,
5.09894,
2.82282,
2.23657,
0,
564.9509,
1973, 
9.0477,
69.8184,
8.13276,
6.222979,
10.98636,
13.26924,
6.09294,
3.4265,
1.25579,
6.10896,
163.4131,
38.33475,
8.140861,
1.62934,
0,
89.80722,
9.12502,
12.46328,
12.71725,
31.45451,
10.1647,
0.6734,
67.1832,
5.41886,
3.15224,
2.5543,
0,
590.5936,
1974, 
9.5769,
66.20219,
8.75104,
6.252499,
12.45334,
13.92114,
6.35816,
3.59293,
1.29139,
6.49789,
160.7271,
41.23879,
8.1354,
1.6728,
0,
94.4189,
10.79415,
11.88477,
13.50622,
31.40056,
9.854391,
0.75621,
62.87288,
5.7405,
3.51533,
2.57299,
0,
593.9885,
1975, 
8.7669,
55.917,
9.184,
5.841679,
13.44062,
13.5464,
6.93399,
4.03437,
1.26291,
6.38664,
152.3531,
44.09148,
9.85803,
1.77858,
0,
100.0867,
12.3421,
13.48584,
15.58739,
39.00477,
10.81171,
0.9800701,
56.34462,
5.41112,
3.63909,
2.37363,
0,
593.4628,
1976, 
8.908199,
60.8229,
10.40662,
6.260699,
15.3135,
14.35082,
7.11199,
4.07709,
1.34657,
6.27272,
156.5511,
47.32811,
11.06014,
20.22776,
0,
101.8817,
13.16961,
15.36828,
17.17443,
39.53132,
11.79269,
1.6471,
59.09232,
5.29932,
3.50987,
1.57975,
0,
640.0847,
1977, 
8.939699,
65.3661,
10.92896,
6.179519,
17.32086,
14.7559,
7.87561,
4.14117,
1.5753,
5.84997,
160.464,
49.99436,
12.1849,
20.59403,
0,
104.1859,
13.77966,
15.91359,
19.29018,
47.12441,
12.45426,
2.31959,
62.89868,
5.26234,
3.57448,
1.58242,
0,
674.5559,
1978, 
9.425699,
69.7914,
11.603,
6.7527,
19.05598,
15.69398,
9.07978,
4.31294,
1.44714,
6.07247,
163.3752,
52.34935,
14.17052,
20.18211,
0,
104.1039,
15.73099,
16.28958,
20.14103,
55.30912,
12.91017,
3.32059,
72.99853,
5.11872,
3.90026,
1.55661,
0,
714.6918,
1979, 
10.3131,
68.9832,
12.58864,
7.018379,
20.39422,
17.19458,
11.61984,
4.63334,
1.47028,
5.51711,
165.8589,
51.99385,
12.35143,
19.51764,
0,
100.8756,
19.55231,
15.1641,
22.21583,
62.54913,
15.70569,
4.03312,
75.51144,
5.14366,
3.76194,
1.56373,
0,
735.5311,
1980, 
9.306,
61.4169,
13.44636,
7.329389,
22.29908,
19.21998,
13.28058,
4.83181,
1.604715,
6.34125,
166.359,
56.74334,
11.80725,
19.44603,
3.444,
102.5402,
21.80244,
14.77649,
21.48692,
67.66492,
13.83473,
4.78569,
75.64302,
5.20902,
4.03221,
1.48808,
0,
750.1393,
1981, 
9.1368,
58.5486,
14.90186,
7.240192,
21.36182,
19.23638,
14.4714,
5.91049,
1.58137,
7.20455,
161.6095,
52.8036,
13.68913,
19.50725,
3.623785,
104.2786,
26.34503,
17.35364,
21.49147,
70.1516,
14.80752,
5.20429,
72.95209,
5.63558,
4.27336,
1.66341,
0,
754.9833,
1982, 
7.3224,
51.7275,
15.86126,
6.975526,
21.02808,
18.38604,
14.31654,
5.90159,
1.431351,
7.1912,
156.6791,
59.37403,
14.35798,
19.72428,
3.80357,
164.3214,
28.56279,
18.7995,
23.55717,
80.35645,
16.30811,
5.30712,
69.38996,
6.06644,
4.226613,
1.5397,
0,
822.5157,
1983, 
7.083899,
57.5343,
14.23766,
7.309465,
17.1134,
17.01418,
16.05827,
5.43523,
1.42311,
7.02833,
156.5567,
62.29861,
12.37145,
20.60824,
11.06487,
171.0192,
30.74569,
20.96663,
26.64662,
91.40956,
17.70769,
7.36645,
69.56626,
5.38532,
4.453147,
1.35547,
0,
859.7597,
1984, 
8.448299,
63.4068,
15.33564,
7.243676,
15.98754,
17.32496,
20.01432,
4.94573,
1.396034,
7.194759,
147.339,
64.99251,
14.32158,
21.3323,
11.67688,
173.43,
35.87509,
24.51903,
25.85583,
103.7566,
17.76047,
8.09263,
67.8196,
4.83062,
4.842429,
1.3706,
0,
889.1129,
1985, 
9.1728,
63.2556,
16.6091,
7.130142,
16.9207,
17.38892,
21.90112,
6.18016,
1.390888,
6.1232,
139.3141,
60.60722,
15.99871,
21.1519,
12.34182,
174.4788,
36.94828,
26.53593,
25.94319,
122.7869,
16.3618,
9.0454,
62.64842,
5.73362,
5.074242,
1.4685,
0,
902.5115,
1986, 
9.5499,
64.0008,
16.2565,
7.976664,
20.70664,
19.69804,
20.29912,
6.525658,
1.525423,
5.55894,
139.6933,
63.48124,
18.20364,
22.27612,
13.84898,
179.7981,
35.55969,
29.03589,
28.6923,
140.0384,
17.02337,
10.30393,
61.28704,
6.134619,
6.25898,
1.71236,
0,
945.4457,
1987, 
11.3427,
60.64199,
19.25524,
8.431331,
20.88376,
21.51926,
23.22633,
5.958461,
1.680385,
5.33911,
143.2396,
63.21106,
20.0018,
22.63692,
14.21224,
182.8526,
37.98329,
30.82205,
31.80086,
156.8833,
18.90434,
10.75074,
61.53386,
5.948624,
7.05796,
1.84586,
0,
987.9637,
1988, 
11.115,
64.3896,
19.35692,
7.959253,
20.76978,
21.52898,
24.51861,
6.817934,
1.61624,
6.0164,
153.1162,
65.17658,
20.53688,
23.0912,
14.45496,
184.6935,
40.50151,
34.14288,
37.68401,
176.6497,
21.34769,
11.93738,
66.69644,
6.070053,
7.55482,
1.9847,
0,
1049.727,
1989, 
11.3319,
64.1772,
19.8522,
8.422002,
21.25522,
19.10026,
24.81943,
7.071888,
2.05501,
6.46229,
159.6195,
63.62107,
21.57064,
22.92556,
15.1044,
186.6738,
44.87395,
36.68351,
42.88011,
176.7477,
25.18425,
13.45708,
68.55663,
6.669346,
7.53389,
2.01407,
0,
1078.663,
1990, 
10.5705,
63.8496,
20.24006,
8.412292,
21.197,
19.23036,
26.82816,
5.94437,
2.18762,
5.84107,
158.2907,
57.66368,
22.11209,
22.3655,
14.9445,
182.705,
45.9571,
38.3211,
45.42174,
175.9268,
31.93827,
13.45526,
72.6227,
6.327796,
7.83601,
2.23034,
0,
1082.42,
1991, 
8.406684,
60.27212,
20.59494,
7.375795,
22.46015,
20.1785,
29.02796,
6.223289,
2.068484,
5.452389,
153.8522,
41.77913,
23.6083,
21.28392,
13.94246,
65.51226,
38.37441,
43.27482,
50.03647,
205.1379,
35.54351,
12.22636,
76.84591,
5.53657,
8.179326,
2.515532,
0,
979.7095,
1992, 
7.681248,
62.20899,
22.0708,
7.485446,
19.45623,
23.85,
29.13487,
6.566607,
2.179944,
5.1714,
146.4459,
32.77607,
25.72332,
18.93298,
12.26966,
51.9224,
43.28453,
44.98262,
55.54538,
258.535,
38.79516,
12.69939,
75.54371,
5.710024,
8.691056,
2.125136,
0,
1019.788,
1993, 
8.370054,
65.76203,
23.29597,
7.897469,
20.14929,
32.48428,
26.61853,
6.655245,
2.217477,
5.404935,
134.5967,
29.89813,
28.05173,
13.9646,
9.27584,
41.83804,
47.63074,
47.92454,
57.94602,
309.0458,
45.59871,
17.66861,
75.19128,
6.397794,
8.741331,
2.063302,
0,
1074.688,
1994, 
9.398592,
69.21783,
25.52795,
8.539049,
20.38503,
24.88217,
26.80534,
5.661444,
2.175782,
6.205704,
142.064,
32.35333,
26.36169,
10.62884,
6.64774,
31.07636,
49.15179,
53.18032,
62.04102,
354.6357,
51.82996,
22.05847,
78.06365,
6.907706,
8.889302,
1.768292,
0,
1136.457,
1995, 
9.2394,
68.06181,
20.36247,
8.794625,
22.74608,
27.31967,
28.3675,
5.839801,
2.748538,
6.507375,
140.482,
32.79887,
29.67193,
7.30702,
4.93312,
30.29818,
51.12236,
56.88648,
65.42539,
401.2075,
58.12344,
20.70672,
76.9029,
6.58342,
8.741465,
2.160375,
0,
1193.339,
1996, 
9.7902,
71.2656,
20.3708,
7.30622,
27.7492,
26.10831,
32.76104,
9.215296,
2.465144,
6.68824,
135.4697,
33.38586,
31.3984,
5.3382,
3.5629,
23.2798,
41.70511,
67.36,
66.2756,
432.4815,
51.53441,
32.558,
80.136,
6.522816,
9.552428,
2.41544,
0,
1236.696,
1997, 
10.2843,
72.5175,
21.9725,
7.433097,
30.4419,
27.8052,
33.91707,
12.30504,
2.37237,
6.50881,
138.1517,
34.30558,
32.004,
5.82364,
3.7679,
22.41142,
41.42406,
67.52,
68.2752,
435.9614,
63.64173,
36.6268,
77.74741,
6.48036,
9.628759,
2.42451,
0,
1271.752,
1998, 
10.5996,
72.00719,
22.0492,
8.807739,
31.84,
29.58414,
33.33234,
9.942546,
2.750416,
8.227,
153.5825,
34.58004,
33.8452,
6.31728,
3.75314,
21.9063,
36.02168,
71.91,
56.5268,
452.7361,
47.39214,
38.984,
68.6172,
6.43972,
9.485516,
3.001556,
0,
1274.239,
1999, 
10.9998,
76.21291,
23.3142,
10.17578,
31.9579,
29.91196,
35.86628,
9.663874,
2.653725,
7.680699,
152.93,
35.145,
30.3752,
6.5436,
4.37552,
23.944,
36.54928,
76.32,
56.6886,
502.6893,
59.47447,
36.6445,
67.4442,
6.35289,
9.962006,
2.957501,
0,
1346.833,
2000, 
10.962,
77.865,
25.043,
8.62996,
30.968,
30.3044,
38.7086,
9.86506,
2.74684,
7.7314,
157.0873,
34.94712,
31.504,
6.05324,
3.7064,
27.19694,
42.40138,
80.75,
59.312,
511.6762,
56.6764,
45.496,
68.12399,
7.1778,
10.604,
2.60494,
0,
1388.142,
2001, 
11.232,
78.10561,
23.4,
8.618219,
30.81,
29.991,
41.242,
10.67175,
2.70555,
7.7945,
154.5264,
32.18897,
30.59,
6.3804,
4.081002,
29.77356,
44.72034,
83.4,
49.95784,
567.4686,
58.73455,
48.1574,
64.1908,
7.16071,
10.87693,
2.5891,
0,
1439.367,
2002, 
11.3256,
78.3354,
23.87,
9.23846,
29.26,
23.6159,
40.5048,
11.2476,
2.70732,
8.0808,
148.0686,
32.13338,
28.2968,
7.84176,
4.147728,
31.98965,
45.69806,
81.8,
52.79176,
592.6802,
65.47324,
53.4688,
60.0248,
7.2732,
11.1538,
2.23272,
0,
1463.26,
2003, 
12.0132,
80.34361,
24.32,
10.13384,
28.88,
25.1332,
43.1932,
11.15935,
3.44201,
8.466,
158.7164,
34.29903,
30.2562,
9.479031,
5.024822,
34.78955,
46.0348,
80.2,
55.80588,
706.2813,
71.18827,
55.599,
57.3792,
7.6311,
14.68417,
2.83777,
0,
1617.291,
2004, 
12.6054,
83.754,
26.25,
9.987,
25.8,
28.155,
45.1984,
11.17906,
3.71378,
9.84,
161.7881,
36.73331,
32.528,
11.18124,
5.427408,
39.02147,
49.77627,
98.25,
51.30008,
778.3837,
79.78861,
58.3792,
56.0768,
7.6544,
14.88584,
2.8577,
0,
1740.515,
2005, 
12.012,
84.84,
27.75,
10.82694,
27.158,
31.302,
48.1869,
11.28006,
4.29705,
11.745,
161.3011,
38.269,
36.38,
12.93651,
5.56713,
41.38695,
54.495,
100.1,
48.535,
839.3092,
86.24015,
56.61,
57.768,
7.69327,
15.011,
2.86335,
0,
1833.864,
2006, 
11.76,
83.74799,
29.6,
11.33236,
27.158,
33.5072,
50.1633,
13.10337,
4.49307,
10.53,
169.112,
42.48937,
40.8,
14.60997,
6.06852,
46.48995,
57.82959,
119.35,
50.745,
969.7696,
86.581,
56.95,
58.017,
8.6237,
15.44875,
4.0986,
0,
2022.378,
2007, 
12.18,
81.396,
30.118,
11.75268,
34.336,
36.223,
51.7995,
17.81676,
4.72878,
12.393,
178.3474,
46.73361,
41.48,
16.1028,
6.561,
50.83722,
68.6194,
130.9,
53.6605,
1054.269,
90.01075,
65.45,
56.191,
9.11257,
24.0805,
4.28895,
0,
2189.388,
2008, 
11.508,
73.584,
29.674,
12.5171,
34.41,
38.0286,
63.5526,
23.08743,
5.76558,
10.935,
154.2287,
48.46534,
43.69,
16.9452,
7.3224,
45.6192,
70.705,
138.6,
49.402,
1083.829,
93.65981,
69.19,
52.124,
8.91669,
24.92625,
4.4307,
0,
2215.116,
2009, 
9.24,
54.516,
26.048,
10.92388,
38.258,
36.9852,
70.2999,
22.07331,
6.86475,
9.558001,
130.0345,
38.39836,
45.05,
11.9718,
7.06644,
38.01087,
83.4635,
138.6,
48.025,
1267.524,
98.22941,
74.8,
45.484,
8.83784,
28.41125,
5.12649,
0,
2353.801,
2010, 
10.416,
56.44799,
25.53,
11.53216,
43.734,
37.1702,
69.0606,
24.5025,
8.934299,
8.829,
125.1019,
38.47459,
53.295,
12.2229,
7.28028,
42.95025,
86.3549,
169.4,
45.56,
1460.4,
110.494,
70.55,
42.745,
8.597139,
31.90135,
5.54607,
0,
2607.03,
2011, 
10.08,
57.624,
25.53,
10.80104,
46.324,
37.0592,
68.4855,
23.86422,
10.29024,
9.072,
127.0284,
40.44579,
53.89,
13.365,
7.71039,
47.71872,
99.7296,
207.9,
46.495,
1630.341,
113.7538,
80.75,
42.579,
8.34814,
36.8373,
6.21999,
0,
2862.242,
2012, 
10.4706,
62.94456,
26.77616,
13.6086,
51.29902,
40.9035,
80.76591,
27.945,
11.7612,
9.363601,
104.6083,
35.7973,
54.29715,
12.91869,
14.32971,
53.1765,
148.4829,
207.9,
45.3118,
1715.769,
112.6063,
44.6675,
45.43171,
8.22945,
43.16045,
8.58681,
0,
2991.112,
2013, 
9.75324,
65.02859,
25.61288,
13.75512,
51.7815,
43.78062,
76.84794,
32.62923,
13.24593,
9.85608,
102.4246,
34.15104,
60.63645,
13.01184,
15.20532,
57.38769,
151.7606,
215.6,
45.80735,
1871.224,
118.1483,
48.3565,
48.10846,
8.216999,
45.71385,
9.357121,
0,
3187.401,
2014, 
9.978359,
69.82416,
27.08178,
14.55062,
52.72796,
43.95156,
84.98277,
32.93865,
14.73066,
9.77508,
101.5707,
34.81709,
60.55315,
12.59793,
17.2287,
60.04368,
152.504,
215.6,
45.66455,
1932.309,
122.2504,
48.416,
48.06779,
8.62702,
46.5137,
11.28897,
0,
3278.595,
2015, 
10.22028,
71.3496,
29.31362,
14.67198,
48.30942,
44.44588,
83.55717,
34.84539,
16.93872,
10.52352,
102.5686,
35.72415,
60.70615,
11.49714,
18.86733,
54.24003,
149.0051,
200.2,
49.9324,
1828.584,
134.8432,
51.0425,
45.50641,
9.14328,
54.6465,
11.53116,
0,
3182.214,
2016, 
9.82212,
71.52852,
30.02698,
14.40484,
42.59218,
40.91608,
85.80168,
37.9404,
18.32382,
10.53,
103.9854,
36.05987,
64.09255,
11.74581,
19.30797,
48.05001,
140.8278,
215.6,
54.25295,
1866.786,
140.1854,
52.87,
44.20165,
8.98973,
60.1426,
11.76201,
0,
3240.747,
2017, 
10.67304,
72.91116,
30.78474,
14.79334,
39.96296,
41.27498,
100.8879,
36.3771,
18.83412,
10.6677,
104.8455,
39.193,
68.4692,
11.83329,
21.5055,
48.6729,
133.198,
217.91,
54.604,
1804.981,
147.0186,
59.05715,
45.81185,
8.55315,
64.4249,
10.97226,
0,
3218.217,
2018, 
11.38536,
73.07999,
35.76272,
14.21466,
39.62922,
39.22222,
83.187,
42.46101,
18.9135,
11.0808,
106.8244,
41.92958,
61.6624,
12.14433,
22.34628,
48.3165,
136.8699,
238.7,
49.23455,
1732.125,
159.8748,
64.10105,
45.90481,
9.02957,
72.3877,
11.99853,
0,
3182.386,
2019, 
11.76,
74.004,
33.42062,
13.78472,
41.89214,
39.28734,
81.07047,
46.77426,
17.70174,
10.30806,
107.3811,
43.84611,
48.4211,
12.35898,
24.14367,
52.19316,
140.6745,
257.18,
47.79975,
1812.556,
176.4549,
61.234,
44.37346,
9.21715,
75.26155,
13.81617,
0,
3296.915,
2020, 
11.76,
75.432,
35.39642,
12.36614,
45.17848,
34.9391,
73.20375,
51.37668,
20.14227,
8.748,
105.6086,
44.57222,
61.45415,
12.58659,
25.53039,
50.67603,
152.9337,
223.3,
45.2268,
1841.43,
182.025,
53.4055,
42.25115,
8.8976,
74.5314,
14.17824,
0,
3307.15,
2021, 
11.76,
76.692,
38.15366,
13.72848,
48.75416,
42.62252,
82.21419,
56.35332,
22.2264,
10.125,
110.3849,
45.72876,
66.72076,
13.77729,
28.51524,
53.93304,
151.9146,
269.5,
47.4504,
1830.733,
193.3172,
55.3775,
41.56889,
9.0968,
83.18015,
14.29083,
0,
3418.119,
2022, 
12.6,
76.94399,
36.852,
13.88314,
47.02404,
44.62866,
78.31809,
57.0321,
21.1977,
9.72,
108.62,
44.18491,
62.6518,
9.396,
28.71855,
54.89532,
152.1216,
292.6,
48.9702,
1651.019,
200.8482,
54.536,
44.156,
9.28189,
80.35731,
14.58081,
0,
3255.138,
2023, 
12.58652,
<<<<<<< HEAD
<<<<<<< HEAD
77.16843,
37.14637,
14.16171,
47.57108,
44.90646,
80.33607,
59.17007,
19.75628,
9.792399,
105.3699,
42.82838,
62.78647,
9.390167,
29.3549,
55.0225,
154.3992,
303.0114,
46.04269,
1655.431,
202.9674,
54.34435,
43.90541,
=======
=======
>>>>>>> 4d9e712909650e13193c45904b75652afa554b9e
77.16876,
37.14637,
14.16169,
47.57108,
44.90926,
80.33607,
59.17007,
19.75628,
9.7924,
105.37,
42.82838,
62.78651,
9.390686,
29.3549,
55.02251,
154.3992,
303.0245,
46.04271,
1655.431,
202.9854,
54.34435,
43.90543,
<<<<<<< HEAD
>>>>>>> 29fc07e (Remove T2MAT folder level)
=======
>>>>>>> 4d9e712909650e13193c45904b75652afa554b9e
9.319287,
81.75706,
15.21034,
0,
<<<<<<< HEAD
<<<<<<< HEAD
3273.736,
2024, 
12.53771,
77.20543,
37.29748,
14.44666,
47.85534,
45.4882,
82.2447,
61.81429,
21.41117,
9.920479,
101.0947,
41.11489,
62.90122,
9.38819,
29.97805,
55.09397,
156.9282,
313.1581,
42.19242,
1659.07,
205.3008,
53.4923,
43.62395,
9.352445,
84.78784,
16.14169,
0,
3293.841,
2025, 
12.43713,
76.97107,
37.50875,
14.7221,
48.3279,
46.00345,
84.26449,
64.66045,
23.86725,
10.04165,
99.14317,
38.70912,
63.11065,
9.440382,
30.61323,
55.13409,
159.4855,
324.8685,
40.2871,
1662.356,
208.1231,
53.67721,
43.36982,
9.396428,
88.34309,
17.16108,
0,
3322.023,
2026, 
12.31248,
76.61453,
37.9702,
15.03084,
48.71691,
46.49954,
85.83617,
67.97573,
26.53973,
10.14084,
98.88933,
37.42588,
63.0777,
9.665843,
31.0719,
54.95584,
161.6294,
336.248,
40.2631,
1659.796,
209.8649,
54.97353,
42.98251,
9.435743,
92.81643,
18.62641,
0,
3349.36,
2027, 
12.16362,
75.95129,
38.42946,
15.36237,
49.11201,
46.97171,
87.14586,
71.24102,
29.14049,
10.23891,
97.93183,
37.40917,
63.07204,
9.912184,
31.51699,
54.72041,
163.7249,
346.1232,
40.24364,
1656.476,
211.4338,
56.23256,
42.62478,
9.429276,
97.05132,
20.05289,
0,
3373.712,
2028, 
12.00012,
75.15282,
38.88715,
15.66869,
49.51194,
47.42291,
88.33834,
74.41979,
31.67493,
10.34329,
96.57557,
37.38137,
63.07231,
9.767238,
31.94833,
54.50663,
165.7575,
334.5318,
40.21983,
1652.142,
212.8809,
57.471,
42.28989,
9.418281,
101.0854,
21.45262,
0,
3373.921,
2029, 
11.82819,
74.21855,
39.34702,
16.03141,
49.92525,
47.89979,
89.39642,
77.53726,
34.14826,
10.45774,
95.08772,
37.34786,
63.12303,
9.421383,
32.36529,
54.41005,
167.7139,
324.0246,
40.20443,
1646.473,
214.2573,
58.70932,
42.00586,
9.408908,
104.9722,
22.83061,
0,
3373.145,
2030, 
11.64131,
73.16654,
39.80786,
16.39695,
50.34418,
48.41312,
90.38966,
80.6328,
36.56526,
10.58539,
93.72691,
37.30665,
63.15022,
9.089754,
32.76687,
54.59103,
169.5687,
317.084,
40.1718,
1639.092,
215.478,
59.96617,
41.74113,
9.411953,
108.7328,
24.19095,
0,
3374.012,
2031, 
11.45521,
72.16957,
40.27855,
16.82234,
50.89,
49.00355,
91.45969,
85.62004,
39.74075,
10.78249,
94.33556,
37.55788,
63.2122,
8.78585,
33.12973,
54.70753,
171.1636,
324.5915,
40.10397,
1627.736,
216.5382,
61.21846,
41.55497,
9.428572,
113.124,
26.04436,
0,
3391.455,
2032, 
11.27031,
71.35782,
40.73447,
17.29686,
51.44802,
49.61943,
92.39937,
90.50923,
42.83418,
11.00742,
95.05605,
37.29467,
63.26434,
8.521559,
33.44639,
53.06234,
172.4788,
331.8634,
40.02815,
1613.625,
217.4342,
62.52889,
41.40774,
9.45471,
117.3815,
27.85671,
0,
3403.182,
2033, 
11.10052,
70.67715,
41.18797,
17.74576,
52.02882,
50.24908,
93.09733,
95.29408,
45.86576,
11.24909,
95.90796,
37.09474,
63.307,
8.314082,
33.71815,
51.55165,
173.4625,
338.9708,
39.9493,
1596.42,
218.1634,
63.91758,
41.30526,
9.493435,
121.5522,
29.64021,
0,
3411.264,
2034, 
10.93116,
69.88325,
41.6598,
18.22635,
52.64668,
50.90691,
93.56378,
100.0221,
48.85198,
11.51583,
96.8904,
37.01465,
63.30949,
8.199543,
33.95358,
50.15638,
174.0912,
345.9688,
39.86597,
1575.335,
218.6892,
65.40097,
41.23622,
9.536642,
125.6677,
31.40741,
0,
3414.931,
2035, 
10.76563,
68.87581,
42.21201,
18.74285,
53.30736,
51.64848,
93.85116,
104.735,
51.80067,
11.8102,
98.01048,
36.92918,
63.26421,
8.201678,
34.20179,
48.85134,
174.3901,
352.9045,
39.79807,
1550.002,
219.0024,
66.89804,
41.19936,
9.573471,
129.7583,
33.16893,
0,
3413.903,
2036, 
10.92132,
68.42583,
42.70238,
19.31429,
54.06151,
52.51315,
94.07413,
110.4987,
55.38789,
12.1662,
99.34003,
36.83453,
63.19638,
8.305021,
34.4647,
47.63844,
174.2411,
359.7912,
39.76568,
1519.172,
218.9172,
68.17949,
41.22417,
9.618979,
134.335,
35.2952,
0,
3410.385,
2037, 
11.09712,
69.76691,
43.20009,
19.92417,
54.87158,
53.49446,
94.03171,
116.253,
58.91381,
12.54705,
100.8185,
36.7363,
63.09343,
8.207604,
34.78331,
46.48286,
173.7631,
366.6189,
39.59666,
1485.609,
218.6458,
69.35692,
41.28611,
9.690403,
138.8645,
37.41693,
0,
3405.07,
2038, 
11.2832,
71.21713,
43.56613,
20.5731,
55.73661,
54.59367,
93.805,
122.0207,
62.40147,
12.95198,
102.4289,
36.63364,
62.93624,
8.195127,
35.16997,
45.36722,
173.0148,
373.409,
39.36036,
1450.113,
218.1744,
70.54596,
41.37194,
9.770176,
143.3594,
39.53548,
0,
3397.535,
2039, 
11.48033,
72.76908,
43.77578,
21.25922,
56.64697,
55.79955,
93.5177,
127.7398,
65.86701,
13.37947,
104.1683,
36.52738,
62.74118,
8.349323,
35.44787,
45.21313,
172.0446,
380.1749,
39.09731,
1412.851,
217.5319,
71.88622,
41.48473,
9.847591,
147.8333,
41.6489,
0,
3389.082,
2040, 
11.68854,
74.40454,
43.86067,
21.97742,
57.60776,
57.09956,
93.14852,
133.3942,
69.31381,
13.82699,
106.028,
36.41824,
62.52243,
8.506449,
35.63477,
45.25161,
170.8941,
386.9217,
38.81417,
1373.453,
216.7469,
73.40472,
41.62513,
9.928627,
152.2918,
43.76021,
0,
3378.524,
2041, 
11.91624,
76.08022,
43.81552,
22.72637,
58.60586,
58.45448,
92.71575,
140.1466,
73.4779,
14.3058,
108.0598,
36.30815,
62.32611,
8.657171,
35.79032,
45.32395,
169.4561,
393.4541,
38.51235,
1330.511,
215.722,
75.04057,
41.8347,
10.00956,
157.1725,
46.27787,
0,
3366.701,
2042, 
12.14964,
77.80515,
43.75236,
23.49617,
59.61966,
59.88155,
92.21776,
146.7887,
77.55515,
14.79306,
110.1644,
36.19543,
62.09872,
8.808798,
35.93108,
45.41031,
167.8177,
399.9063,
38.19197,
1285.094,
214.5798,
76.85783,
42.05149,
10.08454,
161.958,
48.77455,
0,
3351.984,
2043, 
12.38322,
79.58059,
43.7153,
24.28359,
60.65012,
61.40436,
91.67724,
153.4003,
81.56428,
15.28463,
112.3033,
36.07873,
61.81333,
8.960302,
36.05935,
45.50654,
165.9717,
406.269,
37.8456,
1237.428,
213.3055,
78.83809,
42.25349,
10.16038,
166.6382,
51.25273,
0,
3334.628,
2044, 
12.6154,
81.42463,
43.73811,
25.08237,
61.68331,
63.02209,
91.08512,
159.9674,
85.50862,
15.77663,
114.4566,
35.95833,
61.47719,
9.110654,
36.1768,
45.60855,
163.9308,
412.532,
37.47793,
1188.069,
211.9231,
80.956,
42.43629,
10.24907,
171.2086,
53.71198,
0,
3315.186,
2045, 
12.84469,
83.33533,
43.83232,
25.88735,
62.71143,
64.73933,
90.46632,
166.4682,
89.39407,
16.26525,
116.6053,
35.83454,
61.09743,
9.258873,
36.28548,
45.71117,
161.7307,
418.6843,
37.09348,
1138.536,
210.4553,
83.18946,
42.59595,
10.35607,
175.6628,
56.14885,
0,
3295.19,
2046, 
13.0805,
85.26907,
43.97602,
26.68602,
63.70849,
66.52399,
89.82204,
174.1061,
93.92128,
16.74376,
118.7863,
35.71741,
60.70958,
9.401593,
36.36073,
45.821,
159.2419,
424.4235,
36.70686,
1088.1,
208.8286,
85.42195,
42.7786,
10.47448,
180.3358,
58.9496,
0,
3275.896,
2047, 
13.30955,
87.22751,
44.20018,
27.47586,
64.67992,
68.40238,
89.22826,
181.5821,
98.31219,
17.20866,
120.9232,
35.59717,
60.20443,
9.540333,
36.43082,
45.92742,
156.6629,
429.9897,
36.3082,
1038.829,
207.1499,
87.71745,
42.92651,
10.59524,
184.8207,
61.67872,
0,
3256.929,
2048, 
13.58468,
89.06541,
44.51907,
28.23808,
65.56814,
69.84553,
88.51773,
188.7122,
102.5031,
17.66286,
123.2584,
35.49644,
60.35845,
9.639326,
36.49598,
46.01362,
154.0624,
435.4085,
36.07869,
990.8174,
206.0396,
90.06538,
43.31085,
10.66736,
189.2605,
64.30777,
0,
3239.498,
2049, 
13.85098,
90.901,
44.89528,
28.9828,
66.42336,
71.03532,
87.79305,
195.7477,
106.5612,
18.09877,
125.5234,
35.39302,
60.39905,
9.733104,
36.55904,
46.09595,
151.4232,
440.6434,
35.8434,
944.1875,
204.9016,
92.08088,
43.65379,
10.75007,
193.5113,
66.87802,
0,
3221.866,
2050, 
14.10943,
92.72977,
45.31532,
29.70722,
67.24413,
72.1939,
87.67703,
202.6887,
110.4993,
18.51488,
127.7166,
35.28781,
60.42342,
9.821233,
36.62126,
46.53031,
148.7675,
445.6917,
35.61003,
898.8303,
203.7651,
93.4424,
43.96188,
10.83697,
197.5777,
69.39062,
0,
3204.955,
2051, 
14.36678,
94.50553,
45.74906,
30.39763,
68.00498,
73.29167,
88.10938,
211.4574,
115.3855,
18.97445,
129.8375,
35.18521,
60.73686,
9.902826,
36.78511,
46.24191,
146.8026,
450.3444,
35.38272,
853.1733,
203.6719,
95.21664,
44.43907,
10.97656,
202.8652,
72.47186,
0,
3194.276,
2052, 
14.61251,
96.2583,
46.20697,
31.06318,
68.73346,
74.36829,
88.53702,
220.0762,
120.1316,
19.41289,
131.8591,
35.08016,
61.01559,
9.978052,
36.951,
46.30608,
146.1699,
454.7797,
35.07961,
808.7433,
203.5668,
96.91837,
44.83384,
11.12498,
207.9789,
75.47322,
0,
3185.259,
2053, 
14.84919,
97.96326,
46.67883,
31.7018,
69.4183,
75.40825,
88.96423,
228.5194,
124.7368,
19.82998,
133.7913,
34.97392,
61.28661,
10.04682,
37.11943,
46.36614,
145.5955,
459.0036,
34.73693,
766.5418,
203.4841,
98.54493,
45.18692,
11.27602,
212.9313,
78.39908,
0,
3177.354,
2054, 
15.07787,
99.60037,
47.15934,
32.31182,
70.05936,
76.40332,
89.39436,
236.7897,
129.2113,
20.22566,
135.6373,
34.86709,
61.56216,
10.10912,
37.29094,
46.42159,
145.0857,
463.0219,
34.4049,
726.5812,
203.4402,
100.0946,
45.49552,
11.42287,
217.7308,
81.25256,
0,
3170.652,
2055, 
15.29899,
101.1677,
47.63752,
32.89313,
70.65728,
77.35336,
89.8301,
244.8982,
133.5644,
20.60005,
137.3987,
34.75994,
61.848,
10.25399,
37.46596,
46.47249,
144.6444,
466.8409,
34.08585,
689.103,
203.4436,
101.5668,
45.77833,
11.56564,
222.3846,
84.03796,
0,
3165.551,
2056, 
15.51727,
102.6564,
48.07927,
33.43039,
71.17196,
78.21268,
90.22258,
253.8561,
138.3303,
20.94291,
139.0641,
34.65065,
62.1529,
10.37938,
37.60616,
46.51489,
144.1164,
470.2165,
33.7564,
653.6136,
203.4029,
102.8889,
46.05539,
11.6998,
227.0303,
87.07592,
0,
3162.644,
2057, 
15.7267,
104.0745,
48.51286,
33.93748,
71.64294,
79.02533,
90.61919,
262.5719,
142.9275,
21.26348,
140.6385,
34.54057,
62.45832,
10.48365,
37.7495,
46.55223,
143.6617,
473.3878,
33.46936,
622.3577,
203.3993,
104.1318,
46.28605,
11.82928,
231.5029,
90.01595,
0,
3162.766,
2058, 
15.92758,
105.4229,
48.93753,
34.41537,
72.07201,
79.79267,
91.02167,
271.0672,
147.3712,
21.56258,
142.1247,
34.42976,
62.76548,
10.56697,
37.89614,
46.5847,
143.2803,
476.3648,
33.26935,
599.3297,
203.434,
105.2974,
46.46347,
11.95391,
235.8135,
92.86642,
0,
3170.031,
2059, 
16.12024,
106.7034,
49.35144,
34.86518,
72.46109,
80.51636,
91.43127,
279.3611,
151.6747,
21.84112,
143.5258,
34.31828,
63.07516,
10.62974,
38.04613,
46.6125,
142.971,
479.1577,
33.17366,
577.8601,
203.507,
106.3886,
46.59237,
12.07379,
239.9723,
95.6348,
0,
3177.865,
2060, 
16.30503,
107.9182,
49.75441,
35.28812,
72.81219,
81.19824,
91.84885,
287.4706,
155.8499,
22.10006,
144.8453,
34.20617,
63.38779,
10.6704,
38.19948,
46.63583,
142.7321,
481.7762,
33.19875,
557.8687,
203.6178,
107.4082,
46.69252,
12.18917,
243.9892,
98.32769,
0,
3186.291,
2061, 
16.48578,
109.0637,
50.12051,
35.67297,
73.08384,
81.79688,
92.2021,
296.2571,
160.3178,
22.32862,
146.0768,
34.08878,
63.71501,
10.68442,
38.32884,
46.64253,
142.3966,
483.8715,
33.37284,
539.0844,
203.6948,
108.2839,
46.75391,
12.29409,
247.9139,
101.199,
0,
3195.73,
2062, 
16.65854,
110.1488,
50.47675,
36.032,
73.31961,
82.35551,
92.5605,
304.7909,
164.6162,
22.53851,
147.2301,
33.97046,
64.03881,
10.6657,
38.46052,
46.64476,
142.1274,
485.799,
33.38718,
521.6155,
203.7988,
109.093,
48.07557,
12.39509,
251.6811,
103.9699,
0,
3206.45,
2063, 
16.82376,
111.1765,
50.82219,
36.36678,
73.52173,
82.87642,
92.92451,
313.0972,
168.7617,
22.73087,
148.3095,
33.85127,
64.35977,
10.6103,
38.59444,
46.64275,
141.9213,
487.5693,
33.25929,
505.3736,
203.9287,
109.8392,
48.41169,
12.49246,
255.3032,
106.6501,
0,
3216.219,
2064, 
16.98193,
112.1502,
51.15605,
36.67879,
73.69242,
83.36192,
93.29443,
321.1979,
172.7688,
22.90684,
149.3197,
33.73125,
64.67832,
10.51562,
38.70359,
46.63672,
141.7748,
489.1925,
33.13671,
490.2717,
204.0831,
110.5263,
48.59586,
12.5864,
258.7915,
109.2482,
0,
3225.981,
2065, 
17.13382,
113.0728,
51.47785,
36.96951,
73.83381,
83.81419,
93.67033,
329.1121,
176.6503,
23.06754,
150.2666,
33.61058,
64.99755,
10.43473,
38.76654,
46.62689,
141.6847,
490.6786,
33.02002,
476.2246,
204.2637,
111.0987,
48.7608,
12.67694,
262.1571,
111.7716,
0,
3235.842,
2066, 
17.28244,
113.9376,
51.75946,
37.22313,
73.9034,
84.18992,
93.97871,
337.4869,
180.6837,
23.20007,
151.1708,
33.48548,
65.32778,
10.43724,
38.7622,
46.60788,
141.4933,
491.6564,
32.9097,
463.2084,
204.3988,
111.428,
48.91233,
12.75811,
265.3415,
114.39,
0,
3245.933,
2067, 
17.42487,
114.7576,
52.02424,
37.45726,
73.94666,
84.53532,
94.29093,
345.6219,
184.5627,
23.31864,
152.0169,
33.35952,
65.65289,
10.43611,
38.71306,
46.58524,
141.3519,
492.5091,
32.75821,
451.0864,
204.5497,
111.5919,
49.0442,
12.8362,
268.3978,
116.9152,
0,
3255.744,
2068, 
17.56159,
115.5361,
52.26802,
37.67331,
73.96552,
84.85243,
94.607,
353.5418,
188.3029,
23.42429,
152.8091,
33.23275,
65.97364,
10.4316,
38.63681,
46.55919,
141.2568,
493.2454,
32.56384,
439.7845,
204.7155,
111.5957,
49.15815,
12.91146,
271.3369,
119.3567,
0,
3265.301,
2069, 
17.69291,
116.2758,
52.48619,
37.8726,
73.96178,
85.14331,
94.92679,
361.2681,
191.9176,
23.518,
153.551,
33.10516,
66.28936,
10.42394,
38.53158,
46.52988,
141.2048,
493.8733,
32.32594,
429.2332,
204.8937,
111.4439,
49.25505,
12.9614,
274.1682,
121.7226,
0,
3274.576,
2070, 
17.81891,
116.9798,
52.67422,
38.0564,
73.93712,
85.40984,
95.25016,
368.8195,
195.4187,
23.60065,
154.2449,
32.97666,
66.58092,
10.41335,
38.39537,
46.49751,
141.1922,
494.4003,
32.04762,
419.3671,
205.0803,
111.1424,
49.33495,
12.94071,
276.9,
124.0202,
0,
3283.5,
2071, 
17.93744,
117.6192,
52.79974,
38.20762,
73.85228,
85.60416,
95.52686,
376.6555,
198.9602,
23.64264,
154.9129,
32.84887,
66.79778,
10.40166,
38.2143,
46.4613,
141.0856,
499.2487,
31.76749,
410.2425,
205.1876,
110.6347,
49.40652,
12.85038,
279.4177,
126.3595,
0,
3296.643,
2072, 
18.0509,
118.2278,
52.88853,
38.3449,
73.74898,
85.77671,
95.80524,
384.2727,
202.3641,
23.6398,
155.5378,
32.7201,
66.93723,
10.38749,
38.00822,
46.42231,
141.0126,
502.351,
31.47585,
401.6847,
205.2964,
109.9794,
49.46144,
12.70156,
281.8329,
128.6155,
0,
3307.544,
2073, 
18.15973,
118.808,
52.93736,
38.46933,
73.6286,
85.92916,
96.0852,
391.6937,
205.644,
23.59044,
156.1233,
32.59042,
67.01361,
10.37099,
37.77899,
46.38068,
140.9704,
504.1201,
31.17181,
393.6419,
205.4067,
109.1752,
49.49647,
12.50078,
284.1546,
130.7968,
0,
3316.638,
2074, 
18.26432,
119.3622,
52.93477,
38.58191,
73.49252,
86.06299,
96.36661,
398.938,
208.8122,
23.49045,
156.6725,
32.4599,
67.0312,
10.35236,
37.52874,
46.33654,
140.9564,
505.2935,
30.85491,
386.0663,
205.5181,
108.2245,
49.47794,
12.24827,
286.3907,
132.9108,
0,
3324.629,
2075, 
18.36516,
119.8923,
52.8786,
38.6836,
73.3419,
86.17962,
96.64935,
406.0231,
211.879,
23.33145,
157.1892,
32.32862,
66.99663,
10.33173,
37.25624,
46.29003,
140.9682,
506.4319,
30.76568,
378.9138,
205.6315,
107.1265,
49.42123,
11.96927,
288.5489,
134.9641,
0,
3332.358,
2076, 
18.45574,
120.3375,
52.74258,
38.7551,
73.13977,
86.22915,
96.89112,
413.2007,
214.9036,
23.09964,
157.6745,
32.20489,
66.91538,
10.31143,
36.94582,
46.24225,
140.9011,
507.0937,
30.72097,
372.1835,
205.6708,
105.821,
49.36254,
11.75135,
290.4579,
136.9843,
0,
3338.996,
2077, 
18.54462,
120.7623,
52.55342,
38.81693,
72.92506,
86.26352,
97.13289,
420.1831,
217.8113,
22.80921,
158.1396,
32.08115,
66.815,
10.28944,
36.61355,
46.19228,
140.8564,
507.5511,
30.66138,
365.7997,
205.7254,
104.378,
49.2979,
11.78788,
292.2928,
138.9324,
0,
3345.216,
2078, 
18.63033,
121.1683,
52.31218,
38.86983,
72.69872,
86.2839,
97.37456,
426.9904,
220.6135,
22.47258,
158.5786,
31.95673,
66.68329,
10.26588,
36.25677,
46.14026,
140.831,
507.699,
30.57119,
359.7287,
205.7781,
102.8063,
49.21957,
11.82325,
294.0566,
140.8156,
0,
3350.625,
2079, 
18.71314,
121.5572,
52.02082,
38.91454,
72.46165,
86.29133,
97.61608,
433.6397,
223.3201,
22.10547,
158.9936,
31.83166,
66.52252,
10.24085,
35.87827,
46.08628,
140.8231,
507.0735,
30.45078,
353.9398,
205.829,
101.1168,
49.13298,
11.85764,
295.7552,
142.6403,
0,
3354.812,
2080, 
18.79332,
121.9305,
51.68201,
38.95169,
72.21467,
86.28678,
97.85738,
440.1462,
225.9399,
21.72189,
159.3869,
31.70597,
66.33621,
10.21447,
35.59466,
46.03043,
140.831,
505.4843,
30.30094,
348.4053,
205.8779,
100.2792,
49.04701,
11.89124,
297.3939,
144.4121,
0,
3358.716,
2081, 
18.86028,
122.2121,
51.28055,
38.96376,
71.94074,
86.22896,
98.05466,
446.5921,
228.4743,
21.33826,
159.7254,
31.59163,
66.10604,
10.18932,
35.66387,
45.97661,
140.7777,
502.8684,
30.1424,
343.1571,
205.8375,
100.1647,
48.99268,
11.9158,
298.8054,
146.0962,
0,
3361.956,
2082, 
18.92463,
122.4804,
50.83469,
38.96914,
71.65829,
86.16061,
98.25078,
452.8659,
230.9115,
20.96275,
160.044,
31.47663,
65.85323,
10.16299,
35.73222,
45.92101,
140.7369,
499.7601,
30.00506,
338.1151,
205.791,
100.0367,
48.9579,
11.93973,
300.1578,
147.7186,
0,
3364.427,
2083, 
18.98662,
122.7366,
50.3508,
38.96834,
71.36791,
86.0825,
98.44574,
458.9845,
233.2608,
20.83799,
160.3443,
31.361,
65.84293,
10.13556,
35.79971,
45.8637,
140.7075,
497.0099,
29.9467,
333.2585,
205.7388,
99.89624,
48.92928,
11.96305,
301.4561,
149.2852,
0,
3367.56,
2084, 
19.04645,
122.9818,
49.83547,
38.96187,
71.07025,
85.99539,
98.63954,
464.963,
235.5302,
20.80144,
160.6281,
31.24479,
66.06129,
10.1071,
35.86637,
45.80476,
140.6882,
494.7942,
30.00743,
328.5684,
205.6812,
99.74445,
48.90527,
11.98583,
302.7046,
150.8015,
0,
3371.419,
2085, 
19.10394,
123.2169,
49.45675,
38.95015,
70.43798,
85.8999,
98.83215,
470.8146,
237.7267,
20.76167,
160.8949,
31.12788,
66.26979,
10.07768,
35.93219,
45.74427,
140.6778,
493.1219,
30.22001,
324.0277,
205.6145,
99.58204,
48.88066,
12.0081,
303.9064,
152.272,
0,
3375.559,
2086, 
19.14718,
123.3723,
49.43199,
38.91888,
69.29422,
85.76342,
98.98415,
476.4768,
239.819,
20.71432,
161.0928,
31.02307,
66.45141,
10.04992,
35.98649,
45.68519,
140.6198,
491.5921,
30.2703,
319.8037,
205.468,
99.36166,
48.86333,
12.02138,
304.9295,
153.6343,
0,
3378.775,
2087, 
19.18801,
123.5191,
49.40499,
38.88292,
67.76144,
85.61954,
99.1343,
481.9878,
241.8314,
20.6641,
161.2746,
30.91747,
66.62094,
10.02131,
36.03965,
45.62455,
140.5684,
489.5156,
30.21237,
315.6994,
205.309,
99.13219,
48.84525,
12.03422,
305.9064,
154.9443,
0,
3380.659,
2088, 
19.22663,
123.6582,
49.37589,
38.84263,
65.86567,
85.46883,
99.28267,
487.362,
243.771,
20.61123,
161.4415,
30.81115,
66.77943,
9.991892,
36.09172,
45.56242,
140.5229,
486.9099,
30.15085,
311.7023,
205.1384,
98.89431,
48.82085,
12.04665,
306.8409,
156.207,
0,
3381.377,
2089, 
19.26325,
123.7903,
49.34483,
38.79835,
63.64384,
85.3117,
99.42929,
492.6122,
245.6443,
20.55593,
161.5949,
30.70415,
66.92783,
9.961725,
36.14273,
45.49886,
140.4825,
484.9254,
30.08606,
307.8015,
204.9569,
98.64867,
48.78642,
12.05872,
307.7362,
157.4267,
0,
3382.133,
2090, 
19.29802,
123.9158,
49.31193,
38.75036,
61.21305,
85.04281,
99.57422,
497.7498,
247.4568,
20.49837,
161.7359,
30.59652,
67.06682,
9.930855,
36.19271,
45.43394,
140.4467,
483.0925,
30.01818,
303.9868,
204.765,
98.3959,
48.73965,
12.07044,
308.5953,
158.6073,
0,
3382.486,
2091, 
19.32247,
123.9855,
49.26654,
38.68871,
60.42449,
84.62432,
99.66212,
502.5752,
249.138,
20.43407,
161.8183,
30.49983,
67.19548,
9.900423,
36.23203,
45.36446,
140.3618,
481.088,
29.9495,
300.4775,
204.5281,
98.09332,
48.68589,
12.07482,
309.303,
159.6893,
0,
3383.383,
2092, 
19.34584,
124.0497,
49.21979,
38.62375,
60.12573,
84.08615,
99.74783,
507.2681,
250.7532,
20.36783,
161.8927,
30.4028,
67.32032,
9.869348,
36.27013,
45.29359,
140.2805,
478.9264,
29.87965,
297.0368,
204.2864,
97.78481,
48.61855,
12.0789,
309.9769,
160.728,
0,
3384.234,
2093, 
19.36771,
124.109,
49.17155,
38.55568,
59.82367,
83.43314,
99.83146,
511.841,
252.3079,
20.29974,
161.9572,
30.30521,
67.43716,
9.837669,
36.30704,
45.22142,
140.202,
477.2058,
29.80709,
293.6575,
204.035,
97.47063,
48.53821,
12.08271,
310.6182,
161.7276,
0,
3385.151,
2094, 
19.38819,
124.1638,
49.12193,
38.48474,
59.51852,
82.67088,
99.91303,
516.3046,
253.8071,
20.22994,
162.0127,
30.20711,
67.54662,
9.80542,
36.34282,
45.14796,
140.1259,
475.9158,
29.73204,
290.3328,
203.7746,
97.15119,
48.44699,
12.08626,
311.2292,
162.6913,
0,
3386.151,
2095, 
19.4074,
124.2144,
49.07098,
38.41113,
59.21046,
81.80553,
99.99266,
520.6686,
255.2554,
20.15855,
162.0598,
30.10851,
67.64929,
9.772635,
36.37751,
45.0733,
140.0517,
474.6865,
29.65466,
287.0571,
203.5055,
96.82687,
48.34505,
12.08958,
311.8123,
163.6223,
0,
3386.888,
2096, 
19.41701,
124.2206,
49.00386,
38.33041,
58.91139,
80.83034,
100.0089,
524.6469,
256.563,
20.08137,
162.0383,
30.01401,
67.72679,
9.80721,
36.39635,
44.9819,
139.9176,
473.1564,
29.57762,
283.9504,
203.1892,
96.46502,
48.22401,
12.08737,
312.2762,
164.4545,
0,
3386.276,
2097, 
19.42522,
124.2233,
48.9355,
38.24727,
58.60982,
79.76498,
100.0228,
528.5106,
257.8157,
20.00276,
162.0083,
29.91894,
67.79565,
9.819743,
36.41398,
44.88929,
139.7845,
471.4449,
29.49756,
280.8828,
202.8619,
96.09895,
48.09494,
12.08495,
312.7121,
165.2515,
0,
3385.118,
2098, 
19.43217,
124.2228,
48.866,
38.16188,
58.30592,
78.6166,
100.0347,
532.2698,
259.018,
19.92281,
161.9706,
29.82336,
67.85677,
9.815796,
36.43044,
44.79553,
139.6521,
469.4506,
29.41479,
277.8501,
202.5244,
95.72893,
47.95763,
12.08235,
313.1221,
166.0164,
0,
3383.343,
2099, 
19.43795,
124.2194,
48.79542,
38.07437,
57.99979,
77.39296,
100.0444,
535.9336,
260.1739,
19.84163,
161.9258,
29.72729,
67.9108,
9.796796,
36.44577,
44.70067,
139.5203,
467.3779,
29.32952,
274.8484,
202.1776,
95.35525,
47.81277,
12.07957,
313.5081,
166.7519,
0,
3381.182,
2100, 
19.44268,
124.2134,
48.72381,
37.9849,
57.69159,
76.10263,
100.0522,
539.5099,
261.287,
19.75929,
161.8747,
29.63078,
67.95838,
9.765303,
36.46003,
44.60474,
139.3889,
465.3743,
29.24196,
271.8744,
201.8219,
94.97816,
47.66104,
12.07662,
313.8717,
167.4604,
0,
3378.811];
=======
=======
>>>>>>> 4d9e712909650e13193c45904b75652afa554b9e
3273.771,
2024, 
12.53769,
77.20709,
37.29749,
14.45135,
47.85686,
45.49899,
82.24435,
61.81428,
21.41117,
9.92048,
101.0948,
41.1149,
62.90142,
9.390593,
29.97804,
55.09397,
156.9282,
313.2184,
42.19248,
1659.07,
205.3811,
53.49231,
43.62405,
9.352444,
84.7879,
16.14169,
0,
3294.002,
2025, 
12.4371,
76.97548,
37.50877,
14.73596,
48.3279,
46.02691,
84.26449,
64.66046,
23.86725,
10.04166,
99.14342,
38.71093,
63.1111,
9.445736,
30.61323,
55.1341,
159.4855,
325.0233,
40.28724,
1662.356,
208.1936,
53.67723,
43.37005,
9.396426,
88.34322,
17.16108,
0,
3322.299,
2026, 
12.31249,
76.62215,
37.84439,
15.03572,
48.71691,
46.53611,
85.83665,
67.97572,
26.53973,
10.14085,
98.90558,
37.42624,
63.07871,
9.674368,
31.0719,
55.28822,
161.6291,
336.2479,
40.6034,
1659.798,
209.8661,
55.30561,
42.98303,
9.435761,
92.8167,
18.62641,
0,
3350.317,
2027, 
12.16461,
76.61514,
38.15928,
15.3761,
49.11201,
47.02269,
87.14679,
71.24101,
29.1405,
10.23905,
98.00061,
37.41039,
63.08524,
9.912184,
31.517,
55.06666,
163.725,
325.0888,
40.88481,
1656.479,
211.4487,
58.23072,
42.63152,
9.42931,
97.05482,
20.05289,
0,
3356.235,
2028, 
12.0015,
76.64958,
38.44498,
15.72426,
49.51193,
47.48937,
88.33965,
74.4198,
31.67493,
10.34358,
96.82491,
37.38359,
63.10125,
9.767263,
31.94833,
54.88477,
165.7585,
314.8158,
41.13425,
1652.146,
212.9134,
61.12637,
42.30465,
9.418333,
101.093,
21.45262,
0,
3360.673,
2029, 
11.82969,
76.96478,
38.69501,
16.08188,
49.92524,
47.98098,
89.39807,
77.53727,
34.14826,
10.45827,
96.02013,
37.3514,
63.17484,
9.421435,
32.36529,
54.82261,
167.7161,
309.4259,
41.37246,
1646.478,
214.3155,
63.05248,
42.0323,
9.408976,
104.9859,
22.83061,
0,
3367.793,
2030, 
11.63998,
77.56583,
38.91401,
16.45014,
50.34415,
48.52472,
90.39162,
80.6328,
36.56526,
10.58623,
95.66879,
37.31185,
63.23249,
9.08985,
32.76688,
54.81105,
169.5727,
317.0923,
41.57238,
1639.098,
215.5704,
64.06216,
41.78312,
9.412033,
108.7546,
24.19095,
0,
3385.604,
2031, 
11.44655,
78.58171,
39.13628,
16.87349,
50.88999,
49.17281,
91.46202,
85.62005,
39.74075,
10.78365,
95.83972,
37.24729,
63.32691,
8.786027,
33.13136,
53.1628,
171.2389,
324.5988,
41.70744,
1627.743,
216.6671,
65.05274,
41.61352,
9.428675,
113.1544,
26.04436,
0,
3402.45,
2032, 
11.25075,
79.49689,
39.34412,
17.2979,
51.44801,
49.87601,
92.40203,
90.50923,
42.83418,
11.00894,
96.43817,
37.1783,
63.41134,
8.521839,
33.45166,
51.64761,
172.7054,
331.8729,
41.81258,
1613.11,
217.5993,
66.09077,
41.48276,
9.454834,
117.4205,
27.85672,
0,
3415.522,
2033, 
11.06768,
80.18623,
39.54404,
17.74686,
52.02879,
50.6171,
93.09589,
95.29408,
45.86576,
11.25088,
97.44394,
37.10494,
63.48037,
8.314501,
33.7309,
50.25401,
173.9097,
338.9821,
41.88216,
1595.426,
218.3582,
67.19622,
41.39374,
9.493576,
121.5982,
29.64021,
0,
3424.906,
2034, 
10.8882,
81.0309,
39.73587,
18.22758,
52.64666,
51.38817,
93.55904,
100.0221,
48.85198,
11.51794,
98.55607,
37.02654,
63.51413,
8.200193,
33.97964,
48.96251,
174.77,
345.9824,
41.91467,
1573.836,
218.9191,
68.38534,
41.34065,
9.5368,
125.722,
31.40741,
0,
3429.922,
2035, 
10.77103,
82.02374,
39.95079,
18.74421,
53.30735,
52.20957,
93.84349,
104.735,
51.80067,
11.8127,
99.70892,
36.94302,
63.50632,
8.202679,
34.25232,
47.74712,
175.2455,
352.9207,
41.90926,
1547.893,
219.2744,
69.67043,
41.32291,
9.573645,
129.8225,
33.16893,
0,
3430.36,
2036, 
10.95302,
83.14554,
40.15088,
19.31579,
54.06151,
53.11325,
94.0639,
110.4987,
55.38788,
12.169,
100.9258,
36.84996,
63.46772,
8.306467,
34.56274,
46.60823,
175.2276,
359.8094,
41.75098,
1516.339,
219.2221,
71.01934,
41.36265,
9.619178,
134.407,
35.29521,
0,
3427.632,
2037, 
11.12828,
84.22426,
40.36227,
19.92579,
54.87157,
54.09665,
94.01815,
116.253,
58.91381,
12.5498,
102.2736,
36.75166,
63.36013,
8.20904,
34.94896,
45.51079,
174.863,
366.6368,
41.45141,
1481.964,
218.9454,
72.46549,
41.42223,
9.690622,
138.9352,
37.41693,
0,
3421.189,
2038, 
11.31381,
85.31465,
40.58896,
20.57483,
55.73661,
55.17306,
93.78898,
122.0207,
62.40147,
12.95468,
103.7325,
36.6489,
63.19823,
8.195127,
35.24182,
45.18432,
174.2364,
373.4266,
41.07482,
1445.611,
218.4688,
74.00625,
41.50565,
9.770417,
143.4289,
39.53547,
0,
3413.133,
2039, 
11.50959,
86.22427,
40.90106,
21.26102,
56.64697,
56.34744,
93.50019,
127.7398,
65.86702,
13.38205,
105.2675,
37.03529,
62.99161,
8.349322,
35.44787,
45.2187,
173.4601,
380.1917,
40.65404,
1407.51,
217.8133,
75.63402,
41.61255,
9.847851,
147.8997,
41.64889,
0,
3403.962,
2040, 
11.71605,
87.05354,
41.21003,
21.97929,
57.60777,
57.61824,
93.13062,
133.3942,
69.31381,
13.82942,
106.8637,
36.95247,
62.75787,
8.506449,
35.63477,
45.25723,
172.522,
386.9374,
40.23084,
1367.288,
217.0114,
77.33746,
41.74529,
9.928904,
152.3543,
43.76021,
0,
3391.941,
2041, 
11.94136,
87.62784,
41.51827,
22.72838,
58.60586,
58.9509,
92.69183,
140.1466,
73.47791,
14.30802,
108.5475,
36.43836,
62.54113,
8.657171,
35.79032,
45.3296,
171.3114,
393.4685,
39.80655,
1323.59,
215.9636,
79.02354,
41.94444,
10.00986,
157.2296,
46.27787,
0,
3377.926,
2042, 
12.17207,
88.10212,
41.86332,
23.49829,
59.61965,
60.36503,
92.18656,
146.7887,
77.55515,
14.79503,
110.2763,
36.20779,
62.29066,
8.808798,
35.93108,
45.41597,
169.9664,
399.9192,
39.39133,
1277.538,
214.7954,
80.74795,
42.14946,
10.08486,
162.009,
48.77456,
0,
3361.253,
2043, 
12.40257,
88.44691,
42.25769,
24.2858,
60.6501,
61.88279,
91.63908,
153.4003,
81.56428,
15.28633,
112.4008,
36.08993,
61.97901,
8.960302,
36.05935,
45.51221,
168.47,
406.28,
38.97824,
1229.245,
213.4917,
82.49205,
42.33804,
10.16071,
166.6822,
51.25272,
0,
3342.208,
2044, 
12.63123,
88.63708,
42.71885,
25.08466,
61.68329,
63.50053,
91.04172,
159.9674,
85.50862,
15.77801,
114.5375,
35.96817,
61.61263,
9.110654,
36.1768,
45.61423,
166.769,
412.541,
38.56602,
1179.344,
212.0753,
84.23808,
42.50542,
10.24942,
171.2445,
53.71198,
0,
3320.816,
2045, 
12.85625,
88.54689,
43.27336,
25.88972,
62.71141,
65.22131,
90.4184,
166.4682,
89.39407,
16.26626,
116.6661,
35.8427,
61.19638,
9.258873,
36.28547,
45.71685,
164.8986,
418.6907,
38.15178,
1129.105,
210.5664,
85.96893,
42.64645,
10.35644,
175.689,
56.14885,
0,
3298.234,
2046, 
13.08693,
88.07553,
43.91174,
26.68854,
63.70847,
66.99992,
89.77184,
174.106,
93.92128,
16.74432,
118.8229,
35.72356,
60.76461,
9.401592,
36.36073,
45.82668,
162.7253,
424.4269,
37.74623,
1077.578,
208.8904,
87.57365,
42.80669,
10.47487,
180.3504,
58.9496,
0,
3275.437,
2047, 
13.30976,
87.22752,
44.66116,
27.47853,
64.67989,
68.68512,
89.17666,
181.5821,
98.31219,
17.20867,
120.9304,
35.60084,
60.20628,
9.540333,
36.43082,
45.93307,
160.4487,
429.9894,
37.34327,
1026.813,
207.152,
89.1291,
42.92747,
10.59563,
184.8212,
61.67872,
0,
3251.862,
2048, 
13.58462,
89.06541,
45.53857,
28.24087,
65.56812,
69.90172,
88.46484,
188.7122,
102.5031,
17.66285,
123.2645,
35.50009,
60.35792,
9.639325,
36.49598,
46.01927,
158.1388,
435.4081,
37.14932,
976.9088,
206.039,
90.64043,
43.31058,
10.66778,
189.2604,
64.30777,
0,
3232.35,
2049, 
13.851,
90.90102,
46.50538,
28.9857,
66.42332,
71.09141,
87.73957,
195.7477,
106.5612,
18.09877,
125.53,
35.39679,
60.39918,
9.733104,
36.55904,
46.34087,
155.8008,
440.643,
36.93853,
928.1401,
204.9017,
92.08067,
43.65385,
10.7505,
193.5114,
66.87803,
0,
3213.163,
2050, 
14.1094,
92.72978,
47.54792,
29.71021,
67.2441,
72.24986,
87.68146,
202.6887,
110.4993,
18.51488,
127.7232,
35.29164,
60.42318,
9.821233,
36.62126,
46.17991,
153.4709,
445.6913,
36.72744,
880.6747,
203.7649,
93.44215,
43.96175,
10.83741,
197.5776,
69.39062,
0,
3194.575,
2051, 
14.36687,
94.50555,
48.63409,
30.40076,
68.00497,
73.34698,
88.11382,
211.4574,
115.3855,
18.97445,
129.8448,
35.18918,
60.73756,
9.902827,
36.78511,
46.24747,
151.0087,
450.344,
36.51288,
833.6418,
203.6727,
95.21636,
44.46515,
10.97702,
202.8654,
72.47186,
0,
3183.073,
2052, 
14.6126,
96.25829,
49.77666,
31.06644,
68.73344,
74.42296,
88.54148,
220.0762,
120.1316,
19.41289,
131.8667,
35.0842,
61.01634,
9.978053,
36.951,
46.31158,
148.5762,
454.7794,
36.22553,
788.5018,
203.5676,
96.91808,
44.92273,
11.12545,
207.9791,
75.47323,
0,
3172.31,
2053, 
14.84928,
97.96327,
50.96871,
31.70517,
69.41827,
75.46229,
88.9687,
228.5194,
124.7368,
19.82999,
133.7989,
34.97803,
61.28735,
10.04682,
37.11943,
46.37158,
146.1621,
459.0033,
35.91006,
746.5519,
203.4849,
98.5446,
45.34734,
11.27651,
212.9315,
78.39908,
0,
3163.635,
2054, 
15.07796,
99.60036,
51.77247,
32.31528,
70.05934,
76.45674,
89.39886,
236.7897,
129.2113,
20.22566,
135.6451,
34.87125,
61.5629,
10.10912,
37.29094,
46.42698,
145.0868,
463.0215,
35.60987,
707.4683,
203.4411,
100.0943,
45.74459,
11.42337,
217.731,
81.25256,
0,
3157.688,
2055, 
15.29855,
101.1677,
52.13931,
32.89669,
70.65727,
77.40617,
89.83459,
244.8982,
133.5644,
20.6,
137.4042,
34.76394,
61.84428,
10.16503,
37.46596,
46.47782,
144.6453,
466.8404,
35.32381,
673.3881,
203.4394,
101.5663,
46.11486,
11.56615,
222.3837,
84.03796,
0,
3155.89,
2056, 
15.5164,
102.6564,
52.46172,
33.43407,
71.17195,
78.26477,
90.22706,
253.8561,
138.3303,
20.94283,
139.0677,
34.65453,
62.14547,
10.21675,
37.60617,
46.52012,
144.1172,
470.2156,
35.04978,
647.0332,
203.3945,
102.8883,
46.48888,
11.70033,
227.0284,
87.07592,
0,
3162.064,
2057, 
15.72549,
104.0745,
52.77222,
33.94126,
71.64294,
79.0767,
90.62363,
262.5719,
142.9275,
21.26338,
140.6406,
34.54435,
62.44794,
10.26223,
37.7495,
46.55736,
143.6626,
473.3867,
34.84868,
622.3735,
203.3876,
104.131,
46.83407,
11.82982,
231.5002,
90.01594,
0,
3168.792,
2058, 
15.92658,
105.4229,
53.07141,
34.41925,
72.07201,
79.84334,
91.02609,
271.0672,
147.3712,
21.5625,
142.128,
34.43367,
62.75694,
10.3826,
37.89614,
46.58973,
143.2814,
476.3639,
34.74337,
599.3455,
203.4244,
105.2968,
47.15396,
11.95447,
235.8112,
92.86642,
0,
3176.211,
2059, 
16.11945,
106.7034,
53.35954,
34.86913,
72.46108,
80.56635,
91.43568,
279.3611,
151.6747,
21.84105,
143.5301,
34.32232,
63.06835,
10.4798,
38.04613,
46.61744,
142.9724,
479.1568,
34.73505,
577.8759,
203.4994,
106.3879,
47.44751,
12.07437,
239.9705,
95.63479,
0,
3184.21,
2060, 
16.30442,
107.9182,
53.63713,
35.29214,
72.81219,
81.24756,
91.85323,
287.4706,
155.8499,
22.10001,
144.8506,
34.21031,
63.38258,
10.55253,
38.19949,
46.64067,
142.7337,
481.7755,
34.8365,
557.8844,
203.6119,
107.4076,
47.71617,
12.18976,
243.9878,
98.32769,
0,
3192.792,
2061, 
16.48535,
109.0637,
53.8756,
35.67708,
73.08382,
81.84549,
92.20644,
296.2571,
160.3178,
22.32859,
146.0831,
34.09302,
63.71129,
10.59642,
38.32884,
46.64727,
142.3985,
483.8708,
34.83519,
539.0999,
203.6906,
108.2833,
47.97299,
12.2947,
247.9129,
101.199,
0,
3202.159,
2062, 
16.65826,
110.1488,
54.10379,
36.03621,
73.31958,
82.40344,
92.56479,
304.7909,
164.6162,
22.53849,
147.2372,
33.9748,
64.03647,
10.60565,
38.4428,
46.64941,
142.1295,
485.7985,
34.68043,
521.6309,
203.7962,
109.0924,
48.20407,
12.39571,
251.6805,
103.9699,
0,
3211.505,
2063, 
16.8235,
111.1765,
54.32222,
36.37106,
73.5217,
82.9237,
92.92876,
313.0972,
168.7617,
22.73085,
148.3168,
33.85564,
64.35754,
10.57633,
38.51871,
46.64732,
141.9235,
487.5688,
34.52249,
505.3889,
203.9261,
109.8386,
48.41056,
12.47346,
255.3026,
106.6501,
0,
3220.935,
2064, 
16.98105,
112.1502,
54.53128,
36.68313,
73.69238,
83.40853,
93.29863,
321.1979,
172.7688,
22.90676,
149.3242,
33.73538,
64.6708,
10.506,
38.55489,
46.6412,
141.7768,
489.1917,
34.46428,
490.2869,
204.0746,
110.5256,
48.59203,
12.45859,
258.7895,
109.2482,
0,
3230.459,
2065, 
17.13184,
113.0728,
54.73168,
36.97391,
73.83377,
83.86016,
93.67451,
329.1121,
176.6503,
23.06737,
150.2659,
33.61426,
64.98064,
10.43473,
38.55344,
46.63129,
141.6862,
494.9968,
34.3271,
476.2396,
204.2447,
111.157,
48.75216,
12.38386,
262.1526,
111.7716,
0,
3244.301,
2066, 
17.279,
113.9376,
54.89494,
37.2276,
73.90337,
84.23524,
93.98283,
337.4869,
180.6837,
23.19977,
151.1633,
33.48857,
65.27634,
10.43724,
38.49727,
46.61218,
141.494,
498.4135,
34.21292,
463.2233,
204.3656,
111.6679,
48.89727,
12.25401,
265.3337,
114.39,
0,
3256.558,
2067, 
17.41972,
114.7576,
55.05009,
37.4618,
73.94662,
84.57997,
94.295,
345.6219,
184.5627,
23.31819,
152.0013,
33.36192,
65.52972,
10.43611,
38.40661,
46.58945,
141.3516,
500.0694,
34.1013,
451.101,
204.5001,
112.1295,
49.02171,
12.08809,
268.3861,
116.9152,
0,
3267.003,
2068, 
17.55458,
115.5361,
55.19772,
37.6779,
73.96548,
84.89645,
94.61099,
353.5418,
188.3029,
23.42368,
152.7848,
33.23439,
65.7422,
10.4316,
38.294,
46.5633,
141.2556,
500.8404,
33.99226,
439.799,
204.648,
112.5452,
49.1275,
11.89573,
271.3209,
119.3567,
0,
3276.539,
2069, 
17.68403,
116.2759,
55.33831,
37.87724,
73.96173,
85.1867,
94.93074,
361.2681,
191.9176,
23.51723,
153.5179,
33.10604,
65.91695,
10.42394,
38.15811,
46.53391,
141.2025,
501.1558,
33.88565,
429.2475,
204.8085,
112.9185,
49.2163,
11.67977,
274.1481,
121.7226,
0,
3285.6,
2070, 
17.80869,
116.9799,
55.47242,
38.06108,
73.93708,
85.45261,
95.25406,
368.8195,
195.4187,
23.59976,
154.2054,
32.97699,
66.04904,
10.41335,
37.99807,
46.50146,
141.1893,
501.3138,
33.78177,
419.3812,
204.982,
113.2525,
49.2903,
11.46496,
276.8768,
124.0202,
0,
3294.501,
2071, 
17.92822,
117.6192,
55.57092,
38.21236,
73.85226,
85.64633,
95.5307,
376.6555,
198.9602,
23.65968,
154.8783,
32.84963,
66.15222,
10.40166,
37.7993,
46.46517,
141.0833,
500.8858,
33.70277,
410.2564,
205.0989,
113.4893,
49.36625,
11.51891,
279.3968,
126.3595,
0,
3303.34,
2072, 
18.04307,
118.2278,
55.66343,
38.34969,
73.74895,
85.81831,
95.80903,
384.2727,
202.364,
23.70978,
155.5098,
32.72144,
66.21103,
10.38748,
37.57965,
46.42609,
141.0112,
500.1852,
33.5657,
401.6984,
205.2212,
113.692,
49.42726,
11.57065,
281.8151,
128.6155,
0,
3311.645,
2073, 
18.15365,
118.808,
55.75037,
38.47415,
73.62859,
85.97019,
96.08891,
391.6936,
205.644,
23.75083,
156.1036,
32.59249,
66.23282,
10.37099,
37.34172,
46.38438,
140.9701,
498.9381,
33.36,
393.6555,
205.3483,
113.8632,
49.47474,
11.62033,
284.1408,
130.7968,
0,
3319.156,
2074, 
18.26033,
119.3622,
55.83215,
38.58678,
73.49251,
86.10344,
96.37029,
398.938,
208.8121,
23.76641,
156.6628,
32.46283,
66.22122,
10.35236,
37.08714,
46.34017,
140.9574,
497.3505,
33.09495,
386.0796,
205.4797,
114.0053,
49.50993,
11.6681,
286.3817,
132.9108,
0,
3326.089,
2075, 
18.36343,
119.8923,
55.90909,
38.68848,
73.34189,
86.21953,
96.65297,
406.0231,
211.879,
23.69175,
157.1903,
32.33249,
66.17998,
10.33173,
36.81479,
46.29358,
140.9706,
495.1909,
32.74043,
378.927,
205.6149,
114.1206,
49.53393,
11.71419,
288.545,
134.9641,
0,
3332.126,
2076, 
18.45579,
120.3375,
55.95404,
38.76003,
73.13976,
86.2685,
96.89469,
413.2007,
214.9036,
23.51501,
157.6842,
32.2095,
66.09984,
10.31143,
36.51373,
46.24572,
140.9046,
492.9302,
32.23419,
372.1965,
205.6712,
114.1434,
49.56752,
11.75207,
290.4579,
136.9843,
0,
3337.336,
2077, 
18.54467,
120.7623,
55.99464,
38.82188,
72.92505,
86.30235,
97.13639,
420.1831,
217.8113,
23.27911,
158.1493,
32.08576,
65.98585,
10.28944,
36.19901,
46.19569,
140.8599,
492.1293,
31.63605,
365.8124,
205.7258,
114.1432,
49.58983,
11.78861,
292.2929,
138.9324,
0,
3343.576,
2078, 
18.63037,
121.1683,
56.0312,
38.87481,
72.69872,
86.32217,
97.37801,
426.9904,
220.6135,
22.99611,
158.5882,
31.96134,
65.84111,
10.26588,
35.86695,
46.14359,
140.8345,
491.2683,
30.97725,
359.7412,
205.7786,
114.1219,
49.60192,
11.82399,
294.0568,
140.8156,
0,
3349.391,
2079, 
18.71319,
121.5572,
56.06398,
38.91953,
72.46165,
86.32909,
97.61949,
433.6397,
223.3201,
22.68654,
159.0033,
31.83626,
65.66589,
10.24085,
35.52147,
46.08955,
140.8266,
490.3514,
30.27742,
353.9521,
205.8295,
114.0811,
49.60474,
11.8584,
295.7552,
142.6403,
0,
3354.845,
2080, 
18.79339,
121.9305,
56.09324,
38.95669,
72.21467,
86.32404,
97.86074,
440.1462,
225.9399,
22.3524,
159.3967,
31.71058,
65.45952,
10.21447,
35.59466,
46.03362,
140.8346,
489.3823,
29.56025,
348.4174,
205.8786,
114.0225,
49.59921,
11.89201,
297.394,
144.4121,
0,
3360.414,
2081, 
18.86035,
122.2121,
56.09667,
38.96878,
71.94073,
86.26567,
98.05797,
446.5921,
228.4743,
21.99538,
159.7353,
31.59623,
65.38427,
10.18932,
35.66387,
45.97975,
140.7813,
488.1047,
28.96284,
343.169,
205.8381,
113.8906,
49.60707,
11.91659,
298.8055,
146.0962,
0,
3365.185,
2082, 
18.9247,
122.4804,
56.09692,
38.97416,
71.65828,
86.19681,
98.25404,
452.8659,
230.9115,
21.60888,
160.0539,
31.48121,
65.61786,
10.16299,
35.73222,
45.92408,
140.7406,
486.7817,
28.86716,
338.1268,
205.7916,
113.7434,
49.60629,
11.94053,
300.158,
147.7186,
0,
3370.418,
2083, 
18.98639,
122.7366,
56.09413,
38.97338,
71.11839,
86.11821,
98.44896,
458.9845,
233.2608,
21.19552,
160.3528,
31.36546,
65.84099,
10.13556,
35.79971,
45.8667,
140.711,
485.416,
28.85297,
333.27,
205.7366,
113.582,
49.59644,
11.96387,
301.4556,
149.2852,
0,
3375.148,
2084, 
19.04528,
122.9818,
56.08833,
38.9669,
70.00333,
86.0306,
98.64271,
464.9631,
235.5302,
20.80134,
160.6321,
31.24885,
66.05122,
10.1071,
35.86637,
45.8077,
140.6912,
484.0102,
28.94697,
328.5797,
205.6698,
113.4076,
49.57659,
11.98666,
302.7019,
150.8015,
0,
3379.139,
2085, 
19.10166,
123.2169,
56.07977,
38.95517,
68.42516,
85.93462,
98.83528,
470.8146,
237.7267,
20.76147,
160.8937,
31.13147,
66.25029,
10.07768,
35.93219,
45.74715,
140.6801,
482.5666,
29.18248,
324.0388,
205.5927,
113.2211,
49.54797,
12.00894,
303.9012,
152.2719,
0,
3382.896,
2086, 
19.14403,
123.3723,
56.04937,
38.9239,
66.52744,
85.79764,
98.98722,
476.4769,
239.819,
20.71404,
161.0875,
31.02629,
66.4244,
10.04992,
35.98649,
45.68802,
140.6216,
480.934,
29.59997,
319.8146,
205.4377,
112.9687,
49.52268,
12.02223,
304.9223,
153.6343,
0,
3385.552,
2087, 
19.18413,
123.5192,
56.01656,
38.88794,
64.37503,
85.65329,
99.13731,
481.9878,
241.8314,
20.66376,
161.2658,
30.92039,
66.58777,
10.02131,
36.03965,
45.62733,
140.5698,
479.269,
30.2043,
315.71,
205.2718,
112.7061,
49.4894,
12.03509,
305.8977,
154.9443,
0,
3387.816,
2088, 
19.22274,
123.6583,
55.98171,
38.84764,
62.03098,
85.50208,
99.28564,
487.362,
243.7711,
20.6109,
161.4326,
30.81405,
66.74607,
10.07762,
36.09171,
45.56516,
140.5243,
477.5737,
30.14275,
311.7128,
205.1009,
112.4341,
49.45126,
12.04754,
306.8321,
156.207,
0,
3389.027,
2089, 
19.26096,
123.7902,
55.9453,
38.80334,
61.01646,
85.29487,
99.43223,
492.6122,
245.6443,
20.55573,
161.5937,
30.70771,
66.90822,
10.09205,
36.14273,
45.50155,
140.4849,
475.8506,
30.08286,
307.8118,
204.9348,
112.1538,
49.41302,
12.05962,
307.731,
157.4268,
0,
3391.251,
2090, 
19.29819,
123.9158,
55.90717,
38.75534,
60.71969,
84.9588,
99.5771,
497.7498,
247.4568,
20.49839,
161.7464,
30.60108,
67.06824,
10.07106,
36.19271,
45.43658,
140.4505,
474.1007,
30.02248,
303.9969,
204.7666,
111.8655,
49.37183,
12.07136,
308.5957,
158.6073,
0,
3393.802,
2091, 
19.32302,
123.9855,
55.8541,
38.69368,
60.42448,
84.47592,
99.66495,
502.5751,
249.1381,
20.43412,
161.8307,
30.50455,
67.20016,
10.02122,
36.23203,
45.36705,
140.3659,
472.2237,
29.95498,
300.4874,
204.5333,
111.5201,
49.32251,
12.07575,
309.3043,
159.6893,
0,
3395.202,
2092, 
19.34605,
124.0497,
55.79924,
38.62868,
60.12572,
83.87611,
99.7506,
507.2681,
250.7532,
20.36785,
161.9035,
30.40737,
67.3221,
9.945346,
36.27013,
45.29613,
140.2844,
470.3231,
29.88411,
297.0465,
204.2884,
111.1678,
49.26659,
12.07985,
309.9774,
160.728,
0,
3396.156,
2093, 
19.36747,
124.109,
55.7427,
38.5606,
59.82368,
83.16431,
99.83421,
511.841,
252.3079,
20.29972,
161.9658,
30.30959,
67.43509,
9.849164,
36.30704,
45.2239,
140.2056,
468.4001,
29.8102,
293.667,
204.0327,
110.8091,
49.20472,
12.08367,
310.6176,
161.7276,
0,
3396.699,
2094, 
19.38781,
124.1638,
55.68474,
38.48963,
59.51852,
82.34638,
99.91574,
516.3046,
253.8071,
20.22991,
162.0206,
30.21142,
67.5434,
9.80542,
36.34282,
45.1504,
140.1294,
466.4561,
29.73475,
290.3422,
203.7709,
110.4444,
49.13921,
12.08723,
311.2284,
162.6913,
0,
3396.946,
2095, 
19.40696,
124.2144,
55.62535,
38.41599,
59.21047,
81.42823,
99.99532,
520.6686,
255.2553,
20.15851,
162.0675,
30.11279,
67.64551,
9.772635,
36.37751,
45.07568,
140.0552,
464.4923,
29.65717,
287.0662,
203.5012,
110.0743,
49.06941,
12.09056,
311.8113,
163.6223,
0,
3396.871,
2096, 
19.4161,
124.2206,
55.54752,
38.33525,
58.91139,
80.40326,
100.0115,
524.6469,
256.563,
20.08129,
162.0438,
30.01809,
67.71899,
9.737659,
36.39636,
44.98424,
139.9208,
462.4679,
29.57872,
283.9594,
203.1804,
109.6614,
48.98383,
12.08837,
312.2741,
164.4545,
0,
3395.605,
2097, 
19.42397,
124.2233,
55.43661,
38.25209,
58.60981,
79.29182,
100.0254,
528.5106,
257.8157,
20.00265,
162.0121,
29.92288,
67.78497,
9.702187,
36.41398,
44.89159,
139.7875,
460.4258,
29.49764,
280.8916,
202.8499,
109.2438,
48.89349,
12.08597,
312.7092,
165.2515,
0,
3393.956,
2098, 
19.43068,
124.2228,
55.25486,
38.16667,
58.30591,
78.10138,
100.0372,
532.2698,
259.018,
19.92268,
161.9733,
29.82719,
67.84403,
9.666245,
36.43044,
44.79779,
139.6549,
458.3672,
29.41414,
277.8587,
202.5101,
108.8217,
48.79131,
12.08338,
313.1187,
166.0164,
0,
3391.906,
2099, 
19.43631,
124.2194,
55.00327,
38.07913,
57.99979,
76.8404,
100.0469,
535.9336,
260.1739,
19.84149,
161.9279,
29.73106,
67.8968,
9.629856,
36.44577,
44.70288,
139.5231,
456.2927,
29.32843,
274.8568,
202.1618,
108.3955,
48.70016,
12.08061,
313.5044,
166.7519,
0,
3389.504,
2100, 
19.44098,
124.2134,
54.68277,
37.98963,
57.69158,
75.51778,
100.0546,
539.5099,
261.2869,
19.75914,
161.8763,
29.63451,
67.94377,
9.593047,
36.46003,
44.60691,
139.3916,
454.2029,
29.24065,
271.8826,
201.8054,
107.9655,
48.59785,
12.07767,
313.8678,
167.4604,
0,
3386.754];
<<<<<<< HEAD
>>>>>>> 29fc07e (Remove T2MAT folder level)
=======
>>>>>>> 4d9e712909650e13193c45904b75652afa554b9e
