real main.em.ep.ncl.NuclFuelEff[27](t) = [1971, 
170,
170,
170,
170,
170,
170,
170,
170,
170,
170,
170,
170,
170,
170,
170,
170,
170,
170,
170,
170,
170,
170,
170,
170,
170,
170,
0,
1972, 
170,
170,
170.3448,
170,
170.3448,
170.3448,
170.3448,
170.3448,
170.3448,
170.3448,
170,
170.3448,
170.3448,
170.3448,
170.3448,
170,
170.3448,
170,
170.3448,
170.3448,
170.3448,
170.3448,
170,
170.3448,
170.3448,
170.3448,
0,
1973, 
170.1724,
170.1724,
170.6897,
170.1724,
170.6897,
170.6897,
170.6897,
170.6897,
170.6897,
170.6897,
170.1724,
170.6897,
170.6897,
170.6897,
170.6897,
170.1724,
170.6897,
170.1724,
170.6897,
170.6897,
170.6897,
170.6897,
170.1724,
170.6897,
170.6897,
170.6897,
0,
1974, 
170.3448,
170.3448,
171.0345,
170.3448,
171.0345,
171.0345,
171.0345,
171.0345,
171.0345,
171.0345,
170.3448,
171.0345,
171.0345,
171.0345,
171.0345,
170.3448,
171.0345,
170.3448,
171.0345,
171.0345,
171.0345,
171.0345,
170.3448,
171.0345,
171.0345,
171.0345,
0,
1975, 
170.5172,
170.5172,
171.3793,
170.5172,
171.3793,
171.3793,
171.3793,
171.3793,
171.3793,
171.3793,
170.5172,
171.3793,
171.3793,
171.3793,
171.3793,
170.5172,
171.3793,
170.5172,
171.3793,
171.3793,
171.3793,
171.3793,
170.5172,
171.3793,
171.3793,
171.3793,
0,
1976, 
171.327,
171.3623,
171.7241,
170.5172,
171.7241,
171.3793,
171.7241,
171.7241,
171.7241,
171.7241,
171.3228,
171.3793,
171.7241,
171.7241,
171.3793,
171.3486,
171.7241,
171.2341,
171.7241,
171.7241,
171.7241,
171.7241,
171.3629,
171.7241,
171.3793,
171.7241,
0,
1977, 
171.333,
171.4064,
172.069,
170.5172,
172.069,
171.3793,
172.069,
172.069,
172.069,
172.069,
171.4478,
171.3793,
172.069,
172.069,
171.3793,
171.5026,
172.069,
171.2539,
172.069,
172.069,
172.069,
172.069,
171.4782,
172.069,
171.3793,
172.069,
0,
1978, 
171.6898,
171.503,
172.4138,
170.5172,
172.4138,
171.3793,
172.4138,
172.4138,
172.4138,
172.4138,
171.6004,
171.3793,
172.4138,
172.4138,
171.3793,
171.5482,
172.4138,
171.2856,
172.4138,
172.4138,
172.4138,
172.4138,
171.4801,
172.4138,
171.3793,
172.4138,
0,
1979, 
171.8529,
171.5842,
172.7586,
170.5172,
172.7586,
171.3793,
172.7586,
172.7586,
172.7586,
172.7586,
171.7551,
171.3793,
172.7586,
172.4138,
171.3793,
171.5524,
172.7586,
171.3277,
172.4138,
172.4138,
172.7586,
172.7586,
171.7984,
172.7586,
171.3793,
172.7586,
0,
1980, 
172.0194,
171.5955,
173.1035,
170.5172,
173.1035,
171.3793,
173.1035,
173.1035,
173.1035,
173.1035,
171.9291,
171.6823,
173.1035,
172.4138,
171.3793,
171.7449,
173.1035,
171.3793,
172.4138,
172.5862,
173.1035,
173.1035,
172.048,
173.1035,
171.3793,
173.1035,
0,
1981, 
172.1633,
171.655,
173.4483,
170.5172,
173.4483,
171.3793,
173.4483,
173.4483,
173.4483,
173.4483,
172.1892,
171.6823,
173.4483,
172.4138,
171.3793,
172.0715,
173.4483,
171.4393,
172.4138,
172.5862,
173.4483,
173.4483,
172.0497,
173.4483,
171.3793,
173.4483,
0,
1982, 
172.3306,
171.7886,
173.4483,
170.5172,
173.4483,
171.6534,
173.7931,
173.7931,
173.7931,
173.4483,
172.3811,
172.4267,
173.7931,
172.6927,
171.3793,
172.2091,
173.7931,
172.2115,
172.9527,
172.5862,
173.7931,
173.7931,
172.1927,
173.7931,
171.4298,
173.7931,
0,
1983, 
172.499,
171.9276,
173.6207,
170.5172,
173.6207,
171.9037,
174.1379,
174.1379,
174.1379,
173.6207,
172.5679,
172.8319,
174.1379,
172.9264,
171.3793,
172.3531,
174.1379,
172.6506,
173.2406,
172.5862,
174.1379,
174.1379,
172.3413,
174.1379,
171.486,
174.1379,
0,
1984, 
172.6683,
172.071,
173.7931,
170.5172,
173.7931,
172.1377,
174.4828,
174.4828,
174.4828,
173.7931,
172.7513,
173.1306,
174.4828,
173.1386,
171.3793,
172.5018,
174.4828,
172.9738,
173.4695,
172.5862,
174.4828,
174.4828,
172.4938,
174.4828,
171.5477,
174.4828,
0,
1985, 
172.8381,
172.2178,
173.9655,
170.5172,
173.9655,
172.36,
174.8276,
174.8276,
174.8276,
173.9655,
172.9324,
173.3823,
174.8276,
173.339,
171.3793,
172.6541,
174.8276,
173.2432,
173.6755,
172.5862,
174.8276,
174.8276,
172.6495,
174.8276,
171.6144,
174.8276,
0,
1986, 
173.0084,
172.3676,
174.1379,
170.5172,
174.1379,
172.5737,
175.1724,
175.1724,
175.1724,
174.1379,
173.1119,
173.6091,
175.1724,
173.5321,
171.3793,
172.8094,
175.1724,
173.4832,
173.8701,
172.5862,
175.1724,
175.1724,
172.8076,
175.1724,
171.6858,
175.1724,
0,
1987, 
173.179,
172.5199,
174.3103,
170.5172,
174.3103,
172.7807,
175.5172,
175.5172,
175.5172,
174.3103,
173.2901,
173.8212,
175.5172,
173.7205,
171.3793,
172.9669,
175.5172,
173.7054,
174.0583,
172.5862,
175.5172,
175.5172,
172.9677,
175.5172,
171.7616,
175.5172,
0,
1988, 
173.3499,
172.6743,
174.4828,
170.5172,
174.4828,
172.9827,
175.8621,
175.8621,
175.8621,
174.4828,
173.4675,
174.0237,
175.8621,
173.9055,
171.3793,
173.1263,
175.8621,
173.916,
174.2425,
172.5862,
175.8621,
175.8621,
173.1293,
175.8621,
171.8415,
175.8621,
0,
1989, 
173.521,
172.8304,
174.6552,
170.5172,
174.6552,
173.1806,
176.2069,
176.2069,
176.2069,
174.6552,
173.6441,
174.2199,
176.2069,
174.0882,
171.3793,
173.2872,
176.2069,
174.1187,
174.4241,
172.5862,
176.2069,
176.2069,
173.2922,
176.2069,
171.9253,
176.2069,
0,
1990, 
173.6923,
172.988,
174.8276,
170.5172,
174.8276,
173.3753,
176.5517,
176.5517,
176.5517,
174.8276,
173.8201,
174.4115,
176.5517,
174.2692,
171.3793,
173.4494,
176.5517,
174.3157,
174.6038,
172.5862,
176.5517,
176.5517,
173.4562,
176.5517,
172.0127,
176.5517,
0,
1991, 
173.6923,
173.0888,
175,
170.5172,
175,
173.5672,
176.8965,
176.8965,
176.8965,
174.9655,
173.8201,
174.5997,
176.8965,
174.2692,
171.3793,
173.6126,
176.8965,
174.5084,
174.7822,
172.5862,
176.8965,
176.8965,
173.4562,
176.8965,
172.1035,
176.8965,
0,
1992, 
173.6923,
173.0956,
175.3062,
170.5172,
175,
173.5672,
177.2414,
177.2414,
177.2414,
174.9655,
173.8201,
174.63,
177.2414,
174.2692,
171.3793,
173.6653,
177.2414,
174.687,
174.8877,
172.5862,
177.2414,
177.2414,
173.4562,
177.2414,
172.1035,
177.2414,
0,
1993, 
173.6923,
173.1031,
175.5751,
170.5172,
175,
173.5672,
177.5862,
177.5862,
177.5862,
174.9655,
173.8201,
174.664,
177.5862,
174.2692,
171.3793,
173.7218,
177.5862,
174.8646,
174.9995,
172.5862,
177.5862,
177.5862,
173.4562,
177.5862,
172.1035,
177.5862,
0,
1994, 
173.6923,
173.1111,
175.8205,
170.5172,
175,
173.5672,
177.931,
177.931,
177.931,
174.9655,
173.8201,
174.6693,
177.931,
174.2692,
171.3793,
173.7818,
177.931,
175.0416,
175.1168,
172.7416,
177.931,
177.931,
173.4562,
177.931,
172.1035,
177.931,
0,
1995, 
173.6923,
173.1198,
176.0501,
170.5172,
175,
173.5672,
178.2759,
178.2759,
178.2759,
174.9655,
173.8201,
174.6693,
178.2759,
174.2692,
171.3793,
173.8453,
178.2759,
175.218,
175.2389,
174.039,
178.2759,
178.2759,
173.4562,
178.2759,
172.1035,
178.2759,
0,
1996, 
173.6923,
173.129,
176.2684,
170.5172,
175,
173.5672,
178.6207,
178.6207,
178.6207,
174.9655,
173.8201,
174.6693,
178.6207,
174.2692,
171.3793,
173.9121,
178.6207,
175.394,
175.3652,
174.8863,
178.6207,
178.6207,
173.4562,
178.6207,
172.1035,
178.6207,
0,
1997, 
173.6923,
173.1388,
176.2811,
170.5172,
176.091,
173.5672,
178.9655,
178.9655,
178.9655,
174.9655,
173.8201,
174.6693,
178.9655,
174.2692,
171.3793,
173.9185,
178.9655,
175.6904,
175.6203,
174.8863,
178.9655,
178.9655,
173.4562,
178.9655,
174.2171,
178.9655,
0,
1998, 
173.6923,
173.1492,
176.2954,
170.5172,
176.7567,
173.5672,
179.3103,
179.3103,
179.3103,
174.9655,
173.8201,
174.6693,
179.3103,
174.2692,
171.3793,
173.9252,
179.3103,
175.966,
175.8634,
174.8863,
179.3103,
179.3103,
173.4562,
179.3103,
175.38,
179.3103,
0,
1999, 
173.6923,
173.1601,
176.3115,
170.5172,
177.2368,
173.5672,
179.6552,
179.6552,
179.6552,
174.9655,
173.8201,
174.6693,
179.6552,
174.2692,
171.3793,
173.9324,
179.6552,
176.2255,
176.0969,
174.8863,
179.6552,
179.6552,
173.4562,
179.6552,
176.1532,
179.6552,
0,
2000, 
173.6923,
173.1717,
176.3292,
170.5172,
177.6196,
173.5672,
180,
180,
180,
174.9655,
173.8201,
174.6693,
180,
174.2692,
171.3793,
173.9401,
180,
176.4725,
176.3226,
174.8863,
180,
180,
173.4562,
180,
176.7289,
180,
0,
2001, 
173.6923,
173.1838,
176.3486,
170.5172,
177.8445,
173.5672,
181.4,
181.4,
181.4,
174.9655,
173.8201,
174.6693,
181.4,
174.2692,
171.3793,
173.9482,
181.4,
176.7095,
176.542,
174.8863,
181.4,
181.4,
173.4562,
181.4,
177.1907,
181.4,
0,
2002, 
173.6923,
173.1983,
176.3874,
170.5172,
177.8445,
173.5672,
182.8,
182.8,
182.8,
174.9655,
173.8201,
174.6693,
182.8,
174.2692,
171.3793,
174.1002,
182.8,
176.8721,
176.8119,
176.7544,
182.8,
182.8,
173.4562,
182.8,
177.1907,
182.8,
0,
2003, 
173.6923,
173.2153,
176.3874,
170.5172,
177.8445,
173.5672,
184.2,
184.2,
184.2,
174.9655,
173.8201,
174.6693,
184.2,
174.2692,
171.3793,
174.2741,
184.2,
177.0707,
177.127,
178.1017,
184.2,
184.2,
173.4562,
184.2,
177.1907,
184.2,
0,
2004, 
173.6923,
173.2346,
176.3874,
170.5172,
177.8445,
173.5672,
185.6,
185.6,
185.6,
174.9655,
173.8201,
174.6693,
185.6,
174.5482,
171.3793,
174.4687,
185.6,
177.3019,
177.4806,
179.2132,
185.6,
185.6,
173.4562,
185.6,
177.1907,
185.6,
0,
2005, 
173.6923,
173.2564,
176.3874,
170.5172,
177.8445,
173.5672,
187,
187,
187,
174.9655,
173.8201,
174.6693,
187,
174.8803,
171.3793,
174.6827,
187,
177.5625,
177.8672,
180.1977,
187,
187,
173.4562,
187,
177.1907,
187,
0,
2006, 
173.6923,
173.2805,
176.3874,
170.5172,
177.8445,
173.5672,
188.4,
188.4,
188.4,
174.9655,
173.8201,
174.6693,
188.4,
175.2339,
171.3793,
174.915,
188.4,
177.8499,
178.2823,
181.1063,
188.4,
188.4,
173.4562,
188.4,
177.1907,
188.4,
0,
2007, 
173.6923,
173.3071,
176.3874,
170.5172,
177.8445,
173.5672,
189.8,
189.8,
189.8,
174.9655,
173.8201,
174.6693,
189.8,
175.2339,
171.3793,
175.0492,
189.8,
178.7057,
178.5045,
181.8029,
189.8,
189.8,
173.4562,
189.8,
177.1907,
189.8,
0,
2008, 
173.6923,
173.3359,
176.3874,
170.5172,
177.8445,
173.5672,
191.2,
191.2,
191.2,
174.9655,
173.8201,
174.6693,
191.2,
175.2339,
171.3793,
175.1945,
191.2,
179.5383,
178.7474,
182.5002,
191.2,
191.2,
173.4562,
191.2,
177.1907,
191.2,
0,
2009, 
173.6923,
173.3672,
176.3874,
170.5172,
177.8445,
173.5672,
192.6,
192.6,
192.6,
174.9655,
173.8201,
174.6693,
192.6,
175.2339,
171.3793,
175.3507,
192.6,
180.3523,
179.0094,
183.1979,
192.6,
192.6,
173.4562,
192.6,
177.1907,
192.6,
0,
2010, 
173.6923,
173.4007,
176.3874,
170.5172,
177.8445,
173.5672,
194,
194,
194,
174.9655,
173.8201,
174.6693,
194,
175.2339,
171.3793,
175.5173,
194,
181.1514,
179.2896,
183.8959,
194,
194,
173.4562,
194,
177.1907,
194,
0,
2011, 
173.6923,
173.4366,
176.3874,
170.5172,
177.8445,
173.5672,
195.4,
195.4,
195.4,
174.9655,
173.8201,
174.6693,
195.4,
175.2339,
171.3793,
175.6942,
195.4,
181.9384,
179.5866,
184.5942,
195.4,
195.4,
173.4562,
195.4,
177.1907,
195.4,
0,
2012, 
173.6923,
173.4748,
176.7883,
170.5172,
177.8445,
176.3999,
196.8,
196.8,
196.8,
175.1008,
173.8201,
174.7774,
196.8,
175.2339,
171.3793,
176.18,
195.4,
182.6691,
180.0838,
187.2853,
196.8,
196.8,
173.4562,
196.8,
179.2097,
196.8,
0,
2013, 
173.6923,
173.5153,
177.2015,
170.5172,
177.8445,
178.7428,
198.2,
198.2,
198.2,
175.2436,
173.8201,
174.8917,
198.2,
175.2339,
171.3793,
176.6761,
196.1,
183.3966,
180.5934,
189.1823,
198.2,
198.2,
173.4562,
198.2,
180.9654,
198.2,
0,
2014, 
173.6923,
173.558,
177.6263,
170.5172,
177.8445,
180.7472,
199.6,
199.6,
199.6,
175.3936,
173.8201,
175.012,
199.6,
175.2339,
171.3793,
177.1819,
196.8,
184.1214,
181.1143,
190.6814,
199.6,
199.6,
173.4562,
199.6,
182.5295,
199.6,
0,
2015, 
173.6923,
173.6031,
178.0621,
170.5172,
177.8445,
182.5079,
201,
201,
201,
175.5508,
173.8201,
175.1383,
201,
175.2339,
171.3793,
177.6965,
197.5,
184.8439,
181.6454,
191.9527,
201,
201,
173.4562,
201,
183.9498,
201,
0,
2016, 
173.7264,
173.6504,
178.5081,
170.5172,
177.8445,
184.0875,
202.4,
202.4,
202.4,
175.6332,
173.8201,
175.2704,
202.4,
175.2339,
171.3793,
178.2194,
198.2,
185.5644,
182.186,
193.0814,
202.4,
202.4,
173.4562,
202.4,
185.2595,
202.4,
0,
2017, 
173.7778,
173.7,
178.8741,
170.5172,
177.8445,
184.1076,
203.8,
203.8,
203.8,
175.6332,
173.8201,
175.3267,
203.8,
175.6863,
171.3793,
178.8382,
199.1542,
185.866,
182.4462,
194.333,
203.8,
203.8,
173.4562,
203.8,
187.8991,
203.8,
0,
2018, 
173.8315,
173.7518,
179.2501,
170.5172,
177.8445,
184.1293,
205.2,
205.2,
205.2,
175.6332,
173.8201,
175.3856,
205.2,
176.1469,
171.3793,
179.461,
200.0143,
186.1817,
182.7175,
195.4539,
205.2,
205.2,
173.4562,
205.2,
190.021,
205.2,
0,
2019, 
173.8875,
173.8058,
179.6358,
170.5172,
177.8445,
184.1525,
206.6,
206.6,
206.6,
175.6332,
173.8201,
175.4472,
206.6,
176.6152,
171.3793,
179.6274,
200.8244,
186.5106,
182.9997,
196.4858,
206.6,
206.6,
173.4562,
206.6,
191.8081,
206.6,
0,
2020, 
173.9458,
173.862,
180.0306,
170.5172,
177.8445,
184.1771,
208,
208,
208,
175.6332,
173.8201,
175.5114,
208,
177.0909,
171.3793,
179.6534,
201.6047,
186.8522,
183.2922,
197.4541,
208,
208,
173.4562,
208,
193.3662,
208,
0,
2021, 
174.0064,
173.9205,
180.4343,
170.5172,
177.8445,
184.2033,
209.4,
209.4,
209.4,
175.6332,
173.8201,
175.5783,
209.4,
177.5735,
171.3793,
179.6807,
202.3659,
187.2057,
183.5323,
198.3755,
209.4,
209.4,
173.4562,
209.4,
194.7607,
209.4,
0,
2022, 
174.0693,
173.9811,
180.4343,
170.5172,
177.8445,
184.2033,
210.8,
210.8,
210.8,
175.6332,
173.8201,
175.7082,
210.8,
177.5735,
171.3793,
179.7093,
205.0766,
189.4648,
183.5323,
198.9279,
210.8,
210.8,
173.4562,
210.8,
200.794,
210.8,
0,
2023, 
174.1344,
174.0439,
180.4343,
170.5172,
177.8445,
184.2033,
212.2,
212.2,
212.2,
175.6332,
173.8201,
175.7082,
212.2,
177.5735,
171.3793,
179.7392,
206.5278,
189.483,
185.0889,
199.4209,
212.2,
212.2,
173.4562,
212.2,
203.9228,
212.2,
0,
2024, 
174.2018,
174.5581,
180.4343,
170.5172,
177.8445,
184.2033,
213.6,
213.6,
213.6,
175.6332,
173.8201,
176.381,
213.6,
178.8745,
171.3793,
179.7704,
207.1935,
190.591,
185.8088,
199.7892,
213.6,
213.6,
173.4562,
213.6,
203.9228,
213.6,
0,
2025, 
174.2714,
175.0772,
180.4343,
170.5172,
177.8445,
184.2033,
215,
215,
215,
175.6332,
173.8201,
177.0549,
215,
180.1319,
171.3793,
179.8028,
207.8664,
191.661,
186.5277,
200.1761,
215,
215,
173.4562,
215,
203.9228,
215,
0,
2026, 
174.3432,
175.1434,
180.4343,
170.5172,
177.8445,
184.2033,
216.4,
216.4,
216.4,
175.6332,
173.8201,
178.4707,
215,
180.1319,
171.3793,
181.3936,
207.8664,
191.661,
187.9918,
201.2947,
216.4,
216.4,
173.4562,
216.4,
206.9019,
216.4,
0,
2027, 
174.424,
175.2179,
180.4343,
170.5172,
177.8445,
184.2033,
217.8,
217.8,
217.8,
175.6332,
173.8201,
178.4707,
215.7,
180.1319,
171.3793,
182.9099,
207.8664,
200.6208,
187.9918,
202.5623,
217.8,
217.8,
173.4562,
217.8,
208.9149,
217.8,
0,
2028, 
174.5141,
175.301,
180.4343,
170.5172,
177.8445,
184.7867,
219.2,
219.2,
219.2,
175.6332,
173.8201,
178.4707,
216.4,
180.1319,
171.3793,
182.946,
207.8664,
203.3124,
189.4497,
204.3181,
219.2,
219.2,
173.4562,
219.2,
208.9149,
219.2,
0,
2029, 
174.6138,
175.3931,
180.4343,
170.5172,
177.8445,
184.7867,
219.2,
220.6,
220.6,
175.6332,
173.8201,
178.4707,
217.1,
180.1319,
171.3793,
183.4749,
207.8664,
203.3208,
189.4497,
205.4634,
220.6,
220.6,
173.4562,
220.6,
208.9149,
220.6,
0,
2030, 
174.7234,
175.4945,
180.4343,
170.5172,
177.8445,
184.7867,
219.2,
222,
222,
175.6332,
173.8201,
178.4707,
217.1,
180.1319,
171.3793,
183.4749,
207.8664,
203.3306,
189.4497,
206.9229,
222,
222,
173.4562,
222,
208.9149,
222,
0,
2031, 
175.2948,
176.9359,
180.4343,
170.5172,
177.8445,
185.5214,
221.3,
223.4,
223.4,
175.6332,
173.8201,
178.7912,
217.1,
180.1319,
171.3793,
183.4749,
207.8664,
203.3551,
189.4497,
206.9229,
223.4,
223.4,
173.4562,
223.4,
211.2175,
223.4,
0,
2032, 
175.304,
176.947,
180.4343,
170.6897,
177.8445,
185.5214,
221.3,
224.8,
224.8,
175.6332,
173.8266,
178.7912,
218.0907,
180.1319,
220.2888,
183.4865,
207.8664,
213.3427,
194.785,
206.9229,
224.8,
224.8,
174.8659,
224.8,
214.4083,
224.8,
0,
2033, 
175.3126,
176.9575,
205.0177,
170.8621,
177.8445,
185.5214,
221.3,
226.2,
226.2,
175.6332,
173.8325,
191.476,
219.2622,
181.8437,
220.3846,
183.4979,
210.6331,
215.2383,
194.785,
206.9229,
226.2,
226.2,
176.286,
226.2,
214.8434,
226.2,
0,
2034, 
175.3206,
176.9675,
208.3348,
171.0345,
177.8445,
185.5214,
221.3,
227.6,
227.6,
175.6332,
190.8218,
202.2006,
220.2656,
183.7442,
220.3846,
183.509,
212.5858,
215.658,
195.9399,
206.9229,
227.6,
227.6,
176.9548,
227.6,
216.5103,
227.6,
0,
2035, 
175.0175,
176.9771,
208.3348,
229,
177.8445,
200.4622,
221.3,
229,
229,
175.6332,
191.1305,
202.7387,
220.8399,
184.615,
220.3846,
183.5198,
212.9215,
215.7873,
196.4616,
206.9229,
229,
229,
177.2224,
229,
217.1058,
229,
0,
2036, 
175.4773,
179.5999,
208.3348,
230.4,
177.8445,
208.4003,
222.5016,
230.4,
230.4,
175.6332,
192.5069,
204.0347,
221.1825,
185.0888,
223.4597,
184.7758,
213.5635,
216.3367,
197.0855,
206.9229,
230.4,
230.4,
178.5149,
230.4,
218.4154,
230.4,
0,
2037, 
175.485,
180.1598,
208.3348,
231.8,
177.8445,
209.5505,
222.5016,
231.8,
231.8,
176.1229,
193.4743,
204.4938,
221.9909,
185.6985,
223.4597,
185.827,
213.5635,
216.3439,
198.2398,
206.9229,
231.8,
231.8,
179.5393,
231.8,
219.0487,
231.8,
0,
2038, 
175.9899,
181.0534,
208.3348,
233.2,
177.8445,
209.705,
223.2774,
233.2,
233.2,
177.1011,
194.4756,
204.4938,
222.4657,
185.9693,
223.4597,
186.0682,
213.5635,
216.5156,
198.2867,
206.9229,
233.2,
233.2,
182.7845,
233.2,
219.9799,
233.2,
0,
2039, 
176.3378,
181.7454,
208.3348,
234.6,
177.8445,
209.705,
224.5323,
234.6,
234.6,
178.5415,
195.4251,
204.4938,
222.7989,
188.5223,
223.4597,
186.0826,
213.5635,
216.6025,
200.0617,
207.448,
234.6,
234.6,
186.8873,
234.6,
221.238,
234.6,
0,
2040, 
176.7234,
181.825,
208.3348,
236,
177.8445,
209.705,
224.5323,
236,
236,
180.3972,
196.4889,
204.8609,
222.94,
188.5223,
223.4597,
186.6601,
213.5635,
216.6094,
200.2181,
208.1253,
236,
236,
189.8877,
236,
222.2978,
236,
0,
2041, 
177.0804,
182.1655,
208.3348,
237.4,
177.8445,
209.705,
224.5323,
237.4,
237.4,
182.6065,
198.2388,
204.8609,
223.1856,
188.9888,
223.4597,
187.9343,
213.5635,
216.6164,
200.3652,
208.1253,
237.4,
237.4,
189.9567,
237.4,
223.4259,
237.4,
0,
2042, 
177.5854,
182.9207,
208.8843,
238.8,
177.9956,
210.4547,
224.5323,
238.8,
238.8,
186.1609,
199.8425,
206.114,
223.4559,
190.4817,
223.4597,
188.5921,
213.9447,
216.8196,
200.8918,
208.1253,
238.8,
238.8,
191.3963,
238.8,
224.224,
238.8,
0,
2043, 
178.0687,
183.7866,
209.446,
240.2,
178.1451,
211.2289,
224.5323,
240.2,
240.2,
190.4791,
201.6442,
207.4569,
223.9673,
191.8037,
223.4597,
189.2962,
213.9447,
216.9427,
201.7422,
208.1253,
240.2,
240.2,
193.0781,
240.2,
224.8933,
240.2,
0,
2044, 
178.7238,
184.7978,
210.0202,
241.6,
178.293,
212.029,
224.5323,
241.6,
241.6,
195.7759,
203.688,
209.0134,
224.4067,
193.3236,
223.4597,
190.0533,
213.9447,
217.1734,
203.1829,
208.1253,
241.6,
241.6,
195.4588,
241.6,
225.3048,
241.6,
0,
2045, 
179.5719,
186.0054,
210.6078,
243,
178.439,
212.8567,
224.5323,
243,
243,
201.8813,
206.0322,
211.1864,
225.2571,
195.0971,
223.4597,
190.872,
214.0997,
217.2957,
204.6027,
208.3461,
243,
243,
202.5967,
243,
226.2688,
243,
0,
2046, 
180.7579,
187.4874,
211.2093,
244.4,
178.5829,
220.9131,
224.5323,
244.4,
244.4,
207.9447,
208.7555,
216.6839,
226.2189,
197.444,
223.4597,
191.7624,
214.0997,
217.4178,
205.1876,
208.9187,
244.4,
244.4,
209.0775,
244.4,
226.7953,
244.4,
0,
2047, 
182.6194,
189.3699,
211.8255,
245.8,
178.7245,
223.8855,
224.5323,
245.8,
245.8,
214.162,
211.9667,
221.5701,
226.2189,
200.7101,
223.4597,
192.7371,
214.0997,
217.6671,
205.9976,
209.6695,
245.8,
245.8,
215.8955,
245.8,
227.3906,
245.8,
0,
2048, 
186.457,
191.8696,
212.4571,
247.2,
178.8633,
225.7407,
224.5323,
247.2,
247.2,
220.7204,
216.3425,
226.0551,
226.337,
204.3878,
223.4597,
193.812,
214.0997,
218.8615,
207.0846,
210.074,
247.2,
247.2,
222.8457,
247.2,
227.9466,
247.2,
0,
2049, 
196.4713,
195.3939,
213.105,
248.6,
178.9992,
226.5037,
224.5323,
248.6,
248.6,
227.4486,
228.1551,
228.5379,
226.3934,
210.1468,
223.4597,
195.0071,
214.0997,
222.8202,
207.6408,
211.0186,
248.6,
248.6,
230.132,
248.6,
228.9998,
248.6,
0,
2050, 
222.2844,
200.8111,
213.77,
250,
179.1315,
227.306,
224.5323,
250,
250,
234.9545,
233.4333,
230.7632,
226.3934,
216.6923,
223.4597,
196.3481,
214.0997,
223.1868,
208.2108,
211.7111,
250,
250,
238.0128,
250,
229.9245,
250,
0,
2051, 
232.661,
205.9911,
214.4531,
253,
179.2599,
228.106,
224.5323,
253,
253,
240.868,
233.7458,
232.6999,
226.3934,
217.6902,
223.4597,
197.8685,
214.0997,
223.933,
209.0396,
211.7111,
253,
253,
238.6482,
253,
231.4226,
253,
0,
2052, 
235.6517,
206.3931,
215.8287,
256,
179.2599,
228.106,
224.5323,
256,
256,
241.304,
233.8073,
233.0011,
227.1536,
217.6902,
223.4597,
198.3797,
214.0997,
227.4201,
209.6202,
212.5438,
256,
256,
239.2321,
256,
232.4387,
256,
0,
2053, 
235.6517,
206.8016,
217.2957,
259,
179.2599,
228.106,
224.5323,
259,
259,
241.5312,
233.8073,
233.3037,
227.1536,
217.6902,
223.4597,
198.9078,
214.0997,
228.5903,
209.9663,
213.3681,
259,
259,
239.7285,
259,
232.7542,
259,
0,
2054, 
235.6517,
207.2168,
218.8651,
262,
179.2599,
228.3739,
224.5323,
262,
262,
241.9801,
233.8073,
233.3455,
227.1536,
218.4148,
223.4597,
199.4542,
214.0997,
228.6855,
210.6128,
214.1619,
262,
262,
240.1015,
262,
233.6848,
262,
0,
2055, 
235.6517,
207.6389,
220.5494,
262,
182.9872,
228.3739,
224.5323,
265,
265,
242.3044,
233.8073,
233.3455,
227.1536,
219.5034,
223.4597,
200.0202,
214.0997,
228.7803,
210.9677,
214.8347,
262,
262,
240.3114,
265,
234.8685,
265,
0,
2056, 
235.6517,
208.0684,
222.3635,
262,
186.4629,
228.3739,
224.5323,
268,
268,
242.6098,
233.8256,
233.3455,
227.1536,
219.8201,
224.3321,
200.6074,
214.0997,
228.8749,
211.3265,
214.987,
262,
263.2346,
240.3114,
268,
236.5724,
268,
0,
2057, 
239.4129,
208.5055,
222.4673,
262,
188.378,
228.3739,
224.5323,
271,
271,
242.6898,
233.8256,
233.3455,
227.1536,
221.8178,
225.1198,
200.6605,
214.0997,
229.0408,
212.0774,
214.987,
265.0726,
264.2314,
240.3114,
271,
236.8529,
271,
0,
2058, 
239.4129,
208.9506,
222.5709,
264.1111,
193.8327,
228.3739,
224.5323,
274,
274,
242.6898,
233.8256,
233.3455,
227.1536,
223.4679,
226.2678,
200.713,
214.0997,
229.2067,
212.8556,
214.987,
265.0726,
264.2314,
240.7257,
274,
240.1144,
274,
0,
2059, 
239.4129,
209.404,
222.6741,
264.1111,
203.0554,
228.3739,
224.5323,
277,
277,
242.6898,
233.8256,
233.3455,
227.1536,
224.782,
226.2678,
200.7649,
214.0997,
232.6928,
213.6629,
214.987,
265.0726,
264.3951,
246.4021,
277,
240.8404,
277,
0,
2060, 
239.4129,
209.8661,
222.7769,
264.1111,
221.4517,
228.3739,
224.5323,
280,
280,
242.6898,
238.0745,
233.3455,
227.1536,
224.782,
226.821,
200.8163,
214.0997,
235.2317,
214.5015,
214.987,
265.0726,
270.743,
252.6045,
280,
240.927,
280,
0,
2061, 
239.4129,
210.3374,
222.8795,
264.1111,
268.3626,
229.1699,
224.5323,
283,
283,
242.6898,
243.454,
233.3455,
227.1536,
224.782,
226.821,
200.867,
214.0997,
237.5018,
215.5797,
214.9905,
265.0726,
272.0578,
253.7262,
283,
241.5119,
283,
0,
2062, 
239.4129,
210.8014,
223.0262,
264.1111,
268.3626,
229.1699,
224.5323,
286,
286,
242.6898,
247.3053,
233.3455,
227.1536,
224.782,
227.1833,
201.6364,
214.0997,
237.5856,
216.6516,
215.7545,
265.0726,
272.6439,
255.4683,
286,
242.2487,
286,
0,
2063, 
239.4129,
211.2577,
223.0262,
264.1111,
270.5497,
229.1699,
224.5323,
289,
289,
243.9539,
247.3053,
233.3455,
227.1536,
224.782,
228.0555,
202.4115,
214.0997,
240.2041,
217.8315,
216.4616,
265.0726,
272.6439,
257.0553,
289,
242.5882,
289,
0,
2064, 
239.4129,
211.7058,
223.0262,
265.0313,
280.9524,
229.1699,
224.5323,
292,
292,
244.6881,
247.3053,
233.3455,
227.3328,
226.6481,
228.5128,
203.1931,
214.0997,
242.0229,
218.9267,
216.9761,
265.0726,
272.6439,
258.1758,
292,
243.5931,
292,
0,
2065, 
239.4129,
212.1456,
223.0262,
266.136,
283.7605,
229.1699,
224.5323,
295,
295,
244.6881,
247.6283,
233.3455,
227.4034,
228.8412,
230.2264,
203.9819,
214.0997,
243.951,
219.8362,
217.2436,
265.0726,
273.117,
258.5025,
295,
247.0836,
295,
0,
2066, 
239.4129,
212.5763,
223.0262,
266.136,
283.7605,
229.1699,
224.5323,
298,
298,
244.7163,
247.9626,
233.9398,
227.6376,
231.203,
230.2264,
204.7792,
214.0997,
246.4262,
220.8222,
217.5036,
265.0726,
276.4593,
258.6961,
298,
249.0279,
298,
0,
2067, 
239.4129,
212.9977,
223.0262,
266.136,
283.8714,
229.1699,
224.5323,
301,
301,
244.7163,
253.0277,
235.2855,
228.0828,
231.203,
232.7219,
205.1994,
214.0997,
248.9424,
221.2777,
217.7028,
265.0726,
278.6298,
258.6961,
301,
250.81,
301,
0,
2068, 
239.4129,
213.4093,
223.0262,
268.3646,
287.3412,
229.1699,
224.5323,
304,
304,
244.7163,
258.1392,
235.6875,
228.4738,
231.203,
233.3035,
205.6048,
214.0997,
251.5433,
221.7262,
217.8951,
265.0726,
280.4973,
258.7136,
304,
251.1949,
304,
0,
2069, 
239.4129,
213.8104,
223.0262,
268.489,
287.3412,
229.1699,
224.5323,
307,
307,
244.7163,
261.7714,
235.6875,
228.7096,
231.203,
233.996,
205.9943,
214.0997,
257.2607,
222.1674,
218.1767,
265.0726,
281.9896,
259.0414,
307,
255.2176,
307,
0,
2070, 
239.3564,
214.2005,
223.0262,
277.8357,
287.3412,
229.1699,
224.5323,
310,
310,
244.7163,
263.7918,
235.6875,
228.7096,
231.203,
234.7618,
206.3666,
214.0997,
261.1607,
222.6011,
218.4483,
265.0726,
284.4175,
259.0937,
310,
256.2254,
310,
0,
2071, 
239.4129,
214.579,
223.0262,
277.8357,
287.3412,
229.1699,
224.5323,
313,
313,
244.7163,
265.7119,
235.6875,
228.7096,
231.203,
235.9959,
206.7202,
214.0997,
263.4118,
223.0268,
218.7613,
265.0726,
284.6413,
259.1311,
313,
256.3717,
313,
0,
2072, 
239.4129,
214.9452,
223.3026,
282.4942,
287.3412,
230.5024,
224.5323,
316,
316,
245.7886,
266.278,
236.5384,
228.7096,
231.203,
237.1287,
207.6448,
214.4759,
264.2207,
223.7041,
219.6057,
265.0726,
284.8763,
259.168,
316,
257.2466,
316,
0,
2073, 
239.4129,
215.2984,
223.5704,
282.4942,
287.3412,
231.8869,
224.5323,
319,
319,
246.5328,
266.278,
238.0339,
229.0489,
231.203,
243.2313,
208.6095,
214.8387,
265.6013,
224.3802,
220.4279,
265.0726,
285.1672,
259.168,
319,
262.5683,
319,
0,
2074, 
239.4129,
215.6379,
223.8293,
282.4942,
287.3412,
233.33,
224.5323,
322,
322,
247.0211,
266.6805,
238.4656,
229.6962,
231.203,
247.5975,
209.6258,
215.1875,
266.6234,
225.0551,
221.2593,
265.0726,
285.9331,
259.314,
322,
263.0236,
322,
0,
2075, 
239.4129,
215.9627,
224.0792,
283.3777,
287.3412,
234.8396,
224.5323,
325,
325,
247.3124,
238.9937,
238.8841,
230.1389,
231.203,
249.7657,
210.7106,
215.5212,
273.1428,
225.7287,
222.1009,
265.0726,
287.8794,
259.4153,
325,
263.4042,
325,
0,
2076, 
239.708,
216.272,
224.3197,
287.2733,
287.3412,
236.4251,
224.5323,
328,
328,
247.4551,
238.9651,
238.962,
230.7948,
231.203,
250.7908,
211.8888,
215.8389,
276.2976,
226.4008,
223.0912,
273.3425,
291.4809,
259.4619,
328,
264.8871,
328,
0,
2077, 
240.1247,
216.5649,
224.504,
291.6583,
287.3412,
236.4457,
224.5323,
331,
331,
247.4551,
239.1497,
238.9926,
231.7739,
232.1788,
251.1735,
213.4589,
216.2854,
277.892,
226.7093,
224.2476,
273.3425,
297.6621,
259.4619,
331,
265.4223,
331,
0,
2078, 
240.535,
216.8402,
224.6795,
292.442,
287.3412,
236.4655,
224.5323,
334,
334,
247.4551,
239.5163,
239.0221,
233.7173,
233.1739,
251.26,
215.3741,
216.7145,
279.9185,
227.0076,
225.388,
273.3425,
300.4317,
259.4619,
334,
266.2414,
334,
0,
2079, 
240.9386,
217.0967,
224.8461,
301.7514,
287.3412,
236.4844,
224.5323,
337,
337,
247.5496,
240.7033,
239.0504,
236.2495,
234.1905,
251.3134,
215.9289,
217.1243,
281.1363,
227.2953,
226.5805,
273.3425,
302.1567,
259.4619,
337,
267.1412,
337,
0,
2080, 
241.3354,
217.3333,
242.1035,
305.9165,
287.3412,
236.5025,
224.5323,
340,
340,
248.3943,
268.7957,
241.5694,
237.3163,
235.231,
251.3145,
216.0055,
217.5127,
281.1924,
227.5719,
227.8348,
273.3425,
303.2056,
259.4948,
340,
271.1193,
340,
0,
2081, 
241.7251,
217.5485,
253.483,
307.71,
287.3412,
236.5198,
224.5323,
343,
343,
249.3103,
270.7419,
241.5969,
238.2396,
236.2982,
251.3202,
216.0718,
217.8772,
281.2477,
227.7813,
229.2239,
273.3425,
303.5516,
259.5155,
343,
275.2711,
343,
0,
2082, 
242.1075,
217.7408,
254.2548,
307.7174,
287.3412,
236.5198,
224.5323,
346,
346,
252.3085,
271.0397,
241.6464,
238.9014,
236.6783,
251.3236,
216.1274,
220.0211,
281.6169,
227.7813,
230.0783,
273.3425,
303.6555,
259.5155,
346,
278.8528,
346,
0,
2083, 
242.4822,
217.9086,
257.102,
308.1459,
287.3412,
236.5198,
224.5323,
349,
349,
252.3085,
273.3263,
241.6464,
239.5927,
237.4732,
251.3412,
216.1723,
222.6662,
281.62,
228.994,
230.8258,
273.3425,
304.6058,
259.5155,
349,
281.4516,
349,
0,
2084, 
242.8491,
219.2785,
257.102,
308.5032,
287.3412,
236.5198,
224.5323,
352,
352,
252.3085,
273.3263,
241.8692,
240.2078,
241.06,
251.3699,
216.206,
224.5195,
281.8004,
229.5872,
231.3427,
273.3425,
306.6964,
259.5155,
352,
282.4473,
352,
0,
2085, 
243.2079,
221.0715,
269.9212,
311.4012,
287.3412,
236.5198,
224.5323,
355,
355,
253.0484,
273.3263,
240.7374,
240.7588,
244.3314,
251.3929,
216.2283,
226.8691,
283.0148,
230.1727,
231.8491,
273.3425,
309.1357,
259.5155,
355,
283.1769,
355,
0,
2086, 
243.9171,
221.3207,
269.9212,
313.6964,
287.3412,
236.5198,
224.5323,
358,
358,
253.9096,
273.3263,
241.1725,
243.231,
244.3314,
251.9771,
217.1258,
226.8691,
288.555,
231.4341,
233.3774,
273.3425,
310.5729,
259.5155,
358,
286.0169,
358,
0,
2087, 
244.6931,
221.5514,
269.9212,
315.5001,
287.3412,
236.5198,
224.5323,
361,
361,
254.6379,
273.3263,
241.1725,
245.9694,
244.3314,
253.3475,
219.1085,
226.8691,
294.1373,
231.4341,
235.7608,
273.3425,
311.8471,
259.5155,
361,
287.0295,
361,
0,
2088, 
245.5408,
221.7522,
269.9212,
316.9477,
287.3412,
236.7047,
224.5323,
364,
364,
254.6379,
272.3778,
241.1725,
249.0616,
245.5219,
255.0205,
219.2,
226.8691,
296.4233,
232.6703,
240.5485,
273.3425,
312.2945,
259.5155,
364,
287.0295,
364,
0,
2089, 
246.4662,
221.9083,
269.9212,
318.6186,
287.3412,
236.7047,
225.6162,
367,
367,
254.6379,
272.3778,
241.1725,
252.5695,
246.4138,
257.1779,
367,
226.8691,
296.5977,
232.6703,
245.3909,
273.3425,
312.9115,
259.5155,
367,
287.0295,
367,
0,
2090, 
361.2872,
222,
269.9212,
320.2928,
287.3412,
236.7047,
225.6162,
370,
370,
254.6379,
273.3263,
239.8704,
252.7484,
247.3497,
259.1135,
370,
226.8691,
296.6017,
241.3965,
255.5361,
273.3425,
313.5241,
259.5155,
370,
287.0295,
370,
0,
2091, 
362.6364,
373,
269.9212,
322.1289,
287.3412,
236.875,
231.2672,
373,
373,
254.6379,
273.3263,
241.1808,
252.7484,
247.3497,
260.4543,
373,
226.8691,
297.3386,
250.6339,
262.3913,
273.3425,
315.3012,
259.5155,
373,
287.9967,
373,
0,
2092, 
362.6364,
376,
269.9212,
323.494,
287.3412,
236.875,
231.2672,
376,
376,
254.6379,
273.3263,
244.7578,
255.2017,
247.4354,
313.6432,
376,
226.8691,
305.0663,
266.0479,
281.148,
273.3425,
316.4569,
260.5688,
376,
290.2387,
376,
0,
2093, 
362.6364,
379,
309.3896,
324.4668,
287.3412,
236.875,
231.2672,
379,
379,
254.6379,
273.3263,
251.2637,
259.0539,
250.7492,
317.2613,
379,
228.249,
308.7495,
270.6394,
290.8253,
273.3425,
317.6446,
261.683,
379,
295.7531,
379,
0,
2094, 
362.6364,
382,
343.8827,
325.2809,
287.3412,
236.875,
231.2672,
382,
382,
254.6379,
292.1739,
271.9946,
263.6488,
256.1114,
318.1611,
382,
231.1426,
311.671,
283.0235,
300.3941,
273.3425,
317.6446,
262.2163,
382,
298.1633,
382,
0,
2095, 
362.6364,
385,
343.9909,
325.2809,
287.3412,
241.3007,
231.2672,
385,
385,
254.6379,
292.8034,
279.7498,
266.8756,
259.4382,
319.4097,
385,
232.371,
313.4866,
293.8065,
306.3158,
273.3425,
317.6446,
262.4215,
385,
298.7164,
385,
0,
2096, 
362.6364,
388,
343.9909,
325.2809,
287.3412,
243.9931,
232.6882,
388,
388,
254.6379,
292.8034,
288.6515,
268.873,
261.4497,
321.7897,
388,
238.4946,
315.7459,
306.0981,
311.423,
273.3425,
317.8582,
262.5968,
388,
299.611,
388,
0,
2097, 
362.6364,
391,
343.9909,
325.2809,
287.3412,
245.3338,
232.6882,
391,
391,
254.8324,
293.2688,
293.0334,
274.2401,
264.1218,
326.1494,
391,
238.4946,
317.1739,
316.4835,
316.7767,
273.3425,
318.2021,
262.8313,
391,
300.2322,
391,
0,
2098, 
362.6364,
394,
343.9909,
325.2809,
287.3412,
244.8273,
233.2,
394,
394,
255.2081,
293.6283,
295.5163,
277.9104,
265.3912,
328.0757,
394,
238.4946,
317.4007,
316.8131,
322.0972,
273.3425,
318.2603,
264.8221,
394,
301.1603,
394,
0,
2099, 
362.6364,
397,
343.9909,
325.2809,
287.3412,
244.4732,
397,
397,
397,
257.7019,
293.8535,
298.0905,
280.6245,
265.3912,
330.2493,
397,
238.4946,
317.5018,
327.3662,
325.6976,
273.3425,
318.2891,
266.3926,
397,
302.5142,
397,
0,
2100, 
362.6364,
400,
344.6646,
325.2809,
287.3412,
244.2934,
400,
400,
400,
259.7208,
294.0157,
301.8285,
281.7405,
265.3912,
332.7073,
400,
238.4946,
317.5018,
328.7438,
330.9131,
273.3425,
318.2891,
266.6295,
400,
303.7613,
400,
0];
