real main.em.dem.hi.CE.Cement_Production[28](t) = [1971, 
8.317,
71.054,
7.520999,
5.215999,
9.803001,
14.936,
7.026,
3.428,
1.436,
5.861,
187.588,
41.77,
7.553,
1.94,
0,
100.331,
9.703,
14.931,
11.672,
32.187,
8.483,
0.487,
59.434,
5.586,
3.228,
2.222,
0,
621.713,
1972, 
9.091,
74.93,
8.753,
7.050999,
11.382,
15.606,
6.979,
3.822,
1.397,
6.112,
213.191,
45.894,
7.595,
1.952,
0,
104.299,
11.295,
15.785,
11.786,
36.019,
9.256001,
0.596,
66.292,
5.929,
3.102,
2.513,
0,
680.627,
1973, 
10.053,
77.576,
9.918,
7.588999,
13.398,
16.182,
6.846,
3.85,
1.411,
6.864,
206.852,
48.525,
8.946,
1.987,
0,
109.521,
10.994,
15.016,
13.975,
37.897,
11.17,
0.74,
78.12,
6.301,
3.464,
2.87,
0,
710.065,
1974, 
10.641,
73.558,
10.672,
7.624999,
15.187,
16.977,
7.144,
4.037,
1.451,
7.301,
203.452,
52.201,
8.94,
2.04,
0,
115.145,
13.005,
14.319,
14.842,
37.832,
10.829,
0.831,
73.108,
6.675,
3.863,
2.891,
0,
714.566,
1975, 
9.741,
62.13,
11.2,
7.123999,
16.391,
16.52,
7.791,
4.533,
1.419,
7.176,
192.852,
55.812,
10.833,
2.169,
0,
122.057,
14.87,
16.248,
17.129,
46.9937,
11.881,
1.077,
65.517,
6.292,
3.999,
2.667,
0,
714.4217,
1976, 
9.898,
67.581,
12.691,
7.634999,
18.675,
17.501,
7.991,
4.581,
1.513,
7.048,
198.166,
59.909,
12.154,
24.668,
0,
124.246,
15.867,
18.516,
18.873,
47.6281,
12.959,
1.81,
68.712,
6.162,
3.857,
1.775,
0,
770.4161,
1977, 
9.933,
72.629,
13.328,
7.535999,
21.123,
17.995,
8.849,
4.653,
1.77,
6.573,
203.119,
63.284,
13.39,
25.11467,
0,
127.056,
16.602,
19.173,
21.198,
56.7764,
13.686,
2.549,
73.138,
6.119,
3.928,
1.778,
0,
811.3,
1978, 
10.473,
77.546,
14.15,
8.235,
23.239,
19.139,
10.202,
4.846,
1.626,
6.823,
206.804,
66.265,
15.572,
24.61233,
0,
126.956,
18.953,
19.626,
22.133,
66.6375,
14.187,
3.649,
84.882,
5.952,
4.286,
1.749,
0,
858.5428,
1979, 
11.459,
76.648,
15.352,
8.558999,
24.871,
20.969,
13.056,
5.206,
1.652,
6.199,
209.948,
65.815,
13.573,
23.802,
0,
123.019,
23.557,
18.27,
24.413,
75.3604,
17.259,
4.432,
87.804,
5.981,
4.134,
1.757,
0,
883.0954,
1980, 
10.34,
68.241,
16.398,
8.938279,
27.194,
23.439,
14.922,
5.429,
1.80305,
7.125,
210.581,
71.827,
12.975,
23.71467,
4.2,
125.049,
26.268,
17.803,
23.612,
81.52399,
15.203,
5.259,
87.957,
6.057,
4.431,
1.672,
0,
901.962,
1981, 
10.152,
65.054,
18.173,
8.829503,
26.051,
23.459,
16.26,
6.641,
1.77682,
8.095,
204.569,
66.84,
15.043,
23.78933,
4.41925,
127.169,
31.741,
20.908,
23.617,
84.52,
16.272,
5.719,
84.82801,
6.553,
4.696,
1.869,
0,
907.0439,
1982, 
8.136,
57.475,
19.343,
8.506739,
25.644,
22.422,
16.086,
6.631,
1.60826,
8.08,
198.328,
75.157,
15.778,
24.054,
4.6385,
200.392,
34.413,
22.65,
25.887,
96.815,
17.921,
5.832,
80.686,
7.054,
4.644629,
1.73,
0,
989.9121,
1983, 
7.871,
63.927,
17.363,
8.913981,
20.87,
20.749,
18.043,
6.107,
1.599,
7.897,
198.173,
78.859,
13.595,
25.132,
13.49375,
208.56,
37.043,
25.261,
29.282,
110.132,
19.459,
8.095,
80.891,
6.262,
4.893568,
1.523,
0,
1033.994,
1984, 
9.386999,
70.452,
18.702,
8.833752,
19.497,
21.128,
22.488,
5.557,
1.568577,
8.084,
186.505,
82.269,
15.738,
26.015,
14.2401,
211.5,
43.223,
29.541,
28.413,
125.008,
19.517,
8.893001,
78.86,
5.617,
5.32135,
1.54,
0,
1067.898,
1985, 
10.192,
70.284,
20.255,
8.695295,
20.635,
21.206,
24.608,
6.944,
1.562796,
6.88,
176.347,
76.718,
17.581,
25.795,
15.051,
212.779,
44.516,
31.971,
28.509,
147.936,
17.98,
9.94,
72.847,
6.667,
5.57609,
1.65,
0,
1083.125,
1986, 
10.611,
71.112,
19.825,
9.727639,
25.252,
24.022,
22.808,
7.3322,
1.713959,
6.246,
176.827,
80.356,
20.004,
27.166,
16.889,
219.266,
42.843,
34.983,
31.53,
168.721,
18.707,
11.323,
71.264,
7.133278,
6.878,
1.924,
0,
1134.464,
1987, 
12.603,
67.38,
23.482,
10.28211,
25.468,
26.243,
26.097,
6.6949,
1.888073,
5.999,
181.316,
80.014,
21.98,
27.606,
17.332,
222.991,
45.763,
37.135,
34.946,
189.016,
20.774,
11.814,
71.551,
6.917004,
7.756,
2.074,
0,
1185.122,
1988, 
12.35,
71.544,
23.606,
9.706407,
25.329,
26.25486,
27.549,
7.6606,
1.816,
6.760001,
193.818,
82.502,
22.568,
28.16,
17.628,
225.236,
48.797,
41.136,
41.411,
212.831,
23.459,
13.118,
77.554,
7.058201,
8.302,
2.23,
0,
1258.384,
1989, 
12.591,
71.308,
24.21,
10.27073,
25.921,
23.293,
27.887,
7.945941,
2.309,
7.261,
202.05,
80.533,
23.704,
27.958,
18.42,
227.651,
54.065,
44.197,
47.12099,
212.949,
27.675,
14.788,
79.717,
7.755054,
8.279,
2.263,
0,
1292.122,
1990, 
11.745,
70.944,
24.683,
10.25889,
25.85,
23.45166,
30.144,
6.679068,
2.458,
6.563,
200.368,
72.992,
24.299,
27.275,
18.225,
222.811,
55.37,
46.17,
49.914,
211.96,
35.097,
14.786,
84.445,
7.357902,
8.611,
2.506,
0,
1294.964,
1991, 
9.372,
67.193,
25.208,
9.027902,
27.491,
24.69829,
32.726,
7.016109,
2.332,
6.147,
194.9965,
52.952,
26.029,
25.956,
17.003,
79.893,
46.29,
52.013,
55.167,
246.56,
39.188,
13.48,
89.564,
6.452879,
9.018,
2.836,
0,
1168.61,
1992, 
8.592,
69.585,
27.114,
9.19588,
23.902,
29.29976,
32.958,
7.428288,
2.466,
5.85,
185.845,
41.594,
28.455,
23.089,
14.963,
63.32,
52.276,
53.936,
61.444,
309.994,
42.915,
14.048,
88.252,
6.670589,
9.614,
2.404,
0,
1215.21,
1993, 
9.394001,
73.807,
28.725,
9.73794,
24.845,
40.0546,
30.214,
7.554194,
2.517,
6.135,
171.025,
37.99,
31.134,
17.03,
11.312,
51.022,
57.5946,
57.326,
64.313,
369.672,
50.609,
19.61,
88.046,
7.491562,
9.70181,
2.342,
0,
1279.203,
1994, 
10.584,
77.94801,
31.594,
10.56813,
25.229,
30.79477,
30.53,
6.448114,
2.478112,
7.068,
180.743,
41.162,
29.356,
12.962,
8.107,
37.898,
59.5058,
63.461,
69.088,
423.193,
57.7171,
24.564,
91.62401,
8.107636,
9.899,
2.014,
0,
1352.644,
1995, 
10.44,
76.906,
25.295,
10.925,
28.256,
33.93748,
32.42,
6.674058,
3.141187,
7.437,
178.958,
41.78201,
33.153,
8.911,
6.016,
36.949,
61.9665,
67.722,
73.101,
477.628,
64.9424,
23.136,
90.474,
7.7452,
9.767,
2.469,
0,
1420.152,
1996, 
11.1,
80.8,
25.4,
9.11,
34.6,
32.554,
37.57,
10.568,
2.827,
7.67,
172.793,
42.584,
35.2,
6.51,
4.345,
28.39,
50.613,
80,
74.3,
513.636,
57.774,
36.5,
94.5,
7.692,
10.709,
2.77,
0,
1470.515,
1997, 
11.7,
82.5,
27.5,
9.303,
38.1,
34.8,
39.03,
14.16,
2.73,
7.49,
176.439,
43.813,
36,
7.102001,
4.595,
27.331,
50.333,
80,
76.8,
516.542,
71.588,
41.2,
91.90001,
7.66,
10.831,
2.79,
0,
1512.237,
1998, 
12.1,
82.2,
27.7,
11.065,
40,
37.166,
38.49,
11.481,
3.176,
9.5,
196.397,
44.22,
38.2,
7.704,
4.577,
26.715,
43.822,
85,
63.8,
535.149,
53.49,
44,
81.3,
7.63,
10.706,
3.466,
0,
1519.054,
1999, 
12.6,
87.3,
29.4,
12.832,
40.3,
37.72,
41.56,
11.198,
3.075,
8.9,
195.813,
45,
34.4,
7.98,
5.336,
29.2,
44.518,
90,
64.2,
592.794,
67.355,
41.5,
80.1,
7.545,
11.282,
3.427,
0,
1605.335,
2000, 
12.6,
89.5,
31.7,
10.924,
39.2,
38.36,
45.01,
11.471,
3.194,
8.99,
201.394,
44.804,
35.8,
7.382,
4.52,
33.167,
51.709,
95,
67.4,
601.972,
64.405,
51.7,
81.09999,
8.545,
12.05,
3.029,
0,
1654.926,
2001, 
13,
90.4,
30,
11.049,
39.5,
38.45,
48.52,
12.555,
3.183,
9.17,
198.62,
41.374,
35,
7.8,
4.988999,
36.398,
54.939,
100,
57.16,
680.418,
67.202,
55.1,
76.6,
8.545,
12.445,
3.046,
0,
1735.463,
2002, 
13.2,
91.3,
31,
11.998,
38,
30.67,
48.22,
13.39,
3.223,
9.620001,
190.81,
41.409,
32.6,
9.61,
5.083,
39.203,
56.557,
100,
60.82,
724.548,
75.43,
61.6,
71.8,
8.7,
12.85,
2.658,
0,
1784.299,
2003, 
14.1,
94.3,
32,
13.334,
38,
33.07,
52.04,
13.445,
4.147,
10.2,
205.06,
44.314,
35.1,
11.645,
6.173,
42.739,
57.4,
100,
64.74,
880.65,
82.585,
64.5,
68.8,
9.15,
17.035,
3.419,
0,
1997.946,
2004, 
14.9,
98.99999,
35,
13.316,
34.4,
37.54,
55.12,
13.633,
4.529,
12,
209.57,
47.582,
38,
13.77,
6.684,
48.056,
62.533,
125,
59.93,
990.31,
93.211,
68.2,
67.4,
9.2,
17.39,
3.485,
0,
2179.759,
2005, 
14.3,
101,
37.5,
14.631,
36.7,
42.3,
59.49,
13.926,
5.305,
14.5,
209.482,
49.7,
42.8,
15.971,
6.873,
51.095,
68.981,
130,
57.1,
1090.012,
101.459,
66.6,
69.6,
9.269,
17.66,
3.535,
0,
2329.789,
2006, 
14,
99.7,
40,
15.314,
36.7,
45.28,
61.93,
16.177,
5.547,
13,
219.626,
55.181,
48,
18.037,
7.492,
57.395,
73.202,
155,
59.7,
1259.441,
101.86,
67,
69.9,
10.39,
18.175,
5.06,
0,
2573.107,
2007, 
14.5,
96.9,
40.7,
15.882,
46.4,
48.95,
63.95,
21.996,
5.838,
15.3,
231.62,
60.693,
48.8,
19.88,
8.1,
62.762,
86.86,
170,
63.13,
1369.18,
105.895,
77,
67.7,
10.979,
28.33,
5.295,
0,
2786.64,
2008, 
13.7,
87.60001,
40.1,
16.915,
46.5,
51.39,
78.46,
28.503,
7.118,
13.5,
200.297,
62.942,
51.4,
20.92,
9.04,
56.32,
89.5,
180,
58.12,
1407.57,
110.188,
81.4,
62.8,
10.743,
29.325,
5.47,
0,
2819.821,
2009, 
11,
64.9,
35.2,
14.762,
51.7,
49.98,
86.79,
27.251,
8.475,
11.8,
168.876,
49.868,
53,
14.78,
8.724,
46.927,
105.65,
180,
56.5,
1646.135,
115.564,
88,
54.8,
10.648,
33.425,
6.329,
0,
3001.084,
2010, 
12.4,
67.2,
34.5,
15.584,
59.1,
50.23,
85.26,
30.25,
11.03,
10.9,
162.47,
49.967,
62.7,
15.09,
8.988,
53.025,
109.31,
220,
53.6,
1896.623,
129.993,
83,
51.5,
10.358,
37.531,
6.847,
0,
3327.456,
2011, 
12,
68.6,
34.5,
14.596,
62.6,
50.08,
84.55,
29.462,
12.704,
11.2,
164.972,
52.527,
63.4,
16.5,
9.519,
58.912,
126.24,
270,
54.7,
2117.326,
133.828,
95,
51.3,
10.058,
43.338,
7.679,
0,
3655.591,
2012, 
12.465,
74.934,
36.184,
18.39,
69.323,
55.27501,
99.711,
34.5,
14.52,
11.56,
135.855,
46.49001,
63.879,
15.949,
17.691,
65.65,
187.953,
270,
53.308,
2228.272,
132.478,
52.55,
54.737,
9.915001,
50.777,
10.601,
0,
3822.967,
2013, 
11.611,
77.41499,
34.612,
18.588,
69.975,
59.163,
94.874,
40.283,
16.353,
12.168,
133.019,
44.352,
71.337,
16.064,
18.772,
70.849,
192.102,
280,
53.891,
2430.161,
138.998,
56.89,
57.962,
9.899999,
53.78099,
11.552,
0,
4074.672,
2014, 
11.879,
83.124,
36.597,
19.663,
71.254,
59.394,
104.917,
40.665,
18.186,
12.068,
131.91,
45.217,
71.239,
15.553,
21.27,
74.128,
193.043,
280,
53.723,
2509.493,
143.824,
56.96,
57.913,
10.394,
54.722,
13.937,
0,
4191.073,
2015, 
12.167,
84.94,
39.613,
19.827,
65.283,
60.062,
103.157,
43.019,
20.912,
12.992,
133.206,
46.395,
71.419,
14.194,
23.293,
66.963,
188.614,
260,
58.744,
2374.785,
158.639,
60.05,
54.827,
11.016,
64.29,
14.236,
0,
4062.643,
2016, 
11.693,
85.153,
40.577,
19.466,
57.557,
55.292,
105.928,
46.84,
22.622,
13,
135.046,
46.83101,
75.403,
14.501,
23.837,
59.321,
178.263,
280,
63.827,
2424.398,
164.924,
62.2,
53.255,
10.831,
70.756,
14.521,
0,
4136.042,
2017, 
12.706,
86.799,
41.601,
19.991,
54.004,
55.777,
124.553,
44.91,
23.252,
13.17,
136.163,
50.9,
80.55199,
14.609,
26.55,
60.09,
168.605,
283,
64.24,
2344.131,
172.963,
69.479,
55.195,
10.305,
75.794,
13.546,
0,
4102.885,
2018, 
13.554,
86.99999,
48.328,
19.209,
53.553,
53.00299,
102.7,
52.421,
23.35,
13.68,
138.733,
54.454,
72.544,
14.993,
27.588,
59.65,
173.253,
310,
57.923,
2249.513,
188.088,
75.413,
55.307,
10.879,
85.162,
14.813,
0,
4055.111,
2019, 
14,
88.1,
45.163,
18.628,
56.611,
53.091,
100.087,
57.746,
21.854,
12.726,
139.456,
56.943,
56.966,
15.258,
29.807,
64.436,
178.069,
334,
56.235,
2353.969,
207.594,
72.04,
53.462,
11.105,
88.543,
17.057,
0,
4202.946,
2020, 
14,
89.8,
47.833,
16.711,
61.052,
47.215,
90.375,
63.428,
24.867,
10.8,
137.154,
57.886,
72.299,
15.539,
31.519,
62.563,
193.587,
290,
53.208,
2391.468,
214.147,
62.83,
50.905,
10.72,
87.684,
17.504,
0,
4215.094,
2021, 
14,
91.3,
51.559,
18.552,
65.884,
57.598,
101.499,
69.572,
27.44,
12.5,
143.357,
59.388,
78.495,
17.009,
35.204,
66.584,
192.297,
350,
55.824,
2377.575,
227.432,
65.15,
50.083,
10.96,
97.859,
17.643,
0,
4354.764,
2022, 
15,
91.59999,
49.8,
18.761,
63.546,
60.309,
96.689,
70.41,
26.17,
12,
141.065,
57.383,
73.708,
11.6,
35.455,
67.772,
192.559,
380,
57.612,
2144.181,
236.292,
64.16,
53.2,
11.183,
94.53801,
18.001,
0,
4142.994,
2023, 
15.02207,
91.95727,
50.42494,
19.13984,
64.30682,
60.71429,
99.18034,
73.04947,
24.39047,
12.0997,
141.1205,
57.35944,
73.8665,
11.61508,
36.24061,
68.07957,
195.4589,
394.4888,
57.55339,
2149.911,
238.892,
65.87193,
52.89812,
11.23453,
96.18479,
18.7782,
0,
4179.838,
2024, 
15.05106,
92.29272,
50.9374,
19.54256,
64.7684,
61.60205,
101.5414,
76.31393,
26.43354,
12.25587,
141.2817,
57.45872,
74.00185,
11.65189,
37.00993,
68.2405,
198.649,
408.7563,
57.53527,
2154.637,
241.8062,
67.56923,
52.5592,
11.29142,
99.7505,
19.92802,
0,
4222.866,
2025, 
15.10338,
92.68709,
51.38188,
19.95379,
65.30797,
62.52792,
104.0302,
79.82773,
29.46574,
12.40328,
141.6335,
57.59962,
74.24841,
11.76115,
37.79411,
68.38938,
201.8804,
422.9514,
57.55323,
2158.905,
244.9349,
69.26097,
52.25311,
11.36206,
103.9332,
21.18652,
0,
4268.335,
2026, 
15.16473,
93.18259,
52.01405,
20.41193,
65.83366,
63.47694,
106.3382,
84.21175,
32.87876,
12.563,
141.9493,
57.57838,
74.59692,
12.04617,
38.49343,
68.49533,
205.1136,
437.3675,
57.51937,
2158.944,
248.1866,
70.9337,
52.01266,
11.41789,
109.7645,
23.07533,
0,
4313.571,
2027, 
15.23713,
93.75652,
52.64328,
20.86134,
66.36758,
64.40194,
108.3365,
88.56417,
36.22637,
12.72867,
142.342,
57.55278,
74.98209,
12.32246,
39.18075,
68.59403,
208.3016,
450.9164,
57.49221,
2157.994,
251.3517,
72.55831,
51.80634,
11.45998,
115.3734,
24.929,
0,
4356.28,
2028, 
15.32007,
94.40722,
53.27038,
21.30972,
66.90803,
65.31379,
110.2025,
92.83907,
39.51463,
12.90337,
142.8196,
57.51015,
75.37887,
12.5922,
39.85571,
68.68629,
211.4258,
463.7563,
57.45901,
2155.718,
254.4051,
74.1564,
51.62634,
11.49692,
120.8014,
26.76225,
0,
4396.439,
2029, 
15.42342,
95.17395,
53.90062,
21.77152,
67.46655,
66.23595,
111.9134,
97.06719,
42.74945,
13.09188,
143.446,
57.45865,
75.83897,
12.56833,
40.51738,
68.77305,
214.4684,
476.0192,
57.43728,
2151.689,
257.4043,
75.75428,
51.50635,
11.53618,
126.1096,
28.58114,
0,
4433.902,
2030, 
15.54032,
96.09344,
54.5327,
22.2541,
68.03267,
67.18865,
113.5548,
101.2975,
45.93626,
13.29831,
144.1969,
57.39535,
76.27654,
12.49435,
41.16442,
68.85529,
217.3963,
487.8222,
57.39129,
2145.409,
260.2483,
77.37609,
51.40958,
11.59108,
131.3219,
30.39064,
0,
4468.468,
2031, 
15.69212,
97.1361,
55.17879,
22.80456,
68.77028,
68.23486,
115.3047,
107.9426,
50.1018,
13.60022,
145.1388,
57.29074,
76.76131,
12.38943,
41.8006,
68.97066,
220.0943,
499.3724,
57.29512,
2133.896,
262.9282,
78.99204,
51.40929,
11.66325,
137.3558,
32.83455,
0,
4502.959,
2032, 
15.86781,
98.3431,
55.83017,
23.37635,
69.52435,
69.31072,
116.902,
114.5107,
54.19304,
13.92653,
146.2489,
57.18379,
77.23954,
12.26251,
42.41434,
69.08221,
222.6149,
510.5603,
57.18766,
2119.1,
265.4367,
80.68301,
51.4575,
11.7479,
143.2914,
35.24382,
0,
4533.539,
2033, 
16.0693,
99.74944,
56.49025,
23.98075,
70.30921,
70.41587,
118.3575,
120.993,
58.23485,
14.28292,
147.5618,
57.06981,
77.71236,
12.13942,
43.00439,
69.16799,
224.9286,
521.4949,
57.07629,
2100.538,
267.7689,
82.47501,
51.56254,
11.84902,
149.1847,
37.63359,
0,
4560.051,
2034, 
16.28792,
101.3754,
57.1599,
24.6302,
71.14416,
71.57325,
119.7199,
127.4491,
62.24768,
14.67379,
149.0757,
56.9468,
78.14084,
12.0756,
43.57023,
69.23375,
227.006,
532.2614,
56.95865,
2077.823,
269.8753,
84.38919,
51.71052,
11.95667,
155.0739,
40.01964,
0,
4582.378,
2035, 
16.53228,
103.2169,
57.8407,
25.32817,
72.03697,
72.8089,
120.9855,
133.9323,
66.24126,
15.10282,
150.802,
56.81559,
78.5158,
12.10844,
44.11103,
69.28659,
228.8247,
542.9321,
56.86367,
2050.696,
271.7423,
86.44283,
51.90091,
12.05727,
160.9968,
42.4155,
0,
4600.538,
2036, 
16.80356,
105.255,
58.51551,
26.1004,
73.05609,
74.16119,
122.295,
141.8104,
71.08301,
15.61382,
152.8381,
56.66915,
78.84837,
12.2168,
44.618,
69.36578,
230.2634,
553.5258,
56.81237,
2017.051,
273.1122,
88.59816,
52.16155,
12.16976,
167.5864,
45.29672,
0,
4615.828,
2037, 
17.07327,
107.3337,
59.20166,
26.92455,
74.15079,
75.60753,
123.4137,
149.7334,
75.88074,
16.1606,
155.1091,
56.51771,
79.14922,
12.3911,
45.09928,
69.43829,
231.4225,
564.0295,
56.56887,
1979.033,
274.2733,
90.90042,
52.47626,
12.31622,
174.1917,
48.19285,
0,
4626.589,
2038, 
17.3596,
109.5648,
59.89902,
27.80149,
75.31974,
77.14675,
124.4149,
157.731,
80.66373,
16.74253,
157.5869,
56.35978,
79.39053,
12.60789,
45.55561,
69.50434,
232.3024,
574.4758,
56.23141,
1936.864,
275.2013,
93.34737,
52.82721,
12.47469,
180.8282,
51.10584,
0,
4633.307,
2039, 
17.66282,
111.9524,
60.60698,
28.72868,
76.54996,
78.76173,
125.427,
165.7237,
85.4528,
17.35795,
160.2626,
56.19629,
79.58582,
12.84511,
45.98841,
69.55867,
232.9143,
584.8849,
55.85547,
1890.908,
275.9218,
95.93187,
53.21564,
12.63159,
187.5119,
54.03333,
0,
4636.47,
2040, 
17.98311,
114.4685,
61.3246,
29.69922,
77.84832,
80.44007,
126.3834,
173.6904,
90.25236,
18.00395,
163.1236,
56.02837,
79.75323,
13.08684,
46.39944,
69.61786,
233.2769,
595.2646,
55.45089,
1841.644,
276.4688,
98.64169,
53.64333,
12.79462,
194.2511,
56.97944,
0,
4636.519,
2041, 
18.3334,
117.0465,
62.02172,
30.71131,
79.19711,
82.13845,
127.3134,
183.1502,
96.02444,
18.69556,
166.2493,
55.859,
79.95143,
13.31873,
46.7725,
69.72916,
233.2383,
605.3145,
55.01968,
1787.777,
276.7144,
101.3597,
54.16462,
12.95904,
201.608,
60.47813,
0,
4635.145,
2042, 
18.69248,
119.7002,
62.71948,
31.75158,
80.56711,
83.85844,
128.2329,
192.535,
101.725,
19.40333,
169.4872,
55.68557,
80.11189,
13.552,
47.12891,
69.86201,
233.0047,
615.241,
54.56199,
1731.882,
276.8115,
104.1578,
54.70024,
13.11725,
208.9256,
63.97501,
0,
4631.39,
2043, 
19.05183,
122.4317,
63.4133,
32.81566,
81.95963,
85.6202,
129.1506,
201.9487,
107.3779,
20.122,
172.7778,
55.50604,
80.19898,
13.78508,
47.4715,
70.01006,
232.6037,
625.0295,
54.0672,
1674.602,
276.7386,
107.0154,
55.22157,
13.27807,
216.1901,
67.4733,
0,
4625.86,
2044, 
19.40905,
125.2687,
64.10078,
33.89509,
83.35583,
87.41553,
130.0399,
211.3734,
112.9871,
20.84655,
176.0906,
55.32082,
80.2209,
14.01639,
47.80233,
70.16701,
232.0681,
634.6651,
53.54198,
1616.57,
276.5236,
109.9092,
55.72267,
13.45728,
223.3947,
70.9725,
0,
4619.135,
2045, 
19.76181,
128.2082,
64.77992,
34.98291,
84.74517,
89.22764,
130.9145,
220.7801,
118.5598,
21.572,
179.3964,
55.13037,
80.18584,
14.24442,
48.12397,
70.32487,
231.4342,
644.1302,
52.99281,
1558.391,
276.1942,
112.8167,
56.198,
13.66236,
230.53,
74.46796,
0,
4611.755,
2046, 
20.12461,
131.1832,
65.41037,
36.06218,
86.09256,
90.99543,
131.7613,
231.7706,
125.0283,
22.2894,
182.7518,
54.95017,
80.13963,
14.46399,
48.40353,
70.49384,
230.4998,
652.9596,
52.4405,
1498.626,
275.6512,
115.5918,
56.70831,
13.88452,
238.0371,
78.4739,
0,
4604.794,
2047, 
20.47647,
134.1962,
66.02557,
37.12955,
87.40529,
92.7417,
132.6852,
242.627,
131.3632,
22.99395,
186.0368,
54.76497,
79.93333,
14.67744,
48.67828,
70.65756,
229.5385,
661.5227,
51.86955,
1439.897,
275.0285,
118.3341,
57.17529,
14.11193,
245.3811,
82.4141,
0,
4597.665,
2048, 
20.89932,
137.0237,
66.65593,
38.15956,
88.60559,
94.38585,
133.4362,
253.1011,
137.4773,
23.68944,
189.6275,
54.60983,
80.60551,
14.82973,
48.94847,
70.79018,
228.6282,
669.8592,
51.54046,
1382.624,
275.1581,
121.0479,
57.96349,
14.27645,
252.7514,
86.2497,
0,
4592.944,
2049, 
21.30901,
139.8477,
67.26981,
39.16595,
89.76129,
95.99367,
134.1675,
263.5268,
143.4588,
24.36559,
193.112,
54.45071,
81.13647,
14.97401,
49.21787,
70.91685,
227.731,
677.9127,
51.20431,
1327.158,
275.2558,
123.6981,
58.70528,
14.4568,
259.9558,
90.03504,
0,
4588.787,
2050, 
21.70663,
142.6612,
67.86762,
40.1449,
90.87044,
97.55933,
134.8878,
273.9037,
149.3234,
25.02009,
196.4862,
54.28886,
81.65192,
15.10959,
49.48819,
71.03737,
226.8777,
685.6794,
50.87096,
1273.775,
275.3568,
126.2735,
59.40725,
14.64455,
266.9965,
93.77111,
0,
4585.66,
2051, 
22.10274,
145.3931,
68.41519,
41.07788,
91.89861,
99.0428,
135.5529,
285.7533,
155.9263,
25.64114,
199.7499,
54.1311,
82.07675,
15.23512,
49.70961,
71.1414,
225.8501,
692.8376,
50.54672,
1220.977,
275.2321,
128.6711,
60.08752,
14.83319,
274.1422,
97.93495,
0,
4583.96,
2052, 
22.48079,
148.0897,
68.94327,
41.97726,
92.88305,
100.4977,
136.2108,
297.4003,
162.34,
26.23363,
202.8602,
53.96947,
82.4535,
15.35085,
49.93379,
71.24012,
224.8767,
699.6612,
50.11372,
1170.738,
275.0903,
130.9707,
60.70586,
15.03376,
281.0526,
101.9908,
0,
4583.099,
2053, 
22.84492,
150.7127,
69.46883,
42.84026,
93.80851,
101.903,
136.8681,
308.81,
168.5632,
26.79727,
205.8327,
53.80604,
82.81974,
15.45665,
50.16139,
71.33252,
223.9931,
706.1594,
49.62419,
1123.14,
274.9785,
133.1688,
61.27969,
15.23786,
287.7449,
105.9447,
0,
4583.297,
2054, 
23.19672,
153.2313,
69.98065,
43.66461,
94.6748,
103.2477,
137.5298,
319.9861,
174.6098,
27.33197,
208.6728,
53.64168,
83.19211,
15.55249,
50.39316,
71.41782,
223.2088,
712.3414,
49.14985,
1078.216,
274.9193,
135.263,
61.8165,
15.43631,
294.2308,
109.8008,
0,
4584.706,
2055, 
23.53688,
155.6426,
70.4771,
44.45018,
95.4828,
104.5316,
138.2002,
330.9435,
180.4924,
27.8379,
211.3826,
53.47682,
83.57824,
15.6385,
50.62967,
71.49613,
222.5298,
718.2169,
48.69402,
1035.957,
274.9236,
137.2525,
62.31989,
15.62924,
300.5197,
113.5648,
0,
4587.405,
2056, 
23.87269,
157.933,
70.91353,
45.1762,
96.17832,
105.6928,
138.804,
343.0488,
186.9328,
28.30122,
213.9446,
53.30868,
83.99015,
15.71808,
50.81914,
71.56137,
221.7175,
723.41,
48.22334,
995.4114,
274.8684,
139.039,
62.82783,
15.81054,
306.7977,
117.6702,
0,
4591.971,
2057, 
24.19489,
160.1146,
71.33378,
45.86146,
96.81479,
106.791,
139.4142,
354.8268,
193.1452,
28.73443,
216.3668,
53.13932,
84.40281,
15.78805,
51.01284,
71.61881,
221.0181,
728.2888,
47.81326,
957.4734,
274.8636,
140.7186,
63.2963,
15.98551,
312.8417,
121.6432,
0,
4597.502,
2058, 
24.50393,
162.1891,
71.73845,
46.50726,
97.39462,
107.8279,
140.0333,
366.307,
199.1503,
29.13862,
218.6532,
52.96885,
84.81784,
15.84872,
51.21101,
71.66878,
220.4312,
732.869,
47.52752,
922.0457,
274.9104,
142.2938,
63.72728,
16.15393,
318.6667,
125.4952,
0,
4604.08,
2059, 
24.80023,
164.1591,
72.12817,
47.1151,
97.92039,
108.8059,
140.6635,
377.515,
204.9658,
29.51501,
220.8083,
52.7973,
85.23562,
15.90051,
51.4137,
71.71154,
219.9554,
737.1655,
47.39056,
889.0157,
275.0083,
143.7683,
64.12242,
16.31582,
324.2866,
129.2362,
0,
4611.72,
2060, 
25.08462,
166.0279,
72.50368,
47.68665,
98.39486,
109.7274,
141.3059,
388.4738,
210.608,
29.86494,
222.8387,
52.62486,
85.65886,
15.94383,
51.62093,
71.74744,
219.5878,
741.1941,
47.42667,
858.2594,
275.1588,
145.1462,
64.48475,
16.47185,
329.715,
132.8753,
0,
4620.432,
2061, 
25.36271,
167.7903,
72.82633,
48.20671,
98.76196,
110.5363,
141.8494,
400.3474,
216.6456,
30.17381,
224.7334,
52.44426,
86.10112,
15.98034,
51.79573,
71.75773,
219.0717,
744.4177,
47.67539,
829.3605,
275.2629,
146.3296,
64.8308,
16.61364,
335.0187,
136.7554,
0,
4630.649,
2062, 
25.6285,
169.4597,
73.13508,
48.69189,
99.08057,
111.2912,
142.4008,
411.8796,
222.4543,
30.45745,
226.5077,
52.26225,
86.53879,
16.00911,
51.97367,
71.76117,
218.6576,
747.3831,
47.69591,
802.4854,
275.4036,
147.4229,
65.14217,
16.75012,
340.1095,
140.4999,
0,
4641.082,
2063, 
25.88271,
171.0408,
73.4307,
49.14429,
99.35368,
111.9952,
142.9608,
423.1044,
228.0563,
30.7174,
228.1685,
52.07888,
86.97266,
16.03058,
52.15465,
71.75809,
218.3404,
750.1066,
47.51328,
777.4979,
275.5793,
148.4321,
65.4212,
16.8817,
345.0044,
144.1218,
0,
4651.748,
2064, 
26.12608,
172.5387,
73.71395,
49.56593,
99.58435,
112.6512,
143.5299,
434.0512,
233.4713,
30.95519,
229.7227,
51.89425,
87.40335,
16.04521,
52.33855,
71.74881,
218.1151,
752.6038,
47.33825,
754.2642,
275.7882,
149.3624,
65.6702,
17.00864,
349.7183,
147.6327,
0,
4662.842,
2065, 
26.35968,
173.9582,
73.98574,
49.9588,
99.77543,
113.2624,
144.1082,
444.7461,
238.7166,
31.17235,
231.1793,
51.70856,
87.83428,
16.05343,
52.5252,
71.73368,
217.9765,
754.8901,
47.17137,
732.6533,
276.0317,
150.2189,
65.89285,
17.131,
354.2663,
151.0427,
0,
4674.353,
2066, 
26.58833,
175.2886,
74.20753,
50.30154,
99.86946,
113.7702,
144.5827,
456.0634,
244.1671,
31.35144,
232.5703,
51.5161,
88.28047,
16.05729,
52.69088,
71.70444,
217.682,
756.3943,
47.05296,
712.6284,
276.2142,
150.9137,
66.09758,
17.2407,
358.5695,
154.581,
0,
4686.384,
2067, 
26.80745,
176.5502,
74.41849,
50.61792,
99.92793,
114.2369,
145.063,
467.0566,
249.4091,
31.51167,
233.8719,
51.32232,
88.71976,
16.05556,
52.85812,
71.66961,
217.4644,
757.7063,
46.9685,
693.979,
276.418,
151.5427,
66.27577,
17.34622,
362.6996,
157.9935,
0,
4698.491,
2068, 
27.01778,
177.7478,
74.61932,
50.90987,
99.95338,
114.6655,
145.5492,
477.7592,
254.4633,
31.65445,
235.0907,
51.12728,
89.15317,
16.04862,
53.02679,
71.62951,
217.3181,
758.8391,
46.92208,
676.5915,
276.6421,
152.111,
66.42972,
17.44791,
366.6713,
161.2928,
0,
4710.682,
2069, 
27.22003,
178.8859,
74.81075,
51.1792,
99.94833,
115.0585,
146.0412,
488.2001,
259.3481,
31.7811,
236.2332,
50.93109,
89.58157,
16.03684,
53.19673,
71.58443,
217.2382,
759.8052,
46.91727,
660.3587,
276.8849,
152.6229,
66.56156,
17.54588,
370.498,
164.49,
0,
4722.96,
2070, 
27.41485,
179.969,
74.99335,
51.42757,
99.91503,
115.4187,
146.5387,
498.4046,
264.0793,
31.89286,
237.3054,
50.7338,
90.00565,
16.02054,
53.3678,
71.53462,
217.2195,
760.5867,
46.95477,
645.1802,
277.1452,
153.0827,
66.67323,
17.6402,
374.1914,
167.5949,
0,
4735.291,
2071, 
27.59882,
180.9526,
75.12688,
51.63192,
99.80038,
115.6813,
146.9644,
508.994,
268.8651,
31.97385,
238.3407,
50.53786,
90.42631,
16.00256,
53.51834,
71.47893,
217.0564,
760.6037,
47.04395,
631.1423,
277.3038,
153.4118,
66.77613,
17.72241,
377.597,
170.756,
0,
4747.307,
2072, 
27.77554,
181.8889,
75.2523,
51.81743,
99.66078,
115.9145,
147.3927,
519.2874,
273.465,
32.04155,
239.3124,
50.34066,
90.83687,
15.98075,
53.66918,
71.41894,
216.9454,
760.4896,
47.15452,
617.9764,
277.4692,
153.6958,
66.85873,
17.80136,
380.8651,
173.8047,
0,
4759.116,
2073, 
27.945,
182.7816,
75.36994,
51.98558,
99.49811,
116.1205,
147.8234,
529.3157,
277.8973,
32.09713,
240.2227,
50.142,
91.23351,
15.95537,
53.82023,
71.35489,
216.8817,
760.2532,
47.2875,
605.6029,
277.6354,
153.9384,
66.92033,
17.87725,
384.0066,
176.7524,
0,
4770.719,
2074, 
28.10807,
183.6341,
75.48045,
52.13771,
99.3142,
116.3013,
148.2563,
539.1054,
282.1786,
32.14227,
241.0779,
49.94208,
91.63943,
15.9267,
53.97138,
71.28698,
216.8614,
759.9002,
47.44587,
593.9482,
277.8041,
154.143,
66.98638,
17.95036,
387.0326,
179.6092,
0,
4782.184,
2075, 
28.2653,
184.4497,
75.58431,
52.27513,
99.11067,
116.4589,
148.6913,
548.6798,
286.3229,
32.17808,
241.8828,
49.74099,
92.08465,
15.89497,
54.12255,
71.21544,
216.8808,
759.438,
47.36593,
582.9444,
277.9751,
154.3125,
67.05598,
18.021,
389.9533,
182.3839,
0,
4793.289,
2076, 
28.40562,
185.1346,
75.64483,
52.37176,
98.83752,
116.5259,
149.0633,
558.3793,
290.4102,
32.1886,
242.634,
49.55104,
92.55853,
15.86374,
54.2516,
71.14192,
216.7782,
758.3133,
47.30008,
572.5901,
278.0363,
154.3584,
67.14933,
18.07911,
392.5349,
185.1139,
0,
4803.216,
2077, 
28.54018,
185.7881,
75.69931,
52.4553,
98.54739,
116.5723,
149.4352,
567.8151,
294.3396,
32.19141,
243.3392,
49.35977,
93.07014,
15.82991,
54.38002,
71.06506,
216.708,
757.0923,
47.20173,
562.7688,
278.0916,
154.3744,
67.22707,
18.13523,
395.0103,
187.7465,
0,
4812.784,
2078, 
28.66942,
186.4128,
75.74817,
52.5268,
98.24152,
116.5999,
149.807,
577.0141,
298.1264,
32.18692,
244.0021,
49.16726,
93.61941,
15.79366,
54.50775,
70.98502,
216.6674,
755.7801,
47.05493,
553.4288,
278.1408,
154.3633,
67.29555,
18.18962,
397.3885,
190.2914,
0,
4822.008,
2079, 
28.79382,
187.0111,
75.79179,
52.58722,
97.92115,
116.6099,
150.1786,
585.9996,
301.7839,
32.17561,
244.6263,
48.97359,
94.22049,
15.75516,
54.63477,
70.90197,
216.6535,
754.3841,
46.86053,
544.5228,
278.1843,
154.3273,
67.35244,
18.24253,
399.6779,
192.7572,
0,
4830.927,
2080, 
28.91363,
187.5853,
75.8308,
52.63742,
97.58739,
116.6038,
150.5498,
594.7922,
305.3242,
32.15783,
245.2145,
48.77876,
94.87287,
15.71458,
54.76102,
70.81604,
216.6636,
752.8965,
46.61929,
536.0081,
278.2203,
154.2685,
67.39101,
18.29421,
401.8853,
195.1515,
0,
4839.539,
2081, 
29.01582,
188.0186,
75.8382,
52.65373,
97.21722,
116.5256,
150.8533,
603.5029,
308.749,
32.12621,
245.7314,
48.60251,
95.58635,
15.67588,
54.8675,
70.73325,
216.5811,
750.9305,
46.37292,
527.934,
278.1587,
154.0995,
67.44543,
18.33201,
403.7911,
197.4273,
0,
4846.77,
2082, 
29.11482,
188.4314,
75.84389,
52.66099,
96.83551,
116.4333,
151.155,
611.9809,
312.0425,
32.08858,
246.2215,
48.42558,
96.353,
15.63537,
54.97264,
70.64771,
216.5184,
748.8952,
46.16164,
520.1771,
278.0959,
153.9026,
67.47377,
18.36881,
405.6187,
199.6197,
0,
4853.674,
2083, 
29.21018,
188.8256,
75.84826,
52.65993,
96.44313,
116.3277,
151.455,
620.2493,
315.2173,
32.04557,
246.6836,
48.24769,
97.1636,
15.59316,
55.07648,
70.55954,
216.4731,
746.7929,
46.07185,
512.7053,
278.0254,
153.6865,
67.48512,
18.40469,
407.3731,
201.7368,
0,
4860.361,
2084, 
29.30223,
189.2028,
75.85121,
52.65118,
96.04088,
116.21,
151.7531,
628.3285,
318.284,
31.99825,
247.1201,
48.06891,
98.0127,
15.54938,
55.17904,
70.46886,
216.4434,
744.6207,
46.16528,
505.4898,
277.9475,
153.453,
67.48241,
18.43974,
409.0602,
203.7858,
0,
4866.909,
2085, 
29.39045,
189.5644,
75.85253,
52.63534,
95.62946,
116.081,
152.0495,
636.2359,
321.2523,
31.94101,
247.5295,
47.88895,
98.8825,
15.50412,
55.28031,
70.37581,
216.4272,
742.3849,
46.49162,
498.5042,
277.8556,
153.2031,
67.46536,
18.474,
410.6838,
205.7729,
0,
4873.356,
2086, 
29.45678,
189.8035,
75.82627,
52.59307,
95.20123,
115.8965,
152.2833,
643.8876,
324.0797,
31.86815,
247.8332,
47.72762,
99.77087,
15.46142,
55.36382,
70.28491,
216.3379,
739.8574,
46.56841,
492.0057,
277.6559,
152.864,
67.44969,
18.49443,
412.066,
207.6139,
0,
4878.251,
2087, 
29.51941,
190.0295,
75.79855,
52.54449,
94.76514,
115.7021,
152.5143,
651.3348,
326.7991,
31.79087,
248.1119,
47.56509,
100.7001,
15.4174,
55.44561,
70.19162,
216.2587,
737.2822,
46.47871,
485.6913,
277.4395,
152.5109,
67.41332,
18.51418,
413.3859,
209.3842,
0,
4882.589,
2088, 
29.5786,
190.2435,
75.7694,
52.49005,
94.32174,
115.4984,
152.7426,
658.5972,
329.4203,
31.70952,
248.3675,
47.40142,
101.6701,
15.37214,
55.52572,
70.09603,
216.1885,
734.6547,
46.38337,
479.5421,
277.2069,
152.1449,
67.36631,
18.53331,
414.6482,
211.0906,
0,
4886.563,
2089, 
29.63476,
190.4465,
75.73902,
52.4302,
93.87151,
115.2861,
152.9681,
665.6921,
331.9518,
31.62442,
248.6027,
47.23674,
102.686,
15.32573,
55.6042,
69.99825,
216.1263,
731.9793,
46.28316,
473.5409,
276.9602,
151.767,
67.30745,
18.55188,
415.8578,
212.7388,
0,
4890.211,
2090, 
29.68858,
190.6397,
75.70773,
52.36535,
93.41493,
115.0657,
153.1911,
672.6349,
334.401,
31.5359,
248.8212,
47.07128,
103.1739,
15.27824,
55.68109,
69.89837,
216.0714,
729.2607,
46.17973,
467.6719,
276.7037,
151.3781,
67.24294,
18.56991,
417.0193,
214.3342,
0,
4893.001,
2091, 
29.72727,
190.7469,
75.65923,
52.28204,
92.96076,
114.8054,
153.3263,
679.1556,
336.673,
31.43707,
248.9532,
46.92299,
103.381,
15.23142,
55.74158,
69.79147,
215.9415,
726.3392,
46.07736,
462.2732,
276.3926,
150.9129,
67.19244,
18.57665,
417.9778,
215.7963,
0,
4894.275,
2092, 
29.76342,
190.8457,
75.61014,
52.19425,
92.50114,
114.5379,
153.4582,
685.4974,
338.8556,
31.33517,
249.0685,
46.77378,
103.5747,
15.18361,
55.8002,
69.68246,
215.8166,
723.3769,
45.97047,
456.9798,
276.0676,
150.4383,
67.15539,
18.58293,
418.8888,
217.2001,
0,
4895.159,
2093, 
29.79724,
190.937,
75.56069,
52.10227,
92.03643,
114.2638,
153.5869,
691.677,
340.9565,
31.23044,
249.1686,
46.62372,
103.756,
15.13488,
55.85698,
69.5714,
215.6959,
720.5811,
45.85941,
451.7807,
275.7295,
149.955,
67.13822,
18.58879,
419.7558,
218.5508,
0,
4895.895,
2094, 
29.82892,
191.0212,
75.51119,
52.0064,
91.56696,
113.9835,
153.7124,
697.7089,
342.9825,
31.12307,
249.2547,
46.47286,
103.9259,
15.08526,
55.91204,
69.4584,
215.5789,
717.626,
45.74446,
446.6659,
275.3789,
149.4636,
67.14676,
18.59425,
420.582,
219.8531,
0,
4896.188,
2095, 
29.85864,
191.099,
75.46149,
51.90693,
91.09303,
113.6973,
153.8349,
703.6061,
344.9397,
31.01326,
249.328,
46.32125,
104.0853,
15.03482,
55.96541,
69.34353,
215.4648,
714.6048,
45.6259,
441.6263,
275.0167,
148.9647,
67.17894,
18.59936,
421.3702,
221.1112,
0,
4896.151,
2096, 
29.87295,
191.1086,
75.38862,
51.79784,
90.63291,
113.3874,
153.8598,
708.9823,
346.7067,
30.89447,
249.2927,
46.17566,
104.2004,
14.98101,
55.99439,
69.20291,
215.2582,
711.4904,
45.50594,
436.8467,
274.5852,
148.4079,
67.21509,
18.59596,
421.9961,
222.2358,
0,
4894.616,
2097, 
29.8853,
191.1127,
75.28551,
51.6855,
90.16895,
113.0723,
153.8813,
714.2034,
348.3996,
30.77351,
249.2452,
46.02928,
104.3039,
14.92644,
56.02151,
69.06046,
215.0532,
708.349,
45.3819,
432.1274,
274.1405,
147.8446,
67.26157,
18.59224,
422.5845,
223.3128,
0,
4892.703,
2098, 
29.89582,
191.112,
75.17854,
51.57011,
89.70142,
112.7523,
153.8995,
719.2834,
350.0243,
30.6505,
249.1865,
45.88217,
104.3966,
14.87115,
56.04683,
68.91621,
214.8495,
705.182,
45.25409,
427.4617,
273.6832,
147.2753,
67.30965,
18.58823,
423.1383,
224.3465,
0,
4890.456,
2099, 
29.90469,
191.1068,
75.06993,
51.45185,
89.23045,
112.4277,
153.9145,
724.2346,
351.5864,
30.5256,
249.1174,
45.73436,
104.4794,
14.81516,
56.07042,
68.77026,
214.6467,
701.9904,
45.1228,
422.8437,
273.2142,
146.7004,
67.35015,
18.58395,
423.6599,
225.3405,
0,
4887.892,
2100, 
29.9128,
191.0975,
74.96008,
51.33094,
88.75629,
112.0987,
153.9265,
729.0675,
353.0904,
30.39899,
249.0426,
45.58622,
104.5597,
14.75853,
56.09234,
68.62268,
214.445,
698.7759,
44.99059,
418.2682,
272.7404,
146.1205,
67.38905,
18.57941,
424.1528,
226.2979,
0,
4885.062];
