real main.em.dem.hi.Clinker_Production[28](t) = [1971, 
7.4853,
63.9486,
6.16722,
4.277119,
8.038461,
12.24752,
6.25314,
3.05092,
1.27804,
5.21629,
148.1945,
32.9983,
6.87323,
1.5908,
0,
82.27142,
8.05349,
12.39273,
10.62152,
26.71521,
7.71953,
0.44317,
51.11324,
4.80396,
2.93748,
1.97758,
0,
516.6688,
1972, 
8.181899,
67.437,
7.17746,
5.781819,
9.33324,
12.79692,
6.21131,
3.40158,
1.24333,
5.43968,
168.4209,
36.25626,
6.91145,
1.60064,
0,
85.52518,
9.37485,
13.10155,
10.72526,
29.89577,
8.42296,
0.54236,
57.01112,
5.09894,
2.82282,
2.23657,
0,
564.9509,
1973, 
9.0477,
69.8184,
8.13276,
6.222979,
10.98636,
13.26924,
6.09294,
3.4265,
1.25579,
6.10896,
163.4131,
38.33475,
8.140861,
1.62934,
0,
89.80722,
9.12502,
12.46328,
12.71725,
31.45451,
10.1647,
0.6734,
67.1832,
5.41886,
3.15224,
2.5543,
0,
590.5936,
1974, 
9.5769,
66.20219,
8.75104,
6.252499,
12.45334,
13.92114,
6.35816,
3.59293,
1.29139,
6.49789,
160.7271,
41.23879,
8.1354,
1.6728,
0,
94.4189,
10.79415,
11.88477,
13.50622,
31.40056,
9.854391,
0.75621,
62.87288,
5.7405,
3.51533,
2.57299,
0,
593.9885,
1975, 
8.7669,
55.917,
9.184,
5.841679,
13.44062,
13.5464,
6.93399,
4.03437,
1.26291,
6.38664,
152.3531,
44.09148,
9.85803,
1.77858,
0,
100.0867,
12.3421,
13.48584,
15.58739,
39.00477,
10.81171,
0.9800701,
56.34462,
5.41112,
3.63909,
2.37363,
0,
593.4628,
1976, 
8.908199,
60.8229,
10.40662,
6.260699,
15.3135,
14.35082,
7.11199,
4.07709,
1.34657,
6.27272,
156.5511,
47.32811,
11.06014,
20.22776,
0,
101.8817,
13.16961,
15.36828,
17.17443,
39.53132,
11.79269,
1.6471,
59.09232,
5.29932,
3.50987,
1.57975,
0,
640.0847,
1977, 
8.939699,
65.3661,
10.92896,
6.179519,
17.32086,
14.7559,
7.87561,
4.14117,
1.5753,
5.84997,
160.464,
49.99436,
12.1849,
20.59403,
0,
104.1859,
13.77966,
15.91359,
19.29018,
47.12441,
12.45426,
2.31959,
62.89868,
5.26234,
3.57448,
1.58242,
0,
674.5559,
1978, 
9.425699,
69.7914,
11.603,
6.7527,
19.05598,
15.69398,
9.07978,
4.31294,
1.44714,
6.07247,
163.3752,
52.34935,
14.17052,
20.18211,
0,
104.1039,
15.73099,
16.28958,
20.14103,
55.30912,
12.91017,
3.32059,
72.99853,
5.11872,
3.90026,
1.55661,
0,
714.6918,
1979, 
10.3131,
68.9832,
12.58864,
7.018379,
20.39422,
17.19458,
11.61984,
4.63334,
1.47028,
5.51711,
165.8589,
51.99385,
12.35143,
19.51764,
0,
100.8756,
19.55231,
15.1641,
22.21583,
62.54913,
15.70569,
4.03312,
75.51144,
5.14366,
3.76194,
1.56373,
0,
735.5311,
1980, 
9.306,
61.4169,
13.44636,
7.329389,
22.29908,
19.21998,
13.28058,
4.83181,
1.604715,
6.34125,
166.359,
56.74334,
11.80725,
19.44603,
3.444,
102.5402,
21.80244,
14.77649,
21.48692,
67.66492,
13.83473,
4.78569,
75.64302,
5.20902,
4.03221,
1.48808,
0,
750.1393,
1981, 
9.1368,
58.5486,
14.90186,
7.240192,
21.36182,
19.23638,
14.4714,
5.91049,
1.58137,
7.20455,
161.6095,
52.8036,
13.68913,
19.50725,
3.623785,
104.2786,
26.34503,
17.35364,
21.49147,
70.1516,
14.80752,
5.20429,
72.95209,
5.63558,
4.27336,
1.66341,
0,
754.9833,
1982, 
7.3224,
51.7275,
15.86126,
6.975526,
21.02808,
18.38604,
14.31654,
5.90159,
1.431351,
7.1912,
156.6791,
59.37403,
14.35798,
19.72428,
3.80357,
164.3214,
28.56279,
18.7995,
23.55717,
80.35645,
16.30811,
5.30712,
69.38996,
6.06644,
4.226613,
1.5397,
0,
822.5157,
1983, 
7.083899,
57.5343,
14.23766,
7.309465,
17.1134,
17.01418,
16.05827,
5.43523,
1.42311,
7.02833,
156.5567,
62.29861,
12.37145,
20.60824,
11.06487,
171.0192,
30.74569,
20.96663,
26.64662,
91.40956,
17.70769,
7.36645,
69.56626,
5.38532,
4.453147,
1.35547,
0,
859.7597,
1984, 
8.448299,
63.4068,
15.33564,
7.243676,
15.98754,
17.32496,
20.01432,
4.94573,
1.396034,
7.194759,
147.339,
64.99251,
14.32158,
21.3323,
11.67688,
173.43,
35.87509,
24.51903,
25.85583,
103.7566,
17.76047,
8.09263,
67.8196,
4.83062,
4.842429,
1.3706,
0,
889.1129,
1985, 
9.1728,
63.2556,
16.6091,
7.130142,
16.9207,
17.38892,
21.90112,
6.18016,
1.390888,
6.1232,
139.3141,
60.60722,
15.99871,
21.1519,
12.34182,
174.4788,
36.94828,
26.53593,
25.94319,
122.7869,
16.3618,
9.0454,
62.64842,
5.73362,
5.074242,
1.4685,
0,
902.5115,
1986, 
9.5499,
64.0008,
16.2565,
7.976664,
20.70664,
19.69804,
20.29912,
6.525658,
1.525423,
5.55894,
139.6933,
63.48124,
18.20364,
22.27612,
13.84898,
179.7981,
35.55969,
29.03589,
28.6923,
140.0384,
17.02337,
10.30393,
61.28704,
6.134619,
6.25898,
1.71236,
0,
945.4457,
1987, 
11.3427,
60.64199,
19.25524,
8.431331,
20.88376,
21.51926,
23.22633,
5.958461,
1.680385,
5.33911,
143.2396,
63.21106,
20.0018,
22.63692,
14.21224,
182.8526,
37.98329,
30.82205,
31.80086,
156.8833,
18.90434,
10.75074,
61.53386,
5.948624,
7.05796,
1.84586,
0,
987.9637,
1988, 
11.115,
64.3896,
19.35692,
7.959253,
20.76978,
21.52898,
24.51861,
6.817934,
1.61624,
6.0164,
153.1162,
65.17658,
20.53688,
23.0912,
14.45496,
184.6935,
40.50151,
34.14288,
37.68401,
176.6497,
21.34769,
11.93738,
66.69644,
6.070053,
7.55482,
1.9847,
0,
1049.727,
1989, 
11.3319,
64.1772,
19.8522,
8.422002,
21.25522,
19.10026,
24.81943,
7.071888,
2.05501,
6.46229,
159.6195,
63.62107,
21.57064,
22.92556,
15.1044,
186.6738,
44.87395,
36.68351,
42.88011,
176.7477,
25.18425,
13.45708,
68.55663,
6.669346,
7.53389,
2.01407,
0,
1078.663,
1990, 
10.5705,
63.8496,
20.24006,
8.412292,
21.197,
19.23036,
26.82816,
5.94437,
2.18762,
5.84107,
158.2907,
57.66368,
22.11209,
22.3655,
14.9445,
182.705,
45.9571,
38.3211,
45.42174,
175.9268,
31.93827,
13.45526,
72.6227,
6.327796,
7.83601,
2.23034,
0,
1082.42,
1991, 
8.406684,
60.27212,
20.59494,
7.375795,
22.46015,
20.1785,
29.02796,
6.223289,
2.068484,
5.452389,
153.8522,
41.77913,
23.6083,
21.28392,
13.94246,
65.51226,
38.37441,
43.27482,
50.03647,
205.1379,
35.54351,
12.22636,
76.84591,
5.53657,
8.179326,
2.515532,
0,
979.7095,
1992, 
7.681248,
62.20899,
22.0708,
7.485446,
19.45623,
23.85,
29.13487,
6.566607,
2.179944,
5.1714,
146.4459,
32.77607,
25.72332,
18.93298,
12.26966,
51.9224,
43.28453,
44.98262,
55.54538,
258.535,
38.79516,
12.69939,
75.54371,
5.710024,
8.691056,
2.125136,
0,
1019.788,
1993, 
8.370054,
65.76203,
23.29597,
7.897469,
20.14929,
32.48428,
26.61853,
6.655245,
2.217477,
5.404935,
134.5967,
29.89813,
28.05173,
13.9646,
9.27584,
41.83804,
47.63074,
47.92454,
57.94602,
309.0458,
45.59871,
17.66861,
75.19128,
6.397794,
8.741331,
2.063302,
0,
1074.688,
1994, 
9.398592,
69.21783,
25.52795,
8.539049,
20.38503,
24.88217,
26.80534,
5.661444,
2.175782,
6.205704,
142.064,
32.35333,
26.36169,
10.62884,
6.64774,
31.07636,
49.15179,
53.18032,
62.04102,
354.6357,
51.82996,
22.05847,
78.06365,
6.907706,
8.889302,
1.768292,
0,
1136.457,
1995, 
9.2394,
68.06181,
20.36247,
8.794625,
22.74608,
27.31967,
28.3675,
5.839801,
2.748538,
6.507375,
140.482,
32.79887,
29.67193,
7.30702,
4.93312,
30.29818,
51.12236,
56.88648,
65.42539,
401.2075,
58.12344,
20.70672,
76.9029,
6.58342,
8.741465,
2.160375,
0,
1193.339,
1996, 
9.7902,
71.2656,
20.3708,
7.30622,
27.7492,
26.10831,
32.76104,
9.215296,
2.465144,
6.68824,
135.4697,
33.38586,
31.3984,
5.3382,
3.5629,
23.2798,
41.70511,
67.36,
66.2756,
432.4815,
51.53441,
32.558,
80.136,
6.522816,
9.552428,
2.41544,
0,
1236.696,
1997, 
10.2843,
72.5175,
21.9725,
7.433097,
30.4419,
27.8052,
33.91707,
12.30504,
2.37237,
6.50881,
138.1517,
34.30558,
32.004,
5.82364,
3.7679,
22.41142,
41.42406,
67.52,
68.2752,
435.9614,
63.64173,
36.6268,
77.74741,
6.48036,
9.628759,
2.42451,
0,
1271.752,
1998, 
10.5996,
72.00719,
22.0492,
8.807739,
31.84,
29.58414,
33.33234,
9.942546,
2.750416,
8.227,
153.5825,
34.58004,
33.8452,
6.31728,
3.75314,
21.9063,
36.02168,
71.91,
56.5268,
452.7361,
47.39214,
38.984,
68.6172,
6.43972,
9.485516,
3.001556,
0,
1274.239,
1999, 
10.9998,
76.21291,
23.3142,
10.17578,
31.9579,
29.91196,
35.86628,
9.663874,
2.653725,
7.680699,
152.93,
35.145,
30.3752,
6.5436,
4.37552,
23.944,
36.54928,
76.32,
56.6886,
502.6893,
59.47447,
36.6445,
67.4442,
6.35289,
9.962006,
2.957501,
0,
1346.833,
2000, 
10.962,
77.865,
25.043,
8.62996,
30.968,
30.3044,
38.7086,
9.86506,
2.74684,
7.7314,
157.0873,
34.94712,
31.504,
6.05324,
3.7064,
27.19694,
42.40138,
80.75,
59.312,
511.6762,
56.6764,
45.496,
68.12399,
7.1778,
10.604,
2.60494,
0,
1388.142,
2001, 
11.232,
78.10561,
23.4,
8.618219,
30.81,
29.991,
41.242,
10.67175,
2.70555,
7.7945,
154.5264,
32.18897,
30.59,
6.3804,
4.081002,
29.77356,
44.72034,
83.4,
49.95784,
567.4686,
58.73455,
48.1574,
64.1908,
7.16071,
10.87693,
2.5891,
0,
1439.367,
2002, 
11.3256,
78.3354,
23.87,
9.23846,
29.26,
23.6159,
40.5048,
11.2476,
2.70732,
8.0808,
148.0686,
32.13338,
28.2968,
7.84176,
4.147728,
31.98965,
45.69806,
81.8,
52.79176,
592.6802,
65.47324,
53.4688,
60.0248,
7.2732,
11.1538,
2.23272,
0,
1463.26,
2003, 
12.0132,
80.34361,
24.32,
10.13384,
28.88,
25.1332,
43.1932,
11.15935,
3.44201,
8.466,
158.7164,
34.29903,
30.2562,
9.479031,
5.024822,
34.78955,
46.0348,
80.2,
55.80588,
706.2813,
71.18827,
55.599,
57.3792,
7.6311,
14.68417,
2.83777,
0,
1617.291,
2004, 
12.6054,
83.754,
26.25,
9.987,
25.8,
28.155,
45.1984,
11.17906,
3.71378,
9.84,
161.7881,
36.73331,
32.528,
11.18124,
5.427408,
39.02147,
49.77627,
98.25,
51.30008,
778.3837,
79.78861,
58.3792,
56.0768,
7.6544,
14.88584,
2.8577,
0,
1740.515,
2005, 
12.012,
84.84,
27.75,
10.82694,
27.158,
31.302,
48.1869,
11.28006,
4.29705,
11.745,
161.3011,
38.269,
36.38,
12.93651,
5.56713,
41.38695,
54.495,
100.1,
48.535,
839.3092,
86.24015,
56.61,
57.768,
7.69327,
15.011,
2.86335,
0,
1833.864,
2006, 
11.76,
83.74799,
29.6,
11.33236,
27.158,
33.5072,
50.1633,
13.10337,
4.49307,
10.53,
169.112,
42.48937,
40.8,
14.60997,
6.06852,
46.48995,
57.82959,
119.35,
50.745,
969.7696,
86.581,
56.95,
58.017,
8.6237,
15.44875,
4.0986,
0,
2022.378,
2007, 
12.18,
81.396,
30.118,
11.75268,
34.336,
36.223,
51.7995,
17.81676,
4.72878,
12.393,
178.3474,
46.73361,
41.48,
16.1028,
6.561,
50.83722,
68.6194,
130.9,
53.6605,
1054.269,
90.01075,
65.45,
56.191,
9.11257,
24.0805,
4.28895,
0,
2189.388,
2008, 
11.508,
73.584,
29.674,
12.5171,
34.41,
38.0286,
63.5526,
23.08743,
5.76558,
10.935,
154.2287,
48.46534,
43.69,
16.9452,
7.3224,
45.6192,
70.705,
138.6,
49.402,
1083.829,
93.65981,
69.19,
52.124,
8.91669,
24.92625,
4.4307,
0,
2215.116,
2009, 
9.24,
54.516,
26.048,
10.92388,
38.258,
36.9852,
70.2999,
22.07331,
6.86475,
9.558001,
130.0345,
38.39836,
45.05,
11.9718,
7.06644,
38.01087,
83.4635,
138.6,
48.025,
1267.524,
98.22941,
74.8,
45.484,
8.83784,
28.41125,
5.12649,
0,
2353.801,
2010, 
10.416,
56.44799,
25.53,
11.53216,
43.734,
37.1702,
69.0606,
24.5025,
8.934299,
8.829,
125.1019,
38.47459,
53.295,
12.2229,
7.28028,
42.95025,
86.3549,
169.4,
45.56,
1460.4,
110.494,
70.55,
42.745,
8.597139,
31.90135,
5.54607,
0,
2607.03,
2011, 
10.08,
57.624,
25.53,
10.80104,
46.324,
37.0592,
68.4855,
23.86422,
10.29024,
9.072,
127.0284,
40.44579,
53.89,
13.365,
7.71039,
47.71872,
99.7296,
207.9,
46.495,
1630.341,
113.7538,
80.75,
42.579,
8.34814,
36.8373,
6.21999,
0,
2862.242,
2012, 
10.4706,
62.94456,
26.77616,
13.6086,
51.29902,
40.9035,
80.76591,
27.945,
11.7612,
9.363601,
104.6083,
35.7973,
54.29715,
12.91869,
14.32971,
53.1765,
148.4829,
207.9,
45.3118,
1715.769,
112.6063,
44.6675,
45.43171,
8.22945,
43.16045,
8.58681,
0,
2991.112,
2013, 
9.75324,
65.02859,
25.61288,
13.75512,
51.7815,
43.78062,
76.84794,
32.62923,
13.24593,
9.85608,
102.4246,
34.15104,
60.63645,
13.01184,
15.20532,
57.38769,
151.7606,
215.6,
45.80735,
1871.224,
118.1483,
48.3565,
48.10846,
8.216999,
45.71385,
9.357121,
0,
3187.401,
2014, 
9.978359,
69.82416,
27.08178,
14.55062,
52.72796,
43.95156,
84.98277,
32.93865,
14.73066,
9.77508,
101.5707,
34.81709,
60.55315,
12.59793,
17.2287,
60.04368,
152.504,
215.6,
45.66455,
1932.309,
122.2504,
48.416,
48.06779,
8.62702,
46.5137,
11.28897,
0,
3278.595,
2015, 
10.22028,
71.3496,
29.31362,
14.67198,
48.30942,
44.44588,
83.55717,
34.84539,
16.93872,
10.52352,
102.5686,
35.72415,
60.70615,
11.49714,
18.86733,
54.24003,
149.0051,
200.2,
49.9324,
1828.584,
134.8432,
51.0425,
45.50641,
9.14328,
54.6465,
11.53116,
0,
3182.214,
2016, 
9.82212,
71.52852,
30.02698,
14.40484,
42.59218,
40.91608,
85.80168,
37.9404,
18.32382,
10.53,
103.9854,
36.05987,
64.09255,
11.74581,
19.30797,
48.05001,
140.8278,
215.6,
54.25295,
1866.786,
140.1854,
52.87,
44.20165,
8.98973,
60.1426,
11.76201,
0,
3240.747,
2017, 
10.67304,
72.91116,
30.78474,
14.79334,
39.96296,
41.27498,
100.8879,
36.3771,
18.83412,
10.6677,
104.8455,
39.193,
68.4692,
11.83329,
21.5055,
48.6729,
133.198,
217.91,
54.604,
1804.981,
147.0186,
59.05715,
45.81185,
8.55315,
64.4249,
10.97226,
0,
3218.217,
2018, 
11.38536,
73.07999,
35.76272,
14.21466,
39.62922,
39.22222,
83.187,
42.46101,
18.9135,
11.0808,
106.8244,
41.92958,
61.6624,
12.14433,
22.34628,
48.3165,
136.8699,
238.7,
49.23455,
1732.125,
159.8748,
64.10105,
45.90481,
9.02957,
72.3877,
11.99853,
0,
3182.386,
2019, 
11.76,
74.004,
33.42062,
13.78472,
41.89214,
39.28734,
81.07047,
46.77426,
17.70174,
10.30806,
107.3811,
43.84611,
48.4211,
12.35898,
24.14367,
52.19316,
140.6745,
257.18,
47.79975,
1812.556,
176.4549,
61.234,
44.37346,
9.21715,
75.26155,
13.81617,
0,
3296.915,
2020, 
11.76,
75.432,
35.39642,
12.36614,
45.17848,
34.9391,
73.20375,
51.37668,
20.14227,
8.748,
105.6086,
44.57222,
61.45415,
12.58659,
25.53039,
50.67603,
152.9337,
223.3,
45.2268,
1841.43,
182.025,
53.4055,
42.25115,
8.8976,
74.5314,
14.17824,
0,
3307.15,
2021, 
11.76,
76.692,
38.15366,
13.72848,
48.75416,
42.62252,
82.21419,
56.35332,
22.2264,
10.125,
110.3849,
45.72876,
66.72076,
13.77729,
28.51524,
53.93304,
151.9146,
269.5,
47.4504,
1830.733,
193.3172,
55.3775,
41.56889,
9.0968,
83.18015,
14.29083,
0,
3418.119,
2022, 
12.6,
76.94399,
36.852,
13.88314,
47.02404,
44.62866,
78.31809,
57.0321,
21.1977,
9.72,
108.62,
44.18491,
62.6518,
9.396,
28.71855,
54.89532,
152.1216,
292.6,
48.9702,
1651.019,
200.8482,
54.536,
44.156,
9.28189,
80.35731,
14.58081,
0,
3255.138,
2023, 
12.58596,
77.16925,
37.14637,
14.16348,
47.57173,
44.9089,
80.33607,
59.17007,
19.75628,
9.7924,
105.37,
42.82838,
62.78653,
9.390486,
29.3549,
55.02177,
154.3992,
303.0239,
46.04272,
1655.431,
202.9556,
54.34435,
43.90544,
9.319287,
81.75707,
15.21034,
0,
3273.742,
2024, 
12.53438,
77.20938,
37.2975,
14.45188,
47.86776,
45.50054,
82.24436,
61.81428,
21.41117,
9.920482,
101.0949,
41.11491,
62.90157,
9.388417,
29.97804,
55.08723,
156.9282,
313.2321,
42.19253,
1659.07,
205.2479,
53.49231,
43.62413,
9.352444,
84.78793,
16.14169,
0,
3293.886,
2025, 
12.42968,
76.98097,
37.50877,
14.73212,
48.3279,
46.03542,
84.26449,
64.66046,
23.86725,
10.04166,
99.14345,
38.71025,
63.11115,
9.436878,
30.61323,
55.09603,
159.4855,
325.2181,
40.28726,
1662.356,
208.0103,
53.62531,
43.37008,
9.396427,
88.34322,
17.16108,
0,
3322.213,
2026, 
12.29873,
76.66748,
37.97026,
15.0411,
48.71691,
46.54847,
85.83617,
67.97573,
26.53973,
10.14085,
98.96341,
37.42595,
63.07916,
9.655375,
31.0719,
54.90462,
161.6295,
336.2481,
40.26356,
1659.796,
209.8666,
54.92042,
42.98326,
9.435741,
92.81682,
18.62641,
0,
3349.423,
2027, 
12.14395,
76.0837,
38.42959,
15.35131,
49.11201,
47.03814,
87.14587,
71.24102,
29.1405,
10.23894,
98.0841,
37.40931,
63.07494,
9.894814,
31.517,
54.6521,
163.7251,
346.1234,
40.24455,
1656.476,
211.4371,
56.17828,
42.62626,
9.429276,
97.05208,
20.05289,
0,
3373.902,
2028, 
11.97396,
75.3689,
38.87989,
15.67529,
49.51194,
47.50293,
88.33834,
74.41979,
31.67493,
10.34334,
96.80783,
37.3816,
63.07704,
9.750916,
31.94833,
54.43638,
165.7579,
334.5321,
40.22131,
1652.142,
212.8862,
57.4156,
42.2923,
9.418281,
101.0866,
21.45262,
0,
3374.297,
2029, 
11.79527,
74.52019,
39.28868,
15.99477,
49.92525,
47.98736,
89.39642,
77.53727,
34.14826,
10.45779,
95.38644,
37.34812,
63.12836,
9.4087,
32.36528,
54.3606,
167.7143,
324.0249,
40.2061,
1646.473,
214.2633,
58.65275,
42.00858,
9.408908,
104.9736,
22.83062,
0,
3373.604,
2030, 
11.60292,
73.55184,
39.6344,
16.3287,
50.34418,
48.51588,
90.38966,
80.6328,
36.56526,
10.58546,
93.84926,
37.30698,
63.15697,
9.077677,
32.76688,
54.55183,
169.5692,
317.0844,
40.1739,
1639.092,
215.4856,
59.90844,
41.74458,
9.411953,
108.7346,
24.19095,
0,
3374.257,
2031, 
11.41295,
72.62831,
39.95137,
16.73389,
50.89001,
49.1412,
91.45969,
85.62005,
39.74075,
10.78258,
94.34024,
37.53764,
63.22061,
8.774346,
33.15624,
54.70753,
171.1786,
324.592,
40.10658,
1627.736,
216.5476,
61.15959,
41.55927,
9.428572,
113.1262,
26.04436,
0,
3391.576,
2032, 
11.22896,
71.88409,
40.2341,
17.20682,
51.44802,
49.81591,
92.39937,
90.50923,
42.83418,
11.00753,
95.06176,
37.25535,
63.27464,
8.5106,
33.5243,
53.06243,
172.5153,
331.8642,
40.03136,
1613.907,
217.4458,
62.46883,
41.41299,
9.45471,
117.3843,
27.85671,
0,
3403.598,
2033, 
11.07059,
71.26397,
40.47604,
17.74576,
52.02882,
50.52676,
93.09237,
95.29408,
45.86576,
11.24922,
95.9152,
37.09537,
63.32003,
8.303641,
33.87025,
51.55251,
173.5254,
338.9716,
39.9534,
1597.249,
218.1781,
63.85627,
41.31191,
9.493435,
121.5557,
29.64021,
0,
3412.406,
2034, 
10.92385,
70.57494,
40.68045,
18.22635,
52.64668,
51.27418,
93.55465,
100.0221,
48.85198,
11.51599,
96.8992,
37.01542,
63.32534,
8.189618,
34.19392,
50.15876,
174.1793,
345.9699,
39.87106,
1577.483,
218.707,
65.33833,
41.24431,
9.536642,
125.6719,
31.40741,
0,
3417.462,
2035, 
10.79049,
69.73249,
40.87799,
18.74285,
53.30736,
52.08314,
93.83824,
104.735,
51.80067,
11.8104,
98.02133,
36.93013,
63.28374,
8.192318,
34.49482,
48.85612,
174.4848,
352.9059,
39.80457,
1554.428,
219.0243,
66.92836,
41.20932,
9.573469,
129.7635,
33.16892,
0,
3418.788,
2036, 
10.92231,
68.6553,
41.18765,
19.31429,
54.06151,
52.98615,
94.05785,
110.4987,
55.38788,
12.16629,
99.34474,
36.83495,
63.20486,
8.296161,
34.76634,
47.64661,
174.2818,
359.7918,
39.76866,
1526.504,
218.9267,
68.59713,
41.22849,
9.618979,
134.3373,
35.2952,
0,
3417.682,
2037, 
11.09763,
69.7669,
41.47227,
19.92417,
54.87158,
53.98213,
94.01048,
116.253,
58.91381,
12.54709,
100.8209,
36.73651,
63.09776,
8.19895,
35.01508,
46.49538,
173.807,
366.6192,
39.59821,
1495.357,
218.6507,
70.37965,
41.28832,
9.690403,
138.8656,
37.41693,
0,
3414.877,
2038, 
11.28374,
71.21714,
41.66615,
20.5731,
55.73661,
55.08082,
93.77753,
122.0207,
62.40147,
12.95202,
102.4314,
36.63386,
62.94081,
8.195127,
35.24182,
45.3847,
173.0627,
373.4093,
39.36199,
1461.17,
218.1796,
72.27421,
41.37427,
9.770177,
143.3606,
39.53548,
0,
3409.036,
2039, 
11.48083,
72.76908,
41.83479,
21.25922,
56.64697,
56.27828,
93.48446,
127.7398,
65.86702,
13.37951,
104.1707,
36.52758,
62.74546,
8.349322,
35.44786,
45.21313,
172.0992,
380.1752,
39.09883,
1424.232,
217.5367,
74.27525,
41.48692,
9.847591,
147.8344,
41.64889,
0,
3401.429,
2040, 
11.68902,
74.40455,
42.02246,
21.97742,
57.60776,
57.57181,
93.1104,
133.3942,
69.31381,
13.82703,
106.0303,
36.41844,
62.52653,
8.506449,
35.63477,
45.25161,
170.9556,
386.922,
38.81562,
1384.916,
216.7515,
76.37334,
41.62722,
9.928627,
152.2929,
43.76021,
0,
3391.63,
2041, 
11.91671,
76.08022,
42.23292,
22.72637,
58.60586,
58.92635,
92.67452,
140.1466,
73.47791,
14.30584,
108.062,
36.30835,
62.33014,
8.657171,
35.79032,
45.32395,
169.523,
393.4544,
38.51378,
1342.263,
215.7266,
78.47778,
41.83675,
10.00956,
157.1736,
46.27787,
0,
3380.821,
2042, 
12.15011,
77.80515,
42.527,
23.49617,
59.61966,
60.35623,
92.17508,
146.7887,
77.55515,
14.7931,
110.1667,
36.19562,
62.10273,
8.808798,
35.93108,
45.41031,
167.8899,
399.9066,
38.19339,
1298.218,
214.5843,
80.64415,
42.05355,
10.08454,
161.9591,
48.77455,
0,
3368.19,
2043, 
12.38369,
79.58059,
42.91617,
24.28359,
60.65012,
61.88243,
91.63416,
153.4003,
81.56428,
15.28467,
112.3055,
36.07893,
61.81738,
8.960302,
36.05935,
45.50654,
166.049,
406.2692,
37.84704,
1253.272,
213.3101,
82.48749,
42.25555,
10.16038,
166.6393,
51.25272,
0,
3353.85,
2044, 
12.61588,
81.42463,
43.41075,
25.08237,
61.68332,
63.50539,
91.0426,
159.9674,
85.50861,
15.77667,
114.4589,
35.95853,
61.4813,
9.110654,
36.1768,
45.60855,
164.0131,
412.5323,
37.47939,
1207.901,
211.9277,
84.23444,
42.43839,
10.24907,
171.2097,
53.71198,
0,
3338.51,
2045, 
12.84517,
83.33533,
44.0048,
25.88735,
62.71143,
65.22881,
90.42371,
166.4682,
89.39406,
16.26529,
116.6077,
35.83474,
61.10161,
9.258873,
36.28547,
45.71117,
161.8178,
418.6846,
37.09497,
1162.559,
210.46,
85.96633,
42.59808,
10.35607,
175.6639,
56.14884,
0,
3322.714,
2046, 
13.081,
85.26907,
44.668,
26.68602,
63.70849,
67.0191,
89.77838,
174.106,
93.92128,
16.7438,
118.7887,
35.71761,
60.71378,
9.401592,
36.36073,
45.821,
159.3336,
424.4237,
36.70835,
1116.177,
208.8333,
87.57236,
42.78075,
10.47448,
180.3369,
58.9496,
0,
3307.375,
2047, 
13.30971,
87.22751,
45.42494,
27.47586,
64.67992,
68.62886,
89.18335,
181.5821,
98.31219,
17.20867,
120.924,
35.59723,
60.20579,
9.540333,
36.43082,
45.92741,
156.7848,
429.9897,
36.30869,
1070.707,
207.1515,
89.12927,
42.92721,
10.59524,
184.8211,
61.67871,
0,
3291.752,
2048, 
13.58456,
89.06541,
46.2882,
28.23808,
65.56814,
69.84553,
88.47169,
188.7122,
102.5031,
17.66285,
123.2579,
35.49639,
60.35741,
9.639326,
36.49598,
46.01362,
154.2254,
435.4085,
36.07832,
1026.436,
206.0384,
90.64064,
43.31032,
10.66736,
189.2603,
64.30778,
0,
3277.573,
2049, 
13.85086,
90.90099,
47.21839,
28.9828,
66.42336,
71.03532,
87.74638,
195.7477,
106.5612,
18.09876,
125.5228,
35.39296,
60.39799,
9.733104,
36.55904,
46.09595,
151.63,
440.6432,
35.84302,
983.0799,
204.9004,
92.08085,
43.65324,
10.75007,
193.5111,
66.87803,
0,
3263.238,
2050, 
14.10931,
92.72978,
48.20173,
29.70722,
67.24413,
72.1939,
87.67705,
202.6887,
110.4993,
18.51487,
127.716,
35.28776,
60.42242,
9.821234,
36.62126,
46.17429,
149.0186,
445.6916,
35.60967,
940.6685,
203.764,
93.44237,
43.96136,
10.83697,
197.5774,
69.39063,
0,
3249.57,
2051, 
14.36678,
94.50553,
49.20682,
30.39763,
68.00497,
73.29167,
88.10937,
211.4574,
115.3855,
18.97445,
129.8374,
35.18521,
60.7368,
9.902826,
36.78511,
46.24191,
146.8026,
450.3444,
35.38271,
897.9965,
203.6718,
95.21664,
44.46476,
10.97656,
202.8652,
72.47186,
0,
3242.582,
2052, 
14.61251,
96.2583,
50.2445,
31.06317,
68.73346,
74.36829,
88.53702,
220.0762,
120.1316,
19.41289,
131.8591,
35.08016,
61.01559,
9.978052,
36.951,
46.30608,
146.1699,
454.7798,
35.0796,
856.0848,
203.5668,
96.91836,
44.92234,
11.12498,
207.9789,
75.47323,
0,
3236.727,
2053, 
14.84919,
97.96326,
50.71224,
31.7018,
69.4183,
75.40825,
88.96424,
228.5194,
124.7368,
19.82998,
133.7913,
34.97392,
61.28661,
10.04682,
37.11943,
46.36613,
145.5955,
459.0036,
34.73693,
816.129,
203.4841,
98.54494,
45.34697,
11.27602,
212.9313,
78.39909,
0,
3231.135,
2054, 
15.07787,
99.60036,
51.08588,
32.31181,
70.05936,
76.40334,
89.39436,
236.7897,
129.2113,
20.22566,
135.6373,
34.86709,
61.56216,
10.10912,
37.29094,
46.42158,
145.0857,
463.0219,
34.4049,
777.606,
203.4403,
100.0946,
45.74421,
11.42287,
217.7308,
81.25256,
0,
3225.852,
2055, 
15.29897,
101.1677,
51.44829,
32.89313,
70.65727,
77.35336,
89.83011,
244.8982,
133.5644,
20.60005,
137.3987,
34.75993,
61.8479,
10.25185,
37.46596,
46.47248,
144.6444,
466.841,
34.08582,
740.9016,
203.4435,
101.5668,
46.11672,
11.56564,
222.3846,
84.03795,
0,
3221.496,
2056, 
15.51725,
102.6564,
51.76688,
33.43039,
71.17196,
78.21268,
90.22258,
253.8561,
138.3303,
20.94291,
139.064,
34.65064,
62.15271,
10.37563,
37.60616,
46.51489,
144.1163,
470.2165,
33.75634,
705.097,
203.4026,
102.8889,
46.49259,
11.6998,
227.0303,
87.07593,
0,
3218.248,
2057, 
15.72668,
104.0745,
52.07366,
33.93748,
71.64294,
79.02533,
90.61919,
262.5719,
142.9275,
21.26348,
140.6384,
34.54056,
62.45808,
10.47884,
37.7495,
46.55223,
143.6617,
473.3877,
33.46928,
671.653,
203.399,
104.1317,
46.83926,
11.82928,
231.5029,
90.01595,
0,
3216.17,
2058, 
15.92755,
105.4229,
52.36907,
34.41537,
72.07201,
79.79267,
91.02167,
271.0672,
147.3712,
21.56258,
142.1246,
34.42975,
62.76521,
10.56162,
37.89614,
46.5847,
143.2803,
476.3648,
33.26926,
640.8454,
203.4337,
105.2974,
47.15819,
11.95391,
235.8134,
92.86643,
0,
3215.667,
2059, 
16.12015,
106.7034,
52.65356,
34.86518,
72.46109,
80.51637,
91.43126,
279.3611,
151.6747,
21.84111,
143.5254,
34.31824,
63.07436,
10.62439,
38.04613,
46.6125,
142.971,
479.1575,
33.17339,
612.556,
203.5061,
106.3886,
47.45059,
12.06478,
239.9721,
95.63479,
0,
3216.704,
2060, 
16.305,
107.9182,
52.92768,
35.28812,
72.81219,
81.19824,
91.84885,
287.4706,
155.8499,
22.10006,
144.8452,
34.20615,
63.38755,
10.66565,
38.19949,
46.63583,
142.7321,
481.7762,
33.19867,
586.7863,
203.6175,
107.4082,
47.71872,
12.18917,
243.9891,
98.32771,
0,
3219.402,
2061, 
16.48576,
109.0637,
53.16322,
35.67297,
73.08385,
81.79687,
92.2021,
296.2571,
160.3178,
22.32862,
146.0767,
34.08877,
63.71483,
10.68093,
38.31134,
46.64252,
142.3966,
483.8715,
33.37277,
562.7461,
203.6946,
108.2839,
47.97479,
12.29409,
247.9138,
101.199,
0,
3223.634,
2062, 
16.65852,
110.1488,
53.38861,
36.032,
73.31962,
82.35551,
92.5605,
304.7909,
164.6162,
22.53851,
147.23,
33.97046,
64.0387,
10.66438,
38.36314,
46.64476,
142.1274,
485.799,
33.38714,
540.6584,
203.7987,
109.093,
48.2052,
12.39509,
251.6811,
103.9699,
0,
3228.436,
2063, 
16.82376,
111.1765,
53.60441,
36.36678,
73.52173,
82.87642,
92.92451,
313.0972,
168.7617,
22.73087,
148.3095,
33.85127,
64.35977,
10.61215,
38.38059,
46.64275,
141.9213,
487.5693,
33.2593,
520.3232,
203.9287,
109.7583,
48.41169,
12.49246,
255.3032,
106.6501,
0,
3233.657,
2064, 
16.98195,
112.1501,
53.81119,
36.67879,
73.69242,
83.36192,
93.29442,
321.1979,
172.7688,
22.90684,
149.3197,
33.73126,
64.67848,
10.52161,
38.35758,
46.63673,
141.7748,
489.1925,
33.13677,
501.5657,
204.0833,
110.266,
48.59595,
12.5864,
258.7916,
109.2482,
0,
3239.331,
2065, 
17.13379,
113.0728,
54.00959,
36.96951,
73.83382,
83.81419,
93.67033,
329.1121,
176.6503,
23.06754,
150.2665,
33.61057,
64.99737,
10.43473,
38.29794,
46.62689,
141.6847,
490.6786,
33.01996,
484.2888,
204.2635,
110.6236,
48.7607,
12.67694,
262.157,
111.7716,
0,
3245.493,
2066, 
17.28242,
113.9376,
54.17149,
37.22314,
73.9034,
84.18993,
93.97872,
337.4869,
180.6837,
23.20007,
151.1707,
33.48547,
65.32755,
10.43724,
38.18504,
46.60788,
141.4933,
491.6563,
32.90336,
468.1304,
204.3985,
110.7764,
48.91221,
12.75811,
265.3414,
114.39,
0,
3252.031,
2067, 
17.42484,
114.7576,
54.3255,
37.45726,
73.94666,
84.53532,
94.29094,
345.6219,
184.5627,
23.31863,
152.0168,
33.3595,
65.65263,
10.43611,
38.03832,
46.58524,
141.3518,
492.5091,
32.74635,
452.8496,
204.5493,
110.8015,
49.04407,
12.8362,
268.3977,
116.9152,
0,
3258.331,
2068, 
17.56156,
115.5361,
54.47211,
37.67331,
73.96551,
84.85243,
94.60699,
353.5418,
188.3029,
23.42429,
152.809,
33.23273,
65.97334,
10.4316,
37.86429,
46.55918,
141.2568,
493.2454,
32.54711,
439.7845,
204.7151,
110.7041,
49.15799,
12.91145,
271.3368,
119.3567,
0,
3265.823,
2069, 
17.69302,
116.2758,
54.61184,
37.8726,
73.96177,
85.14331,
94.9268,
361.2681,
191.9176,
23.51801,
153.5516,
33.10521,
66.29036,
10.42394,
37.66196,
46.52988,
141.2048,
493.8734,
32.30543,
429.2332,
204.8949,
110.4885,
49.25555,
12.98395,
274.1685,
121.7226,
0,
3274.883,
2070, 
17.81965,
116.9798,
54.74515,
38.0564,
73.93713,
85.40984,
95.25016,
368.8194,
195.4187,
23.60072,
154.2485,
32.97697,
66.60419,
10.41335,
37.43039,
46.49751,
141.1927,
498.9179,
32.02556,
419.3671,
205.0875,
110.1599,
49.33819,
13.05375,
276.9017,
124.0202,
0,
3288.272,
2071, 
17.93923,
117.6192,
54.84263,
38.20762,
73.85228,
85.60416,
95.52686,
376.6555,
198.9602,
23.66065,
154.9214,
32.84961,
66.91547,
10.40166,
37.15647,
46.4613,
141.0867,
502.0352,
31.74576,
410.2425,
205.2048,
109.664,
49.41434,
13.11458,
279.4218,
126.3595,
0,
3299.863,
2072, 
18.0541,
118.2278,
54.93418,
38.3449,
73.74898,
85.77671,
95.80524,
384.2727,
202.3641,
23.71074,
155.5531,
32.72143,
67.21928,
10.38749,
36.85605,
46.42231,
141.0145,
503.5877,
31.45607,
401.6847,
205.3272,
109.0599,
49.47546,
13.16992,
281.8402,
128.6155,
0,
3309.63,
2073, 
18.16425,
118.808,
55.02006,
38.46933,
73.6286,
85.92916,
96.0852,
391.6937,
205.644,
23.74371,
156.1447,
32.5923,
67.51279,
10.37099,
36.53092,
46.38068,
140.9731,
503.7398,
31.15384,
393.6419,
205.4502,
108.3534,
49.52104,
13.15802,
284.1649,
130.7968,
0,
3317.671,
2074, 
18.27024,
119.3622,
55.10073,
38.58191,
73.49251,
86.06299,
96.36661,
398.938,
208.8121,
23.72583,
156.7006,
32.46235,
67.78275,
10.35236,
36.18355,
46.33654,
140.9599,
503.1051,
30.83981,
386.0663,
205.5751,
107.5524,
49.52061,
13.10837,
286.4041,
132.9108,
0,
3324.574,
2075, 
18.37244,
119.8923,
55.17655,
38.6836,
73.3419,
86.17962,
96.64935,
406.0231,
211.879,
23.65043,
157.2238,
32.33164,
68.00841,
10.33173,
35.81388,
46.29003,
140.9725,
501.8593,
30.78785,
378.9138,
205.7016,
106.6628,
49.48105,
13.02531,
288.5654,
134.9641,
0,
3330.781,
2076, 
18.46366,
120.3375,
55.22073,
38.7551,
73.13977,
86.22915,
96.89113,
413.2007,
214.9036,
23.49399,
157.7121,
32.20817,
68.18237,
10.31143,
35.40599,
46.24225,
140.9058,
499.6751,
30.74505,
372.1835,
205.7469,
105.6277,
49.43537,
12.89832,
290.4758,
136.9843,
0,
3335.375,
2077, 
18.55112,
120.7623,
55.2605,
38.81693,
72.92506,
86.26353,
97.13289,
420.1831,
217.8113,
23.26602,
158.1705,
32.08385,
68.31078,
10.28944,
35.34701,
46.19229,
140.8602,
497.0541,
30.68113,
365.7997,
205.7878,
104.5163,
49.37865,
12.7299,
292.3076,
138.9324,
0,
3339.414,
2078, 
18.63512,
121.1683,
55.29617,
38.86983,
72.69872,
86.2839,
97.37455,
426.9904,
220.6135,
22.98741,
158.6013,
31.95872,
68.39719,
10.26588,
35.43003,
46.14026,
140.8338,
494.2392,
30.5857,
359.7287,
205.8242,
103.3293,
49.30504,
12.51763,
294.0675,
140.8156,
0,
3342.958,
2079, 
18.71598,
121.5572,
55.328,
38.91454,
72.46165,
86.29133,
97.61607,
433.6397,
223.3201,
22.67377,
159.0071,
31.83284,
68.43602,
10.24085,
35.5126,
46.08628,
140.8248,
491.0846,
30.45934,
353.9398,
205.8564,
102.0739,
49.22098,
12.26895,
295.7616,
142.6403,
0,
3345.765,
2080, 
18.79386,
121.9304,
55.34739,
38.95169,
72.21467,
86.28679,
97.85738,
440.1462,
225.94,
22.33963,
159.3894,
31.70619,
68.42992,
10.21447,
35.59466,
46.03042,
140.8313,
489.3827,
30.30254,
348.4053,
205.8831,
100.7539,
49.13602,
11.968,
297.3951,
144.4121,
0,
3349.643,
2081, 
18.86028,
122.2121,
55.2815,
38.96376,
71.94074,
86.22895,
98.05466,
446.5921,
228.4743,
21.99566,
159.7254,
31.59163,
68.38438,
10.18932,
35.66387,
45.97661,
140.7777,
488.1048,
30.1424,
343.1571,
205.8375,
100.1647,
49.09068,
11.91581,
298.8054,
146.0962,
0,
3354.228,
2082, 
18.92463,
122.4804,
55.15713,
38.96914,
71.65828,
86.16061,
98.25078,
452.8659,
230.9115,
21.65566,
160.044,
31.47662,
68.30936,
10.16299,
35.73222,
45.92101,
140.7369,
486.7819,
30.00506,
338.1151,
205.791,
100.0367,
49.06224,
11.93973,
300.1578,
147.7186,
0,
3359.025,
2083, 
18.98662,
122.7366,
54.96836,
38.96835,
71.36792,
86.0825,
98.44574,
458.9845,
233.2608,
21.31149,
160.3443,
31.361,
68.20618,
10.13556,
35.79971,
45.8637,
140.7075,
485.6005,
29.9467,
333.2585,
205.7388,
99.89624,
49.03459,
11.96305,
301.4561,
149.2852,
0,
3363.71,
2084, 
19.04645,
122.9818,
54.72648,
38.96187,
71.07025,
85.99539,
98.63953,
464.9631,
235.5302,
20.94335,
160.6281,
31.24479,
68.08166,
10.1071,
35.86637,
45.80476,
140.6882,
485.4786,
30.00743,
328.5684,
205.6812,
99.74445,
49.00575,
11.98583,
302.7045,
150.8015,
0,
3369.257,
2085, 
19.10379,
123.2169,
54.43785,
38.95015,
70.30898,
85.89991,
98.83215,
470.8146,
237.7267,
20.76166,
160.8942,
31.12782,
67.94061,
10.07768,
35.9322,
45.74427,
140.6777,
485.9537,
30.21955,
324.0277,
205.6131,
99.582,
48.97131,
12.0081,
303.906,
152.2719,
0,
3375,
2086, 
19.14691,
123.3723,
54.08908,
38.91888,
69.05899,
85.76341,
98.98414,
476.4768,
239.819,
20.7143,
161.0916,
31.02295,
67.75624,
10.04992,
35.98648,
45.68519,
140.6196,
486.3373,
30.26947,
319.8037,
205.4654,
99.3616,
48.94144,
12.02138,
304.9289,
153.6343,
0,
3379.319,
2087, 
19.18761,
123.5191,
53.70477,
38.88292,
67.42072,
85.61954,
99.13429,
481.9878,
241.8314,
20.66407,
161.2727,
30.91731,
67.54534,
10.02131,
36.03965,
45.62455,
140.5682,
486.3604,
30.21116,
315.6994,
205.3052,
99.1321,
48.91313,
12.03422,
305.9056,
154.9443,
0,
3382.447,
2088, 
19.22609,
123.6582,
53.29024,
38.84264,
65.39679,
85.46883,
99.28268,
487.362,
243.7711,
20.61119,
161.4389,
30.81092,
67.31126,
9.991892,
36.09172,
45.56242,
140.5225,
486.9453,
30.14919,
311.7023,
205.1331,
98.89417,
48.87643,
12.04665,
306.8397,
156.207,
0,
3385.433,
2089, 
19.2626,
123.7903,
52.84874,
38.79835,
63.07825,
85.31171,
99.42929,
492.6122,
245.6443,
20.55587,
161.5918,
30.70388,
67.05605,
9.961726,
36.14273,
45.49886,
140.4821,
487.9321,
30.08406,
307.8015,
204.9506,
98.64851,
48.83514,
12.05872,
307.7347,
157.4267,
0,
3388.241,
2090, 
19.29757,
123.9158,
52.38264,
38.75036,
60.7197,
85.14864,
99.57421,
497.7498,
247.4568,
20.49834,
161.7338,
30.59633,
67.06303,
9.930855,
36.19271,
45.43394,
140.4464,
489.0738,
30.01682,
303.9868,
204.7607,
98.39578,
48.78692,
12.07044,
308.5943,
158.6073,
0,
3391.184,
2091, 
19.32273,
123.9855,
51.88221,
38.68871,
60.42449,
84.83423,
99.66211,
502.5751,
249.138,
20.4341,
161.8196,
30.49994,
67.19768,
9.900423,
36.23203,
45.36446,
140.362,
491.2262,
29.95028,
300.4775,
204.5305,
98.09338,
48.73116,
12.07482,
309.3036,
159.6893,
0,
3396.4,
2092, 
19.34622,
124.0497,
51.35949,
38.62374,
60.12574,
84.39623,
99.74782,
507.2681,
250.7532,
20.36786,
161.8945,
30.40295,
67.32357,
9.869349,
36.27013,
45.29359,
140.2808,
493.935,
29.8808,
297.0368,
204.29,
97.7849,
48.64693,
12.0789,
309.9777,
160.728,
0,
3401.732,
2093, 
19.36821,
124.109,
50.81405,
38.55568,
59.82368,
83.8392,
99.83145,
511.841,
252.3078,
20.29979,
161.9596,
30.30542,
67.44142,
9.837668,
36.30704,
45.22141,
140.2023,
468.3777,
29.80861,
293.6575,
204.0398,
97.47074,
48.52982,
12.08271,
310.6193,
161.7276,
0,
3378.378,
2094, 
19.3888,
124.1638,
50.24525,
38.48474,
59.51852,
83.1684,
99.91303,
516.3046,
253.8071,
20.23,
162.0156,
30.20736,
67.55185,
9.805421,
36.34282,
45.14796,
140.1263,
466.4568,
29.7339,
290.3328,
203.7804,
97.15134,
48.37627,
12.08626,
311.2307,
162.6913,
0,
3378.261,
2095, 
19.40812,
124.2144,
49.6598,
38.41113,
59.21046,
82.38948,
99.99266,
520.6685,
255.2554,
20.15862,
162.0632,
30.10881,
67.65542,
9.772635,
36.37751,
45.07329,
140.0521,
464.4931,
29.65684,
287.0571,
203.5123,
96.82705,
48.19113,
12.08958,
311.814,
163.6223,
0,
3377.735,
2096, 
19.41742,
124.2206,
49.04232,
38.33041,
58.91139,
81.49561,
100.0089,
524.6469,
256.563,
20.08141,
162.0403,
30.01418,
67.73029,
9.737659,
36.39635,
44.98189,
139.9178,
462.4688,
29.57886,
283.9504,
203.1931,
96.46512,
47.9689,
12.08737,
312.2771,
164.4545,
0,
3375.98,
2097, 
19.42544,
124.2233,
48.93558,
38.24727,
58.60982,
80.50645,
100.0228,
528.5106,
257.8157,
20.00278,
162.0094,
29.91903,
67.79755,
9.702187,
36.41398,
44.88929,
139.7846,
460.4268,
29.49824,
280.8828,
202.864,
96.099,
47.73042,
12.08495,
312.7126,
165.2515,
0,
3374.366,
2098, 
19.43228,
124.2228,
48.86605,
38.16188,
58.30592,
79.429,
100.0347,
532.2698,
259.018,
19.92282,
161.9712,
29.82341,
67.85779,
9.666245,
36.43044,
44.79554,
139.6522,
458.3683,
29.41516,
277.8501,
202.5256,
95.72896,
47.48557,
12.08235,
313.1224,
166.0164,
0,
3372.455,
2099, 
19.43805,
124.2194,
48.79545,
38.07437,
57.99979,
78.27118,
100.0444,
535.9336,
260.1739,
19.84164,
161.9263,
29.72733,
67.91164,
9.629856,
36.44577,
44.70067,
139.5204,
456.2938,
29.32982,
274.8484,
202.1785,
95.35528,
47.24381,
12.07957,
313.5083,
166.7519,
0,
3370.243,
2100, 
19.44332,
124.2134,
48.72404,
37.9849,
57.69159,
77.04118,
100.0522,
539.5099,
261.2869,
19.75935,
161.8777,
29.63104,
67.96379,
9.676872,
36.46002,
44.60474,
139.3893,
454.2043,
29.24388,
271.8744,
201.8279,
94.97832,
47.00508,
12.07662,
313.8731,
167.4604,
0,
3367.854];
