real main.em.dem.agr.frt.Pfert[26](t) = [1971, 
337.2942,
4025.761,
158.1379,
128.3196,
634.4146,
215.542,
197.5486,
28.37758,
37.00332,
294.9835,
5403.832,
2186.116,
187.8061,
902.1965,
419.7336,
1537.466,
127.5723,
619.6353,
267.1325,
1471.814,
233.9734,
53.57782,
612.7142,
891.4492,
123.4137,
94.01155,
1972, 
394.8687,
4646.962,
176.5471,
133.4819,
901.1628,
274,
219.099,
32.8825,
45.80979,
358.113,
5690.555,
2325.559,
241.6521,
974.4355,
454.1006,
1663.404,
139.8185,
614.2957,
283.0935,
1686.355,
258.0086,
94.37411,
664.3417,
1214.992,
145.8755,
81.13765,
1973, 
494.0327,
5095.192,
203.6373,
154.9623,
759.8839,
281.0567,
219.5064,
31.39987,
46.88012,
327.1113,
6033.411,
2473.153,
281.5709,
1078.599,
504.142,
1846.378,
186.5903,
610.2851,
310.473,
1946.634,
283.2377,
95.18501,
744.1766,
1242.716,
136.3969,
91.36388,
1974, 
501.4995,
4596.821,
200.6174,
179.9771,
872.9233,
306.7788,
226.4573,
44.11939,
49.32183,
320.8785,
5250.67,
2542.037,
192.5,
1248.409,
582.2859,
2132.714,
200.3159,
470.8088,
343.2806,
1724.638,
315.8773,
134.179,
675.2229,
741.7729,
123.2099,
85.17776,
1975, 
508.7418,
5211.307,
276.8852,
157.9521,
949.6648,
239.4819,
248.7045,
60.20764,
54.25036,
349.3424,
5116.197,
2640.833,
327.1369,
1559.373,
725.863,
2660.803,
232.0994,
532.9793,
346.3063,
1839.43,
320.7856,
125.1572,
623.3548,
822.2684,
189.8483,
85.35186,
1976, 
502.6847,
5589.857,
233.8844,
173.4112,
1232.898,
295.1325,
274.2043,
79.72771,
47.73584,
364.4785,
5491.693,
2767.875,
525.9589,
1549.759,
723.5706,
2651.157,
218.3512,
671.9835,
266.2535,
1372.018,
301.6592,
113.041,
701.1204,
1048.329,
218.1547,
91.92513,
1977, 
635.4706,
5120.71,
242.7962,
161.3032,
1456.232,
289.6096,
287.918,
68.67866,
44.58458,
343.8681,
5552.982,
2885.895,
597.7221,
1636.913,
764.1759,
2799.201,
239.8116,
792.9743,
336.6452,
1877.979,
351.9533,
108.7642,
743.7243,
1309.43,
296.5528,
90.5414,
1978, 
629.6823,
5634.341,
258.6119,
165.1615,
1426.969,
305.7107,
269.4702,
67.03058,
36.95464,
394.2115,
6074.837,
2987.532,
738.5376,
1755.898,
817.5324,
3000.26,
210.1888,
1081.425,
327.6853,
1385.149,
436.6818,
136.7459,
771.8714,
1123.775,
340.3155,
88.58001,
1979, 
583.9228,
5372.877,
244.7225,
156.9434,
1576.485,
384.5295,
308.3755,
74.59473,
40.12546,
432.2736,
6158.941,
3001.084,
636.7519,
1782.265,
834.3991,
3062.751,
355.148,
1009.103,
336.0274,
2309.901,
381.6447,
152.7222,
827.647,
1196.986,
380.2349,
76.85179,
1980, 
628.0656,
5325.901,
259.8447,
166.5823,
1892.676,
362.4662,
355.502,
93.14872,
62.57642,
451.8369,
5629.374,
2796.125,
501.9984,
1659.492,
776.5726,
2847.554,
420.2798,
1108.069,
305.9984,
3059.361,
352.8272,
276.8003,
687.1909,
1067.042,
400.7425,
106.4587,
1981, 
634.8169,
4692.829,
371.6963,
172.352,
1237.557,
292.191,
362.4916,
100.4848,
87.51493,
544.4446,
5303.213,
3049.95,
507.5064,
1757.828,
821.7617,
3011.985,
406.5132,
1195.979,
300.4623,
3344.902,
351.6012,
324.3786,
701.172,
1070.357,
407.0094,
99.36871,
1982, 
651.5915,
3986.073,
408.0948,
153.8517,
1137.976,
298.2244,
380.1418,
112.7487,
65.54266,
498.9568,
5290.796,
2960.729,
564.6879,
1827.8,
854.5499,
3132.091,
566.334,
1168.892,
243.5633,
3502.486,
342.3869,
433.2423,
718.1871,
989.7767,
457.5902,
86.47178,
1983, 
713.8848,
4668.435,
330.4958,
166.0812,
943.1547,
291.2637,
419.4179,
130.1963,
80.39471,
382.6196,
5377.991,
3161.904,
647.9261,
1927.026,
901.8808,
3310.332,
675.4177,
1341.834,
260.9776,
4079.669,
391.0463,
390.5998,
762.1558,
1001.16,
486.722,
87.78266,
1984, 
733.686,
4395.532,
382.1935,
178.1631,
1479.038,
370.7701,
458.9267,
150.0317,
71.07184,
407.9537,
5228.215,
3208.5,
560.1036,
1986.002,
926.8018,
3402.306,
748.3681,
1769.936,
267.3788,
4098.079,
392.1267,
443.766,
767.2751,
1000.617,
529.9793,
77.90411,
1985, 
664.4147,
3999.501,
413.158,
175.7099,
1234.863,
432.1927,
530.2843,
134.6355,
69.77641,
357.1422,
5112.362,
2955.492,
480.8189,
2280.758,
1062.792,
3902.512,
781.0829,
2003.004,
277.1491,
3019.225,
420.6083,
485.7391,
728.4294,
912.089,
562.0568,
92.2305,
1986, 
645.2513,
3717.17,
418.1631,
192.6629,
1585.348,
518.535,
513.1122,
129.4901,
85.22703,
328.4892,
5139.455,
3008.491,
524.5604,
2493.476,
1166.38,
4280.91,
774.6025,
2156.705,
287.5448,
3039.189,
453.3497,
545.4897,
750.4756,
903.7186,
641.4728,
86.39274,
1987, 
634.3994,
3800.441,
441.4895,
207.9706,
1561.385,
591.7661,
514.2711,
125.0556,
94.59925,
270.7511,
5107.22,
2773.712,
590.8118,
2555.691,
1197.098,
4389.329,
841.2354,
1721.143,
299.2603,
4505.162,
447.0946,
552.47,
763.4067,
1036.196,
633.7762,
97.49365,
1988, 
614.3353,
3768.368,
394.8929,
209.1162,
1453.326,
598.3259,
471.6395,
150.6167,
108.3838,
306.5937,
5020.742,
2775.466,
495.0273,
2563.737,
1193.88,
4385.914,
922.4825,
2496.235,
297.5677,
5176.462,
549.7001,
610.3911,
723.5367,
974.1862,
661.7152,
97.47585,
1989, 
609.4587,
3960.393,
354.2937,
203.1574,
1257.015,
526.646,
409.5343,
146.5682,
113.9102,
280.355,
4931.416,
2694.403,
605.6135,
2445.345,
1139.508,
4190.343,
956.7047,
2897.619,
335.5645,
5283.112,
542.9544,
592.7704,
726.1223,
1009.29,
684.7848,
94.12904,
1990, 
578.1462,
3817.9,
373.7954,
196.8683,
1171.167,
483.1898,
428.9713,
153.1814,
117.6975,
269.0266,
4409.301,
1751.907,
631.1005,
2037.031,
1218.922,
4311.417,
1023.38,
3028.006,
320.612,
5861.262,
697.5624,
584.7468,
688.8571,
721.8252,
695.2906,
90.08483,
1991, 
592.2153,
3827.987,
379.8965,
182.9216,
1253.795,
484.5895,
375.5315,
156.7855,
106.6528,
256.0206,
4074.969,
822.5563,
624.2833,
1717.576,
981.0932,
3542.674,
893.0131,
3226.83,
321.893,
7292.611,
677.299,
581.8288,
695.4224,
826.1265,
693.0183,
94.99941,
1992, 
615.9883,
4012.507,
297.9974,
144.9732,
1341.777,
487.1086,
332.1386,
162.9161,
111.1967,
240.9308,
3664.369,
728.7445,
664.2526,
852.6105,
683.6274,
1548.036,
963.7852,
2767.057,
303.3616,
6927.107,
753.5975,
597.2802,
699.0912,
992.6887,
778.0807,
90.77483,
1993, 
627.8083,
4101.486,
316.9975,
159.4596,
1625.107,
553.0892,
361.963,
187.3464,
105.4219,
298.6988,
3564.395,
647.5486,
794.0219,
510.9799,
533.1478,
900.491,
820.3314,
2592.757,
321.8649,
5545.575,
885.3072,
543.5509,
728.8327,
976.1715,
692.7795,
91.07808,
1994, 
631.795,
4028.664,
375.4973,
146.522,
1873.93,
549.5524,
331.856,
110.8387,
154.6389,
246.5626,
3666.363,
617.191,
448.1947,
212.6869,
206.7111,
263.5943,
845.5098,
2860.93,
239.9708,
7329.104,
925.1899,
521.2349,
704.6373,
1052.16,
652.5692,
70.55603,
1995, 
658.3829,
4155.557,
181.9987,
188.5103,
1511.062,
577.7141,
317.2896,
122.8225,
142.271,
241.5801,
3512.152,
719.4393,
584.7106,
208.0967,
186.1371,
353.0224,
760.9609,
2827.882,
242.5993,
8911.189,
1170.173,
387.1271,
631.8353,
1124.713,
720.4835,
77.45503,
1996, 
703.5324,
4258.722,
308.9983,
187.258,
1644.622,
789.1097,
325.6656,
98.62979,
188.2056,
253.1316,
3723.756,
738.9291,
583.8394,
229.6017,
244.4808,
378.6035,
804.6263,
2907.092,
229.8568,
8116.763,
1221.486,
333.1594,
610.1995,
1178.916,
608.0325,
80.42897,
1997, 
716.9296,
4295.265,
256.9985,
213.5862,
1917.286,
808.5286,
344.7466,
111.6205,
151.5356,
224.6322,
3548.086,
685.0751,
599.153,
201.3289,
166.9995,
332.0921,
771.1412,
3820.455,
243.4553,
9276.677,
1238.092,
281.2404,
592.5049,
1203.451,
740.0126,
89.51683,
1998, 
666.5396,
3983.105,
294.9969,
199.2411,
1920.572,
821.3646,
329.7296,
124.8779,
152.5495,
214.9953,
3488.186,
646.3087,
708.4705,
174.1109,
154.8069,
285.5616,
775.9271,
4013.471,
213.5128,
9460.261,
1238.101,
362.1967,
561.2327,
1242.725,
700.537,
85.49644,
1999, 
667.827,
4049.475,
305.9985,
191.8591,
1831.598,
817.2582,
350.6768,
128.997,
170.2102,
227.142,
3414.031,
595.0228,
646.0142,
91.619,
143.7395,
218.8525,
796.5884,
4678.709,
239.0121,
8913.887,
1271.433,
323.785,
568.4398,
1315.445,
884.524,
87.78456,
2000, 
622.9858,
4018.568,
314.9981,
205.8955,
2000.237,
835.4414,
334.2731,
113.6125,
152.7016,
190.136,
3015.185,
589.0478,
687.4881,
136.9665,
120.5247,
278.1473,
852.2169,
4146.017,
213.3976,
8430.367,
1216.843,
263.9647,
583.0945,
1326.232,
992.8373,
94.84554,
2001, 
624.0541,
4380.242,
390.6207,
224.1623,
2237.212,
918.6956,
345.0267,
115.404,
152.6901,
210.0377,
2934.746,
678.793,
476.1828,
115.3026,
134.4189,
309.8794,
711.1486,
4269.625,
169.3764,
8829.787,
1221.628,
277.8889,
511.5474,
1434.618,
957.6156,
71.86763,
2002, 
650.6039,
4023.151,
336.4128,
119.2788,
2466.864,
698.3826,
366.9969,
118.6083,
173.2592,
270.8005,
2898.311,
685.7479,
480.0588,
110.3821,
159.6765,
329.2274,
711.4722,
3916.29,
227.42,
9712.868,
1120.907,
358.883,
465.6185,
1271.227,
970.4869,
134.2414,
2003, 
685.759,
4453.183,
253.6456,
146.9549,
3162.385,
960.669,
424.8455,
169.1982,
127.537,
202.6103,
2963.335,
681.3212,
555.2482,
82.06862,
112.1264,
305.1308,
713.7665,
4007.712,
133.8172,
10044.39,
1293.403,
335.2356,
554.7428,
1276.967,
940.72,
113.6816,
2004, 
610.2839,
4481.036,
307.6767,
157.1885,
3354,
1120.596,
445.6117,
170.3521,
187.7166,
228.8905,
2844.815,
729.4521,
598.9477,
114.8458,
142.2658,
348.4128,
754.0505,
4498.029,
142.428,
10585.79,
1464.137,
414.1289,
557.6881,
1274.674,
1085.88,
93.08726,
2005, 
654.7133,
4307.268,
418.165,
189.981,
2434.887,
1133.114,
471.2632,
138.284,
137.4274,
157.9608,
2484.337,
803.3582,
611.9817,
151.9795,
90.34917,
354.2448,
838.7124,
5085.993,
166.1247,
10408.92,
1237.105,
441.8127,
545.9789,
1205.011,
1272.366,
92.26392,
2006, 
495.5886,
4281.356,
371.0913,
196.2812,
2809.987,
1227.509,
434.901,
158.6606,
135.455,
198.8856,
2444.718,
766.5195,
619.2791,
249.4661,
92.24429,
399.7339,
1018.224,
5380.238,
103.7661,
10447.63,
1314.948,
500.9834,
528.2922,
1106.326,
1397.085,
105.5657,
2007, 
731.8448,
4221.627,
266.7755,
212.1906,
3648.491,
1514.158,
401.6357,
105.8413,
184.246,
180.4311,
2520.729,
891.8937,
526.2417,
327.1596,
98.54578,
408.9574,
868.3399,
5366.387,
123.9009,
9976.582,
1485.641,
520.2441,
516.7075,
1115.891,
844.912,
72.3901,
2008, 
605.3912,
3350.36,
161.4885,
146.6985,
2956.131,
1307.307,
469.4189,
75.2052,
184.3824,
167.0599,
1351.79,
754.3439,
334.6263,
358.6057,
112.4764,
428.1721,
712.5739,
6227.792,
83.40847,
9131.053,
1455.73,
426.7408,
391.9721,
907.8477,
816.9308,
73.88367,
2009, 
637.4886,
4028.402,
259.2467,
141.6355,
3805.461,
1208.452,
388.9105,
66.22643,
190.7624,
171.5909,
1718.834,
732.4939,
636.9725,
390.0766,
88.94214,
444.7076,
533.5181,
7064.244,
67.23793,
9619.888,
1498.521,
436.5637,
411.1949,
762.9509,
1249.355,
62.70082,
2010, 
749.4678,
4280.116,
281.0609,
176.8557,
4013.159,
1446.772,
524.1846,
96.61457,
222.52,
139.386,
1821.286,
793.1315,
556.8058,
439.1347,
108.1249,
424.6527,
344.9077,
7777.889,
69.04531,
11103.98,
1532.045,
500.3414,
430.7981,
913.8853,
1245.502,
82.56384,
2011, 
874.0302,
4657.75,
266.0886,
221.1798,
4675.222,
1561.838,
549.8615,
111.7415,
232.0497,
149.8469,
1824.071,
778.2378,
498.9576,
439.7141,
100.8219,
450.8228,
286.8656,
7732.176,
67.76796,
11083.18,
1268.969,
657.6998,
455.0319,
985.7878,
1338.635,
98.18778,
2012, 
941.795,
5211.141,
361.4353,
227.7813,
4349.743,
1401.262,
549.6216,
167.8845,
247.8544,
150.6729,
1904.62,
860.7949,
541.9151,
410.0069,
106.2283,
441.5859,
501.1201,
6489.361,
93.37623,
11208.16,
1570.644,
771.2077,
358.4543,
923.8478,
1436.866,
91.86071,
2013, 
999.7598,
5251.489,
337.754,
281.7376,
4780.924,
1449.33,
613.4863,
203.881,
262.6721,
143.878,
1967.501,
878.6394,
633.7513,
416.3167,
109.0313,
456.666,
468.1068,
5518.552,
72.34627,
10062.34,
1927.887,
961.4526,
355.5891,
860.3179,
1580.168,
123.1952,
2014, 
1188.615,
5223.938,
353.5795,
273.7424,
4987.618,
1440.637,
624.9181,
174.3866,
358.9634,
152.1625,
2062.875,
830.8035,
597.3395,
393.8919,
117.9668,
466.6677,
498.3354,
5608.872,
71.83412,
10150.58,
1838.61,
984.1564,
389.2344,
976.733,
1623.66,
165.1818,
2015, 
1166.11,
5058.971,
407.9948,
271.4383,
4532.939,
1307.05,
634.2568,
157.8437,
265.7263,
147.2828,
2034.975,
875.7084,
596.5167,
369.4366,
118.0674,
491.2553,
420.3542,
5825.854,
70.47669,
10130.77,
1873.86,
963.3971,
358.8642,
997.3452,
1673.767,
151.2687,
2016, 
1149.584,
5120.298,
403.2704,
270.2825,
4741.705,
1443.444,
635.5366,
185.5047,
315.1089,
150.6444,
1946.962,
890.7484,
595.9958,
380.0455,
124.1077,
520.6336,
431.888,
6043.127,
70.12408,
10238.9,
1926.879,
1060.1,
370.4798,
993.0944,
1811.154,
151.1112,
2017, 
1182.149,
5081.177,
393.6136,
266.905,
4977.904,
1506.356,
643.9274,
212.3362,
356.8989,
145.8503,
1860.898,
892.0137,
604.521,
392.1034,
128.1616,
554.1628,
464.3704,
6185.063,
70.51064,
10354.97,
1966.869,
1104.628,
381.8633,
954.5903,
1881.382,
150.4936,
2018, 
1212.276,
5084.111,
387.0375,
261.1611,
5200.348,
1548.362,
634.7122,
240.6675,
403.8138,
151.5405,
1772.234,
907.5695,
608.4133,
399.4214,
132.84,
588.416,
489.7222,
6391.213,
70.72961,
10340.09,
1984.446,
1152.632,
381.3019,
908.3196,
1943.086,
153.6379,
2019, 
1221.217,
4851.19,
374.6535,
254.5176,
5493.174,
1599.272,
644.944,
265.2963,
451.2468,
160.6422,
1716.427,
909.2944,
612.7439,
406.132,
135.1568,
609.4656,
515.8571,
6640.285,
71.79121,
10365.52,
2025.231,
1207.425,
384.6804,
858.975,
1985.692,
158.9445,
2020, 
1235.016,
4691.053,
361.5529,
248.4015,
5716.899,
1650.608,
644.8417,
286.2413,
505.8889,
158.9805,
1641.534,
912.2693,
612.5498,
415.7895,
138.4945,
622.4495,
552.9984,
6908.322,
73.22387,
10397.07,
2045.657,
1244.335,
386.1185,
739.5012,
2019.598,
163.4717,
2021, 
1196.053,
4659.686,
353.881,
253.6875,
5731.015,
1661.194,
652.2408,
319.1813,
541.5532,
157.3551,
1573.799,
907.751,
631.7307,
404.8395,
143.2496,
636.2412,
564.1659,
6992.219,
74.1381,
10410.67,
2043.766,
1285.259,
384.8978,
738.5205,
2065.257,
169.4416,
2022, 
1136.851,
4658.077,
346.3026,
258.4771,
5703.799,
1663.275,
658.6395,
350.7278,
576.737,
157.6835,
1500.442,
901.1328,
647.471,
391.6027,
147.3976,
648.8713,
569.0887,
7077.833,
75.04892,
10426.23,
2038.939,
1323.544,
383.6553,
736.7292,
2109.682,
175.7797,
2023, 
1068.047,
4685.125,
338.8303,
262.5677,
5635.032,
1659.611,
664.3048,
380.4335,
646.315,
159.6179,
1422.701,
893.0329,
659.3796,
376.8798,
151.4639,
660.5781,
574.0007,
7162.778,
75.95612,
10441.14,
2032.562,
1359.402,
382.3924,
734.9868,
2152.538,
182.4731,
2024, 
998.4481,
4735.62,
331.5182,
266.619,
5520.063,
1649.942,
669.4388,
408.992,
732.9672,
162.9815,
1343.187,
883.8538,
669.1234,
361.2914,
155.5141,
671.6121,
578.5875,
7246.282,
76.86026,
10456.38,
2023.037,
1391.701,
381.1102,
729.6536,
2193.719,
189.502,
2025, 
1017.071,
4400.423,
319.2757,
294.8889,
6559.178,
1891.607,
649.1024,
303.6351,
733.7642,
267.8768,
1613.368,
905.7716,
758.2886,
438.0422,
212.5083,
726.6238,
465.3929,
7492.621,
95.22729,
8615.646,
2153.354,
1212.465,
330.4771,
873.327,
2156.18,
230.9632,
2026, 
1041.417,
4436.35,
325.9341,
318.3347,
6254.092,
1934.646,
663.8132,
319.3352,
825.4331,
271.3612,
1577.849,
907.2121,
756.4681,
446.0969,
215.7759,
732.6376,
490.4809,
7614.348,
96.85831,
8774.171,
2223.898,
1241.417,
325.4709,
862.5962,
2243.596,
245.8365,
2027, 
1064.106,
4454.533,
332.6708,
352.7768,
5924.788,
1978.452,
678.5208,
334.4696,
913.8876,
274.9365,
1543.723,
908.8956,
754.9532,
453.1826,
219.0171,
738.6933,
513.1097,
7736.883,
98.49762,
8939.598,
2285.744,
1271.291,
320.6613,
852.3984,
2332.386,
255.2337,
2028, 
1082.702,
4460.275,
338.2946,
394.4336,
5608.43,
2023.088,
693.2758,
349.2838,
1011.175,
279.7179,
1509.748,
910.894,
753.7618,
460.107,
221.9583,
744.7054,
536.0896,
7865.09,
100.1438,
9111.415,
2343.341,
1329.548,
315.823,
849.6712,
2423.498,
259.8275,
2029, 
1095.119,
4456.291,
343.7984,
442.5227,
5352.948,
2071.363,
708.0892,
364.2138,
1109.597,
285.5977,
1476.609,
913.1638,
744.5702,
467.2086,
224.7271,
750.7106,
559.6115,
8008.768,
101.8013,
9292.3,
2399.427,
1390.667,
311.1745,
853.9702,
2511.473,
262.3274,
2030, 
1103.191,
4446.984,
349.5972,
494.2428,
5200.294,
2121.231,
722.7399,
390.5425,
1210.564,
291.5585,
1442.616,
915.5602,
739.6215,
474.523,
226.0176,
756.6982,
585.2807,
8158.711,
103.4721,
9491.006,
2448.155,
1454.431,
306.4471,
868.4901,
2596.426,
265.3547,
2031, 
1122.184,
4401.834,
356.2927,
535.431,
5441.914,
2204.09,
733.2479,
425.9818,
1297.451,
297.1455,
1438.6,
919.3608,
751.0273,
487.8477,
228.5077,
776.731,
600.591,
8253.954,
105.1826,
9666.085,
2488.195,
1487.925,
301.9672,
907.0987,
2665.2,
266.6511,
2032, 
1146.252,
4354.614,
363.2582,
564.28,
5719.324,
2291.264,
743.6396,
460.3701,
1384.874,
302.7151,
1434.825,
922.8763,
762.0439,
502.2701,
232.922,
798.9554,
616.1204,
8350.748,
106.9086,
9853.469,
2536.305,
1522.813,
297.5151,
954.8043,
2735.744,
270.3544,
2033, 
1176.441,
4305.703,
371.6717,
582.7729,
6022.634,
2381.222,
753.9397,
493.5502,
1471.696,
307.0629,
1430.115,
926.254,
772.7409,
517.029,
239.0761,
823.3195,
631.7798,
8447.093,
108.6478,
10041.13,
2588.929,
1558.09,
293.0376,
1003.738,
2806.814,
274.671,
2034, 
1213.845,
4257.785,
381.9004,
593.9335,
6342.55,
2472.468,
764.1365,
521.9001,
1557.752,
310.2483,
1423.137,
929.0629,
782.2372,
531.748,
245.5392,
849.8445,
647.6537,
8541.625,
110.3988,
10221.15,
2644.673,
1594.626,
288.7166,
1050.37,
2877.726,
262.2516,
2035, 
1256.982,
4229.879,
391.2432,
600.2078,
6671.896,
2564.736,
774.2722,
539.5745,
1660.672,
313.0755,
1414.118,
931.5588,
791.3729,
546.4775,
251.8878,
877.2036,
662.8723,
8634.226,
112.1685,
10394.56,
2700.362,
1630.476,
284.3176,
1090.157,
2949.175,
285.3802,
2036, 
1305.482,
4207.987,
400.752,
599.869,
7032.852,
2653.042,
784.415,
544.1414,
1755.95,
315.7564,
1402.757,
931.8508,
796.0856,
557.5768,
255.5728,
898.9369,
678.526,
8724.671,
113.7249,
10564.1,
2736.634,
1675.272,
279.9187,
1139.917,
2996.764,
262.225,
2037, 
1352.509,
4197.718,
411.0249,
596.3449,
7385.08,
2741.829,
794.4897,
547.9203,
1873.915,
318.1513,
1387.881,
931.4302,
801.5919,
568.519,
255.9603,
916.7075,
694.4244,
8811.11,
115.2949,
10713.84,
2768.216,
1692.951,
275.4386,
1193.912,
3043.813,
297.0204,
2038, 
1399.934,
4196.088,
421.2898,
590.5775,
7722.159,
2829.591,
804.5036,
551.5925,
2010.263,
320.1963,
1371.715,
930.6279,
808.5172,
579.6415,
254.0628,
931.7425,
710.4805,
8895.626,
116.8797,
10859.03,
2789.934,
1712.432,
271.1455,
1244.338,
3090.131,
303.8426,
2039, 
1448.208,
4199.714,
430.215,
583.7169,
8028.356,
2913.357,
814.4613,
556.3784,
2161.051,
321.9658,
1355.975,
930.2251,
815.8309,
591.2385,
251.4069,
944.2977,
726.7906,
8977.048,
118.4769,
11008.28,
2800.172,
1732.427,
266.8065,
1287.992,
3135.307,
311.494,
2040, 
1496.949,
4186.413,
439.1625,
577.3846,
8304.901,
2988.911,
824.4161,
561.7476,
2302.318,
321.9386,
1332.383,
929.7296,
824.6917,
602.8085,
248.3556,
955.0591,
743.2845,
9053.069,
120.0882,
11148.75,
2806.955,
1753.577,
262.6266,
1321.89,
3180.331,
319.882,
2041, 
1548.884,
4158.223,
442.7776,
572.3272,
8587.324,
3046.272,
826.087,
572.678,
2413.677,
320.3956,
1308.401,
926.5024,
831.0779,
613.5057,
245.9115,
967.2194,
756.463,
9114.823,
121.2623,
11287.53,
2807.221,
1756.851,
261.0357,
1317.445,
3213.03,
279.6358,
2042, 
1603.192,
4129.803,
442.1029,
570.4695,
8862.949,
3082.077,
827.6854,
586.611,
2502.627,
317.4817,
1285.365,
923.2798,
834.5845,
624.0916,
244.5052,
980.1028,
769.7933,
9173.569,
122.4489,
11438.63,
2802.477,
1788.23,
255.2813,
1286.865,
3245.342,
285.5716,
2043, 
1658.819,
4101.232,
439.8828,
569.7906,
9104.817,
3097.119,
829.3272,
601.2133,
2574.637,
313.7038,
1262.795,
919.6667,
835.6879,
634.3071,
243.6531,
992.9729,
783.2192,
9226.098,
123.6501,
11595.23,
2795.647,
1818.55,
247.727,
1236.138,
3278.841,
344.6367,
2044, 
1715.521,
4072.755,
436.9694,
569.1931,
9341.184,
3097.362,
830.9858,
616.3619,
2636.387,
309.3968,
1240.59,
915.6431,
833.3672,
644.1847,
243.2282,
1005.817,
796.9428,
9270.94,
124.8659,
11756.18,
2788.78,
1847.007,
239.2576,
1170.34,
3307.559,
318.9912,
2045, 
1773.038,
4043.905,
432.1691,
567.0787,
9547.246,
3094.494,
832.643,
630.9258,
2686.224,
306.4759,
1226.923,
911.5726,
828.2708,
654.123,
243.0254,
1019.476,
810.9485,
9314.225,
126.099,
11939.09,
2785.16,
1875.785,
230.8285,
1095.721,
3321.485,
364.8923,
2046, 
1829.957,
4026.185,
429.3537,
564.4327,
9767.852,
3090.281,
830.4912,
636.8713,
2773.41,
304.9651,
1214.595,
906.3832,
822.5625,
665.3867,
240.4871,
1035.992,
824.2018,
9360.005,
127.857,
12131.33,
2779.621,
1894.326,
224.2131,
1017.783,
3325.068,
354.7208,
2047, 
1886.909,
4007.723,
429.0998,
559.6995,
9943.771,
3086.98,
828.4032,
642.1528,
2878.084,
304.266,
1202.052,
901.7374,
817.4175,
676.9827,
237.2538,
1053.388,
837.7433,
9406.494,
129.6288,
12337.09,
2775.714,
1912.15,
219.4985,
939.4419,
3321.74,
377.7547,
2048, 
1942.572,
3970.115,
430.6431,
553.2228,
10105.07,
3089.181,
826.2867,
646.6135,
2984.184,
304.0941,
1190.029,
897.641,
811.1508,
688.7399,
233.6263,
1071.156,
851.4636,
9457.285,
131.4103,
12551.34,
2774.418,
1930.307,
215.7863,
866.3954,
3306.208,
387.149,
2049, 
1996.456,
3894.886,
432.7762,
544.7742,
10230.74,
3099.067,
824.1227,
650.3318,
3085.625,
304.3888,
1178.564,
893.7019,
808.4473,
700.2812,
230.4197,
1088.975,
865.2927,
9514.651,
133.2068,
12771.59,
2775.511,
1948.877,
213.5669,
803.9975,
3298.281,
403.0673,
2050, 
2048.029,
3793.463,
438.4042,
535.2574,
10337.5,
3117.394,
822.0092,
652.8983,
3175.122,
304.7184,
1167.529,
889.7905,
809.2756,
711.7172,
227.782,
1106.656,
879.1945,
9573.762,
135.014,
12985.06,
2778.601,
1968.332,
212.517,
756.2355,
3297.977,
407.2322,
2051, 
2061.374,
3693.287,
441.1748,
523.4248,
10206.36,
3113.783,
825.2711,
643.6742,
3212.246,
306.2496,
1165.192,
885.3013,
813.9323,
719.5734,
228.4876,
1122.393,
887.2917,
9589.414,
134.7184,
12961.04,
2757.472,
1960.407,
214.2858,
726.9845,
3298.629,
418.482,
2052, 
2073.001,
3579.955,
444.7639,
513.8214,
10065.89,
3119.143,
828.4287,
634.3198,
3249.585,
308.1844,
1164.115,
880.8189,
820.4732,
727.4243,
230.4504,
1138.332,
895.3458,
9605.199,
134.4094,
12933.27,
2741.027,
1955.251,
214.5689,
706.7079,
3306.37,
431.5634,
2053, 
2084.842,
3473.56,
449.4614,
507.5037,
9946.45,
3129.219,
831.6172,
625.3867,
3297.225,
310.5301,
1163.722,
876.5408,
829.8793,
735.3856,
233.3598,
1153.999,
903.3093,
9624.593,
134.0885,
12908.11,
2727.244,
1950.631,
214.7348,
693.4943,
3312.826,
438.686,
2054, 
2098.449,
3389.351,
455.729,
504.8262,
9889.712,
3141.373,
834.69,
616.8516,
3348.765,
313.2924,
1163.836,
872.2156,
839.5017,
743.572,
236.3823,
1169.635,
911.2421,
9650.382,
133.7585,
12884.45,
2717.797,
1948.291,
214.9761,
682.918,
3319.561,
445.0125,
2055, 
2114.808,
3323.387,
461.9468,
505.7469,
9864.805,
3168.309,
837.6633,
599.9508,
3410.135,
316.4249,
1164.286,
868.1358,
849.5104,
751.9489,
239.3352,
1185.359,
919.1995,
9684.648,
133.4231,
12861.66,
2710.865,
1948.046,
215.1847,
667.8273,
3326.406,
461.0775,
2056, 
2133.944,
3277.359,
470.4216,
510.4388,
9919.871,
3191.76,
839.3056,
561.6806,
3431.2,
319.997,
1164.627,
864.1861,
858.705,
760.7988,
242.2607,
1201.697,
926.5876,
9730.201,
133.0655,
12836.15,
2705.976,
1952.5,
214.0725,
651.1505,
3348.129,
472.3515,
2057, 
2154.636,
3243.823,
480.0676,
514.9002,
10057.66,
3208.364,
840.9299,
524.7061,
3454.14,
323.6231,
1165.076,
860.2706,
867.4339,
769.7315,
245.0089,
1217.566,
933.9248,
9784.841,
132.7066,
12816.51,
2703.73,
1958.046,
213.0378,
629.1163,
3368.962,
483.4434,
2058, 
2176.853,
3220.114,
490.2273,
519.2629,
10215.05,
3217.042,
842.6244,
486.4783,
3460.908,
326.442,
1165.113,
856.2657,
875.9396,
778.4719,
247.5157,
1233.18,
941.2988,
9843.894,
132.3463,
12800.82,
2703.474,
1966.251,
211.9148,
602.5864,
3388.453,
487.1454,
2059, 
2199.841,
3203.65,
501.8843,
523.2052,
10367.33,
3217.762,
844.1839,
449.0841,
3454.129,
329.0851,
1164.204,
852.5464,
880.1134,
787.0458,
249.8092,
1248.986,
948.6597,
9907.836,
131.9847,
12789.36,
2703.539,
1975.036,
210.8952,
574.3471,
3406.437,
498.1113,
2060, 
2225.69,
3190.736,
514.8087,
525.8795,
10562.07,
3198.076,
845.7399,
411.472,
3430.771,
331.4384,
1162.545,
854.8532,
880.7004,
795.6685,
251.9207,
1265.027,
956.114,
9973.993,
131.6226,
12781.08,
2704.886,
1983.492,
209.7687,
545.6781,
3423.1,
508.8819,
2061, 
2251.401,
3183.998,
527.5699,
526.4531,
10749.1,
3165.37,
836.5204,
354.159,
3357.398,
334.3542,
1159.165,
847.6317,
871.9332,
803.1395,
252.3597,
1282.076,
960.3672,
10028.57,
131.4464,
12753.92,
2697.437,
1989.199,
209.2683,
514.6188,
3434.798,
517.7595,
2062, 
2279.2,
3178.025,
541.038,
526.6273,
10929.27,
3127.914,
827.3735,
297.0083,
3297.701,
337.111,
1155.186,
840.1727,
860.556,
810.478,
251.6981,
1299.387,
964.85,
10084.21,
131.2666,
12723.55,
2690.282,
1994.683,
208.7679,
487.7268,
3445.746,
526.3867,
2063, 
2308.46,
3172.403,
554.4214,
525.9183,
11125.76,
3092.77,
818.3412,
239.918,
3233.43,
340.3038,
1150.807,
832.182,
846.1944,
817.1712,
250.0038,
1317.782,
968.6569,
10141.82,
131.085,
12689.93,
2680.539,
1997.684,
208.1452,
465.4537,
3455.984,
534.737,
2064, 
2338.771,
3166.714,
565.412,
524.3463,
11325.64,
3060.565,
809.5315,
182.8484,
3170.103,
343.3229,
1146.568,
823.9467,
833.0508,
823.2797,
247.4626,
1336.289,
973.2969,
10194.09,
130.9009,
12650.23,
2668.585,
2000.252,
207.6238,
447.2831,
3465.766,
542.76,
2065, 
2367.479,
3161.212,
574.3437,
522.6439,
11531.75,
3031.927,
800.7538,
123.767,
3119.824,
346.2814,
1142.497,
816.3393,
821.1822,
829.0036,
244.3023,
1355.125,
976.9229,
10249.33,
130.7115,
12597.25,
2653.297,
2002.684,
207.0063,
433.3882,
3475.415,
550.4648,
2066, 
2390.458,
3154.754,
580.6517,
521.2036,
11710.46,
3004.587,
798.5188,
57.976,
3061.098,
349.3303,
1139.004,
810.3097,
809.8284,
833.9291,
241.2293,
1372.625,
983.7612,
10294.25,
130.577,
12526.85,
2633.083,
2003.892,
206.0604,
420.7404,
3487.964,
561.1315,
2067, 
2410.202,
3148.086,
584.9313,
519.3253,
11875.43,
2982.994,
796.3167,
0,
3007.396,
352.4241,
1136.151,
804.8196,
799.4397,
838.4946,
238.4214,
1389.064,
991.0922,
10335.08,
129.8867,
12445.83,
2609.28,
2004.323,
205.1124,
411.0207,
3500.255,
563.3284,
2068, 
2424.1,
3141.473,
587.6671,
517.108,
12034.07,
2970.928,
794.1582,
0,
2952.655,
355.9569,
1134.721,
800.2606,
791.0246,
843.6025,
236.1174,
1404.326,
997.5048,
10366.05,
129.1926,
12356.91,
2584.63,
2003.483,
204.0427,
403.9555,
3513.018,
572.5712,
2069, 
2434.47,
3135.877,
589.4247,
516.4727,
12169.33,
2966.812,
792.1726,
0,
2913.821,
359.5956,
1134.061,
796.0536,
786.2294,
849.5391,
234.4573,
1419.15,
1004.332,
10386.6,
128.5005,
12274.76,
2564.365,
2002.175,
203.077,
399.1747,
3526.658,
577.877,
2070, 
2440.438,
3133.753,
588.1535,
517.0657,
12281.86,
2970.385,
790.0978,
0,
2883.501,
363.3324,
1134.297,
791.8472,
783.5362,
855.6699,
233.2471,
1432.859,
1011.147,
10390.94,
127.8062,
12193.4,
2547.631,
2000.162,
202.012,
396.403,
3540.55,
582.957,
2071, 
2441.205,
3138.586,
582.1719,
517.2241,
12343.07,
2982.486,
797.7941,
0,
2861.849,
367.7466,
1135.511,
785.0973,
775.2852,
861.2261,
233.3119,
1448.325,
1014.976,
10375.34,
126.3703,
12073.68,
2524.733,
2000.184,
200.7472,
397.1374,
3551.812,
582.2804,
2072, 
2440.551,
3144.115,
574.511,
517.928,
12405.9,
3002.759,
805.5276,
0,
2849.125,
372.4952,
1137.426,
778.3545,
768.4348,
866.8925,
233.9965,
1463.844,
1018.743,
10362.95,
125.7623,
11941.34,
2497.698,
1999.173,
199.4646,
398.8545,
3563.748,
583.0392,
2073, 
2441.76,
3149.884,
566.1605,
519.1613,
12466.56,
3025.914,
813.2545,
0,
2848.71,
377.2929,
1139.252,
771.7003,
762.3679,
872.1646,
235.0331,
1479.626,
1022.461,
10353.02,
125.1503,
11801.42,
2472.539,
1999.053,
198.0646,
401.1439,
3575.828,
582.8378,
2074, 
2443.932,
3155.379,
558.0872,
519.7886,
12547.64,
3052.758,
820.9928,
0,
2820.212,
382.5294,
1141.261,
764.9434,
755.1304,
877.0027,
236.2269,
1495.858,
1026.21,
10352.84,
124.5353,
11635.68,
2443.145,
1999.917,
196.7832,
405.271,
3587.683,
581.782,
2075, 
2447.42,
3160.112,
551.6681,
520.4913,
12635.58,
3081.267,
828.8541,
0,
2794.79,
388.1161,
1143.175,
758.2703,
747.1309,
881.5577,
237.6297,
1512.636,
1029.891,
10362.63,
123.9157,
11462.68,
2412.253,
1999.976,
195.39,
411.4916,
3599.573,
580.1567,
2076, 
2451.988,
3163.166,
547.538,
521.2695,
12758.13,
3112.063,
834.4294,
0,
2793.364,
393.9399,
1144.803,
752.0066,
739.8668,
886.4705,
239.4585,
1530.63,
1030.102,
10373.14,
123.144,
11295.46,
2383.031,
1999.544,
193.9895,
420.2498,
3606.363,
576.7979,
2077, 
2458.199,
3167.021,
545.038,
522.1036,
12898.93,
3146.702,
840.0718,
0,
2802.334,
399.921,
1146.41,
746.3353,
732.7075,
891.6046,
241.4325,
1549.572,
1030.3,
10371.63,
122.3731,
11139.3,
2358.861,
1999.599,
192.4907,
432.07,
3613,
573.8286,
2078, 
2466.065,
3171.979,
543.5538,
523.4788,
13050.25,
3181.841,
845.6508,
0,
2860.341,
406.1907,
1148.155,
740.959,
727.1215,
897.3329,
243.7207,
1567.852,
1030.422,
10365.78,
121.5991,
10992.95,
2335.253,
1997.259,
191.0782,
446.8571,
3619.784,
571.5022,
2079, 
2477.836,
3178.253,
542.9315,
524.8861,
13204.01,
3217.195,
851.2505,
0,
2930.635,
412.6864,
1149.991,
735.569,
723.1607,
903.1506,
246.2215,
1584.674,
1030.545,
10355.99,
120.823,
10865.88,
2315.654,
1994.133,
189.643,
464.9719,
3626.525,
570.3853,
2080, 
2493.589,
3185.765,
543.1902,
526.0771,
13369.94,
3250.362,
856.9374,
0,
3004.609,
419.422,
1151.962,
730.2876,
720.577,
909.3544,
248.9737,
1600.342,
1030.723,
10344.51,
120.0442,
10756.51,
2297.477,
1990.911,
188.1273,
482.611,
3633.224,
570.4634,
2081, 
2508.447,
3195.49,
541.792,
526.9604,
13523.33,
3276.005,
861.089,
0,
3074.468,
427.6911,
1153.711,
724.5786,
717.8674,
913.652,
251.7408,
1616.827,
1029.127,
10330.51,
119.6813,
10652.49,
2278.076,
1988.223,
187.9005,
502.0348,
3644.292,
571.1072,
2082, 
2526.338,
3206.022,
540.5757,
528.1507,
13677.91,
3294.779,
865.2024,
0,
3080.877,
436.0854,
1155.306,
718.9593,
715.6614,
918.0542,
254.5345,
1631.81,
1027.544,
10324.81,
119.3165,
10559.88,
2260.088,
1985.846,
187.5979,
520.5598,
3655.121,
573.182,
2083, 
2546.529,
3216.82,
539.1832,
529.5522,
13839.72,
3309.825,
869.3044,
0,
3073.263,
444.5424,
1156.663,
713.0231,
712.7914,
922.5868,
257.2129,
1647.794,
1025.994,
10323.69,
118.9475,
10474.71,
2242.865,
1985.48,
187.3633,
537.9959,
3665.614,
576.5093,
2084, 
2565.837,
3227.761,
537.7191,
531.1127,
14018.76,
3322.193,
873.4703,
0,
3061.245,
453.0074,
1158.033,
707.2648,
708.3232,
927.3818,
259.7393,
1665.036,
1024.453,
10326.56,
118.5791,
10394.92,
2226.159,
1986.508,
187.1067,
553.2841,
3677.768,
580.5734,
2085, 
2584.784,
3238.429,
535.763,
532.8655,
14199.57,
3333.95,
877.5552,
0,
3047.673,
461.4902,
1159.273,
701.3353,
702.4354,
932.155,
262.0068,
1683.446,
1022.863,
10332.54,
118.2082,
10325.33,
2209.172,
1987.067,
186.7901,
566.8599,
3691.139,
585.2504,
2086, 
2604.972,
3248.351,
532.8779,
534.676,
14371.89,
3345.199,
877.7845,
0,
3026.94,
469.9438,
1159.91,
695.8408,
694.5078,
937.1292,
263.7863,
1703.952,
1022.175,
10351.86,
117.8984,
10270.23,
2190.479,
1988.802,
186.4438,
576.3468,
3705.261,
590.3127,
2087, 
2625.239,
3258.062,
529.5004,
536.4876,
14533.97,
3355.732,
877.9567,
0,
3007.863,
478.3783,
1160.557,
690.2339,
685.3513,
941.9983,
265.5096,
1723.805,
1021.526,
10370.39,
117.5877,
10236.06,
2170.486,
1989.592,
186.0115,
583.7985,
3720.23,
594.5461,
2088, 
2645.972,
3267.997,
526.0013,
537.9844,
14672.99,
3366.054,
878.1441,
0,
2989.555,
486.7938,
1160.941,
684.2723,
674.9207,
946.5875,
267.1631,
1742.047,
1020.847,
10396.82,
117.2752,
10216.42,
2150.268,
1989.867,
185.6567,
586.776,
3735.885,
599.6192,
2089, 
2666.974,
3277.902,
523.1509,
539.4531,
14784.81,
3375.203,
878.3391,
0,
2971.925,
495.1453,
1160.853,
677.969,
663.1853,
950.8568,
269.9699,
1759.378,
1020.121,
10426.9,
116.9618,
10209.58,
2129.996,
1989.757,
185.2978,
586.5404,
3750.091,
605.3021,
2090, 
2689.307,
3288.409,
521.2372,
540.8943,
14897.75,
3384.131,
878.5478,
0,
2930.676,
503.4737,
1160.431,
671.6336,
650.2535,
954.8722,
273.5895,
1776.23,
1019.43,
10463.2,
116.6455,
10205.15,
2109.709,
1990.528,
184.8353,
582.8402,
3763.161,
611.461,
2091, 
2709.104,
3296.858,
521.3007,
541.8222,
14976.49,
3389.237,
880.4955,
0,
2848.441,
511.3878,
1158.184,
665.4459,
640.6816,
958.606,
278.7704,
1794.089,
1021.034,
10491.56,
116.4172,
10203.19,
2089.685,
1992.771,
184.0875,
575.549,
3805.646,
616.1487,
2092, 
2729.123,
3306.191,
522.6832,
542.4861,
15056.95,
3394.166,
882.4117,
0,
2751.022,
519.2943,
1155.645,
658.8136,
632.0892,
962.1904,
284.4608,
1813.691,
1022.673,
10523.01,
116.1901,
10191.77,
2070.579,
1996.995,
183.2578,
565.2678,
3847.448,
621.0452,
2093, 
2748.941,
3316.183,
524.9288,
543.6093,
15150.21,
3400.472,
884.3021,
0,
2649.805,
527.1187,
1153.106,
651.9803,
624.8206,
965.7335,
290.6541,
1833.378,
1024.323,
10550.17,
115.9597,
10173.92,
2052.833,
2003.817,
182.4923,
554.0997,
3888.757,
630.7192,
2094, 
2768.319,
3326.786,
526.9234,
544.8177,
15253.54,
3408.179,
886.2004,
0,
2544.777,
534.7994,
1150.595,
645.2308,
618.6367,
969.3732,
295.9776,
1854.746,
1025.925,
10572.14,
115.7298,
10149.2,
2035.784,
2012.171,
181.6442,
541.5465,
3929.697,
635.4683,
2095, 
2785.587,
3337.68,
528.4313,
546.3312,
15339.39,
3419.425,
888.1155,
0,
2449.434,
542.3963,
1148.073,
638.6653,
613.2202,
973.1138,
300.7941,
1875.757,
1027.534,
10588.55,
115.498,
10121.06,
2020.197,
2020.164,
180.851,
529.6138,
3970.357,
641.3853,
2096, 
2800.624,
3346.112,
528.248,
548.0072,
15418.87,
3434.86,
889.745,
0,
2371.038,
550.7114,
1145.732,
632.0491,
607.9102,
977.6367,
304.379,
1898.39,
1028.155,
10609.91,
115.2781,
10079.58,
2005.453,
2028.785,
180.3606,
519.2779,
3983.464,
649.3405,
2097, 
2813.173,
3352.675,
526.752,
550.0177,
15487.67,
3452.027,
891.4764,
0,
2303.181,
558.869,
1143.166,
627.4254,
599.9371,
982.0516,
307.6275,
1918.33,
1028.778,
10635.25,
115.0579,
10027.79,
1989.652,
2037.313,
179.7822,
510.6526,
3996.397,
658.9474,
2098, 
2820.362,
3363.395,
518.728,
551.1691,
15547.71,
3470.076,
893.1582,
0,
2237.209,
566.7037,
1140.28,
622.9045,
588.5861,
986.9464,
310.5238,
1937.159,
1029.427,
10658.66,
114.834,
9966.496,
1971.417,
2047.134,
179.2703,
504.0739,
4009.171,
669.0636,
2099, 
2822.148,
3375.421,
505.4672,
551.4634,
15604.28,
3485.703,
894.787,
0,
2169.893,
574.1245,
1137.044,
618.3182,
573.0764,
991.6464,
313.1316,
1953.058,
1030.083,
10683.91,
114.6093,
9900.375,
1950.194,
2056.722,
178.6833,
499.4954,
4021.819,
674.4357,
2100, 
2819.207,
3386.925,
488.0869,
550.5869,
15663.53,
3497.711,
896.5231,
0,
2108.798,
580.9404,
1133.468,
613.6398,
554.8893,
996.0746,
313.8328,
1967.987,
1030.745,
10706.84,
114.3832,
9827.149,
1924.634,
2066.326,
178.1603,
496.1618,
4034.373,
680.3484];
