real main.em.ep.ncl.NuclFuelEff[27](t) = [1971, 
170,
170,
170,
170,
170,
170,
170,
170,
170,
170,
170,
170,
170,
170,
170,
170,
170,
170,
170,
170,
170,
170,
170,
170,
170,
170,
0,
1972, 
170,
170,
170.3448,
170,
170.3448,
170.3448,
170.3448,
170.3448,
170.3448,
170.3448,
170,
170.3448,
170.3448,
170.3448,
170.3448,
170,
170.3448,
170,
170.3448,
170.3448,
170.3448,
170.3448,
170,
170.3448,
170.3448,
170.3448,
0,
1973, 
170.1724,
170.1724,
170.6897,
170.1724,
170.6897,
170.6897,
170.6897,
170.6897,
170.6897,
170.6897,
170.1724,
170.6897,
170.6897,
170.6897,
170.6897,
170.1724,
170.6897,
170.1724,
170.6897,
170.6897,
170.6897,
170.6897,
170.1724,
170.6897,
170.6897,
170.6897,
0,
1974, 
170.3448,
170.3448,
171.0345,
170.3448,
171.0345,
171.0345,
171.0345,
171.0345,
171.0345,
171.0345,
170.3448,
171.0345,
171.0345,
171.0345,
171.0345,
170.3448,
171.0345,
170.3448,
171.0345,
171.0345,
171.0345,
171.0345,
170.3448,
171.0345,
171.0345,
171.0345,
0,
1975, 
170.5172,
170.5172,
171.3793,
170.5172,
171.3793,
171.3793,
171.3793,
171.3793,
171.3793,
171.3793,
170.5172,
171.3793,
171.3793,
171.3793,
171.3793,
170.5172,
171.3793,
170.5172,
171.3793,
171.3793,
171.3793,
171.3793,
170.5172,
171.3793,
171.3793,
171.3793,
0,
1976, 
171.327,
171.3623,
171.7241,
170.5172,
171.7241,
171.3793,
171.7241,
171.7241,
171.7241,
171.7241,
171.3228,
171.3793,
171.7241,
171.7241,
171.3793,
171.3486,
171.7241,
171.2341,
171.7241,
171.7241,
171.7241,
171.7241,
171.3629,
171.7241,
171.3793,
171.7241,
0,
1977, 
171.333,
171.4064,
172.069,
170.5172,
172.069,
171.3793,
172.069,
172.069,
172.069,
172.069,
171.4478,
171.3793,
172.069,
172.069,
171.3793,
171.5026,
172.069,
171.2539,
172.069,
172.069,
172.069,
172.069,
171.4782,
172.069,
171.3793,
172.069,
0,
1978, 
171.6898,
171.503,
172.4138,
170.5172,
172.4138,
171.3793,
172.4138,
172.4138,
172.4138,
172.4138,
171.6004,
171.3793,
172.4138,
172.4138,
171.3793,
171.5482,
172.4138,
171.2856,
172.4138,
172.4138,
172.4138,
172.4138,
171.4801,
172.4138,
171.3793,
172.4138,
0,
1979, 
171.8529,
171.5842,
172.7586,
170.5172,
172.7586,
171.3793,
172.7586,
172.7586,
172.7586,
172.7586,
171.7551,
171.3793,
172.7586,
172.4138,
171.3793,
171.5524,
172.7586,
171.3277,
172.4138,
172.4138,
172.7586,
172.7586,
171.7984,
172.7586,
171.3793,
172.7586,
0,
1980, 
172.0194,
171.5955,
173.1035,
170.5172,
173.1035,
171.3793,
173.1035,
173.1035,
173.1035,
173.1035,
171.9291,
171.6823,
173.1035,
172.4138,
171.3793,
171.7449,
173.1035,
171.3793,
172.4138,
172.5862,
173.1035,
173.1035,
172.048,
173.1035,
171.3793,
173.1035,
0,
1981, 
172.1633,
171.655,
173.4483,
170.5172,
173.4483,
171.3793,
173.4483,
173.4483,
173.4483,
173.4483,
172.1892,
171.6823,
173.4483,
172.4138,
171.3793,
172.0715,
173.4483,
171.4393,
172.4138,
172.5862,
173.4483,
173.4483,
172.0497,
173.4483,
171.3793,
173.4483,
0,
1982, 
172.3306,
171.7886,
173.4483,
170.5172,
173.4483,
171.6534,
173.7931,
173.7931,
173.7931,
173.4483,
172.3811,
172.4267,
173.7931,
172.6927,
171.3793,
172.2091,
173.7931,
172.2115,
172.9527,
172.5862,
173.7931,
173.7931,
172.1927,
173.7931,
171.4298,
173.7931,
0,
1983, 
172.499,
171.9276,
173.6207,
170.5172,
173.6207,
171.9037,
174.1379,
174.1379,
174.1379,
173.6207,
172.5679,
172.8319,
174.1379,
172.9264,
171.3793,
172.3531,
174.1379,
172.6506,
173.2406,
172.5862,
174.1379,
174.1379,
172.3413,
174.1379,
171.486,
174.1379,
0,
1984, 
172.6683,
172.071,
173.7931,
170.5172,
173.7931,
172.1377,
174.4828,
174.4828,
174.4828,
173.7931,
172.7513,
173.1306,
174.4828,
173.1386,
171.3793,
172.5018,
174.4828,
172.9738,
173.4695,
172.5862,
174.4828,
174.4828,
172.4938,
174.4828,
171.5477,
174.4828,
0,
1985, 
172.8381,
172.2178,
173.9655,
170.5172,
173.9655,
172.36,
174.8276,
174.8276,
174.8276,
173.9655,
172.9324,
173.3823,
174.8276,
173.339,
171.3793,
172.6541,
174.8276,
173.2432,
173.6755,
172.5862,
174.8276,
174.8276,
172.6495,
174.8276,
171.6144,
174.8276,
0,
1986, 
173.0084,
172.3676,
174.1379,
170.5172,
174.1379,
172.5737,
175.1724,
175.1724,
175.1724,
174.1379,
173.1119,
173.6091,
175.1724,
173.5321,
171.3793,
172.8094,
175.1724,
173.4832,
173.8701,
172.5862,
175.1724,
175.1724,
172.8076,
175.1724,
171.6858,
175.1724,
0,
1987, 
173.179,
172.5199,
174.3103,
170.5172,
174.3103,
172.7807,
175.5172,
175.5172,
175.5172,
174.3103,
173.2901,
173.8212,
175.5172,
173.7205,
171.3793,
172.9669,
175.5172,
173.7054,
174.0583,
172.5862,
175.5172,
175.5172,
172.9677,
175.5172,
171.7616,
175.5172,
0,
1988, 
173.3499,
172.6743,
174.4828,
170.5172,
174.4828,
172.9827,
175.8621,
175.8621,
175.8621,
174.4828,
173.4675,
174.0237,
175.8621,
173.9055,
171.3793,
173.1263,
175.8621,
173.916,
174.2425,
172.5862,
175.8621,
175.8621,
173.1293,
175.8621,
171.8415,
175.8621,
0,
1989, 
173.521,
172.8304,
174.6552,
170.5172,
174.6552,
173.1806,
176.2069,
176.2069,
176.2069,
174.6552,
173.6441,
174.2199,
176.2069,
174.0882,
171.3793,
173.2872,
176.2069,
174.1187,
174.4241,
172.5862,
176.2069,
176.2069,
173.2922,
176.2069,
171.9253,
176.2069,
0,
1990, 
173.6923,
172.988,
174.8276,
170.5172,
174.8276,
173.3753,
176.5517,
176.5517,
176.5517,
174.8276,
173.8201,
174.4115,
176.5517,
174.2692,
171.3793,
173.4494,
176.5517,
174.3157,
174.6038,
172.5862,
176.5517,
176.5517,
173.4562,
176.5517,
172.0127,
176.5517,
0,
1991, 
173.6923,
173.0888,
175,
170.5172,
175,
173.5672,
176.8965,
176.8965,
176.8965,
174.9655,
173.8201,
174.5997,
176.8965,
174.2692,
171.3793,
173.6126,
176.8965,
174.5084,
174.7822,
172.5862,
176.8965,
176.8965,
173.4562,
176.8965,
172.1035,
176.8965,
0,
1992, 
173.6923,
173.0956,
175.3062,
170.5172,
175,
173.5672,
177.2414,
177.2414,
177.2414,
174.9655,
173.8201,
174.63,
177.2414,
174.2692,
171.3793,
173.6653,
177.2414,
174.687,
174.8877,
172.5862,
177.2414,
177.2414,
173.4562,
177.2414,
172.1035,
177.2414,
0,
1993, 
173.6923,
173.1031,
175.5751,
170.5172,
175,
173.5672,
177.5862,
177.5862,
177.5862,
174.9655,
173.8201,
174.664,
177.5862,
174.2692,
171.3793,
173.7218,
177.5862,
174.8646,
174.9995,
172.5862,
177.5862,
177.5862,
173.4562,
177.5862,
172.1035,
177.5862,
0,
1994, 
173.6923,
173.1111,
175.8205,
170.5172,
175,
173.5672,
177.931,
177.931,
177.931,
174.9655,
173.8201,
174.6693,
177.931,
174.2692,
171.3793,
173.7818,
177.931,
175.0416,
175.1168,
172.7416,
177.931,
177.931,
173.4562,
177.931,
172.1035,
177.931,
0,
1995, 
173.6923,
173.1198,
176.0501,
170.5172,
175,
173.5672,
178.2759,
178.2759,
178.2759,
174.9655,
173.8201,
174.6693,
178.2759,
174.2692,
171.3793,
173.8453,
178.2759,
175.218,
175.2389,
174.039,
178.2759,
178.2759,
173.4562,
178.2759,
172.1035,
178.2759,
0,
1996, 
173.6923,
173.129,
176.2684,
170.5172,
175,
173.5672,
178.6207,
178.6207,
178.6207,
174.9655,
173.8201,
174.6693,
178.6207,
174.2692,
171.3793,
173.9121,
178.6207,
175.394,
175.3652,
174.8863,
178.6207,
178.6207,
173.4562,
178.6207,
172.1035,
178.6207,
0,
1997, 
173.6923,
173.1388,
176.2811,
170.5172,
176.091,
173.5672,
178.9655,
178.9655,
178.9655,
174.9655,
173.8201,
174.6693,
178.9655,
174.2692,
171.3793,
173.9185,
178.9655,
175.6904,
175.6203,
174.8863,
178.9655,
178.9655,
173.4562,
178.9655,
174.2171,
178.9655,
0,
1998, 
173.6923,
173.1492,
176.2954,
170.5172,
176.7567,
173.5672,
179.3103,
179.3103,
179.3103,
174.9655,
173.8201,
174.6693,
179.3103,
174.2692,
171.3793,
173.9252,
179.3103,
175.966,
175.8634,
174.8863,
179.3103,
179.3103,
173.4562,
179.3103,
175.38,
179.3103,
0,
1999, 
173.6923,
173.1601,
176.3115,
170.5172,
177.2368,
173.5672,
179.6552,
179.6552,
179.6552,
174.9655,
173.8201,
174.6693,
179.6552,
174.2692,
171.3793,
173.9324,
179.6552,
176.2255,
176.0969,
174.8863,
179.6552,
179.6552,
173.4562,
179.6552,
176.1532,
179.6552,
0,
2000, 
173.6923,
173.1717,
176.3292,
170.5172,
177.6196,
173.5672,
180,
180,
180,
174.9655,
173.8201,
174.6693,
180,
174.2692,
171.3793,
173.9401,
180,
176.4725,
176.3226,
174.8863,
180,
180,
173.4562,
180,
176.7289,
180,
0,
2001, 
173.6923,
173.1838,
176.3486,
170.5172,
177.8445,
173.5672,
181.4,
181.4,
181.4,
174.9655,
173.8201,
174.6693,
181.4,
174.2692,
171.3793,
173.9482,
181.4,
176.7095,
176.542,
174.8863,
181.4,
181.4,
173.4562,
181.4,
177.1907,
181.4,
0,
2002, 
173.6923,
173.1983,
176.3874,
170.5172,
177.8445,
173.5672,
182.8,
182.8,
182.8,
174.9655,
173.8201,
174.6693,
182.8,
174.2692,
171.3793,
174.1002,
182.8,
176.8721,
176.8119,
176.7544,
182.8,
182.8,
173.4562,
182.8,
177.1907,
182.8,
0,
2003, 
173.6923,
173.2153,
176.3874,
170.5172,
177.8445,
173.5672,
184.2,
184.2,
184.2,
174.9655,
173.8201,
174.6693,
184.2,
174.2692,
171.3793,
174.2741,
184.2,
177.0707,
177.127,
178.1017,
184.2,
184.2,
173.4562,
184.2,
177.1907,
184.2,
0,
2004, 
173.6923,
173.2346,
176.3874,
170.5172,
177.8445,
173.5672,
185.6,
185.6,
185.6,
174.9655,
173.8201,
174.6693,
185.6,
174.5482,
171.3793,
174.4687,
185.6,
177.3019,
177.4806,
179.2132,
185.6,
185.6,
173.4562,
185.6,
177.1907,
185.6,
0,
2005, 
173.6923,
173.2564,
176.3874,
170.5172,
177.8445,
173.5672,
187,
187,
187,
174.9655,
173.8201,
174.6693,
187,
174.8803,
171.3793,
174.6827,
187,
177.5625,
177.8672,
180.1977,
187,
187,
173.4562,
187,
177.1907,
187,
0,
2006, 
173.6923,
173.2805,
176.3874,
170.5172,
177.8445,
173.5672,
188.4,
188.4,
188.4,
174.9655,
173.8201,
174.6693,
188.4,
175.2339,
171.3793,
174.915,
188.4,
177.8499,
178.2823,
181.1063,
188.4,
188.4,
173.4562,
188.4,
177.1907,
188.4,
0,
2007, 
173.6923,
173.3071,
176.3874,
170.5172,
177.8445,
173.5672,
189.8,
189.8,
189.8,
174.9655,
173.8201,
174.6693,
189.8,
175.2339,
171.3793,
175.0492,
189.8,
178.7057,
178.5045,
181.8029,
189.8,
189.8,
173.4562,
189.8,
177.1907,
189.8,
0,
2008, 
173.6923,
173.3359,
176.3874,
170.5172,
177.8445,
173.5672,
191.2,
191.2,
191.2,
174.9655,
173.8201,
174.6693,
191.2,
175.2339,
171.3793,
175.1945,
191.2,
179.5383,
178.7474,
182.5002,
191.2,
191.2,
173.4562,
191.2,
177.1907,
191.2,
0,
2009, 
173.6923,
173.3672,
176.3874,
170.5172,
177.8445,
173.5672,
192.6,
192.6,
192.6,
174.9655,
173.8201,
174.6693,
192.6,
175.2339,
171.3793,
175.3507,
192.6,
180.3523,
179.0094,
183.1979,
192.6,
192.6,
173.4562,
192.6,
177.1907,
192.6,
0,
2010, 
173.6923,
173.4007,
176.3874,
170.5172,
177.8445,
173.5672,
194,
194,
194,
174.9655,
173.8201,
174.6693,
194,
175.2339,
171.3793,
175.5173,
194,
181.1514,
179.2896,
183.8959,
194,
194,
173.4562,
194,
177.1907,
194,
0,
2011, 
173.6923,
173.4366,
176.3874,
170.5172,
177.8445,
173.5672,
195.4,
195.4,
195.4,
174.9655,
173.8201,
174.6693,
195.4,
175.2339,
171.3793,
175.6942,
195.4,
181.9384,
179.5866,
184.5942,
195.4,
195.4,
173.4562,
195.4,
177.1907,
195.4,
0,
2012, 
173.6923,
173.4748,
176.7883,
170.5172,
177.8445,
176.3999,
196.8,
196.8,
196.8,
175.1008,
173.8201,
174.7774,
196.8,
175.2339,
171.3793,
176.18,
195.4,
182.6691,
180.0838,
187.2853,
196.8,
196.8,
173.4562,
196.8,
179.2097,
196.8,
0,
2013, 
173.6923,
173.5153,
177.2015,
170.5172,
177.8445,
178.7428,
198.2,
198.2,
198.2,
175.2436,
173.8201,
174.8917,
198.2,
175.2339,
171.3793,
176.6761,
196.1,
183.3966,
180.5934,
189.1823,
198.2,
198.2,
173.4562,
198.2,
180.9654,
198.2,
0,
2014, 
173.6923,
173.558,
177.6263,
170.5172,
177.8445,
180.7472,
199.6,
199.6,
199.6,
175.3936,
173.8201,
175.012,
199.6,
175.2339,
171.3793,
177.1819,
196.8,
184.1214,
181.1143,
190.6814,
199.6,
199.6,
173.4562,
199.6,
182.5295,
199.6,
0,
2015, 
173.6923,
173.6031,
178.0621,
170.5172,
177.8445,
182.5079,
201,
201,
201,
175.5508,
173.8201,
175.1383,
201,
175.2339,
171.3793,
177.6965,
197.5,
184.8439,
181.6454,
191.9527,
201,
201,
173.4562,
201,
183.9498,
201,
0,
2016, 
173.7264,
173.6504,
178.5081,
170.5172,
177.8445,
184.0875,
202.4,
202.4,
202.4,
175.6332,
173.8201,
175.2704,
202.4,
175.2339,
171.3793,
178.2194,
198.2,
185.5644,
182.186,
193.0814,
202.4,
202.4,
173.4562,
202.4,
185.2595,
202.4,
0,
2017, 
173.7778,
173.7,
178.8741,
170.5172,
177.8445,
184.1076,
203.8,
203.8,
203.8,
175.6332,
173.8201,
175.3267,
203.8,
175.6863,
171.3793,
178.8382,
199.1542,
185.866,
182.4462,
194.333,
203.8,
203.8,
173.4562,
203.8,
187.8991,
203.8,
0,
2018, 
173.8315,
173.7518,
179.2501,
170.5172,
177.8445,
184.1293,
205.2,
205.2,
205.2,
175.6332,
173.8201,
175.3856,
205.2,
176.1469,
171.3793,
179.461,
200.0143,
186.1817,
182.7175,
195.4539,
205.2,
205.2,
173.4562,
205.2,
190.021,
205.2,
0,
2019, 
173.8875,
173.8058,
179.6358,
170.5172,
177.8445,
184.1525,
206.6,
206.6,
206.6,
175.6332,
173.8201,
175.4472,
206.6,
176.6152,
171.3793,
179.6274,
200.8244,
186.5106,
182.9997,
196.4858,
206.6,
206.6,
173.4562,
206.6,
191.8081,
206.6,
0,
2020, 
173.9458,
173.862,
180.0306,
170.5172,
177.8445,
184.1771,
208,
208,
208,
175.6332,
173.8201,
175.5114,
208,
177.0909,
171.3793,
179.6534,
201.6047,
186.8522,
183.2922,
197.4541,
208,
208,
173.4562,
208,
193.3662,
208,
0,
2021, 
174.0064,
173.9205,
180.4343,
170.5172,
177.8445,
184.2033,
209.4,
209.4,
209.4,
175.6332,
173.8201,
175.5783,
209.4,
177.5735,
171.3793,
179.6807,
202.3659,
187.2057,
183.5323,
198.3755,
209.4,
209.4,
173.4562,
209.4,
194.7607,
209.4,
0,
2022, 
174.0693,
173.9811,
180.4343,
170.5172,
177.8445,
184.2033,
210.8,
210.8,
210.8,
175.6332,
173.8201,
175.7082,
210.8,
177.5735,
171.3793,
179.7093,
205.0766,
189.4648,
183.5323,
198.9279,
210.8,
210.8,
173.4562,
210.8,
200.794,
210.8,
0,
2023, 
174.1344,
174.0439,
180.4343,
170.5172,
177.8445,
184.2033,
212.2,
212.2,
212.2,
175.6332,
173.8201,
175.7082,
212.2,
177.5735,
171.3793,
179.7392,
206.5278,
189.483,
185.0889,
199.4209,
212.2,
212.2,
173.4562,
212.2,
203.9228,
212.2,
0,
2024, 
174.2018,
174.5581,
180.4343,
170.5172,
177.8445,
184.2033,
213.6,
213.6,
213.6,
175.6332,
173.8201,
176.381,
213.6,
178.8745,
171.3793,
179.7704,
207.1935,
190.591,
185.8088,
199.7892,
213.6,
213.6,
173.4562,
213.6,
203.9228,
213.6,
0,
2025, 
174.2714,
175.0772,
180.4343,
170.5172,
177.8445,
184.2033,
215,
215,
215,
175.6332,
173.8201,
177.0549,
215,
180.1319,
171.3793,
179.8028,
207.8664,
191.661,
186.5277,
200.1761,
215,
215,
173.4562,
215,
203.9228,
215,
0,
2026, 
174.3432,
175.1434,
180.4343,
170.5172,
177.8445,
184.2033,
216.4,
216.4,
216.4,
175.6332,
173.8201,
178.4707,
215,
180.1319,
171.3793,
181.3936,
207.8664,
191.661,
187.9918,
201.2947,
216.4,
216.4,
173.4562,
216.4,
206.9019,
216.4,
0,
2027, 
174.424,
175.2179,
180.4343,
170.5172,
177.8445,
184.2033,
217.8,
217.8,
217.8,
175.6332,
173.8201,
178.4707,
215.7,
180.1319,
171.3793,
182.9099,
207.8664,
200.6208,
187.9918,
202.5623,
217.8,
217.8,
173.4562,
217.8,
208.9149,
217.8,
0,
2028, 
174.5141,
175.301,
180.4343,
170.5172,
177.8445,
184.7867,
219.2,
219.2,
219.2,
175.6332,
173.8201,
178.4707,
216.4,
180.1319,
171.3793,
182.946,
207.8664,
203.3124,
189.4497,
204.3181,
219.2,
219.2,
173.4562,
219.2,
208.9149,
219.2,
0,
2029, 
174.6138,
175.3931,
180.4343,
170.5172,
177.8445,
184.7867,
219.2,
220.6,
220.6,
175.6332,
173.8201,
178.4707,
217.1,
180.1319,
171.3793,
183.4749,
207.8664,
203.3208,
189.4497,
205.4634,
220.6,
220.6,
173.4562,
220.6,
208.9149,
220.6,
0,
2030, 
174.7234,
175.4945,
180.4343,
170.5172,
177.8445,
184.7867,
219.2,
222,
222,
175.6332,
173.8201,
178.4707,
217.1,
180.1319,
171.3793,
184.9388,
207.8664,
203.3306,
189.4497,
206.9229,
222,
222,
173.4562,
222,
208.9149,
222,
0,
2031, 
175.2948,
176.9359,
180.4343,
170.5172,
177.8445,
184.7867,
221.3,
223.4,
223.4,
175.6332,
173.8201,
178.7912,
217.1,
180.1319,
171.3793,
184.9388,
207.8664,
203.3551,
189.4497,
206.9229,
223.4,
223.4,
173.4562,
223.4,
211.2175,
223.4,
0,
2032, 
175.304,
176.947,
180.4343,
170.6897,
177.8445,
184.7867,
221.3,
224.8,
224.8,
175.6332,
173.8266,
178.7912,
217.1,
180.1319,
221.8358,
184.9511,
207.8664,
218.4217,
189.4497,
206.9229,
224.8,
224.8,
174.443,
224.8,
214.1871,
224.8,
0,
2033, 
175.8879,
176.9575,
208.3339,
170.8621,
177.8445,
200.5428,
221.3,
226.2,
226.2,
175.6332,
173.8325,
178.7912,
219.886,
180.1319,
222.9319,
184.9633,
207.8664,
218.8911,
194.051,
213.2134,
226.2,
226.2,
178.5781,
226.2,
215.7303,
226.2,
0,
2034, 
179.3356,
176.9675,
216.7049,
171.0345,
209.6955,
219.4039,
221.3,
227.6,
227.6,
175.6332,
173.8378,
201.3797,
220.1587,
180.1319,
223.0119,
184.9751,
219.6442,
219.2285,
195.2497,
218.3166,
227.6,
227.6,
189.0892,
227.6,
217.1017,
227.6,
0,
2035, 
180.6756,
176.9771,
216.7049,
229,
219.4449,
219.5064,
221.3,
229,
229,
195.282,
184.0049,
201.7863,
220.489,
180.1319,
223.0119,
184.9867,
223.0002,
219.7929,
195.8447,
218.388,
229,
229,
191.2092,
229,
217.2385,
229,
0,
2036, 
181.759,
179.5999,
218.8009,
230.4,
220.5833,
221.4052,
221.3,
230.4,
230.4,
201.6327,
185.67,
203.111,
220.641,
180.1319,
224.73,
186.3333,
223.0976,
220.7086,
196.614,
218.5761,
230.4,
230.4,
193.5698,
230.4,
218.5792,
230.4,
0,
2037, 
182.1027,
180.1598,
219.0321,
231.8,
221.0038,
221.8261,
222.1139,
231.8,
231.8,
212.8287,
187.7432,
203.7896,
221.9596,
190.8778,
224.9907,
187.4548,
223.2087,
220.7257,
197.734,
218.9041,
231.8,
231.8,
194.8882,
231.8,
220.3693,
231.8,
0,
2038, 
183.316,
181.0534,
219.3079,
233.2,
221.4735,
222.1597,
227.3039,
233.2,
233.2,
213.5027,
192.2477,
203.7896,
223.125,
190.8778,
225.4025,
187.7118,
223.4437,
221.4162,
197.734,
219.2997,
233.2,
233.2,
194.9022,
233.2,
221.8056,
233.2,
0,
2039, 
184.1685,
182.8956,
219.5994,
234.6,
221.4735,
222.1597,
228.0145,
234.6,
234.6,
213.5966,
196.0086,
203.7896,
224.2511,
194.8,
225.4025,
187.7271,
223.7454,
221.9237,
199.4573,
219.9445,
234.6,
234.6,
197.3494,
234.6,
222.1074,
234.6,
0,
2040, 
185.1364,
183.026,
219.7663,
236,
221.4735,
222.1597,
228.5396,
236,
236,
214.1692,
197.3832,
204.1653,
225.3022,
195.3887,
225.4603,
188.3437,
224.2429,
222.078,
199.5961,
220.063,
236,
236,
200.4547,
236,
222.4816,
236,
0,
2041, 
186.9799,
192.9085,
220.419,
237.4,
221.4735,
222.1597,
229.1916,
237.4,
237.4,
215.0123,
199.4847,
204.1653,
225.5533,
195.8179,
225.6621,
189.6987,
224.7349,
222.2836,
199.8494,
220.063,
237.4,
237.4,
200.4757,
237.4,
222.9843,
237.4,
0,
2042, 
188.3063,
199.9211,
221.3469,
238.8,
222.7584,
222.4057,
231.211,
238.8,
238.8,
217.0278,
201.1918,
205.4503,
225.8003,
197.2719,
225.6621,
190.3952,
225.2336,
222.7701,
200.5268,
220.063,
238.8,
238.8,
202.0636,
238.8,
222.9906,
238.8,
0,
2043, 
189.7703,
203.7942,
221.9227,
240.2,
224.5267,
222.6525,
231.6066,
240.2,
240.2,
218.959,
203.1128,
206.8325,
226.1104,
198.8794,
229.556,
191.1385,
225.327,
228.1605,
201.1915,
220.063,
240.2,
240.2,
204.0235,
240.2,
226.428,
240.2,
0,
2044, 
197.9145,
207.5973,
222.2419,
241.6,
224.7694,
222.9001,
232.0235,
241.6,
241.6,
220.7421,
205.2974,
208.3251,
228.5311,
200.7481,
231.2254,
191.9354,
226.3427,
228.7497,
205.9578,
220.063,
241.6,
241.6,
209.413,
241.6,
226.4332,
241.6,
0,
2045, 
200.4449,
210.4778,
222.5189,
243,
224.9469,
225.4237,
232.5946,
243,
243,
222.9046,
207.8103,
209.944,
229.1388,
202.8157,
231.3854,
192.7937,
230.2042,
229.2703,
207.8214,
220.063,
243,
243,
219.5927,
243,
226.4383,
243,
0,
2046, 
205.2856,
215.2923,
222.7971,
244.4,
227.0795,
226.8161,
233.1515,
244.4,
244.4,
227.7519,
216.1958,
211.7083,
229.8492,
205.1035,
231.3854,
193.7229,
233.1462,
229.9826,
209.1505,
220.063,
244.4,
244.4,
221.7765,
244.4,
230.0653,
244.4,
0,
2047, 
209.2264,
217.8547,
223.0766,
245.8,
227.4531,
227.9062,
233.2128,
245.8,
245.8,
230.9266,
222.1862,
213.641,
230.3201,
207.7678,
231.3854,
202.175,
233.69,
230.9576,
210.5306,
220.063,
245.8,
245.8,
225.8384,
245.8,
231.0714,
245.8,
0,
2048, 
214.302,
220.7433,
223.3574,
247.2,
231.1752,
228.5463,
234.3362,
247.2,
247.2,
235.3697,
228.5305,
215.7703,
231.5036,
210.9191,
231.3854,
204.7193,
234.2124,
231.2995,
212.2105,
220.063,
247.2,
247.2,
228.4539,
247.2,
232.5255,
247.2,
0,
2049, 
221.116,
224.0296,
223.6395,
248.6,
231.4678,
228.7545,
236.9058,
248.6,
248.6,
236.9861,
232.2386,
218.1311,
232.5451,
214.7156,
231.3854,
213.4447,
234.3736,
232.0771,
212.8434,
220.063,
248.6,
248.6,
231.2406,
248.6,
233.2233,
248.6,
0,
2050, 
230.8517,
227.808,
223.9228,
250,
232.9533,
228.9631,
237.5912,
250,
250,
238.1164,
236.4823,
220.7672,
233.5871,
219.3923,
231.3854,
228.5816,
234.7799,
232.1109,
214.5823,
220.8686,
250,
250,
234.2888,
250,
234.546,
250,
0,
2051, 
230.8517,
230.4625,
224.2075,
253,
235.1944,
229.2245,
238.0611,
253,
253,
239.2316,
236.4823,
223.7338,
234.5984,
219.3923,
231.3854,
231.0697,
234.7799,
232.1446,
215.3542,
221.464,
253,
253,
234.2888,
253,
235.2995,
253,
0,
2052, 
230.8517,
230.6402,
224.7612,
256,
235.3286,
234.4402,
238.8192,
256,
256,
239.8551,
236.4823,
224.2171,
235.0004,
219.3923,
231.3854,
232.5045,
235.2366,
232.1759,
216.0031,
221.5975,
256,
256,
234.2888,
256,
236.293,
256,
0,
2053, 
230.8517,
230.8179,
225.3707,
259,
235.4947,
234.4402,
240.054,
259,
259,
240.6036,
236.4823,
224.7068,
235.4416,
219.4223,
231.3854,
234.6371,
236.3174,
232.2071,
216.5631,
221.7576,
259,
259,
234.2888,
259,
237.0615,
259,
0,
2054, 
230.8517,
230.9956,
225.9425,
262,
235.6457,
244.1796,
242.1308,
262,
262,
241.3401,
236.4823,
224.7746,
235.9415,
219.4223,
231.3854,
236.8549,
236.3174,
232.2382,
217.0527,
223.6218,
262,
262,
234.2888,
262,
239.8125,
262,
0,
2055, 
230.8517,
231.2273,
226.5239,
262,
236.1708,
247.1446,
243.1831,
265,
265,
242.1555,
236.4823,
225.7186,
238.6569,
219.4223,
231.3854,
237.7005,
236.5186,
237.3667,
220.7461,
225.1513,
262,
262,
234.2888,
262,
240.5823,
265,
0,
2056, 
230.8517,
231.4858,
227.1154,
262.5418,
236.2217,
248.2164,
244.2762,
268,
268,
243.2415,
236.4823,
234.6619,
239.5046,
219.4223,
231.3854,
238.0733,
243.7952,
237.3945,
221.0998,
225.6076,
262,
262.0856,
234.2888,
262.6872,
241.3103,
268,
0,
2057, 
230.8517,
231.6634,
227.1483,
262.6858,
237.0297,
248.9716,
245.264,
271,
271,
246.3034,
236.4823,
241.7456,
240.4579,
219.4223,
231.3854,
238.1066,
244.6971,
237.4433,
221.8358,
226.0143,
262.1067,
262.2385,
234.2888,
262.9538,
244.7445,
271,
0,
2058, 
230.8517,
231.9624,
227.1809,
262.8575,
238.6538,
249.6267,
245.7752,
274,
274,
248.4831,
236.4823,
242.5777,
241.1407,
219.5363,
231.9515,
238.1397,
244.9584,
241.2525,
222.5917,
226.7056,
263.9748,
262.4528,
234.2888,
263.315,
246.2897,
274,
0,
2059, 
230.8517,
232.1819,
227.2134,
263.5378,
240.5663,
250.1485,
247.3611,
277,
277,
249.7147,
236.4823,
242.5777,
241.2161,
219.5363,
234.8564,
238.1727,
245.1876,
247.5253,
223.3686,
226.7056,
264.439,
262.7086,
234.2888,
263.8108,
248.2726,
277,
0,
2060, 
230.8517,
232.3594,
227.2457,
263.9696,
242.938,
250.1485,
250.7836,
280,
280,
250.3667,
236.4823,
242.5777,
241.2639,
219.5363,
241.4331,
238.2055,
245.6526,
248.7151,
224.1675,
226.8711,
266.2413,
262.7086,
234.2888,
264.3139,
249.6375,
280,
0,
2061, 
230.8517,
232.5369,
227.2777,
264.4354,
244.3423,
250.1485,
251.0774,
283,
283,
251.7398,
236.4823,
242.5777,
241.6008,
219.5363,
241.4331,
238.2381,
247.1416,
249.1459,
224.9898,
226.8711,
267.1694,
262.7086,
234.2888,
265.0837,
251.6261,
283,
0,
2062, 
230.8517,
232.7109,
227.3236,
265.0111,
244.3423,
250.1485,
251.3797,
286,
286,
251.7398,
236.4823,
242.5777,
243.4997,
219.5363,
254.6512,
238.7399,
248.0587,
249.6035,
225.8047,
227.0031,
267.4342,
262.7086,
234.2888,
265.4691,
253.0968,
286,
0,
2063, 
230.8517,
233.1575,
227.3236,
265.6533,
244.4766,
250.1485,
251.7587,
289,
289,
252.6275,
236.4823,
243.2612,
247.3836,
219.5363,
254.6512,
239.2381,
251.573,
250.0888,
226.624,
227.1318,
267.8024,
262.7086,
234.2888,
265.9413,
254.8052,
289,
0,
2064, 
230.8517,
233.5762,
227.3236,
266.3316,
244.6162,
250.1485,
252.3157,
292,
292,
252.6275,
236.4823,
246.2349,
248.5799,
221.0461,
254.6512,
239.7326,
253.2177,
250.6989,
227.448,
229.9688,
267.8024,
262.7086,
234.2888,
266.4322,
256.2621,
292,
0,
2065, 
230.852,
233.7395,
227.3236,
267.1216,
244.6162,
250.1485,
253.121,
295,
295,
252.6275,
236.4823,
246.7954,
249.6362,
222.7991,
254.6512,
240.2235,
254.7365,
251.368,
228.2768,
230.3458,
268.476,
262.7086,
234.2888,
266.8557,
259.3633,
295,
0,
2066, 
230.852,
233.8991,
227.3236,
270.7587,
245.1554,
250.1485,
255.2905,
298,
298,
252.6275,
236.4823,
246.7954,
252.3308,
226.6016,
254.6512,
240.7105,
255.8089,
256.338,
229.1109,
230.467,
268.476,
262.7086,
234.2888,
266.8557,
260.8073,
298,
0,
2067, 
230.852,
235.0288,
227.3236,
280.5225,
245.9655,
250.1485,
259.2334,
301,
301,
252.6275,
236.4823,
250.2421,
252.9257,
240.2136,
255.3518,
240.9668,
255.9628,
256.892,
229.5216,
230.5602,
268.476,
262.7086,
234.2888,
267.578,
262.3531,
301,
0,
2068, 
230.852,
240.1088,
227.3236,
281.2156,
247.0309,
250.1485,
261.2923,
304,
304,
252.6275,
236.2175,
250.5269,
253.0817,
255.992,
261.08,
241.2187,
255.9628,
257.4276,
229.9264,
230.8688,
269.6173,
262.7086,
234.2888,
271.4114,
265.8968,
304,
0,
2069, 
230.852,
240.2625,
227.3236,
281.7635,
248.2061,
250.1485,
262.955,
307,
307,
252.6275,
235.7941,
250.5269,
253.0817,
257.8793,
261.08,
241.4661,
256.2442,
261.007,
230.3251,
231.0178,
273.9666,
262.7086,
234.2888,
272.0936,
267.9906,
307,
0,
2070, 
230.852,
240.4127,
227.3236,
282.7875,
249.8941,
250.1485,
264.2572,
310,
310,
252.6275,
247.6075,
251.0641,
253.0817,
257.8793,
261.08,
241.7091,
256.5279,
266.9644,
230.7175,
232.1364,
277.8136,
262.7086,
234.2888,
272.2545,
270.3563,
310,
0,
2071, 
230.852,
240.5595,
227.3236,
283.5212,
252.2697,
250.1485,
267.0555,
313,
313,
258.9236,
248.0442,
251.1093,
253.4154,
257.8793,
266.6799,
241.9475,
256.8932,
268.422,
231.1035,
236.9577,
282.8144,
262.7086,
234.9445,
272.383,
272.1754,
313,
0,
2072, 
230.852,
240.7027,
227.4132,
284.2766,
253.2204,
250.3301,
269.8674,
316,
316,
262.7798,
248.1648,
253.8528,
253.8922,
257.8793,
266.6799,
242.5702,
257.6337,
269.1648,
231.981,
240.7961,
285.0364,
262.7086,
236.5666,
273.0793,
274.444,
316,
0,
2073, 
230.852,
240.8424,
227.4993,
285.0897,
255.0636,
250.5082,
270.0947,
319,
319,
262.807,
252.286,
254.4053,
254.0834,
257.8793,
266.6799,
243.1908,
260.2399,
269.9185,
241.2538,
247.005,
286.3927,
262.7086,
240.4111,
273.36,
276.3019,
319,
0,
2074, 
230.852,
240.9786,
227.582,
285.9427,
257.747,
250.6829,
272.3377,
322,
322,
262.8337,
255.4158,
254.5139,
254.534,
257.8793,
266.6799,
243.8091,
261.6064,
270.6926,
253.9626,
252.0757,
286.5503,
262.7086,
249.2267,
273.36,
278.2848,
322,
0,
2075, 
230.852,
241.1111,
227.6612,
286.8148,
258.3848,
250.854,
272.3377,
325,
325,
262.8599,
247.3021,
254.6203,
255.7249,
257.8793,
266.6799,
245.6916,
261.6676,
271.5714,
254.7006,
256.3897,
286.5503,
262.7086,
254.5914,
273.36,
280.0256,
325,
0,
2076, 
230.9782,
241.24,
227.7369,
287.7225,
258.7118,
251.0216,
272.3377,
328,
328,
262.8727,
231.0909,
254.7244,
257.2761,
257.8793,
266.6799,
248.6209,
261.7276,
272.49,
255.4396,
256.9324,
286.5503,
264.0919,
266.5768,
273.4633,
282.8577,
328,
0,
2077, 
232.1936,
241.3652,
227.7946,
288.0402,
258.7118,
251.0237,
272.3377,
331,
331,
262.8727,
230.9955,
254.7657,
257.2761,
258.8336,
266.6799,
250.9838,
261.8139,
276.9389,
255.7826,
257.936,
286.5503,
269.5657,
266.5951,
273.4633,
284.5415,
331,
0,
2078, 
233.6485,
262.5553,
227.8493,
292.7098,
258.7118,
251.0257,
273.2814,
334,
334,
262.8727,
230.9346,
254.806,
257.2761,
259.7968,
266.6799,
256.1401,
261.8985,
277.6871,
256.1209,
259.3907,
286.5503,
290.3213,
266.5951,
273.7077,
286.2447,
334,
0,
2079, 
234.909,
276.5711,
227.9011,
295.4367,
258.7118,
251.0277,
273.9247,
337,
337,
262.8727,
231.0749,
254.8453,
257.2761,
260.7693,
266.6799,
259.9448,
261.9813,
278.3954,
256.4546,
261.0539,
286.5503,
290.9408,
266.5951,
275.1196,
289.3737,
337,
0,
2080, 
259.206,
279.3302,
227.9499,
296.4886,
258.7872,
251.0297,
273.9247,
340,
340,
282.872,
291.4584,
254.8835,
257.2761,
261.7517,
266.6799,
263.8064,
262.945,
281.6153,
256.7833,
264.3635,
286.5503,
295.0924,
266.5951,
275.3171,
291.5896,
340,
0,
2081, 
285.1694,
279.467,
227.9957,
299.5865,
258.8918,
251.0315,
274.2065,
343,
343,
283.1082,
310.1014,
254.9207,
257.2761,
262.7446,
268.9973,
265.158,
264.6104,
286.8859,
257.0394,
269.1271,
286.5503,
302.0338,
266.5951,
275.2689,
293.9746,
343,
0,
2082, 
294.793,
279.6016,
227.9957,
300.3187,
258.8918,
251.0315,
274.2065,
346,
346,
283.1082,
311.5829,
254.9884,
257.2761,
262.7446,
270.3919,
266.9698,
265.6195,
288.3383,
257.0394,
269.462,
286.5503,
307.197,
266.5951,
275.2448,
296.2358,
346,
0,
2083, 
296.1011,
279.869,
227.9957,
300.3187,
258.8918,
251.0315,
274.3651,
349,
349,
290.2859,
314.826,
254.9884,
257.4017,
262.7446,
273.0883,
266.9986,
265.9825,
289.1109,
258.6026,
269.7479,
287.9634,
307.4791,
266.5951,
275.1031,
298.78,
349,
0,
2084, 
296.3187,
281.028,
227.9957,
301.0765,
258.8918,
251.0315,
274.3651,
352,
352,
290.2859,
321.1863,
255.3739,
258.0116,
265.1916,
273.9291,
267.0268,
266.1699,
289.9745,
259.3645,
269.949,
289.868,
307.749,
268.9367,
274.7144,
300.6987,
352,
0,
2085, 
296.5338,
286.9765,
227.9957,
304.0934,
258.8918,
251.0315,
274.3651,
355,
355,
290.2859,
327.738,
255.9996,
258.9487,
267.8164,
274.4156,
267.0543,
266.3537,
290.8549,
260.1285,
270.1466,
294.4907,
308.0323,
270.6536,
274.5172,
302.7888,
355,
0,
2086, 
296.7464,
296.8645,
227.9957,
304.7771,
258.8918,
251.0315,
274.3651,
358,
358,
290.2859,
327.738,
257.8498,
260.4648,
269.1903,
274.9769,
268.4091,
266.3537,
291.7485,
261.8444,
270.7159,
299.4297,
308.2892,
270.7537,
274.3592,
304.9267,
358,
0,
2087, 
296.9756,
300.299,
227.9957,
306.2706,
258.8918,
251.0315,
274.3651,
361,
361,
290.2859,
313.7321,
260.2299,
261.8861,
269.9945,
275.6006,
269.8017,
266.3537,
293.2908,
267.5309,
271.4051,
306.8934,
308.9787,
270.9075,
274.3091,
307.9077,
361,
0,
2088, 
297.2209,
305.1254,
227.9957,
309.3535,
258.8918,
251.0548,
274.3651,
364,
364,
290.2859,
306.5717,
262.9791,
263.4065,
270.1039,
275.6006,
269.835,
266.765,
297.9786,
269.4021,
272.8824,
312.0876,
311.0309,
271.2321,
274.1634,
310.0848,
364,
0,
2089, 
297.6387,
308.3051,
227.9957,
310.8691,
258.8918,
251.0548,
275.1491,
367,
367,
290.2859,
299.0401,
269.6595,
264.7423,
270.1039,
275.6006,
270.3034,
270.5113,
298.5959,
271.3612,
273.6706,
314.3911,
320.2311,
271.6873,
273.3613,
311.8862,
367,
0,
2090, 
297.9155,
311.9325,
227.9957,
318.2333,
258.8918,
251.0548,
276.7747,
370,
370,
290.2859,
299.0401,
273.6778,
264.7423,
270.1069,
275.6006,
271.6317,
272.5682,
299.2151,
273.6842,
277.3005,
314.8564,
320.736,
273.3394,
272.8499,
314.5361,
370,
0,
2091, 
299.3412,
314.2993,
227.9957,
319.3355,
258.8918,
251.0548,
278.7705,
373,
373,
290.3177,
299.0401,
278.0997,
264.8033,
270.5357,
275.6006,
271.6317,
272.5682,
302.0897,
278.0994,
279.2476,
316.1345,
322.7217,
274.639,
272.5911,
316.7641,
373,
0,
2092, 
299.3412,
315.636,
227.9957,
319.3921,
258.8918,
251.0548,
279.14,
376,
376,
304.4004,
308.2172,
281.2104,
268.945,
272.8052,
281.0328,
271.6317,
272.5682,
311.1222,
281.8609,
280.7156,
316.2206,
324.6563,
275.2106,
272.4608,
319.3369,
376,
0,
2093, 
300.7239,
315.636,
229.1754,
323.0559,
258.8918,
251.7606,
280.838,
379,
379,
304.7633,
315.8739,
285.6797,
276.8911,
290.067,
284.8109,
271.6317,
272.9118,
311.5801,
291.2465,
289.992,
316.7477,
328.4406,
277.8954,
272.3954,
321.6209,
379,
0,
2094, 
310.5873,
315.636,
232.3669,
323.288,
261.621,
257.7356,
282.4968,
382,
382,
311.981,
329.3722,
311.8406,
281.8306,
290.067,
285.1786,
272.505,
275.675,
311.9207,
293.2451,
309.8322,
318.1364,
328.4406,
289.5219,
272.3627,
324.0239,
382,
0,
2095, 
315.3849,
315.6854,
232.3669,
323.288,
267.6964,
257.8574,
283.4348,
385,
385,
314.9078,
337.9982,
313.1697,
285.5949,
290.067,
285.1786,
272.505,
279.1374,
315.7795,
294.2745,
312.2635,
319.8902,
328.5227,
298.549,
272.3463,
325.8998,
385,
0,
2096, 
315.7,
315.7444,
235.3583,
323.288,
269.4925,
258.032,
285.1759,
388,
388,
316.8132,
341.6539,
313.3921,
292.924,
290.067,
287.4001,
272.505,
298.1649,
317.8466,
295.6239,
315.2297,
322.4722,
328.9509,
298.7364,
272.3382,
328.2763,
388,
0,
2097, 
316.8137,
315.7444,
235.9461,
323.4044,
270.1862,
258.4729,
287.256,
391,
391,
320.991,
348.0144,
316.0981,
297.6787,
315.8487,
288.707,
272.505,
301.6293,
318.7343,
297.6789,
318.4774,
322.4722,
330.5629,
298.7364,
272.3341,
331.5391,
391,
0,
2098, 
316.8137,
315.7725,
236.573,
323.4061,
270.9234,
258.7913,
292.5638,
394,
394,
321.3276,
351.6119,
319.5279,
300.377,
315.8487,
289.5747,
274.1907,
309.7106,
320.2436,
298.5035,
322.8692,
322.4722,
331.8072,
298.7364,
272.332,
334.1692,
394,
0,
2099, 
316.8137,
317.9546,
237.1682,
323.4061,
270.9234,
258.7913,
301.376,
397,
397,
321.3725,
353.4978,
319.5279,
302.3724,
319.1773,
289.5747,
276.5551,
311.2962,
324.5008,
303.7387,
325.7886,
322.4722,
332.5501,
298.7364,
269.8302,
336.0819,
397,
0,
2100, 
316.8137,
318.8879,
237.4366,
323.7599,
270.9234,
258.7913,
308.8767,
400,
400,
321.633,
354.3253,
319.5279,
304.2708,
321.5849,
289.6627,
279.1747,
319.6784,
325.1118,
307.4857,
327.2021,
322.4722,
333.2655,
298.7364,
268.4101,
337.731,
400,
0];
