real main.em.ep.ncl.NuclFuelEff[27](t) = [1971, 
170,
170,
170,
170,
170,
170,
170,
170,
170,
170,
170,
170,
170,
170,
170,
170,
170,
170,
170,
170,
170,
170,
170,
170,
170,
170,
0,
1972, 
170,
170,
170.3448,
170,
170.3448,
170.3448,
170.3448,
170.3448,
170.3448,
170.3448,
170,
170.3448,
170.3448,
170.3448,
170.3448,
170,
170.3448,
170,
170.3448,
170.3448,
170.3448,
170.3448,
170,
170.3448,
170.3448,
170.3448,
0,
1973, 
170.1724,
170.1724,
170.6897,
170.1724,
170.6897,
170.6897,
170.6897,
170.6897,
170.6897,
170.6897,
170.1724,
170.6897,
170.6897,
170.6897,
170.6897,
170.1724,
170.6897,
170.1724,
170.6897,
170.6897,
170.6897,
170.6897,
170.1724,
170.6897,
170.6897,
170.6897,
0,
1974, 
170.3448,
170.3448,
171.0345,
170.3448,
171.0345,
171.0345,
171.0345,
171.0345,
171.0345,
171.0345,
170.3448,
171.0345,
171.0345,
171.0345,
171.0345,
170.3448,
171.0345,
170.3448,
171.0345,
171.0345,
171.0345,
171.0345,
170.3448,
171.0345,
171.0345,
171.0345,
0,
1975, 
170.5172,
170.5172,
171.3793,
170.5172,
171.3793,
171.3793,
171.3793,
171.3793,
171.3793,
171.3793,
170.5172,
171.3793,
171.3793,
171.3793,
171.3793,
170.5172,
171.3793,
170.5172,
171.3793,
171.3793,
171.3793,
171.3793,
170.5172,
171.3793,
171.3793,
171.3793,
0,
1976, 
171.327,
171.3623,
171.7241,
170.5172,
171.7241,
171.3793,
171.7241,
171.7241,
171.7241,
171.7241,
171.3228,
171.3793,
171.7241,
171.7241,
171.3793,
171.3486,
171.7241,
171.2341,
171.7241,
171.7241,
171.7241,
171.7241,
171.3629,
171.7241,
171.3793,
171.7241,
0,
1977, 
171.333,
171.4064,
172.069,
170.5172,
172.069,
171.3793,
172.069,
172.069,
172.069,
172.069,
171.4478,
171.3793,
172.069,
172.069,
171.3793,
171.5026,
172.069,
171.2539,
172.069,
172.069,
172.069,
172.069,
171.4782,
172.069,
171.3793,
172.069,
0,
1978, 
171.6898,
171.503,
172.4138,
170.5172,
172.4138,
171.3793,
172.4138,
172.4138,
172.4138,
172.4138,
171.6004,
171.3793,
172.4138,
172.4138,
171.3793,
171.5482,
172.4138,
171.2856,
172.4138,
172.4138,
172.4138,
172.4138,
171.4801,
172.4138,
171.3793,
172.4138,
0,
1979, 
171.8529,
171.5842,
172.7586,
170.5172,
172.7586,
171.3793,
172.7586,
172.7586,
172.7586,
172.7586,
171.7551,
171.3793,
172.7586,
172.4138,
171.3793,
171.5524,
172.7586,
171.3277,
172.4138,
172.4138,
172.7586,
172.7586,
171.7984,
172.7586,
171.3793,
172.7586,
0,
1980, 
172.0194,
171.5955,
173.1035,
170.5172,
173.1035,
171.3793,
173.1035,
173.1035,
173.1035,
173.1035,
171.9291,
171.6823,
173.1035,
172.4138,
171.3793,
171.7449,
173.1035,
171.3793,
172.4138,
172.5862,
173.1035,
173.1035,
172.048,
173.1035,
171.3793,
173.1035,
0,
1981, 
172.1633,
171.655,
173.4483,
170.5172,
173.4483,
171.3793,
173.4483,
173.4483,
173.4483,
173.4483,
172.1892,
171.6823,
173.4483,
172.4138,
171.3793,
172.0715,
173.4483,
171.4393,
172.4138,
172.5862,
173.4483,
173.4483,
172.0497,
173.4483,
171.3793,
173.4483,
0,
1982, 
172.3306,
171.7886,
173.4483,
170.5172,
173.4483,
171.6534,
173.7931,
173.7931,
173.7931,
173.4483,
172.3811,
172.4267,
173.7931,
172.6927,
171.3793,
172.2091,
173.7931,
172.2115,
172.9527,
172.5862,
173.7931,
173.7931,
172.1927,
173.7931,
171.4298,
173.7931,
0,
1983, 
172.499,
171.9276,
173.6207,
170.5172,
173.6207,
171.9037,
174.1379,
174.1379,
174.1379,
173.6207,
172.5679,
172.8319,
174.1379,
172.9264,
171.3793,
172.3531,
174.1379,
172.6506,
173.2406,
172.5862,
174.1379,
174.1379,
172.3413,
174.1379,
171.486,
174.1379,
0,
1984, 
172.6683,
172.071,
173.7931,
170.5172,
173.7931,
172.1377,
174.4828,
174.4828,
174.4828,
173.7931,
172.7513,
173.1306,
174.4828,
173.1386,
171.3793,
172.5018,
174.4828,
172.9738,
173.4695,
172.5862,
174.4828,
174.4828,
172.4938,
174.4828,
171.5477,
174.4828,
0,
1985, 
172.8381,
172.2178,
173.9655,
170.5172,
173.9655,
172.36,
174.8276,
174.8276,
174.8276,
173.9655,
172.9324,
173.3823,
174.8276,
173.339,
171.3793,
172.6541,
174.8276,
173.2432,
173.6755,
172.5862,
174.8276,
174.8276,
172.6495,
174.8276,
171.6144,
174.8276,
0,
1986, 
173.0084,
172.3676,
174.1379,
170.5172,
174.1379,
172.5737,
175.1724,
175.1724,
175.1724,
174.1379,
173.1119,
173.6091,
175.1724,
173.5321,
171.3793,
172.8094,
175.1724,
173.4832,
173.8701,
172.5862,
175.1724,
175.1724,
172.8076,
175.1724,
171.6858,
175.1724,
0,
1987, 
173.179,
172.5199,
174.3103,
170.5172,
174.3103,
172.7807,
175.5172,
175.5172,
175.5172,
174.3103,
173.2901,
173.8212,
175.5172,
173.7205,
171.3793,
172.9669,
175.5172,
173.7054,
174.0583,
172.5862,
175.5172,
175.5172,
172.9677,
175.5172,
171.7616,
175.5172,
0,
1988, 
173.3499,
172.6743,
174.4828,
170.5172,
174.4828,
172.9827,
175.8621,
175.8621,
175.8621,
174.4828,
173.4675,
174.0237,
175.8621,
173.9055,
171.3793,
173.1263,
175.8621,
173.916,
174.2425,
172.5862,
175.8621,
175.8621,
173.1293,
175.8621,
171.8415,
175.8621,
0,
1989, 
173.521,
172.8304,
174.6552,
170.5172,
174.6552,
173.1806,
176.2069,
176.2069,
176.2069,
174.6552,
173.6441,
174.2199,
176.2069,
174.0882,
171.3793,
173.2872,
176.2069,
174.1187,
174.4241,
172.5862,
176.2069,
176.2069,
173.2922,
176.2069,
171.9253,
176.2069,
0,
1990, 
173.6923,
172.988,
174.8276,
170.5172,
174.8276,
173.3753,
176.5517,
176.5517,
176.5517,
174.8276,
173.8201,
174.4115,
176.5517,
174.2692,
171.3793,
173.4494,
176.5517,
174.3157,
174.6038,
172.5862,
176.5517,
176.5517,
173.4562,
176.5517,
172.0127,
176.5517,
0,
1991, 
173.6923,
173.0888,
175,
170.5172,
175,
173.5672,
176.8965,
176.8965,
176.8965,
174.9655,
173.8201,
174.5997,
176.8965,
174.2692,
171.3793,
173.6126,
176.8965,
174.5084,
174.7822,
172.5862,
176.8965,
176.8965,
173.4562,
176.8965,
172.1035,
176.8965,
0,
1992, 
173.6923,
173.0956,
175.3062,
170.5172,
175,
173.5672,
177.2414,
177.2414,
177.2414,
174.9655,
173.8201,
174.63,
177.2414,
174.2692,
171.3793,
173.6653,
177.2414,
174.687,
174.8877,
172.5862,
177.2414,
177.2414,
173.4562,
177.2414,
172.1035,
177.2414,
0,
1993, 
173.6923,
173.1031,
175.5751,
170.5172,
175,
173.5672,
177.5862,
177.5862,
177.5862,
174.9655,
173.8201,
174.664,
177.5862,
174.2692,
171.3793,
173.7218,
177.5862,
174.8646,
174.9995,
172.5862,
177.5862,
177.5862,
173.4562,
177.5862,
172.1035,
177.5862,
0,
1994, 
173.6923,
173.1111,
175.8205,
170.5172,
175,
173.5672,
177.931,
177.931,
177.931,
174.9655,
173.8201,
174.6693,
177.931,
174.2692,
171.3793,
173.7818,
177.931,
175.0416,
175.1168,
172.7416,
177.931,
177.931,
173.4562,
177.931,
172.1035,
177.931,
0,
1995, 
173.6923,
173.1198,
176.0501,
170.5172,
175,
173.5672,
178.2759,
178.2759,
178.2759,
174.9655,
173.8201,
174.6693,
178.2759,
174.2692,
171.3793,
173.8453,
178.2759,
175.218,
175.2389,
174.039,
178.2759,
178.2759,
173.4562,
178.2759,
172.1035,
178.2759,
0,
1996, 
173.6923,
173.129,
176.2684,
170.5172,
175,
173.5672,
178.6207,
178.6207,
178.6207,
174.9655,
173.8201,
174.6693,
178.6207,
174.2692,
171.3793,
173.9121,
178.6207,
175.394,
175.3652,
174.8863,
178.6207,
178.6207,
173.4562,
178.6207,
172.1035,
178.6207,
0,
1997, 
173.6923,
173.1388,
176.2811,
170.5172,
176.091,
173.5672,
178.9655,
178.9655,
178.9655,
174.9655,
173.8201,
174.6693,
178.9655,
174.2692,
171.3793,
173.9185,
178.9655,
175.6904,
175.6203,
174.8863,
178.9655,
178.9655,
173.4562,
178.9655,
174.2171,
178.9655,
0,
1998, 
173.6923,
173.1492,
176.2954,
170.5172,
176.7567,
173.5672,
179.3103,
179.3103,
179.3103,
174.9655,
173.8201,
174.6693,
179.3103,
174.2692,
171.3793,
173.9252,
179.3103,
175.966,
175.8634,
174.8863,
179.3103,
179.3103,
173.4562,
179.3103,
175.38,
179.3103,
0,
1999, 
173.6923,
173.1601,
176.3115,
170.5172,
177.2368,
173.5672,
179.6552,
179.6552,
179.6552,
174.9655,
173.8201,
174.6693,
179.6552,
174.2692,
171.3793,
173.9324,
179.6552,
176.2255,
176.0969,
174.8863,
179.6552,
179.6552,
173.4562,
179.6552,
176.1532,
179.6552,
0,
2000, 
173.6923,
173.1717,
176.3292,
170.5172,
177.6196,
173.5672,
180,
180,
180,
174.9655,
173.8201,
174.6693,
180,
174.2692,
171.3793,
173.9401,
180,
176.4725,
176.3226,
174.8863,
180,
180,
173.4562,
180,
176.7289,
180,
0,
2001, 
173.6923,
173.1838,
176.3486,
170.5172,
177.8445,
173.5672,
181.4,
181.4,
181.4,
174.9655,
173.8201,
174.6693,
181.4,
174.2692,
171.3793,
173.9482,
181.4,
176.7095,
176.542,
174.8863,
181.4,
181.4,
173.4562,
181.4,
177.1907,
181.4,
0,
2002, 
173.6923,
173.1983,
176.3874,
170.5172,
177.8445,
173.5672,
182.8,
182.8,
182.8,
174.9655,
173.8201,
174.6693,
182.8,
174.2692,
171.3793,
174.1002,
182.8,
176.8721,
176.8119,
176.7544,
182.8,
182.8,
173.4562,
182.8,
177.1907,
182.8,
0,
2003, 
173.6923,
173.2153,
176.3874,
170.5172,
177.8445,
173.5672,
184.2,
184.2,
184.2,
174.9655,
173.8201,
174.6693,
184.2,
174.2692,
171.3793,
174.2741,
184.2,
177.0707,
177.127,
178.1017,
184.2,
184.2,
173.4562,
184.2,
177.1907,
184.2,
0,
2004, 
173.6923,
173.2346,
176.3874,
170.5172,
177.8445,
173.5672,
185.6,
185.6,
185.6,
174.9655,
173.8201,
174.6693,
185.6,
174.5482,
171.3793,
174.4687,
185.6,
177.3019,
177.4806,
179.2132,
185.6,
185.6,
173.4562,
185.6,
177.1907,
185.6,
0,
2005, 
173.6923,
173.2564,
176.3874,
170.5172,
177.8445,
173.5672,
187,
187,
187,
174.9655,
173.8201,
174.6693,
187,
174.8803,
171.3793,
174.6827,
187,
177.5625,
177.8672,
180.1977,
187,
187,
173.4562,
187,
177.1907,
187,
0,
2006, 
173.6923,
173.2805,
176.3874,
170.5172,
177.8445,
173.5672,
188.4,
188.4,
188.4,
174.9655,
173.8201,
174.6693,
188.4,
175.2339,
171.3793,
174.915,
188.4,
177.8499,
178.2823,
181.1063,
188.4,
188.4,
173.4562,
188.4,
177.1907,
188.4,
0,
2007, 
173.6923,
173.3071,
176.3874,
170.5172,
177.8445,
173.5672,
189.8,
189.8,
189.8,
174.9655,
173.8201,
174.6693,
189.8,
175.2339,
171.3793,
175.0492,
189.8,
178.7057,
178.5045,
181.8029,
189.8,
189.8,
173.4562,
189.8,
177.1907,
189.8,
0,
2008, 
173.6923,
173.3359,
176.3874,
170.5172,
177.8445,
173.5672,
191.2,
191.2,
191.2,
174.9655,
173.8201,
174.6693,
191.2,
175.2339,
171.3793,
175.1945,
191.2,
179.5383,
178.7474,
182.5002,
191.2,
191.2,
173.4562,
191.2,
177.1907,
191.2,
0,
2009, 
173.6923,
173.3672,
176.3874,
170.5172,
177.8445,
173.5672,
192.6,
192.6,
192.6,
174.9655,
173.8201,
174.6693,
192.6,
175.2339,
171.3793,
175.3507,
192.6,
180.3523,
179.0094,
183.1979,
192.6,
192.6,
173.4562,
192.6,
177.1907,
192.6,
0,
2010, 
173.6923,
173.4007,
176.3874,
170.5172,
177.8445,
173.5672,
194,
194,
194,
174.9655,
173.8201,
174.6693,
194,
175.2339,
171.3793,
175.5173,
194,
181.1514,
179.2896,
183.8959,
194,
194,
173.4562,
194,
177.1907,
194,
0,
2011, 
173.6923,
173.4366,
176.3874,
170.5172,
177.8445,
173.5672,
195.4,
195.4,
195.4,
174.9655,
173.8201,
174.6693,
195.4,
175.2339,
171.3793,
175.6942,
195.4,
181.9384,
179.5866,
184.5942,
195.4,
195.4,
173.4562,
195.4,
177.1907,
195.4,
0,
2012, 
173.6923,
173.4748,
176.7883,
170.5172,
177.8445,
176.3999,
196.8,
196.8,
196.8,
175.1008,
173.8201,
174.7774,
196.8,
175.2339,
171.3793,
176.18,
195.4,
182.6691,
180.0838,
187.2853,
196.8,
196.8,
173.4562,
196.8,
179.2097,
196.8,
0,
2013, 
173.6923,
173.5153,
177.2015,
170.5172,
177.8445,
178.7428,
198.2,
198.2,
198.2,
175.2436,
173.8201,
174.8917,
198.2,
175.2339,
171.3793,
176.6761,
196.1,
183.3966,
180.5934,
189.1823,
198.2,
198.2,
173.4562,
198.2,
180.9654,
198.2,
0,
2014, 
173.6923,
173.558,
177.6263,
170.5172,
177.8445,
180.7472,
199.6,
199.6,
199.6,
175.3936,
173.8201,
175.012,
199.6,
175.2339,
171.3793,
177.1819,
196.8,
184.1214,
181.1143,
190.6814,
199.6,
199.6,
173.4562,
199.6,
182.5295,
199.6,
0,
2015, 
173.6923,
173.6031,
178.0621,
170.5172,
177.8445,
182.5079,
201,
201,
201,
175.5508,
173.8201,
175.1383,
201,
175.2339,
171.3793,
177.6965,
197.5,
184.8439,
181.6454,
191.9527,
201,
201,
173.4562,
201,
183.9498,
201,
0,
2016, 
173.7264,
173.6504,
178.5081,
170.5172,
177.8445,
184.0875,
202.4,
202.4,
202.4,
175.6332,
173.8201,
175.2704,
202.4,
175.2339,
171.3793,
178.2194,
198.2,
185.5644,
182.186,
193.0814,
202.4,
202.4,
173.4562,
202.4,
185.2595,
202.4,
0,
2017, 
173.7778,
173.7,
178.8741,
170.5172,
177.8445,
184.1076,
203.8,
203.8,
203.8,
175.6332,
173.8201,
175.3267,
203.8,
175.6863,
171.3793,
178.8382,
199.1542,
185.866,
182.4462,
194.333,
203.8,
203.8,
173.4562,
203.8,
187.8991,
203.8,
0,
2018, 
173.8315,
173.7518,
179.2501,
170.5172,
177.8445,
184.1293,
205.2,
205.2,
205.2,
175.6332,
173.8201,
175.3856,
205.2,
176.1469,
171.3793,
179.461,
200.0143,
186.1817,
182.7175,
195.4539,
205.2,
205.2,
173.4562,
205.2,
190.021,
205.2,
0,
2019, 
173.8875,
173.8058,
179.6358,
170.5172,
177.8445,
184.1525,
206.6,
206.6,
206.6,
175.6332,
173.8201,
175.4472,
206.6,
176.6152,
171.3793,
179.6274,
200.8244,
186.5106,
182.9997,
196.4858,
206.6,
206.6,
173.4562,
206.6,
191.8081,
206.6,
0,
2020, 
173.9458,
173.862,
180.0306,
170.5172,
177.8445,
184.1771,
208,
208,
208,
175.6332,
173.8201,
175.5114,
208,
177.0909,
171.3793,
179.6534,
201.6047,
186.8522,
183.2922,
197.4541,
208,
208,
173.4562,
208,
193.3662,
208,
0,
2021, 
174.0064,
173.9205,
180.4343,
170.5172,
177.8445,
184.2033,
209.4,
209.4,
209.4,
175.6332,
173.8201,
175.5783,
209.4,
177.5735,
171.3793,
179.6807,
202.3659,
187.2057,
183.5323,
198.3755,
209.4,
209.4,
173.4562,
209.4,
194.7607,
209.4,
0,
2022, 
174.0693,
173.9811,
180.4343,
170.5172,
177.8445,
184.2033,
210.8,
210.8,
210.8,
175.6332,
173.8201,
175.7082,
210.8,
177.5735,
171.3793,
179.7093,
205.0766,
189.4648,
183.5323,
198.9279,
210.8,
210.8,
173.4562,
210.8,
200.794,
210.8,
0,
2023, 
174.1344,
174.0439,
180.4343,
170.5172,
177.8445,
184.2033,
212.2,
212.2,
212.2,
175.6332,
173.8201,
175.7082,
212.2,
177.5735,
171.3793,
179.7392,
206.5278,
189.483,
185.0889,
199.4209,
212.2,
212.2,
173.4562,
212.2,
203.9228,
212.2,
0,
2024, 
174.2018,
174.5581,
180.4343,
170.5172,
177.8445,
184.2033,
213.6,
213.6,
213.6,
175.6332,
173.8201,
176.381,
213.6,
178.8745,
171.3793,
179.7704,
207.1935,
190.591,
185.8088,
199.7892,
213.6,
213.6,
173.4562,
213.6,
203.9228,
213.6,
0,
2025, 
174.2714,
175.0772,
180.4343,
170.5172,
177.8445,
184.2033,
215,
215,
215,
175.6332,
173.8201,
177.0549,
215,
180.1319,
171.3793,
179.8028,
207.8664,
191.661,
186.5277,
200.1761,
215,
215,
173.4562,
215,
203.9228,
215,
0,
2026, 
174.3432,
175.1434,
180.4343,
170.5172,
177.8445,
184.2033,
216.4,
216.4,
216.4,
175.6332,
173.8201,
178.4707,
215,
180.1319,
171.3793,
181.3936,
207.8664,
191.661,
187.9918,
201.2947,
216.4,
216.4,
173.4562,
216.4,
206.9019,
216.4,
0,
2027, 
174.424,
175.2179,
180.4343,
170.5172,
177.8445,
184.2033,
217.8,
217.8,
217.8,
175.6332,
173.8201,
178.4707,
215.7,
180.1319,
171.3793,
182.9099,
207.8664,
200.6208,
187.9918,
202.5623,
217.8,
217.8,
173.4562,
217.8,
208.9149,
217.8,
0,
2028, 
174.5141,
175.301,
180.4343,
170.5172,
177.8445,
184.7867,
219.2,
219.2,
219.2,
175.6332,
173.8201,
178.4707,
216.4,
180.1319,
171.3793,
182.946,
207.8664,
203.3124,
189.4497,
204.3181,
219.2,
219.2,
173.4562,
219.2,
208.9149,
219.2,
0,
2029, 
174.6138,
175.3931,
180.4343,
170.5172,
177.8445,
184.7867,
219.2,
220.6,
220.6,
175.6332,
173.8201,
178.4707,
217.1,
180.1319,
171.3793,
183.4749,
207.8664,
203.3208,
189.4497,
205.4634,
220.6,
220.6,
173.4562,
220.6,
208.9149,
220.6,
0,
2030, 
174.7234,
175.4945,
180.4343,
170.5172,
177.8445,
184.7867,
219.2,
222,
222,
175.6332,
173.8201,
178.4707,
217.1,
180.1319,
171.3793,
183.4749,
207.8664,
203.3306,
189.4497,
206.9229,
222,
222,
173.4562,
222,
208.9149,
222,
0,
2031, 
175.2948,
176.9359,
180.4343,
170.5172,
177.8445,
185.5214,
221.3,
223.4,
223.4,
175.6332,
173.8201,
178.7912,
217.1,
180.1319,
171.3793,
183.4749,
207.8664,
203.3551,
189.4497,
206.9229,
223.4,
223.4,
173.4562,
223.4,
211.2175,
223.4,
0,
2032, 
175.304,
176.947,
191.4233,
170.6897,
177.8445,
185.5214,
221.3,
224.8,
224.8,
175.6332,
173.8266,
178.7912,
218.1044,
180.1319,
220.3203,
183.4865,
214.6254,
212.5621,
189.4497,
206.9229,
224.8,
224.8,
173.4589,
224.8,
214.4376,
224.8,
0,
2033, 
175.3126,
176.9575,
197.0658,
170.8621,
177.8445,
185.5214,
221.3,
226.2,
226.2,
175.6332,
173.8325,
178.7912,
219.2234,
182.1318,
220.4266,
183.4979,
215.1613,
214.4065,
190.1786,
206.9229,
226.2,
226.2,
173.4613,
226.2,
214.8925,
226.2,
0,
2034, 
175.3206,
176.9675,
197.0658,
171.0345,
177.8445,
194.9799,
221.3,
227.6,
227.6,
175.6332,
173.8378,
183.0025,
220.5328,
184.0249,
220.4266,
183.509,
215.5784,
214.8931,
191.7742,
206.9229,
227.6,
227.6,
174.5434,
227.6,
216.622,
227.6,
0,
2035, 
175.3281,
176.9771,
197.0658,
229,
177.8445,
206.712,
221.3,
229,
229,
175.6332,
173.8426,
185.9814,
220.8799,
184.9641,
220.4266,
183.5198,
215.5784,
215.1763,
193.149,
206.9229,
229,
229,
174.9621,
229,
217.1195,
229,
0,
2036, 
175.8052,
179.5999,
197.0658,
230.4,
177.8445,
212.5229,
222.5616,
230.4,
230.4,
175.6332,
174.1079,
187.0614,
221.2465,
185.5238,
223.4683,
184.7758,
215.5784,
215.8398,
193.3178,
206.9229,
230.4,
230.4,
175.9669,
230.4,
218.5759,
230.4,
0,
2037, 
175.8767,
180.1598,
197.0658,
231.8,
177.8445,
213.0508,
222.5616,
231.8,
231.8,
175.6332,
174.2391,
187.0614,
221.9306,
186.1622,
223.4683,
185.827,
215.6131,
216.0334,
193.3921,
206.9229,
231.8,
231.8,
176.6125,
231.8,
219.2006,
231.8,
0,
2038, 
176.4105,
181.0534,
197.0658,
233.2,
177.8445,
213.0994,
223.4157,
233.2,
233.2,
175.6332,
174.3715,
187.0614,
222.5036,
186.4597,
223.4683,
186.0682,
215.6131,
216.041,
193.5999,
206.9229,
233.2,
233.2,
177.3715,
233.2,
220.1591,
233.2,
0,
2039, 
176.7774,
181.7454,
197.0658,
234.6,
177.8445,
213.0994,
224.5846,
234.6,
234.6,
175.6332,
174.4929,
187.0614,
222.7587,
189.0675,
223.4683,
186.0826,
215.6131,
216.1901,
194.2615,
207.1728,
234.6,
234.6,
179.2022,
234.6,
221.5546,
234.6,
0,
2040, 
177.3124,
181.825,
197.0658,
236,
177.8445,
213.0994,
224.5846,
236,
236,
175.6332,
174.6201,
187.3656,
222.9908,
189.0675,
223.4683,
186.6601,
215.6131,
216.1974,
195.0109,
207.5808,
236,
236,
181.1227,
236,
222.7424,
236,
0,
2041, 
177.6983,
182.1655,
197.0658,
237.4,
177.8445,
213.0994,
224.5846,
237.4,
237.4,
175.6332,
174.8276,
191.9781,
223.4361,
189.5237,
223.4683,
187.9343,
215.6131,
216.2048,
195.8204,
207.6108,
237.4,
237.4,
181.4049,
237.4,
223.8948,
237.4,
0,
2042, 
178.1881,
182.9207,
197.6838,
238.8,
177.9956,
213.7486,
224.5846,
238.8,
238.8,
176.7557,
175,
196.4095,
223.7814,
191.0595,
223.4683,
188.5921,
215.6131,
216.5959,
196.8553,
207.6108,
238.8,
238.8,
182.3685,
238.8,
224.7108,
238.8,
0,
2043, 
178.7605,
183.7866,
198.3259,
240.2,
178.1451,
214.4136,
224.5846,
240.2,
240.2,
178.2729,
175.1724,
199.8901,
223.9239,
192.4042,
223.4683,
189.2962,
215.6131,
216.7257,
197.8271,
207.6108,
240.2,
240.2,
183.4095,
240.2,
225.3925,
240.2,
0,
2044, 
179.4528,
184.7978,
198.9938,
241.6,
178.293,
215.0953,
224.5846,
241.6,
241.6,
182.0881,
175.3448,
202.6241,
224.243,
193.9469,
223.4683,
190.0533,
215.6131,
216.8552,
198.5626,
207.6108,
241.6,
241.6,
184.7426,
241.6,
225.7405,
241.6,
0,
2045, 
180.3403,
186.0054,
199.6899,
243,
178.439,
215.7945,
224.5846,
243,
243,
185.0609,
175.5172,
208.4678,
225.3213,
195.7424,
223.4683,
190.872,
215.6131,
216.9845,
199.3354,
207.6108,
243,
243,
186.3858,
243,
226.751,
243,
0,
2046, 
181.5185,
187.4874,
200.4166,
244.4,
178.5829,
218.7739,
224.5846,
244.4,
244.4,
191.2572,
175.6897,
214.2132,
225.3213,
197.9742,
223.4683,
191.7624,
215.6131,
217.1134,
200.4101,
208.2814,
244.4,
244.4,
190.5623,
244.4,
227.166,
244.4,
0,
2047, 
183.2435,
189.3699,
201.1766,
245.8,
178.7245,
221.7115,
224.5846,
245.8,
245.8,
196.6508,
175.8621,
216.7751,
226.5801,
201.2114,
223.4683,
192.7371,
215.6131,
217.3564,
201.1923,
209.5375,
245.8,
245.8,
194.7043,
245.8,
227.2756,
245.8,
0,
2048, 
186.1277,
191.8696,
201.9732,
247.2,
178.8633,
223.0812,
224.5846,
247.2,
247.2,
201.9543,
176.0345,
221.4765,
226.8876,
204.9875,
223.4683,
193.812,
215.6131,
218.0628,
201.754,
210.6419,
247.2,
247.2,
203.9922,
247.2,
227.4434,
247.2,
0,
2049, 
192.2422,
195.3939,
202.8098,
248.6,
178.9992,
223.8325,
224.5846,
248.6,
248.6,
209.3993,
176.2069,
225.1501,
226.8876,
210.7594,
223.4683,
195.0071,
215.6131,
218.1899,
202.3331,
210.6419,
248.6,
248.6,
220.4168,
248.6,
228.2025,
248.6,
0,
2050, 
215.8631,
200.8111,
203.6903,
250,
179.1315,
224.565,
224.5846,
250,
250,
223.3456,
250,
228.7467,
226.8974,
217.5126,
223.4683,
196.3481,
215.6131,
218.3167,
202.9307,
210.6419,
250,
250,
239.2311,
250,
228.9979,
250,
0,
2051, 
215.8631,
205.9911,
204.6193,
253,
179.2599,
225.3782,
224.5846,
253,
253,
237.7865,
253,
232.8865,
227.1886,
218.5281,
223.4683,
197.8685,
215.6131,
219.7805,
203.5483,
210.8251,
253,
253,
239.5855,
253,
230.763,
253,
0,
2052, 
215.8631,
206.3931,
206.575,
256,
179.2599,
225.3782,
224.5846,
256,
256,
237.8467,
256,
233.5706,
227.7138,
218.5281,
223.4683,
198.3797,
215.6131,
222.9121,
203.9109,
211.794,
256,
256,
239.7781,
256,
231.7708,
256,
0,
2053, 
215.8631,
206.8016,
208.8013,
259,
183.0435,
225.3798,
224.5846,
259,
259,
237.8467,
259,
234.2674,
227.8355,
218.5281,
223.4683,
198.9078,
215.6131,
226.032,
204.2786,
212.7267,
259,
259,
239.7781,
259,
232.0732,
259,
0,
2054, 
215.8631,
207.2168,
211.3651,
262,
185.6173,
225.3798,
224.5846,
262,
262,
239.9658,
262,
234.3643,
228.626,
219.3492,
223.4683,
199.4542,
215.6131,
226.1417,
204.6519,
213.6117,
262,
262,
239.7833,
262,
233.291,
262,
0,
2055, 
215.8631,
207.6389,
214.3568,
262,
185.6173,
225.3798,
224.5846,
265,
265,
239.9658,
265,
234.3643,
229.1784,
220.4105,
223.5466,
200.0202,
215.6131,
226.2511,
205.0308,
213.765,
262,
265,
240.2605,
265,
234.7027,
265,
0,
2056, 
215.8631,
208.0684,
217.9027,
263.0458,
185.6173,
225.3798,
224.5846,
268,
268,
239.9658,
268,
234.3643,
229.1888,
220.8791,
224.0384,
200.6074,
215.6131,
226.3602,
205.4157,
213.918,
262,
268,
240.7535,
268,
235.0222,
268,
0,
2057, 
215.8631,
208.5055,
218.117,
263.0458,
190.4926,
225.3798,
224.5846,
271,
271,
239.9658,
271,
234.3643,
229.1888,
223.0244,
225.9004,
200.6605,
215.6131,
226.5518,
206.2278,
214.0204,
262,
268,
241.2691,
271,
238.7339,
271,
0,
2058, 
215.8631,
208.9506,
218.3317,
263.0458,
196.7249,
225.3798,
224.5846,
274,
274,
239.9658,
274,
234.3643,
229.1888,
224.7342,
225.9948,
200.713,
215.6131,
230.7852,
207.0799,
214.3741,
262,
268,
242.0424,
274,
240.1474,
274,
0,
2059, 
215.8631,
209.404,
218.5468,
263.0458,
204.1188,
225.3798,
224.5846,
277,
277,
242.8531,
277,
234.6132,
229.1888,
225.6806,
225.9948,
200.7649,
215.6131,
230.9743,
207.9758,
214.3741,
262,
271.1687,
245.299,
277,
240.7013,
277,
0,
2060, 
215.8631,
209.8661,
218.7625,
263.0458,
222.1698,
225.3798,
224.5846,
280,
280,
245.3079,
280,
234.6132,
229.2559,
225.6806,
225.9948,
200.8163,
215.6131,
235.8231,
208.92,
214.4306,
262,
271.3431,
249.5561,
280,
240.8402,
280,
0,
2061, 
215.8631,
210.3374,
218.9786,
263.0458,
262.1136,
225.3798,
224.5846,
283,
283,
247.3675,
283,
235.5307,
229.4708,
225.6806,
226.3233,
200.867,
215.6131,
240.3624,
209.9174,
214.5127,
273.4086,
277.4084,
251.8808,
283,
241.6405,
283,
0,
2062, 
215.8631,
210.8014,
219.2893,
263.0458,
268.1744,
225.3798,
224.5846,
286,
286,
247.3675,
286,
235.5307,
229.6766,
225.6806,
227.0229,
201.6364,
215.6131,
242.9613,
210.9211,
214.7994,
276.8805,
279.3254,
253.9816,
286,
241.6405,
286,
0,
2063, 
215.8631,
211.2577,
219.2893,
263.6011,
274.4346,
226.218,
224.5846,
289,
289,
247.3675,
289,
235.5307,
229.9117,
225.6806,
227.9768,
202.4115,
215.6131,
245.6104,
211.9469,
215.0789,
276.8805,
280.1429,
256.1499,
289,
241.7044,
289,
0,
2064, 
215.8631,
211.7058,
219.2893,
263.6011,
278.4295,
228.0976,
224.5846,
292,
292,
247.3675,
292,
235.5307,
230.0885,
227.4812,
228.3787,
203.1931,
215.6131,
247.4047,
212.9974,
215.8453,
276.8805,
281.1578,
257.9523,
292,
245.0217,
292,
0,
2065, 
215.8631,
212.1456,
219.2893,
264.3239,
278.4295,
228.0976,
224.5846,
295,
295,
247.3675,
295,
235.5307,
230.243,
229.5872,
231.3105,
203.9819,
215.6131,
250.4597,
214.0755,
216.5264,
276.8805,
281.1578,
259.559,
295,
248.4932,
295,
0,
2066, 
215.8631,
212.5763,
219.2893,
264.3542,
279.7716,
228.0976,
224.5846,
298,
298,
249.7243,
298,
235.5307,
230.243,
231.842,
233.1923,
204.7792,
215.6131,
252.9264,
215.1846,
216.9893,
276.8805,
281.1578,
260.8084,
298,
250.3979,
298,
0,
2067, 
215.8417,
212.9977,
219.2893,
274.7496,
283.7,
228.0976,
224.5846,
301,
301,
251.7312,
301,
235.5307,
230.243,
231.842,
237.6517,
205.1994,
215.6131,
255.485,
215.7381,
217.2294,
276.8805,
281.1578,
261.5805,
301,
250.8232,
301,
0,
2068, 
215.3066,
213.4093,
219.2893,
280.0748,
283.7,
228.0976,
224.5846,
304,
304,
253.2255,
304,
235.5307,
230.243,
231.842,
237.6517,
205.6048,
215.6131,
260.0686,
216.2853,
217.4236,
276.8805,
282.0175,
261.9503,
304,
254.6012,
304,
0,
2069, 
215.3066,
213.8104,
219.2893,
281.1642,
283.7,
228.0976,
224.5846,
307,
307,
258.313,
307,
235.5307,
230.3166,
231.842,
238.3144,
205.9943,
215.6131,
263.4695,
216.826,
217.6107,
277.048,
282.4005,
262.4062,
307,
255.5538,
307,
0,
2070, 
215.3066,
214.2005,
219.2893,
282.8344,
283.7,
228.0976,
224.5846,
310,
310,
261.1881,
310,
235.5307,
230.492,
231.842,
239.3256,
206.3666,
215.6131,
264.5073,
217.3597,
217.7904,
277.048,
282.4005,
262.7751,
310,
257.5945,
310,
0,
2071, 
215.1358,
214.579,
219.2893,
282.8344,
283.7,
228.0976,
224.5846,
313,
313,
263.4847,
313,
235.5307,
231.0116,
231.842,
240.5026,
206.7202,
215.6131,
266.9434,
217.8859,
217.9625,
289.7244,
290.2743,
262.8096,
313,
257.6982,
313,
0,
2072, 
215.3066,
214.9452,
219.8553,
282.8344,
283.7,
229.3136,
224.5846,
316,
316,
264.3903,
316,
235.7267,
231.5011,
231.842,
240.5026,
207.6448,
215.9224,
268.4743,
218.7307,
218.9722,
294.3915,
292.6177,
262.8696,
316,
262.0724,
316,
0,
2073, 
213.8954,
215.2984,
220.4149,
282.8344,
283.7,
230.5695,
224.5846,
319,
319,
266.358,
319,
235.9178,
231.8576,
231.842,
240.9332,
208.6095,
216.2197,
270.2009,
219.5868,
220.0835,
296.0089,
295.894,
263.2616,
319,
262.9096,
319,
0,
2074, 
213.8954,
215.6379,
220.9675,
285.8889,
283.7,
231.8701,
224.5846,
322,
322,
268.3979,
322,
236.1039,
232.2434,
231.842,
242.1849,
209.6258,
216.5042,
274.916,
220.4556,
221.1644,
302.2179,
295.894,
263.3181,
322,
267.0095,
322,
0,
2075, 
213.8954,
215.9627,
221.5126,
288.914,
283.7,
233.2209,
224.5846,
325,
325,
269.3099,
325,
236.2849,
232.9978,
231.842,
243.7021,
210.7106,
216.7754,
278.3432,
221.3387,
222.0531,
302.8279,
295.894,
263.3575,
325,
267.4035,
325,
0,
2076, 
214.6138,
216.272,
222.0496,
288.914,
283.7,
234.6287,
224.5846,
328,
328,
269.7657,
328,
236.4608,
235.0673,
231.842,
248.0376,
211.8888,
217.0326,
280.7094,
222.238,
223.275,
302.8279,
295.894,
263.6284,
328,
268.0481,
328,
0,
2077, 
215.0679,
216.5649,
222.4699,
288.914,
283.7,
234.6469,
224.5846,
331,
331,
269.7657,
331,
236.53,
235.2683,
232.7757,
253.173,
213.4589,
217.3918,
282.9044,
222.6561,
224.4113,
303.5633,
296.0553,
263.6284,
331,
269.3815,
331,
0,
2078, 
216.0135,
216.8402,
222.878,
288.9263,
283.7,
234.6643,
224.5846,
334,
334,
269.7657,
334,
236.5966,
236.4924,
233.7247,
259.27,
215.3741,
217.734,
284.5146,
223.0622,
225.5977,
307.8391,
296.4254,
263.6284,
334,
269.8799,
334,
0,
2079, 
216.7,
217.0967,
223.273,
293.1287,
283.7,
234.6809,
224.5846,
337,
337,
270.3443,
337,
236.6606,
239.3216,
234.6906,
261.1363,
215.9289,
218.0576,
285.0585,
223.4552,
226.8436,
311.7185,
302.5754,
263.6284,
337,
271.241,
337,
0,
2080, 
217.3846,
217.3333,
223.6541,
296.858,
283.7,
234.6968,
224.5846,
340,
340,
271.5293,
340,
236.722,
240.9941,
235.6751,
261.2597,
216.0055,
218.3614,
288.3154,
223.8345,
228.1605,
313.662,
305.2967,
263.6284,
340,
275.4493,
340,
0,
2081, 
218.5574,
217.5485,
224.0203,
297.3055,
283.7,
234.7119,
224.5846,
343,
343,
271.5293,
343,
236.7809,
241.3033,
237.1727,
261.4626,
216.0718,
218.6435,
291.2787,
224.1217,
229.5632,
314.8123,
307.0299,
263.6284,
343,
277.6901,
343,
0,
2082, 
219.2526,
217.7408,
224.0203,
300.606,
283.7,
234.7119,
224.5846,
346,
346,
272.712,
346,
236.8864,
242.5762,
238.2119,
261.6505,
216.1274,
220.1913,
294.0524,
224.1217,
230.4474,
316.4861,
308.6863,
263.6284,
346,
279.2682,
346,
0,
2083, 
219.6844,
217.9086,
224.0203,
307.3107,
283.7,
234.7119,
224.5846,
349,
349,
272.712,
349,
236.8864,
243.4807,
238.6474,
261.7836,
216.1723,
221.8174,
296.0586,
225.8191,
231.2217,
316.4861,
308.6863,
263.722,
349,
280.2597,
349,
0,
2084, 
220.3727,
219.2785,
224.0203,
308.5845,
283.7,
234.7119,
224.5846,
352,
352,
272.712,
352,
238.1686,
244.2024,
241.235,
265.1854,
216.206,
222.7779,
297.8202,
226.702,
231.773,
316.4861,
308.6863,
263.722,
352,
280.6349,
352,
0,
2085, 
221.0586,
221.0715,
224.0203,
309.107,
283.7,
234.7119,
224.5846,
355,
355,
274.8312,
355,
239.4233,
245.0112,
244.2319,
268.1769,
216.2283,
223.7963,
299.035,
227.6102,
232.3153,
317.6541,
308.8925,
263.722,
355,
280.6349,
355,
0,
2086, 
221.1742,
221.3207,
224.0203,
311.7072,
283.7,
234.7119,
224.5846,
358,
358,
276.0022,
358,
243.5148,
247.7706,
244.2319,
268.1769,
217.1258,
223.7963,
301.2546,
229.7537,
234.0015,
318.0591,
309.0086,
263.7491,
358,
282.1315,
358,
0,
2087, 
221.8786,
221.5514,
224.0203,
315.4063,
283.7,
234.7119,
224.5846,
361,
361,
276.2214,
361,
244.8189,
250.6855,
245.267,
268.3129,
219.1085,
223.7963,
303.612,
229.7537,
236.6735,
322.0201,
309.2682,
263.7491,
361,
283.0907,
361,
0,
2088, 
222.6546,
221.7522,
224.0203,
318.0689,
283.7,
234.8675,
224.5846,
364,
364,
276.2214,
364,
245.7281,
253.7301,
245.9509,
268.3129,
219.2,
223.7963,
307.1176,
232.2017,
241.6132,
324.2651,
311.6959,
263.7491,
364,
283.4312,
364,
0,
2089, 
223.5449,
221.9083,
224.0203,
321.7762,
283.7,
234.8675,
225.6645,
367,
367,
276.2214,
367,
246.5416,
256.8082,
246.5423,
268.3176,
367,
223.7963,
309.693,
232.2017,
246.6377,
325.0573,
313.3557,
263.7491,
367,
284.4774,
367,
0,
2090, 
224.0165,
222,
224.0203,
321.7762,
283.7,
234.8675,
225.6645,
370,
370,
276.2214,
370,
246.5416,
257.4078,
246.5423,
268.5979,
370,
223.7963,
311.7323,
232.2017,
258.3827,
327.9888,
316.858,
263.7491,
370,
288.4244,
370,
0,
2091, 
232.9767,
373,
224.0203,
321.9432,
283.7,
235.0062,
231.1991,
373,
373,
276.4499,
373,
247.3193,
257.4753,
246.5896,
268.6071,
373,
223.7963,
313.083,
232.2017,
258.3827,
328.9214,
316.858,
263.7491,
373,
292.002,
373,
0,
2092, 
232.9767,
376,
224.8,
322.5579,
283.7,
235.0062,
231.1991,
376,
376,
276.4499,
376,
247.3193,
260.9676,
246.5896,
319.6785,
376,
225.527,
320.2473,
232.2017,
260.4701,
329.9403,
316.858,
263.7491,
376,
296.6955,
376,
0,
2093, 
232.9767,
379,
379,
322.5579,
283.7,
235.0062,
231.1991,
379,
379,
276.4499,
379,
247.3193,
265.2398,
250.0923,
322.0612,
379,
226.4452,
324.4,
232.9174,
263.6463,
332.0326,
316.858,
263.7491,
379,
297.0386,
379,
0,
2094, 
232.9767,
382,
382,
322.9116,
283.7,
236.7525,
231.1991,
382,
382,
276.4499,
382,
249.8758,
272.4362,
255.0856,
322.0612,
382,
230.4,
326.919,
234.7825,
266.099,
334.9157,
316.858,
266.0897,
382,
298.4569,
382,
0,
2095, 
232.9767,
385,
385,
323.4831,
283.7,
245.1669,
231.1991,
385,
385,
276.4499,
385,
252.2833,
275.1023,
258.1479,
322.0612,
385,
230.4,
329.043,
237.1783,
267.8633,
336.1417,
316.858,
267.0377,
385,
298.8999,
385,
0,
2096, 
232.9767,
388,
388,
327.9076,
283.7,
249.7323,
232.6326,
388,
388,
276.4499,
388,
252.2833,
277.2337,
260.1496,
323.0386,
388,
230.4,
332.4251,
237.5292,
267.8633,
338.8448,
317.7561,
267.7006,
388,
300.171,
388,
0,
2097, 
234.7623,
391,
391,
329.0389,
283.7,
257.1393,
232.6326,
391,
391,
276.4499,
391,
252.2833,
281.3487,
262.6651,
323.768,
391,
391,
332.7061,
237.6619,
267.8633,
340.8042,
318.8009,
268.1122,
391,
300.77,
391,
0,
2098, 
234.7623,
394,
394,
334.235,
283.7,
257.3736,
233.2,
394,
394,
278.458,
394,
252.2833,
285.8154,
263.9177,
324.6318,
394,
394,
334.5735,
237.9741,
269.5856,
342.482,
318.8009,
269.4228,
394,
301.7053,
394,
0,
2099, 
234.7623,
397,
394,
336.8642,
283.7,
257.3736,
397,
397,
397,
281.9426,
397,
252.2833,
287.8337,
263.9177,
325.1848,
397,
397,
336.9372,
238.2949,
271.504,
343.7768,
318.8009,
270.8713,
397,
303.4783,
397,
0,
2100, 
241.6,
400,
394,
338.5295,
283.7,
263.7194,
400,
400,
400,
281.9605,
400,
252.2833,
289.6904,
263.9177,
329.5207,
400,
400,
338.6516,
239.198,
274.4914,
345.4466,
318.8009,
271.4921,
400,
304.9106,
400,
0];
