real main.em.ep.isp.StorResTot[28](t) = [1971, 
650.2043,
6655.436,
42.08362,
21.60265,
64.87003,
80.52728,
58.72234,
41.01139,
12.12848,
217.2017,
4045.412,
790.4434,
44.82675,
637.7261,
125.547,
1842.407,
149.6583,
187.5422,
60.78517,
214.7469,
32.17235,
2.731125,
946.1337,
246.709,
13.90568,
25.25577,
0,
17209.79,
1972, 
741.8291,
6657.843,
47.72691,
24.07335,
70.90247,
85.60682,
59.51014,
44.30545,
13.06971,
235.8341,
4225.164,
862.6854,
51.80706,
676.4346,
128.979,
1948.756,
169.116,
195.9843,
65.4228,
235.7861,
36.51533,
3.157201,
1010.98,
243.6144,
13.96318,
36.19423,
0,
17885.26,
1973, 
822.1111,
7269.949,
51.89839,
26.78121,
82.16986,
95.75301,
60.99394,
49.34061,
13.25922,
250.8532,
4530.363,
899.4106,
52.40312,
714.6973,
138.2329,
2062.017,
202.2984,
202.9921,
74.03809,
257.8696,
43.11666,
3.878754,
1094.683,
277.6542,
16.23113,
46.06018,
0,
19339.05,
1974, 
850.5595,
7326.931,
65.72849,
27.98027,
91.55762,
104.7405,
65.2244,
49.4925,
12.81712,
268.6708,
4637.779,
955.7452,
59.44636,
755.8891,
148.2977,
2187.943,
226.6746,
212.8938,
81.38275,
266.9742,
45.87998,
5.159482,
1080.839,
298.1193,
18.26014,
58.10797,
0,
19903.09,
1975, 
828.2977,
7544.483,
69.66485,
27.81073,
98.64605,
109.7483,
74.15511,
55.5097,
13.36417,
288.8008,
4620.784,
999.7319,
71.35624,
684.1313,
131.9433,
2026.462,
263.1264,
236.3614,
91.00084,
316.271,
47.80761,
5.857606,
1104.864,
309.3615,
20.49623,
61.16162,
0,
20101.2,
1976, 
886.3723,
8058.391,
73.95848,
31.43838,
113.7036,
118.4314,
85.01572,
57.71395,
15.50513,
302.6822,
4967.695,
1062.252,
81.13212,
715.2866,
139.6969,
2158.209,
310.0032,
265.6332,
99.47144,
351.2393,
53.8702,
5.439555,
1181.715,
322.6221,
21.57173,
65.62277,
0,
21544.67,
1977, 
950.8682,
8329.101,
79.96755,
34.06343,
125.4343,
129.6744,
97.22807,
63.13306,
16.30048,
302.7837,
5077.857,
1106.948,
90.94711,
734.8352,
144.3448,
2229.876,
392.5233,
282.9232,
108.8643,
383.5737,
59.80947,
6.798978,
1231.221,
339.4753,
23.22766,
71.39471,
0,
22413.17,
1978, 
1020.176,
8557.543,
88.36341,
35.96301,
138.8887,
136.05,
109.4548,
61.01216,
17.13504,
316.0679,
5265.937,
1163.831,
97.01137,
758.2073,
149.2396,
2332.665,
443.049,
311.1344,
120.7324,
437.5255,
61.91153,
9.523081,
1288.417,
349.7946,
26.09822,
69.31463,
0,
23365.04,
1979, 
1069.449,
8728.632,
94.7359,
37.54362,
155.6558,
151.6867,
122.4012,
70.41041,
17.59815,
332.3108,
5490.517,
1172.046,
98.95731,
776.2701,
205.1706,
2386.209,
512.4371,
315.6554,
130.8803,
478.3397,
67.3491,
11.47745,
1357.881,
366.2189,
29.23367,
74.67969,
0,
24253.75,
1980, 
1099.906,
8839.066,
99.39124,
37.88157,
178.7058,
162.2827,
136.8613,
78.80917,
17.81119,
360.1373,
5527.901,
1224.595,
101.896,
812.5291,
224.5313,
2569.984,
567.5014,
329.5199,
136.6578,
467.3,
71.89835,
14.44841,
1341.032,
383.9914,
30.6696,
68.78959,
0,
24884.1,
1981, 
1156.483,
8910.48,
108.5324,
39.18676,
171.9076,
168.6963,
155.4079,
77.09691,
18.83773,
411.1541,
5582.702,
1233.527,
106.7587,
833.5927,
230.3303,
2718.213,
672.96,
361.6061,
146.5569,
472.0501,
76.49121,
14.23662,
1354.125,
408.8091,
32.81543,
65.13078,
0,
25527.69,
1982, 
1135.482,
8689.765,
113.4111,
40.57789,
180.241,
171.1231,
170.1902,
85.8194,
20.39886,
432.2503,
5572.038,
1250.283,
116.416,
851.2328,
238.5745,
2824.45,
797.8197,
385.8764,
154.5343,
503.5535,
81.96918,
17.33226,
1339.933,
415.5434,
35.20694,
65.10699,
0,
25689.13,
1983, 
1186.604,
8879.388,
112.5325,
43.14091,
186.5197,
179.3099,
187.7616,
79.83688,
21.715,
439.9979,
5703.723,
1306.279,
121.6482,
875.3495,
246.1662,
2972.111,
816.7881,
412.9713,
168.4021,
544.6578,
89.59006,
20.33463,
1414.213,
425.7745,
39.14055,
63.77306,
0,
26537.73,
1984, 
1279.252,
9275.708,
121.9226,
44.38403,
208.701,
184.584,
207.2631,
74.16448,
21.74694,
486.7,
5911.01,
1364.705,
137.3699,
909.6729,
256.7058,
3161.098,
880.2997,
456.7392,
181.2701,
571.7723,
96.62356,
23.92166,
1487.968,
454.8969,
44.1608,
62.8799,
0,
27905.52,
1985, 
1356.808,
9439.755,
106.3658,
43.757,
226.0315,
187.98,
222.6158,
89.89498,
23.30893,
503.4875,
6129.066,
1366.629,
149.9969,
932.7515,
265.4371,
3281.373,
944.2632,
501.3234,
195.1965,
611.428,
102.1054,
24.83851,
1545.313,
488.2377,
47.68658,
65.2401,
0,
28850.89,
1986, 
1388.575,
9431.972,
119.7516,
46.77043,
239.0385,
212.8186,
219.83,
94.10679,
24.74303,
517.371,
6226.545,
1429.65,
171.9772,
954.3558,
269.7981,
3429.291,
1029.155,
547.6224,
210.644,
671.559,
105.6768,
35.003,
1567.005,
504.3434,
52.75177,
66.71588,
0,
29567.07,
1987, 
1480.45,
9600.834,
129.6988,
49.48552,
242.2672,
228.9182,
235.1156,
98.10302,
26.71282,
529.7906,
6429.995,
1457.692,
192.4897,
990.6242,
271.7613,
3566.836,
1052.559,
594.1019,
234.095,
741.6569,
113.9285,
40.56756,
1670.616,
531.8106,
58.3932,
65.05855,
0,
30633.56,
1988, 
1515.242,
9994.088,
132.2068,
49.78318,
251.4408,
258.6496,
256.2809,
103.0444,
28.43621,
549.8123,
6710.323,
1449.184,
201.956,
1022.019,
276.7496,
3655.659,
1210.954,
654.0702,
264.8067,
811.0926,
124.7463,
42.84843,
1765.054,
555.6596,
67.02898,
71.96432,
0,
32023.1,
1989, 
1483.342,
10901.34,
140.8454,
53.16128,
267.4602,
246.9449,
268.307,
107.5662,
30.08073,
562.0002,
6922.414,
1467.511,
217.7564,
1040.853,
278.4375,
3926.949,
1235.244,
714.7468,
288.8087,
871.9695,
136.9056,
47.40186,
1876.493,
596.215,
69.92011,
69.03201,
0,
33821.71,
1990, 
1436.263,
11106.87,
145.6216,
53.67679,
256.2019,
266.5554,
277.737,
109.5351,
34.61212,
571.1307,
7072.429,
1388.899,
240.5059,
1122.623,
345.2511,
3836.243,
1322.039,
768.481,
310.164,
926.4405,
150.6704,
56.30824,
2049.886,
611.2874,
76.10166,
76.82074,
0,
34612.35,
1991, 
1520.971,
11201.11,
149.8859,
52.22239,
272.471,
250.958,
292.9806,
111.9585,
36.86154,
572.0009,
7232.331,
1326.281,
245.1895,
1035.051,
295.7866,
3578.147,
1463.871,
836.733,
327.1022,
1107.926,
162.5717,
63.71798,
2117.667,
628.5199,
81.62889,
84.65985,
0,
35048.6,
1992, 
1556.499,
11404.15,
153.5216,
55.11226,
279.7776,
259.5921,
309.7213,
116.2096,
38.27847,
586.2977,
7283.499,
1229.989,
276.5526,
882.2156,
274.5859,
3096.075,
1556.873,
874.2772,
347.857,
1223.277,
176.1655,
69.62463,
2143.025,
641.115,
89.66232,
73.24719,
0,
34997.2,
1993, 
1610.648,
11678.13,
155.1134,
56.25817,
291.0169,
274.1852,
335.1328,
116.6375,
39.70725,
610.7072,
7298.468,
1225.031,
303.488,
801.2317,
231.332,
3130.292,
1603.985,
923.4208,
385.4879,
1262.621,
194.2901,
77.83173,
2167.243,
661.7288,
93.56868,
74.88862,
0,
35602.45,
1994, 
1699.403,
11974.63,
166.9021,
60.35763,
299.2079,
291.1623,
357.969,
116.6322,
40.54174,
631.965,
7453.934,
1295.434,
319.3134,
728.2868,
227.8924,
2761.053,
1705.699,
991.0361,
432.8056,
1370.058,
219.3763,
86.55471,
2267.631,
682.3998,
98.37182,
72.59633,
0,
36351.21,
1995, 
1717.086,
12318.43,
169.9527,
63.69678,
314.1815,
304.983,
378.6094,
123.3258,
44.28273,
640.483,
7649.983,
1299.814,
357.0422,
764.2521,
226.1077,
2754.3,
1790.839,
1074.737,
482.8535,
1491.024,
243.2138,
100.4011,
2305.061,
701.6384,
104.592,
74.1899,
0,
37495.08,
1996, 
1768.09,
12615.66,
162.1053,
67.02727,
329.8454,
319.2337,
427.8751,
128.4738,
46.34428,
668.2746,
7772.4,
1431.157,
388.2145,
766.6415,
218.4149,
2719.864,
1865.739,
1133.947,
535.2882,
1565.928,
264.9116,
116.5101,
2372.293,
716.3591,
109.6288,
66.99323,
0,
38577.22,
1997, 
1794.264,
12920.26,
174.6993,
72.52694,
346.9769,
344.8053,
460.6615,
129.0093,
49.94328,
692.3865,
7927.391,
1457.715,
423.1071,
759.6354,
214.3739,
2676.634,
2017.887,
1196.011,
585.3302,
1660.302,
283.6671,
123.0142,
2426.221,
739.8536,
113.8067,
70.29777,
0,
39660.78,
1998, 
1772.364,
13230.07,
187.8199,
77.79244,
357.7223,
363.3106,
491.8401,
125.9948,
51.34665,
682.2107,
8104.374,
1478.528,
450.825,
729.9641,
206.3667,
2709.368,
2276.146,
1280.374,
574.0339,
1740.548,
279.6669,
126.7843,
2431.173,
783.3546,
117.968,
91.88126,
0,
40721.83,
1999, 
1808.989,
13433.95,
198.5968,
83.8923,
371.5759,
363.7573,
521.2324,
132.2802,
52.84955,
680.4791,
8198.019,
1448.144,
466.1086,
757.5746,
202.8203,
2781.96,
2181.883,
1375.182,
638.8694,
1813.052,
299.0753,
148.039,
2467.299,
824.6306,
117.8355,
99.44621,
0,
41467.54,
2000, 
1862.728,
14056.62,
211.4654,
85.84206,
385.2511,
382.4601,
555.1174,
136.4384,
54.78146,
712.5953,
8233.311,
1540.015,
503.9788,
749.067,
206.7953,
2919.784,
2198.634,
1452.348,
756.1895,
2049.353,
324.6765,
159.5299,
2577.546,
847.9666,
128.5079,
108.2366,
0,
43199.24,
2001, 
1816.747,
13403.62,
217.7494,
88.1415,
377.3857,
380.3739,
587.2418,
145.1077,
57.31829,
689.0657,
8215.559,
1679.271,
511.2496,
797.6316,
198.3917,
3050.252,
2298.491,
1508.043,
807.5583,
2258.667,
344.9309,
168.4672,
2556.896,
898.7898,
144.2054,
121.9356,
0,
43323.09,
2002, 
1841.276,
13731.03,
220.9951,
91.91021,
400.2646,
375.7025,
614.9117,
154.1787,
57.48305,
745.5156,
8027.68,
1605.427,
539.6796,
792.7482,
202.1996,
2944.478,
2386.734,
1554.576,
862.9415,
2445.961,
365.7004,
178.4115,
2611.31,
897.2431,
152.1188,
129.9191,
0,
43930.4,
2003, 
1792.679,
13846.29,
270.5548,
93.97658,
416.4984,
394.8454,
646.1064,
152.245,
60.92352,
780.3915,
7961.804,
1614.683,
582.8206,
821.0424,
215.0458,
3000.306,
2509.429,
1658.88,
900.2726,
2803.037,
395.289,
186.3628,
2612.132,
853.205,
161.523,
124.367,
0,
44854.71,
2004, 
1818.883,
14281.67,
269.8674,
94.54964,
445.4947,
421.1946,
684.6377,
168.1958,
66.08764,
806.4377,
7883.23,
1710.046,
622.242,
858.0009,
222.8513,
3095.247,
2672.821,
1766.085,
949.1993,
3214.87,
422.1391,
198.9952,
2692.478,
873.1368,
174.5772,
133.4778,
0,
46546.41,
2005, 
1775.025,
14206,
283.3749,
99.50435,
458.3844,
438.1018,
700.2045,
178.5921,
71.35685,
816.7433,
7786.418,
1680.848,
660.109,
833.0317,
228.2403,
3493.342,
2682.939,
1878.706,
1011.509,
3638.862,
455.4141,
212.4939,
2756.898,
866.4669,
187.964,
143.6459,
0,
47544.18,
2006, 
1708.707,
14009.73,
291.2734,
105.3141,
479.0297,
463.6031,
742.3033,
189.2679,
76.12489,
855.6101,
7628.287,
1706.693,
708.8281,
870.43,
233.4929,
3506.853,
2837.534,
2033.504,
1043.071,
4182.349,
481.4705,
216.279,
2810.953,
861.8973,
198.9544,
147.2115,
0,
48388.77,
2007, 
1810.552,
13963.27,
302.525,
108.2867,
507.7167,
474.8449,
821.9182,
200.1001,
83.14756,
876.6226,
7384.703,
1696.001,
765.9861,
884.9896,
243.1372,
3524.719,
3059.899,
2184.046,
1102.11,
4821.803,
510.2037,
220.8197,
2897.217,
902.6995,
205.7883,
150.9808,
0,
49704.09,
2008, 
1798.191,
13369.67,
306.9313,
106.518,
528.8575,
506.0761,
859.4301,
204.1429,
83.40903,
873.1901,
7344.732,
1695.033,
776.5011,
838.0068,
223.15,
3586.375,
3192.401,
2101.901,
1180.917,
5364.207,
522.8708,
225.7817,
2802.527,
899.4648,
214.3777,
153.4855,
0,
49758.15,
2009, 
1718.226,
12333.32,
302.8715,
106.3455,
534.5745,
512.0449,
979.0433,
212.6052,
92.04329,
851.6694,
6860.896,
1639.622,
758.7083,
723.3421,
213.9592,
3378.953,
3522.726,
2257.483,
1237.603,
6262.784,
549.3084,
230.8491,
2799.099,
814.7194,
223.5797,
166.679,
0,
49283.06,
2010, 
1707.854,
12360.69,
320.1096,
111.1422,
593.7133,
506.8521,
1066.771,
229.9975,
107.0419,
887.3819,
7298.589,
1707.531,
819.6859,
744.0278,
236.1022,
3392.698,
3691.152,
2436.097,
1337.122,
7649.78,
600.299,
249.011,
2894.378,
834.1621,
231.4498,
175.9844,
0,
52189.63,
2011, 
1784.759,
11535.8,
354.1808,
116.3201,
615.4075,
523.8562,
1101.909,
237.341,
126.9863,
896.201,
7637.828,
1740.195,
885.0342,
759.1366,
228.4115,
3467.832,
3852.349,
2711.305,
1395.334,
9507.629,
632.6878,
265.2378,
3040.746,
809.005,
247.5687,
179.7545,
0,
54652.81,
2012, 
1743.71,
11163.61,
369.5076,
120.6244,
648.9515,
559.3382,
1173.34,
244.5608,
142.8104,
891.0789,
8123.123,
1678.068,
955.2814,
764.5135,
243.2499,
3475.319,
4118.686,
2865.193,
1459.421,
11114.39,
706.8626,
277.7103,
3242.934,
822.2358,
268.0855,
184.7191,
0,
57357.33,
2013, 
1650.998,
10872.49,
362.6479,
126.7407,
676.1642,
600.72,
1242.631,
275.7027,
156.9242,
904.826,
7861.082,
1675.661,
966.592,
748.9868,
292.0388,
3489.087,
4380.969,
3080.832,
1536.89,
13488.9,
788.4824,
305.8941,
3975.91,
856.4916,
305.6919,
194.7645,
0,
60818.12,
2014, 
1609.321,
10801.04,
382.6784,
131.6712,
718.3951,
604.8942,
1322.988,
292.6454,
180.2668,
1082.777,
7959.125,
1655.264,
1019.614,
712.2654,
266.8196,
3521.772,
4765.341,
3491.025,
1641.933,
16178.31,
920.3459,
328.4897,
4785.544,
831.9721,
336.0201,
221.5208,
0,
65762.03,
2015, 
1519.108,
11333,
398.3332,
143.8024,
721.6291,
649.6258,
1501.205,
321.9518,
206.6979,
1167.244,
7322.77,
1605.616,
1089.808,
655.8775,
277.5446,
3542.611,
5335.466,
3864.12,
1800.845,
19928.32,
1040.542,
350.1572,
6662.442,
873.9664,
362.2038,
233.1805,
0,
72908.06,
2016, 
1500.064,
10901.97,
422.5167,
147.5896,
759.3531,
658.6743,
1655.519,
336.0601,
220.666,
1348.929,
7673.9,
1624.527,
1266.505,
657.2842,
329.6445,
3547.99,
5913.268,
4428.579,
1958.915,
23587.88,
1274.61,
378.2671,
7921.452,
935.0043,
429.118,
228.0351,
0,
80106.31,
2017, 
1546.858,
11228.2,
427.9474,
147.052,
810.8624,
659.5185,
1718.577,
361.1906,
237.4504,
1540.092,
7934.723,
1622.499,
1371.176,
677.4003,
417.3884,
3614.292,
6082.745,
5111.47,
2186.709,
29354.1,
1407.069,
402.9171,
9236.573,
1021.422,
494.1226,
249.4196,
0,
89861.77,
2018, 
1502.534,
11710.72,
453.0972,
155.3793,
846.0096,
670.2769,
2018.538,
408.7069,
292.3488,
1818.953,
8523.008,
1851.451,
2825.72,
752.2437,
432.9581,
3620.267,
6174.548,
6038.436,
2476.261,
36031.55,
1541.89,
470.3896,
10561.98,
1180.369,
542.8895,
280.0715,
0,
103180.6,
2019, 
1555.224,
11836.09,
421.9627,
161.4395,
904.2556,
635.574,
2248.068,
449.0652,
337.1821,
1908.543,
9791.922,
1775.808,
3167.856,
939.9736,
474.2956,
3686.078,
7275.57,
6722.604,
2923.142,
42049.7,
2110.488,
516.5736,
11909.99,
1372.122,
579.3184,
327.6998,
0,
116080.5,
2020, 
1528.922,
11435.59,
429.8227,
151.92,
876.3573,
628.7607,
2315.204,
484.4217,
360.1063,
2086.595,
10992.33,
1933.622,
3521.959,
1033.332,
450.5237,
3584.631,
7976.136,
7079.198,
3471.393,
51198.38,
2836.63,
520.8618,
13455.68,
1605.546,
613.7017,
333.8069,
0,
130905.4,
2021, 
1572.221,
12522.31,
461.4666,
166.3004,
966.842,
706.1447,
2449.963,
537.29,
407.8345,
2220.717,
11695.83,
2256.868,
3993.698,
1085.644,
555.6369,
3758.326,
8686.951,
8036.335,
4206.694,
62338.95,
4249.324,
561.58,
15027.49,
1953.999,
707.0136,
369.9539,
0,
151495.4,
2022, 
1603.36,
13485.07,
531.2463,
177.3976,
1022.708,
705.1703,
2512.847,
639.5605,
471.7879,
2250.447,
13237.94,
2548.647,
4503.871,
955.7322,
623.1571,
3725.277,
10334.98,
9566.701,
4633.828,
72646.85,
4431.441,
614.6155,
16392.17,
2349.745,
818.4114,
495.1919,
0,
171278.2,
2023, 
1587.278,
15287.86,
553.0668,
185.1337,
1097.118,
723.8344,
2728.876,
764.3082,
506.257,
2252.926,
15510.96,
3005.23,
5088.913,
983.7375,
716.3798,
3785.458,
12141.31,
10548.36,
5124.051,
98354.73,
4789.729,
681.1279,
17105.74,
2899.459,
862.8447,
533.5956,
0,
207818.3,
2024, 
1368.674,
18052.99,
580.3803,
193.4612,
1140.593,
754.8831,
3012.917,
853.6978,
539.0623,
2390.521,
17832.39,
3591.737,
8233.947,
806.761,
804.2313,
3797.235,
13319.04,
12660.12,
5327.619,
128510.9,
5086.924,
734.7108,
17533.76,
3758.178,
950.5066,
587.3445,
0,
252422.6,
2025, 
1382.216,
22282.5,
586.0806,
287.1753,
1292.14,
803.1213,
3239.493,
960.9045,
940.4555,
3127.283,
19659.87,
4047.261,
8996.993,
848.355,
875.635,
3789.625,
29381.42,
17335.38,
6175.927,
141020.8,
5770.849,
1392.385,
20354.21,
4875.425,
1263.48,
664.8541,
0,
301353.8,
2026, 
1347.083,
24386.57,
605.9432,
310.7399,
1301.513,
834.2753,
2962.163,
1031.337,
1268.35,
2738.494,
21679.48,
4440.331,
8419.956,
923.5033,
1399.119,
3781.194,
27104.12,
21387.22,
6256.116,
178783.8,
6328.029,
1669.985,
20946.51,
5809.973,
1630.64,
651.7712,
0,
347998.2,
2027, 
1323.28,
26770.74,
633.1973,
397.7641,
1315.588,
877.6792,
2749.08,
1341.151,
1667.893,
2411.568,
23562.31,
4866.283,
8267.679,
1057.274,
2269.721,
3770.208,
29197.82,
26062.57,
6684.305,
209349.3,
7428.066,
3122.64,
21805.58,
7120.119,
2221.403,
630.1375,
0,
396903.4,
2028, 
1372.541,
28371.36,
683.3731,
526.7137,
1330.351,
921.1893,
2506.458,
1902.031,
2061.425,
2157.454,
25938.71,
5580.509,
8353.7,
1195.084,
3644.725,
3747.444,
33658.47,
31772.67,
6786.074,
249651.4,
9781.927,
5742.647,
23089.17,
8627.206,
3337.362,
619.6904,
0,
463359.7,
2029, 
1506.145,
30088.67,
739.5471,
663.7711,
1356.897,
1175.883,
2292.458,
2665.157,
2280.97,
1984.421,
28368.11,
6245.504,
9008.374,
1277.786,
5354.977,
3728.853,
38511.15,
38271.09,
6885.625,
290658.8,
12931.37,
9054.132,
24108.32,
10513.5,
4540.157,
595.7181,
0,
534807.4,
2030, 
1518.763,
31713.11,
811.7347,
845.4952,
1374.684,
1421.893,
2024.305,
3527.969,
2269.543,
1884.944,
29689.61,
6820.441,
9842.888,
1411.794,
8127.242,
3722.666,
38401.26,
44923.25,
6951.243,
329413.7,
16422.31,
12547.8,
25201.83,
12597.98,
5692.099,
531.8172,
0,
599690.3,
2031, 
1561.865,
33563.68,
1042.565,
1223.478,
1405.729,
1750.198,
1936.469,
3857.536,
2167.196,
1839.295,
31540.88,
7364.23,
10165.92,
1555.663,
11438.85,
3692.252,
37869.28,
51505.25,
7236.103,
376201.9,
20147.52,
15734.34,
26227.6,
14491.77,
6764.147,
453.3365,
0,
672737.1,
2032, 
1680.299,
37261.41,
1317.973,
1755.594,
1493.507,
2296.949,
2017.921,
3827.782,
1888.779,
1867.582,
33713.84,
7966.637,
10562.68,
1704.678,
14809.08,
3683.137,
36398.41,
58528.76,
7476.11,
433953.5,
24187.04,
16142.55,
27259.83,
16675.87,
7734.488,
366.1631,
0,
756570.6,
2033, 
1798.359,
41488.63,
1510.035,
2483.634,
1596.843,
3046.332,
2472.675,
3661.224,
1504.895,
1977.66,
36553.64,
8549.799,
10878.6,
1820.425,
17375.56,
3631.789,
34580.85,
69272.82,
7679.946,
494780,
27886.09,
16907.73,
28099.94,
18998.44,
8674.917,
266.6445,
0,
847497.4,
2034, 
2016.627,
46184.87,
1580.828,
3473.609,
1713.142,
4089.585,
3286.105,
3376.615,
1150.023,
1876.855,
54274.93,
9124.123,
10886.88,
1950.718,
19466.35,
3620.702,
33153.82,
91728.61,
7985.631,
582708.1,
31591.89,
18103.9,
28677.54,
21581.63,
10092.71,
188.3495,
0,
993884.1,
2035, 
2338.973,
51304.39,
1634.817,
4630.921,
1860.324,
10150.18,
4052.349,
3012.54,
823.8657,
1632.58,
75724.38,
9629.454,
10798.54,
2054.708,
21731.59,
3613.193,
32114.75,
121852.5,
8314.36,
687727.6,
36051.68,
20058.63,
28908.12,
24628.04,
12451.57,
121.0564,
0,
1177221,
2036, 
2808.44,
58286.37,
1678.528,
6222.854,
2165.539,
22482.64,
5115.928,
3427.877,
764.6942,
1805.589,
100156.1,
10683.7,
12436.54,
2155.287,
24953.44,
3614.194,
36951.79,
154971.4,
8624.312,
804047.3,
41068.94,
22138.09,
29153.2,
28131.86,
15680.39,
140.9763,
0,
1399666,
2037, 
3296.282,
68776.8,
1732.813,
8570.109,
2323.691,
42162.27,
6151.709,
3882.268,
721.9423,
1980.527,
122968.3,
12743.18,
14159.69,
2286.874,
28447.68,
3621.196,
41280.76,
197309.3,
8835.06,
927306.1,
47121.05,
24632.69,
29297.35,
32604.02,
20001.23,
168.6632,
0,
1652382,
2038, 
3931.047,
82455.61,
1811.072,
12049.09,
2286.503,
68990.9,
7027.178,
4385.6,
686.6883,
2148.176,
147057.6,
15534.12,
15801.28,
2501.295,
35038.36,
3633.575,
46120.3,
250299.8,
9142.259,
1112721,
54025.51,
27128.08,
29251.83,
37067.37,
25388.61,
215.4243,
0,
1996698,
2039, 
4463.238,
99191.82,
1907.107,
20752.66,
2264.072,
105476.3,
7701.611,
4956.81,
666.6041,
2320.405,
169520.8,
19668.07,
17493.89,
2823.051,
44755.39,
3649.032,
50908.97,
334748.1,
9544.438,
1442748,
61705.96,
29588.76,
29281.39,
41288.82,
31731.34,
258.7518,
0,
2539415,
2040, 
5065.003,
126672.5,
2016.955,
32547.64,
2314.928,
138406.7,
8189.271,
5578.374,
656.7262,
2536.097,
185185.6,
26793.81,
19181.71,
3193.373,
56569.67,
3683.08,
56320.3,
465164.6,
10006.5,
1696400,
70237.7,
32428.61,
29568.87,
44865.9,
39105.04,
318.8718,
0,
3063008,
2041, 
6583.894,
163922.8,
2163.442,
42942.23,
2378.772,
154206.8,
8677.602,
6264.553,
647.7531,
2867.52,
190818.3,
37670.95,
21364.62,
3506.274,
80966.16,
3760.682,
60496.47,
612985.9,
10634.06,
2017633,
79720.53,
35959.2,
29995.91,
48126.28,
48048.3,
385.6726,
0,
3672728,
2042, 
8756.976,
201745.2,
2359.411,
54610.06,
2454.788,
173204.8,
9197.397,
7017.413,
646.7057,
3410.095,
197822.1,
57193.82,
23628.99,
3664.675,
107751.7,
3878.815,
65830.03,
749370.4,
11509.47,
2360830,
90270.35,
39227.08,
30453.27,
52066.38,
57209.72,
460.0149,
0,
4314570,
2043, 
11578.78,
240207.5,
2718.07,
68752.73,
2542.162,
203028.6,
9716.416,
7779.053,
647.7104,
4049.125,
206836.1,
82456.32,
26795.65,
3805.463,
136162.3,
4085.556,
72110.42,
898746.4,
12528.91,
2713953,
101699,
42838.38,
31435.92,
56709.98,
69320.63,
572.3712,
0,
5011077,
2044, 
14622.79,
282011.4,
3200.451,
85299.55,
2675.532,
237050.6,
10700.46,
8957.613,
649.3416,
4683.639,
225107,
107326.6,
34428.36,
3930.904,
161336.6,
4412.476,
81879.73,
1052359,
13600.7,
3090465,
113427.3,
46913.29,
32988.5,
61266.3,
85160.93,
771.9928,
0,
5765227,
2045, 
17977.16,
326011.3,
4395.035,
101180.6,
2834.926,
282064.3,
14205,
10708.22,
647.7679,
5460.383,
239263.5,
125177.6,
42241.36,
4077.699,
188751.7,
4894.402,
102338.8,
1259414,
13654.43,
3618419,
125876.2,
50497.44,
34567.79,
65948.27,
104346.4,
1031.339,
0,
6745985,
2046, 
24137.37,
375404.3,
8369.411,
113244.1,
3029.269,
336724.3,
19818.93,
12407.01,
642.3427,
6460.063,
248717.5,
135422,
51501.12,
4234.558,
212222.7,
5517.667,
130891.4,
1515273,
13686.32,
4160155,
140146.7,
54173.69,
35586.28,
69627.71,
122583.7,
1411.007,
0,
7801388,
2047, 
33007.95,
412294,
14392.92,
124683.4,
3239.713,
390194.4,
27102.71,
14111.8,
914.048,
7668.495,
253668,
140097.9,
64567.05,
4397.259,
231681.3,
6190.661,
173213.5,
1780507,
13788.16,
4660148,
155637.2,
57899.15,
36116.33,
71420.86,
147874.6,
1933.841,
0,
8826750,
2048, 
42484.24,
470383.3,
34482.12,
137787.1,
3535.734,
454733.4,
36224.81,
16166.31,
1816.303,
9198.714,
256325.6,
142516.4,
74259.48,
4571.53,
249046,
6838.811,
223129,
2051588,
13946.8,
5167180,
174283.8,
61360.98,
36094.05,
72339.15,
172794.1,
2483.869,
0,
9915569,
2049, 
52960.78,
518957.2,
72074.8,
162480,
3944.474,
525843.3,
46259.63,
18466.31,
4114.342,
14484.97,
250278.3,
142933.5,
83801.13,
4772.825,
263920.5,
7376.746,
260309.2,
2250420,
14011.16,
5597910,
215164,
63960.31,
35599.36,
71496.34,
197411.5,
2811.861,
0,
1.088176e+07,
2050, 
67295.29,
589229.3,
115410.2,
181794.1,
4420.354,
576805.8,
56903.02,
20929.71,
4951.217,
23309.25,
248214,
147248.2,
95079.09,
5391.053,
279297.3,
7810.195,
310105.2,
2389676,
14149.42,
5950473,
251862.3,
67646.83,
35571.31,
70226.43,
225067.3,
3166.158,
0,
1.174203e+07,
2051, 
78882.8,
660563,
151928.9,
201663.6,
4930.623,
635974.8,
67373.41,
23361.22,
5558.265,
33844.08,
238305.5,
156132,
110045.1,
7023.879,
300237.9,
8317.32,
349793.4,
2435687,
14308.11,
6402979,
282425.9,
71881.53,
36574.09,
67978.99,
254139.8,
3525.579,
0,
1.260344e+07,
2052, 
93104.33,
734349.3,
170462.4,
216205.3,
5407.104,
691344.5,
77125.7,
26496.14,
6166.861,
47337.04,
228574.6,
166751,
120673.8,
9445.895,
310084.6,
9184.862,
382614,
2437908,
14362.16,
6866857,
302273.6,
75423.1,
37731.68,
68617.01,
290198.2,
3906.954,
0,
1.339261e+07,
2053, 
110520.6,
806734.4,
193199.7,
228519.8,
6051.991,
739914.8,
90927.89,
30661.87,
8589.508,
63855.38,
220269.8,
179518.4,
132492.6,
12956.41,
322004.4,
10494.19,
410137.1,
2364126,
14289.27,
7283130,
305063.6,
80003.84,
40292.83,
71744.61,
356667.2,
4327.932,
0,
1.408649e+07,
2054, 
130365.8,
891788.7,
212579.8,
236832.9,
6828.595,
793885.4,
113283.8,
34999.21,
11242.75,
82571.96,
212285.8,
192470,
148550.4,
17501.85,
337338.3,
12570.24,
439988.9,
2301356,
14161.19,
7537238,
315374.3,
79266.56,
42964.98,
77448.49,
430170.4,
4802.431,
0,
1.467787e+07,
2055, 
155883,
990791.3,
236243.3,
242032.8,
7902.415,
833786.9,
133981.2,
39824.54,
13038.68,
103842.2,
208006,
206222.5,
159510.3,
23404.28,
352424.8,
15318.69,
483538.2,
2228279,
13945.82,
7734351,
322440.9,
80073.56,
45841.28,
85285.63,
473871.3,
5354.937,
0,
1.519519e+07,
2056, 
182789.7,
1142327,
257946.6,
246659,
9256.252,
870027.4,
180167.8,
44494.23,
14475.64,
126627.1,
202744.9,
221117.2,
174233.2,
33042.63,
371392.3,
18186.67,
550525.5,
2167585,
13727.42,
7888457,
349737.3,
82874.64,
48484.48,
96511.68,
515104.7,
5961.552,
0,
1.581446e+07,
2057, 
200733.6,
1310352,
288708.3,
251239.8,
11391.71,
903178.5,
248143.1,
48902.68,
15580.43,
151100,
195601.5,
229557.1,
187822.6,
44378.23,
391673.8,
20486.31,
613713.6,
2118006,
13539.5,
8027211,
375508.3,
86489.16,
50637.65,
105029.3,
569614.3,
6569.003,
0,
1.646517e+07,
2058, 
233351.9,
1547994,
320169.7,
259755.2,
14336.17,
936762.3,
327060.3,
53147.36,
19036.76,
176690.4,
196766.3,
239496.5,
200178,
57823.87,
411170.3,
21738.77,
703832.4,
2077191,
13365.79,
8162670,
410872.6,
90610.38,
52603.06,
114645.3,
611991.9,
7784.965,
0,
1.726104e+07,
2059, 
250947.4,
1776179,
357207.2,
265188.9,
17999.7,
973469.4,
389302.5,
58833.75,
28681.97,
201071.3,
202252.8,
246172.9,
211366.4,
72086.8,
435049.5,
22106.75,
803880.7,
2062694,
13173.37,
8305096,
433094.8,
94441.26,
53717.32,
124289.4,
684704.9,
9253.052,
0,
1.809226e+07,
2060, 
273957.9,
1970455,
394819.8,
266533,
23112.25,
1018118,
437436.8,
64381.68,
53222.98,
230973.1,
204685.9,
249164.2,
220750.8,
88332.02,
456122.3,
22513.03,
903524.1,
2060245,
13336.2,
8431140,
452724.4,
102870.7,
54049.84,
134425.2,
794205.6,
10992.42,
0,
1.893209e+07,
2061, 
295378.6,
2172194,
432793.4,
268549.8,
28625.77,
1059408,
474943.1,
69642.31,
97822.88,
256009,
205152.3,
248252,
227351.1,
108579.9,
475970.4,
22946.01,
995653.9,
2070660,
14423.46,
8520818,
468827.9,
108351.2,
53694,
142871.2,
903909.1,
12759.78,
0,
1.973559e+07,
2062, 
308538,
2369430,
472617,
275037.9,
35013.93,
1101678,
494578.9,
76710.72,
191677.7,
283386.1,
206132.4,
237078.3,
231142,
131478.2,
501573.8,
23359.73,
1064803,
2104251,
14754.75,
8561600,
483596.5,
111887.8,
52540.75,
151342.5,
1025522,
14765.14,
0,
2.05245e+07,
2063, 
315366.3,
2578737,
492457.4,
284669.2,
43340.04,
1137162,
512287.8,
89172.32,
318062.3,
308736.4,
215954,
223386.9,
233650.2,
155485.3,
525269.1,
23778.46,
1100474,
2123745,
14631.58,
8594092,
485119.4,
111701.1,
50853.95,
161491.3,
1136175,
17191.69,
0,
2.125299e+07,
2064, 
314415.2,
2785639,
511261.6,
290377.2,
54461.18,
1167935,
546663.5,
107835.8,
433269.8,
329911,
218593.5,
209371,
237820.2,
178114.7,
544808.3,
24275,
1141200,
2129809,
14495.86,
8633920,
500577.5,
113069.4,
47731.43,
172757,
1255436,
20971.22,
0,
2.198472e+07,
2065, 
312674.4,
2993042,
529096.3,
298103.9,
72130.59,
1195441,
604709.2,
136174.5,
503889.4,
343178.2,
223075,
197953.5,
240155.3,
194607.9,
567367.7,
24882.29,
1166819,
2126629,
14434.77,
8664806,
529890.8,
117321.5,
44585.32,
186704.8,
1368427,
25779.56,
0,
2.268188e+07,
2066, 
308457.8,
3151446,
546095.1,
302487.6,
93312.95,
1227813,
685431.4,
157649.3,
556707.4,
360752,
228518.2,
186829.8,
246199.7,
202993.1,
588593.3,
25520.92,
1215290,
2109899,
14380.16,
8681520,
579033.1,
123757.5,
41060.3,
204045.4,
1485775,
31206.41,
0,
2.335477e+07,
2067, 
309096.2,
3307510,
565162.1,
296654.2,
119552.1,
1270361,
790553.9,
180040.3,
608172.4,
375636.5,
232115.3,
175052.2,
252446.9,
209443.8,
613202.4,
28455.56,
1299402,
2079005,
14518.44,
8698425,
622671.5,
133146.3,
37481.79,
223547.8,
1594850,
38502.38,
0,
2.4075e+07,
2068, 
313667.7,
3456411,
586977,
286891,
153768.2,
1323005,
892236.3,
204439.4,
650139.1,
392135.9,
232817.9,
166260.3,
258578.3,
214024.1,
642658.8,
35678.57,
1399918,
2022047,
14831.95,
8710618,
659654.1,
146331.8,
35912.14,
242950.4,
1718635,
47352.34,
0,
2.480794e+07,
2069, 
318718.6,
3621424,
609828.8,
275438.3,
204064.3,
1388797,
999045.3,
227530.9,
685945,
412352.7,
238418,
161125.4,
262023.6,
217290,
673213.7,
43701.85,
1490278,
1972914,
14641.81,
8711910,
696129.6,
158971,
34619.03,
263915.9,
1839475,
61876.83,
0,
2.558365e+07,
2070, 
327809,
3787401,
634529.5,
266248.4,
262640.8,
1429854,
1095157,
249816.4,
723838.1,
437006.9,
239498.5,
160482,
266754,
219739.5,
701452.8,
54254.02,
1574358,
1942742,
14063.94,
8720556,
706172.5,
163252.5,
33237.53,
286413.2,
1979839,
83868.16,
0,
2.636098e+07,
2071, 
343094.7,
3899326,
661765.7,
260059.8,
343345.9,
1463319,
1171301,
287004.5,
746884.4,
462535.5,
248114.5,
164089.9,
271245.3,
221551.3,
730761,
64601.4,
1697737,
1942475,
13506.03,
8768203,
695838.3,
164358.7,
31919.08,
311527.1,
2113064,
109493.7,
0,
2.718712e+07,
2072, 
340647.1,
3961584,
686672.3,
263815.1,
473175.1,
1510852,
1230698,
335808,
780966.6,
486101,
254250.9,
172350.4,
273079.8,
222434.1,
757480.4,
75877.03,
1831029,
1946815,
12989.26,
8834179,
679806.6,
164504.9,
30822.34,
340489.6,
2263991,
139388.4,
0,
2.806981e+07,
2073, 
348375.5,
4024058,
710205.3,
270469.3,
620197.4,
1589784,
1275284,
404649.7,
869917.1,
509675.2,
260859.8,
187576.4,
276508.3,
220697.3,
783275.8,
88461.27,
1947221,
1954458,
13720.61,
8896509,
673720.5,
166378.9,
29871.04,
370897.2,
2426117,
175813.5,
0,
2.90947e+07,
2074, 
344531.7,
4088882,
735517.6,
280526.7,
777449.4,
1645783,
1313817,
505968.5,
988935.4,
532799.1,
270468.1,
204825.8,
281840.1,
218546.7,
806786.7,
106760.9,
2050987,
1944109,
14925.17,
8929078,
671664.8,
170259.3,
29207.29,
400418,
2617320,
215330.3,
0,
3.014674e+07,
2075, 
345099.6,
4154916,
778424.5,
293507.3,
930690.9,
1641518,
1371630,
626621.9,
1089697,
553609.2,
279968.3,
229897.5,
285024.9,
215982.3,
826049.6,
128151.7,
2104985,
1913732,
17526.99,
8951563,
675762.5,
176551.5,
29440.12,
426459.2,
2850563,
250071.4,
0,
3.114744e+07,
2076, 
348444,
4219954,
826598.8,
303718.9,
1100990,
1616302,
1440745,
748094.2,
1165246,
571346.4,
289212,
254340.2,
288672.8,
213183.7,
842065.2,
148574.6,
2158909,
1885444,
20057.42,
8967997,
684774.6,
184984.8,
29566.93,
450377,
3000942,
288281.5,
0,
3.204882e+07,
2077, 
353676.9,
4267975,
841167.6,
303828.5,
1245760,
1608002,
1524179,
880507.6,
1249364,
591884.5,
298919.1,
281261.7,
289884.8,
211100,
859722.7,
167691.5,
2228203,
1857557,
23086.75,
8992118,
689971.5,
191734.4,
29993.15,
479223.7,
3139830,
321769,
0,
3.292841e+07,
2078, 
361869.3,
4317219,
869775.4,
300039.6,
1399250,
1626892,
1578265,
990086.4,
1332621,
615379.9,
304457.4,
309911.4,
290125.8,
209967.6,
877543.1,
192488,
2324843,
1837235,
25582.71,
9001418,
686357,
193242.2,
30529.32,
498582.1,
3258450,
368494.9,
0,
3.380062e+07,
2079, 
373541.3,
4369290,
892773.9,
295468.3,
1554781,
1652660,
1611691,
1121165,
1445776,
639015.6,
309560.7,
329330.5,
290112.9,
210048.6,
897832.5,
218300,
2430689,
1823693,
28099.88,
8980186,
653804.9,
191488.8,
31491.38,
520668.3,
3360625,
428330.3,
0,
3.466042e+07,
2080, 
385882.3,
4421699,
917049.6,
291651.7,
1675583,
1672561,
1646191,
1243347,
1552647,
670992.8,
309145.8,
342986.8,
292222.7,
210698.2,
919181.9,
245261.8,
2549445,
1810387,
30915.94,
8966368,
630456.1,
186721.6,
32632.09,
545734.4,
3455559,
501665.2,
0,
3.550698e+07,
2081, 
400254.5,
4474900,
938259.8,
290249.3,
1791605,
1683758,
1683630,
1311537,
1622064,
692252.8,
314071.6,
356662.4,
295502.3,
212136.8,
941045.4,
272017,
2656938,
1798758,
33891.21,
8979856,
623149.3,
182869.7,
33079.51,
567089.1,
3529441,
580513.4,
0,
3.626553e+07,
2082, 
406685.4,
4520796,
976633.7,
292778.6,
1940223,
1689858,
1724695,
1365787,
1700375,
718024.8,
316344.6,
374195,
297781,
213889.6,
968320.1,
301724.3,
2779515,
1784171,
37440.82,
9013197,
607365.1,
180745.7,
33639.56,
591243.5,
3592088,
664146.5,
0,
3.709166e+07,
2083, 
413983.3,
4578702,
1036019,
296336.5,
2071145,
1695830,
1774091,
1522261,
1787864,
744274.9,
327958.2,
396572.2,
301880,
215646.4,
993515.8,
330382.4,
2897411,
1758004,
40947.23,
9064955,
594296.7,
179366.9,
34439.8,
613828.9,
3648392,
745580.1,
0,
3.806368e+07,
2084, 
422917.8,
4633695,
1084624,
298316,
2145851,
1703558,
1823482,
1723002,
1867208,
770544.3,
344293.2,
421511.7,
306133,
217800.9,
1024882,
362641.6,
3001950,
1741692,
44595.98,
9131000,
579357.6,
183220.5,
35772.96,
636646,
3697975,
804809.6,
0,
3.900748e+07,
2085, 
434336.1,
4684672,
1161142,
298639.4,
2218170,
1706273,
1871159,
1941316,
1925858,
793809.1,
363329.5,
440342.8,
307927.1,
220274.4,
1034789,
397793.9,
3165028,
1711252,
47848.6,
9171991,
562790.8,
187290.6,
37547.72,
656725.3,
3757543,
864361.8,
0,
3.996221e+07,
2086, 
449270.3,
4735165,
1239744,
291018.8,
2301198,
1713928,
1947643,
2173133,
2039891,
830271.4,
388721.1,
454070.6,
307665.4,
223382.6,
1050978,
441058.9,
3323565,
1681209,
49724.87,
9138479,
545178.9,
192545.7,
39323.56,
674459.1,
3866312,
911058.2,
0,
4.100899e+07,
2087, 
467172.2,
4770729,
1323197,
280365.1,
2380574,
1725378,
2035718,
2462465,
2126052,
840715.6,
416141.9,
466159.5,
307934.7,
226930.4,
1069931,
483110.5,
3475964,
1654700,
50369.13,
9066113,
526286.7,
192696.3,
41368.32,
692335.3,
3967425,
959332.9,
0,
4.200916e+07,
2088, 
483750.3,
4794805,
1388221,
270849.9,
2454417,
1738737,
2130692,
2773951,
2179160,
856385.1,
437255,
478930.9,
307004.6,
230761.9,
1087541,
533067.4,
3616269,
1626484,
50222.88,
8959559,
497508.3,
188328.9,
42752.89,
709798.8,
4048111,
1021529,
0,
4.290609e+07,
2089, 
501020.9,
4799953,
1434522,
261354,
2530449,
1748534,
2225146,
3000555,
2270721,
864348.9,
453046.2,
487252.7,
307709.2,
233976.3,
1073441,
585296.6,
3715073,
1586749,
49205.79,
8824961,
471167.5,
184089.3,
44964.75,
731245.3,
4091708,
1079456,
0,
4.355594e+07,
2090, 
513296.3,
4786423,
1479200,
254132.5,
2605515,
1756399,
2326382,
3214420,
2387285,
888714.6,
462846.2,
493850.4,
307059.9,
236152.9,
1073726,
645416.3,
3763598,
1542175,
49100.32,
8721121,
456946.1,
177689,
46102.61,
750080.5,
4159225,
1170459,
0,
4.426731e+07,
2091, 
525079.7,
4774011,
1528457,
249544.1,
2656029,
1766533,
2448385,
3419501,
2501292,
902806.5,
483887.6,
501097.9,
306625.6,
236426.4,
1074725,
709876.1,
3803329,
1499306,
48769.26,
8629476,
432170.5,
174315.5,
48501.38,
772585.4,
4179992,
1254418,
0,
4.492714e+07,
2092, 
536261.3,
4759305,
1573904,
253460.4,
2710206,
1778974,
2563099,
3586557,
2632639,
932233.4,
503470.8,
505839.8,
304870.8,
235734.8,
1071217,
785196.6,
3809795,
1441802,
48615.55,
8522566,
429523.8,
170093.8,
53634.18,
782042.7,
4196298,
1337478,
0,
4.552482e+07,
2093, 
544800.1,
4743226,
1613996,
257818.9,
2771115,
1779119,
2658100,
3779458,
2783635,
936820.8,
527189.1,
506528.6,
301596.5,
235305.6,
1070118,
861011.6,
3796299,
1383301,
48286.55,
8427244,
421496.3,
171404.1,
61626.82,
797281.6,
4141765,
1433179,
0,
4.605172e+07,
2094, 
552421.3,
4726149,
1642112,
265943.3,
2853345,
1772532,
2749860,
3993794,
2935180,
956162.1,
541027.7,
508177.4,
298029.1,
234623.1,
1088192,
941874.6,
3878071,
1336000,
48387.56,
8336723,
431512.4,
172915,
69745.21,
804787.6,
4145095,
1512531,
0,
4.679519e+07,
2095, 
560210,
4720152,
1683471,
270652.8,
2950982,
1769867,
2839086,
4246396,
3087544,
974579.6,
562498.3,
504434.8,
295639.2,
233493.3,
1106484,
1011903,
3968535,
1308597,
46713.91,
8263431,
435214.8,
177906.3,
77041.57,
818670.1,
4154521,
1600855,
0,
4.766888e+07,
2096, 
562577.9,
4713606,
1711865,
271069.5,
3079276,
1723426,
2914333,
4618891,
3207403,
994949,
580426.4,
498271.1,
294429.9,
232067.5,
1123850,
1077573,
4072873,
1275929,
44905.63,
8196787,
452141.9,
181122.1,
86484.13,
829206.4,
4114465,
1702632,
0,
4.856056e+07,
2097, 
563647.6,
4702294,
1747296,
263828,
3198688,
1680160,
2929229,
4950572,
3290897,
1011265,
605819.6,
493627.6,
294646.2,
230528,
1137570,
1133026,
4174257,
1267950,
44128.69,
8140713,
463821.1,
182266.7,
95518.81,
844283.8,
4099185,
1841847,
0,
4.938706e+07,
2098, 
563685,
4697279,
1777626,
241561.5,
3311421,
1649815,
3000389,
5168171,
3374514,
1020044,
633676.5,
489509,
296403.4,
230122.3,
1145678,
1194023,
4270175,
1267672,
43006.13,
8096032,
470652.1,
180220.9,
104889.6,
855001.3,
4004991,
1955443,
0,
5.0042e+07,
2099, 
563724.2,
4696702,
1826525,
227258.8,
3408852,
1595624,
3078223,
5373706,
3455872,
1022667,
653692.4,
489192.2,
300850,
233032.6,
1148775,
1234951,
4341586,
1259040,
43576.23,
8074401,
486504.3,
176427.8,
113205.9,
873804.5,
3861612,
2050964,
0,
5.059076e+07,
2100, 
560393.3,
4698161,
1869418,
212009.3,
3485101,
1561321,
3170269,
5590691,
3529799,
1027632,
687587.5,
486763.5,
305079.1,
235272.9,
1148151,
1266454,
4421083,
1249965,
43691.87,
8051046,
504767.4,
171569.8,
123072.7,
925390.2,
3688477,
2143949,
0,
5.115711e+07];
