real main.em.dem.hi.Steel_Production[28](t) = [1971, 
11.04,
109.264,
3.821,
0.169,
5.997,
4.012,
0.568,
0,
0,
4.881,
154.475,
39.071,
1.235,
44.55631,
6.460629,
69.62006,
0.107,
6.101,
2.832,
21.765,
0.596,
0.01,
88.557,
6.897,
0,
0.519,
0,
582.554,
1972, 
11.863,
120.874,
4.431,
0.191,
6.518,
4.477,
0.681,
0,
0,
5.337,
168.084,
41.535,
1.557,
46.38529,
6.72583,
72.47788,
0.137,
6.856,
3.086,
23.84,
0.841,
0.03,
96.9,
6.908,
0,
0.552,
0,
630.287,
1973, 
13.388,
136.802,
4.76,
0.23,
7.15,
4.547,
0.86,
0,
0,
5.722,
181.397,
43.63,
1.354,
48.56145,
7.041371,
75.87817,
0.385,
6.889,
4.057,
26.95,
0.931,
0.05,
119.322,
7.889,
0,
0.6,
0,
698.394,
1974, 
13.623,
132.195,
5.138,
0.25,
7.515,
4.834,
0.805,
0,
0,
5.839,
188.438,
45.528,
1.59,
50.30438,
7.294094,
78.60153,
0.727,
7.068,
5.147,
27.321,
0.939,
0.08,
117.131,
8.007,
0,
0.62,
0,
708.995,
1975, 
13.025,
105.816,
5.272,
0.31,
8.387,
4.616,
0.851,
0,
0,
6.831,
156.54,
47.734,
1.703,
52.19725,
7.56856,
81.55919,
0.681,
7.991,
4.894,
27.43,
0.938,
0.1,
102.313,
8.054,
0,
0.62,
0,
645.431,
1976, 
13.29,
116.12,
5.298,
0.309,
9.253,
4.584,
0.958,
0,
0,
7.106,
165.691,
50.166,
1.972,
53.48256,
7.754929,
83.5675,
0.684,
9.364,
6.515,
23.048,
1.022,
0.139,
107.399,
8.016,
0,
0.62,
0,
676.359,
1977, 
13.631,
113.7,
5.601,
0.364,
11.253,
4.774,
1.167,
0,
0,
7.295,
157.065,
53.846,
1.902,
54.16585,
7.854004,
84.63515,
1.948,
10.009,
8.347,
25.94,
1.073,
0.25,
102.405,
7.556,
0,
0.65,
0,
675.431,
1978, 
14.899,
124.313,
6.711,
0.364,
12.205,
5.034,
1.33,
0,
0,
7.902,
165.1,
56.022,
2.172,
55.93167,
8.110047,
87.39428,
1.576,
10.099,
10.049,
35.682,
1.144,
0.31,
102.105,
7.821,
0,
0.85,
0,
717.124,
1979, 
16.078,
123.276,
7.005,
0.398,
13.893,
6.158,
1.55,
0,
0,
8.876,
175.079,
56.868,
2.396,
55.06409,
7.984248,
86.03867,
2.103,
10.126,
12.91,
39.15,
1.327,
0.518,
111.748,
8.348,
0,
0.89,
0,
747.784,
1980, 
15.901,
101.456,
7.156,
0.443,
15.337,
6.268,
1.541,
0.02,
0,
9.067,
162.483,
57.553,
2.536,
54.63713,
7.922339,
85.37154,
1.226,
9.514,
14.358,
40.698,
1.33,
0.543,
111.395,
7.819,
0.131,
0.875,
0,
715.581,
1981, 
14.811,
109.614,
7.663,
0.443,
13.226,
6.009,
1.752,
0.022,
0,
9.005,
159.964,
54.119,
2.425,
54.85356,
7.953722,
85.70972,
1.248,
10.765,
16.253,
38.921,
1.123,
0.621,
101.676,
7.856,
0.144,
0.761,
0,
706.938,
1982, 
11.871,
67.656,
7.056,
0.732,
12.995,
6.382,
2.054,
0.09,
0,
8.28,
144.433,
52.979,
3.183,
54.34978,
7.880674,
84.92255,
1.232,
10.997,
17.558,
41.482,
1.231,
0.693,
99.548,
6.623,
0.098,
0.608,
0,
644.934,
1983, 
12.832,
76.762,
6.978,
0.844,
14.671,
6.778,
2.041,
0.182,
0,
7.18,
143.196,
54.429,
3.834,
56.32871,
8.167618,
88.01467,
1.661,
10.237,
18.015,
45.222,
1.099,
0.983,
97.179,
5.91,
0.178,
0.722,
0,
663.444,
1984, 
14.699,
83.941,
7.56,
0.627,
18.386,
7.019,
1.856,
0.229,
0,
7.732,
156.085,
56.685,
4.33,
56.96361,
8.259678,
89.00671,
2.366,
10.549,
19.534,
48.886,
1.343,
1.171,
105.586,
6.582,
0.388,
0.498,
0,
710.282,
1985, 
14.637,
80.068,
7.399,
0.681,
20.455,
7.683,
2.609,
0.321,
0,
8.507,
157.437,
56.029,
4.864,
57.11984,
8.282331,
89.25082,
2.675,
11.936,
20.039,
52.28,
1.462,
1.374,
105.279,
6.836,
0.872,
0.806,
0,
718.902,
1986, 
14.081,
74.032,
7.225,
0.87,
21.233,
8.529,
2.652,
0.2,
0,
8.895,
147.327,
57.733,
5.928,
59.29305,
8.597445,
92.6465,
2.655,
12.197,
21.155,
57.933,
1.5,
1.729,
98.275,
6.961,
1.016,
0.749,
0,
713.412,
1987, 
14.737,
80.877,
7.642,
0.892,
22.228,
9.326,
3.162,
0.184,
0,
8.991,
145.011,
58.556,
7.044,
59.78686,
8.669047,
93.41809,
2.912,
13.121,
23.512,
62.115,
1.825,
2.059,
98.513,
6.509,
1.12,
0.672,
0,
732.882,
1988, 
14.866,
90.65,
7.779,
0.791,
24.657,
9.487,
3.587,
0.234,
0,
8.837,
159.984,
57.516,
7.982,
60.21641,
8.731331,
94.08926,
3.318,
14.309,
25.948,
67.614,
1.817,
1.85,
105.681,
6.847,
1.32,
0.677,
0,
778.788,
1989, 
15.458,
88.853,
7.85,
0.784,
25.017,
9.32,
3.35,
0.213,
0,
9.567,
161.825,
55.688,
7.852,
59.13017,
8.573828,
92.392,
3.676,
14.429,
28.803,
70.587,
1.995,
1.85,
107.909,
7.34,
1.32,
0.667,
0,
784.449,
1990, 
12.281,
89.726,
8.734,
0.708,
20.567,
8.718,
3.759,
0.275,
0.05,
8.619,
155.46,
47.165,
9.443,
57.0397,
8.27071,
89.1256,
4.065,
14.963,
30.125,
76.247,
3.001,
2.892,
110.339,
7.395,
0.9,
0.595,
0,
770.463,
1991, 
12.987,
79.738,
7.964,
0.701,
22.617,
8.291,
4.315,
0.307,
0.05,
9.358,
150.292,
35.334,
9.398,
49.06302,
7.114098,
76.66188,
4.778,
17.1,
31.001,
82.123,
3.164,
3.089,
109.649,
6.947,
0.958,
0.591,
0,
733.591,
1992, 
13.933,
84.322,
8.459,
0.773,
23.934,
8.363,
4.344,
0.257,
0.05,
9.061,
145.453,
31.291,
10.343,
43.483,
6.305,
67.943,
5.589,
18.117,
32.055,
91.79,
3.701,
2.949,
98.132,
7.561,
0.919,
0.557,
0,
719.684,
1993, 
14.387,
88.793,
9.199,
0.665,
25.207,
8.591,
4.747,
0.247,
0.05,
8.726,
145.942,
30.838,
11.519,
34.159,
4.852,
58.797,
6.875,
18.155,
36.526,
101.659,
4.199,
3.802,
99.623,
8.706,
1.054,
0.23,
0,
727.548,
1994, 
13.897,
91.244,
10.26,
0.786,
25.747,
9.21,
4.494,
0.115,
0.05,
8.525,
153.25,
33.423,
12.624,
25.594,
3.333,
48.993,
7.806,
19.282,
35.345,
104.357,
4.836,
3.22,
98.295,
9.192,
1.064,
0.163,
0,
725.105,
1995, 
14.415,
95.191,
12.147,
0.973,
25.076,
9.559,
4.584,
0.096,
0.05,
8.741,
157.045,
33.12,
13.183,
23.716,
3.395,
51.693,
8.133,
22.003,
37.372,
107.115,
6.324,
4.13,
101.64,
9.302,
1.016,
0.22,
0,
750.239,
1996, 
14.735,
95.535,
13.172,
1.009,
25.237,
10.632,
4.324,
0.073,
0.05,
7.999,
147.777,
32.376,
13.624,
23.864,
3.66,
49.355,
9.169,
23.753,
39.503,
113.687,
7.146,
4.109,
98.801,
9.223,
0.967,
0.212,
0,
749.992,
1997, 
15.553,
98.485,
14.218,
1.205,
26.153,
10.813,
4.213,
0.075,
0.05,
8.311,
161.241,
35.191,
14.475,
27.659,
4.268,
48.631,
9.929,
24.415,
43.154,
124.905,
6.765,
3.816,
104.545,
9.589,
0.97,
0.214,
0,
798.843,
1998, 
15.93,
98.658,
14.213,
1.139,
25.76,
10.361,
4.52,
0.06,
0.05,
7.956,
161.324,
32.371,
14.144,
26.592,
3.472,
43.883,
9.065,
23.48,
40.196,
131.502,
5.427,
2.699,
93.548,
9.697,
0.97,
0.212,
0,
777.229,
1999, 
16.235,
97.428,
15.299,
1.095,
24.996,
9.574,
4.429,
0.06,
0.05,
7.341,
156.667,
27.387,
14.313,
29.697,
4.443,
51.517,
9.779,
24.296,
41.342,
139.147,
5.245,
2.891,
91.192,
8.947,
0.93,
0.255,
0,
784.555,
2000, 
16.594,
101.803,
15.586,
1.324,
27.865,
11.25,
4.969,
0.06,
0.05,
8.481,
165.037,
31.04,
14.325,
34.177,
5.176,
59.136,
10.78,
26.924,
43.407,
144.132,
7.11,
2.848,
106.444,
7.831,
0.98,
0.267,
0,
847.596,
2001, 
15.276,
90.104,
13.3,
1.179,
26.717,
10.658,
5.789,
0.06,
0.05,
8.821,
160.137,
29.957,
14.981,
35.561,
5.088,
58.97,
11.69,
27.291,
44.152,
168.127,
7.527,
2.781,
102.866,
7.859,
1.13,
0.149,
0,
850.22,
2002, 
16.002,
91.587,
14.01,
1.35,
29.604,
11.255,
6.498,
0.06,
0.05,
9.095,
160.384,
30.662,
16.467,
36.048,
5.264,
59.902,
12.492,
28.814,
45.69,
200.479,
8.704,
2.462,
107.745,
8.292,
1,
0.105,
0,
904.021,
2003, 
15.927,
93.677,
15.178,
1.396,
31.147,
11.888,
6.547,
0.06,
0.05,
9.481,
162.677,
32.819,
18.298,
39.363,
5.397,
61.7,
13.443,
31.779,
46.61,
241.245,
9.141,
2.042,
110.511,
8.397,
1.03,
0.152,
0,
969.955,
2004, 
16.305,
99.681,
16.737,
1.298,
32.909,
12.966,
6.921,
0.1,
0.05,
9.5,
170.797,
33.712,
20.478,
41.542,
5.987,
65.833,
14.253,
32.626,
47.821,
300.085,
11.955,
3.682,
112.718,
8.299,
1.175,
0.135,
0,
1067.565,
2005, 
15.327,
94.897,
16.195,
1.212,
31.61,
13.708,
8.185,
0.16,
0.05,
9.494,
166.975,
31.01,
20.965,
41.684,
5.046,
66.476,
15.257,
45.78,
48.12,
374.732,
12.414,
3.675,
112.471,
8.646,
0.855,
0.107,
0,
1145.051,
2006, 
15.493,
98.557,
16.447,
1.294,
30.901,
14.397,
8.828,
0.16,
0.05,
9.718,
175.168,
34.51,
23.315,
43.89,
4.886,
71.13,
15.376,
49.45,
48.755,
443.081,
13.807,
3.759,
116.226,
8.691,
1.07,
0.024,
0,
1248.983,
2007, 
15.572,
98.102,
17.573,
1.372,
33.782,
14.45,
9.424,
0.16,
0.05,
9.098,
177.195,
35.382,
25.754,
46.205,
5.427,
72.537,
16.452,
53.08,
51.817,
515.802,
15.867,
4.016,
120.203,
8.784,
1.12,
0.023,
0,
1349.247,
2008, 
14.845,
91.35,
17.209,
1.089,
33.716,
13.665,
8.514,
0.16,
0.05,
8.246,
170.146,
31.543,
26.806,
40.753,
4.932,
68.66,
16.647,
57.791,
54.925,
532.221,
15.384,
3.915,
118.739,
8.424,
1.03,
0.023,
0,
1340.783,
2009, 
9.286,
58.196,
14.132,
0.964,
26.506,
11.27,
7.706,
0.16,
0.05,
7.484,
119.44,
22.534,
25.304,
32.652,
4.862,
60.131,
17.766,
63.527,
49.872,
592.884,
13.213,
3.501,
87.534,
6.014,
0.83,
0.023,
0,
1235.841,
2010, 
13.009,
80.495,
16.87,
1.188,
32.948,
10.945,
8.798,
0.16,
0.05,
7.617,
149.503,
26.522,
29.143,
36.202,
4.936,
67.062,
20,
68.976,
60.214,
658.498,
15.956,
3.664,
109.599,
8.149,
0.83,
0.023,
0,
1431.357,
2011, 
12.891,
86.398,
18.11,
1.276,
35.22,
12.944,
7.94,
0.16,
0.05,
7.546,
153.471,
27.84,
34.107,
38.259,
5.432,
68.972,
23.03,
73.471,
69.819,
722.146,
17.056,
3.621,
107.601,
7.248,
0.88,
0.023,
0,
1535.511,
2012, 
13.507,
88.695,
18.095,
1.311,
34.524,
11.855,
8.188,
0.16,
0.05,
6.938,
145.981,
26.161,
35.885,
35.997,
4.412,
70.546,
24.679,
77.561,
70.353,
737.206,
16.211,
2.254,
107.232,
5.805,
0.88,
0.023,
0,
1544.509,
2013, 
12.4,
87,
18.2,
1.311,
34.2,
5.2,
6.8,
0.16,
0.05,
7.2,
141.8,
20.7,
34.7,
35,
3.3,
69.4,
25.9,
81.2,
66,
801.3,
13.9,
2.6,
110.6,
4.7,
1.9,
0.023,
0,
1585.544,
2014, 
12.7,
88.2,
19,
1.311,
33.9,
5.5,
6.5,
0.16,
0.05,
6.6,
143.9,
21.9,
34,
29.7,
3.7,
71.5,
28,
87.3,
71.5,
845.8,
14.3,
4.4,
110.7,
4.6,
2.4,
0.023,
0,
1647.644,
2015, 
12.5,
78.9,
18.3,
1.311,
33.3,
5,
5.5,
0.16,
0.05,
7.6,
139.8,
22.4,
31.5,
25.5,
3.6,
71.1,
27.4,
89.6,
69.7,
825.2,
13.2,
4.9,
105.2,
4.9,
2.9,
0.023,
0,
1599.544,
2016, 
12.7,
78.5,
19,
1.311,
30.2,
4.1,
5,
0.16,
0.05,
6.1,
136.22,
22.3,
33.2,
26.4,
4.2,
70.5,
29.1,
95.5,
68.6,
808.7,
14.4,
4.8,
104.8,
5.3,
3.6,
0.023,
0,
1584.764,
2017, 
13.7,
81.6,
20,
1.311,
34.4,
4.6,
6.8,
0.16,
0.05,
6.3,
138.6,
23.5,
37.5,
25.1,
4.4,
71.3,
32.5,
101.4,
71.1,
854.9,
17.6,
4.8,
104.7,
5.3,
5,
0.023,
0,
1666.644,
2018, 
13.2985,
84.68059,
19.1935,
0.9743815,
33.48447,
6.843469,
8.961737,
0.605,
0.225,
6.22585,
137.0776,
25.14665,
35.62154,
24.4806,
4.600194,
71.61459,
39.54729,
106.3754,
71.59592,
936.1366,
24.53908,
6.682421,
101.9921,
5.729932,
6.717018,
0.2265,
0,
1772.576,
2019, 
12.897,
87.76118,
18.387,
0.637763,
32.56894,
9.086937,
11.12347,
1.05,
0.4,
6.1517,
135.5552,
26.7933,
33.74308,
23.8612,
4.800388,
71.92918,
46.59459,
111.3507,
72.09185,
1017.373,
31.47816,
8.564842,
99.28411,
6.159864,
8.434036,
0.43,
0,
1878.508,
2020, 
10.986,
72.73212,
16.80256,
0.509364,
31.41486,
7.271715,
12.80117,
1.05,
0.385,
3.8765,
119.8792,
23.59611,
35.81025,
23.56337,
4.8312,
71.82096,
48.40515,
100.2565,
67.80876,
1085.726,
32.64753,
12.87137,
83.18649,
6.076141,
9.333,
0.37,
0,
1884.011,
2021, 
12.97629,
85.79141,
18.45359,
0.640518,
36.07107,
9.495258,
15.57167,
1.05,
0.485,
5.0195,
137.8964,
26.76474,
40.36005,
24.41692,
5.548995,
77.30557,
50.09743,
118.2014,
71.08003,
1058.476,
37.7538,
14.83481,
96.33601,
6.42527,
10.96767,
0.42,
0,
1962.439,
2022, 
12.09757,
80.5354,
18.38633,
0.560328,
34.0895,
9.971719,
16.43181,
1.05,
0.45,
4.4025,
123.9235,
22.88337,
35.13378,
8.893232,
5.099587,
72.10544,
54.53187,
125.3772,
66.54617,
1039.881,
35.07412,
15.56786,
89.2268,
6.191218,
11.243,
0.41,
0,
1890.064,
2023, 
12.11104,
81.39223,
16.17971,
0.494195,
31.86875,
9.765679,
17.14286,
1.05,
0.45,
4.870989,
116.3068,
19.89046,
33.71368,
9.0277,
4.923303,
76.37865,
54.85159,
140.706,
67.38328,
1038.229,
34.21028,
16.8,
86.9988,
6.013748,
10.867,
0.41,
0,
1892.036,
2024, 
12.11864,
81.48006,
16.52323,
0.9828243,
31.71319,
10.5366,
18.14717,
1.193697,
0.5722058,
4.917113,
115.7337,
20.58455,
33.99969,
9.313085,
5.350392,
75.92033,
56.18599,
154.9593,
66.5053,
1032.185,
37.83116,
19.06527,
85.70433,
5.976518,
12.57276,
0.4317442,
0,
1910.504,
2025, 
12.16729,
81.65411,
16.65649,
1.115058,
31.8528,
10.86901,
19.41703,
1.252418,
0.6143263,
4.934737,
115.4385,
21.39317,
34.3178,
9.7812,
5.80971,
75.6293,
57.63163,
169.8522,
65.78458,
1026.63,
41.50904,
21.31569,
84.66689,
5.962776,
14.72381,
0.4434721,
0,
1931.423,
2026, 
12.20525,
81.91982,
17.17452,
1.133445,
32.02858,
10.81785,
20.97452,
1.337045,
0.6533747,
4.96518,
114.9836,
22.07291,
34.78279,
9.973201,
6.206646,
75.63847,
59.252,
185.7602,
65.11015,
1019.961,
45.66416,
23.5249,
83.93728,
5.972624,
18.1998,
0.4733318,
0,
1954.723,
2027, 
12.24339,
82.17979,
17.67599,
1.160098,
32.36871,
10.64607,
22.4627,
1.437687,
0.7043657,
4.997362,
114.5315,
22.71958,
35.2205,
10.18785,
6.577983,
75.90951,
60.82069,
201.0279,
64.65239,
1014.024,
48.58366,
25.47762,
83.66432,
5.982052,
20.78195,
0.5147322,
0,
1976.552,
2028, 
12.28281,
82.44324,
18.167,
1.204195,
32.84013,
10.43998,
23.89388,
1.564482,
0.7748179,
5.033765,
113.9205,
23.33871,
35.63254,
10.42761,
6.931138,
76.37788,
62.35368,
215.6506,
64.37339,
1008.69,
50.21522,
27.27268,
83.76658,
5.991537,
22.93016,
0.5681438,
0,
1997.084,
2029, 
12.32655,
82.71687,
18.65476,
1.265134,
33.33318,
10.22198,
25.23305,
1.721911,
0.8640109,
5.077456,
113.2587,
23.93619,
36.01288,
10.67885,
7.27842,
76.83517,
63.86994,
229.5861,
64.12679,
1003.148,
51.64601,
28.98242,
83.92129,
6.002889,
25.02602,
0.6338894,
0,
2016.358,
2030, 
12.37635,
82.48122,
19.1456,
1.339164,
33.91,
10.01773,
26.40221,
1.91921,
0.9752903,
5.13201,
112.582,
24.35411,
36.36732,
10.96611,
7.626827,
77.34047,
65.38998,
242.8906,
63.96112,
997.642,
53.06462,
30.64758,
84.22636,
6.019573,
27.13864,
0.7121699,
0,
2034.628,
2031, 
12.40889,
82.23858,
19.75747,
1.469571,
35.22952,
9.992493,
27.95849,
2.391149,
1.163928,
5.390114,
111.9914,
24.1551,
36.67504,
11.36685,
8.087057,
78.23667,
67.04963,
256.7242,
63.95758,
991.594,
54.62343,
32.34214,
84.99149,
6.046533,
29.86532,
0.8531468,
0,
2056.56,
2032, 
12.40423,
82.07627,
20.38461,
1.638808,
36.55234,
10.06706,
29.47594,
2.886832,
1.377596,
5.657771,
111.4936,
23.98628,
36.95568,
11.81125,
8.55501,
79.03641,
68.74376,
269.8515,
63.93002,
985.1245,
56.26335,
34.0362,
85.68565,
6.081375,
32.58279,
1.020673,
0,
2077.679,
2033, 
12.41574,
82.01805,
20.99633,
1.846281,
37.89225,
10.27696,
30.9816,
3.448695,
1.625206,
5.93929,
111.0445,
23.86026,
37.21104,
12.31573,
9.037927,
79.73531,
70.49207,
282.3177,
63.90339,
978.1268,
57.98521,
35.75769,
86.32699,
6.125593,
35.31258,
1.214726,
0,
2098.208,
2034, 
12.45246,
82.05518,
21.47816,
2.094889,
39.27325,
10.61076,
32.49231,
4.085228,
1.908396,
6.238403,
110.6714,
23.76315,
37.44318,
12.92424,
9.541817,
80.34239,
72.31326,
294.1806,
63.87795,
970.6786,
59.71177,
37.52473,
86.91196,
6.181254,
38.05555,
1.435167,
0,
2118.246,
2035, 
12.51718,
82.20854,
21.9428,
2.381941,
40.6991,
11.04321,
34.02071,
4.798371,
2.227202,
6.558026,
110.4215,
23.65529,
37.65288,
13.6809,
10.07238,
80.8622,
74.22309,
305.4837,
63.84481,
962.7272,
61.43214,
39.35556,
87.54073,
6.249833,
40.8098,
1.681714,
0,
2138.091,
2036, 
12.60183,
82.37852,
22.48988,
2.750654,
42.62265,
11.68321,
35.92074,
5.854368,
2.693765,
7.029521,
110.2723,
23.57027,
37.79534,
14.39002,
10.64995,
81.49437,
76.11244,
317.378,
63.89752,
953.9597,
63.11148,
41.36273,
88.39308,
6.333977,
44.14705,
2.03718,
0,
2160.931,
2037, 
12.70869,
82.647,
23.06657,
3.162083,
44.58746,
12.44774,
37.82151,
6.984363,
3.199995,
7.514532,
110.2022,
23.53538,
37.92229,
14.86624,
11.26032,
82.09746,
77.75459,
328.6796,
63.99897,
944.8441,
64.85481,
43.43443,
89.18212,
6.430697,
47.43244,
2.418061,
0,
2183.054,
2038, 
12.82889,
83.00333,
23.65516,
3.61985,
46.59421,
13.3328,
39.74047,
8.211949,
3.754914,
8.013483,
110.2229,
23.54306,
38.03305,
15.33519,
11.9043,
82.59262,
79.40401,
339.416,
64.07601,
935.2463,
66.67001,
45.56987,
90.07153,
6.540009,
50.69369,
2.831349,
0,
2204.905,
2039, 
12.95853,
83.31521,
24.26467,
4.126091,
48.61295,
14.33751,
41.68326,
9.53932,
4.359082,
8.52564,
110.2862,
23.58157,
38.12935,
15.79595,
12.5812,
83.00861,
81.1224,
349.6315,
64.17238,
925.3382,
68.57594,
47.77143,
90.8336,
6.661316,
53.93349,
3.277391,
0,
2226.423,
2040, 
13.10573,
83.69881,
24.89454,
4.680874,
50.66453,
15.47516,
43.64419,
10.9643,
5.011259,
9.04949,
110.4296,
23.66869,
38.21264,
16.21167,
13.28903,
83.34441,
82.89021,
359.3492,
64.26991,
915.0581,
70.55189,
50.0342,
91.59945,
6.79386,
57.1441,
3.755282,
0,
2247.791,
2041, 
13.26588,
84.22858,
25.60664,
5.329799,
53.00356,
16.83509,
45.9146,
13.01106,
5.962468,
9.669415,
110.6928,
23.81507,
38.24267,
16.67722,
14.02481,
83.73026,
84.67329,
369.3979,
64.37696,
904.0457,
72.49401,
52.34895,
92.48401,
6.939861,
61.02979,
4.439319,
0,
2272.24,
2042, 
13.44096,
84.81017,
26.34674,
6.015773,
55.33358,
18.30885,
48.15288,
15.14684,
6.966192,
10.28705,
111.0059,
23.98862,
38.26389,
17.13625,
14.78248,
84.07411,
86.44048,
378.8969,
64.48785,
892.7734,
74.41197,
54.67877,
93.34939,
7.094276,
64.81831,
5.153053,
0,
2296.165,
2043, 
13.61868,
85.33739,
27.09145,
6.738585,
57.62501,
19.88492,
50.36253,
17.396,
8.033672,
10.89998,
111.3499,
24.21896,
38.2759,
17.55683,
15.55513,
84.33563,
88.19846,
387.8922,
64.58554,
881.4297,
76.3129,
57.00382,
94.14118,
7.255376,
68.54076,
5.903824,
0,
2319.544,
2044, 
13.8095,
85.95529,
27.85756,
7.49697,
59.83738,
21.52855,
52.53482,
19.75818,
9.163529,
11.50545,
111.7243,
24.58278,
38.27928,
17.95449,
16.3387,
84.53533,
89.98171,
396.3828,
64.63033,
869.6998,
78.26519,
59.30742,
94.81965,
7.42083,
72.19946,
6.691308,
0,
2342.26,
2045, 
14.00083,
86.52865,
28.63311,
8.283314,
61.96704,
23.22251,
54.66642,
22.22862,
10.3538,
12.10074,
112.1172,
24.93637,
38.27308,
18.3692,
17.12806,
84.62383,
91.79737,
404.4095,
64.63475,
858.0932,
80.24152,
61.5914,
95.31078,
7.588568,
75.8077,
7.513954,
0,
2364.421,
2046, 
14.19118,
87.08096,
29.42167,
9.136979,
64.24034,
25.0081,
57.00903,
25.68844,
12.03091,
12.73288,
112.5067,
25.2613,
38.21803,
18.7583,
17.92779,
84.79502,
93.56413,
412.5532,
64.71106,
845.733,
82.19098,
63.80377,
95.88629,
7.758652,
80.09433,
8.662231,
0,
2388.965,
2047, 
14.38206,
87.63236,
30.2029,
10.00165,
66.37648,
26.8155,
59.27844,
29.26019,
13.77689,
13.34291,
112.8891,
25.59837,
38.1558,
19.11145,
18.72219,
84.82534,
95.36926,
420.1733,
64.65966,
833.3705,
84.18921,
65.96932,
96.29606,
7.928114,
84.27648,
9.84783,
0,
2412.451,
2048, 
14.57123,
88.18337,
30.99036,
10.88787,
68.36881,
28.66525,
61.47754,
32.97484,
15.60718,
13.92941,
113.2694,
25.97804,
38.08805,
19.40836,
19.50828,
84.78267,
97.20657,
427.2963,
64.55329,
820.9349,
86.24959,
68.07499,
96.56807,
8.095716,
88.37177,
11.0804,
0,
2435.122,
2049, 
14.76324,
88.73525,
31.77595,
11.80721,
70.22662,
30.56832,
63.60589,
36.83525,
17.52438,
14.49117,
113.6407,
26.38411,
38.0168,
19.68561,
20.28066,
84.62072,
99.05584,
433.9457,
64.4329,
808.5013,
88.34783,
70.1114,
96.75532,
8.260231,
92.38398,
12.36238,
0,
2457.119,
2050, 
14.95665,
89.28626,
32.5408,
12.75859,
71.9204,
32.53153,
65.66208,
40.83747,
19.52555,
15.02732,
113.9969,
26.78945,
37.94081,
19.89892,
21.03478,
84.36662,
100.8902,
440.1493,
64.19038,
795.8689,
90.50263,
72.07026,
96.7049,
8.420701,
96.34914,
13.69384,
0,
2477.914,
2051, 
15.13799,
89.80308,
33.30054,
13.74993,
73.60684,
34.54238,
67.83641,
46.12979,
22.16548,
15.56915,
114.2962,
27.17578,
37.82313,
20.12017,
21.78814,
84.11752,
102.6642,
446.3894,
63.86075,
782.8071,
92.65108,
73.9519,
96.62393,
8.57422,
100.9264,
15.44812,
0,
2501.06,
2052, 
15.31614,
90.31248,
34.03766,
14.7351,
75.1453,
36.55287,
69.90843,
51.38343,
24.80631,
16.07941,
114.5765,
27.55799,
37.70395,
20.30005,
22.51522,
83.84109,
104.4011,
452.1735,
63.53897,
769.9849,
94.85876,
75.75122,
96.53262,
8.72211,
105.3725,
17.19237,
0,
2523.3,
2053, 
15.49249,
90.81377,
34.74574,
15.71353,
76.53453,
38.56198,
71.88516,
56.61267,
27.45227,
16.55856,
114.8363,
27.94738,
37.58295,
20.44359,
23.21485,
83.47571,
106.0918,
457.524,
63.12066,
757.1917,
97.11859,
77.45764,
96.54923,
8.863881,
109.7102,
18.93108,
0,
2544.43,
2054, 
15.59871,
90.75754,
35.32418,
16.57693,
77.9963,
40.32668,
73.69641,
61.73961,
30.05037,
17.00705,
114.8518,
27.91403,
37.47244,
20.66805,
23.88063,
83.45067,
107.4084,
462.6086,
62.92677,
745.8384,
98.71283,
79.00999,
97.11331,
8.995236,
113.8216,
20.64288,
0,
2564.389,
2055, 
15.70638,
90.72405,
35.8816,
17.4398,
79.31011,
42.098,
75.43686,
66.88235,
32.65932,
17.42603,
114.8495,
27.91811,
37.36302,
20.84382,
24.51898,
83.32234,
108.7664,
467.2998,
62.68387,
734.3921,
100.4486,
80.48099,
97.19431,
9.12001,
117.8709,
22.35909,
0,
2582.996,
2056, 
15.79887,
90.74674,
36.39341,
18.32351,
80.51942,
43.88558,
77.24694,
73.46828,
35.97256,
17.83558,
114.8101,
27.9489,
37.20972,
21.00447,
25.15167,
83.19929,
110.1176,
471.8548,
62.34555,
722.7837,
102.2662,
81.85417,
97.16902,
9.236738,
122.4437,
24.54062,
0,
2604.127,
2057, 
15.88399,
90.79458,
36.87672,
19.19668,
81.57398,
45.65925,
78.97422,
79.97985,
39.25687,
18.21396,
114.7524,
28.00388,
37.05559,
21.12372,
25.75219,
82.98972,
111.4394,
476.0219,
61.95236,
711.1627,
104.1161,
83.16158,
96.96692,
9.346988,
126.8799,
26.69422,
0,
2623.83,
2058, 
15.9696,
90.83353,
37.34104,
20.05982,
82.46705,
47.4263,
80.62888,
86.43607,
42.5202,
18.56276,
114.7002,
28.10271,
36.89984,
21.20642,
26.32244,
82.65253,
112.6888,
479.8248,
61.455,
699.835,
106.011,
84.40108,
96.57085,
9.451407,
131.2028,
28.82593,
0,
2642.396,
2059, 
16.05506,
90.89278,
37.79159,
20.91545,
83.24884,
49.19419,
82.21005,
92.85427,
45.76688,
18.88366,
114.6598,
28.2257,
36.74695,
21.25486,
26.86294,
82.31033,
113.9194,
483.2876,
60.91479,
688.5747,
107.921,
85.55425,
96.08279,
9.549878,
135.4203,
30.94175,
0,
2660.04,
2060, 
16.13206,
90.94368,
38.22045,
21.76501,
83.88707,
50.95586,
83.70784,
99.24145,
48.99763,
19.17831,
114.571,
28.38013,
36.59252,
21.27169,
27.3736,
81.84521,
115.124,
486.4398,
60.30183,
677.2787,
109.8119,
86.62682,
95.42126,
9.641938,
139.5327,
33.04398,
0,
2676.286,
2061, 
16.20779,
91.04366,
38.61059,
22.62804,
84.46329,
52.72178,
85.18649,
107.0811,
52.9576,
19.457,
114.4335,
28.55331,
36.40246,
21.28005,
27.8754,
81.42939,
116.1781,
489.2984,
59.68301,
666.1885,
111.6682,
87.58671,
94.76417,
9.72495,
144.0493,
35.60594,
0,
2695.079,
2062, 
16.28455,
91.16923,
38.98197,
23.4671,
84.91933,
54.4502,
86.58289,
114.7595,
56.83837,
19.71009,
114.2849,
28.75292,
36.21367,
21.25741,
28.34765,
80.9381,
117.1981,
491.8557,
59.01058,
655.1771,
113.5572,
88.48004,
93.96239,
9.802137,
148.4295,
38.1087,
0,
2712.539,
2063, 
16.35826,
91.30199,
39.34555,
24.26665,
85.26557,
56.09932,
87.90546,
122.2915,
60.64363,
19.93936,
114.1393,
28.97783,
36.02643,
21.20537,
28.79259,
80.38763,
118.1831,
494.1353,
58.29524,
644.2695,
115.4762,
89.30357,
93.05791,
9.873797,
152.6939,
40.55595,
0,
2728.791,
2064, 
16.42844,
91.44223,
39.7025,
25.02437,
85.51987,
57.65884,
89.15948,
129.694,
64.37975,
20.14655,
113.9951,
29.22399,
35.84129,
21.13005,
29.21068,
79.79935,
119.1342,
496.1643,
57.54815,
633.5153,
117.3431,
90.05336,
92.08884,
9.940282,
156.8112,
42.95203,
0,
2743.907,
2065, 
16.4956,
91.59274,
40.04494,
25.74265,
85.70382,
59.12979,
90.34621,
136.9757,
68.04929,
20.33325,
113.8393,
29.42585,
35.6591,
21.0465,
29.60302,
79.20563,
120.0505,
497.9715,
56.79607,
623.0202,
119.0678,
90.72691,
91.10636,
10.00191,
160.7358,
45.29971,
0,
2757.97,
2066, 
16.55896,
91.74484,
40.35834,
26.42862,
85.85216,
60.50842,
91.46768,
145.5546,
72.32374,
20.50167,
113.6557,
29.60178,
35.44959,
20.97859,
29.98256,
78.7024,
120.8357,
499.3552,
56.11185,
613.0768,
120.5763,
91.28925,
90.22305,
10.05532,
164.7865,
48.03624,
0,
2774.016,
2067, 
16.61988,
91.87653,
40.65657,
27.07397,
85.94556,
61.79367,
92.51268,
153.9048,
76.47636,
20.651,
113.4597,
29.77006,
35.24466,
20.90282,
30.33796,
78.20731,
121.5876,
500.5428,
55.42999,
603.4084,
121.9521,
91.79269,
89.33382,
10.10457,
168.6293,
50.68681,
0,
2788.902,
2068, 
16.67707,
91.97306,
40.94123,
27.67494,
85.9901,
62.98095,
93.48448,
162.0356,
80.51556,
20.78276,
113.2576,
29.91544,
35.04416,
20.82458,
30.67109,
77.73221,
122.3074,
501.5519,
54.75636,
594.0056,
123.2006,
92.24217,
88.46806,
10.14997,
172.2779,
53.25621,
0,
2802.717,
2069, 
16.72709,
92.04997,
41.21235,
28.23159,
85.99342,
64.07199,
94.39579,
169.9553,
84.44685,
20.89838,
113.0492,
30.02906,
34.84782,
20.74436,
30.98365,
77.27154,
122.9975,
502.3973,
54.08988,
584.8513,
124.3275,
92.64165,
87.62215,
10.19183,
175.7466,
55.74906,
0,
2815.523,
2070, 
16.76984,
92.11436,
41.46572,
28.74526,
85.96031,
65.07026,
95.25209,
177.6702,
88.27235,
20.99915,
112.8344,
30.11065,
34.65575,
20.66196,
31.27707,
76.82625,
123.6588,
503.0927,
53.43773,
575.9379,
125.3395,
92.99454,
86.80174,
10.23041,
179.0439,
58.16838,
0,
2827.391,
2071, 
16.80232,
92.14725,
41.67494,
29.21785,
85.91034,
65.96226,
96.06072,
186.5007,
92.61013,
21.08363,
112.6118,
30.15796,
34.44452,
20.59959,
31.55597,
76.47118,
124.2057,
503.3673,
52.85994,
567.6622,
126.1683,
93.26157,
86.11886,
10.26166,
182.3964,
60.91396,
0,
2841.027,
2072, 
16.83101,
92.17033,
41.85777,
29.64747,
85.83395,
66.76608,
96.81778,
195.0179,
96.78493,
21.15468,
112.3864,
30.17445,
34.23825,
20.53816,
31.81735,
76.14293,
124.7315,
503.5121,
52.30437,
559.6479,
126.8878,
93.48879,
85.47144,
10.29024,
185.558,
63.54922,
0,
2853.621,
2073, 
16.85605,
92.18223,
42.02021,
30.03277,
85.73637,
67.47866,
97.52734,
203.245,
100.8073,
21.21348,
112.1576,
30.16177,
34.03718,
20.47248,
32.06261,
75.84532,
125.2265,
503.5394,
51.77859,
551.8938,
127.5014,
93.67878,
84.85296,
10.31641,
188.5384,
66.08195,
0,
2865.245,
2074, 
16.87758,
92.18305,
42.16565,
30.37529,
85.6226,
68.10356,
98.19413,
211.2006,
104.6855,
21.26113,
111.9258,
30.12182,
33.84103,
20.41023,
32.29305,
75.57762,
125.6705,
503.4604,
51.27155,
544.3681,
128.0155,
93.83448,
84.28419,
10.34042,
191.352,
68.51868,
0,
2875.955,
2075, 
16.89561,
92.174,
42.29541,
30.6778,
85.49581,
68.647,
98.82014,
218.9011,
108.427,
21.29854,
111.692,
30.05709,
33.64972,
20.35975,
32.50978,
75.34042,
126.0614,
503.284,
50.78815,
537.1116,
128.438,
93.95829,
83.77042,
10.36247,
194.009,
70.86523,
0,
2885.89,
2076, 
16.9017,
92.11411,
42.38963,
30.93792,
85.3552,
69.08796,
99.40382,
227.513,
112.5277,
21.32199,
111.4428,
29.97233,
33.4444,
20.33031,
32.71497,
75.19473,
126.3429,
502.6811,
50.38585,
530.3364,
128.7144,
93.99995,
83.39315,
10.37736,
196.6171,
73.45123,
0,
2896.952,
2077, 
16.90528,
92.04346,
42.47096,
31.16324,
85.20387,
69.4599,
99.94929,
235.7911,
116.455,
21.33627,
111.1934,
29.86649,
33.24392,
20.30696,
32.90762,
75.07925,
126.5929,
501.9997,
50.00329,
523.7708,
128.9148,
94.01581,
82.97134,
10.39077,
199.0689,
75.92197,
0,
2907.026,
2078, 
16.90698,
91.9684,
42.54084,
31.35611,
85.03814,
69.76894,
100.4599,
243.7704,
120.2239,
21.34223,
110.9449,
29.74662,
33.04804,
20.28617,
33.08883,
74.9781,
126.8165,
501.2453,
49.63129,
517.3722,
129.0494,
94.00786,
82.58057,
10.40287,
201.3758,
78.28851,
0,
2916.239,
2079, 
16.90655,
91.88806,
42.59988,
31.51947,
84.86105,
70.02202,
100.9398,
251.4772,
123.8463,
21.34058,
110.697,
29.61487,
32.85664,
20.26461,
33.25953,
74.89183,
127.0168,
500.4224,
49.27355,
511.1201,
129.1242,
93.97807,
82.27028,
10.41382,
203.5521,
80.55978,
0,
2924.717,
2080, 
16.9037,
91.80025,
42.64839,
31.65668,
84.67433,
70.22634,
101.3917,
258.9326,
127.332,
21.33217,
110.4503,
29.4724,
32.66972,
20.245,
33.42075,
74.82274,
127.1974,
499.5415,
48.93187,
505.0497,
129.1446,
93.92947,
82.0987,
10.42386,
205.6082,
82.74298,
0,
2932.647,
2081, 
16.88815,
91.65922,
42.66864,
31.76421,
84.48489,
70.36359,
101.8041,
267.1295,
131.0701,
21.31669,
110.1742,
29.33087,
32.4736,
20.24305,
33.5761,
74.81803,
127.3083,
498.3343,
48.64701,
499.3573,
129.0615,
93.81713,
82.11267,
10.42625,
207.5912,
85.09687,
0,
2941.517,
2082, 
16.8714,
91.51313,
42.68173,
31.8518,
84.28469,
70.46487,
102.1912,
275.0085,
134.6457,
21.29515,
109.9013,
29.18284,
32.28164,
20.23981,
33.72242,
74.81736,
127.4039,
497.0804,
48.3704,
493.8062,
128.9381,
93.69082,
81.97678,
10.42801,
209.4598,
87.34293,
0,
2949.451,
2083, 
16.85333,
91.36282,
42.68807,
31.92208,
84.07456,
70.53511,
102.5556,
282.6092,
138.0757,
21.26813,
109.6338,
29.02803,
32.09393,
20.23442,
33.86058,
74.82518,
127.4869,
495.7836,
48.10129,
488.3681,
128.7801,
93.55177,
81.84951,
10.42927,
211.2252,
89.49321,
0,
2956.689,
2084, 
16.83425,
91.21162,
42.68816,
31.97804,
83.85091,
70.57992,
102.9,
289.9637,
141.3749,
21.23611,
109.3685,
28.86793,
31.90974,
20.22725,
33.99122,
74.83079,
127.5585,
494.4445,
47.83198,
483.0175,
128.594,
93.40158,
81.71578,
10.43009,
212.9009,
91.55822,
0,
2963.266,
2085, 
16.81507,
91.06508,
42.68346,
32.02252,
83.61617,
70.60508,
103.2271,
297.0956,
144.5544,
21.19974,
109.1078,
28.70575,
31.72945,
20.21817,
34.11535,
74.83725,
127.622,
493.0711,
47.56937,
477.7501,
128.391,
93.24317,
81.57721,
10.43067,
214.497,
93.54578,
0,
2969.295,
2086, 
16.78544,
90.88353,
42.65799,
32.05235,
83.37981,
70.59468,
103.5248,
304.8216,
147.9205,
21.15784,
108.8147,
28.55276,
31.54448,
20.21911,
34.23704,
74.87959,
127.6464,
491.4817,
47.32985,
472.8726,
128.1432,
93.03144,
81.49435,
10.42408,
216.0489,
95.65556,
0,
2976.154,
2087, 
16.75677,
90.71191,
42.63073,
32.07529,
83.12738,
70.57341,
103.8079,
312.2716,
151.1509,
21.11205,
108.5296,
28.39755,
31.36268,
20.214,
34.35226,
74.90653,
127.6668,
489.8649,
47.07753,
468.0307,
127.8953,
92.81508,
81.38867,
10.41743,
217.5295,
97.67404,
0,
2982.341,
2088, 
16.72893,
90.55144,
42.60234,
32.09236,
82.85934,
70.54286,
104.0784,
319.4847,
154.2617,
21.06279,
108.2531,
28.24088,
31.18402,
20.20342,
34.46167,
74.91684,
127.6848,
488.2233,
46.81941,
463.2299,
127.6482,
92.5943,
81.25838,
10.41081,
218.9454,
99.61275,
0,
2987.952,
2089, 
16.70204,
90.40331,
42.57335,
32.10413,
82.57415,
70.50382,
104.3382,
326.4873,
157.2647,
21.01035,
107.9845,
28.08595,
31.00814,
20.18594,
34.56577,
74.90732,
127.7011,
486.5567,
46.55046,
458.4232,
127.4012,
92.36938,
81.09619,
10.40423,
220.3031,
101.4801,
0,
2992.985,
2090, 
16.67658,
90.26872,
42.54463,
32.11121,
82.27659,
70.45762,
104.5891,
333.2935,
160.166,
20.95525,
107.725,
27.93511,
30.83547,
20.16381,
34.66538,
74.88237,
127.7188,
484.8737,
46.27163,
453.6337,
127.1561,
92.14174,
80.91293,
10.39786,
221.6062,
103.2806,
0,
2997.54,
2091, 
16.64393,
90.11804,
42.5033,
32.11047,
81.98333,
70.38959,
104.7993,
340.5201,
163.1945,
20.89468,
107.4356,
27.80061,
30.66056,
20.14435,
34.76273,
74.86692,
127.7077,
483.043,
46.00262,
449.2246,
126.8918,
91.86845,
80.72977,
10.38598,
222.8655,
105.1596,
0,
3002.707,
2092, 
16.61276,
89.97969,
42.46393,
32.1054,
81.68079,
70.31555,
105.001,
347.4901,
166.1016,
20.83179,
107.1561,
27.65875,
30.48879,
20.12209,
34.85555,
74.84458,
127.7004,
481.203,
45.73311,
444.8596,
126.6294,
91.59461,
80.53894,
10.37441,
224.0693,
106.9578,
0,
3007.369,
2093, 
16.58261,
89.85519,
42.42652,
32.09655,
81.36665,
70.23647,
105.1949,
354.2345,
168.8996,
20.76676,
106.8863,
27.51495,
30.31976,
20.09523,
34.9442,
74.80743,
127.6974,
479.3531,
45.45462,
440.5221,
126.3707,
91.32028,
80.33127,
10.36317,
225.2219,
108.6838,
0,
3011.546,
2094, 
16.5536,
89.74417,
42.39119,
32.08462,
81.04184,
70.1534,
105.383,
360.7827,
171.6016,
20.70004,
106.6269,
27.37073,
30.15371,
20.06358,
35.02946,
74.75449,
127.698,
477.4985,
45.16588,
436.1849,
126.1136,
91.0464,
80.1012,
10.35239,
226.3315,
110.3466,
0,
3015.274,
2095, 
16.52608,
89.64429,
42.35791,
32.06973,
80.71053,
70.06665,
105.5651,
367.1432,
174.2107,
20.63177,
106.3777,
27.22819,
29.99074,
20.02882,
35.11162,
74.69321,
127.7011,
475.6411,
44.87139,
431.8659,
125.8555,
90.77289,
79.86127,
10.34209,
227.3987,
111.9487,
0,
3018.615,
2096, 
16.49343,
89.5308,
42.31093,
32.05164,
80.3922,
69.96757,
105.6982,
373.7584,
176.8978,
20.55888,
106.0963,
27.09227,
29.8264,
19.99345,
35.18588,
74.62775,
127.6686,
473.7141,
44.59813,
427.7713,
125.5849,
90.46457,
79.63016,
10.32785,
228.4352,
113.5892,
0,
3022.266,
2097, 
16.46237,
89.42873,
42.26659,
32.03102,
80.06615,
69.86591,
105.826,
380.1407,
179.478,
20.48476,
105.8244,
26.95973,
29.66486,
19.95345,
35.25712,
74.54891,
127.6414,
471.79,
44.31821,
423.691,
125.3146,
90.15762,
79.38034,
10.31414,
229.4297,
115.1604,
0,
3025.456,
2098, 
16.43277,
89.33786,
42.22413,
32.00806,
79.73434,
69.76131,
105.9483,
386.3159,
181.9616,
20.40951,
105.5615,
26.83162,
29.50613,
19.90979,
35.32556,
74.46131,
127.6165,
469.8679,
44.03431,
419.6331,
125.0453,
89.85176,
79.11953,
10.30094,
230.3855,
116.6693,
0,
3028.254,
2099, 
16.40472,
89.25764,
42.18382,
31.98337,
79.3959,
69.6546,
106.067,
392.3123,
184.3608,
20.33347,
105.3094,
26.70838,
29.35028,
19.86285,
35.39194,
74.36182,
127.5937,
467.9519,
43.74446,
415.5895,
124.7798,
89.54765,
78.84367,
10.28838,
231.3099,
118.124,
0,
3030.711,
2100, 
16.37792,
89.18465,
42.146,
31.95707,
79.05407,
69.54569,
106.1822,
398.1373,
186.6783,
20.25671,
105.0682,
26.59031,
29.19733,
19.814,
35.45642,
74.25689,
127.574,
466.043,
43.45247,
411.5757,
124.5181,
89.2447,
78.56432,
10.27646,
232.203,
119.5266,
0,
3032.882];
