real main.em.ep.isp.StorResTot[28](t) = [1971, 
650.2043,
6655.436,
42.08362,
21.60265,
64.87003,
80.52728,
58.72234,
41.01139,
12.12848,
217.2017,
4045.412,
790.4434,
44.82675,
637.7261,
125.547,
1842.407,
149.6583,
187.5422,
60.78517,
214.7469,
32.17235,
2.731125,
946.1337,
246.709,
13.90568,
25.25577,
0,
17209.79,
1972, 
741.8291,
6657.843,
47.72691,
24.07335,
70.90247,
85.60682,
59.51014,
44.30545,
13.06971,
235.8341,
4225.164,
862.6854,
51.80706,
676.4346,
128.979,
1948.756,
169.116,
195.9843,
65.4228,
235.7861,
36.51533,
3.157201,
1010.98,
243.6144,
13.96318,
36.19423,
0,
17885.26,
1973, 
822.1111,
7269.949,
51.89839,
26.78121,
82.16986,
95.75301,
60.99394,
49.34061,
13.25922,
250.8532,
4530.363,
899.4106,
52.40312,
714.6973,
138.2329,
2062.017,
202.2984,
202.9921,
74.03809,
257.8696,
43.11666,
3.878754,
1094.683,
277.6542,
16.23113,
46.06018,
0,
19339.05,
1974, 
850.5595,
7326.931,
65.72849,
27.98027,
91.55762,
104.7405,
65.2244,
49.4925,
12.81712,
268.6708,
4637.779,
955.7452,
59.44636,
755.8891,
148.2977,
2187.943,
226.6746,
212.8938,
81.38275,
266.9742,
45.87998,
5.159482,
1080.839,
298.1193,
18.26014,
58.10797,
0,
19903.09,
1975, 
828.2977,
7544.483,
69.66485,
27.81073,
98.64605,
109.7483,
74.15511,
55.5097,
13.36417,
288.8008,
4620.784,
999.7319,
71.35624,
684.1313,
131.9433,
2026.462,
263.1264,
236.3614,
91.00084,
316.271,
47.80761,
5.857606,
1104.864,
309.3615,
20.49623,
61.16162,
0,
20101.2,
1976, 
886.3723,
8058.391,
73.95848,
31.43838,
113.7036,
118.4314,
85.01572,
57.71395,
15.50513,
302.6822,
4967.695,
1062.252,
81.13212,
715.2866,
139.6969,
2158.209,
310.0032,
265.6332,
99.47144,
351.2393,
53.8702,
5.439555,
1181.715,
322.6221,
21.57173,
65.62277,
0,
21544.67,
1977, 
950.8682,
8329.101,
79.96755,
34.06343,
125.4343,
129.6744,
97.22807,
63.13306,
16.30048,
302.7837,
5077.857,
1106.948,
90.94711,
734.8352,
144.3448,
2229.876,
392.5233,
282.9232,
108.8643,
383.5737,
59.80947,
6.798978,
1231.221,
339.4753,
23.22766,
71.39471,
0,
22413.17,
1978, 
1020.176,
8557.543,
88.36341,
35.96301,
138.8887,
136.05,
109.4548,
61.01216,
17.13504,
316.0679,
5265.937,
1163.831,
97.01137,
758.2073,
149.2396,
2332.665,
443.049,
311.1344,
120.7324,
437.5255,
61.91153,
9.523081,
1288.417,
349.7946,
26.09822,
69.31463,
0,
23365.04,
1979, 
1069.449,
8728.632,
94.7359,
37.54362,
155.6558,
151.6867,
122.4012,
70.41041,
17.59815,
332.3108,
5490.517,
1172.046,
98.95731,
776.2701,
205.1706,
2386.209,
512.4371,
315.6554,
130.8803,
478.3397,
67.3491,
11.47745,
1357.881,
366.2189,
29.23367,
74.67969,
0,
24253.75,
1980, 
1099.906,
8839.066,
99.39124,
37.88157,
178.7058,
162.2827,
136.8613,
78.80917,
17.81119,
360.1373,
5527.901,
1224.595,
101.896,
812.5291,
224.5313,
2569.984,
567.5014,
329.5199,
136.6578,
467.3,
71.89835,
14.44841,
1341.032,
383.9914,
30.6696,
68.78959,
0,
24884.1,
1981, 
1156.483,
8910.48,
108.5324,
39.18676,
171.9076,
168.6963,
155.4079,
77.09691,
18.83773,
411.1541,
5582.702,
1233.527,
106.7587,
833.5927,
230.3303,
2718.213,
672.96,
361.6061,
146.5569,
472.0501,
76.49121,
14.23662,
1354.125,
408.8091,
32.81543,
65.13078,
0,
25527.69,
1982, 
1135.482,
8689.765,
113.4111,
40.57789,
180.241,
171.1231,
170.1902,
85.8194,
20.39886,
432.2503,
5572.038,
1250.283,
116.416,
851.2328,
238.5745,
2824.45,
797.8197,
385.8764,
154.5343,
503.5535,
81.96918,
17.33226,
1339.933,
415.5434,
35.20694,
65.10699,
0,
25689.13,
1983, 
1186.604,
8879.388,
112.5325,
43.14091,
186.5197,
179.3099,
187.7616,
79.83688,
21.715,
439.9979,
5703.723,
1306.279,
121.6482,
875.3495,
246.1662,
2972.111,
816.7881,
412.9713,
168.4021,
544.6578,
89.59006,
20.33463,
1414.213,
425.7745,
39.14055,
63.77306,
0,
26537.73,
1984, 
1279.252,
9275.708,
121.9226,
44.38403,
208.701,
184.584,
207.2631,
74.16448,
21.74694,
486.7,
5911.01,
1364.705,
137.3699,
909.6729,
256.7058,
3161.098,
880.2997,
456.7392,
181.2701,
571.7723,
96.62356,
23.92166,
1487.968,
454.8969,
44.1608,
62.8799,
0,
27905.52,
1985, 
1356.808,
9439.755,
106.3658,
43.757,
226.0315,
187.98,
222.6158,
89.89498,
23.30893,
503.4875,
6129.066,
1366.629,
149.9969,
932.7515,
265.4371,
3281.373,
944.2632,
501.3234,
195.1965,
611.428,
102.1054,
24.83851,
1545.313,
488.2377,
47.68658,
65.2401,
0,
28850.89,
1986, 
1388.575,
9431.972,
119.7516,
46.77043,
239.0385,
212.8186,
219.83,
94.10679,
24.74303,
517.371,
6226.545,
1429.65,
171.9772,
954.3558,
269.7981,
3429.291,
1029.155,
547.6224,
210.644,
671.559,
105.6768,
35.003,
1567.005,
504.3434,
52.75177,
66.71588,
0,
29567.07,
1987, 
1480.45,
9600.834,
129.6988,
49.48552,
242.2672,
228.9182,
235.1156,
98.10302,
26.71282,
529.7906,
6429.995,
1457.692,
192.4897,
990.6242,
271.7613,
3566.836,
1052.559,
594.1019,
234.095,
741.6569,
113.9285,
40.56756,
1670.616,
531.8106,
58.3932,
65.05855,
0,
30633.56,
1988, 
1515.242,
9994.088,
132.2068,
49.78318,
251.4408,
258.6496,
256.2809,
103.0444,
28.43621,
549.8123,
6710.323,
1449.184,
201.956,
1022.019,
276.7496,
3655.659,
1210.954,
654.0702,
264.8067,
811.0926,
124.7463,
42.84843,
1765.054,
555.6596,
67.02898,
71.96432,
0,
32023.1,
1989, 
1483.342,
10901.34,
140.8454,
53.16128,
267.4602,
246.9449,
268.307,
107.5662,
30.08073,
562.0002,
6922.414,
1467.511,
217.7564,
1040.853,
278.4375,
3926.949,
1235.244,
714.7468,
288.8087,
871.9695,
136.9056,
47.40186,
1876.493,
596.215,
69.92011,
69.03201,
0,
33821.71,
1990, 
1436.263,
11106.87,
145.6216,
53.67679,
256.2019,
266.5554,
277.737,
109.5351,
34.61212,
571.1307,
7072.429,
1388.899,
240.5059,
1122.623,
345.2511,
3836.243,
1322.039,
768.481,
310.164,
926.4405,
150.6704,
56.30824,
2049.886,
611.2874,
76.10166,
76.82074,
0,
34612.35,
1991, 
1520.971,
11201.11,
149.8859,
52.22239,
272.471,
250.958,
292.9806,
111.9585,
36.86154,
572.0009,
7232.331,
1326.281,
245.1895,
1035.051,
295.7866,
3578.147,
1463.871,
836.733,
327.1022,
1107.926,
162.5717,
63.71798,
2117.667,
628.5199,
81.62889,
84.65985,
0,
35048.6,
1992, 
1556.499,
11404.15,
153.5216,
55.11226,
279.7776,
259.5921,
309.7213,
116.2096,
38.27847,
586.2977,
7283.499,
1229.989,
276.5526,
882.2156,
274.5859,
3096.075,
1556.873,
874.2772,
347.857,
1223.277,
176.1655,
69.62463,
2143.025,
641.115,
89.66232,
73.24719,
0,
34997.2,
1993, 
1610.648,
11678.13,
155.1134,
56.25817,
291.0169,
274.1852,
335.1328,
116.6375,
39.70725,
610.7072,
7298.468,
1225.031,
303.488,
801.2317,
231.332,
3130.292,
1603.985,
923.4208,
385.4879,
1262.621,
194.2901,
77.83173,
2167.243,
661.7288,
93.56868,
74.88862,
0,
35602.45,
1994, 
1699.403,
11974.63,
166.9021,
60.35763,
299.2079,
291.1623,
357.969,
116.6322,
40.54174,
631.965,
7453.934,
1295.434,
319.3134,
728.2868,
227.8924,
2761.053,
1705.699,
991.0361,
432.8056,
1370.058,
219.3763,
86.55471,
2267.631,
682.3998,
98.37182,
72.59633,
0,
36351.21,
1995, 
1717.086,
12318.43,
169.9527,
63.69678,
314.1815,
304.983,
378.6094,
123.3258,
44.28273,
640.483,
7649.983,
1299.814,
357.0422,
764.2521,
226.1077,
2754.3,
1790.839,
1074.737,
482.8535,
1491.024,
243.2138,
100.4011,
2305.061,
701.6384,
104.592,
74.1899,
0,
37495.08,
1996, 
1768.09,
12615.66,
162.1053,
67.02727,
329.8454,
319.2337,
427.8751,
128.4738,
46.34428,
668.2746,
7772.4,
1431.157,
388.2145,
766.6415,
218.4149,
2719.864,
1865.739,
1133.947,
535.2882,
1565.928,
264.9116,
116.5101,
2372.293,
716.3591,
109.6288,
66.99323,
0,
38577.22,
1997, 
1794.264,
12920.26,
174.6993,
72.52694,
346.9769,
344.8053,
460.6615,
129.0093,
49.94328,
692.3865,
7927.391,
1457.715,
423.1071,
759.6354,
214.3739,
2676.634,
2017.887,
1196.011,
585.3302,
1660.302,
283.6671,
123.0142,
2426.221,
739.8536,
113.8067,
70.29777,
0,
39660.78,
1998, 
1772.364,
13230.07,
187.8199,
77.79244,
357.7223,
363.3106,
491.8401,
125.9948,
51.34665,
682.2107,
8104.374,
1478.528,
450.825,
729.9641,
206.3667,
2709.368,
2276.146,
1280.374,
574.0339,
1740.548,
279.6669,
126.7843,
2431.173,
783.3546,
117.968,
91.88126,
0,
40721.83,
1999, 
1808.989,
13433.95,
198.5968,
83.8923,
371.5759,
363.7573,
521.2324,
132.2802,
52.84955,
680.4791,
8198.019,
1448.144,
466.1086,
757.5746,
202.8203,
2781.96,
2181.883,
1375.182,
638.8694,
1813.052,
299.0753,
148.039,
2467.299,
824.6306,
117.8355,
99.44621,
0,
41467.54,
2000, 
1862.728,
14056.62,
211.4654,
85.84206,
385.2511,
382.4601,
555.1174,
136.4384,
54.78146,
712.5953,
8233.311,
1540.015,
503.9788,
749.067,
206.7953,
2919.784,
2198.634,
1452.348,
756.1895,
2049.353,
324.6765,
159.5299,
2577.546,
847.9666,
128.5079,
108.2366,
0,
43199.24,
2001, 
1816.747,
13403.62,
217.7494,
88.1415,
377.3857,
380.3739,
587.2418,
145.1077,
57.31829,
689.0657,
8215.559,
1679.271,
511.2496,
797.6316,
198.3917,
3050.252,
2298.491,
1508.043,
807.5583,
2258.667,
344.9309,
168.4672,
2556.896,
898.7898,
144.2054,
121.9356,
0,
43323.09,
2002, 
1841.276,
13731.03,
220.9951,
91.91021,
400.2646,
375.7025,
614.9117,
154.1787,
57.48305,
745.5156,
8027.68,
1605.427,
539.6796,
792.7482,
202.1996,
2944.478,
2386.734,
1554.576,
862.9415,
2445.961,
365.7004,
178.4115,
2611.31,
897.2431,
152.1188,
129.9191,
0,
43930.4,
2003, 
1792.679,
13846.29,
270.5548,
93.97658,
416.4984,
394.8454,
646.1064,
152.245,
60.92352,
780.3915,
7961.804,
1614.683,
582.8206,
821.0424,
215.0458,
3000.306,
2509.429,
1658.88,
900.2726,
2803.037,
395.289,
186.3628,
2612.132,
853.205,
161.523,
124.367,
0,
44854.71,
2004, 
1818.883,
14281.67,
269.8674,
94.54964,
445.4947,
421.1946,
684.6377,
168.1958,
66.08764,
806.4377,
7883.23,
1710.046,
622.242,
858.0009,
222.8513,
3095.247,
2672.821,
1766.085,
949.1993,
3214.87,
422.1391,
198.9952,
2692.478,
873.1368,
174.5772,
133.4778,
0,
46546.41,
2005, 
1775.025,
14206,
283.3749,
99.50435,
458.3844,
438.1018,
700.2045,
178.5921,
71.35685,
816.7433,
7786.418,
1680.848,
660.109,
833.0317,
228.2403,
3493.342,
2682.939,
1878.706,
1011.509,
3638.862,
455.4141,
212.4939,
2756.898,
866.4669,
187.964,
143.6459,
0,
47544.18,
2006, 
1708.707,
14009.73,
291.2734,
105.3141,
479.0297,
463.6031,
742.3033,
189.2679,
76.12489,
855.6101,
7628.287,
1706.693,
708.8281,
870.43,
233.4929,
3506.853,
2837.534,
2033.504,
1043.071,
4182.349,
481.4705,
216.279,
2810.953,
861.8973,
198.9544,
147.2115,
0,
48388.77,
2007, 
1810.552,
13963.27,
302.525,
108.2867,
507.7167,
474.8449,
821.9182,
200.1001,
83.14756,
876.6226,
7384.703,
1696.001,
765.9861,
884.9896,
243.1372,
3524.719,
3059.899,
2184.046,
1102.11,
4821.803,
510.2037,
220.8197,
2897.217,
902.6995,
205.7883,
150.9808,
0,
49704.09,
2008, 
1798.191,
13369.67,
306.9313,
106.518,
528.8575,
506.0761,
859.4301,
204.1429,
83.40903,
873.1901,
7344.732,
1695.033,
776.5011,
838.0068,
223.15,
3586.375,
3192.401,
2101.901,
1180.917,
5364.207,
522.8708,
225.7817,
2802.527,
899.4648,
214.3777,
153.4855,
0,
49758.15,
2009, 
1718.226,
12333.32,
302.8715,
106.3455,
534.5745,
512.0449,
979.0433,
212.6052,
92.04329,
851.6694,
6860.896,
1639.622,
758.7083,
723.3421,
213.9592,
3378.953,
3522.726,
2257.483,
1237.603,
6262.784,
549.3084,
230.8491,
2799.099,
814.7194,
223.5797,
166.679,
0,
49283.06,
2010, 
1707.854,
12360.69,
320.1096,
111.1422,
593.7133,
506.8521,
1066.771,
229.9975,
107.0419,
887.3819,
7298.589,
1707.531,
819.6859,
744.0278,
236.1022,
3392.698,
3691.152,
2436.097,
1337.122,
7649.78,
600.299,
249.011,
2894.378,
834.1621,
231.4498,
175.9844,
0,
52189.63,
2011, 
1784.759,
11535.8,
354.1808,
116.3201,
615.4075,
523.8562,
1101.909,
237.341,
126.9863,
896.201,
7637.828,
1740.195,
885.0342,
759.1366,
228.4115,
3467.832,
3852.349,
2711.305,
1395.334,
9507.629,
632.6878,
265.2378,
3040.746,
809.005,
247.5687,
179.7545,
0,
54652.81,
2012, 
1743.71,
11163.61,
369.5076,
120.6244,
648.9515,
559.3382,
1173.34,
244.5608,
142.8104,
891.0789,
8123.123,
1678.068,
955.2814,
764.5135,
243.2499,
3475.319,
4118.686,
2865.193,
1459.421,
11114.39,
706.8626,
277.7103,
3242.934,
822.2358,
268.0855,
184.7191,
0,
57357.33,
2013, 
1650.998,
10872.49,
362.6479,
126.7407,
676.1642,
600.72,
1242.631,
275.7027,
156.9242,
904.826,
7861.082,
1675.661,
966.592,
748.9868,
292.0388,
3489.087,
4380.969,
3080.832,
1536.89,
13488.9,
788.4824,
305.8941,
3975.91,
856.4916,
305.6919,
194.7645,
0,
60818.12,
2014, 
1609.321,
10801.04,
382.6784,
131.6712,
718.3951,
604.8942,
1322.988,
292.6454,
180.2668,
1082.777,
7959.125,
1655.264,
1019.614,
712.2654,
266.8196,
3521.772,
4765.341,
3491.025,
1641.933,
16178.31,
920.3459,
328.4897,
4785.544,
831.9721,
336.0201,
221.5208,
0,
65762.03,
2015, 
1519.108,
11333,
398.3332,
143.8024,
721.6291,
649.6258,
1501.205,
321.9518,
206.6979,
1167.244,
7322.77,
1605.616,
1089.808,
655.8775,
277.5446,
3542.611,
5335.466,
3864.12,
1800.845,
19928.32,
1040.542,
350.1572,
6662.442,
873.9664,
362.2038,
233.1805,
0,
72908.06,
2016, 
1500.064,
10901.97,
422.5167,
147.5896,
759.3531,
658.6743,
1655.519,
336.0601,
220.666,
1348.929,
7673.9,
1624.527,
1266.505,
657.2842,
329.6445,
3547.99,
5913.268,
4428.579,
1958.915,
23587.88,
1274.61,
378.2671,
7921.452,
935.0043,
429.118,
228.0351,
0,
80106.31,
2017, 
1546.858,
11228.2,
427.9474,
147.052,
810.8624,
659.5185,
1718.577,
361.1906,
237.4504,
1540.092,
7934.723,
1622.499,
1371.176,
677.4003,
417.3884,
3614.292,
6082.745,
5111.47,
2186.709,
29354.1,
1407.069,
402.9171,
9236.573,
1021.422,
494.1226,
249.4196,
0,
89861.77,
2018, 
1502.534,
11710.72,
453.0972,
155.3793,
846.0096,
670.2769,
2018.538,
408.7069,
292.3488,
1818.953,
8523.008,
1851.451,
2825.72,
752.2437,
432.9581,
3620.267,
6174.548,
6038.436,
2476.261,
36031.55,
1541.89,
470.3896,
10561.98,
1180.369,
542.8895,
280.0715,
0,
103180.6,
2019, 
1555.224,
11836.09,
421.9627,
161.4395,
904.2556,
635.574,
2248.068,
449.0652,
337.1821,
1908.543,
9791.924,
1775.808,
3167.856,
939.9736,
474.2956,
3686.078,
7275.57,
6722.604,
2923.142,
42049.7,
2110.488,
516.5736,
11909.99,
1372.122,
579.3184,
327.6998,
0,
116080.5,
2020, 
1528.906,
11434.45,
429.8227,
151.92,
876.3573,
628.7607,
2315.204,
484.4217,
360.1063,
2086.595,
10992.33,
1933.61,
3521.959,
1033.332,
450.5237,
3584.631,
7976.136,
7079.198,
3471.393,
51198.38,
2836.63,
520.8618,
13455.68,
1605.546,
613.7017,
333.8069,
0,
130904.3,
2021, 
1572.212,
12524.38,
461.4666,
166.3004,
966.842,
706.1447,
2449.963,
537.29,
407.8345,
2220.717,
11695.84,
2256.854,
3993.698,
1085.644,
555.6369,
3758.326,
8686.951,
8036.335,
4206.694,
62338.95,
4249.324,
561.58,
15027.49,
1953.999,
707.0136,
369.9539,
0,
151497.5,
2022, 
1603.187,
13483.85,
531.2464,
177.3976,
1022.708,
705.1703,
2512.847,
639.5611,
471.7879,
2250.447,
13238.44,
2548.634,
4503.871,
955.7322,
623.1571,
3725.277,
10334.98,
9566.701,
4633.828,
72646.85,
4431.441,
614.6155,
16392.32,
2350.347,
818.4116,
495.1921,
0,
171278,
2023, 
1586.854,
15286.02,
553.0646,
185.1337,
1097.118,
723.8344,
2728.875,
764.2933,
506.2569,
2252.926,
15511.73,
3005.217,
5088.913,
983.7375,
716.3785,
3785.458,
12141.31,
10548.36,
5124.051,
98354.73,
4789.729,
681.1277,
17106.62,
2900.457,
862.8447,
533.5869,
0,
207818.6,
2024, 
1367.863,
18050.64,
580.3774,
193.4612,
1140.591,
754.8831,
3012.917,
853.6816,
539.0615,
2390.521,
17833.62,
3591.723,
8233.947,
806.761,
804.2294,
3797.235,
13319.04,
12660.12,
5327.619,
128510.9,
5086.924,
734.7101,
17535.15,
3759.935,
950.5067,
587.3317,
0,
252423.8,
2025, 
1380.587,
22285.09,
586.0764,
287.1753,
1292.139,
803.1234,
3239.491,
960.8737,
940.4536,
3127.283,
19661.21,
4047.247,
8996.993,
848.3535,
875.6286,
3789.625,
29381.42,
17335.38,
6175.925,
141020.8,
5770.849,
1392.383,
20352.68,
4878.501,
1263.481,
664.7803,
0,
301357.5,
2026, 
1341.621,
24397.06,
605.6537,
310.7488,
1301.39,
834.0938,
2961.229,
1030.908,
1268.335,
2738.432,
21681.28,
4440.208,
8420.359,
923.0942,
1398.864,
3784.317,
27106.17,
21387.46,
6256.154,
178785.4,
6328.217,
1669.91,
20944.37,
5815.25,
1630.443,
651.4469,
0,
348012.4,
2027, 
1312.419,
26789.01,
632.5952,
397.7889,
1315.309,
877.2934,
2747.665,
1340.522,
1668.081,
2411.529,
23565.12,
4866.317,
8269.134,
1056.368,
2269.304,
3776.482,
29207.81,
26062.18,
6684.354,
209357.2,
7428.21,
3122.53,
21792.02,
7128.881,
2221.075,
629.6407,
0,
396928.8,
2028, 
1356.752,
28397.14,
682.446,
525.1296,
1329.908,
922.41,
2504.968,
1899.983,
2061.782,
2157.582,
25903.09,
5580.612,
8355.56,
1193.76,
3643.628,
3757.006,
33685.57,
31773.3,
6786.074,
249667,
9793.811,
5742.663,
23075.53,
8626.145,
3333.526,
618.7955,
0,
463374.2,
2029, 
1482.62,
30121.88,
738.152,
663.5085,
1356.28,
1178.843,
2291.603,
2660.02,
2277.505,
1984.324,
28336.61,
6246.053,
8998.019,
1276.016,
5350.467,
3741.848,
38394.17,
38259.9,
6885.494,
290679.1,
12962.51,
9054.683,
24100.06,
10521.78,
4531.875,
594.5483,
0,
534687.8,
2030, 
1488.559,
31738.7,
808.8056,
854.0206,
1373.634,
1421.42,
2020.038,
3517.381,
2264.957,
1884.644,
29678.12,
6822.958,
9808.48,
1407.36,
8125.932,
3739.205,
38119.3,
44917.8,
6950.627,
329387.3,
16475.76,
12545.99,
25196.23,
12587.47,
5676.949,
530.4141,
0,
599342,
2031, 
1521.702,
33593.21,
1034.958,
1170.481,
1403.493,
1753.798,
1919.221,
3839.853,
2168.563,
1839.981,
31507.54,
7365.444,
10087.29,
1545.954,
11428.95,
3712.25,
37392.42,
51483.38,
7234.124,
376044.3,
20238.99,
15728.86,
26167.67,
14517.86,
6740.631,
451.7572,
0,
671892.6,
2032, 
1634.001,
37494.96,
1302.201,
1730.231,
1489.573,
2294.804,
1985.804,
3807.886,
1889.964,
1867.312,
33715.66,
7972.982,
10480.69,
1690.033,
14781.65,
3706.879,
35842.13,
58487.63,
7470.505,
433332.5,
24269.24,
16109.55,
27191.34,
16707.58,
7701.053,
364.5061,
0,
755320.7,
2033, 
1729.319,
41815.48,
1499.34,
2450.98,
1593.797,
3039.969,
2419.423,
3640.769,
1506.98,
1974.528,
38182.79,
8559.517,
10779.55,
1800.76,
17337.09,
3659.055,
33857.65,
69152.99,
7672.84,
494210.1,
27962.21,
16890.96,
27972.8,
18988.49,
8633.406,
265.2549,
0,
847596,
2034, 
1927.856,
46383.87,
1558.009,
3399.464,
1709.288,
4054.162,
3203.316,
3354.716,
1151.87,
1872.4,
56603.22,
9141.767,
10757.4,
1925.175,
19429.57,
3652.901,
32338.28,
91440.27,
7973.179,
582582.5,
31833.54,
18077.55,
28365.54,
21556.74,
10042.63,
187.1714,
0,
994522.4,
2035, 
2240.795,
51236.16,
1587.689,
4523.95,
1856.849,
10049.25,
4004.588,
2995.65,
823.0296,
1627.346,
80373.06,
9650.278,
10674.52,
2026.173,
21153.36,
3650.369,
31246.82,
121715.2,
8296.552,
687545.1,
36340.6,
20002.69,
28151.47,
24560.13,
12369.98,
120.1264,
0,
1178822,
2036, 
2663.724,
58013.29,
1612.484,
6107.174,
2169.084,
22286.66,
5063.185,
3408.198,
766.1163,
1798.033,
106914.2,
10939.73,
12299.07,
2122.69,
24065.63,
3654.022,
36315.03,
154378.1,
8600.884,
807873.6,
41516.42,
22100.57,
27829.7,
28017.71,
15567.2,
139.7639,
0,
1406222,
2037, 
3116.414,
67376.08,
1653.16,
8319.292,
2281.718,
41919.4,
6096.956,
3858.893,
723.2495,
1970.762,
132135.9,
13076.6,
14011.29,
2249.647,
27358.96,
3663.613,
40630.02,
195911.8,
8808.716,
929320.4,
47699.7,
24560.12,
27208.64,
32577.61,
19849.3,
167.0645,
0,
1656545,
2038, 
3671.954,
79806.49,
1723.309,
11862.71,
2265.386,
69336.73,
6975.371,
4358.185,
687.8923,
2136.134,
158393,
15895.66,
15646,
2458.089,
33675.72,
3677.404,
45513.15,
249286.9,
9107.283,
1127096,
54618.21,
27065.28,
28247.28,
37217.82,
25233.94,
213.1778,
0,
2016169,
2039, 
4160.938,
95264.46,
1808.424,
20090.6,
2260.749,
104780.1,
7653.002,
4917.854,
669.4604,
2306.274,
181209.4,
20096.71,
17329.08,
2769.824,
42710.48,
3694.096,
50358.43,
336182.7,
9494.924,
1446175,
62464.92,
29537.35,
28551.87,
41784.89,
31476.86,
255.8924,
0,
2548004,
2040, 
4708.238,
120905.3,
1926.278,
31796.24,
2310.497,
142490.5,
8132.923,
5527.768,
657.2439,
2520.44,
195087.8,
27290.23,
19087.23,
3124.477,
54470.71,
3728.845,
55845.24,
456139.5,
9952.818,
1701838,
71094.97,
32366.96,
28536.13,
45994.14,
38802.86,
315.1538,
0,
3064650,
2041, 
5800.324,
155023.1,
2067.254,
42539.13,
2376.105,
160274.1,
8614.833,
6200.357,
648.4018,
2845.713,
201124.6,
38484.37,
21261.2,
3450.845,
77148.52,
3808.093,
60031.64,
608162.9,
10572.33,
2026706,
80569.78,
35898.52,
28805.17,
50175.81,
47778.95,
381.0041,
0,
3680749,
2042, 
7718.301,
189382.3,
2252.009,
53548.23,
2456.648,
181802.2,
9126.542,
6942.295,
647.6341,
3387.322,
214184.4,
59414.63,
23579.09,
3599.18,
102327.9,
3928.64,
65340.67,
750944.5,
11436.09,
2369407,
91219.5,
39114.5,
29222.4,
55138.11,
56697.51,
452.9036,
0,
4333271,
2043, 
9957.721,
224675.2,
2575.47,
66891.86,
2541.355,
207649.6,
9635.892,
7693.988,
649.2823,
4023.83,
221697.5,
89517.62,
27915.83,
3727.863,
129123.4,
4139.909,
71419.08,
885868,
12503.28,
2716085,
102674.8,
42700.3,
30054.05,
60631.84,
68890.93,
562.3682,
0,
5003807,
2044, 
12829.37,
263357,
3026.375,
83849.24,
2662.908,
241316.5,
10569.43,
8887.458,
651.8318,
4654.107,
247354.8,
119820.8,
36443.56,
3884.466,
153132.5,
4482.159,
79033.17,
1067420,
13171.48,
3106563,
114261.3,
46745.72,
31636.07,
65781.09,
84516.6,
757.136,
0,
5806808,
2045, 
15282.34,
304083.3,
4014.667,
100338.2,
2825.286,
279208.8,
13929.17,
10637.66,
649.2335,
5412.745,
265575.9,
144424.6,
46054.04,
4103.934,
180776.3,
5033.513,
97175.56,
1261391,
13267.2,
3641684,
126799,
50295.82,
32885.6,
70134.48,
103477.4,
1007.744,
0,
6780467,
2046, 
19302.81,
344994.7,
7872.766,
110580.6,
3014.873,
337543,
19426.88,
12388.75,
640.9031,
6380.852,
280313.7,
166500.9,
57762.11,
4351.875,
205039.5,
5710.84,
124337.5,
1508059,
13305.13,
4184146,
140891.7,
53917.77,
33992.51,
74398.26,
122816,
1375.871,
0,
7839065,
2047, 
26667.75,
382296,
13739.41,
120780.1,
3263.74,
390901.8,
26596.21,
14208.29,
906.1707,
7553.356,
295732.3,
183172.9,
70076.94,
4600.099,
224976.1,
6450.486,
165228.7,
1758681,
13335.29,
4703514,
156396.3,
57415.82,
34648.87,
77985.88,
146665.3,
1875.437,
0,
8887668,
2048, 
34847.42,
442882.3,
29732.96,
133788.1,
3601.952,
461316.7,
35620.02,
16625.72,
1839.474,
9076.217,
298279.5,
191791.9,
83485.86,
4879.909,
241842.8,
7155.012,
214444.1,
2014207,
13354.13,
5212516,
174196.3,
61030.13,
34671.81,
81617.13,
171479.4,
2430.049,
0,
9976711,
2049, 
45160.33,
500953.3,
62170.01,
148799.5,
3994.521,
512181.8,
45542.24,
19328.41,
3988.559,
14300.21,
301304.5,
199385.6,
94041.3,
6302.779,
255981.5,
7769.277,
251987.8,
2217958,
13360.49,
5645575,
213676.9,
63081.06,
34129.18,
84456.48,
195894.2,
2746.488,
0,
1.094407e+07,
2050, 
58501.51,
590856.4,
105404.4,
174357.4,
4429.723,
574936.1,
56157.18,
22259.09,
4877.418,
22721.11,
299548.1,
210921.8,
106659.3,
7766.99,
269958.7,
8325.087,
302304.6,
2343528,
13423.47,
6002705,
256214.5,
66192.21,
33598.97,
87248.45,
222479.7,
3087.828,
0,
1.184846e+07,
2051, 
67830.02,
692552,
134433.7,
191930,
4895.297,
624679.9,
66736.74,
24985.44,
5478.145,
32630.55,
301308.1,
222028.6,
123170.8,
9555.414,
289112.7,
9065.296,
342316.7,
2401336,
13563.89,
6442792,
297075.8,
70203.59,
33773.47,
86961.62,
254127.7,
3434.402,
0,
1.274598e+07,
2052, 
79739.84,
812921.9,
155054.7,
207222.9,
5323.727,
674716.3,
76638.13,
28161.34,
6073.968,
45169.05,
306355.6,
232754.2,
142971.7,
12131.86,
302112.3,
10338.86,
374743.6,
2397845,
13644.9,
6916854,
321961.9,
73516.71,
34864.64,
87280.95,
294233.3,
3798.385,
0,
1.361643e+07,
2053, 
94183.26,
936400.2,
176183.3,
220339.3,
5707.579,
718069.6,
90701.91,
32214.1,
7800.65,
60204.13,
313110.9,
241797.8,
163359.2,
15556.87,
313117.8,
12260.92,
401416.6,
2345456,
13676.67,
7293161,
337972.6,
76753.16,
36624.79,
90659.9,
342377.2,
4199.275,
0,
1.43433e+07,
2054, 
109232,
1064453,
196484,
231655.5,
6179.392,
772465.9,
113901.3,
36547.67,
10337.4,
77584.2,
317936.2,
251188.2,
191823.9,
20450.07,
327418.6,
14720.9,
427318.3,
2271831,
13586.6,
7497020,
349330.3,
76973.85,
39367.77,
97760.24,
414111.5,
4647.42,
0,
1.493433e+07,
2055, 
130630.4,
1194588,
219673.4,
238094.2,
7161.459,
816456.6,
134798.2,
41695.64,
11807.24,
97407.43,
322249.9,
257428,
217088.5,
30070.06,
343359.1,
17462.22,
468420,
2198849,
13414.31,
7671116,
356240.3,
78924.95,
41672.4,
106102.6,
483871.9,
5177.733,
0,
1.550376e+07,
2056, 
155111.6,
1338570,
244360.1,
242907.7,
8322.202,
850934.1,
180929.2,
47321.58,
13265.54,
118034.6,
315256.8,
262984.3,
241044.1,
42869.27,
360845.9,
20006.69,
530784,
2131169,
13236.64,
7807227,
370261.1,
81203.45,
45642.5,
120059,
526424.3,
5763.266,
0,
1.607453e+07,
2057, 
180216.4,
1468931,
272225,
248827,
10335.14,
886507.4,
248802.2,
53781.39,
13924.15,
140237.1,
305187.8,
266424.7,
256830.8,
57796.12,
384273.8,
21061.51,
592221.1,
2070891,
13059.77,
7941302,
393069.8,
84327.44,
49288.91,
130794.7,
606019.8,
6353.378,
0,
1.670269e+07,
2058, 
201121.4,
1631203,
305187,
253576.4,
12777.37,
921305.9,
327767.3,
60389.2,
17153.82,
163049.2,
303796.7,
266355.3,
263284.2,
73206.33,
413308.4,
21527.48,
680681.4,
2031897,
12859.46,
8072580,
406832.1,
87924.24,
52279.46,
140649.3,
705682.9,
7430.878,
0,
1.743383e+07,
2059, 
213487,
1850630,
340501.8,
260200.1,
16007.7,
958647.9,
389738.1,
68554.7,
26521.95,
188686.2,
319125.6,
268821.5,
266875.6,
88409.36,
443865.2,
21993.48,
801229.6,
1990538,
12628.44,
8233235,
424629.3,
90824.66,
55828.92,
151639.9,
814334.6,
8869.563,
0,
1.830582e+07,
2060, 
240839.9,
2074385,
376014.9,
262245.9,
20523.22,
998589.3,
439703.1,
76361.05,
49070.58,
216079.1,
331980.9,
266507.4,
270963,
106683.9,
469337.3,
22369.09,
896787.5,
1980926,
12349.83,
8305749,
442802.8,
97127.63,
58521.33,
164072.7,
939299.4,
10493.79,
0,
1.912978e+07,
2061, 
247253.6,
2285311,
409884.9,
264181.7,
25784.89,
1032821,
477051.6,
83361.95,
89093.47,
241314.8,
343870.7,
258589.1,
274523,
125053.9,
499833.8,
22777.61,
970570.3,
1984958,
12625.69,
8344605,
483007,
104127.4,
60390.19,
176003.7,
1056768,
12213.75,
0,
1.988598e+07,
2062, 
256450.5,
2486200,
445813.5,
269012.4,
31611.37,
1068205,
499153.5,
92488.75,
178281.6,
269443.4,
360615,
240162.3,
277536.9,
145800.1,
522364.7,
23133.34,
1032119,
2008588,
13611.96,
8387952,
513843,
110980.4,
61750.86,
191365.8,
1174823,
14126.67,
0,
2.067543e+07,
2063, 
258440.7,
2718218,
483170.4,
277029.8,
38596.16,
1097512,
516895.8,
112972.6,
293632,
297048.3,
380717.3,
222584.6,
280141.6,
165591,
540538.6,
23614.12,
1052336,
2021419,
13406.04,
8405026,
543284.2,
113215.8,
61839.75,
208270,
1266197,
16321.19,
0,
2.140802e+07,
2064, 
253577.2,
2871730,
502010.7,
286413.4,
47154.63,
1126449,
551440.3,
140436,
407316.7,
317111.2,
403721.3,
203772.6,
283503.2,
180998.6,
564083.3,
24210.12,
1046825,
2041593,
13331.07,
8427273,
576301.4,
116066.3,
60448.34,
225428,
1344725,
19757.86,
0,
2.203568e+07,
2065, 
244524.7,
2989517,
519775.8,
296039.3,
63676.1,
1159782,
609338.6,
166512.2,
482331.2,
329578.3,
423125.1,
183293.5,
286223.6,
190118.4,
589661.4,
25081.96,
1056789,
2060083,
13488.09,
8432817,
624799.1,
118726.5,
57716.6,
242707.2,
1442936,
24344.88,
0,
2.263299e+07,
2066, 
231049,
3142030,
535927.2,
302859.2,
84296.16,
1192566,
687932.6,
196871.8,
531420.3,
345916,
429837.3,
161077.5,
289785.5,
198671.7,
612704.4,
32063.34,
1097163,
2068948,
13490.72,
8450393,
659645.4,
121457.8,
54188.57,
264387.9,
1578996,
29613.95,
0,
2.331329e+07,
2067, 
219203.6,
3317817,
553687.1,
301559.8,
112837,
1239304,
793370.9,
225706.7,
587091.8,
359073,
432532.3,
139995,
294515,
204401.4,
640935.1,
38473.27,
1162472,
2057724,
13630.98,
8486887,
648684.7,
125390.3,
49736.82,
289177,
1715095,
36853.61,
0,
2.404615e+07,
2068, 
209407.8,
3476110,
572871.7,
295368.7,
147438.7,
1299473,
893515.6,
250999.2,
634136.8,
375552.9,
441760.8,
120816.7,
299138.3,
208105,
671423,
46214.28,
1242259,
1995127,
13902.95,
8536732,
628122.4,
130722.8,
45258.07,
315429.3,
1874000,
45692.52,
0,
2.476958e+07,
2069, 
214171.9,
3568442,
592584.2,
285515.7,
195598,
1375061,
996645.1,
272872.6,
675777.8,
389651.3,
437024.2,
103733.9,
303993.2,
209513.9,
698461,
55995.86,
1330379,
1908414,
14115.41,
8556330,
597785.1,
142608.4,
40963.77,
343969.4,
2041747,
60152.11,
0,
2.54115e+07,
2070, 
219543.8,
3643007,
618703.6,
275428.9,
250177.1,
1428650,
1089117,
304746.3,
717730.7,
411419.2,
441393,
87927.43,
306676.9,
210771.5,
725250.6,
65611.5,
1418884,
1819013,
14077.36,
8583351,
582327.6,
155278.2,
37444.79,
375336.6,
2225476,
82149.33,
0,
2.608949e+07,
2071, 
221768.4,
3683788,
646056,
263701.9,
323952.4,
1467435,
1161426,
334053,
757489.6,
434642.5,
451099.5,
77192.52,
310577.8,
210736.5,
750439.6,
76882.18,
1511554,
1792766,
13503.66,
8618363,
569399.4,
162740.8,
34602.46,
404222.8,
2379307,
107503.3,
0,
2.67652e+07,
2072, 
219851.8,
3714431,
672237.9,
258866.1,
462152,
1491715,
1213846,
374664.5,
809244.8,
459295.7,
456546.5,
70088.97,
314353.2,
209337.1,
771863.6,
90849.75,
1611626,
1812410,
12947.22,
8696775,
570663.2,
169597.7,
33334.33,
427647.4,
2509595,
136676.3,
0,
2.757062e+07,
2073, 
216986.2,
3746672,
697296.2,
264738,
596300.6,
1557114,
1254561,
435216.3,
872644,
484885.4,
472795.4,
68039.52,
317957.4,
207139.3,
787289.1,
115575.3,
1714131,
1851357,
14549.05,
8778548,
589978.3,
174688.1,
32201.58,
453781.2,
2670334,
172075,
0,
2.854685e+07,
2074, 
213572.2,
3787967,
730226.6,
273885.8,
737666.4,
1613982,
1287246,
518680.3,
941862.9,
508699.8,
487474.3,
71206.07,
320268.3,
204664.2,
796555.4,
136919.8,
1784077,
1915006,
15886.44,
8847991,
613178.1,
180246.8,
31132.88,
485349,
2813402,
210637,
0,
2.952778e+07,
2075, 
207622.2,
3833148,
757059.6,
287784.8,
870778.2,
1639135,
1336294,
622094.3,
1016705,
533375.9,
497910.8,
81593.28,
320427.1,
201933.3,
801063.6,
154255.5,
1822874,
1942058,
17186.13,
8884159,
653033.5,
185384.7,
30141.14,
515232.3,
2946633,
244297.4,
0,
3.040218e+07,
2076, 
201968.5,
3885356,
786271.1,
299035.2,
1037113,
1627136,
1407101,
708571.8,
1094994,
554846.8,
498091.7,
95311.98,
319896.2,
199012.1,
800701.5,
167744,
1836383,
1948687,
19725.35,
8907977,
676562.7,
190032,
30069.83,
543431.4,
3082443,
280381.5,
0,
3.119884e+07,
2077, 
199870,
3933051,
834587.4,
308693.5,
1188670,
1620270,
1505910,
831391.9,
1151762,
572953.1,
499791.8,
110793.3,
319498.7,
196775.3,
802723.4,
183653.9,
1849944,
1920153,
21806.48,
8910072,
673515.9,
196279,
30675.43,
569512.9,
3216665,
312583.4,
0,
3.19616e+07,
2078, 
201334.6,
3974979,
850433.1,
308650.4,
1316179,
1615124,
1560828,
921805.7,
1217009,
594668,
500542.9,
130843.9,
319265.7,
195656.8,
807189.1,
201570.9,
1884030,
1892455,
24174.21,
8887931,
646583.1,
201596.9,
32342.48,
594977.8,
3335543,
358838.8,
0,
3.257455e+07,
2079, 
205101.2,
4014668,
880890.8,
306371.2,
1456367,
1626238,
1602909,
1048784,
1291696,
611106.3,
498730.7,
160426.1,
322238.5,
196142.9,
814921.4,
217875.1,
1947758,
1888135,
26522.56,
8820965,
622948.8,
202053.4,
32842.54,
619745.2,
3429984,
418151.2,
0,
3.326357e+07,
2080, 
210097.3,
4071554,
892015.9,
302871.4,
1601798,
1629897,
1637219,
1162597,
1379603,
640429.4,
499700.7,
204116.1,
328250.7,
197910.9,
827358.4,
233704,
2063692,
1907095,
29258.63,
8778198,
609775.3,
202596.9,
34684.07,
638469.9,
3510221,
492039.3,
0,
3.408515e+07,
2081, 
222113.7,
4136790,
929918.1,
299121,
1714327,
1633487,
1674064,
1264307,
1484592,
661842.9,
506477.3,
253515.4,
335958.6,
200225.6,
843449.8,
247060.5,
2217283,
1947372,
31614.4,
8741039,
612791.9,
200799.6,
35246.52,
652713.8,
3567828,
572267.1,
0,
3.49862e+07,
2082, 
236498.1,
4192592,
953231.9,
301227.1,
1823442,
1640586,
1719341,
1346711,
1601562,
681551.3,
509787,
307423.2,
341275,
202625.6,
857870.6,
260794.5,
2319284,
1987553,
34630.81,
8746304,
610335.5,
201155.2,
35546.85,
667826.4,
3611044,
654916.1,
0,
3.584511e+07,
2083, 
245190.2,
4251570,
994409.6,
305621.2,
1938579,
1644177,
1781401,
1468888,
1706080,
686764.9,
523018.3,
354376.1,
345093.2,
204824.4,
871170.7,
276711,
2436268,
2002081,
38019.16,
8749911,
612351.6,
203487.1,
36299.93,
681434.1,
3650859,
734192.5,
0,
3.674278e+07,
2084, 
255193.5,
4306218,
1051608,
312534.5,
2001073,
1645887,
1871198,
1662158,
1805852,
710860.8,
533438.6,
396011.9,
346698.8,
206885.6,
887182.6,
295956.8,
2557228,
2015976,
41230.56,
8783207,
611188.5,
206872.3,
36662.92,
695270.6,
3691877,
793797.2,
0,
3.772206e+07,
2085, 
269357.7,
4326359,
1121983,
314398,
2066581,
1657113,
2013814,
1911905,
1873533,
722584.1,
544612.2,
422245.2,
347009.5,
209203.5,
900150.2,
323310.4,
2664346,
1994063,
44928.78,
8766419,
596268.3,
209247,
37615.58,
710710,
3781923,
855096.6,
0,
3.868478e+07,
2086, 
285501.7,
4328336,
1177522,
314891.7,
2143643,
1650637,
2126154,
2166890,
1921822,
739795.8,
559901.2,
444703.2,
347507.5,
212148.7,
914374.5,
352473.6,
2788182,
1976384,
47437.82,
8723421,
592920.8,
213694.9,
39069.07,
728427.3,
3884709,
906158.8,
0,
3.95867e+07,
2087, 
306849.6,
4323331,
1244829,
309249.1,
2223670,
1651232,
2227413,
2399632,
2000612,
755405.9,
573883.8,
466623.8,
348837.5,
215947,
930397.8,
385666.7,
2926532,
1953637,
48448.06,
8593148,
595787.1,
216084.3,
40513.76,
745070.2,
3963173,
952058.9,
0,
4.039803e+07,
2088, 
327451.4,
4314656,
1308093,
306016.3,
2303340,
1650059,
2324713,
2659234,
2078271,
770222.4,
597192.3,
486689.8,
348312.4,
218605.2,
945450.2,
423970.5,
3063047,
1926406,
48504.75,
8443806,
603231.1,
213642.3,
42443.1,
759496.6,
4027048,
1006000,
0,
4.11959e+07,
2089, 
346606,
4305727,
1359449,
300630.2,
2375913,
1643791,
2421310,
2919629,
2173273,
790451.3,
607170.9,
495919.9,
349642.1,
220663.7,
958187.5,
461920.5,
3210820,
1897450,
48126.5,
8284229,
614570.8,
210447.4,
43783.88,
775081.2,
4067058,
1061432,
0,
4.194328e+07,
2090, 
368590.3,
4293294,
1400442,
291839.3,
2438336,
1634899,
2516964,
3178452,
2313890,
806740.2,
625494.6,
497659.7,
350156.2,
222584.2,
972677.9,
501767.4,
3381269,
1866261,
48146.43,
8155451,
636016,
204815.1,
44633.14,
788870.9,
4105818,
1129229,
0,
4.27743e+07,
2091, 
391544.4,
4278613,
1438643,
285409.2,
2491497,
1634732,
2612589,
3378187,
2476787,
817455.8,
644569.6,
497491.4,
351432.2,
224193.4,
984282.9,
548555.5,
3549229,
1824437,
47725.7,
8049833,
662144.7,
198672,
47298.45,
808301.5,
4113758,
1222465,
0,
4.357984e+07,
2092, 
410686.6,
4262839,
1478076,
275863.8,
2544750,
1637129,
2706077,
3590297,
2602568,
832119.6,
680333.3,
496048.8,
351381.1,
224870.3,
992457.1,
601463.3,
3695784,
1791668,
47724.43,
7955015,
691521.1,
193634.2,
54515.85,
824245.8,
4118034,
1319762,
0,
4.437886e+07,
2093, 
433082.5,
4252769,
1511899,
265049.7,
2597896,
1632398,
2814164,
3817211,
2735421,
849343.9,
704197.6,
493349.1,
350227.8,
224868.8,
1003387,
650994.3,
3733704,
1747366,
47857.23,
7858270,
739964.6,
190943.9,
67372.55,
837901.4,
4134503,
1417746,
0,
4.511188e+07,
2094, 
456349.1,
4248282,
1541328,
254020,
2656541,
1627680,
2937135,
3965622,
2853360,
868583.4,
722372.3,
488970.6,
349392.2,
223424.7,
1010501,
710500.5,
3774010,
1693164,
47258.34,
7769177,
751538.3,
192672.6,
76571.89,
846612.9,
4071776,
1515509,
0,
4.565235e+07,
2095, 
476558.5,
4246617,
1570697,
248030.2,
2720928,
1621823,
3076881,
4118700,
2965050,
889906,
754543.8,
483938,
347813.4,
221103.5,
1022249,
774008.1,
3816454,
1657978,
46695.78,
7692211,
760514.4,
197291.1,
84483.73,
859586,
4035942,
1596144,
0,
4.628614e+07,
2096, 
486968.4,
4253442,
1614769,
245671.3,
2799559,
1618333,
3172681,
4350597,
3055275,
908576.4,
762208.6,
478943.5,
345906.7,
218794.4,
1032037,
825581.1,
3848632,
1651197,
45402.94,
7625190,
782298.6,
202836.2,
92853.86,
871215,
4014062,
1685185,
0,
4.698821e+07,
2097, 
496754.4,
4255697,
1630177,
248828,
2906602,
1615761,
3266289,
4755088,
3224922,
930422.2,
789645.2,
473883.6,
342063.5,
217782.8,
1047814,
871870.3,
3867013,
1641754,
43685.02,
7583187,
817933.5,
207827.9,
101049,
879407,
3981945,
1812861,
0,
4.801026e+07,
2098, 
505939,
4267369,
1671831,
254815.6,
3006070,
1563327,
3363118,
5009388,
3329605,
951065.6,
794736.1,
470745.7,
340605.4,
217237.7,
1060363,
920556.9,
3979938,
1637344,
42260.27,
7549837,
854275.2,
211151.6,
109221.3,
886383.3,
4037029,
1936621,
0,
4.897083e+07,
2099, 
513204.8,
4300512,
1692079,
259855,
3091963,
1525080,
3467798,
5264438,
3421220,
970175.5,
818656.9,
466785.8,
341490.7,
216666.3,
1078137,
959898.6,
4102063,
1639866,
43218.26,
7546295,
896142,
210965.2,
116183.9,
894461.6,
4171343,
2032508,
0,
5.0041e+07,
2100, 
518541.5,
4291089,
1733412,
264363.1,
3141490,
1494874,
3590941,
5522119,
3473536,
987558.9,
832541.3,
463337.9,
343428.1,
216736.1,
1088774,
1006892,
4199917,
1641673,
43077.59,
7546607,
939446.9,
207951.6,
123905.1,
904138.4,
4237621,
2139372,
0,
5.095334e+07];
