real main.em.dem.agr.frt.Pprod2[27](t) = [1971, 
550114.1,
4036719,
212472.5,
12696.24,
319559.9,
52467.7,
501895.8,
19234.84,
0,
301224.6,
5599707,
1946482,
65061.39,
1088583,
606120.5,
1910239,
159314.5,
363092,
206405,
1406370,
88510.22,
0,
568590.1,
1085292,
3893.177,
85782.05,
2.118983e+07,
1972, 
648058.4,
4659998,
241188.5,
13207.01,
453923.2,
66697.68,
581177.8,
22288.35,
0,
365538,
5923586,
2070639,
83715.19,
1196178,
675843.3,
2106890,
177581.9,
359963.1,
218737.5,
1611371,
97602.53,
0,
616499.8,
1445605,
4601.752,
74035.09,
2.371493e+07,
1973, 
750560.5,
5108400,
269130.9,
15332.33,
382759.8,
68415.44,
586358.8,
21283.4,
0,
334634.2,
6269514,
2202055,
97544.21,
1303265,
728808.1,
2295711,
224851.6,
357613,
239892.8,
1860076,
107146.5,
0,
690585.4,
1476368,
4302.74,
83366.15,
2.547797e+07,
1974, 
734340.6,
4723858,
256640.7,
17245.88,
486233.3,
75982.76,
602335,
27660.53,
3.490046,
328935.1,
5462942,
2268949,
78353.55,
1459465,
793297,
2554826,
230128.2,
284958.7,
288132.2,
1611766,
114575.4,
12694.76,
621044.7,
944892.3,
7023.302,
76212.08,
2.406249e+07,
1975, 
729393.5,
5462645,
323428.6,
14642.61,
579316.3,
60334.2,
653585.9,
34684.2,
7.677585,
358372.2,
5315458,
2362909,
152980.5,
1767409,
933805.9,
3076876,
253538.5,
332861.7,
314793.8,
1680450,
111360.9,
23682.4,
568212.3,
1003068,
15654.85,
74855.3,
2.620433e+07,
1976, 
724755.5,
5967862,
278379.8,
15534.71,
814818.8,
75611.02,
728002.6,
41873.43,
10.13346,
374895,
5689489,
2482635,
277831.1,
1766693,
940361.9,
3085025,
235324.9,
432627.7,
271954,
1224648,
100024.1,
32084.64,
633333,
1210555,
23542.56,
78991.16,
2.750686e+07,
1977, 
846220.9,
5688811,
280138.7,
13946.82,
1038160,
75428.98,
797672.8,
32576.65,
12.61934,
356009.7,
5739775,
2594807,
351962.8,
1856404,
983450.1,
3238183,
247779.7,
525808.4,
363795.4,
1636859,
111220.5,
41160.99,
665701.8,
1434802,
39552.37,
76197.62,
2.903644e+07,
1978, 
820725.4,
6350938,
285246.3,
13765.15,
1092604,
80923.95,
806557.6,
28385,
13.07468,
407366.5,
6239752,
2692727,
479638.2,
1967257,
1028616,
3422977,
213172.7,
737921.8,
383113,
1178242,
131196.1,
64688.06,
684548.6,
1227755,
54052.59,
72977.2,
3.046516e+07,
1979, 
738174.8,
6337509,
258895.9,
12590.6,
1290240,
103424.9,
882251.4,
27793.44,
17.03583,
446940.6,
6286529,
2711507,
452123.2,
1974557,
1026319,
3447335,
324859.9,
708024.3,
430936.7,
1916392,
108718.4,
86694.88,
727208.1,
1246241,
70072.66,
61952.91,
3.167731e+07,
1980, 
746481.1,
6531338,
258902.6,
12844.18,
1644369,
99033.68,
967756.6,
29967.96,
30.99565,
468026.2,
5725247,
2532442,
386864.6,
1834920,
951533.3,
3198409,
364120.9,
798821.9,
442416.7,
2473984,
95015.45,
183317.7,
598146,
1082512,
84053.67,
83933.5,
3.159449e+07,
1981, 
700739.9,
6124725,
335594.6,
12751.36,
1154608,
81076.85,
983491.9,
27216.38,
49.54093,
561507.7,
5350928,
2769002,
421865.6,
1900482,
963859.9,
3297293,
334862,
885251.9,
474146,
2634707,
89210.64,
245517.3,
604549.4,
1024616,
95729.38,
76582.7,
3.115036e+07,
1982, 
673405.9,
5634106,
347902.7,
10902.65,
1127486,
84020.57,
1018644,
24802.43,
41.74059,
517040.6,
5296882,
2694477,
503619.6,
1944837,
970946.3,
3366166,
440736.4,
887735.1,
454014.3,
2685343,
81541.53,
368903.9,
613313.8,
901531.9,
119275,
65110.73,
3.083278e+07,
1983, 
687789,
6686155,
266396.6,
11251.16,
999533.7,
83299.41,
1126378,
22017.34,
56.88784,
403234.9,
5339905,
2884477,
617122.2,
2024071,
998140.9,
3504423,
500436.6,
1044945,
525773.8,
3042267,
87041.23,
369548.9,
644594.6,
857707.4,
139258.9,
64542.17,
3.293037e+07,
1984, 
687634.6,
6703804,
316012.9,
11573.9,
1496729,
100899.4,
1307214,
31287.57,
45.26182,
431743.3,
5055673,
2968465,
519773.9,
2028469,
1023534,
3641663,
573048.2,
1366293,
544056.4,
3063796,
91749.32,
422513,
624461.3,
820212.3,
148366.1,
55711.01,
3.403472e+07,
1985, 
605295.1,
6352325,
350081.8,
10925.63,
1219753,
111625.1,
1431003,
33385.68,
39.49941,
381578.6,
4811129,
2773784,
434436.4,
2242935,
1149176,
4162285,
617470.7,
1532588,
535220.3,
2262973,
103205.5,
465321,
569621.5,
713890.8,
153878.7,
64099.81,
3.308803e+07,
1986, 
570923.2,
6378930,
363034.4,
11443.69,
1510566,
126739.3,
1567618,
37215.68,
42.21505,
356319.1,
4703409,
2864817,
461126.7,
2375381,
1252073,
4590353,
631558.9,
1635527,
555912.8,
2283721,
116404.5,
525748.3,
562934,
673894.8,
171663.8,
58303.78,
3.438566e+07,
1987, 
544692.1,
6842110,
392435.6,
11774.25,
1447328,
136437.3,
1752265,
40872.27,
40.16344,
302724.7,
4541528,
2685783,
504914.3,
2363090,
1283850,
4757386,
706750.6,
1293518,
584029.4,
3393864,
119892.2,
535788.9,
548294.2,
734334.8,
165694.4,
63833.19,
3.575323e+07,
1988, 
511361.8,
7219438,
359656.9,
11257.25,
1311266,
129657.9,
1907741,
55165.45,
38.34657,
343034.8,
4334490,
2730229,
410946.6,
2299875,
1281645,
4817301,
797887.8,
1859062,
599761.9,
3909426,
153669.6,
595502.2,
496590.3,
654337.3,
168916.6,
61859.65,
3.702012e+07,
1989, 
491327.1,
7597817,
330497.1,
10371.2,
1101174,
106826.3,
1957733,
59461.96,
32.24147,
318943.6,
4129549,
2692146,
487935.3,
2122024,
1220307,
4660160,
851215.3,
2138289,
631132.1,
4000027,
157969.8,
581872.6,
475214,
640564.1,
170581.2,
57841.19,
3.699101e+07,
1990, 
450929.2,
7562129,
356241.8,
9502.354,
992335,
91315.24,
2052143,
68184.96,
24.98507,
308901.9,
3578041,
1810762,
493032,
1712583,
1292095,
4807959,
935920.2,
2213919,
605257.6,
4448922,
210899.8,
577431.4,
428862.9,
431406.5,
168909,
53542.94,
3.566125e+07,
1991, 
446379,
7861217,
370134.5,
8320.208,
1022763,
84864.13,
2157731,
75971.45,
15.09365,
299149.3,
3201115,
932570.3,
472435.3,
1394409,
1048484,
4092324,
838842.3,
2337348,
606101.3,
5549251,
212490,
578093.2,
410778.2,
463170.3,
164081.7,
54551.93,
3.468259e+07,
1992, 
448151,
7999608,
297561.3,
6190.735,
1051815,
78554.73,
2125589,
85366.05,
7.868356,
283730.8,
2783584,
856042.8,
486433.9,
670241.6,
739530.9,
2105258,
929224.3,
1985498,
563310.1,
5284309,
245013.2,
596785.3,
390656.3,
519817,
179421.5,
50299.01,
3.0762e+07,
1993, 
440294,
8045592,
322701.5,
6365.653,
1223908,
81530.3,
2167092,
105554.4,
0,
341198.7,
2615250,
790258.9,
562041.2,
380180.7,
577940.5,
1465293,
811259.9,
1842800,
558410.6,
4240969,
297921.8,
546458.8,
384038.8,
475042.1,
155477.7,
48633.93,
2.848621e+07,
1994, 
425681.5,
8034370,
354683.6,
5264.265,
1368852,
76554.35,
2237645,
58990.71,
0,
293598,
2629055,
790257.7,
318221.2,
152291.6,
254473.7,
1011146,
871549.6,
2081720,
479101.9,
5699275,
331333.8,
515996.3,
359258.9,
530467.2,
145790.8,
40881.56,
2.906646e+07,
1995, 
425454.5,
8236976,
161757.3,
6020.289,
1069558,
75794.48,
2330711,
61536.96,
0,
293330.3,
2460030,
923571.8,
416414.7,
143181,
237046,
1286575,
823381.8,
2105432,
485154.4,
7044262,
444352.5,
377877.5,
311353.2,
586764.2,
160231.9,
48398.47,
3.051516e+07,
1996, 
435245.5,
8210365,
248793.9,
5232.758,
1126839,
97132.58,
2363337,
46338.82,
0,
307952.3,
2546279,
970832.6,
417058.7,
151551.8,
296536.4,
1494333,
907320.8,
2213502,
463348.3,
6520766,
490230.6,
320149.4,
290273.3,
635710.7,
134605.9,
53911.38,
3.074765e+07,
1997, 
423779.6,
8324161,
189414,
5115.836,
1270228,
92969.03,
2508870,
48959.89,
0,
285152.1,
2367115,
955131.4,
429295.3,
127255.5,
222786.4,
1677521,
918258.6,
2973470,
480185.9,
7572034,
523647.2,
266139.4,
271739.7,
670039.4,
163072.1,
64070.53,
3.283041e+07,
1998, 
375628.1,
7795288,
195452.3,
3976.867,
1228900,
87787.12,
2475431,
50879.09,
0,
277494.9,
2269107,
939870.9,
509156,
105178.9,
210662.8,
1793796,
962269.5,
3191477,
436010.1,
7843675,
550402.7,
336189,
247815.1,
713692.7,
153661.8,
65077.87,
3.281888e+07,
1999, 
357952.4,
7681807,
180539.9,
3063.619,
1130478,
80723.64,
2499550,
48532.92,
0,
292270.7,
2164057,
915257.7,
465669.7,
52782.16,
200230.9,
1906505,
1024341,
3799485,
449414.7,
7505423,
592692.7,
295414.2,
241292.1,
778517.4,
193120.8,
70808.39,
3.292993e+07,
2000, 
316752,
7326098,
162919.1,
2465.815,
1189253,
75747.68,
2406677,
39200.32,
0,
255621.4,
1861065,
925548.6,
497054.4,
75073.89,
175588.9,
2092541,
1114987,
3436916,
403215.5,
7206836,
593537.6,
236642.9,
237557.3,
808152.5,
215761,
80813.59,
3.173602e+07,
2001, 
300100.1,
7514820,
173492.6,
1789.719,
1279469,
75849.32,
2432931,
36218.13,
0,
278716.5,
1762580,
1045776,
345311.8,
59972.64,
190484.5,
2326692,
1020178,
3611489,
347373.1,
7661961,
622267.2,
244438.9,
199674.5,
899349.9,
207134.3,
64500.75,
3.270257e+07,
2002, 
294940.8,
6817728,
125330.3,
476.1627,
1354927,
51998.84,
2356042,
33523.48,
0,
338847.6,
1692468,
1062456,
349162.1,
54324.12,
213658.7,
2433561,
1048270,
3378759,
384156.7,
8553289,
595182.4,
309557.1,
173797,
819208.3,
208932.9,
126580.6,
3.277718e+07,
2003, 
291982.5,
7250965,
76211.3,
0,
1665306,
63740.61,
2569521,
42543.62,
0,
278928.3,
1681127,
1117983,
405052.3,
38092.96,
170974.8,
2779933,
1124649,
3525317,
288386.7,
8974540,
714721.7,
283660.9,
197592.1,
845294.8,
201569.2,
112359.7,
3.470045e+07,
2004, 
253555.1,
7306143,
125943.5,
0,
1742590,
82525.81,
2693476,
38550.38,
181.1878,
308746.6,
1603624,
1155141,
437572.3,
54596.33,
192981,
2888092,
1240991,
3877279,
292605.7,
9921719,
783650.3,
339876.5,
194424.2,
845931.2,
248984.3,
82804.37,
3.671198e+07,
2005, 
265264.5,
6835847,
206688.8,
0,
1247912,
91712.98,
2564390,
27816.39,
265.2953,
232192.3,
1391457,
1169321,
447749.8,
73955.69,
130809.6,
2667546,
1345677,
4294394,
294712.8,
1.018212e+07,
640659.6,
351351.8,
186213.7,
801736,
310856.6,
72952.87,
3.58336e+07,
2006, 
195684.1,
6740809,
224867.4,
0,
1420366,
108307,
2563974,
27925.81,
392.2317,
274251.4,
1360445,
1105215,
453752,
124195.3,
124267.2,
2695907,
1592947,
4447944,
222153.2,
1.070805e+07,
658144.4,
385656.4,
176186.7,
737946.8,
362313.3,
73036.7,
3.678473e+07,
2007, 
281425.5,
6624531,
205421.9,
0,
1818511,
144643.8,
2591257,
15967.8,
711.3516,
257782.3,
1393648,
1202514,
386146.1,
166548,
120999.7,
2706534,
1525772,
4341840,
231708.8,
1.082141e+07,
717787.4,
387242.3,
168416,
746212.7,
231807.2,
42929.01,
3.713176e+07,
2008, 
226557.5,
5248630,
159998,
0,
1452601,
134419.8,
2302255,
9454.893,
889.8477,
231665.9,
742492.6,
980636.8,
245900.7,
186582.9,
116242.6,
2294242,
1322218,
4928938,
161180.5,
1.02553e+07,
678064.6,
306782,
124795.8,
608624.9,
236401.8,
36512.28,
3.299139e+07,
2009, 
231997.3,
6027872,
261598.2,
0,
1843149,
133070.1,
2435992,
6660.857,
1104.766,
243598.2,
937895.6,
949259.7,
468762.4,
207337.1,
91526.14,
2467939,
1277749,
5466343,
140794,
1.140335e+07,
671981.9,
302732.4,
127806.6,
512774.7,
380302.9,
24788.7,
3.661638e+07,
2010, 
265022.6,
6287956,
317417.3,
0,
1915484,
169866.3,
2718117,
7287.903,
1503.465,
216390.3,
987227.1,
985184.2,
410362.1,
238343.6,
96845.09,
2524796,
1213391,
5881376,
132986.6,
1.354131e+07,
660418.9,
334224.2,
130642.1,
615761.1,
397839.2,
24481.14,
4.007424e+07,
2011, 
300058.9,
6588663,
343972.4,
0,
2198562,
194768.7,
2820615,
5619.315,
1791.832,
229363.7,
982154.4,
933125.5,
368262.6,
243595.3,
81341.09,
2550129,
1263005,
5710428,
117715.5,
1.421825e+07,
524985.6,
422598.8,
134550.5,
665873.7,
447695.7,
19409.21,
4.136653e+07,
2012, 
313613.6,
6910433,
461943.8,
0,
2014869,
184965.4,
2716177,
4221.331,
2153.106,
226362.3,
1018652,
965941.6,
400548.3,
231741.6,
73158.05,
2372317,
1507503,
4678114,
125263.7,
1.477275e+07,
622524.8,
475903.7,
103282.5,
625595.9,
502132,
9079.256,
4.131924e+07,
2013, 
322608.7,
6842489,
485082.3,
0,
2180930,
201882.3,
2844939,
0,
2535.364,
221636,
1045183,
939480.1,
469106.2,
239982.5,
63140.5,
2364814,
1588158,
3880931,
87637.34,
1.437702e+07,
730650.2,
568831.1,
99768.13,
584029.6,
575947.1,
0,
4.071678e+07,
2014, 
383549.7,
6874888,
506459.3,
0,
2275218,
200671.4,
2940455,
0,
3464.786,
232850.5,
1095848,
893936.8,
442154,
227055.9,
68315.08,
2446717,
1660591,
3944448,
87701.38,
1.462784e+07,
696815.3,
582263.5,
109208.1,
663058.4,
591799.2,
0,
4.155531e+07,
2015, 
376287.7,
6650012,
555326.9,
0,
2067806,
182063.6,
2865768,
0,
2564.843,
225042.7,
1081027,
936550.7,
441544.9,
212958.8,
68373.36,
2399453,
1540434,
4097041,
85768.16,
1.444555e+07,
710174.5,
569981.6,
100687,
677051,
610062.7,
0,
4.090153e+07,
2016, 
370955.1,
6779581,
556921.6,
0,
2163039,
201062.5,
2962759,
0,
3041.494,
231739.6,
1034272,
954200.3,
441159.4,
219074.3,
71871.34,
2510675,
1600009,
4249839,
86071.41,
1.473875e+07,
730268.3,
627194.6,
103946.1,
674165.4,
660138.2,
0,
4.197074e+07,
2017, 
381463.3,
6790847,
551930.9,
0,
2270787,
209825.7,
3041822,
0,
3444.859,
229408.2,
988553.4,
957392.4,
447469.8,
226024.9,
74218.97,
2604637,
1667964,
4349655,
86942.26,
1.499147e+07,
745424.1,
653539.1,
107139.9,
648026.7,
685735.1,
0,
4.271372e+07,
2018, 
391184.6,
6839554,
549593.4,
0,
2372260,
215676.8,
3096804,
0,
3897.691,
237335.4,
941452.6,
974698.6,
450350.9,
230243.3,
76928.21,
2693787,
1725539,
4494631,
87601.14,
1.510071e+07,
752085.6,
681939.7,
106982.4,
616615.8,
708225.4,
0,
4.33481e+07,
2019, 
394070,
6661224,
542264.5,
0,
2505839,
222768.2,
3183602,
0,
4355.524,
249105.1,
911806.9,
978511,
453556.4,
234111.6,
78269.89,
2780309,
1790106,
4669791,
89187.41,
1.52742e+07,
767542.5,
714357.7,
107930.3,
583117.9,
723754.4,
0,
4.391978e+07,
2020, 
398522.7,
6544171,
533153.6,
0,
2607897,
229919,
3243929,
0,
4882.941,
249549.1,
872021.6,
983133.6,
453412.8,
239678.6,
80202.8,
2844966,
1857579,
4858288,
91034.16,
1.542259e+07,
775283.8,
736194.6,
108333.8,
502012.7,
736112.7,
0,
4.437286e+07,
2021, 
385949.7,
6527896,
526879.3,
0,
2614336,
231393.5,
3272494,
0,
5227.179,
248661.3,
836039.2,
979192.3,
467610.5,
233366.6,
82956.49,
2876858,
1879370,
4917289,
92093.43,
1.547712e+07,
774567.3,
760407.1,
107991.3,
501347,
752754.7,
0,
4.45518e+07,
2022, 
366846.1,
6533926,
520008.2,
0,
2601921,
231683.4,
3289607,
0,
5566.781,
249363,
797070.4,
972866.3,
479261.6,
225736.3,
85358.6,
2898650,
1889671,
4977497,
93077.67,
1.551339e+07,
772737.8,
783058,
107642.7,
500131,
768946.9,
0,
4.466402e+07,
2023, 
344643.9,
6567361,
513127.3,
0,
2570551,
231173,
3304229,
0,
6238.361,
251609.5,
755772.4,
965010.6,
488076.4,
217249.4,
87713.44,
2918016,
1899079,
5037235,
94046.25,
1.554562e+07,
770321.1,
804272.8,
107288.4,
498948.2,
784567.4,
0,
4.476215e+07,
2024, 
322185.5,
6621105,
506116,
0,
2518105,
229826.2,
3313921,
0,
7074.746,
255132,
713532.7,
955955.7,
495288.8,
208263.6,
90058.94,
2932947,
1905953,
5095959,
94981.62,
1.556967e+07,
766711,
823382,
106928.6,
495327.7,
799577,
0,
4.4828e+07,
2025, 
<<<<<<< HEAD
<<<<<<< HEAD
328194.7,
6427973,
507029,
0,
2992122,
263488.6,
3492838,
0,
7082.438,
366970.5,
857059.1,
983306.2,
561289.4,
252506,
123064.5,
3158344,
1892772,
5269197,
114714,
1.411421e+07,
816099.9,
717339.6,
92722.42,
592860.8,
785894.7,
0,
4.471708e+07,
2026, 
336051,
6486149,
515747.7,
0,
2852950,
269483.7,
3538754,
0,
7967.245,
371542.3,
838190.7,
985597.5,
559941.9,
257149,
124956.8,
3191041,
1933523,
5354802,
116558.9,
1.433307e+07,
842835.6,
734468.6,
91317.85,
585576.2,
817756.7,
0,
4.514543e+07,
2027, 
343372.2,
6524478,
524349.9,
0,
2702730,
275585.5,
3581717,
0,
8821.025,
376102.3,
820062.3,
988051.4,
558820.6,
261233.5,
126833.8,
3221259,
1970334,
5440975,
118391.8,
1.455313e+07,
866274.4,
752143.3,
89968.41,
578653.4,
850119.1,
0,
4.553341e+07,
2028, 
349373,
6554567,
532228.2,
0,
2558416,
281803.1,
3630619,
0,
9760.06,
382073.5,
802014,
990980.9,
557938.7,
265225,
128537,
3256471,
2010454,
5531137,
120272,
1.479098e+07,
888103.2,
786609.9,
88610.9,
576802,
883327.9,
0,
4.59763e+07,
2029, 
353379.8,
6580641,
540515.4,
0,
2441872,
288527.4,
3687591,
0,
10710.05,
389422.4,
784410,
994400,
551134.9,
269318.7,
130140.5,
3298526,
2055137,
5632179,
122218.4,
1.505338e+07,
909359.3,
822770.3,
87306.66,
579720.4,
915393.7,
0,
4.649805e+07,
2030, 
355984.4,
6611420,
550026.3,
0,
2372235,
295473.8,
3758465,
0,
11684.61,
397342.3,
766351.6,
998329.4,
547471.9,
273535,
130887.8,
3352591,
2109026,
5737626,
124274.4,
1.536079e+07,
927826.6,
860495.2,
85980.3,
589577.3,
946357.8,
0,
4.716375e+07,
2031, 
362113.3,
6636620,
563236.2,
0,
2482455,
307015.4,
3867640,
0,
12523.25,
406367.5,
764218.2,
1004820,
555914.6,
281216,
132329.8,
3456996,
2173862,
5804606,
126661.1,
1.572665e+07,
943001.4,
880312,
84723.38,
615786.9,
971424.8,
0,
4.81605e+07,
2032, 
369879.7,
6663572,
577070.2,
0,
2609003,
319158.3,
3982063,
0,
13367.08,
415562.3,
762213.1,
1011172,
564069.1,
289529.7,
134886.2,
3568178,
2241608,
5872677,
129099.9,
1.611519e+07,
961234.6,
900953.1,
83474.23,
648171.9,
997137,
0,
4.922926e+07,
2033, 
379621.2,
6690634,
592518.8,
0,
2747365,
331688.8,
4098918,
0,
14205.1,
423623.1,
759711.2,
1017455,
571987.1,
298037.3,
138450.1,
3683659,
2310751,
5940431,
131569.3,
1.650889e+07,
981178.5,
921824.3,
82217.98,
681390.6,
1023041,
0,
5.032916e+07,
2034, 
391691,
6716647,
609593.6,
0,
2893302,
344398.8,
4212808,
0,
15035.73,
430421.8,
756004.1,
1023091,
579016.4,
306522,
142192.9,
3798854,
2378673,
6006911,
134030.9,
1.68894e+07,
1002305,
943440.2,
81005.63,
713047.1,
1048887,
0,
5.141728e+07,
2035, 
405610.7,
6768596,
626331.1,
0,
3043541,
357251.2,
4334944,
0,
16029.13,
437151.8,
751212.9,
1028641,
585778.6,
315012.6,
145869.4,
3921986,
2450109,
6072032,
136568.1,
1.727937e+07,
1023411,
964650.1,
79771.4,
740056.8,
1074929,
0,
5.255886e+07,
2036, 
421261.2,
6815171,
642180,
0,
3208199,
369551.5,
4441115,
0,
16948.78,
443178.9,
745177.6,
1031551,
589266.9,
321410.8,
148003.4,
4025834,
2513963,
6135638,
138782.5,
1.763459e+07,
1037157,
991153.4,
78537.2,
773836.1,
1092275,
0,
5.361478e+07,
2037, 
436436,
6880862,
659486.9,
0,
3368876,
381919,
4557728,
0,
18087.4,
449286.3,
737275.5,
1034035,
593342.8,
327718.3,
148227.8,
4134707,
2583336,
6196427,
141082.5,
1.799033e+07,
1049127,
1001613,
77280.2,
810490.9,
1109424,
0,
5.46871e+07,
2038, 
451739.3,
6951096,
676406.4,
0,
3522642,
394143.7,
4668533,
0,
19403.46,
454843.5,
728687.8,
1035981,
598468.9,
334129.8,
147128.9,
4235930,
2649983,
6255863,
143358,
1.83304e+07,
1057358,
1013138,
76075.69,
844723,
1126306,
0,
5.571634e+07,
2039, 
467316.9,
7024491,
691792.3,
0,
3662321,
405811.8,
4776345,
0,
20858.89,
460022.8,
720326.2,
1038246,
603882.6,
340814.8,
145590.9,
4332162,
2715410,
6313123,
145625.8,
1.866886e+07,
1061238,
1024968,
74858.27,
874357.5,
1142772,
0,
5.67112e+07,
2040, 
483044.8,
7075365,
706682.5,
0,
3788474,
416335.9,
4876309,
0,
22222.44,
463132.2,
707793.4,
1040205,
610441.4,
347484.2,
143823.9,
4419892,
2777083,
6366585,
147853.8,
1.898337e+07,
1063809,
1037481,
73685.52,
897368.9,
1159182,
0,
5.760762e+07,
2041, 
499803.5,
7095184,
714743.3,
0,
3917308,
424326,
4945314,
0,
23297.29,
463935.5,
695053.5,
1038813,
615168.4,
353650.5,
142408.5,
4489630,
2824059,
6410014,
149489.3,
1.925234e+07,
1063909,
1039418,
73239.16,
894351.6,
1171101,
0,
5.829656e+07,
2042, 
517327.9,
7115531,
718584.5,
0,
4043040,
429313.3,
5015311,
0,
24155.85,
463405,
682816.1,
1037456,
617764.1,
359752.7,
141594.1,
4561003,
2871722,
6451327,
151144.7,
1.95357e+07,
1062111,
1057984,
71624.65,
873592.3,
1182878,
0,
5.898514e+07,
2043, 
535278,
7134612,
720777,
0,
4153374,
431408.6,
5083786,
0,
24850.91,
461956.1,
670826.6,
1035665,
618580.8,
365641.3,
141100.6,
4631023,
2918694,
6488268,
152803.9,
1.982153e+07,
1059523,
1075922,
69505.12,
839156.3,
1195088,
0,
5.962936e+07,
2044, 
553575.1,
7136923,
720714.6,
0,
4261198,
431442.4,
5128628,
0,
25446.94,
459153.8,
659030.8,
1032819,
616863,
371335.2,
140854.5,
4680793,
2954092,
6519803,
154315.6,
2.006597e+07,
1056920,
1092758,
67128.84,
794489.4,
1205555,
0,
6.012981e+07,
2045, 
572135,
7143291,
719175.5,
0,
4355198,
431042.9,
5179680,
0,
25927.97,
457954.2,
651770.7,
1030095,
613090.6,
377064.1,
140737.1,
4736691,
2992891,
6550243,
155887.2,
2.03444e+07,
1055548,
1109784,
64763.89,
743833.9,
1210631,
0,
6.066183e+07,
2046, 
590501.9,
7156238,
719199.9,
0,
4455833,
430456.1,
5220539,
0,
26769.5,
457942.1,
645221.9,
1026078,
608865.3,
383556.9,
139267.2,
4789986,
3027733,
6582438,
157939.9,
2.06198e+07,
1053449,
1120754,
62907.79,
690925.2,
1211937,
0,
6.117834e+07,
2047, 
608879.4,
7171487,
722067.8,
0,
4536082,
429996.3,
5265733,
0,
27779.84,
458890.6,
638558.6,
1022721,
605056.9,
390241.4,
137394.8,
4847813,
3065007,
6615132,
160035.7,
2.091698e+07,
1051968,
1131299,
61585.02,
637743.2,
1210724,
0,
6.171317e+07,
2048, 
626841.3,
7164631,
726458.8,
0,
4609662,
430302.9,
5306749,
0,
28803.94,
460221.8,
632171.6,
1019801,
600418.3,
397018.7,
135294,
4902464,
3100377,
6650851,
162112.7,
2.121463e+07,
1051477,
1142042,
60543.48,
588155.3,
1205062,
0,
6.221609e+07,
2049, 
644228.8,
7120076,
731432.3,
0,
4666990,
431679.9,
5347606,
0,
29783.06,
462015.6,
626081,
1017035,
598417.2,
403671.6,
133437.1,
4957072,
3135801,
6691194,
164204,
2.151807e+07,
1051891,
1153028,
59920.77,
545796.3,
1202173,
0,
6.26916e+07,
2050, 
660870.6,
7047029,
739687.9,
0,
4715690,
434232.8,
5385291,
0,
30646.91,
463732,
620219,
1014209,
599030.3,
410263.8,
131909.6,
5008784,
3169678,
6732763,
166284,
2.180848e+07,
1053063,
1164539,
59626.21,
513372.9,
1202062,
0,
6.313146e+07,
2051, 
665176.8,
6939346,
741763.3,
0,
4655870,
433729.8,
5378023,
0,
31005.23,
464896.3,
618977.8,
1009432,
602477.2,
414792.4,
132318.2,
5015517,
3172491,
6743770,
165916.3,
2.176411e+07,
1045055,
1159850,
60122.48,
493515.8,
1202300,
0,
6.291045e+07,
2052, 
668928.8,
6820952,
744883.6,
0,
4591788,
434476.3,
5374081,
0,
31365.64,
466583.7,
618405.5,
1004756,
607318.8,
419318,
133454.8,
5025386,
3176981,
6754871,
165558.6,
2.172261e+07,
1038822,
1156799,
60201.9,
479750.9,
1205122,
0,
6.270241e+07,
2053, 
672749.6,
6713577,
749490.4,
0,
4537304,
435879.8,
5375895,
0,
31825.47,
468881.4,
618196.8,
1000441,
614281.3,
423907.2,
135139.7,
5039878,
3184255,
6768510,
165228.3,
2.169479e+07,
1033599,
1154066,
60248.46,
470780.8,
1207475,
0,
6.25564e+07,
2054, 
677140.8,
6635495,
756325.4,
0,
4511422,
437572.9,
5387562,
0,
32322.95,
471943.2,
618257.3,
996349.9,
621403.8,
428626.2,
136890.1,
5062862,
3196501,
6786646,
164957.1,
2.168775e+07,
1030018,
1152682,
60316.14,
463601,
1209930,
0,
6.252658e+07,
2055, 
682419.3,
6582658,
763758.7,
0,
4500060,
441324.9,
5408945,
0,
32915.3,
475717.3,
618496.5,
992772,
628812.3,
433455,
138600.1,
5094328,
3213699,
6810744,
164747.9,
2.170056e+07,
1027391,
1152537,
60374.67,
453356.7,
1212424,
0,
6.259009e+07,
2056, 
688594.2,
6548995,
773378.6,
0,
4525180,
444591.5,
5427932,
0,
33118.63,
479893.7,
618677.3,
989295.2,
635618.2,
438556.5,
140294.3,
5125499,
3229793,
6842779,
164509.1,
2.170858e+07,
1025538,
1155172,
60062.63,
442035.6,
1220342,
0,
6.271843e+07,
2057, 
695271.3,
6534116,
784752.3,
0,
4588036,
446904.3,
5455723,
0,
33340.05,
484431.7,
618916,
986093.2,
642079.4,
443705.7,
141885.8,
5163743,
3250264,
6881205,
164329.5,
2.173954e+07,
1024687,
1158453,
59772.33,
427077.6,
1227935,
0,
6.295226e+07,
2058, 
702440.6,
6526421,
796394.8,
0,
4659835,
448113.1,
5479877,
0,
33405.38,
488033.3,
618935.4,
982700.6,
648375.3,
448744,
143337.4,
5198562,
3268912,
6922734,
164123.2,
2.176727e+07,
1024590,
1163308,
59457.25,
409067.7,
1235040,
0,
6.318968e+07,
2059, 
709858.4,
6523732,
809327.5,
0,
4729299,
448213.4,
5500758,
0,
33339.94,
491349.6,
618452.9,
979508.1,
651464.8,
453686.3,
144665.6,
5230890,
3285971,
6967701,
163894,
2.179318e+07,
1024615,
1168505,
59171.18,
389897.4,
1241595,
0,
6.341907e+07,
2060, 
718199.4,
6522971,
823377.1,
0,
4818135,
445471.3,
5519357,
0,
33114.49,
494296.8,
617571.3,
982279.6,
651899.4,
458656.8,
145888.4,
5261505,
3301980,
7014226,
163648.6,
2.181785e+07,
1025125,
1173508,
58855.09,
370435.3,
1247668,
0,
6.366602e+07,
2061, 
726496.2,
6513587,
835893.4,
0,
4903452,
440915.5,
5506428,
0,
32406.27,
497083.3,
615775.9,
974956.9,
645409.8,
462963.4,
146142.7,
5275382,
3304371,
7052611,
163447,
2.178351e+07,
1022302,
1176884,
58714.7,
349350.7,
1251931,
0,
6.374001e+07,
2062, 
735466.4,
6505863,
849199.3,
0,
4985639,
435698.2,
5494824,
0,
31830.07,
499754.5,
613662.1,
967431,
636988.3,
467193.7,
145759.5,
5290593,
3307621,
7091739,
163250.4,
2.17484e+07,
1019591,
1180128,
58574.3,
331094.9,
1255922,
0,
6.381622e+07,
2063, 
744908.1,
6498971,
862465.1,
0,
5075276,
430802.8,
5484010,
0,
31209.71,
502885.2,
611336.3,
959391.7,
626357.8,
471051.9,
144778.3,
5307464,
3310533,
7132254,
163056.6,
2.171133e+07,
1015898,
1181904,
58399.61,
315974.8,
1259653,
0,
6.389991e+07,
2064, 
754689.1,
6492371,
873371.3,
0,
5166455,
426316.9,
5473923,
0,
30598.46,
505859.8,
609083.9,
951121.5,
616628.8,
474573.1,
143306.7,
5324878,
3314532,
7169013,
162863.7,
2.166916e+07,
1011368,
1183423,
58253.3,
303639.5,
1263219,
0,
6.397865e+07,
2065, 
763952.7,
6488149,
882421.6,
0,
5260476,
422327.8,
5466941,
0,
30113.17,
508880.8,
606921.7,
943563.1,
607843.6,
477872.6,
141476.5,
5345250,
3319059,
7207858,
162686.6,
2.161965e+07,
1005573,
1184862,
58080.05,
294207,
1266736,
0,
6.40649e+07,
2066, 
771367.8,
6478250,
888410.9,
0,
5341996,
418519.5,
5459880,
0,
29546.33,
511761.6,
605065.8,
937401.9,
599439.4,
480711.9,
139697,
5358622,
3323475,
7239445,
162519.1,
2.153992e+07,
997912.6,
1185577,
57814.66,
285620.9,
1271310,
0,
6.408427e+07,
2067, 
777738.9,
6467682,
892329.4,
0,
5417254,
415511.8,
5452209,
0,
29027.98,
514664.8,
603550.3,
931762.7,
591749.7,
483343.6,
138070.9,
5370386,
3328061,
7268160,
161791.3,
2.144833e+07,
988891.3,
1185832,
57548.67,
279022.7,
1275790,
0,
6.407871e+07,
2068, 
782223.7,
6465935,
895515.9,
0,
5489623,
413831.1,
5456875,
0,
28499.62,
518435.5,
602790.5,
927389.8,
585520.8,
486288,
136736.6,
5391483,
3337899,
7289944,
161144,
2.13726e+07,
979549.4,
1185335,
57248.55,
274226.5,
1280442,
0,
6.411954e+07,
2069, 
785569.9,
6466295,
897824.9,
0,
5551321,
413257.7,
5463242,
0,
28124.78,
522365.2,
602440.3,
923410.5,
581971.4,
489710.1,
135775.3,
5413450,
3348919,
7304393,
160509.1,
2.130661e+07,
971869.3,
1184561,
56977.6,
270981.1,
1285413,
0,
6.416499e+07,
2070, 
787495.9,
6470096,
897102.4,
0,
5602654,
413755.4,
5469478,
0,
27832.13,
526391.6,
602565.4,
919430.8,
579977.9,
493244.2,
135074.5,
5434265,
3359905,
7307442,
159871.7,
2.124131e+07,
965527,
1183370,
56678.79,
269099.5,
1290477,
0,
6.419304e+07,
2071, 
787743.2,
6476416,
891258.5,
0,
5630580,
415441,
5479259,
0,
27623.14,
530878.4,
603210.5,
912737.6,
573870.4,
496447,
135111.9,
5451514,
3364781,
7296471,
158450.2,
2.112562e+07,
956849.1,
1183383,
56323.92,
269598,
1294581,
0,
6.411815e+07,
2072, 
787532.3,
6485853,
883959.6,
0,
5659238,
418264.8,
5492475,
0,
27500.33,
535818.1,
604227.7,
906144.3,
568799.6,
499713.3,
135508.4,
5471721,
3371300,
7287758,
157879.7,
2.100388e+07,
946602.8,
1182785,
55964.08,
270763.7,
1298932,
0,
6.405262e+07,
2073, 
787922.2,
6497880,
876188.4,
0,
5686912,
421490.3,
5508979,
0,
27496.31,
540921.6,
605197.7,
899729.4,
564308.9,
502752.4,
136108.7,
5495008,
3379423,
7280779,
157327.8,
2.088093e+07,
937067.9,
1182714,
55571.27,
272317.8,
1303335,
0,
6.400036e+07,
2074, 
788623.3,
6507761,
868521.3,
0,
5723897,
425229.3,
5522869,
0,
27221.25,
546372.4,
606264.8,
893140.3,
558951.8,
505541.3,
136800,
5516501,
3386260,
7280653,
156755,
2.072709e+07,
925928.1,
1183226,
55211.74,
275119.5,
1307656,
0,
6.392559e+07,
2075, 
789748.7,
6518358,
862645.3,
0,
5764012,
429200.5,
5538954,
0,
26975.87,
552245.8,
607281.4,
886691.4,
553030.4,
508167,
137612.4,
5540311,
3394069,
7287539,
156191.8,
2.056999e+07,
914220.3,
1183261,
54820.86,
279342.4,
1311990,
0,
6.386666e+07,
2076, 
791222.6,
6533191,
859605.9,
0,
5819915,
433490.2,
5561051,
0,
26962.11,
558645.3,
608146.4,
880878.1,
547653.5,
510998.9,
138671.5,
5572433,
3402572,
7294929,
155533.3,
2.043471e+07,
903145.4,
1183005,
54427.9,
285287.9,
1314464,
0,
6.387094e+07,
2077, 
793226.9,
6552412,
858528.7,
0,
5884145,
438315.2,
5588243,
0,
27048.68,
565377.3,
609000,
875794.4,
542354.1,
513958.4,
139814.7,
5609802,
3413587,
7293864,
154910,
2.032022e+07,
893985.3,
1183037,
54007.38,
293312.1,
1316884,
0,
6.392183e+07,
2078, 
795765.3,
6580653,
859200.6,
0,
5953175,
443209.9,
5626479,
0,
27608.58,
572785,
609926.9,
871308.6,
538219.4,
517260.5,
141139.8,
5656008,
3430101,
7289753,
154359.8,
2.023701e+07,
885038.1,
1181653,
53611.07,
303350.4,
1319356,
0,
6.404697e+07,
2079, 
799563.5,
6613012,
860993.8,
0,
6023316,
448134.4,
5668663,
0,
28287.08,
580555.5,
610902.4,
866915.9,
535287.6,
520614,
142588,
5704114,
3448586,
7282865,
153834.4,
2.018069e+07,
877610.3,
1179803,
53208.41,
315647.7,
1321813,
0,
6.4217e+07,
2080, 
804646.9,
6648391,
863833.1,
0,
6099010,
452754.4,
5713436,
0,
29001.09,
588653.1,
611949.5,
862700.3,
533375.1,
524190.2,
144181.8,
5753204,
3468383,
7274796,
153323.5,
2.014689e+07,
870721.3,
1177897,
52783.16,
327622,
1324255,
0,
6.4426e+07,
2081, 
809441.3,
6683808,
864814,
0,
6168982,
456326.3,
5753622,
0,
29675.38,
598177.9,
612878.4,
857973.7,
531369.4,
526667.6,
145784.2,
5800503,
3484875,
7264945,
153207.4,
2.011255e+07,
863368.3,
1176307,
52719.52,
340807.9,
1328289,
0,
6.461709e+07,
2082, 
815214.4,
6711539,
865190.3,
0,
6239495,
458941.4,
5781856,
0,
29737.24,
607412.8,
613725.9,
853012.1,
529736.5,
529205.1,
147402.1,
5836112,
3495399,
7260937,
153008,
2.006658e+07,
856551.1,
1174901,
52634.61,
353383.7,
1332236,
0,
6.476421e+07,
2083, 
821729.9,
6738387,
865284,
0,
6313309,
461037.1,
5808469,
0,
29663.75,
616654.2,
614446.8,
847689.6,
527612.1,
531817.9,
148953.2,
5871346,
3505148,
7260154,
152793.2,
2.002493e+07,
850023.9,
1174684,
52568.78,
365220.3,
1336060,
0,
6.491798e+07,
2084, 
827960.4,
6766080,
865371.1,
0,
6394984,
462759.9,
5836130,
0,
29547.75,
625937.9,
615174.8,
842571.9,
524304.8,
534581.9,
150416.2,
5908679,
3515401,
7262167,
152585.8,
1.999057e+07,
843692.4,
1175292,
52496.8,
375598.7,
1340490,
0,
6.50928e+07,
2085, 
834074.3,
6793450,
864961.8,
0,
6477464,
464397.7,
5863642,
0,
29416.74,
635237,
615833.1,
837281.2,
519946.6,
537333.4,
151729.3,
5947122,
3525569,
7266373,
152375.4,
1.996628e+07,
837254.4,
1175623,
52407.97,
384814.7,
1345364,
0,
6.527794e+07,
2086, 
840588.5,
6818789,
863504.2,
0,
6556071,
465964.5,
5885493,
0,
29216.63,
644444,
616171.6,
832376.3,
514078.5,
540200.8,
152759.8,
5986117,
3535734,
7279965,
152213.8,
1.995299e+07,
830169.9,
1176649,
52310.79,
391254.9,
1350511,
0,
6.546757e+07,
2087, 
847128.4,
6842902,
861460.4,
0,
6630007,
467431.7,
5905866,
0,
29032.49,
653582.4,
616515.4,
827320.1,
507300.8,
543007.5,
153757.8,
6023244,
3545224,
7292995,
152041.6,
1.995787e+07,
822593,
1177117,
52189.5,
396313.5,
1355967,
0,
6.566087e+07,
2088, 
853818.6,
6865760,
859157.9,
0,
6693427,
468869.6,
5924177,
0,
28855.79,
662629.4,
616719.3,
821852.7,
499580.1,
545652.9,
154715.4,
6056983,
3553643,
7311581,
151853.3,
1.997328e+07,
814930.4,
1177279,
52089.98,
398334.8,
1361673,
0,
6.584686e+07,
2089, 
860595.7,
6886415,
857303.1,
0,
6744435,
470143.9,
5939452,
0,
28685.61,
671506.4,
616672.9,
815960.4,
490893.4,
548113.9,
156340.8,
6087209,
3560485,
7332734,
151643.2,
1.99956e+07,
807247.5,
1177214,
51989.27,
398174.8,
1366851,
0,
6.601566e+07,
2090, 
867802.4,
6904681,
856107.9,
0,
6795955,
471387.6,
5950542,
0,
28287.47,
680214.1,
616448.4,
809921.8,
481321.3,
550428.5,
158436.9,
6113366,
3565257,
7358260,
151401.5,
2.001221e+07,
799558.9,
1177670,
51859.49,
395663,
1371615,
0,
6.61684e+07,
2091, 
874190.7,
6913969,
856248.9,
0,
6831876,
472098.7,
5953666,
0,
27493.72,
688169.1,
615254.8,
803766.1,
474236.1,
552580.9,
161437.2,
6132231,
3567451,
7378208,
151181.2,
2.001252e+07,
791970.1,
1178997,
51649.69,
390713.3,
1387100,
0,
6.626701e+07,
2092, 
880650.5,
6922329,
857541.5,
0,
6868580,
472785.3,
5954218,
0,
26553.41,
696028.1,
613906.2,
797096.6,
467875.9,
554647.1,
164732.5,
6150666,
3568405,
7400325,
150944.7,
1.999847e+07,
784729.3,
1181497,
51416.9,
383733.9,
1402336,
0,
6.634946e+07,
2093, 
887045.3,
6932750,
859826.7,
0,
6911119,
473663.7,
5956710,
0,
25576.44,
703873.4,
612557.5,
790279.8,
462495.7,
556689.4,
168319.1,
6170867,
3570356,
7419427,
150718.4,
1.998178e+07,
778003.6,
1185533,
51202.13,
376152.4,
1417393,
0,
6.644233e+07,
2094, 
893298.3,
6943299,
861816.4,
0,
6958257,
474737.3,
5958533,
0,
24562.69,
711551.6,
611223.1,
783528.1,
457918.3,
558787.6,
171402,
6192172,
3571921,
7434872,
150488.1,
1.995691e+07,
771542.1,
1190475,
50964.18,
367630.6,
1432315,
0,
6.65282e+07,
2095, 
898870.6,
6954469,
863349.8,
0,
6997419,
476303.8,
5960834,
0,
23642.42,
719161.9,
609883.5,
776973.2,
453909,
560943.8,
174191.2,
6213512,
3573723,
7446411,
150258.8,
1.992952e+07,
765634.9,
1195204,
50741.62,
359530.1,
1447135,
0,
6.660162e+07,
2096, 
903722.6,
6963593,
863230.6,
0,
7033676,
478453.8,
5963435,
0,
22885.73,
727510.9,
608640.2,
770383.4,
449978.5,
563550.9,
176267.2,
6236976,
3574833,
7461434,
150045.7,
1.988991e+07,
760047,
1200305,
50604.04,
352513.5,
1451912,
0,
6.665391e+07,
2097, 
907772.1,
6971724,
861879.8,
0,
7065063,
480845,
5967365,
0,
22230.76,
735745.1,
607276.6,
765819.7,
444076.8,
566095.9,
178148.5,
6258796,
3576559,
7479258,
149840.5,
1.984238e+07,
754058.6,
1205350,
50441.76,
346658.2,
1456626,
0,
6.669401e+07,
2098, 
910092,
6982894,
853897.5,
0,
7092450,
483359.1,
5969678,
0,
21593.99,
743601.8,
605743.6,
761316.1,
435674.7,
568917.5,
179825.8,
6278165,
3577525,
7495719,
149620.9,
1.97823e+07,
747147.8,
1211160,
50298.13,
342192.2,
1461282,
0,
6.670446e+07,
2099, 
910668.3,
6993025,
840461.1,
0,
7118255,
485535.8,
5968649,
0,
20944.24,
750929.9,
604024.6,
756657.3,
424194.3,
571626.7,
181335.9,
6291792,
3576847,
7513479,
149378.1,
1.971104e+07,
739104.6,
1216833,
50133.43,
339084.1,
1465892,
0,
6.667989e+07,
2100, 
909719.1,
7002065,
822852.8,
0,
7145282,
487208.4,
5966930,
0,
20354.53,
757625.4,
602124.9,
751884.6,
410732.2,
574179.3,
181742,
6303766,
3575774,
7529601,
149128.3,
1.963114e+07,
729417.3,
1222515,
49986.7,
336821,
1470468,
0,
6.663131e+07];
=======
=======
>>>>>>> 4d9e712909650e13193c45904b75652afa554b9e
301039.3,
6693523,
499005,
0,
2452083,
227609.7,
3320031,
0,
7966.734,
259915.3,
671532.3,
946135.9,
507524.8,
198993,
90737.02,
2944738,
1918888,
5155872,
95892.02,
1.558489e+07,
762264.4,
841359.4,
106563.9,
490923.5,
813996.3,
0,
4.489148e+07,
2026, 
291672.8,
6793348,
500176.3,
0,
2428727,
231264,
3365425,
0,
8856.902,
267535.2,
659415.1,
945698.6,
516200.5,
201420.9,
91086.56,
2998135,
1952320,
5272405,
97398.99,
1.569713e+07,
774306.6,
857187.4,
106115.2,
485950.8,
840629.6,
0,
4.53824e+07,
2027, 
289165.8,
6886274,
502539.8,
0,
2413206,
235442.3,
3418162,
0,
9705.139,
274684.5,
651323.9,
947568.1,
527832.3,
204852,
91507.8,
3058240,
1989552,
5388830,
98944.92,
1.582144e+07,
787265.1,
875181.6,
105662.7,
481564.7,
867611.3,
0,
4.592656e+07,
2028, 
292680.2,
6974157,
505973.9,
0,
2405751,
240554.4,
3477144,
0,
10353.25,
281523.2,
647545.2,
951601.7,
541630.3,
209221.4,
92043.02,
3124103,
2028792,
5504575,
100524.4,
1.596113e+07,
801808.8,
895169.8,
105206.3,
480275.3,
900208.1,
0,
4.653197e+07,
2029, 
301936.3,
7055959,
510278.6,
0,
2406675,
246071.8,
3543976,
0,
11025.24,
287977.2,
647762.4,
957859.7,
555702.8,
214385.1,
92765.11,
3196298,
2071238,
5619966,
102148.4,
1.611967e+07,
817668.3,
916175,
104746,
483551.6,
933412.9,
0,
4.719724e+07,
2030, 
316345.2,
7131685,
514974,
0,
2409623,
251926.5,
3617519,
0,
11711.02,
293993.2,
651862.2,
965855.2,
564319.1,
220368.3,
93685.35,
3273632,
2109413,
5732632,
103808.6,
1.62973e+07,
834129,
939476.1,
104281.9,
491714.9,
971773.3,
0,
4.790203e+07,
2031, 
336681.8,
7184128,
518537.7,
0,
2433563,
258608.7,
3699487,
0,
12496.97,
299022.3,
659837.9,
973422.1,
567940.9,
227375.1,
94218.23,
3357811,
2146783,
5788683,
96379.83,
1.645929e+07,
845961.5,
957113.6,
103986.9,
504466.1,
1002929,
0,
4.852872e+07,
2032, 
359005,
7222180,
520613.1,
0,
2460938,
264640.8,
3780839,
0,
13292.06,
303384.8,
668206.4,
981593.3,
568794.1,
234826,
94847.54,
3443038,
2183139,
5844643,
90224.46,
1.662666e+07,
856656.5,
973941.9,
103685.8,
522142.9,
1029758,
0,
4.914704e+07,
2033, 
382553.8,
7252152,
522055.4,
0,
2489695,
270840.4,
3863940,
0,
14094.74,
306960.5,
676534.9,
989820.4,
567458.9,
242567.8,
95534.14,
3530041,
2219057,
5901161,
86245.18,
1.679926e+07,
865276.9,
990121.1,
103378.7,
542399.4,
1048687,
0,
4.975983e+07,
2034, 
405346.6,
7274749,
522940.5,
0,
2521522,
277483.3,
3946358,
0,
14897.53,
309909,
684235.6,
997626.5,
566162.3,
250733.8,
96109.86,
3620958,
2250582,
5958622,
83420.57,
1.698328e+07,
869972.9,
1004251,
103065.6,
564598.3,
1067334,
0,
5.037416e+07,
2035, 
426844.3,
7289982,
518529.2,
0,
2557111,
285726.6,
4030384,
0,
15794.62,
313130.6,
689671.2,
1004893,
566086.3,
259238.8,
98277.63,
3716074,
2283290,
6023409,
81317.98,
1.717959e+07,
872667.4,
1018697,
102746.6,
594599.3,
1077583,
0,
5.100564e+07,
2036, 
448047.5,
7292047,
515644,
0,
2611097,
299606.7,
4124317,
0,
16920.03,
322365.8,
689464.1,
1010704,
571325.4,
268929.9,
104023.9,
3821381,
2321726,
6090677,
84320.38,
1.738544e+07,
873947.8,
1031680,
101830.2,
637578.4,
1085347,
0,
5.170842e+07,
2037, 
468373.7,
7304901,
514555.1,
0,
2662282,
318491.1,
4224267,
0,
18311.47,
336301.4,
689387,
1016537,
583885.9,
279414.3,
112693.3,
3932004,
2362586,
6171281,
88185.39,
1.760132e+07,
875419.1,
1046173,
83079.47,
696153.4,
1100215,
0,
5.248582e+07,
2038, 
488056.1,
7343497,
515320.4,
0,
2709390,
341939.4,
4340092,
0,
20048.83,
354979,
688672.8,
1022695,
603857.8,
290575.4,
124001.9,
4058983,
2413391,
6264999,
91879.39,
1.785024e+07,
876935.3,
1062452,
73139.04,
779774.3,
1120410,
0,
5.343533e+07,
2039, 
507934.7,
7415589,
518002.1,
0,
2754351,
369290.5,
4474641,
0,
22056.36,
378083.3,
687398.3,
1029323,
630282,
302125.9,
136548.5,
4200997,
2478573,
6371397,
95567.05,
1.812448e+07,
880522.4,
1083600,
67005.22,
910916,
1143173,
0,
5.458186e+07,
2040, 
528293.4,
7516040,
525692.3,
0,
2798640,
399941.4,
4620598,
0,
24128.03,
404725,
686184.6,
1035463,
661568.3,
313983,
149711.2,
4356262,
2551650,
6485438,
99274.85,
1.84111e+07,
884126.1,
1105388,
62838.68,
1066183,
1172269,
0,
5.58595e+07,
2041, 
549552.9,
7641785,
533215.9,
0,
2853265,
427658,
4772332,
0,
26137.42,
428844.1,
689575.3,
1039820,
688917.5,
323917.2,
161203,
4518396,
2627103,
6579533,
103153,
1.871739e+07,
909900.5,
1126792,
60043.09,
1238242,
1196567,
0,
5.721334e+07,
2042, 
571938.8,
7765822,
540790.5,
0,
2920127,
455162.8,
4921665,
0,
27879.56,
450741.6,
691674.5,
1043263,
713796.5,
333201.3,
171248.4,
4678848,
2701808,
6671739,
106795.5,
1.902985e+07,
912981.4,
1148966,
63069.26,
1424130,
1225037,
0,
5.857054e+07,
2043, 
594903.8,
7890411,
548784.4,
0,
2995639,
482164.5,
5073438,
0,
29424.26,
471812.7,
696469.7,
1046078,
735752.9,
341930.7,
179088.7,
4837435,
2777247,
6760935,
110223,
1.93546e+07,
917464.8,
1171520,
66093.66,
1606692,
1258442,
0,
5.994655e+07,
2044, 
618462.6,
8013440,
556881.3,
0,
3067610,
509849,
5225150,
0,
30862.74,
491880.5,
701392.2,
1048594,
757030.8,
350298.2,
187191.6,
4995000,
2852103,
6846925,
113434.2,
1.969022e+07,
924526.2,
1194184,
69028.16,
1753201,
1296956,
0,
6.129422e+07,
2045, 
642877.1,
8135262,
565392.4,
0,
3136273,
538087.8,
5377266,
0,
32294.71,
510995.3,
706851.9,
1051014,
776355.1,
358374.3,
194130.9,
5145695,
2924556,
6927301,
116455.8,
2.003197e+07,
934087.3,
1217136,
71814.47,
1869559,
1335136,
0,
6.259889e+07,
2046, 
666175.1,
8249985,
572930.9,
0,
3213820,
564272,
5522719,
0,
33783.22,
527900.5,
712823.9,
1052272,
794176.8,
366909,
199531.2,
5287442,
2991775,
6994812,
118984.6,
2.033711e+07,
919826.1,
1239728,
74539.1,
1955359,
1378938,
0,
6.377581e+07,
2047, 
688785.1,
8363821,
580500.5,
0,
3278063,
589086.6,
5667020,
0,
35201.98,
542927.3,
719053.4,
1053320,
809557.8,
375336.3,
204049.8,
5424178,
3061477,
7059178,
121333.6,
2.062515e+07,
930024.3,
1263690,
78973.34,
2004311,
1422499,
0,
6.489753e+07,
2048, 
710941.1,
8490221,
587841.3,
0,
3340305,
612954.6,
5811272,
0,
36542.74,
554812.5,
721914.4,
1054127,
823571.1,
383774.5,
208319.1,
5554251,
3131235,
7120821,
123797.5,
2.088986e+07,
939795.9,
1288801,
83299.49,
2029548,
1464594,
0,
6.59626e+07,
2049, 
732951.6,
8638648,
594937.8,
0,
3407802,
635199.8,
5953050,
0,
37746.76,
564011.9,
724267.1,
1054688,
832902.5,
392168.7,
212051.2,
5675918,
3201090,
7182332,
126056.8,
2.113143e+07,
947980.5,
1314847,
87446.67,
2055290,
1504489,
0,
6.70073e+07,
2050, 
754500.1,
8801751,
600760.1,
0,
3479641,
653452.2,
6085532,
0,
38733.84,
567989.1,
725798.2,
1054902,
838955.8,
400554.4,
215005.7,
5787599,
3267989,
7239043,
128095.7,
2.133952e+07,
955495.3,
1340930,
91361.82,
2063915,
1542266,
0,
6.797378e+07,
2051, 
773236.7,
8955007,
609548.5,
0,
3533912,
663262.9,
6186778,
0,
39065.06,
571861.3,
728508.1,
1055600,
843091.8,
405333.3,
219339.9,
5866025,
3321902,
7281498,
129061,
2.151821e+07,
961209.6,
1350095,
95218.81,
2060907,
1571222,
0,
6.87399e+07,
2052, 
790995.4,
9119136,
617129.4,
0,
3597122,
670202.6,
6279788,
0,
39269.31,
571504.9,
730768.4,
1055996,
845214,
410025.8,
222692.7,
5934510,
3368239,
7318680,
129860.9,
2.167152e+07,
966646.1,
1357743,
95163.5,
2056077,
1596044,
0,
6.944433e+07,
2053, 
806835.7,
9275149,
623514.9,
0,
3663866,
675675.4,
6360347,
0,
39402.79,
568241.3,
732842.4,
1056182,
845264.3,
414661.2,
225070.3,
5996094,
3407692,
7351646,
130201.5,
2.180252e+07,
971982.6,
1364147,
95105.76,
2044749,
1616110,
0,
7.00673e+07,
2054, 
821062.5,
9411606,
629537.2,
0,
3737104,
680492.3,
6432087,
0,
39482,
562897,
734786.8,
1056144,
844395.3,
419277.9,
225501.5,
6051418,
3440222,
7388886,
130496.4,
2.191188e+07,
977251.9,
1369565,
95045.66,
2008643,
1631063,
0,
7.059884e+07,
2055, 
833804.4,
9524039,
635792.3,
0,
3810723,
685508.1,
6497419,
0,
39546.35,
557835.8,
736739.2,
1055785,
842993.8,
423904.3,
224482.5,
6100782,
3466834,
7424240,
130760.8,
2.200525e+07,
981686.5,
1374772,
94936.06,
1966919,
1641072,
0,
7.105582e+07,
2056, 
845422.2,
9614811,
642880.5,
0,
3884913,
687748.2,
6558901,
0,
39673.63,
553890.1,
738732.6,
1055326,
841454.3,
428420,
222337.6,
6145712,
3488647,
7460828,
131310.1,
2.208942e+07,
985015.3,
1380432,
94594.09,
1930157,
1650371,
0,
7.147099e+07,
2057, 
855984.2,
9682124,
649326,
0,
3955153,
688059.4,
6613687,
0,
39839.32,
551095.4,
740868.7,
1054609,
840436,
432038.5,
219469.2,
6183891,
3506034,
7494483,
131826.3,
2.216176e+07,
987208.3,
1385698,
94248.95,
1899369,
1656262,
0,
7.182347e+07,
2058, 
866053.1,
9722273,
654049.5,
0,
4019042,
683230.3,
6652444,
0,
39751.79,
548699,
743038.3,
1053521,
840012.8,
434351.1,
216378.4,
6207604,
3515225,
7526205,
132248.9,
2.220651e+07,
988681.9,
1390577,
93900.63,
1872187,
1660106,
0,
7.206609e+07,
2059, 
872287.9,
9740347,
660160.6,
0,
4075140,
670760.8,
6676905,
0,
39702.52,
546640.6,
745369.6,
1051601,
839963.3,
435283.6,
213512.6,
6217863,
3517668,
7546221,
132595.4,
2.222893e+07,
990601.9,
1395162,
93549.26,
1848198,
1662572,
0,
7.220103e+07,
2060, 
874935.4,
9739703,
666659.4,
0,
4136240,
638858.6,
6678860,
0,
39789.11,
544605,
747994.9,
1048768,
840391.4,
434768.6,
208347.9,
6208955,
3510001,
7581751,
132814.5,
2.22141e+07,
992954.9,
1400013,
93194.76,
1831406,
1663451,
0,
7.222856e+07,
2061, 
873643.3,
9740449,
675929.6,
0,
4208581,
609721.6,
6682987,
0,
39895.31,
545050.6,
751395.6,
1044804,
832358.8,
432355.8,
202098.4,
6200001,
3497022,
7625502,
132544.1,
2.219146e+07,
994276.3,
1404182,
92665.18,
1812855,
1665958,
0,
7.225574e+07,
2062, 
869982.2,
9734804,
689143.1,
0,
4290234,
582488.1,
6688837,
0,
40085.77,
545438.3,
754925.4,
1040670,
824278.5,
429543.7,
194350.5,
6194013,
3485517,
7681436,
132307.9,
2.217865e+07,
996547.8,
1408941,
92128.52,
1786250,
1666683,
0,
7.230725e+07,
2063, 
864904.9,
9725287,
707554.3,
0,
4380424,
558832.6,
6704686,
0,
40592.47,
546647.1,
758695.4,
1036552,
816398.3,
426855.9,
186020.2,
6196938,
3479426,
7748918,
132155.8,
2.219047e+07,
999532,
1414365,
91585.18,
1756220,
1666677,
0,
7.242974e+07,
2064, 
861536.6,
9713260,
726141.1,
0,
4480464,
540118.6,
6731389,
0,
41166.6,
548576.1,
762092.9,
1032986,
809196.7,
424510.4,
177461.9,
6209785,
3478870,
7826750,
132081.4,
2.218949e+07,
1002209,
1420399,
91035.53,
1725246,
1666803,
0,
7.259156e+07,
2065, 
859836.4,
9701884,
743776.1,
0,
4578331,
531983.2,
6771002,
0,
41697.65,
551206.4,
764761.9,
1029926,
802678.8,
422741.2,
170891.6,
6234822,
3484394,
7899130,
132093.2,
2.221829e+07,
1004246,
1426105,
90479.86,
1696640,
1668308,
0,
7.282522e+07,
2066, 
859405.4,
9695750,
757207.4,
0,
4674364,
523964.1,
6812270,
0,
42132.93,
553350.4,
767382.1,
1026820,
796796.8,
421558.7,
165898.5,
6262801,
3490208,
7964471,
131791.4,
2.225563e+07,
1005544,
1431471,
89884.91,
1668076,
1677039,
0,
7.307382e+07,
2067, 
860557.1,
9695323,
765789.2,
0,
4766717,
517483.9,
6853844,
0,
42543.83,
556337.3,
770024.6,
1023842,
791866.3,
421290.9,
162819.2,
6293995,
3496411,
8018213,
131489.7,
2.229758e+07,
999872.5,
1436493,
89283.73,
1638899,
1688207,
0,
7.331888e+07,
2068, 
863336.3,
9711879,
769778,
0,
4855792,
514582.5,
6898728,
0,
42923.04,
559257.1,
772505.6,
1021473,
787294.9,
421948.4,
161502.6,
6333605,
3504782,
8052235,
131214.2,
2.238546e+07,
991999.2,
1441129,
88676.69,
1612445,
1701790,
0,
7.362433e+07,
2069, 
867856.4,
9736676,
769135.3,
0,
4943325,
508728.7,
6937134,
0,
43195.68,
561879.4,
774855.4,
1019097,
782583.9,
423596,
161818.7,
6374574,
3510678,
8066837,
130903.1,
2.250547e+07,
984071.8,
1445342,
88064.27,
1586508,
1718199,
0,
7.394053e+07,
2070, 
874298.9,
9782255,
765275.4,
0,
5022916,
502385.6,
6974461,
0,
43475.7,
564437.6,
777023.3,
1016962,
779256.4,
426352,
164910.4,
6419427,
3516759,
8063302,
130586.3,
2.262976e+07,
980210.5,
1449253,
87446.77,
1561393,
1736338,
0,
7.426848e+07,
2071, 
882772.7,
9843270,
754815.8,
0,
5094374,
496666.4,
7010232,
0,
43969.74,
567485,
779577.5,
1014570,
768483.8,
430564.3,
170635.8,
6469558,
3525191,
8037312,
130636.1,
2.272734e+07,
975000.9,
1451067,
86361.39,
1550128,
1736307,
0,
7.454632e+07,
2072, 
892487.5,
9934789,
744859.3,
0,
5164547,
492020.1,
7055156,
0,
44762.59,
570849.1,
781903.3,
1012800,
758055.6,
435654.5,
178125.5,
6531002,
3538919,
8007224,
130754.9,
2.285168e+07,
975264.4,
1452768,
85275.4,
1546067,
1736960,
0,
7.492192e+07,
2073, 
902885.5,
1.004328e+07,
736770.5,
0,
5234003,
485981.1,
7104038,
0,
45697.48,
575142.4,
784129.1,
1011275,
748797.4,
441410.2,
186410,
6594441,
3554638,
7981874,
130890.1,
2.294741e+07,
979067.8,
1454436,
84188.77,
1543201,
1735318,
0,
7.530528e+07,
2074, 
913388.6,
1.016599e+07,
732018.9,
0,
5302866,
482986.4,
7155373,
0,
46574.38,
580021.6,
786337.9,
1010358,
740786,
447674.7,
195543,
6656457,
3571287,
7963131,
131030.8,
2.304696e+07,
983850.5,
1456253,
83101.51,
1540491,
1730086,
0,
7.572256e+07,
2075, 
923546.1,
1.028909e+07,
730401.1,
0,
5382364,
482589.2,
7208375,
0,
47318,
584973,
788559.4,
1009878,
732129.6,
454182,
203385.9,
6717505,
3591732,
7951156,
131178.9,
2.314884e+07,
985425.6,
1458439,
82013.68,
1538372,
1723218,
0,
7.616466e+07,
2076, 
933362.9,
1.040227e+07,
738061.1,
0,
5468385,
486225.9,
7263267,
0,
47623.87,
589409.8,
790817.7,
1009981,
722475.9,
460712,
210035,
6778579,
3625038,
7947395,
130855.5,
2.325528e+07,
987982.6,
1461172,
81060.66,
1532843,
1734136,
0,
7.665697e+07,
2077, 
942744.5,
1.049942e+07,
748209,
0,
5559138,
490738.4,
7315339,
0,
47498.58,
594145.1,
793063.7,
1010014,
712780.4,
467146.1,
215888.9,
6832966,
3656176,
7948868,
130498.6,
2.33506e+07,
992053.2,
1464367,
80103.42,
1530806,
1744822,
0,
7.712738e+07,
2078, 
951769.7,
1.058564e+07,
761297,
0,
5654809,
495826.9,
7367648,
0,
47158.81,
598838.9,
795246.2,
1009731,
702313,
473414.1,
221385.1,
6884133,
3686693,
7954632,
130133,
2.344374e+07,
994710.9,
1467892,
79142.05,
1531659,
1757415,
0,
7.759522e+07,
2079, 
960496.9,
1.066792e+07,
773422.3,
0,
5753318,
501254.9,
7427560,
0,
46941.25,
603931.3,
797284.9,
1009184,
690989,
479486.6,
226264,
6938125,
3719114,
7963161,
129806.3,
2.35455e+07,
996767.3,
1471696,
78176.56,
1542498,
1772579,
0,
7.809547e+07,
2080, 
968960.3,
1.0747e+07,
782867.1,
0,
5854101,
506852.1,
7493834,
0,
46818.54,
608968.6,
799186.8,
1008400,
679523.4,
485420.1,
230578.8,
6993875,
3752215,
7982702,
129508.3,
2.365153e+07,
998569.1,
1476004,
77207.09,
1554070,
1788794,
0,
7.861698e+07,
2081, 
975785.3,
1.081036e+07,
782043.9,
0,
5931579,
512080.4,
7546267,
0,
46778.42,
612910.4,
800616,
1006557,
669821.8,
490217.8,
234654.7,
7036862,
3773768,
7999912,
129398.2,
2.369797e+07,
995903.6,
1478137,
76463.3,
1560279,
1794563,
0,
7.896292e+07,
2082, 
982819.3,
1.087149e+07,
779241.1,
0,
6011528,
517296.8,
7602856,
0,
46833.63,
619089.9,
802078.3,
1004676,
659658.1,
494740.5,
238075.9,
7080757,
3795952,
8031504,
129299.8,
2.374161e+07,
992206.6,
1478707,
75713.05,
1565413,
1799701,
0,
7.932125e+07,
2083, 
990003.9,
1.093104e+07,
776871.1,
0,
6093936,
522296,
7660419,
0,
46980.54,
625313.7,
803601.3,
1002854,
649176.1,
498934.3,
240958.1,
7127037,
3817835,
8075477,
129218.7,
2.3784e+07,
988039.5,
1478053,
74956.26,
1570768,
1805404,
0,
7.969318e+07,
2084, 
997377.8,
1.098891e+07,
777376.3,
0,
6176638,
527313.3,
7716069,
0,
47200.17,
631480.6,
805222.3,
1001075,
638557.9,
503034.5,
243356.6,
7174893,
3839123,
8130063,
129148.6,
2.382016e+07,
983301.4,
1476345,
74192.86,
1569688,
1811569,
0,
8.00621e+07,
2085, 
1005736,
1.1045e+07,
782080.8,
0,
6258919,
532327.2,
7767788,
0,
47462.04,
638392.3,
806938,
999313.1,
627941.5,
506940.9,
245340.4,
7223754,
3859650,
8184639,
129084.1,
2.384825e+07,
977849.8,
1473218,
73422.82,
1567951,
1818108,
0,
8.04201e+07,
2086, 
1015135,
1.110615e+07,
789888.7,
0,
6351228,
538494.8,
7820069,
0,
47756.99,
646185.1,
808678.4,
997816.1,
616689.9,
511042.8,
246701,
7280256,
3885264,
8240621,
129941.5,
2.388844e+07,
972216.8,
1470216,
72654.3,
1565974,
1830314,
0,
8.083174e+07,
2087, 
1024956,
1.116228e+07,
798934.7,
0,
6439958,
543823,
7859570,
0,
48012.7,
651357.8,
810303.6,
995987.4,
605407.1,
515298,
248396.5,
7333245,
3908284,
8289772,
130771.4,
2.391447e+07,
966079.1,
1468066,
71877.11,
1545347,
1843291,
0,
8.117549e+07,
2088, 
1034781,
1.121997e+07,
805935.1,
0,
6524515,
548556.2,
7905285,
0,
48232.71,
656464.6,
811940.6,
994068.7,
594333.7,
519679.4,
250669.8,
7389893,
3934391,
8333142,
131631.2,
2.39449e+07,
960061.1,
1466426,
88635.13,
1508097,
1856665,
0,
8.152826e+07,
2089, 
1044719,
1.127268e+07,
811507.2,
0,
6605867,
552592.4,
7949659,
0,
48410.52,
661231.5,
813467.6,
991852.2,
583486.3,
523648,
253718.4,
7442357,
3959146,
8372060,
132456,
2.396515e+07,
954382.4,
1465416,
101687.2,
1456603,
1870306,
0,
8.18324e+07,
2090, 
1053989,
1.132195e+07,
816495.4,
0,
6684511,
556383.1,
7995255,
0,
48569.72,
665703.1,
814964.5,
989433.4,
572850.1,
527286.2,
257642.3,
7492007,
3983255,
8407031,
133253.7,
2.397854e+07,
949233.1,
1464871,
111772.7,
1392258,
1883901,
0,
8.210115e+07,
2091, 
1060555,
1.135151e+07,
820391.4,
0,
6723985,
558246.1,
8028129,
0,
48643.2,
669587.1,
814923.8,
987710.7,
565337.8,
529489.1,
262168.3,
7523685,
3988938,
8433711,
133576,
2.395486e+07,
944183.7,
1461899,
118916.8,
1317227,
1899038,
0,
8.219671e+07,
2092, 
1066327,
1.13805e+07,
825496.9,
0,
6763607,
560640.2,
8069026,
0,
48746.93,
673451.2,
814974.1,
986057.9,
558025.2,
530863.5,
266713.3,
7554413,
3995218,
8457548,
133896.6,
2.392868e+07,
939741.4,
1459247,
124079.2,
1250276,
1912122,
0,
8.229965e+07,
2093, 
1071863,
1.140048e+07,
830902.6,
0,
6801771,
563148,
8098450,
0,
48885.25,
674804.7,
814883.4,
984080,
550738.4,
531948,
270799.9,
7573915,
3995821,
8480759,
134135.3,
2.387411e+07,
935145.6,
1457060,
105572,
1190844,
1922995,
0,
8.23131e+07,
2094, 
1077150,
1.142184e+07,
836063.6,
0,
6839855,
565913.5,
8130016,
0,
49080.66,
674638.8,
814777.6,
982168.3,
542433.8,
532807.9,
274190.3,
7595225,
3997538,
8503370,
134393.4,
2.382102e+07,
930458.8,
1455050,
90740.03,
1140032,
1931172,
0,
8.233994e+07,
2095, 
1082266,
1.144381e+07,
840217.3,
0,
6879436,
568414.8,
8163327,
0,
49321.98,
673383.8,
814562.8,
980311.1,
533396.8,
533309.1,
276895.1,
7617817,
4000157,
8525042,
134665.5,
2.376962e+07,
925702,
1453466,
78828.59,
1099251,
1936633,
0,
8.237984e+07,
2096, 
1087574,
1.14739e+07,
843639.8,
0,
6924780,
571210.6,
8205226,
0,
49635.66,
671452.2,
814305.1,
978651.6,
523803.6,
533789.6,
278956,
7647294,
4010402,
8549188,
134875.5,
2.372445e+07,
921447.1,
1452442,
69419.37,
1071310,
1933408,
0,
8.247115e+07,
2097, 
1092270,
1.150175e+07,
846269.1,
0,
6964300,
573885.7,
8243943,
0,
49965.23,
668839.6,
813894.9,
977026.6,
515067.9,
533565.1,
280553.2,
7675350,
4020033,
8572041,
135077.2,
2.367444e+07,
916496,
1451516,
61828.83,
1040912,
1928827,
0,
8.253785e+07,
2098, 
1096060,
1.150581e+07,
848009,
0,
6998031,
576188.4,
8282317,
0,
50304.73,
667618.2,
813343.2,
975635,
506650.8,
532673.9,
281608.5,
7703485,
4031219,
8593424,
135297.3,
2.363324e+07,
913609.6,
1450650,
60804.86,
1015007,
1923423,
0,
8.259441e+07,
2099, 
1098575,
1.148234e+07,
849822.6,
0,
7029438,
577861.8,
8316140,
0,
50643.04,
665936.7,
812694.1,
974299.7,
499236.3,
531142.4,
279124,
7726961,
4042635,
8613278,
135514.1,
2.358943e+07,
911826.1,
1449957,
59771.31,
998812.9,
1917816,
0,
8.261326e+07,
2100, 
1099389,
1.143376e+07,
849605.4,
0,
7054770,
579022.3,
8341728,
0,
50940.05,
656953.8,
811829.4,
972709,
492440.6,
528866.2,
272913.9,
7743930,
4053438,
8632788,
135716.9,
2.353737e+07,
910988.4,
1449648,
58728.21,
993551.8,
1912349,
0,
8.257344e+07];
<<<<<<< HEAD
>>>>>>> 29fc07e (Remove T2MAT folder level)
=======
>>>>>>> 4d9e712909650e13193c45904b75652afa554b9e
