real main.em.dem.hi.CE.Cement_Production[28](t) = [1971, 
8.317,
71.054,
7.520999,
5.215999,
9.803001,
14.936,
7.026,
3.428,
1.436,
5.861,
187.588,
41.77,
7.553,
1.94,
0,
100.331,
9.703,
14.931,
11.672,
32.187,
8.483,
0.487,
59.434,
5.586,
3.228,
2.222,
0,
621.713,
1972, 
9.091,
74.93,
8.753,
7.050999,
11.382,
15.606,
6.979,
3.822,
1.397,
6.112,
213.191,
45.894,
7.595,
1.952,
0,
104.299,
11.295,
15.785,
11.786,
36.019,
9.256001,
0.596,
66.292,
5.929,
3.102,
2.513,
0,
680.627,
1973, 
10.053,
77.576,
9.918,
7.588999,
13.398,
16.182,
6.846,
3.85,
1.411,
6.864,
206.852,
48.525,
8.946,
1.987,
0,
109.521,
10.994,
15.016,
13.975,
37.897,
11.17,
0.74,
78.12,
6.301,
3.464,
2.87,
0,
710.065,
1974, 
10.641,
73.558,
10.672,
7.624999,
15.187,
16.977,
7.144,
4.037,
1.451,
7.301,
203.452,
52.201,
8.94,
2.04,
0,
115.145,
13.005,
14.319,
14.842,
37.832,
10.829,
0.831,
73.108,
6.675,
3.863,
2.891,
0,
714.566,
1975, 
9.741,
62.13,
11.2,
7.123999,
16.391,
16.52,
7.791,
4.533,
1.419,
7.176,
192.852,
55.812,
10.833,
2.169,
0,
122.057,
14.87,
16.248,
17.129,
46.9937,
11.881,
1.077,
65.517,
6.292,
3.999,
2.667,
0,
714.4217,
1976, 
9.898,
67.581,
12.691,
7.634999,
18.675,
17.501,
7.991,
4.581,
1.513,
7.048,
198.166,
59.909,
12.154,
24.668,
0,
124.246,
15.867,
18.516,
18.873,
47.6281,
12.959,
1.81,
68.712,
6.162,
3.857,
1.775,
0,
770.4161,
1977, 
9.933,
72.629,
13.328,
7.535999,
21.123,
17.995,
8.849,
4.653,
1.77,
6.573,
203.119,
63.284,
13.39,
25.11467,
0,
127.056,
16.602,
19.173,
21.198,
56.7764,
13.686,
2.549,
73.138,
6.119,
3.928,
1.778,
0,
811.3,
1978, 
10.473,
77.546,
14.15,
8.235,
23.239,
19.139,
10.202,
4.846,
1.626,
6.823,
206.804,
66.265,
15.572,
24.61233,
0,
126.956,
18.953,
19.626,
22.133,
66.6375,
14.187,
3.649,
84.882,
5.952,
4.286,
1.749,
0,
858.5428,
1979, 
11.459,
76.648,
15.352,
8.558999,
24.871,
20.969,
13.056,
5.206,
1.652,
6.199,
209.948,
65.815,
13.573,
23.802,
0,
123.019,
23.557,
18.27,
24.413,
75.3604,
17.259,
4.432,
87.804,
5.981,
4.134,
1.757,
0,
883.0954,
1980, 
10.34,
68.241,
16.398,
8.938279,
27.194,
23.439,
14.922,
5.429,
1.80305,
7.125,
210.581,
71.827,
12.975,
23.71467,
4.2,
125.049,
26.268,
17.803,
23.612,
81.52399,
15.203,
5.259,
87.957,
6.057,
4.431,
1.672,
0,
901.962,
1981, 
10.152,
65.054,
18.173,
8.829503,
26.051,
23.459,
16.26,
6.641,
1.77682,
8.095,
204.569,
66.84,
15.043,
23.78933,
4.41925,
127.169,
31.741,
20.908,
23.617,
84.52,
16.272,
5.719,
84.82801,
6.553,
4.696,
1.869,
0,
907.0439,
1982, 
8.136,
57.475,
19.343,
8.506739,
25.644,
22.422,
16.086,
6.631,
1.60826,
8.08,
198.328,
75.157,
15.778,
24.054,
4.6385,
200.392,
34.413,
22.65,
25.887,
96.815,
17.921,
5.832,
80.686,
7.054,
4.644629,
1.73,
0,
989.9121,
1983, 
7.871,
63.927,
17.363,
8.913981,
20.87,
20.749,
18.043,
6.107,
1.599,
7.897,
198.173,
78.859,
13.595,
25.132,
13.49375,
208.56,
37.043,
25.261,
29.282,
110.132,
19.459,
8.095,
80.891,
6.262,
4.893568,
1.523,
0,
1033.994,
1984, 
9.386999,
70.452,
18.702,
8.833752,
19.497,
21.128,
22.488,
5.557,
1.568577,
8.084,
186.505,
82.269,
15.738,
26.015,
14.2401,
211.5,
43.223,
29.541,
28.413,
125.008,
19.517,
8.893001,
78.86,
5.617,
5.32135,
1.54,
0,
1067.898,
1985, 
10.192,
70.284,
20.255,
8.695295,
20.635,
21.206,
24.608,
6.944,
1.562796,
6.88,
176.347,
76.718,
17.581,
25.795,
15.051,
212.779,
44.516,
31.971,
28.509,
147.936,
17.98,
9.94,
72.847,
6.667,
5.57609,
1.65,
0,
1083.125,
1986, 
10.611,
71.112,
19.825,
9.727639,
25.252,
24.022,
22.808,
7.3322,
1.713959,
6.246,
176.827,
80.356,
20.004,
27.166,
16.889,
219.266,
42.843,
34.983,
31.53,
168.721,
18.707,
11.323,
71.264,
7.133278,
6.878,
1.924,
0,
1134.464,
1987, 
12.603,
67.38,
23.482,
10.28211,
25.468,
26.243,
26.097,
6.6949,
1.888073,
5.999,
181.316,
80.014,
21.98,
27.606,
17.332,
222.991,
45.763,
37.135,
34.946,
189.016,
20.774,
11.814,
71.551,
6.917004,
7.756,
2.074,
0,
1185.122,
1988, 
12.35,
71.544,
23.606,
9.706407,
25.329,
26.25486,
27.549,
7.6606,
1.816,
6.760001,
193.818,
82.502,
22.568,
28.16,
17.628,
225.236,
48.797,
41.136,
41.411,
212.831,
23.459,
13.118,
77.554,
7.058201,
8.302,
2.23,
0,
1258.384,
1989, 
12.591,
71.308,
24.21,
10.27073,
25.921,
23.293,
27.887,
7.945941,
2.309,
7.261,
202.05,
80.533,
23.704,
27.958,
18.42,
227.651,
54.065,
44.197,
47.12099,
212.949,
27.675,
14.788,
79.717,
7.755054,
8.279,
2.263,
0,
1292.122,
1990, 
11.745,
70.944,
24.683,
10.25889,
25.85,
23.45166,
30.144,
6.679068,
2.458,
6.563,
200.368,
72.992,
24.299,
27.275,
18.225,
222.811,
55.37,
46.17,
49.914,
211.96,
35.097,
14.786,
84.445,
7.357902,
8.611,
2.506,
0,
1294.964,
1991, 
9.372,
67.193,
25.208,
9.027902,
27.491,
24.69829,
32.726,
7.016109,
2.332,
6.147,
194.9965,
52.952,
26.029,
25.956,
17.003,
79.893,
46.29,
52.013,
55.167,
246.56,
39.188,
13.48,
89.564,
6.452879,
9.018,
2.836,
0,
1168.61,
1992, 
8.592,
69.585,
27.114,
9.19588,
23.902,
29.29976,
32.958,
7.428288,
2.466,
5.85,
185.845,
41.594,
28.455,
23.089,
14.963,
63.32,
52.276,
53.936,
61.444,
309.994,
42.915,
14.048,
88.252,
6.670589,
9.614,
2.404,
0,
1215.21,
1993, 
9.394001,
73.807,
28.725,
9.73794,
24.845,
40.0546,
30.214,
7.554194,
2.517,
6.135,
171.025,
37.99,
31.134,
17.03,
11.312,
51.022,
57.5946,
57.326,
64.313,
369.672,
50.609,
19.61,
88.046,
7.491562,
9.70181,
2.342,
0,
1279.203,
1994, 
10.584,
77.94801,
31.594,
10.56813,
25.229,
30.79477,
30.53,
6.448114,
2.478112,
7.068,
180.743,
41.162,
29.356,
12.962,
8.107,
37.898,
59.5058,
63.461,
69.088,
423.193,
57.7171,
24.564,
91.62401,
8.107636,
9.899,
2.014,
0,
1352.644,
1995, 
10.44,
76.906,
25.295,
10.925,
28.256,
33.93748,
32.42,
6.674058,
3.141187,
7.437,
178.958,
41.78201,
33.153,
8.911,
6.016,
36.949,
61.9665,
67.722,
73.101,
477.628,
64.9424,
23.136,
90.474,
7.7452,
9.767,
2.469,
0,
1420.152,
1996, 
11.1,
80.8,
25.4,
9.11,
34.6,
32.554,
37.57,
10.568,
2.827,
7.67,
172.793,
42.584,
35.2,
6.51,
4.345,
28.39,
50.613,
80,
74.3,
513.636,
57.774,
36.5,
94.5,
7.692,
10.709,
2.77,
0,
1470.515,
1997, 
11.7,
82.5,
27.5,
9.303,
38.1,
34.8,
39.03,
14.16,
2.73,
7.49,
176.439,
43.813,
36,
7.102001,
4.595,
27.331,
50.333,
80,
76.8,
516.542,
71.588,
41.2,
91.90001,
7.66,
10.831,
2.79,
0,
1512.237,
1998, 
12.1,
82.2,
27.7,
11.065,
40,
37.166,
38.49,
11.481,
3.176,
9.5,
196.397,
44.22,
38.2,
7.704,
4.577,
26.715,
43.822,
85,
63.8,
535.149,
53.49,
44,
81.3,
7.63,
10.706,
3.466,
0,
1519.054,
1999, 
12.6,
87.3,
29.4,
12.832,
40.3,
37.72,
41.56,
11.198,
3.075,
8.9,
195.813,
45,
34.4,
7.98,
5.336,
29.2,
44.518,
90,
64.2,
592.794,
67.355,
41.5,
80.1,
7.545,
11.282,
3.427,
0,
1605.335,
2000, 
12.6,
89.5,
31.7,
10.924,
39.2,
38.36,
45.01,
11.471,
3.194,
8.99,
201.394,
44.804,
35.8,
7.382,
4.52,
33.167,
51.709,
95,
67.4,
601.972,
64.405,
51.7,
81.09999,
8.545,
12.05,
3.029,
0,
1654.926,
2001, 
13,
90.4,
30,
11.049,
39.5,
38.45,
48.52,
12.555,
3.183,
9.17,
198.62,
41.374,
35,
7.8,
4.988999,
36.398,
54.939,
100,
57.16,
680.418,
67.202,
55.1,
76.6,
8.545,
12.445,
3.046,
0,
1735.463,
2002, 
13.2,
91.3,
31,
11.998,
38,
30.67,
48.22,
13.39,
3.223,
9.620001,
190.81,
41.409,
32.6,
9.61,
5.083,
39.203,
56.557,
100,
60.82,
724.548,
75.43,
61.6,
71.8,
8.7,
12.85,
2.658,
0,
1784.299,
2003, 
14.1,
94.3,
32,
13.334,
38,
33.07,
52.04,
13.445,
4.147,
10.2,
205.06,
44.314,
35.1,
11.645,
6.173,
42.739,
57.4,
100,
64.74,
880.65,
82.585,
64.5,
68.8,
9.15,
17.035,
3.419,
0,
1997.946,
2004, 
14.9,
98.99999,
35,
13.316,
34.4,
37.54,
55.12,
13.633,
4.529,
12,
209.57,
47.582,
38,
13.77,
6.684,
48.056,
62.533,
125,
59.93,
990.31,
93.211,
68.2,
67.4,
9.2,
17.39,
3.485,
0,
2179.759,
2005, 
14.3,
101,
37.5,
14.631,
36.7,
42.3,
59.49,
13.926,
5.305,
14.5,
209.482,
49.7,
42.8,
15.971,
6.873,
51.095,
68.981,
130,
57.1,
1090.012,
101.459,
66.6,
69.6,
9.269,
17.66,
3.535,
0,
2329.789,
2006, 
14,
99.7,
40,
15.314,
36.7,
45.28,
61.93,
16.177,
5.547,
13,
219.626,
55.181,
48,
18.037,
7.492,
57.395,
73.202,
155,
59.7,
1259.441,
101.86,
67,
69.9,
10.39,
18.175,
5.06,
0,
2573.107,
2007, 
14.5,
96.9,
40.7,
15.882,
46.4,
48.95,
63.95,
21.996,
5.838,
15.3,
231.62,
60.693,
48.8,
19.88,
8.1,
62.762,
86.86,
170,
63.13,
1369.18,
105.895,
77,
67.7,
10.979,
28.33,
5.295,
0,
2786.64,
2008, 
13.7,
87.60001,
40.1,
16.915,
46.5,
51.39,
78.46,
28.503,
7.118,
13.5,
200.297,
62.942,
51.4,
20.92,
9.04,
56.32,
89.5,
180,
58.12,
1407.57,
110.188,
81.4,
62.8,
10.743,
29.325,
5.47,
0,
2819.821,
2009, 
11,
64.9,
35.2,
14.762,
51.7,
49.98,
86.79,
27.251,
8.475,
11.8,
168.876,
49.868,
53,
14.78,
8.724,
46.927,
105.65,
180,
56.5,
1646.135,
115.564,
88,
54.8,
10.648,
33.425,
6.329,
0,
3001.084,
2010, 
12.4,
67.2,
34.5,
15.584,
59.1,
50.23,
85.26,
30.25,
11.03,
10.9,
162.47,
49.967,
62.7,
15.09,
8.988,
53.025,
109.31,
220,
53.6,
1896.623,
129.993,
83,
51.5,
10.358,
37.531,
6.847,
0,
3327.456,
2011, 
12,
68.6,
34.5,
14.596,
62.6,
50.08,
84.55,
29.462,
12.704,
11.2,
164.972,
52.527,
63.4,
16.5,
9.519,
58.912,
126.24,
270,
54.7,
2117.326,
133.828,
95,
51.3,
10.058,
43.338,
7.679,
0,
3655.591,
2012, 
12.465,
74.934,
36.184,
18.39,
69.323,
55.27501,
99.711,
34.5,
14.52,
11.56,
135.855,
46.49001,
63.879,
15.949,
17.691,
65.65,
187.953,
270,
53.308,
2228.272,
132.478,
52.55,
54.737,
9.915001,
50.777,
10.601,
0,
3822.967,
2013, 
11.611,
77.41499,
34.612,
18.588,
69.975,
59.163,
94.874,
40.283,
16.353,
12.168,
133.019,
44.352,
71.337,
16.064,
18.772,
70.849,
192.102,
280,
53.891,
2430.161,
138.998,
56.89,
57.962,
9.899999,
53.78099,
11.552,
0,
4074.672,
2014, 
11.879,
83.124,
36.597,
19.663,
71.254,
59.394,
104.917,
40.665,
18.186,
12.068,
131.91,
45.217,
71.239,
15.553,
21.27,
74.128,
193.043,
280,
53.723,
2509.493,
143.824,
56.96,
57.913,
10.394,
54.722,
13.937,
0,
4191.073,
2015, 
12.167,
84.94,
39.613,
19.827,
65.283,
60.062,
103.157,
43.019,
20.912,
12.992,
133.206,
46.395,
71.419,
14.194,
23.293,
66.963,
188.614,
260,
58.744,
2374.785,
158.639,
60.05,
54.827,
11.016,
64.29,
14.236,
0,
4062.643,
2016, 
11.693,
85.153,
40.577,
19.466,
57.557,
55.292,
105.928,
46.84,
22.622,
13,
135.046,
46.83101,
75.403,
14.501,
23.837,
59.321,
178.263,
280,
63.827,
2424.398,
164.924,
62.2,
53.255,
10.831,
70.756,
14.521,
0,
4136.042,
2017, 
12.706,
86.799,
41.601,
19.991,
54.004,
55.777,
124.553,
44.91,
23.252,
13.17,
136.163,
50.9,
80.55199,
14.609,
26.55,
60.09,
168.605,
283,
64.24,
2344.131,
172.963,
69.479,
55.195,
10.305,
75.794,
13.546,
0,
4102.885,
2018, 
13.554,
86.99999,
48.328,
19.209,
53.553,
53.00299,
102.7,
52.421,
23.35,
13.68,
138.733,
54.454,
72.544,
14.993,
27.588,
59.65,
173.253,
310,
57.923,
2249.513,
188.088,
75.413,
55.307,
10.879,
85.162,
14.813,
0,
4055.111,
2019, 
14,
88.1,
45.163,
18.628,
56.611,
53.091,
100.087,
57.746,
21.854,
12.726,
139.456,
56.943,
56.966,
15.258,
29.807,
64.436,
178.069,
334,
56.235,
2353.969,
207.594,
72.04,
53.462,
11.105,
88.543,
17.057,
0,
4202.946,
2020, 
14,
89.8,
47.833,
16.711,
61.052,
47.215,
90.375,
63.428,
24.867,
10.8,
137.154,
57.886,
72.299,
15.539,
31.519,
62.563,
193.587,
290,
53.208,
2391.468,
214.147,
62.83,
50.905,
10.72,
87.684,
17.504,
0,
4215.094,
2021, 
14,
91.3,
51.559,
18.552,
65.884,
57.598,
101.499,
69.572,
27.44,
12.5,
143.357,
59.388,
78.495,
17.009,
35.204,
66.584,
192.297,
350,
55.824,
2377.575,
227.432,
65.15,
50.083,
10.96,
97.859,
17.643,
0,
4354.764,
2022, 
15,
91.59999,
49.8,
18.761,
63.546,
60.309,
96.689,
70.41,
26.17,
12,
141.065,
57.383,
73.708,
11.6,
35.455,
67.772,
192.559,
380,
57.612,
2144.181,
236.292,
64.16,
53.2,
11.183,
94.53801,
18.001,
0,
4142.994,
2023, 
15.02206,
91.95734,
50.42493,
19.13993,
64.30685,
60.71444,
99.18034,
73.04947,
24.39047,
12.0997,
141.1205,
57.35944,
73.86643,
11.61508,
36.24061,
68.07956,
195.4589,
394.4888,
57.55337,
2149.911,
238.8919,
65.87193,
52.89809,
11.23453,
96.18477,
18.7782,
0,
4179.838,
2024, 
15.05099,
92.29304,
50.93738,
19.5428,
64.76903,
61.60276,
101.5414,
76.31393,
26.43354,
12.25586,
141.2814,
57.45871,
74.00143,
11.6519,
37.00993,
68.2404,
198.649,
408.7563,
57.53511,
2154.637,
241.8055,
67.56921,
52.55898,
11.29142,
99.7504,
19.92802,
0,
4222.865,
2025, 
15.10323,
92.68783,
51.38185,
19.95422,
65.30797,
62.52969,
104.0302,
79.82773,
29.46574,
12.40328,
141.6331,
57.59959,
74.24782,
11.76115,
37.79411,
68.38882,
201.8803,
422.9514,
57.55301,
2158.905,
244.9335,
69.26092,
52.2528,
11.36206,
103.9331,
21.18652,
0,
4268.334,
2026, 
15.16428,
93.18628,
52.01397,
20.41234,
65.83366,
63.47954,
106.3382,
84.21175,
32.87876,
12.56298,
141.949,
57.57829,
74.59523,
12.04618,
38.49343,
68.49477,
205.1135,
437.3673,
57.51873,
2158.944,
248.1847,
70.93359,
52.01177,
11.41789,
109.764,
23.07533,
0,
4313.57,
2027, 
15.23623,
93.765,
52.64311,
20.86094,
66.36759,
64.40531,
108.3365,
88.56417,
36.22637,
12.72863,
142.3421,
57.55258,
74.97887,
12.32246,
39.18075,
68.59348,
208.3014,
450.9161,
57.491,
2157.994,
251.3481,
72.55814,
51.80466,
11.45998,
115.3725,
24.929,
0,
4356.279,
2028, 
15.31851,
94.42055,
53.27008,
21.30994,
66.90803,
65.31761,
110.2025,
92.83907,
39.51463,
12.90331,
142.8204,
57.50983,
75.3736,
12.5922,
39.85571,
68.68573,
211.4254,
463.7559,
57.45705,
2155.718,
254.3992,
74.15614,
51.6236,
11.49692,
120.8,
26.76225,
0,
4396.437,
2029, 
15.42117,
95.19221,
53.90005,
21.77039,
67.46655,
66.23984,
111.9134,
97.06718,
42.74946,
13.09182,
143.4494,
57.45828,
75.83309,
12.56523,
40.51738,
68.77249,
214.468,
476.0188,
57.4351,
2151.689,
257.3977,
75.75398,
51.50329,
11.53618,
126.108,
28.58114,
0,
4433.899,
2030, 
15.53704,
96.11675,
54.53134,
22.25217,
68.03267,
67.19289,
113.5548,
101.2975,
45.93626,
13.29823,
144.1957,
57.39488,
76.269,
12.49182,
41.16441,
68.85473,
217.3958,
487.8216,
57.38852,
2145.409,
260.2398,
77.37572,
51.40565,
11.59107,
131.32,
30.39064,
0,
4468.458,
2031, 
15.68748,
97.16411,
55.17612,
22.80227,
68.77028,
68.24019,
115.3047,
107.9426,
50.10181,
13.60012,
145.1321,
57.28995,
76.75175,
12.38747,
41.80064,
68.97066,
220.0936,
499.3716,
57.29163,
2133.896,
262.9174,
78.99158,
51.40432,
11.66325,
137.3532,
32.83455,
0,
4502.94,
2032, 
15.86179,
98.37557,
55.82569,
23.37428,
69.52436,
69.31784,
116.902,
114.5107,
54.19304,
13.9264,
146.2405,
57.18259,
77.22763,
12.26112,
42.41445,
69.0822,
222.6141,
510.5592,
57.18331,
2119.1,
265.4233,
80.68246,
51.45131,
11.7479,
143.2882,
35.24382,
0,
4533.514,
2033, 
16.06186,
99.78599,
56.48318,
23.98075,
70.3092,
70.42511,
118.3571,
120.993,
58.23485,
14.28275,
147.5512,
57.06887,
77.69707,
12.13855,
43.0046,
69.16801,
224.9275,
521.4935,
57.07068,
2100.538,
267.7517,
82.47432,
51.55461,
11.84902,
149.1806,
37.63359,
0,
4560.016,
2034, 
16.27909,
101.4186,
57.14927,
24.6302,
71.14416,
71.58427,
119.7194,
127.4491,
62.24768,
14.6736,
149.0628,
56.94567,
78.12225,
12.07514,
43.57055,
69.23379,
227.0046,
532.2599,
56.95174,
2077.823,
269.8545,
84.38838,
51.70088,
11.95667,
155.069,
40.01964,
0,
4582.333,
2035, 
16.52185,
103.2697,
57.82475,
25.32817,
72.03697,
72.82054,
120.9848,
133.9323,
66.24126,
15.10258,
150.7865,
56.81423,
78.49326,
12.10824,
44.11139,
69.28666,
228.823,
542.9302,
56.85504,
2050.696,
271.717,
86.44227,
51.88923,
12.05727,
160.9909,
42.4155,
0,
4600.479,
2036, 
16.80206,
105.2705,
58.49642,
26.1004,
73.05609,
74.17242,
122.2942,
141.8104,
71.08301,
15.61371,
152.8309,
56.66853,
78.83796,
12.21673,
44.61832,
69.36589,
230.2625,
553.525,
56.80819,
2017.051,
273.1005,
88.59971,
52.15616,
12.16976,
167.5837,
45.29672,
0,
4615.791,
2037, 
17.07253,
107.3337,
59.17821,
26.92455,
74.15078,
75.61783,
123.4129,
149.7334,
75.88074,
16.16055,
155.1055,
56.5174,
79.14397,
12.39109,
45.09949,
69.43842,
231.4219,
564.0291,
56.56673,
1979.032,
274.2674,
90.90528,
52.47355,
12.31622,
174.1903,
48.19285,
0,
4626.557,
2038, 
17.3588,
109.5648,
59.87097,
27.80149,
75.31974,
77.15596,
124.414,
157.731,
80.66373,
16.74248,
157.5831,
56.35946,
79.38497,
12.60789,
45.55563,
69.5045,
232.3018,
574.4753,
56.22918,
1936.864,
275.195,
93.35633,
52.82434,
12.47469,
180.8268,
51.10584,
0,
4633.272,
2039, 
17.66208,
111.9524,
60.57586,
28.72868,
76.54996,
78.76978,
125.4261,
165.7237,
85.4528,
17.3579,
160.2591,
56.19598,
79.58064,
12.84511,
45.98841,
69.55867,
232.9137,
584.8845,
55.8534,
1890.908,
275.916,
95.94529,
53.21297,
12.63159,
187.5105,
54.03334,
0,
4636.437,
2040, 
17.98242,
114.4685,
61.29261,
29.69922,
77.84832,
80.44705,
126.3825,
173.6904,
90.25236,
18.0039,
163.1203,
56.02809,
79.74831,
13.08684,
46.39944,
69.61786,
233.2764,
595.2642,
55.44894,
1841.644,
276.4633,
98.65945,
53.6408,
12.79462,
194.2498,
56.97944,
0,
4636.489,
2041, 
18.33274,
117.0465,
61.99157,
30.71131,
79.19711,
82.14438,
127.3126,
183.1502,
96.02443,
18.69551,
166.2461,
55.85872,
79.94669,
13.31873,
46.7725,
69.72916,
233.2377,
605.314,
55.01781,
1787.777,
276.7091,
101.3816,
54.16218,
12.95904,
201.6067,
60.47813,
0,
4635.121,
2042, 
18.69183,
119.7002,
62.69391,
31.75158,
80.56711,
83.86329,
128.2322,
192.535,
101.725,
19.40328,
169.4841,
55.6853,
80.10721,
13.552,
47.12891,
69.86201,
233.0038,
615.2406,
54.56015,
1731.882,
276.8062,
104.1832,
54.69783,
13.11725,
208.9243,
63.97502,
0,
4631.373,
2043, 
19.05118,
122.4317,
63.39472,
32.81565,
81.95963,
85.62415,
129.1501,
201.9487,
107.3779,
20.12195,
172.7747,
55.50577,
80.19431,
13.78508,
47.4715,
70.01006,
232.6027,
625.0292,
54.06537,
1674.601,
276.7333,
107.0412,
55.21917,
13.27807,
216.1888,
67.4733,
0,
4625.85,
2044, 
19.4084,
125.2687,
64.0913,
33.89509,
83.35583,
87.41876,
130.0396,
211.3734,
112.9871,
20.8465,
176.0875,
55.32055,
80.21617,
14.01639,
47.80233,
70.16701,
232.067,
634.6647,
53.54014,
1616.57,
276.5183,
109.9335,
55.72024,
13.45728,
223.3934,
70.97248,
0,
4619.132,
2045, 
19.76115,
128.2082,
64.78117,
34.98291,
84.74518,
89.23028,
130.9143,
220.7801,
118.5598,
21.57196,
179.3933,
55.1301,
80.18103,
14.24442,
48.12397,
70.32487,
231.433,
644.1298,
52.99095,
1558.391,
276.1888,
112.8383,
56.19553,
13.66236,
230.5287,
74.46796,
0,
4611.759,
2046, 
20.12395,
131.1832,
65.42374,
36.06219,
86.09255,
90.99754,
131.7612,
231.7706,
125.0283,
22.28936,
182.7487,
54.9499,
80.13477,
14.46399,
48.40353,
70.49385,
230.4986,
652.9593,
52.43863,
1498.626,
275.6457,
115.6096,
56.70582,
13.88452,
238.0358,
78.4739,
0,
4604.805,
2047, 
20.47632,
134.1962,
66.05228,
37.12954,
87.4053,
92.7424,
132.6852,
242.627,
131.3632,
22.99393,
186.0361,
54.76491,
79.93224,
14.67744,
48.67828,
70.65756,
229.5375,
661.5226,
51.86913,
1439.897,
275.0273,
118.347,
57.17473,
14.11193,
245.3809,
82.41411,
0,
4597.7,
2048, 
20.89957,
137.0237,
66.69664,
38.15956,
88.6056,
94.38585,
133.4362,
253.1011,
137.4773,
23.68946,
189.6286,
54.60994,
80.60735,
14.82973,
48.94847,
70.79018,
228.6238,
669.8594,
51.54116,
1382.624,
275.1602,
121.0547,
57.96443,
14.27645,
252.7519,
86.24969,
0,
4592.995,
2049, 
21.30926,
139.8477,
67.32487,
39.16595,
89.76129,
95.99366,
134.1675,
263.5268,
143.4588,
24.36561,
193.1132,
54.45082,
81.13833,
14.974,
49.21787,
70.91685,
227.7256,
677.9129,
51.20501,
1327.158,
275.2578,
123.6981,
58.70623,
14.4568,
259.9563,
90.03504,
0,
4588.844,
2050, 
21.70682,
142.6612,
67.93738,
40.1449,
90.87043,
97.55933,
134.8878,
273.9037,
149.3234,
25.02011,
196.487,
54.28894,
81.65327,
15.10959,
49.4882,
71.03735,
226.8711,
685.6795,
50.87148,
1273.775,
275.3583,
126.2735,
59.40794,
14.64455,
266.9969,
93.77111,
0,
4585.729,
2051, 
22.10275,
145.3931,
68.50032,
41.07788,
91.89862,
99.04281,
135.5529,
285.7533,
155.9263,
25.64115,
199.75,
54.13111,
82.07684,
15.23512,
49.7096,
71.1414,
225.8501,
692.8376,
50.54676,
1220.977,
275.2323,
128.6711,
60.08756,
14.83319,
274.1422,
97.93495,
0,
4584.046,
2052, 
22.48079,
148.0897,
69.04397,
41.97726,
92.88304,
100.4977,
136.2108,
297.4003,
162.34,
26.23363,
202.8602,
53.96947,
82.4535,
15.35085,
49.93379,
71.24012,
224.8767,
699.6612,
50.11372,
1170.738,
275.0903,
130.9707,
60.70695,
15.03376,
281.0526,
101.9908,
0,
4583.2,
2053, 
22.84492,
150.7127,
69.57012,
42.84026,
93.80851,
101.903,
136.8681,
308.81,
168.5632,
26.79727,
205.8327,
53.80604,
82.81973,
15.45665,
50.16139,
71.33252,
223.9931,
706.1595,
49.6242,
1123.14,
274.9785,
133.1688,
61.28575,
15.23786,
287.745,
105.9447,
0,
4583.405,
2054, 
23.19672,
153.2314,
70.07966,
43.66461,
94.6748,
103.2477,
137.5298,
319.9861,
174.6099,
27.33197,
208.6728,
53.64168,
83.19212,
15.55249,
50.39316,
71.41782,
223.2088,
712.3413,
49.14985,
1078.216,
274.9193,
135.263,
61.83655,
15.43631,
294.2309,
109.8008,
0,
4584.825,
2055, 
23.53691,
155.6426,
70.57339,
44.45018,
95.4828,
104.5316,
138.2002,
330.9435,
180.4924,
27.8379,
211.3827,
53.47682,
83.5784,
15.6385,
50.62967,
71.49613,
222.5298,
718.2169,
48.69408,
1035.957,
274.9238,
137.2525,
62.35815,
15.62924,
300.5198,
113.5648,
0,
4587.54,
2056, 
23.87273,
157.933,
71.00697,
45.1762,
96.17832,
105.6928,
138.804,
343.0488,
186.9328,
28.30123,
213.9448,
53.30869,
83.99044,
15.71809,
50.81914,
71.56138,
221.7175,
723.41,
48.22344,
995.4114,
274.8688,
139.0391,
62.89235,
15.81054,
306.7978,
117.6702,
0,
4592.13,
2057, 
24.19494,
160.1146,
71.42403,
45.86147,
96.81479,
106.791,
139.4141,
354.8268,
193.1453,
28.73444,
216.367,
53.13934,
84.40318,
15.78804,
51.01284,
71.61881,
221.0181,
728.2888,
47.81339,
957.4734,
274.864,
140.7186,
63.4002,
15.98551,
312.8418,
121.6432,
0,
4597.698,
2058, 
24.50398,
162.1891,
71.8252,
46.50726,
97.39462,
107.8279,
140.0333,
366.307,
199.1503,
29.13863,
218.6535,
52.96887,
84.81827,
15.84872,
51.211,
71.66878,
220.4313,
732.869,
47.52767,
922.0457,
274.9109,
142.2938,
63.88148,
16.15393,
318.6668,
125.4952,
0,
4604.322,
2059, 
24.80039,
164.1591,
72.2112,
47.11511,
97.92039,
108.8059,
140.6635,
377.515,
204.9658,
29.51502,
220.809,
52.79737,
85.23678,
15.90051,
51.4137,
71.71155,
219.9555,
737.1656,
47.39097,
889.0157,
275.0096,
143.7684,
64.33804,
16.31593,
324.287,
129.2362,
0,
4612.023,
2060, 
25.08467,
166.028,
72.58276,
47.68665,
98.39486,
109.7274,
141.3059,
388.4738,
210.608,
29.86494,
222.8389,
52.62488,
85.65927,
15.94383,
51.62092,
71.74744,
219.5878,
741.1942,
47.42682,
858.2595,
275.1593,
145.1462,
64.77616,
16.47185,
329.7151,
132.8753,
0,
4620.804,
2061, 
25.36276,
167.7903,
72.90145,
48.2067,
98.76195,
110.5363,
141.8494,
400.3474,
216.6456,
30.17382,
224.7337,
52.44428,
86.10147,
15.98034,
51.79573,
71.75774,
219.0717,
744.4177,
47.67552,
829.3606,
275.2633,
146.3296,
64.83099,
16.61364,
335.0188,
136.7554,
0,
4630.726,
2062, 
25.62853,
169.4597,
73.20605,
48.69189,
99.08055,
111.2912,
142.4008,
411.8796,
222.4543,
30.45745,
226.5079,
52.26226,
86.53905,
16.00911,
51.97367,
71.76117,
218.6576,
747.3831,
47.69601,
802.4854,
275.4039,
147.4229,
65.1423,
16.75012,
340.1096,
140.4999,
0,
4641.154,
2063, 
25.88273,
171.0408,
73.49735,
49.14429,
99.35368,
111.9952,
142.9608,
423.1043,
228.0563,
30.7174,
228.1685,
52.07889,
86.97279,
16.03058,
52.15465,
71.75809,
218.3404,
750.1066,
47.51334,
777.4979,
275.5794,
148.4314,
65.42127,
16.8817,
345.0044,
144.1218,
0,
4651.814,
2064, 
26.12606,
172.5387,
73.77626,
49.56593,
99.58435,
112.6512,
143.5299,
434.0512,
233.4713,
30.95519,
229.7227,
51.89425,
87.40329,
16.04521,
52.33855,
71.74881,
218.1151,
752.6039,
47.33823,
754.2642,
275.7881,
149.361,
65.67016,
17.00864,
349.7183,
147.6327,
0,
4662.903,
2065, 
26.35971,
173.9582,
74.04376,
49.9588,
99.77543,
113.2624,
144.1082,
444.7461,
238.7166,
31.17236,
231.1794,
51.70858,
87.83452,
16.05343,
52.52519,
71.73368,
217.9765,
754.8901,
47.17146,
732.6533,
276.032,
150.2172,
65.89297,
17.131,
354.2663,
151.0427,
0,
4674.41,
2066, 
26.58837,
175.2886,
74.26146,
50.30154,
99.86946,
113.7702,
144.5827,
456.0634,
244.1671,
31.35144,
232.5705,
51.51613,
88.28078,
16.05729,
52.69087,
71.70444,
217.682,
756.3945,
47.04995,
712.6284,
276.2145,
150.9118,
66.09774,
17.24069,
358.5696,
154.581,
0,
4686.435,
2067, 
26.8075,
176.5502,
74.46857,
50.61792,
99.92791,
114.2369,
145.063,
467.0566,
249.4091,
31.51167,
233.8721,
51.32234,
88.72012,
16.05556,
52.85812,
71.66961,
217.4644,
757.7063,
46.96251,
693.9789,
276.4184,
151.5411,
66.27596,
17.34622,
362.6997,
157.9935,
0,
4698.534,
2068, 
27.01784,
177.7478,
74.66601,
50.90987,
99.95338,
114.6655,
145.5492,
477.7592,
254.4633,
31.65445,
235.091,
51.1273,
89.15356,
16.04862,
53.02679,
71.62952,
217.3182,
758.8391,
46.91317,
676.5915,
276.6425,
152.1099,
66.42992,
17.44791,
366.6714,
161.2928,
0,
4710.72,
2069, 
27.22009,
178.8859,
74.85466,
51.1792,
99.94833,
115.0585,
146.0412,
488.2001,
259.3481,
31.7811,
236.2335,
50.93111,
89.58201,
16.03683,
53.19673,
71.58443,
217.2382,
759.8052,
46.90545,
660.3587,
276.8855,
152.6227,
66.5618,
17.54588,
370.498,
164.49,
0,
4722.993,
2070, 
27.41492,
179.969,
75.03538,
51.42757,
99.91502,
115.4187,
146.5387,
498.4046,
264.0793,
31.89287,
237.3057,
50.73382,
90.00615,
16.02054,
53.3678,
71.53463,
217.2195,
760.6166,
46.94019,
645.1802,
277.1458,
153.084,
66.67348,
17.6402,
374.1916,
167.5949,
0,
4735.351,
2071, 
27.5986,
180.9526,
75.16801,
51.63192,
99.80038,
115.6813,
146.9644,
508.994,
268.8651,
31.97468,
238.3397,
50.53778,
90.42471,
16.00256,
53.51834,
71.47893,
217.0563,
760.6213,
47.02597,
631.1423,
277.302,
153.4148,
66.77531,
17.72238,
377.5966,
170.756,
0,
4747.346,
2072, 
27.77442,
181.8889,
75.29356,
51.81743,
99.66078,
115.9145,
147.3927,
519.2874,
273.4649,
32.04405,
239.3071,
50.34019,
90.82847,
15.98075,
53.66918,
71.41894,
216.9447,
760.4964,
47.1314,
617.9764,
277.4598,
153.7008,
66.85443,
17.80127,
380.8629,
173.8047,
0,
4759.116,
2073, 
27.94305,
182.7816,
75.41277,
51.98558,
99.49811,
116.1205,
147.8234,
529.3157,
277.8973,
32.1019,
240.2134,
50.14119,
91.21887,
15.95537,
53.82023,
71.35489,
216.8806,
760.2488,
47.25935,
605.6029,
277.6189,
153.9459,
66.91286,
17.87715,
384.0027,
176.7524,
0,
4770.686,
2074, 
28.10507,
183.6341,
75.52635,
52.13772,
99.3142,
116.3013,
148.2563,
539.1054,
282.1786,
32.14924,
241.0637,
49.94084,
91.59701,
15.9267,
53.97138,
71.28699,
216.8596,
759.883,
47.41243,
593.9482,
277.7788,
154.1534,
66.96404,
17.95027,
387.0266,
179.6092,
0,
4782.081,
2075, 
28.26099,
184.4497,
75.63525,
52.27513,
99.11067,
116.4589,
148.6913,
548.6798,
286.3229,
32.18731,
241.8623,
49.7392,
91.96362,
15.89497,
54.12255,
71.21544,
216.8783,
759.4053,
47.35281,
582.9444,
277.9387,
154.3265,
67.00956,
18.02093,
389.9447,
182.3839,
0,
4793.075,
2076, 
28.40003,
185.1346,
75.70301,
52.37176,
98.83752,
116.5259,
149.0633,
558.3793,
290.4102,
32.19986,
242.6075,
49.54872,
92.31029,
15.86374,
54.25161,
71.14192,
216.7749,
758.2632,
47.28305,
572.5901,
277.989,
154.3765,
67.07208,
18.07906,
392.5238,
185.1139,
0,
4802.815,
2077, 
28.53342,
185.7881,
75.76707,
52.4553,
98.54737,
116.5723,
149.4352,
567.8151,
294.3396,
32.20414,
243.3071,
49.35697,
92.69572,
15.82991,
54.38002,
71.06506,
216.704,
757.0245,
47.18118,
562.7688,
278.0345,
154.3977,
67.11765,
18.13521,
394.9968,
187.7465,
0,
4812.199,
2078, 
28.66203,
186.4128,
75.82803,
52.5268,
98.24151,
116.5999,
149.807,
577.014,
298.1264,
32.20079,
243.967,
49.1642,
93.11946,
15.79366,
54.50776,
70.98502,
216.6631,
755.6987,
47.03257,
553.4288,
278.0785,
154.3928,
67.15235,
18.18961,
397.3738,
190.2914,
0,
4821.258,
2079, 
28.78944,
187.0111,
75.88738,
52.58721,
97.92115,
116.6099,
150.1786,
585.9996,
301.7839,
32.19079,
244.6054,
48.97177,
93.6097,
15.75516,
54.63477,
70.90197,
216.6509,
754.2968,
46.84733,
544.5228,
278.1472,
154.3529,
67.1906,
18.24253,
399.6691,
192.7572,
0,
4830.115,
2080, 
28.9128,
187.5853,
75.9444,
52.63742,
97.58739,
116.6038,
150.5498,
594.7922,
305.3242,
32.17407,
245.2106,
48.77842,
94.14912,
15.71458,
54.76102,
70.81604,
216.6631,
752.8197,
46.61684,
536.0081,
278.2134,
154.2757,
67.21824,
18.29421,
401.8837,
195.1515,
0,
4838.686,
2081, 
29.01582,
188.0186,
75.96885,
52.65373,
97.21721,
116.5256,
150.8533,
603.5029,
308.749,
32.14329,
245.7314,
48.60252,
94.7266,
15.67588,
54.8675,
70.73325,
216.5811,
750.8739,
46.37292,
527.934,
278.1587,
154.0995,
67.25456,
18.33201,
403.7911,
197.4273,
0,
4845.811,
2082, 
29.11482,
188.4314,
75.9916,
52.66099,
96.83551,
116.4332,
151.155,
611.9809,
312.0425,
32.10704,
246.2215,
48.42558,
95.35191,
15.63537,
54.97264,
70.64771,
216.5184,
748.8584,
46.16164,
520.1771,
278.0959,
153.9026,
67.26096,
18.36881,
405.6187,
199.6197,
0,
4852.59,
2083, 
29.21018,
188.8256,
76.01282,
52.65992,
96.44312,
116.3277,
151.455,
620.2493,
315.2173,
32.05844,
246.6836,
48.24769,
96.01804,
15.59316,
55.07648,
70.55954,
216.4731,
746.7712,
46.07185,
512.7053,
278.0254,
153.6865,
67.24776,
18.40469,
407.3731,
201.7368,
0,
4859.134,
2084, 
29.30224,
189.2028,
76.03262,
52.65117,
96.04088,
116.21,
151.7531,
628.3285,
318.284,
32.00221,
247.1201,
48.06891,
96.72654,
15.54938,
55.17904,
70.46886,
216.4434,
744.6146,
46.16528,
505.4898,
277.9475,
153.453,
67.21545,
18.43974,
409.0602,
203.7858,
0,
4865.535,
2085, 
29.39106,
189.5644,
76.051,
52.63534,
95.62946,
116.081,
152.0495,
636.236,
321.2523,
31.94107,
247.5324,
47.8892,
97.47232,
15.50413,
55.2803,
70.37581,
216.4276,
742.393,
46.49347,
498.5042,
277.8607,
153.2032,
67.16632,
18.474,
410.6851,
205.7729,
0,
4871.866,
2086, 
29.4578,
189.8035,
76.0416,
52.59307,
95.20123,
115.8965,
152.2833,
643.8876,
324.0797,
31.86824,
247.838,
47.72804,
98.22178,
15.46142,
55.36382,
70.2849,
216.3385,
739.8754,
46.57151,
492.0057,
277.6645,
152.8643,
67.11449,
18.49443,
412.0681,
207.6139,
0,
4876.621,
2087, 
29.5206,
190.0295,
76.0079,
52.54448,
94.76513,
115.7021,
152.5143,
651.3348,
326.7992,
31.79098,
248.1176,
47.56559,
98.98568,
15.4174,
55.44562,
70.19162,
216.2594,
737.3069,
46.48236,
485.6913,
277.4496,
152.5112,
67.04383,
18.51418,
413.3883,
209.3842,
0,
4880.764,
2088, 
29.57987,
190.2435,
75.96307,
52.49004,
94.32172,
115.4984,
152.7426,
658.5973,
329.4203,
31.70963,
248.3736,
47.40195,
99.76839,
15.37214,
55.52572,
70.09602,
216.1893,
734.6962,
46.38725,
479.5421,
277.2177,
152.1452,
66.9577,
18.53331,
414.6508,
211.0906,
0,
4884.514,
2089, 
29.63611,
190.4466,
75.91525,
52.4302,
93.87151,
115.2861,
152.9682,
665.6922,
331.9518,
31.62454,
248.6091,
47.23729,
100.5649,
15.32573,
55.6042,
69.99825,
216.1271,
732.0361,
46.28726,
473.5409,
276.9716,
151.7673,
66.86079,
18.55188,
415.8604,
212.7388,
0,
4887.904,
2090, 
29.68952,
190.6397,
75.86461,
52.36535,
93.41493,
115.0657,
153.1911,
672.6349,
334.4011,
31.53598,
248.8257,
47.07167,
101.3664,
15.27824,
55.68109,
69.89837,
216.0719,
729.3318,
46.1826,
467.6719,
276.7117,
151.3784,
66.75803,
18.56991,
417.0212,
214.3342,
0,
4890.956,
2091, 
29.72707,
190.7469,
75.79475,
52.28205,
92.96076,
114.8054,
153.3263,
679.1556,
336.673,
31.43705,
248.9522,
46.9229,
102.1579,
15.23142,
55.74158,
69.79147,
215.9414,
726.4274,
46.07673,
462.2732,
276.3909,
150.9129,
66.66429,
18.57665,
417.9775,
215.7963,
0,
4892.744,
2092, 
29.76311,
190.8457,
75.72286,
52.19426,
92.50113,
114.5379,
153.4582,
685.4974,
338.8556,
31.33515,
249.0671,
46.77365,
102.9251,
15.18361,
55.80019,
69.68244,
215.8164,
723.4831,
45.96953,
456.9798,
276.065,
150.4382,
66.5763,
18.58293,
418.8882,
217.2,
0,
4894.143,
2093, 
29.79684,
190.937,
75.64867,
52.10227,
92.03642,
114.2638,
153.5868,
691.6771,
340.9565,
31.23041,
249.1667,
46.62355,
103.6496,
15.13488,
55.85698,
69.5714,
215.6957,
720.4985,
45.85818,
451.7807,
275.7261,
149.9549,
66.4957,
18.58879,
419.755,
218.5508,
0,
4895.143,
2094, 
29.82843,
191.0212,
75.57238,
52.0064,
91.56696,
113.9835,
153.7124,
697.7089,
342.9825,
31.12303,
249.2524,
46.47266,
103.9217,
15.08526,
55.91204,
69.4584,
215.5786,
717.4748,
45.74297,
446.6659,
275.3748,
149.4635,
66.41312,
18.59425,
420.581,
219.8531,
0,
4895.35,
2095, 
29.85807,
191.099,
75.49403,
51.90693,
91.09303,
113.6973,
153.8349,
703.6061,
344.9397,
31.0132,
249.3253,
46.32101,
104.0804,
15.03482,
55.96541,
69.34354,
215.4645,
714.4156,
45.62416,
441.6263,
275.0118,
148.9646,
66.33416,
18.59936,
421.3691,
221.1112,
0,
4895.133,
2096, 
29.87231,
191.1086,
75.39055,
51.79784,
90.63291,
113.3874,
153.8598,
708.9823,
346.7067,
30.89442,
249.2897,
46.17539,
104.1949,
14.98101,
55.99439,
69.20291,
215.2578,
711.2697,
45.50397,
436.8467,
274.5798,
148.4077,
66.23986,
18.59596,
421.9948,
222.2358,
0,
4893.403,
2097, 
29.88458,
191.1127,
75.28526,
51.6855,
90.16897,
113.0723,
153.8813,
714.2034,
348.3996,
30.77345,
249.2418,
46.02898,
104.2978,
14.92644,
56.02151,
69.06045,
215.0528,
708.1015,
45.37971,
432.1274,
274.1345,
147.8444,
66.1428,
18.59224,
422.5831,
223.3128,
0,
4891.315,
2098, 
29.89504,
191.112,
75.17825,
51.57011,
89.70142,
112.7523,
153.8995,
719.2834,
350.0244,
30.65043,
249.1828,
45.88184,
104.3899,
14.87115,
56.04683,
68.91621,
214.849,
704.9148,
45.25171,
427.4617,
273.6766,
147.2751,
66.04125,
18.58823,
423.1368,
224.3465,
0,
4888.897,
2099, 
29.90385,
191.1068,
75.06962,
51.45186,
89.23045,
112.4277,
153.9145,
724.2347,
351.5864,
30.52553,
249.1134,
45.73401,
104.4723,
14.81516,
56.07042,
68.77026,
214.6462,
701.7032,
45.12024,
422.8437,
273.2071,
146.7002,
65.93624,
18.58395,
423.6582,
225.3405,
0,
4886.167,
2100, 
29.91182,
191.0975,
74.95971,
51.33094,
88.75629,
112.0988,
153.9265,
729.0675,
353.0904,
30.39891,
249.038,
45.58581,
104.5513,
14.75853,
56.09235,
68.62267,
214.4444,
698.4633,
44.98763,
418.2682,
272.7322,
146.1202,
65.8396,
18.57942,
424.1508,
226.2979,
0,
4883.171];
