real main.em.dem.hi.Clinker_Production[28](t) = [1971, 
7.4853,
63.9486,
6.16722,
4.277119,
8.038461,
12.24752,
6.25314,
3.05092,
1.27804,
5.21629,
148.1945,
32.9983,
6.87323,
1.5908,
0,
82.27142,
8.05349,
12.39273,
10.62152,
26.71521,
7.71953,
0.44317,
51.11324,
4.80396,
2.93748,
1.97758,
0,
516.6688,
1972, 
8.181899,
67.437,
7.17746,
5.781819,
9.33324,
12.79692,
6.21131,
3.40158,
1.24333,
5.43968,
168.4209,
36.25626,
6.91145,
1.60064,
0,
85.52518,
9.37485,
13.10155,
10.72526,
29.89577,
8.42296,
0.54236,
57.01112,
5.09894,
2.82282,
2.23657,
0,
564.9509,
1973, 
9.0477,
69.8184,
8.13276,
6.222979,
10.98636,
13.26924,
6.09294,
3.4265,
1.25579,
6.10896,
163.4131,
38.33475,
8.140861,
1.62934,
0,
89.80722,
9.12502,
12.46328,
12.71725,
31.45451,
10.1647,
0.6734,
67.1832,
5.41886,
3.15224,
2.5543,
0,
590.5936,
1974, 
9.5769,
66.20219,
8.75104,
6.252499,
12.45334,
13.92114,
6.35816,
3.59293,
1.29139,
6.49789,
160.7271,
41.23879,
8.1354,
1.6728,
0,
94.4189,
10.79415,
11.88477,
13.50622,
31.40056,
9.854391,
0.75621,
62.87288,
5.7405,
3.51533,
2.57299,
0,
593.9885,
1975, 
8.7669,
55.917,
9.184,
5.841679,
13.44062,
13.5464,
6.93399,
4.03437,
1.26291,
6.38664,
152.3531,
44.09148,
9.85803,
1.77858,
0,
100.0867,
12.3421,
13.48584,
15.58739,
39.00477,
10.81171,
0.9800701,
56.34462,
5.41112,
3.63909,
2.37363,
0,
593.4628,
1976, 
8.908199,
60.8229,
10.40662,
6.260699,
15.3135,
14.35082,
7.11199,
4.07709,
1.34657,
6.27272,
156.5511,
47.32811,
11.06014,
20.22776,
0,
101.8817,
13.16961,
15.36828,
17.17443,
39.53132,
11.79269,
1.6471,
59.09232,
5.29932,
3.50987,
1.57975,
0,
640.0847,
1977, 
8.939699,
65.3661,
10.92896,
6.179519,
17.32086,
14.7559,
7.87561,
4.14117,
1.5753,
5.84997,
160.464,
49.99436,
12.1849,
20.59403,
0,
104.1859,
13.77966,
15.91359,
19.29018,
47.12441,
12.45426,
2.31959,
62.89868,
5.26234,
3.57448,
1.58242,
0,
674.5559,
1978, 
9.425699,
69.7914,
11.603,
6.7527,
19.05598,
15.69398,
9.07978,
4.31294,
1.44714,
6.07247,
163.3752,
52.34935,
14.17052,
20.18211,
0,
104.1039,
15.73099,
16.28958,
20.14103,
55.30912,
12.91017,
3.32059,
72.99853,
5.11872,
3.90026,
1.55661,
0,
714.6918,
1979, 
10.3131,
68.9832,
12.58864,
7.018379,
20.39422,
17.19458,
11.61984,
4.63334,
1.47028,
5.51711,
165.8589,
51.99385,
12.35143,
19.51764,
0,
100.8756,
19.55231,
15.1641,
22.21583,
62.54913,
15.70569,
4.03312,
75.51144,
5.14366,
3.76194,
1.56373,
0,
735.5311,
1980, 
9.306,
61.4169,
13.44636,
7.329389,
22.29908,
19.21998,
13.28058,
4.83181,
1.604715,
6.34125,
166.359,
56.74334,
11.80725,
19.44603,
3.444,
102.5402,
21.80244,
14.77649,
21.48692,
67.66492,
13.83473,
4.78569,
75.64302,
5.20902,
4.03221,
1.48808,
0,
750.1393,
1981, 
9.1368,
58.5486,
14.90186,
7.240192,
21.36182,
19.23638,
14.4714,
5.91049,
1.58137,
7.20455,
161.6095,
52.8036,
13.68913,
19.50725,
3.623785,
104.2786,
26.34503,
17.35364,
21.49147,
70.1516,
14.80752,
5.20429,
72.95209,
5.63558,
4.27336,
1.66341,
0,
754.9833,
1982, 
7.3224,
51.7275,
15.86126,
6.975526,
21.02808,
18.38604,
14.31654,
5.90159,
1.431351,
7.1912,
156.6791,
59.37403,
14.35798,
19.72428,
3.80357,
164.3214,
28.56279,
18.7995,
23.55717,
80.35645,
16.30811,
5.30712,
69.38996,
6.06644,
4.226613,
1.5397,
0,
822.5157,
1983, 
7.083899,
57.5343,
14.23766,
7.309465,
17.1134,
17.01418,
16.05827,
5.43523,
1.42311,
7.02833,
156.5567,
62.29861,
12.37145,
20.60824,
11.06487,
171.0192,
30.74569,
20.96663,
26.64662,
91.40956,
17.70769,
7.36645,
69.56626,
5.38532,
4.453147,
1.35547,
0,
859.7597,
1984, 
8.448299,
63.4068,
15.33564,
7.243676,
15.98754,
17.32496,
20.01432,
4.94573,
1.396034,
7.194759,
147.339,
64.99251,
14.32158,
21.3323,
11.67688,
173.43,
35.87509,
24.51903,
25.85583,
103.7566,
17.76047,
8.09263,
67.8196,
4.83062,
4.842429,
1.3706,
0,
889.1129,
1985, 
9.1728,
63.2556,
16.6091,
7.130142,
16.9207,
17.38892,
21.90112,
6.18016,
1.390888,
6.1232,
139.3141,
60.60722,
15.99871,
21.1519,
12.34182,
174.4788,
36.94828,
26.53593,
25.94319,
122.7869,
16.3618,
9.0454,
62.64842,
5.73362,
5.074242,
1.4685,
0,
902.5115,
1986, 
9.5499,
64.0008,
16.2565,
7.976664,
20.70664,
19.69804,
20.29912,
6.525658,
1.525423,
5.55894,
139.6933,
63.48124,
18.20364,
22.27612,
13.84898,
179.7981,
35.55969,
29.03589,
28.6923,
140.0384,
17.02337,
10.30393,
61.28704,
6.134619,
6.25898,
1.71236,
0,
945.4457,
1987, 
11.3427,
60.64199,
19.25524,
8.431331,
20.88376,
21.51926,
23.22633,
5.958461,
1.680385,
5.33911,
143.2396,
63.21106,
20.0018,
22.63692,
14.21224,
182.8526,
37.98329,
30.82205,
31.80086,
156.8833,
18.90434,
10.75074,
61.53386,
5.948624,
7.05796,
1.84586,
0,
987.9637,
1988, 
11.115,
64.3896,
19.35692,
7.959253,
20.76978,
21.52898,
24.51861,
6.817934,
1.61624,
6.0164,
153.1162,
65.17658,
20.53688,
23.0912,
14.45496,
184.6935,
40.50151,
34.14288,
37.68401,
176.6497,
21.34769,
11.93738,
66.69644,
6.070053,
7.55482,
1.9847,
0,
1049.727,
1989, 
11.3319,
64.1772,
19.8522,
8.422002,
21.25522,
19.10026,
24.81943,
7.071888,
2.05501,
6.46229,
159.6195,
63.62107,
21.57064,
22.92556,
15.1044,
186.6738,
44.87395,
36.68351,
42.88011,
176.7477,
25.18425,
13.45708,
68.55663,
6.669346,
7.53389,
2.01407,
0,
1078.663,
1990, 
10.5705,
63.8496,
20.24006,
8.412292,
21.197,
19.23036,
26.82816,
5.94437,
2.18762,
5.84107,
158.2907,
57.66368,
22.11209,
22.3655,
14.9445,
182.705,
45.9571,
38.3211,
45.42174,
175.9268,
31.93827,
13.45526,
72.6227,
6.327796,
7.83601,
2.23034,
0,
1082.42,
1991, 
8.406684,
60.27212,
20.59494,
7.375795,
22.46015,
20.1785,
29.02796,
6.223289,
2.068484,
5.452389,
153.8522,
41.77913,
23.6083,
21.28392,
13.94246,
65.51226,
38.37441,
43.27482,
50.03647,
205.1379,
35.54351,
12.22636,
76.84591,
5.53657,
8.179326,
2.515532,
0,
979.7095,
1992, 
7.681248,
62.20899,
22.0708,
7.485446,
19.45623,
23.85,
29.13487,
6.566607,
2.179944,
5.1714,
146.4459,
32.77607,
25.72332,
18.93298,
12.26966,
51.9224,
43.28453,
44.98262,
55.54538,
258.535,
38.79516,
12.69939,
75.54371,
5.710024,
8.691056,
2.125136,
0,
1019.788,
1993, 
8.370054,
65.76203,
23.29597,
7.897469,
20.14929,
32.48428,
26.61853,
6.655245,
2.217477,
5.404935,
134.5967,
29.89813,
28.05173,
13.9646,
9.27584,
41.83804,
47.63074,
47.92454,
57.94602,
309.0458,
45.59871,
17.66861,
75.19128,
6.397794,
8.741331,
2.063302,
0,
1074.688,
1994, 
9.398592,
69.21783,
25.52795,
8.539049,
20.38503,
24.88217,
26.80534,
5.661444,
2.175782,
6.205704,
142.064,
32.35333,
26.36169,
10.62884,
6.64774,
31.07636,
49.15179,
53.18032,
62.04102,
354.6357,
51.82996,
22.05847,
78.06365,
6.907706,
8.889302,
1.768292,
0,
1136.457,
1995, 
9.2394,
68.06181,
20.36247,
8.794625,
22.74608,
27.31967,
28.3675,
5.839801,
2.748538,
6.507375,
140.482,
32.79887,
29.67193,
7.30702,
4.93312,
30.29818,
51.12236,
56.88648,
65.42539,
401.2075,
58.12344,
20.70672,
76.9029,
6.58342,
8.741465,
2.160375,
0,
1193.339,
1996, 
9.7902,
71.2656,
20.3708,
7.30622,
27.7492,
26.10831,
32.76104,
9.215296,
2.465144,
6.68824,
135.4697,
33.38586,
31.3984,
5.3382,
3.5629,
23.2798,
41.70511,
67.36,
66.2756,
432.4815,
51.53441,
32.558,
80.136,
6.522816,
9.552428,
2.41544,
0,
1236.696,
1997, 
10.2843,
72.5175,
21.9725,
7.433097,
30.4419,
27.8052,
33.91707,
12.30504,
2.37237,
6.50881,
138.1517,
34.30558,
32.004,
5.82364,
3.7679,
22.41142,
41.42406,
67.52,
68.2752,
435.9614,
63.64173,
36.6268,
77.74741,
6.48036,
9.628759,
2.42451,
0,
1271.752,
1998, 
10.5996,
72.00719,
22.0492,
8.807739,
31.84,
29.58414,
33.33234,
9.942546,
2.750416,
8.227,
153.5825,
34.58004,
33.8452,
6.31728,
3.75314,
21.9063,
36.02168,
71.91,
56.5268,
452.7361,
47.39214,
38.984,
68.6172,
6.43972,
9.485516,
3.001556,
0,
1274.239,
1999, 
10.9998,
76.21291,
23.3142,
10.17578,
31.9579,
29.91196,
35.86628,
9.663874,
2.653725,
7.680699,
152.93,
35.145,
30.3752,
6.5436,
4.37552,
23.944,
36.54928,
76.32,
56.6886,
502.6893,
59.47447,
36.6445,
67.4442,
6.35289,
9.962006,
2.957501,
0,
1346.833,
2000, 
10.962,
77.865,
25.043,
8.62996,
30.968,
30.3044,
38.7086,
9.86506,
2.74684,
7.7314,
157.0873,
34.94712,
31.504,
6.05324,
3.7064,
27.19694,
42.40138,
80.75,
59.312,
511.6762,
56.6764,
45.496,
68.12399,
7.1778,
10.604,
2.60494,
0,
1388.142,
2001, 
11.232,
78.10561,
23.4,
8.618219,
30.81,
29.991,
41.242,
10.67175,
2.70555,
7.7945,
154.5264,
32.18897,
30.59,
6.3804,
4.081002,
29.77356,
44.72034,
83.4,
49.95784,
567.4686,
58.73455,
48.1574,
64.1908,
7.16071,
10.87693,
2.5891,
0,
1439.367,
2002, 
11.3256,
78.3354,
23.87,
9.23846,
29.26,
23.6159,
40.5048,
11.2476,
2.70732,
8.0808,
148.0686,
32.13338,
28.2968,
7.84176,
4.147728,
31.98965,
45.69806,
81.8,
52.79176,
592.6802,
65.47324,
53.4688,
60.0248,
7.2732,
11.1538,
2.23272,
0,
1463.26,
2003, 
12.0132,
80.34361,
24.32,
10.13384,
28.88,
25.1332,
43.1932,
11.15935,
3.44201,
8.466,
158.7164,
34.29903,
30.2562,
9.479031,
5.024822,
34.78955,
46.0348,
80.2,
55.80588,
706.2813,
71.18827,
55.599,
57.3792,
7.6311,
14.68417,
2.83777,
0,
1617.291,
2004, 
12.6054,
83.754,
26.25,
9.987,
25.8,
28.155,
45.1984,
11.17906,
3.71378,
9.84,
161.7881,
36.73331,
32.528,
11.18124,
5.427408,
39.02147,
49.77627,
98.25,
51.30008,
778.3837,
79.78861,
58.3792,
56.0768,
7.6544,
14.88584,
2.8577,
0,
1740.515,
2005, 
12.012,
84.84,
27.75,
10.82694,
27.158,
31.302,
48.1869,
11.28006,
4.29705,
11.745,
161.3011,
38.269,
36.38,
12.93651,
5.56713,
41.38695,
54.495,
100.1,
48.535,
839.3092,
86.24015,
56.61,
57.768,
7.69327,
15.011,
2.86335,
0,
1833.864,
2006, 
11.76,
83.74799,
29.6,
11.33236,
27.158,
33.5072,
50.1633,
13.10337,
4.49307,
10.53,
169.112,
42.48937,
40.8,
14.60997,
6.06852,
46.48995,
57.82959,
119.35,
50.745,
969.7696,
86.581,
56.95,
58.017,
8.6237,
15.44875,
4.0986,
0,
2022.378,
2007, 
12.18,
81.396,
30.118,
11.75268,
34.336,
36.223,
51.7995,
17.81676,
4.72878,
12.393,
178.3474,
46.73361,
41.48,
16.1028,
6.561,
50.83722,
68.6194,
130.9,
53.6605,
1054.269,
90.01075,
65.45,
56.191,
9.11257,
24.0805,
4.28895,
0,
2189.388,
2008, 
11.508,
73.584,
29.674,
12.5171,
34.41,
38.0286,
63.5526,
23.08743,
5.76558,
10.935,
154.2287,
48.46534,
43.69,
16.9452,
7.3224,
45.6192,
70.705,
138.6,
49.402,
1083.829,
93.65981,
69.19,
52.124,
8.91669,
24.92625,
4.4307,
0,
2215.116,
2009, 
9.24,
54.516,
26.048,
10.92388,
38.258,
36.9852,
70.2999,
22.07331,
6.86475,
9.558001,
130.0345,
38.39836,
45.05,
11.9718,
7.06644,
38.01087,
83.4635,
138.6,
48.025,
1267.524,
98.22941,
74.8,
45.484,
8.83784,
28.41125,
5.12649,
0,
2353.801,
2010, 
10.416,
56.44799,
25.53,
11.53216,
43.734,
37.1702,
69.0606,
24.5025,
8.934299,
8.829,
125.1019,
38.47459,
53.295,
12.2229,
7.28028,
42.95025,
86.3549,
169.4,
45.56,
1460.4,
110.494,
70.55,
42.745,
8.597139,
31.90135,
5.54607,
0,
2607.03,
2011, 
10.08,
57.624,
25.53,
10.80104,
46.324,
37.0592,
68.4855,
23.86422,
10.29024,
9.072,
127.0284,
40.44579,
53.89,
13.365,
7.71039,
47.71872,
99.7296,
207.9,
46.495,
1630.341,
113.7538,
80.75,
42.579,
8.34814,
36.8373,
6.21999,
0,
2862.242,
2012, 
10.4706,
62.94456,
26.77616,
13.6086,
51.29902,
40.9035,
80.76591,
27.945,
11.7612,
9.363601,
104.6083,
35.7973,
54.29715,
12.91869,
14.32971,
53.1765,
148.4829,
207.9,
45.3118,
1715.769,
112.6063,
44.6675,
45.43171,
8.22945,
43.16045,
8.58681,
0,
2991.112,
2013, 
9.75324,
65.02859,
25.61288,
13.75512,
51.7815,
43.78062,
76.84794,
32.62923,
13.24593,
9.85608,
102.4246,
34.15104,
60.63645,
13.01184,
15.20532,
57.38769,
151.7606,
215.6,
45.80735,
1871.224,
118.1483,
48.3565,
48.10846,
8.216999,
45.71385,
9.357121,
0,
3187.401,
2014, 
9.978359,
69.82416,
27.08178,
14.55062,
52.72796,
43.95156,
84.98277,
32.93865,
14.73066,
9.77508,
101.5707,
34.81709,
60.55315,
12.59793,
17.2287,
60.04368,
152.504,
215.6,
45.66455,
1932.309,
122.2504,
48.416,
48.06779,
8.62702,
46.5137,
11.28897,
0,
3278.595,
2015, 
10.22028,
71.3496,
29.31362,
14.67198,
48.30942,
44.44588,
83.55717,
34.84539,
16.93872,
10.52352,
102.5686,
35.72415,
60.70615,
11.49714,
18.86733,
54.24003,
149.0051,
200.2,
49.9324,
1828.584,
134.8432,
51.0425,
45.50641,
9.14328,
54.6465,
11.53116,
0,
3182.214,
2016, 
9.82212,
71.52852,
30.02698,
14.40484,
42.59218,
40.91608,
85.80168,
37.9404,
18.32382,
10.53,
103.9854,
36.05987,
64.09255,
11.74581,
19.30797,
48.05001,
140.8278,
215.6,
54.25295,
1866.786,
140.1854,
52.87,
44.20165,
8.98973,
60.1426,
11.76201,
0,
3240.747,
2017, 
10.67304,
72.91116,
30.78474,
14.79334,
39.96296,
41.27498,
100.8879,
36.3771,
18.83412,
10.6677,
104.8455,
39.193,
68.4692,
11.83329,
21.5055,
48.6729,
133.198,
217.91,
54.604,
1804.981,
147.0186,
59.05715,
45.81185,
8.55315,
64.4249,
10.97226,
0,
3218.217,
2018, 
11.38536,
73.07999,
35.76272,
14.21466,
39.62922,
39.22222,
83.187,
42.46101,
18.9135,
11.0808,
106.8244,
41.92958,
61.6624,
12.14433,
22.34628,
48.3165,
136.8699,
238.7,
49.23455,
1732.125,
159.8748,
64.10105,
45.90481,
9.02957,
72.3877,
11.99853,
0,
3182.386,
2019, 
11.76,
74.004,
33.42062,
13.78472,
41.89214,
39.28734,
81.07047,
46.77426,
17.70174,
10.30806,
107.3811,
43.84611,
48.4211,
12.35898,
24.14367,
52.19316,
140.6745,
257.18,
47.79975,
1812.556,
176.4549,
61.234,
44.37346,
9.21715,
75.26155,
13.81617,
0,
3296.915,
2020, 
11.76,
75.432,
35.39642,
12.36614,
45.17848,
34.9391,
73.20375,
51.37668,
20.14227,
8.748,
105.6086,
44.57222,
61.45415,
12.58659,
25.53039,
50.67603,
152.9337,
223.3,
45.2268,
1841.43,
182.025,
53.4055,
42.25115,
8.8976,
74.5314,
14.17824,
0,
3307.15,
2021, 
11.76,
76.692,
38.15366,
13.72848,
48.75416,
42.62252,
82.21419,
56.35332,
22.2264,
10.125,
110.3849,
45.72876,
66.72076,
13.77729,
28.51524,
53.93304,
151.9146,
269.5,
47.4504,
1830.733,
193.3172,
55.3775,
41.56889,
9.0968,
83.18015,
14.29083,
0,
3418.119,
2022, 
12.6,
76.94399,
36.852,
13.88314,
47.02404,
44.62866,
78.31809,
57.0321,
21.1977,
9.72,
108.62,
44.18491,
62.6518,
9.396,
28.71855,
54.89532,
152.1216,
292.6,
48.9702,
1651.019,
200.8482,
54.536,
44.156,
9.28189,
80.35731,
14.58081,
0,
3255.138,
2023, 
12.58652,
77.16844,
37.14637,
14.16171,
47.57108,
44.90646,
80.33607,
59.17007,
19.75628,
9.792399,
105.3699,
42.82838,
62.78647,
9.390163,
29.3549,
55.02251,
154.3992,
303.0112,
46.04269,
1655.431,
202.9674,
54.34435,
43.90541,
9.319287,
81.75706,
15.21034,
0,
3273.736,
2024, 
12.53773,
77.20546,
37.29748,
14.44665,
47.85534,
45.4882,
82.2447,
61.81429,
21.41117,
9.920479,
101.0947,
41.11489,
62.90122,
9.388192,
29.97805,
55.09399,
156.9282,
313.1567,
42.19242,
1659.07,
205.3009,
53.4923,
43.62395,
9.352444,
84.78784,
16.14169,
0,
3293.839,
2025, 
12.43724,
76.97121,
37.50875,
14.7221,
48.3279,
46.00345,
84.26449,
64.66046,
23.86725,
10.04165,
99.14319,
38.70912,
63.11067,
9.440484,
30.61323,
55.14173,
159.4855,
324.8626,
40.28711,
1662.356,
208.1232,
53.67722,
43.36983,
9.396427,
88.34309,
17.16108,
0,
3322.025,
2026, 
12.31275,
76.61789,
37.9702,
15.03083,
48.71691,
46.49954,
85.83617,
67.97573,
26.53973,
10.14084,
98.89603,
37.42588,
63.07778,
9.666269,
31.0719,
54.96277,
161.6294,
336.248,
40.26313,
1659.796,
209.865,
54.97353,
42.98256,
9.435741,
92.81644,
18.62641,
0,
3349.378,
2027, 
12.16451,
75.96518,
38.42947,
15.36236,
49.11202,
46.97212,
87.14586,
71.24102,
29.14049,
10.23891,
97.95133,
37.40918,
63.07232,
9.912184,
31.51699,
54.72844,
163.7249,
346.1232,
40.24373,
1656.476,
211.4341,
56.23256,
42.62492,
9.429275,
97.0514,
20.05289,
0,
3373.755,
2028, 
12.00207,
75.17568,
38.88717,
15.66877,
49.51194,
47.42411,
88.33834,
74.41979,
31.67493,
10.34329,
96.61066,
37.38139,
63.07276,
9.767238,
31.94833,
54.51925,
165.7576,
334.5318,
40.21997,
1652.142,
212.8814,
57.47101,
42.29012,
9.418281,
101.0855,
21.45262,
0,
3373.997,
2029, 
11.83158,
74.24869,
39.34705,
16.03152,
49.92525,
47.90232,
89.39642,
77.53726,
34.14826,
10.45774,
95.14438,
37.34789,
63.12363,
9.421383,
32.36528,
54.43749,
167.714,
324.0246,
40.20462,
1646.473,
214.258,
58.70934,
42.00616,
9.408908,
104.9723,
22.83061,
0,
3373.267,
2030, 
11.64734,
73.20039,
39.80788,
16.39713,
50.34418,
48.41767,
90.38966,
80.6328,
36.56526,
10.58539,
93.72728,
37.30668,
63.15091,
9.089754,
32.76688,
54.64901,
169.5687,
317.084,
40.17201,
1639.092,
215.4787,
59.96619,
41.74148,
9.411953,
108.733,
24.19095,
0,
3374.118,
2031, 
11.46508,
72.2039,
40.27858,
16.82263,
50.89,
49.01012,
91.45969,
85.62005,
39.74075,
10.7825,
94.33595,
37.56853,
63.21289,
8.78585,
33.1361,
54.70753,
171.1778,
324.5915,
40.10418,
1627.736,
216.539,
61.21848,
41.55533,
9.428572,
113.1242,
26.04436,
0,
3391.54,
2032, 
11.28455,
71.38957,
40.73412,
17.29696,
51.44802,
49.62793,
92.39937,
90.50923,
42.83418,
11.00743,
95.05641,
37.31295,
63.26501,
8.521557,
33.45959,
53.06231,
172.5141,
331.8635,
40.02836,
1613.795,
217.435,
62.52891,
41.40808,
9.45471,
117.3817,
27.85671,
0,
3403.476,
2033, 
11.11971,
70.70756,
41.1836,
17.74576,
52.02881,
50.25901,
93.09734,
95.29408,
45.86576,
11.2491,
95.90833,
37.09477,
63.30767,
8.314081,
33.73845,
51.55149,
173.5237,
338.9708,
39.9495,
1596.748,
218.1642,
63.9176,
41.3056,
9.493435,
121.5524,
29.64021,
0,
3411.731,
2034, 
10.95436,
69.92238,
41.64846,
18.22635,
52.64668,
50.91802,
93.5638,
100.0221,
48.85198,
11.51584,
96.89086,
37.01469,
63.31033,
8.199566,
33.98111,
50.15593,
174.1773,
345.9689,
39.86624,
1575.804,
218.6901,
65.40099,
41.23665,
9.536642,
125.6679,
31.40741,
0,
3415.578,
2035, 
10.7908,
68.94652,
42.21207,
18.74285,
53.30736,
51.65974,
93.85118,
104.735,
51.80067,
11.81022,
98.01126,
36.92925,
63.26563,
8.201756,
34.23698,
48.85036,
174.4824,
352.9046,
39.79855,
1550.577,
219.004,
66.91673,
41.20008,
9.573469,
129.7587,
33.16893,
0,
3414.736,
2036, 
10.92134,
68.42583,
42.70238,
19.31429,
54.06151,
52.52439,
94.07418,
110.4987,
55.38788,
12.16621,
99.34012,
36.83454,
63.19652,
8.305164,
34.50607,
47.63662,
174.3138,
359.7912,
39.76573,
1519.803,
218.9174,
68.2189,
41.22424,
9.618979,
134.3351,
35.2952,
0,
3411.179,
2037, 
11.09714,
69.76691,
43.2001,
19.92417,
54.87157,
53.50562,
94.0321,
116.253,
58.91381,
12.54705,
100.8186,
36.73631,
63.09357,
8.207747,
34.82973,
46.47942,
173.8391,
366.6189,
39.59671,
1486.192,
218.646,
69.41637,
41.28619,
9.690403,
138.8645,
37.41693,
0,
3405.844,
2038, 
11.28322,
71.21713,
43.58678,
20.5731,
55.73661,
54.60465,
93.80607,
122.0207,
62.40146,
12.95198,
102.429,
36.63364,
62.93638,
8.195127,
35.21867,
45.36117,
173.0926,
373.409,
39.36041,
1450.545,
218.1746,
70.58983,
41.37201,
9.770176,
143.3595,
39.53547,
0,
3398.164,
2039, 
11.48035,
72.76908,
43.83109,
21.25922,
56.64697,
55.81058,
93.51999,
127.7398,
65.86702,
13.37947,
104.1684,
36.52739,
62.74136,
8.349322,
35.44787,
45.21313,
172.1256,
380.1749,
39.09737,
1413.034,
217.5321,
71.88185,
41.48482,
9.847591,
147.8333,
41.64889,
0,
3389.411,
2040, 
11.68857,
74.40454,
43.96434,
21.97742,
57.60776,
57.11102,
93.15249,
133.3942,
69.31381,
13.82699,
106.0282,
36.41825,
62.52264,
8.506449,
35.63477,
45.2516,
170.9785,
386.9216,
38.81424,
1373.264,
216.7472,
73.34956,
41.62524,
9.928627,
152.2919,
43.7602,
0,
3378.484,
2041, 
11.91627,
76.08022,
43.98633,
22.72637,
58.60586,
58.46623,
92.72155,
140.1466,
73.47791,
14.30581,
108.06,
36.30816,
62.32637,
8.657171,
35.79031,
45.32395,
169.5443,
393.4541,
38.51244,
1329.823,
215.7223,
74.93139,
41.83483,
10.00956,
157.1726,
46.27787,
0,
3366.181,
2042, 
12.14968,
77.80515,
44.00942,
23.49617,
59.61966,
59.89341,
92.22511,
146.7887,
77.55515,
14.79306,
110.1646,
36.19544,
62.099,
8.808798,
35.93108,
45.41031,
167.9094,
399.9063,
38.19207,
1283.766,
214.5801,
76.68918,
42.05164,
10.08454,
161.9581,
48.77455,
0,
3350.856,
2043, 
12.38325,
79.5806,
44.08221,
24.28359,
60.65012,
61.41619,
91.68554,
153.4003,
81.56429,
15.28463,
112.3035,
36.07874,
61.81364,
8.960302,
36.05935,
45.50653,
166.0667,
406.269,
37.84571,
1235.443,
213.3059,
78.60501,
42.25364,
10.16038,
166.6383,
51.25272,
0,
3332.893,
2044, 
12.61544,
81.42464,
44.2333,
25.08237,
61.68331,
63.03372,
91.09418,
159.9674,
85.50862,
15.77663,
114.4568,
35.95835,
61.47752,
9.110654,
36.1768,
45.60855,
164.0291,
412.532,
37.47804,
1185.428,
211.9235,
80.65234,
42.43645,
10.24907,
171.2087,
53.71198,
0,
3312.858,
2045, 
12.84473,
83.33533,
44.47098,
25.88735,
62.71143,
64.7507,
90.47562,
166.4682,
89.39407,
16.26525,
116.6055,
35.83455,
61.09776,
9.258873,
36.28548,
45.71117,
161.8321,
418.6843,
37.09361,
1135.036,
210.4557,
82.80951,
42.59612,
10.35607,
175.6629,
56.14885,
0,
3292.072,
2046, 
13.08054,
85.26907,
44.77211,
26.68602,
63.7085,
66.53494,
89.83126,
174.1061,
93.92128,
16.74376,
118.7865,
35.71742,
60.7099,
9.401592,
36.36073,
45.821,
159.3461,
424.4235,
36.70697,
1083.494,
208.829,
84.96228,
42.77876,
10.47448,
180.3359,
58.9496,
0,
3271.751,
2047, 
13.30958,
87.22751,
45.16785,
27.47586,
64.67992,
68.41254,
89.2372,
181.5821,
98.31219,
17.20866,
120.9234,
35.59718,
60.20473,
9.540333,
36.43082,
45.92742,
156.8008,
429.9897,
36.30831,
1033.047,
207.1503,
87.1749,
42.92667,
10.59524,
184.8208,
61.67872,
0,
3251.729,
2048, 
13.5847,
89.06541,
45.67215,
28.23808,
65.56815,
69.84553,
88.52634,
188.7122,
102.5031,
17.66286,
123.2585,
35.49645,
60.35865,
9.639325,
36.49598,
46.01362,
154.2497,
435.4085,
36.07876,
983.7249,
206.0398,
89.43845,
43.31095,
10.66736,
189.2606,
64.30777,
0,
3233.128,
2049, 
13.851,
90.901,
46.24528,
28.9828,
66.42336,
71.03532,
87.80106,
195.7477,
106.5612,
18.09877,
125.5235,
35.39302,
60.39923,
9.733104,
36.55904,
46.09595,
151.6653,
440.6433,
35.84346,
935.7226,
204.9018,
91.71489,
43.65388,
10.75007,
193.5114,
66.87802,
0,
3214.636,
2050, 
14.10942,
92.72977,
46.87217,
29.70722,
67.24412,
72.19391,
87.67704,
202.6887,
110.4993,
18.51488,
127.7165,
35.2878,
60.42335,
9.821233,
36.62126,
46.50607,
149.0696,
445.6917,
35.61001,
889.2845,
203.765,
93.4424,
43.96184,
10.83697,
197.5777,
69.39063,
0,
3197.243,
2051, 
14.36678,
94.50553,
47.52154,
30.39764,
68.00498,
73.29168,
88.10937,
211.4574,
115.3855,
18.97445,
129.8374,
35.18521,
60.7368,
9.902826,
36.78511,
46.24191,
146.8026,
450.3444,
35.38271,
843.1072,
203.6718,
95.21664,
44.46476,
10.97656,
202.8652,
72.47186,
0,
3186.008,
2052, 
14.61251,
96.25831,
48.20352,
31.06318,
68.73346,
74.36829,
88.53702,
220.0762,
120.1316,
19.41289,
131.8591,
35.08016,
61.01559,
9.978052,
36.951,
46.30608,
146.1699,
454.7798,
35.07961,
798.7314,
203.5668,
96.91836,
44.91611,
11.12498,
207.9789,
75.47322,
0,
3177.326,
2053, 
14.8492,
97.96326,
48.9099,
31.7018,
69.4183,
75.40825,
88.96424,
228.5194,
124.7368,
19.82998,
133.7913,
34.97392,
61.28661,
10.04682,
37.11943,
46.36613,
145.5955,
459.0036,
34.73693,
757.1539,
203.4841,
98.54493,
45.32542,
11.27602,
212.9313,
78.39908,
0,
3170.336,
2054, 
15.07787,
99.60036,
49.63027,
32.31182,
70.05936,
76.40333,
89.39436,
236.7897,
129.2113,
20.22566,
135.6373,
34.86709,
61.56216,
10.10912,
37.29094,
46.42158,
145.0857,
463.0219,
34.4049,
718.2194,
203.4402,
100.0946,
45.68747,
11.42287,
217.7308,
81.25256,
0,
3164.953,
2055, 
15.29846,
101.1677,
50.35049,
32.89313,
70.65728,
77.35336,
89.83011,
244.8982,
133.5644,
20.6,
137.3962,
34.75972,
61.84354,
10.16503,
37.46596,
46.47248,
144.6441,
466.8406,
34.08435,
681.9036,
203.4386,
101.5667,
46.01452,
11.56564,
222.3835,
84.03796,
0,
3161.196,
2056, 
15.5168,
102.6564,
51.0338,
33.43039,
71.17196,
78.21269,
90.22259,
253.8561,
138.3303,
20.94287,
139.0619,
34.65045,
62.14891,
10.29978,
37.60616,
46.51489,
144.1161,
470.2162,
33.75508,
647.4627,
203.3984,
102.8888,
46.33262,
11.6998,
227.0293,
87.07593,
0,
3159.631,
2057, 
15.72629,
104.0745,
51.7097,
33.93748,
71.64294,
79.02533,
90.61919,
262.5718,
142.9275,
21.26345,
140.6366,
34.5404,
62.45478,
10.41311,
37.7495,
46.55223,
143.6615,
473.3875,
33.4682,
622.3577,
203.3953,
104.1316,
46.5964,
11.82928,
231.502,
90.01595,
0,
3166.19,
2058, 
15.92722,
105.4229,
52.36895,
34.41537,
72.07201,
79.79267,
91.02167,
271.0672,
147.3712,
21.56255,
142.123,
34.42961,
62.76237,
10.50519,
37.89614,
46.5847,
143.2801,
476.3646,
33.26834,
599.3297,
203.4305,
105.2974,
46.81781,
11.95391,
235.8126,
92.86642,
0,
3173.744,
2059, 
16.11993,
106.7034,
52.65348,
34.86518,
72.46109,
80.51636,
91.43127,
279.3611,
151.6747,
21.84109,
143.5243,
34.31815,
63.07249,
10.57646,
38.04613,
46.6125,
142.9709,
479.1574,
33.17278,
577.8602,
203.504,
106.3885,
46.99783,
12.07379,
239.9716,
95.63479,
0,
3181.51,
2060, 
16.30476,
107.9182,
52.9276,
35.28812,
72.8122,
81.19824,
91.84885,
287.4706,
155.8499,
22.10004,
144.844,
34.20605,
63.38554,
10.62542,
38.19948,
46.63584,
142.7319,
481.776,
33.19799,
557.8687,
203.6153,
107.4081,
47.12972,
12.18917,
243.9886,
98.32769,
0,
3189.848,
2061, 
16.48557,
109.0637,
53.16315,
35.67296,
73.08384,
81.79687,
92.20209,
296.2571,
160.3178,
22.32861,
146.0758,
34.08868,
63.71317,
10.6476,
38.32884,
46.64252,
142.3965,
483.8714,
33.37219,
539.0844,
203.6927,
108.2838,
47.97395,
12.29409,
247.9134,
101.199,
0,
3199.949,
2062, 
16.65837,
110.1488,
53.38855,
36.032,
73.31961,
82.35551,
92.5605,
304.7909,
164.6162,
22.5385,
147.2293,
33.97039,
64.03738,
10.63715,
38.46051,
46.64476,
142.1273,
485.7989,
33.38667,
521.6155,
203.7972,
109.0929,
48.20453,
12.39509,
251.6807,
103.9699,
0,
3209.457,
2063, 
16.82364,
111.1765,
53.60437,
36.36678,
73.52173,
82.87642,
92.92451,
313.0972,
168.7617,
22.73086,
148.3089,
33.85122,
64.35873,
10.58956,
38.59444,
46.64275,
141.9212,
487.5692,
33.25893,
505.3736,
203.9275,
109.8392,
48.41116,
12.49246,
255.3029,
106.6501,
0,
3218.976,
2064, 
16.98185,
112.1502,
53.81115,
36.67879,
73.69243,
83.36192,
93.29442,
321.1979,
172.7688,
22.90683,
149.3193,
33.73122,
64.67766,
10.50229,
38.70843,
46.63673,
141.7748,
489.1924,
33.13648,
490.2717,
204.0823,
110.5263,
48.59553,
12.5864,
258.7914,
109.2482,
0,
3228.625,
2065, 
17.13382,
113.0728,
54.00959,
36.96951,
73.83382,
83.81419,
93.67033,
329.1121,
176.6503,
23.06754,
150.2666,
33.61057,
64.99756,
10.43473,
38.77501,
46.62689,
141.6847,
490.6786,
33.02002,
476.2246,
204.2637,
111.0962,
48.7608,
12.67694,
262.1571,
111.7716,
0,
3238.38,
2066, 
17.28244,
113.9376,
54.1715,
37.22313,
73.9034,
84.18993,
93.97872,
337.4869,
180.6837,
23.20007,
151.1708,
33.48548,
65.32779,
10.43724,
38.77711,
46.60788,
141.4933,
491.6564,
32.90412,
463.2085,
204.3988,
111.4476,
48.91233,
12.75811,
265.3415,
114.39,
0,
3248.374,
2067, 
17.42488,
114.7576,
54.32551,
37.45726,
73.94666,
84.53532,
94.29093,
345.6219,
184.5627,
23.31864,
152.0169,
33.35952,
65.6529,
10.43611,
38.73025,
46.58525,
141.3519,
492.5091,
32.74771,
451.0864,
204.5497,
111.6586,
49.04421,
12.8362,
268.3978,
116.9152,
0,
3258.119,
2068, 
17.56159,
115.5361,
54.47212,
37.67331,
73.96552,
84.85243,
94.60699,
353.5418,
188.3029,
23.42429,
152.8091,
33.23275,
65.97365,
10.4316,
38.65424,
46.55919,
141.2568,
493.2454,
32.549,
439.7845,
204.7155,
111.7356,
49.15815,
12.91146,
271.3369,
119.3567,
0,
3267.647,
2069, 
17.69306,
116.2758,
54.61186,
37.8726,
73.96178,
85.14331,
94.92679,
361.2681,
191.9176,
23.51801,
153.5518,
33.10522,
66.29071,
10.42394,
38.54749,
46.52988,
141.2048,
497.7045,
32.30779,
429.2332,
204.8953,
111.6838,
49.25574,
12.98395,
274.1686,
121.7226,
0,
3280.798,
2070, 
17.81961,
116.9798,
54.74513,
38.0564,
73.93712,
85.40984,
95.25015,
368.8195,
195.4187,
23.60072,
154.2483,
32.97695,
66.60382,
10.41335,
38.41103,
46.49751,
141.1926,
500.869,
32.02805,
419.3671,
205.0871,
111.5076,
49.33801,
13.04101,
276.9016,
124.0202,
0,
3292.54,
2071, 
17.93877,
117.6192,
54.84245,
38.20762,
73.85228,
85.60416,
95.52686,
376.6555,
198.9602,
23.6606,
154.9192,
32.84942,
66.91151,
10.40166,
38.23075,
46.4613,
141.0864,
502.3804,
31.74733,
410.2425,
205.2003,
111.1507,
49.41232,
13.04102,
279.4207,
126.3595,
0,
3302.683,
2072, 
18.05279,
118.2278,
54.93369,
38.3449,
73.74898,
85.77672,
95.80524,
384.2727,
202.364,
23.71063,
155.5468,
32.72088,
67.20802,
10.38749,
38.02491,
46.4223,
141.0137,
502.5714,
31.45543,
401.6847,
205.3146,
110.6781,
49.46971,
12.97319,
281.8372,
128.6155,
0,
3311.161,
2073, 
18.16212,
118.808,
55.01927,
38.46933,
73.6286,
85.92915,
96.0852,
391.6936,
205.644,
23.74979,
156.1346,
32.59142,
67.49461,
10.37099,
37.79532,
46.38068,
140.9718,
501.9195,
31.15128,
393.6419,
205.4297,
110.0943,
49.51177,
12.84435,
284.16,
130.7968,
0,
3318.478,
2074, 
18.26716,
119.3622,
55.09958,
38.58191,
73.49252,
86.06299,
96.36661,
398.938,
208.8122,
23.72683,
156.686,
32.46107,
67.77211,
10.35236,
37.54384,
46.33654,
140.9581,
501.0785,
30.83438,
386.0663,
205.5455,
109.4057,
49.5209,
12.65707,
286.3972,
132.9108,
0,
3325.236,
2075, 
18.36825,
119.8923,
55.17498,
38.6836,
73.3419,
86.17961,
96.64935,
406.0231,
211.879,
23.63816,
157.2039,
32.3299,
68.04115,
10.33173,
37.26966,
46.29003,
140.97,
500.2,
30.77509,
378.9138,
205.6613,
108.6086,
49.49697,
12.41312,
288.5559,
134.9641,
0,
3331.855,
2076, 
18.45829,
120.3375,
55.21872,
38.7551,
73.13977,
86.22915,
96.89112,
413.2007,
214.9036,
23.46542,
157.6866,
32.20594,
68.27782,
10.31143,
36.96155,
46.24225,
140.9026,
499.0934,
30.72871,
372.1835,
205.6953,
107.6336,
49.47271,
12.11703,
290.4636,
136.9843,
0,
3337.56,
2077, 
18.54473,
120.7623,
55.25811,
38.81693,
72.92506,
86.26352,
97.13288,
420.1832,
217.8113,
23.24022,
158.1401,
32.0812,
68.46164,
10.28944,
36.63063,
46.19229,
140.8564,
498.2296,
30.66172,
365.7997,
205.7264,
106.5272,
49.43973,
11.80403,
292.2931,
138.9324,
0,
3343.004,
2078, 
18.63033,
121.1683,
55.25741,
38.86983,
72.69872,
86.2839,
97.37456,
426.9904,
220.6135,
22.98131,
158.5786,
31.95673,
68.62076,
10.26588,
36.27515,
46.14026,
140.831,
497.1288,
30.57119,
359.7287,
205.7781,
105.2863,
49.40616,
11.82325,
294.0566,
140.8156,
0,
3348.131,
2079, 
18.71314,
121.5572,
55.19189,
38.91454,
72.46165,
86.29133,
97.61609,
433.6397,
223.3201,
22.69862,
158.9936,
31.83166,
68.73795,
10.24085,
35.89859,
46.08628,
140.8231,
495.5347,
30.45078,
353.9398,
205.829,
103.9186,
49.3609,
11.85764,
295.7552,
142.6403,
0,
3352.303,
2080, 
18.79332,
121.9304,
55.06471,
38.95169,
72.21467,
86.28678,
97.85738,
440.1462,
225.9399,
22.40857,
159.3869,
31.70597,
68.81657,
10.21447,
35.59466,
46.03042,
140.831,
493.4447,
30.30094,
348.4053,
205.8779,
102.4354,
49.31047,
11.89124,
297.3939,
144.4121,
0,
3355.646,
2081, 
18.86028,
122.2121,
54.85986,
38.96376,
71.94073,
86.22895,
98.05466,
446.5921,
228.4743,
22.11173,
159.7254,
31.59163,
68.84217,
10.18932,
35.66387,
45.97661,
140.7777,
490.1469,
30.1424,
343.1571,
205.8375,
100.7976,
49.28533,
11.9158,
298.8054,
146.0962,
0,
3357.249,
2082, 
18.92463,
122.4804,
54.5949,
38.96914,
71.65828,
86.1606,
98.25078,
452.8659,
230.9115,
21.81004,
160.044,
31.47662,
68.83385,
10.16299,
35.73222,
45.92101,
140.7369,
486.7819,
30.00506,
338.1151,
205.791,
100.0367,
49.27256,
11.93973,
300.1578,
147.7186,
0,
3359.352,
2083, 
18.98662,
122.7366,
54.27738,
38.96835,
71.36792,
86.0825,
98.44575,
458.9845,
233.2608,
21.47904,
160.3443,
31.361,
68.79646,
10.13556,
35.79971,
45.8637,
140.7075,
485.4164,
29.9467,
333.2585,
205.7388,
99.89625,
49.25859,
11.96305,
301.4561,
149.2852,
0,
3363.817,
2084, 
19.04645,
122.9818,
53.915,
38.96187,
71.07025,
85.99539,
98.63954,
464.963,
235.5302,
21.11726,
160.6281,
31.24479,
68.73406,
10.1071,
35.86637,
45.80476,
140.6882,
484.011,
30.00743,
328.5684,
205.6812,
99.74444,
49.24177,
11.98583,
302.7046,
150.8015,
0,
3368.04,
2085, 
19.10419,
123.2169,
53.51555,
38.95015,
70.653,
85.8999,
98.83215,
470.8146,
237.7267,
20.76169,
160.8961,
31.12798,
68.65125,
10.07768,
35.93219,
45.74427,
140.6779,
482.5682,
30.22076,
324.0277,
205.617,
99.58209,
49.21987,
12.0081,
303.907,
152.2719,
0,
3372.005,
2086, 
19.1476,
123.3723,
53.06667,
38.91888,
69.65665,
85.76341,
98.98413,
476.4768,
239.819,
20.71436,
161.0948,
31.02324,
68.53054,
10.04992,
35.98648,
45.68519,
140.62,
480.9363,
30.27158,
319.8036,
205.472,
99.36177,
49.20043,
12.02138,
304.9305,
153.6343,
0,
3374.542,
2087, 
19.18851,
123.5191,
52.59173,
38.88292,
68.18932,
85.61954,
99.13429,
481.9878,
241.8314,
20.66414,
161.2769,
30.91768,
68.39571,
10.02131,
36.03965,
45.62455,
140.5687,
479.2717,
30.21388,
315.6994,
205.3138,
99.13231,
49.17438,
12.03422,
305.9076,
154.9443,
0,
3376.145,
2088, 
19.2272,
123.6582,
52.09282,
38.84264,
66.35687,
85.46883,
99.28267,
487.362,
243.771,
20.61129,
161.4442,
30.81139,
68.24529,
9.991892,
36.09171,
45.56242,
140.5232,
477.5765,
30.15259,
311.7023,
205.1439,
98.89445,
49.14252,
12.04665,
306.8422,
156.207,
0,
3377.052,
2089, 
19.2639,
123.7903,
51.57275,
38.79835,
64.20267,
85.31171,
99.42929,
492.6122,
245.6443,
20.55599,
161.598,
30.70442,
68.08372,
9.961726,
36.14273,
45.49886,
140.4829,
475.8524,
30.08804,
307.8015,
204.9631,
98.64884,
49.10608,
12.05872,
307.7377,
157.4268,
0,
3377.337,
2090, 
19.2988,
123.9158,
51.03475,
38.75036,
61.79398,
85.12728,
99.57422,
497.7498,
247.4568,
20.49844,
161.7396,
30.59684,
67.91604,
9.930855,
36.19271,
45.43394,
140.4471,
474.1012,
30.02055,
303.9868,
204.7725,
98.39608,
49.06274,
12.07044,
308.5971,
158.6073,
0,
3377.072,
2091, 
19.32267,
123.9855,
50.46878,
38.68871,
60.42449,
84.7896,
99.66212,
502.5751,
249.1381,
20.43409,
161.8193,
30.49992,
67.74285,
9.900422,
36.23203,
45.36446,
140.3619,
472.4252,
29.95012,
300.4775,
204.53,
98.09337,
49.0131,
12.07482,
309.3035,
159.6893,
0,
3376.967,
2092, 
19.34614,
124.0497,
49.88738,
38.62374,
60.12573,
84.32874,
99.74783,
507.2681,
250.7531,
20.36786,
161.8941,
30.40292,
67.59152,
9.869348,
36.27012,
45.29359,
140.2807,
471.3462,
29.88055,
297.0368,
204.2892,
97.78487,
48.95725,
12.0789,
309.9775,
160.728,
0,
3378.18,
2093, 
19.36845,
124.109,
49.28982,
38.55568,
59.82368,
83.74951,
99.83146,
511.841,
252.3079,
20.2998,
161.9608,
30.30552,
67.44503,
9.897858,
36.30704,
45.22141,
140.2025,
470.8948,
29.80935,
293.6575,
204.0422,
97.47081,
48.88996,
12.08271,
310.6199,
161.7276,
0,
3379.711,
2094, 
19.38914,
124.1638,
49.12229,
38.48474,
59.51852,
83.05787,
99.91303,
516.3046,
253.8071,
20.23003,
162.0172,
30.2075,
67.55479,
9.887351,
36.34282,
45.14796,
140.1264,
471.2722,
29.73495,
290.3328,
203.7838,
97.15143,
48.80821,
12.08626,
311.2314,
162.6913,
0,
3382.367,
2095, 
19.4084,
124.2144,
49.07136,
38.41113,
59.21046,
82.2594,
99.99267,
520.6685,
255.2553,
20.15864,
162.0646,
30.10893,
67.65785,
9.848341,
36.37751,
45.07329,
140.0523,
472.4879,
29.6577,
287.0571,
203.5151,
96.82712,
48.71218,
12.08958,
311.8146,
163.6223,
0,
3385.617,
2096, 
19.41755,
124.2206,
49.00406,
38.33041,
58.91139,
81.34775,
100.0089,
524.6469,
256.563,
20.08142,
162.0409,
30.01423,
67.73134,
9.789652,
36.39635,
44.98189,
139.9179,
473.6473,
29.57924,
283.9504,
203.1943,
96.46515,
48.59499,
12.08737,
312.2773,
164.4545,
0,
3387.655,
2097, 
19.42533,
124.2233,
48.93554,
38.24727,
58.60982,
80.3428,
100.0229,
528.5106,
257.8157,
20.00277,
162.0088,
29.91899,
67.79659,
9.717603,
36.41398,
44.88929,
139.7845,
474.5323,
29.4979,
280.8828,
202.8629,
96.09898,
48.47173,
12.08496,
312.7123,
165.2515,
0,
3389.061,
2098, 
19.43207,
124.2228,
48.86597,
38.16188,
58.30592,
79.25154,
100.0347,
532.2697,
259.018,
19.92281,
161.9702,
29.82332,
67.85593,
9.666245,
36.43044,
44.79553,
139.652,
474.7397,
29.4145,
277.8501,
202.5235,
95.72891,
48.34188,
12.08235,
313.1219,
166.0164,
0,
3389.498,
2099, 
19.43782,
124.2194,
48.79536,
38.07437,
57.99979,
78.08184,
100.0444,
535.9337,
260.1739,
19.84162,
161.9252,
29.72724,
67.90965,
9.629856,
36.44577,
44.70067,
139.5202,
474.6151,
29.32911,
274.8484,
202.1763,
95.35522,
48.20669,
12.07957,
313.5078,
166.752,
0,
3389.331,
2100, 
19.44258,
124.2134,
48.72377,
37.98489,
57.69159,
76.84206,
100.0522,
539.5099,
261.2869,
19.75928,
161.8742,
29.63074,
67.9575,
9.593047,
36.46003,
44.60474,
139.3888,
474.6703,
29.24164,
271.8744,
201.8208,
94.97813,
48.06445,
12.07662,
313.8715,
167.4604,
0,
3389.074];
