real main.em.ep.isp.StorResTot[28](t) = [1971, 
650.2043,
6655.436,
42.08362,
21.60265,
64.87003,
80.52728,
58.72234,
41.01139,
12.12848,
217.2017,
4045.412,
790.4434,
44.82675,
637.7261,
125.547,
1842.407,
149.6583,
187.5422,
60.78517,
214.7469,
32.17235,
2.731125,
946.1337,
246.709,
13.90568,
25.25577,
0,
17209.79,
1972, 
741.8291,
6657.843,
47.72691,
24.07335,
70.90247,
85.60682,
59.51014,
44.30545,
13.06972,
235.834,
4225.164,
862.6854,
51.80706,
676.4346,
128.979,
1948.756,
169.116,
195.9843,
65.4228,
235.7861,
36.51533,
3.157201,
1010.98,
243.6144,
13.96319,
36.19423,
0,
17885.26,
1973, 
822.1112,
7269.948,
51.8984,
26.78122,
82.16986,
95.75301,
60.99394,
49.34061,
13.25924,
250.8531,
4530.363,
899.4108,
52.40311,
714.6973,
138.2329,
2062.017,
202.2984,
202.9921,
74.03807,
257.8695,
43.11667,
3.878756,
1094.683,
277.6542,
16.23113,
46.06017,
0,
19339.05,
1974, 
850.5595,
7326.931,
65.72849,
27.97986,
91.55791,
104.7348,
65.2244,
49.4925,
12.81723,
268.6708,
4637.781,
955.7453,
59.42364,
755.8891,
148.2977,
2187.943,
226.6747,
212.9061,
81.38277,
266.9743,
45.87998,
5.159269,
1080.839,
298.1193,
18.26014,
58.10802,
0,
19903.08,
1975, 
828.2977,
7544.484,
69.66485,
27.81024,
98.6468,
109.7447,
74.15511,
55.5097,
13.36435,
288.806,
4620.787,
999.7319,
71.31312,
684.1312,
131.9432,
2026.462,
263.1264,
236.3842,
91.0008,
316.2711,
47.80762,
5.857369,
1104.864,
309.3614,
20.49623,
61.1617,
0,
20101.18,
1976, 
886.3723,
8058.391,
73.95848,
31.43783,
113.7049,
118.4277,
85.01573,
57.71395,
15.50538,
302.6935,
4967.698,
1062.252,
81.06986,
715.2866,
139.6969,
2158.21,
310.0033,
265.6773,
99.47146,
351.2398,
53.8702,
5.43931,
1181.715,
322.6221,
21.57173,
65.62288,
0,
21544.67,
1977, 
950.8682,
8329.101,
79.96756,
34.0629,
125.4388,
129.6713,
97.22808,
63.13311,
16.30076,
302.8003,
5077.862,
1106.948,
90.85435,
734.8352,
144.3448,
2229.876,
392.5233,
282.973,
108.8643,
383.5743,
59.80947,
6.798705,
1231.221,
339.4752,
23.22766,
71.39485,
0,
22413.15,
1978, 
1020.176,
8557.544,
88.36341,
35.96249,
138.894,
136.0472,
109.4548,
61.01228,
17.13536,
316.0778,
5265.941,
1163.831,
96.89062,
758.2071,
149.2396,
2332.665,
443.049,
311.1835,
120.7325,
437.5261,
61.91151,
9.522752,
1288.417,
349.7954,
26.09822,
69.31483,
0,
23364.99,
1979, 
1069.449,
8728.632,
94.7359,
37.54338,
155.6617,
151.684,
122.4012,
70.41045,
17.59848,
332.3224,
5490.521,
1172.046,
98.85152,
776.2701,
205.1706,
2386.209,
512.4371,
315.6826,
130.8803,
478.3406,
67.34981,
11.47709,
1357.881,
366.2189,
29.23367,
74.67986,
0,
24253.69,
1980, 
1099.906,
8839.066,
99.3913,
37.88153,
178.7118,
162.2803,
136.8613,
78.80919,
17.81146,
360.1478,
5527.903,
1224.595,
101.791,
812.5292,
224.5313,
2569.984,
567.5014,
329.5328,
136.6579,
467.2999,
71.89979,
14.44793,
1341.032,
383.9915,
30.66959,
68.78979,
0,
24884.02,
1981, 
1156.483,
8910.482,
108.5324,
39.18673,
171.9158,
168.6935,
155.4079,
77.09692,
18.83805,
411.1654,
5582.705,
1233.527,
106.6564,
833.5927,
230.3302,
2718.214,
672.96,
361.6109,
146.5569,
472.05,
76.49432,
14.23657,
1354.125,
408.8092,
32.81543,
65.25387,
0,
25527.74,
1982, 
1135.482,
8689.765,
113.4111,
40.57785,
180.2511,
171.1206,
170.1903,
85.8194,
20.39914,
432.2645,
5572.04,
1250.283,
116.3066,
851.2328,
238.5744,
2824.45,
797.8197,
385.8766,
154.5342,
503.5536,
81.97142,
17.3322,
1339.933,
415.5435,
35.20693,
65.18194,
0,
25689.12,
1983, 
1186.604,
8879.388,
112.5324,
43.14086,
186.5418,
179.3064,
187.7616,
79.83687,
21.71525,
440.0118,
5703.721,
1306.279,
121.5359,
875.3495,
246.1661,
2972.111,
816.7881,
412.9714,
168.402,
544.6578,
89.59476,
20.33455,
1414.213,
425.7747,
39.14055,
63.80518,
0,
26537.68,
1984, 
1279.252,
9275.71,
121.9226,
44.38401,
208.7219,
184.5802,
207.2632,
74.16449,
21.74719,
486.714,
5911.01,
1364.705,
137.2658,
909.6727,
256.7058,
3161.098,
880.2999,
456.74,
181.2701,
571.7723,
96.62602,
23.92158,
1487.968,
454.8972,
44.1608,
62.89334,
0,
27905.47,
1985, 
1356.82,
9439.755,
106.3669,
43.75695,
226.0758,
187.977,
222.6159,
89.89499,
23.30917,
503.5023,
6129.066,
1366.629,
149.8934,
932.7515,
265.4371,
3281.373,
944.2634,
501.3238,
195.1964,
611.497,
102.1079,
24.83844,
1545.313,
488.2379,
47.68658,
65.24963,
0,
28850.94,
1986, 
1388.587,
9431.972,
119.7516,
46.77039,
239.0653,
212.8153,
219.8301,
94.1068,
24.74331,
517.3866,
6226.547,
1429.65,
171.8741,
954.3557,
269.7981,
3429.291,
1029.155,
547.6234,
210.6439,
671.559,
105.6766,
35.00293,
1567.005,
504.3436,
52.75177,
66.7255,
0,
29567.03,
1987, 
1480.452,
9600.835,
129.6988,
49.4855,
242.2781,
228.9149,
235.1161,
98.10306,
26.71317,
529.8065,
6429.994,
1457.692,
192.3942,
990.6242,
271.7613,
3566.837,
1052.559,
594.1036,
234.0949,
741.657,
113.9284,
40.56751,
1670.616,
531.8109,
58.39321,
65.06826,
0,
30633.5,
1988, 
1515.243,
9994.088,
132.2068,
49.78318,
251.4518,
258.6843,
256.2821,
103.0444,
28.43648,
549.8284,
6710.319,
1449.185,
201.8761,
1022.019,
276.7496,
3655.658,
1210.954,
654.0717,
264.8064,
811.0926,
124.7463,
42.84838,
1765.054,
555.6599,
67.02898,
71.97593,
0,
32023.09,
1989, 
1483.342,
10901.34,
140.8454,
53.16127,
267.4715,
246.986,
268.3087,
107.5662,
30.08102,
562.0172,
6922.407,
1467.511,
217.692,
1040.853,
278.4375,
3926.95,
1235.244,
714.745,
288.8085,
871.9695,
136.9057,
47.40181,
1876.493,
596.2153,
69.92013,
69.04436,
0,
33821.72,
1990, 
1436.264,
11106.86,
145.6215,
53.67681,
256.2117,
266.5494,
277.7395,
109.5351,
34.6125,
571.1482,
7072.581,
1388.895,
240.4582,
1122.623,
345.2509,
3836.244,
1322.039,
768.476,
310.1635,
926.4404,
150.6705,
56.30821,
2049.886,
611.2876,
76.10166,
76.83247,
0,
34612.47,
1991, 
1520.971,
11201.1,
149.8858,
52.2224,
272.4785,
250.9765,
292.9842,
111.9585,
36.86197,
572.0171,
7232.287,
1326.275,
245.1617,
1035.051,
295.7865,
3578.147,
1463.872,
836.7239,
327.1017,
1107.925,
162.5718,
63.71798,
2117.667,
628.5201,
81.62891,
84.6722,
0,
35048.56,
1992, 
1556.499,
11404.14,
153.5215,
55.11226,
279.7842,
259.6443,
309.7255,
116.2096,
38.27897,
586.3115,
7283.461,
1229.975,
276.5449,
882.2156,
274.5859,
3096.074,
1556.874,
874.2656,
347.8564,
1223.278,
176.1656,
69.62463,
2143.024,
641.1152,
89.66234,
73.2529,
0,
34997.2,
1993, 
1610.648,
11678.13,
155.1111,
56.25817,
291.0233,
274.2476,
335.1377,
116.6375,
39.7077,
610.7186,
7298.413,
1224.982,
303.4851,
801.2318,
231.332,
3130.287,
1603.986,
923.4086,
385.4872,
1262.599,
194.2899,
77.83173,
2167.243,
661.8974,
93.5687,
74.89023,
0,
35602.55,
1994, 
1699.403,
11974.62,
166.9052,
60.35763,
299.2108,
291.2495,
357.9743,
116.6322,
40.54221,
631.9733,
7453.978,
1295.227,
319.3278,
730.557,
227.8923,
2761.042,
1705.699,
990.9883,
432.8051,
1370.021,
219.3758,
86.55473,
2267.631,
682.5681,
98.37183,
72.59665,
0,
36353.5,
1995, 
1717.086,
12318.42,
169.9525,
63.69678,
314.1874,
305.0908,
378.6151,
123.3258,
44.28325,
640.4877,
7650.236,
1299.505,
357.071,
766.4138,
226.1076,
2754.282,
1790.839,
1074.698,
482.8529,
1490.932,
243.2129,
100.4011,
2305.06,
701.7986,
104.592,
74.19006,
0,
37497.34,
1996, 
1768.09,
12615.65,
162.1064,
67.02727,
329.8503,
319.343,
427.8808,
128.4738,
46.3447,
668.2766,
7772.868,
1430.746,
388.2513,
768.6699,
218.4147,
2719.837,
1865.739,
1133.938,
535.288,
1565.83,
264.9106,
116.5101,
2372.291,
716.4324,
109.6288,
66.99332,
0,
38579.39,
1997, 
1794.264,
12920.19,
174.7037,
72.52695,
346.98,
344.9538,
460.6667,
129.0093,
49.94375,
692.3881,
7928.047,
1457.584,
423.1375,
761.6976,
214.3736,
2676.606,
2017.888,
1196.044,
585.3304,
1660.247,
283.6655,
123.0142,
2426.219,
739.9269,
113.8067,
70.29782,
0,
39663.51,
1998, 
1772.36,
13230,
187.8176,
77.79247,
357.7238,
363.5625,
491.8447,
125.9948,
51.34717,
682.2135,
8104.992,
1478.366,
450.8419,
732.0541,
206.3665,
2709.324,
2276.146,
1280.419,
574.0344,
1740.482,
279.6653,
126.7809,
2431.172,
783.4292,
117.968,
91.88129,
0,
40724.57,
1999, 
1808.983,
13433.88,
198.6012,
83.89232,
371.5749,
363.8885,
521.2365,
132.2802,
52.8501,
680.4774,
8198.571,
1448.059,
466.1068,
759.8488,
202.8201,
2781.925,
2181.883,
1375.69,
638.8704,
1812.986,
299.0743,
148.0257,
2468.012,
824.7054,
117.8355,
99.44624,
0,
41471.52,
2000, 
1862.723,
14056.55,
211.5441,
85.8421,
385.2501,
382.4918,
555.1208,
136.4384,
54.78197,
712.5856,
8233.925,
1539.884,
503.9484,
751.3576,
206.795,
2919.704,
2198.635,
1452.44,
756.191,
2049.3,
324.6759,
159.5296,
2577.531,
848.0419,
128.5079,
108.2366,
0,
43202.03,
2001, 
1816.741,
13379.4,
217.8178,
88.14159,
377.3854,
380.3329,
587.2446,
145.1077,
57.31907,
689.0549,
8216.236,
1679.079,
511.1082,
800.095,
198.3917,
3050.198,
2298.49,
1507.699,
807.5603,
2258.657,
344.9304,
168.4209,
2556.884,
898.8673,
144.2054,
121.9357,
0,
43301.3,
2002, 
1841.27,
13730.95,
220.9967,
91.9101,
400.2646,
375.7524,
614.9138,
154.1787,
57.48415,
745.5128,
8028.687,
1605.132,
539.5684,
795.1676,
202.1995,
2944.435,
2386.734,
1553.73,
862.9438,
2445.948,
365.7003,
178.3669,
2611.299,
897.3185,
152.1188,
129.9191,
0,
43932.5,
2003, 
1792.672,
13846.21,
270.5548,
93.97657,
416.4992,
394.8934,
646.1078,
152.245,
60.92315,
780.3483,
7963.413,
1614.084,
582.7248,
823.3882,
215.0457,
3000.281,
2509.429,
1657.163,
900.2751,
2803.022,
395.2888,
186.3074,
2612.133,
853.2807,
161.523,
124.3671,
0,
44856.16,
2004, 
1818.877,
14240.27,
269.8676,
94.54935,
445.4957,
421.2989,
684.6375,
168.1959,
66.08598,
806.3162,
7884.784,
1709.108,
622.0587,
860.2629,
222.8512,
3095.232,
2672.821,
1764.998,
949.2018,
3214.855,
422.1377,
198.8683,
2692.486,
873.2141,
174.5772,
133.4778,
0,
46506.53,
2005, 
1775.027,
14205.93,
283.3763,
99.50399,
458.3857,
438.4017,
700.2004,
178.5921,
71.35345,
816.5655,
7786.789,
1679.142,
659.8243,
835.2254,
228.2402,
3493.333,
2682.939,
1878.247,
1011.511,
3638.848,
455.4117,
212.4116,
2763.959,
866.5447,
187.964,
143.646,
0,
47551.37,
2006, 
1708.701,
14009.67,
291.2762,
105.3148,
479.0306,
463.6033,
742.2212,
189.2679,
76.11848,
855.3786,
7628.063,
1703.825,
708.1146,
872.5941,
233.4929,
3506.852,
2837.534,
2033.336,
1043.075,
4182.338,
481.4656,
216.2711,
2810.811,
861.9756,
198.9544,
147.2116,
0,
48386.49,
2007, 
1810.546,
13963.24,
302.5293,
108.2904,
507.7174,
475.1934,
821.8243,
200.0999,
83.14445,
876.291,
7384.367,
1691.129,
765.2966,
886.0606,
243.1299,
3524.707,
3059.927,
2183.93,
1102.112,
4821.797,
510.2217,
220.7971,
2897.305,
902.778,
205.7883,
150.9808,
0,
49699.2,
2008, 
1798.187,
13369.64,
306.9431,
106.5258,
528.8588,
506.7938,
859.3749,
204.1429,
83.41149,
872.7752,
7345.198,
1689.02,
774.186,
839.1837,
223.1415,
3586.369,
3192.406,
2101.612,
1180.882,
5364.201,
522.9274,
225.7515,
2802.639,
899.8297,
214.3777,
153.4856,
0,
49751.86,
2009, 
1718.224,
12333.32,
304.5126,
106.3577,
534.577,
512.4514,
979.0182,
212.605,
92.05245,
851.2219,
6861.276,
1633.931,
754.6059,
724.4411,
213.9502,
3378.944,
3522.736,
2257.094,
1237.595,
6262.616,
549.3271,
230.8208,
2809.042,
814.7662,
223.5797,
166.6793,
0,
49285.75,
2010, 
1707.849,
12360.82,
322.9584,
111.1583,
593.7175,
507.1559,
1066.244,
229.9976,
107.0622,
887.1885,
7298.949,
1701.827,
812.8433,
744.8472,
236.0934,
3392.69,
3691.416,
2434.544,
1337.12,
7649.375,
600.2752,
248.9656,
2964.596,
834.1943,
231.4498,
175.9856,
0,
52249.32,
2011, 
1784.756,
11535.96,
358.1035,
116.3307,
615.4097,
524.566,
1103.726,
237.3408,
127.0062,
896.2224,
7638.179,
1733.92,
883.4951,
759.9153,
228.403,
3467.827,
3852.424,
2710.727,
1395.337,
9507.566,
632.6328,
265.3046,
3039.937,
809.0313,
247.5687,
179.7556,
0,
54651.45,
2012, 
1743.7,
11163.9,
379.4774,
120.6334,
648.9523,
560.4635,
1175.241,
244.5608,
142.8354,
891.5183,
8123.473,
1672.218,
955.3433,
765.0994,
243.2413,
3475.315,
4118.812,
2864.661,
1459.425,
11114.43,
706.7933,
277.8106,
3242.804,
822.2548,
268.0856,
184.72,
0,
57365.77,
2013, 
1650.972,
10872.82,
362.694,
126.7482,
676.1641,
602.3596,
1245.854,
275.7026,
156.9635,
932.2008,
7861.174,
1669.882,
970.3998,
747.7422,
292.0303,
3489.086,
4381.141,
3080.464,
1536.894,
13488.91,
788.3342,
306.0009,
3975.761,
856.5041,
305.6919,
194.7659,
0,
60847.26,
2014, 
1609.312,
10801.76,
382.7408,
131.6766,
718.3961,
606.5669,
1326.8,
292.6451,
180.3037,
1082.223,
7959.043,
1649.209,
1026.486,
712.4546,
266.81,
3521.772,
4765.572,
3491.042,
1641.938,
16178.23,
920.1191,
328.7056,
5108.621,
831.9778,
336.0202,
221.5218,
0,
66091.95,
2015, 
1519.122,
11033.09,
398.415,
143.8129,
721.6334,
650.9663,
1504.572,
321.9518,
206.7333,
1166.616,
7322.678,
1599.007,
1098.612,
655.8817,
277.5372,
3542.612,
5335.771,
3863.804,
1800.85,
19928.22,
1040.448,
350.3811,
6631.66,
873.9674,
362.2047,
233.1814,
0,
72583.73,
2016, 
1500.079,
10902.39,
422.6337,
147.6046,
759.3638,
659.4471,
1656.55,
336.0603,
220.6939,
1348.621,
7673.833,
1617.778,
1278.618,
656.908,
329.641,
3547.991,
5913.553,
4428.04,
1958.908,
23587.79,
1274.594,
378.7902,
7920.582,
935.0018,
429.119,
228.0372,
0,
80112.63,
2017, 
1546.847,
11228.4,
429.5166,
147.0464,
810.8747,
660.1444,
1720.007,
361.1909,
237.4783,
1539.792,
7934.696,
1615.453,
1726.62,
677.0391,
417.3818,
3614.294,
6083.014,
5110.921,
2186.713,
29354.02,
1407.043,
403.8653,
9236.455,
1021.419,
494.1235,
249.425,
0,
90213.77,
2018, 
1502.495,
11710.83,
460.3737,
155.3471,
845.9387,
670.4202,
2020.352,
408.7073,
292.3855,
1818.636,
8522.997,
1844.942,
2830.936,
751.7073,
432.9543,
3620.264,
6174.781,
6037.98,
2478.148,
36031.48,
1541.816,
472.1352,
10561.88,
1180.369,
542.8903,
280.0772,
0,
103190.8,
2019, 
1555.186,
11836.05,
458.0235,
161.412,
904.2334,
635.7079,
2250.222,
449.0653,
337.2342,
1908.233,
9791.929,
1769.217,
3171.679,
938.8964,
474.2907,
3686.075,
7275.767,
6722.156,
2923.128,
42049.66,
2110.417,
517.8292,
11910.01,
1372.126,
579.3201,
327.7031,
0,
116115.6,
2020, 
1528.993,
11435.36,
474.3067,
151.9427,
876.4107,
628.9158,
2316.19,
484.4218,
360.1761,
2086.324,
10992.33,
1929.522,
3530.036,
1031.903,
450.5169,
3584.627,
7976.363,
7079.057,
3471.366,
51198.34,
2836.599,
521.7471,
13455.71,
1605.551,
613.7084,
333.8098,
0,
130954.2,
2021, 
1572.207,
12518.81,
504.4044,
166.3672,
966.9208,
706.0663,
2452.313,
537.2901,
407.9021,
2220.533,
11695.86,
2251.438,
3997.787,
1084.31,
555.637,
3758.318,
8687.148,
8036.284,
4206.658,
62338.93,
4249.303,
562.483,
15027.82,
1954,
707.0153,
369.9613,
0,
151535.8,
2022, 
1603.515,
13484.36,
542.8959,
177.4497,
1022.619,
705.7703,
2516.885,
639.5327,
471.8651,
2250.271,
13238.58,
2545.142,
4511.854,
954.6097,
623.2083,
3726.258,
10335.17,
9566.367,
4634.063,
72648.01,
4431.418,
615.9364,
16392.52,
2349.661,
818.4105,
495.1471,
0,
171301.5,
2023, 
1587.765,
15289.17,
568.9619,
185.2896,
1096.847,
724.1815,
2733.027,
764.2778,
506.3446,
2253.221,
15512.69,
3003.927,
5083.204,
982.5308,
716.4895,
3787.555,
12141.49,
10547.99,
5150.641,
98357.68,
4789.759,
682.5447,
17105.5,
2899.249,
862.8359,
533.5142,
0,
207866.7,
2024, 
1369.304,
18055.5,
583.1761,
193.6422,
1140.598,
754.199,
3016.486,
853.6727,
539.1699,
2390.551,
17835.6,
3593.206,
8158.245,
805.5032,
804.4039,
3800.349,
13319.22,
12659.77,
5703.214,
128520.8,
5087.009,
736.4613,
17533.01,
3757.67,
950.4978,
587.2366,
0,
252748.5,
2025, 
1383.18,
22269.85,
590.5418,
275.1674,
1292.471,
796.9319,
3232.889,
960.822,
804.1946,
3161.736,
19658.95,
4012.696,
8948.828,
847.153,
875.6079,
3793.738,
29374.74,
17322.37,
6272.743,
141853,
5791.338,
1398.782,
20317.64,
4887.188,
1263.801,
664.5344,
0,
302050.8,
2026, 
1358.982,
25814.98,
635.9415,
289.3596,
1301.467,
825.9832,
2942.189,
1031.402,
1019.458,
2926.79,
21191.38,
4048.303,
8450.886,
923.5433,
1401.986,
3784.625,
46274.14,
21523.67,
7035.191,
176240.9,
6280.446,
1663.908,
24573.09,
5832.817,
1632.082,
651.2803,
0,
369654.8,
2027, 
1346.682,
28965.07,
679.413,
363.9099,
1313.961,
866.5101,
2711.298,
1340.908,
1270.874,
2655.709,
22883.72,
4338.599,
8280.975,
1054.18,
2277.429,
3765.824,
54924.83,
26322.12,
7028.579,
209406.9,
7283.703,
2797.04,
27720.19,
7150.059,
2225.372,
614.8738,
0,
429588.7,
2028, 
1408.635,
31575.52,
726.671,
477.1193,
1326.968,
905.2889,
2454.646,
1902.789,
1516.069,
2432.881,
25144.64,
4747.688,
8161.89,
1190.547,
3660.04,
3734.97,
58664.27,
32545.54,
6997.802,
247317.2,
9837.221,
4960.914,
29528.09,
8653.912,
3343.964,
571.5742,
0,
493786.8,
2029, 
1542.268,
33960.93,
783.0753,
596.2186,
1351.813,
1106.978,
2226.519,
2669.988,
1693.961,
2300.176,
27232.22,
6029.104,
8519.99,
1271.165,
5378.827,
3708.087,
62929.86,
39854.25,
7003.513,
286226.7,
13057.26,
7880.516,
45666.23,
10540.05,
4550.812,
519.9202,
0,
578600.4,
2030, 
1735.091,
36051.16,
1096.032,
774.0668,
1367.594,
1378.061,
1953.502,
3539.941,
1687.192,
3968.921,
29976.64,
6945.998,
8908.973,
1402.818,
8198.927,
3692.636,
65825.25,
47694.63,
7027.954,
324502.6,
16553.15,
10973.09,
39567.07,
12605.53,
5710.705,
438.7672,
0,
643576.3,
2031, 
1983.358,
37131.62,
1423.872,
1027.607,
1393.217,
1748.5,
1834.692,
3869.081,
1510.738,
3555.505,
35118.68,
8741.018,
8728.319,
1539.1,
11553.48,
3652.561,
59971.93,
55476.14,
7114.043,
370865.3,
20210.04,
14873.33,
41293.62,
14462.76,
6786.447,
352.3428,
0,
716217.3,
2032, 
2316.306,
40078.76,
1727.832,
1452.384,
1455.799,
2300.057,
1897.532,
3841.251,
1274.192,
3128.612,
100367,
25785.74,
8582.844,
1681.99,
14972.26,
3631.887,
54605.75,
65309.88,
7516.26,
426361.9,
24352.36,
17044.94,
44035.79,
16604.97,
7764.06,
276.4195,
0,
878366.9,
2033, 
2703.522,
42050.58,
1902.177,
2268.498,
1545.111,
3038.609,
2289.509,
3674.039,
987.3669,
2705.253,
181866.4,
82241.65,
8628.313,
1792.851,
17565.37,
3568.502,
49275.18,
80169.94,
8027.492,
484607.4,
27733.56,
19347.2,
47110.64,
18884.45,
8721.857,
203.1578,
0,
1102909,
2034, 
3109.24,
44473.47,
1968.202,
3245.149,
1645.743,
4518.556,
2999.442,
3388.802,
729.813,
2294.622,
305817.3,
195969.2,
8813.203,
1917.86,
19773.27,
3545.53,
44944.86,
103378.5,
8751.54,
566187.6,
31406.46,
21864.6,
51128.59,
21363.98,
10154.56,
134.5521,
0,
1463525,
2035, 
3410.396,
46549.14,
2006.459,
4381.183,
1776.069,
8596.708,
3920.178,
3024.96,
494.8312,
1895.655,
465470.9,
375090.2,
9086.911,
2027.818,
22172.63,
3525.302,
41239.74,
132848.4,
9637.837,
659547.4,
36102.36,
25312.96,
54223.01,
24275.15,
12680.09,
76.74426,
0,
1949373,
2036, 
3758.841,
56765.47,
2002.551,
5661.383,
2040.432,
17937.88,
4988.431,
3431.974,
465.8522,
1934.282,
608372.9,
421912.5,
11336.97,
2117.073,
25604.64,
3512.613,
45095.55,
164987.8,
11317.34,
761283.3,
41892.13,
28862.77,
57337.39,
27408.1,
16068.27,
88.05466,
0,
2326185,
2037, 
4257.774,
86376.69,
2036.65,
7594.165,
2437.449,
33447.48,
6034.968,
3870.435,
444.8088,
2032.913,
703770.6,
454283.9,
13512.5,
2250.254,
29251.61,
3507.131,
49350.74,
205411.2,
12440.51,
866438.5,
48780.29,
34302.63,
60416.79,
31033.98,
20616.63,
105.0288,
0,
2684006,
2038, 
4949.795,
127029,
2213.611,
9856.401,
2506.296,
55205.04,
6934.959,
4327.238,
427.6482,
2145.267,
776709.3,
472467.8,
15558.49,
2477.36,
36155.3,
3503.987,
57294.09,
249919.7,
12441.51,
1056591,
57051.7,
40268.91,
63379.2,
35166.42,
26240.2,
138.7597,
0,
3120959,
2039, 
5741.827,
190392.2,
2593.018,
12510.86,
2453.321,
87642.67,
7639.256,
4842.992,
415.5791,
2256.038,
841684.9,
481939.6,
17444.71,
2815.146,
45957.35,
3505.665,
77782.96,
338962,
12467.86,
1343259,
66234.78,
48929.59,
65766.06,
39009.48,
32687.55,
183.4606,
0,
3735118,
2040, 
7471.939,
281619.7,
3050.05,
17323.37,
2415.077,
122733.8,
8114.047,
5411.43,
407.5839,
2368.747,
894066.4,
484105.8,
18976.79,
3203.858,
58394.22,
3530.445,
104448.5,
489661.9,
12360.52,
1577285,
76296.16,
58421.68,
67637.44,
42481.7,
40210.07,
241.8815,
0,
4382238,
2041, 
9840.766,
381987.4,
3733.823,
22646.95,
2352.222,
147546,
8586.18,
6087.033,
402.9155,
2487.101,
922310.8,
482196.4,
20934.1,
3521.915,
83360.99,
3599.128,
131210,
663377.5,
12787.81,
1888192,
86183.76,
68374.44,
68524.58,
46256.49,
48529.47,
315.4002,
0,
5115346,
2042, 
12953.39,
475830.8,
5735.898,
28928.94,
2421.327,
172209.2,
9075.969,
6867.329,
402.9778,
2610.549,
950678.1,
482069,
23834.9,
3678.393,
111578.6,
3703.617,
166893.1,
827374.2,
13294.54,
2208876,
97130.2,
77216.91,
68841.22,
50612.41,
57085.67,
432.9013,
0,
5860337,
2043, 
21871.57,
615132.4,
8821.166,
36883.48,
2499.178,
210869.3,
9598.288,
7696.825,
405.3613,
3044.928,
945951,
480716.5,
26796.24,
3814.956,
140813.6,
3832.754,
215612.5,
998940.3,
13547.33,
2552192,
108670.4,
88579.17,
68473.15,
55000.86,
68399.8,
632.1799,
0,
6688796,
2044, 
34022.91,
787196.8,
12992.11,
47776.27,
2585.302,
252559,
10424.29,
8641.217,
413.5926,
3833.438,
927899.6,
479907.5,
29372.57,
3940.397,
168796.3,
4001.204,
276270.8,
1201192,
13889.55,
2920077,
121443.9,
101541.7,
67886.29,
58750.64,
82199.78,
970.9183,
0,
7618585,
2045, 
48498.78,
966032.8,
20922.77,
60904.97,
2723.518,
300425,
14158.92,
10550.3,
428.3506,
4833.958,
907897.9,
481049.9,
36835.55,
4090.686,
195057.7,
4309.701,
365977.6,
1421003,
14288.13,
3415831,
136066.4,
116953.8,
66147.21,
60960.91,
98948.59,
1497.405,
0,
8756394,
2046, 
66957.48,
1144629,
49064.67,
75530.49,
2901.146,
356251.9,
20630.95,
12317.06,
440.851,
5742.131,
899431.9,
480798,
45810.47,
4253.635,
217718.1,
4800.771,
419605.1,
1637917,
14736.77,
3916163,
154197.6,
133072.9,
62293.91,
61635.14,
115380.5,
2152.274,
0,
9904433,
2047, 
90230.06,
1327480,
96353.91,
90062.36,
3109.777,
411684.8,
29333.82,
14042.52,
752.0135,
7166.93,
892809.8,
481220.5,
57561.23,
4428.937,
237844.5,
5414.776,
496364.3,
1897135,
15170.39,
4414444,
176018.2,
147604.2,
57606.39,
61988.26,
137689.2,
2561.612,
0,
1.115608e+07,
2048, 
126101.5,
1503824,
152326.1,
106177.8,
3423.544,
484291.9,
40272.46,
16014,
1622.365,
9094.265,
877248.4,
478763.6,
75033.52,
4605.632,
257595.5,
6074.481,
554250.9,
2136514,
15050.18,
4872180,
217867.5,
164932.8,
53815.03,
62327.71,
157990.1,
2978.417,
0,
1.238038e+07,
2049, 
171286.8,
1682119,
183186.4,
124521.1,
3802.821,
539787.6,
52443.59,
18538.52,
4106.488,
11950.44,
868286.2,
475775.2,
92921.59,
4828.913,
275393.5,
6738.566,
594998.9,
2310558,
14731.39,
5299637,
264214.3,
171269.5,
51149.24,
63934.21,
180999.9,
3436.467,
0,
1.347062e+07,
2050, 
210394.5,
1866591,
218769.6,
141374.9,
4234.605,
593965.7,
65202.23,
21548.63,
4901.721,
14926.78,
856520.6,
473608.7,
109773.6,
5727.729,
297754.7,
7289.943,
614661.9,
2435494,
14131.43,
5643038,
308357.4,
185633,
51489.32,
66926.67,
206628.9,
3950.717,
0,
1.44229e+07,
2051, 
234085.8,
2086716,
250068.8,
156375.1,
4711.362,
652725.1,
76962.93,
24627.27,
5512.918,
18938.73,
853113.6,
471951.6,
128336.5,
7396.607,
311410.7,
7735.682,
636991.4,
2504022,
14633.94,
6042473,
339099.8,
204629.3,
53628.08,
68761.91,
236387.2,
4442.124,
0,
1.539574e+07,
2052, 
265294.3,
2303986,
282630.2,
181208,
5152.775,
708332.9,
90031.82,
28703.33,
6051.157,
24456.92,
848030,
470345.3,
143595.5,
10023.68,
324261,
8319.514,
665338,
2493962,
14439.08,
6438413,
364398.2,
211468.4,
57137.83,
71024.69,
279787.4,
4925.663,
0,
1.630132e+07,
2053, 
282124.8,
2517490,
319320.3,
195954.9,
5545.25,
755113.3,
105820.7,
34620.46,
8706.569,
34593.78,
824226.1,
467925.1,
155343.9,
13814.03,
335836.8,
9270.946,
720666.3,
2453284,
14390.58,
6803466,
383910.5,
221885.4,
61801.86,
75457.23,
324565.8,
5358.337,
0,
1.713049e+07,
2054, 
291418.2,
2686050,
362695.5,
209378.3,
6028.787,
802306.3,
134285.5,
41025.77,
11583.97,
47242.7,
793309.3,
460425.3,
165560.8,
18714.12,
350217.5,
10803.97,
766059.8,
2388804,
14694.67,
7154808,
394964.2,
218743,
67140.14,
81607.45,
391474.9,
6081.682,
0,
1.787542e+07,
2055, 
297640.5,
2811177,
407207.5,
225519.7,
6979.616,
834405.8,
160082.7,
48077.4,
13395.31,
62724.84,
769883.8,
451558.8,
181329,
25016.16,
362130,
12923.54,
822731.9,
2318030,
14648.58,
7458191,
408616.3,
216564.6,
72563.07,
94587.8,
449614.4,
7001.712,
0,
1.85326e+07,
2056, 
301223.7,
2909106,
448735,
240671.9,
8198.021,
871095.8,
220505.8,
55307.95,
15271.23,
80891.77,
765569.9,
443912.9,
196992,
35196.21,
380200.1,
15487.21,
936994.9,
2248927,
15283.59,
7614935,
428838.9,
209596.9,
73358.78,
106920.9,
489547.3,
8185.184,
0,
1.912095e+07,
2057, 
301642.9,
3009237,
469276.1,
251966.4,
9890.568,
908121.7,
297885.4,
63241.97,
16443.32,
101375.1,
777816.6,
440721.8,
212143,
46599.75,
402610.5,
18006.02,
1039118,
2199500,
15883.13,
7731282,
436495.9,
204419.8,
72807.16,
118825.4,
546778.9,
9902.795,
0,
1.970199e+07,
2058, 
303975.5,
3103194,
491324.9,
264153.4,
12244.11,
942187.4,
383227.1,
72318.13,
20308.76,
123684.4,
827663.7,
436917.9,
226652.5,
59396.31,
430799.1,
19977.53,
1112684,
2160308,
15775.63,
7830574,
434978.5,
203373.7,
75580.63,
128805,
630642.4,
12188.36,
0,
2.032293e+07,
2059, 
304996.6,
3125295,
514679.6,
273778.7,
15619.05,
980487,
448841.9,
84721.35,
29843.36,
145599.9,
902493.4,
428791.7,
237480.5,
72467.08,
456516.9,
20600.61,
1266335,
2134585,
16273.57,
7921813,
431506.1,
206813.3,
73328.4,
139089.2,
707241.3,
15189.88,
0,
2.095439e+07,
2060, 
305906.8,
3165907,
537450.6,
282644.4,
19336.14,
1010204,
498886.9,
98205.5,
52377.91,
176151.2,
983863.3,
421798,
245264.6,
87654.05,
483413.9,
20951.36,
1317036,
2128304,
17151.65,
7996459,
425142.8,
215944.4,
79570.98,
150110.6,
819069.1,
18685.02,
0,
2.155749e+07,
2061, 
305755.6,
3198090,
561062,
290791.4,
24842.11,
1040587,
538595.7,
111596.2,
96598.6,
210191.6,
1045911,
416542.3,
252194.5,
105815.4,
507692.3,
21392.69,
1343359,
2139258,
18472.47,
8068412,
430585.1,
237080.2,
81675.66,
162065.7,
946391.2,
22556.92,
0,
2.217751e+07,
2062, 
305803,
3249138,
585805.4,
293585.3,
29993.09,
1071310,
558118,
130317,
192899.4,
239320.8,
1070977,
409932.6,
254252.5,
127834.8,
532942.9,
21719.74,
1362517,
2167403,
19219.66,
8110195,
446251,
243624.8,
83467.17,
177584.8,
1054833,
27376.07,
0,
2.276642e+07,
2063, 
303861,
3315316,
609052.5,
293610.9,
37068.42,
1107012,
574974.5,
157416.2,
306225.5,
271604.1,
1076707,
400113.6,
253444,
150685.6,
555242.1,
22089.82,
1381652,
2178969,
19986.98,
8160895,
466749.8,
249254.5,
85120.26,
194031,
1185407,
33390.14,
0,
2.338988e+07,
2064, 
300372.3,
3393997,
631316.3,
293743.8,
45655.87,
1142243,
613694.3,
183694.4,
421827.2,
304835.9,
1080955,
402932.4,
250574.8,
172234.5,
581227.8,
22474.79,
1403262,
2211115,
20452.51,
8225933,
505027.9,
244398.8,
86131.36,
211148,
1295809,
40209.3,
0,
2.408527e+07,
2065, 
290980.3,
3464148,
651310.3,
295650,
58723.79,
1187999,
673497,
215741.1,
510320.6,
336609.2,
1091187,
419854.7,
253397.4,
186989.3,
607703.6,
23041.6,
1428693,
2238369,
21262.1,
8299223,
533327.1,
239288.2,
86447.69,
228299.9,
1404658,
49275.5,
0,
2.4796e+07,
2066, 
269075,
3537932,
672094.8,
298805.3,
77871.2,
1247022,
759647,
246715.8,
568190.4,
355758.1,
1091149,
446110.7,
254037.5,
195489.3,
636485.3,
23758.41,
1472980,
2248915,
22259.4,
8337779,
549385.2,
232272.9,
87818.75,
247863.2,
1503107,
61728.27,
0,
2.544425e+07,
2067, 
245024.1,
3622961,
691531.1,
305706.1,
104303.6,
1305269,
867082.6,
280899.2,
618813.8,
370839.9,
1092386,
471566.8,
256826.3,
203927.2,
666294.2,
27452.13,
1537793,
2224104,
23217.53,
8356529,
545476.9,
228486.4,
89935.06,
270475.5,
1621248,
77775.62,
0,
2.610592e+07,
2068, 
217921.6,
3723512,
718447.1,
312306.9,
135088.3,
1374323,
958983.4,
314673.4,
654498.9,
385726.6,
1121711,
488424.1,
261393.5,
208800.5,
696714.4,
35353.21,
1627719,
2148496,
24303.82,
8374206,
519793.1,
229906.4,
92053.85,
297602,
1744835,
98427.34,
0,
2.676522e+07,
2069, 
197464.6,
3819727,
770262.8,
315452.3,
175072.9,
1425283,
1062621,
343864.8,
691429.8,
401396.1,
1122469,
505138.1,
267096.7,
213203.3,
725856,
42931.17,
1741450,
2068963,
25355.97,
8388896,
488775.4,
236150.1,
93430.25,
327306.7,
1886874,
120624.4,
0,
2.745709e+07,
2070, 
176067,
3887442,
805591.8,
311723.8,
230804.4,
1456736,
1155331,
369411.7,
732308.1,
418256.7,
1132973,
522190.5,
269914.6,
216359.8,
752020.6,
52069.34,
1867789,
2008033,
26662.73,
8389079,
453788.9,
246488.3,
93808.5,
359147.3,
2018021,
148740.5,
0,
2.810076e+07,
2071, 
152965.3,
3945123,
833454.9,
302266.9,
290551.3,
1487923,
1232655,
411197.1,
770726.9,
449049.2,
1128181,
532936.4,
275473.7,
217159.4,
772997.6,
62261.46,
1933230,
2015193,
27857.75,
8376056,
440296.2,
256495.2,
93116.92,
389907.7,
2202493,
173935.2,
0,
2.87735e+07,
2072, 
135859,
4000411,
872776.7,
290850.6,
397404.8,
1538915,
1291911,
470450.9,
828154.1,
476020.3,
1121599,
542001.6,
283460.7,
215518.8,
788140.8,
74259.98,
1994966,
2052326,
28753.83,
8416864,
436310.4,
264225.2,
91031.22,
419518.5,
2377935,
201758,
0,
2.961142e+07,
2073, 
128319.5,
4050153,
909416.9,
282739.1,
526668.9,
1614299,
1340118,
536255.1,
899877.6,
500433.7,
1119738,
543229.4,
287073,
213409.2,
797029.4,
86346.64,
2065683,
2107892,
29341.92,
8520657,
454078.2,
265529.3,
87249.84,
449926.5,
2607358,
227412.9,
0,
3.065023e+07,
2074, 
125964.2,
4107029,
931964.8,
283485.8,
661682.7,
1650422,
1381923,
612972.4,
962137.1,
522521,
1119393,
541117.4,
289969.3,
210709.7,
801134.6,
111659.8,
2145169,
2161986,
30164.94,
8663996,
496247.2,
262573,
83309.55,
481628.1,
2772812,
254077,
0,
3.166605e+07,
2075, 
127037.7,
4154692,
966364.1,
289959.3,
807923.3,
1612039,
1452440,
719172.7,
1043436,
545394.6,
1129996,
541428.9,
291113.5,
207378.5,
800914.1,
138448.4,
2238228,
2162518,
31613.06,
8802897,
551783.3,
258180.9,
80257.82,
506572.9,
2912422,
282195.4,
0,
3.265441e+07,
2076, 
131066.4,
4199724,
985864.4,
297496.4,
953928.7,
1586931,
1526298,
822270.8,
1099801,
564791.4,
1154201,
542294.4,
289799.2,
204094,
801550.7,
162010.2,
2343189,
2123801,
33808.33,
8913437,
611262.6,
257296,
77712.6,
534331.3,
3043986,
315848.5,
0,
3.357679e+07,
2077, 
137065.9,
4226506,
1022259,
310270.9,
1122573,
1581297,
1564492,
947798.3,
1156319,
582609.9,
1178240,
545616.6,
287441.3,
201534.4,
805184.4,
186124.5,
2443086,
2098578,
36543.68,
9000601,
658725,
262034.7,
76317.09,
562755.3,
3163889,
347104.3,
0,
3.450496e+07,
2078, 
146925.2,
4244295,
1058255,
320625.4,
1291919,
1600206,
1602192,
1047538,
1224422,
600336.6,
1204744,
548163.4,
284461.4,
199893.5,
812253.9,
215398.2,
2525927,
2081038,
39000.08,
9000318,
684293.7,
270935,
78603.19,
589283.9,
3278266,
386301.8,
0,
3.53356e+07,
2079, 
158815.9,
4256933,
1103626,
324768.6,
1454713,
1619991,
1638607,
1202753,
1303256,
628790.3,
1210260,
550694.2,
280735.3,
199126.4,
824364.7,
246973.8,
2611624,
2093570,
41081.67,
9022811,
713355.4,
277618.8,
80259.95,
613307.6,
3378069,
439722,
0,
3.627583e+07,
2080, 
174434.6,
4280767,
1149813,
322041.3,
1620371,
1643292,
1678656,
1343538,
1395361,
652267.5,
1147113,
553116.6,
277967.4,
199335.4,
838600.1,
281239.5,
2708762,
2128724,
42616.87,
9103882,
746059.5,
285724.1,
82476.67,
633050.4,
3468750,
506882.5,
0,
3.726484e+07,
2081, 
196637.1,
4311176,
1195002,
320448.8,
1764463,
1661684,
1721001,
1403772,
1503966,
674965.8,
1073394,
554227.1,
279562.9,
200289.2,
853627.1,
314504.1,
2830059,
2175247,
43685.71,
9231417,
751076.6,
282189.7,
85584.16,
650059.7,
3541476,
579323.2,
0,
3.819884e+07,
2082, 
231693.4,
4339716,
1240372,
321111.2,
1916786,
1680890,
1774864,
1485474,
1588468,
695497.9,
1012164,
552956.3,
283138.3,
201688.9,
869609.1,
348101,
2948240,
2225837,
45049.75,
9347531,
753145.7,
276246.3,
88875.99,
668001.7,
3602362,
650912,
0,
3.914873e+07,
2083, 
280738.3,
4367634,
1281102,
320013.4,
2021776,
1696053,
1830537,
1601975,
1666168,
725418.9,
981707.9,
553401.1,
284799.5,
203198.6,
884463.9,
380131.7,
3079357,
2244419,
47207.55,
9386911,
744308.2,
259878.5,
93571.02,
687742,
3644509,
705595.9,
0,
3.997262e+07,
2084, 
347383.8,
4393882,
1327233,
315602.8,
2085479,
1711894,
1932048,
1756078,
1765422,
735370.6,
963699.2,
552050.6,
287647.9,
204785.6,
897740.7,
413229.1,
3195698,
2249087,
50261.28,
9390289,
722769.3,
248528.8,
97666.31,
709916.6,
3685938,
763134.1,
0,
4.080284e+07,
2085, 
415123.7,
4403349,
1374217,
313298.4,
2147439,
1716705,
2024987,
1951105,
1816067,
755248.6,
973394.7,
550763.1,
291905.2,
206281.9,
910101.6,
447405,
3286004,
2227893,
53884.54,
9319253,
706357.6,
240135,
100814.6,
726965.4,
3703367,
809126.8,
0,
4.147119e+07,
2086, 
458030.8,
4399025,
1426849,
312206.8,
2224691,
1723323,
2113312,
2177578,
1901375,
777164.8,
987403.1,
549086.7,
298293.5,
208012.1,
924796,
482198.8,
3375508,
2205713,
58121.01,
9163670,
726061.1,
238791.7,
101876.4,
743929.6,
3771110,
848733.7,
0,
4.219686e+07,
2087, 
467109.9,
4393424,
1480468,
306782,
2293562,
1725637,
2208256,
2413804,
1972694,
794815.6,
1020816,
546227.6,
303393.7,
209292.1,
938233.6,
513232.6,
3535696,
2180843,
61128.99,
8985932,
734655.8,
241805.7,
102091.2,
756228.2,
3867100,
898879.5,
0,
4.295211e+07,
2088, 
464003.3,
4385060,
1515178,
298356.3,
2360403,
1731355,
2334270,
2695294,
2066570,
807260.3,
1080544,
542386.3,
308259,
210063.6,
954173.9,
557832.9,
3701292,
2155688,
62765.54,
8788724,
740579.4,
249332.8,
101462.7,
773019.5,
3955229,
931026.8,
0,
4.377013e+07,
2089, 
456435.6,
4382057,
1546896,
286902.5,
2421792,
1723766,
2467617,
2938837,
2166497,
824487.1,
1144841,
538846.7,
311690.9,
211115,
968624.5,
610239.9,
3864690,
2131638,
64727.59,
8602744,
775118.4,
258187.4,
100704.9,
785063,
4031663,
975516.1,
0,
4.45907e+07,
2090, 
450549.1,
4382678,
1576802,
274798.9,
2485675,
1731664,
2603893,
3185149,
2312494,
830736.4,
1217488,
535929.9,
313406.3,
212252.9,
978798.6,
674527.6,
3919932,
2107442,
64344.68,
8480286,
809172.8,
262226.8,
99686.26,
805692.8,
4112138,
1043420,
0,
4.547118e+07,
2091, 
443439.4,
4391972,
1612477,
266509.9,
2533234,
1740764,
2718407,
3403615,
2449662,
854813.8,
1286961,
532026,
311328.1,
212297.3,
988370.8,
745240.7,
3982065,
2074066,
64020.68,
8380328,
833220.4,
261603.2,
98707.52,
821753.7,
4129462,
1121437,
0,
4.625778e+07,
2092, 
435049.9,
4394149,
1664953,
257876.8,
2572084,
1747566,
2827775,
3599143,
2637335,
856814.8,
1347995,
528218.2,
309575.6,
212569.9,
997964.7,
806830.7,
4022111,
2028736,
64464.87,
8265364,
872636.5,
252326.7,
97541.08,
841948.8,
4145504,
1202464,
0,
4.6989e+07,
2093, 
426327.2,
4392641,
1699094,
254010.2,
2613211,
1756035,
2942097,
3766380,
2774163,
872425.3,
1362081,
524310.3,
306536.7,
213287.5,
1009606,
868792.5,
4047549,
1959870,
65612.88,
8189917,
906668.4,
238862.9,
96838.71,
851584.9,
4160683,
1291741,
0,
4.759032e+07,
2094, 
419183.8,
4382555,
1745511,
253900.6,
2663484,
1765362,
3011326,
3958620,
2884618,
872446.3,
1370903,
521994.5,
306983.6,
213723.3,
1024889,
932560.3,
4087162,
1885325,
66744.21,
8088765,
934388.3,
230092.1,
96889.43,
869111.9,
4163219,
1386711,
0,
4.813647e+07,
2095, 
413195.8,
4370844,
1776067,
254341,
2724484,
1758999,
3154518,
4145429,
2983114,
888375.5,
1379006,
522344.2,
306971.9,
214257.3,
1042006,
986055.6,
4178913,
1838722,
68840.99,
7997468,
955437.4,
218790.6,
98469.95,
908429.9,
4168494,
1461193,
0,
4.881476e+07,
2096, 
407895.1,
4350065,
1781450,
254458.8,
2794136,
1746551,
3327643,
4378207,
3087402,
887984.9,
1379433,
524259.1,
306422.3,
214725.1,
1055829,
1033937,
4260963,
1804790,
70835.19,
7904804,
978241,
212844.2,
102411.4,
917942.4,
4126068,
1515152,
0,
4.942445e+07,
2097, 
405419.2,
4304295,
1786585,
255256.2,
2864380,
1744658,
3446552,
4689780,
3209238,
907549,
1390577,
527867.8,
307532.4,
215499.7,
1070594,
1091153,
4336422,
1799588,
71829.61,
7831399,
999380.1,
210810.4,
107556.4,
932714.6,
4030632,
1592386,
0,
5.012965e+07,
2098, 
404852.7,
4248765,
1787376,
256956.8,
2951958,
1742889,
3546007,
4889197,
3314230,
908942.5,
1396747,
532024.2,
312041.5,
215804,
1081510,
1147357,
4407980,
1807751,
75339.01,
7766488,
1021266,
214003.6,
112682.4,
951008.7,
3968299,
1663792,
0,
5.072526e+07,
2099, 
405916.7,
4198153,
1797867,
258515.5,
3005929,
1730727,
3641729,
5126740,
3395280,
935396.4,
1386017,
537373.3,
320122.5,
215992.7,
1094207,
1195696,
4483573,
1825951,
78185.08,
7694054,
1055325,
216992.4,
117280.9,
974437.6,
3933600,
1749614,
0,
5.137467e+07,
2100, 
403033.6,
4175522,
1809643,
259386,
3060089,
1702050,
3729127,
5308552,
3480184,
944236.9,
1359943,
545118.7,
325217.7,
216088,
1104007,
1229968,
4564273,
1827382,
78917.12,
7652339,
1089484,
222011.5,
124111.3,
989393.6,
4056539,
1875897,
0,
5.213251e+07];
