real main.em.ep.isp.StorCapTot[28](t) = [1971, 
565.3951,
2971.177,
36.59446,
18.78491,
56.40872,
70.02373,
51.0629,
35.66208,
10.54651,
188.871,
3517.749,
687.3421,
37.0469,
554.5444,
110.129,
1602.093,
123.6846,
163.0802,
43.73034,
188.3745,
28.22136,
2.395723,
680.6717,
110.138,
12.19796,
21.96154,
0,
11887.89,
1972, 
645.0688,
2972.251,
41.50166,
20.93335,
61.65432,
74.44071,
51.74794,
38.52648,
11.36498,
205.0731,
3674.055,
750.1613,
42.81575,
588.204,
113.1394,
1694.571,
139.7652,
170.4212,
47.06676,
206.8299,
32.03099,
2.769474,
727.324,
108.7564,
12.24841,
31.47324,
0,
12464.2,
1973, 
714.8793,
3245.513,
45.12904,
23.28802,
71.45206,
83.26349,
53.03821,
42.90488,
11.52977,
218.1331,
3939.446,
782.0964,
43.30835,
621.4759,
121.2569,
1793.058,
167.1888,
176.5149,
53.2648,
226.2013,
37.82164,
3.402417,
787.5419,
123.9528,
14.23783,
40.05232,
0,
13439.95,
1974, 
739.617,
3270.951,
57.15521,
24.33031,
79.61558,
91.07374,
56.71687,
43.03696,
11.14541,
233.6268,
4032.854,
831.0829,
49.11044,
657.2949,
130.0857,
1902.559,
187.3344,
185.1357,
58.54875,
234.188,
40.2456,
4.525674,
777.5819,
133.089,
16.01767,
50.52871,
0,
13897.45,
1975, 
720.2589,
3368.073,
60.57813,
24.18282,
85.77982,
95.43021,
64.4827,
48.2693,
11.62118,
251.1357,
4018.075,
869.3321,
58.93646,
594.8967,
115.7397,
1762.141,
217.4598,
205.5515,
65.4682,
277.4308,
41.93651,
5.138043,
794.8664,
138.1078,
17.97915,
53.18409,
0,
13966.05,
1976, 
770.7585,
3597.496,
64.31172,
27.33724,
98.87386,
102.9806,
73.92673,
50.18605,
13.48294,
263.2117,
4319.737,
923.6973,
66.99989,
621.9884,
122.5412,
1876.704,
256.201,
231.0237,
71.5622,
308.1051,
47.25456,
4.771325,
850.1547,
144.0277,
18.92257,
57.06338,
0,
14983.32,
1977, 
826.8419,
3718.35,
69.53701,
29.61992,
109.0772,
112.7576,
84.54616,
54.89835,
14.17457,
263.3046,
4415.533,
962.5632,
75.08624,
638.9871,
126.6182,
1939.022,
324.3994,
246.0635,
78.31963,
336.4687,
52.46445,
5.963777,
885.7704,
151.5514,
20.37514,
62.08248,
0,
15604.38,
1978, 
887.1095,
3820.333,
76.83775,
31.27173,
120.7774,
118.3019,
95.17813,
53.05415,
14.90031,
274.8502,
4579.079,
1012.027,
80.07489,
659.3105,
130.9119,
2028.404,
366.1562,
270.5943,
86.85789,
383.7948,
54.30834,
8.353292,
926.9186,
156.1586,
22.89318,
60.27376,
0,
16318.73,
1979, 
929.9561,
3896.712,
82.37904,
32.64642,
135.358,
131.8992,
106.4358,
61.22648,
15.30302,
288.976,
4774.364,
1019.171,
81.69547,
675.0175,
179.9742,
2074.964,
423.5017,
274.5066,
94.15851,
419.597,
59.07878,
10.06762,
976.8931,
163.4906,
25.64357,
64.93901,
0,
16997.96,
1980, 
956.4402,
3946.016,
86.42722,
32.94046,
155.4016,
141.1133,
119.0098,
68.52973,
15.48823,
313.172,
4806.871,
1064.865,
84.12477,
706.5472,
196.9572,
2234.769,
469.0094,
286.5503,
98.315,
409.9122,
63.06999,
12.67362,
964.7715,
171.4248,
26.90315,
59.81721,
0,
17491.12,
1981, 
1005.637,
3978.002,
94.37601,
34.07541,
149.492,
146.69,
135.1373,
67.0408,
16.38091,
357.5352,
4854.483,
1072.632,
88.14577,
724.8632,
202.0441,
2363.665,
556.1653,
314.4442,
105.4366,
414.0789,
67.10028,
12.48822,
974.1905,
182.5041,
28.78546,
56.7425,
0,
18002.14,
1982, 
987.376,
3880.227,
98.61839,
35.28508,
156.7401,
148.8005,
147.991,
74.62556,
17.73838,
375.8822,
4845.106,
1087.203,
96.12112,
740.2025,
209.2758,
2456.043,
659.3551,
335.5448,
111.1757,
441.7137,
71.90475,
15.20368,
963.9808,
185.5105,
30.88327,
56.67995,
0,
18229.19,
1983, 
1031.83,
3968.32,
97.85429,
37.5138,
162.2103,
155.9186,
163.2696,
69.42336,
18.88283,
382.619,
4959.603,
1135.895,
100.4429,
761.1735,
215.9352,
2584.444,
675.0315,
359.1056,
121.1525,
477.7701,
78.5919,
17.83733,
1017.419,
190.078,
34.33382,
55.48276,
0,
18872.14,
1984, 
1112.393,
4149.27,
106.0196,
38.59479,
181.4973,
160.5045,
180.2275,
64.49086,
18.9106,
423.2296,
5139.854,
1186.7,
113.4429,
791.0198,
225.1805,
2748.781,
727.5205,
397.1652,
130.4102,
501.5547,
84.75967,
20.98384,
1070.48,
203.0791,
38.73755,
54.68986,
0,
19869.5,
1985, 
1179.844,
4229.867,
92.49298,
38.04953,
196.5876,
163.4583,
193.5775,
78.16956,
20.26884,
437.8281,
5329.465,
1188.373,
123.879,
811.0883,
232.8396,
2853.367,
780.383,
435.9338,
140.4291,
536.3925,
89.5683,
21.78811,
1111.734,
217.9633,
41.83034,
56.73882,
0,
20601.92,
1986, 
1207.466,
4229.596,
104.1319,
40.66994,
207.8828,
185.0568,
191.1551,
81.832,
21.51592,
449.9014,
5414.228,
1243.174,
142.0448,
829.8746,
236.665,
2981.992,
850.5416,
476.1943,
151.5424,
589.0726,
92.69865,
30.70433,
1127.34,
225.1551,
46.27349,
58.02217,
0,
21214.73,
1987, 
1287.349,
4307.618,
112.7816,
43.03091,
210.6767,
199.0565,
204.4473,
85.30701,
23.22885,
460.7013,
5591.132,
1267.558,
159.0036,
861.4124,
238.3871,
3101.597,
869.8831,
516.6118,
168.4136,
650.562,
99.93705,
35.58554,
1201.88,
237.4182,
51.22211,
56.5811,
0,
22041.38,
1988, 
1317.601,
4485.579,
114.9625,
43.28976,
218.6537,
224.9429,
222.852,
89.60383,
24.72737,
478.1117,
5834.878,
1260.161,
166.8399,
888.7118,
242.7628,
3178.833,
1000.788,
568.7579,
190.5082,
711.4704,
109.4265,
37.5863,
1269.82,
248.0658,
58.79736,
62.58776,
0,
23050.32,
1989, 
1289.861,
4893.242,
122.4743,
46.22724,
232.5839,
214.7705,
233.31,
93.53584,
26.15741,
488.7106,
6019.259,
1276.096,
179.9109,
905.0895,
244.2434,
3414.739,
1020.843,
621.5173,
207.7759,
764.8553,
120.0925,
41.58054,
1349.992,
266.1709,
61.33345,
60.03858,
0,
24194.41,
1990, 
1248.924,
4996.506,
126.6274,
46.67553,
222.7928,
231.7821,
241.5106,
95.24791,
30.09782,
496.6506,
6149.772,
1207.735,
198.7259,
976.1937,
302.8517,
3335.865,
1092.569,
668.2399,
223.1393,
812.6365,
132.167,
49.39317,
1474.732,
272.8996,
66.75584,
66.81084,
0,
24767.3,
1991, 
1322.582,
5039.184,
130.3355,
45.41085,
236.9379,
218.2404,
254.7658,
97.35524,
32.05389,
497.4062,
6288.577,
1153.283,
202.6131,
900.0445,
259.4619,
3111.433,
1209.783,
727.5859,
235.325,
971.829,
142.6067,
55.89296,
1523.495,
280.5988,
71.6043,
73.628,
0,
25082.03,
1992, 
1353.476,
5126.514,
133.497,
47.92377,
243.2906,
225.7777,
269.3234,
101.0518,
33.28606,
509.8361,
6332.977,
1069.544,
228.5496,
767.144,
240.8649,
2692.239,
1286.647,
760.2308,
250.2564,
1072.993,
154.5309,
61.07423,
1541.728,
286.2254,
78.65118,
63.69817,
0,
24931.33,
1993, 
1400.563,
5249.732,
134.8793,
48.92026,
253.0638,
238.4762,
291.421,
101.4239,
34.52843,
531.0596,
6345.839,
1065.201,
250.8143,
696.7233,
202.9228,
2721.989,
1325.594,
802.9638,
277.3289,
1107.46,
170.4294,
68.27345,
1559.137,
295.506,
82.0778,
65.12194,
0,
25321.45,
1994, 
1477.74,
5384.999,
145.1352,
52.48501,
260.1834,
253.2607,
311.2784,
101.4193,
35.25409,
549.542,
6480.966,
1126.282,
263.9073,
635.267,
199.9055,
2400.906,
1409.661,
861.7289,
311.3705,
1201.617,
192.4346,
75.9252,
1631.346,
304.759,
86.29108,
63.12753,
0,
25816.79,
1995, 
1493.11,
5534.94,
147.785,
55.38862,
273.2066,
265.2966,
329.2269,
107.2398,
38.50718,
556.9459,
6651.439,
1130.002,
295.1002,
666.4468,
198.34,
2395.028,
1480.046,
934.5203,
347.3752,
1307.62,
213.3435,
88.07111,
1658.25,
313.3444,
91.7474,
64.5131,
0,
26636.83,
1996, 
1537.461,
5668.926,
140.9624,
58.28796,
286.8267,
277.6898,
372.0666,
111.7164,
40.29974,
581.11,
6757.826,
1244.123,
320.869,
668.4086,
191.5919,
2365.075,
1541.957,
986.032,
385.0982,
1373.183,
232.3757,
102.2019,
1706.593,
319.9767,
96.16562,
58.25506,
0,
27425.08,
1997, 
1560.221,
5803.345,
151.9166,
63.0705,
301.7221,
299.9626,
400.5761,
112.182,
43.42935,
602.0767,
6892.429,
1267.46,
349.7006,
662.3458,
188.0471,
2327.483,
1667.711,
1040.037,
421.1,
1455.89,
248.8274,
107.9072,
1745.369,
330.4793,
99.8303,
61.12854,
0,
28204.25,
1998, 
1541.172,
5943.403,
163.3201,
67.65081,
311.0652,
316.1455,
427.6874,
109.5607,
44.64969,
593.2291,
7045.756,
1285.531,
372.6195,
636.5688,
181.0233,
2355.934,
1881.151,
1113.407,
412.9665,
1525.477,
245.3184,
111.2113,
1748.839,
349.9771,
103.4804,
79.89678,
0,
28967.04,
1999, 
1573.015,
6057.186,
172.6971,
72.95953,
323.1096,
316.4294,
453.2455,
115.0246,
45.95658,
591.7195,
7126.292,
1259.177,
385.2353,
660.738,
177.9123,
2419.065,
1803.323,
1196.249,
459.5858,
1588.78,
262.3439,
129.8471,
1775.067,
368.8039,
103.3469,
86.475,
0,
29523.58,
2000, 
1619.697,
6344.291,
183.9537,
74.66227,
335.0011,
332.6061,
482.4213,
118.6216,
47.63646,
619.6397,
7152.521,
1339.021,
416.5361,
653.3544,
181.3992,
2538.873,
1817.156,
1262.988,
543.8885,
1794.982,
284.8001,
139.9342,
1849.39,
380.1482,
112.7044,
94.11053,
0,
30720.34,
2001, 
1579.719,
6031.206,
189.4091,
76.66704,
328.1642,
330.7289,
510.2729,
126.1315,
49.84262,
599.1782,
7135.165,
1460.054,
422.4892,
695.7208,
174.0278,
2652.346,
1899.68,
1310.984,
580.7737,
1977.972,
302.5647,
147.725,
1831.389,
404.1982,
126.4622,
106.0162,
0,
31048.89,
2002, 
1601.05,
6216.21,
192.1736,
79.94642,
348.0615,
326.7459,
534.3184,
133.9978,
49.98583,
648.272,
6969.877,
1395.731,
445.9738,
691.4359,
177.368,
2560.378,
1972.567,
1350.997,
620.5974,
2141.582,
320.7811,
156.4462,
1867.587,
404.8233,
133.3852,
112.9533,
0,
31453.25,
2003, 
1558.791,
6273.925,
235.2676,
81.74721,
362.1785,
343.3904,
561.4785,
132.2992,
52.97624,
678.5637,
6903.052,
1403.493,
481.6523,
715.9754,
188.6366,
2608.94,
2073.951,
1440.945,
647.3823,
2454.221,
346.7341,
163.4108,
1866.122,
387.6267,
141.6298,
108.1267,
0,
32212.51,
2004, 
1581.586,
6472.802,
234.6701,
82.24941,
387.3928,
366.3536,
594.9327,
146.1338,
57.44344,
701.1445,
6821.571,
1486.092,
514.1426,
748.0402,
195.4836,
2691.502,
2209.006,
1534.718,
682.556,
2814.304,
370.2732,
174.4283,
1920.669,
398.1951,
153.0503,
116.0427,
0,
33454.79,
2005, 
1543.358,
6485.036,
246.4169,
86.55426,
398.6035,
381.2256,
608.4113,
155.1086,
62.00078,
710.0569,
6720.834,
1459.978,
545.3374,
726.2683,
200.2108,
3037.676,
2217.365,
1633.148,
726.4254,
3182.857,
399.2417,
186.3076,
1965.863,
398.9936,
164.7539,
124.8803,
0,
34366.91,
2006, 
1485.209,
6463.274,
253.2986,
91.61446,
416.5829,
403.1402,
644.8983,
164.3274,
65.98615,
743.8075,
6568.492,
1481.368,
585.3354,
758.7625,
204.8183,
3049.432,
2345.201,
1768.021,
748.8411,
3651.775,
421.8054,
189.6847,
1991.24,
401.0588,
174.3476,
127.9804,
0,
35200.3,
2007, 
1573.768,
6502.154,
263.0916,
94.19965,
441.549,
413.2222,
714.046,
173.648,
71.88458,
761.9922,
6336.264,
1470.151,
632.9545,
770.4725,
213.2718,
3064.957,
2529.003,
1898.823,
790.6597,
4199.039,
446.9901,
193.6209,
2051.414,
418.7111,
180.294,
131.2576,
0,
36337.44,
2008, 
1562.947,
6384.727,
266.9301,
92.66202,
459.9495,
440.7023,
746.6286,
177.1564,
71.8033,
758.9349,
6237.907,
1467.459,
641.0939,
729.7098,
195.7382,
3118.576,
2638.016,
1827.205,
844.074,
4642.784,
458.112,
197.9269,
1982.143,
418.7217,
187.7509,
133.4353,
0,
36683.09,
2009, 
1492.39,
6045.008,
264.8589,
92.53746,
464.9567,
445.6431,
850.5972,
184.5089,
78.43336,
740.1929,
5746.888,
1411.765,
625.934,
629.9334,
187.6756,
2938.204,
2909.691,
1962.299,
881.7204,
5356.077,
481.1257,
202.3239,
1976.7,
402.6847,
195.7019,
144.9071,
0,
36712.76,
2010, 
1481.222,
6198.645,
280.9409,
96.72885,
516.4653,
441.0455,
922.3793,
198.7336,
89.29186,
771.4053,
6003.943,
1447.471,
676.376,
647.6618,
207.0995,
2950.156,
3046.44,
2116.348,
951.6044,
6456.727,
525.5093,
218.2254,
2076.254,
424.6773,
202.2233,
152.9949,
0,
39100.57,
2011, 
1542.536,
5995.045,
311.5377,
101.2479,
535.3832,
456.192,
953.186,
205.3536,
104.2321,
779.129,
6057.01,
1449.709,
737.6721,
658.8655,
200.3535,
3015.484,
3174.101,
2348.413,
991.4055,
7878.156,
553.0667,
232.5229,
2104.066,
424.6695,
215.447,
156.2239,
0,
41181.01,
2012, 
1500,
5971.355,
330.3058,
105.0472,
564.7504,
487.4852,
1015.099,
211.2207,
116.3557,
774.8246,
6247.069,
1379.506,
798.6833,
661.2039,
213.3696,
3021.991,
3386.411,
2475.237,
1032.809,
9029.835,
612.9449,
243.3817,
2215.165,
444.0981,
232.0977,
160.3334,
0,
43230.58,
2013, 
1409.216,
6037.742,
315.757,
110.4133,
588.5507,
523.9561,
1076.097,
236.7998,
127.4222,
801.2288,
5995.381,
1359.135,
813.5629,
641.7047,
256.1597,
3033.941,
3584.295,
2651.109,
1079.617,
10682.44,
676.435,
267.9693,
2609.913,
474.837,
262.2715,
168.6631,
0,
45784.62,
2014, 
1365.216,
6141.215,
333.3959,
114.7734,
625.7964,
527.735,
1145.586,
251.1702,
145.0345,
889.5321,
6023.522,
1324.885,
860.8146,
602.2682,
234.0102,
3058.502,
3884.448,
2973.917,
1139.892,
12521.9,
781.5029,
287.8329,
3149.283,
484.7819,
285.3293,
191.2885,
0,
49343.63,
2015, 
1274.226,
6365.407,
347.245,
125.4136,
629.0422,
566.5461,
1283.219,
275.4929,
164.1872,
933.5518,
5607.788,
1281.909,
918.0795,
551.8569,
243.0923,
3075.236,
4340.302,
3256.517,
1229.529,
14739.47,
872.8184,
306.3836,
3790.197,
522.5352,
305.7794,
201.0302,
0,
53206.86,
2016, 
1251.574,
6622.056,
368.4552,
128.7275,
663.5425,
574.06,
1404.035,
284.7198,
174.6331,
1035.739,
5836.576,
1299.578,
1036.186,
549.6064,
287.4826,
3078.874,
4783.353,
3654.81,
1321.888,
16879.12,
1040.509,
331.1926,
4327.507,
565.3259,
355.6442,
195.4336,
0,
58050.63,
2017, 
1289.842,
7077.775,
374.4357,
128.2212,
709.332,
574.8222,
1448.323,
301.5233,
185.577,
1132.265,
6028.562,
1300.061,
1305.621,
561.3277,
363.8872,
3135.961,
4878.351,
4116.484,
1447.87,
20094.45,
1134.019,
353.0933,
4835.521,
624.6139,
402.6216,
211.5187,
0,
64016.07,
2018, 
1250.143,
7531.365,
401.458,
135.5527,
740.4254,
583.9454,
1627.886,
331.4266,
221.009,
1266.692,
6398.786,
1472.705,
1820.261,
605.6222,
376.3805,
3125.749,
4867.264,
4718.147,
1606.207,
23550.56,
1237.816,
411.931,
5307.386,
761.3093,
438.9893,
235.2565,
0,
71024.27,
2019, 
1289.778,
7838.29,
399.6429,
140.8151,
791.7687,
554.202,
1769.316,
359.2982,
252.4483,
1301.248,
7146.557,
1390.904,
1947.226,
670.2047,
411.2515,
3166.187,
5511.548,
5118.226,
1826.678,
26583.26,
1583.531,
450.8109,
5740.975,
924.3907,
468.3828,
264.1612,
0,
77901.1,
2020, 
1266.646,
8123.261,
413.9666,
132.5251,
766.7391,
548.8086,
1825.463,
383.1367,
264.9096,
1349.372,
7756.188,
1477.384,
2102.146,
697.4646,
372.8519,
3061.93,
5928.354,
5237.749,
2062.935,
30851.81,
1929.23,
453.4697,
6217.333,
1111.117,
494.0463,
267.8839,
0,
85096.72,
2021, 
1286.08,
9220.465,
440.0713,
145.0636,
845.5304,
616.2877,
1933.281,
412.3448,
294.8287,
1424.724,
8084.276,
1657.258,
2362.382,
717.6393,
459.4185,
3203.394,
6338.188,
5794.989,
2411.588,
36245.53,
2575.417,
488.8349,
6729.423,
1361.316,
560.807,
292.6948,
0,
95901.83,
2022, 
1312.433,
10148.27,
473.6081,
154.7179,
893.2942,
616.1287,
1971.319,
491.6915,
333.1985,
1427.375,
8851.188,
1800.785,
2615.532,
600.1971,
504.2877,
3172.171,
7294.341,
6718.057,
2581.315,
40256.21,
2729.1,
534.5425,
7050.301,
1587.233,
641.9511,
365.3612,
0,
105124.6,
2023, 
1299.665,
11553.83,
496.2041,
161.5018,
957.7858,
632.3934,
2119.968,
575.9502,
356.1331,
1441.626,
9748.998,
1991.181,
2853.714,
621.9564,
569.2964,
3217.748,
8108.381,
7413.521,
2788.441,
48747.62,
2911.343,
588.368,
7292.253,
1816.377,
671.0489,
389.4136,
0,
119324.7,
2024, 
1122.2,
13538.86,
508.5146,
168.7618,
994.8301,
658.3488,
2293.832,
640.7551,
384.5148,
1502.279,
10608.53,
2260.929,
3831.259,
565.2191,
628.8403,
3202.864,
8663.696,
8595.235,
3002.699,
57087.42,
3081.316,
632.8549,
7438.164,
2140.392,
728.4448,
422.1685,
0,
134702.9,
2025, 
1124.732,
15820.54,
514.876,
216.174,
1125.923,
694.949,
2433.758,
715.7515,
514.1113,
1802.94,
11546.77,
2458.77,
4094.266,
592.0004,
679.8845,
3189.118,
14336.22,
10802.52,
3205.331,
60996.37,
3404.667,
1071.316,
8356.754,
2536.228,
906.2827,
465.3904,
0,
153605.6,
2026, 
1098.375,
17338.68,
554.6851,
225.9933,
1133.796,
719.9497,
2389.428,
797.9167,
633.3425,
1777.593,
12268.79,
2513.394,
4045.287,
638.4351,
977.3912,
3175.157,
19037.5,
12746.28,
3491.283,
71163.64,
3664.016,
1227.532,
9708.222,
2855.971,
1108.583,
481.5402,
0,
175772.8,
2027, 
1081.31,
18801.55,
592.3528,
258.8621,
1144.604,
754.4475,
2356.852,
997.8536,
771.174,
1700.423,
13095.17,
2674.936,
4082.937,
705.2955,
1385.616,
3155.1,
21201.6,
14926.31,
3496.095,
80506.98,
4117.912,
1769.632,
10603.4,
3268.317,
1399.301,
487.3113,
0,
195335.3,
2028, 
1114.886,
19979.4,
632.7656,
304.093,
1155.84,
787.3732,
2303.57,
1300.822,
912.8,
1639.241,
14117.14,
2924.888,
4125.954,
772.2855,
1888.821,
3125.98,
22209.79,
17631.78,
3339.06,
90602.98,
5093.654,
2600.608,
10822.86,
3705.438,
1868.212,
489.4887,
0,
215449.7,
2029, 
1193.98,
21202.04,
680.9669,
350.351,
1176.992,
885.528,
2254.521,
1664.747,
1037.043,
1600.872,
15018.84,
3452.944,
4289.974,
818.035,
2377.259,
3102.703,
23292.12,
20638.96,
3280.594,
100612.6,
6208.379,
3522.768,
14510.61,
4284.99,
2325.916,
485.8472,
0,
240269.6,
2030, 
1306.904,
22529.29,
829.2626,
414.3757,
1190.493,
1005.805,
2162.617,
2043.004,
1103.199,
2148.975,
16206.91,
3876.607,
4447.333,
882.7698,
3114.652,
3090.072,
24064.69,
23737.42,
3258.066,
110213,
7316.357,
4311.805,
13071.29,
4938.932,
2741.799,
462.8095,
0,
260468.5,
2031, 
1448.393,
23318.25,
973.0394,
495.9335,
1212.617,
1151.624,
2162.286,
2277.146,
1108.461,
2057.1,
18999.12,
4605.211,
4462.279,
946.1177,
3968.932,
3055.135,
22956.55,
26818.94,
3284.318,
121021.9,
8386.718,
5234.167,
13388.51,
5518.098,
3143.786,
431.3045,
0,
282426,
2032, 
1632.953,
24641.19,
1096.41,
639.9665,
1266.471,
1346.294,
2263.761,
2378.293,
1061.947,
1949.868,
40237.29,
9818.192,
4485.955,
1010.772,
4719.818,
3036.073,
21907.36,
30323.19,
3429.982,
133211.6,
9559.431,
5822.49,
13959,
6151.57,
3521.805,
396.7516,
0,
329868.4,
2033, 
1827.425,
25590.49,
1174.329,
869.1456,
1343.511,
1578.978,
2539.371,
2427.485,
968.4733,
1829.62,
55822.61,
17627.43,
4550.94,
1058.316,
5306.416,
2979.891,
20763.42,
34661.34,
3635.054,
145828.3,
10567.19,
6456.766,
14586.98,
6806.627,
3903.056,
351.9213,
0,
375055.1,
2034, 
2042.606,
26756.8,
1219.25,
1096.415,
1430.527,
2037.486,
2928.928,
2430.606,
857.3494,
1696.965,
77552.68,
32137.94,
4649.601,
1117.574,
5768.267,
2956.661,
19823.25,
40776.14,
3924.866,
163277.9,
11706.73,
7158.703,
15388.45,
7498.842,
4397.119,
293.318,
0,
440925,
2035, 
2189.358,
27815.15,
1254.054,
1320.435,
1543.286,
3198.059,
3353.87,
2400.706,
720.6197,
1552.127,
102958.5,
55797.18,
4765.206,
1173.172,
6276.315,
2936.095,
18959.34,
47463.09,
4287.415,
182179.4,
13051.6,
8013.923,
15995.47,
8264.786,
5231.066,
222.3685,
0,
522922.7,
2036, 
2329.902,
32008.39,
1276.603,
1543.837,
1723.023,
5206.232,
4019.136,
2740.32,
724.512,
1599.598,
122411.1,
63058.98,
5537.697,
1221.658,
6952.381,
2923.482,
20338.42,
53974.93,
4970.89,
200845.6,
14618.66,
8873.768,
16538.55,
9055.211,
6281.512,
249.6879,
0,
591024.1,
2037, 
2530.822,
42185.2,
1310.998,
1820.08,
1959.467,
7759.959,
4676.434,
3102.83,
731.8759,
1668.335,
134139.2,
67120.08,
6310.558,
1281.835,
7623.138,
2917.01,
21857.74,
61479.14,
5340.408,
219553.2,
16380.81,
9927.176,
17098.48,
9793.359,
7586.696,
285.1458,
0,
656440,
2038, 
2792.109,
53906.64,
1390.477,
2177.441,
2028.489,
10702.69,
5267.844,
3474.685,
740.0925,
1742.799,
140260.6,
68027.34,
7026.992,
1368.505,
8773.021,
2914.259,
24361.44,
69233.39,
5404.34,
254463.4,
18338.74,
11016.87,
17639.71,
10455.12,
9092.528,
342.168,
0,
732941.6,
2039, 
3123.922,
71131.84,
1529.136,
2536.804,
2030.076,
15691.25,
5795.877,
3865.229,
750.9695,
1816.502,
149207.3,
68328.81,
7685.321,
1489.031,
10252.87,
2918.337,
30189.27,
87978.2,
5443.386,
307318,
20484.65,
12503.28,
18036,
11115.16,
10730.57,
410.1006,
0,
852361.8,
2040, 
3870.178,
92465.74,
1685.384,
2943.865,
2039.717,
21171.08,
6254.837,
4272.5,
771.5166,
1893.714,
152137.7,
68570.35,
8241.071,
1622.81,
11950.24,
2940.549,
36992.97,
120928.4,
5422.828,
348519.4,
23080.93,
13851.59,
18360.33,
11700.9,
12543.02,
490.6406,
0,
974722.3,
2041, 
4701.135,
109735.6,
1891.215,
3455.105,
2045.68,
24765.3,
6716.428,
4731.908,
801.3694,
1981.46,
153904.7,
68916.29,
8893.341,
1749.945,
16365.7,
2999.948,
43368.43,
156298.2,
5384.31,
399137.8,
25924.64,
15578.84,
18534.48,
12317.15,
14495.29,
584.8687,
0,
1105279,
2042, 
5664.495,
120298,
2540.883,
4810.824,
2106.698,
28390.63,
7186.414,
5241.632,
838.94,
2072.574,
154652.9,
69480.51,
9776.542,
1846.983,
21025.94,
3087.159,
51031.84,
189040.2,
5391.472,
450054.8,
29047.88,
17158.88,
18607.38,
12829.78,
16448.29,
712.6151,
0,
1229344,
2043, 
7193.953,
136137.9,
3450.119,
6331.494,
2175.469,
34096.09,
7637.675,
5793.153,
881.9163,
2293.961,
154940.3,
69763.08,
10651.86,
1940.947,
25661.22,
3190.192,
60437.5,
222234.5,
5413.014,
505019.5,
32385.57,
18836.43,
18551.37,
13245.83,
18945.12,
895.0377,
0,
1368103,
2044, 
9958.628,
153859.2,
4543.141,
8047.406,
2251.819,
40243.04,
8147.533,
6391.094,
933.5874,
2657.221,
156381.9,
69713.72,
11325.18,
2032.297,
30018.4,
3299.853,
71030.4,
261613.4,
5432.178,
561061.5,
36012.96,
21052.86,
18470.3,
13577.21,
21823.32,
1152.426,
0,
1521031,
2045, 
12838.28,
170192.3,
6292.355,
9978.441,
2375.276,
47236.54,
9795.812,
7378.531,
986.9969,
3076.313,
156402,
69767.92,
13139.88,
2133.923,
33809.46,
3477.205,
88653.7,
309258.9,
5503.36,
641906.7,
39890.82,
23106.93,
18162.24,
13893.69,
25046.4,
1484.813,
0,
1715789,
2046, 
16113.62,
186475.3,
12279.05,
12068,
2531.686,
55572.98,
12293.53,
8321.498,
1035.855,
3450.679,
155617.5,
69549.96,
15142.41,
2241.215,
36828.13,
3735.253,
98962.05,
349830.3,
5597.155,
726804.6,
44119.27,
24913.3,
17429.6,
13972.66,
28242.06,
1856.005,
0,
1904984,
2047, 
19518.92,
205594.9,
20348.73,
14025.96,
2713.611,
63853.55,
15226.75,
9240.24,
1409.996,
3974.866,
153623.6,
69216.85,
17531.49,
2347.708,
39394.08,
4039.739,
113795.4,
391283,
5649.787,
804993,
51789.25,
26565.74,
16503.79,
13974.83,
32103.38,
2126.089,
0,
2100845,
2048, 
24136.51,
224899.9,
28054.74,
15737.66,
2985.899,
74565.47,
18464.51,
10201.22,
2160.921,
4611.596,
152175.3,
68860.48,
20687.87,
2456.24,
41970.21,
4347.587,
124747.3,
423840.1,
5578.024,
872345,
60729.13,
27900.43,
15729.08,
14155.95,
36011.41,
2394.642,
0,
2279747,
2049, 
30051.68,
249659.9,
32775.66,
17610.16,
3313.928,
82207.08,
21734.09,
11336.25,
3581.354,
5438.842,
149558.7,
68711.24,
23615.03,
2567.998,
44228.04,
4650.369,
132070.7,
451455.6,
5497.449,
932871,
68412.67,
29301.46,
15224.56,
14412.61,
39789.67,
2678.307,
0,
2442754,
2050, 
35872.58,
282841.3,
38446.65,
20028.35,
3686.79,
89354.48,
24963.09,
12629.42,
4157.793,
6232.722,
149868.2,
68644.05,
26477.69,
2863.95,
47035.98,
4914.729,
135485.3,
463275.7,
5302.949,
978152.6,
76455.19,
30581.28,
15237.59,
14757.95,
43938.52,
2987.436,
0,
2584192,
2051, 
39515.75,
329413,
43328.02,
22077.07,
4097.841,
97582.3,
28009.87,
13974.28,
4548.074,
7223.129,
150907.7,
68499.13,
30470.84,
3446.506,
48682.9,
5146.904,
140020.8,
470672.1,
5260.657,
1031220,
82603.73,
32316.19,
15675.55,
15175.44,
48918.34,
3305.043,
0,
2742092,
2052, 
43653.57,
366601.8,
48908.68,
24339.46,
4478.116,
104734.6,
30723.39,
15609.69,
4925.683,
8456.658,
152326.7,
68381.47,
33463.36,
4249.763,
49754,
5431.678,
145223.2,
473783.4,
5301.46,
1081200,
85934.41,
33542.91,
16347.23,
15601.69,
54874.12,
3632.999,
0,
2881480,
2053, 
46704.41,
405924.8,
55138.26,
28351.46,
4819.167,
111992.8,
34133.31,
17753.05,
5859.643,
10995.48,
151903.4,
68294.17,
35619.2,
5248.166,
50857.34,
5838.898,
155157.4,
474259.5,
5566.624,
1122553,
89097.94,
33680.43,
17266.18,
16231.34,
62892.6,
3956.232,
0,
3020095,
2054, 
47291.02,
437668.7,
62153.36,
31525.11,
5173.066,
116342.8,
39120.06,
19963.97,
6893.851,
13752.27,
149497.7,
68226.37,
37680.92,
6388.84,
51991.64,
6422.963,
163564.1,
466579.1,
5710.677,
1167364,
91478.3,
33832.63,
18335.67,
17030.34,
74327.3,
4388.793,
0,
3142704,
2055, 
47467.68,
456274.5,
69516.61,
33892.5,
5649.577,
120236.4,
43657.87,
22264.41,
7659.351,
16756.79,
149589.6,
68213.17,
40331.44,
7652.976,
53118.92,
7164.947,
174004,
455855.9,
5931.78,
1203578,
93289.89,
34066.59,
19398.35,
18213.91,
83939.69,
4906.441,
0,
3242632,
2056, 
47380.68,
473742,
75693.7,
36346.54,
6190.287,
123948.2,
55210.38,
24609.85,
8468.291,
20087.42,
152908.9,
68233.98,
43308.97,
9436.396,
54321.51,
7994.613,
194520.2,
446755.6,
6219.41,
1205658,
95392.83,
34336.94,
19885.87,
20342.38,
89889.91,
5517.169,
0,
3326400,
2057, 
47376.89,
485725.2,
77115.07,
37834.08,
6870.283,
127624.4,
69637.04,
27107.17,
9080.791,
23674.2,
157247.9,
68270.92,
45936,
11364.49,
56319.54,
8771.01,
212197.8,
440371.3,
6493.129,
1207057,
95635.81,
34932.33,
19950.38,
22171.5,
102781.4,
6289.448,
0,
3407836,
2058, 
47337.38,
489553.7,
78549,
39084.62,
7699.994,
131155.5,
85514.88,
29872.73,
10571.84,
27595.76,
160453.7,
68373.89,
48579.81,
13411.26,
59341.16,
9385.494,
224903.9,
435279.5,
6704.036,
1207859,
95146.86,
35780.02,
20441.36,
23686.02,
119908.8,
7200.706,
0,
3483391,
2059, 
47768.03,
487216.7,
80081.55,
39723.27,
8790.389,
134586.5,
96578.06,
33361.93,
13523.37,
31560.68,
162617.3,
68419.22,
50801.79,
15377.15,
61731.45,
9731.476,
249576,
430601.5,
6760.957,
1207878,
93201.58,
36571.63,
20045.6,
24937.65,
138296.6,
8295.807,
0,
3558034,
2060, 
48356.59,
489801,
81617.76,
41079.37,
9916.703,
138000,
105083.3,
37030.34,
18694.44,
36873.21,
163852.7,
68413.77,
52426.39,
17394.06,
64324.04,
10039.04,
257786.1,
428759.9,
6433.115,
1207561,
91818.66,
38246.95,
21161.36,
26311.91,
158971.9,
9493.108,
0,
3629447,
2061, 
49115.12,
494047.7,
83200.66,
41815.54,
11392.79,
141443,
111811.8,
40683.84,
26121.32,
42946.7,
159979.7,
68042.39,
53878.87,
20206.7,
66976.38,
10378.7,
260943.1,
430648,
6788.659,
1205620,
92783.75,
39145.72,
21693.33,
27914.53,
178401.1,
10781.51,
0,
3696761,
2062, 
49916.2,
500195.2,
85970.13,
42099.96,
12839.81,
144791.2,
115072.2,
44682.25,
43430.32,
46978.21,
155160,
67505.16,
54501,
24130.18,
69891.73,
10717.67,
265971,
436026.6,
7235.725,
1203094,
94667.9,
39046.97,
22226.16,
29990.52,
199984.8,
12279.21,
0,
3778404,
2063, 
50807.08,
507787.2,
89281.59,
41973.47,
14349.2,
148155.9,
117917.2,
52315,
62069.75,
51058.29,
149626.1,
66681.27,
54526.64,
28298.47,
72824.58,
11097.98,
269188.9,
438987.5,
7267.651,
1200468,
99220.12,
38907.66,
22513.25,
32548.77,
219093.1,
14015.92,
0,
3860981,
2064, 
51747.1,
519165.3,
92276.54,
42296,
16129.95,
153018.6,
123977.6,
58247.24,
79843.13,
55053,
148334.8,
66660.52,
54296.52,
32066.62,
76614.17,
11467.88,
272636.5,
446685.2,
7280.725,
1197739,
107010,
39120.75,
22624.51,
35402.22,
233672.2,
15874.69,
0,
3959240,
2065, 
50122.06,
523229.8,
95235.27,
43181.7,
19053.31,
161807.9,
134187.8,
68546.02,
92757.19,
57177.2,
152725.4,
66753.06,
54684.17,
34346.93,
80658.52,
11908.32,
276488.1,
453635.9,
7320.644,
1194881,
114171.2,
39520.49,
22732.67,
38170.79,
250894.3,
18813.71,
0,
4063003,
2066, 
47169.69,
527567,
98130.22,
44209.2,
23193.25,
174434.5,
148748.5,
76690.49,
103136.3,
58267.97,
155824.3,
66603.84,
54831.19,
35171.79,
85014.48,
12383.77,
282211.4,
457864.7,
7391.679,
1190536,
118313.8,
39986.78,
22939.82,
41120.78,
272516.9,
23690.05,
0,
4167948,
2067, 
43923.35,
532004.3,
100754.4,
45061.45,
28201.67,
188390.8,
166545.3,
85201.81,
113039.8,
59307.87,
159604.7,
67343.13,
55036.71,
35878.82,
89441.55,
14497.83,
289941.3,
451163,
7446.584,
1186175,
120330.1,
40748.19,
23222.18,
44415.14,
293593.8,
29312.66,
0,
4270581,
2068, 
40647.73,
536153.2,
104103.1,
45898.35,
33491.25,
200622.7,
182435.1,
93354.5,
119100.3,
60307.33,
167570.6,
67693.01,
55576.06,
36305.91,
93803.01,
17145.56,
300418.9,
437869.3,
7506.799,
1181706,
116688.8,
41807.98,
23505.67,
48348.47,
317740.9,
35289.75,
0,
4365090,
2069, 
37186.92,
539333.9,
111518.3,
45767.24,
39822.95,
206692.4,
199383.6,
98791.02,
124970.2,
61285.09,
171248.7,
67998.88,
57011.47,
36602.66,
97845.96,
19807.46,
313594.6,
424704.1,
7572.37,
1177362,
110679.6,
42861.73,
23733.89,
53352.84,
344406,
41885.03,
0,
4455419,
2070, 
34048.22,
541647.4,
117617.3,
45038.15,
47492.11,
212177,
213456.5,
106130.2,
130796.1,
63264.57,
175011.7,
68297.34,
58105.63,
36030.24,
101517.3,
22987.56,
327607.5,
418371.5,
7658.412,
1173004,
106463.8,
43843.47,
23859.32,
59170.59,
374960,
47717.96,
0,
4556274,
2071, 
31044.13,
543049.4,
121306.9,
43568.54,
55424.78,
221389.9,
225185.7,
115828.4,
135472.4,
67319.53,
176815,
68454.23,
59187.95,
35357.21,
105247.7,
25948.96,
333417.7,
420848.4,
7822.814,
1167680,
106561.3,
45058.56,
23828.68,
65679.24,
405404,
52964.98,
0,
4659866,
2072, 
29581.49,
544880.4,
126586.4,
41450.04,
72691.13,
234218.6,
234025.2,
127842.8,
139519.3,
72056.92,
179966.8,
68679.44,
60518.08,
34676.42,
108669.8,
29044.91,
337950,
428832.3,
7971.36,
1167992,
108656.1,
46482.83,
23652.63,
72200.07,
431556.7,
57892.5,
0,
4787595,
2073, 
29300.54,
547233.2,
131714.5,
40382.02,
95025.82,
241527.8,
241230,
141971.5,
145754,
77009.79,
182507.9,
69181.43,
61287.49,
34041.22,
111814.2,
33598.75,
342552.8,
442492.7,
8086.825,
1177171,
111491.1,
47710.49,
23206.77,
78126.84,
447338.9,
61902.77,
0,
4923661,
2074, 
29517.7,
549916.8,
133169.8,
40688.12,
117977.2,
243300.1,
247296,
158240.2,
157515.1,
81851,
183295.5,
70440.49,
61814.76,
33454.09,
114496.1,
39718.84,
347085.3,
452313.2,
8175.74,
1193664,
115865,
49175.18,
22402.4,
81879.52,
463042.6,
66504.48,
0,
5062799,
2075, 
30416.98,
552814.7,
138697.4,
41329.79,
141564,
245821.5,
257006.8,
176961.3,
170379.6,
83115.23,
182085.1,
72382,
62050.88,
32931.83,
116555.6,
45038.12,
351602.5,
454689.6,
8312.568,
1213319,
124152.9,
50580.3,
21471.93,
85253.24,
478603.6,
73349.39,
0,
5210486,
2076, 
31439.24,
555645.4,
141078.3,
42624.6,
163734.4,
248497.2,
268994.4,
200450.7,
183932.9,
85664.49,
179412.1,
73137.39,
62089.84,
32474.31,
118167,
49927.71,
356076.5,
448923,
8453.104,
1227185,
128893.6,
51453.79,
20585.31,
88594.65,
495263,
79251.48,
0,
5341950,
2077, 
32722.41,
558685.9,
147036.3,
44840.95,
189278.6,
253627.6,
281189,
224325,
191125.7,
88840.2,
174268.5,
73846.84,
61891.55,
32075.7,
119613.9,
54914.87,
362562.8,
445156.3,
8618.913,
1245402,
128283,
51799.9,
19700.5,
92171.66,
511930.9,
87557.78,
0,
5481467,
2078, 
34560.24,
561667.9,
149973,
46584.18,
213527.5,
256849.1,
284585.4,
241816.2,
198472.1,
94527.57,
166535.8,
74653.33,
61479,
31721.03,
121070.7,
59718.75,
373812.1,
445284.2,
8799.503,
1241893,
126896.5,
52395.12,
19077.23,
95750.72,
528198.8,
99753.08,
0,
5589602,
2079, 
37020.21,
564700.3,
156748.9,
46961.36,
236904.3,
262439.2,
287787.5,
266475.3,
205930.1,
99138.61,
162058.5,
75408.9,
60934.57,
31423.76,
122858.1,
64589.15,
382639.3,
448104.9,
9001.183,
1218790,
126637.2,
52167.35,
18862.66,
97867.86,
544194.7,
114370,
0,
5694014,
2080, 
39701.43,
567757.3,
164104.7,
46596.79,
264108.2,
265798,
291028.5,
287060.3,
213464.3,
102266.3,
159213.3,
76243.41,
60047.45,
31160.26,
124942.9,
69398.8,
391621.3,
451274.7,
9285.344,
1205772,
128272.2,
51971.3,
18649.11,
99236.09,
560058.2,
127604.7,
0,
5806636,
2081, 
43057.19,
570554.1,
172229,
45858.29,
289456.2,
266672.7,
293943.6,
301480.6,
221766,
107729.5,
155790.5,
77033.58,
59936.17,
30938.38,
126910,
75219.62,
401168.2,
455394,
9523.171,
1202947,
130701.2,
51564.44,
18992.97,
100543.5,
575525.7,
137814.7,
0,
5922750,
2082, 
48394.91,
573456.4,
180233.8,
45405.39,
309388,
266616,
296821.9,
311833.2,
231544.3,
111581.3,
156398.2,
77616.92,
60474.93,
30752.19,
128527.6,
80933.28,
411799.8,
460681.7,
9796.521,
1207866,
129430.4,
51029.02,
19554.9,
101839.7,
590785.4,
146188.5,
0,
6038951,
2083, 
56803.63,
576389.6,
190744.5,
45129.51,
331265.8,
266366,
299645.1,
339987.2,
245426.3,
115015.9,
157959.1,
78457.63,
60940.32,
30599.01,
130425.2,
86172.2,
431974.4,
465317,
10432.28,
1214316,
128187.1,
50448.8,
20032.44,
103133,
605919.7,
154205.9,
0,
6195294,
2084, 
66275.7,
579491.8,
199584.5,
44656.12,
334168.3,
266234.2,
302287.6,
371478.5,
259812.1,
117199.1,
161502.4,
78925.14,
61326.99,
30475.59,
131808.4,
91980.74,
453032.1,
466796.7,
10924.87,
1222897,
127214.2,
50394.28,
20577.7,
104464.2,
620987.1,
161587.8,
0,
6336083,
2085, 
74860.44,
582855.1,
206073,
44910.02,
337108.6,
264891.6,
305100.8,
405390.3,
276493.8,
119076,
166448.3,
79391.98,
61837.97,
30381.16,
133480,
96778.85,
464428.9,
463917.5,
11379.47,
1224884,
125762.5,
50183.07,
21185.45,
105726.8,
636026.1,
169320.8,
0,
6457893,
2086, 
78179.86,
585968.1,
210289.1,
45083.05,
339830.9,
265255.4,
312474.3,
440017.1,
290720.6,
121994.8,
182526.6,
79913.06,
62471.75,
30314.36,
135432.4,
102426.7,
469253.6,
458750.9,
11634.92,
1209908,
126452.1,
49510.76,
21755.5,
106906.7,
651714.9,
178181.1,
0,
6566967,
2087, 
76360.82,
588933.5,
214943,
44859.53,
342236.1,
265771.2,
327008.2,
481287.7,
305019.9,
125126.1,
192455,
80069.75,
62922.82,
30259.38,
137732.1,
108605.7,
480216.3,
454096.9,
11777.37,
1185281,
126959.1,
49225.5,
22293.13,
108079.7,
667231.5,
186051.9,
0,
6674803,
2088, 
71568.73,
592009.5,
218782.2,
44359.11,
344399.7,
260586,
342839.6,
522372.8,
320483.6,
127929.9,
199952.9,
80075.41,
63326.97,
30216.24,
140383.1,
115405.4,
490387.8,
447489.3,
11821.71,
1155122,
127687.7,
49366.95,
22744.47,
109240.4,
682280.2,
196272.6,
0,
6767105,
2089, 
70287.98,
594614.6,
222193.6,
42940.93,
346271.8,
261876.6,
358284.3,
557530.8,
341674.6,
129469.7,
203379.2,
80023.11,
63607.53,
30173.59,
143163.2,
122498.2,
508661.1,
442644.1,
11996.69,
1126732,
128513.4,
49657.43,
23050.11,
110395.6,
695026.8,
207726.4,
0,
6872394,
2090, 
68921.28,
597301.1,
224632.2,
41187.51,
347812.5,
260498.3,
373386.7,
593058.3,
360594.3,
130223.9,
202673.4,
79909.33,
63753.44,
30145.75,
145675.5,
128651.3,
524394.9,
438791.3,
12290.72,
1105567,
129075.3,
50026.76,
23301.81,
111525.2,
707432.3,
220917.9,
0,
6971748,
2091, 
67553.6,
600042.6,
228432.4,
39352.57,
349150.8,
259587.4,
393657.6,
625995,
384138.7,
130250.8,
204744.8,
79531.9,
63431.24,
30142.09,
147371.8,
135727.7,
541976.1,
433296.4,
12869.21,
1089711,
126901.4,
50712.98,
23424.45,
112668.1,
720005.1,
235862.8,
0,
7086538,
2092, 
66088.88,
602640,
233684.8,
37766.83,
350455.6,
258041.3,
411790,
653196.6,
402661,
129642.5,
203380.1,
79187.55,
63071.7,
30146.54,
148428.5,
141307.3,
561261.1,
423798.7,
13014.92,
1076439,
126123.5,
51603.22,
23439.69,
113791.5,
733042.3,
253283,
0,
7187286,
2093, 
64737.11,
604595.1,
238785.4,
36249.32,
353702.5,
257201.7,
427904.2,
674103.1,
419066.7,
129193.9,
207196,
78850.19,
62619.59,
30150.72,
149140.2,
146098,
577677,
412003.8,
13564.07,
1065126,
124237,
52155.19,
23425.27,
114956.9,
739523.2,
269376.3,
0,
7271639,
2094, 
63503.39,
605834.2,
245575.3,
35223.25,
357976.2,
256747.5,
445518.4,
701365.2,
434060.2,
128566.1,
208499.6,
78460.88,
62481.16,
30158.56,
149848.9,
150639.9,
594355.1,
402992.7,
13765.63,
1050441,
121516.6,
52546.41,
23518.49,
116080.6,
734492,
284498.1,
0,
7348665,
2095, 
61981.49,
606334,
254917.2,
34709.16,
363081,
257139.4,
464671.1,
732030.4,
453314.2,
128194.2,
210871.6,
78119.75,
62423.51,
30166.13,
149798.3,
154506.5,
610909.1,
396975.9,
13745.29,
1036730,
121885.2,
53039.48,
23779.95,
117291.7,
725488.2,
294171.6,
0,
7436275,
2096, 
61002.53,
607233.4,
260899.5,
33736.97,
367888.5,
258396.3,
476280.3,
776255,
469651.4,
127069.7,
212932,
77137.43,
62528.51,
30175.31,
150260.8,
158813.8,
624680.8,
389677.9,
14123.13,
1021110,
124141.6,
53850.87,
24307.98,
118382.8,
703386.3,
304575,
0,
7508498,
2097, 
60610.37,
601335.8,
269525.4,
33955.34,
373159.9,
260107.4,
494314.2,
813653.1,
498250.9,
125884.8,
211686.5,
75351.84,
62818.84,
30188.04,
150694.7,
163778.2,
633940.3,
387099,
14398.46,
1006376,
126939.5,
54075.17,
24820.79,
119507.3,
679416.2,
314944.7,
0,
7586833,
2098, 
60738.69,
591064.4,
273579.8,
34653.66,
377630.7,
261812.1,
513181.4,
839048.6,
515248.2,
121249,
213726.2,
73711.66,
63289.59,
30201.98,
150929.1,
168049,
644972,
388728,
14401.03,
997405.4,
130806.3,
54099.36,
25215.65,
120655.4,
667479.8,
325443.3,
0,
7657321,
2099, 
60046.02,
583499.3,
280873.6,
35814.77,
382353.7,
263519.1,
532866.6,
864520.8,
537930.4,
122252.7,
215189,
72835.87,
64018.68,
30221.17,
151035.8,
171918.3,
658286.7,
388049.1,
14457.71,
988749.4,
137101.8,
53765.48,
26247.83,
121839.6,
679638.3,
335794.1,
0,
7772826,
2100, 
61663.93,
575975,
284247.2,
36031.85,
383373.7,
265244.2,
551078,
890436.4,
554855.4,
119768.6,
215239.7,
72586.79,
64708.77,
30264.66,
150450.7,
174825,
673390.8,
386416.3,
14590.21,
985986.9,
140124,
53190.96,
26578.65,
122985.9,
698134.3,
346409,
0,
7878557];
