real main.em.dem.hi.Clinker_Production[28](t) = [1971, 
7.4853,
63.9486,
6.16722,
4.277119,
8.038461,
12.24752,
6.25314,
3.05092,
1.27804,
5.21629,
148.1945,
32.9983,
6.87323,
1.5908,
0,
82.27142,
8.05349,
12.39273,
10.62152,
26.71521,
7.71953,
0.44317,
51.11324,
4.80396,
2.93748,
1.97758,
0,
516.6688,
1972, 
8.181899,
67.437,
7.17746,
5.781819,
9.33324,
12.79692,
6.21131,
3.40158,
1.24333,
5.43968,
168.4209,
36.25626,
6.91145,
1.60064,
0,
85.52518,
9.37485,
13.10155,
10.72526,
29.89577,
8.42296,
0.54236,
57.01112,
5.09894,
2.82282,
2.23657,
0,
564.9509,
1973, 
9.0477,
69.8184,
8.13276,
6.222979,
10.98636,
13.26924,
6.09294,
3.4265,
1.25579,
6.10896,
163.4131,
38.33475,
8.140861,
1.62934,
0,
89.80722,
9.12502,
12.46328,
12.71725,
31.45451,
10.1647,
0.6734,
67.1832,
5.41886,
3.15224,
2.5543,
0,
590.5936,
1974, 
9.5769,
66.20219,
8.75104,
6.252499,
12.45334,
13.92114,
6.35816,
3.59293,
1.29139,
6.49789,
160.7271,
41.23879,
8.1354,
1.6728,
0,
94.4189,
10.79415,
11.88477,
13.50622,
31.40056,
9.854391,
0.75621,
62.87288,
5.7405,
3.51533,
2.57299,
0,
593.9885,
1975, 
8.7669,
55.917,
9.184,
5.841679,
13.44062,
13.5464,
6.93399,
4.03437,
1.26291,
6.38664,
152.3531,
44.09148,
9.85803,
1.77858,
0,
100.0867,
12.3421,
13.48584,
15.58739,
39.00477,
10.81171,
0.9800701,
56.34462,
5.41112,
3.63909,
2.37363,
0,
593.4628,
1976, 
8.908199,
60.8229,
10.40662,
6.260699,
15.3135,
14.35082,
7.11199,
4.07709,
1.34657,
6.27272,
156.5511,
47.32811,
11.06014,
20.22776,
0,
101.8817,
13.16961,
15.36828,
17.17443,
39.53132,
11.79269,
1.6471,
59.09232,
5.29932,
3.50987,
1.57975,
0,
640.0847,
1977, 
8.939699,
65.3661,
10.92896,
6.179519,
17.32086,
14.7559,
7.87561,
4.14117,
1.5753,
5.84997,
160.464,
49.99436,
12.1849,
20.59403,
0,
104.1859,
13.77966,
15.91359,
19.29018,
47.12441,
12.45426,
2.31959,
62.89868,
5.26234,
3.57448,
1.58242,
0,
674.5559,
1978, 
9.425699,
69.7914,
11.603,
6.7527,
19.05598,
15.69398,
9.07978,
4.31294,
1.44714,
6.07247,
163.3752,
52.34935,
14.17052,
20.18211,
0,
104.1039,
15.73099,
16.28958,
20.14103,
55.30912,
12.91017,
3.32059,
72.99853,
5.11872,
3.90026,
1.55661,
0,
714.6918,
1979, 
10.3131,
68.9832,
12.58864,
7.018379,
20.39422,
17.19458,
11.61984,
4.63334,
1.47028,
5.51711,
165.8589,
51.99385,
12.35143,
19.51764,
0,
100.8756,
19.55231,
15.1641,
22.21583,
62.54913,
15.70569,
4.03312,
75.51144,
5.14366,
3.76194,
1.56373,
0,
735.5311,
1980, 
9.306,
61.4169,
13.44636,
7.329389,
22.29908,
19.21998,
13.28058,
4.83181,
1.604715,
6.34125,
166.359,
56.74334,
11.80725,
19.44603,
3.444,
102.5402,
21.80244,
14.77649,
21.48692,
67.66492,
13.83473,
4.78569,
75.64302,
5.20902,
4.03221,
1.48808,
0,
750.1393,
1981, 
9.1368,
58.5486,
14.90186,
7.240192,
21.36182,
19.23638,
14.4714,
5.91049,
1.58137,
7.20455,
161.6095,
52.8036,
13.68913,
19.50725,
3.623785,
104.2786,
26.34503,
17.35364,
21.49147,
70.1516,
14.80752,
5.20429,
72.95209,
5.63558,
4.27336,
1.66341,
0,
754.9833,
1982, 
7.3224,
51.7275,
15.86126,
6.975526,
21.02808,
18.38604,
14.31654,
5.90159,
1.431351,
7.1912,
156.6791,
59.37403,
14.35798,
19.72428,
3.80357,
164.3214,
28.56279,
18.7995,
23.55717,
80.35645,
16.30811,
5.30712,
69.38996,
6.06644,
4.226613,
1.5397,
0,
822.5157,
1983, 
7.083899,
57.5343,
14.23766,
7.309465,
17.1134,
17.01418,
16.05827,
5.43523,
1.42311,
7.02833,
156.5567,
62.29861,
12.37145,
20.60824,
11.06487,
171.0192,
30.74569,
20.96663,
26.64662,
91.40956,
17.70769,
7.36645,
69.56626,
5.38532,
4.453147,
1.35547,
0,
859.7597,
1984, 
8.448299,
63.4068,
15.33564,
7.243676,
15.98754,
17.32496,
20.01432,
4.94573,
1.396034,
7.194759,
147.339,
64.99251,
14.32158,
21.3323,
11.67688,
173.43,
35.87509,
24.51903,
25.85583,
103.7566,
17.76047,
8.09263,
67.8196,
4.83062,
4.842429,
1.3706,
0,
889.1129,
1985, 
9.1728,
63.2556,
16.6091,
7.130142,
16.9207,
17.38892,
21.90112,
6.18016,
1.390888,
6.1232,
139.3141,
60.60722,
15.99871,
21.1519,
12.34182,
174.4788,
36.94828,
26.53593,
25.94319,
122.7869,
16.3618,
9.0454,
62.64842,
5.73362,
5.074242,
1.4685,
0,
902.5115,
1986, 
9.5499,
64.0008,
16.2565,
7.976664,
20.70664,
19.69804,
20.29912,
6.525658,
1.525423,
5.55894,
139.6933,
63.48124,
18.20364,
22.27612,
13.84898,
179.7981,
35.55969,
29.03589,
28.6923,
140.0384,
17.02337,
10.30393,
61.28704,
6.134619,
6.25898,
1.71236,
0,
945.4457,
1987, 
11.3427,
60.64199,
19.25524,
8.431331,
20.88376,
21.51926,
23.22633,
5.958461,
1.680385,
5.33911,
143.2396,
63.21106,
20.0018,
22.63692,
14.21224,
182.8526,
37.98329,
30.82205,
31.80086,
156.8833,
18.90434,
10.75074,
61.53386,
5.948624,
7.05796,
1.84586,
0,
987.9637,
1988, 
11.115,
64.3896,
19.35692,
7.959253,
20.76978,
21.52898,
24.51861,
6.817934,
1.61624,
6.0164,
153.1162,
65.17658,
20.53688,
23.0912,
14.45496,
184.6935,
40.50151,
34.14288,
37.68401,
176.6497,
21.34769,
11.93738,
66.69644,
6.070053,
7.55482,
1.9847,
0,
1049.727,
1989, 
11.3319,
64.1772,
19.8522,
8.422002,
21.25522,
19.10026,
24.81943,
7.071888,
2.05501,
6.46229,
159.6195,
63.62107,
21.57064,
22.92556,
15.1044,
186.6738,
44.87395,
36.68351,
42.88011,
176.7477,
25.18425,
13.45708,
68.55663,
6.669346,
7.53389,
2.01407,
0,
1078.663,
1990, 
10.5705,
63.8496,
20.24006,
8.412292,
21.197,
19.23036,
26.82816,
5.94437,
2.18762,
5.84107,
158.2907,
57.66368,
22.11209,
22.3655,
14.9445,
182.705,
45.9571,
38.3211,
45.42174,
175.9268,
31.93827,
13.45526,
72.6227,
6.327796,
7.83601,
2.23034,
0,
1082.42,
1991, 
8.406684,
60.27212,
20.59494,
7.375795,
22.46015,
20.1785,
29.02796,
6.223289,
2.068484,
5.452389,
153.8522,
41.77913,
23.6083,
21.28392,
13.94246,
65.51226,
38.37441,
43.27482,
50.03647,
205.1379,
35.54351,
12.22636,
76.84591,
5.53657,
8.179326,
2.515532,
0,
979.7095,
1992, 
7.681248,
62.20899,
22.0708,
7.485446,
19.45623,
23.85,
29.13487,
6.566607,
2.179944,
5.1714,
146.4459,
32.77607,
25.72332,
18.93298,
12.26966,
51.9224,
43.28453,
44.98262,
55.54538,
258.535,
38.79516,
12.69939,
75.54371,
5.710024,
8.691056,
2.125136,
0,
1019.788,
1993, 
8.370054,
65.76203,
23.29597,
7.897469,
20.14929,
32.48428,
26.61853,
6.655245,
2.217477,
5.404935,
134.5967,
29.89813,
28.05173,
13.9646,
9.27584,
41.83804,
47.63074,
47.92454,
57.94602,
309.0458,
45.59871,
17.66861,
75.19128,
6.397794,
8.741331,
2.063302,
0,
1074.688,
1994, 
9.398592,
69.21783,
25.52795,
8.539049,
20.38503,
24.88217,
26.80534,
5.661444,
2.175782,
6.205704,
142.064,
32.35333,
26.36169,
10.62884,
6.64774,
31.07636,
49.15179,
53.18032,
62.04102,
354.6357,
51.82996,
22.05847,
78.06365,
6.907706,
8.889302,
1.768292,
0,
1136.457,
1995, 
9.2394,
68.06181,
20.36247,
8.794625,
22.74608,
27.31967,
28.3675,
5.839801,
2.748538,
6.507375,
140.482,
32.79887,
29.67193,
7.30702,
4.93312,
30.29818,
51.12236,
56.88648,
65.42539,
401.2075,
58.12344,
20.70672,
76.9029,
6.58342,
8.741465,
2.160375,
0,
1193.339,
1996, 
9.7902,
71.2656,
20.3708,
7.30622,
27.7492,
26.10831,
32.76104,
9.215296,
2.465144,
6.68824,
135.4697,
33.38586,
31.3984,
5.3382,
3.5629,
23.2798,
41.70511,
67.36,
66.2756,
432.4815,
51.53441,
32.558,
80.136,
6.522816,
9.552428,
2.41544,
0,
1236.696,
1997, 
10.2843,
72.5175,
21.9725,
7.433097,
30.4419,
27.8052,
33.91707,
12.30504,
2.37237,
6.50881,
138.1517,
34.30558,
32.004,
5.82364,
3.7679,
22.41142,
41.42406,
67.52,
68.2752,
435.9614,
63.64173,
36.6268,
77.74741,
6.48036,
9.628759,
2.42451,
0,
1271.752,
1998, 
10.5996,
72.00719,
22.0492,
8.807739,
31.84,
29.58414,
33.33234,
9.942546,
2.750416,
8.227,
153.5825,
34.58004,
33.8452,
6.31728,
3.75314,
21.9063,
36.02168,
71.91,
56.5268,
452.7361,
47.39214,
38.984,
68.6172,
6.43972,
9.485516,
3.001556,
0,
1274.239,
1999, 
10.9998,
76.21291,
23.3142,
10.17578,
31.9579,
29.91196,
35.86628,
9.663874,
2.653725,
7.680699,
152.93,
35.145,
30.3752,
6.5436,
4.37552,
23.944,
36.54928,
76.32,
56.6886,
502.6893,
59.47447,
36.6445,
67.4442,
6.35289,
9.962006,
2.957501,
0,
1346.833,
2000, 
10.962,
77.865,
25.043,
8.62996,
30.968,
30.3044,
38.7086,
9.86506,
2.74684,
7.7314,
157.0873,
34.94712,
31.504,
6.05324,
3.7064,
27.19694,
42.40138,
80.75,
59.312,
511.6762,
56.6764,
45.496,
68.12399,
7.1778,
10.604,
2.60494,
0,
1388.142,
2001, 
11.232,
78.10561,
23.4,
8.618219,
30.81,
29.991,
41.242,
10.67175,
2.70555,
7.7945,
154.5264,
32.18897,
30.59,
6.3804,
4.081002,
29.77356,
44.72034,
83.4,
49.95784,
567.4686,
58.73455,
48.1574,
64.1908,
7.16071,
10.87693,
2.5891,
0,
1439.367,
2002, 
11.3256,
78.3354,
23.87,
9.23846,
29.26,
23.6159,
40.5048,
11.2476,
2.70732,
8.0808,
148.0686,
32.13338,
28.2968,
7.84176,
4.147728,
31.98965,
45.69806,
81.8,
52.79176,
592.6802,
65.47324,
53.4688,
60.0248,
7.2732,
11.1538,
2.23272,
0,
1463.26,
2003, 
12.0132,
80.34361,
24.32,
10.13384,
28.88,
25.1332,
43.1932,
11.15935,
3.44201,
8.466,
158.7164,
34.29903,
30.2562,
9.479031,
5.024822,
34.78955,
46.0348,
80.2,
55.80588,
706.2813,
71.18827,
55.599,
57.3792,
7.6311,
14.68417,
2.83777,
0,
1617.291,
2004, 
12.6054,
83.754,
26.25,
9.987,
25.8,
28.155,
45.1984,
11.17906,
3.71378,
9.84,
161.7881,
36.73331,
32.528,
11.18124,
5.427408,
39.02147,
49.77627,
98.25,
51.30008,
778.3837,
79.78861,
58.3792,
56.0768,
7.6544,
14.88584,
2.8577,
0,
1740.515,
2005, 
12.012,
84.84,
27.75,
10.82694,
27.158,
31.302,
48.1869,
11.28006,
4.29705,
11.745,
161.3011,
38.269,
36.38,
12.93651,
5.56713,
41.38695,
54.495,
100.1,
48.535,
839.3092,
86.24015,
56.61,
57.768,
7.69327,
15.011,
2.86335,
0,
1833.864,
2006, 
11.76,
83.74799,
29.6,
11.33236,
27.158,
33.5072,
50.1633,
13.10337,
4.49307,
10.53,
169.112,
42.48937,
40.8,
14.60997,
6.06852,
46.48995,
57.82959,
119.35,
50.745,
969.7696,
86.581,
56.95,
58.017,
8.6237,
15.44875,
4.0986,
0,
2022.378,
2007, 
12.18,
81.396,
30.118,
11.75268,
34.336,
36.223,
51.7995,
17.81676,
4.72878,
12.393,
178.3474,
46.73361,
41.48,
16.1028,
6.561,
50.83722,
68.6194,
130.9,
53.6605,
1054.269,
90.01075,
65.45,
56.191,
9.11257,
24.0805,
4.28895,
0,
2189.388,
2008, 
11.508,
73.584,
29.674,
12.5171,
34.41,
38.0286,
63.5526,
23.08743,
5.76558,
10.935,
154.2287,
48.46534,
43.69,
16.9452,
7.3224,
45.6192,
70.705,
138.6,
49.402,
1083.829,
93.65981,
69.19,
52.124,
8.91669,
24.92625,
4.4307,
0,
2215.116,
2009, 
9.24,
54.516,
26.048,
10.92388,
38.258,
36.9852,
70.2999,
22.07331,
6.86475,
9.558001,
130.0345,
38.39836,
45.05,
11.9718,
7.06644,
38.01087,
83.4635,
138.6,
48.025,
1267.524,
98.22941,
74.8,
45.484,
8.83784,
28.41125,
5.12649,
0,
2353.801,
2010, 
10.416,
56.44799,
25.53,
11.53216,
43.734,
37.1702,
69.0606,
24.5025,
8.934299,
8.829,
125.1019,
38.47459,
53.295,
12.2229,
7.28028,
42.95025,
86.3549,
169.4,
45.56,
1460.4,
110.494,
70.55,
42.745,
8.597139,
31.90135,
5.54607,
0,
2607.03,
2011, 
10.08,
57.624,
25.53,
10.80104,
46.324,
37.0592,
68.4855,
23.86422,
10.29024,
9.072,
127.0284,
40.44579,
53.89,
13.365,
7.71039,
47.71872,
99.7296,
207.9,
46.495,
1630.341,
113.7538,
80.75,
42.579,
8.34814,
36.8373,
6.21999,
0,
2862.242,
2012, 
10.4706,
62.94456,
26.77616,
13.6086,
51.29902,
40.9035,
80.76591,
27.945,
11.7612,
9.363601,
104.6083,
35.7973,
54.29715,
12.91869,
14.32971,
53.1765,
148.4829,
207.9,
45.3118,
1715.769,
112.6063,
44.6675,
45.43171,
8.22945,
43.16045,
8.58681,
0,
2991.112,
2013, 
9.75324,
65.02859,
25.61288,
13.75512,
51.7815,
43.78062,
76.84794,
32.62923,
13.24593,
9.85608,
102.4246,
34.15104,
60.63645,
13.01184,
15.20532,
57.38769,
151.7606,
215.6,
45.80735,
1871.224,
118.1483,
48.3565,
48.10846,
8.216999,
45.71385,
9.357121,
0,
3187.401,
2014, 
9.978359,
69.82416,
27.08178,
14.55062,
52.72796,
43.95156,
84.98277,
32.93865,
14.73066,
9.77508,
101.5707,
34.81709,
60.55315,
12.59793,
17.2287,
60.04368,
152.504,
215.6,
45.66455,
1932.309,
122.2504,
48.416,
48.06779,
8.62702,
46.5137,
11.28897,
0,
3278.595,
2015, 
10.22028,
71.3496,
29.31362,
14.67198,
48.30942,
44.44588,
83.55717,
34.84539,
16.93872,
10.52352,
102.5686,
35.72415,
60.70615,
11.49714,
18.86733,
54.24003,
149.0051,
200.2,
49.9324,
1828.584,
134.8432,
51.0425,
45.50641,
9.14328,
54.6465,
11.53116,
0,
3182.214,
2016, 
9.82212,
71.52852,
30.02698,
14.40484,
42.59218,
40.91608,
85.80168,
37.9404,
18.32382,
10.53,
103.9854,
36.05987,
64.09255,
11.74581,
19.30797,
48.05001,
140.8278,
215.6,
54.25295,
1866.786,
140.1854,
52.87,
44.20165,
8.98973,
60.1426,
11.76201,
0,
3240.747,
2017, 
10.67304,
72.91116,
30.78474,
14.79334,
39.96296,
41.27498,
100.8879,
36.3771,
18.83412,
10.6677,
104.8455,
39.193,
68.4692,
11.83329,
21.5055,
48.6729,
133.198,
217.91,
54.604,
1804.981,
147.0186,
59.05715,
45.81185,
8.55315,
64.4249,
10.97226,
0,
3218.217,
2018, 
11.38536,
73.07999,
35.76272,
14.21466,
39.62922,
39.22222,
83.187,
42.46101,
18.9135,
11.0808,
106.8244,
41.92958,
61.6624,
12.14433,
22.34628,
48.3165,
136.8699,
238.7,
49.23455,
1732.125,
159.8748,
64.10105,
45.90481,
9.02957,
72.3877,
11.99853,
0,
3182.386,
2019, 
11.76,
74.004,
33.42062,
13.78472,
41.89214,
39.28734,
81.07047,
46.77426,
17.70174,
10.30806,
107.3811,
43.84611,
48.4211,
12.35898,
24.14367,
52.19316,
140.6745,
257.18,
47.79975,
1812.556,
176.4549,
61.234,
44.37346,
9.21715,
75.26155,
13.81617,
0,
3296.915,
2020, 
11.76,
75.432,
35.39642,
12.36614,
45.17848,
34.9391,
73.20375,
51.37668,
20.14227,
8.748,
105.6086,
44.57222,
61.45415,
12.58659,
25.53039,
50.67603,
152.9337,
223.3,
45.2268,
1841.43,
182.025,
53.4055,
42.25115,
8.8976,
74.5314,
14.17824,
0,
3307.15,
2021, 
11.76,
76.692,
38.15366,
13.72848,
48.75416,
42.62252,
82.21419,
56.35332,
22.2264,
10.125,
110.3849,
45.72876,
66.72076,
13.77729,
28.51524,
53.93304,
151.9146,
269.5,
47.4504,
1830.733,
193.3172,
55.3775,
41.56889,
9.0968,
83.18015,
14.29083,
0,
3418.119,
2022, 
12.6,
76.94399,
36.852,
13.88314,
47.02404,
44.62866,
78.31809,
57.0321,
21.1977,
9.72,
108.62,
44.18491,
62.6518,
9.396,
28.71855,
54.89532,
152.1216,
292.6,
48.9702,
1651.019,
200.8482,
54.536,
44.156,
9.28189,
80.35731,
14.58081,
0,
3255.138,
2023, 
12.58652,
<<<<<<< HEAD
77.16843,
37.14637,
14.16171,
47.57108,
44.90646,
80.33607,
59.17007,
19.75628,
9.792399,
105.3699,
42.82838,
62.78647,
9.390167,
29.3549,
55.0225,
154.3992,
303.0114,
46.04269,
1655.431,
202.9674,
54.34435,
43.90541,
=======
77.16876,
37.14637,
14.16169,
47.57108,
44.90926,
80.33607,
59.17007,
19.75628,
9.7924,
105.37,
42.82838,
62.78651,
9.390686,
29.3549,
55.02251,
154.3992,
303.0245,
46.04271,
1655.431,
202.9854,
54.34435,
43.90543,
>>>>>>> 29fc07e (Remove T2MAT folder level)
9.319287,
81.75706,
15.21034,
0,
<<<<<<< HEAD
3273.736,
2024, 
12.53772,
77.20544,
37.29748,
14.44666,
47.85534,
45.4882,
82.2447,
61.81428,
21.41117,
9.920479,
101.0947,
41.11489,
62.90122,
9.38819,
29.97805,
55.09397,
156.9282,
313.1581,
42.19242,
1659.07,
205.3008,
53.4923,
43.62395,
9.352444,
84.78784,
16.14169,
0,
3293.841,
2025, 
12.43719,
76.97112,
37.50875,
14.7221,
48.3279,
46.00345,
84.26449,
64.66046,
23.86725,
10.04165,
99.14317,
38.70912,
63.11065,
9.440381,
30.61323,
55.13409,
159.4855,
324.8685,
40.2871,
1662.356,
208.1231,
53.67721,
43.36982,
9.396427,
88.34309,
17.16108,
0,
3322.023,
2026, 
12.31263,
76.61629,
37.9702,
15.03084,
48.71691,
46.49954,
85.83617,
67.97573,
26.53973,
10.14084,
98.89478,
37.42588,
63.07772,
9.665843,
31.0719,
54.95584,
161.6294,
336.248,
40.26311,
1659.796,
209.865,
54.97353,
42.98253,
9.435742,
92.81643,
18.62641,
0,
3349.367,
2027, 
12.1643,
75.96134,
38.42947,
15.36236,
49.11202,
46.9721,
87.14586,
71.24102,
29.14049,
10.23891,
97.94556,
37.40918,
63.07222,
9.912184,
31.51699,
54.72188,
163.7249,
346.1232,
40.2437,
1656.476,
211.434,
56.23256,
42.62488,
9.429275,
97.05137,
20.05289,
0,
3373.739,
2028, 
12.00171,
75.16988,
38.88716,
15.66869,
49.51194,
47.42406,
88.33834,
74.41979,
31.67493,
10.34329,
96.59718,
37.38139,
63.07263,
9.767238,
31.94833,
54.51255,
165.7576,
334.5318,
40.21993,
1652.142,
212.8813,
57.47101,
42.29005,
9.418281,
101.0855,
21.45262,
0,
3373.969,
2029, 
11.83104,
74.24138,
39.34704,
16.03144,
49.92524,
47.90218,
89.39642,
77.53726,
34.14827,
10.45774,
95.11705,
37.34788,
63.12347,
9.421383,
32.36528,
54.42991,
167.7139,
324.0246,
40.20457,
1646.473,
214.2578,
58.70934,
42.00608,
9.408908,
104.9723,
22.83061,
0,
3373.224,
2030, 
11.64647,
73.19232,
39.80788,
16.39706,
50.34418,
48.4174,
90.38966,
80.6328,
36.56526,
10.58539,
93.72719,
37.30667,
63.15074,
9.089754,
32.76687,
54.64021,
169.5687,
317.084,
40.17196,
1639.092,
215.4786,
59.96618,
41.74139,
9.411952,
108.7329,
24.19095,
0,
3374.099,
2031, 
11.46377,
72.19571,
40.27857,
16.82254,
50.89001,
49.00971,
91.45969,
85.62005,
39.74075,
10.7825,
94.33586,
37.56152,
63.21274,
8.785849,
33.13577,
54.70753,
171.1778,
324.5915,
40.10414,
1627.736,
216.5388,
61.21848,
41.55525,
9.428572,
113.1241,
26.04436,
0,
3391.522,
2032, 
11.28276,
71.38254,
40.73418,
17.29696,
51.44802,
49.62743,
92.39938,
90.50923,
42.83418,
11.00743,
95.05634,
37.29984,
63.26488,
8.521558,
33.45907,
53.06231,
172.5141,
331.8635,
40.02832,
1613.661,
217.4348,
62.52891,
41.40802,
9.45471,
117.3817,
27.85672,
0,
3403.318,
2033, 
11.11737,
70.70254,
41.18383,
17.74576,
52.02881,
50.25851,
93.09736,
95.29407,
45.86576,
11.2491,
95.90827,
37.09476,
63.30758,
8.314082,
33.7379,
51.55153,
173.5238,
338.9708,
39.94947,
1596.466,
218.1641,
63.91759,
41.30555,
9.493435,
121.5524,
29.64021,
0,
3411.44,
2034, 
10.95143,
69.91968,
41.64875,
18.22635,
52.64668,
50.9176,
93.56381,
100.0221,
48.85198,
11.51584,
96.89083,
37.01469,
63.31027,
8.199539,
33.98072,
50.156,
174.1773,
345.9689,
39.86622,
1575.37,
218.69,
65.40099,
41.23662,
9.536642,
125.6679,
31.40741,
0,
3415.139,
2035, 
10.78736,
68.94354,
42.21207,
18.74285,
53.30736,
51.65961,
93.8512,
104.735,
51.80067,
11.81022,
98.01123,
36.92925,
63.26557,
8.201675,
34.23693,
48.8505,
174.4825,
352.9046,
39.79853,
1549.996,
219.0039,
66.89937,
41.20005,
9.57347,
129.7586,
33.16892,
0,
3414.131,
2036, 
10.92134,
68.42583,
42.70238,
19.31429,
54.06151,
52.52468,
94.07419,
110.4987,
55.38788,
12.16621,
99.34011,
36.83454,
63.19651,
8.304979,
34.50655,
47.63686,
174.3225,
359.7912,
39.76573,
1519.087,
218.9174,
68.18811,
41.22423,
9.618979,
134.3351,
35.29521,
0,
3410.442,
2037, 
11.09714,
69.76691,
43.20009,
19.92417,
54.87158,
53.50647,
94.03213,
116.253,
58.91381,
12.54705,
100.8186,
36.73631,
63.09357,
8.207562,
34.8312,
46.48016,
173.8478,
366.6189,
39.59671,
1485.422,
218.646,
69.36907,
41.28619,
9.690403,
138.8645,
37.41693,
0,
3405.038,
2038, 
11.28322,
71.21713,
43.56576,
20.5731,
55.73661,
54.60619,
93.80612,
122.0207,
62.40146,
12.95198,
102.429,
36.63364,
62.93641,
8.195127,
35.22167,
45.36292,
173.1011,
373.409,
39.36042,
1449.8,
218.1746,
70.55771,
41.37202,
9.770177,
143.3595,
39.53548,
0,
3397.381,
2039, 
11.48035,
72.76909,
43.77806,
21.25922,
56.64697,
55.81288,
93.52013,
127.7398,
65.86702,
13.37947,
104.1684,
36.52739,
62.74138,
8.349323,
35.44787,
45.21313,
172.1341,
380.1749,
39.09738,
1412.388,
217.5322,
71.87547,
41.48483,
9.847591,
147.8333,
41.6489,
0,
3388.717,
2040, 
11.68857,
74.40454,
43.86646,
21.97742,
57.60776,
57.11418,
93.15272,
133.3942,
69.31381,
13.82699,
106.0282,
36.41826,
62.52268,
8.506449,
35.63477,
45.25161,
170.9873,
386.9217,
38.81425,
1372.771,
216.7472,
73.37097,
41.62526,
9.928627,
152.2919,
43.76021,
0,
3377.927,
2041, 
11.91628,
76.08022,
43.82964,
22.72637,
58.60586,
58.47063,
92.72264,
140.1466,
73.4779,
14.30581,
108.06,
36.30817,
62.32645,
8.657171,
35.79032,
45.32395,
169.5536,
393.4541,
38.51247,
1329.523,
215.7224,
74.98293,
41.83487,
10.00956,
157.1726,
46.27786,
0,
3365.791,
2042, 
12.14969,
77.80515,
43.77953,
23.49617,
59.61966,
59.89896,
92.22701,
146.7887,
77.55515,
14.79306,
110.1646,
36.19545,
62.09911,
8.808798,
35.93108,
45.41031,
167.9715,
399.9064,
38.1921,
1283.713,
214.5802,
76.77265,
42.0517,
10.08454,
161.9581,
48.77456,
0,
3350.727,
2043, 
12.38327,
79.5806,
43.76526,
24.28358,
60.65012,
61.42279,
91.68829,
153.4003,
81.56429,
15.28463,
112.3035,
36.07875,
61.81377,
8.960302,
36.05935,
45.50654,
166.1807,
406.269,
37.84576,
1235.664,
213.306,
78.72334,
42.25371,
10.16038,
166.6383,
51.25272,
0,
3333.039,
2044, 
12.61546,
81.42463,
43.81602,
25.08237,
61.68331,
63.04129,
91.09766,
159.9674,
85.50862,
15.77663,
114.4569,
35.95835,
61.47768,
9.110654,
36.1768,
45.60855,
164.1934,
412.532,
37.4781,
1185.909,
211.9236,
80.80962,
42.43653,
10.24907,
171.2087,
53.71198,
0,
3313.254,
2045, 
12.84475,
83.33533,
43.94242,
25.88735,
62.71143,
64.75928,
90.47987,
166.4682,
89.39406,
16.26525,
116.6056,
35.83456,
61.09795,
9.258873,
36.28548,
45.71117,
162.0455,
418.6844,
37.09367,
1135.766,
210.4559,
83.00964,
42.59621,
10.35607,
175.6629,
56.14884,
0,
3292.701,
2046, 
13.08057,
85.26907,
44.12148,
26.68602,
63.70849,
66.54448,
89.83598,
174.106,
93.92129,
16.74377,
118.7866,
35.71743,
60.7101,
9.401592,
36.36073,
45.821,
159.6071,
424.4235,
36.70704,
1084.506,
208.8292,
85.2081,
42.77887,
10.47448,
180.3359,
58.94959,
0,
3272.634,
2047, 
13.30961,
87.22752,
44.38319,
27.47586,
64.67992,
68.42323,
89.24263,
181.5821,
98.31219,
17.20866,
120.9235,
35.59719,
60.20497,
9.540333,
36.43082,
45.92741,
157.1082,
429.9897,
36.30839,
1034.288,
207.1505,
87.46893,
42.92679,
10.59524,
184.8209,
61.67872,
0,
3252.805,
2048, 
13.58472,
89.06541,
44.74103,
28.23808,
65.56815,
69.84553,
88.53231,
188.7122,
102.5031,
17.66286,
123.2586,
35.49646,
60.35878,
9.639325,
36.49598,
46.01362,
154.5994,
435.4086,
36.07881,
985.1713,
206.0399,
89.78041,
43.31102,
10.66736,
189.2606,
64.30777,
0,
3234.341,
2049, 
13.85102,
90.901,
45.15575,
28.9828,
66.42336,
71.03531,
87.80761,
195.7477,
106.5612,
18.09878,
125.5236,
35.39303,
60.39938,
9.733103,
36.55904,
46.09595,
152.0573,
440.6434,
35.84351,
937.3672,
204.9019,
92.08089,
43.65395,
10.75007,
193.5114,
66.87803,
0,
3215.956,
2050, 
14.10943,
92.72978,
45.61324,
29.70723,
67.24412,
72.19391,
87.67704,
202.6887,
110.4993,
18.51488,
127.7166,
35.28781,
60.42342,
9.821234,
36.62127,
46.53067,
149.5015,
445.6917,
35.61003,
891.1269,
203.7651,
93.4424,
43.96188,
10.83697,
197.5777,
69.39063,
0,
3198.283,
2051, 
14.36678,
94.50553,
46.08329,
30.39763,
68.00498,
73.29168,
88.10938,
211.4574,
115.3855,
18.97445,
129.8375,
35.18522,
60.73686,
9.902826,
36.78511,
46.24191,
146.8026,
450.3444,
35.38273,
845.0969,
203.6719,
95.21663,
44.46479,
10.97656,
202.8652,
72.47186,
0,
3186.56,
2052, 
14.61251,
96.2583,
46.57679,
31.06318,
68.73345,
74.36829,
88.53701,
220.0762,
120.1316,
19.41289,
131.8591,
35.08016,
61.01559,
9.978052,
36.951,
46.30608,
146.1699,
454.7798,
35.07961,
800.8414,
203.5668,
96.91836,
44.91976,
11.12498,
207.9789,
75.47322,
0,
3177.813,
2053, 
14.84919,
97.96326,
47.08346,
31.7018,
69.4183,
75.40825,
88.96423,
228.5194,
124.7368,
19.82998,
133.7913,
34.97392,
61.2866,
10.04682,
37.11943,
46.36614,
145.5955,
459.0036,
34.73693,
759.3705,
203.4841,
98.54494,
45.33293,
11.27602,
212.9313,
78.39908,
0,
3170.734,
2054, 
15.07787,
99.60037,
47.59785,
32.31181,
70.05936,
76.40334,
89.39436,
236.7897,
129.2113,
20.22566,
135.6373,
34.86709,
61.56216,
10.10912,
37.29094,
46.42158,
145.0857,
463.0219,
34.4049,
720.5265,
203.4403,
100.0946,
45.69891,
11.42287,
217.7308,
81.25256,
0,
3165.239,
2055, 
15.29899,
101.1677,
48.10947,
32.89313,
70.65727,
77.35336,
89.83011,
244.8982,
133.5644,
20.60005,
137.3987,
34.75993,
61.84802,
10.25425,
37.46596,
46.47248,
144.6444,
466.841,
34.08586,
684.2604,
203.4436,
101.5668,
46.0326,
11.56564,
222.3846,
84.03796,
0,
3161.435,
2056, 
15.51727,
102.6564,
48.58408,
33.43039,
71.17196,
78.21269,
90.22258,
253.8561,
138.3303,
20.94291,
139.0641,
34.65065,
62.15293,
10.37988,
37.60616,
46.51489,
144.1164,
470.2165,
33.7564,
649.842,
203.4029,
102.8889,
46.35455,
11.6998,
227.0303,
87.07592,
0,
3159.677,
2057, 
15.72671,
104.0745,
49.05053,
33.93748,
71.64294,
79.02532,
90.61919,
262.5719,
142.9275,
21.26348,
140.6385,
34.54057,
62.45836,
10.48437,
37.7495,
46.55223,
143.6617,
473.3877,
33.46937,
622.3577,
203.3994,
104.1317,
46.62277,
11.82928,
231.5029,
90.01595,
0,
3163.642,
2058, 
15.92759,
105.4229,
49.50817,
34.41537,
72.07201,
79.79267,
91.02167,
271.0672,
147.3712,
21.56259,
142.1248,
34.42976,
62.76552,
10.5679,
37.89614,
46.5847,
143.2803,
476.3648,
33.26937,
599.3297,
203.4341,
105.2974,
46.84521,
11.95391,
235.8134,
92.86642,
0,
3170.985,
2059, 
16.12025,
106.7034,
49.95535,
34.86518,
72.46109,
80.51636,
91.43127,
279.3611,
151.6747,
21.84112,
143.5258,
34.31829,
63.07522,
10.63088,
38.04613,
46.61251,
142.9711,
479.1576,
33.17368,
577.8602,
203.5071,
106.3886,
47.02518,
12.07379,
239.9724,
95.63479,
0,
3178.903,
2060, 
16.30503,
107.9182,
50.39164,
35.28812,
72.81219,
81.19824,
91.84885,
287.4706,
155.8499,
22.10006,
144.8453,
34.20617,
63.38786,
10.67175,
38.19948,
46.63583,
142.7321,
481.7762,
33.19877,
557.8687,
203.6179,
107.4082,
47.15718,
12.18917,
243.9892,
98.32769,
0,
3187.394,
2061, 
16.48579,
109.0637,
50.79043,
35.67296,
73.08384,
81.79687,
92.2021,
296.2571,
160.3178,
22.32862,
146.0769,
34.08878,
63.71509,
10.68599,
38.32884,
46.64252,
142.3966,
483.8715,
33.37286,
539.0844,
203.6949,
108.2839,
47.97493,
12.29409,
247.9139,
101.199,
0,
3197.623,
2062, 
16.65854,
110.1488,
51.17884,
36.032,
73.31961,
82.35551,
92.5605,
304.7909,
164.6162,
22.53851,
147.2301,
33.97047,
64.0389,
10.66748,
38.46052,
46.64476,
142.1274,
485.799,
33.38721,
521.6155,
203.7989,
109.093,
48.2053,
12.39509,
251.6812,
103.9699,
0,
3207.284,
2063, 
16.82378,
111.1765,
51.55603,
36.36678,
73.52173,
82.87642,
92.92451,
313.0972,
168.7617,
22.73088,
148.3096,
33.85128,
64.35986,
10.61229,
38.59444,
46.64276,
141.9213,
487.5693,
33.25933,
505.3736,
203.9288,
109.8392,
48.41174,
12.49246,
255.3033,
106.6501,
0,
3216.955,
2064, 
16.98194,
112.1501,
51.9201,
36.67879,
73.69242,
83.36192,
93.29442,
321.1979,
172.7688,
22.90684,
149.3197,
33.73126,
64.67844,
10.5178,
38.70093,
46.63673,
141.7748,
489.1925,
33.13676,
490.2717,
204.0832,
110.4079,
48.59592,
12.5864,
258.7915,
109.2482,
0,
3226.627,
2065, 
17.13381,
113.0728,
52.2698,
36.96951,
73.83382,
83.81418,
93.67033,
329.1121,
176.6503,
23.06754,
150.2666,
33.61057,
64.99754,
10.43473,
38.75896,
46.62689,
141.6847,
490.6786,
33.02002,
476.2246,
204.2637,
110.7991,
48.7608,
12.67694,
262.1571,
111.7716,
0,
3236.327,
2066, 
17.28244,
113.9376,
52.57599,
37.22314,
73.9034,
84.18993,
93.97872,
337.4869,
180.6837,
23.20007,
151.1708,
33.48548,
65.32778,
10.43724,
38.75204,
46.60788,
141.4933,
491.6564,
32.90823,
463.2085,
204.3987,
110.9574,
48.91233,
12.75811,
265.3415,
114.39,
0,
3246.268,
2067, 
17.42487,
114.7576,
52.86285,
37.45726,
73.94666,
84.53532,
94.29093,
345.6219,
184.5627,
23.31864,
152.0169,
33.35952,
65.65289,
10.43611,
38.6964,
46.58524,
141.3519,
492.5091,
32.75553,
451.0863,
204.5496,
110.961,
49.0442,
12.8362,
268.3978,
116.9152,
0,
3255.933,
2068, 
17.56159,
115.5361,
53.12608,
37.67331,
73.96551,
84.85244,
94.60699,
353.5418,
188.3029,
23.42429,
152.8091,
33.23275,
65.97363,
10.4316,
38.61262,
46.55919,
141.2568,
493.2454,
32.56016,
439.7845,
204.7155,
110.8069,
49.15815,
12.91146,
271.3369,
119.3567,
0,
3265.342,
2069, 
17.69306,
116.2758,
53.36089,
37.8726,
73.96177,
85.14331,
94.9268,
361.2681,
191.9176,
23.51801,
153.5518,
33.10522,
66.29069,
10.42394,
38.49986,
46.52988,
141.2048,
493.8734,
32.32194,
429.2332,
204.8952,
110.5018,
49.25573,
12.98395,
274.1685,
121.7226,
0,
3274.5,
2070, 
17.81969,
116.9798,
53.56272,
38.0564,
73.93712,
85.40984,
95.25016,
368.8194,
195.4187,
23.60072,
154.2487,
32.97698,
66.60455,
10.41335,
38.35895,
46.49751,
141.1927,
494.4008,
32.04494,
419.3671,
205.0879,
110.0518,
49.33838,
13.05375,
276.9018,
124.0202,
0,
3283.414,
2071, 
17.93909,
117.6192,
53.69841,
38.20762,
73.85228,
85.60416,
95.52686,
376.6555,
198.9602,
23.61465,
154.9208,
32.84956,
66.91428,
10.40166,
38.17559,
46.4613,
141.0866,
499.3299,
31.76692,
410.2425,
205.2035,
109.4056,
49.41373,
13.0879,
279.4215,
126.3594,
0,
3296.719,
2072, 
18.05338,
118.2278,
53.79311,
38.3449,
73.74898,
85.77672,
95.80524,
384.2727,
202.3641,
23.57369,
155.5496,
32.72113,
67.21307,
10.38749,
37.96674,
46.42231,
141.0141,
502.4466,
31.4773,
401.6847,
205.3202,
108.6263,
49.47228,
13.05819,
281.8385,
128.6155,
0,
3307.774,
2073, 
18.16298,
118.808,
53.84417,
38.46933,
73.6286,
85.92916,
96.0852,
391.6936,
205.644,
23.48787,
156.1387,
32.59177,
67.50197,
10.37099,
37.73349,
46.38068,
140.9724,
504.238,
31.1751,
393.6419,
205.438,
107.7179,
49.51551,
12.96815,
284.162,
130.7968,
0,
3317.096,
2074, 
18.2683,
119.3622,
53.84934,
38.58191,
73.49251,
86.06298,
96.36661,
398.938,
208.8121,
23.35958,
156.6914,
32.46154,
67.78178,
10.35236,
37.47276,
46.33654,
140.9588,
505.3926,
30.85992,
386.0663,
205.5563,
106.686,
49.52778,
12.82,
286.3997,
132.9108,
0,
3325.368,
2075, 
18.36964,
119.8923,
53.79832,
38.6836,
73.3419,
86.17961,
96.64934,
406.0231,
211.879,
23.17588,
157.2105,
32.33048,
68.05308,
10.33173,
37.18427,
46.29003,
140.9709,
506.2759,
30.77933,
378.9138,
205.6746,
105.5368,
49.51114,
12.61376,
288.5591,
134.9641,
0,
3333.192,
2076, 
18.46002,
120.3375,
53.66438,
38.7551,
73.13977,
86.22916,
96.89112,
413.2007,
214.9036,
22.931,
157.6948,
32.20667,
68.30779,
10.31143,
36.85709,
46.24225,
140.9037,
506.4187,
30.73398,
372.1835,
205.7119,
104.2115,
49.49673,
12.36629,
290.4676,
136.9843,
0,
3339.61,
2077, 
18.54672,
120.7622,
53.47448,
38.81693,
72.92506,
86.26352,
97.13288,
420.1831,
217.8113,
22.64905,
158.1496,
32.08203,
68.51361,
10.28944,
36.50791,
46.19229,
140.8576,
506.0905,
30.66777,
365.7997,
205.7456,
102.7677,
49.47254,
12.09063,
292.2976,
138.9324,
0,
3345.022,
2078, 
18.63032,
121.1683,
53.23064,
38.86983,
72.69872,
86.28391,
97.37456,
426.9904,
220.6135,
22.33978,
158.5785,
31.95673,
68.67889,
10.26588,
36.13568,
46.14026,
140.831,
504.9654,
30.57117,
359.7287,
205.7781,
101.2144,
49.43643,
11.82325,
294.0566,
140.8156,
0,
3349.177,
2079, 
18.71313,
121.5572,
52.93573,
38.91454,
72.46165,
86.29133,
97.61607,
433.6397,
223.3201,
22.00539,
158.9935,
31.83165,
68.82127,
10.24085,
35.74348,
46.08628,
140.8231,
502.6447,
30.45076,
353.9398,
205.8289,
100.3294,
49.39695,
11.85764,
295.7551,
142.6403,
0,
3352.839,
2080, 
18.79332,
121.9304,
52.59227,
38.95169,
72.21467,
86.28678,
97.85738,
440.1462,
225.9399,
21.66681,
159.3869,
31.70597,
68.92122,
10.21447,
35.59466,
46.03042,
140.831,
499.5807,
30.30094,
348.4053,
205.8779,
100.2792,
49.34975,
11.89124,
297.3939,
144.4121,
0,
3356.555,
2081, 
18.86028,
122.2121,
52.18435,
38.96376,
71.94073,
86.22896,
98.05466,
446.5921,
228.4742,
21.31992,
159.7254,
31.59163,
68.96179,
10.18932,
35.66387,
45.97661,
140.7777,
495.5373,
30.1424,
343.1571,
205.8375,
100.1647,
49.32925,
11.9158,
298.8054,
146.0962,
0,
3358.703,
2082, 
18.92463,
122.4804,
51.73131,
38.96914,
71.65828,
86.1606,
98.25078,
452.8659,
230.9115,
20.95556,
160.044,
31.47662,
68.9617,
10.16299,
35.73222,
45.92101,
140.7369,
491.5164,
30.00506,
338.1151,
205.791,
100.0367,
49.32367,
11.93972,
300.1578,
147.7186,
0,
3360.548,
2083, 
18.98662,
122.7366,
51.23979,
38.96834,
71.36791,
86.0825,
98.44575,
458.9845,
233.2608,
20.83799,
160.3443,
31.361,
68.92959,
10.13556,
35.79971,
45.8637,
140.7075,
488.3466,
29.9467,
333.2585,
205.7388,
99.89625,
49.32146,
11.96305,
301.4561,
149.2852,
0,
3363.265,
2084, 
19.04645,
122.9818,
50.71653,
38.96187,
71.07025,
85.99539,
98.63953,
464.9631,
235.5302,
20.80144,
160.6281,
31.24479,
68.86792,
10.1071,
35.86637,
45.80476,
140.6882,
486.2377,
30.00743,
328.5684,
205.6812,
99.74445,
49.32335,
11.98583,
302.7045,
150.8015,
0,
3366.968,
2085, 
19.10419,
123.2169,
50.16782,
38.95015,
70.65063,
85.89991,
98.83215,
470.8146,
237.7267,
20.76169,
160.8961,
31.12798,
68.78093,
10.07768,
35.93219,
45.74427,
140.6779,
484.9858,
30.22075,
324.0277,
205.6169,
99.58209,
49.32635,
12.0081,
303.907,
152.2719,
0,
3371.308,
2086, 
19.14757,
123.3723,
49.58192,
38.91888,
69.62818,
85.76341,
98.98414,
476.4768,
239.819,
20.71436,
161.0947,
31.02323,
68.65222,
10.04992,
35.98648,
45.68519,
140.62,
484.1747,
30.27148,
319.8037,
205.4717,
99.36176,
49.33648,
12.02138,
304.9304,
153.6343,
0,
3374.524,
2087, 
19.18839,
123.5191,
49.40513,
38.88292,
68.09055,
85.61954,
99.13428,
481.9878,
241.8314,
20.66413,
161.2764,
30.91763,
68.50427,
10.02131,
36.03965,
45.62455,
140.5686,
483.3957,
30.21353,
315.6994,
205.3127,
99.13227,
49.34369,
12.03422,
305.9073,
154.9443,
0,
3377.259,
2088, 
19.22692,
123.6582,
49.37599,
38.84263,
66.11018,
85.46883,
99.28267,
487.362,
243.771,
20.61126,
161.4428,
30.81127,
68.33799,
9.991892,
36.09172,
45.56242,
140.523,
481.9663,
30.15171,
311.7023,
205.1411,
98.89438,
49.34647,
12.04665,
306.8416,
156.207,
0,
3378.769,
2089, 
19.26347,
123.7903,
49.34491,
38.79835,
63.8294,
85.3117,
99.4293,
492.6122,
245.6443,
20.55595,
161.5959,
30.70424,
68.16055,
9.961726,
36.14273,
45.49886,
140.4826,
481.1116,
30.08672,
307.8015,
204.959,
98.64873,
49.34254,
12.05872,
307.7367,
157.4267,
0,
3380.299,
2090, 
19.29819,
123.9158,
49.31199,
38.75036,
61.30473,
85.09289,
99.57421,
497.7498,
247.4568,
20.49839,
161.7367,
30.59659,
67.97797,
9.930855,
36.19271,
45.43394,
140.4467,
480.4867,
30.01869,
303.9868,
204.7666,
98.39594,
49.32766,
12.07044,
308.5957,
158.6073,
0,
3381.524,
2091, 
19.32259,
123.9855,
49.26658,
38.68872,
60.42449,
84.72328,
99.66211,
502.5752,
249.138,
20.43408,
161.8189,
30.49988,
67.79549,
9.900423,
36.23203,
45.36446,
140.3619,
480.475,
29.94987,
300.4775,
204.5292,
98.09335,
49.30426,
12.07482,
309.3033,
159.6893,
0,
3384.09,
2092, 
19.34602,
124.0497,
49.21986,
38.62375,
60.12573,
84.23273,
99.74782,
507.2681,
250.7532,
20.36785,
161.8936,
30.40287,
67.63261,
9.869348,
36.27012,
45.29359,
140.2807,
480.9177,
29.8802,
297.0368,
204.2881,
97.78485,
49.26646,
12.0789,
309.9773,
160.728,
0,
3387.336,
2093, 
19.36794,
124.109,
49.17164,
38.55568,
59.82367,
83.62616,
99.83144,
511.841,
252.3078,
20.29976,
161.9584,
30.30531,
67.48772,
9.837669,
36.30704,
45.22141,
140.2022,
482.0508,
29.80782,
293.6575,
204.0373,
97.47069,
49.20681,
12.08271,
310.6187,
161.7276,
0,
3390.914,
2094, 
19.38848,
124.1638,
49.12204,
38.48474,
59.51852,
82.90878,
99.91304,
516.3046,
253.8071,
20.22997,
162.0141,
30.20723,
67.54913,
9.80542,
36.34282,
45.14796,
140.1261,
483.9246,
29.73293,
290.3328,
203.7774,
97.15127,
49.13697,
12.08626,
311.2299,
162.6913,
0,
3395.097,
2095, 
19.40774,
124.2144,
49.07111,
38.41113,
59.21046,
82.08643,
99.99266,
520.6685,
255.2554,
20.15858,
162.0614,
30.10866,
67.65224,
9.772635,
36.37751,
45.0733,
140.0519,
486.3216,
29.65571,
287.0571,
203.5088,
96.82696,
49.05225,
12.08958,
311.8131,
163.6223,
0,
3399.521,
2096, 
19.417,
124.2206,
49.00385,
38.33041,
58.91139,
81.15221,
100.0089,
524.6469,
256.563,
20.08137,
162.0383,
30.014,
67.72668,
9.737659,
36.39635,
44.98189,
139.9176,
487.9092,
29.57758,
283.9504,
203.1891,
96.46501,
48.94581,
12.08737,
312.2761,
164.4545,
0,
3402.003,
2097, 
19.42497,
124.2233,
48.93541,
38.24727,
58.60983,
80.12585,
100.0228,
528.5106,
257.8157,
20.00274,
162.0071,
29.91884,
67.79354,
9.702186,
36.41398,
44.88929,
139.7843,
488.872,
29.49681,
280.8828,
202.8595,
96.09888,
48.83129,
12.08496,
312.7115,
165.2515,
0,
3403.517,
2098, 
19.43177,
124.2228,
48.86586,
38.16188,
58.30592,
79.01431,
100.0347,
532.2698,
259.018,
19.92278,
161.9688,
29.8232,
67.85344,
9.666245,
36.43044,
44.79553,
139.6519,
488.9425,
29.41361,
277.8501,
202.5207,
95.72883,
48.71153,
12.08235,
313.1212,
166.0164,
0,
3403.824,
2099, 
19.4375,
124.2194,
48.79525,
38.07438,
57.99979,
77.82547,
100.0444,
535.9337,
260.1739,
19.84159,
161.9237,
29.72711,
67.90696,
9.629856,
36.44577,
44.70067,
139.52,
489.006,
29.32816,
274.8484,
202.1732,
95.35514,
48.58643,
12.07957,
313.5071,
166.7519,
0,
3403.835,
2100, 
19.44268,
124.2134,
48.72381,
37.98489,
57.69159,
76.56751,
100.0522,
539.5099,
261.2869,
19.75929,
161.8747,
29.63078,
67.95837,
9.668049,
36.46003,
44.60474,
139.3889,
489.7103,
29.24196,
271.8744,
201.8218,
94.97815,
48.44959,
12.07662,
313.8716,
167.4604,
0,
3404.303];
=======
3273.771,
2024, 
12.53771,
77.20709,
37.29749,
14.45135,
47.85685,
45.49899,
82.24435,
61.81428,
21.41117,
9.92048,
101.0948,
41.1149,
62.90142,
9.390593,
29.97804,
55.09397,
156.9282,
313.2184,
42.19248,
1659.07,
205.3811,
53.49231,
43.62405,
9.352443,
84.7879,
16.14169,
0,
3294.002,
2025, 
12.43716,
76.97553,
37.50877,
14.73596,
48.3279,
46.02691,
84.26449,
64.66046,
23.86725,
10.04166,
99.14342,
38.71093,
63.1111,
9.445736,
30.61323,
55.1341,
159.4855,
325.0233,
40.28724,
1662.356,
208.1936,
53.67723,
43.37005,
9.396425,
88.34322,
17.16108,
0,
3322.299,
2026, 
12.31264,
76.62366,
37.8444,
15.03572,
48.71691,
46.53611,
85.83665,
67.97573,
26.53973,
10.14085,
98.91147,
37.42624,
63.07874,
9.674369,
31.0719,
55.28822,
161.6291,
336.2479,
40.60342,
1659.798,
209.8661,
55.30561,
42.98304,
9.43576,
92.8167,
18.62641,
0,
3350.325,
2027, 
12.16526,
76.65533,
38.15939,
15.3761,
49.11201,
47.02296,
87.14678,
71.24102,
29.1405,
10.23906,
98.01656,
37.41042,
63.08598,
9.912184,
31.517,
55.06775,
163.7251,
325.0888,
40.88504,
1656.479,
211.4495,
58.23244,
42.6319,
9.429311,
97.05502,
20.05289,
0,
3356.297,
2028, 
12.00284,
76.68906,
38.44522,
15.72425,
49.51193,
47.49017,
88.33965,
74.41979,
31.67493,
10.34359,
96.85305,
37.38363,
63.10197,
9.767263,
31.94833,
54.88913,
165.7585,
314.8159,
41.13447,
1652.146,
212.9142,
61.13063,
42.30502,
9.418333,
101.0932,
21.45262,
0,
3360.754,
2029, 
11.83202,
77.027,
38.69546,
16.08191,
49.92524,
47.98266,
89.39806,
77.53726,
34.14826,
10.45828,
96.07039,
37.35146,
63.17599,
9.421434,
32.36529,
54.83715,
167.7162,
309.426,
41.37281,
1646.477,
214.3168,
63.05251,
42.03289,
9.408976,
104.9862,
22.83061,
0,
3367.928,
2030, 
11.6442,
77.65921,
38.91481,
16.4504,
50.34415,
48.5274,
90.39162,
80.6328,
36.56526,
10.58624,
95.75369,
37.31194,
63.23422,
9.089849,
32.76687,
54.81105,
169.5728,
317.0924,
41.57289,
1639.098,
215.5724,
64.06221,
41.784,
9.412033,
108.7551,
24.19095,
0,
3385.796,
2031, 
11.45398,
78.7141,
39.13747,
16.87349,
50.88998,
49.17665,
91.46201,
85.62005,
39.74075,
10.78368,
95.97498,
37.24741,
63.32936,
8.786027,
33.13586,
53.1628,
171.2391,
324.5989,
41.70814,
1627.743,
216.6698,
65.05282,
41.61477,
9.428675,
113.1551,
26.04436,
0,
3402.743,
2032, 
11.2621,
79.49689,
39.3455,
17.2979,
51.44801,
49.88101,
92.40204,
90.50923,
42.83418,
11.00894,
96.63566,
37.1783,
63.4114,
8.521848,
33.46118,
51.6476,
172.7081,
331.8729,
41.81245,
1613.13,
217.5994,
66.09077,
41.48279,
9.454834,
117.4205,
27.85671,
0,
3415.771,
2033, 
11.08436,
80.18623,
39.54562,
17.74686,
52.02879,
50.62286,
93.0959,
95.29408,
45.86576,
11.25088,
97.71718,
37.10494,
63.48043,
8.314519,
33.74571,
50.25398,
173.916,
338.9821,
41.88206,
1595.444,
218.3583,
67.19622,
41.39377,
9.493576,
121.5982,
29.64021,
0,
3425.242,
2034, 
10.90996,
81.0309,
39.73819,
18.22758,
52.64666,
51.39428,
93.55905,
100.0221,
48.85198,
11.51794,
98.91389,
37.02654,
63.5142,
8.200211,
33.99988,
48.96235,
174.7806,
345.9824,
41.91458,
1573.826,
218.9192,
68.38535,
41.34069,
9.5368,
125.722,
31.40741,
0,
3430.331,
2035, 
10.77004,
82.02374,
39.95359,
18.7442,
53.30734,
52.21678,
93.84349,
104.735,
51.80067,
11.8127,
100.1541,
36.94302,
63.5064,
8.202662,
34.27853,
47.74659,
175.2605,
352.9207,
41.90919,
1547.821,
219.2745,
69.67043,
41.32296,
9.573645,
129.8225,
33.16892,
0,
3430.783,
2036, 
10.95304,
83.14555,
40.15342,
19.3158,
54.06151,
53.12176,
94.0639,
110.4987,
55.38788,
12.169,
101.4647,
36.84996,
63.46782,
8.306379,
34.59356,
46.60696,
175.2441,
359.8095,
41.75092,
1516.161,
219.2222,
71.01935,
41.3627,
9.619178,
134.407,
35.2952,
0,
3428.051,
2037, 
11.12867,
84.40179,
40.36346,
19.92579,
54.87157,
54.10693,
94.01825,
116.253,
58.91381,
12.54983,
102.9239,
36.75182,
63.36348,
8.208952,
34.98338,
45.50827,
174.8827,
366.637,
41.45251,
1481.666,
218.9492,
72.4656,
41.42394,
9.690623,
138.9361,
37.41693,
0,
3421.793,
2038, 
11.31461,
85.68004,
40.58755,
20.57483,
55.73661,
55.18583,
93.78925,
122.0207,
62.40147,
12.95475,
104.5096,
36.64923,
63.20502,
8.195127,
35.24182,
45.18432,
174.2574,
373.427,
41.07708,
1445.169,
218.4764,
74.00645,
41.50911,
9.770417,
143.4307,
39.53548,
0,
3413.89,
2039, 
11.51058,
86.67862,
40.82637,
21.26102,
56.64697,
56.36418,
93.50112,
127.7398,
65.86702,
13.38213,
106.1944,
37.09157,
63.00008,
8.349322,
35.44786,
45.2187,
173.4813,
380.1923,
40.65674,
1406.924,
217.8228,
75.63426,
41.61687,
9.847851,
147.902,
41.6489,
0,
3404.806,
2040, 
11.71704,
87.50344,
41.13234,
21.97929,
57.60777,
57.63877,
93.13241,
133.3942,
69.31381,
13.8295,
107.9546,
37.06516,
62.76632,
8.506449,
35.63477,
45.25723,
172.5431,
386.938,
40.23331,
1366.536,
217.0209,
77.33772,
41.7496,
9.928904,
152.3565,
43.76021,
0,
3392.837,
2041, 
11.94237,
88.08377,
41.43548,
22.72838,
58.60585,
58.97491,
92.69469,
140.1466,
73.47791,
14.3081,
109.8217,
36.60206,
62.54975,
8.657171,
35.79032,
45.3296,
171.3324,
393.4691,
39.80886,
1322.674,
215.9733,
79.0238,
41.94884,
10.00986,
157.2318,
46.27787,
0,
3378.899,
2042, 
12.17304,
88.53648,
41.77402,
23.49829,
59.61964,
60.39286,
92.19044,
146.7887,
77.55515,
14.79512,
111.6727,
36.2082,
62.29895,
8.808798,
35.93108,
45.41597,
169.9875,
399.9197,
39.39328,
1276.485,
214.8047,
80.74819,
42.15369,
10.08486,
162.0112,
48.77455,
0,
3362.022,
2043, 
12.40344,
88.82861,
42.16071,
24.28581,
60.65009,
61.91396,
91.64387,
153.4003,
81.56428,
15.2864,
113.4279,
36.09029,
61.98639,
8.960302,
36.05935,
45.51221,
168.4915,
406.2805,
38.97963,
1228.095,
213.5,
82.49226,
42.34182,
10.16071,
166.6841,
51.25272,
0,
3342.452,
2044, 
12.63179,
88.87563,
42.61283,
25.08466,
61.68329,
63.53407,
91.04722,
159.9674,
85.50862,
15.77806,
115.047,
35.9684,
61.61745,
9.110655,
36.1768,
45.61422,
166.7908,
412.5413,
38.56592,
1178.123,
212.0807,
84.23823,
42.50787,
10.24942,
171.2458,
53.71198,
0,
3320.313,
2045, 
12.85644,
88.60738,
43.15753,
25.88972,
62.71141,
65.25623,
90.42443,
166.4682,
89.39407,
16.26628,
116.667,
35.84278,
61.19798,
9.258873,
36.28548,
45.71685,
164.9206,
418.6909,
38.1499,
1127.909,
210.5682,
85.96898,
42.64727,
10.35644,
175.6894,
56.14884,
0,
3297.05,
2046, 
13.08669,
87.93262,
43.78624,
26.68854,
63.70847,
67.03508,
89.77811,
174.1061,
93.92128,
16.7443,
118.8218,
35.72345,
60.76252,
9.401592,
36.36073,
45.82667,
162.7473,
424.4268,
37.74226,
1076.465,
208.8881,
87.57359,
42.80562,
10.47487,
180.3498,
58.9496,
0,
3274.108,
2047, 
13.30978,
87.22752,
44.52631,
27.47853,
64.67989,
68.68513,
89.18306,
181.5821,
98.31219,
17.20867,
120.9305,
35.60085,
60.20643,
9.540333,
36.43082,
45.93307,
160.4713,
429.9895,
37.33905,
1025.889,
207.1522,
89.12909,
42.92754,
10.59563,
184.8212,
61.67872,
0,
3250.828,
2048, 
13.58464,
89.06541,
45.39427,
28.24086,
65.56812,
69.90172,
88.4712,
188.7122,
102.5031,
17.66285,
123.2646,
35.5001,
60.35806,
9.639326,
36.49598,
46.01927,
158.1618,
435.4081,
37.14356,
976.3026,
206.0392,
90.64045,
43.31065,
10.66778,
189.2604,
64.30777,
0,
3231.624,
2049, 
13.85105,
90.90102,
46.35177,
28.9857,
66.42332,
71.09141,
87.74586,
195.7477,
106.5612,
18.09878,
125.5303,
35.39681,
60.39962,
9.733105,
36.55904,
46.44505,
155.8256,
440.643,
36.93114,
927.9479,
204.9022,
92.08067,
43.65408,
10.7505,
193.5115,
66.87803,
0,
3212.947,
2050, 
14.10941,
92.72977,
47.38507,
29.71021,
67.2441,
72.24986,
87.68145,
202.6887,
110.4993,
18.51488,
127.7232,
35.29165,
60.42321,
9.821234,
36.62126,
46.1799,
153.4995,
445.6913,
36.71799,
880.9314,
203.7649,
93.44215,
43.96177,
10.83741,
197.5776,
69.39062,
0,
3194.688,
2051, 
14.36687,
94.50555,
48.46221,
30.40076,
68.00497,
73.34698,
88.11382,
211.4574,
115.3855,
18.97445,
129.8448,
35.18918,
60.73756,
9.902826,
36.78511,
46.24747,
151.0448,
450.344,
36.50133,
834.3987,
203.6727,
95.21636,
44.46514,
10.97702,
202.8654,
72.47186,
0,
3183.683,
2052, 
14.6126,
96.2583,
49.59592,
31.06643,
68.73343,
74.42296,
88.54147,
220.0762,
120.1316,
19.41289,
131.8667,
35.0842,
61.01634,
9.978053,
36.951,
46.31158,
148.6226,
454.7794,
36.20854,
789.7153,
203.5677,
96.91808,
44.92273,
11.12545,
207.9791,
75.47323,
0,
3173.372,
2053, 
14.84928,
97.96326,
50.77923,
31.70517,
69.41828,
75.4623,
88.96871,
228.5194,
124.7368,
19.82999,
133.7989,
34.97803,
61.28736,
10.04682,
37.11943,
46.37158,
146.2176,
459.0033,
35.888,
748.1619,
203.4849,
98.5446,
45.34734,
11.27651,
212.9315,
78.39909,
0,
3165.089,
2054, 
15.07796,
99.60037,
51.77247,
32.31528,
70.05933,
76.45675,
89.39885,
236.7897,
129.2113,
20.22567,
135.6451,
34.87125,
61.5629,
10.10912,
37.29094,
46.42697,
145.0868,
463.0215,
35.58311,
709.3655,
203.4411,
100.0943,
45.74458,
11.42337,
217.731,
81.25256,
0,
3159.558,
2055, 
15.29855,
101.1677,
52.13931,
32.89669,
70.65726,
77.40617,
89.8346,
244.8982,
133.5644,
20.6,
137.4042,
34.76394,
61.84428,
10.16503,
37.46596,
46.47781,
144.6453,
466.8403,
35.29269,
673.3994,
203.4394,
101.5663,
46.11486,
11.56615,
222.3837,
84.03796,
0,
3155.87,
2056, 
15.5164,
102.6564,
52.46172,
33.43407,
71.17195,
78.26478,
90.22706,
253.8561,
138.3303,
20.94283,
139.0677,
34.65453,
62.14548,
10.21675,
37.60616,
46.52012,
144.1172,
470.2156,
35.0143,
647.0332,
203.3945,
102.8883,
46.48889,
11.70033,
227.0284,
87.07593,
0,
3162.029,
2057, 
15.72601,
104.0745,
52.77241,
33.94127,
71.64294,
79.0767,
90.62363,
262.5719,
142.9275,
21.26342,
140.6431,
34.54456,
62.45237,
10.35072,
37.7495,
46.55736,
143.6629,
473.387,
34.81041,
622.3735,
203.3926,
104.1311,
46.83633,
11.82982,
231.5013,
90.01595,
0,
3168.859,
2058, 
15.92705,
105.4229,
53.07158,
34.41925,
72.07201,
79.84334,
91.0261,
271.0672,
147.3712,
21.56254,
142.1302,
34.43386,
62.7609,
10.46159,
37.89614,
46.58973,
143.2817,
476.3642,
34.70084,
599.3455,
203.4289,
105.2969,
47.15598,
11.95447,
235.8122,
92.86643,
0,
3176.263,
2059, 
16.11986,
106.7034,
53.3597,
34.86913,
72.46109,
80.56635,
91.43567,
279.3612,
151.6747,
21.84109,
143.5321,
34.32249,
63.07187,
10.54995,
38.04613,
46.61743,
142.9726,
479.157,
34.68851,
577.8759,
203.5034,
106.388,
47.4493,
12.07437,
239.9715,
95.63479,
0,
3184.248,
2060, 
16.30478,
107.9182,
53.63727,
35.29214,
72.81219,
81.24756,
91.85323,
287.4706,
155.8499,
22.10004,
144.8523,
34.21046,
63.38568,
10.61441,
38.19949,
46.64067,
142.7339,
481.7757,
34.78613,
557.8844,
203.6154,
107.4076,
47.71774,
12.18976,
243.9886,
98.32771,
0,
3192.816,
2061, 
16.48566,
109.0637,
53.87572,
35.67708,
73.08382,
81.84549,
92.20645,
296.2571,
160.3178,
22.32862,
146.0846,
34.09315,
63.71401,
10.65052,
38.32884,
46.64727,
142.3986,
483.871,
34.79294,
539.0999,
203.6937,
108.2834,
47.97438,
12.2947,
247.9136,
101.199,
0,
3202.181,
2062, 
16.65854,
110.1488,
54.1039,
36.03621,
73.31958,
82.40344,
92.56479,
304.7909,
164.6162,
22.53851,
147.2385,
33.97491,
64.03882,
10.65235,
38.44883,
46.64941,
142.1297,
485.7987,
34.63562,
521.6309,
203.7988,
109.0925,
48.20526,
12.39571,
251.6811,
103.9699,
0,
3211.522,
2063, 
16.82387,
111.1765,
54.32236,
36.37106,
73.5217,
82.9237,
92.92876,
313.0972,
168.7617,
22.73088,
148.3186,
33.85579,
64.36072,
10.61613,
38.5367,
46.64732,
141.9237,
487.569,
34.47575,
505.3889,
203.9297,
109.8387,
48.41218,
12.49309,
255.3035,
106.6501,
0,
3220.978,
2064, 
16.98214,
112.1502,
54.53168,
36.68312,
73.69239,
83.40854,
93.29864,
321.1979,
172.7688,
22.90686,
149.3293,
33.73583,
64.68015,
10.53938,
38.57941,
46.64121,
141.7774,
489.1923,
34.30909,
490.2869,
204.0851,
110.5258,
48.59679,
12.58704,
258.792,
109.2482,
0,
3230.526,
2065, 
17.13388,
113.0728,
54.73244,
36.97391,
73.83377,
83.86017,
93.67451,
329.1121,
176.6503,
23.06755,
150.2757,
33.61511,
64.99815,
10.43473,
38.57906,
46.63129,
141.6874,
494.7257,
34.13129,
476.2396,
204.2644,
111.1575,
48.7611,
12.6776,
262.1572,
111.7716,
0,
3244.219,
2066, 
17.28251,
113.9376,
54.89625,
37.2276,
73.90337,
84.23524,
93.98283,
337.4869,
180.6837,
23.20007,
151.18,
33.49003,
65.32835,
10.43724,
38.52396,
46.61218,
141.496,
497.8727,
34.22362,
463.2233,
204.3994,
111.6688,
48.91262,
12.75879,
265.3417,
114.39,
0,
3256.695,
2067, 
17.42494,
114.7576,
55.05205,
37.4618,
73.94662,
84.57997,
94.29501,
345.6219,
184.5627,
23.31864,
152.0261,
33.36408,
65.65343,
10.43612,
38.43216,
46.58945,
141.3547,
499.5153,
34.11717,
451.101,
204.5503,
112.1308,
49.04449,
12.83689,
268.3979,
116.9152,
0,
3267.486,
2068, 
17.56166,
115.5361,
55.20036,
37.6779,
73.96548,
84.89645,
94.611,
353.5418,
188.3029,
23.4243,
152.8184,
33.23733,
65.97417,
10.4316,
38.31639,
46.5633,
141.2597,
500.1481,
34.0138,
439.799,
204.7161,
112.547,
49.15842,
12.91216,
271.337,
119.3567,
0,
3277.307,
2069, 
17.69287,
116.2759,
55.34162,
37.87724,
73.96173,
85.1867,
94.93075,
361.2681,
191.9176,
23.518,
153.5599,
33.10971,
66.28902,
10.42394,
38.17582,
46.53391,
141.2077,
500.0699,
33.91253,
429.2475,
204.8934,
112.9207,
49.25487,
12.94801,
274.1681,
121.7226,
0,
3286.408,
2070, 
17.81878,
116.9799,
55.4762,
38.06108,
73.93707,
85.45261,
95.25406,
368.8194,
195.4187,
23.60064,
154.2534,
32.98118,
66.59671,
10.41335,
38.00844,
46.50146,
141.1952,
499.5647,
33.81249,
419.3812,
205.0791,
113.255,
49.33438,
12.91454,
276.8997,
124.0202,
0,
3295.03,
2071, 
17.93721,
117.6192,
55.57429,
38.21236,
73.85225,
85.64633,
95.53069,
376.6555,
198.9602,
23.66047,
154.921,
32.85336,
66.89821,
10.40166,
37.7994,
46.46517,
141.0886,
498.1111,
33.73014,
410.2564,
205.1854,
113.4916,
49.40553,
12.81096,
279.4172,
126.3595,
0,
3302.844,
2072, 
18.05062,
118.2278,
55.66626,
38.34969,
73.74895,
85.81831,
95.80903,
384.2727,
202.3641,
23.71044,
155.5457,
32.72458,
67.18948,
10.38749,
37.56576,
46.42609,
141.0156,
496.5145,
33.64716,
401.6984,
205.2937,
113.6939,
49.46024,
12.65517,
281.8323,
128.6155,
0,
3310.283,
2073, 
18.15946,
118.808,
55.75255,
38.47416,
73.62859,
85.97018,
96.08891,
391.6937,
205.644,
23.75134,
156.1312,
32.59491,
67.47182,
10.37099,
37.30507,
46.38438,
140.9735,
494.8744,
33.49116,
393.6555,
205.4041,
113.8646,
49.50014,
12.45564,
284.154,
130.7968,
0,
3317.399,
2074, 
18.26422,
119.3622,
55.83361,
38.58678,
73.49251,
86.10344,
96.37029,
398.938,
208.8121,
23.75624,
156.6814,
32.46445,
67.74693,
10.35236,
37.01882,
46.34016,
140.9597,
493.9724,
33.26174,
386.0796,
205.5172,
114.0062,
49.52695,
12.22862,
286.3905,
132.9108,
0,
3324.977,
2075, 
18.36532,
119.8923,
55.90979,
38.68848,
73.34189,
86.21953,
96.65297,
406.0231,
211.879,
23.6675,
157.1993,
32.33327,
67.99406,
10.33173,
36.70545,
46.29358,
140.9717,
493.6677,
32.94891,
378.927,
205.6331,
114.1211,
49.5422,
11.98689,
288.5493,
134.9641,
0,
3332.809,
2076, 
18.45578,
120.3375,
55.95404,
38.76003,
73.13976,
86.2685,
96.89468,
413.2007,
214.9036,
23.48535,
157.6841,
32.2095,
68.1812,
10.31143,
36.35322,
46.24572,
140.9046,
492.9301,
32.4747,
372.1965,
205.6712,
114.1434,
49.56749,
11.75207,
290.4579,
136.9843,
0,
3339.468,
2077, 
18.54466,
120.7623,
55.99464,
38.82188,
72.92505,
86.30234,
97.13641,
420.1832,
217.8113,
23.24346,
158.1492,
32.08576,
68.32901,
10.28944,
35.97728,
46.19569,
140.8599,
492.1293,
31.90551,
365.8124,
205.7257,
114.1432,
49.58978,
11.78861,
292.2929,
138.9324,
0,
3345.931,
2078, 
18.63036,
121.1683,
56.03119,
38.87481,
72.69872,
86.32218,
97.37801,
426.9904,
220.6135,
22.95636,
158.5882,
31.96133,
68.42435,
10.26588,
35.57478,
46.14359,
140.8345,
491.2683,
31.26958,
359.7412,
205.7785,
114.1219,
49.60186,
11.824,
294.0567,
140.8156,
0,
3351.934,
2079, 
18.71319,
121.5572,
56.06398,
38.91953,
72.46165,
86.32909,
97.61949,
433.6397,
223.3201,
22.64502,
159.0033,
31.83626,
68.46622,
10.24085,
35.5126,
46.08955,
140.8266,
490.3514,
30.59161,
353.9521,
205.8295,
114.0811,
49.60473,
11.85841,
295.7552,
142.6403,
0,
3357.909,
2080, 
18.79339,
121.9304,
56.09325,
38.95669,
72.21467,
86.32404,
97.86074,
440.1462,
225.9399,
22.31775,
159.3967,
31.71058,
68.45824,
10.21447,
35.59466,
46.03362,
140.8346,
489.3823,
29.89734,
348.4174,
205.8786,
114.0225,
49.5992,
11.89201,
297.394,
144.4121,
0,
3363.715,
2081, 
18.86035,
122.2121,
56.09667,
38.96878,
71.94073,
86.26568,
98.05798,
446.5921,
228.4742,
21.9691,
159.7353,
31.59623,
68.39772,
10.18932,
35.66387,
45.97975,
140.7813,
488.1047,
29.23934,
343.169,
205.8381,
113.8906,
49.60707,
11.91659,
298.8055,
146.0962,
0,
3368.448,
2082, 
18.9247,
122.4804,
56.09692,
38.97416,
71.65828,
86.19681,
98.25403,
452.8659,
230.9115,
21.59608,
160.0539,
31.48121,
68.29781,
10.16299,
35.73222,
45.92408,
140.7406,
486.7817,
28.77727,
338.1268,
205.7916,
113.7434,
49.6063,
11.94053,
300.158,
147.7186,
0,
3372.996,
2083, 
18.98668,
122.7366,
56.09424,
38.97337,
71.36792,
86.11822,
98.44896,
458.9845,
233.2608,
21.2049,
160.3542,
31.36558,
68.16925,
10.13556,
35.79971,
45.86671,
140.7112,
485.4162,
28.75935,
333.27,
205.7394,
113.5821,
49.5977,
11.96387,
301.4562,
149.2852,
0,
3377.648,
2084, 
19.04585,
122.9818,
56.08855,
38.9669,
70.49806,
86.0306,
98.64272,
464.9631,
235.5302,
20.80138,
160.6348,
31.24909,
68.0155,
10.1071,
35.86637,
45.8077,
140.6915,
484.0105,
28.84428,
328.5797,
205.6754,
113.4077,
49.5791,
11.98666,
302.7032,
150.8015,
0,
3381.509,
2085, 
19.10243,
123.2169,
56.08006,
38.95517,
69.08412,
85.93462,
98.83527,
470.8146,
237.7267,
20.76154,
160.8974,
31.13179,
67.84236,
10.07768,
35.9322,
45.74715,
140.6806,
482.567,
29.06233,
324.0388,
205.6,
113.2213,
49.55132,
12.00894,
303.903,
152.2719,
0,
3385.045,
2086, 
19.14488,
123.3723,
56.04969,
38.9239,
67.25957,
85.79764,
98.98723,
476.4768,
239.819,
20.71412,
161.0916,
31.02664,
67.6357,
10.04992,
35.98648,
45.68802,
140.6221,
480.9345,
29.46167,
319.8146,
205.4459,
112.9689,
49.5264,
12.02223,
304.9243,
153.6343,
0,
3387.378,
2087, 
19.18495,
123.5192,
56.01687,
38.88794,
65.08205,
85.65329,
99.13731,
481.9878,
241.8314,
20.66384,
161.2697,
30.92073,
67.41128,
10.02131,
36.03965,
45.62733,
140.5703,
479.2695,
30.093,
315.71,
205.2796,
112.7063,
49.49299,
12.03509,
305.8995,
154.9443,
0,
3389.255,
2088, 
19.22294,
123.6582,
55.98179,
38.84764,
62.64182,
85.50208,
99.28564,
487.362,
243.771,
20.61091,
161.4336,
30.81413,
67.17499,
9.991892,
36.09171,
45.56516,
140.5244,
477.5935,
30.14338,
311.7128,
205.1029,
112.4342,
49.45217,
12.04754,
306.8326,
156.207,
0,
3390.006,
2089, 
19.26058,
123.7903,
55.94516,
38.80334,
61.01646,
85.30021,
99.43223,
492.6122,
245.6443,
20.5557,
161.5919,
30.70755,
66.94142,
10.02629,
36.14273,
45.50155,
140.4846,
476.9146,
30.08171,
307.8118,
204.9312,
112.1537,
49.41137,
12.05962,
307.7302,
157.4268,
0,
3392.277,
2090, 
19.29791,
123.9158,
55.90707,
38.75534,
60.71969,
84.97072,
99.5771,
497.7498,
247.4568,
20.49837,
161.7451,
30.60097,
67.06589,
10.02174,
36.19271,
45.43658,
140.4503,
476.8872,
30.02164,
303.9969,
204.764,
111.8655,
49.37063,
12.07136,
308.5951,
158.6073,
0,
3396.541,
2091, 
19.32283,
123.9855,
55.85403,
38.69368,
60.42448,
84.4958,
99.66494,
502.5751,
249.138,
20.4341,
161.8298,
30.50447,
67.19858,
9.985813,
36.23203,
45.36705,
140.3658,
476.8456,
29.95442,
300.4874,
204.5315,
111.5201,
49.32171,
12.07575,
309.3039,
159.6893,
0,
3399.802,
2092, 
19.34595,
124.0497,
55.7992,
38.62868,
60.12572,
83.90495,
99.7506,
507.2682,
250.7532,
20.36784,
161.903,
30.40732,
67.3212,
9.921309,
36.27013,
45.29613,
140.2844,
476.7173,
29.88379,
297.0465,
204.2874,
111.1678,
49.26612,
12.07985,
309.9771,
160.728,
0,
3402.551,
2093, 
19.36745,
124.109,
55.74269,
38.5606,
59.82368,
83.20331,
99.8342,
511.841,
252.3079,
20.29972,
161.9658,
30.30958,
67.43492,
9.837669,
36.30704,
45.2239,
140.2056,
476.537,
29.81014,
293.667,
204.0325,
110.809,
49.20464,
12.08367,
310.6176,
161.7276,
0,
3404.863,
2094, 
19.38787,
124.1638,
55.68476,
38.48963,
59.51852,
82.39664,
99.91574,
516.3046,
253.8071,
20.22992,
162.0209,
30.21144,
67.54392,
9.805421,
36.34282,
45.1504,
140.1295,
476.6193,
29.73493,
290.3422,
203.7715,
110.4444,
49.13948,
12.08724,
311.2285,
162.6913,
0,
3407.162,
2095, 
19.40703,
124.2144,
55.62538,
38.41599,
59.21046,
81.49077,
99.99532,
520.6685,
255.2553,
20.15852,
162.0678,
30.11282,
67.64616,
9.772635,
36.37751,
45.07569,
140.0553,
476.8557,
29.6574,
287.0662,
203.5019,
110.0743,
49.06975,
12.09057,
311.8115,
163.6223,
0,
3409.299,
2096, 
19.41619,
124.2206,
55.54642,
38.33525,
58.9114,
80.47863,
100.0115,
524.6469,
256.563,
20.0813,
162.0442,
30.01813,
67.71978,
9.737659,
36.39635,
44.98423,
139.9209,
477.1857,
29.579,
283.9594,
203.1813,
109.6614,
48.98157,
12.08837,
312.2743,
164.4545,
0,
3410.398,
2097, 
19.42408,
124.2233,
55.40066,
38.25209,
58.60981,
79.38058,
100.0254,
528.5106,
257.8157,
20.00266,
162.0127,
29.92292,
67.78589,
9.702187,
36.41398,
44.89159,
139.7875,
477.739,
29.49797,
280.8916,
202.8509,
109.2438,
48.87997,
12.08597,
312.7095,
165.2515,
0,
3411.312,
2098, 
19.4308,
124.2228,
55.19365,
38.16667,
58.30591,
78.20412,
100.0372,
532.2698,
259.018,
19.9227,
161.9739,
29.82724,
67.84512,
9.666245,
36.43044,
44.79779,
139.655,
478.5627,
29.41453,
277.8587,
202.5113,
108.8217,
48.76616,
12.08338,
313.119,
166.0164,
0,
3412.121,
2099, 
19.43645,
124.2194,
54.93286,
38.07913,
57.99979,
76.95691,
100.0469,
535.9336,
260.1739,
19.8415,
161.9285,
29.73112,
67.89801,
9.629856,
36.44577,
44.70289,
139.5232,
479.3857,
29.32886,
274.8568,
202.1632,
108.3956,
48.64234,
12.08061,
313.5047,
166.7519,
0,
3412.59,
2100, 
19.44114,
124.2134,
54.63167,
37.98962,
57.69158,
75.64763,
100.0547,
539.5099,
261.287,
19.75916,
161.8771,
29.63458,
67.94513,
9.593046,
36.46003,
44.60691,
139.3917,
480.9786,
29.24113,
271.8826,
201.807,
107.9656,
48.51003,
12.07767,
313.8682,
167.4604,
0,
3413.525];
>>>>>>> 29fc07e (Remove T2MAT folder level)
