real main.em.dem.hi.PPI.production[27](t) = [1971, 
11.161,
46.95401,
0.908,
0.1505,
1.2373,
1.6619,
0.2297,
0.0064,
0.0177,
0.625,
35.0154,
3.536,
0.2121,
0,
0,
7.048,
0.1695,
0.82,
0.508,
3.06,
0.3577,
0.019,
12.907,
1.5404,
0.1035,
0.0469,
0,
1972, 
12.038,
50.757,
0.981,
0.16,
1.3457,
1.765,
0.2358,
0.0064,
0.0172,
0.744,
37.1807,
3.7291,
0.2777,
0,
0,
7.424,
0.1921,
0.845,
0.566,
3.371,
0.5017,
0.019,
13.648,
1.5458,
0.0972,
0.0498,
0,
1973, 
12.578,
52.971,
1.113,
0.1723,
1.5879,
1.825,
0.2249,
0.0065,
0.0189,
0.85,
40.5347,
3.8944,
0.345,
0,
0,
7.89,
0.2099,
0.84,
0.592,
4.116,
0.5926,
0.0432,
15.975,
1.686,
0.124,
0.0541,
0,
1974, 
13.218,
52.54,
1.254,
0.1746,
1.8537,
1.917,
0.2078,
0.0065,
0.0245,
0.912,
41.9213,
3.9647,
0.387,
0,
0,
8.199,
0.2054,
0.893,
0.693,
3.926,
0.5193,
0.043,
15.645,
1.7324,
0.1362,
0.0525,
0,
1975, 
10.067,
45.248,
1.184,
0.171,
1.6878,
1.7442,
0.2093,
0.0065,
0.052117,
0.834,
33.8723,
4.4057,
0.414,
0,
0,
8.583,
0.2421,
0.911,
0.742,
4.128,
0.4822,
0.046,
13.6,
1.697,
0.1257,
0.0525,
0,
1976, 
11.791,
51.75701,
1.346,
0.1815,
2.0449,
1.7333,
0.2158,
0.0065,
0.0599,
0.904,
39.069,
4.7221,
0.31,
0,
0,
8.916,
0.2541,
0.934,
0.778,
4.213,
0.5863,
0.058,
15.394,
1.761,
0.0977,
0.0525,
0,
1977, 
12.151,
53.347,
1.463,
0.1389,
2.2355,
1.7992,
0.2478,
0.0065,
0.0745,
0.979,
39.4753,
5.1191,
0.34,
0,
0,
9.064,
0.2761,
0.99,
1.204,
4.661,
0.6454,
0.078,
15.702,
1.89,
0.1177,
0.0525,
0,
1978, 
13.286,
55.15401,
1.596,
0.1499,
2.534,
1.9828,
0.2528,
0.0065,
0.0763,
1.023,
41.7701,
4.986,
0.265,
0,
0,
9.236,
0.2731,
0.998,
1.445,
5.37,
0.7274,
0.154,
16.499,
1.867,
0.1439,
0.0645,
0,
1979, 
13.486,
57.41001,
1.684,
0.1681,
2.979,
2.1949,
0.3068,
0.0065,
0.0793,
1.12,
45.4132,
5.021,
0.443,
0,
0,
8.729,
0.2676,
1.044,
1.674,
6.321,
0.7903,
0.212,
17.861,
1.942,
0.1535,
0.0675,
0,
1980, 
13.39,
56.839,
1.979,
0.1714,
3.361,
2.2187,
0.3342,
0.0185,
0.0827,
1.197,
44.881,
5.224,
0.478,
0,
0,
8.733,
0.2691,
0.962,
1.76,
6.884,
0.8221,
0.231,
18.088,
2.104,
0.1563,
0.073,
0,
1981, 
13.835,
57.667,
1.893,
0.1947,
3.102,
2.2615,
0.3744,
0.0175,
0.0837,
1.29,
44.814,
5.203,
0.512,
0,
0,
8.954,
0.2671,
1.266,
1.863,
6.948,
0.7983,
0.258,
16.98,
2.151,
0.1688,
0.077,
0,
1982, 
12.408,
54.89901,
1.924,
0.2275,
3.329,
2.2425,
0.3394,
0.017,
0.0841,
1.35,
43.854,
5.262,
0.537,
0,
0,
8.978,
0.2671,
1.288,
1.817,
7.463,
0.7493,
0.329,
17.453,
2.188,
0.1887,
0.0763,
0,
1983, 
13.353,
58.804,
2.019,
0.2238,
3.426,
2.3015,
0.3479,
0.017,
0.097,
1.52,
45.61,
5.398,
0.391,
0,
0,
9.556,
0.3161,
1.481,
2.062,
8.446,
0.6933,
0.374,
18.441,
2.101,
0.2479,
0.0718,
0,
1984, 
14.222,
62.36601,
2.239,
0.2396,
3.768,
2.5235,
0.4138,
0.023,
0.1037,
1.422,
49.976,
5.547,
0.488,
0,
0,
9.835,
0.3091,
1.557,
2.287,
9.55,
0.8523,
0.403,
19.345,
2.214,
0.2466,
0.0684,
0,
1985, 
14.448,
60.959,
2.376,
0.2237,
4.022,
2.4833,
0.4161,
0.047,
0.1059,
1.489,
50.141,
5.621,
0.644,
0,
0,
10.031,
0.3,
1.559,
2.392,
11.237,
0.872,
0.5,
20.469,
2.316,
0.2089,
0.08,
0,
1986, 
15.259,
64.444,
2.469,
0.2427,
4.525,
2.7103,
0.4331,
0.067,
0.12085,
1.611,
51.933,
5.677,
0.71,
0,
0,
10.395,
0.32,
1.806,
2.853,
12.641,
0.82,
0.611,
21.062,
2.267,
0.2196,
0.082,
0,
1987, 
16.044,
67.532,
2.573,
0.2298,
4.712,
2.9321,
0.4531,
0.056,
0.12104,
1.6,
54.594,
5.813,
0.813,
0,
0,
10.566,
0.342,
1.871,
3.243,
14.271,
0.9984,
0.813,
22.537,
2.17,
0.2366,
0.115,
0,
1988, 
16.639,
69.587,
3.375,
0.2218,
4.685,
2.9998,
0.4591,
0.06,
0.12824,
1.8,
58.745,
5.952,
0.681,
0,
0,
10.881,
0.364,
1.977,
3.739,
15.74,
1.0216,
0.974,
24.625,
2.492,
0.285,
0.114,
0,
1989, 
16.555,
69.51401,
3.294,
0.2507,
4.806,
2.802798,
0.5261,
0.051,
0.13634,
1.899,
60.966,
5.72,
0.751,
0,
0,
10.735,
0.417,
2.05,
4.109,
16.527,
1.0856,
1.158,
26.809,
2.605,
0.2785,
0.1155,
0,
1990, 
16.466,
71.965,
2.873,
0.2147,
4.844,
2.8415,
0.517,
0.049,
0.11435,
1.904,
63.04,
4.6135,
0.891,
0,
0,
10.718,
0.531,
2.185,
4.604,
17.408,
1.55,
1.438,
28.088,
2.768,
0.3619,
0.1139,
0,
1991, 
16.559,
72.724,
2.896,
0.21,
4.888,
3.0983,
0.494,
0.035,
0.10907,
1.905,
63.678,
3.8625,
0.747,
0,
0,
9.59,
0.506,
2.362,
5.002,
18.64,
1.9284,
1.755,
29.053,
2.833,
0.346,
0.115,
0,
1992, 
16.585,
75.16101,
2.825,
0.1526,
4.913,
3.1689,
0.471,
0.029,
0.19002,
1.8,
64.999,
3.1026,
1.0126,
0.9249,
0,
5.765,
0.476,
2.528,
5.584,
20.049,
2.5668,
2.263,
28.324,
2.728,
0.365,
0.115,
0,
1993, 
17.557,
77.25001,
2.447,
0.1454,
5.352,
2.8559,
0.498,
0.013,
0.19472,
1.71,
67.02683,
3.8039,
1.032,
0.6321,
0,
4.459,
0.558,
2.626,
5.884,
22.077,
2.727,
2.6,
27.764,
2.875,
0.554,
0.103,
0,
1994, 
18.348,
80.945,
2.518,
0.1574,
5.73,
3.0821,
0.507,
0.011,
0.12622,
1.684,
72.77069,
4.1706,
1.102,
0.4341,
0,
3.412,
0.526,
2.859,
6.515,
25.627,
2.974,
3.054,
28.527,
3.061,
0.607,
0.109,
0,
1995, 
18.713,
85.526,
3.047,
0.2499,
5.856,
3.3482,
0.501,
0.0135,
0.12937,
1.871,
73.59541,
4.5498,
1.24,
0.4361,
0,
4.073,
0.572,
3.025,
6.958,
28.517,
3.475,
3.425,
29.664,
3.155,
0.581,
0.109,
0,
1996, 
18.414,
84.046,
3.047,
0.3155,
5.885,
3.3623,
0.479,
0.029,
0.1459,
1.871,
73.45018,
4.7195,
1.105,
0.4239,
0,
3.224,
0.572,
3.025,
7.761,
30.913,
3.55,
4.121,
30.014,
3.185,
0.5745,
0.109,
0,
1997, 
18.969,
88.511,
3.491,
0.301,
6.475,
3.4954,
0.557,
0.022,
0.1489,
2.047,
79.56598,
5.5145,
1.246,
0.395,
0,
3.339,
0.573,
2.922,
8.414,
31.663,
3.846,
4.822,
31.014,
3.308,
0.6075,
0.1099,
0,
1998, 
18.875,
86.451,
3.673,
0.389,
6.524,
3.038221,
0.641,
0.022,
0.153882,
2.105,
81.39453,
5.347572,
1.357,
0.4881,
0,
3.595,
0.357,
3.320027,
7.83,
32.203,
4.433,
5.487,
29.886,
3.385,
0.6105,
0.1049,
0,
1999, 
20.28,
88.67,
3.783999,
0.389,
6.255,
3.4094,
0.578,
0.022,
0.151804,
2.9,
84.2033,
5.482202,
1.349,
0.5193,
0.002703,
4.535,
0.395,
3.845,
8.955,
34.137,
4.7834,
6.978,
30.631,
3.381,
0.6575,
0.1089,
0,
2000, 
20.9209,
86.25227,
3.865,
0.389,
6.473,
3.7704,
0.69,
0.022,
0.157873,
2.982,
88.43532,
5.783165,
1.567,
0.6465,
0.033415,
5.3584,
0.4028,
3.794,
9.388,
35.439,
4.7202,
6.977,
31.828,
3.713,
0.6745,
0.1089,
0,
2001, 
19.834,
81.24883,
4.056,
0.389,
7.354,
3.9043,
0.73,
0.022,
0.094923,
3.523,
86.20253,
6.50523,
1.513,
0.7034,
0.06159,
5.7721,
0.4113,
4.094,
9.412,
37.929,
5.2429,
6.995,
30.717,
3.515,
1.2485,
0.1089,
0,
2002, 
20.226,
81.87907,
3.987,
0.3567,
7.354,
4.0742,
0.73,
0.022,
0.106523,
3.579,
88.36497,
6.612834,
1.643,
0.7476,
0.088323,
6.1236,
0.7783,
4.1048,
9.892,
42.329,
5.294,
6.995,
30.686,
3.519,
1.2485,
0.1089,
0,
2003, 
20.12,
80.71217,
4.149,
0.3561,
7.811,
4.2758,
0.73,
0.022,
0.128439,
3.645,
90.6743,
6.551424,
1.643,
0.897337,
0.0717,
6.5273,
0.7783,
4.1446,
10.228,
47.529,
6.3749,
6.995,
30.457,
3.904,
1.2485,
0.1089,
0,
2004, 
20.462,
82.08437,
4.689,
0.3936,
8.221,
4.19698,
0.7732,
0.025097,
0.191899,
2.881,
94.866,
7.148608,
1.643,
0.979999,
0.0828,
6.8398,
1.392,
4.6146,
10.591,
54.072,
6.2722,
7.223,
30.891,
4.013913,
0.9435,
0.2069,
0,
2005, 
19.498,
83.69733,
4.8411,
0.4028,
8.597,
4.694037,
0.7714,
0.026538,
0.304199,
2.444,
94.95413,
7.731102,
1.866,
1.05191,
0.0945,
7.134718,
1.445,
4.655007,
10.629,
60.405,
6.3933,
7.223,
30.953,
4.195181,
0.9675,
0.2059,
0,
2006, 
18.189,
84.31694,
4.876,
0.4036,
8.725,
4.617966,
0.7711,
0.026238,
0.310199,
2.611,
97.95297,
8.035076,
1.72,
1.1732,
0.178927,
7.458372,
1.3735,
6.799169,
10.783,
69.394,
8.4907,
7.223,
31.097,
4.102399,
0.9675,
0.1879,
0,
2007, 
17.367,
83.91596,
4.582,
0.4008,
9.009,
4.792552,
0.9711,
0.026238,
0.209599,
2.726,
97.69236,
8.384479,
2.039,
1.319501,
0.202922,
7.609216,
1.372,
8.30061,
11.012,
77.965,
8.3721,
7.727,
31.268,
4.056451,
0.9945,
0.1889,
0,
2008, 
15.789,
80.17838,
4.451,
0.40791,
9.409,
5.195454,
0.9711,
0.026238,
0.202499,
2.726,
94.28756,
8.005387,
2.05,
1.319501,
0.174571,
7.710859,
1.4942,
7.941178,
9.97,
83.685,
8.3588,
9.731,
30.628,
4.154047,
1.1845,
0.1889,
0,
2009, 
12.823,
71.35545,
4.556,
0.4074,
9.428,
4.993796,
0.9711,
0.026238,
0.051239,
2.245,
84.30791,
7.919005,
2.156,
1.385699,
0.209641,
7.382859,
2.5972,
7.78852,
9.806,
90.192,
8.7384,
9.908,
26.268,
4.162639,
1.1845,
0.105786,
0,
2010, 
12.755,
75.77284,
4.704,
0.41212,
9.978,
4.813147,
0.9711,
0.026238,
0.088239,
2.516,
90.50254,
8.599111,
2.348,
1.542251,
0.214496,
5.621459,
2.5562,
10.11124,
11.102,
96.545,
8.7429,
9.908,
27.364,
4.091822,
0.9975,
0.0949,
0,
2011, 
12.057,
76.43082,
4.701,
0.398208,
10.159,
4.931931,
0.9711,
0.026238,
0.088239,
2.176,
89.42604,
8.781577,
2.659,
1.441898,
0.243316,
7.660179,
2.5182,
10.172,
11.336,
103.226,
8.9581,
10.034,
26.609,
3.963677,
1.0255,
0.0949,
0,
2012, 
10.756,
74.492,
4.795,
0.409108,
10.26,
4.760415,
0.9665,
0.027538,
0.090239,
2.422486,
87.61104,
8.60685,
2.784,
1.487274,
0.196677,
7.690504,
2.9032,
10.247,
11.412,
106.569,
9.0444,
10.247,
25.957,
4.038189,
1.0255,
0.0949,
0,
2013, 
11.174,
71.7323,
4.835,
0.408808,
10.444,
4.732604,
0.9915,
0.027182,
0.178371,
2.318183,
86.6896,
8.713341,
2.85,
1.393929,
0.249025,
7.774043,
2.9032,
11.8,
11.847,
105.15,
8.9681,
10.247,
26.238,
3.78952,
1.0255,
0.0949,
0,
2014, 
10.775,
73.093,
4.855,
0.648721,
10.398,
4.74694,
1.0065,
0.027182,
0.149351,
2.257489,
85.63888,
9.143342,
2.900002,
1.420138,
0.248376,
8.054422,
2.9032,
14.49,
11.702,
108.75,
8.5595,
10.37626,
26.626,
3.810022,
1.0255,
0.0949,
0,
2015, 
10.3,
72.397,
5.316,
0.645929,
10.477,
4.86087,
1.0165,
0.027182,
0.165192,
2.248182,
85.01026,
9.435444,
2.920011,
1.384449,
0.248976,
8.106546,
2.9032,
15.435,
11.649,
111.15,
9.0097,
10.55472,
26.404,
3.898929,
1.0255,
0.0949,
0,
2016, 
9.911,
71.90224,
5.675,
0.644129,
10.335,
5.143885,
1.0165,
0.027182,
0.114993,
2.35299,
84.42686,
9.907754,
2.95001,
1.35035,
0.276629,
8.591518,
2.9102,
15.54,
11.732,
112.6,
9.4915,
11.01571,
26.22,
3.900095,
1.0255,
0.0949,
0,
2017, 
9.958,
72.04454,
5.755,
0.634029,
10.471,
5.293045,
1.0165,
0.027182,
0.115809,
2.08006,
85.43297,
10.29239,
2.930012,
1.286999,
0.283944,
8.762425,
2.902,
16.227,
11.171,
115.35,
9.8278,
11.69337,
26.544,
3.967608,
1.0255,
0.092,
0,
2018, 
10.142,
70.89107,
5.956,
0.634029,
10.433,
5.425974,
1.0265,
0.027182,
0.115809,
2.223214,
85.15913,
10.3818,
2.799991,
1.518832,
0.347947,
9.103868,
2.902,
17.235,
11.609,
108.4,
10.1087,
11.80337,
26.056,
3.963059,
0.8285,
0.092,
0,
2019, 
9.473,
68.15681,
5.805,
0.609966,
10.534,
5.388175,
1.0265,
0.027182,
0.115809,
2.158133,
82.55747,
10.44295,
2.79997,
1.408587,
0.328125,
9.219241,
2.902,
16.843,
10.727,
111.7,
10.665,
11.95337,
25.376,
3.935,
0.7115,
0.092,
0,
2020, 
8.6654,
66.239,
5.812082,
0.59902,
10.184,
5.175253,
1.0335,
0.027182,
0.115809,
1.89124,
78.05414,
10.658,
2.79997,
1.404134,
0.453525,
9.614367,
2.902,
16.438,
10.898,
117.15,
10.7162,
11.95337,
22.702,
3.723526,
0.8245,
0.092,
0,
2021, 
9.1954,
67.47535,
6.295,
0.59902,
10.666,
5.463701,
1.0335,
0.027182,
0.115809,
1.995561,
82.69821,
11.28833,
2.79997,
1.563616,
0.310645,
9.630353,
2.95,
16.8628,
11.057,
125.15,
11.8215,
11.95337,
22.91,
3.613526,
0.8355,
0.092,
0,
2022, 
8.9944,
65.257,
6.497,
0.59902,
11.04,
5.52911,
1.0585,
0.027182,
0.115809,
1.962973,
78.32823,
10.98419,
2.79997,
1.348045,
0.346838,
9.421058,
2.96,
16.79766,
10.777,
128.37,
11.9191,
11.95337,
22.686,
3.577365,
0.6525,
0.092,
0,
2023, 
9.019554,
65.5057,
6.57069,
0.624954,
11.08293,
5.588708,
1.111367,
0.0476895,
0.1324576,
1.982727,
78.40883,
10.96099,
2.835593,
1.296316,
0.3581238,
9.417892,
3.051236,
16.93009,
10.78288,
128.4119,
12.0429,
12.0131,
22.58017,
3.607088,
0.6846614,
0.1056946,
0,
2024, 
9.045723,
65.76829,
6.655215,
<<<<<<< HEAD
<<<<<<< HEAD
0.6560788,
=======
0.6560345,
>>>>>>> 29fc07e (Remove T2MAT folder level)
=======
0.6560345,
>>>>>>> 4d9e712909650e13193c45904b75652afa554b9e
11.13641,
5.652684,
1.188358,
0.06818086,
0.1355386,
2.003503,
78.50087,
10.95096,
2.878211,
1.254569,
0.3955514,
9.421768,
3.347031,
17.19252,
10.79387,
128.7295,
12.19858,
12.09704,
22.4839,
3.637463,
0.7218924,
0.1112714,
0,
2025, 
9.073854,
66.04519,
6.744084,
<<<<<<< HEAD
<<<<<<< HEAD
0.6930277,
=======
0.6929173,
>>>>>>> 29fc07e (Remove T2MAT folder level)
=======
0.6929173,
>>>>>>> 4d9e712909650e13193c45904b75652afa554b9e
11.19843,
5.728376,
1.275907,
0.09201211,
0.1385482,
2.025776,
78.61714,
10.95961,
2.925239,
1.227772,
0.4381009,
9.430237,
3.660412,
17.61007,
10.8111,
129.2983,
12.39546,
12.20682,
22.39299,
3.668942,
0.7717075,
0.1172349,
0,
2026, 
9.087805,
66.22294,
6.829389,
<<<<<<< HEAD
<<<<<<< HEAD
0.7289739,
11.2408,
5.796642,
1.362359,
0.1213601,
0.1425834,
2.044087,
78.54845,
10.90356,
2.962538,
1.25211,
0.4784392,
9.414148,
3.95193,
18.14237,
10.79497,
129.5279,
12.58965,
12.31829,
22.25464,
3.691857,
=======
=======
>>>>>>> 4d9e712909650e13193c45904b75652afa554b9e
0.7288346,
11.2408,
5.796853,
1.362375,
0.1213601,
0.1425834,
2.044087,
78.54856,
10.90361,
2.962538,
1.25211,
0.4784392,
9.414207,
3.951905,
18.14236,
10.79498,
129.5281,
12.58965,
12.31829,
22.25464,
3.69186,
<<<<<<< HEAD
>>>>>>> 29fc07e (Remove T2MAT folder level)
=======
>>>>>>> 4d9e712909650e13193c45904b75652afa554b9e
0.8416467,
0.1251816,
0,
2027, 
9.107831,
66.4659,
<<<<<<< HEAD
<<<<<<< HEAD
6.934091,
0.7741985,
11.29842,
5.88342,
1.464771,
0.1571248,
0.1472849,
2.065954,
78.55265,
10.87623,
3.009372,
1.285573,
0.5248345,
9.411036,
4.27452,
18.87058,
10.79213,
130.0956,
12.8415,
12.46103,
22.13953,
3.719323,
=======
=======
>>>>>>> 4d9e712909650e13193c45904b75652afa554b9e
6.93409,
0.7740417,
11.29842,
5.88397,
1.464812,
0.1571248,
0.1472849,
2.065954,
78.55293,
10.87637,
3.009372,
1.285573,
0.5248345,
9.411189,
4.274456,
18.87056,
10.79215,
130.0961,
12.8415,
12.46103,
22.13953,
3.71933,
<<<<<<< HEAD
>>>>>>> 29fc07e (Remove T2MAT folder level)
=======
>>>>>>> 4d9e712909650e13193c45904b75652afa554b9e
0.9383674,
0.1349579,
0,
2028, 
9.127133,
66.69526,
<<<<<<< HEAD
<<<<<<< HEAD
7.044955,
0.8244696,
11.35899,
5.977712,
1.576511,
0.1986365,
0.152971,
2.088199,
78.5492,
10.85693,
3.0591,
1.325052,
0.5744607,
9.411205,
4.607158,
19.76077,
10.79051,
130.8042,
13.12835,
12.62193,
22.02175,
3.746626,
=======
=======
>>>>>>> 4d9e712909650e13193c45904b75652afa554b9e
7.044953,
0.8243082,
11.35899,
5.978724,
1.576586,
0.1986365,
0.152971,
2.088199,
78.54973,
10.85718,
3.0591,
1.325052,
0.5744607,
9.411482,
4.607042,
19.76073,
10.79055,
130.8049,
13.12835,
12.62194,
22.02175,
3.746638,
<<<<<<< HEAD
>>>>>>> 29fc07e (Remove T2MAT folder level)
=======
>>>>>>> 4d9e712909650e13193c45904b75652afa554b9e
1.060393,
0.1467385,
0,
2029, 
9.145616,
66.91028,
<<<<<<< HEAD
<<<<<<< HEAD
7.16143,
0.8795154,
11.42225,
6.078999,
1.697033,
0.2462507,
0.1600338,
2.110763,
78.53733,
10.84453,
3.111293,
1.370327,
0.6271322,
9.414368,
4.948962,
20.80978,
10.78982,
131.6364,
13.44761,
12.79961,
21.90123,
3.773656,
=======
=======
>>>>>>> 4d9e712909650e13193c45904b75652afa554b9e
7.161428,
0.8793616,
11.42224,
6.080585,
1.697151,
0.2462507,
0.1600338,
2.110764,
78.53815,
10.84492,
3.111293,
1.370327,
0.6271322,
9.414801,
4.948781,
20.80973,
10.78988,
131.6376,
13.44761,
12.79961,
21.90123,
3.773676,
<<<<<<< HEAD
>>>>>>> 29fc07e (Remove T2MAT folder level)
=======
>>>>>>> 4d9e712909650e13193c45904b75652afa554b9e
1.208957,
0.1608569,
0,
2030, 
<<<<<<< HEAD
<<<<<<< HEAD
9.163188,
67.11027,
7.282983,
0.9390655,
11.48791,
6.186769,
1.825802,
0.3002701,
0.1688719,
2.13359,
78.51632,
10.83796,
3.165558,
1.421157,
0.6826692,
9.420252,
5.299101,
22.01297,
10.78978,
132.5764,
13.79674,
12.99273,
21.77791,
3.800313,
=======
=======
>>>>>>> 4d9e712909650e13193c45904b75652afa554b9e
9.163187,
67.11027,
7.28298,
0.9389312,
11.48791,
6.189038,
1.82597,
0.3002701,
0.1688719,
2.13359,
78.51748,
10.83849,
3.165558,
1.421157,
0.6826692,
9.420866,
5.298847,
22.01289,
10.78988,
132.578,
13.79674,
12.99273,
21.77791,
3.800341,
<<<<<<< HEAD
>>>>>>> 29fc07e (Remove T2MAT folder level)
=======
>>>>>>> 4d9e712909650e13193c45904b75652afa554b9e
1.384927,
0.1776205,
0,
2031, 
9.179129,
<<<<<<< HEAD
<<<<<<< HEAD
67.27918,
7.410563,
1.006982,
11.57341,
6.305533,
1.97626,
0.3967916,
0.1844728,
2.163049,
78.49357,
10.82505,
3.216201,
1.477632,
0.7436321,
9.436388,
5.658254,
23.40637,
10.77513,
133.4157,
14.17376,
13.19252,
21.64847,
3.825055,
=======
=======
>>>>>>> 4d9e712909650e13193c45904b75652afa554b9e
67.27917,
7.410561,
1.006855,
11.57341,
6.308913,
1.976497,
0.3967916,
0.1844728,
2.16305,
78.49503,
10.82577,
3.216201,
1.477632,
0.7436321,
9.437169,
5.657955,
23.40628,
10.77526,
133.4181,
14.17376,
13.19252,
21.64847,
3.825095,
<<<<<<< HEAD
>>>>>>> 29fc07e (Remove T2MAT folder level)
=======
>>>>>>> 4d9e712909650e13193c45904b75652afa554b9e
1.621185,
0.2048922,
0,
2032, 
<<<<<<< HEAD
<<<<<<< HEAD
9.194173,
67.43083,
7.544327,
1.080414,
11.66656,
6.432525,
2.137122,
0.5147845,
0.2053853,
2.194902,
78.46068,
10.81488,
3.268311,
1.539976,
0.8078204,
9.455956,
6.025279,
24.95669,
10.76016,
134.3262,
14.57939,
13.40577,
21.51646,
3.849362,
=======
=======
>>>>>>> 4d9e712909650e13193c45904b75652afa554b9e
9.194174,
67.43082,
7.544324,
1.080299,
11.66655,
6.437169,
2.137438,
0.5147845,
0.2053853,
2.194904,
78.46248,
10.81581,
3.268311,
1.539976,
0.8078204,
9.456918,
6.024934,
24.95659,
10.76034,
134.3292,
14.57939,
13.40578,
21.51646,
3.849415,
<<<<<<< HEAD
>>>>>>> 29fc07e (Remove T2MAT folder level)
=======
>>>>>>> 4d9e712909650e13193c45904b75652afa554b9e
1.896635,
0.23886,
0,
2033, 
<<<<<<< HEAD
<<<<<<< HEAD
9.20823,
67.56476,
7.683641,
1.158993,
11.76669,
6.567084,
2.307622,
0.6559849,
0.2326078,
2.228982,
78.41702,
10.80684,
3.32158,
1.607857,
0.8750128,
9.47859,
6.399375,
26.65576,
10.74472,
135.2965,
15.01096,
13.63128,
21.38181,
3.873139,
=======
=======
>>>>>>> 4d9e712909650e13193c45904b75652afa554b9e
9.208231,
67.56475,
7.683638,
1.158895,
11.76669,
6.573132,
2.308022,
0.6559849,
0.2326078,
2.228986,
78.41918,
10.80798,
3.321579,
1.607857,
0.8750128,
9.479742,
6.398983,
26.65565,
10.74496,
135.3003,
15.01096,
13.63128,
21.38181,
3.873208,
<<<<<<< HEAD
>>>>>>> 29fc07e (Remove T2MAT folder level)
=======
>>>>>>> 4d9e712909650e13193c45904b75652afa554b9e
2.211474,
0.280249,
0,
2034, 
<<<<<<< HEAD
<<<<<<< HEAD
9.221218,
67.68056,
7.827905,
1.242354,
11.8732,
6.70857,
2.487026,
0.8218765,
0.267097,
2.26513,
78.36205,
10.80033,
3.375725,
1.680932,
0.9449987,
9.503939,
6.779796,
28.49509,
10.72868,
136.3165,
15.46598,
13.86786,
21.24448,
3.896303,
=======
=======
>>>>>>> 4d9e712909650e13193c45904b75652afa554b9e
9.221219,
67.68055,
7.827902,
1.242277,
11.8732,
6.716146,
2.487517,
0.8218765,
0.267097,
2.265136,
78.36458,
10.80171,
3.375724,
1.680932,
0.9449987,
9.505292,
6.779356,
28.49496,
10.72897,
136.3212,
15.46598,
13.86786,
21.24447,
3.896388,
<<<<<<< HEAD
>>>>>>> 29fc07e (Remove T2MAT folder level)
=======
>>>>>>> 4d9e712909650e13193c45904b75652afa554b9e
2.565529,
0.3296981,
0,
2035, 
<<<<<<< HEAD
<<<<<<< HEAD
9.233061,
67.77782,
7.976544,
1.330146,
11.98548,
6.856371,
2.674636,
1.013702,
0.3097515,
2.303189,
78.2952,
10.79483,
3.430488,
1.758858,
1.017578,
9.531666,
7.165842,
30.46606,
10.71191,
137.3767,
15.9421,
14.11443,
21.10439,
3.918773,
=======
=======
>>>>>>> 4d9e712909650e13193c45904b75652afa554b9e
9.233062,
67.77782,
7.976541,
1.330096,
11.98548,
6.86559,
2.675223,
1.013702,
0.3097515,
2.303196,
78.29813,
10.79645,
3.430486,
1.758858,
1.017578,
9.533229,
7.165353,
30.46593,
10.71225,
137.3821,
15.9421,
14.11442,
21.10439,
3.918874,
<<<<<<< HEAD
>>>>>>> 29fc07e (Remove T2MAT folder level)
=======
>>>>>>> 4d9e712909650e13193c45904b75652afa554b9e
2.958333,
0.3877586,
0,
2036, 
<<<<<<< HEAD
<<<<<<< HEAD
9.243177,
67.84053,
8.131669,
1.427709,
12.12268,
7.020306,
2.891768,
1.290934,
0.3772756,
2.351787,
78.23444,
10.78223,
3.479292,
1.84018,
1.093145,
9.564928,
7.561509,
32.65998,
10.68083,
138.1988,
16.40938,
14.3688,
20.95534,
3.939744,
=======
=======
>>>>>>> 4d9e712909650e13193c45904b75652afa554b9e
9.243178,
67.84052,
8.131665,
1.427699,
12.12267,
7.031399,
2.89247,
1.290934,
0.3772756,
2.351794,
78.23778,
10.78412,
3.47929,
1.84018,
1.093145,
9.566671,
7.561021,
32.65984,
10.68126,
138.2052,
16.40938,
14.3688,
20.95534,
3.93987,
<<<<<<< HEAD
>>>>>>> 29fc07e (Remove T2MAT folder level)
=======
>>>>>>> 4d9e712909650e13193c45904b75652afa554b9e
3.451256,
0.4722589,
0,
2037, 
9.252127,
67.88372,
<<<<<<< HEAD
<<<<<<< HEAD
8.291461,
1.529994,
12.26736,
7.19142,
3.117889,
1.613251,
0.4613308,
2.403332,
78.16148,
10.76907,
3.528166,
1.925803,
1.171017,
9.59991,
7.962279,
34.98134,
10.6486,
139.0332,
16.89273,
14.63194,
20.80328,
3.959958,
=======
=======
>>>>>>> 4d9e712909650e13193c45904b75652afa554b9e
8.291454,
1.530029,
12.26736,
7.204478,
3.11871,
1.613251,
0.4613308,
2.403341,
78.16526,
10.77126,
3.528165,
1.925803,
1.171017,
9.601836,
7.961795,
34.98119,
10.64912,
139.0407,
16.89273,
14.63193,
20.80328,
3.960107,
<<<<<<< HEAD
>>>>>>> 29fc07e (Remove T2MAT folder level)
=======
>>>>>>> 4d9e712909650e13193c45904b75652afa554b9e
3.99291,
0.5719035,
0,
2038, 
9.259835,
67.90714,
<<<<<<< HEAD
<<<<<<< HEAD
8.4553,
1.636584,
12.41868,
7.36897,
3.352154,
1.982222,
0.5634372,
2.457562,
78.07581,
10.75506,
3.576928,
2.015371,
1.251012,
9.636327,
8.367472,
37.42006,
10.61517,
139.8747,
17.39029,
14.9028,
20.6482,
3.979342,
=======
=======
>>>>>>> 4d9e712909650e13193c45904b75652afa554b9e
8.455291,
1.636669,
12.41868,
7.384072,
3.353098,
1.982222,
0.5634372,
2.457572,
78.08002,
10.75754,
3.576927,
2.015371,
1.251012,
9.638438,
8.366997,
37.4199,
10.61577,
139.8832,
17.39029,
14.90279,
20.6482,
3.979517,
<<<<<<< HEAD
>>>>>>> 29fc07e (Remove T2MAT folder level)
=======
>>>>>>> 4d9e712909650e13193c45904b75652afa554b9e
4.581771,
0.6873991,
0,
2039, 
<<<<<<< HEAD
<<<<<<< HEAD
9.266237,
67.9105,
8.622597,
1.747085,
12.57581,
7.552255,
3.593778,
2.399015,
0.6849299,
2.514226,
77.97698,
10.7399,
3.625411,
2.108528,
1.332958,
9.673908,
8.776451,
39.96639,
10.58046,
140.718,
17.90029,
15.18041,
20.49013,
3.99783,
=======
=======
>>>>>>> 4d9e712909650e13193c45904b75652afa554b9e
9.266236,
67.91049,
8.622586,
1.747222,
12.57581,
7.569468,
3.594848,
2.399015,
0.6849299,
2.514236,
77.98164,
10.74268,
3.62541,
2.108528,
1.332958,
9.676206,
8.775984,
39.96622,
10.58116,
140.7276,
17.90029,
15.18039,
20.49013,
3.998031,
<<<<<<< HEAD
>>>>>>> 29fc07e (Remove T2MAT folder level)
=======
>>>>>>> 4d9e712909650e13193c45904b75652afa554b9e
5.216155,
0.8192999,
0,
2040, 
<<<<<<< HEAD
<<<<<<< HEAD
9.271271,
67.89359,
8.792798,
1.861119,
12.73799,
7.740603,
3.842031,
2.864436,
0.8269579,
2.573083,
77.86455,
10.72333,
3.67346,
2.204933,
1.416692,
9.7124,
9.18862,
42.61105,
10.54443,
141.5585,
18.42112,
15.46385,
20.32905,
4.015361,
=======
=======
>>>>>>> 4d9e712909650e13193c45904b75652afa554b9e
9.27127,
67.89359,
8.792786,
1.861312,
12.73799,
7.759984,
3.84323,
2.864436,
0.8269579,
2.573093,
77.86966,
10.72641,
3.673459,
2.204933,
1.416692,
9.714884,
9.188168,
42.61087,
10.54522,
141.5691,
18.42112,
15.46383,
20.32905,
4.015589,
<<<<<<< HEAD
>>>>>>> 29fc07e (Remove T2MAT folder level)
=======
>>>>>>> 4d9e712909650e13193c45904b75652afa554b9e
5.894261,
0.9680207,
0,
2041, 
<<<<<<< HEAD
<<<<<<< HEAD
9.27465,
67.83426,
8.970183,
1.986784,
12.9263,
7.94356,
4.124743,
3.534957,
1.045521,
2.643229,
77.7524,
10.69619,
3.714679,
2.302023,
1.50173,
9.754423,
9.599792,
45.47178,
10.49624,
142.2418,
18.93026,
15.74558,
20.16501,
4.032226,
=======
=======
>>>>>>> 4d9e712909650e13193c45904b75652afa554b9e
9.274649,
67.83427,
8.970168,
1.987073,
12.9263,
7.965002,
4.12609,
3.534957,
1.045521,
2.643238,
77.75803,
10.69958,
3.714679,
2.302023,
1.50173,
9.757071,
9.599388,
45.4716,
10.49715,
142.2537,
18.93026,
15.74555,
20.16501,
4.032485,
<<<<<<< HEAD
>>>>>>> 29fc07e (Remove T2MAT folder level)
=======
>>>>>>> 4d9e712909650e13193c45904b75652afa554b9e
6.731396,
1.184621,
0,
2042, 
9.276586,
<<<<<<< HEAD
<<<<<<< HEAD
67.75446,
9.150321,
2.115877,
13.11945,
8.151323,
4.413859,
4.289392,
1.30336,
2.715763,
77.62611,
10.66669,
3.755188,
2.401635,
1.588248,
9.796826,
10.01305,
48.41964,
10.44662,
142.9131,
19.44698,
16.03158,
19.99804,
4.048072,
=======
=======
>>>>>>> 4d9e712909650e13193c45904b75652afa554b9e
67.75447,
9.150304,
2.116267,
13.11945,
8.174846,
4.415353,
4.289392,
1.30336,
2.715769,
77.63227,
10.67042,
3.755186,
2.401635,
1.588248,
9.799637,
10.0127,
48.41944,
10.44766,
142.9262,
19.44698,
16.03154,
19.99804,
4.048363,
<<<<<<< HEAD
>>>>>>> 29fc07e (Remove T2MAT folder level)
=======
>>>>>>> 4d9e712909650e13193c45904b75652afa554b9e
7.621127,
1.430695,
0,
2043, 
9.27703,
<<<<<<< HEAD
<<<<<<< HEAD
67.65402,
9.332637,
2.247981,
13.31654,
8.363187,
4.708577,
5.128171,
1.602109,
2.790373,
77.48531,
10.63474,
3.794868,
2.503456,
1.676106,
9.8394,
10.42789,
51.44496,
10.39555,
143.5686,
19.96994,
16.32105,
19.82816,
4.062842,
=======
=======
>>>>>>> 4d9e712909650e13193c45904b75652afa554b9e
67.65404,
9.332618,
2.248475,
13.31653,
8.3888,
4.71022,
5.128171,
1.602109,
2.790378,
77.492,
10.63879,
3.794867,
2.503456,
1.676106,
9.842373,
10.42758,
51.44476,
10.39672,
143.5831,
19.96994,
16.32101,
19.82816,
4.063166,
<<<<<<< HEAD
>>>>>>> 29fc07e (Remove T2MAT folder level)
=======
>>>>>>> 4d9e712909650e13193c45904b75652afa554b9e
8.560432,
1.706582,
0,
2044, 
9.275935,
<<<<<<< HEAD
<<<<<<< HEAD
67.53278,
9.516593,
2.382707,
13.51673,
8.578485,
5.008171,
6.051201,
1.943004,
2.866774,
77.32965,
10.60021,
3.833615,
2.607181,
1.765172,
9.881948,
10.8438,
54.53873,
10.34301,
144.2052,
20.49789,
16.61327,
19.65538,
4.076487,
=======
=======
>>>>>>> 4d9e712909650e13193c45904b75652afa554b9e
67.53281,
9.516572,
2.383307,
13.51672,
8.60619,
5.009961,
6.051201,
1.943004,
2.866776,
77.33687,
10.60459,
3.833612,
2.607181,
1.765172,
9.885079,
10.84355,
54.53851,
10.3443,
144.2209,
20.49789,
16.61321,
19.65538,
4.076842,
<<<<<<< HEAD
>>>>>>> 29fc07e (Remove T2MAT folder level)
=======
>>>>>>> 4d9e712909650e13193c45904b75652afa554b9e
9.546338,
2.012408,
0,
2045, 
<<<<<<< HEAD
<<<<<<< HEAD
9.273261,
67.39061,
9.701685,
2.519687,
13.71925,
8.796594,
5.31197,
7.057932,
2.326925,
2.944696,
77.15881,
10.56301,
3.871328,
2.712522,
1.855317,
9.924284,
11.26033,
57.69248,
10.28898,
144.8196,
21.02966,
16.90754,
19.47974,
4.088957,
=======
=======
>>>>>>> 4d9e712909650e13193c45904b75652afa554b9e
9.273262,
67.39063,
9.701662,
2.520395,
13.71923,
8.826389,
5.313908,
7.057932,
2.326925,
2.944695,
77.16657,
10.56772,
3.871324,
2.712522,
1.855317,
9.927572,
11.26015,
57.69225,
10.2904,
144.8365,
21.02966,
16.90747,
19.47974,
4.089345,
<<<<<<< HEAD
>>>>>>> 29fc07e (Remove T2MAT folder level)
=======
>>>>>>> 4d9e712909650e13193c45904b75652afa554b9e
10.57596,
2.348111,
0,
2046, 
<<<<<<< HEAD
<<<<<<< HEAD
9.269588,
67.21404,
9.891395,
2.668166,
13.94208,
9.025126,
5.652102,
8.485651,
2.887005,
3.031249,
76.9791,
10.52021,
3.900623,
2.819255,
1.947217,
9.967646,
11.66896,
61.03696,
10.22687,
145.2195,
21.5489,
17.19247,
19.3058,
4.100584,
=======
=======
>>>>>>> 4d9e712909650e13193c45904b75652afa554b9e
9.269589,
67.21407,
9.891375,
2.669053,
13.94206,
9.056658,
5.654204,
8.485651,
2.887005,
3.031248,
76.98746,
10.52527,
3.90062,
2.819255,
1.947217,
9.971084,
11.66887,
61.0367,
10.22846,
145.2378,
21.5489,
17.19239,
19.3058,
4.101008,
<<<<<<< HEAD
>>>>>>> 29fc07e (Remove T2MAT folder level)
=======
>>>>>>> 4d9e712909650e13193c45904b75652afa554b9e
11.81126,
2.825716,
0,
2047, 
<<<<<<< HEAD
<<<<<<< HEAD
9.264253,
67.01653,
10.08166,
2.818412,
14.1658,
9.255633,
5.995226,
10.0523,
3.521163,
3.118964,
76.78364,
10.47438,
3.928722,
2.927052,
2.039987,
10.01044,
12.07714,
64.42592,
10.16326,
145.5913,
22.06965,
17.47807,
19.12902,
4.110965,
=======
=======
>>>>>>> 4d9e712909650e13193c45904b75652afa554b9e
9.264255,
67.01655,
10.08165,
2.819479,
14.16579,
9.288874,
5.997489,
10.0523,
3.521163,
3.118964,
76.79262,
10.4798,
3.92872,
2.927052,
2.039987,
10.01402,
12.07716,
64.42562,
10.165,
145.6109,
22.06965,
17.47797,
19.12902,
4.111425,
<<<<<<< HEAD
>>>>>>> 29fc07e (Remove T2MAT folder level)
=======
>>>>>>> 4d9e712909650e13193c45904b75652afa554b9e
13.09441,
3.3529,
0,
2048, 
<<<<<<< HEAD
<<<<<<< HEAD
9.257222,
66.79795,
10.27201,
2.970054,
14.38968,
9.487514,
6.340687,
11.75522,
4.229661,
3.207559,
76.5722,
10.42549,
3.955554,
3.035651,
2.133512,
10.05251,
12.48448,
67.85119,
10.09813,
145.9327,
22.59095,
17.76377,
18.94944,
4.12006,
=======
=======
>>>>>>> 4d9e712909650e13193c45904b75652afa554b9e
9.257223,
66.79797,
10.272,
2.971303,
14.38967,
9.522431,
6.343108,
11.75522,
4.229661,
3.207558,
76.58179,
10.43126,
3.955552,
3.035651,
2.133512,
10.05624,
12.48461,
67.85088,
10.10004,
145.9535,
22.59095,
17.76365,
18.94943,
4.120556,
<<<<<<< HEAD
>>>>>>> 29fc07e (Remove T2MAT folder level)
=======
>>>>>>> 4d9e712909650e13193c45904b75652afa554b9e
14.42148,
3.928855,
0,
2049, 
<<<<<<< HEAD
<<<<<<< HEAD
9.248469,
66.55824,
10.46198,
3.122746,
14.61303,
9.720215,
6.687896,
13.59126,
5.012237,
3.296771,
76.34457,
10.3735,
3.981054,
3.144807,
2.227681,
10.09372,
12.89062,
71.30525,
10.03151,
146.2416,
23.11187,
18.04903,
18.76708,
4.127832,
=======
=======
>>>>>>> 4d9e712909650e13193c45904b75652afa554b9e
9.24847,
66.55826,
10.46197,
3.124177,
14.61302,
9.756775,
6.690473,
13.59126,
5.012237,
3.29677,
76.35476,
10.37962,
3.981053,
3.144807,
2.227681,
10.09759,
12.89085,
71.3049,
10.03358,
146.2635,
23.11187,
18.0489,
18.76708,
4.128364,
<<<<<<< HEAD
>>>>>>> 29fc07e (Remove T2MAT folder level)
=======
>>>>>>> 4d9e712909650e13193c45904b75652afa554b9e
15.7888,
4.552559,
0,
2050, 
<<<<<<< HEAD
<<<<<<< HEAD
9.237965,
66.29731,
10.65115,
3.276172,
14.83523,
9.953217,
7.036316,
15.55691,
5.868177,
3.38636,
76.10052,
10.3184,
4.005162,
3.254281,
2.322389,
10.13393,
13.29519,
74.78115,
9.963394,
146.516,
23.63158,
18.33339,
18.58199,
4.134246,
=======
=======
>>>>>>> 4d9e712909650e13193c45904b75652afa554b9e
9.237967,
66.29732,
10.65114,
3.277784,
14.83521,
9.991385,
7.039044,
15.55691,
5.868177,
3.386358,
76.11133,
10.32487,
4.005163,
3.254281,
2.322389,
10.13794,
13.29554,
74.78078,
9.965633,
146.5392,
23.63158,
18.33323,
18.58199,
4.134813,
<<<<<<< HEAD
>>>>>>> 29fc07e (Remove T2MAT folder level)
=======
>>>>>>> 4d9e712909650e13193c45904b75652afa554b9e
17.1929,
5.222826,
0,
2051, 
<<<<<<< HEAD
<<<<<<< HEAD
9.223473,
65.99118,
10.84135,
3.439989,
15.06952,
10.19433,
7.419471,
18.28122,
7.062898,
3.483297,
75.81662,
10.25672,
4.021299,
3.366586,
2.420714,
10.17638,
13.69205,
78.42175,
9.882313,
146.5238,
24.13919,
18.6155,
18.39726,
4.137971,
=======
=======
>>>>>>> 4d9e712909650e13193c45904b75652afa554b9e
9.223475,
65.99119,
10.84134,
3.441844,
15.06951,
10.2338,
7.422358,
18.28122,
7.062898,
3.483296,
75.82806,
10.26353,
4.021299,
3.366586,
2.420714,
10.1805,
13.69253,
78.42136,
9.884741,
146.548,
24.13919,
18.61532,
18.39726,
4.138578,
<<<<<<< HEAD
>>>>>>> 29fc07e (Remove T2MAT folder level)
=======
>>>>>>> 4d9e712909650e13193c45904b75652afa554b9e
18.83436,
6.149168,
0,
2052, 
<<<<<<< HEAD
<<<<<<< HEAD
9.207227,
65.66438,
11.03003,
3.603807,
15.30092,
10.43473,
7.801764,
21.20856,
8.372943,
3.580018,
75.51656,
10.19184,
4.035976,
3.478769,
2.519383,
10.21765,
14.08643,
82.06761,
9.799883,
146.4939,
24.64376,
18.89565,
18.20978,
4.140307,
=======
=======
>>>>>>> 4d9e712909650e13193c45904b75652afa554b9e
9.207228,
65.66439,
11.03002,
3.605903,
15.30091,
10.47546,
7.804806,
21.20856,
8.372943,
3.580016,
75.5286,
10.19899,
4.035976,
3.478769,
2.519383,
10.22188,
14.08704,
82.06721,
9.802502,
146.5192,
24.64376,
18.89544,
18.20978,
4.140954,
<<<<<<< HEAD
>>>>>>> 29fc07e (Remove T2MAT folder level)
=======
>>>>>>> 4d9e712909650e13193c45904b75652afa554b9e
20.5111,
7.147505,
0,
2053, 
<<<<<<< HEAD
<<<<<<< HEAD
9.189208,
65.31689,
11.21681,
3.767326,
15.5289,
10.67396,
8.18276,
24.3305,
9.795131,
3.676296,
75.20016,
10.12376,
4.049152,
3.590614,
2.618293,
10.25762,
14.47802,
85.71254,
9.716125,
146.4251,
25.1446,
19.17341,
18.01961,
4.141228,
=======
=======
>>>>>>> 4d9e712909650e13193c45904b75652afa554b9e
9.18921,
65.31689,
11.2168,
3.769659,
15.52889,
10.71589,
8.185947,
24.3305,
9.795131,
3.676296,
75.21283,
10.13124,
4.049151,
3.590614,
2.618293,
10.26196,
14.47877,
85.71211,
9.718935,
146.4514,
25.1446,
19.17317,
18.0196,
4.141913,
<<<<<<< HEAD
>>>>>>> 29fc07e (Remove T2MAT folder level)
=======
>>>>>>> 4d9e712909650e13193c45904b75652afa554b9e
22.21905,
8.214843,
0,
2054, 
9.169403,
<<<<<<< HEAD
<<<<<<< HEAD
64.94863,
11.40136,
3.930274,
15.753,
10.91158,
8.562064,
27.63857,
11.32589,
3.771937,
74.86735,
10.05249,
4.06079,
3.701921,
2.717346,
10.29618,
14.86655,
89.35085,
9.631067,
146.3165,
25.64104,
19.4484,
17.8268,
4.140706,
=======
=======
>>>>>>> 4d9e712909650e13193c45904b75652afa554b9e
64.94865,
11.40134,
3.932841,
15.75299,
10.95468,
8.565394,
27.63857,
11.32589,
3.771936,
74.88062,
10.06029,
4.060788,
3.701921,
2.717346,
10.30061,
14.86744,
89.35043,
9.634064,
146.3439,
25.64104,
19.44814,
17.8268,
4.141431,
<<<<<<< HEAD
>>>>>>> 29fc07e (Remove T2MAT folder level)
=======
>>>>>>> 4d9e712909650e13193c45904b75652afa554b9e
23.95449,
9.348126,
0,
2055, 
<<<<<<< HEAD
<<<<<<< HEAD
9.147796,
64.55961,
11.58334,
4.092403,
15.9728,
11.1472,
8.93933,
31.12429,
12.96132,
3.866757,
74.51799,
9.978041,
4.070854,
3.812497,
2.816449,
10.3332,
15.25176,
92.97742,
9.544731,
146.1673,
26.13247,
19.72028,
17.63141,
4.138719,
=======
=======
>>>>>>> 4d9e712909650e13193c45904b75652afa554b9e
9.147797,
64.55962,
11.58333,
4.095199,
15.97279,
11.19142,
8.942798,
31.12429,
12.96132,
3.866756,
74.53187,
9.98616,
4.070852,
3.812497,
2.816449,
10.33773,
15.25278,
92.97697,
9.547915,
146.1956,
26.13247,
19.72,
17.63141,
4.139482,
<<<<<<< HEAD
>>>>>>> 29fc07e (Remove T2MAT folder level)
=======
>>>>>>> 4d9e712909650e13193c45904b75652afa554b9e
25.71403,
10.54429,
0,
2056, 
<<<<<<< HEAD
<<<<<<< HEAD
9.123843,
64.14809,
11.75875,
4.263185,
16.19538,
11.38784,
9.344553,
35.79065,
15.14405,
3.966878,
74.1374,
9.897417,
4.072402,
3.926875,
2.92071,
10.37585,
15.62794,
96.70388,
9.447126,
145.8661,
26.61124,
19.98542,
17.43115,
4.134507,
=======
=======
>>>>>>> 4d9e712909650e13193c45904b75652afa554b9e
9.123844,
64.1481,
11.75873,
4.266257,
16.19537,
11.43309,
9.348154,
35.79065,
15.14405,
3.966878,
74.1519,
9.905842,
4.0724,
3.926875,
2.92071,
10.38043,
15.62913,
96.70341,
9.450527,
145.8952,
26.61124,
19.98511,
17.43115,
4.135312,
<<<<<<< HEAD
>>>>>>> 29fc07e (Remove T2MAT folder level)
=======
>>>>>>> 4d9e712909650e13193c45904b75652afa554b9e
27.72516,
12.13769,
0,
2057, 
<<<<<<< HEAD
<<<<<<< HEAD
9.09808,
63.71594,
11.93097,
4.432303,
16.41218,
11.62542,
9.745269,
40.71114,
17.47512,
4.065518,
73.74056,
9.813658,
4.072372,
4.040133,
3.024738,
10.41673,
15.99987,
100.4026,
9.348454,
145.5225,
27.08345,
20.24656,
17.22842,
4.128813,
=======
=======
>>>>>>> 4d9e712909650e13193c45904b75652afa554b9e
9.098081,
63.71596,
11.93095,
4.435645,
16.41217,
11.67166,
9.748999,
40.71114,
17.47512,
4.06552,
73.75568,
9.82238,
4.072371,
4.040133,
3.024738,
10.42135,
16.00123,
100.4022,
9.352068,
145.5525,
27.08345,
20.24623,
17.22842,
4.129659,
<<<<<<< HEAD
>>>>>>> 29fc07e (Remove T2MAT folder level)
=======
>>>>>>> 4d9e712909650e13193c45904b75652afa554b9e
29.75351,
13.81917,
0,
2058, 
<<<<<<< HEAD
<<<<<<< HEAD
9.070494,
63.26315,
12.09974,
4.599549,
16.62292,
11.85964,
10.14128,
45.86966,
19.94628,
4.162534,
73.32744,
9.726786,
4.070746,
4.152104,
3.128439,
10.45574,
16.36733,
104.0695,
9.248746,
145.1359,
27.5486,
20.50341,
17.02329,
4.121618,
=======
=======
>>>>>>> 4d9e712909650e13193c45904b75652afa554b9e
9.070496,
63.26317,
12.09973,
4.603151,
16.62291,
11.9068,
10.14513,
45.86966,
19.94628,
4.162536,
73.34316,
9.735802,
4.070745,
4.152104,
3.128439,
10.46041,
16.36885,
104.069,
9.252574,
145.1667,
27.5486,
20.50305,
17.02329,
4.122506,
<<<<<<< HEAD
>>>>>>> 29fc07e (Remove T2MAT folder level)
=======
>>>>>>> 4d9e712909650e13193c45904b75652afa554b9e
31.79556,
15.58285,
0,
2059, 
<<<<<<< HEAD
<<<<<<< HEAD
9.04108,
62.78971,
12.26484,
4.764732,
16.82733,
12.09015,
10.53241,
51.25092,
22.54942,
4.257797,
72.89799,
9.636829,
4.067508,
4.262631,
3.231729,
10.49277,
16.73012,
107.7006,
9.148043,
144.706,
28.00621,
20.75571,
16.81583,
4.112906,
=======
=======
>>>>>>> 4d9e712909650e13193c45904b75652afa554b9e
9.041081,
62.78973,
12.26482,
4.768588,
16.82732,
12.13821,
10.53637,
51.25092,
22.54942,
4.2578,
72.91429,
9.646132,
4.067506,
4.262631,
3.231729,
10.49749,
16.73181,
107.7001,
9.152079,
144.7375,
28.00621,
20.75533,
16.81583,
4.113833,
<<<<<<< HEAD
>>>>>>> 29fc07e (Remove T2MAT folder level)
=======
>>>>>>> 4d9e712909650e13193c45904b75652afa554b9e
33.84818,
17.42314,
0,
2060, 
<<<<<<< HEAD
<<<<<<< HEAD
9.00983,
62.29564,
12.42603,
4.927684,
17.0252,
12.3167,
10.91851,
56.84042,
25.27655,
4.351195,
72.45219,
9.543823,
4.062643,
4.371571,
3.334526,
10.52775,
17.08805,
111.2925,
9.046379,
144.2324,
28.45584,
21.00322,
16.60612,
4.102661,
=======
=======
>>>>>>> 4d9e712909650e13193c45904b75652afa554b9e
9.009831,
62.29566,
12.42601,
4.931785,
17.02519,
12.3656,
10.92258,
56.84042,
25.27655,
4.351198,
72.46909,
9.553404,
4.062641,
4.371571,
3.334526,
10.5325,
17.08989,
111.292,
9.050619,
144.2646,
28.45584,
21.00282,
16.60612,
4.103628,
<<<<<<< HEAD
>>>>>>> 29fc07e (Remove T2MAT folder level)
=======
>>>>>>> 4d9e712909650e13193c45904b75652afa554b9e
35.90855,
19.33469,
0,
2061, 
<<<<<<< HEAD
<<<<<<< HEAD
8.976398,
61.78081,
12.58053,
5.098197,
17.22182,
12.54768,
11.32105,
64.06038,
28.79828,
4.447172,
71.9781,
9.444574,
4.049309,
4.481737,
3.442489,
10.56302,
17.43275,
114.8977,
8.940929,
143.6561,
28.89172,
21.23886,
16.38739,
4.089699,
=======
=======
>>>>>>> 4d9e712909650e13193c45904b75652afa554b9e
8.976399,
61.78083,
12.58051,
5.102592,
17.2218,
12.59741,
11.32522,
64.06038,
28.79828,
4.447174,
71.99558,
9.45442,
4.049308,
4.481737,
3.442489,
10.5678,
17.43478,
114.8971,
8.945402,
143.6888,
28.89172,
21.23844,
16.38739,
4.09071,
<<<<<<< HEAD
>>>>>>> 29fc07e (Remove T2MAT folder level)
=======
>>>>>>> 4d9e712909650e13193c45904b75652afa554b9e
38.22454,
21.79334,
0,
2062, 
<<<<<<< HEAD
<<<<<<< HEAD
8.941135,
61.24549,
12.73064,
5.265636,
17.41069,
12.77367,
11.71619,
71.54819,
32.48002,
4.540707,
71.48801,
9.342381,
4.034397,
4.589991,
3.549604,
10.596,
17.77167,
118.4496,
8.834659,
143.0362,
29.31836,
21.46907,
16.16668,
4.075209,
=======
=======
>>>>>>> 4d9e712909650e13193c45904b75652afa554b9e
8.941137,
61.24551,
12.73062,
5.270311,
17.41066,
12.82417,
11.72046,
71.54819,
32.48002,
4.540708,
71.50609,
9.352482,
4.034395,
4.589991,
3.549604,
10.60081,
17.77388,
118.4491,
8.839358,
143.0694,
29.31836,
21.46863,
16.16668,
4.076264,
<<<<<<< HEAD
>>>>>>> 29fc07e (Remove T2MAT folder level)
=======
>>>>>>> 4d9e712909650e13193c45904b75652afa554b9e
40.53672,
24.34122,
0,
2063, 
<<<<<<< HEAD
<<<<<<< HEAD
8.90404,
60.68969,
12.87618,
5.42988,
17.59168,
12.99444,
12.10395,
79.28049,
36.30827,
4.631726,
70.98197,
9.23728,
4.017906,
4.696215,
3.655799,
10.62663,
18.10466,
121.9459,
8.727604,
142.3727,
29.73543,
21.69369,
15.94407,
4.059182,
=======
=======
>>>>>>> 4d9e712909650e13193c45904b75652afa554b9e
8.904042,
60.6897,
12.87616,
5.434824,
17.59164,
13.04566,
12.1083,
79.28049,
36.30827,
4.631728,
71.0006,
9.247631,
4.017903,
4.696215,
3.655799,
10.63146,
18.10705,
121.9453,
8.732525,
142.4063,
29.73543,
21.69323,
15.94407,
4.06028,
<<<<<<< HEAD
>>>>>>> 29fc07e (Remove T2MAT folder level)
=======
>>>>>>> 4d9e712909650e13193c45904b75652afa554b9e
42.84255,
26.96982,
0,
2064, 
<<<<<<< HEAD
<<<<<<< HEAD
8.86511,
60.11345,
13.017,
5.590821,
17.7647,
13.20981,
12.48433,
87.23601,
40.27037,
4.720171,
70.45998,
9.129316,
3.999836,
4.800302,
3.761007,
10.65483,
18.43159,
125.3841,
8.619804,
141.6658,
30.14264,
21.91255,
15.71965,
4.041608,
=======
=======
>>>>>>> 4d9e712909650e13193c45904b75652afa554b9e
8.865112,
60.11345,
13.01698,
5.596023,
17.76466,
13.26171,
12.48876,
87.23601,
40.27037,
4.720171,
70.47917,
9.139908,
3.999833,
4.800302,
3.761007,
10.65969,
18.43415,
125.3836,
8.624942,
141.6998,
30.14264,
21.91208,
15.71965,
4.042748,
<<<<<<< HEAD
>>>>>>> 29fc07e (Remove T2MAT folder level)
=======
>>>>>>> 4d9e712909650e13193c45904b75652afa554b9e
45.13986,
29.67132,
0,
2065, 
<<<<<<< HEAD
<<<<<<< HEAD
8.824345,
59.51677,
13.15296,
5.74837,
17.92969,
13.41958,
12.85735,
95.39512,
44.35449,
4.805991,
69.92211,
9.018532,
3.980189,
4.902153,
3.865167,
10.68056,
18.75234,
128.7625,
8.511301,
140.9155,
30.5397,
22.12551,
15.49349,
4.022479,
=======
=======
>>>>>>> 4d9e712909650e13193c45904b75652afa554b9e
8.824347,
59.51677,
13.15295,
5.753819,
17.92964,
13.47211,
12.86185,
95.39512,
44.35449,
4.80599,
69.94183,
9.029358,
3.980186,
4.902153,
3.865167,
10.68544,
18.75507,
128.762,
8.516646,
140.9499,
30.5397,
22.12502,
15.49349,
4.02366,
<<<<<<< HEAD
>>>>>>> 29fc07e (Remove T2MAT folder level)
=======
>>>>>>> 4d9e712909650e13193c45904b75652afa554b9e
47.42675,
32.43859,
0,
2066, 
<<<<<<< HEAD
<<<<<<< HEAD
8.781281,
58.89435,
13.27989,
5.908133,
18.08492,
13.62784,
13.23185,
105.5076,
49.36509,
4.891644,
69.36191,
8.900414,
3.952556,
5.002394,
3.972383,
10.70562,
19.05169,
132.0449,
8.402611,
140.0487,
30.91216,
22.32473,
15.25818,
4.000407,
=======
=======
>>>>>>> 4d9e712909650e13193c45904b75652afa554b9e
8.781282,
58.89435,
13.27987,
5.913871,
18.08487,
13.68096,
13.23641,
105.5076,
49.36509,
4.891644,
69.38215,
8.911478,
3.952554,
5.002394,
3.972383,
10.7105,
19.05458,
132.0444,
8.408201,
140.0833,
30.91216,
22.32418,
15.25818,
4.001636,
<<<<<<< HEAD
>>>>>>> 29fc07e (Remove T2MAT folder level)
=======
>>>>>>> 4d9e712909650e13193c45904b75652afa554b9e
49.90259,
35.84167,
0,
2067, 
<<<<<<< HEAD
<<<<<<< HEAD
8.736397,
58.25172,
13.40162,
6.063845,
18.23153,
13.8297,
13.59748,
115.8464,
54.50983,
4.974234,
68.786,
8.779625,
3.923436,
5.100235,
4.078233,
10.72803,
19.34419,
135.2586,
8.293278,
139.1422,
31.27371,
22.51765,
15.02146,
3.976805,
=======
=======
>>>>>>> 4d9e712909650e13193c45904b75652afa554b9e
8.736398,
58.25172,
13.4016,
6.069857,
18.23147,
13.88337,
13.60209,
115.8464,
54.50983,
4.974233,
68.80677,
8.790916,
3.923433,
5.100235,
4.078233,
10.73291,
19.34725,
135.2581,
8.299105,
139.1771,
31.27371,
22.51704,
15.02146,
3.97808,
<<<<<<< HEAD
>>>>>>> 29fc07e (Remove T2MAT folder level)
=======
>>>>>>> 4d9e712909650e13193c45904b75652afa554b9e
52.35499,
39.31367,
0,
2068, 
<<<<<<< HEAD
<<<<<<< HEAD
8.689694,
57.58892,
13.51806,
6.215461,
18.36951,
14.02506,
13.95436,
126.3851,
59.77253,
5.053741,
68.1945,
8.656212,
3.892837,
5.195606,
4.182673,
10.74778,
19.62977,
138.4026,
8.183344,
138.1966,
31.62417,
22.70418,
14.78344,
3.951666,
=======
=======
>>>>>>> 4d9e712909650e13193c45904b75652afa554b9e
8.689695,
57.58893,
13.51804,
6.221733,
18.36946,
14.07923,
13.95902,
126.3851,
59.77253,
5.053741,
68.21576,
8.667727,
3.892835,
5.195606,
4.182673,
10.75265,
19.63299,
138.4021,
8.1894,
138.2317,
31.62417,
22.70352,
14.78344,
3.952987,
<<<<<<< HEAD
>>>>>>> 29fc07e (Remove T2MAT folder level)
=======
>>>>>>> 4d9e712909650e13193c45904b75652afa554b9e
54.78267,
42.84506,
0,
2069, 
<<<<<<< HEAD
<<<<<<< HEAD
8.641176,
56.90602,
13.62911,
6.362943,
18.49891,
14.21382,
14.3026,
137.0997,
65.13849,
5.13016,
67.58746,
8.530233,
3.860774,
5.288441,
4.285658,
10.76481,
19.90837,
141.4757,
8.07285,
137.2123,
31.96338,
22.88423,
14.54421,
3.924989,
=======
=======
>>>>>>> 4d9e712909650e13193c45904b75652afa554b9e
8.641177,
56.90603,
13.62909,
6.369462,
18.49885,
14.26844,
14.30731,
137.0997,
65.13849,
5.130159,
67.6092,
8.541962,
3.860772,
5.288441,
4.285658,
10.76968,
19.91175,
141.4753,
8.079127,
137.2477,
31.96338,
22.88351,
14.54421,
3.926354,
<<<<<<< HEAD
>>>>>>> 29fc07e (Remove T2MAT folder level)
=======
>>>>>>> 4d9e712909650e13193c45904b75652afa554b9e
57.18459,
46.42735,
0,
2070, 
<<<<<<< HEAD
<<<<<<< HEAD
8.590846,
56.20304,
13.73471,
6.506269,
18.61975,
14.39589,
14.64232,
147.9691,
70.59441,
5.203488,
66.96498,
8.401747,
3.827259,
5.378685,
4.387152,
10.7791,
20.17993,
144.4771,
7.96184,
136.19,
32.29118,
23.05774,
14.30386,
3.896772,
=======
=======
>>>>>>> 4d9e712909650e13193c45904b75652afa554b9e
8.590847,
56.20306,
13.73469,
6.513023,
18.61969,
14.45093,
14.64707,
147.9691,
70.59441,
5.203486,
66.98719,
8.413677,
3.827258,
5.378685,
4.387152,
10.78397,
20.18345,
144.4766,
7.968329,
136.2255,
32.29118,
23.05698,
14.30385,
3.89818,
<<<<<<< HEAD
>>>>>>> 29fc07e (Remove T2MAT folder level)
=======
>>>>>>> 4d9e712909650e13193c45904b75652afa554b9e
59.55989,
50.053,
0,
2071, 
<<<<<<< HEAD
<<<<<<< HEAD
8.536849,
55.46661,
13.82717,
6.64948,
18.72913,
14.57054,
14.98202,
161.0404,
77.09772,
5.274951,
66.3223,
8.267441,
3.787139,
5.466036,
4.489594,
10.79118,
20.42929,
147.3422,
7.851168,
135.0731,
32.5877,
23.21646,
14.05901,
3.865418,
=======
=======
>>>>>>> 4d9e712909650e13193c45904b75652afa554b9e
8.536851,
55.46663,
13.82715,
6.656505,
18.72909,
14.62601,
14.9868,
161.0404,
77.09772,
5.274951,
66.34497,
8.27956,
3.787138,
5.466036,
4.489594,
10.79603,
20.43295,
147.3418,
7.857898,
135.1086,
32.5877,
23.21567,
14.05901,
3.866879,
<<<<<<< HEAD
>>>>>>> 29fc07e (Remove T2MAT folder level)
=======
>>>>>>> 4d9e712909650e13193c45904b75652afa554b9e
62.08831,
54.37955,
0,
2072, 
<<<<<<< HEAD
<<<<<<< HEAD
8.481104,
54.71073,
13.91405,
6.788006,
18.82966,
14.73798,
15.3121,
174.2486,
83.67986,
5.34304,
65.66438,
8.130772,
3.745669,
5.550764,
4.590295,
10.80047,
20.67118,
150.1293,
7.740032,
133.9225,
32.87245,
23.36843,
13.8133,
3.832569,
=======
=======
>>>>>>> 4d9e712909650e13193c45904b75652afa554b9e
8.481105,
54.71075,
13.91403,
6.795285,
18.82962,
14.79383,
15.31691,
174.2486,
83.67986,
5.34304,
65.68749,
8.14307,
3.745667,
5.550764,
4.590295,
10.8053,
20.67498,
150.1289,
7.746994,
133.958,
32.87245,
23.36762,
13.8133,
3.83408,
<<<<<<< HEAD
>>>>>>> 29fc07e (Remove T2MAT folder level)
=======
>>>>>>> 4d9e712909650e13193c45904b75652afa554b9e
64.57652,
58.73753,
0,
2073, 
<<<<<<< HEAD
<<<<<<< HEAD
8.423618,
53.93551,
13.9953,
6.921862,
18.92141,
14.89818,
15.63274,
187.5685,
90.32475,
5.407778,
64.99133,
7.991807,
3.70287,
5.632835,
4.689232,
10.80695,
20.90558,
152.8379,
7.628476,
132.7388,
33.14537,
23.51364,
13.5668,
3.798225,
=======
=======
>>>>>>> 4d9e712909650e13193c45904b75652afa554b9e
8.423619,
53.93552,
13.99528,
6.929379,
18.92138,
14.95437,
15.63758,
187.5685,
90.32475,
5.407779,
65.01486,
8.004278,
3.702869,
5.632835,
4.689232,
10.81176,
20.90952,
152.8375,
7.635661,
132.7744,
33.14537,
23.51281,
13.5668,
3.799785,
<<<<<<< HEAD
>>>>>>> 29fc07e (Remove T2MAT folder level)
=======
>>>>>>> 4d9e712909650e13193c45904b75652afa554b9e
67.02439,
63.11819,
0,
2074, 
<<<<<<< HEAD
<<<<<<< HEAD
8.394667,
53.60901,
13.95963,
6.935437,
18.84622,
14.88827,
15.68861,
197.0618,
95.13361,
5.406057,
64.60944,
7.848729,
3.650534,
5.618703,
4.706091,
10.77103,
20.83541,
152.7869,
7.534176,
130.7904,
33.02462,
23.44143,
13.38756,
3.780975,
=======
=======
>>>>>>> 4d9e712909650e13193c45904b75652afa554b9e
8.394668,
53.60902,
13.95961,
6.943027,
18.8462,
14.94365,
15.69338,
197.0618,
95.13361,
5.406058,
64.6329,
7.861114,
3.650534,
5.618703,
4.706091,
10.77572,
20.83941,
152.7865,
7.54143,
130.8253,
33.02462,
23.4406,
13.38756,
3.782552,
<<<<<<< HEAD
>>>>>>> 29fc07e (Remove T2MAT folder level)
=======
>>>>>>> 4d9e712909650e13193c45904b75652afa554b9e
68.1072,
66.20561,
0,
2075, 
<<<<<<< HEAD
<<<<<<< HEAD
8.365592,
53.28271,
13.91959,
6.943892,
18.76405,
14.8712,
15.73409,
206.2581,
99.79246,
5.40091,
64.22761,
7.706563,
3.598399,
5.602255,
4.720644,
10.73317,
20.76118,
152.6599,
7.440595,
128.8498,
32.89583,
23.36473,
13.20998,
3.76342,
=======
=======
>>>>>>> 4d9e712909650e13193c45904b75652afa554b9e
8.365594,
53.28271,
13.91957,
6.951539,
18.76404,
14.92576,
15.73878,
206.2581,
99.79246,
5.400912,
64.25101,
7.71886,
3.598398,
5.602255,
4.720644,
10.73776,
20.76522,
152.6595,
7.447906,
128.8839,
32.89583,
23.3639,
13.20998,
3.765011,
<<<<<<< HEAD
>>>>>>> 29fc07e (Remove T2MAT folder level)
=======
>>>>>>> 4d9e712909650e13193c45904b75652afa554b9e
69.11003,
69.18287,
0,
2076, 
<<<<<<< HEAD
<<<<<<< HEAD
8.333555,
52.9331,
13.86536,
6.948404,
18.66895,
14.84234,
15.77507,
217.2517,
105.1999,
5.39293,
63.83599,
7.564655,
3.542342,
5.584098,
4.735093,
10.69447,
20.67127,
152.3538,
7.348413,
126.8706,
32.74115,
23.27244,
13.03738,
3.743622,
=======
=======
>>>>>>> 4d9e712909650e13193c45904b75652afa554b9e
8.333557,
52.93311,
13.86534,
6.956128,
18.66894,
14.89611,
15.77969,
217.2517,
105.1999,
5.392931,
63.85931,
7.576862,
3.542341,
5.584098,
4.735093,
10.69894,
20.67534,
152.3534,
7.355802,
126.904,
32.74115,
23.27159,
13.03738,
3.745234,
<<<<<<< HEAD
>>>>>>> 29fc07e (Remove T2MAT folder level)
=======
>>>>>>> 4d9e712909650e13193c45904b75652afa554b9e
70.1509,
72.68814,
0,
2077, 
<<<<<<< HEAD
<<<<<<< HEAD
8.301484,
52.58419,
13.80748,
6.947942,
18.56776,
14.80686,
15.80581,
227.851,
110.4107,
5.381636,
63.4451,
7.423815,
3.486635,
5.563884,
4.747177,
10.65398,
20.57767,
151.9818,
7.25701,
124.9039,
32.57961,
23.17636,
12.86646,
3.723582,
=======
=======
>>>>>>> 4d9e712909650e13193c45904b75652afa554b9e
8.301485,
52.58421,
13.80745,
6.955724,
18.56775,
14.85981,
15.81035,
227.851,
110.4107,
5.381639,
63.46832,
7.435931,
3.486634,
5.563884,
4.747177,
10.65835,
20.58177,
151.9814,
7.264465,
124.9366,
32.57961,
23.17548,
12.86646,
3.725214,
<<<<<<< HEAD
>>>>>>> 29fc07e (Remove T2MAT folder level)
=======
>>>>>>> 4d9e712909650e13193c45904b75652afa554b9e
71.10578,
76.04838,
0,
2078, 
<<<<<<< HEAD
<<<<<<< HEAD
8.269389,
52.23605,
13.74613,
6.942825,
18.46094,
14.76513,
15.82705,
238.0593,
115.4239,
5.367257,
63.05503,
7.28405,
3.431282,
5.541716,
4.757018,
10.61181,
20.48062,
151.5478,
7.166385,
122.95,
32.4116,
23.07671,
12.69721,
3.703319,
=======
=======
>>>>>>> 4d9e712909650e13193c45904b75652afa554b9e
8.26939,
52.23607,
13.74611,
6.950651,
18.46093,
14.81727,
15.83152,
238.0593,
115.4239,
5.36726,
63.07815,
7.29607,
3.43128,
5.541716,
4.757018,
10.61608,
20.48474,
151.5474,
7.173895,
122.982,
32.4116,
23.07581,
12.69721,
3.704968,
<<<<<<< HEAD
>>>>>>> 29fc07e (Remove T2MAT folder level)
=======
>>>>>>> 4d9e712909650e13193c45904b75652afa554b9e
71.98003,
79.26569,
0,
2079, 
<<<<<<< HEAD
<<<<<<< HEAD
8.237282,
51.88871,
13.68153,
6.933351,
18.34891,
14.71752,
15.8395,
247.8824,
120.2404,
5.350006,
62.66586,
7.145355,
3.376284,
5.517693,
4.764736,
10.56806,
20.38031,
151.0552,
7.076535,
121.009,
32.23749,
22.9737,
12.52961,
3.682848,
=======
=======
>>>>>>> 4d9e712909650e13193c45904b75652afa554b9e
8.237283,
51.88873,
13.68151,
6.941203,
18.34891,
14.76884,
15.84389,
247.8824,
120.2404,
5.350008,
62.68887,
7.157276,
3.376282,
5.517693,
4.764736,
10.57223,
20.38445,
151.0548,
7.084089,
121.0403,
32.23749,
22.97278,
12.52962,
3.684513,
<<<<<<< HEAD
>>>>>>> 29fc07e (Remove T2MAT folder level)
=======
>>>>>>> 4d9e712909650e13193c45904b75652afa554b9e
72.77861,
82.343,
0,
2080, 
<<<<<<< HEAD
<<<<<<< HEAD
8.205173,
51.54225,
13.61383,
6.919799,
18.23208,
14.66438,
15.84378,
257.3279,
124.8622,
5.330081,
62.27767,
7.007736,
3.321646,
5.49191,
4.770442,
10.52283,
20.27695,
150.5077,
6.987459,
119.0809,
32.05763,
22.86753,
12.36366,
3.662189,
=======
=======
>>>>>>> 4d9e712909650e13193c45904b75652afa554b9e
8.205174,
51.54227,
13.61381,
6.927665,
18.23207,
14.71488,
15.8481,
257.3279,
124.8622,
5.330083,
62.30056,
7.019555,
3.321644,
5.49191,
4.770442,
10.52689,
20.28111,
150.5073,
6.995048,
119.1115,
32.05763,
22.8666,
12.36367,
3.663867,
<<<<<<< HEAD
>>>>>>> 29fc07e (Remove T2MAT folder level)
=======
>>>>>>> 4d9e712909650e13193c45904b75652afa554b9e
73.5062,
85.28383,
0,
2081, 
8.169748,
<<<<<<< HEAD
<<<<<<< HEAD
51.1698,
13.53376,
6.902175,
18.10747,
14.60103,
15.84276,
268.3573,
130.0661,
5.30854,
61.8744,
6.873171,
3.264591,
5.466371,
4.776714,
10.4788,
20.16292,
149.8144,
6.900061,
117.146,
31.85768,
22.74823,
12.20497,
3.638962,
=======
=======
>>>>>>> 4d9e712909650e13193c45904b75652afa554b9e
51.16982,
13.53374,
6.910069,
18.10746,
14.65073,
15.847,
268.3573,
130.0661,
5.308541,
61.89717,
6.884886,
3.264589,
5.466371,
4.776714,
10.48276,
20.16708,
149.814,
6.907695,
117.1759,
31.85768,
22.74729,
12.20498,
3.64066,
<<<<<<< HEAD
>>>>>>> 29fc07e (Remove T2MAT folder level)
=======
>>>>>>> 4d9e712909650e13193c45904b75652afa554b9e
74.23628,
88.65215,
0,
2082, 
8.134406,
<<<<<<< HEAD
<<<<<<< HEAD
50.79872,
13.45125,
6.880669,
17.97878,
14.53267,
15.83375,
278.9061,
135.0319,
5.284462,
61.47271,
6.739726,
3.207981,
5.439184,
4.780872,
10.43331,
20.04611,
149.0753,
6.813466,
115.2269,
31.65279,
22.6264,
12.04788,
3.615611,
=======
=======
>>>>>>> 4d9e712909650e13193c45904b75652afa554b9e
50.79874,
13.45123,
6.888574,
17.97878,
14.58155,
15.83791,
278.9061,
135.0319,
5.284463,
61.49536,
6.751335,
3.20798,
5.439184,
4.780872,
10.43717,
20.05027,
149.075,
6.821135,
115.256,
31.65279,
22.62546,
12.04788,
3.617328,
<<<<<<< HEAD
>>>>>>> 29fc07e (Remove T2MAT folder level)
=======
>>>>>>> 4d9e712909650e13193c45904b75652afa554b9e
74.89297,
91.84949,
0,
2083, 
8.099154,
<<<<<<< HEAD
<<<<<<< HEAD
50.42905,
13.36643,
6.855537,
17.84636,
14.4596,
15.81734,
288.9883,
139.7649,
5.25803,
61.07267,
6.607399,
3.151819,
5.410438,
4.783032,
10.38644,
19.92671,
148.2932,
6.727671,
113.3234,
31.44326,
22.50221,
11.89238,
3.592151,
=======
=======
>>>>>>> 4d9e712909650e13193c45904b75652afa554b9e
50.42907,
13.36641,
6.863441,
17.84636,
14.50766,
15.82142,
288.9883,
139.7649,
5.25803,
61.09517,
6.6189,
3.151819,
5.410438,
4.783032,
10.3902,
19.93088,
148.2928,
6.735366,
113.3518,
31.44326,
22.50126,
11.89238,
3.593883,
<<<<<<< HEAD
>>>>>>> 29fc07e (Remove T2MAT folder level)
=======
>>>>>>> 4d9e712909650e13193c45904b75652afa554b9e
75.48098,
94.88174,
0,
2084, 
8.064,
<<<<<<< HEAD
<<<<<<< HEAD
50.06084,
13.27943,
6.827021,
17.71052,
14.3821,
15.79406,
298.619,
144.271,
5.229416,
60.67429,
6.476184,
3.096103,
5.380218,
4.783303,
10.33828,
19.8049,
147.4707,
6.642671,
111.4356,
31.22938,
22.37581,
11.73846,
3.568593,
=======
=======
>>>>>>> 4d9e712909650e13193c45904b75652afa554b9e
50.06086,
13.27942,
6.834911,
17.7105,
14.42935,
15.79807,
298.619,
144.271,
5.229415,
60.69666,
6.487575,
3.096103,
5.380218,
4.783303,
10.34195,
19.80906,
147.4704,
6.650382,
111.4634,
31.22938,
22.37485,
11.73846,
3.570339,
<<<<<<< HEAD
>>>>>>> 29fc07e (Remove T2MAT folder level)
=======
>>>>>>> 4d9e712909650e13193c45904b75652afa554b9e
76.00463,
97.75508,
0,
2085, 
8.028951,
<<<<<<< HEAD
<<<<<<< HEAD
49.69411,
13.1904,
6.795346,
17.57153,
14.30046,
15.76444,
307.8138,
148.557,
5.198779,
60.27766,
6.346081,
3.040834,
5.348605,
4.78179,
10.28891,
19.68083,
146.6103,
6.558462,
109.5636,
31.01143,
22.24736,
11.5861,
3.54495,
=======
=======
>>>>>>> 4d9e712909650e13193c45904b75652afa554b9e
49.69413,
13.19039,
6.803214,
17.57152,
14.3469,
15.76838,
307.8138,
148.557,
5.198778,
60.29988,
6.357362,
3.040834,
5.348605,
4.78179,
10.29249,
19.68498,
146.61,
6.566182,
109.5906,
31.01143,
22.2464,
11.5861,
3.546708,
<<<<<<< HEAD
>>>>>>> 29fc07e (Remove T2MAT folder level)
=======
>>>>>>> 4d9e712909650e13193c45904b75652afa554b9e
76.46802,
100.4758,
0,
2086, 
7.990795,
<<<<<<< HEAD
<<<<<<< HEAD
49.30562,
13.09053,
6.760493,
17.42818,
14.21068,
15.73045,
318.3359,
153.2826,
5.166631,
59.86416,
6.2205,
2.984351,
5.318241,
4.78105,
10.24159,
19.55049,
145.6451,
6.475138,
107.7379,
30.78054,
22.10687,
11.43867,
3.518857,
=======
=======
>>>>>>> 4d9e712909650e13193c45904b75652afa554b9e
49.30563,
13.09052,
6.768346,
17.42817,
14.25631,
15.73431,
318.3359,
153.2826,
5.16663,
59.88624,
6.23168,
2.984351,
5.318241,
4.78105,
10.24509,
19.55464,
145.6448,
6.482872,
107.7643,
30.78054,
22.10589,
11.43867,
3.520635,
<<<<<<< HEAD
>>>>>>> 29fc07e (Remove T2MAT folder level)
=======
>>>>>>> 4d9e712909650e13193c45904b75652afa554b9e
76.92651,
103.5207,
0,
2087, 
<<<<<<< HEAD
<<<<<<< HEAD
7.952818,
48.91903,
12.98919,
6.722648,
17.28227,
14.11721,
15.69022,
328.3218,
157.7514,
5.132601,
59.45295,
6.096001,
2.928362,
5.28652,
4.778416,
10.19301,
19.41804,
144.6497,
6.39262,
105.929,
30.54614,
21.96489,
11.29279,
3.49274,
=======
=======
>>>>>>> 4d9e712909650e13193c45904b75652afa554b9e
7.952819,
48.91904,
12.98917,
6.730475,
17.28226,
14.16204,
15.694,
328.3218,
157.7514,
5.1326,
59.47488,
6.107078,
2.928361,
5.28652,
4.778416,
10.19644,
19.42218,
144.6494,
6.40036,
105.9547,
30.54614,
21.9639,
11.29279,
3.494535,
<<<<<<< HEAD
>>>>>>> 29fc07e (Remove T2MAT folder level)
=======
>>>>>>> 4d9e712909650e13193c45904b75652afa554b9e
77.3238,
106.3826,
0,
2088, 
<<<<<<< HEAD
<<<<<<< HEAD
7.915026,
48.53438,
12.88647,
6.682018,
17.13406,
14.02029,
15.64422,
337.7938,
161.9728,
5.096833,
59.04403,
5.97258,
2.872862,
5.253517,
4.773997,
10.14325,
19.28365,
143.626,
6.3109,
104.1366,
30.30849,
21.82154,
11.14844,
3.466609,
=======
=======
>>>>>>> 4d9e712909650e13193c45904b75652afa554b9e
7.915027,
48.53439,
12.88646,
6.689811,
17.13404,
14.06431,
15.64792,
337.7938,
161.9728,
5.096833,
59.0658,
5.983552,
2.872861,
5.253517,
4.773997,
10.1466,
19.28777,
143.6257,
6.318638,
104.1617,
30.30849,
21.82053,
11.14844,
3.468418,
<<<<<<< HEAD
>>>>>>> 29fc07e (Remove T2MAT folder level)
=======
>>>>>>> 4d9e712909650e13193c45904b75652afa554b9e
77.66388,
109.0699,
0,
2089, 
<<<<<<< HEAD
<<<<<<< HEAD
7.877421,
48.15171,
12.78248,
6.638803,
16.98376,
13.92014,
15.59289,
346.7742,
165.9566,
5.059465,
58.63744,
5.850233,
2.817852,
5.219312,
4.767898,
10.09239,
19.14746,
142.5761,
6.229978,
102.3609,
30.06784,
21.67695,
11.00561,
3.440473,
=======
=======
>>>>>>> 4d9e712909650e13193c45904b75652afa554b9e
7.877422,
48.15173,
12.78246,
6.646551,
16.98374,
13.96336,
15.59652,
346.7742,
165.9566,
5.059465,
58.65906,
5.861098,
2.81785,
5.219312,
4.767898,
10.09567,
19.15157,
142.5758,
6.237706,
102.3853,
30.06784,
21.67593,
11.00561,
3.442294,
<<<<<<< HEAD
>>>>>>> 29fc07e (Remove T2MAT folder level)
=======
>>>>>>> 4d9e712909650e13193c45904b75652afa554b9e
77.95051,
111.591,
0,
2090, 
<<<<<<< HEAD
<<<<<<< HEAD
7.84001,
47.77104,
12.6773,
6.593183,
16.83159,
13.81699,
15.53662,
355.2849,
169.7124,
5.020622,
58.23319,
5.728955,
2.763327,
5.183976,
4.760212,
10.04051,
19.00961,
141.5016,
6.149845,
100.6016,
29.82439,
21.53121,
10.86429,
3.41434,
=======
=======
>>>>>>> 4d9e712909650e13193c45904b75652afa554b9e
7.840011,
47.77105,
12.67728,
6.600878,
16.83157,
13.85942,
15.54019,
355.2849,
169.7124,
5.020622,
58.25465,
5.739713,
2.763325,
5.183976,
4.760212,
10.04372,
19.0137,
141.5013,
6.157556,
100.6254,
29.82439,
21.53018,
10.86429,
3.416172,
<<<<<<< HEAD
>>>>>>> 29fc07e (Remove T2MAT folder level)
=======
>>>>>>> 4d9e712909650e13193c45904b75652afa554b9e
78.1871,
113.954,
0,
2091, 
7.800202,
<<<<<<< HEAD
<<<<<<< HEAD
47.37628,
12.56342,
6.545356,
16.67835,
13.70763,
15.47355,
364.8239,
173.7901,
4.980078,
57.81294,
5.611968,
2.708216,
5.149205,
4.752857,
9.989436,
18.86642,
140.3525,
6.070529,
98.90625,
29.57359,
21.37498,
10.7247,
3.386305,
=======
=======
>>>>>>> 4d9e712909650e13193c45904b75652afa554b9e
47.37629,
12.56341,
6.553006,
16.67833,
13.74928,
15.47704,
364.8239,
173.7901,
4.980079,
57.83425,
5.622627,
2.708214,
5.149205,
4.752857,
9.992568,
18.87049,
140.3522,
6.078226,
98.92941,
29.57359,
21.37395,
10.7247,
3.388154,
<<<<<<< HEAD
>>>>>>> 29fc07e (Remove T2MAT folder level)
=======
>>>>>>> 4d9e712909650e13193c45904b75652afa554b9e
78.41174,
116.5337,
0,
2092, 
<<<<<<< HEAD
<<<<<<< HEAD
7.760646,
46.98382,
12.44885,
6.495275,
16.52368,
13.59567,
15.40565,
373.8025,
177.6096,
4.938215,
57.39553,
5.496001,
2.653617,
5.113344,
4.743852,
9.937317,
18.72167,
139.1847,
5.992004,
97.22775,
29.32039,
21.21811,
10.58664,
3.358323,
=======
=======
>>>>>>> 4d9e712909650e13193c45904b75652afa554b9e
7.760647,
46.98383,
12.44885,
6.502873,
16.52367,
13.63653,
15.40907,
373.8025,
177.6096,
4.938216,
57.41668,
5.506561,
2.653615,
5.113344,
4.743852,
9.940371,
18.72572,
139.1845,
5.999679,
97.25031,
29.32039,
21.21708,
10.58664,
3.360186,
<<<<<<< HEAD
>>>>>>> 29fc07e (Remove T2MAT folder level)
=======
>>>>>>> 4d9e712909650e13193c45904b75652afa554b9e
78.58634,
118.933,
0,
2093, 
<<<<<<< HEAD
<<<<<<< HEAD
7.721344,
46.59368,
12.33366,
6.44311,
16.36776,
13.48129,
15.33332,
382.2488,
181.1831,
4.895146,
56.98098,
5.381051,
2.599528,
5.076461,
4.733298,
9.884227,
18.5755,
137.9998,
5.914265,
95.56602,
29.065,
21.06068,
10.4501,
3.330402,
=======
=======
>>>>>>> 4d9e712909650e13193c45904b75652afa554b9e
7.721345,
46.59369,
12.33366,
6.450646,
16.36775,
13.52138,
15.33667,
382.2488,
181.1831,
4.895147,
57.00196,
5.39151,
2.599527,
5.076461,
4.733298,
9.887205,
18.57953,
137.9996,
5.921912,
95.58799,
29.065,
21.05965,
10.4501,
3.332277,
<<<<<<< HEAD
>>>>>>> 29fc07e (Remove T2MAT folder level)
=======
>>>>>>> 4d9e712909650e13193c45904b75652afa554b9e
78.71429,
121.1618,
0,
2094, 
<<<<<<< HEAD
<<<<<<< HEAD
7.6823,
46.20589,
12.2179,
6.389016,
16.21076,
13.36468,
15.25691,
390.1902,
184.522,
4.850973,
56.56928,
5.267114,
2.545947,
5.038622,
4.721288,
9.830235,
18.42804,
136.7991,
5.837307,
93.92094,
28.80761,
20.90278,
10.31508,
3.302548,
=======
=======
>>>>>>> 4d9e712909650e13193c45904b75652afa554b9e
7.682301,
46.20589,
12.2179,
6.396486,
16.21075,
13.404,
15.26019,
390.1902,
184.522,
4.850974,
56.5901,
5.277472,
2.545946,
5.038622,
4.721288,
9.833138,
18.43204,
136.7989,
5.844918,
93.94234,
28.80761,
20.90175,
10.31507,
3.304434,
<<<<<<< HEAD
>>>>>>> 29fc07e (Remove T2MAT folder level)
=======
>>>>>>> 4d9e712909650e13193c45904b75652afa554b9e
78.79866,
123.2293,
0,
2095, 
<<<<<<< HEAD
<<<<<<< HEAD
7.643514,
45.82045,
12.10164,
6.333142,
16.05283,
13.24601,
15.17675,
397.6523,
187.6378,
4.805795,
56.16046,
5.154187,
2.492871,
4.999892,
4.707909,
9.775414,
18.27941,
135.584,
5.761124,
92.29243,
28.54842,
20.74449,
10.18155,
3.274769,
=======
=======
>>>>>>> 4d9e712909650e13193c45904b75652afa554b9e
7.643515,
45.82045,
12.10165,
6.34054,
16.05283,
13.28458,
15.17996,
397.6523,
187.6378,
4.805796,
56.18111,
5.164442,
2.492871,
4.999892,
4.707909,
9.778245,
18.28339,
135.5838,
5.768694,
92.31326,
28.54842,
20.74347,
10.18155,
3.276664,
<<<<<<< HEAD
>>>>>>> 29fc07e (Remove T2MAT folder level)
=======
>>>>>>> 4d9e712909650e13193c45904b75652afa554b9e
78.84235,
125.1447,
0,
2096, 
7.603024,
45.42393,
11.97689,
<<<<<<< HEAD
<<<<<<< HEAD
6.276245,
15.89596,
13.12333,
15.08806,
405.8377,
190.9758,
4.75912,
55.7347,
5.043372,
2.439445,
4.960176,
4.693705,
9.718591,
18.12436,
134.3255,
5.687432,
90.6951,
28.28506,
20.57805,
10.04735,
3.245609,
=======
=======
>>>>>>> 4d9e712909650e13193c45904b75652afa554b9e
6.283579,
15.89596,
13.16116,
15.0912,
405.8377,
190.9758,
4.759121,
55.75519,
5.053541,
2.439444,
4.960176,
4.693705,
9.721354,
18.12831,
134.3253,
5.694969,
90.71536,
28.28506,
20.57703,
10.04735,
3.247518,
<<<<<<< HEAD
>>>>>>> 29fc07e (Remove T2MAT folder level)
=======
>>>>>>> 4d9e712909650e13193c45904b75652afa554b9e
78.87601,
127.187,
0,
2097, 
<<<<<<< HEAD
<<<<<<< HEAD
7.562839,
45.03004,
11.85205,
6.217701,
15.73849,
12.99893,
14.99583,
413.4693,
194.0674,
4.711584,
55.31232,
4.933557,
2.386544,
4.919641,
4.678121,
9.661008,
17.96826,
133.0568,
5.614496,
89.11507,
28.02023,
20.41164,
9.914713,
3.216563,
=======
=======
>>>>>>> 4d9e712909650e13193c45904b75652afa554b9e
7.56284,
45.03005,
11.85205,
6.224963,
15.73848,
13.03603,
14.9989,
413.4693,
194.0674,
4.711585,
55.33265,
4.943637,
2.386543,
4.919641,
4.678121,
9.663703,
17.97219,
133.0565,
5.621994,
89.13478,
28.02023,
20.41062,
9.914711,
3.218484,
<<<<<<< HEAD
>>>>>>> 29fc07e (Remove T2MAT folder level)
=======
>>>>>>> 4d9e712909650e13193c45904b75652afa554b9e
78.86938,
129.0623,
0,
2098, 
<<<<<<< HEAD
<<<<<<< HEAD
7.522961,
44.6388,
11.72717,
6.157641,
15.58053,
12.87295,
14.90035,
420.5781,
196.9255,
4.66327,
54.8933,
4.824734,
2.334162,
4.878345,
4.661241,
9.602726,
17.81124,
131.7788,
5.542309,
87.55218,
27.75408,
20.24531,
9.783626,
3.187636,
=======
=======
>>>>>>> 4d9e712909650e13193c45904b75652afa554b9e
7.522962,
44.6388,
11.72716,
6.164827,
15.58053,
12.90933,
14.90335,
420.5781,
196.9255,
4.663271,
54.91346,
4.834725,
2.334162,
4.878345,
4.661241,
9.605354,
17.81513,
131.7786,
5.549762,
87.57134,
27.75408,
20.24429,
9.783625,
3.189568,
<<<<<<< HEAD
>>>>>>> 29fc07e (Remove T2MAT folder level)
=======
>>>>>>> 4d9e712909650e13193c45904b75652afa554b9e
78.82516,
130.7807,
0,
2099, 
<<<<<<< HEAD
<<<<<<< HEAD
7.483391,
44.25021,
11.60228,
6.096193,
15.42222,
12.74553,
14.8019,
427.1937,
199.5626,
4.614259,
54.47765,
4.716903,
2.282298,
4.836344,
4.64315,
9.543809,
17.6534,
130.4928,
5.470866,
86.00631,
27.48679,
20.07913,
9.654073,
3.158834,
=======
=======
>>>>>>> 4d9e712909650e13193c45904b75652afa554b9e
7.483392,
44.25021,
11.60226,
6.103299,
15.42221,
12.7812,
14.80484,
427.1937,
199.5626,
4.614259,
54.49764,
4.726802,
2.282297,
4.836344,
4.64315,
9.546373,
17.65727,
130.4925,
5.478269,
86.02494,
27.48679,
20.07812,
9.654072,
3.160775,
<<<<<<< HEAD
>>>>>>> 29fc07e (Remove T2MAT folder level)
=======
>>>>>>> 4d9e712909650e13193c45904b75652afa554b9e
78.74593,
132.3515,
0,
2100, 
<<<<<<< HEAD
<<<<<<< HEAD
7.444127,
43.86428,
11.47742,
6.033475,
15.26365,
12.61682,
14.70075,
433.3436,
201.9903,
4.564623,
54.06535,
4.610054,
2.230948,
4.79369,
4.623925,
9.484314,
17.49486,
129.1994,
5.400162,
84.47728,
27.21851,
19.91315,
9.526036,
3.130162,
=======
=======
>>>>>>> 4d9e712909650e13193c45904b75652afa554b9e
7.444128,
43.86428,
11.4774,
6.040495,
15.26365,
12.65177,
14.70363,
433.3436,
201.9903,
4.564622,
54.08517,
4.619862,
2.230947,
4.79369,
4.623925,
9.486815,
17.49869,
129.1992,
5.407509,
84.4954,
27.21851,
19.91214,
9.526035,
3.132109,
<<<<<<< HEAD
>>>>>>> 29fc07e (Remove T2MAT folder level)
=======
>>>>>>> 4d9e712909650e13193c45904b75652afa554b9e
78.63406,
133.7835,
0];
