real main.em.ep.isp.StorResTot[28](t) = [1971, 
650.2043,
6655.436,
42.08362,
21.60265,
64.87003,
80.52728,
58.72234,
41.01139,
12.12848,
217.2017,
4045.412,
790.4434,
44.82675,
637.7261,
125.547,
1842.407,
149.6583,
187.5422,
60.78517,
214.7469,
32.17235,
2.731125,
946.1337,
246.709,
13.90568,
25.25577,
0,
17209.79,
1972, 
741.8291,
6657.843,
47.72691,
24.07335,
70.90247,
85.60682,
59.51014,
44.30545,
<<<<<<< HEAD
<<<<<<< HEAD
13.06972,
235.834,
=======
13.06971,
235.8341,
>>>>>>> 29fc07e (Remove T2MAT folder level)
=======
13.06971,
235.8341,
>>>>>>> 4d9e712909650e13193c45904b75652afa554b9e
4225.164,
862.6854,
51.80706,
676.4346,
128.979,
1948.756,
169.116,
195.9843,
65.4228,
235.7861,
36.51533,
3.157201,
1010.98,
243.6144,
<<<<<<< HEAD
<<<<<<< HEAD
13.96319,
=======
13.96318,
>>>>>>> 29fc07e (Remove T2MAT folder level)
=======
13.96318,
>>>>>>> 4d9e712909650e13193c45904b75652afa554b9e
36.19423,
0,
17885.26,
1973, 
<<<<<<< HEAD
<<<<<<< HEAD
822.1112,
7269.948,
51.8984,
26.78122,
=======
=======
>>>>>>> 4d9e712909650e13193c45904b75652afa554b9e
822.1111,
7269.949,
51.89839,
26.78121,
<<<<<<< HEAD
>>>>>>> 29fc07e (Remove T2MAT folder level)
=======
>>>>>>> 4d9e712909650e13193c45904b75652afa554b9e
82.16986,
95.75301,
60.99394,
49.34061,
<<<<<<< HEAD
<<<<<<< HEAD
13.25924,
250.8531,
4530.363,
899.4108,
52.40311,
=======
=======
>>>>>>> 4d9e712909650e13193c45904b75652afa554b9e
13.25922,
250.8532,
4530.363,
899.4106,
52.40312,
<<<<<<< HEAD
>>>>>>> 29fc07e (Remove T2MAT folder level)
=======
>>>>>>> 4d9e712909650e13193c45904b75652afa554b9e
714.6973,
138.2329,
2062.017,
202.2984,
202.9921,
<<<<<<< HEAD
<<<<<<< HEAD
74.03807,
257.8695,
43.11667,
3.878756,
1094.683,
277.6542,
16.23113,
46.06017,
=======
=======
>>>>>>> 4d9e712909650e13193c45904b75652afa554b9e
74.03809,
257.8696,
43.11666,
3.878754,
1094.683,
277.6542,
16.23113,
46.06018,
<<<<<<< HEAD
>>>>>>> 29fc07e (Remove T2MAT folder level)
=======
>>>>>>> 4d9e712909650e13193c45904b75652afa554b9e
0,
19339.05,
1974, 
850.5595,
7326.931,
65.72849,
<<<<<<< HEAD
<<<<<<< HEAD
27.97986,
91.55791,
104.7348,
65.2244,
49.4925,
12.81723,
268.6708,
4637.781,
955.7453,
59.42364,
755.8891,
148.2977,
2187.943,
226.6747,
212.9061,
81.38277,
266.9743,
45.87998,
5.159269,
1080.839,
298.1193,
18.26014,
58.10802,
0,
19903.08,
1975, 
828.2977,
7544.484,
69.66485,
27.81024,
98.6468,
109.7447,
74.15511,
55.5097,
13.36435,
288.806,
4620.787,
999.7319,
71.31312,
684.1312,
131.9432,
2026.462,
263.1264,
236.3842,
91.0008,
316.2711,
47.80762,
5.857369,
1104.864,
309.3614,
20.49623,
61.1617,
0,
20101.18,
=======
=======
>>>>>>> 4d9e712909650e13193c45904b75652afa554b9e
27.98027,
91.55762,
104.7405,
65.2244,
49.4925,
12.81712,
268.6708,
4637.779,
955.7452,
59.44636,
755.8891,
148.2977,
2187.943,
226.6746,
212.8938,
81.38275,
266.9742,
45.87998,
5.159482,
1080.839,
298.1193,
18.26014,
58.10797,
0,
19903.09,
1975, 
828.2977,
7544.483,
69.66485,
27.81073,
98.64605,
109.7483,
74.15511,
55.5097,
13.36417,
288.8008,
4620.784,
999.7319,
71.35624,
684.1313,
131.9433,
2026.462,
263.1264,
236.3614,
91.00084,
316.271,
47.80761,
5.857606,
1104.864,
309.3615,
20.49623,
61.16162,
0,
20101.2,
<<<<<<< HEAD
>>>>>>> 29fc07e (Remove T2MAT folder level)
=======
>>>>>>> 4d9e712909650e13193c45904b75652afa554b9e
1976, 
886.3723,
8058.391,
73.95848,
<<<<<<< HEAD
<<<<<<< HEAD
31.43783,
113.7049,
118.4277,
85.01573,
57.71395,
15.50538,
302.6935,
4967.698,
1062.252,
81.06986,
715.2866,
139.6969,
2158.21,
310.0033,
265.6773,
99.47146,
351.2398,
53.8702,
5.43931,
1181.715,
322.6221,
21.57173,
65.62288,
=======
=======
>>>>>>> 4d9e712909650e13193c45904b75652afa554b9e
31.43838,
113.7036,
118.4314,
85.01572,
57.71395,
15.50513,
302.6822,
4967.695,
1062.252,
81.13212,
715.2866,
139.6969,
2158.209,
310.0032,
265.6332,
99.47144,
351.2393,
53.8702,
5.439555,
1181.715,
322.6221,
21.57173,
65.62277,
<<<<<<< HEAD
>>>>>>> 29fc07e (Remove T2MAT folder level)
=======
>>>>>>> 4d9e712909650e13193c45904b75652afa554b9e
0,
21544.67,
1977, 
950.8682,
8329.101,
<<<<<<< HEAD
<<<<<<< HEAD
79.96756,
34.0629,
125.4388,
129.6713,
97.22808,
63.13311,
16.30076,
302.8003,
5077.862,
1106.948,
90.85435,
=======
=======
>>>>>>> 4d9e712909650e13193c45904b75652afa554b9e
79.96755,
34.06343,
125.4343,
129.6744,
97.22807,
63.13306,
16.30048,
302.7837,
5077.857,
1106.948,
90.94711,
<<<<<<< HEAD
>>>>>>> 29fc07e (Remove T2MAT folder level)
=======
>>>>>>> 4d9e712909650e13193c45904b75652afa554b9e
734.8352,
144.3448,
2229.876,
392.5233,
<<<<<<< HEAD
<<<<<<< HEAD
282.973,
108.8643,
383.5743,
59.80947,
6.798705,
1231.221,
339.4752,
23.22766,
71.39485,
0,
22413.15,
1978, 
1020.176,
8557.544,
88.36341,
35.96249,
138.894,
136.0472,
109.4548,
61.01228,
17.13536,
316.0778,
5265.941,
1163.831,
96.89062,
758.2071,
149.2396,
2332.665,
443.049,
311.1835,
120.7325,
437.5261,
61.91151,
9.522752,
1288.417,
349.7954,
26.09822,
69.31483,
0,
23364.99,
=======
=======
>>>>>>> 4d9e712909650e13193c45904b75652afa554b9e
282.9232,
108.8643,
383.5737,
59.80947,
6.798978,
1231.221,
339.4753,
23.22766,
71.39471,
0,
22413.17,
1978, 
1020.176,
8557.543,
88.36341,
35.96301,
138.8887,
136.05,
109.4548,
61.01216,
17.13504,
316.0679,
5265.937,
1163.831,
97.01137,
758.2073,
149.2396,
2332.665,
443.049,
311.1344,
120.7324,
437.5255,
61.91153,
9.523081,
1288.417,
349.7946,
26.09822,
69.31463,
0,
23365.04,
<<<<<<< HEAD
>>>>>>> 29fc07e (Remove T2MAT folder level)
=======
>>>>>>> 4d9e712909650e13193c45904b75652afa554b9e
1979, 
1069.449,
8728.632,
94.7359,
<<<<<<< HEAD
<<<<<<< HEAD
37.54338,
155.6617,
151.684,
122.4012,
70.41045,
17.59848,
332.3224,
5490.521,
1172.046,
98.85152,
=======
=======
>>>>>>> 4d9e712909650e13193c45904b75652afa554b9e
37.54362,
155.6558,
151.6867,
122.4012,
70.41041,
17.59815,
332.3108,
5490.517,
1172.046,
98.95731,
<<<<<<< HEAD
>>>>>>> 29fc07e (Remove T2MAT folder level)
=======
>>>>>>> 4d9e712909650e13193c45904b75652afa554b9e
776.2701,
205.1706,
2386.209,
512.4371,
<<<<<<< HEAD
<<<<<<< HEAD
315.6826,
130.8803,
478.3406,
67.34981,
11.47709,
1357.881,
366.2189,
29.23367,
74.67986,
0,
24253.69,
1980, 
1099.906,
8839.066,
99.3913,
37.88153,
178.7118,
162.2803,
136.8613,
78.80919,
17.81146,
360.1478,
5527.903,
1224.595,
101.791,
812.5292,
224.5313,
2569.984,
567.5014,
329.5328,
136.6579,
467.2999,
71.89979,
14.44793,
1341.032,
383.9915,
30.66959,
68.78979,
0,
24884.02,
1981, 
1156.483,
8910.482,
108.5324,
39.18673,
171.9158,
168.6935,
155.4079,
77.09692,
18.83805,
411.1654,
5582.705,
1233.527,
106.6564,
833.5927,
230.3302,
2718.214,
672.96,
361.6109,
146.5569,
472.05,
76.49432,
14.23657,
1354.125,
408.8092,
32.81543,
65.25387,
0,
25527.74,
=======
=======
>>>>>>> 4d9e712909650e13193c45904b75652afa554b9e
315.6554,
130.8803,
478.3397,
67.3491,
11.47745,
1357.881,
366.2189,
29.23367,
74.67969,
0,
24253.75,
1980, 
1099.906,
8839.066,
99.39124,
37.88157,
178.7058,
162.2827,
136.8613,
78.80917,
17.81119,
360.1373,
5527.901,
1224.595,
101.896,
812.5291,
224.5313,
2569.984,
567.5014,
329.5199,
136.6578,
467.3,
71.89835,
14.44841,
1341.032,
383.9914,
30.6696,
68.78959,
0,
24884.1,
1981, 
1156.483,
8910.48,
108.5324,
39.18676,
171.9076,
168.6963,
155.4079,
77.09691,
18.83773,
411.1541,
5582.702,
1233.527,
106.7587,
833.5927,
230.3303,
2718.213,
672.96,
361.6061,
146.5569,
472.0501,
76.49121,
14.23662,
1354.125,
408.8091,
32.81543,
65.13078,
0,
25527.69,
<<<<<<< HEAD
>>>>>>> 29fc07e (Remove T2MAT folder level)
=======
>>>>>>> 4d9e712909650e13193c45904b75652afa554b9e
1982, 
1135.482,
8689.765,
113.4111,
<<<<<<< HEAD
<<<<<<< HEAD
40.57785,
180.2511,
171.1206,
170.1903,
85.8194,
20.39914,
432.2645,
5572.04,
1250.283,
116.3066,
851.2328,
238.5744,
2824.45,
797.8197,
385.8766,
154.5342,
503.5536,
81.97142,
17.3322,
1339.933,
415.5435,
35.20693,
65.18194,
0,
25689.12,
1983, 
1186.604,
8879.388,
112.5324,
43.14086,
186.5418,
179.3064,
187.7616,
79.83687,
21.71525,
440.0118,
5703.721,
1306.279,
121.5359,
875.3495,
246.1661,
2972.111,
816.7881,
412.9714,
168.402,
544.6578,
89.59476,
20.33455,
1414.213,
425.7747,
39.14055,
63.80518,
0,
26537.68,
1984, 
1279.252,
9275.71,
121.9226,
44.38401,
208.7219,
184.5802,
207.2632,
74.16449,
21.74719,
486.714,
5911.01,
1364.705,
137.2658,
909.6727,
256.7058,
3161.098,
880.2999,
456.74,
181.2701,
571.7723,
96.62602,
23.92158,
1487.968,
454.8972,
44.1608,
62.89334,
0,
27905.47,
1985, 
1356.82,
9439.755,
106.3669,
43.75695,
226.0758,
187.977,
222.6159,
89.89499,
23.30917,
503.5023,
6129.066,
1366.629,
149.8934,
932.7515,
265.4371,
3281.373,
944.2634,
501.3238,
195.1964,
611.497,
102.1079,
24.83844,
1545.313,
488.2379,
47.68658,
65.24963,
0,
28850.94,
1986, 
1388.587,
9431.972,
119.7516,
46.77039,
239.0653,
212.8153,
219.8301,
94.1068,
24.74331,
517.3866,
6226.547,
1429.65,
171.8741,
954.3557,
269.7981,
3429.291,
1029.155,
547.6234,
210.6439,
671.559,
105.6766,
35.00293,
1567.005,
504.3436,
52.75177,
66.7255,
0,
29567.03,
1987, 
1480.452,
9600.835,
129.6988,
49.4855,
242.2781,
228.9149,
235.1161,
98.10306,
26.71317,
529.8065,
6429.994,
1457.692,
192.3942,
990.6242,
271.7613,
3566.837,
1052.559,
594.1036,
234.0949,
741.657,
113.9284,
40.56751,
1670.616,
531.8109,
58.39321,
65.06826,
0,
30633.5,
1988, 
1515.243,
9994.088,
132.2068,
49.78318,
251.4518,
258.6843,
256.2821,
103.0444,
28.43648,
549.8284,
6710.319,
1449.185,
201.8761,
1022.019,
276.7496,
3655.658,
1210.954,
654.0717,
264.8064,
811.0926,
124.7463,
42.84838,
1765.054,
555.6599,
67.02898,
71.97593,
0,
32023.09,
=======
=======
>>>>>>> 4d9e712909650e13193c45904b75652afa554b9e
40.57789,
180.241,
171.1231,
170.1902,
85.8194,
20.39886,
432.2503,
5572.038,
1250.283,
116.416,
851.2328,
238.5745,
2824.45,
797.8197,
385.8764,
154.5343,
503.5535,
81.96918,
17.33226,
1339.933,
415.5434,
35.20694,
65.10699,
0,
25689.13,
1983, 
1186.604,
8879.388,
112.5325,
43.14091,
186.5197,
179.3099,
187.7616,
79.83688,
21.715,
439.9979,
5703.723,
1306.279,
121.6482,
875.3495,
246.1662,
2972.111,
816.7881,
412.9713,
168.4021,
544.6578,
89.59006,
20.33463,
1414.213,
425.7745,
39.14055,
63.77306,
0,
26537.73,
1984, 
1279.252,
9275.708,
121.9226,
44.38403,
208.701,
184.584,
207.2631,
74.16448,
21.74694,
486.7,
5911.01,
1364.705,
137.3699,
909.6729,
256.7058,
3161.098,
880.2997,
456.7392,
181.2701,
571.7723,
96.62356,
23.92166,
1487.968,
454.8969,
44.1608,
62.8799,
0,
27905.52,
1985, 
1356.808,
9439.755,
106.3658,
43.757,
226.0315,
187.98,
222.6158,
89.89498,
23.30893,
503.4875,
6129.066,
1366.629,
149.9969,
932.7515,
265.4371,
3281.373,
944.2632,
501.3234,
195.1965,
611.428,
102.1054,
24.83851,
1545.313,
488.2377,
47.68658,
65.2401,
0,
28850.89,
1986, 
1388.575,
9431.972,
119.7516,
46.77043,
239.0385,
212.8186,
219.83,
94.10679,
24.74303,
517.371,
6226.545,
1429.65,
171.9772,
954.3558,
269.7981,
3429.291,
1029.155,
547.6224,
210.644,
671.559,
105.6768,
35.003,
1567.005,
504.3434,
52.75177,
66.71588,
0,
29567.07,
1987, 
1480.45,
9600.834,
129.6988,
49.48552,
242.2672,
228.9182,
235.1156,
98.10302,
26.71282,
529.7906,
6429.995,
1457.692,
192.4897,
990.6242,
271.7613,
3566.836,
1052.559,
594.1019,
234.095,
741.6569,
113.9285,
40.56756,
1670.616,
531.8106,
58.3932,
65.05855,
0,
30633.56,
1988, 
1515.242,
9994.088,
132.2068,
49.78318,
251.4408,
258.6496,
256.2809,
103.0444,
28.43621,
549.8123,
6710.323,
1449.184,
201.956,
1022.019,
276.7496,
3655.659,
1210.954,
654.0702,
264.8067,
811.0926,
124.7463,
42.84843,
1765.054,
555.6596,
67.02898,
71.96432,
0,
32023.1,
<<<<<<< HEAD
>>>>>>> 29fc07e (Remove T2MAT folder level)
=======
>>>>>>> 4d9e712909650e13193c45904b75652afa554b9e
1989, 
1483.342,
10901.34,
140.8454,
<<<<<<< HEAD
<<<<<<< HEAD
53.16127,
267.4715,
246.986,
268.3087,
107.5662,
30.08102,
562.0172,
6922.407,
1467.511,
217.692,
1040.853,
278.4375,
3926.95,
1235.244,
714.745,
288.8085,
871.9695,
136.9057,
47.40181,
1876.493,
596.2153,
69.92013,
69.04436,
0,
33821.72,
1990, 
1436.264,
11106.86,
145.6215,
53.67681,
256.2117,
266.5494,
277.7395,
109.5351,
34.6125,
571.1482,
7072.581,
1388.895,
240.4582,
1122.623,
345.2509,
3836.244,
1322.039,
768.476,
310.1635,
926.4404,
150.6705,
56.30821,
2049.886,
611.2876,
76.10166,
76.83247,
0,
34612.47,
1991, 
1520.971,
11201.1,
149.8858,
52.2224,
272.4785,
250.9765,
292.9842,
111.9585,
36.86197,
572.0171,
7232.287,
1326.275,
245.1617,
1035.051,
295.7865,
3578.147,
1463.872,
836.7239,
327.1017,
1107.925,
162.5718,
63.71798,
2117.667,
628.5201,
81.62891,
84.6722,
0,
35048.56,
1992, 
1556.499,
11404.14,
153.5215,
55.11226,
279.7842,
259.6443,
309.7255,
116.2096,
38.27897,
586.3115,
7283.461,
1229.975,
276.5449,
882.2156,
274.5859,
3096.074,
1556.874,
874.2656,
347.8564,
1223.278,
176.1656,
69.62463,
2143.024,
641.1152,
89.66234,
73.2529,
=======
=======
>>>>>>> 4d9e712909650e13193c45904b75652afa554b9e
53.16128,
267.4602,
246.9449,
268.307,
107.5662,
30.08073,
562.0002,
6922.414,
1467.511,
217.7564,
1040.853,
278.4375,
3926.949,
1235.244,
714.7468,
288.8087,
871.9695,
136.9056,
47.40186,
1876.493,
596.215,
69.92011,
69.03201,
0,
33821.71,
1990, 
1436.263,
11106.87,
145.6216,
53.67679,
256.2019,
266.5554,
277.737,
109.5351,
34.61212,
571.1307,
7072.429,
1388.899,
240.5059,
1122.623,
345.2511,
3836.243,
1322.039,
768.481,
310.164,
926.4405,
150.6704,
56.30824,
2049.886,
611.2874,
76.10166,
76.82074,
0,
34612.35,
1991, 
1520.971,
11201.11,
149.8859,
52.22239,
272.471,
250.958,
292.9806,
111.9585,
36.86154,
572.0009,
7232.331,
1326.281,
245.1895,
1035.051,
295.7866,
3578.147,
1463.871,
836.733,
327.1022,
1107.926,
162.5717,
63.71798,
2117.667,
628.5199,
81.62889,
84.65985,
0,
35048.6,
1992, 
1556.499,
11404.15,
153.5216,
55.11226,
279.7776,
259.5921,
309.7213,
116.2096,
38.27847,
586.2977,
7283.499,
1229.989,
276.5526,
882.2156,
274.5859,
3096.075,
1556.873,
874.2772,
347.857,
1223.277,
176.1655,
69.62463,
2143.025,
641.115,
89.66232,
73.24719,
<<<<<<< HEAD
>>>>>>> 29fc07e (Remove T2MAT folder level)
=======
>>>>>>> 4d9e712909650e13193c45904b75652afa554b9e
0,
34997.2,
1993, 
1610.648,
11678.13,
<<<<<<< HEAD
<<<<<<< HEAD
155.1111,
56.25817,
291.0233,
274.2476,
335.1377,
116.6375,
39.7077,
610.7186,
7298.413,
1224.982,
303.4851,
801.2318,
231.332,
3130.287,
1603.986,
923.4086,
385.4872,
1262.599,
194.2899,
77.83173,
2167.243,
661.8974,
93.5687,
74.89023,
0,
35602.55,
1994, 
1699.403,
11974.62,
166.9052,
60.35763,
299.2108,
291.2495,
357.9743,
116.6322,
40.54221,
631.9733,
7453.978,
1295.227,
319.3278,
730.557,
227.8923,
2761.042,
1705.699,
990.9883,
432.8051,
1370.021,
219.3758,
86.55473,
2267.631,
682.5681,
98.37183,
72.59665,
0,
36353.5,
1995, 
1717.086,
12318.42,
169.9525,
63.69678,
314.1874,
305.0908,
378.6151,
123.3258,
44.28325,
640.4877,
7650.236,
1299.505,
357.071,
766.4138,
226.1076,
2754.282,
1790.839,
1074.698,
482.8529,
1490.932,
243.2129,
100.4011,
2305.06,
701.7986,
104.592,
74.19006,
0,
37497.34,
1996, 
1768.09,
12615.65,
162.1064,
67.02727,
329.8503,
319.343,
427.8808,
128.4738,
46.3447,
668.2766,
7772.868,
1430.746,
388.2513,
768.6699,
218.4147,
2719.837,
1865.739,
1133.938,
535.288,
1565.83,
264.9106,
116.5101,
2372.291,
716.4324,
109.6288,
66.99332,
0,
38579.39,
1997, 
1794.264,
12920.19,
174.7037,
72.52695,
346.98,
344.9538,
460.6667,
129.0093,
49.94375,
692.3881,
7928.047,
1457.584,
423.1375,
761.6976,
214.3736,
2676.606,
2017.888,
1196.044,
585.3304,
1660.247,
283.6655,
123.0142,
2426.219,
739.9269,
113.8067,
70.29782,
0,
39663.51,
1998, 
1772.36,
13230,
187.8176,
77.79247,
357.7238,
363.5625,
491.8447,
125.9948,
51.34717,
682.2135,
8104.992,
1478.366,
450.8419,
732.0541,
206.3665,
2709.324,
2276.146,
1280.419,
574.0344,
1740.482,
279.6653,
126.7809,
2431.172,
783.4292,
117.968,
91.88129,
0,
40724.57,
1999, 
1808.983,
13433.88,
198.6012,
83.89232,
371.5749,
363.8885,
521.2365,
132.2802,
52.8501,
680.4774,
8198.571,
1448.059,
466.1068,
759.8488,
202.8201,
2781.925,
2181.883,
1375.69,
638.8704,
1812.986,
299.0743,
148.0257,
2468.012,
824.7054,
117.8355,
99.44624,
0,
41471.52,
2000, 
1862.723,
14056.55,
211.5441,
85.8421,
385.2501,
382.4918,
555.1208,
136.4384,
54.78197,
712.5856,
8233.925,
1539.884,
503.9484,
751.3576,
206.795,
2919.704,
2198.635,
1452.44,
756.191,
2049.3,
324.6759,
159.5296,
2577.531,
848.0419,
128.5079,
108.2366,
0,
43202.03,
2001, 
1816.741,
13379.4,
217.8178,
88.14159,
377.3854,
380.3329,
587.2446,
145.1077,
57.31907,
689.0549,
8216.236,
1679.079,
511.1082,
800.095,
198.3917,
3050.198,
2298.49,
1507.699,
807.5603,
2258.657,
344.9304,
168.4209,
2556.884,
898.8673,
144.2054,
121.9357,
0,
43301.3,
2002, 
1841.27,
13730.95,
220.9967,
91.9101,
400.2646,
375.7524,
614.9138,
154.1787,
57.48415,
745.5128,
8028.687,
1605.132,
539.5684,
795.1676,
202.1995,
2944.435,
2386.734,
1553.73,
862.9438,
2445.948,
365.7003,
178.3669,
2611.299,
897.3185,
152.1188,
129.9191,
0,
43932.5,
2003, 
1792.672,
13846.21,
270.5548,
93.97657,
416.4992,
394.8934,
646.1078,
152.245,
60.92315,
780.3483,
7963.413,
1614.084,
582.7248,
823.3882,
215.0457,
3000.281,
2509.429,
1657.163,
900.2751,
2803.022,
395.2888,
186.3074,
2612.133,
853.2807,
161.523,
124.3671,
0,
44856.16,
2004, 
1818.877,
14240.27,
269.8676,
94.54935,
445.4957,
421.2989,
684.6375,
168.1959,
66.08598,
806.3162,
7884.784,
1709.108,
622.0587,
860.2629,
222.8512,
3095.232,
2672.821,
1764.998,
949.2018,
3214.855,
422.1377,
198.8683,
2692.486,
873.2141,
174.5772,
133.4778,
0,
46506.53,
2005, 
1775.027,
14205.93,
283.3763,
99.50399,
458.3857,
438.4017,
700.2004,
178.5921,
71.35345,
816.5655,
7786.789,
1679.142,
659.8243,
835.2254,
228.2402,
3493.333,
2682.939,
1878.247,
1011.511,
3638.848,
455.4117,
212.4116,
2763.959,
866.5447,
187.964,
143.646,
0,
47551.37,
2006, 
1708.701,
14009.67,
291.2762,
105.3148,
479.0306,
463.6033,
742.2212,
189.2679,
76.11848,
855.3786,
7628.063,
1703.825,
708.1146,
872.5941,
233.4929,
3506.852,
2837.534,
2033.336,
1043.075,
4182.338,
481.4656,
216.2711,
2810.811,
861.9756,
198.9544,
147.2116,
0,
48386.49,
2007, 
1810.546,
13963.24,
302.5293,
108.2904,
507.7174,
475.1934,
821.8243,
200.0999,
83.14445,
876.291,
7384.367,
1691.129,
765.2966,
886.0606,
243.1299,
3524.707,
3059.927,
2183.93,
1102.112,
4821.797,
510.2217,
220.7971,
2897.305,
902.778,
205.7883,
150.9808,
0,
49699.2,
2008, 
1798.187,
13369.64,
306.9431,
106.5258,
528.8588,
506.7938,
859.3749,
204.1429,
83.41149,
872.7752,
7345.198,
1689.02,
774.186,
839.1837,
223.1415,
3586.369,
3192.406,
2101.612,
1180.882,
5364.201,
522.9274,
225.7515,
2802.639,
899.8297,
214.3777,
153.4856,
0,
49751.86,
2009, 
1718.224,
12333.32,
304.5126,
106.3577,
534.577,
512.4514,
979.0182,
212.605,
92.05245,
851.2219,
6861.276,
1633.931,
754.6059,
724.4411,
213.9502,
3378.944,
3522.736,
2257.094,
1237.595,
6262.616,
549.3271,
230.8208,
2809.042,
814.7662,
223.5797,
166.6793,
0,
49285.75,
2010, 
1707.849,
12360.82,
322.9584,
111.1583,
593.7175,
507.1559,
1066.244,
229.9976,
107.0622,
887.1885,
7298.949,
1701.827,
812.8433,
744.8472,
236.0934,
3392.69,
3691.416,
2434.544,
1337.12,
7649.375,
600.2752,
248.9656,
2964.596,
834.1943,
231.4498,
175.9856,
0,
52249.32,
2011, 
1784.756,
11535.96,
358.1035,
116.3307,
615.4097,
524.566,
1103.726,
237.3408,
127.0062,
896.2224,
7638.179,
1733.92,
883.4951,
759.9153,
228.403,
3467.827,
3852.424,
2710.727,
1395.337,
9507.566,
632.6328,
265.3046,
3039.937,
809.0313,
247.5687,
179.7556,
0,
54651.45,
2012, 
1743.7,
11163.9,
379.4774,
120.6334,
648.9523,
560.4635,
1175.241,
244.5608,
142.8354,
891.5183,
8123.473,
1672.218,
955.3433,
765.0994,
243.2413,
3475.315,
4118.812,
2864.661,
1459.425,
11114.43,
706.7933,
277.8106,
3242.804,
822.2548,
268.0856,
184.72,
0,
57365.77,
2013, 
1650.972,
10872.82,
362.694,
126.7482,
676.1641,
602.3596,
1245.854,
275.7026,
156.9635,
932.2008,
7861.174,
1669.882,
970.3998,
747.7422,
292.0303,
3489.086,
4381.141,
3080.464,
1536.894,
13488.91,
788.3342,
306.0009,
3975.761,
856.5041,
305.6919,
194.7659,
0,
60847.26,
2014, 
1609.312,
10801.76,
382.7408,
131.6766,
718.3961,
606.5669,
1326.8,
292.6451,
180.3037,
1082.223,
7959.043,
1649.209,
1026.486,
712.4546,
266.81,
3521.772,
4765.572,
3491.042,
1641.938,
16178.23,
920.1191,
328.7056,
5108.621,
831.9778,
336.0202,
221.5218,
0,
66091.95,
2015, 
1519.122,
11033.09,
398.415,
143.8129,
721.6334,
650.9663,
1504.572,
321.9518,
206.7333,
1166.616,
7322.678,
1599.007,
1098.612,
655.8817,
277.5372,
3542.612,
5335.771,
3863.804,
1800.85,
19928.22,
1040.448,
350.3811,
6631.66,
873.9674,
362.2047,
233.1814,
0,
72583.73,
2016, 
1500.079,
10902.39,
422.6337,
147.6046,
759.3638,
659.4471,
1656.55,
336.0603,
220.6939,
1348.621,
7673.833,
1617.778,
1278.618,
656.908,
329.641,
3547.991,
5913.553,
4428.04,
1958.908,
23587.79,
1274.594,
378.7902,
7920.582,
935.0018,
429.119,
228.0372,
0,
80112.63,
2017, 
1546.847,
11228.4,
429.5166,
147.0464,
810.8747,
660.1444,
1720.007,
361.1909,
237.4783,
1539.792,
7934.696,
1615.453,
1726.62,
677.0391,
417.3818,
3614.294,
6083.014,
5110.921,
2186.713,
29354.02,
1407.043,
403.8653,
9236.455,
1021.419,
494.1235,
249.425,
0,
90213.77,
2018, 
1502.495,
11710.83,
460.3737,
155.3471,
845.9387,
670.4202,
2020.352,
408.7073,
292.3855,
1818.636,
8522.997,
1844.942,
2830.936,
751.7073,
432.9543,
3620.264,
6174.781,
6037.98,
2478.148,
36031.48,
1541.816,
472.1352,
10561.88,
1180.369,
542.8903,
280.0772,
0,
103190.8,
2019, 
1555.186,
11836.05,
458.0235,
161.412,
904.2334,
635.7079,
2250.222,
449.0653,
337.2342,
1908.233,
9791.929,
1769.217,
3171.679,
938.8964,
474.2907,
3686.075,
7275.767,
6722.156,
2923.128,
42049.66,
2110.417,
517.8292,
11910.01,
1372.126,
579.3201,
327.7031,
0,
116115.6,
2020, 
1528.993,
11435.36,
474.3067,
151.9427,
876.4107,
628.9158,
2316.19,
484.4218,
360.1761,
2086.324,
10992.33,
1929.522,
3530.036,
1031.903,
450.5169,
3584.627,
7976.363,
7079.057,
3471.366,
51198.34,
2836.599,
521.7471,
13455.71,
1605.551,
613.7084,
333.8098,
0,
130954.2,
2021, 
1572.207,
12518.81,
504.4044,
166.3672,
966.9208,
706.0663,
2452.313,
537.2901,
407.9021,
2220.533,
11695.86,
2251.438,
3997.787,
1084.31,
555.637,
3758.318,
8687.148,
8036.284,
4206.658,
62338.93,
4249.303,
562.483,
15027.82,
1954,
707.0153,
369.9613,
0,
151535.8,
2022, 
1603.383,
13482.89,
542.8986,
177.4516,
1022.62,
705.7774,
2516.911,
639.5327,
471.8651,
2250.269,
13238.6,
2544.863,
4511.804,
954.6548,
623.2112,
3725.369,
10335.15,
9566.509,
4634.022,
72646.88,
4431.415,
615.9471,
16392.51,
2349.717,
818.4141,
495.1474,
0,
171297.8,
2023, 
1587.405,
15286.61,
568.9632,
185.2938,
1096.846,
724.1882,
2733.126,
764.2739,
506.3446,
2253.214,
15512.8,
3003.104,
5083.11,
982.5101,
716.4857,
3785.605,
12141.46,
10548.21,
5150.56,
98354.74,
4789.759,
682.5792,
17105.57,
2899.445,
862.8463,
533.5128,
0,
207858.6,
2024, 
1368.659,
18052.57,
583.174,
193.6501,
1140.597,
754.199,
3016.704,
853.6686,
539.1707,
2390.541,
17835.85,
3591.592,
8158.294,
805.3628,
804.3876,
3797.451,
13319.17,
12660.03,
5703.108,
128510.9,
5087.019,
736.5263,
17533.16,
3758.172,
950.5164,
587.2347,
0,
252731.7,
2025, 
1382.063,
22272.56,
590.5343,
275.1578,
1292.469,
796.9242,
3233.213,
960.8172,
804.1968,
3161.728,
19659.24,
4010.138,
8948.949,
846.8197,
875.5355,
3789.909,
29374.44,
17325.04,
6272.629,
141879.7,
5791.354,
1399.011,
20317.44,
4888.263,
1263.89,
664.5239,
0,
302076.5,
2026, 
1357.446,
25817.86,
635.9273,
289.3575,
1301.472,
825.9655,
2942.534,
1031.387,
1019.464,
2926.773,
21192.63,
4045.377,
8449.866,
921.4132,
1401.815,
3779.853,
46274.42,
21529.14,
7034.247,
176297.8,
6280.781,
1664.477,
24573.46,
5834.914,
1632.425,
651.2606,
0,
369712.1,
2027, 
1343.505,
28966.66,
679.3948,
363.9301,
1313.954,
866.4724,
2711.612,
1340.883,
1270.885,
2655.699,
22886.27,
4336.89,
8278.261,
1053.838,
2276.553,
3760.794,
54923.16,
26332.27,
7027.675,
209481.8,
7284.346,
2801.415,
27721.05,
7153.698,
2226.277,
614.849,
0,
429672.2,
2028, 
1404.116,
31575.36,
726.6367,
477.1867,
1326.934,
905.194,
2454.912,
1902.758,
1516.09,
2432.873,
25129.87,
4745.158,
8157.051,
1190.339,
3657.751,
3729.627,
58662.22,
32562.28,
6997.065,
247430.9,
9850.376,
4971.108,
29531.63,
8660.018,
3345.684,
571.5463,
0,
493914.7,
2029, 
1535.536,
33959.63,
783.0283,
596.2848,
1351.745,
1107.04,
2226.721,
2669.964,
1693.989,
2300.245,
27148.48,
6023.228,
8512.083,
1271.035,
5374.857,
3702.099,
62928.37,
39877.95,
7003.211,
286408.6,
13086.05,
7899.505,
45738.3,
10555.06,
4553.433,
519.8871,
0,
578826.4,
2030, 
1726.08,
36042.09,
1095.944,
773.9265,
1367.491,
1378.064,
1953.64,
3539.915,
1687.215,
3968.761,
29959.95,
6939.966,
8897.031,
1401.151,
8188.4,
3686.856,
65828.53,
47726.11,
7029.892,
324718.2,
16611.52,
11000.1,
39650.59,
12626.67,
5714.25,
438.739,
0,
643951.1,
2031, 
1974.694,
37130.36,
1423.531,
1027.364,
1393.056,
1748.291,
1836.388,
3869.047,
1510.773,
3555.373,
36672.36,
8676.79,
8716.044,
1540.161,
11533.66,
3646.067,
59974.01,
55517.54,
7118.821,
371092.4,
20300.96,
14909.97,
41424.88,
14490.87,
6790.605,
352.3186,
0,
718226.3,
2032, 
2312.927,
40065.29,
1727.179,
1451.097,
1455.301,
2299.203,
1901.873,
3841.174,
1274.252,
3128.506,
108987.5,
25726.91,
8567.915,
1683.867,
14940.57,
3624.561,
54608.21,
65381.34,
7521.618,
426516.9,
24444.83,
17080.01,
44250.65,
16637.64,
7768.489,
276.3976,
0,
887474.3,
2033, 
2693.046,
42029.93,
1901.232,
2234.211,
1544.279,
3036.537,
2297.571,
3673.938,
987.4599,
2705.132,
182921.5,
65301.89,
8610.849,
1794.587,
17529.42,
3560.424,
49279.84,
80195.45,
8027.919,
484492.4,
27760.15,
19361.31,
47392.89,
18915.49,
8726.586,
203.1404,
0,
1087177,
2034, 
3101.864,
44502.66,
1967.193,
3096.194,
1644.604,
4510.235,
3012.688,
3388.69,
729.941,
2294.497,
314227.3,
162164.8,
8794.308,
1920.257,
19732.32,
3537.233,
44950.66,
103471.8,
8743.026,
565607.8,
31552.44,
21781.79,
51498.93,
21392.03,
10159.42,
134.5421,
0,
1437917,
2035, 
3409.148,
46710.8,
2005.781,
3998.57,
1774.559,
8573.89,
3927.823,
3024.834,
494.9755,
1895.573,
485314.2,
320960.3,
9066.581,
2031.272,
22127.99,
3517.067,
41248.69,
133097.2,
9629.682,
658369.3,
36186.87,
24810.55,
54612.28,
24294.47,
12687.89,
76.7393,
0,
1913847,
2036, 
3743.83,
57021.46,
2001.938,
4933.151,
2036.602,
17881.27,
4996.998,
3431.838,
466.0015,
1934.172,
639375.1,
368714,
11314.77,
2122.156,
25545.7,
3507.185,
45113.21,
165222.9,
11526.65,
758788.4,
42067.43,
27788.41,
57431.95,
27417.23,
16076.29,
88.03824,
0,
2300547,
2037, 
4216.171,
86461.3,
2035.567,
6183.191,
2432.256,
33329.15,
6043.284,
3870.303,
444.9567,
2031.931,
740035.2,
405984.7,
13486.08,
2254.02,
29180.83,
3504.457,
49376.58,
205514.4,
12558.55,
862232.3,
49035.55,
32250.51,
60474.5,
31070.35,
20624.04,
104.9781,
0,
2664735,
2038, 
4867.382,
127147.6,
2212.039,
7965.32,
2506.255,
54985.24,
6942.696,
4327.167,
427.7725,
2144.09,
800196.8,
433823.2,
15525.84,
2474.478,
36071.74,
3504.22,
57207.47,
249858.7,
12624.25,
1043144,
57274.01,
36863.28,
63555.68,
35237.78,
26245.32,
138.6407,
0,
3087271,
2039, 
5679.819,
189701.5,
2591.674,
9874.471,
2451.498,
87282.81,
7646.47,
4843.121,
415.6482,
2254.768,
876956.6,
448115.4,
17405.32,
2805.843,
45888.87,
3508.56,
77815.05,
333504.8,
12626.77,
1324610,
67083.5,
43311.29,
65891.05,
39121.79,
32688.41,
183.2376,
0,
3704258,
2040, 
7589.064,
277194.7,
3054.715,
12168.15,
2411.605,
122253.8,
8123.343,
5412.045,
407.5514,
2367.513,
920944.3,
464106.8,
18943.41,
3188.708,
58380,
3535.298,
104597.5,
481648,
12424.87,
1559991,
78724.33,
49237.2,
67809.61,
42077.09,
40204.42,
241.53,
0,
4347037,
2041, 
10006.47,
370601.8,
3735.641,
14653.5,
2352.473,
147059.5,
8598.829,
6088.58,
402.7258,
2485.95,
940710.6,
469889.8,
20864.29,
3520.45,
83442.9,
3604.885,
131869.7,
650050.6,
12179.94,
1861194,
91303.66,
57305.52,
68783.43,
45125.41,
48511.91,
314.9328,
0,
5054658,
2042, 
13178.06,
453924.1,
5754.508,
20878.01,
2421.999,
171599.4,
9094.097,
6870.781,
402.5642,
2609.57,
956451.2,
481246.4,
23697.68,
3680.128,
111883.2,
3710.709,
168381.2,
813881.4,
12124.11,
2174780,
105357.5,
64842.01,
69177.35,
48294.18,
57028.27,
432.449,
0,
5781701,
2043, 
18523.88,
582312.4,
8946.09,
28315.36,
2500.493,
209971.4,
9615.024,
7703.571,
404.6182,
3027.641,
968245.9,
490800.2,
26643.13,
3820.909,
141424.9,
3841.084,
218453,
980256.8,
12108.12,
2523720,
120587.7,
73163.03,
68833.5,
51446.02,
68294.87,
632.5209,
0,
6623592,
2044, 
29596.84,
727100.6,
13420.01,
37345,
2587.778,
251771.4,
10435.5,
8622.12,
412.3651,
3810.918,
980213.1,
498256.9,
28902.57,
3945.746,
169731,
4006.948,
280970.3,
1184980,
12079.12,
2888089,
137704.8,
85042.22,
68359.54,
54080.38,
82020.49,
973.039,
0,
7564457,
2045, 
43009.96,
865006.8,
21950.86,
48137.7,
2729.708,
299700.3,
14148.86,
10516.73,
426.3704,
4800.028,
980352.2,
506186.3,
36117.85,
4095.641,
196390.8,
4324.125,
372503.9,
1445154,
12247.42,
3360755,
156116.4,
96277.85,
66603.61,
56651.46,
98607.7,
1502.978,
0,
8704313,
2046, 
61103.87,
1007636,
52744.04,
60663.8,
2909.482,
355631.9,
20596.55,
12264.52,
438.2035,
5700.943,
972401.9,
509443.7,
44904.65,
4257.615,
218655.6,
4820.043,
426869,
1673130,
12561.57,
3865674,
176575.8,
106184.8,
62587.53,
57519.16,
114916.3,
2159.54,
0,
9832350,
2047, 
82732.81,
1159314,
102362.1,
72943.04,
3118.752,
411541.7,
29239.6,
13967.74,
750.3061,
7122.552,
960001.6,
511187.5,
56515.84,
4427.208,
237898.6,
5438.056,
504311.8,
1914700,
12762.83,
4361214,
214328.3,
115142.8,
57690.95,
57912.6,
135986.2,
2573.224,
0,
1.103519e+07,
2048, 
115361.1,
1293832,
155634.7,
84627.05,
3432.189,
483973.8,
40055.44,
15915.78,
1628.017,
9045.335,
951629.8,
511403.4,
73791.43,
4614.711,
257607.9,
6103.67,
562372.1,
2106333,
12500.22,
4813568,
259803.4,
121932.2,
53679.92,
59175.86,
158457.7,
2995.331,
0,
1.215947e+07,
2049, 
158906.6,
1454124,
185657.7,
98337.41,
3809.753,
540088,
51991.83,
18416.69,
4119.147,
11892.17,
933252.7,
512033.8,
91408.12,
4827.974,
274795.9,
6773.596,
602806.2,
2268955,
12229.2,
5240156,
300874.7,
129424.8,
51058.36,
60869.79,
180026,
3460.19,
0,
1.32003e+07,
2050, 
203510.8,
1666667,
222040.3,
114282.1,
4238.777,
594678.7,
64472.4,
21417.52,
4940.551,
14851.97,
933891.3,
512674.3,
107253.1,
5551.694,
296545.8,
7331.047,
621897.9,
2329226,
11532.37,
5585535,
345542.3,
136646.8,
51015.48,
63361.34,
204233.4,
3978.957,
0,
1.412732e+07,
2051, 
227212,
1949227,
252888.5,
127608.4,
4711.832,
655406.8,
76105.21,
24503.2,
5561.93,
18856.13,
938118,
511290.7,
125602,
7166.236,
311761.6,
7782.974,
643874.5,
2361696,
11487.91,
5994329,
379414.3,
147725.7,
53079.57,
65924.18,
234217.9,
4473.538,
0,
1.514002e+07,
2052, 
258771,
2176087,
287639.3,
142007.5,
5149.389,
708744.7,
86576.59,
28602.82,
6166.609,
24392.74,
944782.6,
509435.4,
139907.5,
9691.17,
324935.2,
8376.515,
672154.9,
2369434,
11640.01,
6392935,
396845.1,
154612.1,
56381.66,
68434.13,
272557.5,
4960.783,
0,
1.606122e+07,
2053, 
283838.9,
2416744,
325726.7,
168191.3,
5541.951,
763387.4,
101784.1,
34556.95,
8115.303,
34760.77,
938174.3,
506863.9,
150171.7,
13276.6,
337886.6,
9334.893,
726786.6,
2353610,
12441.57,
6744278,
413259.3,
152624.8,
61063.18,
72788.63,
318696,
5396.101,
0,
1.69593e+07,
2054, 
294832.9,
2616246,
369236.3,
188018.9,
6040.942,
802505.1,
127228.6,
40994.23,
10905.54,
47714.53,
913599.8,
504223.4,
160145.3,
17955.63,
353540.4,
10880.95,
773288.1,
2294541,
12926.5,
7135069,
425567,
151060.7,
66595.59,
79056.85,
383146.8,
6084.507,
0,
1.77914e+07,
2055, 
301769.6,
2762862,
415193,
203355.9,
6999.358,
844943,
148230.2,
48059.81,
12651.78,
63969.21,
903176,
503108.2,
173431.3,
23831.67,
365534.6,
13042.36,
831309.4,
2215014,
13743.53,
7496703,
434532.9,
150195.6,
72164.43,
87841.84,
444876.2,
7005.474,
0,
1.854354e+07,
2056, 
305320,
2900772,
454857.3,
219713.7,
8225.928,
884308.9,
200817.2,
55288.33,
14439.86,
83819.29,
908251.4,
499396.6,
188710.5,
32727.61,
383743.1,
15656.13,
946866.1,
2145518,
14880.48,
7650684,
445991.9,
149171.4,
74614.25,
101978.5,
481794,
8193.317,
0,
1.917574e+07,
2057, 
307952.1,
3029024,
476997.1,
230417.5,
9927.958,
921035.6,
273248.1,
63168.6,
15550.45,
107168.1,
919870.3,
495630.1,
202523.7,
43404.88,
405661.5,
18226.18,
1049973,
2094602,
15999.54,
7809058,
445955.4,
150347.4,
74768.73,
114904.1,
552886.1,
9961.329,
0,
1.983826e+07,
2058, 
309439.1,
3107177,
497130.8,
240452.8,
12284.74,
963812.9,
356143.2,
72164.42,
19355.3,
133774.2,
923224.8,
490117.8,
216610.1,
56143.43,
433924.1,
20263.97,
1123639,
2053318,
16874.69,
7920498,
442947.6,
153129,
77266.27,
126183.3,
651807.3,
12259.09,
0,
2.042994e+07,
2059, 
310832.6,
3129260,
520695.7,
245162.1,
15689.22,
998303.3,
419281,
84622.87,
28653.27,
159250.1,
918233.3,
483030.3,
228411.7,
69773.06,
459658.9,
20851.85,
1270623,
2016538,
17225.64,
8024457,
432078.9,
155547.3,
74979.3,
135905.2,
758705.8,
15263.55,
0,
2.099303e+07,
2060, 
312339.1,
3163090,
542590.9,
255279.7,
19509.79,
1029452,
468359.8,
98100.72,
50497.96,
192969.5,
904874.5,
472217.5,
236955.7,
85209.86,
486002.1,
21264.83,
1322051,
2003372,
16178.02,
8101881,
424240.3,
163836.3,
80902.7,
146117.4,
883336,
18772.75,
0,
2.14994e+07,
2061, 
313549.1,
3195504,
566233.6,
262255.8,
24909.43,
1059399,
507682.5,
111475.4,
92152.83,
232335,
852719,
455099.6,
244710,
105183.1,
510128.4,
21710.56,
1338210,
2008313,
17543.19,
8178299,
429289.2,
166853.7,
83767.54,
157319.1,
999717.1,
22717.31,
0,
2.195708e+07,
2062, 
314453.9,
3226369,
590585.6,
266506.7,
30637.78,
1092951,
526196.3,
126735.1,
187140.2,
263500.8,
806425.7,
437214.4,
247841.7,
129150.9,
535200.8,
22096.75,
1361461,
2029546,
19278.85,
8221210,
438052.1,
163118.4,
86790.24,
170282.4,
1129932,
27667.63,
0,
2.245034e+07,
2063, 
315247.7,
3271982,
615861.9,
268796.7,
37168.02,
1127830,
543962.8,
154158.9,
303746.3,
296410.7,
755962.4,
418418.7,
247430,
156050.1,
558054.1,
22534.01,
1378510,
2039567,
19466.55,
8268907,
462634.5,
159526.8,
88699.95,
186268,
1245820,
33870.31,
0,
2.297688e+07,
2064, 
315707,
3343181,
638442.4,
272191.6,
45456.32,
1169224,
577927.7,
173968.4,
424507.7,
329685.3,
739791.7,
413297.9,
245245.4,
181480.4,
584355.9,
22967.89,
1402355,
2073626,
19560.22,
8351469,
505664.9,
158459.8,
89396.73,
204216.3,
1336470,
40907.54,
0,
2.365956e+07,
2065, 
302080.5,
3403403,
660407.5,
279123.7,
58216.37,
1230912,
634311.5,
214018.6,
513253.9,
352002.3,
765805.9,
413247.3,
246881.4,
201242.6,
611310.1,
23601.82,
1430507,
2101451,
19750.82,
8437402,
545720.2,
158677.5,
90074.06,
221751.8,
1445030,
52565.01,
0,
2.441275e+07,
2066, 
280330.7,
3477773,
681861.8,
286363,
77080.63,
1310767,
716743.3,
246150.3,
572893.2,
367235.3,
795021.8,
410223.6,
248053.5,
213210.5,
640003.7,
24379.52,
1477957,
2114096,
20044.59,
8490427,
570331.6,
159420.9,
91416.25,
240400.8,
1585216,
71127.93,
0,
2.516853e+07,
2067, 
256817.3,
3563174,
702298.8,
292245.7,
102603.1,
1394725,
820423.4,
280960,
630092.6,
381151,
835291.4,
419324.8,
249318.7,
224690,
668717.9,
29904.41,
1543784,
2073345,
20277.11,
8521190,
587614.2,
161942.5,
93256.15,
261141.6,
1721382,
94502.84,
0,
2.593017e+07,
2068, 
234856.1,
3661612,
727997.8,
297443.9,
132342.9,
1466456,
918412.3,
315327.6,
670216.8,
395463.9,
915285.1,
425136.1,
252576.1,
233347,
696953.5,
37575.91,
1634426,
1992855,
20533.26,
8544017,
572068.8,
166313.2,
95105.84,
285569.1,
1879945,
121260.8,
0,
2.66931e+07,
2069, 
209742.8,
3753343,
776764.4,
296788.7,
172267,
1501393,
1023891,
336902.4,
708631.4,
410290.6,
959820.6,
428297.3,
261532.2,
240603.7,
723747.1,
45997.23,
1746625,
1912634,
20847.2,
8565304,
547881,
170591.8,
96578.28,
315405.3,
2055417,
153001.1,
0,
2.74343e+07,
2070, 
185688.9,
3813031,
819881,
292609.9,
226685,
1531405,
1113464,
369462.1,
746344.8,
429939.1,
1004535,
431232.3,
268677.7,
241442,
748415.3,
57007.36,
1866350,
1864710,
21274.91,
8575986,
528170.8,
174512.5,
97358.24,
350228.5,
2254646,
184635.8,
0,
2.819769e+07,
2071, 
159860.2,
3876238,
845006.4,
283498.6,
287977.9,
1585985,
1189289,
412585.4,
770605.9,
458910.6,
1026904,
432475.2,
274795.7,
241392.6,
773350.8,
68202.52,
1931482,
1866419,
22042.06,
8573080,
526622,
180068.3,
97144.9,
389464.8,
2459167,
215402,
0,
2.894797e+07,
2072, 
144642.9,
3939739,
884188.3,
270842.3,
391303.8,
1664967,
1246460,
472682.7,
788530.2,
490719.1,
1063533,
435312.8,
283359.7,
240554.1,
796386.9,
80949.17,
1983861,
1892315,
22735.54,
8608885,
540723.3,
187260.9,
95991.91,
429083.4,
2629776,
245387.7,
0,
2.983019e+07,
2073, 
138447.6,
3991836,
921359.3,
264511.3,
519935.1,
1705990,
1292140,
542214.3,
824651.4,
522986.1,
1086842,
442114.1,
289606.7,
238909.4,
817635.6,
101032.7,
2034466,
1949117,
23315.39,
8704143,
559043.1,
193312.6,
93179.22,
465811.2,
2747134,
271837.5,
0,
3.074157e+07,
2074, 
137268.3,
4046928,
935162.4,
266774.9,
655774.1,
1711937,
1331243,
620551.3,
907706.8,
555016.6,
1092813,
457121.2,
293863.1,
236755.6,
836174.8,
130352,
2095678,
1985686,
23790.32,
8858711,
588015.2,
201203,
88321.12,
495269.5,
2873541,
301672.5,
0,
3.172733e+07,
2075, 
141548.7,
4087188,
971309.9,
271044.1,
799418.8,
1724632,
1389032,
713588,
1000717,
570325.1,
1083944,
478524.6,
295644.7,
233754.2,
850877.7,
158465.8,
2175988,
1987012,
24453.34,
9041432,
631522.7,
208821.8,
82917.95,
521760.4,
3001596,
344186.9,
0,
3.27897e+07,
2076, 
147141.2,
4111840,
992372.8,
279718.8,
937218.7,
1741182,
1463048,
834102.4,
1101221,
591545.8,
1066445,
493743.4,
295944.5,
230723.9,
863217.1,
186593.5,
2283413,
1944263,
25114.75,
9206149,
654500.4,
213174.3,
78015.77,
548374.3,
3127743,
379535.8,
0,
3.379634e+07,
2077, 
154866.9,
4125911,
1034219,
294221.9,
1098006,
1775165,
1540073,
964489.4,
1166020,
615635.9,
1033897,
507699.7,
294099.4,
228189.3,
874255.4,
217425.1,
2389249,
1913904,
25906.99,
9378445,
648290.4,
213688.9,
73203.85,
577545.1,
3255567,
425945.5,
0,
3.482592e+07,
2078, 
167017.9,
4133514,
1060964,
305935.3,
1248283,
1798294,
1574714,
1062402,
1240360,
653600,
984344.3,
520206.3,
290377.9,
226557.8,
884919.9,
249235.7,
2491829,
1908462,
26794.11,
9422468,
638809.5,
216204.5,
69912.68,
607273.6,
3362169,
495006,
0,
3.563965e+07,
2079, 
184149.4,
4130554,
1110338,
308966.9,
1396145,
1838530,
1606439,
1207214,
1317173,
684580.4,
938304.1,
532329.9,
285548.8,
225204.7,
897049.2,
283520.9,
2570595,
1924166,
27789.83,
9331392,
637329.6,
212996.2,
68757.07,
628317.9,
3453336,
580614.2,
0,
3.638134e+07,
2080, 
202912.5,
4130335,
1164832,
307048.7,
1568505,
1866437,
1636632,
1330704,
1395333,
710194.4,
909506.8,
544486.2,
280114.1,
224669.7,
910423.3,
319538.3,
2653894,
1940911,
29201.24,
9291308,
650025.4,
210122.3,
67341.66,
645135,
3523184,
660193.4,
0,
3.717299e+07,
2081, 
227229.7,
4140266,
1224603,
302969.5,
1734874,
1881747,
1675402,
1421152,
1480110,
747763.9,
875822.1,
556938.5,
279560,
224195.7,
922527.9,
355005.4,
2751262,
1968041,
30410.9,
9304780,
669196.1,
206115.4,
69203.27,
662282.6,
3568986,
725747.4,
0,
3.800619e+07,
2082, 
267283.2,
4159955,
1281816,
300115.3,
1867017,
1892563,
1720917,
1473561,
1558540,
779014.1,
880622.8,
569963.2,
282856.5,
224406.5,
932977.8,
389090.8,
2853218,
1996863,
31864.47,
9352822,
668754,
201294,
72368.57,
679240.8,
3602471,
777256.1,
0,
3.881685e+07,
2083, 
325406,
4177440,
1353507,
299516.5,
2021180,
1902363,
1770167,
1638082,
1646488,
804433.6,
893574.5,
584450.8,
285666.9,
225191.2,
944388.6,
421273.1,
2997526,
2023235,
35511.82,
9413104,
662440.8,
196333.2,
75069.09,
697128.6,
3640156,
826350.2,
0,
3.985998e+07,
2084, 
390131.6,
4188913,
1414371,
297579,
2082860,
1915520,
1821233,
1827503,
1735952,
822106.4,
924502.1,
598029.8,
288988.5,
226239.4,
953307.5,
457989.9,
3154805,
2027678,
38450.68,
9472146,
651562.6,
194715.5,
78231.13,
718209.2,
3720743,
872157.1,
0,
4.087392e+07,
2085, 
456855.3,
4194678,
1462009,
300329.5,
2151602,
1921295,
1872696,
2037721,
1839377,
839079.1,
966882.5,
606653.8,
293590.4,
227345,
964107.1,
489069.5,
3262840,
2014172,
41219.84,
9491536,
636614.6,
192124.2,
81751.76,
731487.4,
3829937,
919187.4,
0,
4.182416e+07,
2086, 
489896.5,
4195886,
1497351,
301034,
2219790,
1936842,
1943144,
2253023,
1930674,
861007,
1057916,
613497.2,
299415.3,
228960.3,
976511.8,
526798.9,
3329852,
1985248,
42871.7,
9399221,
640837,
186816.3,
85164.18,
741879.2,
3926337,
974493.1,
0,
4.264447e+07,
2087, 
494189.8,
4189898,
1532380,
299543.3,
2282898,
1947142,
2031371,
2517942,
2021255,
885978.8,
1111791,
617628.9,
303718.7,
230731.5,
990997.3,
569109.4,
3428061,
1964088,
43839.71,
9245057,
642190.4,
184006.4,
88418.77,
754714.7,
3997161,
1021092,
0,
4.33952e+07,
2088, 
478117.7,
4181873,
1563600,
296005,
2342913,
1929334,
2125504,
2785112,
2118309,
907873.8,
1153901,
617400.1,
307608.7,
232705.4,
1007616,
616120.9,
3523186,
1937674,
44206.17,
9052530,
645502.9,
183815.5,
91254.54,
768268.6,
4044807,
1087874,
0,
4.404311e+07,
2089, 
473045,
4169766,
1591231,
284317.3,
2398165,
1938839,
2219647,
3030964,
2253733,
921699.1,
1177223,
615700.3,
310376.5,
234196.1,
1025149,
664994.9,
3659948,
1923859,
45679.03,
8867014,
648865.1,
184576.9,
93263.85,
786218.8,
4062744,
1164027,
0,
4.474524e+07,
2090, 
466807.8,
4163587,
1610235,
271613,
2443535,
1935792,
2315004,
3269562,
2376371,
931981.4,
1173775,
614793.8,
311865.4,
235539.6,
1041382,
706979.4,
3778873,
1914537,
48286.34,
8719320,
648985.3,
185826.9,
94987.5,
801875.5,
4093156,
1255581,
0,
4.541025e+07,
2091, 
460582.1,
4157182,
1634467,
258359.6,
2482084,
1930503,
2448556,
3525665,
2518478,
938732.9,
1186411,
611740.9,
309324.3,
236796.8,
1053099,
757365.7,
3906222,
1899790,
53332.85,
8605015,
624483,
189058.5,
95940.91,
821586,
4105546,
1358951,
0,
4.616927e+07,
2092, 
453315.7,
4132705,
1667554,
247850.1,
2514359,
1923452,
2568506,
3740204,
2642165,
941024.8,
1174940,
606648.3,
306492.9,
236399.9,
1061262,
799050.8,
4047240,
1859918,
57614.75,
8506869,
615798,
193539.9,
96308.38,
836630.4,
4127571,
1483294,
0,
4.684071e+07,
2093, 
446248.8,
4077541,
1699097,
239053,
2552589,
1920491,
2675749,
3888382,
2753066,
942922.7,
1206399,
602912.5,
302843.7,
234756.1,
1067523,
837356.2,
4166707,
1807229,
63847.96,
8421128,
599329.8,
196007.8,
96555.83,
841950,
4130655,
1598573,
0,
4.736891e+07,
2094, 
439891.2,
4004496,
1742484,
234157.5,
2596198,
1915391,
2786042,
4067901,
2852680,
942658.9,
1224486,
598331.6,
302032.2,
233418.4,
1073876,
876200.5,
4288133,
1764250,
68621.32,
8313609,
576820.1,
197492.6,
97418.8,
854037.5,
4082273,
1711628,
0,
4.784452e+07,
2095, 
432140,
3909449,
1799362,
232376.2,
2644823,
1914421,
2904749,
4277450,
2978601,
944980.9,
1250210,
591621,
301890.9,
232162.1,
1075825,
910622.3,
4406716,
1740305,
70055.62,
8212169,
580074.9,
199628.8,
99363.82,
877935.4,
4008747,
1798308,
0,
4.839398e+07,
2096, 
425495.2,
3844557,
1837963,
226387.7,
2693266,
1917211,
2975852,
4592183,
3085483,
942454.2,
1273704,
580673.1,
303273.3,
229941.1,
1080524,
951427.9,
4504902,
1709846,
73308.81,
8098008,
599675.3,
203867.7,
103085.1,
906094.3,
3856521,
1893741,
0,
4.890944e+07,
2097, 
419742.3,
3760600,
1889650,
227091.7,
2744777,
1921174,
3091521,
4874339,
3255145,
941304.3,
1281587,
565441.3,
306300.4,
227802.9,
1085095,
1002458,
4568469,
1704379,
75858.8,
7989704,
623781.7,
204522.9,
106699.9,
910630.2,
3695703,
1990530,
0,
4.94643e+07,
2098, 
415186.4,
3664884,
1915999,
229303.4,
2790670,
1919649,
3212375,
5099772,
3369751,
917465.3,
1298404,
551454,
310908.8,
227244.4,
1088466,
1050974,
4644034,
1717865,
76392.6,
7919759,
657088.8,
203985.3,
109671.3,
925199.1,
3602415,
2092496,
0,
5.001141e+07,
2099, 
408747.9,
3593212,
1958399,
235599.8,
2834468,
1912601,
3337613,
5309303,
3509621,
922869,
1309769,
540630.1,
317949.9,
229883,
1091028,
1103463,
4734852,
1712885,
77249.14,
7852559,
714847.6,
201301.7,
117732.9,
939305.9,
3652018,
2194333,
0,
5.081224e+07,
2100, 
411979.3,
3522079,
1981897,
234571.5,
2855170,
1907077,
3452907,
5541637,
3621827,
908425.1,
1310249,
533396.4,
324918.6,
232619.9,
1090877,
1155602,
4836683,
1707144,
78636.16,
7824434,
744049.6,
197232.6,
120570.2,
959767.4,
3744217,
2299854,
0,
5.159782e+07];
=======
=======
>>>>>>> 4d9e712909650e13193c45904b75652afa554b9e
155.1134,
56.25817,
291.0169,
274.1852,
335.1328,
116.6375,
39.70725,
610.7072,
7298.468,
1225.031,
303.488,
801.2317,
231.332,
3130.292,
1603.985,
923.4208,
385.4879,
1262.621,
194.2901,
77.83173,
2167.243,
661.7288,
93.56868,
74.88862,
0,
35602.45,
1994, 
1699.403,
11974.63,
166.9021,
60.35763,
299.2079,
291.1623,
357.969,
116.6322,
40.54174,
631.965,
7453.934,
1295.434,
319.3134,
728.2868,
227.8924,
2761.053,
1705.699,
991.0361,
432.8056,
1370.058,
219.3763,
86.55471,
2267.631,
682.3998,
98.37182,
72.59633,
0,
36351.21,
1995, 
1717.086,
12318.43,
169.9527,
63.69678,
314.1815,
304.983,
378.6094,
123.3258,
44.28273,
640.483,
7649.983,
1299.814,
357.0422,
764.2521,
226.1077,
2754.3,
1790.839,
1074.737,
482.8535,
1491.024,
243.2138,
100.4011,
2305.061,
701.6384,
104.592,
74.1899,
0,
37495.08,
1996, 
1768.09,
12615.66,
162.1053,
67.02727,
329.8454,
319.2337,
427.8751,
128.4738,
46.34428,
668.2746,
7772.4,
1431.157,
388.2145,
766.6415,
218.4149,
2719.864,
1865.739,
1133.947,
535.2882,
1565.928,
264.9116,
116.5101,
2372.293,
716.3591,
109.6288,
66.99323,
0,
38577.22,
1997, 
1794.264,
12920.26,
174.6993,
72.52694,
346.9769,
344.8053,
460.6615,
129.0093,
49.94328,
692.3865,
7927.391,
1457.715,
423.1071,
759.6354,
214.3739,
2676.634,
2017.887,
1196.011,
585.3302,
1660.302,
283.6671,
123.0142,
2426.221,
739.8536,
113.8067,
70.29777,
0,
39660.78,
1998, 
1772.364,
13230.07,
187.8199,
77.79244,
357.7223,
363.3106,
491.8401,
125.9948,
51.34665,
682.2107,
8104.374,
1478.528,
450.825,
729.9641,
206.3667,
2709.368,
2276.146,
1280.374,
574.0339,
1740.548,
279.6669,
126.7843,
2431.173,
783.3546,
117.968,
91.88126,
0,
40721.83,
1999, 
1808.989,
13433.95,
198.5968,
83.8923,
371.5759,
363.7573,
521.2324,
132.2802,
52.84955,
680.4791,
8198.019,
1448.144,
466.1086,
757.5746,
202.8203,
2781.96,
2181.883,
1375.182,
638.8694,
1813.052,
299.0753,
148.039,
2467.299,
824.6306,
117.8355,
99.44621,
0,
41467.54,
2000, 
1862.728,
14056.62,
211.4654,
85.84206,
385.2511,
382.4601,
555.1174,
136.4384,
54.78146,
712.5953,
8233.311,
1540.015,
503.9788,
749.067,
206.7953,
2919.784,
2198.634,
1452.348,
756.1895,
2049.353,
324.6765,
159.5299,
2577.546,
847.9666,
128.5079,
108.2366,
0,
43199.24,
2001, 
1816.747,
13403.62,
217.7494,
88.1415,
377.3857,
380.3739,
587.2418,
145.1077,
57.31829,
689.0657,
8215.559,
1679.271,
511.2496,
797.6316,
198.3917,
3050.252,
2298.491,
1508.043,
807.5583,
2258.667,
344.9309,
168.4672,
2556.896,
898.7898,
144.2054,
121.9356,
0,
43323.09,
2002, 
1841.276,
13731.03,
220.9951,
91.91021,
400.2646,
375.7025,
614.9117,
154.1787,
57.48305,
745.5156,
8027.68,
1605.427,
539.6796,
792.7482,
202.1996,
2944.478,
2386.734,
1554.576,
862.9415,
2445.961,
365.7004,
178.4115,
2611.31,
897.2431,
152.1188,
129.9191,
0,
43930.4,
2003, 
1792.679,
13846.29,
270.5548,
93.97658,
416.4984,
394.8454,
646.1064,
152.245,
60.92352,
780.3915,
7961.804,
1614.683,
582.8206,
821.0424,
215.0458,
3000.306,
2509.429,
1658.88,
900.2726,
2803.037,
395.289,
186.3628,
2612.132,
853.205,
161.523,
124.367,
0,
44854.71,
2004, 
1818.883,
14281.67,
269.8674,
94.54964,
445.4947,
421.1946,
684.6377,
168.1958,
66.08764,
806.4377,
7883.23,
1710.046,
622.242,
858.0009,
222.8513,
3095.247,
2672.821,
1766.085,
949.1993,
3214.87,
422.1391,
198.9952,
2692.478,
873.1368,
174.5772,
133.4778,
0,
46546.41,
2005, 
1775.025,
14206,
283.3749,
99.50435,
458.3844,
438.1018,
700.2045,
178.5921,
71.35685,
816.7433,
7786.418,
1680.848,
660.109,
833.0317,
228.2403,
3493.342,
2682.939,
1878.706,
1011.509,
3638.862,
455.4141,
212.4939,
2756.898,
866.4669,
187.964,
143.6459,
0,
47544.18,
2006, 
1708.707,
14009.73,
291.2734,
105.3141,
479.0297,
463.6031,
742.3033,
189.2679,
76.12489,
855.6101,
7628.287,
1706.693,
708.8281,
870.43,
233.4929,
3506.853,
2837.534,
2033.504,
1043.071,
4182.349,
481.4705,
216.279,
2810.953,
861.8973,
198.9544,
147.2115,
0,
48388.77,
2007, 
1810.552,
13963.27,
302.525,
108.2867,
507.7167,
474.8449,
821.9182,
200.1001,
83.14756,
876.6226,
7384.703,
1696.001,
765.9861,
884.9896,
243.1372,
3524.719,
3059.899,
2184.046,
1102.11,
4821.803,
510.2037,
220.8197,
2897.217,
902.6995,
205.7883,
150.9808,
0,
49704.09,
2008, 
1798.191,
13369.67,
306.9313,
106.518,
528.8575,
506.0761,
859.4301,
204.1429,
83.40903,
873.1901,
7344.732,
1695.033,
776.5011,
838.0068,
223.15,
3586.375,
3192.401,
2101.901,
1180.917,
5364.207,
522.8708,
225.7817,
2802.527,
899.4648,
214.3777,
153.4855,
0,
49758.15,
2009, 
1718.226,
12333.32,
302.8715,
106.3455,
534.5745,
512.0449,
979.0433,
212.6052,
92.04329,
851.6694,
6860.896,
1639.622,
758.7083,
723.3421,
213.9592,
3378.953,
3522.726,
2257.483,
1237.603,
6262.784,
549.3084,
230.8491,
2799.099,
814.7194,
223.5797,
166.679,
0,
49283.06,
2010, 
1707.854,
12360.69,
320.1096,
111.1422,
593.7133,
506.8521,
1066.771,
229.9975,
107.0419,
887.3819,
7298.589,
1707.531,
819.6859,
744.0278,
236.1022,
3392.698,
3691.152,
2436.097,
1337.122,
7649.78,
600.299,
249.011,
2894.378,
834.1621,
231.4498,
175.9844,
0,
52189.63,
2011, 
1784.759,
11535.8,
354.1808,
116.3201,
615.4075,
523.8562,
1101.909,
237.341,
126.9863,
896.201,
7637.828,
1740.195,
885.0342,
759.1366,
228.4115,
3467.832,
3852.349,
2711.305,
1395.334,
9507.629,
632.6878,
265.2378,
3040.746,
809.005,
247.5687,
179.7545,
0,
54652.81,
2012, 
1743.71,
11163.61,
369.5076,
120.6244,
648.9515,
559.3382,
1173.34,
244.5608,
142.8104,
891.0789,
8123.123,
1678.068,
955.2814,
764.5135,
243.2499,
3475.319,
4118.686,
2865.193,
1459.421,
11114.39,
706.8626,
277.7103,
3242.934,
822.2358,
268.0855,
184.7191,
0,
57357.33,
2013, 
1650.998,
10872.49,
362.6479,
126.7407,
676.1642,
600.72,
1242.631,
275.7027,
156.9242,
904.826,
7861.082,
1675.661,
966.592,
748.9868,
292.0388,
3489.087,
4380.969,
3080.832,
1536.89,
13488.9,
788.4824,
305.8941,
3975.91,
856.4916,
305.6919,
194.7645,
0,
60818.12,
2014, 
1609.321,
10801.04,
382.6784,
131.6712,
718.3951,
604.8942,
1322.988,
292.6454,
180.2668,
1082.777,
7959.125,
1655.264,
1019.614,
712.2654,
266.8196,
3521.772,
4765.341,
3491.025,
1641.933,
16178.31,
920.3459,
328.4897,
4785.544,
831.9721,
336.0201,
221.5208,
0,
65762.03,
2015, 
1519.108,
11333,
398.3332,
143.8024,
721.6291,
649.6258,
1501.205,
321.9518,
206.6979,
1167.244,
7322.77,
1605.616,
1089.808,
655.8775,
277.5446,
3542.611,
5335.466,
3864.12,
1800.845,
19928.32,
1040.542,
350.1572,
6662.442,
873.9664,
362.2038,
233.1805,
0,
72908.06,
2016, 
1500.064,
10901.97,
422.5167,
147.5896,
759.3531,
658.6743,
1655.519,
336.0601,
220.666,
1348.929,
7673.9,
1624.527,
1266.505,
657.2842,
329.6445,
3547.99,
5913.268,
4428.579,
1958.915,
23587.88,
1274.61,
378.2671,
7921.452,
935.0043,
429.118,
228.0351,
0,
80106.31,
2017, 
1546.858,
11228.2,
427.9474,
147.052,
810.8624,
659.5185,
1718.577,
361.1906,
237.4504,
1540.092,
7934.723,
1622.499,
1371.176,
677.4003,
417.3884,
3614.292,
6082.745,
5111.47,
2186.709,
29354.1,
1407.069,
402.9171,
9236.573,
1021.422,
494.1226,
249.4196,
0,
89861.77,
2018, 
1502.534,
11710.72,
453.0972,
155.3793,
846.0096,
670.2769,
2018.538,
408.7069,
292.3488,
1818.953,
8523.008,
1851.451,
2825.72,
752.2437,
432.9581,
3620.267,
6174.548,
6038.436,
2476.261,
36031.55,
1541.89,
470.3896,
10561.98,
1180.369,
542.8895,
280.0715,
0,
103180.6,
2019, 
1555.224,
11836.09,
421.9627,
161.4395,
904.2556,
635.574,
2248.068,
449.0652,
337.1821,
1908.543,
9791.922,
1775.808,
3167.856,
939.9736,
474.2956,
3686.078,
7275.57,
6722.604,
2923.142,
42049.7,
2110.488,
516.5736,
11909.99,
1372.122,
579.3184,
327.6998,
0,
116080.5,
2020, 
1528.922,
11435.59,
429.8227,
151.92,
876.3573,
628.7607,
2315.204,
484.4217,
360.1063,
2086.595,
10992.33,
1933.622,
3521.959,
1033.332,
450.5237,
3584.631,
7976.136,
7079.198,
3471.393,
51198.38,
2836.63,
520.8618,
13455.68,
1605.546,
613.7017,
333.8069,
0,
130905.4,
2021, 
1572.221,
12522.31,
461.4666,
166.3004,
966.842,
706.1447,
2449.963,
537.29,
407.8345,
2220.717,
11695.83,
2256.868,
3993.698,
1085.644,
555.6369,
3758.326,
8686.951,
8036.335,
4206.694,
62338.95,
4249.324,
561.58,
15027.49,
1953.999,
707.0136,
369.9539,
0,
151495.4,
2022, 
1603.36,
13485.07,
531.2463,
177.3976,
1022.708,
705.1703,
2512.847,
639.5605,
471.7879,
2250.447,
13237.94,
2548.647,
4503.871,
955.7322,
623.1571,
3725.277,
10334.98,
9566.701,
4633.828,
72646.85,
4431.441,
614.6155,
16392.17,
2349.745,
818.4114,
495.1919,
0,
171278.2,
2023, 
1587.278,
15287.86,
553.0668,
185.1337,
1097.118,
723.8344,
2728.876,
764.3082,
506.257,
2252.926,
15510.96,
3005.23,
5088.913,
983.7375,
716.3798,
3785.458,
12141.31,
10548.36,
5124.051,
98354.73,
4789.729,
681.1279,
17105.74,
2899.459,
862.8447,
533.5956,
0,
207818.3,
2024, 
1368.674,
18052.99,
580.3803,
193.4612,
1140.593,
754.8831,
3012.917,
853.6978,
539.0623,
2390.521,
17832.39,
3591.737,
8233.947,
806.761,
804.2313,
3797.235,
13319.04,
12660.12,
5327.619,
128510.9,
5086.924,
734.7108,
17533.76,
3758.178,
950.5066,
587.3445,
0,
252422.6,
2025, 
1382.216,
22282.5,
586.0806,
287.1753,
1292.14,
803.1213,
3239.493,
960.9045,
940.4555,
3127.283,
19659.87,
4047.261,
8996.993,
848.355,
875.635,
3789.625,
29381.42,
17335.38,
6175.927,
141020.8,
5770.849,
1392.385,
20354.21,
4875.425,
1263.48,
664.8541,
0,
301353.8,
2026, 
1347.083,
24386.57,
605.9432,
310.7399,
1301.513,
834.2753,
2962.163,
1031.337,
1268.35,
2738.494,
21679.48,
4440.331,
8419.956,
923.5033,
1399.119,
3781.194,
27104.12,
21387.22,
6256.116,
178783.8,
6328.029,
1669.985,
20946.51,
5809.973,
1630.64,
651.7712,
0,
347998.2,
2027, 
1323.28,
26770.74,
633.1973,
397.7641,
1315.588,
877.6792,
2749.08,
1341.151,
1667.893,
2411.568,
23562.31,
4866.283,
8267.679,
1057.274,
2269.721,
3770.208,
29197.82,
26062.57,
6684.305,
209349.3,
7428.066,
3122.64,
21805.58,
7120.119,
2221.403,
630.1375,
0,
396903.4,
2028, 
1372.541,
28371.36,
683.3731,
526.7137,
1330.351,
921.1893,
2506.458,
1902.031,
2061.425,
2157.454,
25938.71,
5580.509,
8353.7,
1195.084,
3644.725,
3747.444,
33658.47,
31772.67,
6786.074,
249651.4,
9781.927,
5742.647,
23089.17,
8627.206,
3337.362,
619.6904,
0,
463359.7,
2029, 
1506.145,
30088.67,
739.5471,
663.7711,
1356.897,
1175.883,
2292.458,
2665.157,
2280.97,
1984.421,
28368.11,
6245.504,
9008.374,
1277.786,
5354.977,
3728.853,
38511.15,
38271.09,
6885.625,
290658.8,
12931.37,
9054.132,
24108.32,
10513.5,
4540.157,
595.7181,
0,
534807.4,
2030, 
1518.763,
31713.11,
811.7347,
845.4952,
1374.684,
1421.893,
2024.305,
3527.969,
2269.543,
1884.944,
29689.61,
6820.441,
9842.888,
1411.794,
8127.242,
3722.666,
38401.26,
44923.25,
6951.243,
329413.7,
16422.31,
12547.8,
25201.83,
12597.98,
5692.099,
531.8172,
0,
599690.3,
2031, 
1561.865,
33563.68,
1042.565,
1223.478,
1405.729,
1750.198,
1936.469,
3857.536,
2167.196,
1839.295,
31540.88,
7364.23,
10165.92,
1555.663,
11438.85,
3692.252,
37869.28,
51505.25,
7236.103,
376201.9,
20147.52,
15734.34,
26227.6,
14491.77,
6764.147,
453.3365,
0,
672737.1,
2032, 
1680.299,
37261.41,
1317.973,
1755.594,
1493.507,
2296.949,
2017.921,
3827.782,
1888.779,
1867.582,
33713.84,
7966.637,
10562.68,
1704.678,
14809.08,
3683.137,
36398.41,
58528.76,
7476.11,
433953.5,
24187.04,
16142.55,
27259.83,
16675.87,
7734.488,
366.1631,
0,
756570.6,
2033, 
1798.359,
41488.63,
1510.035,
2483.634,
1596.843,
3046.332,
2472.675,
3661.224,
1504.895,
1977.66,
36553.64,
8549.799,
10878.6,
1820.425,
17375.56,
3631.789,
34580.85,
69272.82,
7679.946,
494780,
27886.09,
16907.73,
28099.94,
18998.44,
8674.917,
266.6445,
0,
847497.4,
2034, 
2016.627,
46184.87,
1580.828,
3473.609,
1713.142,
4089.585,
3286.105,
3376.615,
1150.023,
1876.855,
54274.93,
9124.123,
10886.88,
1950.718,
19466.35,
3620.702,
33153.82,
91728.61,
7985.631,
582708.1,
31591.89,
18103.9,
28677.54,
21581.63,
10092.71,
188.3495,
0,
993884.1,
2035, 
2338.973,
51304.39,
1634.817,
4630.921,
1860.324,
10150.18,
4052.349,
3012.54,
823.8657,
1632.58,
75724.38,
9629.454,
10798.54,
2054.708,
21731.59,
3613.193,
32114.75,
121852.5,
8314.36,
687727.6,
36051.68,
20058.63,
28908.12,
24628.04,
12451.57,
121.0564,
0,
1177221,
2036, 
2808.44,
58286.37,
1678.528,
6222.854,
2165.539,
22482.64,
5115.928,
3427.877,
764.6942,
1805.589,
100156.1,
10683.7,
12436.54,
2155.287,
24953.44,
3614.194,
36951.79,
154971.4,
8624.312,
804047.3,
41068.94,
22138.09,
29153.2,
28131.86,
15680.39,
140.9763,
0,
1399666,
2037, 
3296.282,
68776.8,
1732.813,
8570.109,
2323.691,
42162.27,
6151.709,
3882.268,
721.9423,
1980.527,
122968.3,
12743.18,
14159.69,
2286.874,
28447.68,
3621.196,
41280.76,
197309.3,
8835.06,
927306.1,
47121.05,
24632.69,
29297.35,
32604.02,
20001.23,
168.6632,
0,
1652382,
2038, 
3931.047,
82455.61,
1811.072,
12049.09,
2286.503,
68990.9,
7027.178,
4385.6,
686.6883,
2148.176,
147057.6,
15534.12,
15801.28,
2501.295,
35038.36,
3633.575,
46120.3,
250299.8,
9142.259,
1112721,
54025.51,
27128.08,
29251.83,
37067.37,
25388.61,
215.4243,
0,
1996698,
2039, 
4463.238,
99191.82,
1907.107,
20752.66,
2264.072,
105476.3,
7701.611,
4956.81,
666.6041,
2320.405,
169520.8,
19668.07,
17493.89,
2823.051,
44755.39,
3649.032,
50908.97,
334748.1,
9544.438,
1442748,
61705.96,
29588.76,
29281.39,
41288.82,
31731.34,
258.7518,
0,
2539415,
2040, 
5065.003,
126672.5,
2016.955,
32547.64,
2314.928,
138406.7,
8189.271,
5578.374,
656.7262,
2536.097,
185185.6,
26793.81,
19181.71,
3193.373,
56569.67,
3683.08,
56320.3,
465164.6,
10006.5,
1696400,
70237.7,
32428.61,
29568.87,
44865.9,
39105.04,
318.8718,
0,
3063008,
2041, 
6583.894,
163922.8,
2163.442,
42942.23,
2378.772,
154206.8,
8677.602,
6264.553,
647.7531,
2867.52,
190818.3,
37670.95,
21364.62,
3506.274,
80966.16,
3760.682,
60496.47,
612985.9,
10634.06,
2017633,
79720.53,
35959.2,
29995.91,
48126.28,
48048.3,
385.6726,
0,
3672728,
2042, 
8756.976,
201745.2,
2359.411,
54610.06,
2454.788,
173204.8,
9197.397,
7017.413,
646.7057,
3410.095,
197822.1,
57193.82,
23628.99,
3664.675,
107751.7,
3878.815,
65830.03,
749370.4,
11509.47,
2360830,
90270.35,
39227.08,
30453.27,
52066.38,
57209.72,
460.0149,
0,
4314570,
2043, 
11578.78,
240207.5,
2718.07,
68752.73,
2542.162,
203028.6,
9716.416,
7779.053,
647.7104,
4049.125,
206836.1,
82456.32,
26795.65,
3805.463,
136162.3,
4085.556,
72110.42,
898746.4,
12528.91,
2713953,
101699,
42838.38,
31435.92,
56709.98,
69320.63,
572.3712,
0,
5011077,
2044, 
14622.79,
282011.4,
3200.451,
85299.55,
2675.532,
237050.6,
10700.46,
8957.613,
649.3416,
4683.639,
225107,
107326.6,
34428.36,
3930.904,
161336.6,
4412.476,
81879.73,
1052359,
13600.7,
3090465,
113427.3,
46913.29,
32988.5,
61266.3,
85160.93,
771.9928,
0,
5765227,
2045, 
17977.16,
326011.3,
4395.035,
101180.6,
2834.926,
282064.3,
14205,
10708.22,
647.7679,
5460.383,
239263.5,
125177.6,
42241.36,
4077.699,
188751.7,
4894.402,
102338.8,
1259414,
13654.43,
3618419,
125876.2,
50497.44,
34567.79,
65948.27,
104346.4,
1031.339,
0,
6745985,
2046, 
24137.37,
375404.3,
8369.411,
113244.1,
3029.269,
336724.3,
19818.93,
12407.01,
642.3427,
6460.063,
248717.5,
135422,
51501.12,
4234.558,
212222.7,
5517.667,
130891.4,
1515273,
13686.32,
4160155,
140146.7,
54173.69,
35586.28,
69627.71,
122583.7,
1411.007,
0,
7801388,
2047, 
33007.95,
412294,
14392.92,
124683.4,
3239.713,
390194.4,
27102.71,
14111.8,
914.048,
7668.495,
253668,
140097.9,
64567.05,
4397.259,
231681.3,
6190.661,
173213.5,
1780507,
13788.16,
4660148,
155637.2,
57899.15,
36116.33,
71420.86,
147874.6,
1933.841,
0,
8826750,
2048, 
42484.24,
470383.3,
34482.12,
137787.1,
3535.734,
454733.4,
36224.81,
16166.31,
1816.303,
9198.714,
256325.6,
142516.4,
74259.48,
4571.53,
249046,
6838.811,
223129,
2051588,
13946.8,
5167180,
174283.8,
61360.98,
36094.05,
72339.15,
172794.1,
2483.869,
0,
9915569,
2049, 
52960.78,
518957.2,
72074.8,
162480,
3944.474,
525843.3,
46259.63,
18466.31,
4114.342,
14484.97,
250278.3,
142933.5,
83801.13,
4772.825,
263920.5,
7376.746,
260309.2,
2250420,
14011.16,
5597910,
215164,
63960.31,
35599.36,
71496.34,
197411.5,
2811.861,
0,
1.088176e+07,
2050, 
67295.29,
589229.3,
115410.2,
181794.1,
4420.354,
576805.8,
56903.02,
20929.71,
4951.217,
23309.25,
248214,
147248.2,
95079.09,
5391.053,
279297.3,
7810.195,
310105.2,
2389676,
14149.42,
5950473,
251862.3,
67646.83,
35571.31,
70226.43,
225067.3,
3166.158,
0,
1.174203e+07,
2051, 
78882.8,
660563,
151928.9,
201663.6,
4930.623,
635974.8,
67373.41,
23361.22,
5558.265,
33844.08,
238305.5,
156132,
110045.1,
7023.879,
300237.9,
8317.32,
349793.4,
2435687,
14308.11,
6402979,
282425.9,
71881.53,
36574.09,
67978.99,
254139.8,
3525.579,
0,
1.260344e+07,
2052, 
93104.33,
734349.3,
170462.4,
216205.3,
5407.104,
691344.5,
77125.7,
26496.14,
6166.861,
47337.04,
228574.6,
166751,
120673.8,
9445.895,
310084.6,
9184.862,
382614,
2437908,
14362.16,
6866857,
302273.6,
75423.1,
37731.68,
68617.01,
290198.2,
3906.954,
0,
1.339261e+07,
2053, 
110520.6,
806734.4,
193199.7,
228519.8,
6051.991,
739914.8,
90927.89,
30661.87,
8589.508,
63855.38,
220269.8,
179518.4,
132492.6,
12956.41,
322004.4,
10494.19,
410137.1,
2364126,
14289.27,
7283130,
305063.6,
80003.84,
40292.83,
71744.61,
356667.2,
4327.932,
0,
1.408649e+07,
2054, 
130365.8,
891788.7,
212579.8,
236832.9,
6828.595,
793885.4,
113283.8,
34999.21,
11242.75,
82571.96,
212285.8,
192470,
148550.4,
17501.85,
337338.3,
12570.24,
439988.9,
2301356,
14161.19,
7537238,
315374.3,
79266.56,
42964.98,
77448.49,
430170.4,
4802.431,
0,
1.467787e+07,
2055, 
155883,
990791.3,
236243.3,
242032.8,
7902.415,
833786.9,
133981.2,
39824.54,
13038.68,
103842.2,
208006,
206222.5,
159510.3,
23404.28,
352424.8,
15318.69,
483538.2,
2228279,
13945.82,
7734351,
322440.9,
80073.56,
45841.28,
85285.63,
473871.3,
5354.937,
0,
1.519519e+07,
2056, 
182789.7,
1142327,
257946.6,
246659,
9256.252,
870027.4,
180167.8,
44494.23,
14475.64,
126627.1,
202744.9,
221117.2,
174233.2,
33042.63,
371392.3,
18186.67,
550525.5,
2167585,
13727.42,
7888457,
349737.3,
82874.64,
48484.48,
96511.68,
515104.7,
5961.552,
0,
1.581446e+07,
2057, 
200733.6,
1310352,
288708.3,
251239.8,
11391.71,
903178.5,
248143.1,
48902.68,
15580.43,
151100,
195601.5,
229557.1,
187822.6,
44378.23,
391673.8,
20486.31,
613713.6,
2118006,
13539.5,
8027211,
375508.3,
86489.16,
50637.65,
105029.3,
569614.3,
6569.003,
0,
1.646517e+07,
2058, 
233351.9,
1547994,
320169.7,
259755.2,
14336.17,
936762.3,
327060.3,
53147.36,
19036.76,
176690.4,
196766.3,
239496.5,
200178,
57823.87,
411170.3,
21738.77,
703832.4,
2077191,
13365.79,
8162670,
410872.6,
90610.38,
52603.06,
114645.3,
611991.9,
7784.965,
0,
1.726104e+07,
2059, 
250947.4,
1776179,
357207.2,
265188.9,
17999.7,
973469.4,
389302.5,
58833.75,
28681.97,
201071.3,
202252.8,
246172.9,
211366.4,
72086.8,
435049.5,
22106.75,
803880.7,
2062694,
13173.37,
8305096,
433094.8,
94441.26,
53717.32,
124289.4,
684704.9,
9253.052,
0,
1.809226e+07,
2060, 
273957.9,
1970455,
394819.8,
266533,
23112.25,
1018118,
437436.8,
64381.68,
53222.98,
230973.1,
204685.9,
249164.2,
220750.8,
88332.02,
456122.3,
22513.03,
903524.1,
2060245,
13336.2,
8431140,
452724.4,
102870.7,
54049.84,
134425.2,
794205.6,
10992.42,
0,
1.893209e+07,
2061, 
295378.6,
2172194,
432793.4,
268549.8,
28625.77,
1059408,
474943.1,
69642.31,
97822.88,
256009,
205152.3,
248252,
227351.1,
108579.9,
475970.4,
22946.01,
995653.9,
2070660,
14423.46,
8520818,
468827.9,
108351.2,
53694,
142871.2,
903909.1,
12759.78,
0,
1.973559e+07,
2062, 
308538,
2369430,
472617,
275037.9,
35013.93,
1101678,
494578.9,
76710.72,
191677.7,
283386.1,
206132.4,
237078.3,
231142,
131478.2,
501573.8,
23359.73,
1064803,
2104251,
14754.75,
8561600,
483596.5,
111887.8,
52540.75,
151342.5,
1025522,
14765.14,
0,
2.05245e+07,
2063, 
315366.3,
2578737,
492457.4,
284669.2,
43340.04,
1137162,
512287.8,
89172.32,
318062.3,
308736.4,
215954,
223386.9,
233650.2,
155485.3,
525269.1,
23778.46,
1100474,
2123745,
14631.58,
8594092,
485119.4,
111701.1,
50853.95,
161491.3,
1136175,
17191.69,
0,
2.125299e+07,
2064, 
314415.2,
2785639,
511261.6,
290377.2,
54461.18,
1167935,
546663.5,
107835.8,
433269.8,
329911,
218593.5,
209371,
237820.2,
178114.7,
544808.3,
24275,
1141200,
2129809,
14495.86,
8633920,
500577.5,
113069.4,
47731.43,
172757,
1255436,
20971.22,
0,
2.198472e+07,
2065, 
312674.4,
2993042,
529096.3,
298103.9,
72130.59,
1195441,
604709.2,
136174.5,
503889.4,
343178.2,
223075,
197953.5,
240155.3,
194607.9,
567367.7,
24882.29,
1166819,
2126629,
14434.77,
8664806,
529890.8,
117321.5,
44585.32,
186704.8,
1368427,
25779.56,
0,
2.268188e+07,
2066, 
308457.8,
3151446,
546095.1,
302487.6,
93312.95,
1227813,
685431.4,
157649.3,
556707.4,
360752,
228518.2,
186829.8,
246199.7,
202993.1,
588593.3,
25520.92,
1215290,
2109899,
14380.16,
8681520,
579033.1,
123757.5,
41060.3,
204045.4,
1485775,
31206.41,
0,
2.335477e+07,
2067, 
309096.2,
3307510,
565162.1,
296654.2,
119552.1,
1270361,
790553.9,
180040.3,
608172.4,
375636.5,
232115.3,
175052.2,
252446.9,
209443.8,
613202.4,
28455.56,
1299402,
2079005,
14518.44,
8698425,
622671.5,
133146.3,
37481.79,
223547.8,
1594850,
38502.38,
0,
2.4075e+07,
2068, 
313667.7,
3456411,
586977,
286891,
153768.2,
1323005,
892236.3,
204439.4,
650139.1,
392135.9,
232817.9,
166260.3,
258578.3,
214024.1,
642658.8,
35678.57,
1399918,
2022047,
14831.95,
8710618,
659654.1,
146331.8,
35912.14,
242950.4,
1718635,
47352.34,
0,
2.480794e+07,
2069, 
318718.6,
3621424,
609828.8,
275438.3,
204064.3,
1388797,
999045.3,
227530.9,
685945,
412352.7,
238418,
161125.4,
262023.6,
217290,
673213.7,
43701.85,
1490278,
1972914,
14641.81,
8711910,
696129.6,
158971,
34619.03,
263915.9,
1839475,
61876.83,
0,
2.558365e+07,
2070, 
327809,
3787401,
634529.5,
266248.4,
262640.8,
1429854,
1095157,
249816.4,
723838.1,
437006.9,
239498.5,
160482,
266754,
219739.5,
701452.8,
54254.02,
1574358,
1942742,
14063.94,
8720556,
706172.5,
163252.5,
33237.53,
286413.2,
1979839,
83868.16,
0,
2.636098e+07,
2071, 
343094.7,
3899326,
661765.7,
260059.8,
343345.9,
1463319,
1171301,
287004.5,
746884.4,
462535.5,
248114.5,
164089.9,
271245.3,
221551.3,
730761,
64601.4,
1697737,
1942475,
13506.03,
8768203,
695838.3,
164358.7,
31919.08,
311527.1,
2113064,
109493.7,
0,
2.718712e+07,
2072, 
340647.1,
3961584,
686672.3,
263815.1,
473175.1,
1510852,
1230698,
335808,
780966.6,
486101,
254250.9,
172350.4,
273079.8,
222434.1,
757480.4,
75877.03,
1831029,
1946815,
12989.26,
8834179,
679806.6,
164504.9,
30822.34,
340489.6,
2263991,
139388.4,
0,
2.806981e+07,
2073, 
348375.5,
4024058,
710205.3,
270469.3,
620197.4,
1589784,
1275284,
404649.7,
869917.1,
509675.2,
260859.8,
187576.4,
276508.3,
220697.3,
783275.8,
88461.27,
1947221,
1954458,
13720.61,
8896509,
673720.5,
166378.9,
29871.04,
370897.2,
2426117,
175813.5,
0,
2.90947e+07,
2074, 
344531.7,
4088882,
735517.6,
280526.7,
777449.4,
1645783,
1313817,
505968.5,
988935.4,
532799.1,
270468.1,
204825.8,
281840.1,
218546.7,
806786.7,
106760.9,
2050987,
1944109,
14925.17,
8929078,
671664.8,
170259.3,
29207.29,
400418,
2617320,
215330.3,
0,
3.014674e+07,
2075, 
345099.6,
4154916,
778424.5,
293507.3,
930690.9,
1641518,
1371630,
626621.9,
1089697,
553609.2,
279968.3,
229897.5,
285024.9,
215982.3,
826049.6,
128151.7,
2104985,
1913732,
17526.99,
8951563,
675762.5,
176551.5,
29440.12,
426459.2,
2850563,
250071.4,
0,
3.114744e+07,
2076, 
348444,
4219954,
826598.8,
303718.9,
1100990,
1616302,
1440745,
748094.2,
1165246,
571346.4,
289212,
254340.2,
288672.8,
213183.7,
842065.2,
148574.6,
2158909,
1885444,
20057.42,
8967997,
684774.6,
184984.8,
29566.93,
450377,
3000942,
288281.5,
0,
3.204882e+07,
2077, 
353676.9,
4267975,
841167.6,
303828.5,
1245760,
1608002,
1524179,
880507.6,
1249364,
591884.5,
298919.1,
281261.7,
289884.8,
211100,
859722.7,
167691.5,
2228203,
1857557,
23086.75,
8992118,
689971.5,
191734.4,
29993.15,
479223.7,
3139830,
321769,
0,
3.292841e+07,
2078, 
361869.3,
4317219,
869775.4,
300039.6,
1399250,
1626892,
1578265,
990086.4,
1332621,
615379.9,
304457.4,
309911.4,
290125.8,
209967.6,
877543.1,
192488,
2324843,
1837235,
25582.71,
9001418,
686357,
193242.2,
30529.32,
498582.1,
3258450,
368494.9,
0,
3.380062e+07,
2079, 
373541.3,
4369290,
892773.9,
295468.3,
1554781,
1652660,
1611691,
1121165,
1445776,
639015.6,
309560.7,
329330.5,
290112.9,
210048.6,
897832.5,
218300,
2430689,
1823693,
28099.88,
8980186,
653804.9,
191488.8,
31491.38,
520668.3,
3360625,
428330.3,
0,
3.466042e+07,
2080, 
385882.3,
4421699,
917049.6,
291651.7,
1675583,
1672561,
1646191,
1243347,
1552647,
670992.8,
309145.8,
342986.8,
292222.7,
210698.2,
919181.9,
245261.8,
2549445,
1810387,
30915.94,
8966368,
630456.1,
186721.6,
32632.09,
545734.4,
3455559,
501665.2,
0,
3.550698e+07,
2081, 
400254.5,
4474900,
938259.8,
290249.3,
1791605,
1683758,
1683630,
1311537,
1622064,
692252.8,
314071.6,
356662.4,
295502.3,
212136.8,
941045.4,
272017,
2656938,
1798758,
33891.21,
8979856,
623149.3,
182869.7,
33079.51,
567089.1,
3529441,
580513.4,
0,
3.626553e+07,
2082, 
406685.4,
4520796,
976633.7,
292778.6,
1940223,
1689858,
1724695,
1365787,
1700375,
718024.8,
316344.6,
374195,
297781,
213889.6,
968320.1,
301724.3,
2779515,
1784171,
37440.82,
9013197,
607365.1,
180745.7,
33639.56,
591243.5,
3592088,
664146.5,
0,
3.709166e+07,
2083, 
413983.3,
4578702,
1036019,
296336.5,
2071145,
1695830,
1774091,
1522261,
1787864,
744274.9,
327958.2,
396572.2,
301880,
215646.4,
993515.8,
330382.4,
2897411,
1758004,
40947.23,
9064955,
594296.7,
179366.9,
34439.8,
613828.9,
3648392,
745580.1,
0,
3.806368e+07,
2084, 
422917.8,
4633695,
1084624,
298316,
2145851,
1703558,
1823482,
1723002,
1867208,
770544.3,
344293.2,
421511.7,
306133,
217800.9,
1024882,
362641.6,
3001950,
1741692,
44595.98,
9131000,
579357.6,
183220.5,
35772.96,
636646,
3697975,
804809.6,
0,
3.900748e+07,
2085, 
434336.1,
4684672,
1161142,
298639.4,
2218170,
1706273,
1871159,
1941316,
1925858,
793809.1,
363329.5,
440342.8,
307927.1,
220274.4,
1034789,
397793.9,
3165028,
1711252,
47848.6,
9171991,
562790.8,
187290.6,
37547.72,
656725.3,
3757543,
864361.8,
0,
3.996221e+07,
2086, 
449270.3,
4735165,
1239744,
291018.8,
2301198,
1713928,
1947643,
2173133,
2039891,
830271.4,
388721.1,
454070.6,
307665.4,
223382.6,
1050978,
441058.9,
3323565,
1681209,
49724.87,
9138479,
545178.9,
192545.7,
39323.56,
674459.1,
3866312,
911058.2,
0,
4.100899e+07,
2087, 
467172.2,
4770729,
1323197,
280365.1,
2380574,
1725378,
2035718,
2462465,
2126052,
840715.6,
416141.9,
466159.5,
307934.7,
226930.4,
1069931,
483110.5,
3475964,
1654700,
50369.13,
9066113,
526286.7,
192696.3,
41368.32,
692335.3,
3967425,
959332.9,
0,
4.200916e+07,
2088, 
483750.3,
4794805,
1388221,
270849.9,
2454417,
1738737,
2130692,
2773951,
2179160,
856385.1,
437255,
478930.9,
307004.6,
230761.9,
1087541,
533067.4,
3616269,
1626484,
50222.88,
8959559,
497508.3,
188328.9,
42752.89,
709798.8,
4048111,
1021529,
0,
4.290609e+07,
2089, 
501020.9,
4799953,
1434522,
261354,
2530449,
1748534,
2225146,
3000555,
2270721,
864348.9,
453046.2,
487252.7,
307709.2,
233976.3,
1073441,
585296.6,
3715073,
1586749,
49205.79,
8824961,
471167.5,
184089.3,
44964.75,
731245.3,
4091708,
1079456,
0,
4.355594e+07,
2090, 
513296.3,
4786423,
1479200,
254132.5,
2605515,
1756399,
2326382,
3214420,
2387285,
888714.6,
462846.2,
493850.4,
307059.9,
236152.9,
1073726,
645416.3,
3763598,
1542175,
49100.32,
8721121,
456946.1,
177689,
46102.61,
750080.5,
4159225,
1170459,
0,
4.426731e+07,
2091, 
525079.7,
4774011,
1528457,
249544.1,
2656029,
1766533,
2448385,
3419501,
2501292,
902806.5,
483887.6,
501097.9,
306625.6,
236426.4,
1074725,
709876.1,
3803329,
1499306,
48769.26,
8629476,
432170.5,
174315.5,
48501.38,
772585.4,
4179992,
1254418,
0,
4.492714e+07,
2092, 
536261.3,
4759305,
1573904,
253460.4,
2710206,
1778974,
2563099,
3586557,
2632639,
932233.4,
503470.8,
505839.8,
304870.8,
235734.8,
1071217,
785196.6,
3809795,
1441802,
48615.55,
8522566,
429523.8,
170093.8,
53634.18,
782042.7,
4196298,
1337478,
0,
4.552482e+07,
2093, 
544800.1,
4743226,
1613996,
257818.9,
2771115,
1779119,
2658100,
3779458,
2783635,
936820.8,
527189.1,
506528.6,
301596.5,
235305.6,
1070118,
861011.6,
3796299,
1383301,
48286.55,
8427244,
421496.3,
171404.1,
61626.82,
797281.6,
4141765,
1433179,
0,
4.605172e+07,
2094, 
552421.3,
4726149,
1642112,
265943.3,
2853345,
1772532,
2749860,
3993794,
2935180,
956162.1,
541027.7,
508177.4,
298029.1,
234623.1,
1088192,
941874.6,
3878071,
1336000,
48387.56,
8336723,
431512.4,
172915,
69745.21,
804787.6,
4145095,
1512531,
0,
4.679519e+07,
2095, 
560210,
4720152,
1683471,
270652.8,
2950982,
1769867,
2839086,
4246396,
3087544,
974579.6,
562498.3,
504434.8,
295639.2,
233493.3,
1106484,
1011903,
3968535,
1308597,
46713.91,
8263431,
435214.8,
177906.3,
77041.57,
818670.1,
4154521,
1600855,
0,
4.766888e+07,
2096, 
562577.9,
4713606,
1711865,
271069.5,
3079276,
1723426,
2914333,
4618891,
3207403,
994949,
580426.4,
498271.1,
294429.9,
232067.5,
1123850,
1077573,
4072873,
1275929,
44905.63,
8196787,
452141.9,
181122.1,
86484.13,
829206.4,
4114465,
1702632,
0,
4.856056e+07,
2097, 
563647.6,
4702294,
1747296,
263828,
3198688,
1680160,
2929229,
4950572,
3290897,
1011265,
605819.6,
493627.6,
294646.2,
230528,
1137570,
1133026,
4174257,
1267950,
44128.69,
8140713,
463821.1,
182266.7,
95518.81,
844283.8,
4099185,
1841847,
0,
4.938706e+07,
2098, 
563685,
4697279,
1777626,
241561.5,
3311421,
1649815,
3000389,
5168171,
3374514,
1020044,
633676.5,
489509,
296403.4,
230122.3,
1145678,
1194023,
4270175,
1267672,
43006.13,
8096032,
470652.1,
180220.9,
104889.6,
855001.3,
4004991,
1955443,
0,
5.0042e+07,
2099, 
563724.2,
4696702,
1826525,
227258.8,
3408852,
1595624,
3078223,
5373706,
3455872,
1022667,
653692.4,
489192.2,
300850,
233032.6,
1148775,
1234951,
4341586,
1259040,
43576.23,
8074401,
486504.3,
176427.8,
113205.9,
873804.5,
3861612,
2050964,
0,
5.059076e+07,
2100, 
560393.3,
4698161,
1869418,
212009.3,
3485101,
1561321,
3170269,
5590691,
3529799,
1027632,
687587.5,
486763.5,
305079.1,
235272.9,
1148151,
1266454,
4421083,
1249965,
43691.87,
8051046,
504767.4,
171569.8,
123072.7,
925390.2,
3688477,
2143949,
0,
5.115711e+07];
<<<<<<< HEAD
>>>>>>> 29fc07e (Remove T2MAT folder level)
=======
>>>>>>> 4d9e712909650e13193c45904b75652afa554b9e
