real main.em.ep.isp.StorCapTot[28](t) = [1971, 
565.3951,
2971.177,
36.59446,
18.78491,
56.40872,
70.02373,
51.0629,
35.66208,
10.54651,
188.871,
3517.749,
687.3421,
37.0469,
554.5444,
110.129,
1602.093,
123.6846,
163.0802,
43.73034,
188.3745,
28.22136,
2.395723,
680.6717,
110.138,
12.19796,
21.96154,
0,
11887.89,
1972, 
645.0688,
2972.251,
41.50166,
20.93335,
61.65432,
74.44071,
51.74794,
38.52648,
<<<<<<< HEAD
<<<<<<< HEAD
11.36498,
=======
11.36496,
>>>>>>> 29fc07e (Remove T2MAT folder level)
=======
11.36496,
>>>>>>> 4d9e712909650e13193c45904b75652afa554b9e
205.0731,
3674.055,
750.1613,
42.81575,
588.204,
113.1394,
1694.571,
139.7652,
<<<<<<< HEAD
<<<<<<< HEAD
170.4212,
47.06676,
206.8299,
32.03099,
2.769474,
=======
=======
>>>>>>> 4d9e712909650e13193c45904b75652afa554b9e
170.4211,
47.06676,
206.8299,
32.03099,
2.769475,
<<<<<<< HEAD
>>>>>>> 29fc07e (Remove T2MAT folder level)
=======
>>>>>>> 4d9e712909650e13193c45904b75652afa554b9e
727.324,
108.7564,
12.24841,
31.47324,
0,
12464.2,
1973, 
714.8793,
3245.513,
45.12904,
<<<<<<< HEAD
<<<<<<< HEAD
23.28802,
=======
23.28801,
>>>>>>> 29fc07e (Remove T2MAT folder level)
=======
23.28801,
>>>>>>> 4d9e712909650e13193c45904b75652afa554b9e
71.45206,
83.26349,
53.03821,
42.90488,
<<<<<<< HEAD
<<<<<<< HEAD
11.52977,
218.1331,
3939.446,
782.0964,
43.30835,
621.4759,
121.2569,
1793.058,
167.1888,
176.5149,
53.2648,
226.2013,
37.82164,
3.402417,
787.5419,
123.9528,
14.23783,
40.05232,
=======
=======
>>>>>>> 4d9e712909650e13193c45904b75652afa554b9e
11.52976,
218.1332,
3939.446,
782.0963,
43.30836,
621.476,
121.257,
1793.058,
167.1888,
176.5149,
53.26481,
226.2014,
37.82163,
3.402416,
787.5419,
123.9528,
14.23783,
40.05233,
<<<<<<< HEAD
>>>>>>> 29fc07e (Remove T2MAT folder level)
=======
>>>>>>> 4d9e712909650e13193c45904b75652afa554b9e
0,
13439.95,
1974, 
739.617,
3270.951,
57.15521,
<<<<<<< HEAD
<<<<<<< HEAD
24.33031,
79.61558,
91.07374,
56.71687,
43.03696,
11.14541,
233.6268,
4032.854,
831.0829,
49.11044,
=======
=======
>>>>>>> 4d9e712909650e13193c45904b75652afa554b9e
24.33067,
79.61533,
91.07869,
56.71687,
43.03695,
11.14532,
233.6268,
4032.852,
831.0828,
49.12922,
<<<<<<< HEAD
>>>>>>> 29fc07e (Remove T2MAT folder level)
=======
>>>>>>> 4d9e712909650e13193c45904b75652afa554b9e
657.2949,
130.0857,
1902.559,
187.3344,
<<<<<<< HEAD
<<<<<<< HEAD
185.1357,
58.54875,
234.188,
40.2456,
4.525674,
777.5819,
133.089,
16.01767,
50.52871,
0,
13897.45,
=======
=======
>>>>>>> 4d9e712909650e13193c45904b75652afa554b9e
185.125,
58.54874,
234.1879,
40.24559,
4.525861,
777.5819,
133.089,
16.01766,
50.52867,
0,
13897.46,
<<<<<<< HEAD
>>>>>>> 29fc07e (Remove T2MAT folder level)
=======
>>>>>>> 4d9e712909650e13193c45904b75652afa554b9e
1975, 
720.2589,
3368.073,
60.57813,
<<<<<<< HEAD
<<<<<<< HEAD
24.18282,
85.77982,
95.43021,
64.4827,
48.2693,
11.62118,
251.1357,
4018.075,
869.3321,
58.93646,
594.8967,
115.7397,
1762.141,
217.4598,
205.5515,
65.4682,
277.4308,
41.93651,
5.138043,
794.8664,
138.1078,
17.97915,
53.18409,
0,
13966.05,
=======
=======
>>>>>>> 4d9e712909650e13193c45904b75652afa554b9e
24.18325,
85.77917,
95.43327,
64.4827,
48.26931,
11.62102,
251.1311,
4018.073,
869.3322,
58.9721,
594.8968,
115.7397,
1762.141,
217.4598,
205.5317,
65.46823,
277.4307,
41.9365,
5.138251,
794.8664,
138.1078,
17.97915,
53.18402,
0,
13966.07,
<<<<<<< HEAD
>>>>>>> 29fc07e (Remove T2MAT folder level)
=======
>>>>>>> 4d9e712909650e13193c45904b75652afa554b9e
1976, 
770.7585,
3597.496,
64.31172,
<<<<<<< HEAD
<<<<<<< HEAD
27.33724,
98.87386,
102.9806,
73.92673,
50.18605,
13.48294,
263.2117,
4319.737,
923.6973,
66.99989,
=======
=======
>>>>>>> 4d9e712909650e13193c45904b75652afa554b9e
27.33772,
98.87271,
102.9838,
73.92672,
50.18605,
13.48273,
263.2019,
4319.735,
923.6973,
67.05134,
<<<<<<< HEAD
>>>>>>> 29fc07e (Remove T2MAT folder level)
=======
>>>>>>> 4d9e712909650e13193c45904b75652afa554b9e
621.9884,
122.5412,
1876.704,
256.201,
<<<<<<< HEAD
<<<<<<< HEAD
231.0237,
71.5622,
308.1051,
47.25456,
4.771325,
850.1547,
144.0277,
18.92257,
57.06338,
=======
=======
>>>>>>> 4d9e712909650e13193c45904b75652afa554b9e
230.9854,
71.56219,
308.1046,
47.25456,
4.77154,
850.1547,
144.0277,
18.92257,
57.06328,
<<<<<<< HEAD
>>>>>>> 29fc07e (Remove T2MAT folder level)
=======
>>>>>>> 4d9e712909650e13193c45904b75652afa554b9e
0,
14983.32,
1977, 
826.8419,
3718.35,
<<<<<<< HEAD
<<<<<<< HEAD
69.53701,
29.61992,
109.0772,
112.7576,
84.54616,
54.89835,
14.17457,
263.3046,
4415.533,
962.5632,
75.08624,
638.9871,
126.6182,
1939.022,
324.3994,
246.0635,
78.31963,
336.4687,
52.46445,
5.963777,
885.7704,
151.5514,
20.37514,
62.08248,
0,
15604.38,
=======
=======
>>>>>>> 4d9e712909650e13193c45904b75652afa554b9e
69.537,
29.62038,
109.0733,
112.7603,
84.54615,
54.89832,
14.17433,
263.2902,
4415.528,
962.5634,
75.1629,
638.9871,
126.6182,
1939.023,
324.3994,
246.0201,
78.31963,
336.4682,
52.46445,
5.964016,
885.7702,
151.5515,
20.37514,
62.08236,
0,
15604.39,
<<<<<<< HEAD
>>>>>>> 29fc07e (Remove T2MAT folder level)
=======
>>>>>>> 4d9e712909650e13193c45904b75652afa554b9e
1978, 
887.1095,
3820.333,
76.83775,
<<<<<<< HEAD
<<<<<<< HEAD
31.27173,
120.7774,
118.3019,
95.17813,
53.05415,
14.90031,
274.8502,
4579.079,
1012.027,
80.07489,
659.3105,
130.9119,
2028.404,
366.1562,
270.5943,
86.85789,
383.7948,
54.30834,
8.353292,
926.9186,
156.1586,
22.89318,
60.27376,
0,
16318.73,
=======
=======
>>>>>>> 4d9e712909650e13193c45904b75652afa554b9e
31.27218,
120.7728,
118.3044,
95.17812,
53.05405,
14.90004,
274.8417,
4579.075,
1012.027,
80.17468,
659.3107,
130.9119,
2028.405,
366.1562,
270.5517,
86.85787,
383.7943,
54.30836,
8.35358,
926.9185,
156.1583,
22.89318,
60.27359,
0,
16318.77,
<<<<<<< HEAD
>>>>>>> 29fc07e (Remove T2MAT folder level)
=======
>>>>>>> 4d9e712909650e13193c45904b75652afa554b9e
1979, 
929.9561,
3896.712,
82.37904,
<<<<<<< HEAD
<<<<<<< HEAD
32.64642,
135.358,
131.8992,
106.4358,
61.22648,
15.30302,
288.976,
4774.364,
1019.171,
81.69547,
675.0175,
179.9742,
2074.964,
423.5017,
274.5066,
94.15851,
419.597,
59.07878,
10.06762,
976.8931,
163.4906,
25.64357,
64.93901,
0,
16997.96,
1980, 
956.4402,
3946.016,
86.42722,
32.94046,
155.4016,
141.1133,
119.0098,
68.52973,
15.48823,
313.172,
4806.871,
1064.865,
84.12477,
706.5472,
196.9572,
2234.769,
469.0094,
286.5503,
98.315,
409.9122,
63.06999,
12.67362,
964.7715,
171.4248,
26.90315,
59.81721,
0,
17491.12,
1981, 
1005.637,
3978.002,
94.37601,
34.07541,
149.492,
146.69,
135.1373,
67.0408,
16.38091,
357.5352,
4854.483,
1072.632,
88.14577,
724.8632,
202.0441,
2363.665,
556.1653,
314.4442,
105.4366,
414.0789,
67.10028,
12.48822,
974.1905,
182.5041,
28.78546,
56.7425,
0,
18002.14,
1982, 
987.376,
3880.227,
98.61839,
35.28508,
156.7401,
148.8005,
147.991,
74.62556,
17.73838,
375.8822,
4845.106,
1087.203,
96.12112,
=======
=======
>>>>>>> 4d9e712909650e13193c45904b75652afa554b9e
32.64663,
135.3528,
131.9015,
106.4358,
61.22644,
15.30274,
288.9659,
4774.361,
1019.171,
81.7829,
675.0175,
179.9742,
2074.965,
423.5017,
274.483,
94.15851,
419.5962,
59.07816,
10.06794,
976.8931,
163.4906,
25.64357,
64.93886,
0,
16998,
1980, 
956.4401,
3946.016,
86.42717,
32.94049,
155.3963,
141.1154,
119.0098,
68.52971,
15.488,
313.1628,
4806.869,
1064.865,
84.21157,
706.547,
196.9572,
2234.769,
469.0094,
286.5391,
98.31493,
409.9123,
63.06873,
12.67404,
964.7715,
171.4247,
26.90315,
59.81703,
0,
17491.18,
1981, 
1005.637,
3978.001,
94.37599,
34.07544,
149.4849,
146.6924,
135.1373,
67.04079,
16.38064,
357.5253,
4854.481,
1072.632,
88.23033,
724.8632,
202.0441,
2363.664,
556.1653,
314.4401,
105.4366,
414.079,
67.09756,
12.48827,
974.1904,
182.504,
28.78546,
56.63546,
0,
18002.09,
1982, 
987.376,
3880.227,
98.61836,
35.28513,
156.7313,
148.8027,
147.991,
74.62556,
17.73814,
375.8698,
4845.105,
1087.203,
96.21159,
<<<<<<< HEAD
>>>>>>> 29fc07e (Remove T2MAT folder level)
=======
>>>>>>> 4d9e712909650e13193c45904b75652afa554b9e
740.2025,
209.2758,
2456.043,
659.3551,
<<<<<<< HEAD
<<<<<<< HEAD
335.5448,
111.1757,
441.7137,
71.90475,
15.20368,
963.9808,
185.5105,
30.88327,
56.67995,
0,
18229.19,
1983, 
1031.83,
3968.32,
97.85429,
37.5138,
162.2103,
155.9186,
163.2696,
69.42336,
18.88283,
382.619,
4959.603,
1135.895,
100.4429,
761.1735,
215.9352,
2584.444,
675.0315,
359.1056,
121.1525,
477.7701,
78.5919,
17.83733,
1017.419,
190.078,
34.33382,
55.48276,
0,
18872.14,
1984, 
1112.393,
4149.27,
106.0196,
38.59479,
181.4973,
160.5045,
180.2275,
64.49086,
18.9106,
423.2296,
5139.854,
1186.7,
113.4429,
791.0198,
225.1805,
2748.781,
727.5205,
397.1652,
130.4102,
501.5547,
84.75967,
20.98384,
1070.48,
203.0791,
38.73755,
54.68986,
0,
19869.5,
1985, 
1179.844,
4229.867,
92.49298,
38.04953,
196.5876,
163.4583,
193.5775,
78.16956,
20.26884,
437.8281,
5329.465,
1188.373,
123.879,
811.0883,
232.8396,
2853.367,
780.383,
435.9338,
140.4291,
536.3925,
89.5683,
21.78811,
1111.734,
217.9633,
41.83034,
56.73882,
0,
20601.92,
1986, 
1207.466,
4229.596,
104.1319,
40.66994,
207.8828,
185.0568,
191.1551,
81.832,
21.51592,
449.9014,
5414.228,
1243.174,
142.0448,
829.8746,
236.665,
2981.992,
850.5416,
476.1943,
151.5424,
589.0726,
92.69865,
30.70433,
1127.34,
225.1551,
46.27349,
58.02217,
0,
21214.73,
1987, 
1287.349,
4307.618,
112.7816,
43.03091,
210.6767,
199.0565,
204.4473,
85.30701,
23.22885,
460.7013,
5591.132,
1267.558,
159.0036,
861.4124,
238.3871,
3101.597,
869.8831,
516.6118,
168.4136,
650.562,
99.93705,
35.58554,
1201.88,
237.4182,
51.22211,
56.5811,
0,
22041.38,
=======
=======
>>>>>>> 4d9e712909650e13193c45904b75652afa554b9e
335.5447,
111.1757,
441.7136,
71.90279,
15.20374,
963.9808,
185.5104,
30.88328,
56.61477,
0,
18229.19,
1983, 
1031.829,
3968.32,
97.85432,
37.51384,
162.191,
155.9216,
163.2696,
69.42338,
18.88261,
382.6068,
4959.604,
1135.895,
100.5357,
761.1735,
215.9352,
2584.444,
675.0314,
359.1055,
121.1526,
477.77,
78.58777,
17.83739,
1017.419,
190.0779,
34.33382,
55.45483,
0,
18872.17,
1984, 
1112.393,
4149.269,
106.0196,
38.59481,
181.4791,
160.5078,
180.2275,
64.49085,
18.91038,
423.2174,
5139.854,
1186.7,
113.5289,
791.02,
225.1806,
2748.781,
727.5204,
397.1645,
130.4102,
501.5546,
84.75751,
20.98391,
1070.48,
203.079,
38.73754,
54.67818,
0,
19869.54,
1985, 
1179.833,
4229.867,
92.49202,
38.04957,
196.5491,
163.4609,
193.5774,
78.16955,
20.26863,
437.8152,
5329.465,
1188.373,
123.9645,
811.0883,
232.8396,
2853.368,
780.3828,
435.9334,
140.4291,
536.3404,
89.56615,
21.78817,
1111.734,
217.9633,
41.83033,
56.73052,
0,
20601.88,
1986, 
1207.455,
4229.596,
104.1319,
40.66998,
207.8596,
185.0597,
191.155,
81.83199,
21.51568,
449.8878,
5414.227,
1243.174,
142.13,
829.8746,
236.665,
2981.992,
850.5414,
476.1934,
151.5424,
589.0726,
92.69881,
30.70439,
1127.34,
225.155,
46.27349,
58.01381,
0,
21214.76,
1987, 
1287.346,
4307.618,
112.7816,
43.03093,
210.6672,
199.0593,
204.4468,
85.30698,
23.22854,
460.6875,
5591.132,
1267.558,
159.0826,
861.4124,
238.3871,
3101.597,
869.8829,
516.6104,
168.4137,
650.562,
99.93712,
35.58558,
1201.88,
237.4181,
51.22211,
56.57265,
0,
22041.43,
<<<<<<< HEAD
>>>>>>> 29fc07e (Remove T2MAT folder level)
=======
>>>>>>> 4d9e712909650e13193c45904b75652afa554b9e
1988, 
1317.601,
4485.579,
114.9625,
43.28976,
<<<<<<< HEAD
<<<<<<< HEAD
218.6537,
224.9429,
222.852,
89.60383,
24.72737,
478.1117,
5834.878,
1260.161,
166.8399,
888.7118,
242.7628,
3178.833,
1000.788,
568.7579,
190.5082,
711.4704,
109.4265,
37.5863,
1269.82,
248.0658,
58.79736,
62.58776,
=======
=======
>>>>>>> 4d9e712909650e13193c45904b75652afa554b9e
218.6441,
224.9127,
222.851,
89.60381,
24.72714,
478.0977,
5834.881,
1260.16,
166.9059,
888.7118,
242.7628,
3178.834,
1000.788,
568.7565,
190.5084,
711.4704,
109.4264,
37.58635,
1269.82,
248.0657,
58.79735,
62.57767,
<<<<<<< HEAD
>>>>>>> 29fc07e (Remove T2MAT folder level)
=======
>>>>>>> 4d9e712909650e13193c45904b75652afa554b9e
0,
23050.32,
1989, 
1289.861,
<<<<<<< HEAD
<<<<<<< HEAD
4893.242,
122.4743,
46.22724,
232.5839,
214.7705,
233.31,
93.53584,
26.15741,
488.7106,
6019.259,
1276.096,
179.9109,
905.0895,
244.2434,
3414.739,
1020.843,
621.5173,
207.7759,
764.8553,
120.0925,
41.58054,
1349.992,
266.1709,
61.33345,
60.03858,
0,
24194.41,
1990, 
1248.924,
4996.506,
126.6274,
46.67553,
222.7928,
231.7821,
241.5106,
95.24791,
30.09782,
496.6506,
6149.772,
1207.735,
198.7259,
976.1937,
302.8517,
3335.865,
1092.569,
668.2399,
223.1393,
812.6365,
132.167,
49.39317,
1474.732,
272.8996,
66.75584,
66.81084,
0,
24767.3,
1991, 
1322.582,
5039.184,
130.3355,
45.41085,
236.9379,
218.2404,
254.7658,
97.35524,
32.05389,
497.4062,
6288.577,
1153.283,
202.6131,
900.0445,
259.4619,
3111.433,
1209.783,
727.5859,
235.325,
971.829,
142.6067,
55.89296,
1523.495,
280.5988,
71.6043,
73.628,
0,
25082.03,
1992, 
1353.476,
5126.514,
133.497,
47.92377,
243.2906,
225.7777,
269.3234,
101.0518,
33.28606,
509.8361,
6332.977,
1069.544,
228.5496,
767.144,
240.8649,
2692.239,
1286.647,
760.2308,
250.2564,
1072.993,
154.5309,
61.07423,
1541.728,
286.2254,
78.65118,
63.69817,
0,
24931.33,
1993, 
1400.563,
5249.732,
134.8793,
48.92026,
253.0638,
238.4762,
291.421,
101.4239,
34.52843,
531.0596,
6345.839,
1065.201,
250.8143,
696.7233,
202.9228,
2721.989,
1325.594,
802.9638,
277.3289,
1107.46,
170.4294,
68.27345,
1559.137,
295.506,
82.0778,
65.12194,
0,
25321.45,
1994, 
1477.74,
5384.999,
145.1352,
52.48501,
260.1834,
253.2607,
311.2784,
101.4193,
35.25409,
549.542,
6480.966,
1126.282,
263.9073,
635.267,
199.9055,
2400.906,
1409.661,
861.7289,
311.3705,
1201.617,
192.4346,
75.9252,
1631.346,
304.759,
86.29108,
63.12753,
0,
25816.79,
1995, 
1493.11,
5534.94,
147.785,
55.38862,
273.2066,
265.2966,
329.2269,
107.2398,
38.50718,
556.9459,
6651.439,
1130.002,
295.1002,
666.4468,
198.34,
2395.028,
1480.046,
934.5203,
347.3752,
1307.62,
213.3435,
88.07111,
1658.25,
313.3444,
91.7474,
64.5131,
0,
26636.83,
1996, 
1537.461,
5668.926,
140.9624,
58.28796,
286.8267,
277.6898,
372.0666,
111.7164,
40.29974,
581.11,
6757.826,
1244.123,
320.869,
668.4086,
191.5919,
2365.075,
1541.957,
986.032,
385.0982,
1373.183,
232.3757,
102.2019,
1706.593,
319.9767,
96.16562,
58.25506,
0,
27425.08,
1997, 
1560.221,
5803.345,
151.9166,
63.0705,
301.7221,
299.9626,
400.5761,
112.182,
43.42935,
602.0767,
6892.429,
1267.46,
349.7006,
662.3458,
188.0471,
2327.483,
1667.711,
1040.037,
421.1,
1455.89,
248.8274,
107.9072,
1745.369,
330.4793,
99.8303,
61.12854,
0,
28204.25,
1998, 
1541.172,
5943.403,
163.3201,
67.65081,
311.0652,
316.1455,
427.6874,
109.5607,
44.64969,
593.2291,
7045.756,
1285.531,
372.6195,
636.5688,
181.0233,
2355.934,
1881.151,
1113.407,
412.9665,
1525.477,
245.3184,
111.2113,
1748.839,
349.9771,
103.4804,
79.89678,
0,
28967.04,
1999, 
1573.015,
6057.186,
172.6971,
72.95953,
323.1096,
316.4294,
453.2455,
115.0246,
45.95658,
591.7195,
7126.292,
1259.177,
385.2353,
660.738,
177.9123,
2419.065,
1803.323,
1196.249,
459.5858,
1588.78,
262.3439,
129.8471,
1775.067,
368.8039,
103.3469,
86.475,
0,
29523.58,
2000, 
1619.697,
6344.291,
183.9537,
74.66227,
335.0011,
332.6061,
482.4213,
118.6216,
47.63646,
619.6397,
7152.521,
1339.021,
416.5361,
653.3544,
181.3992,
2538.873,
1817.156,
1262.988,
543.8885,
1794.982,
284.8001,
139.9342,
1849.39,
380.1482,
112.7044,
94.11053,
0,
30720.34,
2001, 
1579.719,
6031.206,
189.4091,
76.66704,
328.1642,
330.7289,
510.2729,
126.1315,
49.84262,
599.1782,
7135.165,
1460.054,
422.4892,
695.7208,
174.0278,
2652.346,
1899.68,
1310.984,
580.7737,
1977.972,
302.5647,
147.725,
1831.389,
404.1982,
126.4622,
106.0162,
0,
31048.89,
2002, 
1601.05,
6216.21,
192.1736,
79.94642,
348.0615,
326.7459,
534.3184,
133.9978,
49.98583,
648.272,
6969.877,
1395.731,
445.9738,
691.4359,
177.368,
2560.378,
1972.567,
1350.997,
620.5974,
2141.582,
320.7811,
156.4462,
1867.587,
404.8233,
133.3852,
112.9533,
0,
31453.25,
2003, 
1558.791,
6273.925,
235.2676,
81.74721,
362.1785,
343.3904,
561.4785,
132.2992,
52.97624,
678.5637,
6903.052,
1403.493,
481.6523,
715.9754,
188.6366,
2608.94,
2073.951,
1440.945,
647.3823,
2454.221,
346.7341,
163.4108,
1866.122,
387.6267,
141.6298,
108.1267,
0,
32212.51,
2004, 
1581.586,
6472.802,
234.6701,
82.24941,
387.3928,
366.3536,
594.9327,
146.1338,
57.44344,
701.1445,
6821.571,
1486.092,
514.1426,
748.0402,
195.4836,
2691.502,
2209.006,
1534.718,
682.556,
2814.304,
370.2732,
174.4283,
1920.669,
398.1951,
153.0503,
116.0427,
0,
33454.79,
2005, 
1543.358,
6485.036,
246.4169,
86.55426,
398.6035,
381.2256,
608.4113,
155.1086,
62.00078,
710.0569,
6720.834,
1459.978,
545.3374,
726.2683,
200.2108,
3037.676,
2217.365,
1633.148,
726.4254,
3182.857,
399.2417,
186.3076,
1965.863,
398.9936,
164.7539,
124.8803,
0,
34366.91,
2006, 
1485.209,
6463.274,
253.2986,
91.61446,
416.5829,
403.1402,
644.8983,
164.3274,
65.98615,
743.8075,
6568.492,
1481.368,
585.3354,
758.7625,
204.8183,
3049.432,
2345.201,
1768.021,
748.8411,
3651.775,
421.8054,
189.6847,
1991.24,
401.0588,
174.3476,
127.9804,
0,
35200.3,
2007, 
1573.768,
6502.154,
263.0916,
94.19965,
441.549,
413.2222,
714.046,
173.648,
71.88458,
761.9922,
6336.264,
1470.151,
632.9545,
770.4725,
213.2718,
3064.957,
2529.003,
1898.823,
790.6597,
4199.039,
446.9901,
193.6209,
2051.414,
418.7111,
180.294,
131.2576,
0,
36337.44,
2008, 
1562.947,
6384.727,
266.9301,
92.66202,
459.9495,
440.7023,
746.6286,
177.1564,
71.8033,
758.9349,
6237.907,
1467.459,
641.0939,
729.7098,
195.7382,
3118.576,
2638.016,
1827.205,
844.074,
4642.784,
458.112,
197.9269,
1982.143,
418.7217,
187.7509,
133.4353,
0,
36683.09,
2009, 
1492.39,
6045.008,
264.8589,
92.53746,
464.9567,
445.6431,
850.5972,
184.5089,
78.43336,
740.1929,
5746.888,
1411.765,
625.934,
629.9334,
187.6756,
2938.204,
2909.691,
1962.299,
881.7204,
5356.077,
481.1257,
202.3239,
1976.7,
402.6847,
195.7019,
144.9071,
0,
36712.76,
2010, 
1481.222,
6198.645,
280.9409,
96.72885,
516.4653,
441.0455,
922.3793,
198.7336,
89.29186,
771.4053,
6003.943,
1447.471,
676.376,
647.6618,
207.0995,
2950.156,
3046.44,
2116.348,
951.6044,
6456.727,
525.5093,
218.2254,
2076.254,
424.6773,
202.2233,
152.9949,
0,
39100.57,
2011, 
1542.536,
5995.045,
311.5377,
101.2479,
535.3832,
456.192,
953.186,
205.3536,
104.2321,
779.129,
6057.01,
1449.709,
737.6721,
658.8655,
200.3535,
3015.484,
3174.101,
2348.413,
991.4055,
7878.156,
553.0667,
232.5229,
2104.066,
424.6695,
215.447,
156.2239,
0,
41181.01,
2012, 
1500,
5971.355,
330.3058,
105.0472,
564.7504,
487.4852,
1015.099,
211.2207,
116.3557,
774.8246,
6247.069,
1379.506,
798.6833,
661.2039,
213.3696,
3021.991,
3386.411,
2475.237,
1032.809,
9029.835,
612.9449,
243.3817,
2215.165,
444.0981,
232.0977,
160.3334,
0,
43230.58,
2013, 
1409.216,
6037.742,
315.757,
110.4133,
588.5507,
523.9561,
1076.097,
236.7998,
127.4222,
801.2288,
5995.381,
1359.135,
813.5629,
641.7047,
256.1597,
3033.941,
3584.295,
2651.109,
1079.617,
10682.44,
676.435,
267.9693,
2609.913,
474.837,
262.2715,
168.6631,
0,
45784.62,
2014, 
1365.216,
6141.215,
333.3959,
114.7734,
625.7964,
527.735,
1145.586,
251.1702,
145.0345,
889.5321,
6023.522,
1324.885,
860.8146,
602.2682,
234.0102,
3058.502,
3884.448,
2973.917,
1139.892,
12521.9,
781.5029,
287.8329,
3149.283,
484.7819,
285.3293,
191.2885,
0,
49343.63,
2015, 
1274.226,
6365.407,
347.245,
125.4136,
629.0422,
566.5461,
1283.219,
275.4929,
164.1872,
933.5518,
5607.788,
1281.909,
918.0795,
551.8569,
243.0923,
3075.236,
4340.302,
3256.517,
1229.529,
14739.47,
872.8184,
306.3836,
3790.197,
522.5352,
305.7794,
201.0302,
0,
53206.86,
2016, 
1251.574,
6622.056,
368.4552,
128.7275,
663.5425,
574.06,
1404.035,
284.7198,
174.6331,
1035.739,
5836.576,
1299.578,
1036.186,
549.6064,
287.4826,
3078.874,
4783.353,
3654.81,
1321.888,
16879.12,
1040.509,
331.1926,
4327.507,
565.3259,
355.6442,
195.4336,
0,
58050.63,
2017, 
1289.842,
7077.775,
374.4357,
128.2212,
709.332,
574.8222,
1448.323,
301.5233,
185.577,
1132.265,
6028.562,
1300.061,
1305.621,
561.3277,
363.8872,
3135.961,
4878.351,
4116.484,
1447.87,
20094.45,
1134.019,
353.0933,
4835.521,
624.6139,
402.6216,
211.5187,
0,
64016.07,
2018, 
1250.143,
7531.365,
401.458,
135.5527,
740.4254,
583.9454,
1627.886,
331.4266,
221.009,
1266.692,
6398.786,
1472.705,
1820.261,
605.6222,
376.3805,
3125.749,
4867.264,
4718.147,
1606.207,
23550.56,
1237.816,
411.931,
5307.386,
761.3093,
438.9893,
235.2565,
0,
71024.27,
2019, 
1289.778,
7838.29,
399.6429,
140.8151,
791.7687,
554.202,
1769.316,
359.2982,
252.4483,
1301.248,
7146.557,
1390.904,
1947.226,
670.2047,
411.2515,
3166.187,
5511.548,
5118.226,
1826.678,
26583.26,
1583.531,
450.8109,
5740.975,
924.3907,
468.3828,
264.1612,
0,
77901.1,
2020, 
1266.646,
8123.261,
413.9666,
132.5251,
766.7391,
548.8086,
1825.463,
383.1367,
264.9096,
1349.372,
7756.188,
1477.384,
2102.146,
697.4646,
372.8519,
3061.93,
5928.354,
5237.749,
2062.935,
30851.81,
1929.23,
453.4697,
6217.333,
1111.117,
494.0463,
267.8839,
0,
85096.72,
2021, 
1286.08,
9220.465,
440.0713,
145.0636,
845.5304,
616.2877,
1933.281,
412.3448,
294.8287,
1424.724,
8084.276,
1657.258,
2362.382,
717.6393,
459.4185,
3203.394,
6338.188,
5794.989,
2411.588,
36245.53,
2575.417,
488.8349,
6729.423,
1361.316,
560.807,
292.6948,
0,
95901.83,
2022, 
1312.433,
10148.27,
473.6081,
154.7179,
893.2942,
616.1287,
1971.319,
491.6915,
333.1985,
1427.375,
8851.188,
1800.785,
2615.532,
600.1971,
504.2877,
3172.171,
7294.341,
6718.057,
2581.315,
40256.21,
2729.1,
534.5425,
7050.301,
1587.233,
641.9511,
365.3612,
0,
105124.6,
2023, 
1299.665,
11553.83,
496.2041,
161.5018,
957.7858,
632.3934,
2119.968,
575.9502,
356.1331,
1441.626,
9748.998,
1991.181,
2853.714,
621.9564,
569.2964,
3217.748,
8108.381,
7413.521,
2788.441,
48747.62,
2911.343,
588.368,
7292.253,
1816.377,
671.0489,
389.4136,
0,
119324.7,
2024, 
1122.2,
13538.86,
508.5146,
168.7618,
994.8301,
658.3488,
2293.832,
640.7551,
384.5148,
1502.279,
10608.53,
2260.929,
3831.259,
565.2191,
628.8403,
3202.864,
8663.696,
8595.235,
3002.699,
57087.42,
3081.316,
632.8549,
7438.164,
2140.392,
728.4448,
422.1685,
0,
134702.9,
2025, 
1124.732,
15820.54,
514.876,
216.174,
1125.923,
694.949,
2433.758,
715.7515,
514.1113,
1802.94,
11546.77,
2458.77,
4094.266,
592.0004,
679.8845,
3189.118,
14336.22,
10802.52,
3205.331,
60996.37,
3404.667,
1071.316,
8356.754,
2536.228,
906.2827,
465.3904,
0,
153605.6,
2026, 
1098.375,
17338.68,
554.6851,
225.9933,
1133.796,
719.9497,
2389.428,
797.9167,
633.3425,
1777.593,
12268.79,
2513.394,
4045.287,
638.4351,
977.3912,
3175.157,
19037.5,
12746.28,
3491.283,
71163.64,
3664.016,
1227.532,
9708.222,
2855.971,
1108.583,
481.5402,
0,
175772.8,
2027, 
1081.31,
18801.55,
592.3528,
258.8621,
1144.604,
754.4475,
2356.852,
997.8536,
771.174,
1700.423,
13095.17,
2674.936,
4082.937,
705.2955,
1385.616,
3155.1,
21201.6,
14926.31,
3496.095,
80506.98,
4117.912,
1769.632,
10603.4,
3268.317,
1399.301,
487.3113,
0,
195335.3,
2028, 
1114.886,
19979.4,
632.7656,
304.093,
1155.84,
787.3732,
2303.57,
1300.822,
912.8,
1639.241,
14117.14,
2924.888,
4125.954,
772.2855,
1888.821,
3125.98,
22209.79,
17631.78,
3339.06,
90602.98,
5093.654,
2600.608,
10822.86,
3705.438,
1868.212,
489.4887,
0,
215449.7,
2029, 
1193.98,
21202.04,
680.9669,
350.351,
1176.992,
885.528,
2254.521,
1664.747,
1037.043,
1600.872,
15018.84,
3452.944,
4289.974,
818.035,
2377.259,
3102.703,
23292.12,
20638.96,
3280.594,
100612.6,
6208.379,
3522.768,
14510.61,
4284.99,
2325.916,
485.8472,
0,
240269.6,
2030, 
1306.904,
22529.29,
829.2626,
414.3757,
1190.493,
1005.805,
2162.617,
2043.004,
1103.199,
2148.975,
16206.91,
3876.607,
4447.333,
882.7698,
3114.652,
3090.072,
24064.69,
23737.42,
3258.066,
110213,
7316.357,
4311.805,
13071.29,
4938.932,
2741.799,
462.8095,
0,
260468.5,
2031, 
1448.393,
23318.25,
973.0394,
495.9335,
1212.617,
1151.624,
2162.286,
2277.146,
1108.461,
2057.1,
18999.12,
4605.211,
4462.279,
946.1177,
3968.932,
3055.135,
22956.55,
26818.94,
3284.318,
121021.9,
8386.718,
5234.167,
13388.51,
5518.098,
3143.786,
431.3045,
0,
282426,
2032, 
1632.953,
24641.19,
1096.41,
639.9665,
1266.471,
1346.294,
2263.761,
2378.293,
1061.947,
1949.868,
40237.29,
9818.192,
4485.955,
1010.772,
4719.818,
3036.073,
21907.36,
30323.19,
3429.982,
133211.6,
9559.431,
5822.49,
13959,
6151.57,
3521.805,
396.7516,
0,
329868.4,
2033, 
1827.425,
25590.49,
1174.329,
869.1456,
1343.511,
1578.978,
2539.371,
2427.485,
968.4733,
1829.62,
55822.61,
17627.43,
4550.94,
1058.316,
5306.416,
2979.891,
20763.42,
34661.34,
3635.054,
145828.3,
10567.19,
6456.766,
14586.98,
6806.627,
3903.056,
351.9213,
0,
375055.1,
2034, 
2042.606,
26756.8,
1219.25,
1096.415,
1430.527,
2037.486,
2928.928,
2430.606,
857.3494,
1696.965,
77552.68,
32137.94,
4649.601,
1117.574,
5768.267,
2956.661,
19823.25,
40776.14,
3924.866,
163277.9,
11706.73,
7158.703,
15388.45,
7498.842,
4397.119,
293.318,
0,
440925,
2035, 
2189.358,
27815.15,
1254.054,
1320.435,
1543.286,
3198.059,
3353.87,
2400.706,
720.6197,
1552.127,
102958.5,
55797.18,
4765.206,
1173.172,
6276.315,
2936.095,
18959.34,
47463.09,
4287.415,
182179.4,
13051.6,
8013.923,
15995.47,
8264.786,
5231.066,
222.3685,
0,
522922.7,
2036, 
2329.902,
32008.39,
1276.603,
1543.837,
1723.023,
5206.232,
4019.136,
2740.32,
724.512,
1599.598,
122411.1,
63058.98,
5537.697,
1221.658,
6952.381,
2923.482,
20338.42,
53974.93,
4970.89,
200845.6,
14618.66,
8873.768,
16538.55,
9055.211,
6281.512,
249.6879,
0,
591024.1,
2037, 
2530.822,
42185.2,
1310.998,
1820.08,
1959.467,
7759.959,
4676.434,
3102.83,
731.8759,
1668.335,
134139.2,
67120.08,
6310.558,
1281.835,
7623.138,
2917.01,
21857.74,
61479.14,
5340.408,
219553.2,
16380.81,
9927.176,
17098.48,
9793.359,
7586.696,
285.1458,
0,
656440,
2038, 
2792.109,
53906.64,
1390.477,
2177.441,
2028.489,
10702.69,
5267.844,
3474.685,
740.0925,
1742.799,
140260.6,
68027.34,
7026.992,
1368.505,
8773.021,
2914.259,
24361.44,
69233.39,
5404.34,
254463.4,
18338.74,
11016.87,
17639.71,
10455.12,
9092.528,
342.168,
0,
732941.6,
2039, 
3123.922,
71131.84,
1529.136,
2536.804,
2030.076,
15691.25,
5795.877,
3865.229,
750.9695,
1816.502,
149207.3,
68328.81,
7685.321,
1489.031,
10252.87,
2918.337,
30189.27,
87978.2,
5443.386,
307318,
20484.65,
12503.28,
18036,
11115.16,
10730.57,
410.1006,
0,
852361.8,
2040, 
3870.178,
92465.74,
1685.384,
2943.865,
2039.717,
21171.08,
6254.837,
4272.5,
771.5166,
1893.714,
152137.7,
68570.35,
8241.071,
1622.81,
11950.24,
2940.549,
36992.97,
120928.4,
5422.828,
348519.4,
23080.93,
13851.59,
18360.33,
11700.9,
12543.02,
490.6406,
0,
974722.3,
2041, 
4701.135,
109735.6,
1891.215,
3455.105,
2045.68,
24765.3,
6716.428,
4731.908,
801.3694,
1981.46,
153904.7,
68916.29,
8893.341,
1749.945,
16365.7,
2999.948,
43368.43,
156298.2,
5384.31,
399137.8,
25924.64,
15578.84,
18534.48,
12317.15,
14495.29,
584.8687,
0,
1105279,
2042, 
5664.495,
120298,
2540.883,
4810.824,
2106.698,
28390.63,
7186.414,
5241.632,
838.94,
2072.574,
154652.9,
69480.51,
9776.542,
1846.983,
21025.94,
3087.159,
51031.84,
189040.2,
5391.472,
450054.8,
29047.88,
17158.88,
18607.38,
12829.78,
16448.29,
712.6151,
0,
1229344,
2043, 
7193.953,
136137.9,
3450.119,
6331.494,
2175.469,
34096.09,
7637.675,
5793.153,
881.9163,
2293.961,
154940.3,
69763.08,
10651.86,
1940.947,
25661.22,
3190.192,
60437.5,
222234.5,
5413.014,
505019.5,
32385.57,
18836.43,
18551.37,
13245.83,
18945.12,
895.0377,
0,
1368103,
2044, 
9958.628,
153859.2,
4543.141,
8047.406,
2251.819,
40243.04,
8147.533,
6391.094,
933.5874,
2657.221,
156381.9,
69713.72,
11325.18,
2032.297,
30018.4,
3299.853,
71030.4,
261613.4,
5432.178,
561061.5,
36012.96,
21052.86,
18470.3,
13577.21,
21823.32,
1152.426,
0,
1521031,
2045, 
12838.28,
170192.3,
6292.355,
9978.441,
2375.276,
47236.54,
9795.812,
7378.531,
986.9969,
3076.313,
156402,
69767.92,
13139.88,
2133.923,
33809.46,
3477.205,
88653.7,
309258.9,
5503.36,
641906.7,
39890.82,
23106.93,
18162.24,
13893.69,
25046.4,
1484.813,
0,
1715789,
2046, 
16113.62,
186475.3,
12279.05,
12068,
2531.686,
55572.98,
12293.53,
8321.498,
1035.855,
3450.679,
155617.5,
69549.96,
15142.41,
2241.215,
36828.13,
3735.253,
98962.05,
349830.3,
5597.155,
726804.6,
44119.27,
24913.3,
17429.6,
13972.66,
28242.06,
1856.005,
0,
1904984,
2047, 
19518.92,
205594.9,
20348.73,
14025.96,
2713.611,
63853.55,
15226.75,
9240.24,
1409.996,
3974.866,
153623.6,
69216.85,
17531.49,
2347.708,
39394.08,
4039.739,
113795.4,
391283,
5649.787,
804993,
51789.25,
26565.74,
16503.79,
13974.83,
32103.38,
2126.089,
0,
2100845,
2048, 
24136.51,
224899.9,
28054.74,
15737.66,
2985.899,
74565.47,
18464.51,
10201.22,
2160.921,
4611.596,
152175.3,
68860.48,
20687.87,
2456.24,
41970.21,
4347.587,
124747.3,
423840.1,
5578.024,
872345,
60729.13,
27900.43,
15729.08,
14155.95,
36011.41,
2394.642,
0,
2279747,
2049, 
30051.68,
249659.9,
32775.66,
17610.16,
3313.928,
82207.08,
21734.09,
11336.25,
3581.354,
5438.842,
149558.7,
68711.24,
23615.03,
2567.998,
44228.04,
4650.369,
132070.7,
451455.6,
5497.449,
932871,
68412.67,
29301.46,
15224.56,
14412.61,
39789.67,
2678.307,
0,
2442754,
2050, 
35872.58,
282841.3,
38446.65,
20028.35,
3686.79,
89354.48,
24963.09,
12629.42,
4157.793,
6232.722,
149868.2,
68644.05,
26477.69,
2863.95,
47035.98,
4914.729,
135485.3,
463275.7,
5302.949,
978152.6,
76455.19,
30581.28,
15237.59,
14757.95,
43938.52,
2987.436,
0,
2584192,
2051, 
39515.75,
329413,
43328.02,
22077.07,
4097.841,
97582.3,
28009.87,
13974.28,
4548.074,
7223.129,
150907.7,
68499.13,
30470.84,
3446.506,
48682.9,
5146.904,
140020.8,
470672.1,
5260.657,
1031220,
82603.73,
32316.19,
15675.55,
15175.44,
48918.34,
3305.043,
0,
2742092,
2052, 
43653.57,
366601.8,
48908.68,
24339.46,
4478.116,
104734.6,
30723.39,
15609.69,
4925.683,
8456.658,
152326.7,
68381.47,
33463.36,
4249.763,
49754,
5431.678,
145223.2,
473783.4,
5301.46,
1081200,
85934.41,
33542.91,
16347.23,
15601.69,
54874.12,
3632.999,
0,
2881480,
2053, 
46704.41,
405924.8,
55138.26,
28351.46,
4819.167,
111992.8,
34133.31,
17753.05,
5859.643,
10995.48,
151903.4,
68294.17,
35619.2,
5248.166,
50857.34,
5838.898,
155157.4,
474259.5,
5566.624,
1122553,
89097.94,
33680.43,
17266.18,
16231.34,
62892.6,
3956.232,
0,
3020095,
2054, 
47291.02,
437668.7,
62153.36,
31525.11,
5173.066,
116342.8,
39120.06,
19963.97,
6893.851,
13752.27,
149497.7,
68226.37,
37680.92,
6388.84,
51991.64,
6422.963,
163564.1,
466579.1,
5710.677,
1167364,
91478.3,
33832.63,
18335.67,
17030.34,
74327.3,
4388.793,
0,
3142704,
2055, 
47467.68,
456274.5,
69516.61,
33892.5,
5649.577,
120236.4,
43657.87,
22264.41,
7659.351,
16756.79,
149589.6,
68213.17,
40331.44,
7652.976,
53118.92,
7164.947,
174004,
455855.9,
5931.78,
1203578,
93289.89,
34066.59,
19398.35,
18213.91,
83939.69,
4906.441,
0,
3242632,
2056, 
47380.68,
473742,
75693.7,
36346.54,
6190.287,
123948.2,
55210.38,
24609.85,
8468.291,
20087.42,
152908.9,
68233.98,
43308.97,
9436.396,
54321.51,
7994.613,
194520.2,
446755.6,
6219.41,
1205658,
95392.83,
34336.94,
19885.87,
20342.38,
89889.91,
5517.169,
0,
3326400,
2057, 
47376.89,
485725.2,
77115.07,
37834.08,
6870.283,
127624.4,
69637.04,
27107.17,
9080.791,
23674.2,
157247.9,
68270.92,
45936,
11364.49,
56319.54,
8771.01,
212197.8,
440371.3,
6493.129,
1207057,
95635.81,
34932.33,
19950.38,
22171.5,
102781.4,
6289.448,
0,
3407836,
2058, 
47337.38,
489553.7,
78549,
39084.62,
7699.994,
131155.5,
85514.88,
29872.73,
10571.84,
27595.76,
160453.7,
68373.89,
48579.81,
13411.26,
59341.16,
9385.494,
224903.9,
435279.5,
6704.036,
1207859,
95146.86,
35780.02,
20441.36,
23686.02,
119908.8,
7200.706,
0,
3483391,
2059, 
47768.03,
487216.7,
80081.55,
39723.27,
8790.389,
134586.5,
96578.06,
33361.93,
13523.37,
31560.68,
162617.3,
68419.22,
50801.79,
15377.15,
61731.45,
9731.476,
249576,
430601.5,
6760.957,
1207878,
93201.58,
36571.63,
20045.6,
24937.65,
138296.6,
8295.807,
0,
3558034,
2060, 
48356.59,
489801,
81617.76,
41079.37,
9916.703,
138000,
105083.3,
37030.34,
18694.44,
36873.21,
163852.7,
68413.77,
52426.39,
17394.06,
64324.04,
10039.04,
257786.1,
428759.9,
6433.115,
1207561,
91818.66,
38246.95,
21161.36,
26311.91,
158971.9,
9493.108,
0,
3629447,
2061, 
49115.12,
494047.7,
83200.66,
41815.54,
11392.79,
141443,
111811.8,
40683.84,
26121.32,
42946.7,
159979.7,
68042.39,
53878.87,
20206.7,
66976.38,
10378.7,
260943.1,
430648,
6788.659,
1205620,
92783.75,
39145.72,
21693.33,
27914.53,
178401.1,
10781.51,
0,
3696761,
2062, 
49916.2,
500195.2,
85970.13,
42099.96,
12839.81,
144791.2,
115072.2,
44682.25,
43430.32,
46978.21,
155160,
67505.16,
54501,
24130.18,
69891.73,
10717.67,
265971,
436026.6,
7235.725,
1203094,
94667.9,
39046.97,
22226.16,
29990.52,
199984.8,
12279.21,
0,
3778404,
2063, 
50807.08,
507787.2,
89281.59,
41973.47,
14349.2,
148155.9,
117917.2,
52315,
62069.75,
51058.29,
149626.1,
66681.27,
54526.64,
28298.47,
72824.58,
11097.98,
269188.9,
438987.5,
7267.651,
1200468,
99220.12,
38907.66,
22513.25,
32548.77,
219093.1,
14015.92,
0,
3860981,
2064, 
51747.1,
519165.3,
92276.54,
42296,
16129.95,
153018.6,
123977.6,
58247.24,
79843.13,
55053,
148334.8,
66660.52,
54296.52,
32066.62,
76614.17,
11467.88,
272636.5,
446685.2,
7280.725,
1197739,
107010,
39120.75,
22624.51,
35402.22,
233672.2,
15874.69,
0,
3959240,
2065, 
50122.06,
523229.8,
95235.27,
43181.7,
19053.31,
161807.9,
134187.8,
68546.02,
92757.19,
57177.2,
152725.4,
66753.06,
54684.17,
34346.93,
80658.52,
11908.32,
276488.1,
453635.9,
7320.644,
1194881,
114171.2,
39520.49,
22732.67,
38170.79,
250894.3,
18813.71,
0,
4063003,
2066, 
47169.69,
527567,
98130.22,
44209.2,
23193.25,
174434.5,
148748.5,
76690.49,
103136.3,
58267.97,
155824.3,
66603.84,
54831.19,
35171.79,
85014.48,
12383.77,
282211.4,
457864.7,
7391.679,
1190536,
118313.8,
39986.78,
22939.82,
41120.78,
272516.9,
23690.05,
0,
4167948,
2067, 
43923.35,
532004.3,
100754.4,
45061.45,
28201.67,
188390.8,
166545.3,
85201.81,
113039.8,
59307.87,
159604.7,
67343.13,
55036.71,
35878.82,
89441.55,
14497.83,
289941.3,
451163,
7446.584,
1186175,
120330.1,
40748.19,
23222.18,
44415.14,
293593.8,
29312.66,
0,
4270581,
2068, 
40647.73,
536153.2,
104103.1,
45898.35,
33491.25,
200622.7,
182435.1,
93354.5,
119100.3,
60307.33,
167570.6,
67693.01,
55576.06,
36305.91,
93803.01,
17145.56,
300418.9,
437869.3,
7506.799,
1181706,
116688.8,
41807.98,
23505.67,
48348.47,
317740.9,
35289.75,
0,
4365090,
2069, 
37186.92,
539333.9,
111518.3,
45767.24,
39822.95,
206692.4,
199383.6,
98791.02,
124970.2,
61285.09,
171248.7,
67998.88,
57011.47,
36602.66,
97845.96,
19807.46,
313594.6,
424704.1,
7572.37,
1177362,
110679.6,
42861.73,
23733.89,
53352.84,
344406,
41885.03,
0,
4455419,
2070, 
34048.22,
541647.4,
117617.3,
45038.15,
47492.11,
212177,
213456.5,
106130.2,
130796.1,
63264.57,
175011.7,
68297.34,
58105.63,
36030.24,
101517.3,
22987.56,
327607.5,
418371.5,
7658.412,
1173004,
106463.8,
43843.47,
23859.32,
59170.59,
374960,
47717.96,
0,
4556274,
2071, 
31044.13,
543049.4,
121306.9,
43568.54,
55424.78,
221389.9,
225185.7,
115828.4,
135472.4,
67319.53,
176815,
68454.23,
59187.95,
35357.21,
105247.7,
25948.96,
333417.7,
420848.4,
7822.814,
1167680,
106561.3,
45058.56,
23828.68,
65679.24,
405404,
52964.98,
0,
4659866,
2072, 
29581.49,
544880.4,
126586.4,
41450.04,
72691.13,
234218.6,
234025.2,
127842.8,
139519.3,
72056.92,
179966.8,
68679.44,
60518.08,
34676.42,
108669.8,
29044.91,
337950,
428832.3,
7971.36,
1167992,
108656.1,
46482.83,
23652.63,
72200.07,
431556.7,
57892.5,
0,
4787595,
2073, 
29300.54,
547233.2,
131714.5,
40382.02,
95025.82,
241527.8,
241230,
141971.5,
145754,
77009.79,
182507.9,
69181.43,
61287.49,
34041.22,
111814.2,
33598.75,
342552.8,
442492.7,
8086.825,
1177171,
111491.1,
47710.49,
23206.77,
78126.84,
447338.9,
61902.77,
0,
4923661,
2074, 
29517.7,
549916.8,
133169.8,
40688.12,
117977.2,
243300.1,
247296,
158240.2,
157515.1,
81851,
183295.5,
70440.49,
61814.76,
33454.09,
114496.1,
39718.84,
347085.3,
452313.2,
8175.74,
1193664,
115865,
49175.18,
22402.4,
81879.52,
463042.6,
66504.48,
0,
5062799,
2075, 
30416.98,
552814.7,
138697.4,
41329.79,
141564,
245821.5,
257006.8,
176961.3,
170379.6,
83115.23,
182085.1,
72382,
62050.88,
32931.83,
116555.6,
45038.12,
351602.5,
454689.6,
8312.568,
1213319,
124152.9,
50580.3,
21471.93,
85253.24,
478603.6,
73349.39,
0,
5210486,
2076, 
31439.24,
555645.4,
141078.3,
42624.6,
163734.4,
248497.2,
268994.4,
200450.7,
183932.9,
85664.49,
179412.1,
73137.39,
62089.84,
32474.31,
118167,
49927.71,
356076.5,
448923,
8453.104,
1227185,
128893.6,
51453.79,
20585.31,
88594.65,
495263,
79251.48,
0,
5341950,
2077, 
32722.41,
558685.9,
147036.3,
44840.95,
189278.6,
253627.6,
281189,
224325,
191125.7,
88840.2,
174268.5,
73846.84,
61891.55,
32075.7,
119613.9,
54914.87,
362562.8,
445156.3,
8618.913,
1245402,
128283,
51799.9,
19700.5,
92171.66,
511930.9,
87557.78,
0,
5481467,
2078, 
34560.24,
561667.9,
149973,
46584.18,
213527.5,
256849.1,
284585.4,
241816.2,
198472.1,
94527.57,
166535.8,
74653.33,
61479,
31721.03,
121070.7,
59718.75,
373812.1,
445284.2,
8799.503,
1241893,
126896.5,
52395.12,
19077.23,
95750.72,
528198.8,
99753.08,
0,
5589602,
2079, 
37020.21,
564700.3,
156748.9,
46961.36,
236904.3,
262439.2,
287787.5,
266475.3,
205930.1,
99138.61,
162058.5,
75408.9,
60934.57,
31423.76,
122858.1,
64589.15,
382639.3,
448104.9,
9001.183,
1218790,
126637.2,
52167.35,
18862.66,
97867.86,
544194.7,
114370,
0,
5694014,
2080, 
39701.43,
567757.3,
164104.7,
46596.79,
264108.2,
265798,
291028.5,
287060.3,
213464.3,
102266.3,
159213.3,
76243.41,
60047.45,
31160.26,
124942.9,
69398.8,
391621.3,
451274.7,
9285.344,
1205772,
128272.2,
51971.3,
18649.11,
99236.09,
560058.2,
127604.7,
0,
5806636,
2081, 
43057.19,
570554.1,
172229,
45858.29,
289456.2,
266672.7,
293943.6,
301480.6,
221766,
107729.5,
155790.5,
77033.58,
59936.17,
30938.38,
126910,
75219.62,
401168.2,
455394,
9523.171,
1202947,
130701.2,
51564.44,
18992.97,
100543.5,
575525.7,
137814.7,
0,
5922750,
2082, 
48394.91,
573456.4,
180233.8,
45405.39,
309388,
266616,
296821.9,
311833.2,
231544.3,
111581.3,
156398.2,
77616.92,
60474.93,
30752.19,
128527.6,
80933.28,
411799.8,
460681.7,
9796.521,
1207866,
129430.4,
51029.02,
19554.9,
101839.7,
590785.4,
146188.5,
0,
6038951,
2083, 
56803.63,
576389.6,
190744.5,
45129.51,
331265.8,
266366,
299645.1,
339987.2,
245426.3,
115015.9,
157959.1,
78457.63,
60940.32,
30599.01,
130425.2,
86172.2,
431974.4,
465317,
10432.28,
1214316,
128187.1,
50448.8,
20032.44,
103133,
605919.7,
154205.9,
0,
6195294,
2084, 
66275.7,
579491.8,
199584.5,
44656.12,
334168.3,
266234.2,
302287.6,
371478.5,
259812.1,
117199.1,
161502.4,
78925.14,
61326.99,
30475.59,
131808.4,
91980.74,
453032.1,
466796.7,
10924.87,
1222897,
127214.2,
50394.28,
20577.7,
104464.2,
620987.1,
161587.8,
0,
6336083,
2085, 
74860.44,
582855.1,
206073,
44910.02,
337108.6,
264891.6,
305100.8,
405390.3,
276493.8,
119076,
166448.3,
79391.98,
61837.97,
30381.16,
133480,
96778.85,
464428.9,
463917.5,
11379.47,
1224884,
125762.5,
50183.07,
21185.45,
105726.8,
636026.1,
169320.8,
0,
6457893,
2086, 
78179.86,
585968.1,
210289.1,
45083.05,
339830.9,
265255.4,
312474.3,
440017.1,
290720.6,
121994.8,
182526.6,
79913.06,
62471.75,
30314.36,
135432.4,
102426.7,
469253.6,
458750.9,
11634.92,
1209908,
126452.1,
49510.76,
21755.5,
106906.7,
651714.9,
178181.1,
0,
6566967,
2087, 
76360.82,
588933.5,
214943,
44859.53,
342236.1,
265771.2,
327008.2,
481287.7,
305019.9,
125126.1,
192455,
80069.75,
62922.82,
30259.38,
137732.1,
108605.7,
480216.3,
454096.9,
11777.37,
1185281,
126959.1,
49225.5,
22293.13,
108079.7,
667231.5,
186051.9,
0,
6674803,
2088, 
71568.73,
592009.5,
218782.2,
44359.11,
344399.7,
260586,
342839.6,
522372.8,
320483.6,
127929.9,
199952.9,
80075.41,
63326.97,
30216.24,
140383.1,
115405.4,
490387.8,
447489.3,
11821.71,
1155122,
127687.7,
49366.95,
22744.47,
109240.4,
682280.2,
196272.6,
0,
6767105,
2089, 
70287.98,
594614.6,
222193.6,
42940.93,
346271.8,
261876.6,
358284.3,
557530.8,
341674.6,
129469.7,
203379.2,
80023.11,
63607.53,
30173.59,
143163.2,
122498.2,
508661.1,
442644.1,
11996.69,
1126732,
128513.4,
49657.43,
23050.11,
110395.6,
695026.8,
207726.4,
0,
6872394,
2090, 
68921.28,
597301.1,
224632.2,
41187.51,
347812.5,
260498.3,
373386.7,
593058.3,
360594.3,
130223.9,
202673.4,
79909.33,
63753.44,
30145.75,
145675.5,
128651.3,
524394.9,
438791.3,
12290.72,
1105567,
129075.3,
50026.76,
23301.81,
111525.2,
707432.3,
220917.9,
0,
6971748,
2091, 
67553.6,
600042.6,
228432.4,
39352.57,
349150.8,
259587.4,
393657.6,
625995,
384138.7,
130250.8,
204744.8,
79531.9,
63431.24,
30142.09,
147371.8,
135727.7,
541976.1,
433296.4,
12869.21,
1089711,
126901.4,
50712.98,
23424.45,
112668.1,
720005.1,
235862.8,
0,
7086538,
2092, 
66088.88,
602640,
233684.8,
37766.83,
350455.6,
258041.3,
411790,
653196.6,
402661,
129642.5,
203380.1,
79187.55,
63071.7,
30146.54,
148428.5,
141307.3,
561261.1,
423798.7,
13014.92,
1076439,
126123.5,
51603.22,
23439.69,
113791.5,
733042.3,
253283,
0,
7187286,
2093, 
64737.11,
604595.1,
238785.4,
36249.32,
353702.5,
257201.7,
427904.2,
674103.1,
419066.7,
129193.9,
207196,
78850.19,
62619.59,
30150.72,
149140.2,
146098,
577677,
412003.8,
13564.07,
1065126,
124237,
52155.19,
23425.27,
114956.9,
739523.2,
269376.3,
0,
7271639,
2094, 
63503.39,
605834.2,
245575.3,
35223.25,
357976.2,
256747.5,
445518.4,
701365.2,
434060.2,
128566.1,
208499.6,
78460.88,
62481.16,
30158.56,
149848.9,
150639.9,
594355.1,
402992.7,
13765.63,
1050441,
121516.6,
52546.41,
23518.49,
116080.6,
734492,
284498.1,
0,
7348665,
2095, 
61981.49,
606334,
254917.2,
34709.16,
363081,
257139.4,
464671.1,
732030.4,
453314.2,
128194.2,
210871.6,
78119.75,
62423.51,
30166.13,
149798.3,
154506.5,
610909.1,
396975.9,
13745.29,
1036730,
121885.2,
53039.48,
23779.95,
117291.7,
725488.2,
294171.6,
0,
7436275,
2096, 
61002.53,
607233.4,
260899.5,
33736.97,
367888.5,
258396.3,
476280.3,
776255,
469651.4,
127069.7,
212932,
77137.43,
62528.51,
30175.31,
150260.8,
158813.8,
624680.8,
389677.9,
14123.13,
1021110,
124141.6,
53850.87,
24307.98,
118382.8,
703386.3,
304575,
0,
7508498,
2097, 
60610.37,
601335.8,
269525.4,
33955.34,
373159.9,
260107.4,
494314.2,
813653.1,
498250.9,
125884.8,
211686.5,
75351.84,
62818.84,
30188.04,
150694.7,
163778.2,
633940.3,
387099,
14398.46,
1006376,
126939.5,
54075.17,
24820.79,
119507.3,
679416.2,
314944.7,
0,
7586833,
2098, 
60738.69,
591064.4,
273579.8,
34653.66,
377630.7,
261812.1,
513181.4,
839048.6,
515248.2,
121249,
213726.2,
73711.66,
63289.59,
30201.98,
150929.1,
168049,
644972,
388728,
14401.03,
997405.4,
130806.3,
54099.36,
25215.65,
120655.4,
667479.8,
325443.3,
0,
7657321,
2099, 
60046.02,
583499.3,
280873.6,
35814.77,
382353.7,
263519.1,
532866.6,
864520.8,
537930.4,
122252.7,
215189,
72835.87,
64018.68,
30221.17,
151035.8,
171918.3,
658286.7,
388049.1,
14457.71,
988749.4,
137101.8,
53765.48,
26247.83,
121839.6,
679638.3,
335794.1,
0,
7772826,
2100, 
61663.93,
575975,
284247.2,
36031.85,
383373.7,
265244.2,
551078,
890436.4,
554855.4,
119768.6,
215239.7,
72586.79,
64708.77,
30264.66,
150450.7,
174825,
673390.8,
386416.3,
14590.21,
985986.9,
140124,
53190.96,
26578.65,
122985.9,
698134.3,
346409,
0,
7878557];
=======
=======
>>>>>>> 4d9e712909650e13193c45904b75652afa554b9e
4893.241,
122.4743,
46.22725,
232.5741,
214.7347,
233.3084,
93.53585,
26.15715,
488.6958,
6019.265,
1276.096,
179.9641,
905.0896,
244.2434,
3414.739,
1020.843,
621.5188,
207.7761,
764.8552,
120.0925,
41.58057,
1349.992,
266.1708,
61.33344,
60.02783,
0,
24194.4,
1990, 
1248.923,
4996.51,
126.6275,
46.67552,
222.7843,
231.7873,
241.5084,
95.24791,
30.09749,
496.6354,
6149.64,
1207.738,
198.7653,
976.1939,
302.8518,
3335.863,
1092.569,
668.2442,
223.1395,
812.6366,
132.1669,
49.3932,
1474.732,
272.8995,
66.75584,
66.80064,
0,
24767.19,
1991, 
1322.582,
5039.188,
130.3356,
45.41085,
236.9313,
218.2244,
254.7627,
97.35522,
32.05352,
497.3921,
6288.614,
1153.288,
202.6361,
900.0445,
259.4619,
3111.432,
1209.783,
727.5938,
235.3253,
971.8291,
142.6066,
55.89296,
1523.495,
280.5987,
71.60429,
73.61726,
0,
25082.06,
1992, 
1353.476,
5126.519,
133.4971,
47.92377,
243.2849,
225.7323,
269.3197,
101.0519,
33.28563,
509.8241,
6333.01,
1069.556,
228.556,
767.144,
240.8649,
2692.239,
1286.646,
760.2409,
250.2568,
1072.993,
154.5308,
61.07423,
1541.729,
286.2253,
78.65116,
63.69321,
0,
24931.32,
1993, 
1400.563,
5249.736,
134.8813,
48.92027,
253.0582,
238.422,
291.4167,
101.4239,
34.52805,
531.0497,
6345.888,
1065.244,
250.8167,
696.7232,
202.9228,
2721.993,
1325.593,
802.9744,
277.3294,
1107.48,
170.4296,
68.27345,
1559.137,
295.4307,
82.07779,
65.12054,
0,
25321.43,
1994, 
1477.74,
5385.002,
145.1323,
52.48501,
260.181,
253.1848,
311.2737,
101.4193,
35.25368,
549.5348,
6480.928,
1126.464,
263.8955,
633.2929,
199.9057,
2400.916,
1409.66,
861.7704,
311.3709,
1201.65,
192.435,
75.92519,
1631.347,
304.684,
86.29107,
63.12724,
0,
25814.87,
1995, 
1493.11,
5534.945,
147.7849,
55.38862,
273.2014,
265.2028,
329.222,
107.2398,
38.50672,
556.9418,
6651.219,
1130.273,
295.0763,
664.5671,
198.3401,
2395.043,
1480.045,
934.5535,
347.3756,
1307.701,
213.3443,
88.07111,
1658.251,
313.2729,
91.7474,
64.51295,
0,
26634.94,
1996, 
1537.462,
5668.93,
140.9612,
58.28796,
286.8224,
277.5948,
372.0617,
111.7164,
40.29938,
581.1083,
6757.418,
1244.485,
320.8386,
666.6448,
191.592,
2365.099,
1541.957,
986.04,
385.0984,
1373.27,
232.3765,
102.2019,
1706.595,
319.944,
96.16563,
58.25499,
0,
27423.22,
1997, 
1560.221,
5803.378,
151.9125,
63.07049,
301.7194,
299.8334,
400.5715,
112.182,
43.42894,
602.0753,
6891.858,
1267.573,
349.6754,
660.5526,
188.0473,
2327.508,
1667.711,
1040.008,
421.0998,
1455.938,
248.8287,
107.9072,
1745.37,
330.4466,
99.83031,
61.12849,
0,
28201.88,
1998, 
1541.175,
5943.437,
163.3221,
67.65079,
311.0638,
315.9265,
427.6834,
109.5607,
44.64923,
593.2267,
7045.218,
1285.672,
372.6056,
634.7513,
181.0235,
2355.972,
1881.151,
1113.368,
412.9661,
1525.535,
245.3198,
111.2143,
1748.84,
349.9438,
103.4804,
79.89674,
0,
28964.65,
1999, 
1573.02,
6057.218,
172.6933,
72.95951,
323.1105,
316.3152,
453.2419,
115.0245,
45.9561,
591.721,
7125.812,
1259.25,
385.2367,
658.7606,
177.9125,
2419.096,
1803.323,
1195.807,
459.5851,
1588.837,
262.3447,
129.8588,
1774.826,
368.7704,
103.3469,
86.47496,
0,
29520.5,
2000, 
1619.701,
6344.324,
183.8833,
74.66224,
335.002,
332.5786,
482.4183,
118.6216,
47.63601,
619.6481,
7151.987,
1339.135,
416.5612,
651.3626,
181.3994,
2538.943,
1817.155,
1262.908,
543.8875,
1795.028,
284.8007,
139.9345,
1849.401,
380.1145,
112.7044,
94.1105,
0,
30717.91,
2001, 
1579.724,
6036.887,
189.3477,
76.66696,
328.1645,
330.7645,
510.2705,
126.1314,
49.84194,
599.1876,
7134.575,
1460.221,
422.606,
693.5787,
174.0278,
2652.393,
1899.68,
1311.283,
580.7723,
1977.981,
302.5651,
147.7656,
1831.397,
404.1635,
126.4622,
106.0162,
0,
31052.47,
2002, 
1601.055,
6216.248,
192.1722,
79.94652,
348.0615,
326.7025,
534.3167,
133.9978,
49.98487,
648.2745,
6969.003,
1395.987,
446.0656,
689.3322,
177.368,
2560.416,
1972.567,
1351.733,
620.5956,
2141.593,
320.7812,
156.4853,
1867.594,
404.7896,
133.3852,
112.9533,
0,
31451.41,
2003, 
1558.796,
6273.961,
235.2676,
81.74722,
362.1778,
343.3486,
561.4773,
132.2992,
52.97656,
678.6013,
6901.652,
1404.014,
481.7314,
713.9355,
188.6367,
2608.962,
2073.951,
1442.437,
647.3806,
2454.234,
346.7342,
163.4594,
1866.122,
387.5928,
141.6298,
108.1267,
0,
32211.25,
2004, 
1581.591,
6482.581,
234.6699,
82.24966,
387.3919,
366.2629,
594.933,
146.1337,
57.44487,
701.2502,
6820.224,
1486.907,
514.2941,
746.0732,
195.4836,
2691.516,
2209.006,
1535.663,
682.5542,
2814.318,
370.2744,
174.5397,
1920.665,
398.1606,
153.0503,
116.0428,
0,
33463.28,
2005, 
1543.356,
6485.07,
246.4156,
86.55458,
398.6024,
380.9649,
608.4149,
155.1086,
62.00373,
710.2116,
6720.512,
1461.462,
545.5726,
724.3607,
200.2108,
3037.683,
2217.365,
1633.547,
726.4239,
3182.87,
399.2438,
186.3798,
1963.701,
398.9589,
164.7538,
124.8802,
0,
34364.63,
2006, 
1485.213,
6463.303,
253.2962,
91.61388,
416.582,
403.14,
644.9697,
164.3274,
65.99174,
744.0087,
6568.687,
1483.862,
585.7957,
756.8807,
204.8184,
3049.432,
2345.201,
1768.168,
748.8385,
3651.784,
421.8097,
189.6916,
1991.339,
401.0238,
174.3476,
127.9803,
0,
35202.11,
2007, 
1573.773,
6502.168,
263.0877,
94.19646,
441.5484,
412.9192,
714.1276,
173.6482,
71.88729,
762.2806,
6336.555,
1474.387,
633.5244,
769.5411,
213.2782,
3064.968,
2528.98,
1898.924,
790.6586,
4199.044,
446.9742,
193.6407,
2051.419,
418.6761,
180.2939,
131.2576,
0,
36341.76,
2008, 
1562.951,
6384.741,
266.92,
92.65521,
459.9484,
440.0783,
746.6765,
177.1564,
71.80117,
759.2958,
6237.505,
1472.688,
642.1831,
728.6863,
195.7457,
3118.581,
2638.011,
1827.456,
844.0995,
4642.79,
458.0624,
197.9534,
1982.131,
418.621,
187.7509,
133.4353,
0,
36687.92,
2009, 
1492.392,
6045.007,
263.382,
92.52688,
464.9546,
445.2896,
850.6191,
184.5091,
78.42539,
740.5822,
5746.563,
1416.712,
627.3519,
628.9778,
187.6835,
2938.212,
2909.683,
1962.636,
881.7267,
5356.225,
481.1093,
202.3488,
1971.888,
402.6635,
195.7019,
144.9068,
0,
36712.08,
2010, 
1481.226,
6198.587,
278.3769,
96.71484,
516.4615,
440.7814,
922.837,
198.7335,
89.27409,
771.6155,
6003.642,
1452.421,
678.7725,
646.9493,
207.1072,
2950.163,
3046.221,
2117.699,
951.6053,
6457.085,
525.5302,
218.2652,
2038.695,
424.6628,
202.2233,
152.9939,
0,
39068.64,
2011, 
1542.538,
5994.971,
308.0071,
101.2387,
535.3812,
455.5748,
951.6057,
205.3538,
104.2146,
779.2145,
6056.723,
1455.134,
738.9441,
658.1883,
200.361,
3015.488,
3174.039,
2348.916,
991.4028,
7878.211,
553.1151,
232.4643,
2104.476,
424.6576,
215.447,
156.223,
0,
41181.89,
2012, 
1500.009,
5971.22,
321.3286,
105.0393,
564.7498,
486.5066,
1013.446,
211.2207,
116.3336,
774.6719,
6246.794,
1384.532,
798.6323,
660.6943,
213.3771,
3021.994,
3386.307,
2475.7,
1032.806,
9029.801,
613.0059,
243.2937,
2215.26,
444.0895,
232.0977,
160.3326,
0,
43223.24,
2013, 
1409.239,
6037.588,
315.717,
110.4068,
588.5509,
522.5303,
1073.294,
236.7999,
127.3875,
782.677,
5995.31,
1364.06,
810.4157,
640.9208,
256.1672,
3033.942,
3584.153,
2651.429,
1079.614,
10682.44,
676.5652,
267.8756,
2610.019,
474.8314,
262.2715,
168.6618,
0,
45762.87,
2014, 
1365.224,
6140.879,
333.3417,
114.7688,
625.7955,
526.2805,
1142.269,
251.1705,
145.0017,
890.0177,
6023.584,
1330.002,
855.1353,
602.1039,
234.0187,
3058.502,
3884.258,
2973.902,
1139.888,
12521.97,
781.7025,
287.6436,
2998.309,
484.7793,
285.3292,
191.2875,
0,
49187.16,
2015, 
1274.214,
6377.304,
347.1738,
125.4044,
629.0385,
565.3804,
1280.286,
275.4929,
164.1555,
934.1093,
5607.855,
1287.445,
910.8051,
551.8533,
243.0989,
3075.235,
4340.049,
3256.795,
1229.526,
14739.56,
872.9019,
306.1872,
3803.149,
522.5348,
305.7786,
201.0295,
0,
53226.37,
2016, 
1251.562,
6621.862,
368.3535,
128.7144,
663.5331,
573.3879,
1403.135,
284.7196,
174.6081,
1036.019,
5836.625,
1305.227,
1026.159,
549.933,
287.4857,
3078.872,
4783.117,
3655.292,
1321.892,
16879.22,
1040.524,
330.7337,
4328.36,
565.327,
355.6433,
195.4317,
0,
58045.74,
2017, 
1289.851,
7077.683,
373.0431,
128.2261,
709.3212,
574.2794,
1447.073,
301.5231,
185.5518,
1132.549,
6028.534,
1305.933,
1110.031,
561.6414,
363.893,
3135.959,
4878.128,
4116.989,
1447.866,
20094.53,
1134.042,
352.2615,
4835.717,
624.6149,
402.6207,
211.5141,
0,
63823.38,
2018, 
1250.175,
7531.317,
395.1308,
135.5808,
740.4871,
583.8219,
1626.277,
331.4263,
220.975,
1267.015,
6398.774,
1478.155,
1814.912,
606.0884,
376.3839,
3125.751,
4867.069,
4718.585,
1605.271,
23550.63,
1237.884,
410.4019,
5307.647,
761.3094,
438.9886,
235.2515,
0,
71015.31,
2019, 
1289.811,
7838.308,
367.8568,
140.8391,
791.7881,
554.0856,
1767.377,
359.2981,
252.3991,
1301.575,
7146.564,
1396.328,
1942.851,
671.1516,
411.2558,
3166.191,
5511.382,
5118.683,
1826.69,
26583.34,
1583.601,
449.7093,
5741.272,
924.3891,
468.3812,
264.1583,
0,
77869.28,
2020, 
1266.563,
8123.36,
374.7699,
132.5053,
766.6927,
548.6738,
1824.576,
383.1367,
264.8426,
1349.691,
7756.222,
1480.708,
2091.997,
698.7318,
372.8579,
3061.934,
5928.16,
5237.908,
2062.959,
30851.87,
1929.268,
452.6929,
6217.805,
1111.114,
494.0402,
267.8814,
0,
85050.95,
2021, 
1286.092,
9221.974,
402.3939,
145.0055,
845.4611,
616.356,
1931.166,
412.3447,
294.7622,
1424.947,
8084.342,
1661.598,
2357.161,
718.8264,
459.4185,
3203.402,
6338.019,
5795.054,
2411.624,
36245.55,
2575.466,
488.0424,
6729.805,
1361.314,
560.8054,
292.6882,
0,
95863.63,
2022, 
1312.414,
10149.19,
463.3951,
154.6708,
893.3689,
615.6005,
1967.647,
491.7167,
333.1204,
1427.597,
8853.188,
1803.726,
2605.153,
601.1554,
504.2389,
3172.092,
7294.191,
6718.333,
2581.103,
40256.16,
2729.154,
533.3738,
7050.696,
1587.234,
641.9487,
365.4027,
0,
105105.9,
2023, 
1299.561,
11554.34,
482.3635,
161.3623,
958.0316,
632.0856,
2116.101,
575.9816,
356.0441,
1441.503,
9755.354,
1992.739,
2846.885,
623.046,
569.1992,
3217.62,
8108.241,
7413.734,
2778.125,
48747.59,
2911.278,
587.0933,
7292.706,
1816.377,
671.0474,
389.4916,
0,
119297.9,
2024, 
1122.212,
13539.04,
506.0238,
168.5973,
994.827,
658.9305,
2290.329,
640.782,
384.4072,
1502.252,
10621.39,
2261.029,
3842.172,
566.4164,
628.6948,
3202.676,
8663.568,
8595.404,
2862.375,
57087.41,
3081.106,
631.2596,
7438.736,
2140.393,
728.4355,
422.2737,
0,
134580.7,
2025, 
1124.855,
15835.74,
510.966,
220.7566,
1125.643,
700.1803,
2435.273,
715.8051,
564.1293,
1792.126,
11561.72,
2473.204,
4095.184,
593.303,
679.8677,
3188.872,
14338.17,
10807.71,
3166.798,
60759.43,
3396.487,
1067.021,
8369.5,
2532.214,
906.049,
465.6198,
0,
153426.6,
2026, 
1089.969,
17232.3,
528.2001,
234.1561,
1133.842,
726.9653,
2398.264,
797.6855,
718.6928,
1680.05,
12479.36,
2685.16,
4027.275,
640.1138,
975.9329,
3176.322,
13931.37,
12710.33,
3217.326,
71742.14,
3682.177,
1229.567,
8600.089,
2849.287,
1107.746,
481.8908,
0,
170076.2,
2027, 
1065.099,
18601.81,
551.7888,
270.7452,
1146.065,
763.9279,
2375.651,
997.4009,
898.9229,
1579.441,
13345.23,
2885.543,
4073.314,
707.6084,
1382.675,
3163.278,
14774.69,
14823.63,
3367.408,
80412.51,
4170.57,
1899.419,
8887.357,
3259.718,
1397.271,
494.7283,
0,
187295.8,
2028, 
1090.055,
19553.29,
595.0338,
319.275,
1158.886,
799.7109,
2331.545,
1299.542,
1078.377,
1500.6,
14436.13,
3192.968,
4178.922,
775.2094,
1884.562,
3141.457,
16164.26,
17324.75,
3395.589,
91129.6,
5073.479,
2842.234,
9311.076,
3697.504,
1865.398,
513.6671,
0,
208653.1,
2029, 
1168.739,
20595.19,
643.447,
369.01,
1181.578,
916.8227,
2292.611,
1661.67,
1208.976,
1449.574,
15537.01,
3512.915,
4425.392,
821.8688,
2372.375,
3125.943,
17482.65,
20043.72,
3429.938,
101638.4,
6168.133,
3778.245,
9644.382,
4272.085,
2322.174,
525.8279,
0,
230588.7,
2030, 
1173.507,
21593.23,
698.541,
432.1349,
1196.885,
1027.433,
2207.352,
2037.477,
1283.832,
1422.92,
16142.54,
3784.706,
4727.144,
888.1338,
3099.275,
3121.177,
17540.59,
22755.88,
3450.295,
111363.3,
7281.051,
4595.858,
9993.615,
4929.609,
2736.488,
516.2078,
0,
249999.2,
2031, 
1196.374,
22719.18,
812.44,
558.1387,
1223.777,
1161.032,
2227.206,
2271.569,
1339.399,
1417.195,
16932.98,
4033.212,
4918.447,
953.1835,
3947.812,
3095.22,
17509.91,
25463.52,
3542.057,
122300.9,
8365.772,
5303.347,
10290.62,
5515.305,
3138.327,
496.0361,
0,
270733,
2032, 
1265.404,
24369.2,
933.5826,
731.2644,
1299.739,
1359.162,
2338.564,
2371.994,
1314.206,
1437.824,
17861.72,
4310.594,
5114.302,
1019.472,
4693.703,
3086.848,
17241.15,
28106.95,
3616.266,
135033.4,
9528.837,
5499.842,
10575.96,
6154.362,
3515.502,
462.1446,
0,
293242,
2033, 
1330.964,
26074.62,
1019.467,
939.4759,
1389.266,
1602.204,
2641.375,
2420.799,
1218.839,
1482.828,
19032.18,
4577.271,
5262.725,
1068.609,
5277.477,
3041.647,
16828.42,
31634.22,
3702.258,
147987.4,
10633.91,
5755.896,
10773.5,
6812.679,
3893.668,
406.665,
0,
316808.4,
2034, 
1455.187,
27857.38,
1062.552,
1190.379,
1490.189,
1919.266,
3066.19,
2422.486,
1098.252,
1444.085,
25265.6,
4826.123,
5308.668,
1129.242,
5721.201,
3029.355,
16449.54,
37751.64,
3822.902,
167015.6,
11768.3,
6105.257,
10868.2,
7517.989,
4387.479,
349.2385,
0,
354322.3,
2035, 
1633.522,
29688.94,
1100.701,
1460.526,
1617.846,
3576.236,
3431.463,
2389.396,
950.8419,
1345.486,
31746.34,
5053.665,
5321.262,
1182.237,
6208.541,
3020.194,
16148,
45194.62,
3951.25,
188454,
13082.36,
6602.337,
10901.48,
8306.882,
5171.754,
280.7848,
0,
397820.7,
2036, 
1870.997,
32076.45,
1136.966,
1800.767,
1824.193,
6028.543,
4093.612,
2738.655,
947.8713,
1447.343,
38242.68,
5476.07,
5925.198,
1233.403,
6853.782,
3018.316,
17907.11,
52451,
4067.326,
210162.3,
14465.16,
7116.311,
10909.75,
9169.951,
6185.441,
317.6998,
0,
447466.9,
2037, 
2093.151,
35411.4,
1176.954,
2245.496,
1944.06,
8994.012,
4745.741,
3120.186,
950.9429,
1549.073,
43709.25,
6217.985,
6540.974,
1293.015,
7504.756,
3021.583,
19518.28,
60282.75,
4148.208,
231810.1,
16032.82,
7701.942,
10894.63,
9816.571,
7442.748,
363.5291,
0,
498530.2,
2038, 
2368.5,
39430.4,
1224.345,
2820.818,
1954.327,
12966.96,
5325.446,
3527.491,
955.5189,
1648.779,
49067.61,
7177.948,
7128.482,
1377.084,
8622.191,
3031.012,
21279.38,
69093.15,
4259.542,
265435.8,
17729.59,
8291.979,
10849.67,
10455.19,
8904.39,
429.1542,
0,
565354.8,
2039, 
2585.885,
43994.58,
1277.197,
4565.145,
1968.802,
18397.11,
5838.613,
3959.084,
974.0536,
1748.933,
53823.82,
8492.617,
7727.416,
1493.659,
10094.88,
3047.017,
23019.13,
87664.27,
4402.219,
325982.7,
19512.3,
8883.153,
10814.18,
11096.26,
10530.76,
490.4479,
0,
672384.3,
2040, 
2818.981,
53023.45,
1333.88,
6807.966,
2013.323,
23287.89,
6288.212,
4405.491,
1007.079,
1866.51,
57185.53,
10522.3,
8323.189,
1622.878,
11719.59,
3079.909,
24950.52,
117500.9,
4577.633,
370166.9,
21434.7,
9540.127,
10860.92,
11715.69,
12321.91,
567.5206,
0,
778942.9,
2041, 
3418.432,
64995.84,
1401.716,
8688.826,
2069.357,
25590.72,
6742.862,
4873.936,
1047.184,
2042.839,
58713.21,
13195.25,
9041.096,
1744.337,
16011.08,
3151,
26515.39,
148586.2,
4783.9,
423571.2,
23558.82,
10327.48,
10935.6,
12342.69,
14403.19,
651.9099,
0,
898404.1,
2042, 
4175.558,
76024.05,
1480.842,
10645.02,
2136.046,
28425.43,
7209.248,
5366.993,
1097.765,
2295.433,
60455.07,
17393.61,
9762.348,
1838.923,
20437.16,
3253.153,
28363.74,
176902.2,
5077.435,
478391.5,
25997.92,
11134.84,
11011.48,
13058.01,
16482.17,
740.439,
0,
1019156,
2043, 
5041.905,
86108.24,
1604.137,
12946.73,
2212.513,
32924.84,
7709.334,
5876.057,
1152.989,
2575.358,
62375.96,
22224.41,
10688.96,
1930.523,
24890.8,
3396.923,
30437.96,
206989.5,
5385.443,
533349.8,
28585.62,
12039.78,
11208.68,
13745.07,
19129.99,
857.3019,
0,
1145389,
2044, 
5883.894,
96060.45,
1755.115,
15618.7,
2328.642,
38015.27,
8285.75,
6564.53,
1206.251,
2848.118,
65841.57,
26487.45,
12638.89,
2019.911,
28793.3,
3581.398,
33420.31,
237438.7,
5721.502,
591962.8,
31207.34,
13060.49,
11624.65,
14380.43,
22323.77,
1033.402,
0,
1280103,
2045, 
6761.133,
105731,
2115.01,
17932.46,
2467.137,
44742.28,
9826.224,
7478.258,
1248.936,
3154.56,
68617.34,
29378.58,
14470.5,
2118.15,
32731.15,
3832.528,
39006.64,
276960.6,
5758.207,
683890.9,
33926.02,
14010.62,
12032.23,
15024.22,
25873.72,
1238.058,
0,
1460327,
2046, 
8276.224,
113451.2,
3294.902,
19545.43,
2635.958,
52890.65,
12025.44,
8377.877,
1284.997,
3517.538,
70553.91,
31030,
16459.68,
2221.446,
35884.81,
4145.879,
46060.23,
323323.6,
5783.775,
770317.7,
36932.38,
15012.56,
12306.3,
15528.69,
29269.6,
1503.2,
0,
1641634,
2047, 
10254.35,
119201.4,
4716.429,
21232,
2818.741,
60781.87,
14578.9,
9261.412,
1574.051,
3927.309,
71859.58,
31822.45,
19002.79,
2323.861,
38492.36,
4468.287,
55362.29,
369401.8,
5827.798,
846559.9,
40095.7,
16041.82,
12467.78,
15760.99,
33596.13,
1825.459,
0,
1813256,
2048, 
12144.34,
127946.8,
9169.319,
23206.52,
3075.703,
70764.14,
17440.31,
10232.91,
2284.55,
4401.483,
72713.22,
32280.44,
20811.49,
2426.57,
40795.09,
4765.39,
65269.72,
414224.4,
5889.107,
918636.3,
43764.41,
17091.64,
12499.54,
15846.91,
37722.39,
2145.902,
0,
1987549,
2049, 
14087.25,
135688,
16115.74,
26789.85,
3430.741,
80939.54,
20357.24,
11261.72,
3562.565,
6084.995,
72159.29,
32448.2,
22516.72,
2533.367,
42785.81,
5022.118,
72412.6,
447433.3,
5923.369,
973888.9,
52351.73,
17972.6,
12421.22,
15667.67,
41798.4,
2373.011,
0,
2138026,
2050, 
16459.52,
145384.7,
22630.03,
29759.96,
3844.192,
87940.42,
23301.09,
12325.38,
4158.237,
8508.152,
72175.27,
33151.02,
24419.13,
2789.938,
44918.4,
5247.475,
81223.75,
470109.9,
5987.756,
1017078,
59862.74,
19125.22,
12440.45,
15382.14,
46277.81,
2611.215,
0,
2267112,
2051, 
18264.45,
154946.3,
27310.57,
32925.84,
4287.814,
95823.69,
26208.13,
13412.25,
4542.542,
11052.14,
70739.16,
34419.56,
27520.42,
3380.256,
47890.68,
5506.417,
88130.4,
480059.9,
6043.823,
1075215,
66072.5,
20434.13,
12686.83,
14984.7,
50931.94,
2857.172,
0,
2395647,
2052, 
20308.17,
164969.5,
30061.34,
35239.03,
4701.917,
103108.5,
28862.92,
14723.25,
4921.504,
13958.59,
69034.2,
35900.47,
29784.76,
4152.538,
49137.9,
5891.338,
93904.57,
482415.7,
6056.249,
1131505,
70290.29,
21514.83,
12972.09,
15206.02,
57088.68,
3113.894,
0,
2508823,
2053, 
22613.42,
174782.3,
33478.34,
37107.26,
5153.58,
109625.5,
32314.12,
16326.81,
5995.834,
17192.44,
67610.88,
37609.07,
32318.68,
5127.083,
50320.83,
6413.349,
98789.27,
473609,
6027.871,
1178911,
71338.7,
22641.66,
13578.34,
15708.61,
69409.81,
3392.691,
0,
2607397,
2054, 
25198.55,
186276.4,
36550.86,
38191.26,
5600.714,
116874.6,
37183.56,
17975.2,
6948.217,
20598.97,
66205.32,
39302.19,
35633.89,
6229.7,
51545.48,
7152.198,
104473.4,
465937.4,
5977.93,
1190727,
73966.54,
22734.9,
14198.68,
16445.02,
81744.96,
3697.749,
0,
2677371,
2055, 
29036.02,
199667.1,
40166.75,
38885.6,
6111.477,
122426.1,
41822.4,
19734.8,
7710.519,
24252.29,
65617.05,
41046.29,
37889.39,
7487.236,
52763.03,
8040.053,
113184,
456392.4,
5906.722,
1194135,
75534.79,
23126.63,
14862.04,
17590.22,
88810.17,
4039.784,
0,
2736238,
2056, 
32946.91,
219379.2,
43754.54,
39443.49,
6704.919,
127060.5,
52577.54,
21482.77,
8385.258,
28060.95,
64874.25,
42870.9,
40796.59,
9401.641,
54016.54,
8914.703,
126579.7,
448266.3,
5820.619,
1196180,
80263.55,
23914.61,
15463.31,
19261.93,
96089.53,
4415.078,
0,
2816925,
2057, 
35899.01,
241159.1,
48593.01,
40054.66,
7498.973,
131028,
66535.1,
23145.03,
8976.201,
31971.62,
63776.04,
43854.13,
43452.08,
11389.58,
55319.52,
9608.505,
139176.2,
442396.1,
5742.417,
1197502,
84695.51,
24860.5,
15944.59,
20408.9,
105982.8,
4798.204,
0,
2903768,
2058, 
40092.79,
271838.4,
53658.13,
41148.88,
8495.681,
134958.6,
81890.94,
24772.78,
10326.97,
35827.2,
64410.27,
45024.54,
45793.57,
13471.05,
56890.11,
10085.68,
156719.5,
437372.9,
5667.302,
1198180,
90335.52,
25907.82,
16374.12,
21694.61,
113214.7,
5418.13,
0,
3009570,
2059, 
42929.31,
309382.9,
59423.37,
41926.17,
9604.195,
138633.7,
92924.02,
26756.65,
13310.17,
39428.88,
65980.3,
45794.32,
47894.36,
15440.83,
59136.31,
10359.22,
174734.4,
436628.5,
5586.892,
1198183,
93826.17,
26883.17,
16616.41,
22953.55,
126491.8,
6112.292,
0,
3126941,
2060, 
46122.9,
341340.3,
65207.02,
41792.38,
11024.14,
142261.4,
101332.2,
28715.3,
18830.87,
43401.59,
66883.33,
46112.13,
49668.73,
17465.2,
60860.65,
10658.21,
192841.9,
436982.9,
5608.422,
1197888,
96568.16,
28736.18,
16688.52,
24290.06,
145123.7,
6879.298,
0,
3243284,
2061, 
49196.19,
374243.1,
71000.48,
41648.3,
12433.83,
145922.1,
107818.7,
30655.08,
26037.05,
46792.47,
67360.81,
45955.71,
50909.33,
20595.15,
62126.64,
10983.11,
208384.5,
440263.7,
5904.547,
1196163,
98135.26,
30011.98,
16609.54,
25446.24,
163769.6,
7654.678,
0,
3356021,
2062, 
51158.13,
405962.1,
77001.88,
42493.23,
13961.69,
149418.8,
111256.2,
33041.45,
42897.36,
50063.09,
67991.58,
44527.43,
51624.18,
24225.8,
65118.69,
11330.81,
219770.3,
447886.2,
5993.784,
1193597,
98907.08,
30923.07,
16359.42,
26777.06,
184261.2,
8489.409,
0,
3475037,
2063, 
52247.82,
439424.8,
78480.04,
43705.4,
15792.42,
152728.8,
114202.9,
37031.93,
63459.34,
53466.89,
70595.1,
42740.82,
52111.61,
27884.09,
68013.8,
11682.66,
225145.1,
453086.4,
5915.302,
1190841,
98041.63,
31139.04,
15990.27,
28394.84,
203138.7,
9431.492,
0,
3584692,
2064, 
52279.64,
471974.3,
79904.7,
44522.79,
18300.96,
156001.4,
120381,
43043.23,
80303.7,
55445.45,
71618.56,
40873.26,
52882.6,
31202.83,
70519.03,
12071.92,
232594.5,
455861.2,
5811.563,
1187788,
100192.7,
31647.85,
15303.53,
30205.5,
222963.8,
10750.05,
0,
3694444,
2065, 
52265.83,
504503.4,
81333.62,
45722.67,
22276.19,
159898.7,
130783.3,
51472.14,
91047.53,
56538.66,
73059.42,
39322.79,
53321.62,
33219.82,
73531.05,
12490.87,
237531.2,
456855.8,
5732.493,
1184533,
104097.9,
32693.56,
14595.35,
32458.76,
241483.9,
12303.5,
0,
3803073,
2066, 
51942.23,
523533,
82806.66,
46483.45,
26612.18,
165072.2,
145148.5,
57758.93,
100320.1,
57664.38,
74660.46,
37790.9,
54392.89,
33599.75,
76536.55,
12893.59,
247378.4,
455665.4,
5781.69,
1179817,
111405.2,
34134.01,
13779.75,
35262.86,
260903.8,
13995.12,
0,
3905339,
2067, 
52352.82,
541425.4,
84334.55,
45610.96,
31509.79,
171790.3,
163114.4,
64126.83,
109350.9,
58740.33,
75779.88,
36150.53,
55490.39,
33771.39,
80236.33,
14118.67,
263455.5,
451462.7,
5880.042,
1175126,
118673,
36097.13,
12933.13,
38396.12,
278512.6,
16064.74,
0,
4014504,
2068, 
53373.19,
558546.4,
85923.3,
44158.73,
37227.46,
180473,
179891.9,
70762.09,
116673.4,
59774.9,
76272.42,
34890.42,
56572.14,
33792.98,
84698.17,
16709.16,
282100.2,
442525.6,
6028.332,
1170495,
125156.6,
38690.95,
12538.07,
41495.79,
298928.4,
18413.92,
0,
4126113,
2069, 
54320.12,
577178.1,
88182.42,
42326.22,
44712.91,
191145.9,
197324,
76778.89,
122286,
62031.28,
77734.34,
34125.71,
57198.38,
33735.13,
89371.55,
19354.46,
294239.1,
435377.4,
6003.878,
1166668,
131081.7,
41139.82,
12205.82,
44839.86,
317598,
22420.72,
0,
4239380,
2070, 
55895.83,
595260.9,
91586.26,
40776.75,
52693.02,
198008,
212028.6,
82560.67,
128145.1,
65805.87,
78170.11,
34016.29,
58041.67,
33633.67,
93709.7,
22542.9,
303156.2,
432474,
5846.413,
1165987,
132768.3,
42154.34,
11841.42,
48437.15,
340280.5,
28080.93,
0,
4353902,
2071, 
58195.84,
602404.6,
95414.66,
39743.29,
64103.15,
204135.2,
223740.7,
91550.54,
132681.6,
69873.85,
80067.86,
34458.57,
58789.65,
33528.12,
98183.05,
25412.38,
315711.1,
435223.8,
5705.146,
1166380,
130468.6,
42610.86,
11479.56,
52628.03,
361789.6,
34227.69,
0,
4468508,
2072, 
58184.99,
603565.4,
98870.45,
40294.83,
86945.45,
212341,
232502.8,
103135.3,
138595.5,
73421.81,
81383.89,
35472.46,
59112.78,
33356.15,
102205.4,
28297.07,
329199.8,
439425.9,
5562.819,
1167748,
127582.1,
42867.82,
11171.21,
57462.5,
386684.7,
40898.05,
0,
4596289,
2073, 
59269.38,
604555.9,
101831.5,
41275.02,
112091.8,
225129.5,
239519.2,
118454.2,
150935.3,
77027.38,
82785.86,
37678.3,
59704.62,
32920.2,
106082.8,
31281.31,
341232.2,
444018.7,
5710.021,
1168932,
125843,
43413.01,
10889.11,
62518.01,
412945.1,
48543.87,
0,
4744587,
2074, 
58953.86,
605423.6,
104890,
42827.59,
138261.1,
234243,
245449.2,
139867,
166406.2,
80591.67,
84798.73,
40883.43,
60598.82,
32521.78,
109600.1,
35406.77,
351938.3,
445278.3,
5991.52,
1165126,
125662,
44294.64,
10685.39,
67398.19,
444163.3,
55641.78,
0,
4896902,
2075, 
59117.51,
606291.1,
110821.9,
44777.86,
163315.3,
233944,
254869.6,
164170.7,
176642.2,
83808.25,
86697.14,
45028.72,
61016.43,
32172.53,
112373.6,
39893.68,
356063.5,
441976.8,
6635.635,
1161597,
126702.1,
45591.38,
10745.92,
71684.2,
481428.7,
61329.7,
0,
5038695,
2076, 
59787.91,
607048.3,
117819.7,
46260.9,
189926.2,
230244.5,
265929,
187836.7,
183715,
86261.59,
88532.95,
48903.41,
61458.88,
31874.94,
114644.5,
43871.73,
360220.9,
438778.2,
7221.647,
1160982,
128862,
47202.22,
10765.22,
75616.1,
501350.5,
67652.7,
0,
5162768,
2077, 
60814.42,
607971.5,
118864.4,
46125.59,
212694.3,
229016.2,
279120.6,
212535.2,
190994.2,
89105.47,
90422.55,
52938.28,
61615.13,
31622.01,
117238.3,
47375.57,
364710.8,
434983.4,
7891.34,
1161449,
130725.4,
48536.86,
10872.19,
80294.13,
518848.7,
73057.69,
0,
5279823,
2078, 
62314.13,
608910.6,
122669.9,
45437.59,
236293,
232179.1,
285915.2,
231970.8,
198417.6,
92748.43,
91492.42,
57180.48,
61658.19,
31398.52,
119919.7,
51641.76,
369025.9,
432794.3,
8405.535,
1160870,
131354.6,
49057.26,
11015.7,
82987.72,
536098.5,
81109.11,
0,
5392866,
2079, 
64175.55,
610042.6,
125266.9,
44638.53,
259840.2,
236074.4,
288749.2,
254570.9,
213673.5,
95823.22,
92335.51,
59987.53,
61672.49,
31216.93,
123121.6,
55816.75,
373203.6,
431541.5,
8902.037,
1156070,
127805.8,
49023.63,
11280.81,
86024.5,
553140.4,
91326.42,
0,
5505325,
2080, 
66215.16,
611357.9,
128482.4,
43922.04,
276991.3,
238963.2,
291532.7,
274529.7,
229683.4,
100743.3,
92164.15,
61912.46,
61939.29,
31057.55,
126554.7,
59919.99,
378416.6,
429985.8,
9439.719,
1152750,
124875.1,
48476.7,
11597.14,
89399.72,
570075.6,
103551.3,
0,
5614537,
2081, 
68217.38,
612385.4,
130688.9,
43558.56,
294624.9,
239963.2,
293988.5,
285772,
239397.2,
103113.6,
92959.97,
63822.04,
62318.39,
30923.68,
130096.5,
63784.44,
390595.3,
429244.1,
9990.493,
1154644,
124690.4,
48027.35,
11742.87,
92261.84,
586491.8,
116868.1,
0,
5720171,
2082, 
69074.95,
614068.6,
136216.3,
43955.17,
316697.8,
240176.6,
296420.4,
295724,
250886,
106824.4,
93278.3,
66404.48,
62581.83,
30812.29,
134439.4,
67863.84,
404112.4,
427886.6,
10602.42,
1159883,
123525.1,
47850.11,
11900.72,
95414.34,
602689.3,
130869,
0,
5840158,
2083, 
70054.59,
618744.6,
144667,
44389.24,
336116.3,
240117.6,
298766.5,
323242.9,
263901.9,
110192,
95449.68,
69584.13,
63057.51,
30722,
138487.4,
71891.64,
417107.4,
424263.8,
11136.71,
1168014,
122590.3,
47809.39,
12097.62,
98359.66,
618627,
144220.9,
0,
5983612,
2084, 
71417.56,
623571.1,
151169.3,
44785.41,
340303,
240191.4,
301026.6,
357328.2,
275329.8,
113421.3,
98468.8,
73180.88,
63539.65,
30652.08,
143701.7,
77403.34,
428009.1,
421569.7,
11669.2,
1177610,
121388,
48638.91,
12430.85,
101315.3,
634218.2,
153746.4,
0,
6116086,
2085, 
73283.23,
628147.6,
162642,
44916.81,
342832.8,
239928,
303242.2,
394223.8,
283984.2,
115632.9,
101919.4,
75424.93,
63729.83,
30608.89,
145151.4,
83166.23,
448843.3,
416073.3,
12127.04,
1183014,
119978.6,
49512.75,
12856.69,
103522.5,
649783.2,
163117.8,
0,
6247663,
2086, 
75715.41,
632504,
173983.7,
43928.34,
345332.1,
239876.6,
312015.4,
432470.1,
302198,
121026.7,
106370.6,
76912.55,
63668.51,
30588.36,
147695.8,
90019.4,
468965.2,
409959,
12366.53,
1177372,
118301.2,
50578.7,
13250.21,
104979.6,
665961.3,
171061.5,
0,
6387101,
2087, 
78651.74,
634769,
186120.3,
42423.89,
347542,
240451,
326817.8,
478526.2,
314817.2,
121397.8,
111062.5,
78305.23,
63663.8,
30575.71,
150656.3,
96473.7,
488179.3,
404112.5,
12411.51,
1165885,
116212.1,
50787.98,
13684.72,
106419.7,
680769.1,
179250.3,
0,
6519966,
2088, 
81150.36,
635899,
195292.9,
40967.84,
349426.1,
243478.9,
342693.2,
526551,
322496.5,
123581.4,
114296.8,
79769.8,
63518.06,
30576.28,
153307.9,
103975.1,
505421.8,
397572.2,
12336.27,
1148961,
112693.4,
50247.07,
13970.05,
107851.9,
694952.7,
189177.7,
0,
6640165,
2089, 
83410.16,
635116.8,
201093.5,
39444.61,
355546.3,
246347.4,
358236.3,
558566.4,
338785.5,
123689.2,
116554.1,
80309.78,
63554.21,
30565.23,
150440.4,
111674.3,
514685.5,
388686.4,
12139.98,
1127382,
109301.3,
49710.62,
14415.34,
109387.3,
708218.8,
198586.2,
0,
6725848,
2090, 
84419.97,
632258.4,
206636.2,
38012.66,
363137.2,
249103.4,
373803.2,
592018.8,
357295.3,
127013.5,
117725,
80410.47,
63436.34,
30562.49,
150120.4,
120376,
517637.1,
378832.9,
12093.93,
1111741,
107402.6,
48787.71,
14631.75,
110836.4,
722253.5,
212000.3,
0,
6822547,
2091, 
85145.39,
630141.8,
213293,
36982.53,
367772.6,
251805.7,
392283.1,
619701.7,
376539.7,
127838.1,
120519.6,
80543.64,
63336.68,
30578.69,
149947.8,
129599.1,
519497.3,
369199.9,
12013.5,
1097977,
104149,
48342.11,
15085.34,
112286.3,
734824.8,
224778.3,
0,
6914183,
2092, 
85819.89,
627934,
219183.9,
37329.1,
373159.3,
254417,
409427.2,
642758.7,
398860.9,
131929.9,
123081.3,
80516.99,
63084.73,
30602.86,
149004.1,
139889.8,
515686.5,
356599.3,
11968.66,
1081646,
103934.1,
47738.76,
16157.62,
113450.9,
746777.7,
237487.1,
0,
6998447,
2093, 
86309.74,
626905.2,
224256.4,
37827.8,
379912,
256718.9,
423504.5,
666833.6,
423355.4,
131679.5,
126189.2,
80321,
62658.66,
30624.37,
148511,
149460.1,
509518.7,
343461.6,
11916.2,
1067863,
103152.6,
48093.68,
17828.23,
114655.2,
742635.9,
251574.2,
0,
7065767,
2094, 
86699.39,
629437.2,
227020,
38793.32,
389722.2,
258807.1,
437629.9,
698484.4,
446240.8,
134270.2,
128191.6,
80150.42,
62196.72,
30646.1,
151276.3,
158807.2,
520196.7,
332551.1,
11925.95,
1055462,
104954.4,
48493.06,
19438.79,
115863.1,
747516.1,
263649.5,
0,
7178424,
2095, 
87163.98,
631738.9,
232417.7,
39592.64,
401879.2,
260680.9,
451438.8,
733790.8,
469597.9,
136590.5,
131403.7,
79505.08,
61876.75,
30665.08,
154030.2,
165970.2,
532230.1,
325951.3,
11646.07,
1045793,
105856.2,
49488.59,
20814.29,
117121.4,
753167.8,
276940.4,
0,
7307351,
2096, 
87337.66,
634206.9,
235580,
40100.96,
420307.8,
255655.6,
462774.8,
783820.2,
487562.5,
139143.7,
134232,
78808.77,
61680.46,
30683.94,
156602,
171738.3,
546124.1,
318171.4,
11322.59,
1037207,
108689.5,
50159.04,
22497.47,
118117.1,
751405.8,
292146,
0,
7436076,
2097, 
87461.01,
636646.8,
240191,
39504.26,
437398,
250961.6,
464783.9,
828419.4,
499167.4,
140770.7,
138094.3,
78138.53,
61656.86,
30708.31,
158531.7,
175719.6,
560038.6,
315592.9,
11138.02,
1030281,
110668.1,
50466,
23969,
119474.6,
752302.7,
311482.9,
0,
7553567,
2098, 
87640.88,
639199,
241635.4,
37102.32,
453733.7,
247488.3,
475623.2,
854284.5,
511552.7,
141101.7,
142015.6,
77475.22,
61842.48,
30737.82,
159486.7,
179244.7,
573525.1,
315232.1,
10909.37,
1025014,
111984.2,
50206.65,
25239.82,
120696.9,
737968.9,
327690.8,
0,
7638632,
2099, 
87875.87,
641637.3,
248766.8,
35348.93,
467147,
241476.5,
487804.7,
880270,
521723.2,
140520.2,
144845.1,
77120.86,
62302.36,
30742.83,
159550.9,
179481.8,
584071.7,
312923.7,
10980.16,
1023258,
114408.7,
49630.34,
26321.48,
121965.4,
714901.5,
339737.1,
0,
7704812,
2100, 
87738.05,
643547.8,
255979.8,
33343.98,
477861.8,
237510.2,
502380.7,
906759.4,
531114.1,
140559,
149303.7,
76641.98,
62722.81,
30715.84,
158999.1,
178647.1,
595945.6,
310877.2,
10975.3,
1021097,
117008.9,
48851.3,
27584.2,
123238.3,
686590.5,
350162.4,
0,
7766156];
<<<<<<< HEAD
>>>>>>> 29fc07e (Remove T2MAT folder level)
=======
>>>>>>> 4d9e712909650e13193c45904b75652afa554b9e
