real main.em.dem.agr.frt.Pprod2[27](t) = [1971, 
533518.4,
4165877,
217864.6,
14279.44,
314751.8,
49584.51,
501886.1,
18365.67,
0,
312232.7,
5921922,
2032167,
65287.59,
1035984,
578755.4,
1793896,
141780.1,
333120.7,
201202.8,
1491223,
93575.51,
0,
569552.3,
1141289,
3630.331,
68279.34,
2.160003e+07,
1972, 
610384.6,
4553267,
236595.3,
13916.32,
354708.9,
52987.21,
535197.5,
20513.88,
0,
326019.6,
6338824,
2201707,
71250.98,
1146972,
641689.6,
1989226,
156263.6,
364881.6,
211478.1,
1734446,
97954.94,
0,
562338.6,
1271963,
3997.528,
73758.64,
2.357034e+07,
1973, 
649783.9,
4470163,
258523,
14720.5,
413692.8,
56798.18,
575287.4,
24682.55,
0,
370398,
6670367,
2319258,
75552.58,
1244265,
693113.3,
2151113,
182611.1,
396320.9,
225159.9,
2037443,
101923.4,
0,
574622.8,
1366450,
4569.07,
78967.15,
2.495578e+07,
1974, 
716696.8,
4663452,
268991.8,
18144.9,
549790.7,
64607.18,
651720.2,
33256.28,
3.059665,
388702.4,
6182767,
2283546,
107720.3,
1369615,
751853.6,
2358662,
214355,
383255.4,
282987.7,
2492400,
120978.8,
13600.41,
625160.9,
991847.3,
9055.49,
73009.02,
2.561618e+07,
1975, 
799712.7,
4681196,
312157.6,
17262.52,
761952.2,
67049.61,
728888,
38131.41,
5.377529,
404903.5,
5715431,
2198798,
160292.9,
1610713,
858794.8,
2758797,
285765.9,
326735.1,
331644.8,
2410794,
116158.8,
33948.81,
602663.8,
1188300,
18939.7,
78454.28,
2.650749e+07,
1976, 
830778.9,
5363840,
254631.4,
16352.55,
966018.2,
65496.94,
771458.4,
41975.8,
8.54718,
392763.3,
5814896,
2507935,
253847.7,
1713731,
901778,
2919677,
259154.8,
528396.9,
305121,
1983470,
92417.94,
47654.05,
645708.8,
1172687,
26649.23,
91836,
2.796828e+07,
1977, 
860174.9,
5481140,
271659.4,
13930.58,
944613.9,
68047.23,
806976.6,
29704.65,
18.49231,
372378.1,
5913661,
2751308,
313547.5,
2008937,
1040309,
3447305,
253849.2,
593331.3,
397157.8,
1957141,
92103.79,
50977.59,
667435,
1436716,
41510.88,
91813.93,
2.990575e+07,
1978, 
776554,
6039701,
299007.2,
14633.44,
1050645,
77464.03,
790663.5,
28953.75,
25.32474,
410670,
6336098,
2672088,
374381.1,
2105616,
1073969,
3594313,
248707.1,
754686.5,
394739.3,
1198269,
116156.4,
75383.34,
694985.7,
1391637,
52358.44,
90476.05,
3.066218e+07,
1979, 
731054.2,
5714418,
269952.7,
13212.19,
1223515,
95768.16,
896073.5,
26987.06,
24.59165,
448375.7,
6346823,
2758673,
467656.7,
2264986,
1144544,
3875564,
302707.2,
738272.9,
442302.3,
1883078,
108950,
101181.6,
655099.7,
1306256,
65456.38,
73195.06,
3.195412e+07,
1980, 
726686.3,
5931010,
268854.1,
13738.37,
1513339,
96108.18,
963246.6,
28352.61,
28.15994,
466655.6,
5973849,
2706889,
363491.9,
1845267,
929531.8,
3128055,
374580.4,
838033.3,
455978.7,
2318728,
101166.9,
176713.7,
663086.3,
1168461,
78725.85,
76388.05,
3.120696e+07,
1981, 
735566.6,
6055709,
304030.8,
11830.33,
1455225,
94400.85,
996895.2,
26306.59,
45.71065,
511408.1,
5646355,
2752268,
420967.8,
1890938,
942291.5,
3195032,
323136.3,
903624.3,
493930.5,
2721994,
93850.09,
214619.5,
607310.9,
1021970,
101274,
68336.37,
3.158932e+07,
1982, 
665245.1,
6131739,
302568.9,
11662.76,
1447143,
112069.5,
1008378,
24399.17,
41.57868,
470081.2,
5205876,
2513008,
480179.5,
1829035,
885667.6,
3075697,
374587,
1024471,
539354.3,
2832421,
81938.03,
319570.8,
573545.8,
1015629,
118268.4,
59976.64,
3.110255e+07,
1983, 
554123,
6236241,
248769.5,
12614.86,
1436398,
112345.8,
1112089,
19651.43,
71.62629,
392848.6,
5323253,
2624755,
518173.5,
1737820,
811652.6,
2895411,
367983.6,
1144161,
594537,
3146631,
78382.86,
354457.3,
593458.8,
919818,
146937.5,
67812.08,
3.14504e+07,
1984, 
506621.1,
6104226,
287199.7,
12041.71,
1553408,
110688.6,
1279235,
28034.04,
42.1676,
380664.6,
4954407,
2593962,
476889.9,
1727560,
829783.8,
3005318,
476914.1,
1424361,
601730.1,
3004461,
92749.72,
359000.7,
577260.8,
888218.3,
157407.9,
66751.61,
3.149894e+07,
1985, 
522431,
6603671,
306868.6,
10993.72,
1231323,
116366.7,
1420299,
35972.14,
34.10231,
418317.3,
4619709,
2368038,
449659.8,
1800372,
907200.5,
3277412,
573304.6,
1555222,
600723.1,
2514192,
107854.9,
422421,
541197.6,
785300.3,
157301.9,
64705.11,
3.141089e+07,
1986, 
565780.3,
6582350,
318773.3,
10307.97,
1361137,
109331.6,
1438852,
43084.27,
45.91702,
401424.3,
4296489,
2395418,
489957.8,
1899853,
982547.2,
3595078,
601284.8,
1478667,
607552.8,
2666324,
110655.1,
475142.6,
521147.9,
745565.6,
160455.4,
62529.22,
3.191975e+07,
1987, 
492982.8,
6463515,
326880.7,
10836.65,
1340653,
111475.6,
1624693,
52912.81,
50.50088,
371522.9,
4191221,
2254744,
482118.4,
1858613,
987154.3,
3639827,
682584.4,
1421960,
638102.4,
3333915,
119039.6,
481259.6,
514464.5,
782567.6,
160081.4,
64032.64,
3.240721e+07,
1988, 
449758.5,
6669993,
330292.3,
10666.39,
1473615,
101872.9,
1738478,
59901.63,
32.8922,
371955.8,
4064686,
2104882,
404356.1,
1859208,
993945.9,
3752550,
744190.1,
1769395,
648368.1,
3628931,
145505.9,
523970.8,
479515.3,
692571,
165106.4,
62346.66,
3.324609e+07,
1989, 
436297.3,
7173739,
308399.2,
9374.646,
1218483,
97235.09,
1884263,
61366.37,
34.35492,
331316,
3959997,
2098046,
473172.5,
2027813,
1128601,
4309901,
761506.7,
2218621,
679880.9,
3877047,
154686.9,
585600.5,
457421.6,
659684.9,
157051.3,
59878.39,
3.512942e+07,
1990, 
468614.8,
7611138,
335653.2,
10071.98,
1077080,
90978.15,
2080071,
66428.94,
22.80528,
304375.3,
3700384,
1853737,
466920.5,
1784155,
1306103,
4870568,
982381.4,
2278265,
672719.2,
4423542,
210315,
552402.5,
427894.1,
478503.8,
168858.3,
54619.66,
3.62758e+07,
1991, 
451990.8,
8151857,
401770.3,
8769.479,
1112308,
94378.23,
2220577,
71185.58,
19.03828,
259013.6,
3368837,
1170924,
504735.7,
1203722,
1099992,
3340760,
934516.5,
2374281,
649035.4,
5605847,
217760.4,
596612.9,
421168.5,
533865.4,
164062.2,
45072.68,
3.500306e+07,
1992, 
443653,
8180644,
291236.3,
6568.165,
1207690,
90411.97,
2236805,
76544.41,
9.743293,
244005.3,
3135785,
1086082,
471213.3,
686864.3,
931109.6,
1859839,
907021.3,
2029523,
575260.3,
5356360,
257061.7,
586250.5,
366098.6,
589027.8,
175008.2,
41149.21,
3.183122e+07,
1993, 
421605.1,
8122742,
320569.8,
7070.021,
1212751,
92618.05,
2236451,
87843.05,
0,
282106.4,
2820675,
877324.9,
468703.5,
484209,
792936.6,
1347601,
915256.5,
1907549,
532865.9,
4959648,
299952.2,
607827,
347667.3,
521069,
155333.7,
35744.87,
2.985812e+07,
1994, 
421965.8,
8103131,
345364.8,
6327.182,
1328558,
81996.4,
2344683,
51631.09,
0,
284017.2,
2646978,
856378.3,
342116.1,
177463.8,
292076.7,
1144954,
935700.1,
2091446,
483793,
6468208,
315462.5,
561307.6,
326017.1,
655047.7,
148459.8,
40322.5,
3.045341e+07,
1995, 
423246.6,
8272328,
177166,
5814.248,
1219323,
79374.64,
2393707,
71448.07,
0,
296904,
2562078,
979308.6,
418858.1,
141393.5,
230469,
1310857,
845396.8,
2170859,
524338.3,
6737493,
472635.4,
380933.6,
318388.1,
708586,
151927.3,
51919.26,
3.094475e+07,
1996, 
414906.1,
7911600,
246784.6,
5023.314,
1243255,
89498.66,
2335817,
48398.7,
0,
293106,
2577904,
962734.9,
406883.6,
187546.8,
322806.3,
1502598,
896878.8,
2244926,
476660.2,
6029492,
482236.8,
288160.7,
294636.1,
755643.5,
128381.6,
48013.54,
3.019389e+07,
1997, 
418078.9,
8393994,
198804.5,
4317.873,
1285078,
89671.66,
2618280,
51290.27,
0,
290598.9,
2506815,
949555.9,
451737.8,
138878,
150664.9,
1718542,
883578.3,
2925303,
455435.1,
7881636,
511182,
291715.1,
273924.2,
897147.8,
160572.8,
54282.8,
3.360108e+07,
1998, 
381330.2,
7721244,
186705.8,
3646.029,
1252833,
91337.72,
2512890,
54374.52,
0,
271213.3,
2322046,
996160.4,
461134.5,
107166.8,
174753.1,
1847128,
918347.8,
3109250,
438873.4,
8182487,
507386.3,
298220.5,
254040.9,
811543.3,
155992.2,
60249.1,
3.312035e+07,
1999, 
359283.8,
7511120,
180839.2,
2997.359,
1139506,
87213.34,
2503605,
46241.43,
0,
287066.5,
2135576,
951123.5,
420086.1,
53369.31,
173282.6,
1871428,
1009005,
3702303,
444926.1,
7312471,
537389.6,
294198.3,
242040.3,
816044.8,
191079.4,
66560.95,
3.233876e+07,
2000, 
323236,
7441026,
164237.8,
2464.517,
1308886,
75598.97,
2500300,
43443.37,
0,
254289,
1918983,
932341.1,
474204.6,
77932.98,
176964.8,
2178023,
1142079,
3637162,
409873,
7446396,
578677.7,
234602.4,
235701.5,
1010862,
213956.2,
78571.19,
3.285981e+07,
2001, 
267876.3,
7249601,
161776.9,
1804.593,
1508396,
72951.89,
2487283,
35607.49,
0,
299484.6,
1784373,
1016010,
404198.7,
62661.06,
155717.1,
2369835,
986684.7,
3654273,
338016.8,
7973968,
674312.5,
248471.8,
205010.1,
890590.8,
201726,
77765.73,
3.31284e+07,
2002, 
239234.8,
6576955,
132553.9,
621.8486,
1593237,
57133.05,
2465951,
38515.08,
0,
263712.7,
1664579,
1032059,
373467,
51347.75,
149207.4,
2536001,
1038106,
3799798,
361305.3,
8041526,
636849,
285894.9,
185067.9,
917707.9,
202151.4,
94429.11,
3.273741e+07,
2003, 
247623.5,
6728288,
99355.8,
0,
1568924,
57343.36,
2453367,
32499.85,
0,
272663.5,
1534797,
1103962,
396693.6,
41565.53,
122306.9,
2745628,
1248252,
3769887,
319063.8,
8833042,
675489,
285578.4,
183105,
939525.8,
205482.2,
109196.9,
3.397364e+07,
2004, 
256247.2,
7089013,
149231,
0,
1813260,
76946.68,
2668707,
32387.73,
142.2589,
302223.5,
1507989,
1138346,
427201.2,
58606.68,
123011.1,
2898804,
1275063,
4158842,
294967.9,
9852559,
678054.2,
333459.9,
180486.9,
1061026,
256347.4,
82313.04,
3.671524e+07,
2005, 
233332.3,
6831906,
187846.6,
0,
1464966,
97068.9,
2603379,
26129.64,
222.7534,
259211.7,
1350512,
1213035,
443404.2,
77352.74,
85670.44,
2749693,
1434889,
4414281,
279964.5,
1.069938e+07,
673405.5,
347927.6,
183739.3,
965680.6,
304414,
91078.84,
3.70185e+07,
2006, 
229632.1,
6444418,
235983.1,
0,
1769234,
106094,
2786001,
25849.95,
319.3655,
276772.8,
1327542,
1189181,
465025.4,
111151.4,
85103.94,
2829073,
1560229,
4555454,
252589.6,
1.145663e+07,
719440.8,
387629.7,
181595.5,
973893.4,
356251.9,
82957.77,
3.840805e+07,
2007, 
225815.1,
6016775,
202192,
0,
1859902,
127375,
2649191,
21641.92,
511.7787,
258176.5,
1267415,
1229837,
430216.2,
139669.3,
84707.67,
2636596,
1577051,
4488067,
240950.7,
1.154237e+07,
687887.4,
388617.2,
176953.3,
905016,
255417,
53407,
3.746575e+07,
2008, 
202677,
4938517,
186425.1,
0,
1944922,
132400,
2411567,
11119.53,
635.2066,
253504,
737038.3,
1095427,
344374.9,
130044.8,
90283.77,
2350997,
1417654,
5220958,
194371.8,
1.127024e+07,
652795.2,
283148.8,
142869.5,
730398.5,
243679,
43875.52,
3.502993e+07,
2009, 
212904.2,
5568510,
286156.2,
0,
2183034,
149744.5,
2606418,
9513.844,
748.5761,
261763.1,
956048.4,
1108542,
511125,
156861.1,
79749.16,
2486878,
1547124,
5836897,
191996.2,
1.262333e+07,
512002.8,
253761.5,
156389.2,
592828.9,
378256,
32418.18,
3.8703e+07,
2010, 
234088.7,
5406305,
339105.3,
0,
2180753,
172601.1,
2769788,
5225.426,
813.8456,
260806.9,
911528.6,
1201874,
504625.9,
167843.5,
95915.13,
2506832,
1684087,
6262563,
190581.1,
1.505142e+07,
548941.1,
292623.3,
153164.8,
596577.9,
431313.1,
27523.81,
4.19969e+07,
2011, 
218816.1,
5145017,
361033.6,
0,
2271696,
195192.8,
2843303,
5354.839,
988.6779,
274601.8,
926547.4,
1095682,
517760.8,
149923.1,
80712.32,
2456256,
1624293,
5960454,
168069.2,
1.559191e+07,
538677.6,
344995.7,
160881.2,
563794.1,
497677.6,
23819.78,
4.201745e+07,
2012, 
205615.9,
5243549,
413637.8,
0,
2696214,
192689.4,
2952391,
3249.554,
1190.327,
279282.1,
926675.7,
1101145,
498832.1,
143898.7,
70771.15,
2431661,
1624268,
5205992,
150450.2,
1.633248e+07,
514845.7,
383130.1,
145355.5,
503554.5,
632315.5,
14492.24,
4.266768e+07,
2013, 
215494.7,
5059137,
440618.1,
0,
2915630,
221849.4,
3000378,
0,
1388.453,
283184.8,
897016.9,
1100677,
532225.1,
140801.8,
63358.43,
2403638,
1714974,
4467247,
130521.3,
1.574959e+07,
534873,
493553.4,
141987.8,
423164.6,
714871.7,
0,
4.164618e+07,
2014, 
216627.9,
5087048,
450745.3,
0,
3229050,
225819.4,
3109117,
0,
1426.873,
289787.4,
885781.1,
1123470,
536046.8,
141539.2,
64505.01,
2500274,
1780934,
4616954,
130064.9,
1.606192e+07,
537259.9,
499484.3,
142082.3,
415084.8,
746116,
0,
4.279113e+07,
2015, 
217720,
5126997,
461786.9,
0,
3600116,
229730.6,
3231564,
0,
1465.213,
296832.8,
874936.6,
1147291,
539796.6,
142272,
65648.39,
2608682,
1853573,
4768726,
129737.8,
1.639972e+07,
539740,
505321.3,
142176.7,
407655.9,
778308.6,
0,
4.40698e+07,
2016, 
219795.2,
5185716,
471698.3,
0,
3662934,
236562.5,
3313153,
0,
1539.976,
304431.9,
879403.9,
1174419,
550509.9,
142430.8,
67239.39,
2671815,
1908272,
4941523,
130439.1,
1.669324e+07,
554599.4,
515328.7,
142211.7,
412744.5,
806246.9,
0,
4.498625e+07,
2017, 
221851.4,
5244630,
481711.6,
0,
3724250,
243462.2,
3395603,
0,
1619.699,
312045.3,
883867.7,
1202621,
561292.1,
142598.6,
68854.95,
2735532,
1963624,
5118102,
131142.6,
1.698772e+07,
569816.8,
525313.7,
142246.6,
417862,
834682.2,
0,
4.591045e+07,
2018, 
223888.7,
5304157,
491870.8,
0,
3785425,
250430.2,
3479508,
0,
1700.729,
319694.8,
888328.7,
1231982,
572143.7,
142778.1,
70495.76,
2800339,
2019934,
5298589,
131852.4,
1.728427e+07,
585582.4,
535286.4,
142281.6,
422981,
863623.8,
0,
4.684714e+07,
2019, 
225906.6,
5364299,
502192.8,
0,
3846125,
257473.6,
3564878,
0,
1786.39,
327380.8,
892786.2,
1262574,
583065.5,
142990.6,
72161.84,
2866237,
2077211,
5483109,
132568.4,
1.758289e+07,
601961.2,
545240.4,
142316.4,
428075.4,
893065.3,
0,
4.779629e+07,
2020, 
227918.5,
5425179,
512692.8,
0,
3906603,
264590,
3651887,
0,
1880.868,
335029.8,
897240.7,
1294484,
594058.1,
143232.8,
73853.65,
2933431,
2135548,
5671703,
133291.9,
1.788389e+07,
618996.6,
555175.1,
142351.2,
433134.1,
923042.9,
0,
4.875921e+07,
2021, 
228800.7,
5473938,
522234.8,
0,
3957515,
270427.9,
3732946,
0,
2009.132,
342867.9,
900252.8,
1326244,
604329.3,
143836.1,
74896.63,
2995113,
2189824,
5837189,
133720.4,
1.808467e+07,
635269.1,
562797.9,
141919.7,
435777.3,
948844.7,
0,
4.954542e+07,
2022, 
229681.4,
5523780,
531984.7,
0,
4008809,
276324.3,
3816064,
0,
2154.012,
350674.5,
903262.6,
1359453,
614667.4,
144464,
75956.02,
3058437,
2245358,
6006420,
134160.1,
1.828861e+07,
651968.6,
570406.4,
141489,
438462.3,
975126.6,
0,
5.034771e+07,
2023, 
230560.9,
5574920,
541976.9,
0,
4060711,
282290.1,
3901549,
0,
2318.409,
358512.1,
906270.6,
1394220,
625073.1,
145114.7,
77032.09,
3123661,
2302313,
6179534,
134612.9,
1.849628e+07,
669270.8,
578098.6,
141059.2,
441227.1,
1001903,
0,
5.11685e+07,
2024, 
231438.9,
5627381,
552224.8,
0,
4113299,
288311.3,
3989444,
0,
2496.135,
366303,
909275.9,
1430655,
635546.9,
145760,
78125.13,
3190811,
2360715,
6356680,
135079,
1.870773e+07,
686875.7,
585762.4,
140630.1,
444103,
1029210,
0,
5.200786e+07,
2025, 
401899.6,
6110853,
688534.4,
0,
2396421,
259998,
3228481,
0,
4286.782,
306694.2,
815478.3,
1228686,
532177.4,
220611.7,
92024.63,
3014434,
1945242,
5888593,
142977.9,
1.64195e+07,
796572.5,
699608.5,
157365.6,
726105.8,
954127.1,
0,
4.703067e+07,
2026, 
404357.9,
6153339,
700315.3,
0,
2410249,
265276.8,
3293643,
0,
4514.918,
311353.5,
818848.1,
1264988,
540573.1,
221544.5,
93884.98,
3071651,
1987575,
6047038,
143250.2,
1.658029e+07,
812571.9,
712397.6,
156714.2,
729986.2,
981757,
0,
4.770612e+07,
2027, 
406805,
6196492,
712257.3,
0,
2424036,
270612.2,
3360062,
0,
4751.228,
316023.2,
822217,
1303155,
549021.6,
222472.6,
95774.44,
3129929,
2030704,
6209319,
143529.9,
1.674303e+07,
828807.3,
725173.9,
156064.1,
733834.2,
1009925,
0,
4.839399e+07,
2028, 
409241,
6240343,
724365.1,
0,
2437780,
276005,
3427787,
0,
4996.158,
320704.9,
825584.3,
1343336,
557523,
223396,
97693.66,
3189309,
2074660,
6375580,
143817.1,
1.690779e+07,
845283.3,
737937.3,
155415.3,
737650.9,
1038647,
0,
4.909484e+07,
2029, 
411666,
6284926,
736643.1,
0,
2451484,
281456,
3496871,
0,
5250.191,
325400.5,
828950.4,
1385699,
566078.4,
224314.7,
99643.34,
3249834,
2119473,
6545968,
144112.3,
1.707466e+07,
862005.6,
750687.9,
154767.7,
741436.2,
1067938,
0,
4.980927e+07,
2030, 
414079.9,
6330274,
749096.3,
0,
2465146,
286966.4,
3567369,
0,
5513.843,
330112.1,
832315.2,
1430430,
574687.8,
225228.7,
101624.2,
3311549,
2165175,
6720636,
144415.8,
1.724375e+07,
878980,
763425.6,
154121.5,
745190.7,
1097818,
0,
5.05379e+07,
2031, 
418276.6,
6370151,
757601.1,
0,
2462527,
290738.4,
3608745,
0,
5761.101,
332555.2,
835065.1,
1432944,
580384.5,
226641,
102688.1,
3351184,
2193513,
6784606,
144344.6,
1.73365e+07,
886271.7,
773288.8,
153527.8,
749017.2,
1115173,
0,
5.091151e+07,
2032, 
422484.5,
6410225,
766140.3,
0,
2459932,
294521.1,
3650418,
0,
6011.975,
334984.3,
837811.1,
1435461,
586074.8,
228053.1,
103765.1,
3391264,
2222075,
6848675,
144277.1,
1.742992e+07,
893553.4,
783148.6,
152933.7,
752844.2,
1132655,
0,
5.128723e+07,
2033, 
426703.7,
6450499,
774714.3,
0,
2457363,
298314.4,
3692394,
0,
6266.547,
337400.5,
840553.4,
1437983,
591758.8,
229464.7,
104855.6,
3431800,
2250863,
6912842,
144213.4,
1.752402e+07,
900825.8,
793005.1,
152339.2,
756671.6,
1150265,
0,
5.166511e+07,
2034, 
430934.2,
6490980,
783323.5,
0,
2454817,
302118.4,
3734683,
0,
6524.896,
339804.6,
843291.9,
1440508,
597436.5,
230876,
105959.8,
3472805,
2279883,
6977106,
144153.5,
1.76188e+07,
908088.3,
802858.2,
151744.2,
760499.4,
1168004,
0,
5.20452e+07,
2035, 
435176.2,
6531676,
791969.1,
0,
2452295,
305933.2,
3777294,
0,
6787.109,
342197.8,
846026.7,
1443038,
603107.8,
232286.8,
107077.9,
3514293,
2309142,
7041470,
144097.5,
1.771429e+07,
915341.3,
812707.9,
151148.8,
764327.6,
1185874,
0,
5.242755e+07,
2036, 
439429.6,
6572593,
800651.4,
0,
2449796,
309758.8,
3820235,
0,
7053.272,
344580.8,
848757.6,
1445573,
608772.8,
233697.3,
108210.3,
3556276,
2338643,
7105930,
144045.4,
1.78105e+07,
922584.3,
822554.4,
150553,
768156.3,
1203876,
0,
5.281223e+07,
2037, 
443694.5,
6613739,
809371.1,
0,
2447320,
313595.3,
3863518,
0,
7323.477,
346954.6,
851484.9,
1448113,
614431.4,
235107.4,
109357.2,
3598769,
2368393,
7170492,
143997.3,
1.790746e+07,
929818.1,
832397.5,
149956.7,
771985.5,
1222011,
0,
5.319929e+07,
2038, 
447970.9,
6655118,
818129.1,
0,
2444867,
317442.6,
3907153,
0,
7597.813,
349320.2,
854208.4,
1450659,
620083.9,
236517.1,
110518.9,
3641787,
2398397,
7235154,
143953.2,
1.80052e+07,
937041.9,
842237.3,
149360,
775815.2,
1240281,
0,
5.358881e+07,
2039, 
452258.8,
6696742,
826926,
0,
2442436,
321300.9,
3951150,
0,
7876.379,
351678.5,
856928.3,
1453210,
625729.9,
237926.5,
111695.6,
3685346,
2428663,
7299914,
143913.2,
1.810371e+07,
944256.5,
852073.5,
148762.9,
779645.1,
1258688,
0,
5.398083e+07,
2040, 
456558.5,
6738618,
835762.9,
0,
2440027,
325170.2,
3995522,
0,
8159.274,
354030.4,
859644.5,
1455767,
631369.6,
239335.4,
112887.8,
3729461,
2459197,
7364774,
143877.4,
1.820304e+07,
951461.3,
861906.3,
148165.4,
783475.6,
1277233,
0,
5.437544e+07,
2041, 
460126.9,
6772021,
843832.1,
0,
2431493,
328356.3,
4034945,
0,
8480.25,
355881.3,
862124.5,
1456851,
636154.7,
240434.3,
113895.3,
3768147,
2486231,
7414306,
143715.8,
1.827135e+07,
956764.1,
869927.9,
147490.6,
785802.7,
1291686,
0,
5.468002e+07,
2042, 
463705,
6805727,
851944.6,
0,
2423035,
331551.5,
4074810,
0,
8806.291,
357734.8,
864601.5,
1457946,
640934.3,
241532.9,
114916.1,
3807424,
2513559,
7463913,
143559.3,
1.834054e+07,
962059.7,
877946.5,
146815.3,
788129.9,
1306247,
0,
5.498744e+07,
2043, 
467292.7,
6839752,
860101.3,
0,
2414653,
334755.9,
4115133,
0,
9137.516,
359591.9,
867074.7,
1459053,
645708.8,
242631.3,
115950.5,
3847312,
2541190,
7513598,
143408.1,
1.841063e+07,
967348.2,
885962.4,
146139.6,
790457.3,
1320920,
0,
5.52978e+07,
2044, 
470890.3,
6874103,
868303.4,
0,
2406346,
337969.5,
4155929,
0,
9474.056,
361453.5,
869544.8,
1460173,
650477.9,
243729.3,
116998.8,
3887830,
2569132,
7563360,
143262.1,
1.848166e+07,
972630.1,
893975.7,
145463.3,
792785.1,
1335703,
0,
5.56112e+07,
2045, 
474497.7,
6908794,
876552.1,
0,
2398112,
341192.2,
4197214,
0,
9816.029,
363320.4,
872011.4,
1461306,
655241.6,
244827,
118061.3,
3929000,
2597395,
7613198,
143121.6,
1.855366e+07,
977904.4,
901986.3,
144786.6,
795113.3,
1350601,
0,
5.592771e+07,
2046, 
478115,
6943837,
884848.6,
0,
2389952,
344424.2,
4239007,
0,
10163.58,
365193.5,
874474.7,
1462452,
660000.1,
245924.4,
119138.2,
3970844,
2625987,
7663113,
142986.7,
1.862666e+07,
983172.3,
909993.8,
144109.4,
797441.6,
1365612,
0,
5.624745e+07,
2047, 
481742.1,
6979245,
893194.2,
0,
2381864,
347665.5,
4281327,
0,
10516.84,
367073.9,
876934.6,
1463611,
664753.3,
247021.6,
120229.8,
4013385,
2654920,
7713105,
142857.3,
1.87007e+07,
988432.8,
917998.8,
143431.7,
799770,
1380739,
0,
5.657051e+07,
2048, 
485379.4,
7015034,
901590.1,
0,
2373846,
350916.2,
4324193,
0,
10875.95,
368962.4,
879391.3,
1464786,
669501.3,
248118.4,
121336.5,
4056647,
2684203,
7763175,
142733.7,
1.877581e+07,
993686.8,
926001,
142753.5,
802099.1,
1395983,
0,
5.689702e+07,
2049, 
489026.5,
7051218,
910037.9,
0,
2365898,
354176.3,
4367626,
0,
11241.05,
370860.1,
881844.6,
1465975,
674244,
249215,
122458.5,
4100656,
2713849,
7813323,
142615.9,
1.885205e+07,
998933.6,
934000.5,
142074.8,
804428.3,
1411346,
0,
5.722709e+07,
2050, 
492683.6,
7087813,
918539.3,
0,
2358019,
357445.7,
4411650,
0,
11612.31,
372768,
884294.6,
1467179,
678981.3,
250311.2,
123596.2,
4145440,
2743869,
7863550,
142504.2,
1.892945e+07,
1004174,
941997.4,
141395.6,
806757.6,
1426828,
0,
5.756086e+07,
2051, 
494934.8,
7108702,
923742.3,
0,
2354892,
359842,
4441565,
0,
11871.56,
376894.2,
887207.2,
1469187,
683000.6,
251202.9,
124017.5,
4172120,
2762842,
7872319,
142074.5,
1.892424e+07,
1008882,
947428.8,
140449.1,
807407.7,
1432292,
0,
5.769712e+07,
2052, 
497185.2,
7129692,
928952.9,
0,
2351780,
362243.4,
4471645,
0,
12132.54,
381038.5,
890116.9,
1471197,
687015.2,
252093.6,
124440.5,
4198969,
2781931,
7881067,
141651,
1.891955e+07,
1013589,
952850.8,
139506.3,
808057.8,
1437747,
0,
5.783445e+07,
2053, 
499434.5,
7150784,
934171.1,
0,
2348682,
364649.6,
4501893,
0,
12395.28,
385201.5,
893023.8,
1473210,
691025.1,
252983.3,
124865.3,
4225990,
2801136,
7889791,
141233.5,
1.891537e+07,
1018296,
958262.8,
138567.3,
808707.9,
1443192,
0,
5.797286e+07,
2054, 
501682.9,
7171980,
939397.3,
0,
2345598,
367060.9,
4532312,
0,
12659.79,
389383,
895927.6,
1475225,
695030.4,
253872,
125291.9,
4253185,
2820461,
7898493,
140822.1,
1.891172e+07,
1023002,
963665.1,
137632.1,
809357.9,
1448627,
0,
5.811239e+07,
2055, 
503930.3,
7193283,
944631.4,
0,
2342528,
369477.1,
4562903,
0,
12926.09,
393583.4,
898828.8,
1477243,
699031,
254759.7,
125720.4,
4280556,
2839906,
7907172,
140416.6,
1.890859e+07,
1027708,
969057.8,
136700.6,
810007.7,
1454053,
0,
5.825302e+07,
2056, 
506176.8,
7214694,
949873.7,
0,
2339473,
371898.4,
4593670,
0,
13194.21,
397802.7,
901726.8,
1479264,
703027.2,
255646.5,
126150.7,
4308107,
2859473,
7915828,
140017,
1.8906e+07,
1032413,
974440.7,
135772.8,
810657.6,
1459469,
0,
5.839477e+07,
2057, 
508422.2,
7236215,
955124.7,
0,
2336431,
374324.7,
4624615,
0,
13464.14,
402041.1,
904622.1,
1481288,
707018.5,
256532.3,
126582.8,
4335839,
2879163,
7924463,
139623.4,
1.890393e+07,
1037117,
979814,
134848.6,
811307.4,
1464876,
0,
5.853766e+07,
2058, 
510666.7,
7257849,
960384.1,
0,
2333404,
376756.1,
4655743,
0,
13735.92,
406298.9,
907514.7,
1483314,
711005.3,
257417.1,
127016.9,
4363757,
2898980,
7933074,
139235.6,
1.890241e+07,
1041821,
985177.8,
133928.2,
811957,
1470274,
0,
5.868172e+07,
2059, 
512910.1,
7279597,
965652.3,
0,
2330390,
379192.4,
4687054,
0,
14009.57,
410576.2,
910404.3,
1485344,
714987.5,
258301,
127452.8,
4391861,
2918923,
7941663,
138853.6,
1.890143e+07,
1046524,
990531.8,
133011.3,
812606.7,
1475662,
0,
5.882694e+07,
2060, 
515152.7,
7301463,
970929.5,
0,
2327391,
381633.9,
4718553,
0,
14285.1,
414873.2,
913291.2,
1487377,
718965,
259183.9,
127890.6,
4420156,
2938995,
7950229,
138477.5,
1.8901e+07,
1051226,
995876.3,
132098.1,
813256.3,
1481040,
0,
5.897334e+07,
2061, 
517162.9,
7317303,
975407.5,
0,
2324306,
383590.8,
4743736,
0,
14479.07,
418638.2,
915420.5,
1488669,
722272.8,
259813.4,
128309,
4444153,
2956046,
7954328,
138020.8,
1.888869e+07,
1054721,
1000275,
131148.3,
813455.3,
1485283,
0,
5.907523e+07,
2062, 
519172.4,
7333253,
979893.4,
0,
2321236,
385551.5,
4769083,
0,
14674.39,
422420.8,
917547.8,
1489964,
725576.7,
260442.1,
128729.3,
4468321,
2973212,
7958417,
137570,
1.88769e+07,
1058216,
1004666,
130202.1,
813654.1,
1489519,
0,
5.917822e+07,
2063, 
521180.7,
7349313,
984387.5,
0,
2318181,
387516.5,
4794597,
0,
14871.07,
426221.3,
919673.1,
1491262,
728876.8,
261070.2,
129151.4,
4492665,
2990496,
7962495,
137125.1,
1.886563e+07,
1061711,
1009049,
129259.7,
813852.9,
1493747,
0,
5.928233e+07,
2064, 
523188.3,
7365487,
988889.9,
0,
2315139,
389485.6,
4820282,
0,
15069.13,
430039.7,
921796.2,
1492564,
732173.2,
261697.6,
129575.3,
4517187,
3007900,
7966562,
136686.1,
1.885487e+07,
1065204,
1013424,
128321,
814051.8,
1497968,
0,
5.938756e+07,
2065, 
525195.2,
7381776,
993400.9,
0,
2312111,
391458.7,
4846139,
0,
15268.56,
433876.2,
923917.3,
1493870,
735465.6,
262324.3,
130001.1,
4541889,
3025425,
7970619,
136252.9,
1.884464e+07,
1068698,
1017791,
127386,
814250.6,
1502181,
0,
5.949394e+07,
2066, 
527201.1,
7398183,
997920.6,
0,
2309096,
393436.1,
4872172,
0,
15469.4,
437731.1,
926036.2,
1495179,
738754.3,
262950.3,
130428.8,
4566775,
3043073,
7974667,
135825.5,
1.883494e+07,
1072191,
1022151,
126454.6,
814449.4,
1506388,
0,
5.960147e+07,
2067, 
529206.1,
7414709,
1002449,
0,
2306095,
395417.5,
4898384,
0,
15671.66,
441604.5,
928153.2,
1496492,
742039.3,
263575.7,
130858.4,
4591848,
3060845,
7978703,
135403.8,
1.882578e+07,
1075683,
1026503,
125526.8,
814648.1,
1510586,
0,
5.971018e+07,
2068, 
531210.2,
7431358,
1006987,
0,
2303107,
397403.3,
4924778,
0,
15875.35,
445496.6,
930267.8,
1497809,
745320.4,
264200.4,
131289.8,
4617110,
3078745,
7982729,
134987.8,
1.881715e+07,
1079175,
1030847,
124602.6,
814847.1,
1514778,
0,
5.982008e+07,
2069, 
533213.5,
7448130,
1011534,
0,
2300133,
399393,
4951357,
0,
16080.49,
449407.6,
932380.5,
1499129,
748598,
264824.3,
131723.2,
4642564,
3096773,
7986743,
134577.6,
1.880907e+07,
1082666,
1035184,
123682,
815045.9,
1518962,
0,
5.993118e+07,
2070, 
535215.9,
7465031,
1016091,
0,
2297172,
401387.1,
4978125,
0,
16287.08,
453337.7,
934491.2,
1500454,
751871.6,
265447.7,
132158.5,
4668214,
3114931,
7990749,
134172.9,
1.880154e+07,
1086157,
1039512,
122765,
815244.5,
1523139,
0,
6.00435e+07,
2071, 
536787.8,
7474630,
1019769,
0,
2294216,
402916.7,
4998414,
0,
16441.29,
456471.5,
935778.6,
1500813,
754220.1,
265743.9,
132581.5,
4687682,
3129416,
7993514,
133731.4,
1.877803e+07,
1088507,
1043017,
121831,
814506.8,
1525658,
0,
6.010468e+07,
2072, 
538359.2,
7484345,
1023455,
0,
2291274,
404449.6,
5018857,
0,
16596.61,
459621,
937064.8,
1501175,
756566.1,
266039.8,
133006.3,
4707308,
3144011,
7996270,
133295.2,
1.875503e+07,
1090855,
1046514,
120900.5,
813769.4,
1528172,
0,
6.016694e+07,
2073, 
539929.9,
7494176,
1027149,
0,
2288344,
405985.7,
5039458,
0,
16753.05,
462786.1,
938349.7,
1501542,
758909.2,
266335.5,
133433.1,
4727097,
3158717,
7999019,
132864.3,
1.873254e+07,
1093204,
1050006,
119973.7,
813032.1,
1530683,
0,
6.023028e+07,
2074, 
541499.6,
7504124,
1030851,
0,
2285427,
407525.1,
5060220,
0,
16910.61,
465967.3,
939633.4,
1501913,
761249.7,
266630.8,
133861.8,
4747051,
3173535,
8001761,
132438.8,
1.871056e+07,
1095552,
1053491,
119050.4,
812294.5,
1533188,
0,
6.029474e+07,
2075, 
543068.9,
7514194,
1034562,
0,
2282523,
409067.6,
5081145,
0,
17069.33,
469164.5,
940915.7,
1502289,
763587.5,
266925.8,
134292.3,
4767172,
3188469,
8004496,
132018.5,
1.868911e+07,
1097899,
1056971,
118130.6,
811557.2,
1535689,
0,
6.036031e+07,
2076, 
544637.6,
7524387,
1038281,
0,
2279632,
410613.6,
5102237,
0,
17229.19,
472377.9,
942196.8,
1502669,
765922.6,
267220.4,
134724.9,
4787464,
3203519,
8007225,
131603.5,
1.866817e+07,
1100247,
1060444,
117214.4,
810819.9,
1538186,
0,
6.042702e+07,
2077, 
546205.4,
7534703,
1042009,
0,
2276754,
412162.7,
5123498,
0,
17390.23,
475607.8,
943476.9,
1503054,
768255.3,
267514.8,
135159.3,
4807929,
3218687,
8009948,
131193.6,
1.864777e+07,
1102594,
1063911,
116301.7,
810082.8,
1540679,
0,
6.049488e+07,
2078, 
547772.5,
7545147,
1045746,
0,
2273888,
413715.1,
5144933,
0,
17552.44,
478854.3,
944755.5,
1503443,
770584.9,
267808.8,
135595.8,
4828571,
3233976,
8012662,
130789,
1.86279e+07,
1104941,
1067372,
115392.4,
809345.8,
1543167,
0,
6.056391e+07,
2079, 
549339.1,
7555721,
1049493,
0,
2271035,
415270.8,
5166543,
0,
17715.86,
482117.6,
946032.9,
1503838,
772912.1,
268102.5,
136034.2,
4849393,
3249386,
8015370,
130389.5,
1.860857e+07,
1107287,
1070827,
114486.6,
808608.8,
1545652,
0,
6.063412e+07,
2080, 
550904.9,
7566425,
1053249,
0,
2268194,
416830,
5188333,
0,
17880.48,
485397.8,
947308.9,
1504237,
775236.6,
268395.8,
136474.6,
4870397,
3264922,
8018071,
129995.2,
1.858978e+07,
1109634,
1074276,
113584.2,
807871.8,
1548132,
0,
6.070552e+07,
2081, 
552021.7,
7571018,
1055988,
0,
2265472,
417961.4,
5205714,
0,
18018.9,
488096.1,
948150.3,
1503886,
776740.9,
268535,
136884.8,
4886929,
3278221,
8017772,
129539.6,
1.85553e+07,
1111720,
1076571,
112617.4,
806983,
1548916,
0,
6.073306e+07,
2082, 
553138,
7575734,
1058737,
0,
2262762,
419095.3,
5223249,
0,
18158.36,
490808.7,
948990.8,
1503541,
778243.9,
268674,
137296.8,
4903618,
3291632,
8017473,
129089.1,
1.852135e+07,
1113805,
1078862,
111654.2,
806094.1,
1549700,
0,
6.076171e+07,
2083, 
554253.9,
7580576,
1061493,
0,
2260064,
420231.6,
5240943,
0,
18298.87,
493535.9,
949830.2,
1503201,
779745,
268812.9,
137710.8,
4920467,
3305157,
8017177,
128643.8,
1.848793e+07,
1115891,
1081150,
110694.7,
805205.6,
1550481,
0,
6.079149e+07,
2084, 
555369.2,
7585546,
1064259,
0,
2257378,
421370.4,
5258798,
0,
18440.42,
496277.8,
950668.9,
1502866,
781244.4,
268951.6,
138126.7,
4937479,
3318796,
8016880,
128203.6,
1.845504e+07,
1117977,
1083433,
109738.8,
804316.9,
1551262,
0,
6.082242e+07,
2085, 
556484.1,
7590647,
1067034,
0,
2254703,
422511.5,
5276816,
0,
18583.04,
499034.7,
951506.8,
1502536,
782742.1,
269090.1,
138544.5,
4954657,
3332554,
8016585,
127768.5,
1.842269e+07,
1120062,
1085712,
108786.5,
803428.4,
1552041,
0,
6.085452e+07,
2086, 
557598.4,
7595881,
1069818,
0,
2252040,
423655.2,
5295002,
0,
18726.74,
501806.6,
952344.1,
1502212,
784238,
269228.6,
138964.1,
4972003,
3346430,
8016291,
127338.4,
1.839088e+07,
1122147,
1087987,
107837.7,
802540.1,
1552819,
0,
6.088779e+07,
2087, 
558712.3,
7601249,
1072611,
0,
2249388,
424801.2,
5313359,
0,
18871.53,
504593.7,
953180.1,
1501893,
785732.3,
269366.8,
139385.8,
4989521,
3360428,
8015996,
126913.4,
1.835962e+07,
1124231,
1090259,
106892.5,
801651.8,
1553596,
0,
6.092225e+07,
2088, 
559825.8,
7606754,
1075414,
0,
2246747,
425949.8,
5331890,
0,
19017.43,
507396.2,
954015.8,
1501579,
787224.8,
269505,
139809.3,
5007214,
3374548,
8015702,
126493.4,
1.832892e+07,
1126315,
1092526,
105950.9,
800763.5,
1554371,
0,
6.095793e+07,
2089, 
560938.8,
7612400,
1078228,
0,
2244118,
427100.8,
5350598,
0,
19164.43,
510214.4,
954850.4,
1501272,
788715.8,
269642.9,
140234.8,
5025085,
3388794,
8015410,
126078.5,
1.829877e+07,
1128399,
1094789,
105012.7,
799875.3,
1555145,
0,
6.099483e+07,
2090, 
562051.1,
7618186,
1081051,
0,
2241500,
428254.2,
5369488,
0,
19312.57,
513048.4,
955684.3,
1500970,
790204.8,
269780.7,
140662.3,
5043138,
3403168,
8015118,
125668.5,
1.826919e+07,
1130483,
1097049,
104078.1,
798987.4,
1555918,
0,
6.103298e+07,
2091, 
562898.4,
7621494,
1083342,
0,
2240931,
429047.6,
5386008,
0,
19449.7,
515678.9,
956162,
1500662,
791598.9,
269834,
141064.9,
5059027,
3416110,
8013230,
125207.1,
1.82347e+07,
1132053,
1098624,
103167.6,
797782.1,
1555845,
0,
6.105391e+07,
2092, 
563745.3,
7624936,
1085643,
0,
2240364,
429842.5,
5402695,
0,
19587.88,
518324.4,
956639,
1500359,
792991.3,
269887.1,
141469.3,
5075085,
3429171,
8011346,
124750.8,
1.820075e+07,
1133623,
1100197,
102260.5,
796577.2,
1555773,
0,
6.107601e+07,
2093, 
564591.7,
7628516,
1087954,
0,
2239800,
430639.2,
5419553,
0,
19727.14,
520984.8,
957115.8,
1500061,
794382.2,
269940.3,
141875.6,
5091313,
3442353,
8009468,
124299.6,
1.816734e+07,
1135193,
1101767,
101356.8,
795372.3,
1555700,
0,
6.109931e+07,
2094, 
565437.8,
7632238,
1090275,
0,
2239238,
431437.7,
5436588,
0,
19867.49,
523660.4,
957591.9,
1499769,
795771.4,
269993.3,
142283.8,
5107717,
3455659,
8007593,
123853.5,
1.81345e+07,
1136762,
1103335,
100456.4,
794167.6,
1555628,
0,
6.112382e+07,
2095, 
566283.6,
7636104,
1092606,
0,
2238678,
432237.9,
5453801,
0,
20008.94,
526351.6,
958067.6,
1499483,
797159.2,
270046.2,
142694,
5124300,
3469090,
8005724,
123412.5,
1.810221e+07,
1138331,
1104899,
99559.39,
792962.9,
1555555,
0,
6.114956e+07,
2096, 
567128.9,
7640116,
1094948,
0,
2238120,
433039.8,
5471198,
0,
20151.49,
529058.3,
958543.1,
1499202,
798545.4,
270099.2,
143106,
5141064,
3482649,
8003859,
122976.5,
1.807049e+07,
1139900,
1106461,
98665.63,
791758.3,
1555483,
0,
6.117656e+07,
2097, 
567973.9,
7644277,
1097301,
0,
2237566,
433843.4,
5488781,
0,
20295.17,
531780.9,
959017.8,
1498928,
799929.8,
270152.1,
143520,
5158015,
3496338,
8001997,
122545.6,
1.803934e+07,
1141469,
1108020,
97775.16,
790553.9,
1555411,
0,
6.120482e+07,
2098, 
568818.7,
7648590,
1099666,
0,
2237013,
434648.8,
5506556,
0,
20439.99,
534519.4,
959492.3,
1498659,
801312.9,
270204.9,
143936,
5175156,
3510160,
8000143,
122119.7,
1.800877e+07,
1143038,
1109577,
96887.97,
789349.6,
1555339,
0,
6.123439e+07,
2099, 
569662.9,
7653059,
1102041,
0,
2236463,
435456,
5524526,
0,
20585.96,
537274.3,
959966.2,
1498396,
802694.3,
270257.7,
144353.9,
5192491,
3524118,
7998291,
121698.8,
1.797878e+07,
1144606,
1111131,
96004.02,
788145.4,
1555267,
0,
6.126527e+07,
2100, 
570506.9,
7657686,
1104429,
0,
2235914,
436264.9,
5542697,
0,
20733.09,
540045.5,
960439.6,
1498140,
804074.1,
270310.4,
144773.8,
5210023,
3538213,
7996444,
121282.9,
1.794939e+07,
1146174,
1112682,
95123.31,
786941.4,
1555196,
0,
6.129748e+07];
