real main.em.dem.agr.frt.Pfert[26](t) = [1971, 
321.8186,
4154.977,
163.8159,
144.3208,
624.869,
203.6976,
199.1408,
27.09527,
37.39362,
306.0244,
5727.077,
2282.351,
188.459,
850.5784,
393.3495,
1423.084,
110.2049,
568.4877,
260.3998,
1560.616,
247.3633,
52.77213,
613.751,
948.467,
115.0815,
74.82971,
1972, 
380.8534,
4541.449,
177.9942,
140.6508,
704.1949,
217.6762,
206.9521,
30.26458,
38.82324,
319.2884,
6127.567,
2472.763,
205.6729,
945.9498,
440.6671,
1587.181,
122.0288,
622.6893,
273.6982,
1815.158,
258.9402,
63.44662,
605.9775,
1062.9,
126.7217,
80.83468,
1973, 
397.8655,
4457.192,
194.2063,
148.7786,
821.2944,
233.332,
215.0267,
36.41471,
40.87366,
363.0102,
6438.505,
2604.786,
218.0899,
1023.636,
472.4841,
1709.855,
145.0373,
676.342,
291.4054,
2132.253,
269.4305,
78.37186,
619.215,
1136.996,
144.8395,
86.54286,
1974, 
457.7195,
4517.565,
206.4497,
189.3593,
986.901,
260.8502,
232.5591,
53.04478,
43.23962,
379.7052,
5947.081,
2558.392,
264.6485,
1134.967,
517.2573,
1889.366,
180.1458,
633.2145,
333.9235,
2666.944,
333.531,
143.7514,
679.6982,
765.4067,
158.8606,
81.59789,
1975, 
549.2629,
4393.25,
257.166,
186.2135,
1250.936,
266.1371,
268.686,
66.19158,
37.998,
394.6329,
5489,
2457.42,
342.7739,
1374.634,
622.8228,
2286.639,
261.354,
523.1693,
361.2795,
2638.869,
334.6063,
179.4133,
661.1497,
984.746,
229.684,
89.4555,
1976, 
589.6203,
4944.562,
203.2361,
182.5406,
1462.864,
255.6542,
274.9002,
79.92264,
40.26332,
381.3479,
5598.881,
2796.081,
480.5562,
1477.309,
665.5148,
2446.834,
240.9482,
820.7379,
299.4168,
2222.155,
278.7199,
167.8953,
714.8208,
989.686,
246.9424,
106.8732,
1977, 
651.2631,
4890.697,
234.0488,
161.1154,
1322.126,
261.2674,
291.6643,
62.62386,
65.33398,
360.0546,
5728.846,
3059.953,
532.4832,
1789.775,
821.3729,
3008.982,
246.8503,
894.806,
371.8693,
2245.44,
291.4591,
134.7037,
745.6606,
1313.015,
311.2371,
109.0974,
1978, 
591.1163,
5311.866,
275.6346,
175.5797,
1370.732,
292.6399,
258.549,
68.37365,
71.57856,
397.5819,
6177.354,
2964.633,
576.4648,
1899.228,
867.8602,
3181.536,
252.0924,
1105.994,
339.0905,
1408.693,
386.6228,
159.3549,
783.6398,
1306.496,
329.6491,
109.8202,
1979, 
576.7696,
4753.918,
257.2714,
164.6915,
1493.377,
356.0621,
323.8211,
72.43049,
57.92211,
433.7545,
6219.606,
3053.287,
658.6287,
2073.002,
952.9301,
3491.595,
328.94,
1052.215,
349.1255,
2269.746,
382.4577,
178.2422,
745.5792,
1262.769,
355.1855,
90.79753,
1980, 
610.687,
4725.269,
272.2046,
178.1794,
1738.71,
351.7588,
354.9251,
88.12777,
56.85148,
450.5456,
5881.861,
2988.736,
471.67,
1672.323,
757.0551,
2782.168,
433.5775,
1162.46,
320.4893,
2867.369,
375.6698,
266.8285,
761.7987,
1165.47,
375.341,
96.88828,
1981, 
665.9128,
4594.525,
332.9334,
159.903,
1570.4,
340.209,
359.0811,
97.1258,
80.74867,
493.9122,
5596.028,
3031.518,
506.4263,
1742.823,
794.7435,
2898.802,
390.8489,
1220.8,
317.1954,
3455.717,
369.8864,
283.5563,
704.3748,
1062.595,
430.5835,
88.66881,
1982, 
640.0505,
4420.721,
352.2464,
164.578,
1472.479,
397.7818,
343.5703,
110.9155,
65.28842,
451.2675,
5196.427,
2761.328,
538.4055,
1706.348,
763.6459,
2830.323,
479.4877,
1348.933,
322.4509,
3694.32,
344.0517,
375.3052,
671.619,
1117.628,
453.7286,
79.65332,
1983, 
575.1473,
4178.28,
308.6273,
186.2112,
1378.894,
392.827,
391.0296,
116.2058,
101.2233,
371.8221,
5361.22,
2877.201,
544.0383,
1638.839,
713.4727,
2697.449,
496.6516,
1469.24,
324.4597,
4219.621,
352.1472,
374.6484,
701.6938,
1073.659,
513.5593,
92.23001,
1984, 
540.5499,
3824.104,
347.296,
185.3643,
1537.816,
406.7418,
441.3437,
134.4302,
66.21317,
357.1653,
5123.493,
2802.083,
513.8922,
1678.333,
734.2145,
2768.903,
622.8225,
1845.16,
328.393,
4018.714,
396.4023,
377.0199,
709.28,
1083.581,
562.2776,
93.34287,
1985, 
573.4572,
4224.32,
362.0169,
176.805,
1246.109,
450.5514,
510.8176,
145.0661,
60.24234,
393.6127,
4908.957,
2519.308,
497.6676,
1812.719,
819.3716,
3015.32,
725.2141,
2032.584,
338.8179,
3354.398,
439.5568,
440.9099,
692.0809,
1003.324,
574.5602,
93.10144,
1986, 
639.4388,
4002.127,
367.0383,
173.5422,
1424.816,
447.3141,
418.6419,
149.9096,
92.70085,
374.4573,
4694.81,
2510.433,
557.3576,
1979.861,
898.8039,
3295.988,
737.4716,
1949.86,
346.082,
3548.359,
430.9583,
492.9409,
694.7684,
999.8318,
599.5891,
92.65388,
1987, 
574.174,
3539.552,
367.4332,
191.4095,
1444.175,
483.5002,
436.5756,
161.8957,
118.9476,
340.7968,
4713.279,
2321.794,
564.1379,
1995.664,
903.093,
3286.875,
812.4706,
1892.046,
363.0455,
4425.583,
443.915,
496.1799,
716.3046,
1104.256,
612.3066,
97.79827,
1988, 
540.3268,
3451.75,
362.5863,
198.1402,
1641.748,
470.1078,
398.1256,
163.5478,
92.96747,
337.9674,
4708.222,
2126.424,
487.0884,
2063.949,
912.4878,
3349.768,
860.3996,
2375.836,
367.3168,
4805.059,
520.4971,
536.9789,
698.6583,
1031.109,
646.7891,
98.24326,
1989, 
541.1978,
3642.873,
330.4334,
183.6364,
1396.206,
479.3622,
379.9809,
151.2624,
121.3772,
293.8504,
4728.94,
2080.994,
587.2903,
2336.609,
1050.655,
3853.217,
855.8788,
3006.478,
393.9266,
5120.683,
531.6708,
596.6267,
698.9357,
1039.417,
630.4703,
97.44432,
1990, 
600.8214,
3805.078,
351.8477,
208.6697,
1273.448,
481.4061,
429.1372,
149.2364,
107.4292,
263.8365,
4560.066,
1793.933,
597.6766,
2123.934,
1232.045,
4365.407,
1074.183,
3116.012,
384.0086,
5827.826,
695.6284,
559.264,
687.301,
800.6278,
695.0822,
91.89639,
1991, 
599.6606,
3991.719,
412.6507,
192.7989,
1364.622,
538.9167,
382.6235,
146.9087,
134.5258,
214.5295,
4288.477,
1061.292,
666.9656,
1476.47,
1030.371,
2773.958,
994.8658,
3277.818,
355.6692,
7366.988,
694.0981,
600.4719,
713.0125,
952.2206,
692.9359,
78.49178,
1992, 
609.8057,
4002.192,
291.2778,
153.8117,
1541.868,
560.634,
356.7033,
146.0806,
137.6936,
199.1482,
4128.014,
954.1501,
643.468,
873.6696,
872.7192,
1275.621,
940.7563,
2828.412,
303.2205,
7021.557,
790.6556,
586.5529,
655.1445,
1124.86,
758.9421,
74.26215,
1993, 
601.1602,
3937.627,
314.5174,
177.104,
1610.294,
628.3068,
321.0175,
155.9108,
135.984,
237.0095,
3844.374,
725.8941,
662.1594,
650.7986,
745.4069,
748.2865,
925.4908,
2683.857,
281.8659,
6485.333,
891.3409,
604.7414,
659.8065,
1070.753,
692.1379,
66.94038,
1994, 
626.2802,
3877.623,
365.1475,
176.1066,
1818.768,
588.6187,
335.9673,
97.0106,
182.1078,
234.489,
3691.358,
674.4547,
481.8491,
247.8418,
241.7449,
360.3378,
909.187,
2874.297,
231.5151,
8317.93,
880.8723,
567.0953,
639.4379,
1299.26,
664.516,
69.59116,
1995, 
654.9662,
4047.447,
199.7091,
182.0586,
1722.648,
605.0025,
307.9417,
142.6042,
204.2826,
243.2508,
3657.845,
767.3902,
588.1415,
205.4988,
177.7214,
340.7134,
779.9653,
2915.76,
273.2815,
8523.118,
1244.654,
390.1876,
646.1115,
1358.221,
683.1419,
83.08958,
1996, 
670.6557,
4000.252,
306.527,
179.7629,
1814.53,
727.0914,
316.9478,
103.0141,
148.5496,
238.7388,
3770.005,
732.4293,
569.5953,
284.1342,
271.2197,
393.5043,
794.2757,
2948.363,
245.5798,
7505.247,
1201.568,
299.6531,
619.3708,
1401.33,
579.9165,
71.63013,
1997, 
707.2855,
4239.916,
269.8464,
180.2712,
1939.699,
779.8521,
387.5833,
116.9333,
158.4933,
228.2343,
3757.484,
671.368,
630.4752,
219.7167,
93.1656,
332.9125,
731.7873,
3758.567,
211.3388,
9655.978,
1208.62,
308.4184,
597.2681,
1611.359,
728.6708,
75.8418,
1998, 
676.6577,
3841.034,
281.4437,
182.666,
1957.976,
854.5852,
329.2001,
133.4571,
178.0357,
207.6146,
3569.567,
697.4766,
641.6505,
177.4016,
117.9099,
312.7031,
728.4844,
3910.066,
212.4011,
9868.902,
1141.338,
321.0275,
575.3323,
1413.108,
711.1611,
79.15261,
1999, 
670.3109,
3907.201,
306.571,
187.7096,
1846.226,
882.9609,
369.4997,
122.9064,
192.6695,
222.3382,
3369.099,
632.6011,
582.777,
92.63816,
117.169,
192.0762,
782.026,
4559.04,
236.2006,
8684.726,
1152.798,
322.464,
570.2023,
1378.854,
875.174,
82.51881,
2000, 
635.7385,
3999.988,
317.4026,
205.7872,
2201.451,
833.8013,
345.1073,
125.9099,
164.7781,
186.2065,
3109.02,
582.5929,
655.884,
142.1827,
119.705,
292.4654,
869.0542,
4387.578,
212.3798,
8710.599,
1186.378,
261.6256,
578.5394,
1658.891,
984.5323,
92.21379,
2001, 
557.0453,
4037.869,
363.9328,
226.0253,
2637.501,
883.6016,
348.112,
113.4583,
134.2792,
229.1219,
2971.032,
640.0424,
557.3876,
120.4714,
98.27547,
303.6793,
669.9783,
4320.205,
155.6371,
9189.35,
1323.802,
282.4664,
525.2167,
1420.645,
932.6124,
86.64764,
2002, 
527.7231,
3674.974,
355.8535,
155.7731,
2900.746,
767.3388,
399.3654,
136.269,
164.1018,
192.9917,
2850.552,
640.4474,
513.4752,
104.3344,
93.11614,
348.1603,
687.7858,
4404.313,
198.5616,
9131.724,
1199.378,
331.4046,
495.8142,
1424.076,
938.9873,
100.144,
2003, 
581.576,
4013.438,
330.6749,
186.1676,
2979.356,
864.2527,
372.2633,
129.2536,
136.5263,
198.6077,
2705.398,
680.2442,
543.7901,
89.55003,
65.20289,
344.1831,
849.5494,
4285.749,
169.0761,
9886.021,
1222.405,
337.5018,
514.0698,
1419.319,
958.9821,
110.4815,
2004, 
616.7636,
4272.619,
370.8323,
172.2605,
3490.02,
1044.839,
428.2534,
143.1196,
147.385,
222.63,
2675.159,
713.8815,
584.7517,
123.2818,
69.38757,
367.1946,
790.0429,
4824.67,
145.2191,
10512.74,
1266.846,
406.3104,
517.7101,
1598.786,
1117.993,
92.53492,
2005, 
575.8996,
4219.604,
373.581,
188.8712,
2858.397,
1199.286,
440.638,
129.8987,
115.39,
182.5118,
2411.232,
835.0125,
606.0421,
158.9604,
39.3344,
359.6445,
910.8676,
5227.979,
147.141,
10949.03,
1300.337,
437.5069,
538.7241,
1451.421,
1245.996,
115.1879,
2006, 
581.5651,
3838.869,
388.7725,
178.3662,
3500.171,
1202.427,
530.5638,
146.8665,
110.2911,
196.9337,
2385.592,
830.3457,
634.6649,
223.2653,
44.44816,
396.5559,
951.4612,
5510.283,
127.1622,
11190.3,
1437.415,
503.5467,
544.5105,
1460.056,
1373.712,
119.9054,
2007, 
587.2303,
3647.615,
262.8477,
197.6574,
3731.535,
1333.385,
491.9671,
143.4518,
132.5549,
181.9676,
2292.409,
923.2731,
586.3006,
274.3603,
55.50057,
372.1009,
930.2952,
5547.12,
134.5387,
10776.5,
1423.755,
522.0912,
542.9,
1353.367,
930.9672,
90.05886,
2008, 
541.5794,
2896.195,
196.0278,
157.1158,
3958.036,
1287.663,
441.0499,
88.44592,
131.619,
184.043,
1341.859,
851.7006,
468.6319,
249.9416,
76.9025,
344.014,
762.978,
6596.762,
110.597,
10080.33,
1401.479,
393.8664,
448.7401,
1089.49,
842.0786,
88.78339,
2009, 
585.0242,
3465.352,
288.6266,
144.6124,
4507.204,
1359.877,
456.5078,
94.59263,
129.2583,
186.1346,
1752.102,
879.9185,
694.5366,
295.1129,
71.30126,
360.3726,
767.215,
7543.118,
114.3867,
10790.19,
1141.767,
365.9438,
503.1543,
882.0625,
1242.631,
81.99892,
2010, 
661.9885,
3362.622,
307.1191,
167.7516,
4568.929,
1470.065,
540.8368,
69.27264,
120.453,
182.5687,
1681.634,
1005.625,
684.7091,
309.2422,
106.0914,
371.2497,
803.7324,
8281.994,
125.2008,
12630.71,
1273.438,
438.0639,
505.0674,
885.4145,
1350.298,
92.82539,
2011, 
637.3812,
3223.046,
287.0851,
168.4716,
4830.741,
1565.238,
586.2585,
106.4824,
128.0379,
195.5616,
1720.797,
940.9198,
701.5121,
270.6264,
99.81576,
368.2513,
655.47,
8070.722,
118.124,
12516.6,
1302.065,
536.9244,
544.0789,
834.6649,
1488.083,
120.5001,
2012, 
617.4733,
3443.859,
301.5266,
174.4683,
5820.644,
1459.777,
657.9689,
129.2365,
137.0243,
199.1254,
1732.647,
989.7601,
674.8866,
254.5916,
101.6966,
386.9266,
558.5467,
7221.62,
116.6688,
12565.29,
1298.967,
620.8669,
504.4735,
743.6234,
1809.39,
146.6274,
2013, 
667.8151,
3394.568,
286.4772,
216.4827,
6391.497,
1592.675,
665.7412,
107.7663,
143.8483,
201.8313,
1688.586,
1037.023,
719.0233,
244.26,
109.4076,
407.2565,
543.1314,
6352.274,
114.5232,
11235.4,
1411.311,
834.2163,
506.0666,
623.3521,
1961.321,
190.3189,
2014, 
671.3268,
3348.34,
289.7391,
217.4565,
7078.56,
1621.177,
670.4963,
116.3783,
147.8288,
204.8104,
1667.435,
1056.981,
724.1865,
245.5394,
111.3875,
414.9741,
556.8981,
6565.153,
113.3542,
11346.67,
1417.609,
844.2408,
506.4032,
611.45,
2047.043,
195.6944,
2015, 
674.7111,
3304.279,
293.0013,
218.406,
7891.992,
1649.255,
675.1153,
126.9707,
151.801,
207.7499,
1647.021,
1077.589,
729.2524,
246.8106,
113.3619,
422.6251,
570.3948,
6780.968,
112.2197,
11456.64,
1424.153,
854.1066,
506.7397,
600.5067,
2135.367,
198.7556,
2016, 
681.1422,
3319.157,
298.8529,
222.802,
8029.699,
1698.302,
695.2144,
141.3027,
159.5466,
213.2063,
1655.43,
1103.04,
743.7258,
247.0861,
116.1092,
433.1779,
594.2295,
7026.678,
112.4996,
11631.27,
1463.361,
871.0214,
506.8644,
608.0026,
2212.018,
202.511,
2017, 
687.5143,
3333.861,
304.7724,
227.2279,
8164.113,
1747.836,
715.6595,
156.5837,
167.8062,
218.6591,
1663.833,
1129.552,
758.2922,
247.3771,
118.899,
443.8737,
618.4593,
7277.769,
112.7782,
11805.86,
1503.514,
887.8983,
506.989,
615.541,
2290.033,
205.7453,
2018, 
693.8278,
3348.395,
310.7652,
231.6845,
8298.217,
1797.86,
736.4594,
171.0062,
176.2012,
224.1096,
1672.231,
1157.192,
772.9525,
247.6885,
121.7324,
454.7174,
643.0939,
7534.414,
113.0556,
11980.39,
1545.112,
904.7545,
507.1135,
623.0817,
2369.437,
211.6473,
2019, 
700.0812,
3362.76,
316.8481,
236.1713,
8431.28,
1848.425,
757.6234,
184.1832,
185.076,
229.5584,
1680.622,
1186.034,
787.7076,
248.0572,
124.6094,
465.713,
668.1435,
7796.796,
113.3316,
12154.87,
1588.329,
921.579,
507.2376,
630.5861,
2450.213,
220.46,
2020, 
706.3163,
3376.96,
323.0255,
240.6878,
8563.858,
1899.514,
779.1614,
196.9252,
194.8642,
234.9259,
1689.007,
1216.159,
802.5583,
248.4773,
127.5308,
476.9223,
693.6185,
8064.97,
113.6065,
12329.27,
1633.279,
938.3709,
507.3618,
638.038,
2532.459,
231.3428,
2021, 
709.0502,
3384.479,
328.7487,
244.8731,
8675.464,
1941.425,
802.3814,
211.4947,
208.1528,
240.7485,
1694.677,
1246.342,
816.4344,
249.524,
129.3318,
489.1445,
718.862,
8300.285,
113.6387,
12418.22,
1676.215,
951.255,
505.8239,
641.9316,
2603.249,
243.6726,
2022, 
711.7795,
3391.913,
334.5715,
249.0786,
8787.909,
1983.755,
826.019,
227.6012,
223.1628,
246.4824,
1700.343,
1277.929,
830.4009,
250.6132,
131.1612,
501.6059,
744.5412,
8540.927,
113.6708,
12507.15,
1720.278,
964.1152,
504.2888,
645.8867,
2675.356,
257.1762,
2023, 
714.505,
3399.261,
340.5087,
253.308,
8901.687,
2026.585,
850.0854,
245.4504,
240.1949,
252.1798,
1706.005,
1311.021,
844.4588,
251.7419,
133.0193,
514.3097,
770.668,
8787.089,
113.7027,
12596.06,
1765.932,
977.1167,
502.7567,
649.9595,
2748.82,
272.082,
2024, 
717.2258,
3406.529,
346.5715,
257.5508,
9016.968,
2069.812,
874.5923,
264.8058,
258.6079,
257.7619,
1711.663,
1345.729,
858.6087,
252.8615,
134.9068,
527.2562,
797.2533,
9038.985,
113.7345,
12684.94,
1812.384,
990.0704,
501.2276,
654.1959,
2823.739,
289.8752,
2025, 
1245.481,
4116.607,
503.8651,
320.5971,
5253.314,
1866.548,
431.4571,
233.1546,
444.1249,
209.2281,
1535.094,
1152.425,
718.9589,
382.7126,
158.9085,
622.6574,
541.3091,
8373.381,
123.8112,
11011.26,
2101.829,
1182.496,
560.8752,
1069.607,
2617.742,
253.2318,
2026, 
1253.099,
4121.792,
512.1919,
326.0598,
5283.627,
1904.445,
444.3016,
247.6174,
467.7605,
212.0645,
1541.438,
1187.301,
730.3013,
384.3309,
162.121,
635.1377,
557.382,
8598.685,
123.7251,
11070.89,
2144.045,
1204.112,
558.5535,
1075.323,
2693.548,
266.2712,
2027, 
1260.683,
4126.919,
520.6127,
331.5542,
5313.848,
1942.748,
457.3879,
262.6441,
492.243,
214.8756,
1547.779,
1224.013,
741.715,
385.941,
165.3837,
647.8105,
573.7423,
8829.442,
123.6392,
11130.5,
2186.883,
1225.707,
556.2365,
1080.991,
2770.829,
279.8598,
2028, 
1268.232,
4131.991,
529.1295,
337.0809,
5343.978,
1981.463,
470.7228,
278.2685,
517.6187,
217.662,
1554.118,
1262.712,
753.2003,
387.5428,
168.6978,
660.6805,
590.3977,
9065.86,
123.5538,
11190.1,
2230.357,
1247.28,
553.924,
1086.613,
2849.63,
294.0331,
2029, 
1275.747,
4137.008,
537.7436,
342.64,
5374.019,
2020.597,
484.3137,
294.5266,
543.9373,
220.4239,
1560.454,
1303.562,
764.7584,
389.1365,
172.0645,
673.7523,
607.3563,
9308.146,
123.4687,
11249.67,
2274.48,
1268.831,
551.6161,
1092.189,
2929.994,
308.8297,
2030, 
1283.228,
4141.97,
546.457,
348.2319,
5403.968,
2060.156,
498.1679,
311.4581,
571.2524,
223.1617,
1566.788,
1346.748,
776.3895,
390.7222,
175.4852,
687.0308,
624.6264,
9556.518,
123.3841,
11309.23,
2319.269,
1290.361,
549.313,
1097.72,
3011.972,
324.2916,
2031, 
1296.233,
4157.993,
552.7529,
351.299,
5398.227,
2087.236,
506.0876,
327.0759,
596.8693,
224.4389,
1571.965,
1348.35,
784.0856,
393.1722,
177.3222,
698.0565,
636.1718,
9647.48,
123.0836,
11337.3,
2338.508,
1307.032,
547.1969,
1103.357,
3059.588,
340.6301,
2032, 
1309.273,
4174,
559.0635,
354.3431,
5392.54,
2114.392,
514.006,
343.0674,
622.8607,
225.6919,
1577.134,
1349.947,
791.7731,
395.6218,
179.182,
709.2728,
647.7905,
9738.584,
122.7848,
11365.45,
2357.722,
1323.697,
545.0794,
1108.994,
3107.552,
357.4074,
2033, 
1322.349,
4189.99,
565.3889,
357.3644,
5386.906,
2141.624,
521.9232,
359.4462,
649.2351,
226.9212,
1582.297,
1351.54,
799.452,
398.0707,
181.065,
720.6844,
659.4832,
9829.827,
122.4877,
11393.69,
2376.911,
1340.357,
542.9603,
1114.632,
3155.866,
374.6416,
2034, 
1335.459,
4205.964,
571.7286,
360.3633,
5381.326,
2168.934,
529.8391,
376.2267,
676.001,
228.1276,
1587.452,
1353.128,
807.1225,
400.5189,
182.9718,
732.2968,
671.2505,
9921.21,
122.1923,
11422.01,
2396.073,
1357.011,
540.8397,
1120.271,
3204.534,
392.3515,
2035, 
1348.605,
4221.921,
578.0834,
363.3399,
5375.796,
2196.32,
537.7536,
393.4236,
703.1671,
229.3117,
1592.6,
1354.712,
814.7842,
402.9664,
184.9026,
744.115,
683.0934,
10012.73,
121.8985,
11450.41,
2415.211,
1373.659,
538.7177,
1125.91,
3253.562,
410.557,
2036, 
1361.786,
4237.864,
584.453,
366.2944,
5370.318,
2223.785,
545.6669,
411.0529,
730.7425,
230.4741,
1597.74,
1356.292,
822.4376,
405.4133,
186.858,
756.1447,
695.0124,
10104.39,
121.6064,
11478.89,
2434.323,
1390.302,
536.5941,
1131.55,
3302.951,
429.2792,
2037, 
1375.003,
4253.791,
590.8375,
369.2273,
5364.891,
2251.327,
553.5787,
429.1309,
758.7366,
231.6154,
1602.874,
1357.867,
830.0822,
407.8595,
188.8385,
768.3916,
707.0084,
10196.2,
121.3158,
11507.46,
2453.409,
1406.939,
534.4688,
1137.191,
3352.707,
448.5408,
2038, 
1388.255,
4269.699,
597.2368,
372.1385,
5359.514,
2278.948,
561.4894,
447.675,
787.1588,
232.7361,
1608.001,
1359.439,
837.7185,
410.305,
190.8445,
780.8616,
719.0818,
10288.14,
121.027,
11536.12,
2472.47,
1423.571,
532.3422,
1142.832,
3402.834,
468.3649,
2039, 
1401.544,
4285.593,
603.6511,
375.0286,
5354.186,
2306.647,
569.3988,
466.7036,
816.0192,
233.8369,
1613.121,
1361.006,
845.3461,
412.75,
192.8764,
793.5609,
731.2338,
10380.23,
120.7397,
11564.86,
2491.507,
1440.196,
530.214,
1148.474,
3453.335,
488.7768,
2040, 
1414.868,
4301.471,
610.0806,
377.8976,
5348.905,
2334.425,
577.3069,
486.2357,
845.328,
234.9182,
1618.234,
1362.569,
852.9653,
415.1942,
194.935,
806.4957,
743.4649,
10472.46,
120.454,
11593.68,
2510.517,
1456.816,
528.0844,
1154.116,
3504.216,
509.8029,
2041, 
1425.927,
4311.999,
616.0315,
380.5528,
5330.196,
2357.298,
584.6471,
503.7477,
878.5822,
235.6511,
1622.903,
1362.778,
859.4297,
417.1005,
196.6748,
817.7465,
754.3954,
10542.89,
120.0725,
11599.96,
2524.509,
1470.374,
525.6793,
1157.544,
3543.868,
539.459,
2042, 
1437.015,
4322.514,
621.9965,
383.1888,
5311.655,
2380.236,
591.986,
521.7357,
912.361,
236.3712,
1627.566,
1362.987,
865.887,
419.0064,
198.4376,
829.2097,
765.3976,
10613.43,
119.6932,
11606.25,
2538.482,
1483.927,
523.2725,
1160.972,
3583.819,
570.0354,
2043, 
1448.133,
4333.021,
627.9753,
385.8059,
5293.28,
2403.241,
599.3239,
540.2195,
946.6771,
237.0789,
1632.221,
1363.195,
872.3372,
420.9118,
200.2238,
840.892,
776.4724,
10684.08,
119.3159,
11612.57,
2552.436,
1497.476,
520.864,
1164.401,
3624.074,
601.5754,
2044, 
1459.282,
4343.517,
633.9684,
388.4041,
5275.069,
2426.312,
606.6604,
559.2198,
981.5437,
237.7746,
1636.871,
1363.402,
878.78,
422.8166,
202.0341,
852.7993,
787.6199,
10754.84,
118.9407,
11618.9,
2566.373,
1511.02,
518.4537,
1167.83,
3664.635,
634.1254,
2045, 
1470.462,
4354.001,
639.9756,
390.9838,
5257.021,
2449.448,
613.9957,
578.7586,
1016.973,
238.4584,
1641.514,
1363.609,
885.2158,
424.7209,
203.8687,
864.9381,
798.8416,
10825.71,
118.5676,
11625.25,
2580.29,
1524.56,
516.0418,
1171.26,
3705.506,
667.7347,
2046, 
1481.672,
4364.476,
645.997,
393.545,
5239.132,
2472.651,
621.3298,
598.8592,
1052.98,
239.1308,
1646.151,
1363.816,
891.6443,
426.6247,
205.7283,
877.3158,
810.1376,
10896.69,
118.1964,
11631.62,
2594.189,
1538.094,
513.6282,
1174.689,
3746.692,
702.4557,
2047, 
1492.912,
4374.939,
652.0327,
396.0882,
5221.401,
2495.92,
628.663,
619.5461,
1089.579,
239.792,
1650.782,
1364.021,
898.0658,
428.528,
207.6134,
889.939,
821.509,
10967.78,
117.8273,
11638.01,
2608.07,
1551.625,
511.2127,
1178.119,
3788.194,
738.3448,
2048, 
1504.184,
4385.392,
658.0825,
398.6133,
5203.825,
2519.257,
635.9946,
640.8452,
1126.784,
240.4423,
1655.407,
1364.227,
904.4802,
430.4308,
209.5244,
902.8153,
832.9565,
11038.97,
117.4602,
11644.42,
2621.933,
1565.15,
508.7955,
1181.55,
3830.018,
775.4617,
2049, 
1515.486,
4395.835,
664.1467,
401.1205,
5186.402,
2542.661,
643.3252,
662.7844,
1164.611,
241.0819,
1660.025,
1364.432,
910.8876,
432.3331,
211.4619,
915.9521,
844.4809,
11110.28,
117.0951,
11650.85,
2635.777,
1578.671,
506.3766,
1184.981,
3872.167,
813.8706,
2050, 
1526.819,
4406.268,
670.2253,
403.6102,
5169.131,
2566.133,
650.6545,
685.3926,
1203.074,
241.7112,
1664.637,
1364.635,
917.2876,
434.2348,
213.4265,
929.3577,
856.0827,
11181.7,
116.7319,
11657.3,
2649.603,
1592.188,
503.956,
1188.412,
3914.644,
853.6403,
2051, 
1533.796,
4410.017,
673.8412,
407.2335,
5162.275,
2583.336,
656.5309,
696.8888,
1229.933,
244.9996,
1670.12,
1365.988,
922.7175,
435.7816,
214.1539,
935.4824,
862.9899,
11194.17,
116.1375,
11605.61,
2662.026,
1601.368,
500.5823,
1189.37,
3929.635,
892.127,
2052, 
1540.77,
4413.755,
677.4542,
410.8639,
5155.453,
2600.576,
662.4141,
708.5118,
1256.972,
248.3008,
1675.597,
1367.338,
928.1412,
437.3268,
214.8843,
941.6403,
869.9332,
11206.61,
115.5482,
11554.13,
2674.448,
1610.532,
497.2221,
1190.328,
3944.6,
931.0972,
2053, 
1547.74,
4417.479,
681.0642,
414.5015,
5148.661,
2617.851,
668.3043,
720.2641,
1284.193,
251.615,
1681.069,
1368.687,
933.5584,
438.8702,
215.6179,
947.8323,
876.9127,
11219.02,
114.9638,
11502.86,
2686.867,
1619.68,
493.8754,
1191.285,
3959.539,
970.5599,
2054, 
1554.708,
4421.193,
684.6715,
418.1462,
5141.901,
2635.161,
674.2012,
732.1473,
1311.597,
254.942,
1686.535,
1370.034,
938.9695,
440.4119,
216.3546,
954.0587,
883.929,
11231.39,
114.3843,
11451.79,
2699.285,
1628.811,
490.542,
1192.243,
3974.452,
1010.524,
2055, 
1561.673,
4424.894,
688.2757,
421.7982,
5135.172,
2652.508,
680.1049,
744.1644,
1339.186,
258.2822,
1691.997,
1371.379,
944.3742,
441.9519,
217.0945,
960.3192,
890.9825,
11243.73,
113.8097,
11400.93,
2711.701,
1637.926,
487.222,
1193.2,
3989.338,
1051,
2056, 
1568.635,
4428.582,
691.8768,
425.4574,
5128.474,
2669.89,
686.0157,
756.3171,
1366.964,
261.6353,
1697.452,
1372.722,
949.7729,
443.4903,
217.8375,
966.615,
898.0729,
11256.04,
113.2398,
11350.27,
2724.115,
1647.024,
483.9151,
1194.157,
4004.198,
1091.998,
2057, 
1575.593,
4432.259,
695.4754,
429.1238,
5121.806,
2687.309,
691.9334,
768.6077,
1394.93,
265.0016,
1702.902,
1374.063,
955.1651,
445.0269,
218.5838,
972.9457,
905.2012,
11268.32,
112.6746,
11299.82,
2736.528,
1656.106,
480.6214,
1195.115,
4019.033,
1133.527,
2058, 
1582.549,
4435.923,
699.0709,
432.7976,
5115.17,
2704.764,
697.858,
781.0388,
1423.087,
268.3812,
1708.348,
1375.402,
960.5511,
446.562,
219.3332,
979.3119,
912.3671,
11280.56,
112.1141,
11249.56,
2748.938,
1665.172,
477.3407,
1196.072,
4033.842,
1175.599,
2059, 
1589.501,
4439.577,
702.6633,
436.4786,
5108.564,
2722.255,
703.7896,
793.6127,
1451.438,
271.7741,
1713.787,
1376.74,
965.931,
448.0952,
220.086,
985.7138,
919.5712,
11292.78,
111.5583,
11199.51,
2761.348,
1674.222,
474.073,
1197.029,
4048.624,
1218.222,
2060, 
1596.451,
4443.218,
706.253,
440.1669,
5101.988,
2739.782,
709.7281,
806.3318,
1479.984,
275.1804,
1719.221,
1378.076,
971.3046,
449.6269,
220.8419,
992.1514,
926.8139,
11304.96,
111.0069,
11149.65,
2773.755,
1683.255,
470.8181,
1197.985,
4063.38,
1261.41,
2061, 
1602.68,
4444.444,
709.3777,
443.7112,
5095.227,
2753.831,
714.415,
818.5198,
1500.08,
278.2312,
1723.23,
1378.809,
975.7733,
450.7189,
221.5645,
998.6217,
933.5767,
11310.79,
110.4098,
11097.71,
2782.978,
1690.69,
467.4327,
1198.279,
4075.022,
1299.105,
2062, 
1608.908,
4445.667,
712.4999,
447.2624,
5088.498,
2767.907,
719.1074,
830.8501,
1520.316,
281.294,
1727.234,
1379.541,
980.2368,
451.8096,
222.2902,
1005.128,
940.3757,
11316.6,
109.8175,
11045.99,
2792.199,
1698.111,
464.0606,
1198.572,
4086.642,
1337.305,
2063, 
1615.131,
4446.886,
715.6197,
450.8209,
5081.799,
2782.014,
723.8053,
843.3253,
1540.693,
284.3691,
1731.235,
1380.272,
984.6951,
452.8993,
223.0191,
1011.672,
947.2112,
11322.4,
109.2299,
10994.46,
2801.42,
1705.52,
460.7017,
1198.864,
4098.242,
1376.02,
2064, 
1621.353,
4448.101,
718.7369,
454.3864,
5075.13,
2796.15,
728.5087,
855.9484,
1561.212,
287.4564,
1735.232,
1381.002,
989.1485,
453.9877,
223.7512,
1018.253,
954.0838,
11328.18,
108.6471,
10943.14,
2810.638,
1712.915,
457.356,
1199.157,
4109.824,
1415.261,
2065, 
1627.572,
4449.312,
721.8516,
457.959,
5068.492,
2810.315,
733.2177,
868.7214,
1581.874,
290.556,
1739.224,
1381.731,
993.5965,
455.0749,
224.4865,
1024.871,
960.9937,
11333.95,
108.069,
10892.02,
2819.856,
1720.297,
454.0233,
1199.45,
4121.383,
1455.039,
2066, 
1633.789,
4450.519,
724.9637,
461.5388,
5061.883,
2824.511,
737.9321,
881.6475,
1602.682,
293.668,
1743.213,
1382.459,
998.0394,
456.1609,
225.225,
1031.527,
967.9409,
11339.71,
107.4955,
10841.1,
2829.073,
1727.665,
450.7036,
1199.743,
4132.923,
1495.364,
2067, 
1640.002,
4451.721,
728.0735,
465.1256,
5055.304,
2838.736,
742.6522,
894.7292,
1623.636,
296.7925,
1747.198,
1383.186,
1002.477,
457.2457,
225.9668,
1038.221,
974.926,
11345.45,
106.9266,
10790.38,
2838.288,
1735.021,
447.3969,
1200.036,
4144.443,
1536.249,
2068, 
1646.213,
4452.921,
731.1805,
468.7198,
5048.755,
2852.992,
747.3778,
907.9694,
1644.739,
299.9296,
1751.179,
1383.912,
1006.91,
458.3294,
226.7118,
1044.954,
981.9489,
11351.17,
106.3621,
10739.86,
2847.501,
1742.363,
444.103,
1200.329,
4155.943,
1577.704,
2069, 
1652.421,
4454.115,
734.2852,
472.321,
5042.235,
2867.276,
752.1089,
921.3709,
1665.992,
303.0792,
1755.156,
1384.637,
1011.338,
459.4119,
227.4602,
1051.726,
989.0106,
11356.88,
105.8021,
10689.53,
2856.714,
1749.693,
440.822,
1200.622,
4167.424,
1619.743,
2070, 
1658.627,
4455.308,
737.3872,
475.9296,
5035.744,
2881.592,
756.8456,
934.9368,
1687.396,
306.2416,
1759.129,
1385.361,
1015.761,
460.4932,
228.2118,
1058.536,
996.111,
11362.58,
105.2465,
10639.4,
2865.925,
1757.01,
437.5536,
1200.914,
4178.884,
1662.376,
2071, 
1663.498,
4453.082,
739.9703,
479.0911,
5029.265,
2892.573,
760.5475,
948.4311,
1703.373,
308.7975,
1761.553,
1385.267,
1018.933,
461.0071,
228.9422,
1063.82,
1002.271,
11366.51,
104.6913,
10583.82,
2872.123,
1762.932,
434.2245,
1199.828,
4185.793,
1694.336,
2072, 
1668.367,
4450.862,
742.5513,
482.2589,
5022.814,
2903.578,
764.2537,
962.0928,
1719.464,
311.3637,
1763.974,
1385.173,
1022.103,
461.5205,
229.6759,
1069.135,
1008.464,
11370.43,
104.1405,
10528.46,
2878.32,
1768.844,
430.9082,
1198.741,
4192.692,
1726.754,
2073, 
1673.235,
4448.651,
745.1301,
485.4331,
5016.391,
2914.606,
767.9645,
975.9252,
1735.672,
313.9403,
1766.393,
1385.079,
1025.268,
462.0334,
230.4128,
1074.48,
1014.692,
11374.34,
103.5939,
10473.31,
2884.517,
1774.746,
427.6048,
1197.655,
4199.579,
1759.641,
2074, 
1678.1,
4446.445,
747.7068,
488.6137,
5009.998,
2925.657,
771.6794,
989.9315,
1751.996,
316.5275,
1768.809,
1384.986,
1028.43,
462.5457,
231.153,
1079.857,
1020.954,
11378.23,
103.0515,
10418.37,
2890.713,
1780.637,
424.314,
1196.569,
4206.453,
1793.007,
2075, 
1682.963,
4444.248,
750.2816,
491.8007,
5003.632,
2936.731,
775.3989,
1004.115,
1768.439,
319.1251,
1771.223,
1384.892,
1031.589,
463.0573,
231.8966,
1085.266,
1027.251,
11382.12,
102.5133,
10363.64,
2896.907,
1786.518,
421.0358,
1195.483,
4213.315,
1826.863,
2076, 
1687.824,
4442.057,
752.8541,
494.9942,
4997.294,
2947.83,
779.1226,
1018.479,
1785.002,
321.7333,
1773.635,
1384.799,
1034.743,
463.5685,
232.6435,
1090.706,
1033.584,
11386,
101.9792,
10309.13,
2903.101,
1792.389,
417.7702,
1194.397,
4220.166,
1861.22,
2077, 
1692.683,
4439.873,
755.4246,
498.1942,
4990.984,
2958.951,
782.8509,
1033.027,
1801.686,
324.3522,
1776.044,
1384.706,
1037.895,
464.0791,
233.3937,
1096.178,
1039.951,
11389.88,
101.4493,
10254.82,
2909.294,
1798.249,
414.5171,
1193.311,
4227.005,
1896.089,
2078, 
1697.539,
4437.695,
757.9931,
501.4005,
4984.703,
2970.096,
786.5834,
1047.763,
1818.492,
326.9819,
1778.451,
1384.613,
1041.042,
464.5891,
234.1474,
1101.683,
1046.355,
11393.74,
100.9233,
10200.72,
2915.487,
1804.099,
411.2764,
1192.225,
4233.833,
1931.481,
2079, 
1702.394,
4435.525,
760.5594,
504.6134,
4978.448,
2981.265,
790.3206,
1062.69,
1835.422,
329.6223,
1780.856,
1384.52,
1044.186,
465.0987,
234.9044,
1107.221,
1052.794,
11397.59,
100.4014,
10146.83,
2921.678,
1809.939,
408.0479,
1191.139,
4240.648,
1967.408,
2080, 
1707.246,
4433.361,
763.1237,
507.8328,
4972.22,
2992.458,
794.062,
1077.813,
1852.477,
332.2736,
1783.258,
1384.427,
1047.326,
465.6076,
235.6648,
1112.791,
1059.27,
11401.43,
99.88338,
10093.14,
2927.869,
1815.768,
404.8318,
1190.054,
4247.452,
2003.883,
2081, 
1710.707,
4428.09,
764.95,
510.9095,
4966.254,
3000.581,
797.6073,
1091.471,
1866.818,
334.4897,
1784.842,
1383.699,
1049.358,
465.849,
236.3732,
1117.493,
1065.625,
11401,
99.33295,
10031.92,
2933.374,
1819.648,
401.3859,
1188.744,
4249.604,
2032.933,
2082, 
1714.167,
4422.834,
766.7747,
513.9922,
4960.313,
3008.721,
801.1569,
1105.31,
1881.267,
336.715,
1786.424,
1382.972,
1051.389,
466.0901,
237.0848,
1122.222,
1072.016,
11400.58,
98.78664,
9970.925,
2938.877,
1823.52,
397.9529,
1187.435,
4251.754,
2062.431,
2083, 
1717.625,
4417.595,
768.5978,
517.0814,
4954.398,
3016.878,
804.7106,
1119.333,
1895.823,
338.9495,
1788.004,
1382.247,
1053.417,
466.3311,
237.7996,
1126.98,
1078.443,
11400.16,
98.24442,
9910.162,
2944.38,
1827.386,
394.533,
1186.126,
4253.899,
2092.391,
2084, 
1721.081,
4412.372,
770.4196,
520.1769,
4948.51,
3025.053,
808.2687,
1133.545,
1910.489,
341.1933,
1789.583,
1381.522,
1055.443,
466.5717,
238.5177,
1131.767,
1084.907,
11399.73,
97.70624,
9849.63,
2949.883,
1831.245,
391.1261,
1184.817,
4256.041,
2122.82,
2085, 
1724.536,
4407.166,
772.2397,
523.2787,
4942.646,
3033.246,
811.8309,
1147.949,
1925.265,
343.4464,
1791.16,
1380.798,
1057.466,
466.812,
239.2391,
1136.583,
1091.408,
11399.31,
97.17207,
9789.327,
2955.385,
1835.098,
387.7318,
1183.508,
4258.179,
2153.732,
2086, 
1727.99,
4401.975,
774.0585,
526.3867,
4936.808,
3041.456,
815.3973,
1162.548,
1940.153,
345.7088,
1792.736,
1380.075,
1059.487,
467.0522,
239.9638,
1141.428,
1097.947,
11398.9,
96.64185,
9729.253,
2960.885,
1838.943,
384.3503,
1182.2,
4260.313,
2185.138,
2087, 
1731.442,
4396.802,
775.8759,
529.5011,
4930.994,
3049.684,
818.968,
1177.347,
1955.154,
347.9807,
1794.31,
1379.353,
1061.505,
467.2921,
240.6919,
1146.302,
1104.522,
11398.48,
96.11552,
9669.401,
2966.385,
1842.782,
380.9815,
1180.891,
4262.444,
2217.049,
2088, 
1734.892,
4391.643,
777.6917,
532.6219,
4925.206,
3057.929,
822.543,
1192.351,
1970.269,
350.2621,
1795.883,
1378.632,
1063.522,
467.5317,
241.4233,
1151.206,
1111.136,
11398.06,
95.59306,
9609.777,
2971.885,
1846.614,
377.6253,
1179.583,
4264.571,
2249.478,
2089, 
1738.341,
4386.501,
779.5062,
535.7491,
4919.442,
3066.193,
826.1221,
1207.563,
1985.499,
352.5531,
1797.454,
1377.912,
1065.536,
467.771,
242.1581,
1156.14,
1117.788,
11397.64,
95.07442,
9550.376,
2977.384,
1850.44,
374.2816,
1178.274,
4266.694,
2282.438,
2090, 
1741.788,
4381.375,
781.3192,
538.8826,
4913.704,
3074.473,
829.7056,
1222.987,
2000.847,
354.8537,
1799.024,
1377.193,
1067.548,
468.0101,
242.8963,
1161.105,
1124.479,
11397.23,
94.55955,
9491.198,
2982.881,
1854.259,
370.9504,
1176.966,
4268.814,
2315.941,
2091, 
1744.414,
4375.216,
782.7335,
541.6218,
4912.456,
3080.169,
832.949,
1237.013,
2015.054,
357.0216,
1799.923,
1376.522,
1069.431,
468.1024,
243.5914,
1165.641,
1130.757,
11394.54,
94.00719,
9431.038,
2987.024,
1856.922,
367.7054,
1175.191,
4268.615,
2346.25,
2092, 
1747.038,
4369.076,
784.1471,
544.3666,
4911.213,
3085.876,
836.1964,
1251.238,
2029.37,
359.1987,
1800.821,
1375.853,
1071.312,
468.1947,
244.2898,
1170.205,
1137.073,
11391.86,
93.45879,
9371.102,
2991.167,
1859.58,
364.4724,
1173.416,
4268.416,
2377.067,
2093, 
1749.662,
4362.955,
785.5594,
547.117,
4909.976,
3091.595,
839.4474,
1265.666,
2043.798,
361.3849,
1801.719,
1375.184,
1073.191,
468.2868,
244.9914,
1174.798,
1143.424,
11389.19,
92.91434,
9311.388,
2995.309,
1862.234,
361.2514,
1171.641,
4268.216,
2408.406,
2094, 
1752.284,
4356.852,
786.9705,
549.8732,
4908.744,
3097.328,
842.7025,
1280.302,
2058.338,
363.5804,
1802.615,
1374.517,
1075.068,
468.3789,
245.6963,
1179.419,
1149.813,
11386.53,
92.37383,
9251.896,
2999.449,
1864.884,
358.0423,
1169.866,
4268.018,
2440.279,
2095, 
1754.905,
4350.769,
788.3805,
552.635,
4907.517,
3103.073,
845.9614,
1295.149,
2072.993,
365.7853,
1803.511,
1373.85,
1076.943,
468.4707,
246.4045,
1184.069,
1156.24,
11383.87,
91.8372,
9192.626,
3003.59,
1867.528,
354.8451,
1168.092,
4267.82,
2472.7,
2096, 
1757.525,
4344.703,
789.7894,
555.4024,
4906.294,
3108.83,
849.2242,
1310.214,
2087.761,
367.9995,
1804.406,
1373.184,
1078.816,
468.5626,
247.1161,
1188.748,
1162.706,
11381.22,
91.30435,
9133.576,
3007.731,
1870.168,
351.6596,
1166.317,
4267.622,
2505.685,
2097, 
1760.143,
4338.657,
791.1973,
558.1755,
4905.078,
3114.599,
852.4908,
1325.499,
2102.648,
370.2232,
1805.299,
1372.519,
1080.686,
468.6543,
247.831,
1193.456,
1169.208,
11378.57,
90.77532,
9074.742,
3011.87,
1872.804,
348.4858,
1164.543,
4267.424,
2539.246,
2098, 
1762.761,
4332.628,
792.6039,
560.9545,
4903.867,
3120.381,
855.7615,
1341.011,
2117.651,
372.4563,
1806.193,
1371.855,
1082.555,
468.7459,
248.5493,
1198.194,
1175.75,
11375.93,
90.25003,
9016.127,
3016.009,
1875.434,
345.3237,
1162.769,
4267.227,
2573.401,
2099, 
1765.377,
4326.619,
794.0093,
563.7392,
4902.661,
3126.175,
859.036,
1356.755,
2132.774,
374.699,
1807.085,
1371.191,
1084.421,
468.8374,
249.2709,
1202.962,
1182.331,
11373.3,
89.72843,
8957.727,
3020.147,
1878.061,
342.1732,
1160.995,
4267.03,
2608.163,
2100, 
1767.993,
4320.628,
795.4138,
566.5295,
4901.458,
3131.982,
862.3146,
1372.735,
2148.018,
376.9514,
1807.976,
1370.529,
1086.285,
468.9289,
249.996,
1207.76,
1188.951,
11370.67,
89.21052,
8899.542,
3024.285,
1880.683,
339.0342,
1159.222,
4266.833,
2643.551];
