real main.em.dem.RURPOPTOT[28](t) = [1971, 
5.3309,
53.54213,
20.87916,
25.0041,
42.58309,
35.28856,
42.97043,
111.6185,
77.8634,
12.00652,
106.651,
59.13116,
22.21433,
28.69478,
18.89988,
54.23365,
37.47054,
455.5753,
26.24048,
710.3481,
126.9501,
99.91839,
49.19978,
3.430035,
140.6397,
40.64558,
0,
2407.33,
1972, 
5.414045,
54.13614,
21.14098,
25.30899,
42.64231,
35.48507,
43.65652,
113.602,
79.74329,
12.34005,
106.3893,
58.80452,
22.47094,
28.43312,
19.22999,
53.49019,
38.00792,
464.0043,
26.23686,
726.788,
129.5238,
102.0225,
49.07536,
3.478703,
142.8659,
41.60506,
0,
2445.896,
1973, 
5.48415,
54.66267,
21.39331,
25.60349,
42.67241,
35.67015,
44.3621,
115.693,
81.66162,
12.68159,
106.0517,
58.49175,
22.7237,
28.14082,
19.56908,
52.73188,
38.54213,
472.6942,
26.19121,
742.6169,
132.0879,
104.137,
48.94271,
3.509408,
145.8974,
42.64057,
0,
2484.853,
1974, 
5.561762,
55.15897,
21.63295,
25.88819,
42.66549,
35.84608,
45.09534,
117.8995,
83.74389,
13.02776,
105.6482,
58.19403,
22.96222,
27.83028,
19.91417,
51.9754,
39.07914,
481.573,
26.08376,
757.5426,
134.5951,
106.2474,
48.77202,
3.537104,
148.9763,
43.72457,
0,
2523.175,
1975, 
5.6427,
55.66364,
21.85744,
26.16269,
42.62256,
36.00422,
45.96502,
120.2243,
85.87271,
13.37644,
105.1572,
57.90088,
23.17493,
27.50778,
20.26554,
51.23753,
39.61753,
490.514,
25.91869,
770.8582,
136.9523,
108.3541,
48.53373,
3.556973,
152.0712,
44.84987,
0,
2559.862,
1976, 
5.714859,
56.15312,
22.08029,
26.46226,
42.59513,
36.14133,
46.97479,
122.5918,
88.05566,
13.72416,
104.8114,
57.61671,
23.48053,
27.19997,
20.66603,
50.69193,
40.46425,
499.2188,
25.66588,
779.1639,
139.0399,
110.3224,
48.43464,
3.604437,
154.7878,
45.95852,
0,
2591.62,
1977, 
5.778996,
56.68716,
22.29558,
26.7528,
42.54447,
36.27172,
47.939,
125.0279,
90.16054,
14.07989,
104.458,
57.28301,
23.81182,
26.86981,
21.07894,
50.14142,
41.33032,
508.0645,
25.35181,
786.5013,
141.3341,
112.28,
48.29004,
3.649195,
157.6168,
47.08779,
0,
2622.687,
1978, 
5.836784,
57.29321,
22.50303,
27.04078,
42.47003,
36.39812,
48.86406,
127.6935,
92.46822,
14.44715,
104.092,
56.87922,
24.14783,
26.51992,
21.4968,
49.57719,
41.90651,
517.0798,
25.00279,
793.2042,
143.8305,
114.2392,
48.09616,
3.693363,
160.5877,
48.19955,
0,
2653.568,
1979, 
5.896727,
57.93459,
22.67951,
27.31756,
42.36533,
36.5098,
49.83291,
130.5253,
94.99341,
14.81862,
103.7077,
56.4455,
24.46951,
26.17438,
21.90288,
48.96127,
42.50531,
526.2998,
24.636,
800.287,
146.3232,
116.202,
47.85307,
3.737862,
163.6014,
49.33001,
0,
2685.311,
1980, 
5.965366,
58.60011,
22.79024,
27.58464,
42.22862,
36.60883,
50.85098,
133.3259,
97.21715,
15.19582,
103.3617,
55.97131,
24.78687,
25.83604,
22.30139,
48.29193,
43.29433,
535.875,
24.26734,
807.9919,
148.8697,
118.1594,
47.56017,
3.787886,
166.6993,
50.60548,
0,
2718.027,
1981, 
6.005123,
58.91914,
22.94324,
27.88272,
42.12305,
36.75208,
51.88082,
136.1799,
99.76601,
15.53518,
103.2833,
55.80235,
24.509,
25.53134,
22.76367,
47.95033,
44.44251,
546.4286,
23.96069,
813.1125,
151.4688,
119.7402,
47.63391,
3.851759,
170.0716,
51.96035,
0,
2750.498,
1982, 
6.039576,
59.18735,
23.04584,
28.19102,
41.97256,
36.87865,
52.93684,
139.1349,
102.7278,
15.8823,
103.138,
55.60796,
24.23991,
25.21213,
23.24346,
47.63463,
45.56839,
557.1001,
23.68213,
819.0618,
154.1125,
121.292,
47.68499,
3.921091,
173.6796,
53.24115,
0,
2784.417,
1983, 
6.066895,
59.45906,
23.13374,
28.53135,
41.77602,
36.99142,
54.03366,
141.9424,
105.466,
16.25341,
102.956,
55.38931,
23.99251,
24.89329,
23.74702,
47.36285,
46.47746,
567.9618,
23.37427,
824.3944,
156.8055,
122.8039,
47.72655,
3.987806,
177.8083,
54.58384,
0,
2817.919,
1984, 
6.089249,
59.72041,
23.2023,
28.88336,
41.52802,
37.08681,
55.14305,
144.7208,
108.0687,
16.65195,
102.7695,
55.14893,
23.70971,
24.57271,
24.27036,
47.09251,
47.43056,
579.0526,
23.03145,
828.8737,
159.5263,
124.2454,
47.75797,
4.050673,
181.9711,
55.92133,
0,
2850.52,
1985, 
6.111053,
59.97549,
23.24776,
29.23351,
41.22372,
37.15934,
56.24821,
147.6701,
110.7668,
17.08845,
102.5986,
54.87993,
23.38402,
24.23379,
24.80985,
46.80183,
48.33125,
590.2687,
22.6547,
833.9901,
162.2145,
125.5715,
47.77541,
4.113485,
186.175,
57.26669,
0,
2883.794,
1986, 
6.163498,
60.19626,
23.29127,
29.53341,
40.95181,
37.30483,
57.4432,
150.6624,
113.4928,
17.47205,
102.4019,
54.68299,
23.20394,
24.01875,
25.47657,
46.76882,
49.4931,
601.6981,
22.20133,
839.8228,
164.8253,
126.5886,
47.39083,
4.157255,
190.3805,
58.58787,
0,
2918.21,
1987, 
6.227156,
60.40279,
23.31445,
29.83052,
40.62283,
37.43814,
58.58862,
153.7343,
116.384,
17.90146,
102.2444,
54.45801,
22.98569,
23.80235,
26.19003,
46.76286,
50.67909,
613.1934,
21.73445,
846.5591,
167.4073,
127.5054,
46.98769,
4.205185,
194.5261,
59.84075,
0,
2953.526,
1988, 
6.304007,
60.62535,
23.32726,
30.13259,
40.23825,
37.5591,
59.69976,
156.8972,
119.0707,
18.33383,
102.1224,
54.19169,
22.73949,
23.57092,
26.91767,
46.71466,
51.79909,
624.7354,
21.24156,
852.9722,
169.9445,
128.3551,
46.56783,
4.256023,
198.8261,
61.05314,
0,
2988.196,
1989, 
6.392519,
60.89767,
23.3278,
30.436,
39.79813,
37.6638,
60.78027,
160.1684,
121.6734,
18.75276,
102.0155,
53.89222,
22.46709,
23.32592,
27.59438,
46.57693,
52.90287,
636.3922,
20.72644,
858.7083,
172.4581,
129.1362,
46.12122,
4.307213,
203.2686,
62.28585,
0,
3022.07,
1990, 
6.476763,
61.27585,
23.35651,
30.73802,
39.30122,
37.74722,
61.81726,
163.3823,
124.5857,
19.12648,
101.9197,
53.56509,
22.16262,
23.0616,
28.19031,
46.36485,
53.89346,
648.0778,
20.1831,
864.7195,
174.9997,
129.8393,
45.64891,
4.363041,
207.5632,
63.51092,
0,
3055.87,
1991, 
6.499489,
61.15347,
23.49781,
30.93403,
38.85607,
37.84869,
62.85244,
166.6549,
127.5439,
19.42174,
101.8416,
53.4632,
22.2463,
23.04826,
28.88431,
46.57454,
55.03129,
659.9841,
19.99808,
866.6833,
177.9242,
130.343,
45.40934,
4.398262,
211.9276,
64.71378,
0,
3087.734,
1992, 
6.514513,
61.03716,
23.62929,
31.11233,
38.35596,
37.92056,
63.85618,
170.0557,
130.4198,
19.62062,
101.7836,
53.21235,
22.31194,
23.03878,
29.52288,
46.69915,
56.20005,
671.9188,
19.76217,
865.6713,
180.8676,
130.7932,
45.16122,
4.420029,
216.7118,
65.88863,
0,
3116.485,
1993, 
6.525507,
60.89009,
23.75172,
31.27113,
37.81223,
37.96717,
64.83994,
173.4825,
133.4225,
19.77161,
101.6953,
52.90746,
22.37123,
22.98156,
30.05123,
46.76448,
56.9802,
683.8826,
19.52597,
863.6027,
183.8211,
131.1732,
44.89793,
4.435272,
222.0137,
67.09608,
0,
3143.934,
1994, 
6.533401,
60.68936,
23.86415,
31.40739,
37.23093,
37.9905,
65.7843,
177.3295,
135.7995,
19.90492,
101.5628,
52.65928,
22.4267,
22.81998,
30.49863,
46.76211,
57.64793,
695.866,
19.2838,
860.8818,
186.6349,
131.5006,
44.6343,
4.451767,
227.3131,
68.42091,
0,
3169.898,
1995, 
6.538864,
60.43704,
23.96069,
31.52609,
36.61108,
37.98538,
66.68374,
181.1932,
138.4928,
20.01983,
101.4008,
52.44028,
22.46314,
22.60622,
30.92809,
46.70973,
58.40231,
707.8484,
19.01874,
857.5513,
189.3101,
131.78,
44.35972,
4.472794,
232.2949,
69.72714,
0,
3194.762,
1996, 
6.500113,
60.2039,
24.14332,
31.67665,
35.98622,
38.04044,
67.61156,
184.324,
142.6764,
20.11246,
101.1489,
52.37416,
22.52178,
22.38467,
31.29035,
46.6453,
59.15895,
719.6891,
19.02615,
852.5435,
191.6991,
131.426,
44.31699,
4.485121,
236.9897,
70.90723,
0,
3217.882,
1997, 
6.455809,
59.96553,
24.31184,
31.8114,
35.32268,
38.0697,
68.52673,
187.4069,
146.8184,
20.17539,
100.8941,
52.28607,
22.56836,
22.15799,
31.59109,
46.58442,
59.92112,
731.4862,
19.03709,
846.9066,
194.0391,
131.0034,
44.27691,
4.493944,
241.6526,
72.09976,
0,
3239.863,
1998, 
6.403723,
59.70824,
24.46854,
31.92892,
34.61983,
38.07272,
69.41244,
190.8096,
150.5345,
20.20751,
100.6336,
52.09283,
22.59778,
21.93602,
31.84098,
46.52686,
60.6984,
743.2346,
19.03749,
840.767,
196.2787,
130.4814,
44.22865,
4.498425,
246.4144,
73.40013,
0,
3260.833,
1999, 
6.348265,
59.40584,
24.61239,
32.03028,
33.87216,
38.04753,
70.26755,
194.3815,
154.3304,
20.21036,
100.3682,
51.84673,
22.60946,
21.70893,
32.14162,
46.45319,
61.47316,
754.8765,
19.027,
834.1542,
198.3576,
129.8255,
44.16797,
4.501471,
251.2901,
74.72009,
0,
3281.028,
2000, 
6.296829,
59.05173,
24.74045,
32.11189,
33.07834,
37.99118,
71.11781,
198.0883,
158.2939,
20.18073,
100.1196,
51.7257,
22.60579,
21.47587,
32.56698,
46.34073,
62.25636,
766.486,
19.00925,
827.4049,
200.2222,
129.0506,
44.10746,
4.506388,
256.0998,
76.08908,
0,
3301.018,
2001, 
6.322454,
58.73265,
24.80961,
32.17517,
32.43492,
37.93416,
71.95602,
201.8459,
162.3558,
20.13431,
99.4585,
51.49128,
22.61266,
21.17602,
32.9396,
46.29019,
63.07113,
778.2056,
18.95195,
815.575,
201.7234,
130.523,
44.00896,
4.513977,
260.9258,
77.39693,
0,
3317.565,
2002, 
6.347296,
58.35399,
24.86961,
32.22057,
31.75018,
37.84607,
72.80801,
205.6898,
166.5415,
20.09038,
98.88342,
51.17982,
22.59544,
20.88309,
33.32088,
46.24047,
63.6989,
789.8474,
18.88197,
803.2161,
203.166,
131.9634,
43.90077,
4.524168,
265.981,
78.71513,
0,
3333.515,
2003, 
6.366766,
57.93202,
24.91737,
32.24714,
31.01884,
37.72853,
73.66236,
209.5612,
170.8454,
20.04679,
98.40732,
50.84232,
22.55609,
20.61293,
33.71222,
46.20376,
64.2953,
801.2358,
18.80502,
790.4767,
204.5414,
133.3723,
43.77972,
4.534388,
270.8188,
80.09457,
0,
3348.615,
2004, 
6.384504,
57.50679,
24.95656,
32.25558,
30.25156,
37.58502,
74.51827,
213.52,
175.2688,
20.00287,
97.9696,
50.49345,
22.52077,
20.35682,
34.12458,
46.18644,
65.04929,
812.3633,
18.72433,
777.5034,
205.8462,
134.7094,
43.64723,
4.542101,
275.1055,
81.53187,
0,
3362.924,
2005, 
6.403879,
57.07339,
24.98141,
32.24908,
29.45607,
37.41988,
75.36802,
217.6016,
179.7682,
19.95831,
97.52386,
50.14524,
22.47675,
20.10136,
34.5608,
46.18174,
65.96617,
823.0726,
18.63145,
764.3707,
207.0929,
136.0415,
43.50001,
4.55028,
279.123,
83.01926,
0,
3376.637,
2006, 
6.436756,
56.72594,
24.99868,
32.28113,
28.90732,
37.28821,
76.13899,
221.5843,
184.3494,
19.91212,
97.03979,
49.7403,
22.441,
19.78015,
34.97519,
46.00984,
67.01062,
832.6808,
18.53359,
757.235,
208.0918,
137.3468,
43.31254,
4.567228,
282.6795,
84.58031,
0,
3394.647,
2007, 
6.471933,
56.37573,
25.00066,
32.31158,
28.33037,
37.13387,
76.93738,
225.6176,
189.1163,
19.87315,
96.62122,
49.34624,
22.38754,
19.47612,
35.41541,
45.90955,
68.15073,
841.902,
18.43366,
750.0825,
209.0829,
138.6787,
43.12486,
4.593149,
285.7215,
86.20709,
0,
3412.302,
2008, 
6.511499,
56.00034,
24.98613,
32.3376,
27.72594,
36.95677,
77.75912,
229.7019,
194.0286,
19.85497,
96.19901,
48.9752,
22.32096,
19.18771,
35.88589,
45.86646,
69.30225,
850.8397,
18.33196,
742.9028,
210.0006,
140.0079,
42.92574,
4.625473,
288.6955,
87.85017,
0,
3429.78,
2009, 
6.554174,
55.58287,
24.95947,
32.35551,
27.09746,
36.76534,
78.60082,
233.8532,
199.0238,
19.84495,
95.6557,
48.63347,
22.26269,
18.92066,
36.39647,
45.85532,
70.38516,
859.5925,
18.23167,
735.7251,
210.8733,
141.3052,
42.71576,
4.655905,
292.039,
89.49344,
0,
3447.379,
2010, 
6.595016,
55.12244,
24.95068,
32.34875,
26.45078,
36.56564,
79.49316,
238.0767,
204.028,
19.83259,
95.03287,
48.29505,
22.21552,
18.65963,
36.92996,
45.84602,
71.26704,
868.3054,
18.13687,
728.4382,
211.7138,
142.5839,
42.48873,
4.676292,
295.5897,
91.23079,
0,
3464.873,
2011, 
6.55267,
54.72876,
24.92295,
32.31144,
26.26555,
36.39258,
79.88154,
242.4139,
208.3775,
19.79893,
94.05054,
47.53155,
22.29832,
18.34964,
37.11869,
45.25239,
71.97934,
873.0117,
17.97849,
722.5236,
212.1165,
142.8521,
41.96295,
4.682455,
298.2498,
93.03333,
0,
3474.637,
2012, 
6.509514,
54.33405,
24.88155,
32.281,
26.06721,
36.20892,
80.2933,
246.7307,
212.7072,
19.77422,
93.0105,
46.77,
22.41271,
18.06125,
37.31097,
44.69849,
72.61961,
877.4259,
17.84412,
716.7834,
212.4782,
143.0986,
41.41998,
4.691448,
300.5457,
94.92186,
0,
3483.88,
2013, 
6.464586,
53.91531,
24.81433,
32.2362,
25.85484,
36.01166,
80.91145,
251.0109,
217.1451,
19.75171,
91.89935,
46.00359,
22.57824,
17.78015,
37.51297,
44.15971,
73.23727,
881.496,
17.7079,
710.9384,
212.766,
143.2644,
40.8714,
4.702095,
302.3412,
96.9119,
0,
3492.286,
2014, 
6.411633,
53.4707,
24.72224,
32.17351,
25.63411,
35.80226,
81.52951,
255.3269,
221.4988,
19.76725,
90.76871,
45.23484,
22.80555,
17.48782,
37.72703,
43.6194,
73.84621,
885.0165,
17.56885,
704.7164,
212.9437,
143.3348,
40.3155,
4.71067,
303.994,
98.95981,
0,
3499.386,
2015, 
6.354061,
52.99744,
24.60564,
32.09396,
25.40463,
35.58543,
82.06815,
259.6039,
225.8091,
19.877,
89.63559,
44.46774,
23.02346,
17.20173,
37.94421,
43.09109,
74.43182,
888.0207,
17.4219,
698.0731,
213.0595,
143.3159,
39.75378,
4.717972,
305.3462,
101.091,
0,
3504.995,
2016, 
6.303759,
52.5145,
24.47462,
32.00044,
25.16068,
35.35837,
82.5388,
263.9302,
230.2179,
19.76365,
88.50131,
43.70358,
23.18646,
16.92487,
38.15036,
42.57199,
74.87198,
890.9459,
17.24358,
691.1188,
213.1654,
143.2027,
39.18416,
4.727077,
306.5374,
103.3038,
0,
3509.602,
2017, 
6.261135,
52.01373,
24.32458,
31.89113,
24.90633,
35.10777,
82.94792,
268.2699,
234.679,
19.53166,
87.36224,
42.95136,
23.25576,
16.64156,
38.33051,
42.01861,
75.16127,
893.5516,
17.03571,
684.1268,
213.1849,
142.994,
38.59387,
4.737175,
308.0201,
105.5036,
0,
3513.402,
2018, 
6.222364,
51.46268,
24.13729,
31.77918,
24.6467,
34.82143,
83.28516,
272.4874,
239.2389,
19.46001,
86.20599,
42.20308,
23.22045,
16.34849,
38.49543,
41.42097,
75.4904,
895.4874,
16.81646,
676.2553,
213.0544,
142.7069,
37.98351,
4.746414,
309.6957,
107.6258,
0,
3515.298,
2019, 
6.181503,
50.87283,
23.92233,
31.64853,
24.37462,
34.50117,
83.53596,
276.615,
244.0171,
19.3971,
85.05313,
41.45738,
23.16793,
16.04936,
38.65561,
40.7928,
75.7982,
896.8007,
16.58594,
667.3546,
212.8087,
142.3577,
37.35918,
4.756042,
311.4136,
109.6877,
0,
3515.165,
2020, 
6.117886,
50.18765,
23.67033,
31.4998,
24.07259,
34.14392,
83.72411,
280.7424,
248.8469,
19.31536,
83.81082,
40.68195,
23.1064,
15.73119,
38.81646,
40.10281,
75.71173,
897.4167,
16.33444,
657.5886,
212.5112,
141.8497,
36.71416,
4.752777,
313.5123,
111.75,
0,
3512.712,
2021, 
6.042263,
49.57004,
23.49206,
31.42357,
23.86205,
33.86855,
84.0593,
285.6302,
253.5291,
19.21274,
82.71667,
40.11715,
23.05529,
15.10373,
39.00479,
39.52563,
76.01735,
896.3461,
16.1103,
648.6749,
212.1189,
141.3992,
36.10148,
4.726807,
315.9707,
113.8972,
0,
3511.576,
2022, 
5.965675,
48.94611,
23.30833,
31.3406,
23.6485,
33.58533,
84.36459,
290.3491,
258.124,
19.10596,
81.6196,
39.55389,
23.00058,
14.48696,
39.18044,
38.94894,
76.29521,
895.1447,
15.88586,
639.7554,
211.6847,
140.9249,
35.49305,
4.699797,
318.3342,
115.9862,
0,
3509.732,
2023, 
5.888126,
48.3158,
23.11915,
31.25087,
23.43192,
33.29427,
84.64003,
294.8989,
262.6315,
18.99501,
80.51953,
38.99213,
22.94226,
13.88088,
39.3434,
38.37272,
76.54535,
893.8129,
15.66114,
630.83,
211.2087,
140.4266,
34.88888,
4.671745,
320.6026,
118.017,
0,
3507.182,
2024, 
5.809612,
47.67911,
22.92451,
31.1544,
23.21233,
32.99536,
84.88562,
299.2798,
267.0516,
18.87991,
79.41653,
38.43192,
22.88035,
13.28549,
39.49368,
37.79698,
76.76776,
892.3504,
15.43613,
621.8986,
210.6906,
139.9045,
34.28895,
4.642654,
322.776,
119.9897,
0,
3503.923,
2025, 
5.730137,
47.03601,
22.72443,
31.05119,
22.98973,
32.68863,
85.10133,
303.4916,
271.3845,
18.76064,
78.31061,
37.87321,
22.81485,
12.70079,
39.63127,
37.22171,
76.96243,
890.7573,
15.21082,
612.9614,
210.1307,
139.3585,
33.69329,
4.612524,
324.8545,
121.9043,
0,
3499.956,
2026, 
5.647198,
46.41699,
22.5329,
30.93459,
22.75732,
32.37776,
85.22795,
308.1749,
275.9391,
18.64224,
77.14923,
37.21106,
22.72484,
12.5506,
39.6951,
36.57738,
77.11058,
889.1238,
14.96064,
602.98,
209.3289,
138.7878,
33.09822,
4.57979,
326.8449,
123.918,
0,
3495.292,
2027, 
5.563393,
45.7905,
22.33546,
30.81141,
22.52213,
32.05891,
85.32614,
312.6745,
280.4019,
18.51954,
75.98657,
36.55324,
22.63168,
12.40008,
39.7476,
35.93565,
77.23145,
887.358,
14.71093,
593.0241,
208.4898,
138.1932,
32.50751,
4.546061,
328.7402,
125.8706,
0,
3489.931,
2028, 
5.478714,
45.15652,
22.1321,
30.68166,
22.28409,
31.73212,
85.39594,
316.9907,
284.7731,
18.39253,
74.82263,
35.89976,
22.53536,
12.24922,
39.78879,
35.29652,
77.32506,
885.4598,
14.4617,
583.0938,
207.6134,
137.5748,
31.92116,
4.511339,
330.5403,
127.762,
0,
3483.873,
2029, 
5.393169,
44.51514,
21.92282,
30.54532,
22.04323,
31.39734,
85.43732,
321.1233,
289.0526,
18.2612,
73.65735,
35.2506,
22.43589,
12.09803,
39.81867,
34.65998,
77.39139,
883.4293,
14.21295,
573.1891,
206.6997,
136.9324,
31.33914,
4.475622,
332.2453,
129.5922,
0,
3477.119,
2030, 
5.306755,
43.86627,
21.70762,
30.4024,
21.79956,
31.0546,
85.45027,
325.0724,
293.2402,
18.12558,
72.49075,
34.60579,
22.33327,
11.9465,
39.83724,
34.02604,
77.43048,
881.2665,
13.96468,
563.3099,
205.7487,
136.2662,
30.76147,
4.438908,
333.8552,
131.3612,
0,
3469.669,
2031, 
5.236111,
43.32166,
21.53075,
30.29144,
21.62067,
30.77606,
85.54802,
329.8629,
297.3918,
18.01385,
71.5314,
34.05373,
22.21653,
11.78841,
39.85381,
33.48996,
77.5537,
877.9302,
13.7407,
554.7087,
204.7153,
135.6528,
30.22379,
4.404156,
335.3558,
133.3013,
0,
3464.113,
2032, 
5.164795,
42.77084,
21.34949,
30.17578,
21.44023,
30.49191,
85.62251,
334.4833,
301.4488,
17.89932,
70.57074,
33.50531,
22.09739,
11.63066,
39.86111,
32.95592,
77.65518,
874.4861,
13.5176,
546.1433,
203.6538,
135.0226,
29.6902,
4.368549,
336.7697,
135.1843,
0,
3457.959,
2033, 
5.092804,
42.21384,
21.16386,
30.05543,
21.25827,
30.2021,
85.67378,
338.9337,
305.4112,
17.78198,
69.60883,
32.96055,
21.97584,
11.47327,
39.85919,
32.42389,
77.73492,
870.9343,
13.29539,
537.6133,
202.5643,
134.3756,
29.16068,
4.332096,
338.097,
137.0102,
0,
3451.207,
2034, 
5.020145,
41.6506,
20.97384,
29.93037,
21.07481,
29.90669,
85.70184,
343.2139,
309.2789,
17.66183,
68.64566,
32.41943,
21.85188,
11.31621,
39.84801,
31.8939,
77.79294,
867.2749,
13.07406,
529.119,
201.4467,
133.7119,
28.63523,
4.294788,
339.3376,
138.7789,
0,
3443.854,
2035, 
4.946808,
41.08118,
20.77943,
29.80061,
20.88983,
29.60562,
85.70667,
347.3239,
313.0521,
17.53888,
67.68115,
31.88194,
21.72551,
11.1595,
39.82759,
31.36592,
77.82922,
863.5079,
12.85362,
520.6603,
200.301,
133.0314,
28.11386,
4.25663,
340.4916,
140.4904,
0,
3435.902,
2036, 
4.871216,
40.49835,
20.5593,
29.63044,
20.67963,
29.26591,
85.66035,
351.6613,
316.6727,
17.38929,
66.72632,
31.35061,
21.57611,
10.98533,
39.78323,
30.85599,
77.78687,
858.4493,
12.61944,
511.8122,
198.873,
132.1587,
27.59113,
4.21595,
341.2961,
142.1879,
0,
3425.157,
2037, 
4.795006,
39.90955,
20.33549,
29.4564,
20.46849,
28.92166,
85.59149,
355.8199,
320.1996,
17.23753,
65.7699,
30.82287,
21.42476,
10.81198,
39.72994,
30.3476,
77.72409,
853.3079,
12.38659,
503.0115,
197.423,
131.2731,
27.07263,
4.174473,
342.0192,
143.8275,
0,
3413.862,
2038, 
4.718185,
39.31482,
20.10798,
29.27847,
20.25641,
28.57285,
85.50005,
359.7996,
323.6328,
17.08359,
64.81183,
30.29869,
21.27146,
10.63942,
39.66774,
29.84077,
77.64093,
848.0839,
12.15506,
494.2583,
195.951,
130.3746,
26.55835,
4.132198,
342.6609,
145.409,
0,
3402.019,
2039, 
4.640751,
38.71417,
19.87678,
29.09666,
20.04338,
28.2195,
85.38605,
363.6005,
326.9724,
16.92749,
63.85217,
29.77811,
21.1162,
10.46767,
39.59663,
29.33549,
77.53738,
842.7769,
11.92485,
485.5524,
194.457,
129.4633,
26.04827,
4.089123,
343.221,
146.9326,
0,
3389.627,
2040, 
4.56271,
38.10754,
19.6419,
28.91098,
19.82939,
27.86159,
85.24947,
367.2225,
330.2181,
16.76922,
62.89093,
29.26112,
20.95899,
10.29674,
39.51659,
28.83176,
77.41342,
837.3872,
11.69596,
476.8942,
192.9409,
128.539,
25.54242,
4.04525,
343.6998,
148.3982,
0,
3376.686,
2041, 
4.499104,
37.59482,
19.4367,
28.74768,
19.65094,
27.55562,
85.18803,
371.5067,
333.2885,
16.63117,
62.095,
28.82204,
20.79387,
10.13401,
39.46675,
28.41539,
77.35629,
831.0852,
11.49345,
469.222,
191.4433,
127.6619,
25.07818,
4.005962,
344.062,
149.93,
0,
3365.165,
2042, 
4.43502,
37.07742,
19.22904,
28.58191,
19.47223,
27.24681,
85.10832,
375.6327,
336.2689,
16.49188,
61.29752,
28.38574,
20.62743,
9.972244,
39.40941,
27.99992,
77.28351,
824.7298,
11.29232,
461.5994,
189.931,
126.7773,
24.61771,
3.965973,
344.3543,
151.4092,
0,
3353.197,
2043, 
4.370449,
36.55539,
19.01895,
28.41363,
19.29327,
26.93518,
85.01033,
379.6005,
339.1594,
16.35134,
60.49847,
27.95226,
20.45966,
9.811428,
39.3446,
27.58536,
77.19513,
818.3208,
11.09254,
454.0261,
188.4041,
125.8851,
24.16102,
3.925278,
344.5766,
152.8359,
0,
3340.783,
2044, 
4.305397,
36.02875,
18.80641,
28.24287,
19.11409,
26.6207,
84.89407,
383.4101,
341.9598,
16.20955,
59.69791,
27.52156,
20.29059,
9.651566,
39.2723,
27.17169,
77.09109,
811.8583,
10.89413,
446.5021,
186.8624,
124.9854,
23.70809,
3.883884,
344.7289,
154.2101,
0,
3327.922,
2045, 
4.239864,
35.49747,
18.59145,
28.06962,
18.93465,
26.30338,
84.75952,
387.0615,
344.6702,
16.06651,
58.89572,
27.09367,
20.12019,
9.492657,
39.19254,
26.75896,
76.97144,
805.3425,
10.69708,
439.0274,
185.3062,
124.0783,
23.25895,
3.841782,
344.8112,
155.5318,
0,
3314.615,
2046, 
4.174351,
34.95398,
18.35422,
27.86128,
18.73485,
25.95662,
84.52698,
390.626,
347.1048,
15.89795,
58.09622,
26.67701,
19.92436,
9.331493,
39.06807,
26.35364,
76.74713,
797.6491,
10.49543,
431.0272,
183.539,
123.0103,
22.81854,
3.798717,
344.5631,
156.7294,
0,
3298.02,
2047, 
4.108337,
34.40616,
18.11519,
27.65114,
18.5352,
25.60786,
84.27797,
394.0309,
349.4524,
15.72873,
57.29501,
26.26296,
19.72778,
9.171364,
38.93694,
25.94902,
76.50916,
789.9276,
10.29531,
423.0909,
181.7619,
121.938,
22.38177,
3.754963,
344.2502,
157.8758,
0,
3281.043,
2048, 
4.041821,
33.85397,
17.87434,
27.43919,
18.33574,
25.2571,
84.01248,
397.2762,
351.7131,
15.55887,
56.49213,
25.85152,
19.53041,
9.012272,
38.79916,
25.54514,
76.25751,
782.1778,
10.09672,
415.2184,
179.9749,
120.8614,
21.94865,
3.71051,
343.8726,
158.9711,
0,
3263.683,
2049, 
3.974804,
33.29742,
17.63168,
27.22545,
18.13644,
24.90434,
83.73058,
400.3617,
353.8869,
15.38836,
55.68756,
25.4427,
19.3323,
8.854218,
38.65471,
25.14195,
75.99222,
774.3998,
9.899666,
407.4098,
178.1778,
119.7805,
21.51917,
3.665367,
343.4303,
160.0153,
0,
3245.941,
2050, 
3.907284,
32.73654,
17.38722,
27.0099,
17.9373,
24.54961,
83.43217,
403.2875,
355.9739,
15.21718,
54.88129,
25.03648,
19.13342,
8.697201,
38.5036,
24.7395,
75.71332,
766.5936,
9.70414,
399.665,
176.3707,
118.6953,
21.09332,
3.619526,
342.9233,
161.0082,
0,
3227.816,
2051, 
3.851105,
32.25974,
17.17381,
26.81691,
17.7621,
24.24338,
83.17224,
406.5753,
357.777,
15.06252,
54.17883,
24.68452,
18.92913,
8.554333,
38.34718,
24.38824,
75.4639,
758.6035,
9.524891,
392.5244,
174.6347,
117.6969,
20.7106,
3.581699,
342.3919,
161.9633,
0,
3210.872,
2052, 
3.794571,
31.77982,
16.95932,
26.62299,
17.58733,
23.9361,
82.90041,
409.7286,
359.5015,
14.9077,
53.47568,
24.33469,
18.72465,
8.412418,
38.18609,
24.03781,
75.20468,
750.6036,
9.347183,
385.446,
172.894,
116.6969,
20.33096,
3.543343,
341.8078,
162.8742,
0,
3193.639,
2053, 
3.737686,
31.29672,
16.74371,
26.42812,
17.41298,
23.62779,
82.61659,
412.7474,
361.1474,
14.75274,
52.77176,
23.98701,
18.51997,
8.271461,
38.02033,
23.68819,
74.9357,
742.5939,
9.171001,
378.43,
171.1486,
115.6953,
19.95438,
3.504452,
341.171,
163.741,
0,
3176.115,
2054, 
3.680443,
30.81049,
16.52699,
26.23232,
17.23907,
23.31847,
82.32082,
415.6316,
362.7147,
14.59763,
52.06711,
23.64146,
18.31509,
8.131454,
37.8499,
23.3394,
74.65695,
734.5745,
8.996361,
371.4764,
169.3983,
114.692,
19.58087,
3.465027,
340.4814,
164.5637,
0,
3158.303,
2055, 
3.622845,
30.32111,
16.30919,
26.03558,
17.06558,
23.00812,
82.01312,
418.3812,
364.2033,
14.44237,
51.36179,
23.29806,
18.11001,
7.992405,
37.6748,
22.99142,
74.36844,
726.5451,
8.82325,
364.585,
167.6433,
113.6872,
19.21043,
3.425076,
339.739,
165.3422,
0,
3140.2,
2056, 
3.564365,
29.82571,
16.07727,
25.81312,
16.87805,
22.67683,
81.59778,
420.7816,
365.286,
14.27177,
50.63705,
22.95419,
17.883,
7.85442,
37.43835,
22.63667,
73.97513,
717.8702,
8.640881,
357.4208,
165.718,
112.5839,
18.84356,
3.383125,
338.636,
165.934,
0,
3119.182,
2057, 
3.505558,
29.32727,
15.84467,
25.59019,
16.69119,
22.34512,
81.17255,
423.0518,
366.2957,
14.10136,
49.91217,
22.61251,
17.6563,
7.717384,
37.19843,
22.28294,
73.57404,
709.2004,
8.460323,
350.3265,
163.7919,
111.4808,
18.47975,
3.340694,
337.4865,
166.4845,
0,
3097.93,
2058, 
3.446411,
28.82581,
15.61137,
25.36679,
16.50504,
22.013,
80.73743,
425.1917,
367.2325,
13.93116,
49.18713,
22.27303,
17.42992,
7.581303,
36.95506,
21.93027,
73.16516,
700.5358,
8.281578,
343.3021,
161.865,
110.378,
18.11899,
3.297783,
336.2904,
166.9934,
0,
3076.446,
2059, 
3.386925,
28.32132,
15.3774,
25.14294,
16.31955,
21.68045,
80.29243,
427.2012,
368.0964,
13.76114,
48.46185,
21.93574,
17.20387,
7.446167,
36.70821,
21.57861,
72.74854,
691.8764,
8.104645,
336.3476,
159.9372,
109.2755,
17.76128,
3.254383,
335.0479,
167.4611,
0,
3054.729,
2060, 
3.327106,
27.81375,
15.14272,
24.91862,
16.13475,
21.34749,
79.83754,
429.0804,
368.8873,
13.59133,
47.73642,
21.60064,
16.97813,
7.311989,
36.45793,
21.22798,
72.32404,
683.2222,
7.92952,
329.4629,
158.0085,
108.1732,
17.40665,
3.210503,
333.7588,
167.8873,
0,
3032.777,
2061, 
3.277985,
27.39459,
14.93683,
24.71717,
15.96683,
21.05843,
79.40579,
431.1825,
369.3623,
13.43706,
47.10751,
21.30168,
16.75493,
7.191246,
36.22058,
20.91951,
71.92191,
674.6151,
7.771976,
323.2814,
156.2099,
107.1539,
17.07751,
3.17321,
332.4481,
168.2571,
0,
3012.145,
2062, 
3.2286,
26.97296,
14.73068,
24.51564,
15.79964,
20.76945,
78.96747,
433.1773,
369.7761,
13.2832,
46.47879,
21.00465,
16.53238,
7.071339,
35.98104,
20.61212,
71.51501,
666.028,
7.615993,
317.1584,
154.4133,
106.1364,
16.75122,
3.135571,
331.1023,
168.5928,
0,
2991.351,
2063, 
3.178959,
26.54883,
14.52422,
24.31402,
15.63319,
20.48059,
78.52254,
435.0648,
370.1285,
13.12973,
45.85031,
20.70952,
16.31049,
6.952263,
35.7393,
20.30579,
71.10333,
657.4606,
7.461575,
311.0941,
152.6188,
105.1205,
16.42778,
3.097572,
329.7214,
168.8944,
0,
2970.393,
2064, 
3.129066,
26.12222,
14.31747,
24.11231,
15.46748,
20.19182,
78.07108,
436.845,
370.4197,
12.97667,
45.22205,
20.41629,
16.08925,
6.834019,
35.49537,
20.00055,
70.68686,
648.9132,
7.30872,
305.0881,
150.8263,
104.1062,
16.10719,
3.059219,
328.3053,
169.1621,
0,
2949.273,
2065, 
3.078911,
25.69315,
14.11044,
23.91051,
15.30252,
19.90314,
77.61305,
438.5181,
370.6497,
12.82401,
44.59399,
20.12497,
15.86867,
6.71661,
35.24923,
19.69638,
70.26563,
640.3857,
7.157425,
299.1408,
149.0359,
103.0937,
15.78945,
3.020519,
326.8541,
169.3957,
0,
2927.992,
2066, 
3.028103,
25.25931,
13.89429,
23.6923,
15.12769,
19.60089,
77.06981,
439.7544,
370.3874,
12.66107,
43.96558,
19.83281,
15.63837,
6.60067,
34.97668,
19.38969,
69.75589,
631.3254,
7.009346,
293.3171,
147.1463,
102.0144,
15.46838,
2.979958,
325.0239,
169.399,
0,
2904.319,
2067, 
2.977047,
24.82312,
13.67812,
23.47428,
14.95375,
19.29913,
76.52164,
440.8896,
370.0715,
12.49875,
43.3374,
19.5426,
15.40898,
6.485542,
34.70242,
19.08418,
69.24298,
622.2987,
6.862793,
287.5507,
145.2611,
100.938,
15.15032,
2.939098,
323.1653,
169.372,
0,
2880.529,
2068, 
2.925755,
24.38449,
13.46193,
23.25645,
14.78073,
18.99786,
75.96848,
441.924,
369.7021,
12.33706,
42.70947,
19.25436,
15.18051,
6.371231,
34.42647,
18.77985,
68.72693,
613.3051,
6.717758,
281.8415,
143.3803,
99.86455,
14.83528,
2.89793,
321.2785,
169.3147,
0,
2856.623,
2069, 
2.874218,
23.94351,
13.24574,
23.03883,
14.6086,
18.6971,
75.41037,
442.8571,
369.279,
12.17599,
42.08176,
18.96807,
14.95295,
6.25774,
34.1488,
18.47668,
68.2077,
604.345,
6.574253,
276.1895,
141.5038,
98.79398,
14.52325,
2.856461,
319.3635,
169.2271,
0,
2832.601,
2070, 
2.822437,
23.50009,
13.02954,
22.8214,
14.43738,
18.39682,
74.84729,
443.6893,
368.8024,
12.01556,
41.45425,
18.68375,
14.7263,
6.145061,
33.86944,
18.17468,
67.68536,
595.418,
6.43227,
270.5947,
139.6318,
97.72633,
14.21424,
2.81469,
317.4203,
169.1091,
0,
2808.462,
2071, 
2.779312,
23.13089,
12.83867,
22.62093,
14.27881,
18.13359,
74.33255,
444.6411,
368.0446,
11.86856,
40.92548,
18.43105,
14.51016,
6.044643,
33.62204,
17.91209,
67.20187,
586.7279,
6.308899,
265.6782,
137.9086,
96.74091,
13.93099,
2.780342,
315.4788,
168.9343,
0,
2785.805,
2072, 
2.736019,
22.75992,
12.64801,
22.42087,
14.12111,
17.87106,
73.81447,
445.5121,
367.2458,
11.72224,
40.39682,
18.17997,
14.29503,
5.944908,
33.37353,
17.6505,
66.71689,
578.0801,
6.186722,
260.8067,
136.191,
95.75883,
13.65041,
2.745789,
313.5183,
168.7358,
0,
2763.083,
2073, 
2.692558,
22.38721,
12.45757,
22.22119,
13.96423,
17.6093,
73.29305,
446.3024,
366.4059,
11.5766,
39.86829,
17.93053,
14.08091,
5.845863,
33.12391,
17.38994,
66.23038,
569.4749,
6.065735,
255.98,
134.4792,
94.78014,
13.37252,
2.711029,
311.5389,
168.5136,
0,
2740.296,
2074, 
2.64893,
22.01266,
12.26733,
22.02191,
13.80823,
17.34824,
72.76828,
447.0116,
365.5251,
11.43163,
39.33987,
17.68272,
13.86781,
5.747501,
32.87317,
17.13037,
65.74237,
560.9121,
5.945942,
251.1984,
132.773,
93.80479,
13.09731,
2.67606,
309.5407,
168.2676,
0,
2717.443,
2075, 
2.605137,
21.63641,
12.0773,
21.82302,
13.65306,
17.08791,
72.24017,
447.6401,
364.6033,
11.28735,
38.81152,
17.43655,
13.65572,
5.64983,
32.62133,
16.87183,
65.25284,
552.3918,
5.827335,
246.4616,
131.0725,
92.83281,
12.82478,
2.640884,
307.5235,
167.9979,
0,
2694.527,
2076, 
2.559704,
21.24698,
11.88158,
21.61098,
13.49139,
16.81743,
71.66882,
447.7422,
363.2023,
11.13652,
38.28171,
17.19719,
13.43872,
5.554134,
32.35075,
16.61438,
64.71091,
543.5056,
5.712418,
241.8127,
129.3074,
91.80879,
12.56146,
2.603981,
305.1727,
167.4822,
0,
2669.473,
2077, 
2.514156,
20.85623,
11.68623,
21.39955,
13.33067,
16.54797,
71.09491,
447.7714,
361.7683,
10.98652,
37.75204,
16.95937,
13.22289,
5.459099,
32.0794,
16.35794,
64.16833,
534.6721,
5.598637,
237.2081,
127.5496,
90.78902,
12.30065,
2.566921,
302.8091,
166.9469,
0,
2644.396,
2078, 
2.468498,
20.46417,
11.49127,
21.18874,
13.17091,
16.27956,
70.51846,
447.7277,
360.3011,
10.83734,
37.22253,
16.72309,
13.00822,
5.364712,
31.80727,
16.10251,
63.62518,
525.8911,
5.485996,
232.6476,
125.799,
89.77356,
12.04234,
2.529701,
300.4327,
166.3921,
0,
2619.295,
2079, 
2.422733,
20.0708,
11.29672,
20.97853,
13.01208,
16.01215,
69.93942,
447.6112,
358.8007,
10.68897,
36.69318,
16.48836,
12.79472,
5.270981,
31.53439,
15.8481,
63.08145,
517.1627,
5.374489,
228.1312,
124.0557,
88.76237,
11.78654,
2.492329,
298.0437,
165.8177,
0,
2594.171,
2080, 
2.37685,
19.67609,
11.10255,
20.76894,
12.85422,
15.74579,
69.35785,
447.4219,
357.2673,
10.54142,
36.164,
16.25517,
12.58237,
5.177906,
31.2607,
15.5947,
62.53705,
508.4871,
5.264118,
223.6591,
122.3195,
87.75545,
11.53324,
2.454792,
295.642,
165.2238,
0,
2569.024,
2081, 
2.337475,
19.33972,
10.93182,
20.57421,
12.70891,
15.50888,
68.82809,
447.2266,
355.6357,
10.40743,
35.70831,
16.05212,
12.38304,
5.095173,
31.01588,
15.37581,
62.0386,
500.3065,
5.166073,
219.642,
120.7323,
86.81728,
11.31046,
2.423283,
293.322,
164.5436,
0,
2545.431,
2082, 
2.298061,
19.00272,
10.76155,
20.38016,
12.56444,
15.27306,
68.29678,
446.9757,
353.9804,
10.27419,
35.25299,
15.85027,
12.18486,
5.012981,
30.77065,
15.15778,
61.54019,
492.1792,
5.068947,
215.6608,
119.1525,
85.88341,
11.08966,
2.391689,
290.9954,
163.8501,
0,
2521.848,
2083, 
2.258614,
18.66507,
10.59174,
20.18679,
12.42081,
15.03828,
67.76392,
446.6694,
352.3015,
10.1417,
34.79797,
15.64963,
11.98784,
4.931335,
30.52501,
14.94055,
61.04184,
484.1051,
4.972744,
211.7151,
117.5802,
84.95383,
10.87086,
2.36002,
288.662,
163.143,
0,
2498.275,
2084, 
2.219135,
18.32675,
10.42235,
19.9941,
12.27798,
14.8046,
67.22949,
446.3076,
350.5989,
10.00996,
34.34329,
15.45019,
11.79198,
4.850231,
30.27898,
14.72418,
60.54358,
476.0841,
4.87746,
207.8053,
116.0154,
84.02861,
10.65405,
2.32827,
286.322,
162.4224,
0,
2474.711,
2085, 
2.179623,
17.98785,
10.25343,
19.80209,
12.13599,
14.57198,
66.69351,
445.8903,
348.8727,
9.878967,
33.88898,
15.25196,
11.59727,
4.769676,
30.03254,
14.50867,
60.04535,
468.1162,
4.783096,
203.9312,
114.4581,
83.10765,
10.43923,
2.29644,
283.9753,
161.6884,
0,
2451.156,
2086, 
2.138496,
17.63797,
10.0818,
19.60215,
11.99379,
14.33453,
66.12415,
444.9161,
346.8055,
9.746094,
33.42395,
15.06211,
11.40105,
4.690693,
29.77289,
14.2941,
59.52145,
460.0664,
4.690327,
200.2166,
112.8654,
82.15205,
10.23178,
2.262901,
281.4413,
160.7336,
0,
2426.208,
2087, 
2.097393,
17.28787,
9.910721,
19.40302,
11.85245,
14.09831,
65.55383,
443.895,
344.7201,
9.614017,
32.95956,
14.87336,
11.20605,
4.612232,
29.51307,
14.08037,
58.99805,
452.0731,
4.598457,
196.5358,
111.2812,
81.20142,
10.02617,
2.229332,
278.9042,
159.7693,
0,
2401.294,
2088, 
2.05632,
16.93753,
9.740189,
19.20469,
11.71193,
13.86333,
64.98254,
442.8269,
342.6168,
9.482742,
32.49585,
14.6857,
11.01229,
4.534286,
29.25309,
13.86748,
58.4751,
444.1365,
4.5075,
192.8886,
109.7053,
80.25563,
9.822411,
2.195736,
276.3637,
158.7952,
0,
2376.417,
2089, 
2.015274,
16.58698,
9.570206,
19.00717,
11.57224,
13.62956,
64.41031,
441.7118,
340.4955,
9.352261,
32.03271,
14.49911,
10.81975,
4.456863,
28.99293,
13.65541,
57.95267,
436.2563,
4.41745,
189.2751,
108.1378,
79.3148,
9.620491,
2.162106,
273.8201,
157.8115,
0,
2351.577,
2090, 
1.974247,
16.23621,
9.400772,
18.81046,
11.43341,
13.397,
63.8371,
440.5496,
338.3563,
9.222584,
31.57022,
14.31364,
10.62844,
4.379955,
28.7326,
13.44421,
57.43073,
428.4326,
4.328304,
185.6953,
106.5788,
78.37888,
9.420425,
2.128448,
271.2733,
156.8181,
0,
2326.771,
2091, 
1.938953,
15.94016,
9.252594,
18.62931,
11.30737,
13.19104,
63.30103,
439.3081,
336.2157,
9.103634,
31.16409,
14.15209,
10.45152,
4.310928,
28.49992,
13.25941,
56.95209,
421.2212,
4.247684,
182.5555,
105.1723,
77.49959,
9.240524,
2.100307,
268.8932,
155.8148,
0,
2303.723,
2092, 
1.903721,
15.64413,
9.104919,
18.44893,
11.18204,
12.98621,
62.76477,
438.0336,
334.0639,
8.985405,
30.75876,
13.99139,
10.27573,
4.242344,
28.26725,
13.07538,
56.47427,
414.0619,
4.16782,
179.4418,
103.7735,
76.62502,
9.062195,
2.072174,
266.513,
154.8057,
0,
2280.726,
2093, 
1.868549,
15.34818,
8.957779,
18.26931,
11.05739,
12.7825,
62.22836,
436.7258,
331.901,
8.867901,
30.35419,
13.83155,
10.10108,
4.174206,
28.03461,
12.89209,
55.99719,
406.9545,
4.088711,
176.354,
102.3824,
75.75516,
8.885437,
2.044052,
264.1324,
153.7905,
0,
2257.779,
2094, 
1.833439,
15.05228,
8.811142,
18.09045,
10.93344,
12.57991,
61.6918,
435.3851,
329.7269,
8.751122,
29.95041,
13.67255,
9.927582,
4.106518,
27.80201,
12.70955,
55.52094,
399.8992,
4.010361,
173.2922,
100.9989,
74.88997,
8.710251,
2.015938,
261.7516,
152.7694,
0,
2234.883,
2095, 
1.798393,
14.75647,
8.665024,
17.91238,
10.8102,
12.37846,
61.15509,
434.0114,
327.5416,
8.635071,
29.54742,
13.51441,
9.755234,
4.039272,
27.56943,
12.52776,
55.04547,
392.8959,
3.932762,
170.2563,
99.6232,
74.02953,
8.536636,
1.987831,
259.3706,
151.7424,
0,
2212.039,
2096, 
1.762623,
14.45593,
8.517181,
17.73234,
10.68988,
12.17612,
60.57758,
432.105,
325.0792,
8.517792,
29.1347,
13.35979,
9.582848,
3.971691,
27.32344,
12.34204,
54.54489,
385.9198,
3.857979,
167.3284,
98.24057,
73.15047,
8.364243,
1.958874,
256.8849,
150.5806,
0,
2188.159,
2097, 
1.726944,
14.15561,
8.369919,
17.5531,
10.57025,
11.97495,
60.00061,
430.1736,
322.6101,
8.401272,
28.72302,
13.20598,
9.411652,
3.904572,
27.07771,
12.15718,
54.0455,
378.9965,
3.783909,
164.4254,
96.86594,
72.27646,
8.193436,
1.929947,
254.4009,
149.4151,
0,
2164.35,
2098, 
1.691357,
13.85556,
8.223236,
17.37468,
10.45128,
11.77495,
59.42426,
428.2172,
320.1346,
8.285511,
28.31241,
13.05299,
9.241623,
3.837917,
26.83222,
11.97319,
53.5473,
372.1256,
3.71056,
161.547,
95.49921,
71.4075,
8.024208,
1.901051,
251.9186,
148.2461,
0,
2140.61,
2099, 
1.655861,
13.55579,
8.077133,
17.19704,
10.33298,
11.57614,
58.84845,
426.2357,
317.6525,
8.170506,
27.90283,
12.9008,
9.072769,
3.771732,
26.58699,
11.79005,
53.05029,
365.3075,
3.637928,
158.6935,
94.1405,
70.54356,
7.85656,
1.872192,
249.438,
147.0734,
0,
2116.941,
2100, 
1.620457,
13.25629,
7.931625,
17.02023,
10.21535,
11.37851,
58.27322,
424.2292,
315.1639,
8.056255,
27.49432,
12.74942,
8.90509,
3.706009,
26.34202,
11.60778,
52.5545,
358.542,
3.566013,
155.8647,
92.78976,
69.68468,
7.690491,
1.843365,
246.959,
145.8971,
0,
2093.341];
