real main.em.dem.URBPOPTOT[28](t) = [1971, 
16.55778,
149.3658,
31.01851,
19.0625,
56.1832,
63.40449,
29.59219,
33.5097,
10.16387,
11.02492,
245.692,
58.00983,
14.14562,
31.89108,
14.35385,
89.44347,
32.40678,
114.4239,
22.42951,
153.8356,
41.8994,
20.97806,
57.58957,
13.91833,
25.49651,
5.648327,
0,
1362.045,
1972, 
16.80818,
151.1022,
32.40245,
19.71508,
58.55209,
65.3644,
30.60663,
35.11626,
10.72804,
11.35846,
248.0665,
59.32513,
14.71709,
32.636,
14.78165,
91.11504,
34.22383,
118.8337,
23.50835,
157.4106,
43.40672,
22.09233,
59.14505,
14.26358,
26.69394,
6.130322,
0,
1398.104,
1973, 
17.01788,
152.6521,
33.8349,
20.37761,
60.99449,
67.37376,
31.66016,
36.80648,
11.31489,
11.70092,
250.2977,
60.683,
15.30454,
33.36157,
15.22442,
92.79922,
36.12948,
123.4133,
24.59662,
160.8539,
44.94205,
23.24418,
60.73676,
14.54108,
28.07873,
6.645534,
0,
1434.585,
1974, 
17.25067,
154.119,
35.31293,
21.05054,
63.50189,
69.4388,
32.76005,
38.58701,
11.94295,
12.04926,
252.4044,
62.08712,
15.9012,
34.08029,
15.68019,
94.52621,
38.13467,
128.1489,
25.67258,
164.1021,
46.48926,
24.43108,
62.328,
14.81125,
29.51485,
7.191883,
0,
1471.517,
1975, 
17.49355,
155.6109,
36.83444,
21.73356,
66.07796,
71.54473,
33.98837,
40.46308,
12.59721,
12.40152,
254.3291,
63.52868,
16.49866,
34.79873,
16.14948,
96.33045,
40.24416,
133.0102,
26.73526,
167.0021,
48.01526,
25.6536,
63.87792,
15.05342,
30.9973,
7.769917,
0,
1508.74,
1976, 
17.72725,
157.1169,
38.37225,
22.37855,
68.69138,
73.68161,
35.33956,
42.4097,
13.28987,
12.75614,
255.8307,
64.96684,
17.02046,
35.46351,
16.58696,
97.99542,
42.45204,
138.2326,
27.77761,
173.4075,
49.74739,
27.05447,
65.19022,
15.22606,
32.90102,
8.422878,
0,
1550.039,
1977, 
17.93631,
158.7502,
39.96693,
23.03135,
71.39542,
75.88436,
36.69107,
44.44168,
13.99171,
13.11995,
257.3291,
66.3815,
17.57384,
36.1107,
17.03983,
99.69273,
44.78354,
143.6211,
28.79088,
179.7353,
51.59585,
28.49911,
66.47147,
15.38663,
34.89709,
9.1102,
0,
1592.228,
1978, 
18.12591,
160.5882,
41.62097,
23.6976,
74.19435,
78.16198,
38.04688,
46.62104,
14.74675,
13.49629,
258.8112,
67.74494,
18.14437,
36.74178,
17.50227,
101.4059,
46.89989,
149.188,
29.79929,
186.0484,
53.56418,
29.99142,
67.71336,
15.54412,
36.99677,
9.825553,
0,
1635.221,
1979, 
18.3224,
162.5285,
43.2934,
24.36984,
77.08198,
80.49475,
39.47189,
48.93215,
15.56026,
13.87839,
260.2619,
69.10077,
18.71797,
37.38923,
17.96074,
103.055,
49.13599,
154.9486,
30.82109,
192.5812,
55.57951,
31.53301,
68.91244,
15.70238,
39.18182,
10.57697,
0,
1679.392,
1980, 
18.54614,
164.5399,
44.91494,
25.04933,
80.05976,
82.88955,
40.97305,
51.30556,
16.34808,
14.26772,
261.8241,
70.43406,
19.30219,
38.05837,
18.41853,
104.6295,
51.69957,
160.9534,
31.87681,
199.4025,
57.66471,
33.12248,
70.06403,
15.88321,
41.4654,
11.39435,
0,
1725.087,
1981, 
18.81066,
166.7349,
46.29053,
25.68452,
83.04501,
85.28377,
42.56048,
53.70035,
17.15356,
14.69738,
263.0722,
71.37246,
20.47287,
38.67439,
18.82755,
105.8749,
54.58127,
166.4407,
33.00641,
209.6132,
59.92344,
35.11518,
70.75181,
16.09804,
43.27562,
12.1598,
0,
1773.221,
1982, 
19.06194,
168.8141,
47.61094,
26.34214,
86.09253,
87.72739,
44.21246,
56.20863,
18.05336,
15.14012,
264.1583,
72.29196,
21.71008,
39.2785,
19.25221,
107.2025,
57.56163,
172.0694,
34.22338,
220.3197,
62.25845,
37.17195,
71.41315,
16.33415,
45.1948,
12.93814,
0,
1822.642,
1983, 
19.29383,
170.9309,
48.94657,
27.04353,
89.20135,
90.22922,
45.94361,
58.73206,
18.93817,
15.61177,
265.1573,
73.19291,
23.03392,
39.89314,
19.69778,
108.658,
60.39155,
177.8647,
35.45084,
231.1527,
64.67381,
39.29042,
72.0672,
16.55779,
47.30351,
13.7623,
0,
1873.019,
1984, 
19.51283,
173.0459,
50.28735,
27.77074,
92.36076,
92.78273,
47.73256,
61.318,
19.82176,
16.11626,
266.1512,
74.07751,
24.39706,
40.51543,
20.16101,
110.1492,
63.40182,
183.8425,
36.67807,
242.0296,
67.16282,
41.46107,
72.71276,
16.76396,
49.47939,
14.61715,
0,
1924.349,
1985, 
19.73287,
175.1707,
51.62425,
28.51133,
95.55946,
95.37577,
49.56621,
64.05389,
20.74609,
16.66451,
267.1921,
74.93523,
25.79166,
41.11751,
20.639,
111.6255,
66.47091,
189.9734,
37.9035,
253.3809,
69.70146,
43.66773,
73.34363,
16.96849,
51.72571,
15.50678,
0,
1976.948,
1986, 
19.95257,
177.3165,
52.93309,
29.30936,
98.69155,
97.9297,
51.31949,
66.89189,
21.83201,
17.40578,
268.3198,
75.65661,
27.01995,
41.60295,
21.07257,
112.9916,
69.39601,
196.1809,
39.22042,
265.4718,
72.3623,
46.06959,
74.31947,
17.20695,
53.90954,
16.4598,
0,
2030.842,
1987, 
20.20973,
179.4504,
54.23906,
30.12376,
101.8434,
100.5409,
53.06633,
69.84978,
22.98326,
18.21787,
269.5592,
76.34676,
28.26446,
42.09317,
21.53888,
114.4486,
72.44894,
202.5227,
40.5747,
278.2006,
75.07957,
48.51637,
75.2812,
17.46421,
56.12967,
17.42958,
0,
2086.423,
1988, 
20.51106,
181.6625,
55.56475,
30.96287,
105.0157,
103.2111,
54.81968,
72.93714,
24.12789,
19.06002,
270.9023,
76.98542,
29.5364,
42.56364,
22.01071,
115.8279,
75.50358,
208.9944,
41.94436,
291.1929,
77.84642,
51.01923,
76.23048,
17.73526,
58.44875,
18.42327,
0,
2143.038,
1989, 
20.85189,
184.0564,
56.90595,
31.82368,
108.2053,
105.9318,
56.58236,
76.16714,
25.28821,
19.91592,
272.2968,
77.58221,
30.83814,
43.01562,
22.43495,
117.0071,
78.63169,
215.6205,
43.33603,
304.3217,
80.67289,
53.57714,
77.14943,
18.00956,
60.86648,
19.45945,
0,
2200.549,
1990, 
21.18044,
186.8079,
58.36391,
32.70392,
111.4052,
108.6904,
58.34179,
79.46465,
26.54717,
20.75109,
273.7327,
78.14332,
32.16152,
43.43694,
22.78823,
118.0169,
81.68829,
222.3744,
44.73646,
317.9212,
83.58435,
56.18553,
78.03741,
18.30509,
63.29734,
20.53064,
0,
2259.197,
1991, 
21.51627,
190.4067,
59.85378,
33.6912,
114.4804,
111.414,
60.02969,
82.83587,
27.82164,
21.48922,
275.2653,
78.3306,
33.07487,
43.5731,
23.01797,
118.3589,
84.86355,
228.9576,
45.60486,
333.1993,
86.13196,
59.00925,
78.66465,
18.61054,
65.61117,
21.57228,
0,
2317.385,
1992, 
21.83313,
194.1382,
61.36387,
34.68797,
117.5448,
114.1436,
61.71907,
86.3683,
29.11315,
22.14013,
276.8659,
78.29913,
33.9901,
43.71719,
23.19252,
118.4837,
88.1787,
235.6552,
46.38153,
347.7109,
88.73692,
61.90188,
79.28347,
18.8633,
68.10455,
22.6388,
0,
2375.056,
1993, 
22.14266,
197.8897,
62.89672,
35.69186,
120.6286,
116.8915,
63.42063,
90.0153,
30.46856,
22.75383,
278.3986,
78.18636,
34.92478,
43.77102,
23.27152,
118.4578,
90.9694,
242.4687,
47.17991,
362.1195,
91.39593,
64.85572,
79.88165,
19.09183,
70.81512,
23.75155,
0,
2432.339,
1994, 
22.44779,
201.5842,
64.45027,
36.69884,
123.7495,
119.6634,
65.11499,
93.98888,
31.71463,
23.36307,
279.8226,
78.15559,
35.88354,
43.6253,
23.28118,
118.2605,
93.65473,
249.396,
47.98721,
376.5573,
94.03429,
67.87959,
80.48497,
19.32923,
73.58247,
24.94331,
0,
2489.653,
1995, 
22.75056,
205.2235,
66.00888,
37.71416,
126.9043,
122.4427,
66.79578,
98.08717,
33.06687,
23.96626,
281.1772,
78.16688,
36.84235,
43.37797,
23.27169,
117.9375,
96.55666,
256.4308,
48.76022,
391.0198,
96.65052,
70.97659,
81.07425,
19.59007,
76.3037,
26.16765,
0,
2547.264,
1996, 
23.09374,
208.7804,
67.44324,
38.68304,
130.0509,
125.1189,
68.40775,
102.1304,
34.6593,
24.54914,
282.5522,
78.10251,
37.77201,
43.09809,
23.3231,
117.5974,
99.44969,
263.5921,
49.24837,
406.4626,
99.53178,
74.73365,
81.40923,
19.87457,
79.13634,
27.24805,
0,
2606.049,
1997, 
23.42694,
212.4299,
68.87125,
39.65788,
133.224,
127.7947,
70.03254,
106.2661,
36.28039,
25.10966,
283.9313,
78.00528,
38.70907,
42.80607,
23.32575,
117.2671,
102.4294,
270.849,
49.75267,
421.8944,
102.448,
78.58504,
81.75108,
20.14908,
82.02011,
28.3631,
0,
2665.38,
1998, 
23.74109,
216.1268,
70.29875,
40.63652,
136.42,
130.4675,
71.65276,
110.7086,
37.8334,
25.64466,
285.3065,
77.75105,
39.64442,
42.52085,
23.28879,
116.9459,
105.5153,
278.2,
50.2364,
437.3528,
105.3714,
82.51292,
82.07973,
20.4094,
85.00034,
29.55213,
0,
2725.218,
1999, 
24.05151,
219.7757,
71.72242,
41.61992,
139.6141,
133.1288,
73.26677,
115.3846,
39.44256,
26.15432,
286.6802,
77.41764,
40.57616,
42.2234,
23.2869,
116.5852,
108.6801,
285.6235,
50.69794,
452.8322,
108.2674,
86.49284,
82.38709,
20.66835,
88.08476,
30.78243,
0,
2785.447,
2000, 
24.38648,
223.3468,
73.133,
42.60287,
142.7954,
135.7663,
74.90108,
120.2836,
41.13206,
26.63254,
288.1147,
77.27074,
41.50776,
41.91194,
23.37214,
116.1281,
111.9462,
293.1477,
51.14639,
468.5029,
111.1028,
90.53011,
82.6964,
20.9412,
91.21206,
32.06764,
0,
2846.579,
2001, 
24.68031,
226.7378,
74.58468,
43.57431,
145.777,
138.326,
76.58418,
125.5671,
42.91576,
27.0954,
290.0404,
77.34322,
42.45937,
41.64022,
23.61548,
115.505,
115.2369,
300.7654,
51.62536,
489.2111,
114.1406,
92.28796,
83.05676,
21.23627,
94.41801,
33.4408,
0,
2911.865,
2002, 
24.9751,
229.9963,
76.04748,
44.54586,
148.7265,
140.8511,
78.30956,
131.0745,
44.77455,
27.57114,
292.2457,
77.29829,
43.39322,
41.37648,
23.86448,
114.888,
118.2662,
308.4656,
52.0771,
509.9727,
117.2089,
94.04424,
83.40098,
21.54996,
97.77605,
34.85891,
0,
2977.559,
2003, 
25.25268,
233.1778,
77.51198,
45.51552,
151.6104,
143.3444,
80.06573,
136.7762,
46.70897,
28.05726,
294.7806,
77.21146,
44.31124,
41.15257,
24.12016,
114.3072,
121.3136,
316.1793,
52.51642,
530.8558,
120.3019,
95.7988,
83.72263,
21.87053,
101.1242,
36.34632,
0,
3043.934,
2004, 
25.52716,
236.4411,
78.98926,
46.48355,
154.4705,
145.8165,
81.85236,
142.7185,
48.72156,
28.55321,
297.474,
77.10442,
45.2643,
40.95185,
24.3903,
113.778,
124.741,
323.9012,
52.95188,
551.946,
123.4168,
97.52232,
84.02406,
22.18582,
104.333,
37.90445,
0,
3111.463,
2005, 
25.81204,
239.7693,
80.46098,
47.45392,
157.3413,
148.2821,
83.6614,
148.9352,
50.80208,
29.05884,
300.1895,
76.99537,
46.22797,
40.7478,
24.6769,
113.283,
128.5761,
331.566,
53.3591,
573.2979,
126.56,
99.26242,
84.29836,
22.51027,
107.5022,
39.53257,
0,
3180.162,
2006, 
26.09511,
243.0272,
81.88811,
48.38655,
159.9134,
150.6762,
85.56937,
155.5645,
52.99508,
29.57964,
302.9275,
76.96909,
47.16033,
40.62985,
25.03261,
113.0525,
133.0161,
339.693,
53.75152,
588.7703,
129.9574,
101.1589,
84.58963,
22.87038,
110.8396,
41.2702,
0,
3245.384,
2007, 
26.39052,
246.3677,
83.30231,
49.33836,
162.4491,
153.0494,
87.54384,
162.4546,
55.29406,
30.12295,
305.9214,
76.95573,
48.08133,
40.53977,
25.40839,
112.9974,
137.7847,
347.7897,
54.14345,
604.4955,
133.4233,
103.1007,
84.88157,
23.28374,
114.0413,
43.09365,
0,
3312.254,
2008, 
26.70704,
249.6946,
84.69836,
50.30563,
164.9464,
155.3991,
89.58206,
169.6157,
57.69037,
30.71084,
308.9601,
76.97466,
48.99976,
40.47548,
25.80756,
113.0829,
142.724,
355.8951,
54.53571,
620.4763,
136.9168,
105.0667,
85.1519,
23.73907,
117.2788,
44.98129,
0,
3380.416,
2009, 
27.03974,
252.9292,
86.08996,
51.28282,
167.4201,
157.7592,
91.68176,
177.0704,
60.16788,
31.32583,
311.6618,
77.03662,
49.96295,
40.45042,
26.23738,
113.2475,
147.6734,
364.0476,
54.93785,
636.7489,
140.4555,
107.035,
85.40128,
24.1948,
120.7324,
46.92663,
0,
3449.517,
2010, 
27.3684,
256.0604,
87.58172,
52.24329,
169.9027,
160.1559,
93.8808,
184.8344,
62.70588,
31.95233,
314.1489,
77.10119,
50.97982,
40.433,
26.68563,
113.4169,
152.3471,
372.3082,
55.36261,
653.2286,
144.0482,
109.0156,
85.61671,
24.60799,
124.3429,
48.98152,
0,
3519.311,
2011, 
27.77086,
259.1479,
89.22753,
53.23426,
171.9198,
162.5541,
96.4157,
192.9156,
65.72274,
32.64439,
316.9093,
77.56454,
51.87553,
40.4686,
27.50165,
114.2218,
156.7437,
384.6095,
55.97517,
668.2053,
148.0481,
112.0542,
86.04431,
25.00815,
129.027,
51.24936,
0,
3597.059,
2012, 
28.18237,
262.3173,
90.87436,
54.26083,
173.9105,
164.977,
99.05,
201.2551,
68.82458,
33.37081,
319.5248,
78.02283,
52.86473,
40.54591,
28.34196,
115.1352,
161.1121,
397.0613,
56.67784,
683.6206,
152.1116,
115.1506,
86.43372,
25.43399,
133.6738,
53.64047,
0,
3676.375,
2013, 
28.5991,
265.4598,
92.47636,
55.28816,
175.8669,
167.4112,
102.0189,
209.8474,
72.05518,
34.1219,
321.9396,
78.46435,
53.99788,
40.63462,
29.21225,
116.0991,
165.5601,
409.6361,
57.39215,
699.2277,
156.2154,
118.2572,
86.80753,
25.88011,
138.2107,
56.16969,
0,
3756.849,
2014, 
28.99298,
268.5633,
94.03365,
56.30958,
177.8255,
169.8636,
105.0763,
218.7617,
75.35349,
34.9623,
324.3253,
78.89256,
55.30652,
40.69233,
30.11573,
117.0717,
170.1221,
422.2299,
58.11532,
714.7549,
160.3311,
121.3591,
87.16124,
26.32657,
142.7898,
58.81778,
0,
3838.155,
2015, 
29.37806,
271.6104,
95.54426,
57.32601,
179.7836,
172.3573,
108.1211,
227.9445,
78.73342,
35.9995,
326.7414,
79.3139,
56.62272,
40.75883,
31.04658,
118.0905,
174.7681,
434.8458,
58.83052,
730.1343,
164.4926,
124.4582,
87.49715,
26.77781,
147.3325,
61.60525,
0,
3920.114,
2016, 
29.80977,
274.6957,
97.04459,
58.34184,
181.6989,
174.8803,
111.1651,
237.4838,
82.24644,
36.65862,
329.1943,
79.73047,
57.83294,
40.84193,
31.99394,
119.1504,
179.2081,
447.6905,
59.45602,
745.4575,
168.7406,
127.5467,
87.8097,
27.25172,
151.8989,
64.53745,
0,
4002.366,
2017, 
30.29321,
277.7775,
98.51467,
59.35305,
183.5986,
177.3663,
114.2147,
247.3601,
85.88006,
37.10955,
331.6721,
80.15898,
58.83407,
40.90408,
32.94516,
120.1293,
183.4143,
460.6441,
59.99225,
761.0103,
173.0156,
130.6197,
88.0686,
27.74454,
156.7157,
67.5602,
0,
4084.897,
2018, 
30.81289,
280.6774,
99.87657,
60.38386,
185.5199,
179.749,
117.253,
257.4581,
89.65507,
37.87963,
334.1274,
80.5853,
59.58885,
40.93587,
33.90894,
120.9927,
187.8453,
473.5159,
60.49859,
775.8369,
177.2628,
133.6892,
88.27235,
28.24609,
161.7458,
70.63353,
0,
4166.951,
2019, 
31.34108,
283.4468,
101.163,
61.40376,
187.4083,
182.0304,
120.2558,
267.8125,
93.62193,
38.68995,
336.64,
81.0068,
60.31375,
40.94519,
34.89466,
121.7737,
192.3571,
486.3113,
60.97333,
789.6793,
181.5055,
136.7677,
88.4325,
28.76421,
166.9196,
73.76814,
0,
4248.227,
2020, 
31.77082,
285.7544,
102.328,
62.41275,
189.1237,
184.1861,
123.2532,
278.5185,
97.72328,
39.48657,
338.8376,
81.35873,
61.02903,
40.89707,
35.90796,
122.371,
195.9867,
498.9704,
61.37772,
802.6342,
185.7952,
139.7579,
88.53059,
29.21801,
172.4283,
77.00595,
0,
4326.664,
2021, 
32.02263,
287.6904,
103.4699,
63.35816,
190.3335,
186.0891,
126.1484,
289.4771,
101.9809,
40.06544,
340.4518,
81.73915,
61.73814,
39.92976,
36.88036,
122.8793,
199.9757,
511.1957,
61.65019,
812.0182,
189.8109,
142.3941,
88.53136,
29.51985,
178.2007,
80.25337,
0,
4397.804,
2022, 
32.27541,
289.6328,
104.6173,
64.31031,
191.5462,
187.9999,
129.0735,
300.6046,
106.3258,
40.64848,
342.0689,
82.11804,
62.45085,
38.95177,
37.86545,
123.3871,
203.9925,
523.5516,
61.92296,
821.4081,
193.8685,
145.0541,
88.52786,
29.82273,
184.068,
83.55895,
0,
4469.652,
2023, 
32.52915,
291.5815,
105.7702,
65.26921,
192.7621,
189.9186,
132.0285,
311.9012,
110.7581,
41.23567,
343.689,
82.49543,
63.16716,
37.96309,
38.86322,
123.8944,
208.037,
536.0381,
62.19601,
830.8038,
197.968,
147.7381,
88.52012,
30.12664,
190.0304,
86.9227,
0,
4542.207,
2024, 
32.78385,
293.5366,
106.9285,
66.23486,
193.9809,
191.8451,
135.0133,
323.3668,
115.2778,
41.82703,
345.3121,
82.87127,
63.88707,
36.96371,
39.87368,
124.4012,
212.1092,
548.6551,
62.46936,
840.2055,
202.1094,
150.4459,
88.50813,
30.4316,
196.0878,
90.3446,
0,
4615.47,
2025, 
33.03952,
295.4981,
108.0923,
67.20725,
195.2027,
193.7795,
138.028,
335.0013,
119.8848,
42.42255,
346.938,
83.24561,
64.61057,
35.95365,
40.89682,
124.9076,
216.2092,
561.4028,
62.743,
849.6131,
206.2928,
153.1776,
88.49186,
30.7376,
202.2401,
93.82467,
0,
4689.441,
2026, 
33.28142,
297.6607,
109.3295,
68.17175,
196.3692,
195.7441,
140.9746,
347.5271,
124.7189,
43.03386,
348.33,
83.38318,
65.27764,
36.15378,
41.86821,
125.1755,
220.2832,
574.3393,
62.91351,
857.5499,
210.3172,
155.9324,
88.46162,
31.03405,
208.492,
97.48672,
0,
4763.809,
2027, 
33.5242,
299.8309,
110.5727,
69.14282,
197.5384,
197.7168,
143.9495,
360.2365,
129.6447,
43.64948,
349.7232,
83.51643,
65.94787,
36.35424,
42.85091,
125.4408,
224.3844,
587.4081,
63.08355,
865.4611,
214.379,
158.7111,
88.427,
31.3315,
214.8389,
101.21,
0,
4838.874,
2028, 
33.76784,
302.0085,
111.8218,
70.12048,
198.7105,
199.6974,
146.9529,
373.1293,
134.6622,
44.2694,
351.1177,
83.64532,
66.62124,
36.55503,
43.84492,
125.7036,
228.5129,
600.6091,
63.2531,
873.3469,
218.4779,
161.5136,
88.38805,
31.62994,
221.281,
104.9944,
0,
4914.635,
2029, 
34.01236,
304.1935,
113.0768,
71.10471,
199.8854,
201.686,
149.9847,
386.2057,
139.7715,
44.89364,
352.5136,
83.76991,
67.29778,
36.75616,
44.85025,
125.9637,
232.6687,
613.9426,
63.42218,
881.2069,
222.6142,
164.3401,
88.34474,
31.92937,
227.8182,
108.84,
0,
4991.093,
2030, 
34.25774,
306.386,
114.3377,
72.09553,
201.0631,
203.6825,
153.0449,
399.4656,
144.9725,
45.52218,
353.9107,
83.89014,
67.97746,
36.95763,
45.86689,
126.2213,
236.8518,
627.4084,
63.59077,
889.0416,
226.7878,
167.1904,
88.2971,
32.2298,
234.4505,
112.7469,
0,
5068.247,
2031, 
34.47597,
308.4224,
115.4399,
72.94306,
201.9311,
205.3851,
155.8843,
413.0263,
150.3473,
46.03281,
355.1415,
83.89334,
68.56398,
37.05724,
46.79669,
126.4068,
240.7337,
640.0581,
63.63634,
894.0674,
230.4784,
169.6037,
88.18034,
32.50871,
240.8692,
116.6746,
0,
5138.559,
2032, 
34.69488,
310.465,
116.5465,
73.7953,
202.8007,
207.0934,
158.747,
426.7572,
155.8166,
46.54625,
356.3736,
83.89289,
69.1529,
37.15651,
47.73574,
126.5903,
244.6375,
652.8155,
63.68102,
899.0575,
234.1971,
172.0338,
88.05951,
32.78848,
247.3745,
120.6595,
0,
5209.469,
2033, 
34.91446,
312.5138,
117.6575,
74.65223,
203.6718,
208.8073,
161.6329,
440.6581,
161.3805,
47.06249,
357.6069,
83.88879,
69.74423,
37.25543,
48.68403,
126.7718,
248.5629,
665.6805,
63.72483,
904.0122,
237.9438,
174.4808,
87.93459,
33.06909,
253.9664,
124.7015,
0,
5280.979,
2034, 
35.1347,
314.5688,
118.7729,
75.51386,
204.5443,
210.5268,
164.5421,
454.7291,
167.039,
47.58154,
358.8415,
83.88105,
70.33797,
37.35401,
49.64157,
126.9513,
252.51,
678.6533,
63.76775,
908.9312,
241.7187,
176.9444,
87.80562,
33.35056,
260.645,
128.8008,
0,
5353.087,
2035, 
35.35563,
316.63,
119.8927,
76.3802,
205.4184,
212.252,
167.4744,
468.9702,
172.7922,
48.1034,
360.0774,
83.86967,
70.93412,
37.45224,
50.60836,
127.1287,
256.4789,
691.7336,
63.80977,
913.8146,
245.5215,
179.4248,
87.67255,
33.63287,
267.4102,
132.9571,
0,
5425.796,
2036, 
35.56561,
318.6405,
120.8914,
77.15826,
206.058,
213.7415,
170.3746,
483.9283,
178.6072,
48.56151,
361.3737,
83.8613,
71.46442,
37.48939,
51.56535,
127.3703,
260.2791,
703.951,
63.77703,
917.9001,
249.0339,
181.6809,
87.51824,
33.9026,
274.0509,
137.2123,
0,
5495.957,
2037, 
35.77621,
320.657,
121.8937,
77.94019,
206.6985,
215.2356,
173.2972,
499.0652,
184.5159,
49.02179,
362.6717,
83.84934,
71.99667,
37.52572,
52.53125,
127.6103,
264.0996,
716.2513,
63.74298,
921.9382,
252.5684,
183.9498,
87.3597,
34.17311,
280.7731,
141.5255,
0,
5566.668,
2038, 
35.98742,
322.6794,
122.8998,
78.726,
207.34,
216.7343,
176.2425,
514.381,
190.5184,
49.48424,
363.9713,
83.83382,
72.53087,
37.56126,
53.50608,
127.8487,
267.9406,
728.6343,
63.7076,
925.9288,
256.1248,
186.2317,
87.19695,
34.44444,
287.5766,
145.8966,
0,
5637.928,
2039, 
36.19923,
324.7076,
123.9096,
79.51569,
207.9824,
218.2374,
179.2103,
529.8756,
196.6145,
49.94886,
365.2724,
83.8147,
73.06703,
37.59598,
54.48981,
128.0856,
271.8018,
741.1,
63.67089,
929.8721,
259.7033,
188.5264,
87.02998,
34.71655,
294.4617,
150.3258,
0,
5709.735,
2040, 
36.41166,
326.7419,
124.923,
80.30927,
208.6257,
219.7452,
182.2007,
545.5491,
202.8044,
50.41565,
366.5752,
83.79198,
73.60514,
37.6299,
55.48248,
128.321,
275.6836,
753.6486,
63.63286,
933.7678,
263.3038,
190.834,
86.8588,
34.98947,
301.4282,
154.8129,
0,
5782.092,
2041, 
36.60284,
328.5623,
125.7428,
80.94567,
208.9512,
220.923,
184.9505,
561.14,
208.9587,
50.77232,
367.7647,
83.71571,
74.04671,
37.60736,
56.40276,
128.552,
279.1765,
764.7764,
63.492,
935.2184,
266.3586,
192.6645,
86.64223,
35.25042,
307.9585,
159.2097,
0,
5846.386,
2042, 
36.7945,
330.3873,
126.5651,
81.58455,
209.277,
222.1036,
187.7186,
576.889,
215.203,
51.13025,
368.9558,
83.63663,
74.48959,
37.58387,
57.33054,
128.7822,
282.685,
775.9576,
63.34976,
936.6195,
269.4281,
194.5026,
86.4219,
35.51206,
314.5587,
163.659,
0,
5911.125,
2043, 
36.98664,
332.2169,
127.3898,
82.22593,
209.603,
223.287,
190.505,
592.7963,
221.5372,
51.48941,
370.1484,
83.55475,
74.9338,
37.55942,
58.26577,
129.0114,
286.2092,
787.1923,
63.20616,
937.9713,
272.5122,
196.3481,
86.19778,
35.77441,
321.229,
168.1608,
0,
5976.312,
2044, 
37.17927,
334.0512,
128.217,
82.8698,
209.9293,
224.4733,
193.3097,
608.8618,
227.9615,
51.84982,
371.3426,
83.47007,
75.37932,
37.53402,
59.20851,
129.2397,
289.749,
798.4805,
63.0612,
939.2737,
275.6111,
198.2012,
85.96991,
36.03746,
327.9692,
172.7152,
0,
6041.945,
2045, 
37.37238,
335.8901,
129.0466,
83.51615,
210.2558,
225.6624,
196.1326,
625.0855,
234.4757,
52.21149,
372.5384,
83.38259,
75.82616,
37.50767,
60.15871,
129.4671,
293.3044,
809.8222,
62.91486,
940.5268,
278.7245,
200.0618,
85.73825,
36.30122,
334.7794,
177.3221,
0,
6108.025,
2046, 
37.57053,
337.6607,
129.7388,
84.0666,
210.3568,
226.6219,
198.7863,
641.5847,
240.9508,
52.49428,
373.7628,
83.31863,
76.18216,
37.46746,
61.05824,
129.7258,
296.5312,
820.0617,
62.73145,
940.4764,
281.5518,
201.6785,
85.52143,
36.56318,
341.4014,
181.8986,
0,
6169.762,
2047, 
37.76918,
339.4357,
130.4327,
84.61886,
210.4576,
227.5834,
201.4565,
658.2435,
247.5128,
52.77771,
374.989,
83.25207,
76.53892,
37.42623,
61.96444,
129.9838,
299.7717,
830.3294,
62.54649,
940.3619,
284.389,
203.2996,
85.30097,
36.82583,
348.0882,
186.5263,
0,
6231.882,
2048, 
37.96833,
341.215,
131.1284,
85.17292,
210.5582,
228.5469,
204.1432,
675.0621,
254.1617,
53.0618,
376.2168,
83.18289,
76.89645,
37.38396,
62.87727,
130.2411,
303.0259,
840.6254,
62.36001,
940.1838,
287.2362,
204.925,
85.07687,
37.08918,
354.8396,
191.2052,
0,
6294.384,
2049, 
38.16798,
342.9987,
131.8259,
85.72878,
210.6587,
229.5124,
206.8463,
692.0403,
260.8976,
53.34654,
377.4463,
83.1111,
77.25473,
37.34064,
63.79679,
130.4976,
306.2937,
850.9496,
62.17198,
939.9418,
290.0935,
206.5547,
84.84913,
37.35322,
361.6558,
195.9352,
0,
6357.269,
2050, 
38.36814,
344.7867,
132.5253,
86.28644,
210.759,
230.4799,
209.5659,
709.1782,
267.7203,
53.63194,
378.6775,
83.0367,
77.61378,
37.2963,
64.72295,
130.7535,
309.5751,
861.3019,
61.98244,
939.6359,
292.9607,
208.1888,
84.61775,
37.61795,
368.5367,
200.7164,
0,
6420.536,
2051, 
38.53734,
346.3132,
133.0677,
86.69679,
210.6068,
231.168,
211.8989,
725.6139,
274.2805,
53.81818,
379.5955,
82.91221,
77.86337,
37.22629,
65.50287,
130.9059,
312.3597,
870.2386,
61.68604,
936.8943,
295.2688,
209.4288,
84.3751,
37.85511,
374.8059,
205.2331,
0,
6474.153,
2052, 
38.7069,
347.8428,
133.6112,
87.10808,
210.4541,
231.8572,
214.2439,
742.1841,
280.9194,
54.00457,
380.5143,
82.78558,
78.11314,
37.15533,
66.28745,
131.0576,
315.154,
879.1852,
61.38811,
934.0905,
297.5818,
210.6703,
84.12938,
38.09279,
381.128,
209.7939,
0,
6528.06,
2053, 
38.87681,
349.3756,
134.1559,
87.52031,
210.301,
232.5474,
216.6008,
758.8889,
287.6369,
54.1911,
381.4338,
82.65681,
78.36311,
37.08341,
67.07671,
131.2084,
317.9581,
888.1415,
61.08864,
931.2242,
299.8994,
211.9135,
83.88058,
38.33101,
387.5028,
214.3989,
0,
6582.256,
2054, 
39.04707,
350.9116,
134.7016,
87.93348,
210.1475,
233.2386,
218.9697,
775.7281,
294.433,
54.37779,
382.3541,
82.52591,
78.61328,
37.01055,
67.87063,
131.3584,
320.7719,
897.1077,
60.78764,
928.2956,
302.2218,
213.1584,
83.62872,
38.56976,
393.9303,
219.048,
0,
6636.741,
2055, 
39.2177,
352.4507,
135.2484,
88.34758,
209.9936,
233.9308,
221.3506,
792.702,
301.3076,
54.56462,
383.2751,
82.39286,
78.86366,
36.93672,
68.66923,
131.5076,
323.5956,
906.0837,
60.48511,
925.3047,
304.549,
214.4048,
83.37379,
38.80903,
400.4106,
223.7413,
0,
6691.516,
2056, 
39.3829,
353.959,
135.6866,
88.67747,
209.6593,
234.4182,
223.4813,
809.3976,
307.9849,
54.69338,
384.0556,
82.24834,
79.01819,
36.86246,
69.36746,
131.6118,
326.0104,
914.2597,
60.10597,
921.3877,
306.5746,
215.4673,
83.11799,
39.032,
406.574,
228.2824,
0,
6741.316,
2057, 
39.54844,
355.4703,
136.1256,
89.00782,
209.3245,
234.906,
225.6219,
826.2234,
314.7351,
54.82195,
384.8364,
82.10164,
79.1724,
36.78725,
70.06916,
131.715,
328.433,
922.4304,
59.72502,
917.4008,
308.6011,
216.5295,
82.85912,
39.25544,
412.784,
232.8649,
0,
6791.35,
2058, 
39.71431,
356.9847,
136.5652,
89.33864,
208.9889,
235.3942,
227.7723,
843.1794,
321.5582,
54.95031,
385.6173,
81.95274,
79.32629,
36.71109,
70.77431,
131.8172,
330.8634,
930.5961,
59.34225,
913.3439,
310.6284,
217.5915,
82.59719,
39.47937,
419.0405,
237.4887,
0,
6841.616,
2059, 
39.88052,
358.5021,
137.0055,
89.66991,
208.6526,
235.8828,
229.9327,
860.2659,
328.4542,
55.07849,
386.3984,
81.80164,
79.47987,
36.63398,
71.48293,
131.9184,
333.3016,
938.7565,
58.95768,
909.2172,
312.6565,
218.6532,
82.33221,
39.70379,
425.3435,
242.154,
0,
6892.116,
2060, 
40.04706,
360.0226,
137.4465,
90.00166,
208.3157,
236.3719,
232.1029,
877.4825,
335.4232,
55.20646,
387.1797,
81.64835,
79.63313,
36.55591,
72.195,
132.0185,
335.7476,
946.9119,
58.5713,
905.0206,
314.6854,
219.7146,
82.06417,
39.92868,
431.6931,
246.8607,
0,
6942.85,
2061, 
40.19487,
361.4268,
137.754,
90.22767,
207.7819,
236.6173,
233.8665,
893.6344,
341.8678,
55.25774,
387.7335,
81.43756,
79.69363,
36.46325,
72.77299,
132.0171,
337.6249,
953.4244,
58.13411,
899.7093,
316.1996,
220.4359,
81.73601,
40.12235,
437.2693,
251.1714,
0,
6984.575,
2062, 
40.34295,
362.8335,
138.0618,
90.45377,
207.2473,
236.8626,
235.6366,
909.8935,
348.3737,
55.30862,
388.2872,
81.22485,
79.75347,
36.36975,
73.35316,
132.0147,
339.5069,
959.9171,
57.69535,
894.3395,
317.7117,
221.1555,
81.40498,
40.31636,
442.8807,
255.5161,
0,
7026.461,
2063, 
40.49128,
364.2427,
138.3699,
90.67996,
206.712,
237.1077,
237.4133,
926.2598,
354.9409,
55.3591,
388.8406,
81.01023,
79.81265,
36.27541,
73.93554,
132.0112,
341.3937,
966.39,
57.25505,
888.9109,
319.2217,
221.8735,
81.07112,
40.51073,
448.5272,
259.8949,
0,
7068.511,
2064, 
40.63986,
365.6543,
138.6783,
90.90623,
206.176,
237.3528,
239.1965,
942.7335,
361.5693,
55.40917,
389.3938,
80.79372,
79.87119,
36.18025,
74.5201,
132.0066,
343.2854,
972.8429,
56.81317,
883.4241,
320.7298,
222.5897,
80.7344,
40.70545,
454.2089,
264.3077,
0,
7110.724,
2065, 
40.7887,
367.0685,
138.987,
91.1326,
205.6392,
237.5978,
240.9863,
959.3143,
368.259,
55.45884,
389.9467,
80.57529,
79.92906,
36.08426,
75.10688,
132.0009,
345.1817,
979.2759,
56.36973,
877.8786,
322.2357,
223.3043,
80.39484,
40.90052,
459.9257,
268.7545,
0,
7153.097,
2066, 
40.93242,
368.4523,
139.2074,
91.29611,
204.9582,
237.6768,
242.5353,
975.2721,
374.5743,
55.46132,
390.4945,
80.34377,
79.93324,
35.99088,
75.64346,
131.9698,
346.6669,
984.8273,
55.93787,
872.4686,
323.5172,
223.8672,
80.02047,
41.07526,
465.1854,
272.9192,
0,
7191.227,
2067, 
41.07637,
369.8385,
139.4278,
91.45942,
204.2764,
237.7554,
244.0893,
991.3309,
380.9431,
55.46316,
391.042,
80.11029,
79.93651,
35.89669,
76.18176,
131.9374,
348.1553,
990.3451,
55.50449,
867.0014,
324.7942,
224.4271,
79.64309,
41.25029,
470.4734,
277.1141,
0,
7229.474,
2068, 
41.22057,
371.2271,
139.6482,
91.62254,
203.5936,
237.8335,
245.6482,
1007.491,
387.3655,
55.46438,
391.5892,
79.87486,
79.93886,
35.80169,
76.72176,
131.9039,
349.6468,
995.8298,
55.06959,
861.477,
326.0668,
224.9841,
79.26269,
41.42563,
475.7897,
281.3394,
0,
7267.836,
2069, 
41.36501,
372.6181,
139.8687,
91.78546,
202.91,
237.9111,
247.2121,
1023.751,
393.8416,
55.46498,
392.1363,
79.63746,
79.9403,
35.70586,
77.26347,
131.8692,
351.1415,
1001.281,
54.63316,
855.8953,
327.3351,
225.5383,
78.87928,
41.60128,
481.1342,
285.5949,
0,
7306.315,
2070, 
41.50969,
374.0115,
140.0891,
91.94819,
202.2254,
237.9882,
248.7809,
1040.113,
400.3712,
55.46495,
392.6831,
79.3981,
79.94083,
35.60922,
77.80687,
131.8334,
352.6393,
1006.699,
54.1952,
850.2565,
328.5989,
226.0895,
78.49285,
41.77722,
486.507,
289.8808,
0,
7344.911,
2071, 
41.63006,
375.2226,
140.1926,
92.01983,
201.3942,
237.8548,
250.0756,
1055.078,
406.1469,
55.40518,
393.1628,
79.13378,
79.88097,
35.50827,
78.25591,
131.7529,
353.6768,
1010.436,
53.76567,
844.3734,
329.4033,
226.3739,
78.07349,
41.92313,
491.0261,
293.685,
0,
7375.452,
2072, 
41.75059,
376.4354,
140.2958,
92.09106,
200.5621,
237.7207,
251.3736,
1070.124,
411.9637,
55.34472,
393.6425,
78.86784,
79.82009,
35.40664,
78.70605,
131.6715,
354.7158,
1014.131,
53.33495,
838.4455,
330.2019,
226.655,
77.65145,
42.06924,
495.5642,
297.513,
0,
7406.058,
2073, 
41.87129,
377.65,
140.3988,
92.16192,
199.7292,
237.5859,
252.6749,
1085.25,
417.8214,
55.28358,
394.122,
78.60026,
79.75821,
35.30432,
79.15731,
131.5891,
355.7563,
1017.783,
52.90305,
832.4726,
330.9948,
226.9327,
77.22672,
42.21556,
500.1212,
301.3646,
0,
7436.729,
2074, 
41.99216,
378.8664,
140.5016,
92.23237,
198.8954,
237.4504,
253.9796,
1100.457,
423.7202,
55.22178,
394.6014,
78.33105,
79.6953,
35.20131,
79.60969,
131.5056,
356.7983,
1021.393,
52.46994,
826.4548,
331.7821,
227.207,
76.79932,
42.36209,
504.6971,
305.24,
0,
7467.466,
2075, 
42.11319,
380.0845,
140.6042,
92.30244,
198.0607,
237.3141,
255.2877,
1115.745,
429.66,
55.15929,
395.0807,
78.06019,
79.63139,
35.09762,
80.06316,
131.4211,
357.8418,
1024.96,
52.03565,
820.392,
332.5636,
227.478,
76.36923,
42.50882,
509.292,
309.1391,
0,
7498.266,
2076, 
42.21011,
381.1006,
140.6366,
92.31425,
197.1178,
237.0238,
256.4563,
1129.99,
435.116,
55.06048,
395.5429,
77.8111,
79.53146,
35.00141,
80.47393,
131.3363,
358.6045,
1027.713,
51.62272,
814.4292,
333.1582,
227.6082,
75.97596,
42.63084,
513.3762,
312.6469,
0,
7524.488,
2077, 
42.30713,
382.1179,
140.6686,
92.32545,
196.1739,
236.7324,
257.6276,
1144.307,
440.6051,
54.96086,
396.005,
77.56046,
79.43035,
34.90454,
80.88548,
131.2505,
359.3679,
1030.413,
51.20865,
808.4221,
333.7455,
227.7342,
75.58018,
42.75302,
517.4731,
316.1743,
0,
7550.734,
2078, 
42.40427,
383.1366,
140.7002,
92.33604,
195.229,
236.4399,
258.8013,
1158.697,
446.1274,
54.86041,
396.4669,
77.30829,
79.32809,
34.80703,
81.2978,
131.1637,
360.1319,
1033.06,
50.79344,
802.371,
334.3255,
227.8559,
75.18189,
42.87535,
521.5828,
319.7213,
0,
7577.002,
2079, 
42.50151,
384.1565,
140.7314,
92.34603,
194.2832,
236.1465,
259.9777,
1173.159,
451.6829,
54.75915,
396.9286,
77.05457,
79.22466,
34.70886,
81.71088,
131.0758,
360.8964,
1035.655,
50.3771,
796.2756,
334.8983,
227.9733,
74.78111,
42.99784,
525.7052,
323.2878,
0,
7603.295,
2080, 
42.59887,
385.1778,
140.7623,
92.3554,
193.3365,
235.852,
261.1565,
1187.695,
457.2714,
54.65706,
397.3902,
76.79929,
79.12007,
34.61003,
82.12476,
130.987,
361.6616,
1038.197,
49.95962,
790.136,
335.4638,
228.0865,
74.37781,
43.12049,
529.8403,
326.8739,
0,
7629.611,
2081, 
42.65717,
385.878,
140.711,
92.2888,
192.3249,
235.3965,
262.1039,
1200.466,
462.0934,
54.52069,
397.6797,
76.55466,
78.97044,
34.50998,
82.45451,
130.8702,
362.1345,
1039.446,
49.55244,
783.7635,
335.6394,
227.975,
74.00641,
43.20469,
533.1873,
329.8508,
0,
7648.239,
2082, 
42.7155,
386.5788,
140.6593,
92.22153,
191.3125,
234.94,
263.0527,
1213.292,
466.9388,
54.38358,
397.9687,
76.30883,
78.81965,
34.40937,
82.78466,
130.7525,
362.6074,
1040.641,
49.14434,
777.3552,
335.8075,
227.8591,
73.63303,
43.28897,
536.5408,
332.8412,
0,
7666.858,
2083, 
42.77387,
387.2803,
140.6072,
92.15357,
190.2993,
234.4824,
264.0032,
1226.174,
471.808,
54.24569,
398.2575,
76.06179,
78.66771,
34.30822,
83.11521,
130.634,
363.0802,
1041.784,
48.73531,
770.9113,
335.9681,
227.739,
73.25764,
43.37332,
539.9011,
335.8452,
0,
7685.466,
2084, 
42.83227,
387.9824,
140.5546,
92.08493,
189.2853,
234.0237,
264.9552,
1239.111,
476.7009,
54.10707,
398.5459,
75.81355,
78.5146,
34.20654,
83.44617,
130.5147,
363.553,
1042.873,
48.32537,
764.4316,
336.1212,
227.6145,
72.88029,
43.45776,
543.2679,
338.8626,
0,
7704.066,
2085, 
42.8907,
388.6851,
140.5016,
92.01562,
188.2705,
233.5639,
265.9088,
1252.104,
481.6174,
53.9677,
398.834,
75.56409,
78.36034,
34.1043,
83.77753,
130.3945,
364.0257,
1043.91,
47.91451,
757.9161,
336.2668,
227.4857,
72.50092,
43.54227,
546.6415,
341.8935,
0,
7722.657,
2086, 
42.9175,
389.1606,
140.4041,
91.90527,
187.2387,
233.0074,
266.7355,
1263.729,
486.1125,
53.81298,
398.9904,
75.34932,
78.18659,
34.00901,
84.07312,
130.2746,
364.3408,
1044.586,
47.50946,
751.83,
336.2775,
227.2449,
72.15744,
43.59547,
549.6691,
344.4937,
0,
7737.611,
2087, 
42.94427,
389.6364,
140.306,
91.7941,
186.2062,
232.4497,
267.5633,
1275.4,
490.6257,
53.65746,
399.1461,
75.13345,
78.01163,
33.91319,
84.36889,
130.1539,
364.6553,
1045.207,
47.10352,
745.7101,
336.2797,
226.9991,
71.81212,
43.6487,
552.6998,
347.1036,
0,
7752.529,
2088, 
42.97101,
390.1123,
140.2074,
91.68213,
185.1728,
231.8907,
268.392,
1287.118,
495.1569,
53.50114,
399.3011,
74.9165,
77.83543,
33.81686,
84.66481,
130.0323,
364.9695,
1045.77,
46.69666,
739.5565,
336.2735,
226.7484,
71.46495,
43.70197,
555.7337,
349.7232,
0,
7767.411,
2089, 
42.99773,
390.5885,
140.1082,
91.56935,
184.1385,
231.3305,
269.2216,
1298.884,
499.706,
53.34402,
399.4556,
74.69847,
77.65801,
33.72001,
84.96092,
129.9099,
365.2831,
1046.278,
46.28889,
733.3693,
336.2589,
226.4928,
71.11594,
43.75526,
558.7708,
352.3524,
0,
7782.256,
2090, 
43.02442,
391.0649,
140.0085,
91.45576,
183.1035,
230.7691,
270.0523,
1310.696,
504.2731,
53.18611,
399.6094,
74.47933,
77.47935,
33.62264,
85.25719,
129.7866,
365.5962,
1046.728,
45.88023,
727.1483,
336.236,
226.2322,
70.76507,
43.80857,
561.8112,
354.9913,
0,
7797.066,
2091, 
43.01809,
391.3189,
139.8598,
91.29252,
182.0745,
230.1093,
270.6357,
1320.504,
508.0915,
53.00111,
399.561,
74.27258,
77.2723,
33.52041,
85.48328,
129.6195,
365.6875,
1046.292,
45.46631,
721.2189,
335.9475,
225.7853,
70.41084,
43.82934,
564.2347,
357.1262,
0,
7805.632,
2092, 
43.01169,
391.5728,
139.7107,
91.12851,
181.0449,
229.4483,
271.2193,
1330.344,
511.9211,
52.81538,
399.5118,
74.06498,
77.0641,
33.41773,
85.70937,
129.4516,
365.778,
1045.804,
45.05164,
715.2634,
335.6513,
225.3336,
70.05505,
43.8501,
566.6584,
359.267,
0,
7814.148,
2093, 
43.00523,
391.8267,
139.5609,
90.96373,
180.0145,
228.7861,
271.803,
1340.217,
515.7618,
52.62894,
399.4619,
73.85652,
76.85477,
33.31461,
85.93541,
129.2831,
365.8678,
1045.263,
44.63622,
709.2819,
335.3474,
224.8772,
69.69769,
43.87085,
569.0825,
361.4138,
0,
7822.614,
2094, 
42.99871,
392.0805,
139.4107,
90.79819,
178.9835,
228.1229,
272.3869,
1350.124,
519.6137,
52.44176,
399.4111,
73.64722,
76.64428,
33.21103,
86.16143,
129.1137,
365.9567,
1044.671,
44.22004,
703.2745,
335.0359,
224.4162,
69.33875,
43.89158,
571.5067,
363.5664,
0,
7831.027,
2095, 
42.99212,
392.3343,
139.26,
90.63187,
177.9518,
227.4585,
272.971,
1360.063,
523.4768,
52.25386,
399.3596,
73.43707,
76.43265,
33.10701,
86.38742,
128.9436,
366.0448,
1044.026,
43.8031,
697.2411,
334.7167,
223.9503,
68.97823,
43.91232,
573.9312,
365.7251,
0,
7839.39,
2096, 
42.96635,
392.4581,
139.0721,
90.4509,
176.9566,
226.7554,
273.3717,
1368.454,
526.9199,
52.05333,
399.163,
73.24071,
76.21063,
32.99603,
86.57082,
128.7241,
365.9588,
1043.263,
43.40855,
691.5203,
334.3404,
223.4087,
68.61333,
43.91368,
576.1218,
367.5753,
0,
7844.488,
2097, 
42.94049,
392.5818,
138.8836,
90.26913,
175.9607,
226.0512,
273.7718,
1376.87,
530.3696,
51.85204,
398.9655,
73.04356,
75.98743,
32.88457,
86.75397,
128.5037,
365.8716,
1042.447,
43.01329,
685.7748,
333.9561,
222.862,
68.24683,
43.91502,
578.3107,
369.4292,
0,
7849.516,
2098, 
42.91453,
392.7051,
138.6945,
90.08656,
174.9642,
225.3457,
274.1713,
1385.31,
533.8259,
51.64999,
398.7668,
72.84557,
75.76305,
32.77266,
86.93687,
128.2825,
365.7832,
1041.579,
42.61731,
680.0045,
333.5639,
222.3103,
67.87876,
43.91633,
580.4979,
371.2867,
0,
7854.473,
2099, 
42.88848,
392.8282,
138.5049,
89.90318,
173.967,
224.6391,
274.5703,
1393.776,
537.2886,
51.44718,
398.5671,
72.64679,
75.5375,
32.66028,
87.11951,
128.0604,
365.6936,
1040.658,
42.2206,
674.2094,
333.1637,
221.7535,
67.50911,
43.9176,
582.6835,
373.1479,
0,
7859.361,
2100, 
42.86234,
392.951,
138.3147,
89.71899,
172.9691,
223.9313,
274.9687,
1402.266,
540.7579,
51.24362,
398.3664,
72.4472,
75.31078,
32.54743,
87.3019,
127.8374,
365.6028,
1039.684,
41.82318,
668.3895,
332.7556,
221.1917,
67.13788,
43.91884,
584.8673,
375.0126,
0,
7864.178];
