real main.em.ep.ncl.NuclFuelEff[27](t) = [1971, 
170,
170,
170,
170,
170,
170,
170,
170,
170,
170,
170,
170,
170,
170,
170,
170,
170,
170,
170,
170,
170,
170,
170,
170,
170,
170,
0,
1972, 
170,
170,
170.3448,
170,
170.3448,
170.3448,
170.3448,
170.3448,
170.3448,
170.3448,
170,
170.3448,
170.3448,
170.3448,
170.3448,
170,
170.3448,
170,
170.3448,
170.3448,
170.3448,
170.3448,
170,
170.3448,
170.3448,
170.3448,
0,
1973, 
170.1724,
170.1724,
170.6897,
170.1724,
170.6897,
170.6897,
170.6897,
170.6897,
170.6897,
170.6897,
170.1724,
170.6897,
170.6897,
170.6897,
170.6897,
170.1724,
170.6897,
170.1724,
170.6897,
170.6897,
170.6897,
170.6897,
170.1724,
170.6897,
170.6897,
170.6897,
0,
1974, 
170.3448,
170.3448,
171.0345,
170.3448,
171.0345,
171.0345,
171.0345,
171.0345,
171.0345,
171.0345,
170.3448,
171.0345,
171.0345,
171.0345,
171.0345,
170.3448,
171.0345,
170.3448,
171.0345,
171.0345,
171.0345,
171.0345,
170.3448,
171.0345,
171.0345,
171.0345,
0,
1975, 
170.5172,
170.5172,
171.3793,
170.5172,
171.3793,
171.3793,
171.3793,
171.3793,
171.3793,
171.3793,
170.5172,
171.3793,
171.3793,
171.3793,
171.3793,
170.5172,
171.3793,
170.5172,
171.3793,
171.3793,
171.3793,
171.3793,
170.5172,
171.3793,
171.3793,
171.3793,
0,
1976, 
171.327,
171.3623,
171.7241,
170.5172,
171.7241,
171.3793,
171.7241,
171.7241,
171.7241,
171.7241,
171.3228,
171.3793,
171.7241,
171.7241,
171.3793,
171.3486,
171.7241,
171.2341,
171.7241,
171.7241,
171.7241,
171.7241,
171.3629,
171.7241,
171.3793,
171.7241,
0,
1977, 
171.333,
171.4064,
172.069,
170.5172,
172.069,
171.3793,
172.069,
172.069,
172.069,
172.069,
171.4478,
171.3793,
172.069,
172.069,
171.3793,
171.5026,
172.069,
171.2539,
172.069,
172.069,
172.069,
172.069,
171.4782,
172.069,
171.3793,
172.069,
0,
1978, 
171.6898,
171.503,
172.4138,
170.5172,
172.4138,
171.3793,
172.4138,
172.4138,
172.4138,
172.4138,
171.6004,
171.3793,
172.4138,
172.4138,
171.3793,
171.5482,
172.4138,
171.2856,
172.4138,
172.4138,
172.4138,
172.4138,
171.4801,
172.4138,
171.3793,
172.4138,
0,
1979, 
171.8529,
171.5842,
172.7586,
170.5172,
172.7586,
171.3793,
172.7586,
172.7586,
172.7586,
172.7586,
171.7551,
171.3793,
172.7586,
172.4138,
171.3793,
171.5524,
172.7586,
171.3277,
172.4138,
172.4138,
172.7586,
172.7586,
171.7984,
172.7586,
171.3793,
172.7586,
0,
1980, 
172.0194,
171.5955,
173.1035,
170.5172,
173.1035,
171.3793,
173.1035,
173.1035,
173.1035,
173.1035,
171.9291,
171.6823,
173.1035,
172.4138,
171.3793,
171.7449,
173.1035,
171.3793,
172.4138,
172.5862,
173.1035,
173.1035,
172.048,
173.1035,
171.3793,
173.1035,
0,
1981, 
172.1633,
171.655,
173.4483,
170.5172,
173.4483,
171.3793,
173.4483,
173.4483,
173.4483,
173.4483,
172.1892,
171.6823,
173.4483,
172.4138,
171.3793,
172.0715,
173.4483,
171.4393,
172.4138,
172.5862,
173.4483,
173.4483,
172.0497,
173.4483,
171.3793,
173.4483,
0,
1982, 
172.3306,
171.7886,
173.4483,
170.5172,
173.4483,
171.6534,
173.7931,
173.7931,
173.7931,
173.4483,
172.3811,
172.4267,
173.7931,
172.6927,
171.3793,
172.2091,
173.7931,
172.2115,
172.9527,
172.5862,
173.7931,
173.7931,
172.1927,
173.7931,
171.4298,
173.7931,
0,
1983, 
172.499,
171.9276,
173.6207,
170.5172,
173.6207,
171.9037,
174.1379,
174.1379,
174.1379,
173.6207,
172.5679,
172.8319,
174.1379,
172.9264,
171.3793,
172.3531,
174.1379,
172.6506,
173.2406,
172.5862,
174.1379,
174.1379,
172.3413,
174.1379,
171.486,
174.1379,
0,
1984, 
172.6683,
172.071,
173.7931,
170.5172,
173.7931,
172.1377,
174.4828,
174.4828,
174.4828,
173.7931,
172.7513,
173.1306,
174.4828,
173.1386,
171.3793,
172.5018,
174.4828,
172.9738,
173.4695,
172.5862,
174.4828,
174.4828,
172.4938,
174.4828,
171.5477,
174.4828,
0,
1985, 
172.8381,
172.2178,
173.9655,
170.5172,
173.9655,
172.36,
174.8276,
174.8276,
174.8276,
173.9655,
172.9324,
173.3823,
174.8276,
173.339,
171.3793,
172.6541,
174.8276,
173.2432,
173.6755,
172.5862,
174.8276,
174.8276,
172.6495,
174.8276,
171.6144,
174.8276,
0,
1986, 
173.0084,
172.3676,
174.1379,
170.5172,
174.1379,
172.5737,
175.1724,
175.1724,
175.1724,
174.1379,
173.1119,
173.6091,
175.1724,
173.5321,
171.3793,
172.8094,
175.1724,
173.4832,
173.8701,
172.5862,
175.1724,
175.1724,
172.8076,
175.1724,
171.6858,
175.1724,
0,
1987, 
173.179,
172.5199,
174.3103,
170.5172,
174.3103,
172.7807,
175.5172,
175.5172,
175.5172,
174.3103,
173.2901,
173.8212,
175.5172,
173.7205,
171.3793,
172.9669,
175.5172,
173.7054,
174.0583,
172.5862,
175.5172,
175.5172,
172.9677,
175.5172,
171.7616,
175.5172,
0,
1988, 
173.3499,
172.6743,
174.4828,
170.5172,
174.4828,
172.9827,
175.8621,
175.8621,
175.8621,
174.4828,
173.4675,
174.0237,
175.8621,
173.9055,
171.3793,
173.1263,
175.8621,
173.916,
174.2425,
172.5862,
175.8621,
175.8621,
173.1293,
175.8621,
171.8415,
175.8621,
0,
1989, 
173.521,
172.8304,
174.6552,
170.5172,
174.6552,
173.1806,
176.2069,
176.2069,
176.2069,
174.6552,
173.6441,
174.2199,
176.2069,
174.0882,
171.3793,
173.2872,
176.2069,
174.1187,
174.4241,
172.5862,
176.2069,
176.2069,
173.2922,
176.2069,
171.9253,
176.2069,
0,
1990, 
173.6923,
172.988,
174.8276,
170.5172,
174.8276,
173.3753,
176.5517,
176.5517,
176.5517,
174.8276,
173.8201,
174.4115,
176.5517,
174.2692,
171.3793,
173.4494,
176.5517,
174.3157,
174.6038,
172.5862,
176.5517,
176.5517,
173.4562,
176.5517,
172.0127,
176.5517,
0,
1991, 
173.6923,
173.0888,
175,
170.5172,
175,
173.5672,
176.8965,
176.8965,
176.8965,
174.9655,
173.8201,
174.5997,
176.8965,
174.2692,
171.3793,
173.6126,
176.8965,
174.5084,
174.7822,
172.5862,
176.8965,
176.8965,
173.4562,
176.8965,
172.1035,
176.8965,
0,
1992, 
173.6923,
173.0956,
175.3062,
170.5172,
175,
173.5672,
177.2414,
177.2414,
177.2414,
174.9655,
173.8201,
174.63,
177.2414,
174.2692,
171.3793,
173.6653,
177.2414,
174.687,
174.8877,
172.5862,
177.2414,
177.2414,
173.4562,
177.2414,
172.1035,
177.2414,
0,
1993, 
173.6923,
173.1031,
175.5751,
170.5172,
175,
173.5672,
177.5862,
177.5862,
177.5862,
174.9655,
173.8201,
174.664,
177.5862,
174.2692,
171.3793,
173.7218,
177.5862,
174.8646,
174.9995,
172.5862,
177.5862,
177.5862,
173.4562,
177.5862,
172.1035,
177.5862,
0,
1994, 
173.6923,
173.1111,
175.8205,
170.5172,
175,
173.5672,
177.931,
177.931,
177.931,
174.9655,
173.8201,
174.6693,
177.931,
174.2692,
171.3793,
173.7818,
177.931,
175.0416,
175.1168,
172.7416,
177.931,
177.931,
173.4562,
177.931,
172.1035,
177.931,
0,
1995, 
173.6923,
173.1198,
176.0501,
170.5172,
175,
173.5672,
178.2759,
178.2759,
178.2759,
174.9655,
173.8201,
174.6693,
178.2759,
174.2692,
171.3793,
173.8453,
178.2759,
175.218,
175.2389,
174.039,
178.2759,
178.2759,
173.4562,
178.2759,
172.1035,
178.2759,
0,
1996, 
173.6923,
173.129,
176.2684,
170.5172,
175,
173.5672,
178.6207,
178.6207,
178.6207,
174.9655,
173.8201,
174.6693,
178.6207,
174.2692,
171.3793,
173.9121,
178.6207,
175.394,
175.3652,
174.8863,
178.6207,
178.6207,
173.4562,
178.6207,
172.1035,
178.6207,
0,
1997, 
173.6923,
173.1388,
176.2811,
170.5172,
176.091,
173.5672,
178.9655,
178.9655,
178.9655,
174.9655,
173.8201,
174.6693,
178.9655,
174.2692,
171.3793,
173.9185,
178.9655,
175.6904,
175.6203,
174.8863,
178.9655,
178.9655,
173.4562,
178.9655,
174.2171,
178.9655,
0,
1998, 
173.6923,
173.1492,
176.2954,
170.5172,
176.7567,
173.5672,
179.3103,
179.3103,
179.3103,
174.9655,
173.8201,
174.6693,
179.3103,
174.2692,
171.3793,
173.9252,
179.3103,
175.966,
175.8634,
174.8863,
179.3103,
179.3103,
173.4562,
179.3103,
175.38,
179.3103,
0,
1999, 
173.6923,
173.1601,
176.3115,
170.5172,
177.2368,
173.5672,
179.6552,
179.6552,
179.6552,
174.9655,
173.8201,
174.6693,
179.6552,
174.2692,
171.3793,
173.9324,
179.6552,
176.2255,
176.0969,
174.8863,
179.6552,
179.6552,
173.4562,
179.6552,
176.1532,
179.6552,
0,
2000, 
173.6923,
173.1717,
176.3292,
170.5172,
177.6196,
173.5672,
180,
180,
180,
174.9655,
173.8201,
174.6693,
180,
174.2692,
171.3793,
173.9401,
180,
176.4725,
176.3226,
174.8863,
180,
180,
173.4562,
180,
176.7289,
180,
0,
2001, 
173.6923,
173.1838,
176.3486,
170.5172,
177.8445,
173.5672,
181.4,
181.4,
181.4,
174.9655,
173.8201,
174.6693,
181.4,
174.2692,
171.3793,
173.9482,
181.4,
176.7095,
176.542,
174.8863,
181.4,
181.4,
173.4562,
181.4,
177.1907,
181.4,
0,
2002, 
173.6923,
173.1983,
176.3874,
170.5172,
177.8445,
173.5672,
182.8,
182.8,
182.8,
174.9655,
173.8201,
174.6693,
182.8,
174.2692,
171.3793,
174.1002,
182.8,
176.8721,
176.8119,
176.7544,
182.8,
182.8,
173.4562,
182.8,
177.1907,
182.8,
0,
2003, 
173.6923,
173.2153,
176.3874,
170.5172,
177.8445,
173.5672,
184.2,
184.2,
184.2,
174.9655,
173.8201,
174.6693,
184.2,
174.2692,
171.3793,
174.2741,
184.2,
177.0707,
177.127,
178.1017,
184.2,
184.2,
173.4562,
184.2,
177.1907,
184.2,
0,
2004, 
173.6923,
173.2346,
176.3874,
170.5172,
177.8445,
173.5672,
185.6,
185.6,
185.6,
174.9655,
173.8201,
174.6693,
185.6,
174.5482,
171.3793,
174.4687,
185.6,
177.3019,
177.4806,
179.2132,
185.6,
185.6,
173.4562,
185.6,
177.1907,
185.6,
0,
2005, 
173.6923,
173.2564,
176.3874,
170.5172,
177.8445,
173.5672,
187,
187,
187,
174.9655,
173.8201,
174.6693,
187,
174.8803,
171.3793,
174.6827,
187,
177.5625,
177.8672,
180.1977,
187,
187,
173.4562,
187,
177.1907,
187,
0,
2006, 
173.6923,
173.2805,
176.3874,
170.5172,
177.8445,
173.5672,
188.4,
188.4,
188.4,
174.9655,
173.8201,
174.6693,
188.4,
175.2339,
171.3793,
174.915,
188.4,
177.8499,
178.2823,
181.1063,
188.4,
188.4,
173.4562,
188.4,
177.1907,
188.4,
0,
2007, 
173.6923,
173.3071,
176.3874,
170.5172,
177.8445,
173.5672,
189.8,
189.8,
189.8,
174.9655,
173.8201,
174.6693,
189.8,
175.2339,
171.3793,
175.0492,
189.8,
178.7057,
178.5045,
181.8029,
189.8,
189.8,
173.4562,
189.8,
177.1907,
189.8,
0,
2008, 
173.6923,
173.3359,
176.3874,
170.5172,
177.8445,
173.5672,
191.2,
191.2,
191.2,
174.9655,
173.8201,
174.6693,
191.2,
175.2339,
171.3793,
175.1945,
191.2,
179.5383,
178.7474,
182.5002,
191.2,
191.2,
173.4562,
191.2,
177.1907,
191.2,
0,
2009, 
173.6923,
173.3672,
176.3874,
170.5172,
177.8445,
173.5672,
192.6,
192.6,
192.6,
174.9655,
173.8201,
174.6693,
192.6,
175.2339,
171.3793,
175.3507,
192.6,
180.3523,
179.0094,
183.1979,
192.6,
192.6,
173.4562,
192.6,
177.1907,
192.6,
0,
2010, 
173.6923,
173.4007,
176.3874,
170.5172,
177.8445,
173.5672,
194,
194,
194,
174.9655,
173.8201,
174.6693,
194,
175.2339,
171.3793,
175.5173,
194,
181.1514,
179.2896,
183.8959,
194,
194,
173.4562,
194,
177.1907,
194,
0,
2011, 
173.6923,
173.4366,
176.3874,
170.5172,
177.8445,
173.5672,
195.4,
195.4,
195.4,
174.9655,
173.8201,
174.6693,
195.4,
175.2339,
171.3793,
175.6942,
195.4,
181.9384,
179.5866,
184.5942,
195.4,
195.4,
173.4562,
195.4,
177.1907,
195.4,
0,
2012, 
173.6923,
173.4748,
176.7883,
170.5172,
177.8445,
176.3999,
196.8,
196.8,
196.8,
175.1008,
173.8201,
174.7774,
196.8,
175.2339,
171.3793,
176.18,
195.4,
182.6691,
180.0838,
187.2853,
196.8,
196.8,
173.4562,
196.8,
179.2097,
196.8,
0,
2013, 
173.6923,
173.5153,
177.2015,
170.5172,
177.8445,
178.7428,
198.2,
198.2,
198.2,
175.2436,
173.8201,
174.8917,
198.2,
175.2339,
171.3793,
176.6761,
196.1,
183.3966,
180.5934,
189.1823,
198.2,
198.2,
173.4562,
198.2,
180.9654,
198.2,
0,
2014, 
173.6923,
173.558,
177.6263,
170.5172,
177.8445,
180.7472,
199.6,
199.6,
199.6,
175.3936,
173.8201,
175.012,
199.6,
175.2339,
171.3793,
177.1819,
196.8,
184.1214,
181.1143,
190.6814,
199.6,
199.6,
173.4562,
199.6,
182.5295,
199.6,
0,
2015, 
173.6923,
173.6031,
178.0621,
170.5172,
177.8445,
182.5079,
201,
201,
201,
175.5508,
173.8201,
175.1383,
201,
175.2339,
171.3793,
177.6965,
197.5,
184.8439,
181.6454,
191.9527,
201,
201,
173.4562,
201,
183.9498,
201,
0,
2016, 
173.7264,
173.6504,
178.5081,
170.5172,
177.8445,
184.0875,
202.4,
202.4,
202.4,
175.6332,
173.8201,
175.2704,
202.4,
175.2339,
171.3793,
178.2194,
198.2,
185.5644,
182.186,
193.0814,
202.4,
202.4,
173.4562,
202.4,
185.2595,
202.4,
0,
2017, 
173.7778,
173.7,
178.8741,
170.5172,
177.8445,
184.1076,
203.8,
203.8,
203.8,
175.6332,
173.8201,
175.3267,
203.8,
175.6863,
171.3793,
178.8382,
199.1542,
185.866,
182.4462,
194.333,
203.8,
203.8,
173.4562,
203.8,
187.8991,
203.8,
0,
2018, 
173.8315,
173.7518,
179.2501,
170.5172,
177.8445,
184.1293,
205.2,
205.2,
205.2,
175.6332,
173.8201,
175.3856,
205.2,
176.1469,
171.3793,
179.461,
200.0143,
186.1817,
182.7175,
195.4539,
205.2,
205.2,
173.4562,
205.2,
190.021,
205.2,
0,
2019, 
173.8875,
173.8058,
179.6358,
170.5172,
177.8445,
184.1525,
206.6,
206.6,
206.6,
175.6332,
173.8201,
175.4472,
206.6,
176.6152,
171.3793,
179.6274,
200.8244,
186.5106,
182.9997,
196.4858,
206.6,
206.6,
173.4562,
206.6,
191.8081,
206.6,
0,
2020, 
173.9458,
173.862,
180.0306,
170.5172,
177.8445,
184.1771,
208,
208,
208,
175.6332,
173.8201,
175.5114,
208,
177.0909,
171.3793,
179.6534,
201.6047,
186.8522,
183.2922,
197.4541,
208,
208,
173.4562,
208,
193.3662,
208,
0,
2021, 
174.0064,
173.9205,
180.4343,
170.5172,
177.8445,
184.2033,
209.4,
209.4,
209.4,
175.6332,
173.8201,
175.5783,
209.4,
177.5735,
171.3793,
179.6807,
202.3659,
187.2057,
183.5323,
198.3755,
209.4,
209.4,
173.4562,
209.4,
194.7607,
209.4,
0,
2022, 
174.0693,
173.9811,
180.4343,
170.5172,
177.8445,
184.2033,
210.8,
210.8,
210.8,
175.6332,
173.8201,
175.7082,
210.8,
177.5735,
171.3793,
179.7093,
205.0766,
189.4648,
183.5323,
198.9279,
210.8,
210.8,
173.4562,
210.8,
200.794,
210.8,
0,
2023, 
174.1344,
174.0439,
180.4343,
170.5172,
177.8445,
184.2033,
212.2,
212.2,
212.2,
175.6332,
173.8201,
175.7082,
212.2,
177.5735,
171.3793,
179.7392,
206.5278,
189.483,
185.0889,
199.4209,
212.2,
212.2,
173.4562,
212.2,
203.9228,
212.2,
0,
2024, 
174.2018,
174.5581,
180.4343,
170.5172,
177.8445,
184.2033,
213.6,
213.6,
213.6,
175.6332,
173.8201,
176.381,
213.6,
178.8745,
171.3793,
179.7704,
207.1935,
190.591,
185.8088,
199.7892,
213.6,
213.6,
173.4562,
213.6,
203.9228,
213.6,
0,
2025, 
174.2714,
175.0772,
180.4343,
170.5172,
177.8445,
184.2033,
215,
215,
215,
175.6332,
173.8201,
177.0549,
215,
180.1319,
171.3793,
179.8028,
207.8664,
191.661,
186.5277,
200.1761,
215,
215,
173.4562,
215,
203.9228,
215,
0,
2026, 
174.3432,
175.1434,
180.4343,
170.5172,
177.8445,
184.2033,
216.4,
216.4,
216.4,
175.6332,
173.8201,
178.4707,
215,
180.1319,
171.3793,
181.3936,
207.8664,
191.661,
187.9918,
201.2947,
216.4,
216.4,
173.4562,
216.4,
206.9019,
216.4,
0,
2027, 
174.424,
175.2179,
180.4343,
170.5172,
177.8445,
184.2033,
217.8,
217.8,
217.8,
175.6332,
173.8201,
178.4707,
215.7,
180.1319,
171.3793,
182.9099,
207.8664,
200.6208,
187.9918,
202.5623,
217.8,
217.8,
173.4562,
217.8,
208.9149,
217.8,
0,
2028, 
174.5141,
175.301,
180.4343,
170.5172,
177.8445,
184.7867,
219.2,
219.2,
219.2,
175.6332,
173.8201,
178.4707,
216.4,
180.1319,
171.3793,
182.946,
207.8664,
203.3124,
189.4497,
204.3181,
219.2,
219.2,
173.4562,
219.2,
208.9149,
219.2,
0,
2029, 
174.6138,
175.3931,
180.4343,
170.5172,
177.8445,
184.7867,
219.2,
220.6,
220.6,
175.6332,
173.8201,
178.4707,
217.1,
180.1319,
171.3793,
183.4749,
207.8664,
203.3208,
189.4497,
205.4634,
220.6,
220.6,
173.4562,
220.6,
208.9149,
220.6,
0,
2030, 
174.7234,
175.4945,
180.4343,
170.5172,
177.8445,
184.7867,
219.2,
222,
222,
175.6332,
173.8201,
178.4707,
217.1,
180.1319,
171.3793,
183.4749,
207.8664,
203.3306,
189.4497,
206.9229,
222,
222,
173.4562,
222,
208.9149,
222,
0,
2031, 
175.2948,
176.9359,
180.4343,
170.5172,
177.8445,
185.5214,
221.3,
223.4,
223.4,
175.6332,
173.8201,
178.7912,
217.1,
180.1319,
171.3793,
183.4749,
207.8664,
203.3551,
189.4497,
206.9229,
223.4,
223.4,
173.4562,
223.4,
211.2175,
223.4,
0,
2032, 
175.304,
176.947,
<<<<<<< HEAD
180.4343,
=======
191.4233,
>>>>>>> 29fc07e (Remove T2MAT folder level)
170.6897,
177.8445,
185.5214,
221.3,
224.8,
224.8,
175.6332,
173.8266,
178.7912,
<<<<<<< HEAD
218.1393,
180.1319,
220.3191,
183.4865,
207.8664,
213.3273,
194.7935,
206.9229,
224.8,
224.8,
174.7744,
224.8,
214.4358,
=======
218.1044,
180.1319,
220.3203,
183.4865,
214.6254,
212.5621,
189.4497,
206.9229,
224.8,
224.8,
173.4589,
224.8,
214.4376,
>>>>>>> 29fc07e (Remove T2MAT folder level)
224.8,
0,
2033, 
175.3126,
176.9575,
<<<<<<< HEAD
205.9731,
=======
197.0658,
>>>>>>> 29fc07e (Remove T2MAT folder level)
170.8621,
177.8445,
185.5214,
221.3,
226.2,
226.2,
175.6332,
173.8325,
<<<<<<< HEAD
191.4615,
219.3191,
182.0297,
220.4236,
183.4979,
210.9997,
215.2418,
194.7935,
206.9229,
226.2,
226.2,
176.0959,
226.2,
214.8814,
=======
178.7912,
219.2234,
182.1318,
220.4266,
183.4979,
215.1613,
214.4065,
190.1786,
206.9229,
226.2,
226.2,
173.4613,
226.2,
214.8925,
>>>>>>> 29fc07e (Remove T2MAT folder level)
226.2,
0,
2034, 
175.3206,
176.9675,
<<<<<<< HEAD
209.312,
171.0345,
177.8445,
185.5214,
=======
197.0658,
171.0345,
177.8445,
194.9799,
>>>>>>> 29fc07e (Remove T2MAT folder level)
221.3,
227.6,
227.6,
175.6332,
<<<<<<< HEAD
190.3031,
202.1901,
220.3282,
183.9411,
220.4236,
183.509,
212.8367,
215.6698,
195.9778,
206.9229,
227.6,
227.6,
176.6819,
227.6,
216.5829,
227.6,
0,
2035, 
175.0175,
176.9771,
209.312,
229,
177.8445,
201.6713,
=======
173.8378,
183.0025,
220.5328,
184.0249,
220.4266,
183.509,
215.5784,
214.8931,
191.7742,
206.9229,
227.6,
227.6,
174.5434,
227.6,
216.622,
227.6,
0,
2035, 
175.3281,
176.9771,
197.0658,
229,
177.8445,
206.712,
>>>>>>> 29fc07e (Remove T2MAT folder level)
221.3,
229,
229,
175.6332,
<<<<<<< HEAD
191.2913,
202.7305,
220.8469,
184.7948,
220.4236,
183.5198,
213.1471,
215.8202,
196.5165,
206.9229,
229,
229,
176.9778,
229,
217.1866,
229,
0,
2036, 
175.4773,
179.5999,
209.312,
230.4,
177.8445,
209.2197,
222.5046,
230.4,
230.4,
175.6332,
192.6732,
204.0267,
221.1995,
185.2921,
223.467,
184.7758,
213.8631,
216.3702,
197.1674,
206.9229,
230.4,
230.4,
178.2255,
230.4,
218.4396,
230.4,
0,
2037, 
175.485,
180.1598,
209.312,
231.8,
177.8445,
210.2426,
222.5046,
231.8,
231.8,
176.1229,
193.7259,
204.4863,
222.0255,
185.9235,
223.467,
185.827,
213.8631,
216.3773,
198.3231,
206.9229,
231.8,
231.8,
179.0533,
231.8,
219.1161,
231.8,
0,
2038, 
175.9899,
181.0534,
209.312,
233.2,
177.8445,
210.3627,
223.3192,
233.2,
233.2,
177.1011,
194.7589,
204.4863,
222.5062,
186.2141,
223.467,
186.0682,
213.8631,
216.8318,
198.3659,
206.9229,
233.2,
233.2,
181.5568,
233.2,
219.9327,
233.2,
0,
2039, 
176.3378,
181.7454,
209.312,
234.6,
177.8445,
210.3627,
224.5809,
234.6,
234.6,
178.5415,
195.5823,
204.4863,
222.8756,
188.7946,
223.467,
186.0826,
213.8631,
216.9497,
200.1322,
207.485,
234.6,
234.6,
185.7096,
234.6,
221.2077,
234.6,
0,
2040, 
176.7234,
181.825,
209.312,
236,
177.8445,
210.3627,
224.5809,
236,
236,
180.3972,
196.5486,
204.8533,
223.0409,
188.7946,
223.467,
186.6601,
213.8631,
216.9566,
200.2914,
208.1533,
236,
236,
188.6016,
236,
222.341,
236,
0,
2041, 
177.0804,
182.1655,
209.312,
237.4,
177.8445,
210.3627,
224.5809,
237.4,
237.4,
182.6065,
198.2992,
204.8533,
223.3631,
189.3302,
223.467,
187.9343,
213.8631,
216.9634,
200.468,
208.1533,
237.4,
237.4,
188.6701,
237.4,
223.492,
237.4,
0,
2042, 
177.5343,
182.9207,
209.8437,
238.8,
177.9956,
211.0969,
224.5809,
238.8,
238.8,
186.1609,
199.9031,
206.1066,
223.8111,
190.8717,
223.467,
188.5921,
215.5627,
217.1849,
200.9303,
208.1533,
238.8,
238.8,
190.0444,
238.8,
224.1939,
238.8,
0,
2043, 
178.0687,
183.7866,
210.3863,
240.2,
178.1451,
211.8539,
224.5809,
240.2,
240.2,
190.4791,
201.9824,
207.4498,
223.9291,
192.2099,
223.467,
189.2962,
215.5627,
217.3061,
202.9142,
208.1533,
240.2,
240.2,
191.6572,
240.2,
224.8891,
240.2,
0,
2044, 
178.7238,
184.7978,
210.9402,
241.6,
178.293,
212.6351,
224.5809,
241.6,
241.6,
195.7573,
204.0293,
208.8945,
224.0932,
193.7462,
223.467,
190.0533,
215.5627,
217.4269,
204.4074,
208.1533,
241.6,
241.6,
195.8894,
241.6,
225.611,
241.6,
0,
2045, 
179.7238,
186.0054,
211.5059,
243,
178.439,
213.4421,
224.5809,
243,
243,
201.6456,
211.0445,
210.4546,
224.7701,
195.536,
223.467,
190.872,
215.5627,
217.9979,
205.0682,
208.4199,
243,
243,
203.0262,
243,
226.4955,
243,
0,
2046, 
180.9393,
187.4874,
212.084,
244.4,
178.5829,
222.9745,
224.5809,
244.4,
244.4,
207.9559,
215.7021,
212.1464,
226.2887,
197.8979,
223.467,
191.7624,
215.5627,
218.1171,
205.948,
209.1304,
244.4,
244.4,
209.5152,
244.4,
227.1028,
244.4,
0,
2047, 
182.844,
189.3699,
212.6752,
245.8,
178.7245,
225.4799,
224.5809,
245.8,
245.8,
214.1711,
219.601,
213.9898,
226.2887,
201.097,
223.467,
192.7371,
217.3935,
218.2361,
206.9841,
209.9104,
245.8,
245.8,
216.3418,
245.8,
227.6916,
245.8,
0,
2048, 
186.457,
191.8696,
213.2799,
247.2,
178.8633,
227.04,
224.5809,
247.2,
247.2,
220.7297,
223.0734,
216.0085,
226.6226,
204.8455,
223.467,
193.812,
217.3935,
219.4944,
207.6968,
210.3166,
247.2,
247.2,
223.3056,
247.2,
228.282,
247.2,
0,
2049, 
203.0241,
195.3939,
213.899,
248.6,
178.9992,
227.7439,
224.5809,
248.6,
248.6,
227.4582,
226.9918,
218.2318,
226.6226,
210.5788,
223.467,
195.0071,
217.3935,
223.2315,
208.2713,
211.2941,
248.6,
248.6,
230.6114,
248.6,
228.9073,
248.6,
0,
2050, 
223.6859,
200.8111,
214.5331,
250,
179.1315,
228.4625,
224.5809,
250,
250,
234.9926,
231.5884,
220.6954,
226.6226,
217.3461,
223.467,
196.3481,
217.3935,
223.3409,
208.8394,
212.0115,
250,
250,
238.5191,
250,
230.092,
250,
0,
2051, 
236.1145,
205.9911,
215.183,
253,
179.2599,
229.1966,
224.5809,
253,
253,
240.8848,
231.6701,
223.4445,
226.6226,
218.3693,
223.467,
197.8685,
217.3935,
223.9584,
209.6458,
212.0992,
253,
253,
239.1277,
253,
231.5314,
253,
0,
2052, 
242.6764,
206.3931,
216.487,
256,
179.2599,
229.1966,
224.5809,
256,
256,
241.3133,
231.6701,
223.8899,
226.6286,
218.3693,
223.467,
198.3797,
217.3935,
224.0595,
210.8781,
212.7592,
256,
256,
239.692,
256,
232.0742,
256,
0,
2053, 
243.6349,
206.8016,
217.8708,
259,
179.2599,
229.1966,
224.5809,
259,
259,
241.5332,
231.6701,
224.3406,
228.6632,
218.3693,
223.467,
198.9078,
217.3935,
226.5806,
211.2238,
213.4461,
259,
259,
240.1748,
259,
232.5311,
259,
0,
2054, 
243.6349,
207.2168,
219.3432,
262,
182.4616,
229.1966,
224.5809,
262,
262,
241.9821,
231.6701,
224.403,
228.6632,
219.1628,
223.467,
199.4542,
217.3935,
226.6782,
211.5731,
214.1395,
262,
262,
240.5392,
262,
233.1095,
262,
0,
2055, 
243.6349,
207.6389,
220.9142,
265,
186.81,
229.1966,
224.5809,
265,
265,
242.3064,
231.6701,
224.403,
228.6632,
220.2852,
223.467,
200.0202,
217.3935,
226.7755,
211.9261,
214.7089,
262,
262,
240.7449,
265,
235.5798,
265,
0,
2056, 
243.6349,
208.0684,
222.5955,
265,
186.81,
229.1966,
224.5809,
268,
268,
242.4666,
231.6701,
226.6518,
228.6632,
220.6144,
224.3089,
200.6074,
217.3935,
226.8725,
212.283,
214.8607,
263.0168,
262,
240.7449,
268,
236.7497,
268,
0,
2057, 
245.016,
208.5055,
222.6915,
267.7537,
191.9969,
229.1966,
224.5809,
271,
271,
242.7881,
231.6701,
228.0831,
228.6632,
222.7379,
225.1621,
200.6605,
217.3935,
227.0428,
213.0291,
214.9222,
264.5922,
262.48,
241.4434,
271,
236.9459,
271,
0,
2058, 
245.016,
208.9506,
222.787,
268.4766,
198.4133,
229.1966,
224.5809,
274,
274,
242.7881,
231.7279,
230.9228,
228.6632,
224.4292,
226.3696,
200.713,
217.3935,
230.8196,
213.8013,
215.2277,
265.7433,
264.0059,
246.5821,
274,
239.2256,
274,
0,
2059, 
245.016,
209.404,
222.8823,
268.4766,
206.2995,
229.1966,
224.5809,
277,
277,
242.7881,
231.943,
234.3907,
228.6632,
225.7579,
226.5163,
200.7649,
217.3935,
230.9875,
214.6013,
215.4489,
265.7433,
266.9968,
250.7343,
277,
239.3136,
277,
0,
2060, 
245.016,
209.8661,
222.9772,
268.4766,
225.0323,
229.1966,
224.5809,
280,
280,
242.7881,
231.943,
235.3273,
228.6632,
225.7579,
226.5163,
200.8163,
217.3935,
235.517,
217.7207,
215.5796,
265.7433,
270.8518,
253.9575,
280,
239.7133,
280,
0,
2061, 
245.016,
210.3374,
223.0717,
268.4766,
263.9382,
229.1966,
224.5809,
283,
283,
242.7881,
231.943,
236.0395,
229.3294,
225.7579,
226.5163,
200.867,
217.3935,
239.0252,
220.2242,
215.5796,
265.7433,
274.8088,
255.3456,
283,
240.4022,
283,
0,
2062, 
245.016,
210.8014,
223.207,
268.4766,
268.8053,
229.1966,
224.5809,
286,
286,
242.7881,
231.943,
236.0746,
230.1233,
225.7579,
227.0301,
201.6364,
217.3935,
240.8531,
221.3488,
215.8647,
265.7433,
276.9409,
256.7669,
286,
240.4022,
286,
0,
2063, 
245.016,
211.2577,
223.207,
268.4766,
276.6956,
229.1966,
224.5809,
289,
289,
242.7881,
231.943,
236.0746,
230.7807,
225.7579,
227.6662,
202.4115,
217.3935,
240.9352,
222.2516,
216.1429,
265.7433,
279.1295,
257.4302,
289,
242.5614,
289,
0,
2064, 
245.016,
211.7058,
223.207,
268.4766,
279.3901,
229.1966,
224.5809,
292,
292,
244.1729,
233.7923,
236.0746,
231.2858,
227.5811,
228.3792,
203.1931,
217.3935,
243.9018,
223.1642,
216.4139,
265.7433,
280.7329,
257.9214,
292,
244.6019,
292,
0,
2065, 
245.016,
212.1456,
223.207,
268.4766,
279.3901,
229.1966,
224.5809,
295,
295,
244.531,
233.3867,
236.0746,
231.4659,
229.7156,
229.159,
203.9819,
217.3935,
246.1487,
224.0872,
216.6775,
265.7433,
281.2855,
258.2512,
295,
244.6782,
295,
0,
2066, 
245.016,
212.5763,
223.207,
268.4766,
280.1738,
229.1966,
224.5809,
298,
298,
244.531,
233.3263,
236.0746,
231.9869,
232.004,
230.6093,
204.7792,
217.3935,
247.9877,
225.0215,
217.3914,
265.7433,
281.3422,
258.4187,
298,
246.6248,
298,
0,
2067, 
245.016,
212.9977,
223.207,
268.4766,
284.1112,
229.1966,
224.5809,
301,
301,
244.531,
233.3263,
236.0746,
232.6294,
232.004,
236.8727,
205.1994,
217.3935,
250.752,
225.4832,
217.9301,
265.7433,
281.5212,
258.4187,
301,
247.1757,
301,
0,
2068, 
245.016,
213.4093,
223.207,
268.6671,
284.1112,
229.1966,
224.5809,
304,
304,
244.531,
233.3263,
236.0746,
233.1416,
232.004,
236.9663,
205.6048,
217.3935,
253.2077,
225.9388,
218.4076,
265.7433,
283.0797,
258.4956,
304,
249.2823,
304,
0,
2069, 
245.016,
213.8104,
223.207,
269.937,
284.1112,
229.1966,
224.5809,
307,
307,
244.531,
231.2236,
236.0746,
233.1416,
232.004,
237.7085,
205.9943,
217.3935,
258.7643,
226.3881,
218.7111,
265.7433,
286.5853,
258.5154,
307,
252.3918,
307,
0,
2070, 
244.9775,
214.2005,
223.207,
280.2349,
284.1112,
229.1966,
224.5809,
310,
310,
244.531,
229.7955,
236.0746,
233.1416,
232.004,
238.7614,
206.3666,
217.3935,
263.1377,
226.8308,
218.8915,
265.7433,
288.4468,
258.5327,
310,
256.8244,
310,
0,
2071, 
245.016,
214.579,
223.207,
282.5356,
284.1112,
229.1966,
224.5809,
313,
313,
244.531,
229.9943,
236.0746,
233.1416,
232.004,
239.8591,
206.7202,
217.3935,
266.0231,
227.2667,
219.1574,
265.7433,
290.5231,
258.5561,
313,
259.1721,
313,
0,
2072, 
245.016,
214.9452,
223.4621,
286.172,
284.1112,
230.4185,
224.5809,
316,
316,
244.8351,
230.1054,
236.1944,
233.252,
232.004,
240.3974,
207.6448,
217.7756,
266.9808,
227.9617,
219.9769,
265.7433,
295.7395,
258.5862,
316,
259.8992,
316,
0,
2073, 
245.016,
215.2984,
223.709,
286.172,
284.1112,
231.6795,
224.5809,
319,
319,
245.1344,
230.1054,
236.3107,
234.2078,
232.004,
250.2046,
208.6095,
218.1465,
268.7991,
228.6564,
220.805,
265.7433,
298.5692,
258.6505,
319,
260.2665,
319,
0,
2074, 
245.016,
215.6379,
223.9473,
286.172,
284.1112,
232.9841,
224.5809,
322,
322,
245.7216,
230.1054,
236.4236,
234.9079,
232.004,
256.873,
209.6258,
218.5055,
270.6884,
229.3509,
221.6426,
280.0194,
300.4569,
258.8186,
322,
262.4134,
322,
0,
2075, 
245.016,
215.9627,
224.177,
286.172,
284.1112,
234.3379,
224.5809,
325,
325,
246.7787,
228.4399,
236.533,
235.3056,
232.004,
261.4888,
210.7106,
218.852,
277.2468,
230.0452,
222.4907,
285.3317,
304.2332,
258.9149,
325,
263.0887,
325,
0,
2076, 
245.2047,
216.272,
224.3977,
288.3074,
284.1112,
235.7469,
224.5809,
328,
328,
246.9215,
228.3969,
237.8725,
235.983,
232.004,
264.568,
211.8888,
219.1853,
279.9438,
230.7391,
223.5644,
295.8593,
308.4548,
259.9195,
328,
263.6402,
328,
0,
2077, 
245.47,
216.5649,
224.5666,
291.0626,
284.1112,
235.7651,
224.5809,
331,
331,
246.9215,
228.2877,
242.4375,
236.7862,
232.9542,
266.9543,
213.4589,
219.659,
281.7639,
231.0588,
224.7137,
301.5523,
309.7691,
260.5284,
331,
265.0698,
331,
0,
2078, 
245.73,
216.8402,
224.7272,
291.392,
284.1112,
235.7826,
224.5809,
334,
334,
246.9215,
232.1322,
246.0652,
237.6858,
233.921,
268.5549,
215.3741,
220.1195,
283.9178,
231.3698,
225.8663,
302.2557,
310.1004,
260.5284,
334,
267.0204,
334,
0,
2079, 
245.9844,
217.0967,
238.5802,
296.7941,
284.1112,
235.7993,
224.5809,
337,
337,
247.6675,
231.9039,
249.8741,
239.7681,
234.9062,
269.5259,
215.9289,
220.5658,
285.4066,
231.6719,
227.0929,
305.8856,
310.8488,
260.5284,
337,
270.7633,
337,
0,
2080, 
246.2332,
217.3333,
252.9528,
300.0226,
284.1112,
235.8153,
224.5809,
340,
340,
248.8422,
235.386,
260.1577,
240.8385,
235.9116,
270.3547,
216.0055,
220.9963,
285.4591,
231.9646,
228.362,
306.6846,
312.323,
260.5284,
340,
275.1752,
340,
0,
2081, 
246.4763,
217.5485,
255.9622,
302.2848,
284.1112,
235.8305,
224.5809,
343,
343,
253.8975,
236.0118,
264.359,
242.1155,
236.9395,
271.0559,
216.0718,
221.4097,
285.5107,
232.1882,
229.7061,
306.6846,
313.3381,
260.5694,
343,
278.7214,
343,
0,
2082, 
246.7135,
217.7408,
260.8406,
302.4399,
284.1112,
235.8305,
224.5809,
346,
346,
253.8975,
236.0041,
265.731,
243.037,
237.4144,
271.7296,
216.1274,
223.8273,
285.8559,
232.1882,
230.549,
306.6846,
314.4955,
260.5694,
346,
281.1901,
346,
0,
2083, 
246.9448,
217.9086,
262.1796,
302.5829,
284.1112,
235.8305,
224.5809,
349,
349,
253.8975,
236.1419,
268.6792,
243.7912,
238.4426,
272.5875,
216.1723,
226.6374,
286.8256,
233.5084,
231.2843,
306.6846,
317.4046,
260.5694,
349,
283.953,
349,
0,
2084, 
247.1699,
219.2785,
265.7056,
302.9776,
284.1112,
235.8305,
224.5809,
352,
352,
253.8975,
235.8647,
271.0058,
244.4932,
241.8267,
273.6679,
216.206,
228.4789,
291.1818,
234.1559,
231.8059,
306.6846,
319.3842,
260.5694,
352,
285.8669,
352,
0,
2085, 
247.3889,
221.0715,
268.8047,
308.5067,
284.1112,
235.8305,
224.5809,
355,
355,
253.8975,
235.6354,
271.9659,
245.231,
244.9332,
275.0121,
216.2283,
230.6542,
295.148,
234.8002,
232.3175,
306.6846,
320.8695,
260.5694,
355,
285.8669,
355,
0,
2086, 
247.8171,
221.3207,
269.2148,
310.5446,
284.1112,
235.8305,
224.5809,
358,
358,
253.8975,
237.0067,
273.5839,
247.971,
244.9332,
275.9973,
217.1258,
230.6542,
297.4283,
236.1922,
233.9977,
306.6846,
323.1776,
260.5694,
358,
286.8711,
358,
0,
2087, 
260.1245,
221.5514,
276.1038,
312.2256,
284.1112,
235.8305,
224.5809,
361,
361,
253.8975,
237.0058,
273.6454,
250.8889,
244.9332,
277.229,
219.1085,
230.6542,
301.2162,
265.5387,
236.2963,
306.6846,
324.3473,
260.5694,
361,
288.9231,
361,
0,
2088, 
260.7316,
221.7522,
276.1038,
312.3666,
284.1112,
235.9909,
224.5809,
364,
364,
253.8975,
238.5834,
273.6454,
254.2929,
246.1121,
277.92,
219.2,
230.6542,
303.5292,
278.2416,
240.5759,
306.6846,
326.2217,
260.5694,
364,
289.9832,
364,
0,
2089, 
353.8637,
221.9083,
276.1038,
316.7183,
284.1112,
235.9909,
225.6662,
367,
367,
253.8975,
262.1173,
273.7392,
258.0248,
247.1009,
277.92,
367,
230.6542,
303.5325,
278.2416,
244.8739,
306.6846,
328.8142,
260.5694,
367,
294.5124,
367,
0,
2090, 
354.0853,
222,
276.1038,
319.3993,
284.1112,
235.9909,
225.6662,
370,
370,
254.1398,
272.9839,
274.8731,
258.7669,
247.8111,
277.9533,
370,
230.6542,
303.536,
278.2416,
254.2583,
306.6846,
330.0707,
260.5694,
370,
298.0964,
370,
0,
2091, 
355.2221,
373,
276.1038,
322.4059,
284.1112,
236.1367,
231.2831,
373,
373,
254.3799,
283.1665,
278.0079,
259.3171,
247.8111,
278.0151,
373,
230.6542,
303.9421,
278.2416,
265.9865,
306.6846,
330.6823,
260.5694,
373,
301.0001,
373,
0,
2092, 
355.2221,
376,
276.1038,
325.5811,
284.1112,
236.1367,
231.2831,
376,
376,
257.8787,
283.1665,
280.4713,
261.9767,
247.8448,
317.4613,
376,
230.6542,
312.4055,
291.2806,
279.7642,
306.6846,
332.269,
261.5224,
376,
305.7698,
376,
0,
2093, 
355.2221,
379,
313.9198,
325.5811,
284.1112,
236.1367,
231.2831,
379,
379,
261.9756,
284.4456,
291.7249,
265.8302,
251.3358,
319.2554,
379,
233.3591,
316.7338,
291.2806,
291.8231,
306.6846,
333.6643,
262.5152,
379,
307.4405,
379,
0,
2094, 
355.2221,
382,
343.6542,
325.7104,
284.1112,
236.1367,
231.2831,
382,
382,
273.0341,
355.5301,
319.8228,
270.2609,
256.4694,
320.6274,
382,
237.1008,
318.0301,
295.375,
299.3485,
306.6846,
333.6643,
262.9581,
382,
310.211,
382,
0,
2095, 
355.2221,
385,
343.6542,
325.9743,
284.1112,
240.3198,
231.2831,
385,
385,
273.7041,
362.9707,
323.992,
272.9146,
259.5255,
323.2955,
385,
238.0739,
318.9183,
297.3933,
304.3454,
306.6846,
333.7154,
263.1732,
385,
311.0561,
385,
0,
2096, 
355.2221,
388,
343.6542,
326.093,
284.1112,
242.4815,
232.6757,
388,
388,
274.9085,
364.2037,
321.287,
274.7169,
261.4572,
324.9644,
388,
240.7895,
320.0451,
299.928,
310.0374,
306.6846,
333.7647,
263.3339,
388,
316.7929,
388,
0,
2097, 
355.2221,
391,
343.6542,
326.093,
284.1112,
243.4827,
232.6757,
391,
391,
278.6653,
366.1474,
323.2102,
279.3399,
263.9832,
326.4849,
391,
240.7895,
321.9429,
304.8927,
311.9966,
306.6846,
334.0704,
263.5397,
391,
317.4294,
391,
0,
2098, 
355.2221,
394,
343.6542,
326.595,
284.1112,
243.5961,
233.2,
394,
394,
282.6987,
367.5118,
320.7615,
282.7134,
265.2215,
328.0228,
394,
240.7895,
324.8548,
307.9925,
316.769,
306.6846,
334.2892,
265.1174,
394,
318.2038,
394,
0,
2099, 
355.2221,
397,
343.6542,
326.6037,
284.1112,
243.5961,
397,
397,
397,
283.6673,
367.1457,
319.8202,
285.0919,
265.2215,
329.4688,
397,
240.7895,
324.9755,
314.8089,
321.9913,
306.6846,
334.4417,
266.8134,
397,
319.4925,
397,
0,
2100, 
355.2221,
400,
343.6542,
328.2702,
284.1112,
243.5961,
400,
400,
400,
284.9818,
365.9327,
318.5039,
286.1164,
265.2215,
331.2588,
400,
240.7895,
325.5283,
315.6388,
324.7936,
306.6846,
334.601,
269.7369,
400,
321.7597,
=======
173.8426,
185.9814,
220.8799,
184.9641,
220.4266,
183.5198,
215.5784,
215.1763,
193.149,
206.9229,
229,
229,
174.9621,
229,
217.1195,
229,
0,
2036, 
175.8052,
179.5999,
197.0658,
230.4,
177.8445,
212.5229,
222.5616,
230.4,
230.4,
175.6332,
174.1079,
187.0614,
221.2465,
185.5238,
223.4683,
184.7758,
215.5784,
215.8398,
193.3178,
206.9229,
230.4,
230.4,
175.9669,
230.4,
218.5759,
230.4,
0,
2037, 
175.8767,
180.1598,
197.0658,
231.8,
177.8445,
213.0508,
222.5616,
231.8,
231.8,
175.6332,
174.2391,
187.0614,
221.9306,
186.1622,
223.4683,
185.827,
215.6131,
216.0334,
193.3921,
206.9229,
231.8,
231.8,
176.6125,
231.8,
219.2006,
231.8,
0,
2038, 
176.4105,
181.0534,
197.0658,
233.2,
177.8445,
213.0994,
223.4157,
233.2,
233.2,
175.6332,
174.3715,
187.0614,
222.5036,
186.4597,
223.4683,
186.0682,
215.6131,
216.041,
193.5999,
206.9229,
233.2,
233.2,
177.3715,
233.2,
220.1591,
233.2,
0,
2039, 
176.7774,
181.7454,
197.0658,
234.6,
177.8445,
213.0994,
224.5846,
234.6,
234.6,
175.6332,
174.4929,
187.0614,
222.7587,
189.0675,
223.4683,
186.0826,
215.6131,
216.1901,
194.2615,
207.1728,
234.6,
234.6,
179.2022,
234.6,
221.5546,
234.6,
0,
2040, 
177.3124,
181.825,
197.0658,
236,
177.8445,
213.0994,
224.5846,
236,
236,
175.6332,
174.6201,
187.3656,
222.9908,
189.0675,
223.4683,
186.6601,
215.6131,
216.1974,
195.0109,
207.5808,
236,
236,
181.1227,
236,
222.7424,
236,
0,
2041, 
177.6983,
182.1655,
197.0658,
237.4,
177.8445,
213.0994,
224.5846,
237.4,
237.4,
175.6332,
174.8276,
191.9781,
223.4361,
189.5237,
223.4683,
187.9343,
215.6131,
216.2048,
195.8204,
207.6108,
237.4,
237.4,
181.4049,
237.4,
223.8948,
237.4,
0,
2042, 
178.1881,
182.9207,
197.6838,
238.8,
177.9956,
213.7486,
224.5846,
238.8,
238.8,
176.7557,
175,
196.4095,
223.7814,
191.0595,
223.4683,
188.5921,
215.6131,
216.5959,
196.8553,
207.6108,
238.8,
238.8,
182.3685,
238.8,
224.7108,
238.8,
0,
2043, 
178.7605,
183.7866,
198.3259,
240.2,
178.1451,
214.4136,
224.5846,
240.2,
240.2,
178.2729,
175.1724,
199.8901,
223.9239,
192.4042,
223.4683,
189.2962,
215.6131,
216.7257,
197.8271,
207.6108,
240.2,
240.2,
183.4095,
240.2,
225.3925,
240.2,
0,
2044, 
179.4528,
184.7978,
198.9938,
241.6,
178.293,
215.0953,
224.5846,
241.6,
241.6,
182.0881,
175.3448,
202.6241,
224.243,
193.9469,
223.4683,
190.0533,
215.6131,
216.8552,
198.5626,
207.6108,
241.6,
241.6,
184.7426,
241.6,
225.7405,
241.6,
0,
2045, 
180.3403,
186.0054,
199.6899,
243,
178.439,
215.7945,
224.5846,
243,
243,
185.0609,
175.5172,
208.4678,
225.3213,
195.7424,
223.4683,
190.872,
215.6131,
216.9845,
199.3354,
207.6108,
243,
243,
186.3858,
243,
226.751,
243,
0,
2046, 
181.5185,
187.4874,
200.4166,
244.4,
178.5829,
218.7739,
224.5846,
244.4,
244.4,
191.2572,
175.6897,
214.2132,
225.3213,
197.9742,
223.4683,
191.7624,
215.6131,
217.1134,
200.4101,
208.2814,
244.4,
244.4,
190.5623,
244.4,
227.166,
244.4,
0,
2047, 
183.2435,
189.3699,
201.1766,
245.8,
178.7245,
221.7115,
224.5846,
245.8,
245.8,
196.6508,
175.8621,
216.7751,
226.5801,
201.2114,
223.4683,
192.7371,
215.6131,
217.3564,
201.1923,
209.5375,
245.8,
245.8,
194.7043,
245.8,
227.2756,
245.8,
0,
2048, 
186.1277,
191.8696,
201.9732,
247.2,
178.8633,
223.0812,
224.5846,
247.2,
247.2,
201.9543,
176.0345,
221.4765,
226.8876,
204.9875,
223.4683,
193.812,
215.6131,
218.0628,
201.754,
210.6419,
247.2,
247.2,
203.9922,
247.2,
227.4434,
247.2,
0,
2049, 
192.2422,
195.3939,
202.8098,
248.6,
178.9992,
223.8325,
224.5846,
248.6,
248.6,
209.3993,
176.2069,
225.1501,
226.8876,
210.7594,
223.4683,
195.0071,
215.6131,
218.1899,
202.3331,
210.6419,
248.6,
248.6,
220.4168,
248.6,
228.2025,
248.6,
0,
2050, 
215.8631,
200.8111,
203.6903,
250,
179.1315,
224.565,
224.5846,
250,
250,
223.3456,
250,
228.7467,
226.8974,
217.5126,
223.4683,
196.3481,
215.6131,
218.3167,
202.9307,
210.6419,
250,
250,
239.2311,
250,
228.9979,
250,
0,
2051, 
215.8631,
205.9911,
204.6193,
253,
179.2599,
225.3782,
224.5846,
253,
253,
237.7865,
253,
232.8865,
227.1886,
218.5281,
223.4683,
197.8685,
215.6131,
219.7805,
203.5483,
210.8251,
253,
253,
239.5855,
253,
230.763,
253,
0,
2052, 
215.8631,
206.3931,
206.575,
256,
179.2599,
225.3782,
224.5846,
256,
256,
237.8467,
256,
233.5706,
227.7138,
218.5281,
223.4683,
198.3797,
215.6131,
222.9121,
203.9109,
211.794,
256,
256,
239.7781,
256,
231.7708,
256,
0,
2053, 
215.8631,
206.8016,
208.8013,
259,
183.0435,
225.3798,
224.5846,
259,
259,
237.8467,
259,
234.2674,
227.8355,
218.5281,
223.4683,
198.9078,
215.6131,
226.032,
204.2786,
212.7267,
259,
259,
239.7781,
259,
232.0732,
259,
0,
2054, 
215.8631,
207.2168,
211.3651,
262,
185.6173,
225.3798,
224.5846,
262,
262,
239.9658,
262,
234.3643,
228.626,
219.3492,
223.4683,
199.4542,
215.6131,
226.1417,
204.6519,
213.6117,
262,
262,
239.7833,
262,
233.291,
262,
0,
2055, 
215.8631,
207.6389,
214.3568,
262,
185.6173,
225.3798,
224.5846,
265,
265,
239.9658,
265,
234.3643,
229.1784,
220.4105,
223.5466,
200.0202,
215.6131,
226.2511,
205.0308,
213.765,
262,
265,
240.2605,
265,
234.7027,
265,
0,
2056, 
215.8631,
208.0684,
217.9027,
263.0458,
185.6173,
225.3798,
224.5846,
268,
268,
239.9658,
268,
234.3643,
229.1888,
220.8791,
224.0384,
200.6074,
215.6131,
226.3602,
205.4157,
213.918,
262,
268,
240.7535,
268,
235.0222,
268,
0,
2057, 
215.8631,
208.5055,
218.117,
263.0458,
190.4926,
225.3798,
224.5846,
271,
271,
239.9658,
271,
234.3643,
229.1888,
223.0244,
225.9004,
200.6605,
215.6131,
226.5518,
206.2278,
214.0204,
262,
268,
241.2691,
271,
238.7339,
271,
0,
2058, 
215.8631,
208.9506,
218.3317,
263.0458,
196.7249,
225.3798,
224.5846,
274,
274,
239.9658,
274,
234.3643,
229.1888,
224.7342,
225.9948,
200.713,
215.6131,
230.7852,
207.0799,
214.3741,
262,
268,
242.0424,
274,
240.1474,
274,
0,
2059, 
215.8631,
209.404,
218.5468,
263.0458,
204.1188,
225.3798,
224.5846,
277,
277,
242.8531,
277,
234.6132,
229.1888,
225.6806,
225.9948,
200.7649,
215.6131,
230.9743,
207.9758,
214.3741,
262,
271.1687,
245.299,
277,
240.7013,
277,
0,
2060, 
215.8631,
209.8661,
218.7625,
263.0458,
222.1698,
225.3798,
224.5846,
280,
280,
245.3079,
280,
234.6132,
229.2559,
225.6806,
225.9948,
200.8163,
215.6131,
235.8231,
208.92,
214.4306,
262,
271.3431,
249.5561,
280,
240.8402,
280,
0,
2061, 
215.8631,
210.3374,
218.9786,
263.0458,
262.1136,
225.3798,
224.5846,
283,
283,
247.3675,
283,
235.5307,
229.4708,
225.6806,
226.3233,
200.867,
215.6131,
240.3624,
209.9174,
214.5127,
273.4086,
277.4084,
251.8808,
283,
241.6405,
283,
0,
2062, 
215.8631,
210.8014,
219.2893,
263.0458,
268.1744,
225.3798,
224.5846,
286,
286,
247.3675,
286,
235.5307,
229.6766,
225.6806,
227.0229,
201.6364,
215.6131,
242.9613,
210.9211,
214.7994,
276.8805,
279.3254,
253.9816,
286,
241.6405,
286,
0,
2063, 
215.8631,
211.2577,
219.2893,
263.6011,
274.4346,
226.218,
224.5846,
289,
289,
247.3675,
289,
235.5307,
229.9117,
225.6806,
227.9768,
202.4115,
215.6131,
245.6104,
211.9469,
215.0789,
276.8805,
280.1429,
256.1499,
289,
241.7044,
289,
0,
2064, 
215.8631,
211.7058,
219.2893,
263.6011,
278.4295,
228.0976,
224.5846,
292,
292,
247.3675,
292,
235.5307,
230.0885,
227.4812,
228.3787,
203.1931,
215.6131,
247.4047,
212.9974,
215.8453,
276.8805,
281.1578,
257.9523,
292,
245.0217,
292,
0,
2065, 
215.8631,
212.1456,
219.2893,
264.3239,
278.4295,
228.0976,
224.5846,
295,
295,
247.3675,
295,
235.5307,
230.243,
229.5872,
231.3105,
203.9819,
215.6131,
250.4597,
214.0755,
216.5264,
276.8805,
281.1578,
259.559,
295,
248.4932,
295,
0,
2066, 
215.8631,
212.5763,
219.2893,
264.3542,
279.7716,
228.0976,
224.5846,
298,
298,
249.7243,
298,
235.5307,
230.243,
231.842,
233.1923,
204.7792,
215.6131,
252.9264,
215.1846,
216.9893,
276.8805,
281.1578,
260.8084,
298,
250.3979,
298,
0,
2067, 
215.8417,
212.9977,
219.2893,
274.7496,
283.7,
228.0976,
224.5846,
301,
301,
251.7312,
301,
235.5307,
230.243,
231.842,
237.6517,
205.1994,
215.6131,
255.485,
215.7381,
217.2294,
276.8805,
281.1578,
261.5805,
301,
250.8232,
301,
0,
2068, 
215.3066,
213.4093,
219.2893,
280.0748,
283.7,
228.0976,
224.5846,
304,
304,
253.2255,
304,
235.5307,
230.243,
231.842,
237.6517,
205.6048,
215.6131,
260.0686,
216.2853,
217.4236,
276.8805,
282.0175,
261.9503,
304,
254.6012,
304,
0,
2069, 
215.3066,
213.8104,
219.2893,
281.1642,
283.7,
228.0976,
224.5846,
307,
307,
258.313,
307,
235.5307,
230.3166,
231.842,
238.3144,
205.9943,
215.6131,
263.4695,
216.826,
217.6107,
277.048,
282.4005,
262.4062,
307,
255.5538,
307,
0,
2070, 
215.3066,
214.2005,
219.2893,
282.8344,
283.7,
228.0976,
224.5846,
310,
310,
261.1881,
310,
235.5307,
230.492,
231.842,
239.3256,
206.3666,
215.6131,
264.5073,
217.3597,
217.7904,
277.048,
282.4005,
262.7751,
310,
257.5945,
310,
0,
2071, 
215.1358,
214.579,
219.2893,
282.8344,
283.7,
228.0976,
224.5846,
313,
313,
263.4847,
313,
235.5307,
231.0116,
231.842,
240.5026,
206.7202,
215.6131,
266.9434,
217.8859,
217.9625,
289.7244,
290.2743,
262.8096,
313,
257.6982,
313,
0,
2072, 
215.3066,
214.9452,
219.8553,
282.8344,
283.7,
229.3136,
224.5846,
316,
316,
264.3903,
316,
235.7267,
231.5011,
231.842,
240.5026,
207.6448,
215.9224,
268.4743,
218.7307,
218.9722,
294.3915,
292.6177,
262.8696,
316,
262.0724,
316,
0,
2073, 
213.8954,
215.2984,
220.4149,
282.8344,
283.7,
230.5695,
224.5846,
319,
319,
266.358,
319,
235.9178,
231.8576,
231.842,
240.9332,
208.6095,
216.2197,
270.2009,
219.5868,
220.0835,
296.0089,
295.894,
263.2616,
319,
262.9096,
319,
0,
2074, 
213.8954,
215.6379,
220.9675,
285.8889,
283.7,
231.8701,
224.5846,
322,
322,
268.3979,
322,
236.1039,
232.2434,
231.842,
242.1849,
209.6258,
216.5042,
274.916,
220.4556,
221.1644,
302.2179,
295.894,
263.3181,
322,
267.0095,
322,
0,
2075, 
213.8954,
215.9627,
221.5126,
288.914,
283.7,
233.2209,
224.5846,
325,
325,
269.3099,
325,
236.2849,
232.9978,
231.842,
243.7021,
210.7106,
216.7754,
278.3432,
221.3387,
222.0531,
302.8279,
295.894,
263.3575,
325,
267.4035,
325,
0,
2076, 
214.6138,
216.272,
222.0496,
288.914,
283.7,
234.6287,
224.5846,
328,
328,
269.7657,
328,
236.4608,
235.0673,
231.842,
248.0376,
211.8888,
217.0326,
280.7094,
222.238,
223.275,
302.8279,
295.894,
263.6284,
328,
268.0481,
328,
0,
2077, 
215.0679,
216.5649,
222.4699,
288.914,
283.7,
234.6469,
224.5846,
331,
331,
269.7657,
331,
236.53,
235.2683,
232.7757,
253.173,
213.4589,
217.3918,
282.9044,
222.6561,
224.4113,
303.5633,
296.0553,
263.6284,
331,
269.3815,
331,
0,
2078, 
216.0135,
216.8402,
222.878,
288.9263,
283.7,
234.6643,
224.5846,
334,
334,
269.7657,
334,
236.5966,
236.4924,
233.7247,
259.27,
215.3741,
217.734,
284.5146,
223.0622,
225.5977,
307.8391,
296.4254,
263.6284,
334,
269.8799,
334,
0,
2079, 
216.7,
217.0967,
223.273,
293.1287,
283.7,
234.6809,
224.5846,
337,
337,
270.3443,
337,
236.6606,
239.3216,
234.6906,
261.1363,
215.9289,
218.0576,
285.0585,
223.4552,
226.8436,
311.7185,
302.5754,
263.6284,
337,
271.241,
337,
0,
2080, 
217.3846,
217.3333,
223.6541,
296.858,
283.7,
234.6968,
224.5846,
340,
340,
271.5293,
340,
236.722,
240.9941,
235.6751,
261.2597,
216.0055,
218.3614,
288.3154,
223.8345,
228.1605,
313.662,
305.2967,
263.6284,
340,
275.4493,
340,
0,
2081, 
218.5574,
217.5485,
224.0203,
297.3055,
283.7,
234.7119,
224.5846,
343,
343,
271.5293,
343,
236.7809,
241.3033,
237.1727,
261.4626,
216.0718,
218.6435,
291.2787,
224.1217,
229.5632,
314.8123,
307.0299,
263.6284,
343,
277.6901,
343,
0,
2082, 
219.2526,
217.7408,
224.0203,
300.606,
283.7,
234.7119,
224.5846,
346,
346,
272.712,
346,
236.8864,
242.5762,
238.2119,
261.6505,
216.1274,
220.1913,
294.0524,
224.1217,
230.4474,
316.4861,
308.6863,
263.6284,
346,
279.2682,
346,
0,
2083, 
219.6844,
217.9086,
224.0203,
307.3107,
283.7,
234.7119,
224.5846,
349,
349,
272.712,
349,
236.8864,
243.4807,
238.6474,
261.7836,
216.1723,
221.8174,
296.0586,
225.8191,
231.2217,
316.4861,
308.6863,
263.722,
349,
280.2597,
349,
0,
2084, 
220.3727,
219.2785,
224.0203,
308.5845,
283.7,
234.7119,
224.5846,
352,
352,
272.712,
352,
238.1686,
244.2024,
241.235,
265.1854,
216.206,
222.7779,
297.8202,
226.702,
231.773,
316.4861,
308.6863,
263.722,
352,
280.6349,
352,
0,
2085, 
221.0586,
221.0715,
224.0203,
309.107,
283.7,
234.7119,
224.5846,
355,
355,
274.8312,
355,
239.4233,
245.0112,
244.2319,
268.1769,
216.2283,
223.7963,
299.035,
227.6102,
232.3153,
317.6541,
308.8925,
263.722,
355,
280.6349,
355,
0,
2086, 
221.1742,
221.3207,
224.0203,
311.7072,
283.7,
234.7119,
224.5846,
358,
358,
276.0022,
358,
243.5148,
247.7706,
244.2319,
268.1769,
217.1258,
223.7963,
301.2546,
229.7537,
234.0015,
318.0591,
309.0086,
263.7491,
358,
282.1315,
358,
0,
2087, 
221.8786,
221.5514,
224.0203,
315.4063,
283.7,
234.7119,
224.5846,
361,
361,
276.2214,
361,
244.8189,
250.6855,
245.267,
268.3129,
219.1085,
223.7963,
303.612,
229.7537,
236.6735,
322.0201,
309.2682,
263.7491,
361,
283.0907,
361,
0,
2088, 
222.6546,
221.7522,
224.0203,
318.0689,
283.7,
234.8675,
224.5846,
364,
364,
276.2214,
364,
245.7281,
253.7301,
245.9509,
268.3129,
219.2,
223.7963,
307.1176,
232.2017,
241.6132,
324.2651,
311.6959,
263.7491,
364,
283.4312,
364,
0,
2089, 
223.5449,
221.9083,
224.0203,
321.7762,
283.7,
234.8675,
225.6645,
367,
367,
276.2214,
367,
246.5416,
256.8082,
246.5423,
268.3176,
367,
223.7963,
309.693,
232.2017,
246.6377,
325.0573,
313.3557,
263.7491,
367,
284.4774,
367,
0,
2090, 
224.0165,
222,
224.0203,
321.7762,
283.7,
234.8675,
225.6645,
370,
370,
276.2214,
370,
246.5416,
257.4078,
246.5423,
268.5979,
370,
223.7963,
311.7323,
232.2017,
258.3827,
327.9888,
316.858,
263.7491,
370,
288.4244,
370,
0,
2091, 
232.9767,
373,
224.0203,
321.9432,
283.7,
235.0062,
231.1991,
373,
373,
276.4499,
373,
247.3193,
257.4753,
246.5896,
268.6071,
373,
223.7963,
313.083,
232.2017,
258.3827,
328.9214,
316.858,
263.7491,
373,
292.002,
373,
0,
2092, 
232.9767,
376,
224.8,
322.5579,
283.7,
235.0062,
231.1991,
376,
376,
276.4499,
376,
247.3193,
260.9676,
246.5896,
319.6785,
376,
225.527,
320.2473,
232.2017,
260.4701,
329.9403,
316.858,
263.7491,
376,
296.6955,
376,
0,
2093, 
232.9767,
379,
379,
322.5579,
283.7,
235.0062,
231.1991,
379,
379,
276.4499,
379,
247.3193,
265.2398,
250.0923,
322.0612,
379,
226.4452,
324.4,
232.9174,
263.6463,
332.0326,
316.858,
263.7491,
379,
297.0386,
379,
0,
2094, 
232.9767,
382,
382,
322.9116,
283.7,
236.7525,
231.1991,
382,
382,
276.4499,
382,
249.8758,
272.4362,
255.0856,
322.0612,
382,
230.4,
326.919,
234.7825,
266.099,
334.9157,
316.858,
266.0897,
382,
298.4569,
382,
0,
2095, 
232.9767,
385,
385,
323.4831,
283.7,
245.1669,
231.1991,
385,
385,
276.4499,
385,
252.2833,
275.1023,
258.1479,
322.0612,
385,
230.4,
329.043,
237.1783,
267.8633,
336.1417,
316.858,
267.0377,
385,
298.8999,
385,
0,
2096, 
232.9767,
388,
388,
327.9076,
283.7,
249.7323,
232.6326,
388,
388,
276.4499,
388,
252.2833,
277.2337,
260.1496,
323.0386,
388,
230.4,
332.4251,
237.5292,
267.8633,
338.8448,
317.7561,
267.7006,
388,
300.171,
388,
0,
2097, 
234.7623,
391,
391,
329.0389,
283.7,
257.1393,
232.6326,
391,
391,
276.4499,
391,
252.2833,
281.3487,
262.6651,
323.768,
391,
391,
332.7061,
237.6619,
267.8633,
340.8042,
318.8009,
268.1122,
391,
300.77,
391,
0,
2098, 
234.7623,
394,
394,
334.235,
283.7,
257.3736,
233.2,
394,
394,
278.458,
394,
252.2833,
285.8154,
263.9177,
324.6318,
394,
394,
334.5735,
237.9741,
269.5856,
342.482,
318.8009,
269.4228,
394,
301.7053,
394,
0,
2099, 
234.7623,
397,
394,
336.8642,
283.7,
257.3736,
397,
397,
397,
281.9426,
397,
252.2833,
287.8337,
263.9177,
325.1848,
397,
397,
336.9372,
238.2949,
271.504,
343.7768,
318.8009,
270.8713,
397,
303.4783,
397,
0,
2100, 
241.6,
400,
394,
338.5295,
283.7,
263.7194,
400,
400,
400,
281.9605,
400,
252.2833,
289.6904,
263.9177,
329.5207,
400,
400,
338.6516,
239.198,
274.4914,
345.4466,
318.8009,
271.4921,
400,
304.9106,
>>>>>>> 29fc07e (Remove T2MAT folder level)
400,
0];
