real main.em.dem.hi.Clinker_Production[28](t) = [1971, 
7.4853,
63.9486,
6.16722,
4.277119,
8.038461,
12.24752,
6.25314,
3.05092,
1.27804,
5.21629,
148.1945,
32.9983,
6.87323,
1.5908,
0,
82.27142,
8.05349,
12.39273,
10.62152,
26.71521,
7.71953,
0.44317,
51.11324,
4.80396,
2.93748,
1.97758,
0,
516.6688,
1972, 
8.181899,
67.437,
7.17746,
5.781819,
9.33324,
12.79692,
6.21131,
3.40158,
1.24333,
5.43968,
168.4209,
36.25626,
6.91145,
1.60064,
0,
85.52518,
9.37485,
13.10155,
10.72526,
29.89577,
8.42296,
0.54236,
57.01112,
5.09894,
2.82282,
2.23657,
0,
564.9509,
1973, 
9.0477,
69.8184,
8.13276,
6.222979,
10.98636,
13.26924,
6.09294,
3.4265,
1.25579,
6.10896,
163.4131,
38.33475,
8.140861,
1.62934,
0,
89.80722,
9.12502,
12.46328,
12.71725,
31.45451,
10.1647,
0.6734,
67.1832,
5.41886,
3.15224,
2.5543,
0,
590.5936,
1974, 
9.5769,
66.20219,
8.75104,
6.252499,
12.45334,
13.92114,
6.35816,
3.59293,
1.29139,
6.49789,
160.7271,
41.23879,
8.1354,
1.6728,
0,
94.4189,
10.79415,
11.88477,
13.50622,
31.40056,
9.854391,
0.75621,
62.87288,
5.7405,
3.51533,
2.57299,
0,
593.9885,
1975, 
8.7669,
55.917,
9.184,
5.841679,
13.44062,
13.5464,
6.93399,
4.03437,
1.26291,
6.38664,
152.3531,
44.09148,
9.85803,
1.77858,
0,
100.0867,
12.3421,
13.48584,
15.58739,
39.00477,
10.81171,
0.9800701,
56.34462,
5.41112,
3.63909,
2.37363,
0,
593.4628,
1976, 
8.908199,
60.8229,
10.40662,
6.260699,
15.3135,
14.35082,
7.11199,
4.07709,
1.34657,
6.27272,
156.5511,
47.32811,
11.06014,
20.22776,
0,
101.8817,
13.16961,
15.36828,
17.17443,
39.53132,
11.79269,
1.6471,
59.09232,
5.29932,
3.50987,
1.57975,
0,
640.0847,
1977, 
8.939699,
65.3661,
10.92896,
6.179519,
17.32086,
14.7559,
7.87561,
4.14117,
1.5753,
5.84997,
160.464,
49.99436,
12.1849,
20.59403,
0,
104.1859,
13.77966,
15.91359,
19.29018,
47.12441,
12.45426,
2.31959,
62.89868,
5.26234,
3.57448,
1.58242,
0,
674.5559,
1978, 
9.425699,
69.7914,
11.603,
6.7527,
19.05598,
15.69398,
9.07978,
4.31294,
1.44714,
6.07247,
163.3752,
52.34935,
14.17052,
20.18211,
0,
104.1039,
15.73099,
16.28958,
20.14103,
55.30912,
12.91017,
3.32059,
72.99853,
5.11872,
3.90026,
1.55661,
0,
714.6918,
1979, 
10.3131,
68.9832,
12.58864,
7.018379,
20.39422,
17.19458,
11.61984,
4.63334,
1.47028,
5.51711,
165.8589,
51.99385,
12.35143,
19.51764,
0,
100.8756,
19.55231,
15.1641,
22.21583,
62.54913,
15.70569,
4.03312,
75.51144,
5.14366,
3.76194,
1.56373,
0,
735.5311,
1980, 
9.306,
61.4169,
13.44636,
7.329389,
22.29908,
19.21998,
13.28058,
4.83181,
1.604715,
6.34125,
166.359,
56.74334,
11.80725,
19.44603,
3.444,
102.5402,
21.80244,
14.77649,
21.48692,
67.66492,
13.83473,
4.78569,
75.64302,
5.20902,
4.03221,
1.48808,
0,
750.1393,
1981, 
9.1368,
58.5486,
14.90186,
7.240192,
21.36182,
19.23638,
14.4714,
5.91049,
1.58137,
7.20455,
161.6095,
52.8036,
13.68913,
19.50725,
3.623785,
104.2786,
26.34503,
17.35364,
21.49147,
70.1516,
14.80752,
5.20429,
72.95209,
5.63558,
4.27336,
1.66341,
0,
754.9833,
1982, 
7.3224,
51.7275,
15.86126,
6.975526,
21.02808,
18.38604,
14.31654,
5.90159,
1.431351,
7.1912,
156.6791,
59.37403,
14.35798,
19.72428,
3.80357,
164.3214,
28.56279,
18.7995,
23.55717,
80.35645,
16.30811,
5.30712,
69.38996,
6.06644,
4.226613,
1.5397,
0,
822.5157,
1983, 
7.083899,
57.5343,
14.23766,
7.309465,
17.1134,
17.01418,
16.05827,
5.43523,
1.42311,
7.02833,
156.5567,
62.29861,
12.37145,
20.60824,
11.06487,
171.0192,
30.74569,
20.96663,
26.64662,
91.40956,
17.70769,
7.36645,
69.56626,
5.38532,
4.453147,
1.35547,
0,
859.7597,
1984, 
8.448299,
63.4068,
15.33564,
7.243676,
15.98754,
17.32496,
20.01432,
4.94573,
1.396034,
7.194759,
147.339,
64.99251,
14.32158,
21.3323,
11.67688,
173.43,
35.87509,
24.51903,
25.85583,
103.7566,
17.76047,
8.09263,
67.8196,
4.83062,
4.842429,
1.3706,
0,
889.1129,
1985, 
9.1728,
63.2556,
16.6091,
7.130142,
16.9207,
17.38892,
21.90112,
6.18016,
1.390888,
6.1232,
139.3141,
60.60722,
15.99871,
21.1519,
12.34182,
174.4788,
36.94828,
26.53593,
25.94319,
122.7869,
16.3618,
9.0454,
62.64842,
5.73362,
5.074242,
1.4685,
0,
902.5115,
1986, 
9.5499,
64.0008,
16.2565,
7.976664,
20.70664,
19.69804,
20.29912,
6.525658,
1.525423,
5.55894,
139.6933,
63.48124,
18.20364,
22.27612,
13.84898,
179.7981,
35.55969,
29.03589,
28.6923,
140.0384,
17.02337,
10.30393,
61.28704,
6.134619,
6.25898,
1.71236,
0,
945.4457,
1987, 
11.3427,
60.64199,
19.25524,
8.431331,
20.88376,
21.51926,
23.22633,
5.958461,
1.680385,
5.33911,
143.2396,
63.21106,
20.0018,
22.63692,
14.21224,
182.8526,
37.98329,
30.82205,
31.80086,
156.8833,
18.90434,
10.75074,
61.53386,
5.948624,
7.05796,
1.84586,
0,
987.9637,
1988, 
11.115,
64.3896,
19.35692,
7.959253,
20.76978,
21.52898,
24.51861,
6.817934,
1.61624,
6.0164,
153.1162,
65.17658,
20.53688,
23.0912,
14.45496,
184.6935,
40.50151,
34.14288,
37.68401,
176.6497,
21.34769,
11.93738,
66.69644,
6.070053,
7.55482,
1.9847,
0,
1049.727,
1989, 
11.3319,
64.1772,
19.8522,
8.422002,
21.25522,
19.10026,
24.81943,
7.071888,
2.05501,
6.46229,
159.6195,
63.62107,
21.57064,
22.92556,
15.1044,
186.6738,
44.87395,
36.68351,
42.88011,
176.7477,
25.18425,
13.45708,
68.55663,
6.669346,
7.53389,
2.01407,
0,
1078.663,
1990, 
10.5705,
63.8496,
20.24006,
8.412292,
21.197,
19.23036,
26.82816,
5.94437,
2.18762,
5.84107,
158.2907,
57.66368,
22.11209,
22.3655,
14.9445,
182.705,
45.9571,
38.3211,
45.42174,
175.9268,
31.93827,
13.45526,
72.6227,
6.327796,
7.83601,
2.23034,
0,
1082.42,
1991, 
8.406684,
60.27212,
20.59494,
7.375795,
22.46015,
20.1785,
29.02796,
6.223289,
2.068484,
5.452389,
153.8522,
41.77913,
23.6083,
21.28392,
13.94246,
65.51226,
38.37441,
43.27482,
50.03647,
205.1379,
35.54351,
12.22636,
76.84591,
5.53657,
8.179326,
2.515532,
0,
979.7095,
1992, 
7.681248,
62.20899,
22.0708,
7.485446,
19.45623,
23.85,
29.13487,
6.566607,
2.179944,
5.1714,
146.4459,
32.77607,
25.72332,
18.93298,
12.26966,
51.9224,
43.28453,
44.98262,
55.54538,
258.535,
38.79516,
12.69939,
75.54371,
5.710024,
8.691056,
2.125136,
0,
1019.788,
1993, 
8.370054,
65.76203,
23.29597,
7.897469,
20.14929,
32.48428,
26.61853,
6.655245,
2.217477,
5.404935,
134.5967,
29.89813,
28.05173,
13.9646,
9.27584,
41.83804,
47.63074,
47.92454,
57.94602,
309.0458,
45.59871,
17.66861,
75.19128,
6.397794,
8.741331,
2.063302,
0,
1074.688,
1994, 
9.398592,
69.21783,
25.52795,
8.539049,
20.38503,
24.88217,
26.80534,
5.661444,
2.175782,
6.205704,
142.064,
32.35333,
26.36169,
10.62884,
6.64774,
31.07636,
49.15179,
53.18032,
62.04102,
354.6357,
51.82996,
22.05847,
78.06365,
6.907706,
8.889302,
1.768292,
0,
1136.457,
1995, 
9.2394,
68.06181,
20.36247,
8.794625,
22.74608,
27.31967,
28.3675,
5.839801,
2.748538,
6.507375,
140.482,
32.79887,
29.67193,
7.30702,
4.93312,
30.29818,
51.12236,
56.88648,
65.42539,
401.2075,
58.12344,
20.70672,
76.9029,
6.58342,
8.741465,
2.160375,
0,
1193.339,
1996, 
9.7902,
71.2656,
20.3708,
7.30622,
27.7492,
26.10831,
32.76104,
9.215296,
2.465144,
6.68824,
135.4697,
33.38586,
31.3984,
5.3382,
3.5629,
23.2798,
41.70511,
67.36,
66.2756,
432.4815,
51.53441,
32.558,
80.136,
6.522816,
9.552428,
2.41544,
0,
1236.696,
1997, 
10.2843,
72.5175,
21.9725,
7.433097,
30.4419,
27.8052,
33.91707,
12.30504,
2.37237,
6.50881,
138.1517,
34.30558,
32.004,
5.82364,
3.7679,
22.41142,
41.42406,
67.52,
68.2752,
435.9614,
63.64173,
36.6268,
77.74741,
6.48036,
9.628759,
2.42451,
0,
1271.752,
1998, 
10.5996,
72.00719,
22.0492,
8.807739,
31.84,
29.58414,
33.33234,
9.942546,
2.750416,
8.227,
153.5825,
34.58004,
33.8452,
6.31728,
3.75314,
21.9063,
36.02168,
71.91,
56.5268,
452.7361,
47.39214,
38.984,
68.6172,
6.43972,
9.485516,
3.001556,
0,
1274.239,
1999, 
10.9998,
76.21291,
23.3142,
10.17578,
31.9579,
29.91196,
35.86628,
9.663874,
2.653725,
7.680699,
152.93,
35.145,
30.3752,
6.5436,
4.37552,
23.944,
36.54928,
76.32,
56.6886,
502.6893,
59.47447,
36.6445,
67.4442,
6.35289,
9.962006,
2.957501,
0,
1346.833,
2000, 
10.962,
77.865,
25.043,
8.62996,
30.968,
30.3044,
38.7086,
9.86506,
2.74684,
7.7314,
157.0873,
34.94712,
31.504,
6.05324,
3.7064,
27.19694,
42.40138,
80.75,
59.312,
511.6762,
56.6764,
45.496,
68.12399,
7.1778,
10.604,
2.60494,
0,
1388.142,
2001, 
11.232,
78.10561,
23.4,
8.618219,
30.81,
29.991,
41.242,
10.67175,
2.70555,
7.7945,
154.5264,
32.18897,
30.59,
6.3804,
4.081002,
29.77356,
44.72034,
83.4,
49.95784,
567.4686,
58.73455,
48.1574,
64.1908,
7.16071,
10.87693,
2.5891,
0,
1439.367,
2002, 
11.3256,
78.3354,
23.87,
9.23846,
29.26,
23.6159,
40.5048,
11.2476,
2.70732,
8.0808,
148.0686,
32.13338,
28.2968,
7.84176,
4.147728,
31.98965,
45.69806,
81.8,
52.79176,
592.6802,
65.47324,
53.4688,
60.0248,
7.2732,
11.1538,
2.23272,
0,
1463.26,
2003, 
12.0132,
80.34361,
24.32,
10.13384,
28.88,
25.1332,
43.1932,
11.15935,
3.44201,
8.466,
158.7164,
34.29903,
30.2562,
9.479031,
5.024822,
34.78955,
46.0348,
80.2,
55.80588,
706.2813,
71.18827,
55.599,
57.3792,
7.6311,
14.68417,
2.83777,
0,
1617.291,
2004, 
12.6054,
83.754,
26.25,
9.987,
25.8,
28.155,
45.1984,
11.17906,
3.71378,
9.84,
161.7881,
36.73331,
32.528,
11.18124,
5.427408,
39.02147,
49.77627,
98.25,
51.30008,
778.3837,
79.78861,
58.3792,
56.0768,
7.6544,
14.88584,
2.8577,
0,
1740.515,
2005, 
12.012,
84.84,
27.75,
10.82694,
27.158,
31.302,
48.1869,
11.28006,
4.29705,
11.745,
161.3011,
38.269,
36.38,
12.93651,
5.56713,
41.38695,
54.495,
100.1,
48.535,
839.3092,
86.24015,
56.61,
57.768,
7.69327,
15.011,
2.86335,
0,
1833.864,
2006, 
11.76,
83.74799,
29.6,
11.33236,
27.158,
33.5072,
50.1633,
13.10337,
4.49307,
10.53,
169.112,
42.48937,
40.8,
14.60997,
6.06852,
46.48995,
57.82959,
119.35,
50.745,
969.7696,
86.581,
56.95,
58.017,
8.6237,
15.44875,
4.0986,
0,
2022.378,
2007, 
12.18,
81.396,
30.118,
11.75268,
34.336,
36.223,
51.7995,
17.81676,
4.72878,
12.393,
178.3474,
46.73361,
41.48,
16.1028,
6.561,
50.83722,
68.6194,
130.9,
53.6605,
1054.269,
90.01075,
65.45,
56.191,
9.11257,
24.0805,
4.28895,
0,
2189.388,
2008, 
11.508,
73.584,
29.674,
12.5171,
34.41,
38.0286,
63.5526,
23.08743,
5.76558,
10.935,
154.2287,
48.46534,
43.69,
16.9452,
7.3224,
45.6192,
70.705,
138.6,
49.402,
1083.829,
93.65981,
69.19,
52.124,
8.91669,
24.92625,
4.4307,
0,
2215.116,
2009, 
9.24,
54.516,
26.048,
10.92388,
38.258,
36.9852,
70.2999,
22.07331,
6.86475,
9.558001,
130.0345,
38.39836,
45.05,
11.9718,
7.06644,
38.01087,
83.4635,
138.6,
48.025,
1267.524,
98.22941,
74.8,
45.484,
8.83784,
28.41125,
5.12649,
0,
2353.801,
2010, 
10.416,
56.44799,
25.53,
11.53216,
43.734,
37.1702,
69.0606,
24.5025,
8.934299,
8.829,
125.1019,
38.47459,
53.295,
12.2229,
7.28028,
42.95025,
86.3549,
169.4,
45.56,
1460.4,
110.494,
70.55,
42.745,
8.597139,
31.90135,
5.54607,
0,
2607.03,
2011, 
10.08,
57.624,
25.53,
10.80104,
46.324,
37.0592,
68.4855,
23.86422,
10.29024,
9.072,
127.0284,
40.44579,
53.89,
13.365,
7.71039,
47.71872,
99.7296,
207.9,
46.495,
1630.341,
113.7538,
80.75,
42.579,
8.34814,
36.8373,
6.21999,
0,
2862.242,
2012, 
10.4706,
62.94456,
26.77616,
13.6086,
51.29902,
40.9035,
80.76591,
27.945,
11.7612,
9.363601,
104.6083,
35.7973,
54.29715,
12.91869,
14.32971,
53.1765,
148.4829,
207.9,
45.3118,
1715.769,
112.6063,
44.6675,
45.43171,
8.22945,
43.16045,
8.58681,
0,
2991.112,
2013, 
9.75324,
65.02859,
25.61288,
13.75512,
51.7815,
43.78062,
76.84794,
32.62923,
13.24593,
9.85608,
102.4246,
34.15104,
60.63645,
13.01184,
15.20532,
57.38769,
151.7606,
215.6,
45.80735,
1871.224,
118.1483,
48.3565,
48.10846,
8.216999,
45.71385,
9.357121,
0,
3187.401,
2014, 
9.978359,
69.82416,
27.08178,
14.55062,
52.72796,
43.95156,
84.98277,
32.93865,
14.73066,
9.77508,
101.5707,
34.81709,
60.55315,
12.59793,
17.2287,
60.04368,
152.504,
215.6,
45.66455,
1932.309,
122.2504,
48.416,
48.06779,
8.62702,
46.5137,
11.28897,
0,
3278.595,
2015, 
10.22028,
71.3496,
29.31362,
14.67198,
48.30942,
44.44588,
83.55717,
34.84539,
16.93872,
10.52352,
102.5686,
35.72415,
60.70615,
11.49714,
18.86733,
54.24003,
149.0051,
200.2,
49.9324,
1828.584,
134.8432,
51.0425,
45.50641,
9.14328,
54.6465,
11.53116,
0,
3182.214,
2016, 
9.82212,
71.52852,
30.02698,
14.40484,
42.59218,
40.91608,
85.80168,
37.9404,
18.32382,
10.53,
103.9854,
36.05987,
64.09255,
11.74581,
19.30797,
48.05001,
140.8278,
215.6,
54.25295,
1866.786,
140.1854,
52.87,
44.20165,
8.98973,
60.1426,
11.76201,
0,
3240.747,
2017, 
10.67304,
72.91116,
30.78474,
14.79334,
39.96296,
41.27498,
100.8879,
36.3771,
18.83412,
10.6677,
104.8455,
39.193,
68.4692,
11.83329,
21.5055,
48.6729,
133.198,
217.91,
54.604,
1804.981,
147.0186,
59.05715,
45.81185,
8.55315,
64.4249,
10.97226,
0,
3218.217,
2018, 
11.38536,
73.07999,
35.76272,
14.21466,
39.62922,
39.22222,
83.187,
42.46101,
18.9135,
11.0808,
106.8244,
41.92958,
61.6624,
12.14433,
22.34628,
48.3165,
136.8699,
238.7,
49.23455,
1732.125,
159.8748,
64.10105,
45.90481,
9.02957,
72.3877,
11.99853,
0,
3182.386,
2019, 
11.76,
74.004,
33.42062,
13.78472,
41.89214,
39.28734,
81.07047,
46.77426,
17.70174,
10.30806,
107.3811,
43.84611,
48.4211,
12.35898,
24.14367,
52.19316,
140.6745,
257.18,
47.79975,
1812.556,
176.4549,
61.234,
44.37346,
9.21715,
75.26155,
13.81617,
0,
3296.915,
2020, 
11.76,
75.432,
35.39642,
12.36614,
45.17848,
34.9391,
73.20375,
51.37668,
20.14227,
8.748,
105.6086,
44.57222,
61.45415,
12.58659,
25.53039,
50.67603,
152.9337,
223.3,
45.2268,
1841.43,
182.025,
53.4055,
42.25115,
8.8976,
74.5314,
14.17824,
0,
3307.15,
2021, 
11.76,
76.692,
38.15366,
13.72848,
48.75416,
42.62252,
82.21419,
56.35332,
22.2264,
10.125,
110.3849,
45.72876,
66.72076,
13.77729,
28.51524,
53.93304,
151.9146,
269.5,
47.4504,
1830.733,
193.3172,
55.3775,
41.56889,
9.0968,
83.18015,
14.29083,
0,
3418.119,
2022, 
12.6,
76.94399,
36.852,
13.88314,
47.02404,
44.62866,
78.31809,
57.0321,
21.1977,
9.72,
108.62,
44.18491,
62.6518,
9.396,
28.71855,
54.89532,
152.1216,
292.6,
48.9702,
1651.019,
200.8482,
54.536,
44.156,
9.28189,
80.35731,
14.58081,
0,
3255.138,
2023, 
12.58652,
77.16844,
37.14637,
14.16171,
47.57107,
44.90646,
80.33607,
59.17007,
19.75628,
9.792399,
105.3699,
42.82838,
62.78647,
9.390163,
29.3549,
55.02251,
154.3992,
303.0112,
46.04269,
1655.431,
202.9674,
54.34435,
43.90541,
9.319287,
81.75706,
15.21034,
0,
3273.736,
2024, 
12.53772,
77.20544,
37.29748,
14.44665,
47.85533,
45.4882,
82.2447,
61.81429,
21.41117,
9.920479,
101.0947,
41.11489,
62.90122,
9.388192,
29.97805,
55.09399,
156.9282,
313.1567,
42.19242,
1659.07,
205.3009,
53.4923,
43.62395,
9.352445,
84.78784,
16.14169,
0,
3293.839,
2025, 
12.43718,
76.97113,
37.50875,
14.7221,
48.3279,
46.00345,
84.26449,
64.66045,
23.86725,
10.04165,
99.14319,
38.70912,
63.11067,
9.440484,
30.61323,
55.14173,
159.4855,
324.8626,
40.28711,
1662.356,
208.1232,
53.67722,
43.36983,
9.396427,
88.34309,
17.16108,
0,
3322.025,
2026, 
12.27927,
76.39962,
37.86224,
14.98824,
48.57903,
46.36851,
85.59965,
67.79008,
26.46669,
10.11203,
98.61343,
37.31927,
62.91505,
9.635504,
30.98316,
54.80449,
161.1687,
335.2882,
40.15168,
1655.054,
209.2851,
54.81688,
42.86823,
9.410704,
92.5559,
18.57427,
0,
3339.89,
2027, 
12.09895,
75.5426,
38.21088,
15.27572,
48.83396,
46.70825,
86.66511,
70.85178,
28.97979,
10.18071,
97.40469,
37.19569,
62.74449,
9.849536,
31.33699,
54.42084,
162.7912,
344.1472,
40.01958,
1647.011,
210.2625,
55.91201,
42.39717,
9.378881,
96.50546,
19.94057,
0,
3354.665,
2028, 
11.90565,
74.56911,
38.55527,
15.53652,
49.09133,
47.02526,
87.60611,
73.80933,
31.41246,
10.25506,
95.81973,
37.06208,
62.57782,
9.676083,
31.67465,
54.06241,
164.3395,
331.6332,
39.88201,
1637.981,
211.108,
56.9795,
41.94984,
9.342215,
100.2312,
21.27231,
0,
3345.358,
2029, 
11.70489,
73.47675,
38.89897,
15.85166,
49.35955,
47.36602,
88.40588,
76.68805,
33.77031,
10.33871,
94.0332,
36.92223,
62.45485,
9.323434,
31.99563,
53.84904,
165.8003,
320.2386,
39.75008,
1627.656,
211.8685,
58.03964,
41.55162,
9.306837,
103.7866,
22.57466,
0,
3335.012,
2030, 
11.49113,
72.28201,
39.24112,
16.16806,
49.63067,
47.74077,
89.1345,
79.52728,
36.05836,
10.43474,
92.40446,
36.77514,
62.31054,
8.968675,
32.29908,
53.91976,
167.15,
312.5543,
39.60113,
1615.677,
212.4699,
59.11103,
41.1752,
9.283529,
107.196,
23.85176,
0,
3326.456,
2031, 
11.2788,
71.06876,
39.59009,
16.54185,
50.02373,
48.1888,
89.93221,
84.20789,
39.07778,
10.5979,
92.73494,
36.98357,
62.19446,
8.641201,
32.57341,
53.77474,
168.2685,
319.0291,
39.41455,
1599.832,
212.9001,
60.17061,
40.87463,
9.27347,
111.2022,
25.60571,
0,
3333.981,
2032, 
11.05903,
70.02901,
39.9333,
16.95238,
50.42511,
48.6582,
90.59409,
88.76336,
41.99819,
10.7862,
93.1725,
36.6725,
62.06917,
8.352256,
32.80127,
52.02082,
169.1084,
325.2284,
39.21924,
1581.628,
213.1643,
61.28005,
40.6137,
9.272531,
115.0525,
27.30861,
0,
3336.164,
2033, 
10.84824,
69.11955,
40.27037,
17.34143,
50.84502,
49.13615,
91.02321,
93.18742,
44.84,
10.99265,
93.73457,
36.2485,
61.93377,
8.118634,
32.98393,
50.40834,
169.6198,
331.2251,
39.01929,
1560.741,
213.2597,
62.45845,
40.39711,
9.283731,
118.7934,
28.97263,
0,
3334.802,
2034, 
10.63663,
68.10117,
40.64812,
17.75881,
51.2973,
49.63693,
91.22086,
97.52735,
47.61971,
11.22042,
94.41872,
36.06458,
61.75778,
7.975753,
33.12982,
48.91741,
169.7819,
337.0749,
38.81278,
1536.919,
213.1514,
63.72118,
40.21312,
9.298913,
122.4565,
30.6102,
0,
3329.971,
2035, 
10.43116,
66.87359,
41.00854,
18.20825,
51.78723,
50.21455,
91.2405,
101.8245,
50.34505,
11.47351,
95.23153,
35.87593,
61.53561,
7.946312,
33.28786,
47.52192,
169.6224,
342.8242,
38.61847,
1510.015,
212.8339,
64.97462,
40.06094,
9.307158,
126.0718,
32.2317,
0,
3321.366,
2036, 
10.57699,
66.3206,
41.36295,
18.70797,
52.36363,
50.90658,
91.19498,
107.1109,
53.67103,
11.78458,
96.23985,
35.67879,
61.28938,
8.014153,
33.46012,
46.22301,
169.0277,
348.4862,
38.45219,
1478.528,
212.1259,
65.99088,
39.96745,
9.323549,
130.1341,
34.19628,
0,
3311.138,
2037, 
10.72297,
67.42485,
41.72222,
19.24153,
52.98996,
51.70544,
90.88695,
112.3554,
56.91644,
12.11775,
97.39192,
35.47939,
61.02251,
8.170258,
33.68663,
44.98434,
168.0564,
354.0528,
38.26291,
1444.088,
211.2531,
66.89784,
39.91631,
9.365207,
134.1279,
36.14422,
0,
3298.983,
2038, 
10.87026,
68.62547,
41.98068,
19.80926,
53.66496,
52.61169,
90.3984,
117.5803,
60.10435,
12.47176,
98.65363,
35.27551,
60.68736,
8.07658,
33.93336,
43.78786,
166.799,
359.543,
37.92161,
1406.731,
210.1705,
67.77622,
39.87932,
9.414528,
138.0582,
38.07676,
0,
3282.902,
2039, 
11.02631,
69.91417,
42.09449,
20.40902,
54.37874,
53.61074,
89.85358,
122.7236,
63.25099,
12.84504,
100.0262,
35.06844,
60.30949,
8.004122,
34.03043,
43.4058,
165.3287,
364.9709,
37.55352,
1367.263,
208.9183,
68.76403,
39.86404,
9.460769,
141.9406,
39.9918,
0,
3265.007,
2040, 
11.19191,
71.27213,
42.09483,
21.03555,
55.1363,
54.68954,
89.23161,
127.7688,
66.35979,
13.23505,
101.5045,
34.85925,
59.91024,
8.131359,
34.10798,
43.31182,
163.6918,
370.3418,
37.16786,
1325.563,
207.5334,
69.91149,
39.87464,
9.509892,
145.7829,
41.89228,
0,
3245.109,
2041, 
11.3756,
72.65687,
41.98199,
21.68724,
55.9242,
55.80812,
88.5493,
133.8254,
70.1329,
13.65242,
103.1394,
34.65005,
59.53897,
8.25179,
34.15452,
43.25037,
161.7894,
375.47,
36.76797,
1280.902,
205.9302,
71.15821,
39.95316,
9.558196,
150.004,
44.16828,
0,
3224.281,
2042, 
11.56331,
74.07643,
41.86555,
22.35455,
56.72161,
56.98223,
87.80769,
139.7359,
73.79935,
14.07508,
104.8316,
34.43893,
59.13797,
8.372418,
34.18612,
43.20247,
159.7081,
380.4845,
36.35174,
1234.298,
204.2196,
72.56268,
40.03671,
9.599813,
154.1062,
46.41016,
0,
3200.929,
2043, 
11.74953,
75.5323,
41.79158,
23.03435,
57.52971,
58.23452,
87.02955,
145.5805,
77.37836,
14.49901,
106.5428,
34.22457,
58.68028,
8.492268,
34.20509,
43.16399,
157.4379,
385.377,
35.91166,
1185.568,
202.3871,
74.10607,
40.10344,
9.641577,
158.0805,
48.6206,
0,
3174.902,
2044, 
11.93276,
77.043,
41.78707,
23.72055,
58.33486,
59.563,
86.20583,
151.346,
80.87383,
14.92051,
108.2537,
34.00722,
58.17301,
8.610361,
34.21312,
43.1309,
154.9933,
390.1387,
35.45229,
1135.263,
200.4559,
75.76314,
40.14922,
9.695509,
161.9232,
50.79948,
0,
3146.75,
2045, 
12.11156,
78.60727,
41.85946,
24.40823,
59.12962,
60.97099,
85.36126,
157.0112,
84.29225,
15.33597,
109.9462,
33.7872,
57.62312,
8.725784,
34.2122,
43.09806,
152.4092,
394.76,
34.97798,
1084.907,
198.4483,
77.51357,
40.17038,
9.76712,
165.6294,
52.94365,
0,
3118.007,
2046, 
12.29482,
80.18334,
41.9868,
25.08546,
59.88946,
62.42738,
84.49675,
163.7094,
88.29297,
15.73911,
111.6551,
33.57401,
57.06459,
8.835392,
34.17927,
43.07148,
149.5646,
398.9576,
34.50266,
1033.815,
196.2962,
79.2502,
40.21058,
9.849495,
169.515,
55.41611,
0,
3089.863,
2047, 
12.46995,
81.77289,
42.19836,
25.75,
60.61975,
63.95556,
83.6884,
170.2129,
92.14085,
16.12671,
113.308,
33.35838,
56.34692,
8.940655,
34.14108,
43.04117,
146.6473,
402.96,
34.01684,
984.0501,
194.1003,
81.03202,
40.21517,
9.933548,
173.1966,
57.80551,
0,
3062.029,
2048, 
12.69051,
83.23166,
42.50903,
26.38337,
61.2634,
65.26384,
82.76845,
176.3386,
95.77298,
16.50203,
115.1516,
33.1632,
56.30154,
9.005884,
34.09779,
42.99035,
143.728,
406.7952,
33.70335,
935.6625,
192.4857,
82.8513,
40.45831,
9.968365,
176.8201,
60.08391,
0,
3035.991,
2049, 
12.9003,
84.67893,
42.87946,
26.99606,
61.87109,
66.16977,
81.83932,
182.3392,
99.25733,
16.85764,
116.9118,
32.96569,
56.24966,
9.065691,
34.0522,
42.93542,
140.7995,
410.4272,
33.36424,
888.8082,
190.8425,
84.67073,
40.65643,
10.0132,
180.2399,
62.29305,
0,
3010.085,
2050, 
13.10128,
86.11123,
43.29558,
27.58562,
62.44183,
67.03979,
81.41438,
188.2159,
102.6074,
17.19236,
118.5924,
32.76711,
56.1046,
9.119717,
34.00548,
43.38444,
137.8771,
413.8564,
32.99281,
843.3533,
189.2073,
86.47023,
40.82028,
10.0617,
183.4642,
64.43458,
0,
2985.517,
2051, 
13.29963,
87.48637,
43.72868,
28.13961,
62.95321,
67.8477,
81.56409,
195.7499,
106.814,
17.56493,
120.1929,
32.5715,
56.22581,
9.167188,
34.0525,
42.85209,
135.8973,
416.8903,
32.60889,
797.8032,
188.5429,
88.1434,
41.16212,
10.15885,
187.7954,
67.08836,
0,
2966.301,
2052, 
13.4854,
88.83265,
44.18795,
28.66687,
63.43116,
68.63129,
81.70702,
203.0989,
110.8643,
17.91533,
121.6878,
32.37403,
56.30985,
9.208317,
34.1005,
42.73389,
134.894,
419.6968,
32.12024,
753.5964,
187.8644,
89.44183,
41.42406,
10.26414,
191.9351,
69.65101,
0,
2948.123,
2053, 
13.66133,
90.12619,
44.66539,
29.16565,
63.86483,
69.37559,
81.84708,
210.2378,
114.7578,
18.24359,
123.0883,
32.17604,
56.38427,
9.243073,
34.14988,
42.65685,
133.9479,
422.2833,
31.62705,
711.6853,
187.206,
90.66135,
41.64583,
10.37143,
195.8969,
72.12715,
0,
2931.096,
2054, 
13.82863,
91.34776,
45.15314,
29.63455,
64.25444,
70.07276,
81.9874,
217.17,
118.5052,
18.54982,
124.3991,
31.97813,
56.46188,
9.271507,
34.20112,
42.57522,
133.0643,
424.6572,
31.17334,
672.0375,
186.5844,
91.80108,
41.82674,
10.47395,
199.6904,
74.5202,
0,
2915.22,
2055, 
13.98724,
92.49617,
45.63683,
30.07372,
64.60094,
70.72307,
82.13039,
223.9069,
122.116,
18.83429,
125.6198,
31.78034,
56.54325,
9.293737,
34.25459,
42.48913,
132.246,
426.8257,
30.75378,
634.8626,
186.0016,
92.861,
41.98188,
10.57184,
203.3222,
76.83471,
0,
2900.748,
2056, 
14.14208,
93.56401,
46.08288,
30.46941,
64.86816,
71.28528,
82.23143,
231.3717,
126.0782,
19.0879,
126.7432,
31.58126,
56.64108,
9.311842,
34.27533,
42.395,
131.3513,
428.5683,
30.35299,
599.7131,
185.3795,
93.7757,
42.13523,
10.66109,
206.9201,
79.36349,
0,
2888.35,
2057, 
14.28768,
94.55913,
46.51862,
30.83463,
65.09274,
71.80016,
82.33401,
238.5653,
129.8598,
19.31929,
127.7747,
31.3821,
56.738,
9.323967,
34.29813,
42.29603,
130.5263,
430.1059,
30.00433,
567.5096,
184.7917,
94.61086,
42.2504,
10.7398,
210.3343,
81.78592,
0,
2877.643,
2058, 
14.4248,
95.48306,
46.94317,
31.1705,
65.27665,
72.26936,
82.43962,
245.5094,
133.4762,
19.52945,
128.7195,
31.1831,
56.83871,
9.407956,
34.32307,
42.19243,
129.7704,
431.4498,
29.73958,
542.8215,
184.2431,
95.36914,
42.32419,
10.80315,
213.5772,
84.11044,
0,
2873.396,
2059, 
14.55327,
96.33792,
47.35438,
31.47828,
65.42201,
72.69477,
82.54938,
252.2232,
136.9406,
19.71932,
129.5785,
30.98409,
56.93924,
9.471307,
34.35022,
42.08443,
129.0818,
432.6103,
29.56771,
521.7252,
183.7281,
96.05344,
42.34629,
10.85077,
216.6584,
86.34455,
0,
2871.647,
2060, 
14.67406,
97.12634,
47.63475,
31.75931,
65.53098,
73.07841,
82.66396,
258.7235,
140.2649,
19.89001,
130.3585,
30.78535,
57.04502,
9.513105,
34.37954,
41.97225,
128.4586,
433.5983,
29.49069,
502.0817,
183.2515,
96.66724,
42.3468,
10.96801,
219.5892,
88.49493,
0,
2870.347,
2061, 
14.83693,
98.15729,
47.8468,
32.10567,
65.77546,
73.61719,
82.98188,
266.6313,
144.286,
20.09574,
131.4678,
30.67978,
57.34117,
9.560146,
34.49596,
41.97827,
128.1568,
435.4841,
29.62588,
485.1758,
183.3227,
97.45543,
43.17621,
11.06275,
223.1219,
91.07911,
0,
2879.518,
2062, 
14.99258,
99.1339,
48.04972,
32.4288,
65.98764,
74.11995,
83.30444,
274.3118,
148.1545,
20.28465,
132.5066,
30.57338,
57.63409,
9.57443,
34.61446,
41.98028,
127.9146,
437.219,
29.88136,
469.4539,
183.418,
98.18365,
43.3843,
11.15392,
226.5128,
93.57292,
0,
2888.346,
2063, 
15.14144,
100.0589,
48.24399,
32.73009,
66.16956,
74.58878,
83.63206,
281.7875,
151.8855,
20.45779,
133.4788,
30.46617,
57.92429,
9.552434,
34.735,
41.97848,
127.7292,
438.8123,
29.76346,
454.8362,
183.5363,
98.85297,
43.57077,
11.2418,
229.773,
95.9851,
0,
2896.932,
2064, 
15.28393,
100.9351,
48.43013,
33.01091,
66.32317,
75.02573,
83.96499,
289.0781,
155.4919,
20.61617,
134.3886,
30.35821,
58.21214,
9.491099,
34.84407,
41.97305,
127.5974,
440.2733,
29.57528,
441.2445,
183.6766,
99.37711,
43.73711,
11.32658,
232.9128,
98.32336,
0,
2905.471,
2065, 
15.42046,
101.7655,
48.60865,
33.27256,
66.45042,
75.43277,
84.3033,
296.2009,
158.9853,
20.76079,
135.2401,
30.24953,
58.49804,
9.391257,
34.90619,
41.9642,
127.5163,
441.6108,
29.37642,
428.6022,
183.8376,
99.763,
43.88484,
11.40827,
235.9415,
100.5944,
0,
2913.985,
2066, 
15.55422,
102.5438,
48.75436,
33.50082,
66.51305,
75.77094,
84.58084,
303.7382,
162.6153,
20.88006,
136.0539,
30.13694,
58.79521,
9.393515,
34.90503,
41.94709,
127.344,
442.4908,
29.17833,
416.8876,
183.9591,
99.96156,
44.0212,
11.48149,
238.8074,
102.951,
0,
2922.766,
2067, 
15.68241,
103.2819,
48.89296,
33.71153,
66.55199,
76.08179,
84.86185,
311.0597,
166.1064,
20.98677,
136.8153,
30.02357,
59.08777,
9.392503,
34.86078,
41.92672,
127.2167,
443.2582,
28.96068,
405.9777,
184.0948,
100.0429,
44.13987,
11.55191,
241.558,
105.2237,
0,
2931.348,
2068, 
15.80545,
103.9824,
49.02491,
33.90598,
66.56896,
76.36719,
85.1463,
318.1877,
169.4726,
21.08186,
137.5283,
29.90948,
59.37642,
9.388442,
34.79036,
41.90326,
127.1311,
443.9209,
28.71999,
395.806,
184.2441,
100.0131,
44.24241,
11.61978,
244.2032,
107.421,
0,
2939.761,
2069, 
15.92377,
104.6483,
49.15068,
34.08535,
66.56559,
76.62898,
85.43411,
325.1412,
172.7258,
21.16621,
138.1967,
29.7947,
59.63832,
9.381548,
34.69229,
41.87689,
127.0844,
444.4861,
28.45485,
386.3098,
184.4058,
99.87727,
44.33021,
11.68514,
246.7517,
109.5504,
0,
2947.986,
2070, 
16.03753,
105.2818,
49.27057,
34.25076,
66.5434,
76.86885,
85.72514,
331.9375,
175.8768,
21.24063,
138.8228,
29.6792,
59.84405,
9.372016,
34.56503,
41.84776,
127.0733,
444.9605,
28.16363,
377.4304,
184.5772,
99.63925,
44.38715,
11.71783,
249.2112,
111.6182,
0,
2955.943,
2071, 
16.14462,
105.8573,
49.3581,
34.38686,
66.46706,
77.04374,
85.97417,
338.99,
179.0642,
21.29452,
139.426,
29.56437,
59.9814,
9.361497,
34.3968,
41.81517,
126.9776,
444.9823,
27.88845,
369.2182,
184.6777,
99.24982,
44.3623,
11.69702,
251.478,
113.7235,
0,
2963.381,
2072, 
16.24707,
106.405,
49.44016,
34.51041,
66.37408,
77.19904,
86.22471,
345.8454,
182.1276,
21.33953,
139.9901,
29.44861,
60.0568,
9.348736,
34.20354,
41.78007,
126.9121,
449.2435,
27.84198,
361.5162,
184.7789,
98.7655,
44.27575,
11.61292,
253.6525,
115.7539,
0,
2974.894,
2073, 
16.3453,
106.9272,
49.51711,
34.6224,
66.26574,
77.33625,
86.47667,
352.5242,
185.0796,
21.37636,
140.5183,
29.33202,
60.07934,
9.333893,
33.98819,
41.74261,
126.8743,
452.4062,
27.79414,
354.2777,
184.8809,
98.19039,
44.14626,
11.47272,
255.7426,
117.7171,
0,
2984.968,
2074, 
16.43965,
107.4259,
49.58932,
34.72372,
66.14325,
77.45668,
86.72994,
359.0443,
187.9309,
21.40569,
141.0136,
29.21464,
60.0553,
9.31712,
33.75337,
41.70288,
126.8618,
455.0704,
27.74498,
347.4597,
184.9832,
97.52925,
43.98567,
11.27712,
257.7556,
119.6197,
0,
2994.234,
2075, 
16.53046,
107.9031,
49.65712,
34.81524,
66.00771,
77.56165,
86.98441,
365.4207,
190.6911,
21.35635,
141.4789,
29.09651,
59.99419,
9.298556,
33.49844,
41.66103,
126.8725,
457.2059,
27.69464,
341.0225,
185.0858,
96.78809,
43.80266,
11.03353,
259.6981,
121.4677,
0,
3002.627,
2076, 
16.61134,
108.3037,
49.69642,
34.8796,
65.82579,
77.60623,
87.202,
371.8806,
193.4132,
21.21408,
141.9126,
28.98489,
59.89375,
9.280289,
33.21351,
41.61802,
126.8117,
458.5938,
27.65244,
334.9652,
185.115,
95.9126,
43.62357,
10.74505,
261.4147,
123.2859,
0,
3009.656,
2077, 
16.69016,
108.686,
49.72289,
34.93523,
65.63255,
77.63717,
87.41959,
378.1648,
196.0302,
21.01085,
142.3256,
28.87304,
59.77122,
9.260494,
32.91349,
41.57306,
126.7707,
459.6973,
27.58129,
329.2197,
185.1528,
94.9587,
43.44537,
10.60909,
263.0635,
125.0392,
0,
3016.184,
2078, 
16.76729,
109.0515,
49.69221,
34.98285,
65.42885,
77.6555,
87.63709,
384.2913,
198.5522,
20.76955,
142.7207,
28.76105,
59.63275,
9.23929,
32.59544,
41.52623,
126.7479,
460.1533,
27.48646,
323.7558,
185.2003,
93.92474,
43.2647,
10.64092,
264.6509,
126.7341,
0,
3021.863,
2079, 
16.84182,
109.4015,
49.60554,
35.02309,
65.21548,
77.66219,
87.85448,
390.2757,
200.9881,
20.50879,
143.0942,
28.64849,
59.47007,
9.216768,
32.26226,
41.47765,
126.7408,
459.5127,
27.36558,
318.5458,
185.2461,
92.80253,
43.0776,
10.67188,
266.1796,
128.3763,
0,
3026.065,
2080, 
16.91399,
109.7374,
49.466,
35.05652,
64.99321,
77.6581,
88.07164,
396.1316,
203.3459,
20.24226,
143.4482,
28.53537,
59.28247,
9.193027,
32.03519,
41.42738,
126.7479,
458.4875,
27.22138,
313.5647,
185.2901,
91.59172,
42.8942,
10.70211,
267.6545,
129.9709,
0,
3029.663,
2081, 
16.97425,
109.9909,
49.25815,
35.06738,
64.74666,
77.60605,
88.24919,
401.9329,
205.6268,
19.96467,
143.7529,
28.43247,
59.06246,
9.17039,
32.09748,
41.37894,
126.6999,
456.0835,
27.07511,
308.8414,
185.2537,
90.24981,
42.74272,
10.72422,
268.9248,
131.4866,
0,
3031.393,
2082, 
17.03217,
110.2324,
49.00748,
35.07222,
64.49245,
77.54454,
88.4257,
407.5793,
207.8203,
19.67546,
144.0396,
28.32896,
59.05557,
9.146689,
32.15899,
41.3289,
126.6632,
452.6246,
26.92579,
304.3036,
185.2119,
90.033,
42.61855,
10.74575,
270.142,
132.9467,
0,
3033.156,
2083, 
17.08796,
110.463,
48.7127,
35.07151,
64.23112,
77.47425,
88.60117,
413.0861,
209.9347,
19.36939,
144.3099,
28.2249,
59.25863,
9.121999,
32.21974,
41.27732,
126.6367,
448.7813,
26.81401,
299.9326,
185.1649,
89.90662,
42.52725,
10.76675,
271.3105,
134.3567,
0,
3034.642,
2084, 
17.14181,
110.6836,
48.38103,
35.06568,
63.96322,
77.39585,
88.77559,
418.4668,
211.9771,
19.04972,
144.5652,
28.12031,
59.45516,
9.096386,
32.27974,
41.22428,
126.6194,
444.8706,
26.79666,
295.7115,
185.113,
89.77,
42.45599,
10.78725,
272.4341,
135.7213,
0,
3035.921,
2085, 
17.19389,
110.8952,
48.01904,
35.05513,
63.68922,
77.30992,
88.94894,
423.7332,
213.954,
18.70283,
144.807,
28.01523,
59.64574,
9.069913,
32.33897,
41.16985,
126.6102,
440.7835,
26.90408,
291.6249,
185.0564,
89.62392,
42.38986,
10.80729,
273.5165,
137.0448,
0,
3036.909,
2086, 
17.23319,
111.035,
47.61594,
35.02699,
62.98781,
77.18707,
89.08572,
428.8292,
215.8371,
18.64295,
144.987,
27.92106,
59.81247,
9.044931,
32.38784,
41.11668,
126.5582,
436.8763,
27.16745,
287.8233,
184.9282,
89.42567,
42.33311,
10.81924,
274.4382,
138.2708,
0,
3037.392,
2087, 
17.27023,
111.1672,
47.19199,
34.99463,
61.86839,
77.05759,
89.22086,
433.789,
217.6482,
18.59778,
145.152,
27.82615,
59.96764,
9.019178,
32.43568,
41.0621,
126.5122,
433.1026,
27.19426,
284.1294,
184.788,
89.21922,
42.27651,
10.8308,
275.3181,
139.4499,
0,
3037.09,
2088, 
17.30529,
111.2924,
46.74982,
34.95837,
60.41996,
76.92194,
89.35439,
438.6258,
219.394,
18.55023,
145.3036,
27.73059,
60.11282,
8.992702,
32.48254,
41.00617,
126.4714,
429.8193,
27.1398,
280.5321,
184.6373,
89.0052,
42.21818,
10.84199,
276.1599,
140.5863,
0,
3036.612,
2089, 
17.33854,
111.4112,
46.29183,
34.91851,
58.66703,
76.78053,
89.48636,
443.351,
221.0799,
18.50048,
145.4431,
27.6344,
60.24885,
8.965553,
32.52845,
40.94897,
126.4352,
428.2678,
27.08236,
277.0214,
184.4767,
88.7842,
42.15602,
10.85285,
276.9662,
141.6841,
0,
3037.322,
2090, 
17.3701,
111.5242,
45.81998,
34.87532,
56.66364,
76.58133,
89.61679,
447.9749,
222.7111,
18.4487,
145.5712,
27.53764,
60.37623,
8.937769,
32.57344,
40.89054,
126.4031,
426.9896,
27.02209,
273.5881,
184.3066,
88.55677,
42.08901,
10.8634,
277.7401,
142.7466,
0,
3037.778,
2091, 
17.39044,
111.5869,
45.32456,
34.81984,
54.47102,
76.25214,
89.6959,
452.3176,
224.2242,
18.39068,
145.6375,
27.44994,
60.47776,
8.91038,
32.60883,
40.82801,
126.3258,
426.8721,
26.9552,
270.4298,
184.0773,
88.28403,
42.01321,
10.86734,
278.3732,
143.7203,
0,
3038.304,
2092, 
17.41143,
111.6447,
44.81742,
34.76137,
54.11315,
75.81873,
89.77304,
456.5413,
225.6778,
18.33106,
145.7043,
27.36259,
60.58977,
8.882413,
32.64311,
40.76423,
126.2526,
427.059,
26.89221,
267.3331,
183.8594,
88.00637,
41.94194,
10.87101,
278.9796,
144.6552,
0,
3040.687,
2093, 
17.43118,
111.6981,
44.29708,
34.70011,
53.8413,
75.28432,
89.84829,
460.6569,
227.0771,
18.26979,
145.7626,
27.27479,
60.69549,
8.853902,
32.67633,
40.69927,
126.182,
426.6132,
26.82711,
264.2917,
183.6338,
87.72363,
41.86325,
10.87444,
279.5569,
145.5548,
0,
3042.187,
2094, 
17.44967,
111.7474,
44.20985,
34.63626,
53.56666,
74.65283,
89.92171,
464.6741,
228.4263,
18.20697,
145.8129,
27.18652,
60.79458,
8.824879,
32.70854,
40.63316,
126.1135,
425.2414,
26.75977,
261.2995,
183.4,
87.43615,
41.77524,
10.87764,
280.107,
146.4222,
0,
3042.885,
2095, 
17.46703,
111.7929,
44.16402,
34.57001,
53.28942,
73.92872,
89.99339,
468.6017,
229.7298,
18.14273,
145.8556,
27.09782,
60.88755,
8.795371,
32.73976,
40.56596,
126.0468,
423.8679,
26.69032,
258.3514,
183.1585,
87.14428,
41.67642,
10.88062,
280.6319,
147.2601,
0,
3043.33,
2096, 
17.47538,
111.7985,
44.1035,
34.49736,
53.02025,
73.10492,
90.00799,
472.1823,
230.9067,
18.07324,
145.8348,
27.01263,
60.95473,
8.763893,
32.75672,
40.4837,
125.9259,
422.3553,
26.62008,
255.5553,
182.8709,
86.81853,
41.55944,
10.87864,
281.0487,
148.009,
0,
3042.618,
2097, 
17.48258,
111.8009,
44.0419,
34.42254,
52.74883,
72.19839,
90.02055,
475.6595,
232.0341,
18.00248,
145.8069,
26.927,
61.01508,
8.731968,
32.77258,
40.40036,
125.8059,
420.4588,
26.54745,
252.7945,
182.5745,
86.48901,
41.43571,
10.87646,
281.4406,
148.7263,
0,
3041.215,
2098, 
17.48872,
111.8005,
43.97932,
34.34569,
52.47532,
71.21432,
90.03119,
479.0428,
233.1162,
17.93051,
145.7725,
26.84093,
61.06916,
8.69962,
32.78739,
40.31598,
125.6867,
418.0898,
26.47263,
250.065,
182.2698,
86.15598,
41.30699,
10.87411,
281.8094,
149.4148,
0,
3039.055,
2099, 
17.49389,
111.7975,
43.91578,
34.26693,
52.19981,
70.15942,
90.03997,
482.3402,
234.1565,
17.85744,
145.732,
26.75446,
61.11749,
8.66687,
32.80119,
40.23061,
125.5681,
414.9924,
26.39577,
247.3635,
181.9573,
85.81966,
41.17479,
10.87161,
282.1567,
150.0768,
0,
3035.907,
2100, 
17.49862,
111.792,
43.85151,
34.18641,
51.92243,
69.04105,
90.04697,
485.5589,
235.1583,
17.78338,
145.6882,
26.66778,
61.1643,
8.708964,
32.81403,
40.14426,
125.4501,
411.9144,
26.31838,
244.6869,
181.6416,
85.48038,
41.04051,
10.86896,
282.485,
150.7144,
0,
3032.628];
