real main.em.ep.isp.StorCapTot[28](t) = [1971, 
565.3951,
2971.177,
36.59446,
18.78491,
56.40872,
70.02373,
51.0629,
35.66208,
10.54651,
188.871,
3517.749,
687.3421,
37.0469,
554.5444,
110.129,
1602.093,
123.6846,
163.0802,
43.73034,
188.3745,
28.22136,
2.395723,
680.6717,
110.138,
12.19796,
21.96154,
0,
11887.89,
1972, 
645.0688,
2972.251,
41.50166,
20.93335,
61.65432,
74.44071,
51.74794,
38.52648,
11.36498,
205.0731,
3674.055,
750.1613,
42.81575,
588.204,
113.1394,
1694.571,
139.7652,
170.4212,
47.06676,
206.8299,
32.03099,
2.769474,
727.324,
108.7564,
12.24841,
31.47324,
0,
12464.2,
1973, 
714.8793,
3245.513,
45.12904,
23.28802,
71.45206,
83.26349,
53.03821,
42.90488,
11.52977,
218.1331,
3939.446,
782.0964,
43.30835,
621.4759,
121.2569,
1793.058,
167.1888,
176.5149,
53.2648,
226.2013,
37.82164,
3.402417,
787.5419,
123.9528,
14.23783,
40.05232,
0,
13439.95,
1974, 
739.617,
3270.951,
57.15521,
24.33031,
79.61558,
91.07374,
56.71687,
43.03696,
11.14541,
233.6268,
4032.854,
831.0829,
49.11044,
657.2949,
130.0857,
1902.559,
187.3344,
185.1357,
58.54875,
234.188,
40.2456,
4.525674,
777.5819,
133.089,
16.01767,
50.52871,
0,
13897.45,
1975, 
720.2589,
3368.073,
60.57813,
24.18282,
85.77982,
95.43021,
64.4827,
48.2693,
11.62118,
251.1357,
4018.075,
869.3321,
58.93646,
594.8967,
115.7397,
1762.141,
217.4598,
205.5515,
65.4682,
277.4308,
41.93651,
5.138043,
794.8664,
138.1078,
17.97915,
53.18409,
0,
13966.05,
1976, 
770.7585,
3597.496,
64.31172,
27.33724,
98.87386,
102.9806,
73.92673,
50.18605,
13.48294,
263.2117,
4319.737,
923.6973,
66.99989,
621.9884,
122.5412,
1876.704,
256.201,
231.0237,
71.5622,
308.1051,
47.25456,
4.771325,
850.1547,
144.0277,
18.92257,
57.06338,
0,
14983.32,
1977, 
826.8419,
3718.35,
69.53701,
29.61992,
109.0772,
112.7576,
84.54616,
54.89835,
14.17457,
263.3046,
4415.533,
962.5632,
75.08624,
638.9871,
126.6182,
1939.022,
324.3994,
246.0635,
78.31963,
336.4687,
52.46445,
5.963777,
885.7704,
151.5514,
20.37514,
62.08248,
0,
15604.38,
1978, 
887.1095,
3820.333,
76.83775,
31.27173,
120.7774,
118.3019,
95.17813,
53.05415,
14.90031,
274.8502,
4579.079,
1012.027,
80.07489,
659.3105,
130.9119,
2028.404,
366.1562,
270.5943,
86.85789,
383.7948,
54.30834,
8.353292,
926.9186,
156.1586,
22.89318,
60.27376,
0,
16318.73,
1979, 
929.9561,
3896.712,
82.37904,
32.64642,
135.358,
131.8992,
106.4358,
61.22648,
15.30302,
288.976,
4774.364,
1019.171,
81.69547,
675.0175,
179.9742,
2074.964,
423.5017,
274.5066,
94.15851,
419.597,
59.07878,
10.06762,
976.8931,
163.4906,
25.64357,
64.93901,
0,
16997.96,
1980, 
956.4402,
3946.016,
86.42722,
32.94046,
155.4016,
141.1133,
119.0098,
68.52973,
15.48823,
313.172,
4806.871,
1064.865,
84.12477,
706.5472,
196.9572,
2234.769,
469.0094,
286.5503,
98.315,
409.9122,
63.06999,
12.67362,
964.7715,
171.4248,
26.90315,
59.81721,
0,
17491.12,
1981, 
1005.637,
3978.002,
94.37601,
34.07541,
149.492,
146.69,
135.1373,
67.0408,
16.38091,
357.5352,
4854.483,
1072.632,
88.14577,
724.8632,
202.0441,
2363.665,
556.1653,
314.4442,
105.4366,
414.0789,
67.10028,
12.48822,
974.1905,
182.5041,
28.78546,
56.7425,
0,
18002.14,
1982, 
987.376,
3880.227,
98.61839,
35.28508,
156.7401,
148.8005,
147.991,
74.62556,
17.73838,
375.8822,
4845.106,
1087.203,
96.12112,
740.2025,
209.2758,
2456.043,
659.3551,
335.5448,
111.1757,
441.7137,
71.90475,
15.20368,
963.9808,
185.5105,
30.88327,
56.67995,
0,
18229.19,
1983, 
1031.83,
3968.32,
97.85429,
37.5138,
162.2103,
155.9186,
163.2696,
69.42336,
18.88283,
382.619,
4959.603,
1135.895,
100.4429,
761.1735,
215.9352,
2584.444,
675.0315,
359.1056,
121.1525,
477.7701,
78.5919,
17.83733,
1017.419,
190.078,
34.33382,
55.48276,
0,
18872.14,
1984, 
1112.393,
4149.27,
106.0196,
38.59479,
181.4973,
160.5045,
180.2275,
64.49086,
18.9106,
423.2296,
5139.854,
1186.7,
113.4429,
791.0198,
225.1805,
2748.781,
727.5205,
397.1652,
130.4102,
501.5547,
84.75967,
20.98384,
1070.48,
203.0791,
38.73755,
54.68986,
0,
19869.5,
1985, 
1179.844,
4229.867,
92.49298,
38.04953,
196.5876,
163.4583,
193.5775,
78.16956,
20.26884,
437.8281,
5329.465,
1188.373,
123.879,
811.0883,
232.8396,
2853.367,
780.383,
435.9338,
140.4291,
536.3925,
89.5683,
21.78811,
1111.734,
217.9633,
41.83034,
56.73882,
0,
20601.92,
1986, 
1207.466,
4229.596,
104.1319,
40.66994,
207.8828,
185.0568,
191.1551,
81.832,
21.51592,
449.9014,
5414.228,
1243.174,
142.0448,
829.8746,
236.665,
2981.992,
850.5416,
476.1943,
151.5424,
589.0726,
92.69865,
30.70433,
1127.34,
225.1551,
46.27349,
58.02217,
0,
21214.73,
1987, 
1287.349,
4307.618,
112.7816,
43.03091,
210.6767,
199.0565,
204.4473,
85.30701,
23.22885,
460.7013,
5591.132,
1267.558,
159.0036,
861.4124,
238.3871,
3101.597,
869.8831,
516.6118,
168.4136,
650.562,
99.93705,
35.58554,
1201.88,
237.4182,
51.22211,
56.5811,
0,
22041.38,
1988, 
1317.601,
4485.579,
114.9625,
43.28976,
218.6537,
224.9429,
222.852,
89.60383,
24.72737,
478.1117,
5834.878,
1260.161,
166.8399,
888.7118,
242.7628,
3178.833,
1000.788,
568.7579,
190.5082,
711.4704,
109.4265,
37.5863,
1269.82,
248.0658,
58.79736,
62.58776,
0,
23050.32,
1989, 
1289.861,
4893.242,
122.4743,
46.22724,
232.5839,
214.7705,
233.31,
93.53584,
26.15741,
488.7106,
6019.259,
1276.096,
179.9109,
905.0895,
244.2434,
3414.739,
1020.843,
621.5173,
207.7759,
764.8553,
120.0925,
41.58054,
1349.992,
266.1709,
61.33345,
60.03858,
0,
24194.41,
1990, 
1248.924,
4996.506,
126.6274,
46.67553,
222.7928,
231.7821,
241.5106,
95.24791,
30.09782,
496.6506,
6149.772,
1207.735,
198.7259,
976.1937,
302.8517,
3335.865,
1092.569,
668.2399,
223.1393,
812.6365,
132.167,
49.39317,
1474.732,
272.8996,
66.75584,
66.81084,
0,
24767.3,
1991, 
1322.582,
5039.184,
130.3355,
45.41085,
236.9379,
218.2404,
254.7658,
97.35524,
32.05389,
497.4062,
6288.577,
1153.283,
202.6131,
900.0445,
259.4619,
3111.433,
1209.783,
727.5859,
235.325,
971.829,
142.6067,
55.89296,
1523.495,
280.5988,
71.6043,
73.628,
0,
25082.03,
1992, 
1353.476,
5126.514,
133.497,
47.92377,
243.2906,
225.7777,
269.3234,
101.0518,
33.28606,
509.8361,
6332.977,
1069.544,
228.5496,
767.144,
240.8649,
2692.239,
1286.647,
760.2308,
250.2564,
1072.993,
154.5309,
61.07423,
1541.728,
286.2254,
78.65118,
63.69817,
0,
24931.33,
1993, 
1400.563,
5249.732,
134.8793,
48.92026,
253.0638,
238.4762,
291.421,
101.4239,
34.52843,
531.0596,
6345.839,
1065.201,
250.8143,
696.7233,
202.9228,
2721.989,
1325.594,
802.9638,
277.3289,
1107.46,
170.4294,
68.27345,
1559.137,
295.506,
82.0778,
65.12194,
0,
25321.45,
1994, 
1477.74,
5384.999,
145.1352,
52.48501,
260.1834,
253.2607,
311.2784,
101.4193,
35.25409,
549.542,
6480.966,
1126.282,
263.9073,
635.267,
199.9055,
2400.906,
1409.661,
861.7289,
311.3705,
1201.617,
192.4346,
75.9252,
1631.346,
304.759,
86.29108,
63.12753,
0,
25816.79,
1995, 
1493.11,
5534.94,
147.785,
55.38862,
273.2066,
265.2966,
329.2269,
107.2398,
38.50718,
556.9459,
6651.439,
1130.002,
295.1002,
666.4468,
198.34,
2395.028,
1480.046,
934.5203,
347.3752,
1307.62,
213.3435,
88.07111,
1658.25,
313.3444,
91.7474,
64.5131,
0,
26636.83,
1996, 
1537.461,
5668.926,
140.9624,
58.28796,
286.8267,
277.6898,
372.0666,
111.7164,
40.29974,
581.11,
6757.826,
1244.123,
320.869,
668.4086,
191.5919,
2365.075,
1541.957,
986.032,
385.0982,
1373.183,
232.3757,
102.2019,
1706.593,
319.9767,
96.16562,
58.25506,
0,
27425.08,
1997, 
1560.221,
5803.345,
151.9166,
63.0705,
301.7221,
299.9626,
400.5761,
112.182,
43.42935,
602.0767,
6892.429,
1267.46,
349.7006,
662.3458,
188.0471,
2327.483,
1667.711,
1040.037,
421.1,
1455.89,
248.8274,
107.9072,
1745.369,
330.4793,
99.8303,
61.12854,
0,
28204.25,
1998, 
1541.172,
5943.403,
163.3201,
67.65081,
311.0652,
316.1455,
427.6874,
109.5607,
44.64969,
593.2291,
7045.756,
1285.531,
372.6195,
636.5688,
181.0233,
2355.934,
1881.151,
1113.407,
412.9665,
1525.477,
245.3184,
111.2113,
1748.839,
349.9771,
103.4804,
79.89678,
0,
28967.04,
1999, 
1573.015,
6057.186,
172.6971,
72.95953,
323.1096,
316.4294,
453.2455,
115.0246,
45.95658,
591.7195,
7126.292,
1259.177,
385.2353,
660.738,
177.9123,
2419.065,
1803.323,
1196.249,
459.5858,
1588.78,
262.3439,
129.8471,
1775.067,
368.8039,
103.3469,
86.475,
0,
29523.58,
2000, 
1619.697,
6344.291,
183.9537,
74.66227,
335.0011,
332.6061,
482.4213,
118.6216,
47.63646,
619.6397,
7152.521,
1339.021,
416.5361,
653.3544,
181.3992,
2538.873,
1817.156,
1262.988,
543.8885,
1794.982,
284.8001,
139.9342,
1849.39,
380.1482,
112.7044,
94.11053,
0,
30720.34,
2001, 
1579.719,
6031.206,
189.4091,
76.66704,
328.1642,
330.7289,
510.2729,
126.1315,
49.84262,
599.1782,
7135.165,
1460.054,
422.4892,
695.7208,
174.0278,
2652.346,
1899.68,
1310.984,
580.7737,
1977.972,
302.5647,
147.725,
1831.389,
404.1982,
126.4622,
106.0162,
0,
31048.89,
2002, 
1601.05,
6216.21,
192.1736,
79.94642,
348.0615,
326.7459,
534.3184,
133.9978,
49.98583,
648.272,
6969.877,
1395.731,
445.9738,
691.4359,
177.368,
2560.378,
1972.567,
1350.997,
620.5974,
2141.582,
320.7811,
156.4462,
1867.587,
404.8233,
133.3852,
112.9533,
0,
31453.25,
2003, 
1558.791,
6273.925,
235.2676,
81.74721,
362.1785,
343.3904,
561.4785,
132.2992,
52.97624,
678.5637,
6903.052,
1403.493,
481.6523,
715.9754,
188.6366,
2608.94,
2073.951,
1440.945,
647.3823,
2454.221,
346.7341,
163.4108,
1866.122,
387.6267,
141.6298,
108.1267,
0,
32212.51,
2004, 
1581.586,
6472.802,
234.6701,
82.24941,
387.3928,
366.3536,
594.9327,
146.1338,
57.44344,
701.1445,
6821.571,
1486.092,
514.1426,
748.0402,
195.4836,
2691.502,
2209.006,
1534.718,
682.556,
2814.304,
370.2732,
174.4283,
1920.669,
398.1951,
153.0503,
116.0427,
0,
33454.79,
2005, 
1543.358,
6485.036,
246.4169,
86.55426,
398.6035,
381.2256,
608.4113,
155.1086,
62.00078,
710.0569,
6720.834,
1459.978,
545.3374,
726.2683,
200.2108,
3037.676,
2217.365,
1633.148,
726.4254,
3182.857,
399.2417,
186.3076,
1965.863,
398.9936,
164.7539,
124.8803,
0,
34366.91,
2006, 
1485.209,
6463.274,
253.2986,
91.61446,
416.5829,
403.1402,
644.8983,
164.3274,
65.98615,
743.8075,
6568.492,
1481.368,
585.3354,
758.7625,
204.8183,
3049.432,
2345.201,
1768.021,
748.8411,
3651.775,
421.8054,
189.6847,
1991.24,
401.0588,
174.3476,
127.9804,
0,
35200.3,
2007, 
1573.768,
6502.154,
263.0916,
94.19965,
441.549,
413.2222,
714.046,
173.648,
71.88458,
761.9922,
6336.264,
1470.151,
632.9545,
770.4725,
213.2718,
3064.957,
2529.003,
1898.823,
790.6597,
4199.039,
446.9901,
193.6209,
2051.414,
418.7111,
180.294,
131.2576,
0,
36337.44,
2008, 
1562.947,
6384.727,
266.9301,
92.66202,
459.9495,
440.7023,
746.6286,
177.1564,
71.8033,
758.9349,
6237.907,
1467.459,
641.0939,
729.7098,
195.7382,
3118.576,
2638.016,
1827.205,
844.074,
4642.784,
458.112,
197.9269,
1982.143,
418.7217,
187.7509,
133.4353,
0,
36683.09,
2009, 
1492.39,
6045.008,
264.8589,
92.53746,
464.9567,
445.6431,
850.5972,
184.5089,
78.43336,
740.1929,
5746.888,
1411.765,
625.934,
629.9334,
187.6756,
2938.204,
2909.691,
1962.299,
881.7204,
5356.077,
481.1257,
202.3239,
1976.7,
402.6847,
195.7019,
144.9071,
0,
36712.76,
2010, 
1481.222,
6198.645,
280.9409,
96.72885,
516.4653,
441.0455,
922.3793,
198.7336,
89.29186,
771.4053,
6003.943,
1447.471,
676.376,
647.6618,
207.0995,
2950.156,
3046.44,
2116.348,
951.6044,
6456.727,
525.5093,
218.2254,
2076.254,
424.6773,
202.2233,
152.9949,
0,
39100.57,
2011, 
1542.536,
5995.045,
311.5377,
101.2479,
535.3832,
456.192,
953.186,
205.3536,
104.2321,
779.129,
6057.01,
1449.709,
737.6721,
658.8655,
200.3535,
3015.484,
3174.101,
2348.413,
991.4055,
7878.156,
553.0667,
232.5229,
2104.066,
424.6695,
215.447,
156.2239,
0,
41181.01,
2012, 
1500,
5971.355,
330.3058,
105.0472,
564.7504,
487.4852,
1015.099,
211.2207,
116.3557,
774.8246,
6247.069,
1379.506,
798.6833,
661.2039,
213.3696,
3021.991,
3386.411,
2475.237,
1032.809,
9029.835,
612.9449,
243.3817,
2215.165,
444.0981,
232.0977,
160.3334,
0,
43230.58,
2013, 
1409.216,
6037.742,
315.757,
110.4133,
588.5507,
523.9561,
1076.097,
236.7998,
127.4222,
801.2288,
5995.381,
1359.135,
813.5629,
641.7047,
256.1597,
3033.941,
3584.295,
2651.109,
1079.617,
10682.44,
676.435,
267.9693,
2609.913,
474.837,
262.2715,
168.6631,
0,
45784.62,
2014, 
1365.216,
6141.215,
333.3959,
114.7734,
625.7964,
527.735,
1145.586,
251.1702,
145.0345,
889.5321,
6023.522,
1324.885,
860.8146,
602.2682,
234.0102,
3058.502,
3884.448,
2973.917,
1139.892,
12521.9,
781.5029,
287.8329,
3149.283,
484.7819,
285.3293,
191.2885,
0,
49343.63,
2015, 
1274.226,
6365.407,
347.245,
125.4136,
629.0422,
566.5461,
1283.219,
275.4929,
164.1872,
933.5518,
5607.788,
1281.909,
918.0795,
551.8569,
243.0923,
3075.236,
4340.302,
3256.517,
1229.529,
14739.47,
872.8184,
306.3836,
3790.197,
522.5352,
305.7794,
201.0302,
0,
53206.86,
2016, 
1251.574,
6622.056,
368.4552,
128.7275,
663.5425,
574.06,
1404.035,
284.7198,
174.6331,
1035.739,
5836.576,
1299.578,
1036.186,
549.6064,
287.4826,
3078.874,
4783.353,
3654.81,
1321.888,
16879.12,
1040.509,
331.1926,
4327.507,
565.3259,
355.6442,
195.4336,
0,
58050.63,
2017, 
1289.842,
7077.775,
374.4357,
128.2212,
709.332,
574.8222,
1448.323,
301.5233,
185.577,
1132.265,
6028.562,
1300.061,
1305.621,
561.3277,
363.8872,
3135.961,
4878.351,
4116.484,
1447.87,
20094.45,
1134.019,
353.0933,
4835.521,
624.6139,
402.6216,
211.5187,
0,
64016.07,
2018, 
1250.143,
7531.365,
401.458,
135.5527,
740.4254,
583.9454,
1627.886,
331.4266,
221.009,
1266.692,
6398.786,
1472.705,
1820.261,
605.6222,
376.3805,
3125.749,
4867.264,
4718.147,
1606.207,
23550.56,
1237.816,
411.931,
5307.386,
761.3093,
438.9893,
235.2565,
0,
71024.27,
2019, 
1289.778,
7838.29,
399.6429,
140.8151,
791.7687,
554.202,
1769.316,
359.2982,
252.4483,
1301.248,
7146.559,
1390.904,
1947.226,
670.2047,
411.2515,
3166.187,
5511.548,
5118.226,
1826.678,
26583.26,
1583.531,
450.8109,
5740.975,
924.3907,
468.3828,
264.1612,
0,
77901.1,
2020, 
1266.64,
8122.66,
413.9666,
132.5251,
766.7391,
548.8086,
1825.463,
383.1367,
264.9096,
1349.372,
7756.167,
1477.384,
2102.146,
697.4646,
372.8519,
3061.93,
5928.354,
5237.749,
2062.935,
30851.81,
1929.23,
453.4697,
6217.333,
1111.117,
494.0463,
267.8839,
0,
85096.09,
2021, 
1286.072,
9221.158,
440.0713,
145.0636,
845.5304,
616.2877,
1933.281,
412.3448,
294.8287,
1424.724,
8084.256,
1657.258,
2362.382,
717.6393,
459.4185,
3203.394,
6338.188,
5794.989,
2411.588,
36245.53,
2575.417,
488.8349,
6729.423,
1361.316,
560.807,
292.6948,
0,
95902.49,
2022, 
1312.26,
10147.41,
473.6082,
154.7179,
893.2942,
616.1287,
1971.319,
491.6922,
333.1985,
1427.375,
8849.694,
1800.785,
2615.532,
600.1971,
504.2877,
3172.171,
7294.341,
6718.057,
2581.315,
40256.21,
2729.1,
534.5426,
7050.156,
1587.255,
641.9512,
365.3616,
0,
105122,
2023, 
1299.284,
11552.74,
496.2023,
161.5018,
957.7858,
632.3934,
2119.967,
575.937,
356.1331,
1441.626,
9746.459,
1991.179,
2853.714,
621.9568,
569.2952,
3217.748,
8108.381,
7413.521,
2788.441,
48747.62,
2911.343,
588.3679,
7291.43,
1816.421,
671.0491,
389.4057,
0,
119319.9,
2024, 
1121.505,
13537.59,
508.5122,
168.7618,
994.8287,
658.3488,
2293.83,
640.7407,
384.5143,
1502.279,
10604.11,
2260.927,
3831.259,
565.2194,
628.8384,
3202.864,
8663.696,
8595.235,
3002.699,
57087.42,
3081.316,
632.8546,
7436.891,
2140.611,
728.445,
422.1569,
0,
134695.5,
2025, 
1123.41,
15819.76,
514.8724,
216.174,
1125.922,
694.949,
2433.757,
715.7292,
514.1087,
1802.94,
11542.56,
2458.767,
4094.266,
591.9996,
679.8795,
3189.118,
14336.22,
10802.52,
3205.331,
60996.37,
3404.667,
1071.315,
8355.097,
2536.701,
906.2833,
465.3475,
0,
153598,
2026, 
1092.235,
17335.04,
554.4597,
225.9841,
1133.463,
719.528,
2387.679,
797.2625,
633.077,
1777.077,
12262.55,
2512.955,
4043.892,
637.7844,
976.9373,
3176.809,
19032.07,
12747.44,
3491.025,
71161.31,
3664.743,
1227.287,
9704.709,
2857.871,
1108.211,
481.131,
0,
175742.5,
2027, 
1069.813,
18797.5,
591.9092,
258.8506,
1143.948,
753.328,
2353.803,
996.5698,
770.6238,
1699.887,
13089.64,
2675.557,
4080.727,
704.2015,
1384.559,
3159.945,
21178.52,
14931.56,
3496.226,
80505.96,
4119.734,
1770.744,
10602.14,
3272.031,
1398.532,
486.5476,
0,
195292.9,
2028, 
1098.345,
19973.04,
632.1268,
303.8285,
1155.274,
786.2018,
2299.536,
1297.726,
911.8162,
1638.784,
14111.46,
2927.746,
4119.98,
770.7131,
1886.156,
3133.595,
22181.75,
17637.67,
3339.938,
90605.59,
5104.479,
2601.583,
10818.05,
3707.63,
1864.888,
488.3864,
0,
215396.3,
2029, 
1171.68,
21181.69,
680.5735,
350.1516,
1176.369,
883.3145,
2247.896,
1658.66,
1033.218,
1600.609,
15087.63,
3459.991,
4282.412,
815.863,
2371.302,
3112.827,
23255.62,
20644.14,
3279.632,
100626.4,
6230.114,
3524.79,
14502.62,
4300.068,
2319.75,
484.4792,
0,
240281.8,
2030, 
1274.765,
22455.98,
830.7065,
413.5914,
1189.375,
1004.062,
2155.485,
2032.77,
1101.536,
2147.895,
16305.81,
3890.516,
4431.123,
878.836,
3108.059,
3102.076,
23977.47,
23747.2,
3257.395,
110211.7,
7347.747,
4314.95,
13068.08,
4949.173,
2731.939,
461.1826,
0,
260389.4,
2031, 
1372.045,
23220.13,
973.0308,
494.0719,
1211.167,
1148.904,
2141.223,
2262.56,
1106.564,
2056.21,
18727.88,
4619.671,
4439.178,
939.4175,
3956.275,
3068.6,
22850.08,
26820.04,
3282.82,
120978.3,
8433.771,
5239.552,
13366.65,
5532.392,
3129.784,
428.6216,
0,
281799,
2032, 
1522.642,
24484.16,
1084.461,
626.2562,
1263.064,
1340.618,
2227.39,
2361.331,
1059.977,
1949.114,
36790.25,
9368.494,
4457.387,
1001.272,
4698.074,
3050.393,
21785.1,
30330.86,
3426.461,
133068.7,
9636.596,
5876.66,
13913.96,
6163.241,
3504.273,
417.4377,
0,
325408.2,
2033, 
1660.321,
25557.73,
1175.511,
857.689,
1340.973,
1572.428,
2491.569,
2408.83,
969.0568,
1829.061,
56629.74,
18549.98,
4514.267,
1046.096,
5277.911,
2993.2,
20638.78,
34636.47,
3627.51,
145665.5,
10648.01,
6625.328,
14487.96,
6797.592,
3878.281,
410.0888,
0,
376289.9,
2034, 
1783.07,
26392.88,
1226.286,
1100.202,
1426.953,
2021.63,
2864.799,
2409.245,
855.7656,
1696.361,
75624.5,
31894.83,
4599.52,
1101.743,
5733.379,
2968.882,
19701.47,
40706.19,
3911.994,
163092.8,
11814.07,
7509.993,
15262.78,
7487.705,
4359.506,
386.3475,
0,
437932.9,
2035, 
1994.56,
27197.15,
1258.193,
1372.205,
1540.052,
3163.731,
3307.21,
2380.02,
719.3938,
1551.605,
99668.39,
52255.68,
4710.07,
1154.667,
6135.106,
2947.283,
18863.27,
47406.41,
4269.687,
182045.3,
13208.08,
8626.304,
15819.25,
8261.359,
5141.169,
343.6373,
0,
515339.8,
2036, 
2242.534,
30867.96,
1282.832,
1664.818,
1711.662,
5148.091,
3966.176,
2715.793,
722.9892,
1598.98,
117791.5,
65004.79,
5467.646,
1200.367,
6741.365,
2931.39,
20239.61,
53844.78,
4954.762,
200681.8,
14808.98,
9706.162,
16334.73,
9119.521,
6134.997,
408.0781,
0,
587292.3,
2037, 
2551.774,
40476.55,
1317.277,
2015.034,
1953.042,
7664.607,
4621.482,
3074.406,
730.0326,
1667.179,
129000.9,
67107.72,
6232.659,
1257.244,
7381.908,
2922.091,
21769.25,
61259.12,
5211.814,
219415.2,
16582.37,
11093.19,
16848.61,
9843.952,
7357.981,
461.6382,
0,
649817.1,
2038, 
2734.23,
51704.09,
1402.352,
2447.098,
1994.156,
10583.22,
5211.072,
3443.339,
737.904,
1743.474,
137867.7,
67349.7,
6960.207,
1338.888,
8488.854,
2916.908,
24412.9,
69108.24,
5255.887,
253560.1,
18575.12,
12419.16,
17360.96,
10530.93,
8788.253,
537.4835,
0,
727472.3,
2039, 
2993.172,
66407.83,
1550.233,
2899.908,
1995.447,
15386.91,
5735.871,
3829.264,
747.6149,
1819.726,
146303.7,
67082.41,
7705.454,
1453.26,
9935.314,
2918.012,
29958.49,
87744.85,
5277.243,
304719.4,
20759.7,
14274.01,
17728.74,
11189.78,
10359.01,
671.6389,
0,
841447,
2040, 
3444.455,
86638.53,
1717.839,
3729.628,
1998.745,
20826.54,
6190.311,
4231.858,
768.5396,
1899.483,
146166.6,
66933.34,
8196.396,
1579.671,
11663.87,
2936.279,
36099.42,
120496.5,
5234.443,
341663,
23378.51,
15824.09,
18039.35,
11819.67,
12107.61,
854.5765,
0,
954439.3,
2041, 
4076.144,
103607.1,
1934.029,
4891.979,
2037.778,
24292.13,
6647.239,
4686.872,
797.8363,
2001.548,
144865.3,
67096.96,
8689.113,
1710.327,
15922.18,
2992.837,
41657.2,
156609.3,
5173.448,
385701.9,
26294.17,
17623.06,
18171.46,
12354.12,
14150.61,
1092.43,
0,
1075077,
2042, 
5052.258,
113017.1,
2670.19,
5985.398,
2098.539,
27835.34,
7108.237,
5190.922,
836.1611,
2279.906,
144426.4,
67083.43,
9535.364,
1801.278,
20386.33,
3076.852,
48212.93,
188811.8,
5148.521,
427502.5,
29282.41,
19775.46,
18231.35,
12814.54,
16153.57,
1372.492,
0,
1185689,
2043, 
7514.627,
126841.2,
3624.433,
7427,
2166.752,
33585.55,
7549.115,
5735.818,
878.324,
2544.299,
140159.7,
66850.6,
10364.34,
1889.626,
24972.48,
3175.618,
56076.14,
224747.2,
5154.255,
468674.3,
32250.48,
21595.41,
18177.57,
13184.77,
18799.93,
1597.145,
0,
1305537,
2044, 
10004.67,
145433.7,
4729.715,
9084.39,
2244.51,
39670.28,
8014.404,
6331.059,
927.1639,
2908.728,
137429,
66363.47,
10815.12,
1976.108,
29131.86,
3274.658,
64174.45,
265713.2,
5220.41,
508139.3,
35270.95,
23718.2,
18109.51,
13444.96,
21852.11,
1827.049,
0,
1435809,
2045, 
12506.45,
164394.2,
6399.408,
10988.38,
2360.989,
46595.09,
9572.213,
7307.265,
973.7217,
3329.172,
135510,
65878.36,
11720.19,
2072.983,
33417.02,
3445.601,
73603.8,
306270.4,
5316.632,
558959.1,
38300.17,
25998.29,
17771.56,
13631.53,
25162.75,
2071.545,
0,
1583557,
2046, 
15340.08,
182753.9,
11362,
13055.44,
2514.03,
55688.82,
11932.1,
8245.696,
1017.305,
3714.612,
133139.9,
65257.89,
13794.75,
2171.678,
36384.93,
3693.153,
81543.19,
344732.7,
5400.491,
631283.9,
41259.42,
28020.54,
16960.56,
13734.14,
28417.39,
2328.443,
0,
1753747,
2047, 
18481.65,
203950.6,
18609.04,
14970,
2698.14,
63814.24,
14708.98,
9156.027,
1327.746,
4249.638,
131205,
64535.61,
15524.73,
2271.051,
39124.14,
3985.814,
94255.02,
384430.3,
5406.57,
726432,
44933.45,
29418.17,
15825.68,
13767.18,
32159.21,
2572.648,
0,
1957813,
2048, 
22877.85,
227759.2,
26466.4,
17151.45,
2966.027,
74384.09,
17829.03,
10112.24,
1938.533,
4952.006,
129721.6,
63803.28,
17900.59,
2372.346,
41654.48,
4283.58,
105417.1,
422440.8,
5289.243,
821428.6,
54257.72,
31320.45,
14838.29,
13779,
35530.36,
2816.811,
0,
2173291,
2049, 
27728.98,
251186.4,
31693.12,
19678.86,
3287.67,
81688.64,
20999.01,
11237.58,
3174.085,
5757.876,
127984.6,
63241.26,
20580.98,
2478.538,
43978.84,
4577.015,
112962.2,
448154.6,
5146.658,
911641.6,
62207.61,
33193.39,
14045.92,
13843.34,
38909.17,
3058.508,
0,
2362437,
2050, 
32746.33,
280859.9,
36402.45,
22986.78,
3651.386,
88618.84,
24187.51,
12505.26,
4036.05,
6541.044,
127108.5,
62737.7,
23273.55,
2717.802,
46748.76,
4834.879,
118531.8,
467464.2,
4996.707,
971382.1,
70132.68,
34051.92,
13690.36,
14110.31,
42524.14,
3341.52,
0,
2520183,
2051, 
36252.46,
323770.5,
41300.81,
26173.05,
4057.009,
95915.85,
27208.41,
13833.24,
4448.75,
7520.683,
126581.9,
62140.57,
28642.31,
3269.075,
48528.31,
5062.57,
125323.2,
482576.8,
5015.638,
1026509,
76016.71,
35056.58,
13690.16,
14305.34,
46761.68,
3691.021,
0,
2683652,
2052, 
38139.68,
357523.3,
46593.02,
29633.68,
4425.976,
102873.3,
29918.05,
15436.73,
4807.563,
8873.683,
125329,
61572.95,
33960.57,
4020.684,
49582.64,
5332.426,
130520.6,
487496.8,
5046.169,
1077118,
78706.04,
35633.68,
14021.92,
14548.61,
51744.18,
4118.346,
0,
2816978,
2053, 
40876.06,
391588.7,
52853.58,
31826.27,
4746.465,
108623.3,
33475.27,
17526.03,
5362.517,
11549.62,
123086.1,
61038.79,
38452.41,
4981.731,
50657.52,
5718.771,
140200.2,
482277.6,
5162.031,
1127805,
79413.2,
35535.57,
14659.53,
14978,
62956.7,
4643.936,
0,
2949995,
2054, 
41935.08,
411128.6,
59759.31,
34475.68,
5040.824,
113728.9,
38180.31,
19705.7,
5996.946,
14457.33,
119775.9,
60525.54,
42012.96,
6039.919,
51756.36,
6272.627,
146689.9,
476800.8,
5310.851,
1180283,
81436.82,
35410.73,
15560.68,
15628.6,
75701.88,
5220.449,
0,
3068836,
2055, 
42493.5,
422002.8,
66628.3,
36057.35,
5440.017,
117165.9,
42572.56,
21976.42,
6708.823,
17504.71,
117400.1,
60062.94,
44238.24,
7244.32,
52843.25,
6986.734,
153706.1,
467786.7,
5214.866,
1185600,
83152.72,
35726.27,
16563.98,
16394.68,
85607.85,
5855.675,
0,
3122934,
2056, 
43075.54,
438009.6,
73019.59,
37271.61,
5994.084,
120741.9,
53837.56,
24267.29,
7289.768,
20810.29,
116580,
59627.54,
44717.95,
8815.238,
54021.52,
7786.257,
169955.8,
460354.8,
5230.173,
1184963,
85650.06,
36301.65,
17637.84,
17962.48,
94094.45,
6571.162,
0,
3194587,
2057, 
43277.63,
449360.3,
76614.51,
37746.96,
6553.105,
124278.4,
68004.58,
26696.91,
7877.353,
24303,
117654.3,
59215.09,
45710.37,
10748.38,
56120.53,
8540.659,
186559.8,
454120.3,
5420.072,
1183217,
88000.73,
37155.07,
18852.87,
19825.13,
105274,
7593.306,
0,
3268721,
2058, 
43542.02,
453109.5,
78121.84,
38601.27,
7366.533,
127726.3,
83608.02,
29390.38,
9096.879,
27944.56,
120089.4,
58858.97,
46903.48,
12603.29,
58700.01,
9165.909,
202471.1,
449139.3,
5957.836,
1180593,
88074.58,
38142.71,
19889.11,
22133.69,
116117.9,
8763.955,
0,
3336111,
2059, 
43859.68,
450401.5,
79646.66,
39353.49,
8352.694,
130896.4,
94735.41,
32730.68,
11194.48,
31939.33,
124444.9,
58658.93,
48629.77,
14646.69,
60314.15,
9530.351,
231599.5,
447273.3,
5958.478,
1177020,
86723.52,
38808.15,
19837.57,
23897.5,
132653.2,
10177.62,
0,
3413284,
2060, 
44212.09,
447374.9,
81208.31,
40407.18,
9330.747,
134071.6,
103397.3,
36212.85,
15578.33,
36970.22,
125802.4,
58527.91,
50980.09,
16625.92,
61659.97,
9833.758,
242892.6,
448401.3,
5967.066,
1173148,
83622.59,
40355.71,
20923.61,
25634.45,
154189.5,
11774.81,
0,
3479104,
2061, 
44549.21,
448102.6,
82786.66,
40594.72,
10536.35,
137365.1,
110367.7,
39891.08,
22419.42,
41661.71,
129162.6,
58402.1,
53111.23,
19478.68,
63756.41,
10165.62,
254022.7,
451565.4,
6095.937,
1168270,
81018.09,
41380.96,
21564.68,
27527.54,
172502.1,
13826.45,
0,
3550125,
2062, 
44800.87,
451774.5,
84425.78,
40456.61,
11930.33,
140573.1,
114239.3,
45109.46,
36180.81,
45410.82,
131703.7,
58304.73,
54319.25,
23417.59,
65742.51,
10495.39,
263853.8,
455204.8,
6187.251,
1162955,
80566.2,
41400.61,
21814.77,
29931.74,
191460,
17129.43,
0,
3629388,
2063, 
45128.83,
458806.2,
87329.44,
41330.21,
13262.95,
143804.1,
117355.3,
52401.81,
54383.06,
48902.14,
133152.3,
58249.61,
55728.89,
27656.68,
68173.02,
10849.73,
270714.8,
455343.7,
6258.614,
1157418,
81999.14,
41357.25,
21920.64,
32408.75,
210060.2,
20570.51,
0,
3714566,
2064, 
44991.67,
468153.7,
90431.67,
42467.43,
14808.44,
147049.2,
123528.5,
60961.51,
72564.56,
51994.32,
134951.3,
58244.1,
56611.19,
31502.87,
70987.75,
11180,
277977.8,
452651,
6378.515,
1151591,
85924.39,
41303.11,
21872.31,
34797.68,
229749.2,
24926.28,
0,
3807599,
2065, 
43631.39,
482909.3,
93604.68,
43561.47,
16522.16,
152717.6,
133852.3,
68993.59,
86219.24,
55001.66,
140713.2,
58252.11,
57573.98,
33028.5,
73962.27,
11563.07,
281973.8,
447769.3,
6495.806,
1145441,
94141.3,
41161.18,
21745.04,
37212.74,
248588.9,
29700.31,
0,
3906336,
2066, 
41096.38,
487512.5,
96715.86,
44847.14,
20129.65,
160267.8,
148014.4,
74845.14,
95700.27,
57080.29,
140259.8,
58275.13,
58443.16,
33963.95,
76797.51,
11999.9,
286180.9,
441020.5,
6619.41,
1137691,
100768.2,
41519.55,
21637.29,
40035.04,
269672.6,
33875.01,
0,
3984968,
2067, 
38067.74,
492824.9,
99726.19,
46345.41,
24490.71,
170985.1,
165853.6,
82122.66,
105295.8,
58071.82,
141976.1,
58317.75,
58960.13,
34762.73,
80323.99,
13469.58,
291440.5,
432151.4,
6757.028,
1129973,
106197,
42428.95,
21605.62,
43336.47,
291019.8,
37626.92,
0,
4074131,
2068, 
35360.54,
498873.9,
102261.2,
46410.14,
29752.67,
184449.9,
181320.7,
88793.48,
113726.7,
58995.17,
145867,
58412.33,
59433.78,
35280.64,
83926.71,
16444.32,
298528.9,
427637.7,
6949.946,
1123949,
110603.4,
43684.7,
21743.89,
47628.84,
313276.3,
42245.05,
0,
4175557,
2069, 
32522.79,
504009,
107926.4,
45604.72,
35981.88,
192219.9,
197451,
93789.31,
120201.4,
59867.31,
149896.2,
58535.96,
60049.48,
34995.73,
87650.12,
19111.9,
307365.3,
424604.1,
7149.159,
1119638,
111469,
44881.69,
21909.72,
52306.95,
334550.7,
46543.07,
0,
4270231,
2070, 
30433.01,
506030.7,
115345.3,
44251.02,
42300.17,
199148.7,
211534,
99049.26,
126593.7,
60686.62,
153750,
58658.41,
60610.57,
34332.52,
91407.99,
22043.98,
318234.8,
415555.4,
7390.355,
1117525,
108396.4,
46081.63,
22060.63,
57230.68,
363529.7,
51628.76,
0,
4363810,
2071, 
28594.19,
507170.6,
120052.5,
42305.96,
50560.61,
205416.4,
222789.4,
103797,
133022.3,
63133.5,
162206.6,
58759.16,
61385.68,
33695.95,
95147.62,
24919.18,
332061.7,
414123.3,
7649.589,
1115997,
103643.7,
47014.7,
22359.1,
62220.53,
393221.5,
56546.13,
0,
4467794,
2072, 
27918.04,
508605.1,
125097.7,
40391.06,
62495.48,
215472.4,
231135.2,
113148.3,
140575.1,
67376.76,
170173.4,
58846.01,
61896.63,
33046.57,
98656.2,
27923.1,
337621.9,
417673.4,
7865.16,
1115378,
100614.6,
47598.45,
22662.89,
67292.08,
421478.9,
62034.26,
0,
4582977,
2073, 
28114.51,
510477.3,
129845.6,
39322.83,
84807.79,
219564,
237562.5,
124612.7,
150363.8,
71133.69,
173211.7,
59286.09,
61924.12,
32436.39,
102240.6,
31218.02,
341600.6,
420616.2,
8050.297,
1114788,
101255.9,
48386.72,
22829.12,
72093.37,
444408.3,
67022.69,
0,
4697173,
2074, 
28678.83,
512599.6,
131499.3,
39898.9,
105784.5,
221231.2,
242735.1,
141065.6,
160154,
74851.98,
176814.6,
59622.46,
62130.08,
31866.03,
105466.1,
36968.81,
345448.3,
423527.3,
8242.781,
1122501,
102987.7,
49434.54,
22972.08,
75503.44,
459830.9,
72620.3,
0,
4814436,
2075, 
29124.78,
514838.7,
136508,
41258.94,
127371.4,
221922.3,
250409.8,
161461.7,
171542.2,
77834.34,
177753.7,
60016.86,
62678.87,
31350.77,
108106.8,
41622.21,
349258,
423208.7,
8443.796,
1127346,
106042.3,
50790.49,
22563.84,
79483.85,
475201.8,
80662.15,
0,
4936802,
2076, 
29521.28,
516982.6,
139480.4,
43324.59,
149646.9,
225188.2,
259931.8,
179229.6,
179133.6,
80333.45,
177639.9,
60434.75,
63071.91,
30887.93,
109796,
45643.13,
353051.8,
421647,
8724.495,
1128748,
108845.4,
51787.21,
22043.94,
82971.7,
491705.3,
86684.97,
0,
5046456,
2077, 
29923.22,
519353.8,
143940.6,
45094.91,
172835.9,
227066.6,
271201.7,
200269.5,
185964,
81193.15,
173958.5,
61283.89,
63222.2,
30476.46,
111392.6,
49261.33,
361404.4,
417052.7,
8883.104,
1131165,
114765.1,
53100.59,
21429.65,
86223.31,
508239.6,
93602.2,
0,
5162304,
2078, 
30501.9,
521636.1,
150670.9,
46543.43,
196106.8,
228875.5,
279990.1,
219419.8,
192933.4,
83112.71,
171352.1,
61981.07,
63426.57,
30100.72,
112634.1,
52651.81,
373819.5,
413613.4,
8937.958,
1136474,
119795,
53469.02,
20875.41,
89234.49,
524428.8,
102000.4,
0,
5284585,
2079, 
31636.88,
523923.7,
156654.8,
46356.34,
219311.1,
228243.3,
282611,
237009.3,
199996.9,
85401.84,
167948.9,
61980.88,
63603.81,
29775.3,
113706.5,
56601.49,
385151,
410416,
9134.7,
1145316,
122516.3,
53818.69,
20559.75,
90715.52,
540339.4,
111962.4,
0,
5394692,
2080, 
33617.26,
526187.3,
163107.2,
45762.2,
238824.3,
225997.5,
285186.8,
253291.8,
207141.3,
90844.7,
162216.3,
62058.15,
63655.55,
29477.64,
115344,
60760.34,
396936.8,
411104.2,
9398.945,
1152975,
122687.4,
53828.75,
20522.13,
92074.81,
556021.4,
121669.6,
0,
5500692,
2081, 
36255.65,
528060.7,
168699.9,
45247.23,
261745.4,
226716.4,
287417,
269154.3,
215813.9,
95896.27,
157497.5,
62494.18,
63643.2,
29209.29,
117222.7,
64284.63,
415113.6,
417496.3,
9617.399,
1155050,
124042.2,
54542.53,
20655.33,
93396.09,
571196.3,
129186.1,
0,
5619654,
2082, 
39289.58,
529842.6,
175815.9,
44484.07,
282647.2,
227517.1,
289529.5,
278203.6,
233183.7,
100978.5,
150934,
63076.95,
63696.27,
28964.89,
118434.9,
68082.96,
427674,
424433.5,
9822.572,
1149043,
123908,
54824.25,
20991.84,
94694.16,
586037.6,
136183.4,
0,
5722294,
2083, 
42996.79,
531562.2,
181361.6,
44113.06,
303310.2,
228865.2,
291530.3,
292056.9,
247362.5,
102815.9,
149105.9,
63739.07,
63738.82,
28743.89,
119525.4,
72043.63,
439638.8,
427559.8,
10007.79,
1140238,
124719,
55652.45,
21388.69,
95981.78,
600563.3,
142486.7,
0,
5821108,
2084, 
49456.52,
533404.1,
187884.1,
44690.31,
309752.1,
229571.6,
293382.9,
317336.1,
260789.3,
104137.5,
146539.1,
64293.7,
63852.37,
28545.82,
120537,
75510.29,
450008.3,
428909.4,
10466.33,
1127127,
121526.8,
56056.71,
21770.42,
97237.09,
614851.1,
149396.2,
0,
5907033,
2085, 
58118.11,
535399.8,
194166.1,
45089.76,
312413,
230379.7,
295057.5,
352298.4,
276601.1,
106298.9,
145660.4,
64805.82,
63616.4,
28380.98,
121486,
79839.64,
460644.6,
428248.3,
10903.07,
1114904,
120528,
56432.85,
22152.58,
98524.41,
629164.1,
155821.8,
0,
6006935,
2086, 
66424.84,
537096.8,
201762.3,
45739.47,
314894.4,
229730.5,
296988.2,
386506.6,
280253.3,
109447,
146211,
64917.93,
63363.04,
28237.26,
122956,
84153.64,
467898.9,
425838,
11368.15,
1105217,
120460.8,
56738.66,
22417.76,
99628.26,
643994,
162454.8,
0,
6094699,
2087, 
71814.48,
538588.7,
204387.9,
45994.82,
317344.1,
226697.3,
309138.6,
422982.9,
291864.8,
115221.5,
146976,
65087.73,
63385.45,
28099.92,
124334,
89031.3,
489549.4,
418700,
11763.53,
1092408,
121111.1,
57222.84,
23155.22,
100715.6,
658370.9,
170380,
0,
6204326,
2088, 
73445.94,
540263.3,
206905.5,
45967.27,
319580.2,
225165.9,
327308.8,
468283.9,
308036.2,
117990.4,
152074.2,
65274.46,
63638.44,
27974.46,
126549,
94477.98,
510960.8,
407945.1,
12096.65,
1076879,
122293.5,
57669.28,
23737.8,
101784,
672474,
176875.5,
0,
6325652,
2089, 
73959.91,
541679.6,
209943.8,
45407.51,
321393,
224134.5,
346545.5,
511154.1,
326688.7,
119268.2,
161252.4,
65219.96,
64090.2,
27856.59,
128386.3,
100706.4,
533297.5,
396598.9,
12210.77,
1059846,
123576.2,
58048.09,
24093.72,
102884.6,
685978.4,
186417.1,
0,
6450638,
2090, 
70421.77,
542965.1,
212255.1,
44675.76,
326298.1,
224742.8,
363802.3,
543158,
342761.5,
119947.1,
173628.4,
65130.36,
64243.05,
27760.38,
130753.4,
107620.8,
556255.5,
387348.5,
12346.89,
1042355,
125044.5,
58443.32,
24347.42,
103983.9,
698515.9,
196084.9,
0,
6564890,
2091, 
68628.71,
544120.6,
214739.3,
43288.79,
331486.4,
226503.1,
383257.6,
581799.1,
368333.3,
120286.7,
187096,
65246.16,
64236.07,
27666.43,
131338.4,
113988.2,
577458.6,
382741.7,
12509.77,
1028753,
125781.1,
58741.6,
24471.76,
105054,
711743.8,
208668,
0,
6707939,
2092, 
67009.2,
545198.3,
219353.4,
42265.02,
336556.3,
228237.8,
404082.7,
607543.9,
399296.8,
120094.9,
195036,
65376.56,
64215.5,
27583.52,
132216.5,
122327.3,
584628.4,
382635.7,
12703.51,
1017645,
125729.6,
59075.63,
24564.29,
106139.4,
724325.9,
220450.5,
0,
6834291,
2093, 
65300.49,
546211.1,
223775,
40456.06,
342520.1,
229907,
422319.8,
632823.3,
419602.4,
119403.5,
196983.1,
65518.81,
64097.09,
27501.1,
132573.8,
130565.2,
586998.4,
383330.8,
12872.73,
1003212,
124445.2,
59473.16,
24541.58,
107226.6,
735443.6,
231703.8,
0,
6928806,
2094, 
63787.57,
547162.2,
229693.6,
38558.09,
347122.8,
231551.5,
436933.8,
659383.9,
436613.9,
120401.3,
192307,
65648.85,
63971.09,
27415.82,
132677.2,
137500,
590138.5,
392042.3,
12800.35,
993006.6,
123141.6,
59724.51,
24485.11,
108283.7,
737004.3,
242334,
0,
7013690,
2095, 
62703.31,
546544.9,
237325.8,
37092.13,
351569.4,
233180.7,
450087.9,
686527.2,
452083.5,
118181.6,
188177.9,
65773.05,
63615.98,
27330.94,
132482,
143218,
594246,
405331.1,
12643.93,
985042.9,
123849.5,
59874.32,
24423.24,
109365.5,
743573.1,
253792.3,
0,
7108036,
2096, 
62330.78,
544723.5,
245906.1,
36333.93,
354578.5,
234723,
462104.9,
719985.7,
467004.2,
119500.9,
188613,
65866.95,
63568.63,
27245.58,
132429.2,
148010.4,
598833.2,
416267.6,
12533.33,
976474.1,
124525.6,
60077.88,
24452.6,
110365.7,
742068.9,
262721.8,
0,
7201246,
2097, 
62282.78,
542233.8,
246545.5,
36666.61,
357285.1,
236213.3,
472826.6,
763800.1,
484781.5,
118139.1,
189910.2,
65943.73,
63693.1,
27156.73,
132159.7,
151530.1,
601779.7,
424189.8,
12815.57,
972143.4,
125867.5,
59828.23,
24546.03,
111407.5,
731323.7,
274587.8,
0,
7289657,
2098, 
62433.82,
539523.9,
251779.8,
37566.97,
359961.6,
237667.2,
477703.2,
801121.9,
495239,
120522.8,
191416.9,
66019.83,
63992.15,
27065.55,
131864.8,
155452.8,
603795.2,
431051.8,
13063.52,
969204.7,
128683.6,
59474.62,
24765.66,
112419.7,
721167.4,
286911.5,
0,
7369870,
2099, 
62348.2,
537387.8,
254599.3,
38457.68,
362531.6,
239140.1,
493766.1,
824094.7,
508078.6,
119004.4,
195122,
66083.3,
64267.25,
26973.57,
131529,
159571.9,
606199.9,
432762.3,
13101.22,
967410.8,
136886.7,
59369.91,
25189.53,
113443,
709078.3,
302546.4,
0,
7448944,
2100, 
61230.88,
528495.1,
256712.9,
39363.74,
365808.7,
237953.3,
513254.3,
847300.8,
519094.3,
120884.4,
199236.5,
65781.55,
64498.19,
26890.04,
131113.1,
162786.5,
609248.7,
431414.4,
13175.31,
968348,
140536.8,
59717.99,
25579.38,
114438.4,
702402.6,
319195.2,
0,
7524461];
