real main.em.ep.isp.StorResTot[28](t) = [1971, 
650.2043,
6655.436,
42.08362,
21.60265,
64.87003,
80.52728,
58.72234,
41.01139,
12.12848,
217.2017,
4045.412,
790.4434,
44.82675,
637.7261,
125.547,
1842.407,
149.6583,
187.5422,
60.78517,
214.7469,
32.17235,
2.731125,
946.1337,
246.709,
13.90568,
25.25577,
0,
17209.79,
1972, 
741.8291,
6657.843,
47.72691,
24.07335,
70.90247,
85.60682,
59.51014,
44.30545,
13.06971,
235.8341,
4225.164,
862.6854,
51.80706,
676.4346,
128.979,
1948.756,
169.116,
195.9843,
65.4228,
235.7861,
36.51533,
3.157201,
1010.98,
243.6144,
13.96318,
36.19423,
0,
17885.26,
1973, 
822.1111,
7269.949,
51.89839,
26.78121,
82.16986,
95.75301,
60.99394,
49.34061,
13.25922,
250.8532,
4530.363,
899.4106,
52.40312,
714.6973,
138.2329,
2062.017,
202.2984,
202.9921,
74.03809,
257.8696,
43.11666,
3.878754,
1094.683,
277.6542,
16.23113,
46.06018,
0,
19339.05,
1974, 
850.5595,
7326.931,
65.72849,
27.98027,
91.55762,
104.7405,
65.2244,
49.4925,
12.81712,
268.6708,
4637.779,
955.7452,
59.44636,
755.8891,
148.2977,
2187.943,
226.6746,
212.8938,
81.38275,
266.9742,
45.87998,
5.159482,
1080.839,
298.1193,
18.26014,
58.10797,
0,
19903.09,
1975, 
828.2977,
7544.483,
69.66485,
27.81073,
98.64605,
109.7483,
74.15511,
55.5097,
13.36417,
288.8008,
4620.784,
999.7319,
71.35624,
684.1313,
131.9433,
2026.462,
263.1264,
236.3614,
91.00084,
316.271,
47.80761,
5.857606,
1104.864,
309.3615,
20.49623,
61.16162,
0,
20101.2,
1976, 
886.3723,
8058.391,
73.95848,
31.43838,
113.7036,
118.4314,
85.01572,
57.71395,
15.50513,
302.6822,
4967.695,
1062.252,
81.13212,
715.2866,
139.6969,
2158.209,
310.0032,
265.6332,
99.47144,
351.2393,
53.8702,
5.439555,
1181.715,
322.6221,
21.57173,
65.62277,
0,
21544.67,
1977, 
950.8682,
8329.101,
79.96755,
34.06343,
125.4343,
129.6744,
97.22807,
63.13306,
16.30048,
302.7837,
5077.857,
1106.948,
90.94711,
734.8352,
144.3448,
2229.876,
392.5233,
282.9232,
108.8643,
383.5737,
59.80947,
6.798978,
1231.221,
339.4753,
23.22766,
71.39471,
0,
22413.17,
1978, 
1020.176,
8557.543,
88.36341,
35.96301,
138.8887,
136.05,
109.4548,
61.01216,
17.13504,
316.0679,
5265.937,
1163.831,
97.01137,
758.2073,
149.2396,
2332.665,
443.049,
311.1344,
120.7324,
437.5255,
61.91153,
9.523081,
1288.417,
349.7946,
26.09822,
69.31463,
0,
23365.04,
1979, 
1069.449,
8728.632,
94.7359,
37.54362,
155.6558,
151.6867,
122.4012,
70.41041,
17.59815,
332.3108,
5490.517,
1172.046,
98.95731,
776.2701,
205.1706,
2386.209,
512.4371,
315.6554,
130.8803,
478.3397,
67.3491,
11.47745,
1357.881,
366.2189,
29.23367,
74.67969,
0,
24253.75,
1980, 
1099.906,
8839.066,
99.39124,
37.88157,
178.7058,
162.2827,
136.8613,
78.80917,
17.81119,
360.1373,
5527.901,
1224.595,
101.896,
812.5291,
224.5313,
2569.984,
567.5014,
329.5199,
136.6578,
467.3,
71.89835,
14.44841,
1341.032,
383.9914,
30.6696,
68.78959,
0,
24884.1,
1981, 
1156.483,
8910.48,
108.5324,
39.18676,
171.9076,
168.6963,
155.4079,
77.09691,
18.83773,
411.1541,
5582.702,
1233.527,
106.7587,
833.5927,
230.3303,
2718.213,
672.96,
361.6061,
146.5569,
472.0501,
76.49121,
14.23662,
1354.125,
408.8091,
32.81543,
65.13078,
0,
25527.69,
1982, 
1135.482,
8689.765,
113.4111,
40.57789,
180.241,
171.1231,
170.1902,
85.8194,
20.39886,
432.2503,
5572.038,
1250.283,
116.416,
851.2328,
238.5745,
2824.45,
797.8197,
385.8764,
154.5343,
503.5535,
81.96918,
17.33226,
1339.933,
415.5434,
35.20694,
65.10699,
0,
25689.13,
1983, 
1186.604,
8879.388,
112.5325,
43.14091,
186.5197,
179.3099,
187.7616,
79.83688,
21.715,
439.9979,
5703.723,
1306.279,
121.6482,
875.3495,
246.1662,
2972.111,
816.7881,
412.9713,
168.4021,
544.6578,
89.59006,
20.33463,
1414.213,
425.7745,
39.14055,
63.77306,
0,
26537.73,
1984, 
1279.252,
9275.708,
121.9226,
44.38403,
208.701,
184.584,
207.2631,
74.16448,
21.74694,
486.7,
5911.01,
1364.705,
137.3699,
909.6729,
256.7058,
3161.098,
880.2997,
456.7392,
181.2701,
571.7723,
96.62356,
23.92166,
1487.968,
454.8969,
44.1608,
62.8799,
0,
27905.52,
1985, 
1356.808,
9439.755,
106.3658,
43.757,
226.0315,
187.98,
222.6158,
89.89498,
23.30893,
503.4875,
6129.066,
1366.629,
149.9969,
932.7515,
265.4371,
3281.373,
944.2632,
501.3234,
195.1965,
611.428,
102.1054,
24.83851,
1545.313,
488.2377,
47.68658,
65.2401,
0,
28850.89,
1986, 
1388.575,
9431.972,
119.7516,
46.77043,
239.0385,
212.8186,
219.83,
94.10679,
24.74303,
517.371,
6226.545,
1429.65,
171.9772,
954.3558,
269.7981,
3429.291,
1029.155,
547.6224,
210.644,
671.559,
105.6768,
35.003,
1567.005,
504.3434,
52.75177,
66.71588,
0,
29567.07,
1987, 
1480.45,
9600.834,
129.6988,
49.48552,
242.2672,
228.9182,
235.1156,
98.10302,
26.71282,
529.7906,
6429.995,
1457.692,
192.4897,
990.6242,
271.7613,
3566.836,
1052.559,
594.1019,
234.095,
741.6569,
113.9285,
40.56756,
1670.616,
531.8106,
58.3932,
65.05855,
0,
30633.56,
1988, 
1515.242,
9994.088,
132.2068,
49.78318,
251.4408,
258.6496,
256.2809,
103.0444,
28.43621,
549.8123,
6710.323,
1449.184,
201.956,
1022.019,
276.7496,
3655.659,
1210.954,
654.0702,
264.8067,
811.0926,
124.7463,
42.84843,
1765.054,
555.6596,
67.02898,
71.96432,
0,
32023.1,
1989, 
1483.342,
10901.34,
140.8454,
53.16128,
267.4602,
246.9449,
268.307,
107.5662,
30.08073,
562.0002,
6922.414,
1467.511,
217.7564,
1040.853,
278.4375,
3926.949,
1235.244,
714.7468,
288.8087,
871.9695,
136.9056,
47.40186,
1876.493,
596.215,
69.92011,
69.03201,
0,
33821.71,
1990, 
1436.263,
11106.87,
145.6216,
53.67679,
256.2019,
266.5554,
277.737,
109.5351,
34.61212,
571.1307,
7072.429,
1388.899,
240.5059,
1122.623,
345.2511,
3836.243,
1322.039,
768.481,
310.164,
926.4405,
150.6704,
56.30824,
2049.886,
611.2874,
76.10166,
76.82074,
0,
34612.35,
1991, 
1520.971,
11201.11,
149.8859,
52.22239,
272.471,
250.958,
292.9806,
111.9585,
36.86154,
572.0009,
7232.331,
1326.281,
245.1895,
1035.051,
295.7866,
3578.147,
1463.871,
836.733,
327.1022,
1107.926,
162.5717,
63.71798,
2117.667,
628.5199,
81.62889,
84.65985,
0,
35048.6,
1992, 
1556.499,
11404.15,
153.5216,
55.11226,
279.7776,
259.5921,
309.7213,
116.2096,
38.27847,
586.2977,
7283.499,
1229.989,
276.5526,
882.2156,
274.5859,
3096.075,
1556.873,
874.2772,
347.857,
1223.277,
176.1655,
69.62463,
2143.025,
641.115,
89.66232,
73.24719,
0,
34997.2,
1993, 
1610.648,
11678.13,
155.1134,
56.25817,
291.0169,
274.1852,
335.1328,
116.6375,
39.70725,
610.7072,
7298.468,
1225.031,
303.488,
801.2317,
231.332,
3130.292,
1603.985,
923.4208,
385.4879,
1262.621,
194.2901,
77.83173,
2167.243,
661.7288,
93.56868,
74.88862,
0,
35602.45,
1994, 
1699.403,
11974.63,
166.9021,
60.35763,
299.2079,
291.1623,
357.969,
116.6322,
40.54174,
631.965,
7453.934,
1295.434,
319.3134,
728.2868,
227.8924,
2761.053,
1705.699,
991.0361,
432.8056,
1370.058,
219.3763,
86.55471,
2267.631,
682.3998,
98.37182,
72.59633,
0,
36351.21,
1995, 
1717.086,
12318.43,
169.9527,
63.69678,
314.1815,
304.983,
378.6094,
123.3258,
44.28273,
640.483,
7649.983,
1299.814,
357.0422,
764.2521,
226.1077,
2754.3,
1790.839,
1074.737,
482.8535,
1491.024,
243.2138,
100.4011,
2305.061,
701.6384,
104.592,
74.1899,
0,
37495.08,
1996, 
1768.09,
12615.66,
162.1053,
67.02727,
329.8454,
319.2337,
427.8751,
128.4738,
46.34428,
668.2746,
7772.4,
1431.157,
388.2145,
766.6415,
218.4149,
2719.864,
1865.739,
1133.947,
535.2882,
1565.928,
264.9116,
116.5101,
2372.293,
716.3591,
109.6288,
66.99323,
0,
38577.22,
1997, 
1794.264,
12920.26,
174.6993,
72.52694,
346.9769,
344.8053,
460.6615,
129.0093,
49.94328,
692.3865,
7927.391,
1457.715,
423.1071,
759.6354,
214.3739,
2676.634,
2017.887,
1196.011,
585.3302,
1660.302,
283.6671,
123.0142,
2426.221,
739.8536,
113.8067,
70.29777,
0,
39660.78,
1998, 
1772.364,
13230.07,
187.8199,
77.79244,
357.7223,
363.3106,
491.8401,
125.9948,
51.34665,
682.2107,
8104.374,
1478.528,
450.825,
729.9641,
206.3667,
2709.368,
2276.146,
1280.374,
574.0339,
1740.548,
279.6669,
126.7843,
2431.173,
783.3546,
117.968,
91.88126,
0,
40721.83,
1999, 
1808.989,
13433.95,
198.5968,
83.8923,
371.5759,
363.7573,
521.2324,
132.2802,
52.84955,
680.4791,
8198.019,
1448.144,
466.1086,
757.5746,
202.8203,
2781.96,
2181.883,
1375.182,
638.8694,
1813.052,
299.0753,
148.039,
2467.299,
824.6306,
117.8355,
99.44621,
0,
41467.54,
2000, 
1862.728,
14056.62,
211.4654,
85.84206,
385.2511,
382.4601,
555.1174,
136.4384,
54.78146,
712.5953,
8233.311,
1540.015,
503.9788,
749.067,
206.7953,
2919.784,
2198.634,
1452.348,
756.1895,
2049.353,
324.6765,
159.5299,
2577.546,
847.9666,
128.5079,
108.2366,
0,
43199.24,
2001, 
1816.747,
13403.62,
217.7494,
88.1415,
377.3857,
380.3739,
587.2418,
145.1077,
57.31829,
689.0657,
8215.559,
1679.271,
511.2496,
797.6316,
198.3917,
3050.252,
2298.491,
1508.043,
807.5583,
2258.667,
344.9309,
168.4672,
2556.896,
898.7898,
144.2054,
121.9356,
0,
43323.09,
2002, 
1841.276,
13731.03,
220.9951,
91.91021,
400.2646,
375.7025,
614.9117,
154.1787,
57.48305,
745.5156,
8027.68,
1605.427,
539.6796,
792.7482,
202.1996,
2944.478,
2386.734,
1554.576,
862.9415,
2445.961,
365.7004,
178.4115,
2611.31,
897.2431,
152.1188,
129.9191,
0,
43930.4,
2003, 
1792.679,
13846.29,
270.5548,
93.97658,
416.4984,
394.8454,
646.1064,
152.245,
60.92352,
780.3915,
7961.804,
1614.683,
582.8206,
821.0424,
215.0458,
3000.306,
2509.429,
1658.88,
900.2726,
2803.037,
395.289,
186.3628,
2612.132,
853.205,
161.523,
124.367,
0,
44854.71,
2004, 
1818.883,
14281.67,
269.8674,
94.54964,
445.4947,
421.1946,
684.6377,
168.1958,
66.08764,
806.4377,
7883.23,
1710.046,
622.242,
858.0009,
222.8513,
3095.247,
2672.821,
1766.085,
949.1993,
3214.87,
422.1391,
198.9952,
2692.478,
873.1368,
174.5772,
133.4778,
0,
46546.41,
2005, 
1775.025,
14206,
283.3749,
99.50435,
458.3844,
438.1018,
700.2045,
178.5921,
71.35685,
816.7433,
7786.418,
1680.848,
660.109,
833.0317,
228.2403,
3493.342,
2682.939,
1878.706,
1011.509,
3638.862,
455.4141,
212.4939,
2756.898,
866.4669,
187.964,
143.6459,
0,
47544.18,
2006, 
1708.707,
14009.73,
291.2734,
105.3141,
479.0297,
463.6031,
742.3033,
189.2679,
76.12489,
855.6101,
7628.287,
1706.693,
708.8281,
870.43,
233.4929,
3506.853,
2837.534,
2033.504,
1043.071,
4182.349,
481.4705,
216.279,
2810.953,
861.8973,
198.9544,
147.2115,
0,
48388.77,
2007, 
1810.552,
13963.27,
302.525,
108.2867,
507.7167,
474.8449,
821.9182,
200.1001,
83.14756,
876.6226,
7384.703,
1696.001,
765.9861,
884.9896,
243.1372,
3524.719,
3059.899,
2184.046,
1102.11,
4821.803,
510.2037,
220.8197,
2897.217,
902.6995,
205.7883,
150.9808,
0,
49704.09,
2008, 
1798.191,
13369.67,
306.9313,
106.518,
528.8575,
506.0761,
859.4301,
204.1429,
83.40903,
873.1901,
7344.732,
1695.033,
776.5011,
838.0068,
223.15,
3586.375,
3192.401,
2101.901,
1180.917,
5364.207,
522.8708,
225.7817,
2802.527,
899.4648,
214.3777,
153.4855,
0,
49758.15,
2009, 
1718.226,
12333.32,
302.8715,
106.3455,
534.5745,
512.0449,
979.0433,
212.6052,
92.04329,
851.6694,
6860.896,
1639.622,
758.7083,
723.3421,
213.9592,
3378.953,
3522.726,
2257.483,
1237.603,
6262.784,
549.3084,
230.8491,
2799.099,
814.7194,
223.5797,
166.679,
0,
49283.06,
2010, 
1707.854,
12360.69,
320.1096,
111.1422,
593.7133,
506.8521,
1066.771,
229.9975,
107.0419,
887.3819,
7298.589,
1707.531,
819.6859,
744.0278,
236.1022,
3392.698,
3691.152,
2436.097,
1337.122,
7649.78,
600.299,
249.011,
2894.378,
834.1621,
231.4498,
175.9844,
0,
52189.63,
2011, 
1784.759,
11535.8,
354.1808,
116.3201,
615.4075,
523.8562,
1101.909,
237.341,
126.9863,
896.201,
7637.828,
1740.195,
885.0342,
759.1366,
228.4115,
3467.832,
3852.349,
2711.305,
1395.334,
9507.629,
632.6878,
265.2378,
3040.746,
809.005,
247.5687,
179.7545,
0,
54652.81,
2012, 
1743.71,
11163.61,
369.5076,
120.6244,
648.9515,
559.3382,
1173.34,
244.5608,
142.8104,
891.0789,
8123.123,
1678.068,
955.2814,
764.5135,
243.2499,
3475.319,
4118.686,
2865.193,
1459.421,
11114.39,
706.8626,
277.7103,
3242.934,
822.2358,
268.0855,
184.7191,
0,
57357.33,
2013, 
1650.998,
10872.49,
362.6479,
126.7407,
676.1642,
600.72,
1242.631,
275.7027,
156.9242,
904.826,
7861.082,
1675.661,
966.592,
748.9868,
292.0388,
3489.087,
4380.969,
3080.832,
1536.89,
13488.9,
788.4824,
305.8941,
3975.91,
856.4916,
305.6919,
194.7645,
0,
60818.12,
2014, 
1609.321,
10801.04,
382.6784,
131.6712,
718.3951,
604.8942,
1322.988,
292.6454,
180.2668,
1082.777,
7959.125,
1655.264,
1019.614,
712.2654,
266.8196,
3521.772,
4765.341,
3491.025,
1641.933,
16178.31,
920.3459,
328.4897,
4785.544,
831.9721,
336.0201,
221.5208,
0,
65762.03,
2015, 
1519.108,
11333,
398.3332,
143.8024,
721.6291,
649.6258,
1501.205,
321.9518,
206.6979,
1167.244,
7322.77,
1605.616,
1089.808,
655.8775,
277.5446,
3542.611,
5335.466,
3864.12,
1800.845,
19928.32,
1040.542,
350.1572,
6662.442,
873.9664,
362.2038,
233.1805,
0,
72908.06,
2016, 
1500.064,
10901.97,
422.5167,
147.5896,
759.3531,
658.6743,
1655.519,
336.0601,
220.666,
1348.929,
7673.9,
1624.527,
1266.505,
657.2842,
329.6445,
3547.99,
5913.268,
4428.579,
1958.915,
23587.88,
1274.61,
378.2671,
7921.452,
935.0043,
429.118,
228.0351,
0,
80106.31,
2017, 
1546.858,
11228.2,
427.9474,
147.052,
810.8624,
659.5185,
1718.577,
361.1906,
237.4504,
1540.092,
7934.723,
1622.499,
1371.176,
677.4003,
417.3884,
3614.292,
6082.745,
5111.47,
2186.709,
29354.1,
1407.069,
402.9171,
9236.573,
1021.422,
494.1226,
249.4196,
0,
89861.77,
2018, 
1502.534,
11710.72,
453.0972,
155.3793,
846.0096,
670.2769,
2018.538,
408.7069,
292.3488,
1818.953,
8523.008,
1851.451,
2825.72,
752.2437,
432.9581,
3620.267,
6174.548,
6038.436,
2476.261,
36031.55,
1541.89,
470.3896,
10561.98,
1180.369,
542.8895,
280.0715,
0,
103180.6,
2019, 
1555.224,
11836.09,
421.9627,
161.4395,
904.2556,
635.574,
2248.068,
449.0652,
337.1821,
1908.543,
9791.924,
1775.808,
3167.856,
939.9736,
474.2956,
3686.078,
7275.57,
6722.604,
2923.142,
42049.7,
2110.488,
516.5736,
11909.99,
1372.122,
579.3184,
327.6998,
0,
116080.5,
2020, 
1528.906,
11434.45,
429.8227,
151.92,
876.3573,
628.7607,
2315.204,
484.4217,
360.1063,
2086.595,
10992.33,
1933.61,
3521.959,
1033.332,
450.5237,
3584.631,
7976.136,
7079.198,
3471.393,
51198.38,
2836.63,
520.8618,
13455.68,
1605.546,
613.7017,
333.8069,
0,
130904.3,
2021, 
1572.212,
12524.38,
461.4666,
166.3004,
966.842,
706.1447,
2449.963,
537.29,
407.8345,
2220.717,
11695.84,
2256.854,
3993.698,
1085.644,
555.6369,
3758.326,
8686.951,
8036.335,
4206.694,
62338.95,
4249.324,
561.58,
15027.49,
1953.999,
707.0136,
369.9539,
0,
151497.5,
2022, 
1603.187,
13483.85,
531.2464,
177.3976,
1022.708,
705.1703,
2512.847,
639.5611,
471.7879,
2250.447,
13238.44,
2548.634,
4503.871,
955.7322,
623.1571,
3725.277,
10334.98,
9566.701,
4633.828,
72646.85,
4431.441,
614.6155,
16392.32,
2350.347,
818.4116,
495.1921,
0,
171278,
2023, 
1586.854,
15286.02,
553.0646,
185.1337,
1097.118,
723.8344,
2728.875,
764.2933,
506.2569,
2252.926,
15511.73,
3005.217,
5088.913,
983.7375,
716.3785,
3785.458,
12141.31,
10548.36,
5124.051,
98354.73,
4789.729,
681.1277,
17106.62,
2900.457,
862.8447,
533.5869,
0,
207818.6,
2024, 
1367.863,
18050.64,
580.3774,
193.4612,
1140.591,
754.8831,
3012.917,
853.6816,
539.0615,
2390.521,
17833.62,
3591.723,
8233.947,
806.761,
804.2294,
3797.235,
13319.04,
12660.12,
5327.619,
128510.9,
5086.924,
734.7101,
17535.15,
3759.935,
950.5067,
587.3317,
0,
252423.8,
2025, 
1380.587,
22285.09,
586.0764,
287.1753,
1292.139,
803.1234,
3239.491,
960.8737,
940.4536,
3127.283,
19661.21,
4047.247,
8996.993,
848.3535,
875.6286,
3789.625,
29381.42,
17335.38,
6175.925,
141020.8,
5770.849,
1392.383,
20352.68,
4878.501,
1263.481,
664.7803,
0,
301357.5,
2026, 
1340.967,
24399.01,
605.8199,
310.7707,
1301.197,
833.944,
2960.891,
1030.884,
1268.333,
2738.388,
21681.77,
4438.606,
8420.664,
922.9241,
1398.801,
3783.19,
27106.19,
21388.14,
6255.973,
178823.8,
6328.246,
1669.795,
20943.69,
5820.296,
1630.432,
651.4313,
0,
348054.1,
2027, 
1311.595,
26791.52,
632.9555,
397.7977,
1315.094,
877.0619,
2747.169,
1340.514,
1668.092,
2411.534,
23565.7,
4865.137,
8269.577,
1056.377,
2269.229,
3775.824,
29207.92,
26061.73,
6684.244,
209415.3,
7428.244,
3122.434,
21791.3,
7139.712,
2221.07,
629.6136,
0,
396996.8,
2028, 
1355.915,
28400.06,
683.0284,
525.0491,
1329.713,
922.5521,
2504.456,
1899.845,
2061.732,
2157.545,
25903.84,
5579.707,
8352.574,
1193.913,
3642.984,
3756.198,
33685.88,
31771.43,
6786.138,
249742.7,
9795.455,
5742.471,
23075.02,
8644.196,
3333.322,
618.7492,
0,
463464.4,
2029, 
1481.619,
30125.1,
739.1053,
663.2824,
1356.164,
1178.635,
2291.214,
2659.649,
2277.599,
1984.104,
28337.96,
6246.192,
8989.124,
1276.324,
5348.739,
3740.442,
38393.21,
38255.93,
6885.765,
290769.3,
12967.1,
9054.366,
24099.76,
10557.98,
4531.444,
594.4806,
0,
534804.6,
2030, 
1487.526,
31741.97,
810.1564,
853.5117,
1373.632,
1420.673,
2019.857,
3516.749,
2265.22,
1884.055,
29680.12,
6823.805,
9804.282,
1408.007,
8122.138,
3736.391,
38116.77,
44911.21,
6951.094,
329447.9,
16485.06,
12545.43,
25196.18,
12627.55,
5676.3,
530.329,
0,
599435.9,
2031, 
1520.591,
33596.3,
1037.714,
1166.439,
1403.1,
1752.086,
1914.701,
3839.952,
2168.13,
1838.806,
31511.38,
7367.164,
10087.58,
1547.099,
11420.41,
3707.356,
37388.11,
51472.85,
7235.219,
376048.7,
20256.4,
15728.15,
26167.93,
14558.98,
6739.767,
451.6642,
0,
671926.6,
2032, 
1632.867,
37520.75,
1306.725,
1722.765,
1489.028,
2291.094,
1976.729,
3808.119,
1889.422,
1867.129,
33747.34,
7976.03,
10488.82,
1691.674,
14764.97,
3699.039,
35835.93,
58472.02,
7472.087,
433229.4,
24300.14,
16108.25,
27191.87,
16738.96,
7699.889,
364.4172,
0,
755285.4,
2033, 
1727.995,
41854.59,
1505.824,
2438.602,
1594.29,
3032.823,
2402.929,
3641.208,
1506.23,
1977.406,
38961.46,
8563.68,
10798.93,
1802.704,
17315.05,
3646.571,
33849.72,
69147.82,
7674.152,
493945.9,
28010.06,
16889.17,
27973.55,
18998.16,
8632.068,
265.1791,
0,
848156.1,
2034, 
1926.228,
46446.39,
1564.992,
3380.3,
1711.232,
4032.743,
3177.151,
3355.389,
1151.094,
1877.308,
57940.11,
9147.36,
10789.73,
1927.304,
19400.12,
3634.967,
32329.16,
91432.1,
7973.961,
582084.9,
31926.17,
18075.06,
28366.04,
21533.79,
10041.14,
187.1202,
0,
995411.8,
2035, 
2240.447,
51294.33,
1594.89,
4496.908,
1860.448,
9960.499,
3990.536,
2996.558,
822.2517,
1633.326,
81811.91,
9657.56,
10714.2,
2028.121,
21115.44,
3626.716,
31236.96,
121701.6,
8295.98,
686723.6,
36482.19,
19999.82,
28151.71,
24501.2,
12366.28,
120.0863,
0,
1179424,
2036, 
2663.127,
58007.34,
1619.91,
6069.97,
2173.335,
22131.4,
5048.478,
3409.763,
765.2834,
1806.521,
109885.7,
10949.78,
12341.39,
2124.493,
24012.94,
3624.604,
36306.53,
154353.7,
8597.946,
806602.1,
41714.73,
22097.19,
27829.85,
27919.62,
15561.76,
139.7412,
0,
1407757,
2037, 
3114.055,
67044.05,
1660.931,
8265.735,
2268.214,
41687.2,
6083.193,
3861.369,
722.3205,
1981.812,
135474.5,
13098.07,
14053.62,
2250.68,
27301.45,
3629.02,
40621.45,
195949.1,
8795.352,
927567,
47970.23,
24556.1,
27208.63,
32407.66,
19841.68,
167.0814,
0,
1657581,
2038, 
3667.465,
79196.92,
1731.661,
11780.8,
2246.655,
69044.48,
6963.714,
4361.909,
686.8384,
2149.46,
162744.6,
15930.91,
15685.34,
2457.512,
33614.6,
3638.04,
45504.97,
249209.4,
9093.986,
1121328,
54931.55,
27060.87,
28252.49,
37014.55,
25224.04,
213.2737,
0,
2013734,
2039, 
4154.763,
94335.27,
1817.363,
19893.93,
2263.775,
105477.5,
7643.513,
4923.237,
668.2372,
2321.767,
184376.1,
20169.89,
17369.47,
2767.753,
42663.35,
3650.093,
50351.2,
337291.6,
9509.236,
1438914,
62746.81,
29533.49,
28553.01,
41560.8,
31465.12,
256.0756,
0,
2544677,
2040, 
4702.146,
118843.9,
1935.771,
31595.94,
2314.334,
137964.1,
8122.748,
5535.092,
655.8523,
2535.42,
194889.4,
27426.12,
19105.92,
3120.936,
54470.65,
3679.976,
55839.09,
457748.4,
9923.171,
1693704,
71275.91,
32365.16,
28538.91,
45746.63,
38788.52,
315.5599,
0,
3051144,
2041, 
5781.5,
152377.4,
2077.6,
42433.57,
2381.107,
154866.8,
8603.956,
6209.972,
646.8756,
2866.346,
203451.5,
38480.86,
21259.8,
3450.08,
77152.42,
3755.193,
60027.04,
609758.8,
10571.53,
2019205,
80754.24,
35902.31,
28809.54,
49936.34,
47763.09,
381.7808,
0,
3668905,
2042, 
7710.142,
185996.8,
2263.536,
53986.89,
2463.498,
170765.4,
9114.158,
6954.088,
645.9768,
3407.347,
213317,
60007.46,
23593.31,
3598.63,
102522.2,
3870.691,
65335.23,
753347.3,
11440.91,
2363911,
91405.56,
39122.75,
29228.34,
54935.91,
56708.41,
454.2342,
0,
4316107,
2043, 
9979.678,
221075.8,
2588.105,
68146.17,
2549.574,
198552,
9622.615,
7708.094,
647.5126,
4045.68,
223415,
90368.05,
27972.58,
3727.744,
129661.8,
4056.357,
71411.75,
888775.8,
12543.82,
2713996,
102798.5,
42713.77,
30062.19,
60537.91,
68906.79,
564.6605,
0,
4996428,
2044, 
12892.55,
258303.7,
3042.124,
85837.67,
2678.756,
230927,
10536.59,
8887.3,
649.9711,
4678.928,
251380.4,
120203.2,
36540.77,
3884.923,
154166.4,
4354.885,
79023.36,
1070266,
13150.15,
3105605,
114393.1,
46765.45,
31648.87,
65732.56,
84538.29,
761.2234,
0,
5800850,
2045, 
15391.35,
298559.3,
4063.656,
103488.1,
2841.309,
273872.2,
13866.97,
10636.58,
647.3086,
5451.474,
271277.1,
145729.6,
46178.83,
4105.195,
182555.3,
4833.93,
97180.71,
1264281,
13272.33,
3637265,
126957.2,
50321.62,
32908.85,
70201.84,
103480.5,
1014.741,
0,
6780382,
2046, 
19532.43,
337612.8,
7946.204,
114047.8,
3030.978,
333718.2,
19334.26,
12387.46,
638.9797,
6438.749,
288504.5,
168120.6,
57934.55,
4354.103,
207189.8,
5432.484,
124339.2,
1511100,
13344.53,
4198077,
141188.3,
53948.47,
34031.16,
74569.18,
122752.7,
1386.316,
0,
7860961,
2047, 
26953.02,
372355.1,
13839.83,
124598,
3274.393,
390238.5,
26475.86,
14215.74,
904.779,
7634.44,
301971.2,
184731.5,
70234.18,
4603.59,
226789.1,
6087.939,
165219.2,
1762016,
13314.32,
4717822,
156656.1,
57456.43,
34707.21,
78133.56,
146566.8,
1889.788,
0,
8908689,
2048, 
35253.8,
432214,
30176.4,
136965.2,
3611.643,
463998.8,
35477.18,
16645,
1840.368,
9166.243,
306732.7,
192717.1,
83472.63,
4913.109,
244035.8,
6727.154,
214439.5,
2016747,
13113.72,
5231658,
174560.3,
60962.09,
34683.29,
81696.37,
171331.8,
2439.897,
0,
1.000558e+07,
2049, 
46154.78,
489873.8,
62916.58,
158623.5,
4001.538,
519554.1,
45385.11,
19370.46,
3998.397,
14514.45,
300123.3,
199663.5,
94195.29,
6358.795,
259955.8,
7261.334,
252004.1,
2220769,
13271.55,
5677278,
211223,
62997.57,
34408.61,
84546.65,
195758.9,
2756.45,
0,
1.098696e+07,
2050, 
60156.92,
580761.6,
106349.8,
178657.1,
4440.179,
587077.4,
56003.53,
22332.85,
4887.622,
23461.17,
296190,
210595.4,
106854.5,
7850.008,
275955,
7701.575,
302355.3,
2350116,
13511.63,
6073454,
251764.3,
65882.07,
34159.91,
87277.87,
222320.8,
3097.2,
0,
1.193321e+07,
2051, 
70167.09,
683157,
135785.2,
196146,
4910.271,
643461.6,
66581.25,
25092.13,
5488.37,
34191.05,
292989.8,
220365.9,
123101.5,
9662.243,
298398.7,
8194.303,
342403.3,
2404509,
13504.98,
6558103,
290553.5,
69584.66,
34696.88,
87027.16,
253950,
3442.894,
0,
1.287547e+07,
2052, 
83010.63,
811398.5,
156653.6,
212080.5,
5339.435,
697622,
76474.53,
28307.17,
6083.409,
47769.37,
285113.8,
230187.9,
143223.4,
12262.97,
308819.9,
9041.688,
374870.6,
2400876,
13516.47,
7086926,
314732.6,
73005.03,
35953.93,
87175.86,
293351.8,
3805.695,
0,
1.37976e+07,
2053, 
98718.57,
950077.3,
177910.1,
225598.8,
5721.012,
747420.9,
90502.98,
32402.02,
7895.192,
64356.28,
279329.8,
238594.4,
163675.2,
15712.82,
320669.8,
10305.4,
401558,
2345767,
13564.13,
7380727,
331639.1,
76973.15,
37802.38,
90174.54,
338955.1,
4205.628,
0,
1.445026e+07,
2054, 
116332.7,
1126973,
198344.3,
235589.3,
6129.242,
801144.9,
113519.1,
36777.83,
10417.57,
83058.47,
273800.1,
247489.8,
191821.8,
20676.13,
335125.4,
12273.24,
427592.3,
2270806,
13516.02,
7597826,
345031.7,
77035.64,
40187.14,
97056.89,
416098.6,
4651.966,
0,
1.509928e+07,
2055, 
135599.5,
1329133,
221578.8,
240671.3,
7190.721,
836242.1,
134244.3,
41945.62,
11852.38,
104242.9,
266075.4,
253611.9,
218058.9,
30425.27,
348956.6,
14895.83,
468659.6,
2200775,
13335.9,
7795316,
352664.3,
78998.27,
42957.21,
105146,
480076.1,
5180.564,
0,
1.573783e+07,
2056, 
159413.7,
1551366,
247270,
245368.9,
8258.705,
872076.4,
180039.9,
47572.57,
13226.47,
126320,
256371.1,
257828.8,
241355.3,
43254.23,
368220.9,
17629.64,
524160.4,
2137224,
13173.86,
7924804,
366068.1,
81131.09,
46138.34,
119135.5,
526278.8,
5764.254,
0,
1.637945e+07,
2057, 
182759.8,
1778576,
273782.1,
249962,
10271.44,
909042.6,
247605.4,
54038.98,
13877.05,
150140.1,
243185.2,
261589.8,
257014.7,
58190.08,
393684.3,
19904.73,
586766.8,
2082946,
12936.71,
8027311,
383473.7,
83810.89,
49429.31,
130130.7,
606079.6,
6352.944,
0,
1.707286e+07,
2058, 
202540.9,
1981890,
306390.7,
254611.6,
12684.42,
952383.5,
326273.1,
60673.04,
17069.9,
174648.4,
235899.3,
261621.4,
263715.4,
73304.32,
417906.2,
21329.69,
651249.3,
2049658,
12687.45,
8156104,
399872.8,
86525.2,
52364.94,
140781.2,
703238.3,
7430.289,
0,
1.782285e+07,
2059, 
214209.6,
2199328,
341361.1,
260001.7,
15842.46,
996326.9,
388060.1,
68883.41,
26458.97,
198271.2,
241747.6,
263505,
267723.5,
88890.97,
439240.8,
21688.43,
760306.3,
2017175,
12373.43,
8275580,
414971.8,
90087.51,
55773.88,
152286.5,
816779.7,
8865.569,
0,
1.863574e+07,
2060, 
241205.9,
2407101,
376963.6,
262565.4,
20193.48,
1027743,
438013.5,
76728.81,
49277.16,
227217.2,
252285.2,
260456.4,
271842.4,
107241.1,
454264.8,
22051.58,
846740.3,
2005944,
12090.58,
8330054,
433327.3,
94515.79,
58355.14,
165128.3,
942656.3,
10493.14,
0,
1.939446e+07,
2061, 
246543.7,
2584293,
411894.9,
263154.4,
25208.36,
1057903,
475453.9,
83730.99,
90023.73,
250806.4,
261147.3,
251106.2,
275410,
125669.5,
474730.3,
22468.69,
917712.5,
2006949,
12373.93,
8384730,
466215.4,
100616.3,
60225.9,
177305.4,
1054881,
12218.55,
0,
2.009277e+07,
2062, 
254852.4,
2761745,
448001.4,
265231.8,
30772.47,
1085887,
497611.7,
94298.13,
180622.9,
278584.6,
274154.1,
232343.4,
278825.3,
146465.5,
495003.6,
22854.32,
991228.1,
2037264,
13265.06,
8429099,
504019,
107124.1,
61261.6,
192697,
1177556,
14164.19,
0,
2.087493e+07,
2063, 
255670.1,
2884493,
484345.4,
272656.9,
37659.69,
1111709,
515392.7,
114915.3,
300871.8,
301310.1,
288080.1,
213942.3,
281365.3,
166297.6,
518859.8,
23265.76,
1041397,
2057488,
13078.84,
8474076,
535758.8,
111437,
61316.21,
209556.2,
1277767,
16459.89,
0,
2.156917e+07,
2064, 
251697,
3006924,
502468.8,
283528.5,
46231.99,
1140679,
549867.2,
141971.6,
414941.7,
323337.4,
300742.1,
193681.1,
285077.6,
181443,
542790,
23684.25,
1063761,
2085023,
12959.61,
8514364,
563067,
112613.7,
59923.18,
226630,
1356723,
20242.04,
0,
2.220437e+07,
2065, 
243872,
3150624,
519439.3,
290851.1,
60689.18,
1168434,
607616.9,
166936.3,
486971.5,
335334.6,
313567.9,
172114.8,
287652.6,
190500.5,
568187,
24212.74,
1105646,
2105411,
12946.55,
8543610,
596929.9,
114485,
57563.89,
244258.5,
1468692,
25154.92,
0,
2.28617e+07,
2066, 
233961.6,
3289874,
535474.3,
297562.5,
81359.86,
1210248,
685977.1,
196114.1,
537093.3,
349288.9,
327385.5,
150430.3,
291208,
198518.7,
591919.9,
24821.3,
1179624,
2118988,
13122.64,
8566765,
629511.1,
115030.5,
54077.3,
265782.5,
1585003,
30841.59,
0,
2.355998e+07,
2067, 
225340.8,
3408511,
553082.5,
300750.8,
108553.5,
1266202,
791103.1,
223791.8,
596670.9,
362784.8,
341226.1,
129721,
295848.2,
204601.1,
619487.8,
25573.38,
1252201,
2106995,
13318.98,
8594100,
628799.3,
116794.6,
49650.74,
290531.1,
1697794,
37920.92,
0,
2.424135e+07,
2068, 
222937.3,
3479409,
572520.9,
295815.1,
142910.2,
1328208,
891567.6,
248083.5,
642735.3,
375727.3,
353087.1,
110814.3,
300234.9,
207835.9,
645599.5,
33060.46,
1343752,
2054006,
13643.96,
8635418,
633619.1,
119980.7,
45176.89,
316728.3,
1843986,
46355.06,
0,
2.490321e+07,
2069, 
221524.1,
3540076,
592174.5,
287304.2,
182158.7,
1378247,
994209.7,
269362.5,
682965.5,
389098.4,
365267.9,
93656.78,
305052.1,
209437.8,
668702.1,
40498.17,
1446920,
1958918,
14059.59,
8633428,
654854,
128211.3,
40826.97,
344965.4,
2016977,
61608.16,
0,
2.55205e+07,
2070, 
223443.8,
3604358,
617963.7,
278356.6,
244391.5,
1422364,
1086345,
300780.5,
727020.8,
404145.8,
378258.3,
79586.68,
307563.3,
210521,
686145.3,
49416.38,
1518006,
1867390,
14336.72,
8622097,
676238.3,
139039,
37351.89,
376085.8,
2202368,
84280.51,
0,
2.615785e+07,
2071, 
222896.3,
3665989,
645351.4,
266551.3,
302490,
1457869,
1158429,
330053.3,
770012.9,
429614.8,
387296.6,
70296.43,
311510.4,
210299.3,
694513.4,
58897.21,
1597696,
1832692,
13980.75,
8641391,
695396.8,
145363.5,
34846.22,
403973.5,
2414174,
110283.4,
0,
2.687187e+07,
2072, 
219328.1,
3716192,
671489.8,
258496.8,
430846,
1542763,
1210961,
370787.1,
824865.6,
456974.7,
391194.2,
65090.21,
315393.8,
208719.2,
693428.6,
69511.83,
1693923,
1849504,
13712.66,
8715946,
730340,
150500.2,
33836.44,
426381.5,
2624593,
142308.4,
0,
2.782709e+07,
2073, 
212505.8,
3753616,
694034.3,
263666,
556406,
1618434,
1251551,
431907.2,
895524.1,
484784.7,
383318.9,
65533.2,
318948.5,
206484.7,
683880.2,
79123.88,
1810912,
1897359,
14054.79,
8804087,
757692.9,
154261,
33255.43,
451831,
2758021,
180975.6,
0,
2.876217e+07,
2074, 
207370.8,
3796731,
728134.4,
271127.5,
690516,
1607045,
1284802,
517271.3,
948317.9,
509633.3,
378333.3,
71615.65,
321216.1,
203784.4,
667693.9,
90189.63,
1924560,
1953976,
15523.86,
8894447,
771649.8,
157819.5,
32895.28,
482320.9,
2878642,
217221.4,
0,
2.962284e+07,
2075, 
200328.2,
3832708,
756274.3,
283159.6,
826066.4,
1581585,
1333295,
625690.9,
1014555,
534579.2,
379254.5,
85145.68,
321565.4,
200908.2,
653101.1,
107766.9,
2035880,
2002285,
17312.05,
8972008,
778285.3,
159804.6,
32211.84,
510566.1,
3013090,
251556,
0,
3.050898e+07,
2076, 
193492.1,
3868059,
787932,
297409.6,
975655.6,
1569790,
1394051,
719970.3,
1075293,
550303.6,
386714.4,
100819.7,
321156.5,
197833.6,
649126.6,
123634.3,
2129274,
1999934,
19015.98,
9005640,
781669.7,
162153.6,
31728.79,
537492.7,
3139424,
287648.8,
0,
3.130522e+07,
2077, 
188980.7,
3908276,
833417.1,
307124.6,
1133997,
1560160,
1467465,
845114.3,
1139992,
564041.8,
409330.6,
115467.6,
321196,
195465.4,
650215.1,
140710.4,
2190303,
1962590,
20965.23,
9017487,
781196.7,
165343.4,
31217.88,
559428.2,
3267389,
319621.9,
0,
3.209649e+07,
2078, 
188728.2,
3953455,
849310.3,
307011.1,
1286803,
1559254,
1540128,
940684.1,
1204009,
582757.1,
425331.8,
130103.5,
321410,
194146,
652250.4,
156859.6,
2256292,
1934410,
23464.71,
8974283,
801523.6,
167215.7,
31626.04,
579308.6,
3373106,
366973.5,
0,
3.280044e+07,
2079, 
191328.9,
3988942,
883274.3,
304213.2,
1429035,
1565653,
1570642,
1070768,
1279271,
600254.7,
440389.4,
143900.2,
324448.9,
194462.3,
656396.5,
175944.5,
2333398,
1925514,
25536.44,
8920291,
804194.7,
169006.9,
31753.32,
598079.2,
3461237,
426374.8,
0,
3.351431e+07,
2080, 
194990.2,
4039159,
897405.9,
300730.6,
1589522,
1589373,
1601899,
1196765,
1367433,
627373,
446039.3,
165178.7,
330204.8,
196102.1,
668409.9,
192386.3,
2411032,
1934646,
27568.74,
8851484,
828123.7,
170886.9,
32418.57,
616905.9,
3523642,
507569.9,
0,
3.430725e+07,
2081, 
201882.6,
4092446,
929801.8,
297316.8,
1716829,
1606654,
1632530,
1255998,
1467508,
649506.5,
448036.8,
194813.6,
337642.1,
198330.4,
682478.6,
212041,
2493559,
1965877,
29505.94,
8771682,
850508.3,
169440.3,
33166.88,
635651.2,
3563279,
591552.9,
0,
3.502804e+07,
2082, 
213651.9,
4146120,
962647.4,
298725.6,
1831456,
1614160,
1669790,
1313083,
1584616,
676173.7,
442202.4,
231763.1,
342659.5,
200567,
696471.2,
233308.8,
2578247,
2001968,
31612.69,
8733240,
859862.6,
170003.7,
33976.98,
650282.8,
3596159,
687817.3,
0,
3.580057e+07,
2083, 
225328.9,
4204905,
1016005,
302704.5,
1934457,
1624298,
1711430,
1428045,
1685838,
689550.5,
434534.2,
277524,
345869.4,
202607.5,
717392.1,
253862.1,
2668046,
2030418,
33700.97,
8713652,
852245.9,
170304.7,
34905.88,
665582.2,
3621976,
765670,
0,
3.661085e+07,
2084, 
234111,
4258048,
1079579,
309735.9,
1998416,
1639663,
1753869,
1561190,
1785670,
706775.6,
429821.7,
328500.1,
347256.7,
204538.5,
740586.3,
277641.1,
2762033,
2047433,
35879.04,
8673556,
829014.1,
168181.8,
35377.3,
681688.7,
3691551,
839599.6,
0,
3.741971e+07,
2085, 
247070.8,
4294323,
1157865,
311255.6,
2055679,
1653450,
1794787,
1780175,
1850978,
719986.3,
420265.4,
377644.7,
347652.3,
206732.4,
762994.6,
307528.8,
2858013,
2033355,
38891.36,
8645978,
805744.6,
168799.9,
35708.52,
693499.6,
3780539,
898440.9,
0,
3.824736e+07,
2086, 
261104,
4308881,
1243608,
311675.8,
2127423,
1662254,
1837854,
2012771,
1887198,
742066.2,
430251.6,
402080.8,
348129,
209584.8,
786906.9,
339767.8,
2948844,
2029343,
41215.56,
8567223,
799446.3,
169040.6,
36260.61,
705081,
3878848,
943606.1,
0,
3.903046e+07,
2087, 
278718.1,
4309294,
1327640,
306880.8,
2200640,
1662876,
1919310,
2256219,
1958581,
758394.3,
457678,
426481.6,
349438.8,
213292.9,
812346.8,
379569.7,
3025697,
2022018,
42633.63,
8433263,
795351.1,
169653.6,
37722.1,
716611.1,
3960338,
986783.1,
0,
3.980743e+07,
2088, 
299829.1,
4303071,
1366069,
301553.7,
2270615,
1658606,
2014341,
2562399,
2040940,
773404.8,
492225.8,
450442.3,
349012.2,
216436.9,
835808,
420963.9,
3154940,
2009494,
43157.98,
8292121,
791370.3,
171380.3,
38062.96,
730858.1,
3998923,
1038359,
0,
4.062438e+07,
2089, 
320860.2,
4307044,
1411460,
287736.6,
2335231,
1648821,
2118638,
2839271,
2141545,
791029.7,
530927.8,
473740.3,
349929.1,
218611.1,
858885.6,
463321.1,
3292263,
1999914,
43075.98,
8149636,
788829.4,
172590.4,
39878.68,
745461.3,
4020098,
1086737,
0,
4.143553e+07,
2090, 
340639.5,
4304796,
1448596,
274194.2,
2393295,
1659718,
2217861,
3109744,
2281290,
802560.5,
554270.8,
491117.7,
350107.7,
220478.2,
878013.6,
502714.7,
3420564,
1998328,
43721.68,
8033006,
784101.8,
173469.2,
42224.52,
760549.9,
4053189,
1161913,
0,
4.230046e+07,
2091, 
361976.8,
4302052,
1470762,
255790.5,
2447408,
1668183,
2329358,
3339306,
2441018,
812766,
570855.6,
493696.6,
349208.4,
222291.2,
887002.7,
552681.3,
3554349,
2013684,
44718.17,
7958784,
778095.3,
176091.7,
43398.45,
775740.9,
4052051,
1248371,
0,
4.314964e+07,
2092, 
379352.3,
4294837,
1468997,
238989.2,
2505393,
1677545,
2463748,
3545306,
2573757,
825017.4,
577768.9,
494804.4,
347556.8,
223216,
895397.6,
602721.5,
3673864,
2032830,
45589.81,
7876829,
765181.9,
173070.1,
46318.1,
790322.6,
4040561,
1342886,
0,
4.390186e+07,
2093, 
401266.8,
4288382,
1464605,
227690.7,
2564303,
1679037,
2583659,
3741787,
2718313,
839149.7,
602790.6,
494680.8,
344363.4,
223200.4,
906328,
671650.5,
3742844,
2018601,
46499.07,
7817303,
752836.5,
172414.6,
56296.41,
803719.3,
3939958,
1445139,
0,
4.454682e+07,
2094, 
422975.9,
4273763,
1471792,
224435.9,
2621344,
1681065,
2683674,
3931841,
2837137,
853201.4,
628267.4,
493506.3,
340941.4,
222240.5,
915103.7,
752383.3,
3822387,
1984288,
47772.43,
7750551,
749821.9,
167721.4,
65541.65,
809955.6,
3868379,
1535910,
0,
4.5156e+07,
2095, 
442421.9,
4261700,
1475289,
222471.8,
2689996,
1672461,
2769325,
4095786,
2957880,
867328,
650243.2,
489378.3,
337923.7,
219968.5,
927245.6,
827855.3,
3911395,
1968201,
48662.38,
7666224,
758353.8,
166520,
73518.2,
821777.8,
3813886,
1630701,
0,
4.576651e+07,
2096, 
463836.3,
4249562,
1495809,
225744.2,
2772431,
1659704,
2852952,
4356825,
3047451,
881928.4,
690057.4,
482864.1,
334572.9,
217645.3,
936735.4,
889461.8,
3990757,
1956446,
48962.33,
7610447,
786929.5,
162611.8,
84168.55,
832170.4,
3791590,
1727905,
0,
4.654956e+07,
2097, 
483907.8,
4226628,
1523973,
230792.6,
2878764,
1652308,
2934223,
4788320,
3219795,
895300.6,
751889.9,
477037,
330283.3,
216578.9,
943171,
933762.2,
4045478,
1945258,
48209.31,
7560032,
813076.4,
162218.4,
93430.09,
865567.6,
3829801,
1861009,
0,
4.771082e+07,
2098, 
494766.9,
4201408,
1570855,
234769.6,
2977488,
1651638,
3019373,
5035150,
3313298,
908615.4,
793559.6,
471843.7,
329079.2,
216050.8,
945732.1,
977408.3,
4075890,
1950876,
47332.58,
7524643,
856870.2,
162781.3,
102414.5,
870875.8,
3963447,
1951710,
0,
4.864788e+07,
2099, 
503624.8,
4216470,
1612387,
232323.8,
3077501,
1642247,
3049955,
5283719,
3400161,
924335.4,
836437.1,
468333.5,
328808.8,
215542.7,
945000.1,
1014012,
4109048,
1972500,
46809.47,
7515918,
894549.9,
164905.7,
111162.5,
882650.9,
4100919,
2053605,
0,
4.960292e+07,
2100, 
512544.7,
4214636,
1636919,
228940.6,
3164903,
1641095,
3146997,
5564627,
3489411,
941946.9,
869179,
464250.4,
329335.9,
216384,
939259.3,
1059097,
4147337,
1973288,
47961.05,
7523678,
926427.5,
169902.6,
119674.1,
897310.3,
4223053,
2153239,
0,
5.060139e+07];
