real main.em.ep.ncl.NuclFuelEff[27](t) = [1971, 
170,
170,
170,
170,
170,
170,
170,
170,
170,
170,
170,
170,
170,
170,
170,
170,
170,
170,
170,
170,
170,
170,
170,
170,
170,
170,
0,
1972, 
170,
170,
170.3448,
170,
170.3448,
170.3448,
170.3448,
170.3448,
170.3448,
170.3448,
170,
170.3448,
170.3448,
170.3448,
170.3448,
170,
170.3448,
170,
170.3448,
170.3448,
170.3448,
170.3448,
170,
170.3448,
170.3448,
170.3448,
0,
1973, 
170.1724,
170.1724,
170.6897,
170.1724,
170.6897,
170.6897,
170.6897,
170.6897,
170.6897,
170.6897,
170.1724,
170.6897,
170.6897,
170.6897,
170.6897,
170.1724,
170.6897,
170.1724,
170.6897,
170.6897,
170.6897,
170.6897,
170.1724,
170.6897,
170.6897,
170.6897,
0,
1974, 
170.3448,
170.3448,
171.0345,
170.3448,
171.0345,
171.0345,
171.0345,
171.0345,
171.0345,
171.0345,
170.3448,
171.0345,
171.0345,
171.0345,
171.0345,
170.3448,
171.0345,
170.3448,
171.0345,
171.0345,
171.0345,
171.0345,
170.3448,
171.0345,
171.0345,
171.0345,
0,
1975, 
170.5172,
170.5172,
171.3793,
170.5172,
171.3793,
171.3793,
171.3793,
171.3793,
171.3793,
171.3793,
170.5172,
171.3793,
171.3793,
171.3793,
171.3793,
170.5172,
171.3793,
170.5172,
171.3793,
171.3793,
171.3793,
171.3793,
170.5172,
171.3793,
171.3793,
171.3793,
0,
1976, 
171.327,
171.3623,
171.7241,
170.5172,
171.7241,
171.3793,
171.7241,
171.7241,
171.7241,
171.7241,
171.3228,
171.3793,
171.7241,
171.7241,
171.3793,
171.3486,
171.7241,
171.2341,
171.7241,
171.7241,
171.7241,
171.7241,
171.3629,
171.7241,
171.3793,
171.7241,
0,
1977, 
171.333,
171.4064,
172.069,
170.5172,
172.069,
171.3793,
172.069,
172.069,
172.069,
172.069,
171.4478,
171.3793,
172.069,
172.069,
171.3793,
171.5026,
172.069,
171.2539,
172.069,
172.069,
172.069,
172.069,
171.4782,
172.069,
171.3793,
172.069,
0,
1978, 
171.6898,
171.503,
172.4138,
170.5172,
172.4138,
171.3793,
172.4138,
172.4138,
172.4138,
172.4138,
171.6004,
171.3793,
172.4138,
172.4138,
171.3793,
171.5482,
172.4138,
171.2856,
172.4138,
172.4138,
172.4138,
172.4138,
171.4801,
172.4138,
171.3793,
172.4138,
0,
1979, 
171.8529,
171.5842,
172.7586,
170.5172,
172.7586,
171.3793,
172.7586,
172.7586,
172.7586,
172.7586,
171.7551,
171.3793,
172.7586,
172.4138,
171.3793,
171.5524,
172.7586,
171.3277,
172.4138,
172.4138,
172.7586,
172.7586,
171.7984,
172.7586,
171.3793,
172.7586,
0,
1980, 
172.0194,
171.5955,
173.1035,
170.5172,
173.1035,
171.3793,
173.1035,
173.1035,
173.1035,
173.1035,
171.9291,
171.6823,
173.1035,
172.4138,
171.3793,
171.7449,
173.1035,
171.3793,
172.4138,
172.5862,
173.1035,
173.1035,
172.048,
173.1035,
171.3793,
173.1035,
0,
1981, 
172.1633,
171.655,
173.4483,
170.5172,
173.4483,
171.3793,
173.4483,
173.4483,
173.4483,
173.4483,
172.1892,
171.6823,
173.4483,
172.4138,
171.3793,
172.0715,
173.4483,
171.4393,
172.4138,
172.5862,
173.4483,
173.4483,
172.0497,
173.4483,
171.3793,
173.4483,
0,
1982, 
172.3306,
171.7886,
173.4483,
170.5172,
173.4483,
171.6534,
173.7931,
173.7931,
173.7931,
173.4483,
172.3811,
172.4267,
173.7931,
172.6927,
171.3793,
172.2091,
173.7931,
172.2115,
172.9527,
172.5862,
173.7931,
173.7931,
172.1927,
173.7931,
171.4298,
173.7931,
0,
1983, 
172.499,
171.9276,
173.6207,
170.5172,
173.6207,
171.9037,
174.1379,
174.1379,
174.1379,
173.6207,
172.5679,
172.8319,
174.1379,
172.9264,
171.3793,
172.3531,
174.1379,
172.6506,
173.2406,
172.5862,
174.1379,
174.1379,
172.3413,
174.1379,
171.486,
174.1379,
0,
1984, 
172.6683,
172.071,
173.7931,
170.5172,
173.7931,
172.1377,
174.4828,
174.4828,
174.4828,
173.7931,
172.7513,
173.1306,
174.4828,
173.1386,
171.3793,
172.5018,
174.4828,
172.9738,
173.4695,
172.5862,
174.4828,
174.4828,
172.4938,
174.4828,
171.5477,
174.4828,
0,
1985, 
172.8381,
172.2178,
173.9655,
170.5172,
173.9655,
172.36,
174.8276,
174.8276,
174.8276,
173.9655,
172.9324,
173.3823,
174.8276,
173.339,
171.3793,
172.6541,
174.8276,
173.2432,
173.6755,
172.5862,
174.8276,
174.8276,
172.6495,
174.8276,
171.6144,
174.8276,
0,
1986, 
173.0084,
172.3676,
174.1379,
170.5172,
174.1379,
172.5737,
175.1724,
175.1724,
175.1724,
174.1379,
173.1119,
173.6091,
175.1724,
173.5321,
171.3793,
172.8094,
175.1724,
173.4832,
173.8701,
172.5862,
175.1724,
175.1724,
172.8076,
175.1724,
171.6858,
175.1724,
0,
1987, 
173.179,
172.5199,
174.3103,
170.5172,
174.3103,
172.7807,
175.5172,
175.5172,
175.5172,
174.3103,
173.2901,
173.8212,
175.5172,
173.7205,
171.3793,
172.9669,
175.5172,
173.7054,
174.0583,
172.5862,
175.5172,
175.5172,
172.9677,
175.5172,
171.7616,
175.5172,
0,
1988, 
173.3499,
172.6743,
174.4828,
170.5172,
174.4828,
172.9827,
175.8621,
175.8621,
175.8621,
174.4828,
173.4675,
174.0237,
175.8621,
173.9055,
171.3793,
173.1263,
175.8621,
173.916,
174.2425,
172.5862,
175.8621,
175.8621,
173.1293,
175.8621,
171.8415,
175.8621,
0,
1989, 
173.521,
172.8304,
174.6552,
170.5172,
174.6552,
173.1806,
176.2069,
176.2069,
176.2069,
174.6552,
173.6441,
174.2199,
176.2069,
174.0882,
171.3793,
173.2872,
176.2069,
174.1187,
174.4241,
172.5862,
176.2069,
176.2069,
173.2922,
176.2069,
171.9253,
176.2069,
0,
1990, 
173.6923,
172.988,
174.8276,
170.5172,
174.8276,
173.3753,
176.5517,
176.5517,
176.5517,
174.8276,
173.8201,
174.4115,
176.5517,
174.2692,
171.3793,
173.4494,
176.5517,
174.3157,
174.6038,
172.5862,
176.5517,
176.5517,
173.4562,
176.5517,
172.0127,
176.5517,
0,
1991, 
173.6923,
173.0888,
175,
170.5172,
175,
173.5672,
176.8965,
176.8965,
176.8965,
174.9655,
173.8201,
174.5997,
176.8965,
174.2692,
171.3793,
173.6126,
176.8965,
174.5084,
174.7822,
172.5862,
176.8965,
176.8965,
173.4562,
176.8965,
172.1035,
176.8965,
0,
1992, 
173.6923,
173.0956,
175.3062,
170.5172,
175,
173.5672,
177.2414,
177.2414,
177.2414,
174.9655,
173.8201,
174.63,
177.2414,
174.2692,
171.3793,
173.6653,
177.2414,
174.687,
174.8877,
172.5862,
177.2414,
177.2414,
173.4562,
177.2414,
172.1035,
177.2414,
0,
1993, 
173.6923,
173.1031,
175.5751,
170.5172,
175,
173.5672,
177.5862,
177.5862,
177.5862,
174.9655,
173.8201,
174.664,
177.5862,
174.2692,
171.3793,
173.7218,
177.5862,
174.8646,
174.9995,
172.5862,
177.5862,
177.5862,
173.4562,
177.5862,
172.1035,
177.5862,
0,
1994, 
173.6923,
173.1111,
175.8205,
170.5172,
175,
173.5672,
177.931,
177.931,
177.931,
174.9655,
173.8201,
174.6693,
177.931,
174.2692,
171.3793,
173.7818,
177.931,
175.0416,
175.1168,
172.7416,
177.931,
177.931,
173.4562,
177.931,
172.1035,
177.931,
0,
1995, 
173.6923,
173.1198,
176.0501,
170.5172,
175,
173.5672,
178.2759,
178.2759,
178.2759,
174.9655,
173.8201,
174.6693,
178.2759,
174.2692,
171.3793,
173.8453,
178.2759,
175.218,
175.2389,
174.039,
178.2759,
178.2759,
173.4562,
178.2759,
172.1035,
178.2759,
0,
1996, 
173.6923,
173.129,
176.2684,
170.5172,
175,
173.5672,
178.6207,
178.6207,
178.6207,
174.9655,
173.8201,
174.6693,
178.6207,
174.2692,
171.3793,
173.9121,
178.6207,
175.394,
175.3652,
174.8863,
178.6207,
178.6207,
173.4562,
178.6207,
172.1035,
178.6207,
0,
1997, 
173.6923,
173.1388,
176.2811,
170.5172,
176.091,
173.5672,
178.9655,
178.9655,
178.9655,
174.9655,
173.8201,
174.6693,
178.9655,
174.2692,
171.3793,
173.9185,
178.9655,
175.6904,
175.6203,
174.8863,
178.9655,
178.9655,
173.4562,
178.9655,
174.2171,
178.9655,
0,
1998, 
173.6923,
173.1492,
176.2954,
170.5172,
176.7567,
173.5672,
179.3103,
179.3103,
179.3103,
174.9655,
173.8201,
174.6693,
179.3103,
174.2692,
171.3793,
173.9252,
179.3103,
175.966,
175.8634,
174.8863,
179.3103,
179.3103,
173.4562,
179.3103,
175.38,
179.3103,
0,
1999, 
173.6923,
173.1601,
176.3115,
170.5172,
177.2368,
173.5672,
179.6552,
179.6552,
179.6552,
174.9655,
173.8201,
174.6693,
179.6552,
174.2692,
171.3793,
173.9324,
179.6552,
176.2255,
176.0969,
174.8863,
179.6552,
179.6552,
173.4562,
179.6552,
176.1532,
179.6552,
0,
2000, 
173.6923,
173.1717,
176.3292,
170.5172,
177.6196,
173.5672,
180,
180,
180,
174.9655,
173.8201,
174.6693,
180,
174.2692,
171.3793,
173.9401,
180,
176.4725,
176.3226,
174.8863,
180,
180,
173.4562,
180,
176.7289,
180,
0,
2001, 
173.6923,
173.1838,
176.3486,
170.5172,
177.8445,
173.5672,
181.4,
181.4,
181.4,
174.9655,
173.8201,
174.6693,
181.4,
174.2692,
171.3793,
173.9482,
181.4,
176.7095,
176.542,
174.8863,
181.4,
181.4,
173.4562,
181.4,
177.1907,
181.4,
0,
2002, 
173.6923,
173.1983,
176.3874,
170.5172,
177.8445,
173.5672,
182.8,
182.8,
182.8,
174.9655,
173.8201,
174.6693,
182.8,
174.2692,
171.3793,
174.1002,
182.8,
176.8721,
176.8119,
176.7544,
182.8,
182.8,
173.4562,
182.8,
177.1907,
182.8,
0,
2003, 
173.6923,
173.2153,
176.3874,
170.5172,
177.8445,
173.5672,
184.2,
184.2,
184.2,
174.9655,
173.8201,
174.6693,
184.2,
174.2692,
171.3793,
174.2741,
184.2,
177.0707,
177.127,
178.1017,
184.2,
184.2,
173.4562,
184.2,
177.1907,
184.2,
0,
2004, 
173.6923,
173.2346,
176.3874,
170.5172,
177.8445,
173.5672,
185.6,
185.6,
185.6,
174.9655,
173.8201,
174.6693,
185.6,
174.5482,
171.3793,
174.4687,
185.6,
177.3019,
177.4806,
179.2132,
185.6,
185.6,
173.4562,
185.6,
177.1907,
185.6,
0,
2005, 
173.6923,
173.2564,
176.3874,
170.5172,
177.8445,
173.5672,
187,
187,
187,
174.9655,
173.8201,
174.6693,
187,
174.8803,
171.3793,
174.6827,
187,
177.5625,
177.8672,
180.1977,
187,
187,
173.4562,
187,
177.1907,
187,
0,
2006, 
173.6923,
173.2805,
176.3874,
170.5172,
177.8445,
173.5672,
188.4,
188.4,
188.4,
174.9655,
173.8201,
174.6693,
188.4,
175.2339,
171.3793,
174.915,
188.4,
177.8499,
178.2823,
181.1063,
188.4,
188.4,
173.4562,
188.4,
177.1907,
188.4,
0,
2007, 
173.6923,
173.3071,
176.3874,
170.5172,
177.8445,
173.5672,
189.8,
189.8,
189.8,
174.9655,
173.8201,
174.6693,
189.8,
175.2339,
171.3793,
175.0492,
189.8,
178.7057,
178.5045,
181.8029,
189.8,
189.8,
173.4562,
189.8,
177.1907,
189.8,
0,
2008, 
173.6923,
173.3359,
176.3874,
170.5172,
177.8445,
173.5672,
191.2,
191.2,
191.2,
174.9655,
173.8201,
174.6693,
191.2,
175.2339,
171.3793,
175.1945,
191.2,
179.5383,
178.7474,
182.5002,
191.2,
191.2,
173.4562,
191.2,
177.1907,
191.2,
0,
2009, 
173.6923,
173.3672,
176.3874,
170.5172,
177.8445,
173.5672,
192.6,
192.6,
192.6,
174.9655,
173.8201,
174.6693,
192.6,
175.2339,
171.3793,
175.3507,
192.6,
180.3523,
179.0094,
183.1979,
192.6,
192.6,
173.4562,
192.6,
177.1907,
192.6,
0,
2010, 
173.6923,
173.4007,
176.3874,
170.5172,
177.8445,
173.5672,
194,
194,
194,
174.9655,
173.8201,
174.6693,
194,
175.2339,
171.3793,
175.5173,
194,
181.1514,
179.2896,
183.8959,
194,
194,
173.4562,
194,
177.1907,
194,
0,
2011, 
173.6923,
173.4366,
176.3874,
170.5172,
177.8445,
173.5672,
195.4,
195.4,
195.4,
174.9655,
173.8201,
174.6693,
195.4,
175.2339,
171.3793,
175.6942,
195.4,
181.9384,
179.5866,
184.5942,
195.4,
195.4,
173.4562,
195.4,
177.1907,
195.4,
0,
2012, 
173.6923,
173.4748,
176.7883,
170.5172,
177.8445,
176.3999,
196.8,
196.8,
196.8,
175.1008,
173.8201,
174.7774,
196.8,
175.2339,
171.3793,
176.18,
195.4,
182.6691,
180.0838,
187.2853,
196.8,
196.8,
173.4562,
196.8,
179.2097,
196.8,
0,
2013, 
173.6923,
173.5153,
177.2015,
170.5172,
177.8445,
178.7428,
198.2,
198.2,
198.2,
175.2436,
173.8201,
174.8917,
198.2,
175.2339,
171.3793,
176.6761,
196.1,
183.3966,
180.5934,
189.1823,
198.2,
198.2,
173.4562,
198.2,
180.9654,
198.2,
0,
2014, 
173.6923,
173.558,
177.6263,
170.5172,
177.8445,
180.7472,
199.6,
199.6,
199.6,
175.3936,
173.8201,
175.012,
199.6,
175.2339,
171.3793,
177.1819,
196.8,
184.1214,
181.1143,
190.6814,
199.6,
199.6,
173.4562,
199.6,
182.5295,
199.6,
0,
2015, 
173.6923,
173.6031,
178.0621,
170.5172,
177.8445,
182.5079,
201,
201,
201,
175.5508,
173.8201,
175.1383,
201,
175.2339,
171.3793,
177.6965,
197.5,
184.8439,
181.6454,
191.9527,
201,
201,
173.4562,
201,
183.9498,
201,
0,
2016, 
173.7264,
173.6504,
178.5081,
170.5172,
177.8445,
184.0875,
202.4,
202.4,
202.4,
175.6332,
173.8201,
175.2704,
202.4,
175.2339,
171.3793,
178.2194,
198.2,
185.5644,
182.186,
193.0814,
202.4,
202.4,
173.4562,
202.4,
185.2595,
202.4,
0,
2017, 
173.7778,
173.7,
178.8741,
170.5172,
177.8445,
184.1076,
203.8,
203.8,
203.8,
175.6332,
173.8201,
175.3267,
203.8,
175.6863,
171.3793,
178.8382,
199.1542,
185.866,
182.4462,
194.333,
203.8,
203.8,
173.4562,
203.8,
187.8991,
203.8,
0,
2018, 
173.8315,
173.7518,
179.2501,
170.5172,
177.8445,
184.1293,
205.2,
205.2,
205.2,
175.6332,
173.8201,
175.3856,
205.2,
176.1469,
171.3793,
179.461,
200.0143,
186.1817,
182.7175,
195.4539,
205.2,
205.2,
173.4562,
205.2,
190.021,
205.2,
0,
2019, 
173.8875,
173.8058,
179.6358,
170.5172,
177.8445,
184.1525,
206.6,
206.6,
206.6,
175.6332,
173.8201,
175.4472,
206.6,
176.6152,
171.3793,
179.6274,
200.8244,
186.5106,
182.9997,
196.4858,
206.6,
206.6,
173.4562,
206.6,
191.8081,
206.6,
0,
2020, 
173.9458,
173.862,
180.0306,
170.5172,
177.8445,
184.1771,
208,
208,
208,
175.6332,
173.8201,
175.5114,
208,
177.0909,
171.3793,
179.6534,
201.6047,
186.8522,
183.2922,
197.4541,
208,
208,
173.4562,
208,
193.3662,
208,
0,
2021, 
174.0064,
173.9205,
180.4343,
170.5172,
177.8445,
184.2033,
209.4,
209.4,
209.4,
175.6332,
173.8201,
175.5783,
209.4,
177.5735,
171.3793,
179.6807,
202.3659,
187.2057,
183.5323,
198.3755,
209.4,
209.4,
173.4562,
209.4,
194.7607,
209.4,
0,
2022, 
174.0693,
173.9811,
180.4343,
170.5172,
177.8445,
184.2033,
210.8,
210.8,
210.8,
175.6332,
173.8201,
175.7082,
210.8,
177.5735,
171.3793,
179.7093,
205.0766,
189.4648,
183.5323,
198.9279,
210.8,
210.8,
173.4562,
210.8,
200.794,
210.8,
0,
2023, 
174.1344,
174.0439,
180.4343,
170.5172,
177.8445,
184.2033,
212.2,
212.2,
212.2,
175.6332,
173.8201,
175.7082,
212.2,
177.5735,
171.3793,
179.7392,
206.5278,
189.483,
185.0889,
199.4209,
212.2,
212.2,
173.4562,
212.2,
203.9228,
212.2,
0,
2024, 
174.2018,
174.5581,
180.4343,
170.5172,
177.8445,
184.2033,
213.6,
213.6,
213.6,
175.6332,
173.8201,
176.381,
213.6,
178.8745,
171.3793,
179.7704,
207.1935,
190.591,
185.8088,
199.7892,
213.6,
213.6,
173.4562,
213.6,
203.9228,
213.6,
0,
2025, 
174.2714,
175.0772,
180.4343,
170.5172,
177.8445,
184.2033,
215,
215,
215,
175.6332,
173.8201,
177.0549,
215,
180.1319,
171.3793,
179.8028,
207.8664,
191.661,
186.5277,
200.1761,
215,
215,
173.4562,
215,
203.9228,
215,
0,
2026, 
174.3432,
175.1434,
180.4343,
170.5172,
177.8445,
184.2033,
216.4,
216.4,
216.4,
175.6332,
173.8201,
178.4707,
215,
180.1319,
171.3793,
181.3936,
207.8664,
191.661,
187.9918,
201.2947,
216.4,
216.4,
173.4562,
216.4,
206.9019,
216.4,
0,
2027, 
174.424,
175.2179,
180.4343,
170.5172,
177.8445,
184.2033,
217.8,
217.8,
217.8,
175.6332,
173.8201,
178.4707,
215.7,
180.1319,
171.3793,
182.9099,
207.8664,
200.6208,
187.9918,
202.5623,
217.8,
217.8,
173.4562,
217.8,
208.9149,
217.8,
0,
2028, 
174.5141,
175.301,
180.4343,
170.5172,
177.8445,
184.7867,
219.2,
219.2,
219.2,
175.6332,
173.8201,
178.4707,
216.4,
180.1319,
171.3793,
182.946,
207.8664,
203.3124,
189.4497,
204.3181,
219.2,
219.2,
173.4562,
219.2,
208.9149,
219.2,
0,
2029, 
174.6138,
175.3931,
180.4343,
170.5172,
177.8445,
184.7867,
219.2,
220.6,
220.6,
175.6332,
173.8201,
178.4707,
217.1,
180.1319,
171.3793,
183.4749,
207.8664,
203.3208,
189.4497,
205.4634,
220.6,
220.6,
173.4562,
220.6,
208.9149,
220.6,
0,
2030, 
174.7234,
175.4945,
180.4343,
170.5172,
177.8445,
184.7867,
219.2,
222,
222,
175.6332,
173.8201,
178.4707,
217.1,
180.1319,
171.3793,
183.4749,
207.8664,
203.3306,
189.4497,
206.9229,
222,
222,
173.4562,
222,
208.9149,
222,
0,
2031, 
175.2948,
176.9359,
180.4343,
170.5172,
177.8445,
185.5214,
221.3,
223.4,
223.4,
175.6332,
173.8201,
178.7912,
217.1,
180.1319,
171.3793,
183.4749,
207.8664,
203.3551,
189.4497,
206.9229,
223.4,
223.4,
173.4562,
223.4,
211.2175,
223.4,
0,
2032, 
175.304,
176.947,
180.4343,
170.6897,
177.8445,
185.5214,
221.3,
224.8,
224.8,
175.6332,
173.8266,
178.7912,
218.142,
180.1319,
220.325,
183.4865,
207.8664,
213.3752,
194.7978,
206.9229,
224.8,
224.8,
174.7747,
224.8,
214.4381,
224.8,
0,
2033, 
175.3126,
176.9575,
206.3802,
170.8621,
177.8445,
185.5214,
221.3,
226.2,
226.2,
175.6332,
173.8325,
191.674,
219.3282,
182.0945,
220.4317,
183.4979,
211.0432,
215.275,
194.7978,
206.9229,
226.2,
226.2,
176.0968,
226.2,
214.8859,
226.2,
0,
2034, 
175.3206,
176.9675,
209.499,
171.0345,
177.8445,
185.5214,
221.3,
227.6,
227.6,
175.6332,
190.7135,
202.2233,
220.3469,
184.0169,
220.4317,
183.509,
212.8694,
215.697,
195.9679,
206.9229,
227.6,
227.6,
176.6825,
227.6,
216.5933,
227.6,
0,
2035, 
175.0175,
176.9771,
209.499,
229,
177.8445,
201.978,
221.3,
229,
229,
175.6332,
191.3606,
202.7789,
220.8562,
184.8594,
220.4317,
183.5198,
213.1778,
215.8388,
196.4986,
206.9229,
229,
229,
176.9771,
229,
217.199,
229,
0,
2036, 
175.4773,
179.5999,
209.499,
230.4,
177.8445,
209.4252,
222.5067,
230.4,
230.4,
175.6332,
192.7439,
204.0982,
221.2128,
185.3653,
223.468,
184.7758,
213.9022,
216.3899,
197.1327,
206.9229,
230.4,
230.4,
178.2243,
230.4,
218.4468,
230.4,
0,
2037, 
175.485,
180.1598,
209.499,
231.8,
177.8445,
210.4235,
222.5067,
231.8,
231.8,
176.1229,
193.8276,
204.0982,
222.0435,
185.9955,
223.468,
185.827,
213.9022,
216.3971,
198.2971,
206.9229,
231.8,
231.8,
179.0524,
231.8,
219.1204,
231.8,
0,
2038, 
175.9899,
181.0534,
209.499,
233.2,
177.8445,
210.532,
223.3145,
233.2,
233.2,
177.1011,
194.8828,
204.0982,
222.5294,
186.28,
223.468,
186.0682,
213.9022,
216.8487,
198.3583,
206.9229,
233.2,
233.2,
181.5399,
233.2,
219.9329,
233.2,
0,
2039, 
176.3378,
181.7454,
209.499,
234.6,
177.8445,
210.532,
224.573,
234.6,
234.6,
178.5415,
195.9104,
204.0982,
222.9235,
188.8675,
223.468,
186.0826,
213.9022,
216.9474,
200.1457,
207.6002,
234.6,
234.6,
185.6883,
234.6,
221.2056,
234.6,
0,
2040, 
176.7234,
181.825,
209.499,
236,
177.8445,
210.532,
224.573,
236,
236,
180.3972,
197.0739,
204.4661,
223.0797,
188.8675,
223.468,
186.6601,
213.9022,
216.9543,
200.3235,
208.2954,
236,
236,
188.5188,
236,
222.3356,
236,
0,
2041, 
177.0804,
182.1655,
209.499,
237.4,
177.8445,
210.532,
224.573,
237.4,
237.4,
182.6065,
198.9056,
204.4661,
223.4009,
189.3569,
223.468,
187.9343,
213.9022,
216.9611,
200.4841,
208.2954,
237.4,
237.4,
188.5365,
237.4,
223.4772,
237.4,
0,
2042, 
177.5343,
182.9207,
210.0267,
238.8,
177.9956,
211.262,
224.573,
238.8,
238.8,
186.1609,
200.5168,
205.7226,
223.83,
190.8946,
223.468,
188.5921,
215.5746,
217.1499,
201.0292,
208.2954,
238.8,
238.8,
189.903,
238.8,
224.1708,
238.8,
0,
2043, 
178.0687,
183.7866,
210.5649,
240.2,
178.1451,
212.0145,
224.573,
240.2,
240.2,
190.4791,
202.3226,
207.2354,
223.9953,
192.2331,
223.468,
189.2962,
215.5746,
217.271,
201.7678,
208.2954,
240.2,
240.2,
191.5074,
240.2,
224.8621,
240.2,
0,
2044, 
178.7238,
184.7978,
211.1142,
241.6,
178.293,
212.7906,
224.573,
241.6,
241.6,
195.7182,
204.8196,
213.0725,
224.1339,
193.7695,
223.468,
190.0533,
215.5746,
217.3917,
203.3792,
208.2954,
241.6,
241.6,
195.9098,
241.6,
225.5806,
241.6,
0,
2045, 
179.6481,
186.0054,
211.6751,
243,
178.439,
213.5921,
224.573,
243,
243,
201.5914,
214.622,
215.5822,
224.9529,
195.5592,
223.468,
190.872,
215.5746,
217.9682,
204.7741,
208.5441,
243,
243,
203.0465,
243,
226.4569,
243,
0,
2046, 
180.8489,
187.4874,
212.248,
244.4,
178.5829,
223.2968,
224.573,
244.4,
244.4,
207.636,
219.9868,
218.8707,
226.1453,
197.9198,
223.468,
191.7624,
215.5746,
218.0873,
205.3747,
209.154,
244.4,
244.4,
209.5359,
244.4,
227.0575,
244.4,
0,
2047, 
182.7322,
189.3699,
212.8336,
245.8,
178.7245,
225.7154,
224.573,
245.8,
245.8,
214.4559,
224.4304,
223.6894,
226.1959,
201.1078,
223.468,
192.7371,
217.2015,
218.2062,
206.2794,
209.9209,
245.8,
245.8,
216.363,
245.8,
227.6348,
245.8,
0,
2048, 
186.1694,
191.8696,
213.4324,
247.2,
178.8633,
227.2159,
224.573,
247.2,
247.2,
220.7335,
227.546,
227.0392,
226.7027,
204.8443,
223.468,
193.812,
217.2015,
219.4481,
207.2996,
210.3227,
247.2,
247.2,
223.3274,
247.2,
228.2147,
247.2,
0,
2049, 
196.4713,
195.3939,
214.0451,
248.6,
178.9992,
227.9092,
224.573,
248.6,
248.6,
227.4622,
230.7582,
228.8055,
226.7027,
210.5494,
223.468,
195.0071,
217.2015,
221.0534,
207.8553,
211.2853,
248.6,
248.6,
230.6341,
248.6,
228.8214,
248.6,
0,
2050, 
231.2437,
200.8111,
214.6725,
250,
179.1315,
228.6167,
224.573,
250,
250,
234.9557,
234.3733,
230.5532,
226.7834,
217.2803,
223.468,
196.3481,
217.2015,
222.5483,
208.4248,
211.9679,
250,
250,
238.5431,
250,
229.989,
250,
0,
2051, 
239.0251,
205.9911,
215.3152,
253,
179.2599,
229.3391,
224.573,
253,
253,
240.7632,
234.3733,
232.4091,
226.7834,
218.2823,
223.468,
197.8685,
217.2015,
222.6592,
209.0088,
211.9679,
253,
253,
239.1504,
253,
231.4085,
253,
0,
2052, 
242.2064,
206.3931,
216.6038,
256,
179.2599,
229.3391,
224.573,
256,
256,
241.2735,
234.3733,
232.701,
226.7982,
218.2823,
223.468,
198.3797,
217.2015,
225.0111,
209.3497,
212.9211,
256,
256,
239.7138,
256,
231.9058,
256,
0,
2053, 
242.2064,
206.8016,
217.9699,
259,
179.2599,
229.3391,
224.573,
259,
259,
241.7895,
234.3733,
232.9942,
227.3675,
218.2823,
223.468,
198.9078,
217.2015,
228.0995,
209.6942,
213.734,
259,
259,
240.196,
259,
232.3822,
259,
0,
2054, 
242.2064,
207.2168,
219.4219,
262,
179.2599,
229.3391,
224.573,
262,
262,
242.0126,
234.3733,
233.0347,
227.4087,
219.0067,
223.468,
199.4542,
217.2015,
228.1956,
210.0424,
214.6359,
262,
262,
240.5599,
262,
232.9277,
262,
0,
2055, 
242.2064,
207.6389,
220.9693,
262,
183.3815,
229.3391,
224.573,
265,
265,
242.3364,
234.3733,
233.1097,
227.4451,
220.1184,
223.468,
200.0202,
217.2015,
228.2914,
210.3944,
215.2908,
262,
262,
240.7654,
265,
235.2665,
265,
0,
2056, 
242.2064,
208.0684,
222.6232,
262.6815,
186.9685,
229.3391,
224.573,
268,
268,
242.7386,
237.4355,
233.1097,
229.155,
220.4448,
224.1291,
200.6074,
217.2015,
228.3868,
210.7505,
215.4427,
262,
263.7291,
240.7654,
268,
236.4359,
268,
0,
2057, 
246.5006,
208.5055,
222.7175,
264.2836,
192.2093,
229.3391,
224.573,
271,
271,
242.7386,
238.1935,
233.1097,
229.3008,
222.5174,
225.0698,
200.6605,
217.2015,
228.5544,
211.6324,
215.4427,
262,
263.7291,
241.185,
271,
236.8265,
271,
0,
2058, 
246.5006,
208.9506,
222.8115,
265.3934,
198.6845,
229.3391,
224.573,
274,
274,
242.7386,
238.7725,
233.1097,
229.3008,
224.1916,
226.2104,
200.713,
217.2015,
228.7219,
212.4061,
215.4427,
262,
263.7291,
247.0812,
274,
238.8067,
274,
0,
2059, 
246.5006,
209.404,
222.9051,
266.3397,
208.7692,
229.3391,
224.573,
277,
277,
242.7386,
238.7973,
233.1097,
229.3008,
225.4955,
226.4117,
200.7649,
217.2015,
231.3213,
213.5105,
215.4427,
262,
267.9492,
250.3023,
277,
238.896,
277,
0,
2060, 
246.5006,
209.8661,
222.9984,
266.3397,
228.2605,
229.3391,
224.573,
280,
280,
242.7386,
238.7973,
233.1097,
229.3008,
225.4955,
226.4117,
200.8163,
217.2015,
234.8654,
214.348,
215.4659,
262,
269.2004,
253.3054,
280,
239.3123,
280,
0,
2061, 
246.5006,
210.3374,
223.0913,
266.3397,
266.3897,
229.3391,
224.573,
283,
283,
242.7386,
238.9158,
233.1097,
229.3008,
225.4955,
226.4117,
200.867,
217.2015,
237.2515,
215.2192,
215.6689,
262,
270.8329,
254.9362,
283,
239.9137,
283,
0,
2062, 
246.5006,
210.8014,
223.2242,
266.3397,
266.3897,
229.3391,
224.573,
286,
286,
243.5325,
238.9158,
233.1097,
229.3008,
225.4955,
226.9256,
201.6364,
217.2015,
239.2529,
216.3599,
216.2907,
262,
271.7961,
256.626,
286,
242.2971,
286,
0,
2063, 
246.5006,
211.2577,
223.2242,
266.3397,
275.2478,
229.3391,
224.573,
289,
289,
243.8848,
238.9158,
233.1097,
229.3008,
225.4955,
227.5983,
202.4115,
217.2015,
240.9985,
217.4834,
216.9352,
262,
271.7961,
257.3314,
289,
242.3271,
289,
0,
2064, 
246.5006,
211.7058,
223.2242,
266.3397,
279.553,
229.3391,
224.573,
292,
292,
244.4545,
239.2659,
233.1801,
229.3008,
227.3169,
228.2946,
203.1931,
217.2015,
241.0785,
218.445,
217.2083,
262,
272.4836,
257.8704,
292,
246.8538,
292,
0,
2065, 
246.5006,
212.1456,
223.2242,
266.3397,
279.553,
229.3391,
224.573,
295,
295,
244.4545,
243.6482,
233.1801,
229.3008,
229.4501,
229.1157,
203.9819,
217.2015,
243.7884,
219.3492,
217.4742,
262,
273.0284,
258.2429,
295,
248.4724,
295,
0,
2066, 
246.5006,
212.5763,
223.2242,
266.3397,
281.8228,
229.3391,
224.573,
298,
298,
244.4545,
245.2818,
234.2941,
229.3008,
231.7378,
229.1157,
204.7792,
217.2015,
246.9583,
220.265,
217.7327,
262,
280.1678,
258.4306,
298,
249.1443,
298,
0,
2067, 
246.5006,
212.9977,
223.2242,
266.3397,
281.8228,
229.3391,
224.573,
301,
301,
244.4545,
245.5345,
234.5034,
229.3008,
231.7378,
235.4024,
205.1994,
217.2015,
249.1219,
220.7171,
217.9308,
262,
282.4769,
258.4306,
301,
249.6588,
301,
0,
2068, 
246.5006,
213.4093,
223.2242,
266.3397,
281.8228,
229.3391,
224.573,
304,
304,
244.4545,
245.5345,
235.4902,
229.5467,
231.7378,
235.4024,
205.6048,
217.2015,
252.1328,
221.1621,
218.1837,
262,
283.9499,
258.7119,
304,
250.5161,
304,
0,
2069, 
246.5006,
213.8104,
223.2242,
266.7572,
281.8228,
229.3391,
224.573,
307,
307,
244.4545,
245.5345,
237.3077,
229.5467,
231.7378,
236.253,
205.9943,
217.2015,
257.6235,
221.5997,
218.4274,
262,
284.3071,
258.7661,
307,
251.092,
307,
0,
2070, 
246.4816,
214.2005,
223.2242,
266.9568,
281.8228,
229.3391,
224.573,
310,
310,
244.4545,
245.5345,
237.3783,
229.5467,
231.7378,
237.3452,
206.3666,
217.2015,
261.2768,
222.0295,
218.6219,
262,
285.3069,
258.7661,
310,
252.0632,
310,
0,
2071, 
246.5006,
214.579,
223.2242,
273.2864,
281.8228,
229.3391,
224.573,
313,
313,
244.4545,
245.5345,
238.0736,
229.5683,
231.7378,
238.5629,
206.7202,
217.2015,
262.9733,
222.4512,
218.8301,
262,
285.5645,
258.8346,
313,
257.1289,
313,
0,
2072, 
246.5006,
214.9452,
223.4749,
276.6712,
281.8228,
230.5422,
224.573,
316,
316,
245.7943,
245.5345,
239.1646,
230.4249,
231.7378,
239.3441,
207.6448,
217.5824,
264.0632,
223.1216,
219.9106,
262,
285.6392,
258.8377,
316,
258.8621,
316,
0,
2073, 
246.5006,
215.2984,
223.7174,
276.6712,
281.8228,
231.7822,
224.573,
319,
319,
247.3959,
245.5345,
239.2476,
231.0296,
231.7378,
248.8757,
208.6095,
217.9518,
265.5715,
223.7905,
220.8421,
262,
285.8772,
258.9311,
319,
260.0001,
319,
0,
2074, 
246.5006,
215.6379,
223.9515,
276.6712,
281.8228,
233.0634,
224.573,
322,
322,
247.8408,
245.5345,
239.328,
231.4036,
231.7378,
255.7387,
209.6258,
218.3093,
267.3541,
224.4577,
221.6743,
262,
287.7052,
258.9908,
322,
260.1875,
322,
0,
2075, 
246.5006,
215.9627,
224.1769,
276.6712,
281.8228,
234.3907,
224.573,
325,
325,
248.1338,
245.5345,
239.4059,
231.4036,
231.7378,
260.509,
210.7106,
218.6542,
274.4763,
225.1233,
222.6198,
262,
292.6224,
259.4295,
325,
261.3222,
325,
0,
2076, 
246.6841,
216.272,
224.3935,
277.2054,
281.8228,
235.7698,
224.573,
328,
328,
248.2774,
245.5345,
239.4814,
231.681,
231.7378,
263.5961,
211.8888,
218.9858,
276.8803,
225.7869,
223.629,
262,
295.6794,
259.7751,
328,
262.4548,
328,
0,
2077, 
246.9424,
216.5649,
224.5592,
279.4698,
281.8228,
235.7876,
224.573,
331,
331,
251.9146,
255.8576,
239.511,
234.7757,
232.6853,
264.9219,
213.4589,
219.4566,
278.8675,
226.0912,
224.7952,
280.752,
297.7523,
259.8026,
331,
263.5396,
331,
0,
2078, 
247.1955,
216.8402,
224.7167,
280.8828,
281.8228,
235.8047,
224.573,
334,
334,
251.9146,
257.5912,
239.5396,
236.5008,
233.6494,
265.9584,
215.3741,
219.9141,
281.2483,
226.385,
225.9402,
282.4963,
299.5294,
259.8026,
334,
266.8335,
334,
0,
2079, 
247.4433,
217.0967,
224.866,
286.4514,
281.8228,
235.8211,
224.573,
337,
337,
251.9146,
266.841,
239.6672,
236.5559,
234.6317,
266.7916,
215.9289,
220.357,
282.5605,
226.668,
227.1366,
311.8839,
299.8327,
259.8026,
337,
269.1263,
337,
0,
2080, 
247.6857,
217.3333,
235.3759,
289.6448,
281.8228,
235.8367,
224.573,
340,
340,
251.9146,
269.2041,
239.6937,
236.6876,
235.6341,
267.5446,
216.0055,
220.7839,
282.6164,
226.9397,
228.3937,
314.3688,
300.4145,
259.8293,
340,
270.4194,
340,
0,
2081, 
247.9227,
217.5485,
250.1374,
291.7928,
281.8228,
235.8516,
224.573,
343,
343,
251.9146,
269.2041,
239.7191,
238.4256,
236.659,
268.2569,
216.0718,
221.1933,
282.6714,
227.145,
229.7234,
314.3688,
302.3282,
259.8293,
343,
271.6808,
343,
0,
2082, 
248.1541,
217.7408,
250.1374,
291.7928,
281.8228,
235.8516,
224.573,
346,
346,
253.5191,
269.2041,
239.9872,
239.3402,
236.8962,
269.369,
216.1274,
223.5866,
283.0392,
227.145,
230.5826,
317.0992,
305.8419,
259.8293,
346,
273.9783,
346,
0,
2083, 
248.3798,
217.9086,
255.703,
292.2611,
281.8228,
235.8516,
224.573,
349,
349,
254.9277,
269.4026,
240.1337,
240.2087,
237.784,
269.9697,
216.1723,
226.3721,
283.5973,
228.3284,
231.4023,
317.0992,
308.8126,
259.8293,
349,
274.8856,
349,
0,
2084, 
248.5998,
219.2785,
255.703,
292.6858,
281.8228,
235.8516,
224.573,
352,
352,
256.0499,
269.2518,
240.4762,
240.7474,
241.1927,
270.686,
216.206,
228.2,
288.4433,
228.9063,
231.9529,
317.0992,
309.2376,
259.8293,
352,
274.8856,
352,
0,
2085, 
248.8139,
221.0715,
256.4481,
292.8117,
281.8228,
235.8516,
224.573,
355,
355,
256.0499,
269.2176,
240.8378,
241.2294,
244.2676,
271.5924,
216.2283,
230.3619,
291.9904,
229.4752,
232.4607,
317.0992,
310.7166,
259.8293,
355,
278.4438,
355,
0,
2086, 
249.2327,
221.3207,
256.4481,
295.8593,
281.8228,
235.8516,
224.573,
358,
358,
256.0499,
266.7962,
241.2551,
243.5225,
244.2676,
272.6288,
217.1258,
230.3619,
293.991,
230.698,
233.9918,
317.0992,
311.6787,
259.8293,
358,
279.6017,
358,
0,
2087, 
260.6216,
221.5514,
256.4481,
299.3822,
281.8228,
235.8516,
224.573,
361,
361,
256.0499,
266.7209,
241.2551,
245.7467,
244.2676,
273.9565,
219.1085,
230.3619,
297.5247,
230.698,
236.0874,
317.0992,
312.1998,
259.8293,
361,
280.8002,
361,
0,
2088, 
262.5453,
221.7522,
266.476,
302.1202,
281.8228,
236.0084,
224.573,
364,
364,
256.0499,
267.7644,
241.2551,
248.344,
245.5928,
276.0329,
219.2,
230.3619,
299.7928,
231.8881,
240.4293,
317.0992,
313.001,
259.8293,
364,
282.0429,
364,
0,
2089, 
353.5325,
221.9083,
266.476,
302.1202,
281.8228,
236.0085,
225.6578,
367,
367,
256.0499,
267.7432,
241.3245,
251.9003,
246.3132,
277.0412,
367,
230.3619,
299.7965,
231.8881,
244.9214,
317.0992,
313.5069,
259.8293,
367,
283.9916,
367,
0,
2090, 
353.7484,
222,
266.805,
304.8169,
281.8228,
236.0085,
225.6578,
370,
370,
256.0499,
267.8483,
241.4536,
252.6971,
247.1779,
278.1302,
370,
230.3619,
299.8003,
243.5727,
255.0891,
317.0992,
316.3091,
259.8293,
370,
286.2473,
370,
0,
2091, 
354.8552,
373,
266.805,
306.4219,
281.8228,
236.1511,
231.2775,
373,
373,
256.1147,
268.882,
243.2248,
253.7152,
247.1779,
278.1302,
373,
230.3619,
300.0475,
257.2995,
256.1608,
317.0992,
318.2039,
259.8293,
373,
287.2676,
373,
0,
2092, 
354.8552,
376,
268.0571,
308.3604,
281.8228,
236.1511,
231.2775,
376,
376,
256.1147,
268.9943,
246.3211,
257.3742,
247.2775,
319.4832,
376,
230.3619,
310.2751,
277.6161,
272.368,
317.0992,
319.4614,
260.7791,
376,
289.4083,
376,
0,
2093, 
354.8552,
379,
310.6542,
312.4342,
281.8228,
236.1511,
231.2775,
379,
379,
256.1147,
269.385,
253.1778,
262.3983,
250.8721,
321.4547,
379,
233.0466,
315.1756,
279.568,
289.3856,
317.0992,
320.072,
261.769,
379,
290.5763,
379,
0,
2094, 
354.8552,
382,
347.9714,
312.4342,
281.8228,
236.1511,
231.2775,
382,
382,
256.1147,
289.3214,
269.9378,
268.2404,
256.1389,
321.5507,
382,
236.7735,
317.9084,
286.388,
296.7923,
317.0992,
320.1389,
262.2102,
382,
292.1234,
382,
0,
2095, 
354.8552,
385,
349.9716,
312.6633,
281.8228,
240.3865,
231.2775,
385,
385,
256.1147,
290.8754,
275.6376,
272.072,
259.2349,
321.7393,
385,
237.7545,
319.6546,
295.8636,
302.0147,
317.0992,
320.1389,
262.4235,
385,
292.7275,
385,
0,
2096, 
354.8552,
388,
349.9716,
312.9055,
281.8228,
242.4958,
232.6773,
388,
388,
256.1147,
290.8754,
278.7971,
275.2612,
261.2418,
322.3048,
388,
240.5967,
321.0445,
304.5933,
304.7522,
317.0992,
320.1389,
262.5832,
388,
293.6243,
388,
0,
2097, 
354.8552,
391,
355.5222,
312.9547,
281.8228,
243.4675,
232.6773,
391,
391,
257.8051,
291.2719,
281.8354,
281.6246,
263.8328,
324.8972,
391,
240.5967,
322.2624,
318.691,
309.1552,
317.0992,
320.1389,
262.7089,
391,
294.3312,
391,
0,
2098, 
354.8552,
394,
356.2177,
312.9547,
281.8228,
243.5688,
233.2,
394,
394,
258.9637,
291.533,
285.254,
286.147,
265.0809,
328.9678,
394,
240.5967,
324.1441,
319.133,
312.2208,
317.0992,
320.1389,
264.0837,
394,
295.1923,
394,
0,
2099, 
354.8552,
397,
356.2177,
313.3885,
281.8228,
243.5688,
397,
397,
397,
259.5803,
291.7378,
287.5128,
289.2154,
265.0809,
330.5793,
397,
240.5967,
324.2574,
330.1157,
317.6583,
317.0992,
320.1389,
265.7562,
397,
296.639,
397,
0,
2100, 
354.8552,
400,
356.2177,
313.4191,
281.8228,
243.5688,
400,
400,
400,
260.4037,
291.9214,
288.2318,
290.6001,
265.0809,
332.6023,
400,
240.5967,
324.7076,
331.7397,
325.468,
317.0992,
320.1389,
266.4749,
400,
298.0612,
400,
0];
