real main.em.dem.hi.Clinker_Production[28](t) = [1971, 
7.4853,
63.9486,
6.16722,
4.277119,
8.038461,
12.24752,
6.25314,
3.05092,
1.27804,
5.21629,
148.1945,
32.9983,
6.87323,
1.5908,
0,
82.27142,
8.05349,
12.39273,
10.62152,
26.71521,
7.71953,
0.44317,
51.11324,
4.80396,
2.93748,
1.97758,
0,
516.6688,
1972, 
8.181899,
67.437,
7.17746,
5.781819,
9.33324,
12.79692,
6.21131,
3.40158,
1.24333,
5.43968,
168.4209,
36.25626,
6.91145,
1.60064,
0,
85.52518,
9.37485,
13.10155,
10.72526,
29.89577,
8.42296,
0.54236,
57.01112,
5.09894,
2.82282,
2.23657,
0,
564.9509,
1973, 
9.0477,
69.8184,
8.13276,
6.222979,
10.98636,
13.26924,
6.09294,
3.4265,
1.25579,
6.10896,
163.4131,
38.33475,
8.140861,
1.62934,
0,
89.80722,
9.12502,
12.46328,
12.71725,
31.45451,
10.1647,
0.6734,
67.1832,
5.41886,
3.15224,
2.5543,
0,
590.5936,
1974, 
9.5769,
66.20219,
8.75104,
6.252499,
12.45334,
13.92114,
6.35816,
3.59293,
1.29139,
6.49789,
160.7271,
41.23879,
8.1354,
1.6728,
0,
94.4189,
10.79415,
11.88477,
13.50622,
31.40056,
9.854391,
0.75621,
62.87288,
5.7405,
3.51533,
2.57299,
0,
593.9885,
1975, 
8.7669,
55.917,
9.184,
5.841679,
13.44062,
13.5464,
6.93399,
4.03437,
1.26291,
6.38664,
152.3531,
44.09148,
9.85803,
1.77858,
0,
100.0867,
12.3421,
13.48584,
15.58739,
39.00477,
10.81171,
0.9800701,
56.34462,
5.41112,
3.63909,
2.37363,
0,
593.4628,
1976, 
8.908199,
60.8229,
10.40662,
6.260699,
15.3135,
14.35082,
7.11199,
4.07709,
1.34657,
6.27272,
156.5511,
47.32811,
11.06014,
20.22776,
0,
101.8817,
13.16961,
15.36828,
17.17443,
39.53132,
11.79269,
1.6471,
59.09232,
5.29932,
3.50987,
1.57975,
0,
640.0847,
1977, 
8.939699,
65.3661,
10.92896,
6.179519,
17.32086,
14.7559,
7.87561,
4.14117,
1.5753,
5.84997,
160.464,
49.99436,
12.1849,
20.59403,
0,
104.1859,
13.77966,
15.91359,
19.29018,
47.12441,
12.45426,
2.31959,
62.89868,
5.26234,
3.57448,
1.58242,
0,
674.5559,
1978, 
9.425699,
69.7914,
11.603,
6.7527,
19.05598,
15.69398,
9.07978,
4.31294,
1.44714,
6.07247,
163.3752,
52.34935,
14.17052,
20.18211,
0,
104.1039,
15.73099,
16.28958,
20.14103,
55.30912,
12.91017,
3.32059,
72.99853,
5.11872,
3.90026,
1.55661,
0,
714.6918,
1979, 
10.3131,
68.9832,
12.58864,
7.018379,
20.39422,
17.19458,
11.61984,
4.63334,
1.47028,
5.51711,
165.8589,
51.99385,
12.35143,
19.51764,
0,
100.8756,
19.55231,
15.1641,
22.21583,
62.54913,
15.70569,
4.03312,
75.51144,
5.14366,
3.76194,
1.56373,
0,
735.5311,
1980, 
9.306,
61.4169,
13.44636,
7.329389,
22.29908,
19.21998,
13.28058,
4.83181,
1.604715,
6.34125,
166.359,
56.74334,
11.80725,
19.44603,
3.444,
102.5402,
21.80244,
14.77649,
21.48692,
67.66492,
13.83473,
4.78569,
75.64302,
5.20902,
4.03221,
1.48808,
0,
750.1393,
1981, 
9.1368,
58.5486,
14.90186,
7.240192,
21.36182,
19.23638,
14.4714,
5.91049,
1.58137,
7.20455,
161.6095,
52.8036,
13.68913,
19.50725,
3.623785,
104.2786,
26.34503,
17.35364,
21.49147,
70.1516,
14.80752,
5.20429,
72.95209,
5.63558,
4.27336,
1.66341,
0,
754.9833,
1982, 
7.3224,
51.7275,
15.86126,
6.975526,
21.02808,
18.38604,
14.31654,
5.90159,
1.431351,
7.1912,
156.6791,
59.37403,
14.35798,
19.72428,
3.80357,
164.3214,
28.56279,
18.7995,
23.55717,
80.35645,
16.30811,
5.30712,
69.38996,
6.06644,
4.226613,
1.5397,
0,
822.5157,
1983, 
7.083899,
57.5343,
14.23766,
7.309465,
17.1134,
17.01418,
16.05827,
5.43523,
1.42311,
7.02833,
156.5567,
62.29861,
12.37145,
20.60824,
11.06487,
171.0192,
30.74569,
20.96663,
26.64662,
91.40956,
17.70769,
7.36645,
69.56626,
5.38532,
4.453147,
1.35547,
0,
859.7597,
1984, 
8.448299,
63.4068,
15.33564,
7.243676,
15.98754,
17.32496,
20.01432,
4.94573,
1.396034,
7.194759,
147.339,
64.99251,
14.32158,
21.3323,
11.67688,
173.43,
35.87509,
24.51903,
25.85583,
103.7566,
17.76047,
8.09263,
67.8196,
4.83062,
4.842429,
1.3706,
0,
889.1129,
1985, 
9.1728,
63.2556,
16.6091,
7.130142,
16.9207,
17.38892,
21.90112,
6.18016,
1.390888,
6.1232,
139.3141,
60.60722,
15.99871,
21.1519,
12.34182,
174.4788,
36.94828,
26.53593,
25.94319,
122.7869,
16.3618,
9.0454,
62.64842,
5.73362,
5.074242,
1.4685,
0,
902.5115,
1986, 
9.5499,
64.0008,
16.2565,
7.976664,
20.70664,
19.69804,
20.29912,
6.525658,
1.525423,
5.55894,
139.6933,
63.48124,
18.20364,
22.27612,
13.84898,
179.7981,
35.55969,
29.03589,
28.6923,
140.0384,
17.02337,
10.30393,
61.28704,
6.134619,
6.25898,
1.71236,
0,
945.4457,
1987, 
11.3427,
60.64199,
19.25524,
8.431331,
20.88376,
21.51926,
23.22633,
5.958461,
1.680385,
5.33911,
143.2396,
63.21106,
20.0018,
22.63692,
14.21224,
182.8526,
37.98329,
30.82205,
31.80086,
156.8833,
18.90434,
10.75074,
61.53386,
5.948624,
7.05796,
1.84586,
0,
987.9637,
1988, 
11.115,
64.3896,
19.35692,
7.959253,
20.76978,
21.52898,
24.51861,
6.817934,
1.61624,
6.0164,
153.1162,
65.17658,
20.53688,
23.0912,
14.45496,
184.6935,
40.50151,
34.14288,
37.68401,
176.6497,
21.34769,
11.93738,
66.69644,
6.070053,
7.55482,
1.9847,
0,
1049.727,
1989, 
11.3319,
64.1772,
19.8522,
8.422002,
21.25522,
19.10026,
24.81943,
7.071888,
2.05501,
6.46229,
159.6195,
63.62107,
21.57064,
22.92556,
15.1044,
186.6738,
44.87395,
36.68351,
42.88011,
176.7477,
25.18425,
13.45708,
68.55663,
6.669346,
7.53389,
2.01407,
0,
1078.663,
1990, 
10.5705,
63.8496,
20.24006,
8.412292,
21.197,
19.23036,
26.82816,
5.94437,
2.18762,
5.84107,
158.2907,
57.66368,
22.11209,
22.3655,
14.9445,
182.705,
45.9571,
38.3211,
45.42174,
175.9268,
31.93827,
13.45526,
72.6227,
6.327796,
7.83601,
2.23034,
0,
1082.42,
1991, 
8.406684,
60.27212,
20.59494,
7.375795,
22.46015,
20.1785,
29.02796,
6.223289,
2.068484,
5.452389,
153.8522,
41.77913,
23.6083,
21.28392,
13.94246,
65.51226,
38.37441,
43.27482,
50.03647,
205.1379,
35.54351,
12.22636,
76.84591,
5.53657,
8.179326,
2.515532,
0,
979.7095,
1992, 
7.681248,
62.20899,
22.0708,
7.485446,
19.45623,
23.85,
29.13487,
6.566607,
2.179944,
5.1714,
146.4459,
32.77607,
25.72332,
18.93298,
12.26966,
51.9224,
43.28453,
44.98262,
55.54538,
258.535,
38.79516,
12.69939,
75.54371,
5.710024,
8.691056,
2.125136,
0,
1019.788,
1993, 
8.370054,
65.76203,
23.29597,
7.897469,
20.14929,
32.48428,
26.61853,
6.655245,
2.217477,
5.404935,
134.5967,
29.89813,
28.05173,
13.9646,
9.27584,
41.83804,
47.63074,
47.92454,
57.94602,
309.0458,
45.59871,
17.66861,
75.19128,
6.397794,
8.741331,
2.063302,
0,
1074.688,
1994, 
9.398592,
69.21783,
25.52795,
8.539049,
20.38503,
24.88217,
26.80534,
5.661444,
2.175782,
6.205704,
142.064,
32.35333,
26.36169,
10.62884,
6.64774,
31.07636,
49.15179,
53.18032,
62.04102,
354.6357,
51.82996,
22.05847,
78.06365,
6.907706,
8.889302,
1.768292,
0,
1136.457,
1995, 
9.2394,
68.06181,
20.36247,
8.794625,
22.74608,
27.31967,
28.3675,
5.839801,
2.748538,
6.507375,
140.482,
32.79887,
29.67193,
7.30702,
4.93312,
30.29818,
51.12236,
56.88648,
65.42539,
401.2075,
58.12344,
20.70672,
76.9029,
6.58342,
8.741465,
2.160375,
0,
1193.339,
1996, 
9.7902,
71.2656,
20.3708,
7.30622,
27.7492,
26.10831,
32.76104,
9.215296,
2.465144,
6.68824,
135.4697,
33.38586,
31.3984,
5.3382,
3.5629,
23.2798,
41.70511,
67.36,
66.2756,
432.4815,
51.53441,
32.558,
80.136,
6.522816,
9.552428,
2.41544,
0,
1236.696,
1997, 
10.2843,
72.5175,
21.9725,
7.433097,
30.4419,
27.8052,
33.91707,
12.30504,
2.37237,
6.50881,
138.1517,
34.30558,
32.004,
5.82364,
3.7679,
22.41142,
41.42406,
67.52,
68.2752,
435.9614,
63.64173,
36.6268,
77.74741,
6.48036,
9.628759,
2.42451,
0,
1271.752,
1998, 
10.5996,
72.00719,
22.0492,
8.807739,
31.84,
29.58414,
33.33234,
9.942546,
2.750416,
8.227,
153.5825,
34.58004,
33.8452,
6.31728,
3.75314,
21.9063,
36.02168,
71.91,
56.5268,
452.7361,
47.39214,
38.984,
68.6172,
6.43972,
9.485516,
3.001556,
0,
1274.239,
1999, 
10.9998,
76.21291,
23.3142,
10.17578,
31.9579,
29.91196,
35.86628,
9.663874,
2.653725,
7.680699,
152.93,
35.145,
30.3752,
6.5436,
4.37552,
23.944,
36.54928,
76.32,
56.6886,
502.6893,
59.47447,
36.6445,
67.4442,
6.35289,
9.962006,
2.957501,
0,
1346.833,
2000, 
10.962,
77.865,
25.043,
8.62996,
30.968,
30.3044,
38.7086,
9.86506,
2.74684,
7.7314,
157.0873,
34.94712,
31.504,
6.05324,
3.7064,
27.19694,
42.40138,
80.75,
59.312,
511.6762,
56.6764,
45.496,
68.12399,
7.1778,
10.604,
2.60494,
0,
1388.142,
2001, 
11.232,
78.10561,
23.4,
8.618219,
30.81,
29.991,
41.242,
10.67175,
2.70555,
7.7945,
154.5264,
32.18897,
30.59,
6.3804,
4.081002,
29.77356,
44.72034,
83.4,
49.95784,
567.4686,
58.73455,
48.1574,
64.1908,
7.16071,
10.87693,
2.5891,
0,
1439.367,
2002, 
11.3256,
78.3354,
23.87,
9.23846,
29.26,
23.6159,
40.5048,
11.2476,
2.70732,
8.0808,
148.0686,
32.13338,
28.2968,
7.84176,
4.147728,
31.98965,
45.69806,
81.8,
52.79176,
592.6802,
65.47324,
53.4688,
60.0248,
7.2732,
11.1538,
2.23272,
0,
1463.26,
2003, 
12.0132,
80.34361,
24.32,
10.13384,
28.88,
25.1332,
43.1932,
11.15935,
3.44201,
8.466,
158.7164,
34.29903,
30.2562,
9.479031,
5.024822,
34.78955,
46.0348,
80.2,
55.80588,
706.2813,
71.18827,
55.599,
57.3792,
7.6311,
14.68417,
2.83777,
0,
1617.291,
2004, 
12.6054,
83.754,
26.25,
9.987,
25.8,
28.155,
45.1984,
11.17906,
3.71378,
9.84,
161.7881,
36.73331,
32.528,
11.18124,
5.427408,
39.02147,
49.77627,
98.25,
51.30008,
778.3837,
79.78861,
58.3792,
56.0768,
7.6544,
14.88584,
2.8577,
0,
1740.515,
2005, 
12.012,
84.84,
27.75,
10.82694,
27.158,
31.302,
48.1869,
11.28006,
4.29705,
11.745,
161.3011,
38.269,
36.38,
12.93651,
5.56713,
41.38695,
54.495,
100.1,
48.535,
839.3092,
86.24015,
56.61,
57.768,
7.69327,
15.011,
2.86335,
0,
1833.864,
2006, 
11.76,
83.74799,
29.6,
11.33236,
27.158,
33.5072,
50.1633,
13.10337,
4.49307,
10.53,
169.112,
42.48937,
40.8,
14.60997,
6.06852,
46.48995,
57.82959,
119.35,
50.745,
969.7696,
86.581,
56.95,
58.017,
8.6237,
15.44875,
4.0986,
0,
2022.378,
2007, 
12.18,
81.396,
30.118,
11.75268,
34.336,
36.223,
51.7995,
17.81676,
4.72878,
12.393,
178.3474,
46.73361,
41.48,
16.1028,
6.561,
50.83722,
68.6194,
130.9,
53.6605,
1054.269,
90.01075,
65.45,
56.191,
9.11257,
24.0805,
4.28895,
0,
2189.388,
2008, 
11.508,
73.584,
29.674,
12.5171,
34.41,
38.0286,
63.5526,
23.08743,
5.76558,
10.935,
154.2287,
48.46534,
43.69,
16.9452,
7.3224,
45.6192,
70.705,
138.6,
49.402,
1083.829,
93.65981,
69.19,
52.124,
8.91669,
24.92625,
4.4307,
0,
2215.116,
2009, 
9.24,
54.516,
26.048,
10.92388,
38.258,
36.9852,
70.2999,
22.07331,
6.86475,
9.558001,
130.0345,
38.39836,
45.05,
11.9718,
7.06644,
38.01087,
83.4635,
138.6,
48.025,
1267.524,
98.22941,
74.8,
45.484,
8.83784,
28.41125,
5.12649,
0,
2353.801,
2010, 
10.416,
56.44799,
25.53,
11.53216,
43.734,
37.1702,
69.0606,
24.5025,
8.934299,
8.829,
125.1019,
38.47459,
53.295,
12.2229,
7.28028,
42.95025,
86.3549,
169.4,
45.56,
1460.4,
110.494,
70.55,
42.745,
8.597139,
31.90135,
5.54607,
0,
2607.03,
2011, 
10.08,
57.624,
25.53,
10.80104,
46.324,
37.0592,
68.4855,
23.86422,
10.29024,
9.072,
127.0284,
40.44579,
53.89,
13.365,
7.71039,
47.71872,
99.7296,
207.9,
46.495,
1630.341,
113.7538,
80.75,
42.579,
8.34814,
36.8373,
6.21999,
0,
2862.242,
2012, 
10.4706,
62.94456,
26.77616,
13.6086,
51.29902,
40.9035,
80.76591,
27.945,
11.7612,
9.363601,
104.6083,
35.7973,
54.29715,
12.91869,
14.32971,
53.1765,
148.4829,
207.9,
45.3118,
1715.769,
112.6063,
44.6675,
45.43171,
8.22945,
43.16045,
8.58681,
0,
2991.112,
2013, 
9.75324,
65.02859,
25.61288,
13.75512,
51.7815,
43.78062,
76.84794,
32.62923,
13.24593,
9.85608,
102.4246,
34.15104,
60.63645,
13.01184,
15.20532,
57.38769,
151.7606,
215.6,
45.80735,
1871.224,
118.1483,
48.3565,
48.10846,
8.216999,
45.71385,
9.357121,
0,
3187.401,
2014, 
9.978359,
69.82416,
27.08178,
14.55062,
52.72796,
43.95156,
84.98277,
32.93865,
14.73066,
9.77508,
101.5707,
34.81709,
60.55315,
12.59793,
17.2287,
60.04368,
152.504,
215.6,
45.66455,
1932.309,
122.2504,
48.416,
48.06779,
8.62702,
46.5137,
11.28897,
0,
3278.595,
2015, 
10.22028,
71.3496,
29.31362,
14.67198,
48.30942,
44.44588,
83.55717,
34.84539,
16.93872,
10.52352,
102.5686,
35.72415,
60.70615,
11.49714,
18.86733,
54.24003,
149.0051,
200.2,
49.9324,
1828.584,
134.8432,
51.0425,
45.50641,
9.14328,
54.6465,
11.53116,
0,
3182.214,
2016, 
9.82212,
71.52852,
30.02698,
14.40484,
42.59218,
40.91608,
85.80168,
37.9404,
18.32382,
10.53,
103.9854,
36.05987,
64.09255,
11.74581,
19.30797,
48.05001,
140.8278,
215.6,
54.25295,
1866.786,
140.1854,
52.87,
44.20165,
8.98973,
60.1426,
11.76201,
0,
3240.747,
2017, 
10.67304,
72.91116,
30.78474,
14.79334,
39.96296,
41.27498,
100.8879,
36.3771,
18.83412,
10.6677,
104.8455,
39.193,
68.4692,
11.83329,
21.5055,
48.6729,
133.198,
217.91,
54.604,
1804.981,
147.0186,
59.05715,
45.81185,
8.55315,
64.4249,
10.97226,
0,
3218.217,
2018, 
11.38536,
73.07999,
35.76272,
14.21466,
39.62922,
39.22222,
83.187,
42.46101,
18.9135,
11.0808,
106.8244,
41.92958,
61.6624,
12.14433,
22.34628,
48.3165,
136.8699,
238.7,
49.23455,
1732.125,
159.8748,
64.10105,
45.90481,
9.02957,
72.3877,
11.99853,
0,
3182.386,
2019, 
11.76,
74.004,
33.42062,
13.78472,
41.89214,
39.28734,
81.07047,
46.77426,
17.70174,
10.30806,
107.3811,
43.84611,
48.4211,
12.35898,
24.14367,
52.19316,
140.6745,
257.18,
47.79975,
1812.556,
176.4549,
61.234,
44.37346,
9.21715,
75.26155,
13.81617,
0,
3296.915,
2020, 
11.76,
75.432,
35.39642,
12.36614,
45.17848,
34.9391,
73.20375,
51.37668,
20.14227,
8.748,
105.6086,
44.57222,
61.45415,
12.58659,
25.53039,
50.67603,
152.9337,
223.3,
45.2268,
1841.43,
182.025,
53.4055,
42.25115,
8.8976,
74.5314,
14.17824,
0,
3307.15,
2021, 
11.76,
76.692,
38.15366,
13.72848,
48.75416,
42.62252,
82.21419,
56.35332,
22.2264,
10.125,
110.3849,
45.72876,
66.72076,
13.77729,
28.51524,
53.93304,
151.9146,
269.5,
47.4504,
1830.733,
193.3172,
55.3775,
41.56889,
9.0968,
83.18015,
14.29083,
0,
3418.119,
2022, 
12.6,
76.94399,
36.852,
13.88314,
47.02404,
44.62866,
78.31809,
57.0321,
21.1977,
9.72,
108.62,
44.18491,
62.6518,
9.396,
28.71855,
54.89532,
152.1216,
292.6,
48.9702,
1651.019,
200.8482,
54.536,
44.156,
9.28189,
80.35731,
14.58081,
0,
3255.138,
2023, 
12.58652,
77.16844,
37.14637,
14.16171,
47.57108,
44.90646,
80.33607,
59.17007,
19.75628,
9.792399,
105.3699,
42.82838,
62.78647,
9.390163,
29.3549,
55.02251,
154.3992,
303.0112,
46.04269,
1655.431,
202.9674,
54.34435,
43.90541,
9.319287,
81.75706,
15.21034,
0,
3273.736,
2024, 
12.53773,
77.20546,
37.29748,
14.44665,
47.85534,
45.4882,
82.2447,
61.81429,
21.41117,
9.920479,
101.0947,
41.11489,
62.90122,
9.388192,
29.97805,
55.09399,
156.9282,
313.1567,
42.19242,
1659.07,
205.3009,
53.4923,
43.62395,
9.352444,
84.78784,
16.14169,
0,
3293.839,
2025, 
12.43724,
76.97121,
37.50875,
14.7221,
48.3279,
46.00345,
84.26449,
64.66046,
23.86725,
10.04165,
99.14319,
38.70912,
63.11067,
9.440484,
30.61323,
55.14173,
159.4855,
324.8626,
40.28711,
1662.356,
208.1232,
53.67722,
43.36983,
9.396427,
88.34309,
17.16108,
0,
3322.025,
2026, 
12.31275,
76.61789,
37.9702,
15.03083,
48.71691,
46.49954,
85.83617,
67.97573,
26.53973,
10.14084,
98.89603,
37.42588,
63.07778,
9.666269,
31.0719,
54.96277,
161.6294,
336.248,
40.26313,
1659.796,
209.865,
54.97353,
42.98256,
9.435741,
92.81644,
18.62641,
0,
3349.378,
2027, 
12.16446,
75.96359,
38.42947,
15.36236,
49.11201,
46.97198,
87.14587,
71.24102,
29.1405,
10.23891,
97.94638,
37.40918,
63.07228,
9.912184,
31.517,
54.72843,
163.7249,
346.1232,
40.24372,
1656.476,
211.4341,
56.23256,
42.62491,
9.429275,
97.05138,
20.05289,
0,
3373.749,
2028, 
12.00191,
75.17219,
38.88717,
15.66877,
49.51194,
47.42377,
88.33834,
74.4198,
31.67493,
10.34329,
96.59731,
37.38139,
63.07269,
9.767238,
31.94833,
54.5192,
165.7576,
334.5318,
40.21995,
1652.142,
212.8813,
57.47101,
42.29008,
9.418281,
101.0855,
21.45262,
0,
3373.979,
2029, 
11.83129,
74.24287,
39.34704,
16.03151,
49.92525,
47.90165,
89.39642,
77.53726,
34.14826,
10.45774,
95.11568,
37.34789,
63.12352,
9.421383,
32.36529,
54.43729,
167.714,
324.0246,
40.20458,
1646.473,
214.2579,
58.70934,
42.00611,
9.408908,
104.9723,
22.83061,
0,
3373.231,
2030, 
11.64681,
73.19189,
39.80788,
16.39711,
50.34418,
48.41655,
90.38965,
80.6328,
36.56526,
10.58539,
93.7272,
37.30667,
63.15074,
9.089754,
32.76688,
54.64873,
169.5687,
317.084,
40.17196,
1639.092,
215.4786,
59.96618,
41.74139,
9.411953,
108.7329,
24.19095,
0,
3374.107,
2031, 
11.4642,
72.19247,
40.27856,
16.82263,
50.89,
49.00864,
91.45969,
85.62005,
39.74075,
10.78249,
94.33582,
37.56213,
63.21267,
8.78585,
33.13573,
54.70753,
171.1778,
324.5915,
40.10411,
1627.736,
216.5387,
61.21847,
41.55521,
9.428572,
113.1241,
26.04436,
0,
3391.518,
2032, 
11.28331,
71.3757,
40.73548,
17.29696,
51.44802,
49.62625,
92.39937,
90.50923,
42.83418,
11.00743,
95.05627,
37.30144,
63.26474,
8.521558,
33.45901,
53.06231,
172.5141,
331.8635,
40.02827,
1613.724,
217.4346,
62.5289,
41.40795,
9.45471,
117.3817,
27.85671,
0,
3403.376,
2033, 
11.11805,
70.69182,
41.1861,
17.74576,
52.02881,
50.25739,
93.09734,
95.29408,
45.86576,
11.24909,
95.90816,
37.09476,
63.30737,
8.314082,
33.73794,
51.55151,
173.5237,
338.9708,
39.94941,
1596.612,
218.1638,
63.91759,
41.30545,
9.493435,
121.5523,
29.64021,
0,
3411.576,
2034, 
10.95225,
69.90431,
41.66348,
18.22635,
52.64668,
50.91678,
93.56379,
100.0221,
48.85198,
11.51584,
96.89067,
37.01468,
63.30999,
8.199566,
33.98105,
50.15598,
174.1773,
345.9689,
39.86613,
1575.611,
218.6897,
65.40099,
41.23647,
9.536642,
125.6678,
31.40741,
0,
3415.378,
2035, 
10.78832,
68.92371,
42.21206,
18.74285,
53.30736,
51.65944,
93.85117,
104.735,
51.80067,
11.81021,
98.01103,
36.92923,
63.26521,
8.201756,
34.23788,
48.85052,
174.4825,
352.9046,
39.79841,
1550.346,
219.0035,
66.90115,
41.19987,
9.573469,
129.7585,
33.16893,
0,
3414.463,
2036, 
10.92134,
68.42583,
42.70238,
19.31429,
54.06151,
52.52555,
94.07415,
110.4987,
55.38788,
12.16621,
99.34012,
36.83454,
63.19653,
8.305166,
34.50826,
47.637,
174.3232,
359.7913,
39.76574,
1519.562,
218.9174,
68.17734,
41.22424,
9.618979,
134.3351,
35.29521,
0,
3410.91,
2037, 
11.09714,
69.76691,
43.2001,
19.92417,
54.87157,
53.50872,
94.03203,
116.253,
58.91381,
12.54705,
100.8186,
36.73631,
63.09361,
8.207747,
34.83389,
46.48058,
173.8485,
366.6189,
39.59673,
1485.991,
218.646,
69.35989,
41.28621,
9.690403,
138.8645,
37.41693,
0,
3405.604,
2038, 
11.28323,
71.21713,
43.58786,
20.5731,
55.73661,
54.6101,
93.80595,
122.0207,
62.40146,
12.95198,
102.429,
36.63365,
62.93644,
8.195127,
35.22572,
45.36353,
173.1017,
373.409,
39.36044,
1450.423,
218.1747,
70.53036,
41.37204,
9.770177,
143.3595,
39.53548,
0,
3398.008,
2039, 
11.48036,
72.76909,
43.83398,
21.25922,
56.64697,
55.81857,
93.51976,
127.7398,
65.86702,
13.37947,
104.1684,
36.52739,
62.74143,
8.349322,
35.44787,
45.21313,
172.1346,
380.1749,
39.09739,
1413.021,
217.5322,
71.82779,
41.48486,
9.847591,
147.8333,
41.64889,
0,
3389.364,
2040, 
11.68858,
74.40455,
43.96979,
21.97742,
57.60776,
57.12174,
93.15209,
133.3942,
69.31381,
13.82699,
106.0282,
36.41826,
62.52275,
8.506449,
35.63477,
45.2516,
170.9877,
386.9217,
38.81428,
1373.377,
216.7473,
73.30365,
41.62529,
9.928627,
152.2919,
43.76021,
0,
3378.577,
2041, 
11.91629,
76.08022,
43.99488,
22.72637,
58.60587,
58.47955,
92.72095,
140.1465,
73.4779,
14.30581,
108.06,
36.30817,
62.3265,
8.657171,
35.79032,
45.32394,
169.5537,
393.4541,
38.51249,
1330.078,
215.7225,
74.89486,
41.8349,
10.00957,
157.1726,
46.27787,
0,
3366.431,
2042, 
12.14969,
77.80515,
44.02087,
23.49617,
59.61966,
59.90903,
92.22434,
146.7887,
77.55515,
14.79307,
110.1647,
36.19545,
62.09915,
8.808798,
35.93108,
45.41031,
167.9713,
399.9064,
38.19212,
1284.153,
214.5802,
76.66408,
42.05172,
10.08454,
161.9582,
48.77455,
0,
3351.307,
2043, 
12.38327,
79.58059,
44.09557,
24.28359,
60.65012,
61.4337,
91.6847,
153.4003,
81.56429,
15.28463,
112.3036,
36.07875,
61.8138,
8.960302,
36.05935,
45.50653,
166.1801,
406.269,
37.84577,
1235.932,
213.3061,
78.59301,
42.25373,
10.16038,
166.6384,
51.25272,
0,
3333.514,
2044, 
12.61546,
81.42464,
44.24701,
25.08237,
61.68331,
63.0528,
91.09323,
159.9674,
85.50862,
15.77663,
114.4569,
35.95836,
61.4777,
9.110655,
36.1768,
45.60855,
164.1925,
412.532,
37.47811,
1185.978,
211.9237,
80.65646,
42.43655,
10.24907,
171.2087,
53.71198,
0,
3313.608,
2045, 
12.84475,
83.33533,
44.48354,
25.88736,
62.71143,
64.7711,
90.47461,
166.4682,
89.39407,
16.26525,
116.6056,
35.83456,
61.09795,
9.258873,
36.28548,
45.71117,
162.0443,
418.6843,
37.09367,
1135.634,
210.4559,
82.83389,
42.59621,
10.35607,
175.6629,
56.14884,
0,
3292.939,
2046, 
13.08056,
85.26907,
44.78174,
26.68602,
63.7085,
66.55668,
89.83028,
174.106,
93.92128,
16.74377,
118.7866,
35.71743,
60.7101,
9.401592,
36.36073,
45.821,
159.6056,
424.4235,
36.70704,
1084.103,
208.8292,
85.01179,
42.77887,
10.47448,
180.3359,
58.9496,
0,
3272.7,
2047, 
13.30961,
87.22751,
45.17394,
27.47586,
64.67992,
68.43549,
89.23629,
181.5821,
98.31219,
17.20866,
120.9235,
35.59719,
60.20496,
9.540333,
36.43082,
45.92741,
157.1061,
429.9897,
36.30839,
1033.615,
207.1505,
87.2545,
42.92678,
10.59524,
184.8209,
61.67871,
0,
3252.712,
2048, 
13.5847,
89.06541,
45.67468,
28.23808,
65.56814,
69.84552,
88.52549,
188.7122,
102.5031,
17.66286,
123.2585,
35.49644,
60.35863,
9.639325,
36.49598,
46.01362,
154.5972,
435.4086,
36.07875,
984.2675,
206.0398,
89.5519,
43.31094,
10.66736,
189.2606,
64.30777,
0,
3234.133,
2049, 
13.851,
90.901,
46.24479,
28.9828,
66.42336,
71.03532,
87.80038,
195.7477,
106.5612,
18.09877,
125.5235,
35.39302,
60.39921,
9.733104,
36.55904,
46.09595,
152.0557,
440.6434,
35.84345,
936.2242,
204.9018,
91.86737,
43.65387,
10.75007,
193.5114,
66.87803,
0,
3215.679,
2050, 
14.10944,
92.72978,
46.86938,
29.70722,
67.24413,
72.1939,
87.67703,
202.6887,
110.4993,
18.51488,
127.7166,
35.28781,
60.42348,
9.821234,
36.62127,
46.54878,
149.5017,
445.6917,
35.61005,
889.763,
203.7652,
93.4424,
43.9619,
10.83697,
197.5777,
69.39063,
0,
3198.194,
2051, 
14.36679,
94.50553,
47.51728,
30.39763,
68.00498,
73.29167,
88.10937,
211.4574,
115.3855,
18.97445,
129.8375,
35.18522,
60.73691,
9.902826,
36.78511,
46.24191,
146.8026,
450.3444,
35.38274,
843.5497,
203.6719,
95.21664,
44.46482,
10.97656,
202.8652,
72.47186,
0,
3186.447,
2052, 
14.61251,
96.2583,
48.19867,
31.06317,
68.73346,
74.36829,
88.53702,
220.0762,
120.1316,
19.41289,
131.8591,
35.08016,
61.01559,
9.978053,
36.951,
46.30608,
146.1699,
454.7798,
35.0796,
799.1299,
203.5668,
96.91836,
44.89856,
11.12498,
207.9789,
75.47322,
0,
3177.702,
2053, 
14.84919,
97.96326,
48.90508,
31.70179,
69.4183,
75.40825,
88.96424,
228.5194,
124.7368,
19.82998,
133.7913,
34.97392,
61.28661,
10.04682,
37.11943,
46.36613,
145.5955,
459.0036,
34.73693,
757.5176,
203.4841,
98.54493,
45.29134,
11.27602,
212.9313,
78.39909,
0,
3170.661,
2054, 
15.07787,
99.60038,
49.62618,
32.31181,
70.05936,
76.40333,
89.39436,
236.7897,
129.2113,
20.22566,
135.6373,
34.86709,
61.56216,
10.10912,
37.29094,
46.42158,
145.0857,
463.0219,
34.4049,
718.5743,
203.4402,
100.0946,
45.63757,
11.42287,
217.7308,
81.25256,
0,
3165.254,
2055, 
15.29847,
101.1677,
50.3474,
32.89313,
70.65727,
77.35336,
89.83011,
244.8982,
133.5644,
20.6,
137.3963,
34.75972,
61.84354,
10.16502,
37.46596,
46.47249,
144.6441,
466.8406,
34.08435,
682.2578,
203.4386,
101.5667,
45.95151,
11.56564,
222.3835,
84.03796,
0,
3161.484,
2056, 
15.51681,
102.6564,
51.03206,
33.43039,
71.17196,
78.21269,
90.22258,
253.8561,
138.3303,
20.94287,
139.0619,
34.65046,
62.149,
10.30163,
37.60616,
46.51489,
144.1161,
470.2162,
33.7551,
647.8228,
203.3985,
102.8888,
46.26236,
11.6998,
227.0293,
87.07592,
0,
3159.921,
2057, 
15.72631,
104.0745,
51.70962,
33.93748,
71.64294,
79.02533,
90.61919,
262.5718,
142.9275,
21.26345,
140.6367,
34.54041,
62.45496,
10.41663,
37.7495,
46.55223,
143.6615,
473.3875,
33.46826,
622.3577,
203.3955,
104.1317,
46.52627,
11.82928,
231.502,
90.01595,
0,
3166.124,
2058, 
15.92725,
105.4229,
52.36896,
34.41537,
72.07201,
79.79267,
91.02166,
271.0672,
147.3712,
21.56256,
142.1231,
34.42962,
62.76262,
10.51015,
37.89614,
46.5847,
143.2801,
476.3646,
33.26842,
599.3297,
203.4308,
105.2974,
46.73516,
11.95391,
235.8127,
92.86642,
0,
3173.667,
2059, 
16.11997,
106.7034,
52.6535,
34.86518,
72.46109,
80.51636,
91.43127,
279.3611,
151.6747,
21.84109,
143.5245,
34.31817,
63.0728,
10.58265,
38.04613,
46.6125,
142.9709,
479.1575,
33.17288,
577.8602,
203.5044,
106.3885,
46.90159,
12.07379,
239.9717,
95.63479,
0,
3181.421,
2060, 
16.30481,
107.9182,
52.92761,
35.28812,
72.8122,
81.19825,
91.84885,
287.4706,
155.8499,
22.10004,
144.8442,
34.20607,
63.38589,
10.63262,
38.19948,
46.63583,
142.732,
481.7761,
33.19811,
557.8687,
203.6157,
107.4081,
47.01984,
12.18917,
243.9887,
98.32771,
0,
3189.747,
2061, 
16.48561,
109.0637,
53.16316,
35.67297,
73.08384,
81.79687,
92.2021,
296.2571,
160.3178,
22.32861,
146.076,
34.08871,
63.71356,
10.65555,
38.32884,
46.64253,
142.3965,
483.8714,
33.37233,
539.0844,
203.6932,
108.2838,
47.97415,
12.29409,
247.9135,
101.199,
0,
3199.959,
2062, 
16.65842,
110.1488,
53.38857,
36.032,
73.31961,
82.35551,
92.5605,
304.7909,
164.6162,
22.5385,
147.2295,
33.97041,
64.0378,
10.64561,
38.46051,
46.64476,
142.1273,
485.7989,
33.38682,
521.6155,
203.7977,
109.0929,
48.20475,
12.39509,
251.6808,
103.9699,
0,
3209.467,
2063, 
16.8237,
111.1765,
53.60439,
36.36678,
73.52173,
82.87642,
92.92451,
313.0972,
168.7617,
22.73087,
148.3092,
33.85124,
64.3592,
10.59894,
38.59444,
46.64275,
141.9212,
487.5692,
33.25909,
505.3736,
203.928,
109.8392,
48.4114,
12.49246,
255.3031,
106.6501,
0,
3218.987,
2064, 
16.98191,
112.1502,
53.81117,
36.67879,
73.69242,
83.36192,
93.29441,
321.1979,
172.7688,
22.90684,
149.3196,
33.73125,
64.67821,
10.51309,
38.71405,
46.63673,
141.7748,
489.1925,
33.13667,
490.2717,
204.0829,
110.5263,
48.5958,
12.5864,
258.7915,
109.2482,
0,
3228.644,
2065, 
17.13382,
113.0728,
54.00959,
36.96951,
73.83381,
83.81418,
93.67033,
329.1121,
176.6503,
23.06754,
150.2666,
33.61057,
64.99756,
10.43473,
38.78195,
46.62689,
141.6847,
490.6786,
33.02002,
476.2246,
204.2637,
111.158,
48.7608,
12.67694,
262.1571,
111.7716,
0,
3238.448,
2066, 
17.28244,
113.9376,
54.1715,
37.22314,
73.9034,
84.18993,
93.97871,
337.4869,
180.6837,
23.20007,
151.1708,
33.48548,
65.3278,
10.43724,
38.77929,
46.60789,
141.4933,
491.6564,
32.89618,
463.2085,
204.3987,
111.6086,
48.91233,
12.75811,
265.3415,
114.39,
0,
3248.53,
2067, 
17.42487,
114.7576,
54.32551,
37.45726,
73.94666,
84.53532,
94.29093,
345.6219,
184.5627,
23.31864,
152.0169,
33.35952,
65.65289,
10.43611,
38.72794,
46.58524,
141.3519,
492.5091,
32.73344,
451.0864,
204.5497,
111.9172,
49.04421,
12.8362,
268.3978,
116.9152,
0,
3258.361,
2068, 
17.56159,
115.5361,
54.47212,
37.67331,
73.96551,
84.85243,
94.60699,
353.5418,
188.3029,
23.42429,
152.8091,
33.23275,
65.97365,
10.4316,
38.64707,
46.55919,
141.2568,
493.2454,
32.52985,
439.7845,
204.7155,
112.0893,
49.15815,
12.91146,
271.3369,
119.3567,
0,
3267.975,
2069, 
17.69306,
116.2758,
54.61186,
37.8726,
73.96177,
85.14331,
94.92679,
361.2681,
191.9176,
23.51801,
153.5518,
33.10522,
66.2907,
10.42394,
38.53438,
46.52988,
141.2048,
497.8534,
32.28506,
429.2332,
204.8953,
112.129,
49.25573,
12.98395,
274.1685,
121.7226,
0,
3281.356,
2070, 
17.8197,
116.9798,
54.74517,
38.0564,
73.93712,
85.40984,
95.25016,
368.8195,
195.4187,
23.60072,
154.2487,
32.97699,
66.60456,
10.41335,
38.39212,
46.49751,
141.1927,
501.1364,
32.00314,
419.3671,
205.0879,
112.0394,
49.33839,
13.05375,
276.9018,
124.0202,
0,
3293.311,
2071, 
17.93914,
117.6192,
54.84259,
38.20762,
73.85228,
85.60416,
95.52686,
376.6555,
198.9602,
23.66064,
154.921,
32.84958,
66.91474,
10.40166,
38.20729,
46.4613,
141.0866,
502.7216,
31.72185,
410.2425,
205.204,
111.7617,
49.41397,
13.09543,
279.4216,
126.3595,
0,
3303.652,
2072, 
18.05348,
118.2278,
54.93394,
38.3449,
73.74898,
85.77671,
95.80524,
384.2727,
202.3641,
23.6889,
155.5501,
32.72117,
67.21399,
10.38749,
37.99756,
46.42231,
141.0141,
502.8875,
31.4303,
401.6847,
205.3213,
111.3592,
49.47275,
13.07353,
281.8388,
128.6155,
0,
3312.207,
2073, 
18.16315,
118.808,
55.01965,
38.46933,
73.6286,
85.92916,
96.08519,
391.6936,
205.644,
23.67698,
156.1395,
32.59184,
67.50337,
10.37099,
37.7647,
46.38068,
140.9724,
502.2176,
31.12725,
393.6419,
205.4396,
110.8357,
49.51623,
12.99153,
284.1623,
130.7968,
0,
3319.57,
2074, 
18.26852,
119.3622,
55.10008,
38.58191,
73.49252,
86.06299,
96.36661,
398.938,
208.8122,
23.61565,
156.6924,
32.46164,
67.77226,
10.35236,
37.51141,
46.33654,
140.9589,
501.2589,
30.83456,
386.0663,
205.5585,
110.1975,
49.54377,
12.85181,
286.4003,
132.9108,
0,
3326.309,
2075, 
18.36992,
119.8923,
55.1756,
38.6836,
73.3419,
86.17962,
96.64935,
406.0231,
211.8789,
23.50109,
157.2118,
32.33059,
67.9933,
10.33173,
37.23664,
46.29003,
140.971,
500.1701,
30.78016,
378.9138,
205.6772,
109.4411,
49.53242,
12.6525,
288.5597,
134.9641,
0,
3332.752,
2076, 
18.46033,
120.3375,
55.21948,
38.7551,
73.13977,
86.22915,
96.89112,
413.2007,
214.9036,
23.31505,
157.6963,
32.20679,
68.1636,
10.31143,
36.92848,
46.24224,
140.9038,
498.5421,
30.73494,
372.1835,
205.7149,
108.4967,
49.51399,
12.41071,
290.4683,
136.9843,
0,
3337.954,
2077, 
18.54707,
120.7622,
55.25898,
38.81693,
72.92506,
86.26352,
97.13289,
420.1832,
217.8113,
23.07158,
158.1512,
32.08217,
68.28503,
10.28944,
36.59785,
46.19229,
140.8578,
496.8208,
30.66882,
365.7997,
205.7489,
107.4108,
49.47918,
12.13984,
292.2984,
138.9324,
0,
3342.527,
2078, 
18.63048,
121.1683,
55.27897,
38.86983,
72.69872,
86.2839,
97.37456,
426.9904,
220.6135,
22.78138,
158.5793,
31.95679,
68.36047,
10.26588,
36.2428,
46.14026,
140.8311,
494.3081,
30.57164,
359.7287,
205.7795,
106.1829,
49.4313,
11.84489,
294.057,
140.8156,
0,
3345.786,
2079, 
18.71314,
121.5572,
55.23504,
38.91454,
72.46165,
86.29134,
97.61609,
433.6397,
223.3201,
22.45539,
158.9936,
31.83166,
68.41354,
10.24085,
35.8667,
46.08628,
140.8231,
490.912,
30.45078,
353.9398,
205.829,
104.8227,
49.38626,
11.85765,
295.7552,
142.6403,
0,
3348.053,
2080, 
18.79332,
121.9305,
55.12977,
38.95169,
72.21467,
86.28678,
97.85738,
440.1462,
225.9399,
22.11171,
159.3869,
31.70597,
68.42703,
10.21447,
35.59466,
46.03042,
140.831,
489.3824,
30.30094,
348.4053,
205.8779,
103.3411,
49.34317,
11.89124,
297.3939,
144.4121,
0,
3351.9,
2081, 
18.86028,
122.2121,
54.94585,
38.96376,
71.94073,
86.22895,
98.05466,
446.5922,
228.4742,
21.76428,
159.7254,
31.59163,
68.38496,
10.18932,
35.66387,
45.97661,
140.7777,
488.1048,
30.1424,
343.1571,
205.8375,
101.6986,
49.33158,
11.9158,
298.8054,
146.0962,
0,
3355.436,
2082, 
18.92463,
122.4804,
54.70118,
38.96914,
71.65828,
86.1606,
98.25078,
452.8659,
230.9115,
21.42709,
160.044,
31.47662,
68.31039,
10.16299,
35.73222,
45.92101,
140.7369,
486.7818,
30.00506,
338.1151,
205.791,
100.0367,
49.33624,
11.93973,
300.1578,
147.7186,
0,
3358.616,
2083, 
18.98662,
122.7366,
54.40313,
38.96834,
71.36791,
86.0825,
98.44574,
458.9845,
233.2608,
21.10003,
160.3443,
31.361,
68.21387,
10.13556,
35.79971,
45.8637,
140.7075,
485.4164,
29.9467,
333.2585,
205.7388,
99.89624,
49.34166,
11.96305,
301.4561,
149.2852,
0,
3363.064,
2084, 
19.04645,
122.9818,
54.05936,
38.96187,
71.07025,
85.99539,
98.63953,
464.9631,
235.5302,
20.80144,
160.6281,
31.24479,
68.10088,
10.1071,
35.86637,
45.80476,
140.6882,
484.0111,
30.00743,
328.5684,
205.6812,
99.74444,
49.34564,
11.98583,
302.7045,
150.8015,
0,
3367.34,
2085, 
19.104,
123.2169,
53.67698,
38.95015,
70.49111,
85.8999,
98.83215,
470.8146,
237.7267,
20.76168,
160.8952,
31.12791,
67.97714,
10.07768,
35.93219,
45.74427,
140.6778,
482.5681,
30.22019,
324.0277,
205.6152,
99.58205,
49.34362,
12.0081,
303.9065,
152.272,
0,
3371.45,
2086, 
19.14724,
123.3723,
53.24355,
38.91888,
69.34706,
85.76341,
98.98415,
476.4768,
239.819,
20.71433,
161.0931,
31.02309,
67.82636,
10.04992,
35.98649,
45.68519,
140.6198,
480.936,
30.27049,
319.8037,
205.4686,
99.36168,
49.34515,
12.02138,
304.9296,
153.6343,
0,
3373.842,
2087, 
19.18807,
123.5191,
52.7832,
38.88292,
67.81699,
85.61954,
99.13429,
481.9878,
241.8314,
20.66411,
161.2749,
30.9175,
67.6747,
10.02131,
36.03965,
45.62455,
140.5684,
479.2714,
30.21256,
315.6994,
205.3096,
99.13219,
49.3416,
12.03422,
305.9066,
154.9443,
0,
3375.4,
2088, 
19.22682,
123.6583,
52.29903,
38.84263,
66.02579,
85.46883,
99.28268,
487.362,
243.771,
20.61125,
161.4424,
30.81123,
67.52125,
9.991892,
36.09171,
45.56242,
140.523,
477.5762,
30.15141,
311.7023,
205.1402,
98.89436,
49.33207,
12.04665,
306.8413,
156.207,
0,
3376.384,
2089, 
19.26364,
123.7903,
51.7936,
38.79835,
63.97126,
85.31171,
99.42929,
492.6122,
245.6443,
20.55597,
161.5967,
30.70431,
67.37199,
9.961725,
36.14273,
45.49886,
140.4827,
475.8523,
30.08722,
307.8015,
204.9606,
98.64877,
49.3153,
12.05872,
307.7371,
157.4268,
0,
3376.818,
2090, 
19.29858,
123.9158,
51.26949,
38.75036,
61.66989,
85.06586,
99.57422,
497.7498,
247.4568,
20.49842,
161.7386,
30.59675,
67.22818,
9.930855,
36.19271,
45.43394,
140.447,
474.1011,
30.01988,
303.9868,
204.7704,
98.39604,
49.2889,
12.07044,
308.5966,
158.6073,
0,
3376.655,
2091, 
19.32253,
123.9855,
50.71674,
38.68871,
60.42449,
84.66936,
99.66211,
502.5752,
249.138,
20.43408,
161.8186,
30.49986,
67.19595,
9.900422,
36.23203,
45.36446,
140.3619,
472.8096,
29.94967,
300.4775,
204.5286,
98.09334,
49.25267,
12.07482,
309.3032,
159.6893,
0,
3377.168,
2092, 
19.34592,
124.0497,
50.14792,
38.62374,
60.12573,
84.15193,
99.74783,
507.2681,
250.7531,
20.36784,
161.8931,
30.40283,
67.32101,
9.869348,
36.27013,
45.29359,
140.2806,
471.9734,
29.87989,
297.0368,
204.2872,
97.78483,
49.20494,
12.0789,
309.9771,
160.728,
0,
3378.864,
2093, 
19.36781,
124.109,
49.56213,
38.55568,
59.82367,
83.5184,
99.83145,
511.841,
252.3078,
20.29975,
161.9577,
30.30525,
67.43806,
9.837668,
36.30704,
45.22141,
140.2021,
471.4471,
29.80742,
293.6575,
204.036,
97.47066,
49.14045,
12.08271,
310.6184,
161.7276,
0,
3380.474,
2094, 
19.38832,
124.1638,
49.12197,
38.48474,
59.51852,
82.77393,
99.91303,
516.3046,
253.8071,
20.22995,
162.0133,
30.20716,
67.54771,
9.805421,
36.34282,
45.14796,
140.126,
471.2887,
29.73243,
290.3328,
203.7758,
97.15123,
49.06048,
12.08626,
311.2296,
162.6913,
0,
3382.245,
2095, 
19.40755,
124.2144,
49.07104,
38.41113,
59.21046,
81.92458,
99.99266,
520.6685,
255.2553,
20.15857,
162.0605,
30.10857,
67.65054,
9.772635,
36.37751,
45.07329,
140.0518,
470.5748,
29.6551,
287.0571,
203.5069,
96.82691,
48.96622,
12.08958,
311.8127,
163.6223,
0,
3383.521,
2096, 
19.41677,
124.2206,
49.00377,
38.33041,
58.91139,
80.96346,
100.0089,
524.6469,
256.563,
20.08135,
162.0372,
30.0139,
67.7247,
9.737659,
36.39636,
44.9819,
139.9174,
469.5233,
29.57688,
283.9504,
203.1868,
96.46496,
48.84978,
12.08737,
312.2756,
164.4545,
0,
3383.325,
2097, 
19.42471,
124.2233,
48.93531,
38.24727,
58.60982,
79.91028,
100.0228,
528.5106,
257.8157,
20.00272,
162.0059,
29.91873,
67.79128,
9.702187,
36.41398,
44.88929,
139.7841,
468.2808,
29.49601,
280.8828,
202.8569,
96.09882,
48.72629,
12.08495,
312.7109,
165.2515,
0,
3382.597,
2098, 
19.43148,
124.2228,
48.86575,
38.16188,
58.30591,
78.77227,
100.0347,
532.2698,
259.018,
19.92275,
161.9673,
29.82307,
67.8509,
9.666245,
36.43044,
44.79553,
139.6517,
466.9733,
29.41271,
277.8501,
202.5179,
95.72876,
48.595,
12.08235,
313.1205,
166.0164,
0,
3381.488,
2099, 
19.43758,
124.2194,
48.79528,
38.07438,
57.99979,
77.55739,
100.0444,
535.9337,
260.1739,
19.8416,
161.9241,
29.72714,
67.90765,
9.699723,
36.44577,
44.70067,
139.5201,
465.7539,
29.3284,
274.8484,
202.174,
95.35516,
48.45996,
12.07957,
313.5073,
166.7519,
0,
3380.261,
2100, 
19.44252,
124.2134,
48.72375,
37.9849,
57.69159,
76.27424,
100.0522,
539.5099,
261.287,
19.75928,
161.8739,
29.63071,
67.95699,
9.701735,
36.46003,
44.60474,
139.3888,
464.6898,
29.24146,
271.8744,
201.8203,
94.97811,
48.31888,
12.07662,
313.8713,
167.4604,
0,
3378.887];
