real main.em.ep.isp.StorResTot[28](t) = [1971, 
650.2043,
6655.436,
42.08362,
21.60265,
64.87003,
80.52728,
58.72234,
41.01139,
12.12848,
217.2017,
4045.412,
790.4434,
44.82675,
637.7261,
125.547,
1842.407,
149.6583,
187.5422,
60.78517,
214.7469,
32.17235,
2.731125,
946.1337,
246.709,
13.90568,
25.25577,
0,
17209.79,
1972, 
741.8291,
6657.843,
47.72691,
24.07335,
70.90247,
85.60682,
59.51014,
44.30545,
13.06971,
235.8341,
4225.164,
862.6854,
51.80706,
676.4346,
128.979,
1948.756,
169.116,
195.9843,
65.4228,
235.7861,
36.51533,
3.157201,
1010.98,
243.6144,
13.96318,
36.19423,
0,
17885.26,
1973, 
822.1111,
7269.949,
51.89839,
26.78121,
82.16986,
95.75301,
60.99394,
49.34061,
13.25922,
250.8532,
4530.363,
899.4106,
52.40312,
714.6973,
138.2329,
2062.017,
202.2984,
202.9921,
74.03809,
257.8696,
43.11666,
3.878754,
1094.683,
277.6542,
16.23113,
46.06018,
0,
19339.05,
1974, 
850.5595,
7326.931,
65.72849,
27.98027,
91.55762,
104.7405,
65.2244,
49.4925,
12.81712,
268.6708,
4637.779,
955.7452,
59.44636,
755.8891,
148.2977,
2187.943,
226.6746,
212.8938,
81.38275,
266.9742,
45.87998,
5.159482,
1080.839,
298.1193,
18.26014,
58.10797,
0,
19903.09,
1975, 
828.2977,
7544.483,
69.66485,
27.81073,
98.64605,
109.7483,
74.15511,
55.5097,
13.36417,
288.8008,
4620.784,
999.7319,
71.35624,
684.1313,
131.9433,
2026.462,
263.1264,
236.3614,
91.00084,
316.271,
47.80761,
5.857606,
1104.864,
309.3615,
20.49623,
61.16162,
0,
20101.2,
1976, 
886.3723,
8058.391,
73.95848,
31.43838,
113.7036,
118.4314,
85.01572,
57.71395,
15.50513,
302.6822,
4967.695,
1062.252,
81.13212,
715.2866,
139.6969,
2158.209,
310.0032,
265.6332,
99.47144,
351.2393,
53.8702,
5.439555,
1181.715,
322.6221,
21.57173,
65.62277,
0,
21544.67,
1977, 
950.8682,
8329.101,
79.96755,
34.06343,
125.4343,
129.6744,
97.22807,
63.13306,
16.30048,
302.7837,
5077.857,
1106.948,
90.94711,
734.8352,
144.3448,
2229.876,
392.5233,
282.9232,
108.8643,
383.5737,
59.80947,
6.798978,
1231.221,
339.4753,
23.22766,
71.39471,
0,
22413.17,
1978, 
1020.176,
8557.543,
88.36341,
35.96301,
138.8887,
136.05,
109.4548,
61.01216,
17.13504,
316.0679,
5265.937,
1163.831,
97.01137,
758.2073,
149.2396,
2332.665,
443.049,
311.1344,
120.7324,
437.5255,
61.91153,
9.523081,
1288.417,
349.7946,
26.09822,
69.31463,
0,
23365.04,
1979, 
1069.449,
8728.632,
94.7359,
37.54362,
155.6558,
151.6867,
122.4012,
70.41041,
17.59815,
332.3108,
5490.517,
1172.046,
98.95731,
776.2701,
205.1706,
2386.209,
512.4371,
315.6554,
130.8803,
478.3397,
67.3491,
11.47745,
1357.881,
366.2189,
29.23367,
74.67969,
0,
24253.75,
1980, 
1099.906,
8839.066,
99.39124,
37.88157,
178.7058,
162.2827,
136.8613,
78.80917,
17.81119,
360.1373,
5527.901,
1224.595,
101.896,
812.5291,
224.5313,
2569.984,
567.5014,
329.5199,
136.6578,
467.3,
71.89835,
14.44841,
1341.032,
383.9914,
30.6696,
68.78959,
0,
24884.1,
1981, 
1156.483,
8910.48,
108.5324,
39.18676,
171.9076,
168.6963,
155.4079,
77.09691,
18.83773,
411.1541,
5582.702,
1233.527,
106.7587,
833.5927,
230.3303,
2718.213,
672.96,
361.6061,
146.5569,
472.0501,
76.49121,
14.23662,
1354.125,
408.8091,
32.81543,
65.13078,
0,
25527.69,
1982, 
1135.482,
8689.765,
113.4111,
40.57789,
180.241,
171.1231,
170.1902,
85.8194,
20.39886,
432.2503,
5572.038,
1250.283,
116.416,
851.2328,
238.5745,
2824.45,
797.8197,
385.8764,
154.5343,
503.5535,
81.96918,
17.33226,
1339.933,
415.5434,
35.20694,
65.10699,
0,
25689.13,
1983, 
1186.604,
8879.388,
112.5325,
43.14091,
186.5197,
179.3099,
187.7616,
79.83688,
21.715,
439.9979,
5703.723,
1306.279,
121.6482,
875.3495,
246.1662,
2972.111,
816.7881,
412.9713,
168.4021,
544.6578,
89.59006,
20.33463,
1414.213,
425.7745,
39.14055,
63.77306,
0,
26537.73,
1984, 
1279.252,
9275.708,
121.9226,
44.38403,
208.701,
184.584,
207.2631,
74.16448,
21.74694,
486.7,
5911.01,
1364.705,
137.3699,
909.6729,
256.7058,
3161.098,
880.2997,
456.7392,
181.2701,
571.7723,
96.62356,
23.92166,
1487.968,
454.8969,
44.1608,
62.8799,
0,
27905.52,
1985, 
1356.808,
9439.755,
106.3658,
43.757,
226.0315,
187.98,
222.6158,
89.89498,
23.30893,
503.4875,
6129.066,
1366.629,
149.9969,
932.7515,
265.4371,
3281.373,
944.2632,
501.3234,
195.1965,
611.428,
102.1054,
24.83851,
1545.313,
488.2377,
47.68658,
65.2401,
0,
28850.89,
1986, 
1388.575,
9431.972,
119.7516,
46.77043,
239.0385,
212.8186,
219.83,
94.10679,
24.74303,
517.371,
6226.545,
1429.65,
171.9772,
954.3558,
269.7981,
3429.291,
1029.155,
547.6224,
210.644,
671.559,
105.6768,
35.003,
1567.005,
504.3434,
52.75177,
66.71588,
0,
29567.07,
1987, 
1480.45,
9600.834,
129.6988,
49.48552,
242.2672,
228.9182,
235.1156,
98.10302,
26.71282,
529.7906,
6429.995,
1457.692,
192.4897,
990.6242,
271.7613,
3566.836,
1052.559,
594.1019,
234.095,
741.6569,
113.9285,
40.56756,
1670.616,
531.8106,
58.3932,
65.05855,
0,
30633.56,
1988, 
1515.242,
9994.088,
132.2068,
49.78318,
251.4408,
258.6496,
256.2809,
103.0444,
28.43621,
549.8123,
6710.323,
1449.184,
201.956,
1022.019,
276.7496,
3655.659,
1210.954,
654.0702,
264.8067,
811.0926,
124.7463,
42.84843,
1765.054,
555.6596,
67.02898,
71.96432,
0,
32023.1,
1989, 
1483.342,
10901.34,
140.8454,
53.16128,
267.4602,
246.9449,
268.307,
107.5662,
30.08073,
562.0002,
6922.414,
1467.511,
217.7564,
1040.853,
278.4375,
3926.949,
1235.244,
714.7468,
288.8087,
871.9695,
136.9056,
47.40186,
1876.493,
596.215,
69.92011,
69.03201,
0,
33821.71,
1990, 
1436.263,
11106.87,
145.6216,
53.67679,
256.2019,
266.5554,
277.737,
109.5351,
34.61212,
571.1307,
7072.429,
1388.899,
240.5059,
1122.623,
345.2511,
3836.243,
1322.039,
768.481,
310.164,
926.4405,
150.6704,
56.30824,
2049.886,
611.2874,
76.10166,
76.82074,
0,
34612.35,
1991, 
1520.971,
11201.11,
149.8859,
52.22239,
272.471,
250.958,
292.9806,
111.9585,
36.86154,
572.0009,
7232.331,
1326.281,
245.1895,
1035.051,
295.7866,
3578.147,
1463.871,
836.733,
327.1022,
1107.926,
162.5717,
63.71798,
2117.667,
628.5199,
81.62889,
84.65985,
0,
35048.6,
1992, 
1556.499,
11404.15,
153.5216,
55.11226,
279.7776,
259.5921,
309.7213,
116.2096,
38.27847,
586.2977,
7283.499,
1229.989,
276.5526,
882.2156,
274.5859,
3096.075,
1556.873,
874.2772,
347.857,
1223.277,
176.1655,
69.62463,
2143.025,
641.115,
89.66232,
73.24719,
0,
34997.2,
1993, 
1610.648,
11678.13,
155.1134,
56.25817,
291.0169,
274.1852,
335.1328,
116.6375,
39.70725,
610.7072,
7298.468,
1225.031,
303.488,
801.2317,
231.332,
3130.292,
1603.985,
923.4208,
385.4879,
1262.621,
194.2901,
77.83173,
2167.243,
661.7288,
93.56868,
74.88862,
0,
35602.45,
1994, 
1699.403,
11974.63,
166.9021,
60.35763,
299.2079,
291.1623,
357.969,
116.6322,
40.54174,
631.965,
7453.934,
1295.434,
319.3134,
728.2868,
227.8924,
2761.053,
1705.699,
991.0361,
432.8056,
1370.058,
219.3763,
86.55471,
2267.631,
682.3998,
98.37182,
72.59633,
0,
36351.21,
1995, 
1717.086,
12318.43,
169.9527,
63.69678,
314.1815,
304.983,
378.6094,
123.3258,
44.28273,
640.483,
7649.983,
1299.814,
357.0422,
764.2521,
226.1077,
2754.3,
1790.839,
1074.737,
482.8535,
1491.024,
243.2138,
100.4011,
2305.061,
701.6384,
104.592,
74.1899,
0,
37495.08,
1996, 
1768.09,
12615.66,
162.1053,
67.02727,
329.8454,
319.2337,
427.8751,
128.4738,
46.34428,
668.2746,
7772.4,
1431.157,
388.2145,
766.6415,
218.4149,
2719.864,
1865.739,
1133.947,
535.2882,
1565.928,
264.9116,
116.5101,
2372.293,
716.3591,
109.6288,
66.99323,
0,
38577.22,
1997, 
1794.264,
12920.26,
174.6993,
72.52694,
346.9769,
344.8053,
460.6615,
129.0093,
49.94328,
692.3865,
7927.391,
1457.715,
423.1071,
759.6354,
214.3739,
2676.634,
2017.887,
1196.011,
585.3302,
1660.302,
283.6671,
123.0142,
2426.221,
739.8536,
113.8067,
70.29777,
0,
39660.78,
1998, 
1772.364,
13230.07,
187.8199,
77.79244,
357.7223,
363.3106,
491.8401,
125.9948,
51.34665,
682.2107,
8104.374,
1478.528,
450.825,
729.9641,
206.3667,
2709.368,
2276.146,
1280.374,
574.0339,
1740.548,
279.6669,
126.7843,
2431.173,
783.3546,
117.968,
91.88126,
0,
40721.83,
1999, 
1808.989,
13433.95,
198.5968,
83.8923,
371.5759,
363.7573,
521.2324,
132.2802,
52.84955,
680.4791,
8198.019,
1448.144,
466.1086,
757.5746,
202.8203,
2781.96,
2181.883,
1375.182,
638.8694,
1813.052,
299.0753,
148.039,
2467.299,
824.6306,
117.8355,
99.44621,
0,
41467.54,
2000, 
1862.728,
14056.62,
211.4654,
85.84206,
385.2511,
382.4601,
555.1174,
136.4384,
54.78146,
712.5953,
8233.311,
1540.015,
503.9788,
749.067,
206.7953,
2919.784,
2198.634,
1452.348,
756.1895,
2049.353,
324.6765,
159.5299,
2577.546,
847.9666,
128.5079,
108.2366,
0,
43199.24,
2001, 
1816.747,
13403.62,
217.7494,
88.1415,
377.3857,
380.3739,
587.2418,
145.1077,
57.31829,
689.0657,
8215.559,
1679.271,
511.2496,
797.6316,
198.3917,
3050.252,
2298.491,
1508.043,
807.5583,
2258.667,
344.9309,
168.4672,
2556.896,
898.7898,
144.2054,
121.9356,
0,
43323.09,
2002, 
1841.276,
13731.03,
220.9951,
91.91021,
400.2646,
375.7025,
614.9117,
154.1787,
57.48305,
745.5156,
8027.68,
1605.427,
539.6796,
792.7482,
202.1996,
2944.478,
2386.734,
1554.576,
862.9415,
2445.961,
365.7004,
178.4115,
2611.31,
897.2431,
152.1188,
129.9191,
0,
43930.4,
2003, 
1792.679,
13846.29,
270.5548,
93.97658,
416.4984,
394.8454,
646.1064,
152.245,
60.92352,
780.3915,
7961.804,
1614.683,
582.8206,
821.0424,
215.0458,
3000.306,
2509.429,
1658.88,
900.2726,
2803.037,
395.289,
186.3628,
2612.132,
853.205,
161.523,
124.367,
0,
44854.71,
2004, 
1818.883,
14281.67,
269.8674,
94.54964,
445.4947,
421.1946,
684.6377,
168.1958,
66.08764,
806.4377,
7883.23,
1710.046,
622.242,
858.0009,
222.8513,
3095.247,
2672.821,
1766.085,
949.1993,
3214.87,
422.1391,
198.9952,
2692.478,
873.1368,
174.5772,
133.4778,
0,
46546.41,
2005, 
1775.025,
14206,
283.3749,
99.50435,
458.3844,
438.1018,
700.2045,
178.5921,
71.35685,
816.7433,
7786.418,
1680.848,
660.109,
833.0317,
228.2403,
3493.342,
2682.939,
1878.706,
1011.509,
3638.862,
455.4141,
212.4939,
2756.898,
866.4669,
187.964,
143.6459,
0,
47544.18,
2006, 
1708.707,
14009.73,
291.2734,
105.3141,
479.0297,
463.6031,
742.3033,
189.2679,
76.12489,
855.6101,
7628.287,
1706.693,
708.8281,
870.43,
233.4929,
3506.853,
2837.534,
2033.504,
1043.071,
4182.349,
481.4705,
216.279,
2810.953,
861.8973,
198.9544,
147.2115,
0,
48388.77,
2007, 
1810.552,
13963.27,
302.525,
108.2867,
507.7167,
474.8449,
821.9182,
200.1001,
83.14756,
876.6226,
7384.703,
1696.001,
765.9861,
884.9896,
243.1372,
3524.719,
3059.899,
2184.046,
1102.11,
4821.803,
510.2037,
220.8197,
2897.217,
902.6995,
205.7883,
150.9808,
0,
49704.09,
2008, 
1798.191,
13369.67,
306.9313,
106.518,
528.8575,
506.0761,
859.4301,
204.1429,
83.40903,
873.1901,
7344.732,
1695.033,
776.5011,
838.0068,
223.15,
3586.375,
3192.401,
2101.901,
1180.917,
5364.207,
522.8708,
225.7817,
2802.527,
899.4648,
214.3777,
153.4855,
0,
49758.15,
2009, 
1718.226,
12333.32,
302.8715,
106.3455,
534.5745,
512.0449,
979.0433,
212.6052,
92.04329,
851.6694,
6860.896,
1639.622,
758.7083,
723.3421,
213.9592,
3378.953,
3522.726,
2257.483,
1237.603,
6262.784,
549.3084,
230.8491,
2799.099,
814.7194,
223.5797,
166.679,
0,
49283.06,
2010, 
1707.854,
12360.69,
320.1096,
111.1422,
593.7133,
506.8521,
1066.771,
229.9975,
107.0419,
887.3819,
7298.589,
1707.531,
819.6859,
744.0278,
236.1022,
3392.698,
3691.152,
2436.097,
1337.122,
7649.78,
600.299,
249.011,
2894.378,
834.1621,
231.4498,
175.9844,
0,
52189.63,
2011, 
1784.759,
11535.8,
354.1808,
116.3201,
615.4075,
523.8562,
1101.909,
237.341,
126.9863,
896.201,
7637.828,
1740.195,
885.0342,
759.1366,
228.4115,
3467.832,
3852.349,
2711.305,
1395.334,
9507.629,
632.6878,
265.2378,
3040.746,
809.005,
247.5687,
179.7545,
0,
54652.81,
2012, 
1743.71,
11163.61,
369.5076,
120.6244,
648.9515,
559.3382,
1173.34,
244.5608,
142.8104,
891.0789,
8123.123,
1678.068,
955.2814,
764.5135,
243.2499,
3475.319,
4118.686,
2865.193,
1459.421,
11114.39,
706.8626,
277.7103,
3242.934,
822.2358,
268.0855,
184.7191,
0,
57357.33,
2013, 
1650.998,
10872.49,
362.6479,
126.7407,
676.1642,
600.72,
1242.631,
275.7027,
156.9242,
904.826,
7861.082,
1675.661,
966.592,
748.9868,
292.0388,
3489.087,
4380.969,
3080.832,
1536.89,
13488.9,
788.4824,
305.8941,
3975.91,
856.4916,
305.6919,
194.7645,
0,
60818.12,
2014, 
1609.321,
10801.04,
382.6784,
131.6712,
718.3951,
604.8942,
1322.988,
292.6454,
180.2668,
1082.777,
7959.125,
1655.264,
1019.614,
712.2654,
266.8196,
3521.772,
4765.341,
3491.025,
1641.933,
16178.31,
920.3459,
328.4897,
4785.544,
831.9721,
336.0201,
221.5208,
0,
65762.03,
2015, 
1519.108,
11333,
398.3332,
143.8024,
721.6291,
649.6258,
1501.205,
321.9518,
206.6979,
1167.244,
7322.77,
1605.616,
1089.808,
655.8775,
277.5446,
3542.611,
5335.466,
3864.12,
1800.845,
19928.32,
1040.542,
350.1572,
6662.442,
873.9664,
362.2038,
233.1805,
0,
72908.06,
2016, 
1500.064,
10901.97,
422.5167,
147.5896,
759.3531,
658.6743,
1655.519,
336.0601,
220.666,
1348.929,
7673.9,
1624.527,
1266.505,
657.2842,
329.6445,
3547.99,
5913.268,
4428.579,
1958.915,
23587.88,
1274.61,
378.2671,
7921.452,
935.0043,
429.118,
228.0351,
0,
80106.31,
2017, 
1546.858,
11228.2,
427.9474,
147.052,
810.8624,
659.5185,
1718.577,
361.1906,
237.4504,
1540.092,
7934.723,
1622.499,
1371.176,
677.4003,
417.3884,
3614.292,
6082.745,
5111.47,
2186.709,
29354.1,
1407.069,
402.9171,
9236.573,
1021.422,
494.1226,
249.4196,
0,
89861.77,
2018, 
1502.534,
11710.72,
453.0972,
155.3793,
846.0096,
670.2769,
2018.538,
408.7069,
292.3488,
1818.953,
8523.008,
1851.451,
2825.72,
752.2437,
432.9581,
3620.267,
6174.548,
6038.436,
2476.261,
36031.55,
1541.89,
470.3896,
10561.98,
1180.369,
542.8895,
280.0715,
0,
103180.6,
2019, 
1555.224,
11836.09,
421.9627,
161.4395,
904.2556,
635.574,
2248.068,
449.0652,
337.1821,
1908.543,
9791.922,
1775.808,
3167.856,
939.9736,
474.2956,
3686.078,
7275.57,
6722.604,
2923.142,
42049.7,
2110.488,
516.5736,
11909.99,
1372.122,
579.3184,
327.6998,
0,
116080.5,
2020, 
1528.922,
11435.59,
429.8227,
151.92,
876.3573,
628.7607,
2315.204,
484.4217,
360.1063,
2086.595,
10992.33,
1933.622,
3521.959,
1033.332,
450.5237,
3584.631,
7976.136,
7079.198,
3471.393,
51198.38,
2836.63,
520.8618,
13455.68,
1605.546,
613.7017,
333.8069,
0,
130905.4,
2021, 
1572.221,
12522.31,
461.4666,
166.3004,
966.842,
706.1447,
2449.963,
537.29,
407.8345,
2220.717,
11695.83,
2256.868,
3993.698,
1085.644,
555.6369,
3758.326,
8686.951,
8036.335,
4206.694,
62338.95,
4249.324,
561.58,
15027.49,
1953.999,
707.0136,
369.9539,
0,
151495.4,
2022, 
1603.36,
13485.07,
531.2463,
177.3976,
1022.708,
705.1703,
2512.847,
639.5605,
471.7879,
2250.447,
13237.94,
2548.647,
4503.871,
955.7322,
623.1571,
3725.277,
10334.98,
9566.701,
4633.828,
72646.85,
4431.441,
614.6155,
16392.17,
2349.745,
818.4114,
495.1919,
0,
171278.2,
2023, 
1587.278,
15287.86,
553.0668,
185.1337,
1097.118,
723.8344,
2728.876,
764.3082,
506.257,
2252.926,
15510.96,
3005.23,
5088.913,
983.7375,
716.3798,
3785.458,
12141.31,
10548.36,
5124.051,
98354.73,
4789.729,
681.1279,
17105.74,
2899.459,
862.8447,
533.5956,
0,
207818.3,
2024, 
1368.674,
18052.99,
580.3803,
193.4612,
1140.593,
754.8831,
3012.917,
853.6978,
539.0623,
2390.521,
17832.39,
3591.737,
8233.947,
806.761,
804.2313,
3797.235,
13319.04,
12660.12,
5327.619,
128510.9,
5086.924,
734.7108,
17533.76,
3758.178,
950.5066,
587.3445,
0,
252422.6,
2025, 
1382.216,
22282.5,
586.0806,
287.1753,
1292.14,
803.1213,
3239.493,
960.9045,
940.4555,
3127.283,
19659.87,
4047.261,
8996.993,
848.355,
875.635,
3789.625,
29381.42,
17335.38,
6175.927,
141020.8,
5770.849,
1392.385,
20354.21,
4875.425,
1263.48,
664.8541,
0,
301353.8,
2026, 
1346.405,
24388.7,
606.11,
310.7607,
1301.321,
834.1271,
2961.826,
1031.314,
1268.348,
2738.449,
21680,
4438.736,
8420.256,
923.3346,
1399.058,
3780.083,
27104.14,
21387.88,
6255.935,
178822,
6328.06,
1669.87,
20945.81,
5815.133,
1630.63,
651.7562,
0,
348040.1,
2027, 
1322.413,
26773.48,
633.559,
397.7699,
1315.374,
877.4515,
2748.586,
1341.145,
1667.901,
2411.573,
23562.94,
4865.092,
8268.112,
1057.285,
2269.646,
3769.573,
29197.93,
26062.12,
6684.195,
209407.1,
7428.102,
3122.546,
21804.83,
7131.206,
2221.401,
630.111,
0,
396971.5,
2028, 
1371.643,
28374.56,
683.9578,
526.6282,
1330.16,
921.326,
2505.949,
1901.902,
2061.371,
2157.416,
25939.55,
5579.648,
8350.721,
1195.237,
3644.087,
3746.658,
33658.77,
31770.81,
6786.138,
249726.6,
9783.691,
5742.456,
23088.63,
8645.777,
3337.188,
619.6456,
0,
463450.5,
2029, 
1505.04,
30092.22,
740.504,
663.5394,
1356.774,
1175.672,
2292.067,
2664.809,
2281.107,
1984.194,
28369.54,
6245.679,
8999.523,
1278.095,
5353.265,
3727.46,
38510.16,
38267.15,
6885.893,
290748.3,
12936.26,
9053.817,
24108,
10550.95,
4539.793,
595.6526,
0,
534925.5,
2030, 
1517.604,
31716.79,
813.0924,
844.9852,
1374.682,
1421.148,
2024.117,
3527.374,
2269.862,
1884.334,
29691.98,
6820.668,
9834.805,
1412.443,
8123.459,
3719.84,
38398.79,
44916.71,
6951.701,
329473.8,
16432.73,
12547.25,
25201.78,
12639.57,
5691.559,
531.7344,
0,
599782.8,
2031, 
1560.623,
33567.19,
1045.336,
1219.182,
1405.204,
1748.498,
1931.978,
3857.713,
2166.739,
1838.079,
31541.26,
7365.263,
10131.29,
1556.815,
11430.52,
3687.335,
37865.1,
51494.87,
7236.957,
376206,
20166.97,
15733.83,
26228.02,
14534.43,
6763.445,
453.246,
0,
672735.9,
2032, 
1679.108,
37288.17,
1322.532,
1747.725,
1492.957,
2293.815,
2008.9,
3828.054,
1888.204,
1867.393,
33708.59,
7969.179,
10549.76,
1706.333,
14792.99,
3675.27,
36392.39,
58513.47,
7477.487,
433849.6,
24221.23,
16141.48,
27260.88,
16708.36,
7733.552,
366.0772,
0,
756483.5,
2033, 
1796.967,
41529.16,
1516.56,
2470.527,
1597.3,
3040.408,
2456.116,
3661.721,
1504.086,
1980.635,
36643.89,
8553.64,
10866.05,
1822.395,
17354.25,
3619.291,
34573.14,
69271.7,
7681.276,
494514.9,
27938.6,
16906.02,
28101.65,
19008.29,
8673.841,
266.5707,
0,
847348.9,
2034, 
2014.997,
46230.23,
1587.858,
3453.693,
1715.264,
4448.259,
3259.781,
3377.367,
1149.179,
1881.969,
54303.9,
9129.118,
10876.46,
1952.889,
19437.74,
3602.789,
33144.97,
91726.04,
7986.604,
582205.6,
31669.74,
18101.13,
28679.56,
21563.5,
10091.48,
188.3,
0,
993778.4,
2035, 
2339.308,
51330.49,
1642.219,
4603.478,
1864.502,
10068.54,
4038.456,
3013.547,
823.0095,
1638.82,
75683.76,
9636.098,
10792.81,
2056.717,
21693.73,
3589.628,
32105.18,
121847.3,
8312.281,
686899.2,
36160.17,
20054.55,
28910,
24558.76,
12448.1,
121.0165,
0,
1176232,
2036, 
2809.1,
58226.72,
1686.275,
6182.904,
2165.38,
22224.99,
5101.442,
3429.594,
763.7832,
1814.606,
100065,
10696.84,
12434.89,
2157.147,
24895.68,
3584.923,
36943.61,
154957.3,
8620.751,
802773.6,
41213.21,
22132.8,
29155.05,
27999.29,
15675.14,
140.9535,
0,
1397851,
2037, 
3295.049,
68342.28,
1741,
8509.393,
2302.358,
41671.59,
6138.203,
3884.979,
720.9354,
1992.325,
122695.3,
12789.69,
14162.95,
2287.489,
28378.29,
3586.802,
41271.34,
197185.3,
8824.481,
925548.3,
47307.88,
24625.9,
29298.55,
32587.11,
19993.71,
168.6792,
0,
1649310,
2038, 
3927.468,
81605.47,
1819.91,
11951.86,
2264.593,
68732.61,
7015.823,
4389.624,
685.5546,
2162.341,
146975.6,
15604.91,
15808.62,
2499.582,
35047.85,
3594.51,
46110.83,
249983.9,
9129.95,
1107149,
54237.72,
27119.89,
29254.97,
37218,
25378.74,
215.5256,
0,
1989885,
2039, 
4457.627,
97725.67,
1916.837,
20442.89,
2267.636,
105253.7,
7692.487,
4963.145,
665.2944,
2336.897,
168539.3,
19756.61,
17503.3,
2818.607,
44731.52,
3605.458,
50900.14,
337322.6,
9557.165,
1435571,
62006.33,
29579.71,
29288.72,
41422.8,
31719.3,
258.9511,
0,
2532304,
2040, 
5059.628,
125221.3,
2027.719,
31998.06,
2319.391,
138103.2,
8179.545,
5587.205,
655.1077,
2551.859,
184277.3,
26909.85,
19181.38,
3185.962,
56513.13,
3635.21,
56312.24,
464219.8,
9985.898,
1688224,
70536.98,
32419.7,
29574.86,
45143.12,
39089.41,
319.2855,
0,
3051232,
2041, 
6564.992,
161194.9,
2175.067,
42414.48,
2385.06,
154926.2,
8667.257,
6275.888,
645.9933,
2888.756,
190302.4,
37818.05,
21353.87,
3503.369,
80749.11,
3709.212,
60489.69,
615055,
10620.67,
2010394,
80085.2,
35956.58,
30012.59,
48227.03,
48050.14,
386.4012,
0,
3664852,
2042, 
8751.379,
198188.9,
2372.328,
53963.38,
2462.218,
170473.7,
9185.643,
7028.919,
644.821,
3429.559,
196306,
57592.04,
23609.19,
3661.868,
107497,
3823.59,
65824.22,
754926.5,
11473.51,
2354765,
90687.81,
39226.93,
30462.34,
50397.73,
57205.42,
461.159,
0,
4304421,
2043, 
11606.59,
235968.8,
2749.37,
67832.05,
2552.188,
199438.8,
9702.483,
7789.85,
645.6901,
4069.876,
205978.3,
83222.83,
26717.45,
3802.985,
135978.5,
4000.488,
72103.32,
902311.3,
12619.66,
2702491,
102243.3,
42840.9,
31430.33,
52725.34,
69282.42,
574.2026,
0,
4990678,
2044, 
14695.08,
277443.3,
3247.792,
84259.55,
2693.832,
232965.8,
10667.21,
8961.38,
647.2079,
4704.009,
224161.3,
108373.4,
34323.61,
3928.768,
161600.1,
4273.389,
81882.62,
1054364,
13737.1,
3088792,
113967.7,
46918.97,
32982.09,
54380.44,
85075.12,
775.1283,
0,
5749821,
2045, 
18073.7,
321809.1,
4571.042,
100077.8,
2855.819,
276350.3,
14142.21,
10714.93,
645.5676,
5490.99,
237856.5,
126555.2,
42054,
4076.02,
189811.1,
4680.625,
102339.3,
1256624,
13854.83,
3625789,
126467.6,
50506.11,
34580.44,
54730.63,
103135.1,
1036.243,
0,
6728828,
2046, 
24332.87,
371763.3,
8685.937,
112295.3,
3052.909,
332734.4,
19727.12,
12413.5,
640.1063,
6505.443,
247722.1,
140000.5,
51248.85,
4233.382,
213043.9,
5217.135,
130888.5,
1502142,
13887.13,
4170476,
140889,
54184.83,
35623.38,
54935.6,
123437.8,
1418.442,
0,
7781499,
2047, 
33293.23,
410214.9,
14995.82,
123729.7,
3265.734,
387877.5,
26985.35,
14127.13,
912.2701,
7732.191,
254381.6,
149704.4,
64284.91,
4396.554,
232948.2,
5798.748,
173200.3,
1772319,
13851.56,
4685621,
156604.8,
57919.81,
36140.32,
54644.07,
146592.6,
1944.731,
0,
8833486,
2048, 
42934.55,
470849.7,
36189.29,
136405.8,
3566.285,
454292.5,
36082.18,
16233.47,
1816.278,
9285.709,
254395.9,
160322.3,
73988.3,
4571.245,
250781.1,
6348.319,
223110,
2043643,
13802.89,
5195999,
174515.6,
61396.31,
36193.42,
54317.71,
172652.3,
2492.484,
0,
9936186,
2049, 
53726.32,
522730.1,
74129.41,
154333.6,
3980.577,
521184.3,
46094.19,
18564.32,
4125.184,
14775,
250876,
166491.6,
83592.8,
4773.042,
266678.8,
6797.702,
260304.8,
2258272,
14097.95,
5625817,
213061.6,
63679.01,
35723.46,
54634.39,
197421,
2820.948,
0,
1.091869e+07,
2050, 
68508.63,
596439.8,
117588.7,
169672.5,
4460.647,
583371.4,
56726.05,
21066.34,
4963.828,
23772.31,
244201.5,
173749.7,
91590.3,
5390.393,
282763.9,
7171.303,
310131,
2372201,
14088.94,
6001333,
255538.7,
66728.16,
35658.91,
56570.2,
225293.3,
3175.431,
0,
1.179216e+07,
2051, 
80568.22,
670780.4,
152403.1,
187689,
4976.575,
644456.3,
67372.84,
23535.57,
5571.658,
34425.82,
236274.2,
184228,
104114.5,
7026.135,
304678.6,
7591.828,
349851.8,
2448353,
14169.38,
6444386,
295370.5,
70506.27,
36558.34,
57404.16,
254498,
3534.621,
0,
1.269032e+07,
2052, 
95149.73,
747417.1,
171941.6,
202617.4,
5456.667,
699110.1,
77351.84,
26717.43,
6180.636,
48021.86,
222178.6,
192282,
113870.5,
9447.721,
316467.2,
8278.633,
382709.3,
2425706,
14259.16,
6922138,
319797.4,
74000.38,
37709.62,
59073.36,
290600.8,
3915.247,
0,
1.34724e+07,
2053, 
112889.4,
827215.4,
194613.3,
215365.2,
6133.07,
744833.8,
91503.49,
30935.35,
8661.036,
64599.86,
216568.6,
197696.2,
126280.2,
12963.44,
329113.8,
9490.688,
410261.9,
2349656,
14298.8,
7337634,
337777.2,
76325.34,
40076.48,
62813.22,
356450.2,
4335.309,
0,
1.417849e+07,
2054, 
132705.4,
907172.3,
214302.3,
233326.4,
6949.836,
802406.7,
114372.3,
35323.8,
11350.8,
83316.97,
214174,
204413,
142076,
17493.79,
344015.8,
11410.08,
440254.3,
2269163,
14211,
7569443,
348949.4,
78006.62,
42802.71,
68671.16,
430822,
4808.173,
0,
1.474194e+07,
2055, 
157651,
1011706,
238476.7,
243403.7,
8050.053,
844177.4,
135316.3,
40176.26,
13189.51,
104586,
209733.5,
210008.4,
159893.2,
23371.13,
357963.4,
13741.28,
483791.8,
2194169,
14039.31,
7765378,
354242.6,
81171.13,
45640.89,
76172.36,
471267.2,
5358.706,
0,
1.526268e+07,
2056, 
182807.8,
1138433,
262087.7,
251219.7,
9407.584,
882014.9,
181996.8,
44858.43,
14664.34,
127403.1,
208086.5,
215445.8,
174146.1,
32931.57,
376475.3,
16671.01,
550750.8,
2119430,
13861.96,
7904446,
368591.5,
85278.18,
48418.69,
86642.54,
515973.4,
5963.141,
0,
1.581801e+07,
2057, 
199732.7,
1287874,
292496.5,
258463,
11673.89,
920132.9,
250588.6,
49281.2,
15810.5,
151918.5,
212215.8,
219847.9,
187722,
44216.75,
399696.7,
19112.05,
613903.4,
2069333,
13645.8,
8043812,
390094,
89555.63,
50851.51,
101333.3,
567362.8,
6568.477,
0,
1.646724e+07,
2058, 
230537,
1488746,
327097.8,
269002.3,
14617.43,
958402,
329984.7,
53555.36,
19421.93,
177600,
221014.3,
223897.4,
200222.3,
57633.46,
425723.4,
21122.87,
703969.9,
2036671,
13444.5,
8175713,
399904.2,
92626.17,
53105.57,
114363.3,
614018.2,
7778.753,
0,
1.723017e+07,
2059, 
245824.5,
1681074,
362960.4,
275222,
18466.2,
1004315,
392454.9,
59298.02,
29111.57,
202143.9,
235386.6,
226538.2,
211270.4,
71919.69,
450524.7,
22073.36,
803972.1,
2019221,
13216.7,
8312454,
417337.5,
96309.57,
54874.01,
127572.7,
682244.9,
9238.407,
0,
1.802503e+07,
2060, 
266915.8,
1861606,
398760.5,
279830.2,
23358.89,
1045679,
440710.1,
64900.03,
53910.91,
232051.9,
250023.7,
229075.3,
221095.3,
88229.51,
472195.8,
22592.32,
903541.9,
2019177,
13705.62,
8445126,
435740.4,
100658,
55789.73,
140608,
796194.9,
10977.69,
0,
1.887245e+07,
2061, 
283235.2,
2003155,
436752.9,
283242.1,
29130.83,
1085492,
478267.9,
70159.99,
99614.89,
257163.4,
259145.8,
225949.5,
228823.9,
108571.9,
496099.7,
23118.94,
995727.5,
2033599,
14741.25,
8517156,
475556.5,
101159,
55957.44,
155077.3,
907189.3,
12747.89,
0,
1.963683e+07,
2062, 
289294.7,
2195528,
473340.2,
288010.6,
35470.74,
1118891,
497755.2,
77211.41,
193956.1,
284683.2,
264449.1,
216611.2,
233287.7,
131624.2,
519858.6,
23607.99,
1064956,
2064308,
14785.28,
8557557,
509183.9,
103351.9,
55140.47,
172890.1,
1029818,
14753.92,
0,
2.043032e+07,
2063, 
290271.4,
2381756,
492577.8,
292800.3,
43687.69,
1148047,
515020.8,
90746.32,
320109.1,
310110,
265124.9,
203652.4,
236960.4,
155800.8,
546789.4,
24106.96,
1100701,
2089250,
14738.07,
8587886,
540602.5,
104916.3,
53645.24,
190818.7,
1142775,
17144.94,
0,
2.116004e+07,
2064, 
289211.9,
2542256,
511027.5,
298408.3,
54956.17,
1176150,
548781.9,
108600.8,
434487.5,
330046.4,
265116.9,
189923.4,
242548.3,
178586.6,
576719,
24581.5,
1141446,
2114418,
14624.73,
8625416,
573876.4,
106213.3,
50843.68,
208063.2,
1265638,
20906.8,
0,
2.189285e+07,
2065, 
283088.3,
2716971,
529399.7,
305142.8,
72606.41,
1204377,
606640.4,
135721.1,
505658.3,
343154.1,
254373,
179098.1,
245691.7,
194929.5,
605987,
25115.27,
1167058,
2129173,
14402.9,
8652959,
618316,
111266.8,
47548.15,
226055.9,
1380323,
25683.87,
0,
2.258074e+07,
2066, 
278979.1,
2897404,
545584.9,
302118.7,
93727.15,
1243787,
687204.9,
155965.2,
558353.4,
360491.5,
248053.5,
165703.4,
250098.7,
203332.5,
637667.5,
25692.82,
1215297,
2121030,
14130.76,
8668383,
655897.9,
118588.6,
44191.93,
245637.6,
1501907,
31070.1,
0,
2.32703e+07,
2067, 
281993.2,
3063029,
564910.9,
295005.9,
119369.8,
1294719,
792129.6,
177244.1,
609150.4,
375125.6,
253102.3,
154197.1,
255065,
209766.7,
667309.4,
26372.9,
1299248,
2110701,
14312.73,
8685882,
643145.3,
127545.1,
40586.21,
268305.7,
1607909,
38342.04,
0,
2.397447e+07,
2068, 
288555.3,
3187056,
586273.3,
288347.8,
152793.4,
1357557,
891570.9,
200681.3,
649381.1,
392678.3,
258415.5,
144197.6,
260043.6,
214295.7,
685427.3,
30620.47,
1402365,
2088952,
14152.74,
8696339,
619949.9,
139701.4,
37651.64,
295914.7,
1735493,
47182.18,
0,
2.46656e+07,
2069, 
291101.9,
3336348,
610165.6,
278852.1,
202443.7,
1416719,
995660.4,
221490.3,
684279.5,
411452.4,
269494.1,
136001.1,
262944.5,
217475.3,
691771.9,
37817.46,
1488239,
2074280,
13538.88,
8702861,
593143.9,
149703.1,
36517.52,
326143.6,
1854219,
61454.07,
0,
2.536412e+07,
2070, 
296649.1,
3490150,
635196.3,
272853.8,
259519.9,
1460424,
1086968,
238341.7,
720965.4,
435355.6,
277401.3,
129223,
266438.6,
219798,
680727.9,
45407.31,
1576662,
2063944,
12997.89,
8711321,
578169.2,
151819,
35381.49,
358102,
1998128,
83369.84,
0,
2.608531e+07,
2071, 
307707.5,
3662745,
659505,
276419.1,
335445.6,
1501485,
1157427,
267801.5,
738808.9,
460156.1,
288624.8,
129629.8,
272436.8,
221442.2,
654309.1,
53883.72,
1695548,
2076529,
12758.63,
8748692,
565194.8,
153199.5,
34123.37,
390407.3,
2135259,
108874.2,
0,
2.690841e+07,
2072, 
303748.9,
3825481,
683101.9,
281747.6,
466375,
1591898,
1205506,
312358.5,
772830.3,
486423.1,
295465.9,
136861.3,
278617.6,
221945.4,
627154.1,
63684.88,
1830120,
2088071,
13045.56,
8796981,
567256.1,
156376,
33005.95,
423567.3,
2308793,
138616.3,
0,
2.790903e+07,
2073, 
313659.7,
3885592,
710645,
288586.7,
605062.3,
1687503,
1244435,
355633.4,
861854.3,
510146.6,
298252.7,
147728.9,
280803.2,
220200.2,
612408.9,
73460.43,
1944810,
2064984,
13412.52,
8830737,
586305.4,
161259.3,
32084.76,
455049.9,
2501771,
174731.8,
0,
2.886112e+07,
2074, 
311296.3,
3938422,
735276.3,
300756.9,
749087.3,
1719827,
1274698,
422155.1,
985210.3,
532672.3,
311148.1,
164091.8,
284815.2,
217746.1,
598784.3,
84420.58,
2048494,
2038529,
14792.86,
8857647,
609666.8,
167594.1,
31206.23,
486264.7,
2710986,
214111.3,
0,
2.98097e+07,
2075, 
320074.9,
3991979,
772399.3,
310886,
881486.3,
1717995,
1324540,
501808,
1088249,
553353.5,
315609,
189357.5,
287665.7,
215003.7,
591544.9,
97412.66,
2104078,
1996240,
18777.29,
8870344,
640341.7,
174107.4,
30707.97,
515443.8,
2901614,
248454.6,
0,
3.065947e+07,
2076, 
317058.1,
4049943,
813962.8,
312959.7,
1034411,
1728655,
1388308,
590846.6,
1165782,
569674.3,
323209.7,
213915.1,
292075.7,
212015.8,
598021.7,
115392.4,
2157465,
1961442,
22173.86,
8896514,
656609.2,
180701.6,
31151.97,
544835.8,
3040682,
286188.4,
0,
3.150399e+07,
2077, 
329943.2,
4117616,
835515.8,
309156.4,
1183422,
1729838,
1466694,
693315.6,
1251487,
587136.8,
331549.2,
241035.5,
293467,
209717,
603991.9,
133394.9,
2225422,
1938826,
24024.18,
8948716,
647103.7,
183039.7,
31211.18,
571238.3,
3178407,
319743,
0,
3.238501e+07,
2078, 
336677.9,
4180214,
863270.4,
303749.5,
1320857,
1751957,
1546964,
769713.3,
1336102,
609999.5,
342822.4,
264659.2,
294419.9,
208490.4,
609410.4,
151070.1,
2323621,
1936455,
26637.85,
9031156,
616307.7,
183849.1,
30985.15,
595421.6,
3302120,
366728.3,
0,
3.330366e+07,
2079, 
354278.8,
4231043,
874977.4,
296092.8,
1481938,
1767614,
1581208,
887017.3,
1447772,
633344.1,
360006.1,
290169.7,
294916.7,
208121.1,
614996.8,
172880.1,
2429968,
1931721,
29813.1,
9078089,
601409.9,
183655.4,
31344.54,
612852.4,
3414468,
426687,
0,
3.423638e+07,
2080, 
364130.8,
4281143,
903497,
294630.2,
1627248,
1786115,
1615129,
1009182,
1550999,
664363.8,
371885.1,
312610.6,
296640.8,
208630.3,
622384.1,
197704,
2548677,
1920933,
32643.05,
9115304,
590143.1,
182142.8,
32085.15,
628873.8,
3512598,
500689.4,
0,
3.517038e+07,
2081, 
374012.9,
4332178,
924005.6,
295423.8,
1752135,
1792206,
1655687,
1079638,
1633539,
685966,
383568.4,
336781.5,
299654.6,
209755.6,
638470.7,
221834.9,
2658193,
1937104,
35628.86,
9148259,
595021,
182434.2,
32217.57,
645179.4,
3583786,
580184.4,
0,
3.601286e+07,
2082, 
379858.4,
4380449,
957057.3,
294227.3,
1884050,
1778541,
1696826,
1139007,
1737224,
710623.6,
390823.8,
368668.6,
301807.9,
211196.6,
653478,
245822.1,
2783649,
1947942,
39266.63,
9161671,
597876.7,
183581.4,
32580.28,
663045.3,
3637748,
663902.2,
0,
3.684092e+07,
2083, 
387498.7,
4427661,
1009119,
292375.8,
2000469,
1787291,
1741294,
1291049,
1786531,
736412.3,
401551.4,
404046.8,
303694.3,
212675.5,
669272.7,
269802.1,
2900601,
1947240,
42951.61,
9143548,
603878.6,
186016,
33439.11,
681404.8,
3677822,
746720.4,
0,
3.768436e+07,
2084, 
398058.8,
4489548,
1075238,
289903.5,
2109499,
1798639,
1789479,
1459680,
1866424,
756860.6,
419938,
433550.3,
307844,
214439,
686002.8,
297264.5,
3008352,
1940550,
46189.94,
9110789,
608442.3,
188543,
34472.77,
697116.6,
3713695,
807191.3,
0,
3.854771e+07,
2085, 
411535,
4553941,
1141123,
284403.5,
2168051,
1815985,
1835063,
1677812,
1953121,
789969.8,
436779.3,
449629.7,
310414.2,
216714.6,
703059.1,
324230.8,
3183528,
1903515,
49233.24,
9045771,
606414.7,
188442.2,
35590.72,
715486.8,
3768305,
865872.5,
0,
3.943399e+07,
2086, 
429084.5,
4618717,
1217977,
272907.8,
2236110,
1833940,
1889514,
1870065,
2037841,
812959.6,
456102.1,
464023.6,
310831.8,
219665,
719716.3,
350824.1,
3334884,
1860406,
51030.92,
8972386,
592559.2,
193066.8,
37231.78,
728978.1,
3869897,
909518.4,
0,
4.029024e+07,
2087, 
450847.3,
4686564,
1291402,
263282.4,
2307824,
1841622,
1972776,
2082628,
2079920,
837784.8,
496002.1,
474813.5,
309075,
223072.7,
740436.8,
382853.4,
3466472,
1812199,
51920.42,
8891288,
576638.3,
191184.3,
37441.86,
741360.3,
3969628,
954867.6,
0,
4.11339e+07,
2088, 
470929.2,
4748992,
1360193,
257843.8,
2375417,
1849431,
2089868,
2283476,
2190206,
841790.2,
542970.9,
484653.3,
309815.5,
226897.9,
758072.9,
412744.4,
3576703,
1777685,
51944.52,
8798474,
560399.6,
187643.5,
38564.17,
753027.4,
4045431,
1014492,
0,
4.200766e+07,
2089, 
488002.4,
4806836,
1413996,
251076.7,
2435727,
1840314,
2216001,
2451625,
2331499,
859500.8,
575461.4,
491176,
309811.2,
230520.8,
771635.1,
445545.9,
3727970,
1741632,
50936.32,
8716462,
556239.3,
183570.6,
40258.73,
766618.6,
4134740,
1071450,
0,
4.29086e+07,
2090, 
507229.8,
4845540,
1455096,
246086.7,
2490898,
1830394,
2336480,
2669236,
2393761,
870691.6,
596861.5,
496670.2,
309202,
232953.9,
785473.4,
481957.2,
3803425,
1702762,
49612.23,
8632144,
568213.7,
178935,
42645.88,
782550.4,
4169552,
1157835,
0,
4.36362e+07,
2091, 
522001.8,
4858327,
1495475,
244426.8,
2537412,
1830751,
2469125,
2874565,
2488221,
889661.2,
620684.3,
500569.7,
307605.7,
233408.6,
795252.3,
517567.7,
3922619,
1662349,
48536.67,
8560432,
595582.6,
172633.2,
44653.37,
793779.4,
4180787,
1245026,
0,
4.441145e+07,
2092, 
533453.1,
4855749,
1533168,
241866.1,
2584632,
1836984,
2613699,
3102114,
2598854,
910124.4,
648214.8,
503810.2,
305729.5,
232798.7,
808075.4,
551799.1,
4003754,
1624409,
49369.65,
8456770,
638465.4,
167175.6,
46348.72,
812827.4,
4180184,
1329280,
0,
4.516965e+07,
2093, 
541816.7,
4863385,
1575679,
241469.4,
2629582,
1845892,
2748845,
3318186,
2740258,
923331.2,
690275.6,
506573.4,
301010.4,
232266.1,
825161.6,
597256,
4076991,
1589740,
48181,
8379600,
707393,
164036.3,
49416.26,
826408.4,
4169801,
1421479,
0,
4.601403e+07,
2094, 
547881.8,
4859007,
1596816,
244717.6,
2684879,
1857078,
2865782,
3577530,
2855457,
937746,
721477.3,
509389.3,
295888.3,
231691.4,
845628.1,
648301.4,
4117839,
1566428,
47481.15,
8294516,
732035.1,
161433.7,
55812.12,
841383.3,
4034490,
1505570,
0,
4.663626e+07,
2095, 
553068.1,
4844813,
1635214,
248486.4,
2751866,
1870646,
2976015,
3817643,
3037829,
956746.6,
737242.9,
509823.5,
290560.4,
230705,
867794.8,
707603.1,
4212257,
1557532,
47038.61,
8232809,
763578.8,
160456.3,
64584.74,
860847.4,
3868400,
1585140,
0,
4.73887e+07,
2096, 
556581.8,
4837735,
1642194,
251348.1,
2829587,
1875046,
3023640,
4129990,
3213971,
978563.3,
773327.1,
508517,
286998.2,
229359.5,
897603.8,
783263.6,
4310149,
1555399,
47781.62,
8179825,
762483.8,
159746.8,
73293.09,
893380.6,
3743715,
1694986,
0,
4.823848e+07,
2097, 
558493.1,
4829166,
1672746,
249413.2,
2907715,
1869713,
3102824,
4537612,
3329685,
1000081,
784727.3,
506966.8,
284325.5,
227847.1,
932326.3,
859964.8,
4390514,
1555083,
47903.84,
8119157,
764018.4,
159907.2,
81694.32,
908499.1,
3636815,
1826218,
0,
4.914342e+07,
2098, 
560137.9,
4884680,
1691501,
245652,
2986935,
1859990,
3184703,
4863248,
3426595,
1013958,
792248,
501406.4,
285160.5,
227714.5,
967679.4,
918813,
4456374,
1564480,
47366.95,
8077889,
759554.9,
160972.8,
91920.48,
914676.5,
3525926,
1955901,
0,
4.996548e+07,
2099, 
562187.8,
4843044,
1734122,
241859.5,
3077128,
1852191,
3302929,
5066039,
3506362,
1018425,
787127.8,
499545.7,
286713.7,
230663.5,
1006045,
966311,
4536170,
1568790,
47016.66,
8033455,
757265.1,
163653.7,
101459.7,
933515.8,
3544814,
2059911,
0,
5.072674e+07,
2100, 
555391.1,
4834751,
1744185,
235948.3,
3135421,
1836940,
3436065,
5301889,
3547718,
1025579,
807634.6,
498837.8,
289719.9,
232908.5,
1043358,
1010404,
4610846,
1565147,
47480.54,
7993432,
774633.9,
168031.2,
112467.2,
953795.6,
3640838,
2159483,
0,
5.15629e+07];
