real main.em.ep.isp.StorCapTot[28](t) = [1971, 
565.3951,
2971.177,
36.59446,
18.78491,
56.40872,
70.02373,
51.0629,
35.66208,
10.54651,
188.871,
3517.749,
687.3421,
37.0469,
554.5444,
110.129,
1602.093,
123.6846,
163.0802,
43.73034,
188.3745,
28.22136,
2.395723,
680.6717,
110.138,
12.19796,
21.96154,
0,
11887.89,
1972, 
645.0688,
2972.251,
41.50166,
20.93335,
61.65432,
74.44071,
51.74794,
38.52648,
11.36498,
205.0731,
3674.055,
750.1613,
42.81575,
588.204,
113.1394,
1694.571,
139.7652,
170.4212,
47.06676,
206.8299,
32.03099,
2.769474,
727.324,
108.7564,
12.24841,
31.47324,
0,
12464.2,
1973, 
714.8793,
3245.513,
45.12904,
23.28802,
71.45206,
83.26349,
53.03821,
42.90488,
11.52977,
218.1331,
3939.446,
782.0964,
43.30835,
621.4759,
121.2569,
1793.058,
167.1888,
176.5149,
53.2648,
226.2013,
37.82164,
3.402417,
787.5419,
123.9528,
14.23783,
40.05232,
0,
13439.95,
1974, 
739.617,
3270.951,
57.15521,
24.33031,
79.61558,
91.07374,
56.71687,
43.03696,
11.14541,
233.6268,
4032.854,
831.0829,
49.11044,
657.2949,
130.0857,
1902.559,
187.3344,
185.1357,
58.54875,
234.188,
40.2456,
4.525674,
777.5819,
133.089,
16.01767,
50.52871,
0,
13897.45,
1975, 
720.2589,
3368.073,
60.57813,
24.18282,
85.77982,
95.43021,
64.4827,
48.2693,
11.62118,
251.1357,
4018.075,
869.3321,
58.93646,
594.8967,
115.7397,
1762.141,
217.4598,
205.5515,
65.4682,
277.4308,
41.93651,
5.138043,
794.8664,
138.1078,
17.97915,
53.18409,
0,
13966.05,
1976, 
770.7585,
3597.496,
64.31172,
27.33724,
98.87386,
102.9806,
73.92673,
50.18605,
13.48294,
263.2117,
4319.737,
923.6973,
66.99989,
621.9884,
122.5412,
1876.704,
256.201,
231.0237,
71.5622,
308.1051,
47.25456,
4.771325,
850.1547,
144.0277,
18.92257,
57.06338,
0,
14983.32,
1977, 
826.8419,
3718.35,
69.53701,
29.61992,
109.0772,
112.7576,
84.54616,
54.89835,
14.17457,
263.3046,
4415.533,
962.5632,
75.08624,
638.9871,
126.6182,
1939.022,
324.3994,
246.0635,
78.31963,
336.4687,
52.46445,
5.963777,
885.7704,
151.5514,
20.37514,
62.08248,
0,
15604.38,
1978, 
887.1095,
3820.333,
76.83775,
31.27173,
120.7774,
118.3019,
95.17813,
53.05415,
14.90031,
274.8502,
4579.079,
1012.027,
80.07489,
659.3105,
130.9119,
2028.404,
366.1562,
270.5943,
86.85789,
383.7948,
54.30834,
8.353292,
926.9186,
156.1586,
22.89318,
60.27376,
0,
16318.73,
1979, 
929.9561,
3896.712,
82.37904,
32.64642,
135.358,
131.8992,
106.4358,
61.22648,
15.30302,
288.976,
4774.364,
1019.171,
81.69547,
675.0175,
179.9742,
2074.964,
423.5017,
274.5066,
94.15851,
419.597,
59.07878,
10.06762,
976.8931,
163.4906,
25.64357,
64.93901,
0,
16997.96,
1980, 
956.4402,
3946.016,
86.42722,
32.94046,
155.4016,
141.1133,
119.0098,
68.52973,
15.48823,
313.172,
4806.871,
1064.865,
84.12477,
706.5472,
196.9572,
2234.769,
469.0094,
286.5503,
98.315,
409.9122,
63.06999,
12.67362,
964.7715,
171.4248,
26.90315,
59.81721,
0,
17491.12,
1981, 
1005.637,
3978.002,
94.37601,
34.07541,
149.492,
146.69,
135.1373,
67.0408,
16.38091,
357.5352,
4854.483,
1072.632,
88.14577,
724.8632,
202.0441,
2363.665,
556.1653,
314.4442,
105.4366,
414.0789,
67.10028,
12.48822,
974.1905,
182.5041,
28.78546,
56.7425,
0,
18002.14,
1982, 
987.376,
3880.227,
98.61839,
35.28508,
156.7401,
148.8005,
147.991,
74.62556,
17.73838,
375.8822,
4845.106,
1087.203,
96.12112,
740.2025,
209.2758,
2456.043,
659.3551,
335.5448,
111.1757,
441.7137,
71.90475,
15.20368,
963.9808,
185.5105,
30.88327,
56.67995,
0,
18229.19,
1983, 
1031.83,
3968.32,
97.85429,
37.5138,
162.2103,
155.9186,
163.2696,
69.42336,
18.88283,
382.619,
4959.603,
1135.895,
100.4429,
761.1735,
215.9352,
2584.444,
675.0315,
359.1056,
121.1525,
477.7701,
78.5919,
17.83733,
1017.419,
190.078,
34.33382,
55.48276,
0,
18872.14,
1984, 
1112.393,
4149.27,
106.0196,
38.59479,
181.4973,
160.5045,
180.2275,
64.49086,
18.9106,
423.2296,
5139.854,
1186.7,
113.4429,
791.0198,
225.1805,
2748.781,
727.5205,
397.1652,
130.4102,
501.5547,
84.75967,
20.98384,
1070.48,
203.0791,
38.73755,
54.68986,
0,
19869.5,
1985, 
1179.844,
4229.867,
92.49298,
38.04953,
196.5876,
163.4583,
193.5775,
78.16956,
20.26884,
437.8281,
5329.465,
1188.373,
123.879,
811.0883,
232.8396,
2853.367,
780.383,
435.9338,
140.4291,
536.3925,
89.5683,
21.78811,
1111.734,
217.9633,
41.83034,
56.73882,
0,
20601.92,
1986, 
1207.466,
4229.596,
104.1319,
40.66994,
207.8828,
185.0568,
191.1551,
81.832,
21.51592,
449.9014,
5414.228,
1243.174,
142.0448,
829.8746,
236.665,
2981.992,
850.5416,
476.1943,
151.5424,
589.0726,
92.69865,
30.70433,
1127.34,
225.1551,
46.27349,
58.02217,
0,
21214.73,
1987, 
1287.349,
4307.618,
112.7816,
43.03091,
210.6767,
199.0565,
204.4473,
85.30701,
23.22885,
460.7013,
5591.132,
1267.558,
159.0036,
861.4124,
238.3871,
3101.597,
869.8831,
516.6118,
168.4136,
650.562,
99.93705,
35.58554,
1201.88,
237.4182,
51.22211,
56.5811,
0,
22041.38,
1988, 
1317.601,
4485.579,
114.9625,
43.28976,
218.6537,
224.9429,
222.852,
89.60383,
24.72737,
478.1117,
5834.878,
1260.161,
166.8399,
888.7118,
242.7628,
3178.833,
1000.788,
568.7579,
190.5082,
711.4704,
109.4265,
37.5863,
1269.82,
248.0658,
58.79736,
62.58776,
0,
23050.32,
1989, 
1289.861,
4893.242,
122.4743,
46.22724,
232.5839,
214.7705,
233.31,
93.53584,
26.15741,
488.7106,
6019.259,
1276.096,
179.9109,
905.0895,
244.2434,
3414.739,
1020.843,
621.5173,
207.7759,
764.8553,
120.0925,
41.58054,
1349.992,
266.1709,
61.33345,
60.03858,
0,
24194.41,
1990, 
1248.924,
4996.506,
126.6274,
46.67553,
222.7928,
231.7821,
241.5106,
95.24791,
30.09782,
496.6506,
6149.772,
1207.735,
198.7259,
976.1937,
302.8517,
3335.865,
1092.569,
668.2399,
223.1393,
812.6365,
132.167,
49.39317,
1474.732,
272.8996,
66.75584,
66.81084,
0,
24767.3,
1991, 
1322.582,
5039.184,
130.3355,
45.41085,
236.9379,
218.2404,
254.7658,
97.35524,
32.05389,
497.4062,
6288.577,
1153.283,
202.6131,
900.0445,
259.4619,
3111.433,
1209.783,
727.5859,
235.325,
971.829,
142.6067,
55.89296,
1523.495,
280.5988,
71.6043,
73.628,
0,
25082.03,
1992, 
1353.476,
5126.514,
133.497,
47.92377,
243.2906,
225.7777,
269.3234,
101.0518,
33.28606,
509.8361,
6332.977,
1069.544,
228.5496,
767.144,
240.8649,
2692.239,
1286.647,
760.2308,
250.2564,
1072.993,
154.5309,
61.07423,
1541.728,
286.2254,
78.65118,
63.69817,
0,
24931.33,
1993, 
1400.563,
5249.732,
134.8793,
48.92026,
253.0638,
238.4762,
291.421,
101.4239,
34.52843,
531.0596,
6345.839,
1065.201,
250.8143,
696.7233,
202.9228,
2721.989,
1325.594,
802.9638,
277.3289,
1107.46,
170.4294,
68.27345,
1559.137,
295.506,
82.0778,
65.12194,
0,
25321.45,
1994, 
1477.74,
5384.999,
145.1352,
52.48501,
260.1834,
253.2607,
311.2784,
101.4193,
35.25409,
549.542,
6480.966,
1126.282,
263.9073,
635.267,
199.9055,
2400.906,
1409.661,
861.7289,
311.3705,
1201.617,
192.4346,
75.9252,
1631.346,
304.759,
86.29108,
63.12753,
0,
25816.79,
1995, 
1493.11,
5534.94,
147.785,
55.38862,
273.2066,
265.2966,
329.2269,
107.2398,
38.50718,
556.9459,
6651.439,
1130.002,
295.1002,
666.4468,
198.34,
2395.028,
1480.046,
934.5203,
347.3752,
1307.62,
213.3435,
88.07111,
1658.25,
313.3444,
91.7474,
64.5131,
0,
26636.83,
1996, 
1537.461,
5668.926,
140.9624,
58.28796,
286.8267,
277.6898,
372.0666,
111.7164,
40.29974,
581.11,
6757.826,
1244.123,
320.869,
668.4086,
191.5919,
2365.075,
1541.957,
986.032,
385.0982,
1373.183,
232.3757,
102.2019,
1706.593,
319.9767,
96.16562,
58.25506,
0,
27425.08,
1997, 
1560.221,
5803.345,
151.9166,
63.0705,
301.7221,
299.9626,
400.5761,
112.182,
43.42935,
602.0767,
6892.429,
1267.46,
349.7006,
662.3458,
188.0471,
2327.483,
1667.711,
1040.037,
421.1,
1455.89,
248.8274,
107.9072,
1745.369,
330.4793,
99.8303,
61.12854,
0,
28204.25,
1998, 
1541.172,
5943.403,
163.3201,
67.65081,
311.0652,
316.1455,
427.6874,
109.5607,
44.64969,
593.2291,
7045.756,
1285.531,
372.6195,
636.5688,
181.0233,
2355.934,
1881.151,
1113.407,
412.9665,
1525.477,
245.3184,
111.2113,
1748.839,
349.9771,
103.4804,
79.89678,
0,
28967.04,
1999, 
1573.015,
6057.186,
172.6971,
72.95953,
323.1096,
316.4294,
453.2455,
115.0246,
45.95658,
591.7195,
7126.292,
1259.177,
385.2353,
660.738,
177.9123,
2419.065,
1803.323,
1196.249,
459.5858,
1588.78,
262.3439,
129.8471,
1775.067,
368.8039,
103.3469,
86.475,
0,
29523.58,
2000, 
1619.697,
6344.291,
183.9537,
74.66227,
335.0011,
332.6061,
482.4213,
118.6216,
47.63646,
619.6397,
7152.521,
1339.021,
416.5361,
653.3544,
181.3992,
2538.873,
1817.156,
1262.988,
543.8885,
1794.982,
284.8001,
139.9342,
1849.39,
380.1482,
112.7044,
94.11053,
0,
30720.34,
2001, 
1579.719,
6031.206,
189.4091,
76.66704,
328.1642,
330.7289,
510.2729,
126.1315,
49.84262,
599.1782,
7135.165,
1460.054,
422.4892,
695.7208,
174.0278,
2652.346,
1899.68,
1310.984,
580.7737,
1977.972,
302.5647,
147.725,
1831.389,
404.1982,
126.4622,
106.0162,
0,
31048.89,
2002, 
1601.05,
6216.21,
192.1736,
79.94642,
348.0615,
326.7459,
534.3184,
133.9978,
49.98583,
648.272,
6969.877,
1395.731,
445.9738,
691.4359,
177.368,
2560.378,
1972.567,
1350.997,
620.5974,
2141.582,
320.7811,
156.4462,
1867.587,
404.8233,
133.3852,
112.9533,
0,
31453.25,
2003, 
1558.791,
6273.925,
235.2676,
81.74721,
362.1785,
343.3904,
561.4785,
132.2992,
52.97624,
678.5637,
6903.052,
1403.493,
481.6523,
715.9754,
188.6366,
2608.94,
2073.951,
1440.945,
647.3823,
2454.221,
346.7341,
163.4108,
1866.122,
387.6267,
141.6298,
108.1267,
0,
32212.51,
2004, 
1581.586,
6472.802,
234.6701,
82.24941,
387.3928,
366.3536,
594.9327,
146.1338,
57.44344,
701.1445,
6821.571,
1486.092,
514.1426,
748.0402,
195.4836,
2691.502,
2209.006,
1534.718,
682.556,
2814.304,
370.2732,
174.4283,
1920.669,
398.1951,
153.0503,
116.0427,
0,
33454.79,
2005, 
1543.358,
6485.036,
246.4169,
86.55426,
398.6035,
381.2256,
608.4113,
155.1086,
62.00078,
710.0569,
6720.834,
1459.978,
545.3374,
726.2683,
200.2108,
3037.676,
2217.365,
1633.148,
726.4254,
3182.857,
399.2417,
186.3076,
1965.863,
398.9936,
164.7539,
124.8803,
0,
34366.91,
2006, 
1485.209,
6463.274,
253.2986,
91.61446,
416.5829,
403.1402,
644.8983,
164.3274,
65.98615,
743.8075,
6568.492,
1481.368,
585.3354,
758.7625,
204.8183,
3049.432,
2345.201,
1768.021,
748.8411,
3651.775,
421.8054,
189.6847,
1991.24,
401.0588,
174.3476,
127.9804,
0,
35200.3,
2007, 
1573.768,
6502.154,
263.0916,
94.19965,
441.549,
413.2222,
714.046,
173.648,
71.88458,
761.9922,
6336.264,
1470.151,
632.9545,
770.4725,
213.2718,
3064.957,
2529.003,
1898.823,
790.6597,
4199.039,
446.9901,
193.6209,
2051.414,
418.7111,
180.294,
131.2576,
0,
36337.44,
2008, 
1562.947,
6384.727,
266.9301,
92.66202,
459.9495,
440.7023,
746.6286,
177.1564,
71.8033,
758.9349,
6237.907,
1467.459,
641.0939,
729.7098,
195.7382,
3118.576,
2638.016,
1827.205,
844.074,
4642.784,
458.112,
197.9269,
1982.143,
418.7217,
187.7509,
133.4353,
0,
36683.09,
2009, 
1492.39,
6045.008,
264.8589,
92.53746,
464.9567,
445.6431,
850.5972,
184.5089,
78.43336,
740.1929,
5746.888,
1411.765,
625.934,
629.9334,
187.6756,
2938.204,
2909.691,
1962.299,
881.7204,
5356.077,
481.1257,
202.3239,
1976.7,
402.6847,
195.7019,
144.9071,
0,
36712.76,
2010, 
1481.222,
6198.645,
280.9409,
96.72885,
516.4653,
441.0455,
922.3793,
198.7336,
89.29186,
771.4053,
6003.943,
1447.471,
676.376,
647.6618,
207.0995,
2950.156,
3046.44,
2116.348,
951.6044,
6456.727,
525.5093,
218.2254,
2076.254,
424.6773,
202.2233,
152.9949,
0,
39100.57,
2011, 
1542.536,
5995.045,
311.5377,
101.2479,
535.3832,
456.192,
953.186,
205.3536,
104.2321,
779.129,
6057.01,
1449.709,
737.6721,
658.8655,
200.3535,
3015.484,
3174.101,
2348.413,
991.4055,
7878.156,
553.0667,
232.5229,
2104.066,
424.6695,
215.447,
156.2239,
0,
41181.01,
2012, 
1500,
5971.355,
330.3058,
105.0472,
564.7504,
487.4852,
1015.099,
211.2207,
116.3557,
774.8246,
6247.069,
1379.506,
798.6833,
661.2039,
213.3696,
3021.991,
3386.411,
2475.237,
1032.809,
9029.835,
612.9449,
243.3817,
2215.165,
444.0981,
232.0977,
160.3334,
0,
43230.58,
2013, 
1409.216,
6037.742,
315.757,
110.4133,
588.5507,
523.9561,
1076.097,
236.7998,
127.4222,
801.2288,
5995.381,
1359.135,
813.5629,
641.7047,
256.1597,
3033.941,
3584.295,
2651.109,
1079.617,
10682.44,
676.435,
267.9693,
2609.913,
474.837,
262.2715,
168.6631,
0,
45784.62,
2014, 
1365.216,
6141.215,
333.3959,
114.7734,
625.7964,
527.735,
1145.586,
251.1702,
145.0345,
889.5321,
6023.522,
1324.885,
860.8146,
602.2682,
234.0102,
3058.502,
3884.448,
2973.917,
1139.892,
12521.9,
781.5029,
287.8329,
3149.283,
484.7819,
285.3293,
191.2885,
0,
49343.63,
2015, 
1274.226,
6365.407,
347.245,
125.4136,
629.0422,
566.5461,
1283.219,
275.4929,
164.1872,
933.5518,
5607.788,
1281.909,
918.0795,
551.8569,
243.0923,
3075.236,
4340.302,
3256.517,
1229.529,
14739.47,
872.8184,
306.3836,
3790.197,
522.5352,
305.7794,
201.0302,
0,
53206.86,
2016, 
1251.574,
6622.056,
368.4552,
128.7275,
663.5425,
574.06,
1404.035,
284.7198,
174.6331,
1035.739,
5836.576,
1299.578,
1036.186,
549.6064,
287.4826,
3078.874,
4783.353,
3654.81,
1321.888,
16879.12,
1040.509,
331.1926,
4327.507,
565.3259,
355.6442,
195.4336,
0,
58050.63,
2017, 
1289.842,
7077.775,
374.4357,
128.2212,
709.332,
574.8222,
1448.323,
301.5233,
185.577,
1132.265,
6028.562,
1300.061,
1305.621,
561.3277,
363.8872,
3135.961,
4878.351,
4116.484,
1447.87,
20094.45,
1134.019,
353.0933,
4835.521,
624.6139,
402.6216,
211.5187,
0,
64016.07,
2018, 
1250.143,
7531.365,
401.458,
135.5527,
740.4254,
583.9454,
1627.886,
331.4266,
221.009,
1266.692,
6398.786,
1472.705,
1820.261,
605.6222,
376.3805,
3125.749,
4867.264,
4718.147,
1606.207,
23550.56,
1237.816,
411.931,
5307.386,
761.3093,
438.9893,
235.2565,
0,
71024.27,
2019, 
1289.778,
7838.29,
399.6429,
140.8151,
791.7687,
554.202,
1769.316,
359.2982,
252.4483,
1301.248,
7146.557,
1390.904,
1947.226,
670.2047,
411.2515,
3166.187,
5511.548,
5118.226,
1826.678,
26583.26,
1583.531,
450.8109,
5740.975,
924.3907,
468.3828,
264.1612,
0,
77901.1,
2020, 
1266.646,
8123.261,
413.9666,
132.5251,
766.7391,
548.8086,
1825.463,
383.1367,
264.9096,
1349.372,
7756.188,
1477.384,
2102.146,
697.4646,
372.8519,
3061.93,
5928.354,
5237.749,
2062.935,
30851.81,
1929.23,
453.4697,
6217.333,
1111.117,
494.0463,
267.8839,
0,
85096.72,
2021, 
1286.08,
9220.465,
440.0713,
145.0636,
845.5304,
616.2877,
1933.281,
412.3448,
294.8287,
1424.724,
8084.276,
1657.258,
2362.382,
717.6393,
459.4185,
3203.394,
6338.188,
5794.989,
2411.588,
36245.53,
2575.417,
488.8349,
6729.423,
1361.316,
560.807,
292.6948,
0,
95901.83,
2022, 
1312.433,
10148.27,
473.6081,
154.7179,
893.2942,
616.1287,
1971.319,
491.6915,
333.1985,
1427.375,
8851.188,
1800.785,
2615.532,
600.1971,
504.2877,
3172.171,
7294.341,
6718.057,
2581.315,
40256.21,
2729.1,
534.5425,
7050.301,
1587.233,
641.9511,
365.3612,
0,
105124.6,
2023, 
1299.665,
11553.83,
496.2041,
161.5018,
957.7858,
632.3934,
2119.968,
575.9502,
356.1331,
1441.626,
9748.998,
1991.181,
2853.714,
621.9564,
569.2964,
3217.748,
8108.381,
7413.521,
2788.441,
48747.62,
2911.343,
588.368,
7292.253,
1816.377,
671.0489,
389.4136,
0,
119324.7,
2024, 
1122.2,
13538.86,
508.5146,
168.7618,
994.8301,
658.3488,
2293.832,
640.7551,
384.5148,
1502.279,
10608.53,
2260.929,
3831.259,
565.2191,
628.8403,
3202.864,
8663.696,
8595.235,
3002.699,
57087.42,
3081.316,
632.8549,
7438.164,
2140.392,
728.4448,
422.1685,
0,
134702.9,
2025, 
1124.732,
15820.54,
514.876,
216.174,
1125.923,
694.949,
2433.758,
715.7515,
514.1113,
1802.94,
11546.77,
2458.77,
4094.266,
592.0004,
679.8845,
3189.118,
14336.22,
10802.52,
3205.331,
60996.37,
3404.667,
1071.316,
8356.754,
2536.228,
906.2827,
465.3904,
0,
153605.6,
2026, 
1097.908,
17338.13,
554.8328,
225.9908,
1133.623,
719.8214,
2389.067,
797.8921,
633.3222,
1777.425,
12267.01,
2512.327,
4044.8,
638.2888,
977.3212,
3174.193,
19037.45,
12748,
3490.977,
71161.68,
3664.134,
1227.445,
9707.527,
2856.799,
1108.571,
481.5223,
0,
175766.1,
2027, 
1080.707,
18800.76,
592.6786,
258.8616,
1144.412,
754.2496,
2356.216,
997.8422,
771.1628,
1700.49,
13092.87,
2674.014,
4082.518,
705.3047,
1385.483,
3154.544,
21201.39,
14933.5,
3496.052,
80506.18,
4118.25,
1771.1,
10603,
3270.157,
1399.294,
487.2685,
0,
195338.3,
2028, 
1114.202,
19978.34,
633.3169,
304.0765,
1155.671,
787.1045,
2302.73,
1300.788,
912.7959,
1639.555,
14113.97,
2924.61,
4125.132,
772.4216,
1888.397,
3125.292,
22209.5,
17640.8,
3339.922,
90602.27,
5095.586,
2602.127,
10822.76,
3708.51,
1868.153,
489.4478,
0,
215457.5,
2029, 
1193.151,
21200.46,
681.8271,
350.3282,
1176.878,
885.2669,
2253.566,
1664.685,
1037.045,
1601.314,
15014.97,
3452.655,
4288.66,
818.3116,
2376.418,
3101.484,
23291.77,
20653.61,
3280.251,
100612,
6212.229,
3526.388,
14516.95,
4296.38,
2325.786,
485.8114,
0,
240298.2,
2030, 
1305.787,
22521.87,
830.1584,
414.3565,
1190.488,
1005.238,
2161.64,
2042.943,
1103.209,
2150.415,
16202.86,
3877.351,
4445.821,
883.2223,
3113.2,
3087.608,
24063.77,
23759.13,
3257.731,
110205.1,
7322.552,
4318.03,
13077.01,
4951.627,
2741.6,
462.7877,
0,
260495.5,
2031, 
1446.861,
23324.17,
974.7394,
495.9279,
1212.674,
1150.763,
2158.611,
2277.41,
1108.459,
2058.912,
19085.54,
4605.25,
4461.692,
946.7447,
3966.39,
3050.854,
22955.73,
26846.95,
3283.54,
120999.8,
8396.101,
5245.112,
13394.78,
5531.712,
3143.549,
431.3013,
0,
282553.5,
2032, 
1631.562,
24646.21,
1098.541,
637.8511,
1266.021,
1345.024,
2257.179,
2378.637,
1061.913,
1952.015,
40338.51,
9842.588,
4485.945,
1011.499,
4715.768,
3029.232,
21906.08,
30376.02,
3428.215,
133168.5,
9573.489,
5885.414,
13966.18,
6162.624,
3521.527,
396.779,
0,
330083.3,
2033, 
1825.295,
25597.17,
1176.889,
866.2545,
1343.915,
1577.076,
2530.026,
2428.01,
968.4054,
1832.234,
55838.97,
17646.03,
4552.169,
1058.99,
5301.521,
2969.04,
20762.04,
34717.26,
3631.487,
145756.6,
10586.29,
6638.906,
14594.78,
6811.489,
3902.796,
351.9778,
0,
375265.7,
2034, 
2038.953,
26769.47,
1222.307,
1092.526,
1432.341,
2028.922,
2916.877,
2431.395,
857.2272,
1699.922,
77511.3,
32093.71,
4652.474,
1118.075,
5762.205,
2941.104,
19821.93,
40841.89,
3920.503,
163170.1,
11732.36,
7534.097,
15396.94,
7497.292,
4397.021,
293.3926,
0,
441174.3,
2035, 
2187.625,
27830.65,
1256.922,
1316.056,
1546.917,
3183.396,
3345.801,
2401.829,
720.4163,
1555.129,
102996.2,
55827.07,
4769.79,
1173.391,
6269.123,
2915.609,
18958.28,
47510.21,
4282.496,
182025.8,
13085.28,
8656.3,
16005.36,
8255.783,
5230.566,
222.44,
0,
523528.4,
2036, 
2326.964,
31977.03,
1279.302,
1537.974,
1726.694,
5184.64,
4010.475,
2742.105,
724.2948,
1603.063,
122623.7,
63119.44,
5543.177,
1221.864,
6942.266,
2898.062,
20337.44,
54044.7,
4984.893,
200640.3,
14661.09,
9746.747,
16549.56,
9034.453,
6281.011,
249.8251,
0,
591991.1,
2037, 
2526.033,
42048.18,
1313.747,
1811.895,
1966.241,
7731.508,
4668.006,
3105.513,
731.6375,
1675.551,
134539.1,
67055.09,
6316.683,
1281.929,
7612.724,
2887.147,
21856.91,
61585.83,
5350.961,
219290.3,
16432.48,
11147.58,
17109.1,
9763.76,
7586.319,
285.4066,
0,
657679.6,
2038, 
2785.179,
53684.8,
1396.821,
2166.598,
2020.52,
10655.6,
5259.597,
3478.471,
739.8279,
1753.623,
140943.5,
67919.15,
7034.106,
1368.295,
8763.988,
2880.335,
24366.39,
69383.42,
5416.742,
253486.1,
18398.66,
12471.02,
17654.18,
10416.51,
9092.504,
342.664,
0,
733878.6,
2039, 
3119.838,
70697.51,
1543.184,
2523.064,
2021.783,
15572.93,
5787.883,
3870.374,
750.671,
1831.375,
150094.1,
68168.89,
7692.995,
1488.629,
10249.67,
2880.609,
30194.04,
89084.49,
5456.473,
304637.8,
20551.74,
14347.16,
18055.09,
11064.37,
10731.21,
410.9029,
0,
852826.8,
2040, 
3853.774,
92023.07,
1709.731,
2925.377,
2031.167,
21027.72,
6250.236,
4279.22,
771.2023,
1912.72,
152220.8,
68341.05,
8242.782,
1622.302,
11958.03,
2898.84,
36997.23,
122051.1,
5437.185,
341189.4,
23158.53,
15939.11,
18386.7,
11639.2,
12544.51,
491.8415,
0,
969902.9,
2041, 
4669.699,
109373.4,
1927.585,
3364.401,
2050.076,
24600.45,
6713.855,
4740.513,
801.0677,
2058.351,
153923.6,
68612.49,
8895.582,
1750.041,
16355.93,
2955.101,
43373.02,
157608.4,
5400.041,
385287.6,
26053.11,
17755.78,
18569.31,
12247.63,
14497.97,
586.5805,
0,
1094172,
2042, 
5621.988,
120134.9,
2673.387,
4704.373,
2112.633,
28197.76,
7184.045,
5252.281,
838.699,
2338.603,
153647.9,
69087.09,
9784.982,
1847.339,
21043.85,
3038.742,
51036.96,
191359.2,
5405.056,
426540.9,
29045.93,
19925.13,
18649.71,
12741.01,
16448.31,
715.0758,
0,
1209376,
2043, 
7333.131,
136464.1,
3589.508,
6211.112,
2182.452,
33883.15,
7625.842,
5804.789,
881.7741,
2607.222,
152813.7,
69262.08,
10652.11,
1941.681,
25722.24,
3138.59,
60443.92,
223594.2,
5427.1,
467256.3,
32037.72,
21435.48,
18600.94,
13125.99,
18946.07,
898.6946,
0,
1331880,
2044, 
9933.037,
155253.7,
4674.856,
7873.032,
2260.365,
40030.35,
8130.161,
6398.452,
933.5594,
2978.801,
152728.1,
69162.43,
11334.85,
2033.365,
30140.54,
3235.782,
71039.4,
262540.4,
5450.377,
506116.5,
35067.9,
23801.57,
18524.88,
13434.4,
21826.18,
1157.802,
0,
1466061,
2045, 
12891.99,
171964.1,
6443.578,
9837.261,
2393.311,
47050.44,
9777.694,
7386.48,
986.738,
3409.673,
152101,
69179.92,
13105.33,
2135.285,
34066.43,
3388.024,
88697.64,
310248.3,
5517.419,
555301.7,
38080.8,
26177.17,
18216.21,
13746.24,
25053.9,
1492.461,
0,
1628649,
2046, 
16242.4,
189727,
12441.13,
11918.73,
2554.064,
55438.8,
12267.17,
8329.158,
1035.149,
3798.806,
151063.9,
68916.66,
15104.73,
2242.782,
37039.46,
3648.074,
99025.24,
350735.2,
5589.989,
613592.7,
41112.89,
27767.97,
17473.06,
13836.52,
28256.56,
1865.302,
0,
1791023,
2047, 
19700.26,
210398.9,
20316.8,
13799.25,
2749.54,
63774.25,
15196.59,
9248.493,
1409.548,
4342.819,
149471,
68568.24,
17412.04,
2349.381,
39642.61,
3993.162,
113876.8,
392322.4,
5570.199,
685010.8,
45051.63,
29478.37,
16526.86,
13910.14,
32126.62,
2136.023,
0,
1978383,
2048, 
24384.4,
228851.6,
28518.08,
15638.5,
3031.26,
74541.95,
18435.87,
10207.92,
2161.865,
5057.975,
149297.7,
68246.04,
20444.96,
2457.875,
42226.05,
4374.477,
124846.4,
425677.3,
5442.333,
758338,
54768.73,
31116.52,
15738.68,
14168.85,
35885.03,
2404.067,
0,
2166263,
2049, 
30267.34,
254606.3,
32886.64,
17626.06,
3366.336,
82376.78,
21718.92,
11344.91,
3589.238,
5874.013,
149057.3,
68080.66,
23631.05,
2569.508,
44557.18,
4779.847,
132190.5,
453649.6,
5340.146,
821711.8,
63316.14,
32874.2,
15195.18,
14456.55,
39831.5,
2687.144,
0,
2337585,
2050, 
35885.87,
284537.4,
38443.5,
20179.18,
3738.811,
89953.34,
24964.89,
12639.87,
4166.078,
6669.95,
151136.1,
67979.7,
26896.77,
2867.477,
47406.39,
5171.606,
135618.6,
465728.3,
5266.167,
873684.1,
69707.55,
34109.77,
15182.37,
14816.67,
44005.95,
2994.435,
0,
2483751,
2051, 
39386.32,
327441.6,
43456.23,
23169.78,
4144.637,
97738.03,
28006.64,
13990.4,
4555.514,
7673.142,
154070.6,
67796.41,
31824.31,
3449.825,
49047.2,
5519.658,
140158.5,
473338.4,
5276.824,
931505.7,
75041.92,
34733.33,
15596.56,
15251.7,
49006.63,
3311.235,
0,
2644491,
2052, 
43383.77,
361197.9,
48957.68,
26502.42,
4517.255,
105587.2,
31241.33,
15631.78,
4931.8,
9223.255,
157362.8,
67631.34,
35900.64,
4256.9,
50110.09,
5881.235,
145365.1,
476639.9,
5341.843,
981264.6,
78279.95,
35331.98,
16229.69,
15684.68,
54800.66,
3637.224,
0,
2784893,
2053, 
46392.64,
398137.6,
55128.75,
29382.32,
4850.686,
112246.6,
34418.41,
17780.92,
5862.964,
11954.25,
159043.9,
67498.14,
39486.97,
5255.611,
51195.79,
6381.713,
155309.5,
478176.8,
5643.738,
1028519,
78218.27,
35508.52,
17097.45,
16295.91,
62831.42,
3958.75,
0,
2926577,
2054, 
46974.91,
426898.7,
62435.32,
32960.71,
5168.511,
117512.9,
39692.35,
19995.86,
6882.449,
14896.24,
157506.3,
67383.47,
41504.06,
6393.98,
52308.59,
7175.392,
163714.2,
471593.1,
5750.759,
1076441,
79172.54,
35422.8,
18142.07,
17089.98,
74285.91,
4393.065,
0,
3051695,
2055, 
47218.71,
442254.4,
70119.93,
35111.01,
5633.694,
121193.1,
44676.11,
22298.7,
7652.069,
17976.5,
158613.3,
67323.45,
44676.9,
7654.75,
53416.7,
8104.272,
174139.2,
462359.8,
5819.101,
1121644,
82039.96,
35175.41,
19340.16,
18211.48,
83815.25,
4909.853,
0,
3161378,
2056, 
47177.43,
457923,
75440.29,
36201.69,
6159.557,
125144.5,
56899.1,
24635.51,
8486.539,
21310.41,
161055.8,
67302.98,
47541.92,
9418.037,
54613.52,
8856.009,
194658.1,
454750.3,
5871.441,
1156388,
84613.42,
35358,
20116.22,
20318.8,
89771.2,
5523.049,
0,
3275535,
2057, 
47165.7,
472152.4,
76887.54,
36607.27,
6815.046,
128784.5,
71463.13,
27123.65,
9097.626,
24811.94,
165182.8,
67299.66,
49905.88,
11338.99,
56712.61,
9300.972,
212341,
449450.8,
5962.28,
1189935,
87213.53,
35818.2,
20618.1,
22133.04,
102383.3,
6291.141,
0,
3392797,
2058, 
47127.02,
476516.7,
78381.03,
37847.57,
7617.433,
132314.2,
86994.66,
29888,
10596.14,
28494.4,
169473.3,
67353.72,
51836.64,
13382.92,
59608.46,
9701.789,
225060.8,
445153.2,
6088.877,
1209389,
88168.32,
36233.9,
20557.78,
23656.71,
118981.4,
7203.606,
0,
3487628,
2059, 
47553.5,
478825.2,
79936.87,
38813.03,
8670.081,
135705.9,
98056.88,
33380.44,
13579.04,
32557.47,
169017.7,
67381.83,
53220.11,
15351.73,
61926.13,
10067.31,
249749,
442413.6,
6074.53,
1209119,
86983.29,
36792.14,
20045.77,
24910.71,
138183.8,
8299.917,
0,
3566615,
2060, 
48137.95,
482090.2,
81520.81,
39552.58,
9775.48,
139071.2,
106493.7,
37057.22,
18882.22,
37784.93,
164579.5,
67496.84,
54117.75,
17377.49,
64766.56,
10476.28,
257734.4,
442450,
6030.826,
1208552,
84363.86,
38220.99,
21175.96,
26345.91,
159346.9,
9490.755,
0,
3632892,
2061, 
48887.37,
487637.7,
83132.2,
39916.87,
11126.31,
142457,
113536.2,
40717.4,
26717.1,
42528.75,
158012.7,
67186.93,
54879.38,
20187.83,
67359.37,
10966.99,
261156.8,
446510.2,
6305.2,
1206641,
81820.86,
38659.23,
21536.58,
27925.88,
178786.9,
10773.34,
0,
3695366,
2062, 
49675.35,
494365.4,
86221.59,
39995.77,
12490.01,
145754.6,
117295.5,
45087.46,
44386.7,
46339.12,
146361.9,
66622.77,
55321.23,
24137.8,
70034.98,
11528.39,
265917.8,
453225.7,
6492.588,
1204190,
79774.44,
38785.55,
21881.78,
29956.17,
199404.2,
12256.86,
0,
3767503,
2063, 
50549.52,
504185.8,
89369.63,
40147.48,
14039,
149058.9,
120783,
52666.79,
63516.78,
49900.5,
139015.3,
65858.98,
54916.54,
28333.46,
73483.27,
14054.88,
269140.2,
462271.8,
6557.891,
1201515,
79926,
39039.29,
22085.9,
32461.34,
217823.4,
13981.74,
0,
3854683,
2064, 
51460.25,
511225.6,
92155.15,
40924,
15852.94,
152268.3,
127086.9,
58417.87,
81638.34,
53046.38,
134382.9,
65713.95,
54561.45,
32123.19,
77408.16,
17226.48,
272593,
466708.4,
6665.356,
1198692,
84650.77,
39565.95,
22135.23,
35207.85,
233254.5,
15819.3,
0,
3940784,
2065, 
49671.87,
515411.2,
94723.66,
42193.19,
18573.66,
158544.5,
138244,
68376.18,
93147.62,
56108.77,
136452.2,
65884.62,
54699.1,
34356.2,
81620.35,
20083.83,
276446.8,
473086.2,
6795.76,
1195730,
92261.66,
40307.3,
22107.16,
37885.71,
251454.7,
18000.59,
0,
4042167,
2066, 
46686.83,
519585.7,
97493.51,
43223.87,
23022.46,
167301.9,
152800,
76177.95,
103499.5,
58275.82,
137907,
65751.18,
55497.82,
35182.64,
86102.29,
23233.99,
282177.6,
477709.3,
6957.602,
1191281,
97748.21,
41061.32,
22158.26,
40741.73,
272927.4,
21327.37,
0,
4145832,
2067, 
43405.43,
523627.8,
99888.66,
44290.86,
28048.88,
177192.6,
171274.4,
84374.02,
112893.4,
59315.06,
141644.2,
66522.73,
56691.88,
35886.53,
90770.82,
26662.92,
289919.2,
470235.8,
7124.862,
1186846,
103886.7,
41717.44,
22313.96,
43947.84,
295436.4,
25368.04,
0,
4249286,
2068, 
40123.72,
527067.9,
104386.3,
45465.38,
33573.52,
189153.1,
185673.8,
92309.31,
118779.1,
60316.81,
145514.2,
66940.2,
58208.61,
36308.16,
94957.63,
30622.1,
300418.2,
454300.3,
7283.862,
1182341,
109493.4,
42176.18,
22653.57,
47552.18,
319829.5,
30219.15,
0,
4345667,
2069, 
36700.28,
529882.8,
111866,
45359.52,
40228.22,
196231.7,
202236.7,
98902.73,
124664.8,
61278.49,
149838.7,
67317.96,
59461.69,
36595.43,
99081.79,
38546.32,
313616,
439768.5,
7431.35,
1177957,
112432.5,
42345,
23045.18,
51945.33,
346595.1,
35163.31,
0,
4448493,
2070, 
33540.07,
532331.7,
116202.9,
44462.89,
47727.45,
199899.5,
216243.2,
104871.1,
130646.3,
62213.07,
156538.3,
67648.77,
60065.84,
35947.25,
102843.7,
45220.95,
327644,
432304.9,
7572.223,
1173537,
111479.1,
42611.15,
23338.61,
56751.02,
377168.5,
41056.84,
0,
4549866,
2071, 
30608.06,
533894.4,
120046.3,
43186.95,
55597.02,
203036.9,
227900.1,
114571,
136420.5,
64600.05,
164943.2,
67904.9,
60261.52,
35260.66,
106617.1,
51698.46,
333511.3,
433944.5,
7671.547,
1168136,
110083,
43160.45,
23475.99,
61774.01,
409888.9,
46347.56,
0,
4654541,
2072, 
29051.68,
535867.1,
125823.2,
41442.38,
74394.11,
209356,
236764.6,
126565.1,
143980.9,
68962.49,
172503.4,
68293.88,
60201.56,
34566.39,
109738.1,
58803.56,
338124.5,
443189.3,
7711.08,
1167557,
107187.3,
44338.51,
23459.42,
66610.98,
432064.7,
51422.16,
0,
4777980,
2073, 
28476.86,
538293.3,
131474.9,
40004.41,
95717.38,
218422.8,
244000.3,
140675.7,
151955.7,
73003.85,
175050,
68970.91,
60465.38,
33917.53,
112126.6,
64987.44,
342818.8,
456533.3,
7806.629,
1177664,
108345.6,
46102.98,
23170.95,
71173.13,
447830.2,
56416.03,
0,
4915405,
2074, 
28274.58,
541023,
134637.6,
39601.45,
117064.4,
222217.5,
250241.8,
156976.8,
161048,
77048.13,
178113.7,
70347.2,
60487.62,
33316.07,
113647.1,
71609.87,
347453.8,
468224.1,
8054.99,
1194282,
110134.3,
48573.21,
22546.86,
75630.98,
463501.5,
60774.57,
0,
5054831,
2075, 
28624.78,
543960.4,
139203.1,
40524.89,
137994.8,
218379.1,
260874.5,
175417.8,
173847.3,
79711.6,
181171.3,
71735.29,
60409.39,
32779.86,
114760.7,
78302.27,
352083.8,
470122.9,
8255.003,
1212489,
112241.5,
50841.84,
21643.46,
79983.38,
479044.5,
66394.45,
0,
5190797,
2076, 
28975.34,
546816.9,
144110.3,
42084.17,
157617.1,
219901.1,
274943.5,
199155.9,
183929.2,
81746.91,
184587.8,
72155.05,
59994.12,
32306.58,
115453.5,
84067.75,
356677.6,
463930.9,
8554.533,
1224045,
113236.1,
52699.24,
20780.43,
82738.08,
495694.7,
70103.95,
0,
5316306,
2077, 
29628.67,
549896.7,
147655.7,
44290.31,
180306.2,
222148.5,
280819.3,
219587,
191141.8,
84358.66,
184130.4,
72964.61,
59194.84,
31892.44,
116474,
89275.18,
362593,
457796.4,
8870.987,
1242451,
114506.7,
53806.39,
20239.14,
85555.7,
512232.7,
74849.97,
0,
5436666,
2078, 
30880.16,
552933.7,
153140.9,
46211.84,
205079.3,
223825.8,
284370.6,
239710.5,
198537.1,
86039.59,
181950.8,
73780.45,
58208.47,
31522.5,
117902.4,
93770.33,
374032.8,
456456.2,
9118.258,
1240062,
116169.9,
54590.79,
19866.76,
88428.8,
528483.8,
82644.3,
0,
5547718,
2079, 
32753.4,
556102.3,
160439.9,
47268.63,
227634.1,
225672.7,
287649.2,
262194.8,
206065.6,
87578.47,
176610.9,
74534.98,
57422.05,
31210.43,
120072.4,
97282.95,
383052.1,
457312.9,
9356.222,
1223829,
118264.4,
55249.52,
19747.56,
91222.91,
544491.9,
93280.48,
0,
5646300,
2080, 
34948.32,
559360.1,
169284.9,
46786.31,
253914,
227451.8,
290895.8,
282284.8,
213655.9,
92238.78,
172453.9,
75296.09,
57095.15,
30932.8,
122092.1,
101350,
392267.1,
457404.2,
9640.757,
1208268,
121212.2,
55580.01,
20283.26,
94017.7,
560422.8,
106541.4,
0,
5755678,
2081, 
37943.93,
562362.4,
174898.2,
46217.89,
277765.3,
228547,
293878.8,
293991.5,
225445,
96542.14,
170323,
76000.98,
57342.95,
30697.75,
124281.3,
104548,
402009.5,
460506.3,
9742.063,
1210358,
127312.6,
55308.74,
20901.71,
97037.11,
575861.6,
119254.7,
0,
5879078,
2082, 
41861.75,
565430.6,
184355.3,
45431.59,
296597.4,
229303.2,
296788.7,
310918.7,
238727.6,
101761.5,
172565.8,
76633.02,
58534.43,
30497.6,
126094.6,
107382.6,
412223.7,
463692.3,
10133.07,
1214798,
131529.2,
55452.88,
21553.2,
99818.57,
590934.2,
131959.3,
0,
6014979,
2083, 
47161.45,
568477.6,
191057.3,
45203.39,
315463.8,
229507.5,
299585.1,
336067.4,
250389.6,
106722.6,
180217.3,
77228.58,
59644.7,
30330.83,
127994.6,
109813.6,
433065.8,
465197.1,
10496.62,
1217820,
131767,
55450.43,
22124.91,
101565.1,
605878.8,
141482.8,
0,
6159714,
2084, 
54868.39,
571631.9,
196247.4,
45414.84,
332885.4,
229334.6,
312646.3,
371865.4,
265862.7,
110120.4,
189363,
77731.15,
60755.74,
30193.51,
129762,
112203.4,
453142.9,
463583.2,
11088.19,
1217625,
130214.8,
55706.12,
22643.02,
102966.5,
620744.1,
150870.7,
0,
6319471,
2085, 
64776.68,
574971.4,
201471.9,
45747.05,
336187.7,
230421.9,
329098.8,
407169,
274766.1,
112723.7,
196832.6,
78157.77,
61611.03,
30086.35,
131694,
115093.7,
461924.9,
458245,
11617.39,
1217558,
129277.7,
54607.5,
23210.94,
104405.4,
635479.4,
159590.3,
0,
6446726,
2086, 
71321.69,
577993.6,
206938.9,
45526.09,
338818.5,
233637.9,
344238.1,
441890.7,
291516.4,
117410.5,
201866,
78629.73,
62347.91,
30006.79,
133691.8,
119204,
464384.5,
452192.1,
12083.48,
1199609,
127392.5,
54498.07,
23775.37,
105827.6,
650897.6,
167540.6,
0,
6553240,
2087, 
74872.16,
580816.6,
211566,
45266.45,
341341.4,
236723.6,
359988.6,
483412,
304387.3,
122275.9,
203640.8,
78935.94,
62991.08,
29939.96,
135898.3,
124523.3,
470851.4,
446333.5,
12397.13,
1173593,
125666.9,
54664.66,
24241.06,
107375.1,
666223.3,
176292.4,
0,
6654218,
2088, 
74783.13,
583740.7,
214877.5,
43977.13,
343686.3,
239695.5,
378233,
521223,
318247,
125796.5,
205219.3,
78733.37,
63359.32,
29891.41,
137697.6,
131758.1,
475692.2,
438679.2,
12680.25,
1143805,
126863.3,
54865.71,
24566.03,
108801.6,
681501.4,
185807.2,
0,
6744181,
2089, 
71645.47,
586569.3,
217880.5,
42355.4,
345753.2,
242519.9,
398705.4,
560186.1,
334817.2,
126609.6,
206583.7,
78473.1,
63495.99,
29873.38,
140019.3,
138382.6,
489613.7,
432235.7,
12521.45,
1124724,
127164,
54980.19,
24802.76,
110175.1,
695353.9,
196068.6,
0,
6851510,
2090, 
69684.93,
589362.6,
220866.9,
40446.2,
347466.5,
245217.9,
419336.6,
596067.1,
360372.5,
126900.5,
208316.4,
78131.52,
63431.2,
29851.28,
141318.2,
144563.2,
503446.2,
426971.3,
12593.35,
1106005,
130369.8,
54973.11,
24866.04,
111356.8,
707001.8,
207919.1,
0,
6966836,
2091, 
67795.71,
591515.6,
224533.1,
39001.31,
348896.3,
247763,
439282.9,
630272.2,
387738.4,
126711.7,
207703.5,
77701.05,
63471.86,
29855.14,
142677.5,
150096.4,
517362.3,
421228.6,
12722.91,
1089583,
133218,
54966.94,
24816.5,
112517.7,
719189.9,
221979.5,
0,
7082601,
2092, 
66198.46,
593193.7,
227530.5,
37629.36,
351968.5,
250189.8,
457095.9,
657192.5,
422924,
126432.6,
207853.4,
77249.74,
63472.57,
29868.61,
144218,
155412.2,
532938.6,
412690.6,
12758.73,
1076464,
136468.2,
54924.78,
24735.73,
113663.5,
731095.1,
235666.7,
0,
7199836,
2093, 
64862.73,
594221.2,
229946.3,
36965.84,
356329.3,
252506.1,
466329.8,
680215.5,
451671.6,
125410.2,
208018.7,
76894.43,
63515.39,
29882.14,
146212.9,
159905.3,
550947,
401723.8,
12863.34,
1061517,
139401.7,
55178,
24732.85,
114861.1,
743562.1,
250441.1,
0,
7298115,
2094, 
63776.73,
595205.8,
233485.8,
36939.84,
361883.2,
254744.9,
486315.3,
701434.3,
477995.6,
124518.7,
208118.6,
76465.49,
63731.73,
29900.25,
147934.6,
165787.5,
568976.7,
395549.1,
13465.06,
1047109,
141459.5,
56453.6,
24807.51,
116034.5,
742771.6,
263764.4,
0,
7398630,
2095, 
63306.57,
597157.8,
235166.7,
37501.96,
369490.5,
250461.6,
509989.8,
729468.6,
485325.2,
123983.6,
209620.4,
75954.56,
63862.85,
29922.54,
149386.2,
170982.7,
588428.5,
388726.5,
13598.93,
1028928,
143278.3,
57270.56,
25012.7,
117257,
721503.2,
275909.6,
0,
7461496,
2096, 
63135.72,
598848.7,
238050.5,
38064.43,
379208.8,
246747.4,
534208.8,
777023.8,
495376.5,
123545.4,
213559,
75447.8,
63900.2,
29945.84,
150886.8,
173810.3,
606201.6,
382395.4,
13834.76,
1012643,
144754.9,
58840.39,
25425.48,
118394.5,
683281,
290924.9,
0,
7538457,
2097, 
63605.85,
591736,
244972.3,
39780.96,
390716.8,
245275.7,
552697.6,
813991.6,
504242.5,
123872.7,
217252.2,
74954.12,
64108.07,
29970.54,
151451.8,
173709.7,
614971.3,
381738.3,
14226.67,
998599.9,
146010.1,
60321.66,
25883.32,
119481.4,
648764.1,
309209.9,
0,
7601545,
2098, 
64482.43,
588103.8,
246564.3,
40768.34,
406020.5,
242939.6,
562256,
838882.9,
513714.9,
124295.2,
218305.6,
74516.8,
64323.33,
29996.98,
152020.7,
173507.6,
623876.4,
383481.8,
14321.29,
992377.4,
146087.2,
61411.91,
26369.17,
120617.4,
631258.3,
325877.6,
0,
7666378,
2099, 
65805.57,
583851.6,
252001.5,
40979.82,
422353.6,
241816.4,
570352.5,
863748.3,
522525.3,
126532.5,
218259.1,
74232.27,
64688.99,
30026.05,
152255.2,
173233.2,
634738.6,
384232.4,
14381.93,
990418.4,
150756.9,
61255.65,
27217.74,
121771.5,
642289.1,
337178.9,
0,
7766903,
2100, 
67047.33,
581494.7,
258258.2,
39934.24,
432701,
239025.7,
578106.8,
888992.8,
539284.8,
124926.8,
217061.2,
74020.61,
65087.25,
30065.33,
152755.4,
172868.9,
647976.3,
386030.8,
14469.69,
993331.6,
152157.4,
62396.7,
27407.96,
122966.2,
667517.6,
347265,
0,
7883151];
