real main.em.dem.hi.Clinker_Production[28](t) = [1971, 
7.4853,
63.9486,
6.16722,
4.277119,
8.038461,
12.24752,
6.25314,
3.05092,
1.27804,
5.21629,
148.1945,
32.9983,
6.87323,
1.5908,
0,
82.27142,
8.05349,
12.39273,
10.62152,
26.71521,
7.71953,
0.44317,
51.11324,
4.80396,
2.93748,
1.97758,
0,
516.6688,
1972, 
8.181899,
67.437,
7.17746,
5.781819,
9.33324,
12.79692,
6.21131,
3.40158,
1.24333,
5.43968,
168.4209,
36.25626,
6.91145,
1.60064,
0,
85.52518,
9.37485,
13.10155,
10.72526,
29.89577,
8.42296,
0.54236,
57.01112,
5.09894,
2.82282,
2.23657,
0,
564.9509,
1973, 
9.0477,
69.8184,
8.13276,
6.222979,
10.98636,
13.26924,
6.09294,
3.4265,
1.25579,
6.10896,
163.4131,
38.33475,
8.140861,
1.62934,
0,
89.80722,
9.12502,
12.46328,
12.71725,
31.45451,
10.1647,
0.6734,
67.1832,
5.41886,
3.15224,
2.5543,
0,
590.5936,
1974, 
9.5769,
66.20219,
8.75104,
6.252499,
12.45334,
13.92114,
6.35816,
3.59293,
1.29139,
6.49789,
160.7271,
41.23879,
8.1354,
1.6728,
0,
94.4189,
10.79415,
11.88477,
13.50622,
31.40056,
9.854391,
0.75621,
62.87288,
5.7405,
3.51533,
2.57299,
0,
593.9885,
1975, 
8.7669,
55.917,
9.184,
5.841679,
13.44062,
13.5464,
6.93399,
4.03437,
1.26291,
6.38664,
152.3531,
44.09148,
9.85803,
1.77858,
0,
100.0867,
12.3421,
13.48584,
15.58739,
39.00477,
10.81171,
0.9800701,
56.34462,
5.41112,
3.63909,
2.37363,
0,
593.4628,
1976, 
8.908199,
60.8229,
10.40662,
6.260699,
15.3135,
14.35082,
7.11199,
4.07709,
1.34657,
6.27272,
156.5511,
47.32811,
11.06014,
20.22776,
0,
101.8817,
13.16961,
15.36828,
17.17443,
39.53132,
11.79269,
1.6471,
59.09232,
5.29932,
3.50987,
1.57975,
0,
640.0847,
1977, 
8.939699,
65.3661,
10.92896,
6.179519,
17.32086,
14.7559,
7.87561,
4.14117,
1.5753,
5.84997,
160.464,
49.99436,
12.1849,
20.59403,
0,
104.1859,
13.77966,
15.91359,
19.29018,
47.12441,
12.45426,
2.31959,
62.89868,
5.26234,
3.57448,
1.58242,
0,
674.5559,
1978, 
9.425699,
69.7914,
11.603,
6.7527,
19.05598,
15.69398,
9.07978,
4.31294,
1.44714,
6.07247,
163.3752,
52.34935,
14.17052,
20.18211,
0,
104.1039,
15.73099,
16.28958,
20.14103,
55.30912,
12.91017,
3.32059,
72.99853,
5.11872,
3.90026,
1.55661,
0,
714.6918,
1979, 
10.3131,
68.9832,
12.58864,
7.018379,
20.39422,
17.19458,
11.61984,
4.63334,
1.47028,
5.51711,
165.8589,
51.99385,
12.35143,
19.51764,
0,
100.8756,
19.55231,
15.1641,
22.21583,
62.54913,
15.70569,
4.03312,
75.51144,
5.14366,
3.76194,
1.56373,
0,
735.5311,
1980, 
9.306,
61.4169,
13.44636,
7.329389,
22.29908,
19.21998,
13.28058,
4.83181,
1.604715,
6.34125,
166.359,
56.74334,
11.80725,
19.44603,
3.444,
102.5402,
21.80244,
14.77649,
21.48692,
67.66492,
13.83473,
4.78569,
75.64302,
5.20902,
4.03221,
1.48808,
0,
750.1393,
1981, 
9.1368,
58.5486,
14.90186,
7.240192,
21.36182,
19.23638,
14.4714,
5.91049,
1.58137,
7.20455,
161.6095,
52.8036,
13.68913,
19.50725,
3.623785,
104.2786,
26.34503,
17.35364,
21.49147,
70.1516,
14.80752,
5.20429,
72.95209,
5.63558,
4.27336,
1.66341,
0,
754.9833,
1982, 
7.3224,
51.7275,
15.86126,
6.975526,
21.02808,
18.38604,
14.31654,
5.90159,
1.431351,
7.1912,
156.6791,
59.37403,
14.35798,
19.72428,
3.80357,
164.3214,
28.56279,
18.7995,
23.55717,
80.35645,
16.30811,
5.30712,
69.38996,
6.06644,
4.226613,
1.5397,
0,
822.5157,
1983, 
7.083899,
57.5343,
14.23766,
7.309465,
17.1134,
17.01418,
16.05827,
5.43523,
1.42311,
7.02833,
156.5567,
62.29861,
12.37145,
20.60824,
11.06487,
171.0192,
30.74569,
20.96663,
26.64662,
91.40956,
17.70769,
7.36645,
69.56626,
5.38532,
4.453147,
1.35547,
0,
859.7597,
1984, 
8.448299,
63.4068,
15.33564,
7.243676,
15.98754,
17.32496,
20.01432,
4.94573,
1.396034,
7.194759,
147.339,
64.99251,
14.32158,
21.3323,
11.67688,
173.43,
35.87509,
24.51903,
25.85583,
103.7566,
17.76047,
8.09263,
67.8196,
4.83062,
4.842429,
1.3706,
0,
889.1129,
1985, 
9.1728,
63.2556,
16.6091,
7.130142,
16.9207,
17.38892,
21.90112,
6.18016,
1.390888,
6.1232,
139.3141,
60.60722,
15.99871,
21.1519,
12.34182,
174.4788,
36.94828,
26.53593,
25.94319,
122.7869,
16.3618,
9.0454,
62.64842,
5.73362,
5.074242,
1.4685,
0,
902.5115,
1986, 
9.5499,
64.0008,
16.2565,
7.976664,
20.70664,
19.69804,
20.29912,
6.525658,
1.525423,
5.55894,
139.6933,
63.48124,
18.20364,
22.27612,
13.84898,
179.7981,
35.55969,
29.03589,
28.6923,
140.0384,
17.02337,
10.30393,
61.28704,
6.134619,
6.25898,
1.71236,
0,
945.4457,
1987, 
11.3427,
60.64199,
19.25524,
8.431331,
20.88376,
21.51926,
23.22633,
5.958461,
1.680385,
5.33911,
143.2396,
63.21106,
20.0018,
22.63692,
14.21224,
182.8526,
37.98329,
30.82205,
31.80086,
156.8833,
18.90434,
10.75074,
61.53386,
5.948624,
7.05796,
1.84586,
0,
987.9637,
1988, 
11.115,
64.3896,
19.35692,
7.959253,
20.76978,
21.52898,
24.51861,
6.817934,
1.61624,
6.0164,
153.1162,
65.17658,
20.53688,
23.0912,
14.45496,
184.6935,
40.50151,
34.14288,
37.68401,
176.6497,
21.34769,
11.93738,
66.69644,
6.070053,
7.55482,
1.9847,
0,
1049.727,
1989, 
11.3319,
64.1772,
19.8522,
8.422002,
21.25522,
19.10026,
24.81943,
7.071888,
2.05501,
6.46229,
159.6195,
63.62107,
21.57064,
22.92556,
15.1044,
186.6738,
44.87395,
36.68351,
42.88011,
176.7477,
25.18425,
13.45708,
68.55663,
6.669346,
7.53389,
2.01407,
0,
1078.663,
1990, 
10.5705,
63.8496,
20.24006,
8.412292,
21.197,
19.23036,
26.82816,
5.94437,
2.18762,
5.84107,
158.2907,
57.66368,
22.11209,
22.3655,
14.9445,
182.705,
45.9571,
38.3211,
45.42174,
175.9268,
31.93827,
13.45526,
72.6227,
6.327796,
7.83601,
2.23034,
0,
1082.42,
1991, 
8.406684,
60.27212,
20.59494,
7.375795,
22.46015,
20.1785,
29.02796,
6.223289,
2.068484,
5.452389,
153.8522,
41.77913,
23.6083,
21.28392,
13.94246,
65.51226,
38.37441,
43.27482,
50.03647,
205.1379,
35.54351,
12.22636,
76.84591,
5.53657,
8.179326,
2.515532,
0,
979.7095,
1992, 
7.681248,
62.20899,
22.0708,
7.485446,
19.45623,
23.85,
29.13487,
6.566607,
2.179944,
5.1714,
146.4459,
32.77607,
25.72332,
18.93298,
12.26966,
51.9224,
43.28453,
44.98262,
55.54538,
258.535,
38.79516,
12.69939,
75.54371,
5.710024,
8.691056,
2.125136,
0,
1019.788,
1993, 
8.370054,
65.76203,
23.29597,
7.897469,
20.14929,
32.48428,
26.61853,
6.655245,
2.217477,
5.404935,
134.5967,
29.89813,
28.05173,
13.9646,
9.27584,
41.83804,
47.63074,
47.92454,
57.94602,
309.0458,
45.59871,
17.66861,
75.19128,
6.397794,
8.741331,
2.063302,
0,
1074.688,
1994, 
9.398592,
69.21783,
25.52795,
8.539049,
20.38503,
24.88217,
26.80534,
5.661444,
2.175782,
6.205704,
142.064,
32.35333,
26.36169,
10.62884,
6.64774,
31.07636,
49.15179,
53.18032,
62.04102,
354.6357,
51.82996,
22.05847,
78.06365,
6.907706,
8.889302,
1.768292,
0,
1136.457,
1995, 
9.2394,
68.06181,
20.36247,
8.794625,
22.74608,
27.31967,
28.3675,
5.839801,
2.748538,
6.507375,
140.482,
32.79887,
29.67193,
7.30702,
4.93312,
30.29818,
51.12236,
56.88648,
65.42539,
401.2075,
58.12344,
20.70672,
76.9029,
6.58342,
8.741465,
2.160375,
0,
1193.339,
1996, 
9.7902,
71.2656,
20.3708,
7.30622,
27.7492,
26.10831,
32.76104,
9.215296,
2.465144,
6.68824,
135.4697,
33.38586,
31.3984,
5.3382,
3.5629,
23.2798,
41.70511,
67.36,
66.2756,
432.4815,
51.53441,
32.558,
80.136,
6.522816,
9.552428,
2.41544,
0,
1236.696,
1997, 
10.2843,
72.5175,
21.9725,
7.433097,
30.4419,
27.8052,
33.91707,
12.30504,
2.37237,
6.50881,
138.1517,
34.30558,
32.004,
5.82364,
3.7679,
22.41142,
41.42406,
67.52,
68.2752,
435.9614,
63.64173,
36.6268,
77.74741,
6.48036,
9.628759,
2.42451,
0,
1271.752,
1998, 
10.5996,
72.00719,
22.0492,
8.807739,
31.84,
29.58414,
33.33234,
9.942546,
2.750416,
8.227,
153.5825,
34.58004,
33.8452,
6.31728,
3.75314,
21.9063,
36.02168,
71.91,
56.5268,
452.7361,
47.39214,
38.984,
68.6172,
6.43972,
9.485516,
3.001556,
0,
1274.239,
1999, 
10.9998,
76.21291,
23.3142,
10.17578,
31.9579,
29.91196,
35.86628,
9.663874,
2.653725,
7.680699,
152.93,
35.145,
30.3752,
6.5436,
4.37552,
23.944,
36.54928,
76.32,
56.6886,
502.6893,
59.47447,
36.6445,
67.4442,
6.35289,
9.962006,
2.957501,
0,
1346.833,
2000, 
10.962,
77.865,
25.043,
8.62996,
30.968,
30.3044,
38.7086,
9.86506,
2.74684,
7.7314,
157.0873,
34.94712,
31.504,
6.05324,
3.7064,
27.19694,
42.40138,
80.75,
59.312,
511.6762,
56.6764,
45.496,
68.12399,
7.1778,
10.604,
2.60494,
0,
1388.142,
2001, 
11.232,
78.10561,
23.4,
8.618219,
30.81,
29.991,
41.242,
10.67175,
2.70555,
7.7945,
154.5264,
32.18897,
30.59,
6.3804,
4.081002,
29.77356,
44.72034,
83.4,
49.95784,
567.4686,
58.73455,
48.1574,
64.1908,
7.16071,
10.87693,
2.5891,
0,
1439.367,
2002, 
11.3256,
78.3354,
23.87,
9.23846,
29.26,
23.6159,
40.5048,
11.2476,
2.70732,
8.0808,
148.0686,
32.13338,
28.2968,
7.84176,
4.147728,
31.98965,
45.69806,
81.8,
52.79176,
592.6802,
65.47324,
53.4688,
60.0248,
7.2732,
11.1538,
2.23272,
0,
1463.26,
2003, 
12.0132,
80.34361,
24.32,
10.13384,
28.88,
25.1332,
43.1932,
11.15935,
3.44201,
8.466,
158.7164,
34.29903,
30.2562,
9.479031,
5.024822,
34.78955,
46.0348,
80.2,
55.80588,
706.2813,
71.18827,
55.599,
57.3792,
7.6311,
14.68417,
2.83777,
0,
1617.291,
2004, 
12.6054,
83.754,
26.25,
9.987,
25.8,
28.155,
45.1984,
11.17906,
3.71378,
9.84,
161.7881,
36.73331,
32.528,
11.18124,
5.427408,
39.02147,
49.77627,
98.25,
51.30008,
778.3837,
79.78861,
58.3792,
56.0768,
7.6544,
14.88584,
2.8577,
0,
1740.515,
2005, 
12.012,
84.84,
27.75,
10.82694,
27.158,
31.302,
48.1869,
11.28006,
4.29705,
11.745,
161.3011,
38.269,
36.38,
12.93651,
5.56713,
41.38695,
54.495,
100.1,
48.535,
839.3092,
86.24015,
56.61,
57.768,
7.69327,
15.011,
2.86335,
0,
1833.864,
2006, 
11.76,
83.74799,
29.6,
11.33236,
27.158,
33.5072,
50.1633,
13.10337,
4.49307,
10.53,
169.112,
42.48937,
40.8,
14.60997,
6.06852,
46.48995,
57.82959,
119.35,
50.745,
969.7696,
86.581,
56.95,
58.017,
8.6237,
15.44875,
4.0986,
0,
2022.378,
2007, 
12.18,
81.396,
30.118,
11.75268,
34.336,
36.223,
51.7995,
17.81676,
4.72878,
12.393,
178.3474,
46.73361,
41.48,
16.1028,
6.561,
50.83722,
68.6194,
130.9,
53.6605,
1054.269,
90.01075,
65.45,
56.191,
9.11257,
24.0805,
4.28895,
0,
2189.388,
2008, 
11.508,
73.584,
29.674,
12.5171,
34.41,
38.0286,
63.5526,
23.08743,
5.76558,
10.935,
154.2287,
48.46534,
43.69,
16.9452,
7.3224,
45.6192,
70.705,
138.6,
49.402,
1083.829,
93.65981,
69.19,
52.124,
8.91669,
24.92625,
4.4307,
0,
2215.116,
2009, 
9.24,
54.516,
26.048,
10.92388,
38.258,
36.9852,
70.2999,
22.07331,
6.86475,
9.558001,
130.0345,
38.39836,
45.05,
11.9718,
7.06644,
38.01087,
83.4635,
138.6,
48.025,
1267.524,
98.22941,
74.8,
45.484,
8.83784,
28.41125,
5.12649,
0,
2353.801,
2010, 
10.416,
56.44799,
25.53,
11.53216,
43.734,
37.1702,
69.0606,
24.5025,
8.934299,
8.829,
125.1019,
38.47459,
53.295,
12.2229,
7.28028,
42.95025,
86.3549,
169.4,
45.56,
1460.4,
110.494,
70.55,
42.745,
8.597139,
31.90135,
5.54607,
0,
2607.03,
2011, 
10.08,
57.624,
25.53,
10.80104,
46.324,
37.0592,
68.4855,
23.86422,
10.29024,
9.072,
127.0284,
40.44579,
53.89,
13.365,
7.71039,
47.71872,
99.7296,
207.9,
46.495,
1630.341,
113.7538,
80.75,
42.579,
8.34814,
36.8373,
6.21999,
0,
2862.242,
2012, 
10.4706,
62.94456,
26.77616,
13.6086,
51.29902,
40.9035,
80.76591,
27.945,
11.7612,
9.363601,
104.6083,
35.7973,
54.29715,
12.91869,
14.32971,
53.1765,
148.4829,
207.9,
45.3118,
1715.769,
112.6063,
44.6675,
45.43171,
8.22945,
43.16045,
8.58681,
0,
2991.112,
2013, 
9.75324,
65.02859,
25.61288,
13.75512,
51.7815,
43.78062,
76.84794,
32.62923,
13.24593,
9.85608,
102.4246,
34.15104,
60.63645,
13.01184,
15.20532,
57.38769,
151.7606,
215.6,
45.80735,
1871.224,
118.1483,
48.3565,
48.10846,
8.216999,
45.71385,
9.357121,
0,
3187.401,
2014, 
9.978359,
69.82416,
27.08178,
14.55062,
52.72796,
43.95156,
84.98277,
32.93865,
14.73066,
9.77508,
101.5707,
34.81709,
60.55315,
12.59793,
17.2287,
60.04368,
152.504,
215.6,
45.66455,
1932.309,
122.2504,
48.416,
48.06779,
8.62702,
46.5137,
11.28897,
0,
3278.595,
2015, 
10.22028,
71.3496,
29.31362,
14.67198,
48.30942,
44.44588,
83.55717,
34.84539,
16.93872,
10.52352,
102.5686,
35.72415,
60.70615,
11.49714,
18.86733,
54.24003,
149.0051,
200.2,
49.9324,
1828.584,
134.8432,
51.0425,
45.50641,
9.14328,
54.6465,
11.53116,
0,
3182.214,
2016, 
9.82212,
71.52852,
30.02698,
14.40484,
42.59218,
40.91608,
85.80168,
37.9404,
18.32382,
10.53,
103.9854,
36.05987,
64.09255,
11.74581,
19.30797,
48.05001,
140.8278,
215.6,
54.25295,
1866.786,
140.1854,
52.87,
44.20165,
8.98973,
60.1426,
11.76201,
0,
3240.747,
2017, 
10.67304,
72.91116,
30.78474,
14.79334,
39.96296,
41.27498,
100.8879,
36.3771,
18.83412,
10.6677,
104.8455,
39.193,
68.4692,
11.83329,
21.5055,
48.6729,
133.198,
217.91,
54.604,
1804.981,
147.0186,
59.05715,
45.81185,
8.55315,
64.4249,
10.97226,
0,
3218.217,
2018, 
11.38536,
73.07999,
35.76272,
14.21466,
39.62922,
39.22222,
83.187,
42.46101,
18.9135,
11.0808,
106.8244,
41.92958,
61.6624,
12.14433,
22.34628,
48.3165,
136.8699,
238.7,
49.23455,
1732.125,
159.8748,
64.10105,
45.90481,
9.02957,
72.3877,
11.99853,
0,
3182.386,
2019, 
11.76,
74.004,
33.42062,
13.78472,
41.89214,
39.28734,
81.07047,
46.77426,
17.70174,
10.30806,
107.3811,
43.84611,
48.4211,
12.35898,
24.14367,
52.19316,
140.6745,
257.18,
47.79975,
1812.556,
176.4549,
61.234,
44.37346,
9.21715,
75.26155,
13.81617,
0,
3296.915,
2020, 
11.76,
75.432,
35.39642,
12.36614,
45.17848,
34.9391,
73.20375,
51.37668,
20.14227,
8.748,
105.6086,
44.57222,
61.45415,
12.58659,
25.53039,
50.67603,
152.9337,
223.3,
45.2268,
1841.43,
182.025,
53.4055,
42.25115,
8.8976,
74.5314,
14.17824,
0,
3307.15,
2021, 
11.76,
76.692,
38.15366,
13.72848,
48.75416,
42.62252,
82.21419,
56.35332,
22.2264,
10.125,
110.3849,
45.72876,
66.72076,
13.77729,
28.51524,
53.93304,
151.9146,
269.5,
47.4504,
1830.733,
193.3172,
55.3775,
41.56889,
9.0968,
83.18015,
14.29083,
0,
3418.119,
2022, 
12.6,
76.94399,
36.852,
13.88314,
47.02404,
44.62866,
78.31809,
57.0321,
21.1977,
9.72,
108.62,
44.18491,
62.6518,
9.396,
28.71855,
54.89532,
152.1216,
292.6,
48.9702,
1651.019,
200.8482,
54.536,
44.156,
9.28189,
80.35731,
14.58081,
0,
3255.138,
2023, 
12.58597,
77.16937,
37.14638,
14.16348,
47.57172,
44.91346,
80.33607,
59.17007,
19.75628,
9.7924,
105.37,
42.82838,
62.78658,
9.390496,
29.3549,
55.02178,
154.3992,
303.0134,
46.04273,
1655.431,
202.9556,
54.34435,
43.90547,
9.319287,
81.75708,
15.21034,
0,
3273.736,
2024, 
12.53441,
77.21001,
37.29751,
14.45188,
47.86946,
45.51788,
82.24436,
61.81428,
21.41117,
9.920485,
101.095,
41.11492,
62.90178,
9.388515,
29.97804,
55.08727,
156.9282,
313.2026,
42.1926,
1659.07,
205.2479,
53.49231,
43.62424,
9.352444,
84.78799,
16.14169,
0,
3293.877,
2025, 
12.42974,
76.98264,
37.50879,
14.73212,
48.3279,
46.07694,
84.26449,
64.66046,
23.86725,
10.04166,
99.14371,
38.7103,
63.11161,
9.43726,
30.61323,
55.09617,
159.4855,
325.1656,
40.2874,
1662.356,
208.0106,
53.67724,
43.37031,
9.396427,
88.34334,
17.16108,
0,
3322.258,
2026, 
12.29604,
76.28208,
37.84724,
15.0411,
48.71691,
46.60938,
85.83617,
67.97573,
26.53973,
10.14067,
98.96274,
37.42515,
63.06132,
9.656225,
31.0719,
54.9006,
161.6283,
336.2469,
40.59785,
1659.796,
209.8465,
55.30621,
42.13062,
9.285338,
92.81209,
18.62641,
0,
3348.639,
2027, 
12.13634,
75.76617,
38.16565,
15.34421,
49.11202,
47.10462,
87.14586,
71.24101,
29.1405,
10.23873,
98.04385,
37.40832,
63.05426,
9.89532,
31.51699,
54.63342,
163.7236,
346.122,
40.87518,
1656.476,
211.4138,
58.31494,
41.50521,
9.224925,
97.0466,
20.05289,
0,
3374.703,
2028, 
11.9563,
75.04843,
38.4437,
15.64898,
49.51194,
47.54954,
88.33833,
74.4198,
31.67493,
10.34307,
96.64995,
37.38032,
63.05068,
9.751388,
31.94833,
54.32385,
165.756,
355.4124,
41.11885,
1647.745,
212.8566,
61.31212,
40.83134,
9.143869,
101.0796,
21.45262,
0,
3392.748,
2029, 
11.76246,
74.06181,
38.67155,
15.96866,
49.92525,
47.98489,
89.39642,
77.53726,
34.14826,
10.45743,
94.97434,
37.34638,
63.0924,
9.409061,
32.36529,
53.95374,
167.7118,
363.398,
41.34904,
1633.415,
214.2229,
63.05006,
40.12894,
9.045409,
104.9641,
22.83061,
0,
3401.171,
2030, 
11.54994,
72.76527,
38.84228,
16.28668,
50.19253,
48.43353,
90.38087,
80.6328,
36.56526,
10.51485,
93.70128,
37.30441,
62.66353,
9.078015,
32.55567,
53.45053,
169.4919,
369.5629,
41.53347,
1615.289,
215.011,
64.0584,
39.35285,
8.937039,
108.7206,
24.19095,
0,
3401.065,
2031, 
11.33113,
71.23354,
38.97463,
16.63568,
50.50694,
48.93505,
91.2352,
85.62005,
39.74075,
10.60817,
94.29111,
37.23641,
61.96111,
8.771556,
32.57813,
52.74371,
170.8829,
374.8858,
41.63137,
1591.001,
213.5254,
65.04709,
38.53379,
8.816446,
113.1028,
26.04436,
0,
3395.875,
2032, 
11.10357,
69.32774,
39.02799,
16.95439,
50.77911,
49.4089,
91.58378,
90.31637,
42.66747,
10.68602,
94.97917,
37.16283,
61.04177,
8.498584,
32.41174,
51.81856,
171.2809,
379.132,
41.66813,
1553.372,
211.1274,
65.21976,
37.62053,
8.675374,
117.0347,
27.7286,
0,
3370.628,
2033, 
10.86918,
67.08401,
39.01802,
17.26735,
51.00972,
49.85054,
91.14339,
93.89291,
45.09203,
10.74541,
95.75799,
37.5768,
59.83686,
8.274575,
32.06646,
50.54327,
170.5561,
380.354,
40.35945,
1504.764,
207.6588,
65.1012,
36.59581,
8.512466,
119.0957,
29.11258,
0,
3322.138,
2034, 
10.62984,
66.03233,
38.9546,
17.58422,
51.20206,
50.28342,
90.27835,
96.95505,
47.22724,
10.78227,
96.65327,
37.40746,
58.34457,
8.131958,
31.56498,
48.98113,
169.124,
377.4975,
39.43738,
1445.484,
203.035,
64.71533,
36.07276,
8.439357,
120.3993,
30.32654,
0,
3255.544,
2035, 
10.68177,
67.20405,
38.86488,
17.90609,
51.13033,
50.71729,
88.94338,
99.44762,
49.02765,
10.79026,
97.67149,
36.8996,
56.53947,
8.087025,
30.94822,
47.18465,
166.9055,
370.9482,
38.82905,
1376.26,
197.1447,
64.01088,
35.8,
8.401998,
120.8453,
31.34768,
0,
3172.537,
2036, 
10.82344,
68.42583,
38.73261,
18.25442,
50.94142,
51.18878,
87.19632,
102.2469,
51.05675,
10.87872,
98.87457,
36.79391,
55.14407,
8.122499,
30.22922,
45.2465,
163.7603,
361.1976,
38.17586,
1311.083,
190.9653,
62.88165,
35.49458,
8.3592,
120.7442,
32.48029,
0,
3089.298,
2037, 
10.97188,
69.76691,
38.59206,
18.62276,
50.68516,
51.71165,
85.95773,
104.8895,
53.00095,
11.10154,
100.2229,
36.68432,
54.29205,
8.183395,
29.51914,
45.14325,
160.9637,
366.5453,
37.47979,
1286.371,
187.1122,
63.00379,
35.14623,
8.318935,
121.2804,
33.62519,
0,
3069.192,
2038, 
11.14011,
71.21714,
38.90932,
19.01571,
50.43877,
52.31355,
85.27678,
108.7904,
55.46436,
11.3173,
101.7484,
36.57425,
53.27341,
8.205778,
29.61552,
45.17884,
159.086,
373.3249,
36.6244,
1258.962,
183.2617,
63.69424,
34.81259,
8.251711,
123.9735,
35.10449,
0,
3055.575,
2039, 
11.31643,
72.76909,
39.36066,
19.37538,
50.18769,
52.8099,
84.41315,
112.2753,
57.70737,
11.51988,
103.3889,
36.45936,
52.22841,
8.349322,
29.89618,
45.21313,
156.6806,
380.0786,
36.08125,
1229.09,
179.9082,
64.29221,
34.7926,
8.315447,
126.293,
36.45287,
0,
3039.255,
2040, 
11.50052,
74.40455,
39.81668,
19.62686,
50.63976,
52.85142,
83.3102,
115.2852,
59.70927,
11.70442,
105.1339,
36.34021,
52.22322,
8.506449,
30.1627,
45.25161,
153.7615,
386.8112,
35.76608,
1197.069,
180.1357,
64.77227,
35.01299,
8.408813,
128.2102,
37.65811,
0,
3024.072,
2041, 
11.70829,
76.08022,
40.26113,
19.97255,
51.51048,
53.44078,
82.87261,
119.523,
62.52121,
12.15329,
107.0709,
36.22185,
52.28197,
8.657171,
30.40454,
45.32395,
151.5738,
393.3319,
35.44886,
1162.055,
180.2166,
65.89078,
35.31698,
8.503212,
131.1284,
39.35962,
0,
3012.829,
2042, 
11.93905,
77.80515,
40.71311,
20.64655,
52.3956,
54.55196,
83.42995,
125.5388,
66.20332,
12.6141,
109.163,
36.10803,
52.45252,
8.808798,
30.63567,
45.41031,
151.4199,
399.7826,
35.1667,
1125.723,
180.3541,
67.71312,
35.70076,
8.592896,
135.9024,
41.6216,
0,
3010.393,
2043, 
12.17053,
79.58059,
41.16374,
21.33648,
53.29682,
55.69125,
83.9975,
131.5842,
69.85798,
13.08189,
111.2919,
35.99046,
52.56324,
8.960301,
30.85794,
45.50653,
151.1566,
406.144,
34.86088,
1088.491,
180.3675,
69.57256,
36.07008,
8.684863,
140.6386,
43.88661,
0,
3006.804,
2044, 
12.40111,
81.42464,
41.61187,
22.03674,
54.20098,
56.85347,
84.55411,
137.6451,
73.48753,
13.55344,
113.4376,
35.8694,
52.61978,
9.110654,
31.07263,
45.60855,
150.8054,
412.4061,
34.53564,
1050.771,
180.2753,
71.45474,
36.42119,
8.79128,
145.3328,
46.15418,
0,
3002.435,
2045, 
12.62924,
83.33533,
42.0563,
22.7428,
55.10099,
58.02732,
85.10773,
143.6993,
77.09719,
14.02549,
115.5808,
35.74512,
52.62765,
9.258873,
31.28142,
45.71117,
150.3881,
418.5577,
34.19505,
1012.954,
180.0956,
73.3455,
36.75056,
8.917775,
149.979,
48.42094,
0,
2997.631,
2046, 
12.8631,
85.26907,
42.47062,
23.44344,
55.97373,
59.17261,
85.6481,
150.7908,
81.29272,
14.49224,
117.7525,
35.62718,
52.61839,
9.401592,
31.46289,
45.821,
149.7726,
424.2957,
33.85099,
974.1069,
179.766,
75.14992,
37.09839,
9.057244,
154.8641,
51.02013,
0,
2993.082,
2047, 
13.09072,
87.22751,
42.87716,
24.1365,
56.82395,
60.30289,
86.24535,
157.8007,
85.40337,
14.95057,
119.8826,
35.50635,
52.56323,
9.540333,
31.64127,
45.92741,
149.1349,
429.8611,
33.4961,
935.9327,
179.3743,
76.93275,
37.41435,
9.20056,
159.6408,
53.57698,
0,
2988.484,
2048, 
13.36577,
89.0654,
43.29565,
24.80544,
57.60108,
61.3659,
86.73351,
164.5694,
89.37158,
15.40297,
122.2174,
35.40559,
52.93606,
9.639325,
31.81674,
46.01362,
148.5252,
435.2799,
33.30029,
898.7057,
179.4622,
78.69677,
37.93576,
9.304196,
164.4323,
56.06634,
0,
2985.314,
2049, 
13.63289,
90.901,
43.70506,
25.45902,
58.34922,
62.40554,
87.20886,
171.3184,
93.25401,
15.84274,
124.4862,
35.30251,
53.27565,
9.733104,
31.99173,
46.09595,
147.9276,
440.5152,
33.10058,
862.6525,
179.5195,
80.41925,
38.42338,
9.419644,
169.1137,
58.52449,
0,
2982.578,
2050, 
13.89101,
92.72977,
44.10476,
26.09476,
59.06725,
63.41799,
87.67704,
178.0459,
97.06173,
16.26826,
126.6779,
35.19716,
53.58365,
9.821234,
32.16736,
46.17429,
147.3557,
445.5634,
32.89839,
827.9536,
179.5547,
82.09248,
38.87494,
9.540442,
173.683,
60.95196,
0,
2980.448,
2051, 
14.14004,
94.50553,
44.47022,
26.70077,
59.73415,
64.37873,
88.10938,
185.7408,
101.3521,
16.67206,
128.7592,
35.09112,
53.87119,
9.902826,
32.31124,
46.24191,
146.6689,
450.2112,
32.67941,
793.6351,
179.4865,
83.65128,
39.32293,
9.660913,
178.3307,
63.65792,
0,
2979.286,
2052, 
14.37758,
96.2583,
44.82389,
27.28522,
60.37398,
65.32349,
88.53702,
193.3102,
105.521,
17.05725,
130.7419,
34.98266,
54.12307,
9.978053,
32.45696,
46.30608,
146.0313,
454.6417,
32.39417,
760.9799,
179.4022,
85.14624,
39.72844,
9.789895,
182.8243,
66.29404,
0,
2978.689,
2053, 
14.60629,
97.96326,
45.16679,
27.84617,
60.97552,
66.23698,
88.96423,
200.7265,
109.5661,
17.42367,
132.6362,
34.87312,
54.36685,
10.04682,
32.60491,
46.36614,
145.4523,
458.8609,
32.07031,
730.041,
179.3359,
86.57516,
40.10434,
9.921123,
187.1759,
68.86405,
0,
2978.771,
2054, 
14.82721,
99.60036,
45.49942,
28.382,
61.53862,
67.11103,
89.39437,
207.9909,
113.4964,
17.77128,
134.4453,
34.76307,
54.61462,
10.10912,
32.75555,
46.42158,
144.9379,
462.8746,
31.75673,
700.8403,
179.3039,
87.93654,
40.45619,
10.04794,
191.3932,
71.37048,
0,
2979.639,
2055, 
15.04024,
101.1677,
45.82189,
28.89261,
62.06382,
67.94552,
89.83011,
215.1133,
117.3201,
18.10016,
136.1683,
34.65256,
54.86742,
10.16502,
32.90928,
46.47248,
144.4918,
466.6889,
31.45415,
673.3723,
179.3087,
89.22974,
40.78432,
10.17073,
195.4815,
73.81712,
0,
2981.33,
2056, 
15.24983,
102.6564,
46.10532,
29.36453,
62.51591,
68.70033,
90.22259,
222.9817,
121.5063,
18.40134,
137.7923,
34.53966,
55.13731,
10.21675,
33.03244,
46.51489,
143.9586,
470.0594,
31.14166,
647.0174,
179.2753,
90.39108,
41.11557,
10.286,
199.5627,
76.4856,
0,
2984.231,
2057, 
15.45091,
104.0745,
46.37828,
29.80995,
62.92961,
69.41414,
90.61919,
230.6374,
125.5444,
18.68295,
139.327,
34.42611,
55.4081,
10.26223,
33.15834,
46.55223,
143.4991,
473.2257,
30.84707,
622.3577,
179.275,
91.48284,
41.42139,
10.39726,
203.492,
79.06805,
0,
2987.741,
2058, 
15.64375,
105.4229,
46.64114,
30.22972,
63.30649,
70.08816,
91.02166,
238.0995,
129.4477,
18.9457,
140.775,
34.31197,
55.68094,
10.30167,
33.28715,
46.5847,
143.1129,
476.1981,
30.60362,
599.3297,
179.3089,
92.50685,
41.70309,
10.50403,
207.2791,
81.57186,
0,
2991.906,
2059, 
15.82868,
106.7034,
46.89433,
30.62482,
63.64825,
70.72383,
91.43127,
245.3848,
133.2278,
19.1904,
142.1393,
34.19728,
55.9565,
10.33533,
33.4189,
46.61251,
142.7991,
478.9863,
30.44411,
577.8602,
179.377,
93.46539,
41.96198,
10.60663,
210.9331,
84.00353,
0,
2996.755,
2060, 
16.00602,
107.9182,
47.13826,
30.99632,
63.95666,
71.32278,
91.84884,
252.508,
136.8952,
19.41789,
143.4234,
34.08207,
56.23514,
10.36349,
33.5536,
46.63583,
142.5557,
481.6005,
30.38735,
557.8687,
179.4788,
94.36109,
42.1993,
10.70558,
214.4625,
86.36892,
0,
3002.29,
2061, 
16.17891,
109.0637,
47.34788,
31.33436,
64.19526,
71.8486,
92.2021,
260.2258,
140.8197,
19.6187,
144.6175,
33.96142,
56.52711,
10.38722,
33.66723,
46.64252,
142.2156,
483.6912,
30.45653,
539.0844,
179.5516,
95.13042,
42.42653,
10.79579,
217.9111,
88.89103,
0,
3008.792,
2062, 
16.34421,
110.1488,
47.54851,
31.64973,
64.40235,
72.33929,
92.5605,
267.7217,
144.5953,
19.80312,
145.7353,
33.84002,
56.81701,
10.40592,
33.78288,
46.64476,
141.942,
485.6143,
30.68578,
521.6155,
179.6491,
95.84126,
42.63168,
10.88312,
221.2216,
91.32491,
0,
3015.749,
2063, 
16.50239,
111.1765,
47.74065,
31.94379,
64.5799,
72.79686,
92.92451,
275.0178,
148.2366,
19.97215,
146.7812,
33.7179,
57.10552,
10.41988,
33.90052,
46.64275,
141.7317,
487.3805,
30.59964,
505.3736,
179.7706,
96.49693,
42.81636,
10.96792,
224.4049,
93.67915,
0,
3022.68,
2064, 
16.65391,
112.1502,
47.92482,
32.21786,
64.72983,
73.2233,
93.29442,
282.1333,
151.7563,
20.1268,
147.7598,
33.59512,
57.3932,
10.42939,
34.02005,
46.63673,
141.5814,
488.9998,
30.47911,
490.2717,
179.915,
97.10068,
42.98215,
11.05025,
227.471,
95.96124,
0,
3029.857,
2065, 
16.79923,
113.0728,
48.10152,
32.47322,
64.85403,
73.62056,
93.67033,
289.0849,
155.1658,
20.26803,
148.6755,
33.47172,
57.68052,
10.43473,
34.14138,
46.62689,
141.4874,
490.482,
30.36395,
476.2246,
180.0815,
97.6558,
43.13055,
11.12986,
230.4291,
98.17772,
0,
3037.304,
2066, 
16.94046,
113.9376,
48.24552,
32.69599,
64.91515,
73.95061,
93.97871,
296.4412,
158.7086,
20.38446,
149.5446,
33.34356,
57.97334,
10.43724,
34.24907,
46.60788,
141.2916,
491.4554,
30.2685,
463.2085,
180.2032,
98.10498,
43.26506,
11.2014,
233.227,
100.4777,
0,
3045.057,
2067, 
17.07574,
114.7576,
48.38249,
32.90164,
64.95315,
74.25399,
94.29093,
303.5868,
162.1159,
20.48863,
150.3566,
33.21462,
58.26151,
10.43611,
34.35777,
46.58524,
141.1459,
492.304,
30.17586,
451.0863,
180.3387,
98.51089,
43.38224,
11.27046,
235.9122,
102.6958,
0,
3052.841,
2068, 
17.20551,
115.5361,
48.51287,
33.09142,
64.9697,
74.53254,
94.60699,
310.5435,
165.4012,
20.58147,
151.1158,
33.08496,
58.5457,
10.4316,
34.46741,
46.55918,
141.0468,
493.0362,
30.08588,
439.7845,
180.4871,
98.87659,
43.48357,
11.33729,
238.4945,
104.8403,
0,
3060.658,
2069, 
17.33022,
116.2758,
48.63714,
33.26648,
64.96642,
74.78804,
94.92679,
317.3301,
168.5762,
20.66381,
151.8263,
32.95464,
58.82653,
10.42394,
34.57787,
46.52988,
140.9909,
493.6602,
29.99839,
429.2332,
180.6476,
99.205,
43.57047,
11.40183,
240.9824,
106.9185,
0,
3068.509,
2070, 
17.45028,
116.9798,
48.75568,
33.42792,
64.94476,
75.02216,
95.25017,
323.963,
171.6516,
20.73648,
152.4919,
32.82367,
59.10451,
10.41335,
34.68907,
46.49751,
140.9748,
494.1837,
29.91321,
419.3671,
180.8194,
99.49888,
43.64424,
11.46391,
243.3839,
108.9367,
0,
3076.388,
2071, 
17.56312,
117.6192,
48.84231,
33.56075,
64.87024,
75.19284,
95.52686,
330.8461,
174.7623,
20.78914,
153.1329,
32.69352,
59.38,
10.40166,
34.78692,
46.4613,
140.8648,
494.2042,
29.8446,
410.2425,
180.9247,
99.707,
43.71218,
11.51798,
245.598,
110.9914,
0,
3084.037,
2072, 
17.6715,
118.2278,
48.92368,
33.68133,
64.7795,
75.34441,
95.80524,
337.5368,
177.7522,
20.83317,
153.7336,
32.56264,
59.64906,
10.38749,
34.88497,
46.42231,
140.7888,
494.1337,
29.77635,
401.6847,
181.0348,
99.88509,
43.76699,
11.56981,
247.7228,
112.9731,
0,
3091.532,
2073, 
17.77581,
118.808,
49.00014,
33.79063,
64.67377,
75.47831,
96.0852,
344.0552,
180.6333,
20.86926,
154.2975,
32.43109,
59.91244,
10.37099,
34.98315,
46.38068,
140.744,
493.9785,
29.70846,
393.6419,
181.149,
100.0355,
43.80987,
11.61954,
249.7662,
114.8891,
0,
3098.887,
2074, 
17.87638,
119.3622,
49.07207,
33.88952,
64.55423,
75.59586,
96.36661,
350.4185,
183.4161,
20.89804,
154.8277,
32.2989,
60.17074,
10.35236,
35.0814,
46.33654,
140.7276,
493.7448,
29.6409,
386.0663,
181.267,
100.1604,
43.84193,
11.66736,
251.7352,
116.746,
0,
3106.115,
2075, 
17.97355,
119.8923,
49.13975,
33.97883,
64.42193,
75.69831,
96.64935,
356.6419,
186.1099,
20.92011,
155.3269,
32.1661,
60.42447,
10.33173,
35.17966,
46.29003,
140.7373,
493.4377,
29.57361,
378.9138,
181.3882,
100.2618,
43.86415,
11.71347,
253.636,
118.5495,
0,
3113.22,
2076, 
18.05997,
120.3375,
49.17932,
34.04165,
64.24439,
75.74181,
96.89112,
362.9465,
188.7667,
20.92491,
155.7924,
32.04064,
60.66586,
10.31143,
35.26354,
46.24225,
140.6677,
492.6978,
29.51623,
372.1835,
181.4399,
100.2819,
43.89462,
11.75134,
255.3168,
120.324,
0,
3119.524,
2077, 
18.1431,
120.7623,
49.21507,
34.09594,
64.0558,
75.772,
97.13289,
369.0798,
191.3207,
20.92376,
156.2302,
31.91452,
60.89993,
10.28944,
35.34701,
46.19228,
140.6196,
491.8935,
29.45018,
365.7997,
181.4899,
100.2818,
43.91516,
11.78788,
256.9291,
122.0352,
0,
3125.577,
2078, 
18.22323,
121.1683,
49.24726,
34.14242,
63.85698,
75.78991,
97.37455,
375.0591,
193.7821,
20.91712,
156.6426,
31.78778,
61.12745,
10.26588,
35.43003,
46.14026,
140.5909,
491.0293,
29.35483,
359.7287,
181.5383,
100.2631,
43.9267,
11.82325,
258.4789,
123.6894,
0,
3131.378,
2079, 
18.30061,
121.5572,
49.27613,
34.18169,
63.64874,
75.79643,
97.61608,
380.8997,
196.1595,
20.90546,
157.0318,
31.66045,
61.34899,
10.24085,
35.5126,
46.08627,
140.5798,
490.1092,
29.23076,
353.9398,
181.5849,
100.2274,
43.93007,
11.85764,
259.9713,
125.2922,
0,
3136.946,
2080, 
18.3755,
121.9304,
49.3019,
34.21432,
63.4318,
75.79244,
97.85738,
386.6149,
198.4607,
20.88917,
157.3999,
31.53257,
61.56511,
10.21447,
35.59466,
46.03042,
140.5846,
489.1368,
29.07854,
348.4053,
181.6298,
100.1759,
43.92601,
11.89124,
261.4112,
126.8484,
0,
3142.294,
2081, 
18.43726,
122.2121,
49.30495,
34.22492,
63.19118,
75.74165,
98.05466,
392.2768,
200.6868,
20.86349,
157.7138,
31.41608,
61.76304,
10.18932,
35.66387,
45.97661,
140.5282,
487.8562,
28.9173,
343.1571,
181.5956,
100.0601,
43.93351,
11.9158,
262.6513,
128.3277,
0,
3146.659,
2082, 
18.49658,
122.4804,
49.30523,
34.22965,
62.94308,
75.6816,
98.25078,
397.7876,
202.8276,
20.83372,
158.0084,
31.29898,
61.95352,
10.16299,
35.73222,
45.92101,
140.4845,
486.5303,
28.74873,
338.1151,
181.556,
99.93086,
43.93341,
11.93972,
263.8395,
129.7528,
0,
3150.744,
2083, 
18.55367,
122.7366,
49.30292,
34.22895,
62.68803,
75.61301,
98.44574,
403.162,
204.8913,
20.80021,
158.2855,
31.18132,
62.13728,
10.13556,
35.79971,
45.8637,
140.4522,
485.162,
28.61523,
333.2585,
181.5114,
99.78923,
43.92643,
11.96305,
264.9802,
131.1289,
0,
3154.613,
2084, 
18.60875,
122.9818,
49.29819,
34.22326,
62.42657,
75.53648,
98.63953,
408.4135,
206.8846,
20.76325,
158.5466,
31.06314,
62.31491,
10.1071,
35.86637,
45.80476,
140.4301,
483.7539,
28.5686,
328.5684,
181.462,
99.63627,
43.91318,
11.98583,
266.0771,
132.4608,
0,
3158.335,
2085, 
18.66198,
123.2169,
49.29119,
34.21297,
62.15915,
75.45261,
98.83215,
413.5534,
208.814,
20.72311,
158.7932,
30.94446,
62.48696,
10.07768,
35.93219,
45.74427,
140.4171,
482.3084,
28.63587,
324.0277,
181.4078,
99.4728,
43.89424,
12.0081,
267.1338,
133.7524,
0,
3161.954,
2086, 
18.70174,
123.3723,
49.26513,
34.18549,
61.8808,
75.33272,
98.98414,
418.5269,
210.6518,
20.67546,
158.9745,
30.8382,
62.63876,
10.04992,
35.98648,
45.68519,
140.3571,
480.6743,
28.84739,
319.8037,
181.2879,
99.25156,
43.87943,
12.02138,
268.0346,
134.949,
0,
3164.856,
2087, 
18.73966,
123.5191,
49.23704,
34.15391,
61.59734,
75.20635,
99.13429,
423.3676,
212.4194,
20.62498,
159.1425,
30.73141,
62.78347,
10.02131,
36.03965,
45.62455,
140.304,
479.0079,
28.84758,
315.6994,
181.1609,
99.02137,
43.85868,
12.03422,
268.8957,
136.0997,
0,
3167.272,
2088, 
18.77593,
123.6582,
49.20705,
34.11852,
61.30912,
75.07396,
99.28267,
428.0882,
214.1232,
20.57191,
159.2982,
30.62411,
62.92176,
9.991892,
36.09172,
45.56242,
140.257,
477.3113,
28.77888,
311.7023,
181.0271,
98.78291,
43.83257,
12.04665,
269.7203,
137.2089,
0,
3169.367,
2089, 
18.81068,
123.7903,
49.17529,
34.07962,
61.01647,
74.93594,
99.4293,
432.6999,
215.7687,
20.51644,
159.4427,
30.51633,
63.05415,
9.961725,
36.14273,
45.49886,
140.2156,
475.5861,
28.70839,
307.8015,
180.8869,
98.5368,
43.80154,
12.05872,
270.5113,
138.2803,
0,
3171.226,
2090, 
18.84404,
123.9158,
49.14187,
34.03748,
60.7197,
74.79272,
99.57421,
437.2127,
217.3607,
20.45876,
159.577,
30.40811,
63.18115,
9.930855,
36.19271,
45.43394,
140.1789,
473.834,
28.63625,
303.9868,
180.7406,
98.28368,
43.76605,
12.07044,
271.2711,
139.3172,
0,
3172.867,
2091, 
18.8656,
123.9855,
49.09539,
33.98333,
60.42449,
74.6235,
99.66212,
441.4511,
218.8374,
20.39421,
159.6457,
30.31023,
63.28504,
9.900423,
36.23203,
45.36446,
140.0924,
471.9551,
28.55876,
300.4775,
180.5395,
97.98039,
43.72446,
12.07482,
271.8944,
140.2676,
0,
3173.625,
2092, 
18.88577,
124.0497,
49.04744,
33.92626,
60.12573,
74.44965,
99.74783,
445.5733,
220.2561,
20.32769,
159.7048,
30.21186,
63.38243,
9.869349,
36.27013,
45.29359,
140.0092,
470.0527,
28.47914,
297.0368,
180.3306,
97.6711,
43.67815,
12.0789,
272.4871,
141.18,
0,
3174.125,
2093, 
18.90466,
124.109,
48.99809,
33.86647,
59.82367,
74.27148,
99.83144,
449.5901,
221.6217,
20.25934,
159.7552,
30.11304,
63.47388,
9.837669,
36.30704,
45.22141,
139.929,
468.1283,
28.39756,
293.6575,
180.1142,
97.35617,
43.62756,
12.08271,
273.0515,
142.058,
0,
3174.387,
2094, 
18.9224,
124.1638,
48.94745,
33.80416,
59.51852,
74.08926,
99.91302,
453.5108,
222.9386,
20.1893,
159.7976,
30.0138,
63.55988,
9.805421,
36.34282,
45.14796,
139.8512,
466.1828,
28.31416,
290.3328,
179.8909,
97.03606,
43.57303,
12.08626,
273.5895,
142.9045,
0,
3174.426,
2095, 
18.93908,
124.2144,
48.89555,
33.7395,
59.21046,
73.90324,
99.99266,
457.3439,
224.2108,
20.11769,
159.8327,
29.91416,
63.64088,
9.772635,
36.37751,
45.07329,
139.7755,
464.2175,
28.22907,
287.0571,
179.661,
96.71111,
43.51492,
12.08958,
274.1032,
143.7223,
0,
3174.26,
2096, 
18.94618,
124.2206,
48.82748,
33.6686,
58.91139,
73.70179,
100.0089,
460.8385,
225.3594,
20.04029,
159.7993,
29.81861,
63.69687,
9.737659,
36.39635,
44.98189,
139.6399,
462.1919,
28.14439,
283.9504,
179.3869,
96.34864,
43.4432,
12.08737,
274.5114,
144.4532,
0,
3173.111,
2097, 
18.95221,
124.2233,
48.75831,
33.59557,
58.60982,
73.49696,
100.0228,
464.2322,
226.4598,
19.96149,
159.7589,
29.72264,
63.74705,
9.702186,
36.41398,
44.88929,
139.5055,
460.1488,
28.05769,
280.8828,
179.1049,
95.98203,
43.36768,
12.08495,
274.8957,
145.1533,
0,
3171.73,
2098, 
18.95725,
124.2228,
48.6881,
33.52057,
58.30592,
73.28897,
100.0347,
467.5343,
227.5158,
19.88138,
159.7122,
29.62627,
63.79192,
9.666245,
36.43044,
44.79553,
139.372,
458.0892,
27.96914,
277.8501,
178.8158,
95.61154,
43.28868,
12.08235,
275.2575,
145.8252,
0,
3170.134,
2099, 
18.9614,
124.2194,
48.6169,
33.4437,
57.99979,
73.07799,
100.0444,
470.7525,
228.5311,
19.80005,
159.6596,
29.52952,
63.83189,
9.629856,
36.44577,
44.70067,
139.2392,
456.0137,
27.87887,
274.8484,
178.5197,
95.23746,
43.20652,
12.07957,
275.5986,
146.4713,
0,
3168.338,
2100, 
18.96471,
124.2134,
48.54476,
33.36511,
57.69159,
72.8642,
100.0522,
473.8938,
229.5088,
19.71759,
159.6017,
29.43242,
63.86735,
9.593047,
36.46003,
44.60474,
139.107,
453.9231,
27.78699,
271.8744,
178.2171,
94.86001,
43.12141,
12.07662,
275.9203,
147.0936,
0,
3166.356];
