real main.em.ep.isp.StorCapTot[28](t) = [1971, 
566.5516,
2974.242,
36.59344,
18.78446,
56.49295,
70.06173,
51.09151,
35.70309,
10.61529,
190.2325,
3522.189,
690.718,
37.31318,
556.4208,
110.5313,
1607.783,
123.688,
165.1254,
43.73093,
189.4541,
28.22084,
2.399819,
681.6126,
110.3267,
12.23423,
22.08051,
0,
11914.2,
1972, 
646.2068,
2975.325,
41.50105,
20.93361,
61.75048,
74.46001,
51.76905,
38.57457,
11.42901,
206.3607,
3676.651,
753.3674,
43.05058,
588.0674,
113.3681,
1694.608,
139.7687,
172.2903,
47.06474,
207.8923,
32.03064,
2.773161,
728.3337,
108.9237,
12.26643,
31.6033,
0,
12480.37,
1973, 
716.0466,
3248.41,
45.12885,
23.28887,
71.53477,
83.28148,
53.04696,
42.95211,
11.59635,
219.3552,
3942.77,
784.907,
43.52681,
621.6184,
121.3834,
1793.588,
167.1922,
178.2011,
53.26466,
227.2951,
37.82144,
3.405518,
788.479,
124.1211,
14.25235,
40.17353,
0,
13456.64,
1974, 
740.7369,
3273.476,
57.15581,
24.33209,
79.68801,
91.06651,
56.72418,
43.06424,
11.21579,
234.7155,
4037.459,
833.1469,
49.24638,
657.4884,
130.2095,
1903.219,
187.3379,
186.7265,
58.56365,
235.1268,
40.24564,
4.518811,
778.5542,
133.2379,
16.03489,
50.63238,
0,
13913.92,
1975, 
721.2789,
3369.763,
60.57953,
24.18564,
85.83691,
95.39542,
64.47839,
48.29573,
11.6781,
252.28,
4023.85,
871.0329,
59.03473,
595.6721,
115.8249,
1764.688,
217.4633,
206.9453,
65.50536,
278.35,
41.93681,
5.131409,
796.1603,
138.231,
17.99837,
53.29406,
0,
13984.89,
1976, 
771.6292,
3598.95,
64.31382,
27.34083,
98.93375,
102.9142,
73.92207,
50.22042,
13.53636,
264.12,
4326.715,
925.7356,
67.06864,
622.4441,
122.6964,
1878.464,
256.2046,
232.1586,
71.59804,
308.7295,
47.25506,
4.763587,
851.8198,
144.1164,
18.93958,
57.16565,
0,
15001.75,
1977, 
827.6048,
3719.497,
69.53985,
29.62437,
109.1107,
112.6787,
84.5472,
54.93723,
14.22311,
264.1704,
4423.47,
965.7786,
75.03923,
640.5471,
126.8969,
1944.615,
324.4036,
246.8405,
78.35242,
337.0688,
52.46521,
5.95475,
887.6619,
151.6248,
20.39258,
62.17325,
0,
15629.22,
1978, 
887.8226,
3821.181,
76.84139,
31.27707,
120.818,
118.2031,
95.16819,
53.08585,
14.94976,
275.6216,
4588.078,
1016.439,
79.9075,
661.4202,
131.2872,
2035.778,
366.1609,
271.1459,
86.89742,
384.1998,
54.30918,
8.341496,
928.8909,
156.2173,
22.9126,
60.36863,
0,
16347.32,
1979, 
930.5837,
3897.239,
82.38017,
32.64742,
135.3544,
131.7854,
106.4107,
61.24866,
15.3327,
289.3306,
4782.964,
1024.308,
81.57783,
677.9902,
180.5236,
2084.63,
423.5064,
275.055,
94.17832,
419.895,
59.07899,
10.05368,
978.6647,
163.4653,
25.65978,
65.03255,
0,
17028.9,
1980, 
956.9705,
3946.067,
86.42494,
32.93709,
155.3525,
141.0095,
118.9684,
68.54224,
15.51185,
313.1867,
4815.501,
1071.879,
84.04602,
709.9712,
197.6389,
2245.674,
469.0142,
287.1129,
98.33781,
410.6412,
63.22007,
12.6536,
966.4481,
171.3388,
26.91667,
59.91535,
0,
17525.28,
1981, 
1006.165,
3977.724,
94.37409,
34.07277,
149.4538,
146.5863,
135.104,
67.05523,
16.40031,
357.5547,
4864.923,
1079.755,
88.10221,
727.1834,
202.5044,
2371.116,
556.1702,
314.9553,
106.1865,
414.6992,
67.22141,
12.48682,
976.3061,
182.4508,
28.79956,
56.82001,
0,
18034.17,
1982, 
987.8765,
3879.774,
98.617,
35.2829,
156.7125,
148.7269,
147.9557,
74.63888,
17.75339,
375.9043,
4857.617,
1095.41,
96.068,
741.8356,
209.7063,
2461.393,
659.3624,
336.1766,
111.9568,
442.2255,
72.06509,
15.20171,
966.7123,
185.5412,
30.89977,
56.75296,
0,
18262.17,
1983, 
1032.313,
3967.786,
97.85334,
37.51171,
162.1886,
155.8756,
163.2668,
69.4345,
18.89748,
382.6703,
4973.012,
1145.789,
100.4163,
762.8633,
216.3593,
2589.904,
675.0386,
359.6469,
121.9812,
477.8959,
78.79086,
17.83477,
1020.775,
190.207,
34.3522,
55.55246,
0,
18908.22,
1984, 
1112.937,
4148.68,
106.0188,
38.59263,
181.4627,
160.461,
180.22,
64.50052,
18.92486,
423.2476,
5155.272,
1198.988,
113.4875,
792.8245,
225.6621,
2754.897,
727.5254,
397.6707,
131.3844,
501.698,
84.95988,
20.98048,
1074.521,
203.2512,
38.75315,
54.76211,
0,
19911.68,
1985, 
1180.38,
4230.037,
92.49158,
38.04673,
196.5014,
163.4449,
193.5835,
78.17641,
20.27892,
437.8108,
5346.953,
1203.015,
123.9705,
812.9531,
233.2524,
2858.612,
780.3899,
435.9345,
141.4574,
536.4265,
89.71655,
21.78787,
1116.508,
218.1733,
41.8441,
56.81584,
0,
20648.56,
1986, 
1207.813,
4229.518,
103.6125,
40.66662,
207.7808,
185.0835,
191.2275,
81.85087,
21.52302,
449.8777,
5433.235,
1259.055,
142.1421,
831.6603,
237.0043,
2987.03,
850.5453,
476.1484,
152.6593,
588.5262,
92.82371,
30.70134,
1132.483,
225.4152,
46.27436,
58.09723,
0,
21262.76,
1987, 
1287.623,
4307.051,
111.3837,
43.02757,
210.5469,
199.1115,
204.5884,
85.31211,
23.23101,
460.6619,
5612.605,
1284.988,
159.1042,
863.2499,
238.6665,
3106.901,
869.8859,
517.3082,
169.5675,
650.3064,
100.105,
35.58293,
1207.819,
237.7349,
51.20742,
56.63528,
0,
22094.21,
1988, 
1317.798,
4484.585,
113.5261,
43.28681,
218.5264,
225.1181,
223.0481,
89.5977,
24.72484,
478.0926,
5859.237,
1278.843,
167.0103,
890.5942,
242.927,
3183.245,
1000.79,
569.9761,
191.7331,
711.4371,
109.9127,
37.58426,
1276.658,
248.4914,
58.77045,
62.61319,
0,
23108.13,
1989, 
1289.948,
4891.889,
120.301,
46.22469,
232.4993,
215.0817,
233.4684,
93.52523,
26.15312,
488.7791,
6047.041,
1295.534,
180.171,
906.2196,
244.232,
3416.994,
1020.844,
622.7427,
209.0352,
764.9399,
120.5464,
41.57859,
1357.823,
266.7866,
61.29193,
60.04433,
0,
24253.69,
1990, 
1248.779,
4995.013,
124.1782,
46.64646,
222.7453,
232.0205,
241.7009,
95.23463,
30.09122,
496.7573,
6181.774,
1224.489,
199.0619,
975.4499,
302.9716,
3331.973,
1092.569,
669.6919,
224.4324,
813.0227,
132.6228,
49.40136,
1481.831,
273.6827,
66.69481,
66.79697,
0,
24819.63,
1991, 
1322.161,
5037.777,
128.2777,
45.39423,
236.8519,
218.3696,
254.9297,
97.33855,
32.04682,
497.4575,
6320.371,
1168.042,
202.7569,
899.2223,
259.5056,
3106.486,
1209.781,
729.2906,
236.5089,
971.8835,
143.0403,
55.9022,
1530.546,
281.3867,
71.52883,
73.59605,
0,
25130.45,
1992, 
1353.039,
5124.862,
131.5307,
47.91128,
243.2132,
225.828,
269.5048,
101.0303,
33.27763,
509.8752,
6363.885,
1085.724,
228.5043,
766.1584,
240.8473,
2686.771,
1286.644,
762.0225,
251.3723,
1073.014,
154.8903,
61.08336,
1548.467,
286.9294,
78.56659,
63.65837,
0,
24978.61,
1993, 
1400.01,
5248.243,
132.9789,
48.91608,
252.9958,
238.4973,
291.5942,
101.4027,
34.51823,
530.809,
6374.86,
1084.628,
251.0916,
695.1736,
202.8727,
2712.538,
1325.594,
804.2687,
278.3861,
1107.727,
170.7037,
68.28239,
1565.738,
296.0274,
81.98215,
65.0818,
0,
25364.92,
1994, 
1477.075,
5383.487,
143.0417,
52.48103,
260.1825,
253.1406,
311.4728,
101.3972,
35.24383,
548.6121,
6510.536,
1149.671,
264.1371,
633.6521,
199.391,
2393.345,
1409.661,
863.0344,
312.2451,
1202.153,
192.6083,
75.9335,
1637.837,
305.2039,
86.18166,
63.10449,
0,
25864.83,
1995, 
1492.358,
5533.3,
145.9409,
55.38452,
273.2186,
265.1356,
329.47,
107.2203,
38.49931,
555.501,
6679.88,
1147.565,
295.3118,
664.9872,
197.7865,
2387.456,
1480.046,
936.0218,
348.1944,
1308.391,
213.4603,
88.07734,
1664.714,
313.7808,
91.62786,
64.49086,
0,
26677.82,
1996, 
1536.592,
5667.442,
138.9019,
58.28428,
286.8675,
277.5598,
372.3525,
111.6934,
40.28925,
579.891,
6785.18,
1265.725,
320.9897,
667.1903,
191.0033,
2357.392,
1541.957,
987.7782,
385.8129,
1374.571,
232.4085,
102.2018,
1712.868,
320.4303,
96.04259,
58.23965,
0,
27469.66,
1997, 
1559.342,
5802.419,
149.5488,
63.06667,
301.8254,
299.7118,
400.9549,
112.1591,
43.4182,
601.1144,
6917.22,
1289.187,
349.7266,
661.052,
187.3509,
2320.672,
1667.711,
1042.44,
421.7536,
1457.868,
248.7838,
107.9071,
1751.484,
330.9117,
99.70744,
61.11293,
0,
28248.45,
1998, 
1540.502,
5942.696,
161.3505,
67.64514,
311.2066,
315.7188,
428.127,
109.5414,
44.63995,
593.0491,
7067.234,
1305.909,
372.6165,
635.3345,
180.1686,
2349.472,
1881.152,
1116.258,
413.5285,
1527.62,
245.2139,
111.2398,
1754.626,
350.3318,
103.3465,
79.8821,
0,
29008.41,
1999, 
1572.173,
6056.589,
170.9669,
72.95132,
323.2833,
316.1863,
453.7305,
115.0014,
45.93114,
591.5022,
7145.397,
1276.793,
385.2694,
656.6166,
176.9925,
2412.122,
1803.323,
1199.138,
460.1582,
1591.115,
262.1657,
129.9349,
1780.156,
369.1242,
103.2132,
86.45403,
0,
29556.29,
2000, 
1619.371,
6343.597,
182.238,
74.65185,
335.1501,
332.596,
483.0026,
118.5999,
47.61525,
619.6019,
7169.125,
1355.866,
416.2551,
649.2684,
180.2906,
2528.973,
1817.156,
1267.17,
544.5009,
1796.149,
284.5642,
139.9361,
1853.202,
380.3521,
112.5751,
94.09611,
0,
30745.9,
2001, 
1579.686,
6030.684,
187.8649,
76.65723,
328.215,
330.6564,
511.2394,
126.1116,
49.83152,
599.1965,
7150.127,
1476.123,
415.5152,
690.749,
173.3058,
2642.828,
1899.68,
1315.587,
581.4238,
1977.392,
302.2624,
148.0007,
1834.227,
404.3329,
126.3338,
106.0062,
0,
31064.04,
2002, 
1601.414,
6216.287,
190.7911,
79.93092,
348.0688,
326.6088,
535.3992,
133.979,
49.97229,
648.6197,
6981.912,
1408.625,
441.9274,
687.0126,
176.5678,
2552.301,
1972.567,
1355.938,
621.3356,
2139.706,
320.4366,
156.6994,
1869.327,
404.9082,
133.2686,
112.9467,
0,
31466.55,
2003, 
1559.413,
6274.109,
234.026,
81.7334,
362.0905,
343.1985,
562.7013,
132.2837,
52.96256,
678.9746,
6911.884,
1413.669,
479.673,
712.0406,
187.67,
2601.24,
2073.95,
1448.077,
648.2059,
2451.419,
346.4096,
163.6691,
1866.891,
387.6955,
141.5318,
108.1215,
0,
32223.64,
2004, 
1582.392,
6472.959,
233.6507,
82.24097,
387.2312,
365.9219,
595.9069,
146.1196,
57.43195,
701.6575,
6834.979,
1496.719,
513.3198,
744.4063,
194.4832,
2682.973,
2209.006,
1541.414,
683.4837,
2810.098,
369.96,
174.7612,
1920.487,
398.1707,
152.954,
116.0364,
0,
33468.76,
2005, 
1540.254,
6485.256,
245.5911,
86.54621,
398.4741,
380.4039,
609.2896,
155.0974,
61.99104,
710.5886,
6734.505,
1467.041,
545.8169,
723.832,
199.3999,
3028.787,
2217.364,
1638.729,
727.5107,
3177.05,
398.874,
186.6515,
1964.978,
398.9406,
164.6812,
124.8451,
0,
34372.5,
2006, 
1485.824,
6463.255,
252.4695,
91.60593,
416.5018,
402.475,
645.9954,
164.3182,
65.97582,
744.4407,
6584.014,
1490.258,
587.1019,
757.2537,
203.9367,
3050.431,
2345.201,
1774.32,
750.1337,
3644.884,
421.5739,
189.8273,
1990.177,
401.1112,
174.2884,
127.9489,
0,
35225.32,
2007, 
1574.616,
6502.178,
262.4508,
94.18407,
441.52,
412.2103,
715.0488,
173.6386,
71.87503,
762.7217,
6348.053,
1480.343,
635.1453,
768.7043,
212.2329,
3075.485,
2529.004,
1906.602,
792.1226,
4191.765,
446.921,
193.5132,
2050.21,
418.7279,
180.2431,
131.2265,
0,
36370.74,
2008, 
1563.847,
6385.138,
266.4978,
92.63629,
459.9346,
439.2575,
747.5795,
177.139,
71.79163,
759.7952,
6246.655,
1478.023,
642.6403,
730.3932,
194.8527,
3136.446,
2638.016,
1834.645,
845.5488,
4635.339,
458.1946,
197.8486,
1980.883,
418.6227,
187.713,
133.3994,
0,
36722.84,
2009, 
1493.507,
6045.729,
264.5743,
92.50562,
464.9368,
444.5183,
852.4198,
184.4752,
78.41569,
741.169,
5755.703,
1419.378,
626.1527,
631.4039,
186.8037,
2963.475,
2909.691,
1969.727,
883.3447,
5351.196,
481.4873,
202.2219,
1975.546,
402.4916,
195.6768,
144.8649,
0,
36761.41,
2010, 
1482.595,
6199.576,
280.7761,
96.68851,
516.3411,
439.8499,
923.8004,
198.6546,
89.26057,
772.5456,
6010.912,
1453.528,
676.9594,
650.3873,
206.2388,
2981.445,
3046.44,
2124.55,
953.2413,
6455.383,
526.2256,
218.1537,
2075.062,
424.4404,
202.2079,
152.9244,
0,
39158.19,
2011, 
1544.363,
5996.276,
311.4397,
101.2213,
535.1364,
454.9203,
954.5955,
205.2337,
104.188,
780.5622,
6066.198,
1455.177,
737.3112,
662.8313,
199.7171,
3052.208,
3174.1,
2358.899,
993.0229,
7877.498,
554.1746,
231.947,
2103.023,
424.2156,
215.4379,
156.1418,
0,
41249.84,
2012, 
1502.147,
5973.394,
330.3344,
105.028,
564.4701,
486.0955,
1016.288,
211.0604,
116.2936,
776.6177,
6259.251,
1384.009,
798.7842,
665.5272,
212.773,
3055.624,
3386.409,
2485.52,
1034.503,
9031.24,
614.5802,
242.9424,
2214.595,
443.5856,
232.0877,
160.2246,
0,
43303.39,
2013, 
1408.746,
6041.519,
316.286,
110.4146,
588.6143,
522.5871,
1077.433,
236.5543,
127.3413,
803.645,
6010.586,
1363.865,
814.5602,
645.0832,
255.0501,
3067.283,
3584.289,
2664.293,
1081.616,
10685.49,
678.5159,
267.5931,
2609.89,
474.471,
262.2623,
168.5284,
0,
45866.52,
2014, 
1362.694,
6148.148,
333.9976,
114.8071,
626.2806,
526.9496,
1145.916,
250.8742,
144.9361,
892.4609,
6045.189,
1330.751,
861.5952,
605.9148,
232.986,
3092.466,
3884.437,
2988.185,
1142.211,
12523.87,
783.8353,
287.6125,
3149.943,
484.7786,
285.3234,
191.1462,
0,
49437.3,
2015, 
1279.184,
6376.934,
347.852,
125.4863,
630.1284,
565.913,
1282.787,
275.2184,
164.0756,
936.0465,
5637.362,
1289.8,
920.226,
554.8727,
242.1334,
3106.93,
4340.291,
3270.251,
1232.561,
14742.56,
875.3706,
306.3032,
3791.954,
522.9244,
305.7777,
200.8964,
0,
53323.84,
2016, 
1258.161,
6639.32,
368.6198,
128.8392,
664.0096,
573.9951,
1402.814,
284.4393,
174.5055,
1038.101,
5875.879,
1309.828,
1040.72,
551.9207,
286.9784,
3104.734,
4783.369,
3666.218,
1325.763,
16880.77,
1043.135,
331.3427,
4330.462,
566.3863,
355.7079,
195.2982,
0,
58181.32,
2017, 
1298.877,
7101.209,
374.7435,
128.4193,
711.8246,
575.1705,
1447.376,
301.2892,
185.4518,
1135.171,
6032.056,
1312.532,
1313.279,
563.9564,
363.3426,
3161.751,
4878.367,
4126.06,
1452.535,
20089.25,
1137.122,
353.2388,
4839.669,
626.2343,
402.7116,
211.3775,
0,
64123.02,
2018, 
1261.573,
7560.155,
401.4854,
135.9026,
743.4474,
585.0967,
1626.41,
331.2473,
220.882,
1269.287,
6404.278,
1487.168,
1829.494,
607.3607,
377.1033,
3134.871,
4867.294,
4725.175,
1611.542,
23557.11,
1240.901,
412.2547,
5312.709,
763.2847,
439.087,
235.1329,
0,
71140.25,
2019, 
1303.592,
7871.862,
399.7967,
141.258,
795.7152,
555.3061,
1768.198,
359.2244,
252.3357,
1303.791,
7156.414,
1408.17,
1957.776,
671.5181,
412.0508,
3158.954,
5511.798,
5124.894,
1832.968,
26591.01,
1586.471,
451.0821,
5747.208,
926.4878,
468.4485,
264.0727,
0,
78020.4,
2020, 
1277.812,
8155.452,
413.9816,
132.9053,
771.1122,
549.8657,
1825.863,
383.2552,
264.8391,
1351.941,
7769.779,
1493.228,
2113.978,
698.7831,
373.8802,
3036.7,
5928.533,
5241.497,
2069.441,
30866.27,
1932.261,
453.8032,
6223.584,
1112.845,
493.9315,
267.8441,
0,
85203.39,
2021, 
1302.305,
9257.214,
440.0984,
145.5256,
852.901,
617.6154,
1934.023,
412.4965,
294.7884,
1426.842,
8102.274,
1677.301,
2374.832,
720.0466,
466.1427,
3165.586,
6338.25,
5798.327,
2418.765,
36264.18,
2577.545,
489.3838,
6736.482,
1362.353,
560.7146,
292.6383,
0,
96028.63,
2022, 
1277.353,
10191.35,
473.7814,
155.2263,
900.6262,
617.5842,
1970.777,
492.8481,
333.1595,
1430.33,
8876.588,
1821.472,
2629.268,
601.3248,
506.1923,
3138.286,
7294.422,
6728.829,
2591.365,
40276.78,
2731.336,
535.0435,
7058.721,
1586.791,
641.9923,
365.4489,
0,
105226.9,
2023, 
1212.748,
11598.58,
493.9765,
161.8682,
967.1141,
634.1491,
2119.425,
577.7283,
356.1416,
1444.202,
9788.087,
2013.403,
2867.744,
622.8401,
571.7153,
3174.106,
8108.388,
7423.996,
2800.237,
48783.36,
2913.22,
588.941,
7301.25,
1816.057,
671.1113,
389.8841,
0,
119400.3,
2024, 
1151.079,
13583.83,
507.6841,
169.1167,
1005.485,
660.7726,
2293.596,
642.6248,
384.4715,
1504.149,
10663.67,
2285.365,
3846.057,
566.0095,
632.0424,
3147.917,
8663.636,
8609.159,
3016.659,
57161.2,
3082.745,
634.6122,
7447.788,
2136.793,
728.6669,
422.4139,
0,
134947.5,
2025, 
1193.064,
15842.85,
540.9976,
217.9066,
1148.598,
703.8553,
2439.803,
723.3477,
512.6376,
1803.701,
11589.26,
2482.153,
4156.801,
592.675,
677.7375,
3128.616,
14357.34,
10900.16,
3200.181,
62052.98,
3380.212,
1073.889,
8382.721,
2543.161,
881.7965,
465.8789,
0,
154992.3,
2026, 
1268.654,
17366.47,
572.8401,
228.074,
1156.29,
732.4618,
2403.498,
822.3553,
630.6889,
1776.234,
12317.78,
2625.703,
4132.162,
638.9247,
813.1398,
3105.754,
19016.79,
13260.73,
3516.313,
68871.92,
3660.654,
1289.218,
9723.528,
2871.649,
1072.04,
481.0582,
0,
174354.9,
2027, 
1338.838,
18838.85,
617.1439,
260.7154,
1167.375,
772.3724,
2384.68,
1047.683,
767.2007,
1696.766,
13148.49,
2812.378,
4246.601,
705.9391,
1210.771,
3081.385,
21196.19,
15490.03,
3522.438,
79702.39,
4117.938,
1848.442,
10611.19,
3293.574,
1318.031,
491.4045,
0,
195688.8,
2028, 
1435.114,
20023.89,
775.4908,
304.6826,
1179.093,
876.6415,
2344.31,
1378.401,
907.4781,
1632.745,
14190.63,
2909.541,
4434.513,
772.8914,
1471.502,
3047.765,
22208.79,
18512.1,
3348.666,
88663.69,
5037.149,
2687.972,
10824.66,
3735.482,
1744.699,
506.6661,
0,
214954.6,
2029, 
1560.628,
21245.67,
933.7522,
349.9916,
1201.302,
1033.536,
2309.416,
1770.872,
1030.488,
1591.492,
15120.86,
3464.441,
4741.078,
818.4903,
1797.875,
3021.751,
23288.48,
21926.81,
3320.818,
98170.61,
6157.94,
3626.6,
14469.28,
4326.241,
2202.864,
515.1865,
0,
239996.5,
2030, 
1699.979,
22634.33,
1050.52,
411.4691,
1215.457,
1193.096,
2226.437,
2163.352,
1095.683,
2144.139,
16265.47,
3896.058,
4995.317,
882.2574,
2119.284,
3005.698,
24063.54,
25491.85,
3296.744,
106804.6,
7287.918,
4457.565,
13034.98,
4978.541,
2630.434,
502.3185,
0,
259547,
2031, 
1850.453,
23272.78,
1181.158,
482.6614,
1237.928,
1376.385,
2250.2,
2362.266,
1100.516,
2052.315,
18591.07,
4632.732,
5218.656,
944.0698,
2428.812,
2969.02,
22956.77,
29102.72,
3317.576,
116226.7,
8392.464,
5289.426,
13349.1,
5551.874,
3067.289,
480.4929,
0,
279685.4,
2032, 
2053.959,
24283.6,
1313.668,
586.0015,
1289.485,
1612.672,
2359.161,
2462.651,
1053.887,
1945.582,
38468.44,
8996.332,
5438.34,
1006.987,
2641.177,
2948.135,
21913.38,
33344.48,
3378.428,
127169.2,
9590.58,
5801.237,
13914.66,
6196.716,
3505.747,
446.4666,
0,
323721,
2033, 
2274.411,
25200.97,
1397.549,
774.8972,
1369.46,
2033.776,
2655.663,
2504.805,
960.6571,
1826.296,
54170.13,
18857.43,
5574.998,
1053.529,
2966.134,
2891.205,
20773.1,
39225.06,
3597.28,
137811.5,
10629.45,
6478.604,
14540.78,
6886.413,
3942.151,
392.1332,
0,
370788.4,
2034, 
2588.48,
26355.91,
1459.6,
995.6131,
1459.501,
3003.397,
3082.967,
2515.271,
849.8578,
1694.848,
75819,
34376.05,
5660.793,
1111.581,
3302.947,
2867.572,
19835.87,
45599.56,
4046.595,
149757.8,
11750.11,
7167.326,
15343.62,
7618.264,
4427.204,
335.8821,
0,
433025.6,
2035, 
2894.215,
28012.26,
1507.23,
1211.892,
1575.796,
4398.646,
3434.495,
2495.394,
713.5414,
1551.14,
99759.74,
60616.64,
5708.175,
1166.935,
3797.924,
2847.061,
18973.36,
52748.61,
4582.007,
165250.5,
13062.82,
8088.96,
15953.29,
8396.111,
5301.705,
268.2136,
0,
514316.7,
2036, 
3130.054,
33102.88,
1535.51,
1449.044,
1752.922,
6452.26,
4093.949,
2854.52,
717.6244,
1599.368,
117392.5,
69368.27,
6251.284,
1215.789,
4383.693,
2834.603,
20353.74,
59803.27,
5986.319,
180486.1,
14443.78,
9123.94,
16497.79,
9252.492,
6349.369,
303.9796,
0,
580735.1,
2037, 
3417.474,
42136.11,
1574.754,
1745.214,
1980.92,
8890.711,
4745.046,
3237.998,
725.1567,
1671.984,
127830.4,
71359.57,
6797.257,
1276.649,
5194.323,
2829.257,
21880.04,
65968.91,
6037.218,
196269.4,
16002.92,
10399.23,
17062.67,
10024.91,
7683.855,
347.9895,
0,
637090,
2038, 
4432.976,
52895.74,
1627.307,
2105.43,
1997.806,
13033.71,
5325.089,
3588.615,
733.5388,
1747.459,
133407.2,
71680.82,
7362.918,
1364.446,
6153.175,
2829.094,
24415.67,
73189.56,
6196.746,
211400.3,
17735.05,
11707.12,
17616.07,
10712.42,
9208,
411.0159,
0,
692877.3,
2039, 
5893.164,
67927.52,
1760.929,
2503.204,
1997.766,
18965.42,
5836.908,
3934.743,
744.5886,
1822.179,
141357,
71327.09,
7946.727,
1486.347,
7108.034,
2836.351,
30234.42,
101782.7,
6360.636,
224962.8,
19566.84,
13235.8,
18026.34,
11397.77,
10859.22,
469.8816,
0,
780344.4,
2040, 
7655.835,
89412.47,
1905.415,
2909.543,
2009.399,
24222.43,
6287.543,
4312.106,
765.3784,
1900.141,
146346.8,
70705.8,
8526.748,
1621.992,
8405.092,
2862.177,
37028.71,
136513.2,
6412.162,
262451,
21483.87,
14903.96,
18362.88,
12060.2,
12706.16,
544.351,
0,
902315.4,
2041, 
10198.02,
106365.2,
2213.236,
3257.225,
2064.281,
28517.03,
6755.894,
4733.341,
795.4633,
1988.39,
148018.3,
70539.07,
9341.848,
1759.338,
9861.782,
2926.22,
43386.97,
174505.2,
6531.147,
300941.6,
23632.87,
16715.91,
18551.2,
12603.34,
14801.08,
625.8018,
0,
1021630,
2042, 
13089.62,
120082.5,
3077.845,
4578.859,
2124.596,
34061.63,
7229.541,
5175.261,
834.6596,
2079.957,
149589.5,
70367.53,
10287.17,
1857.46,
11358.31,
3018.676,
50993.44,
216388.3,
6754.183,
336939.6,
26179.52,
18873.24,
18633.83,
13129.65,
16942.26,
712.8324,
0,
1144360,
2043, 
16005.9,
138174.3,
4280.744,
6004.188,
2195.638,
40087.75,
7647.551,
5649.919,
876.5648,
2272.274,
149347.6,
70127.14,
12096.3,
1952.16,
12934.53,
3124.386,
60262.65,
259130.8,
7002.988,
378823.5,
28834.63,
20821.91,
18574.44,
13537.9,
19658.3,
828.2358,
0,
1280252,
2044, 
18950.99,
166026.8,
5456.937,
7797.843,
2299.261,
46634.21,
8308.572,
6425.498,
926.4297,
2635.082,
146955.5,
68843.8,
13959.15,
2044.462,
15708.43,
3222.614,
70533.88,
298219.8,
7240.303,
412255.8,
31623.88,
23810.31,
18483.54,
13866.4,
22873.58,
1004.93,
0,
1416108,
2045, 
22237.47,
194805,
10984.66,
9752.145,
2431.818,
55283.34,
10093.46,
7315.09,
975.4725,
3054.649,
143474.4,
68032.55,
15759.14,
2148.251,
18797.52,
3392.272,
87873.1,
344212.4,
7549.064,
446390.7,
34528.61,
26493.31,
18159.51,
14157.18,
26078.19,
1210.093,
0,
1575190,
2046, 
25337.49,
225786.8,
17565.51,
11823.96,
2594.805,
62378.53,
12613.9,
8205.925,
1020.836,
3435.156,
140789.3,
67029.32,
17728.37,
2256.629,
22180.46,
3632.954,
97738.03,
385698.5,
7766.929,
480489.3,
37639.41,
28832.37,
17396.54,
14472.69,
29413.07,
1478.934,
0,
1725306,
2047, 
29119.59,
256069.1,
25692.51,
13600.86,
2779.428,
69777.05,
15602.72,
9134.356,
1320.989,
3963.481,
138119.7,
66179.14,
19618.08,
2365.907,
26669.29,
3912.167,
112087.8,
419673.2,
7920.178,
517778.1,
40961.18,
30914.14,
16439.55,
14565.24,
33100.63,
1807.213,
0,
1879172,
2048, 
31651.4,
291554.9,
34297.08,
15127.48,
3015.753,
79643.33,
19041.69,
10136.61,
1918.044,
4615.981,
135978.8,
65491.98,
21196.28,
2473.022,
31747.78,
4200.914,
122589.2,
450447.9,
7904.194,
549082.3,
44580.8,
32590.27,
15668.46,
14833.43,
36496.04,
2157.24,
0,
2028441,
2049, 
33749.73,
327708.4,
41992.71,
16903.04,
3370.976,
86648.3,
22723.14,
11207.39,
3127.967,
5469.774,
134094.2,
65017.37,
22761.34,
2592.052,
36655.77,
4502.44,
129609.3,
472844.3,
7880.172,
582978,
52178.17,
33451.66,
14438.43,
15138.76,
40211.39,
2389.382,
0,
2169644,
2050, 
35379.79,
373036,
45061.49,
18807.35,
3785.687,
93077.84,
26532.82,
12337.3,
4048.141,
6291.92,
133132.3,
64696.88,
24676.43,
2883.174,
40240.53,
4788.05,
133057.2,
483389.1,
7588.073,
617695.3,
59775.65,
34670.43,
13624.55,
15503.01,
44118.09,
2633.469,
0,
2300831,
2051, 
36390.33,
421331.6,
47245.84,
20846.79,
4243.644,
99063.79,
30079.79,
13482.08,
4476.694,
7313.016,
132667.4,
63932.4,
28351.91,
3502.215,
43282.69,
5086.523,
137692.1,
490475.5,
7664.747,
656295.9,
65506.01,
36721.66,
13063.5,
15901.97,
48438.13,
2886.079,
0,
2435942,
2052, 
37410.22,
445331,
49687.49,
23805.63,
4719.304,
107487.5,
33056.97,
14712.85,
4844.567,
8575.546,
131838.9,
63304.46,
32372.01,
4369.502,
46646.89,
5495.374,
141805.5,
488488.1,
7646.908,
693210.7,
70430.46,
38213.84,
12611.9,
16441.87,
53424.59,
3144.981,
0,
2539077,
2053, 
38075.5,
470740.9,
52737.24,
27046.72,
5193.169,
113822.6,
36544.18,
16187.47,
5350.357,
10995.81,
130060.1,
62883.61,
37492.13,
5430.289,
49555.27,
6099.04,
150821.9,
481392.5,
7724.154,
732443.4,
74295.47,
40396.79,
12906.94,
17033.02,
60963.76,
3424.077,
0,
2649617,
2054, 
38538.41,
492835.8,
56811.97,
29462.81,
5678.335,
120221.5,
43762.68,
17739.8,
5996.381,
13698.76,
127217.3,
62334.74,
41983.36,
6630.053,
52704.64,
6888.448,
158892.5,
473513.3,
7839.905,
771588.7,
76862.45,
42803.98,
13161.63,
17943.03,
73551.39,
3726.099,
0,
2762388,
2055, 
38784.7,
496556.2,
61409.23,
32737.23,
6250.467,
123813.1,
50008.51,
19547.2,
6701.513,
16699.13,
125117.6,
61937.04,
44820.84,
7971.018,
56243.36,
7805.236,
169239.4,
463537.6,
7569.537,
813940.6,
79206.81,
43467.77,
13309.01,
18898.13,
87539.52,
4063.165,
0,
2857174,
2056, 
38699.55,
499466.5,
66533.01,
34767.18,
6890.01,
127646.8,
63518.64,
21348.52,
7394.108,
19956.31,
124164.7,
62353.72,
47008,
9907.679,
57795.59,
8749.453,
189338.6,
455859.9,
7195.036,
851703.9,
82053.63,
44097.75,
13328.99,
19684.27,
99085.3,
4433.879,
0,
2962981,
2057, 
38308.36,
501959.2,
72061.13,
35714.97,
7742.322,
131129.3,
78851.87,
23408.99,
7941.665,
23400.02,
124093.5,
62512.07,
48476.6,
11945.47,
58918.66,
9307.914,
208421.3,
449678.6,
6874.812,
882973.6,
85426.12,
45186.69,
13257.83,
20498.5,
109778.7,
4813.586,
0,
3062682,
2058, 
38443.44,
503755,
76416.74,
36027.17,
8783.768,
134497.7,
94836,
25497.43,
9153.421,
26819.97,
125670.3,
62432.34,
49630.84,
14022.1,
60033.26,
9714.176,
223403,
444979.6,
6693.539,
910578.3,
89192.34,
46264.55,
13296.16,
21437.85,
120096.3,
5372.75,
0,
3157048,
2059, 
39135.09,
502871.3,
77989.31,
36609.56,
9884.227,
137711.2,
105340.5,
27706.83,
11973.52,
30302.32,
129877.3,
62429.16,
50704.47,
15989.09,
61130.96,
10071.31,
241790.2,
441936.1,
6556.349,
944177.6,
90876.86,
47868.32,
13252.64,
22529.3,
133140.6,
6061.559,
0,
3257916,
2060, 
39937.18,
503691.1,
79660.11,
36729,
11156.26,
140912.8,
113437,
30299.29,
17523.13,
34944.54,
138286.2,
62593.84,
51536.77,
18107.45,
62212.71,
10463.85,
253313.2,
440767.2,
6922.846,
972448,
92399.14,
49838.31,
13533.52,
23810.53,
144769.8,
6815.318,
0,
3356109,
2061, 
41195.66,
504898.6,
81368.16,
36816.68,
12539.35,
144121.9,
120004.7,
32674.87,
24520.98,
40718.62,
149368.5,
62628.71,
52676.26,
21180.23,
63351.63,
10855.1,
265679.5,
441502.2,
7786.145,
1000541,
93826.8,
51007.24,
13753.54,
24952.2,
159137,
7624.429,
0,
3464730,
2062, 
42996,
505922.2,
83136.57,
36813.2,
14254.7,
147239,
123280.1,
35194.21,
39505.26,
44780.02,
161979.9,
62290.62,
53768.23,
25326.91,
64469.69,
11260.41,
269185,
445790.5,
7844.017,
1023158,
96141.11,
52218.49,
13962.06,
26212.38,
182488.7,
8493.405,
0,
3577711,
2063, 
45098.13,
507014.6,
84997.75,
37014.04,
15805.2,
150363.3,
126540.4,
38151.38,
60698.53,
48929.78,
171814.1,
61704.39,
54451.91,
29430.7,
65576.81,
11683.54,
272634.8,
448285.4,
8196.681,
1037865,
98804.89,
52139.86,
14073.67,
27690.5,
206985.2,
9518.019,
0,
3685468,
2064, 
45147.44,
508126.3,
88641.27,
38088.02,
18575.98,
155320.3,
133422.8,
43231.43,
78019.94,
52921.4,
180916.1,
62596.05,
54727.39,
33374.02,
66673.07,
12220.03,
277725.1,
449708.3,
8529.963,
1052831,
103579,
51060.63,
14146.29,
29456.21,
228297.5,
10881.37,
0,
3798217,
2065, 
44870.66,
509768.4,
92102.12,
39441.45,
22722.57,
163726.9,
144509,
49739.04,
89913.77,
56538.48,
188826.2,
64560.5,
55316.07,
35193.54,
67762.67,
14667.7,
284587.4,
444571.8,
8919.947,
1066907,
111203.1,
49846.15,
14232.04,
31517.18,
247864.3,
12485.92,
0,
3911794,
2066, 
45011.95,
511954.6,
95466.02,
40719.59,
27214.17,
172344,
159184,
56031.66,
99411.88,
58387.25,
190821.4,
65608.86,
56168.93,
35929.79,
68919.2,
17269.01,
293458,
440058,
9296.044,
1090294,
120448.4,
49120.77,
14467.56,
34249.61,
271843.3,
14192.15,
0,
4037870,
2067, 
44216.09,
514644.5,
98885.33,
42111.46,
32319.79,
180729.1,
175657.7,
62260.91,
109916.3,
59427.84,
189036.8,
66579.5,
57236.12,
36376.23,
70080.05,
20086.83,
304508.4,
428966.3,
9562.379,
1122152,
127248.2,
49210.11,
14883.48,
37333.04,
291313,
16297.47,
0,
4161039,
2068, 
42097.59,
517728.9,
102220.9,
43154.58,
38175.34,
192413.8,
189366.5,
68974.55,
118493.3,
60431.59,
189608.9,
67480.05,
58193.73,
36677.71,
71273.27,
23644.25,
319590.7,
417790.3,
9838.268,
1161750,
128608.7,
50378.5,
15330.13,
40317.26,
312741.3,
18630.93,
0,
4294911,
2069, 
40990.52,
521147.9,
106396.8,
43372.38,
45826.09,
201379.2,
204945,
73107.65,
124245.6,
61393.91,
186667.1,
68633.09,
58885.79,
36813.02,
72522.29,
26928.79,
326835.3,
411391.4,
10030.92,
1196630,
125701.8,
51812.26,
15657.71,
43470.1,
334319.9,
21705.67,
0,
4410810,
2070, 
40711.24,
524319.3,
113866.2,
42977.53,
53853.61,
208787.5,
217875,
79660.41,
130533.2,
62326.32,
189911.5,
69936.81,
59861.83,
36129.26,
73833.88,
30198.06,
331845,
408631.7,
10365.7,
1192900,
118279.1,
53601.74,
16031.59,
46862.88,
356654.2,
26868.42,
0,
4496822,
2071, 
41327.13,
526691.8,
118269.3,
41562.22,
65435.2,
217333.5,
228371.2,
89142.47,
136229.4,
64644.91,
190029.8,
68818.77,
60419.5,
35420.33,
75252.72,
37046.95,
336754.4,
409751.6,
10880.88,
1188059,
115192.2,
55094.55,
16318.51,
50514.43,
381429.5,
32944.35,
0,
4592934,
2072, 
42701.61,
529385.1,
122025.2,
39512.07,
88755.02,
233355.3,
236384.4,
100000.3,
140325.8,
69129.56,
190377.6,
69004.41,
60748.74,
34704.88,
76732.23,
43039.72,
341629.6,
419024,
11106.1,
1183185,
114951.6,
55852.36,
16470.23,
54881.86,
407910.6,
39805.25,
0,
4720999,
2073, 
44245.99,
532567.2,
125582.1,
38324.92,
111463.4,
246508.7,
242223.8,
113602.1,
147332.9,
73116.14,
191206,
69076.03,
60605.57,
34036.5,
78624.87,
49430.7,
346571.3,
425186.4,
11268.54,
1178176,
114789.6,
56284.65,
16404.33,
59424.7,
440211.3,
47873.29,
0,
4854137,
2074, 
46006.14,
536061.1,
128104.1,
38488.35,
134201,
245338.2,
246778.5,
132752.5,
158759.7,
76816.31,
190569.2,
69414.27,
60614.63,
33411.69,
81396.37,
55249.94,
353941.7,
426789.6,
11447.8,
1172970,
117037.4,
56663.7,
16329.82,
63830.86,
464879,
55566.69,
0,
4973418,
2075, 
47828.74,
539731.5,
131773.6,
39211.71,
154341.3,
241702.4,
255415.8,
153725,
172562.6,
80433.23,
191724,
69785.73,
59981.18,
32846.98,
84236.64,
60672.54,
364721.3,
426326.9,
11640.68,
1167557,
120884.6,
56845.35,
16188.59,
67834.25,
480192.2,
62219.48,
0,
5090383,
2076, 
49667.7,
543306.8,
137553.5,
40531.68,
180447.2,
240233.6,
268181.1,
177428.9,
185739.7,
83305.17,
190687.6,
69991.96,
58670,
32346.92,
86850.43,
65392.42,
374482.2,
426546.1,
11804.79,
1161382,
124950.4,
56874.78,
16113.44,
71576.91,
496602.2,
69103.23,
0,
5219770,
2077, 
53018.87,
547104.3,
142787.1,
42826.63,
204519.3,
240869.9,
281316.3,
196495.7,
192969.9,
86117.4,
189475.4,
70413.88,
57413.1,
31905.84,
89741.58,
69875.48,
383810.9,
421412.7,
11985.53,
1155094,
132040.4,
58411.9,
16130.51,
75083.73,
512986.1,
74725.07,
0,
5338532,
2078, 
57582,
550852.4,
151102.7,
44427.97,
224097.6,
240890.5,
285046.8,
221608.3,
200372,
88766.8,
188257.7,
70476.9,
56988.63,
31509.08,
94032.41,
75422.84,
393880.2,
421014.2,
12139.72,
1148509,
136391.9,
58724.7,
16121.33,
80323.3,
529101.3,
82879.95,
0,
5460520,
2079, 
64197.7,
554632.2,
158965.6,
45408.26,
247570.4,
243522.3,
288533.9,
244032,
207859.3,
91301.38,
186954,
70499.07,
57745.64,
31170.75,
98865.84,
80745.89,
409045.8,
421773.3,
12250.52,
1160364,
136808.7,
59660.2,
16073.21,
83673.12,
544968.6,
92872.16,
0,
5609494,
2080, 
69216.89,
558398.9,
168403.8,
45810.16,
269532.5,
246727.7,
291970.5,
267995.9,
216169.5,
96375.98,
185042.7,
70556.99,
59442.8,
30869.23,
104070.3,
85679.89,
424877.4,
422397.3,
12362.55,
1181406,
136508.5,
58895.11,
15800.16,
87131.22,
560653.4,
104825.9,
0,
5771122,
2081, 
72931.89,
561844.8,
175727.6,
45333.7,
288802.8,
246692,
295071.6,
280810.3,
232459.6,
100155.6,
182462.4,
70552.6,
60887.54,
30607.08,
109673.9,
90562.25,
444541.4,
428755.4,
12531.2,
1203081,
132964.1,
57867.31,
15449.06,
89631.98,
575840.2,
116860.5,
0,
5922097,
2082, 
74629.05,
565293.3,
187405.3,
45087.43,
308147.5,
245347.7,
297736.8,
298441.3,
247472,
103800.5,
180823,
70388.2,
61739.47,
30380.67,
115486.1,
94266.95,
461062.5,
433863.4,
12818.39,
1223117,
132103,
56068.64,
14929.86,
93388.69,
590815.8,
131831.8,
0,
6076444,
2083, 
71849.7,
568604.5,
192554.7,
44732.38,
331572.3,
247023.3,
300731.9,
326590.3,
262710.1,
107109.4,
179857.3,
70281.13,
62580.48,
30188.29,
120593.7,
96686.18,
474950.1,
435571.8,
13266.8,
1243385,
131777.2,
54267.26,
14613.76,
96558.35,
605568.6,
145339.6,
0,
6228964,
2084, 
68593.62,
571919.3,
196184.3,
44693.34,
334380,
247981.7,
317739.4,
368974,
275423.1,
110458.1,
179733.6,
70180.2,
63177.6,
30025.02,
126950.5,
99649.17,
483763.9,
436054.7,
13868.03,
1252344,
129898.1,
53312.64,
14349.95,
100566.8,
620280.7,
155963.4,
0,
6366465,
2085, 
66608.88,
575338.4,
200461.2,
45362.15,
337191.2,
248639.7,
337172.8,
408147.7,
288977.3,
111791.7,
181033,
70084.84,
63429.7,
29893.73,
131470.2,
103116.4,
506229.7,
431865.4,
14072.57,
1246106,
126476,
53277.79,
14086.01,
104171.6,
635103.3,
165837,
0,
6495944,
2086, 
65257.21,
578342.8,
204192.6,
45499.94,
339909.2,
248598.8,
353744,
447424.7,
301315.6,
114057,
182753.8,
69974.3,
63467.67,
29790.65,
135193.9,
108027.4,
529248.7,
425880.3,
14202.2,
1225995,
123113.4,
54419.34,
13893.91,
105302.4,
650558.8,
174378.7,
0,
6604543,
2087, 
64169.02,
581116.6,
208139.5,
45410.25,
342352,
248056.2,
366810.9,
494611.2,
316255.9,
116330,
186240.4,
69751.32,
63305.63,
29700.72,
138764.4,
114438.1,
534945.8,
421194.9,
14301.18,
1211568,
122060.6,
56125.39,
13985.98,
107143.8,
665682.9,
182061.1,
0,
6714522,
2088, 
66409.97,
583969.7,
212102.2,
44951.4,
344489.7,
245451.2,
378229.4,
536220.3,
330350.9,
117237.8,
190841.8,
69566.27,
63328.7,
29629.91,
141250,
122356.1,
532872.6,
415494.3,
14353.98,
1209053,
121503.6,
57873.54,
13928.17,
108600.3,
680744,
190813.3,
0,
6821622,
2089, 
61695.3,
586684.2,
216333.9,
43295.42,
352741.7,
245011.7,
393173.5,
579282.8,
348652.9,
117596.2,
195017.1,
69504.13,
63258.02,
29577.94,
143768.3,
130031,
528276,
407471.1,
14393.62,
1202553,
122517.5,
58603.08,
13932.8,
110285.8,
692344.7,
200982.4,
0,
6926984,
2090, 
63810.28,
589478.9,
220475.5,
41414.31,
359715.2,
244871.6,
411248,
615932.1,
364496,
119445.3,
198189.8,
69474.14,
63416.59,
29550.81,
146600.5,
137728.4,
519988.9,
399660.1,
14471.57,
1196770,
123851.3,
59471.27,
13979.09,
111447.5,
704573.4,
213843.2,
0,
7033904,
2091, 
59281.89,
590348.6,
223382.3,
39312.04,
364257.8,
245434.9,
429262.1,
647627.9,
383594.6,
118795.9,
200722.9,
69569.86,
63607.61,
29546.56,
149683.9,
144660.9,
511912.5,
391321.5,
14545.3,
1188936,
126051.8,
60065.45,
14118.43,
112581.6,
715305.9,
227571.8,
0,
7121500,
2092, 
61560.16,
590358.9,
228592.2,
37470.33,
368907.1,
246945.3,
448618.6,
667436.2,
404516,
121459.5,
204143.2,
69684.14,
63775.61,
29553.2,
147656.7,
151460,
520703.8,
383039.8,
14538.62,
1175023,
128536.6,
60250.35,
14340.67,
113705.9,
726683.3,
241584.5,
0,
7220544,
2093, 
57810.36,
590382.8,
232022.3,
35834.86,
375129.9,
249214.5,
460899.8,
694898.6,
426357.1,
120641.6,
203956.7,
69699.41,
63861.16,
29563.99,
146370.4,
157253.9,
529592.6,
376884.7,
14438.35,
1153621,
130721.7,
60351.91,
14662.75,
114883.7,
739535.6,
256873,
0,
7305463,
2094, 
60969.85,
590019,
238816.5,
35090.79,
383243.1,
251356.6,
483950.8,
718631,
451474.8,
122373.5,
206731.3,
69697.43,
63987.63,
29584.2,
144105.1,
162500,
539147.9,
368642.2,
14452.56,
1136463,
131723.5,
59940.39,
14815.86,
116047.4,
742508.9,
271323,
0,
7407596,
2095, 
58900.8,
592262.1,
245760.7,
34796.48,
393704.6,
253451.7,
508986.4,
757423.1,
480562.7,
121082.7,
206387.4,
69567.38,
64214.24,
29606.21,
141613,
167682.9,
547210.7,
361875.3,
14600.69,
1112268,
131616.2,
60417.77,
15270.12,
117175.7,
738457.3,
288423.9,
0,
7513318,
2096, 
60225.19,
582283.1,
254225.6,
34886.21,
412145.8,
255444.4,
535958.2,
800930.9,
495185.6,
122574.5,
208200.5,
69463.75,
64310.15,
29629.15,
138354.6,
171954.8,
553833.1,
359222.7,
14841.7,
1090652,
130679.2,
61388.29,
15807.86,
118278.2,
717947.7,
307932.4,
0,
7606355,
2097, 
62155.44,
572227.8,
262462.3,
35262.31,
431384.9,
257373.4,
553106.1,
825498.3,
508343.3,
120470.1,
209386,
69647.32,
64685.48,
29654.95,
141003.8,
174527.4,
558444.9,
357953.7,
14936.51,
1071653,
129034.9,
62504.86,
17186.19,
119395.6,
689997.2,
318093.1,
0,
7656388,
2098, 
63877.29,
564680.1,
271242.7,
36244.99,
444019.1,
259240.9,
564923,
850289.8,
525458.3,
121366.8,
209221.4,
69984.01,
64959.78,
29686.37,
143404.1,
175090.8,
562822.9,
355502.9,
15128.7,
1051077,
127083.1,
63887.51,
17953.36,
120469.5,
664736.1,
328350.5,
0,
7700701,
2099, 
65320.43,
556018.9,
285610.5,
37306.32,
455838.7,
261060.5,
576838.4,
875044.8,
536070.4,
119589.9,
212753.9,
70434.16,
65418.76,
29723.1,
145224.9,
174636.9,
567071.3,
355124,
15319.42,
1034183,
128492.8,
65688.3,
18638.04,
121564.6,
641640.4,
338437.8,
0,
7753051,
2100, 
66766.68,
545834.6,
297060.1,
37840.15,
464967.1,
262849.9,
591387.3,
900200.4,
540108.6,
121319.7,
213525.5,
70971.4,
65799.66,
29767.84,
146587.1,
174110.1,
569719.8,
357130.3,
15480.91,
1016511,
130140.2,
67722.32,
18935.27,
122644.8,
640248.6,
348437,
0,
7816067];
