real main.em.ep.isp.StorResTot[28](t) = [1971, 
651.5343,
6662.301,
42.08245,
21.60213,
64.96689,
80.57098,
58.75524,
41.05855,
12.20759,
218.7674,
4050.518,
794.3257,
45.14894,
639.8839,
126.0057,
1848.95,
149.6624,
189.8941,
60.786,
215.9777,
32.17176,
2.735793,
947.4415,
247.1319,
13.94703,
25.39259,
0,
17243.82,
1972, 
743.1379,
6664.728,
47.7262,
24.07365,
71.01305,
85.62901,
59.5344,
44.36075,
13.14336,
237.3148,
4228.148,
866.3724,
52.09121,
676.2775,
129.2396,
1948.799,
169.1202,
198.1338,
65.41999,
236.9972,
36.51493,
3.161403,
1012.384,
243.989,
13.98373,
36.3438,
0,
17907.64,
1973, 
823.4536,
7276.438,
51.89817,
26.7822,
82.26498,
95.7737,
61.004,
49.39493,
13.3358,
252.2585,
4534.185,
902.643,
52.66745,
714.8611,
138.3771,
2062.626,
202.3026,
204.9313,
74.03787,
259.1164,
43.11644,
3.88229,
1095.986,
278.0313,
16.24768,
46.19956,
0,
19361.81,
1974, 
851.8475,
7332.585,
65.72918,
27.9819,
91.64121,
104.7265,
65.23281,
49.52388,
12.89815,
269.9228,
4643.078,
958.119,
59.58812,
756.1116,
148.4388,
2188.701,
226.6788,
214.7355,
81.40347,
268.0446,
45.88003,
5.151445,
1082.19,
298.4529,
18.27978,
58.22723,
0,
19925.17,
1975, 
829.4708,
7548.269,
69.66646,
27.81349,
98.71245,
109.7047,
74.15015,
55.54008,
13.42982,
290.122,
4627.427,
1001.688,
71.43203,
685.0228,
132.0404,
2029.392,
263.1306,
237.9871,
91.05245,
317.319,
47.80796,
5.849806,
1106.663,
309.6375,
20.51815,
61.28817,
0,
20125.13,
1976, 
887.3736,
8061.648,
73.96089,
31.44196,
113.7738,
118.3513,
85.01038,
57.75348,
15.56682,
303.738,
4975.722,
1064.596,
81.15306,
715.8107,
139.8739,
2160.233,
310.0076,
266.9823,
99.52127,
351.9517,
53.87077,
5.430489,
1184.029,
322.8207,
21.59112,
65.74049,
0,
21567.95,
1977, 
951.7455,
8331.671,
79.97083,
34.06802,
125.4774,
129.5805,
97.22928,
63.17781,
16.35658,
303.796,
5086.99,
1110.645,
90.79747,
736.6292,
144.6624,
2236.307,
392.5284,
283.8665,
108.9099,
384.2584,
59.81034,
6.788415,
1233.85,
339.6395,
23.24754,
71.49924,
0,
22443.5,
1978, 
1020.996,
8559.443,
88.3676,
35.96863,
138.9407,
135.9336,
109.4434,
61.04873,
17.19222,
316.9648,
5276.29,
1168.905,
96.68808,
760.6332,
149.6674,
2341.145,
443.0547,
311.8177,
120.7874,
437.9878,
61.91246,
9.509306,
1291.158,
349.9268,
26.12036,
69.42392,
0,
23399.33,
1979, 
1070.171,
8729.813,
94.73719,
37.54453,
155.6575,
151.5532,
122.3724,
70.43597,
17.6326,
332.7302,
5500.41,
1177.954,
98.70918,
779.6888,
205.7969,
2397.325,
512.4427,
316.3133,
130.9079,
478.6803,
67.35005,
11.46119,
1360.344,
366.1624,
29.25215,
74.78744,
0,
24290.23,
1980, 
1100.516,
8839.18,
99.38868,
37.87766,
178.6554,
162.1609,
136.8136,
78.82357,
17.83863,
360.1647,
5537.828,
1232.66,
101.6957,
816.4669,
225.3084,
2582.525,
567.5072,
330.1799,
136.6896,
468.131,
72.07088,
14.42511,
1343.363,
383.7989,
30.68501,
68.90266,
0,
24923.66,
1981, 
1157.09,
8909.859,
108.5302,
39.18369,
171.8719,
168.5743,
155.3696,
77.11351,
18.86036,
411.1879,
5594.711,
1241.718,
106.6037,
836.2609,
230.855,
2726.784,
672.9659,
362.1985,
147.5992,
472.7571,
76.6324,
14.23497,
1357.065,
408.6898,
32.8315,
65.34301,
0,
25564.89,
1982, 
1136.058,
8688.75,
113.4095,
40.57534,
180.2194,
171.0359,
170.1496,
85.83471,
20.4164,
432.2899,
5586.426,
1259.721,
116.2423,
853.111,
239.0651,
2830.601,
797.8285,
386.6031,
155.6199,
504.137,
82.1542,
17.32995,
1343.73,
415.6123,
35.22574,
65.2659,
0,
25727.41,
1983, 
1187.16,
8878.192,
112.5313,
43.13845,
186.5169,
179.2569,
187.7583,
79.84968,
21.7321,
440.0708,
5719.142,
1317.657,
121.5037,
877.2928,
246.6496,
2978.39,
816.7967,
413.5939,
169.5538,
544.8012,
89.82158,
20.33164,
1418.878,
426.0636,
39.1615,
63.88533,
0,
26579.73,
1984, 
1279.878,
9274.39,
121.9216,
44.38152,
208.6821,
184.5302,
207.2545,
74.1756,
21.76359,
486.7347,
5928.742,
1378.836,
137.3197,
911.7481,
257.2548,
3168.132,
880.3057,
457.3213,
182.6243,
571.9357,
96.85426,
23.91775,
1493.585,
455.2826,
44.1786,
62.97643,
0,
27954.72,
1985, 
1357.436,
9440.135,
106.3642,
43.75373,
225.9766,
187.9616,
222.6229,
89.90286,
23.32075,
503.4824,
6149.178,
1383.467,
150.0041,
934.8961,
265.9077,
3287.403,
944.2718,
501.3247,
196.6258,
611.4672,
102.2769,
24.83817,
1551.948,
488.7081,
47.70227,
65.33821,
0,
28906.31,
1986, 
1388.987,
9431.795,
119.1544,
46.76657,
238.9479,
212.846,
219.9135,
94.12849,
24.75148,
517.3594,
6248.405,
1447.913,
171.9918,
956.4094,
270.1849,
3435.084,
1029.16,
547.5707,
212.1964,
670.936,
105.8192,
34.99953,
1574.154,
504.9262,
52.75277,
66.81181,
0,
29623.96,
1987, 
1480.768,
9599.564,
128.0912,
49.48165,
242.1289,
228.9782,
235.2785,
98.10892,
26.71566,
529.7612,
6454.689,
1477.736,
192.5159,
992.7374,
272.0798,
3572.937,
1052.563,
594.9044,
235.6988,
741.3655,
114.1199,
40.56454,
1678.871,
532.5202,
58.37646,
65.13058,
0,
30695.69,
1988, 
1515.47,
9991.863,
130.5549,
49.77978,
251.3054,
258.8858,
256.5076,
103.0374,
28.43357,
549.8065,
6738.333,
1470.669,
202.0823,
1024.183,
276.9368,
3660.732,
1210.957,
655.4727,
266.509,
811.0547,
125.3007,
42.84606,
1774.558,
556.6133,
66.99831,
72.00517,
0,
32090.89,
1989, 
1483.442,
10898.31,
138.3461,
53.15834,
267.3742,
247.344,
268.4909,
107.554,
30.07609,
562.0959,
6954.356,
1489.864,
218.0068,
1042.152,
278.4245,
3929.543,
1235.246,
716.1543,
290.5589,
872.066,
137.423,
47.39959,
1887.378,
597.5944,
69.8728,
69.05097,
0,
33891.28,
1990, 
1436.097,
11103.51,
142.8049,
53.64337,
256.157,
266.8235,
277.9583,
109.5198,
34.60491,
571.2708,
7109.383,
1408.169,
240.8647,
1121.767,
345.3876,
3831.769,
1322.039,
770.1458,
311.961,
926.8814,
151.1902,
56.31755,
2059.753,
613.0417,
76.03208,
76.81651,
0,
34673.91,
1991, 
1520.486,
11197.95,
147.5193,
52.20329,
272.3797,
251.1248,
293.1727,
111.9394,
36.85384,
572.0761,
7268.85,
1343.255,
245.3357,
1034.106,
295.8364,
3572.459,
1463.87,
838.6843,
328.7474,
1107.988,
163.0661,
63.7285,
2127.467,
630.2851,
81.54287,
84.63546,
0,
35105.56,
1992, 
1555.996,
11400.44,
151.2603,
55.09789,
279.6952,
259.702,
309.9341,
116.1849,
38.26927,
586.3565,
7319.005,
1248.595,
276.4901,
881.0822,
274.5658,
3089.787,
1556.87,
876.326,
349.4074,
1223.302,
176.5753,
69.63503,
2152.391,
642.6923,
89.56591,
73.20712,
0,
35052.43,
1993, 
1610.014,
11674.79,
152.9276,
56.25336,
290.9452,
274.2718,
335.337,
116.6131,
39.69597,
610.4304,
7331.786,
1247.372,
303.8206,
799.4495,
231.2749,
3119.418,
1603.986,
924.9092,
386.9567,
1263.101,
194.6026,
77.84192,
2176.418,
663.0656,
93.45965,
74.84407,
0,
35653.59,
1994, 
1698.638,
11971.24,
164.4938,
60.35305,
299.2097,
291.1112,
358.1979,
116.6067,
40.5304,
630.9039,
7487.983,
1322.332,
319.6058,
728.6999,
227.3057,
2752.347,
1705.7,
992.4897,
434.0207,
1370.948,
219.5738,
86.56419,
2276.654,
683.5645,
98.24709,
72.57018,
0,
36409.89,
1995, 
1716.221,
12314.75,
167.8308,
63.69207,
314.2012,
304.9055,
378.8947,
123.3033,
44.27421,
638.8261,
7682.944,
1320.011,
357.3271,
764.7353,
225.4766,
2745.575,
1790.839,
1076.425,
483.9916,
1492.601,
243.3461,
100.4082,
2314.045,
702.776,
104.4558,
74.16449,
0,
37546.02,
1996, 
1767.091,
12612.32,
159.7348,
67.02302,
329.8972,
319.1933,
428.2096,
128.4475,
46.33263,
666.8746,
7804.325,
1456.002,
388.3974,
767.2689,
217.7438,
2711.001,
1865.74,
1135.946,
536.2814,
1568.253,
264.948,
116.5101,
2381.014,
717.4484,
109.4885,
66.9756,
0,
38632.47,
1997, 
1793.254,
12918.12,
171.9748,
72.52254,
347.0989,
344.668,
461.1024,
128.9829,
49.93093,
691.2817,
7956.557,
1482.706,
423.169,
760.2098,
213.5799,
2668.773,
2017.888,
1198.807,
586.2389,
1662.874,
283.6157,
123.0141,
2434.721,
740.8954,
113.6667,
70.27987,
0,
39715.93,
1998, 
1771.589,
13228.41,
185.5553,
77.78593,
357.8865,
363.0716,
492.3503,
125.9726,
51.33597,
682.0064,
8129.692,
1501.847,
450.8383,
730.6346,
205.3921,
2701.894,
2276.147,
1283.698,
574.8156,
1743.491,
279.546,
126.8133,
2439.215,
784.2237,
117.8154,
91.86442,
0,
40773.89,
1999, 
1808.022,
13432.55,
196.6115,
83.88288,
371.7747,
363.6088,
521.7943,
132.2535,
52.82086,
680.2275,
8220.541,
1468.104,
466.1482,
755.1091,
201.7713,
2773.941,
2181.883,
1379.012,
639.6661,
1816.208,
298.8711,
148.1256,
2474.37,
825.4229,
117.6831,
99.42213,
0,
41509.82,
2000, 
1862.348,
14055,
209.507,
85.83012,
385.4215,
382.4797,
555.7893,
136.4133,
54.75759,
712.5422,
8253.018,
1559.22,
503.6082,
746.6587,
205.5341,
2908.319,
2198.635,
1457.249,
757.0422,
2051.084,
324.4068,
159.5317,
2582.839,
848.4988,
128.3606,
108.2201,
0,
43232.31,
2001, 
1816.703,
13402.39,
215.9934,
88.13029,
377.4438,
380.2491,
588.356,
145.0848,
57.3063,
689.076,
8233.446,
1697.069,
502.6694,
794.3774,
197.5716,
3039.253,
2298.491,
1512.992,
808.4637,
2258.368,
344.5855,
168.735,
2560.834,
899.1688,
144.0589,
121.9242,
0,
43342.74,
2002, 
1841.69,
13731.12,
219.423,
91.89225,
400.2731,
375.5943,
616.1567,
154.157,
57.46857,
745.9126,
8042.516,
1619.967,
534.672,
790.0809,
201.2903,
2935.147,
2386.734,
1559.404,
863.9702,
2444.079,
365.3073,
178.6555,
2613.723,
897.5117,
151.986,
129.9114,
0,
43948.64,
2003, 
1793.388,
13846.63,
269.1272,
93.96069,
416.398,
394.6724,
647.5139,
152.2271,
60.90741,
780.8209,
7973.573,
1626.267,
580.3295,
818.8633,
213.9467,
2991.426,
2509.429,
1665.36,
901.42,
2800.139,
394.9186,
186.6024,
2613.19,
853.4379,
161.4112,
124.3611,
0,
44870.32,
2004, 
1819.804,
14281.96,
268.6956,
94.53962,
445.3099,
420.802,
685.7575,
168.1795,
66.07278,
806.9061,
7900.216,
1721.992,
621.0629,
856.0839,
221.7139,
3085.424,
2672.821,
1772.678,
950.4913,
3210.411,
421.7803,
199.3033,
2692.214,
873.1628,
174.4674,
133.4705,
0,
46565.32,
2005, 
1771.526,
14206.45,
282.4271,
99.4947,
458.2369,
437.456,
701.2104,
178.5791,
71.34224,
817.1768,
7802.528,
1687.348,
660.4073,
832.4236,
227.3185,
3483.112,
2682.939,
1884.641,
1013.019,
3632.569,
454.9922,
212.8147,
2755.664,
866.429,
187.8812,
143.6056,
0,
47551.59,
2006, 
1709.409,
14009.68,
290.3227,
105.3049,
478.9374,
462.8379,
743.4825,
189.2572,
76.10659,
856.1068,
7645.952,
1714.207,
710.2568,
870.8588,
232.4904,
3508.001,
2837.533,
2040.543,
1044.871,
4174.79,
481.2014,
216.4154,
2809.479,
862.0956,
198.8869,
147.1754,
0,
48416.2,
2007, 
1811.52,
13963.34,
301.7918,
108.2725,
507.684,
474.0299,
822.9774,
200.089,
83.13345,
877.1299,
7397.988,
1702.899,
767.9614,
884.027,
241.9481,
3536.814,
3059.928,
2192.843,
1104.145,
4813.763,
510.1425,
220.6763,
2895.551,
902.8188,
205.7303,
150.945,
0,
49738.15,
2008, 
1799.222,
13370.63,
306.4398,
106.4962,
528.8416,
505.1328,
860.4684,
204.1228,
83.39807,
873.7645,
7355.359,
1701.326,
776.0917,
839.9698,
222.1313,
3606.92,
3192.406,
2110.146,
1182.932,
5355.919,
523.0214,
225.6627,
2800.775,
899.7026,
214.3346,
153.4443,
0,
49798.66,
2009, 
1719.509,
12335,
302.5525,
106.321,
534.5541,
511.1582,
981.1139,
212.5661,
92.03215,
852.3444,
6871.615,
1643.045,
757.2717,
726.1322,
212.9556,
3408.006,
3522.735,
2265.629,
1239.852,
6257.113,
549.739,
230.7063,
2797.493,
814.3403,
223.551,
166.6309,
0,
49333.97,
2010, 
1709.428,
12362.97,
319.9328,
111.1119,
593.5747,
505.7768,
1067.878,
229.9068,
107.0264,
888.2253,
7307.203,
1709.128,
816.3021,
747.9816,
235.1116,
3428.673,
3691.416,
2443.999,
1339.395,
7646.548,
601.0916,
248.8872,
2892.724,
833.6721,
231.4323,
175.9045,
0,
52245.3,
2011, 
1786.858,
11538.77,
354.0855,
116.3,
615.1259,
523.0934,
1105.345,
237.2028,
126.9559,
897.3647,
7649.377,
1740.396,
883.8589,
764.476,
227.6768,
3510.061,
3852.423,
2722.736,
1397.584,
9508.228,
633.8951,
264.6509,
3039.283,
808.0306,
247.5583,
179.6611,
0,
54731,
2012, 
1746.17,
11168.46,
369.5621,
120.6113,
648.6298,
558.8475,
1176.607,
244.3764,
142.7649,
892.6297,
8138.896,
1677.706,
955.9398,
770.0712,
242.5606,
3513.993,
4118.809,
2841.802,
1461.777,
11117.7,
708.6557,
277.3123,
3190.071,
821.1231,
268.0741,
184.595,
0,
57357.74,
2013, 
1650.457,
10881.1,
362.8081,
126.7494,
676.2372,
600.7664,
1247.388,
275.4203,
156.8718,
907.1008,
7880.897,
1675.628,
971.6547,
753.258,
290.765,
3527.436,
4381.133,
3095.878,
1539.667,
13495.03,
790.7011,
305.5747,
3975.896,
855.6918,
305.6815,
194.6111,
0,
60924.4,
2014, 
1606.617,
10816.9,
382.9348,
131.7152,
718.9532,
605.6241,
1327.18,
292.3048,
180.1926,
1085.637,
7987.723,
1656.221,
1026.96,
716.6523,
265.6419,
3560.837,
4765.559,
3507.715,
1645.145,
16185.1,
922.7667,
328.4563,
4823.696,
831.973,
336.0136,
221.3582,
0,
65929.88,
2015, 
1524.928,
11356.34,
398.7303,
143.8963,
722.8868,
650.2319,
1504.075,
321.6361,
206.6084,
1169.572,
7362.617,
1608.446,
1100.578,
659.3541,
276.4433,
3579.068,
5335.76,
3879.183,
1805.017,
19935.06,
1043.332,
350.2905,
6660.636,
874.8393,
362.2028,
233.0275,
0,
73064.76,
2016, 
1507.832,
10939.98,
423.0358,
147.7329,
759.9661,
659.3987,
1655.15,
335.7382,
220.5513,
1351.037,
7727.158,
1630.05,
1283.776,
659.571,
329.0652,
3577.741,
5913.574,
4440.833,
1964.204,
23593.5,
1277.522,
378.9612,
7923.862,
937.399,
429.1905,
227.8815,
0,
80294.72,
2017, 
1557.487,
11279.79,
428.6363,
147.274,
813.7442,
660.6191,
1718.923,
360.9225,
237.3392,
1542.708,
7931.2,
1630.283,
1727.168,
680.0664,
416.7598,
3643.962,
6083.037,
5121.224,
2182.909,
29359.56,
1410.473,
404.0299,
9239.14,
1025.144,
494.2235,
249.2629,
0,
90345.88,
2018, 
1515.994,
11774.56,
453.8026,
155.7491,
849.4135,
671.8116,
2018.688,
408.5031,
292.2486,
1821.094,
8518.677,
1862.123,
2841.056,
753.7078,
433.7765,
3630.751,
6174.815,
6045.244,
2456.819,
36038.26,
1545.215,
472.484,
10563.9,
1185.072,
542.9981,
279.9355,
0,
103306.7,
2019, 
1571.517,
11910.96,
422.6849,
161.9207,
908.7734,
636.9732,
2248.979,
448.9816,
337.1149,
1910.571,
9786.905,
1790.479,
3181.928,
940.388,
475.1997,
3677.752,
7276.136,
6728.754,
2931.042,
42056.82,
2113.411,
518.1388,
11910.21,
1377.213,
579.3925,
327.6026,
0,
116229.8,
2020, 
1543.105,
11508.58,
430.4132,
152.3793,
881.4406,
630.1169,
2316.624,
484.5544,
360.1024,
2088.46,
10987.32,
1950.654,
3540.969,
1033.361,
451.6701,
3555.601,
7976.572,
7082.419,
3478.8,
51209.23,
2839.019,
522.1282,
13453.8,
1609.491,
613.5811,
333.7625,
0,
131034.1,
2021, 
1591.585,
12604.77,
456.8156,
166.8975,
975.2685,
707.4204,
2453.126,
537.4572,
407.8609,
2222.153,
11689.07,
2277.233,
4008.622,
1086.987,
563.1783,
3714.805,
8687.158,
8038.969,
4214.011,
62351.89,
4250.211,
563.1082,
15023.2,
1954.831,
706.9139,
369.89,
0,
151623.4,
2022, 
1558.95,
13586.04,
528.5425,
178.0353,
1030.818,
707.4571,
2516.286,
640.79,
471.8273,
2252.531,
13229.8,
2570.861,
4522.344,
956.0453,
625.3165,
3686.377,
10335.15,
9574.099,
4643.264,
72663.44,
4432.526,
616.5129,
16383.33,
2337.867,
818.4587,
495.2385,
0,
171361.9,
2023, 
1480.427,
15396.21,
548.1822,
185.7106,
1107.426,
726.1323,
2732.478,
766.187,
506.3548,
2254.754,
15500.62,
3031.869,
5092.594,
983.7613,
719.1193,
3735.389,
12141.35,
10555.73,
5159.946,
98380.89,
4790.608,
683.2238,
17108.46,
2883.961,
862.9165,
534.0087,
0,
207868.3,
2024, 
1403.642,
18159.85,
579.636,
194.0538,
1152.493,
756.5495,
3016.376,
855.6744,
539.13,
2391.833,
17819.47,
3624.177,
8214.684,
806.6696,
807.8091,
3711.684,
13318.98,
12667.47,
5390.222,
128590,
5087.635,
738.5254,
17522.6,
3728.841,
950.754,
587.4861,
0,
252616.2,
2025, 
1511.734,
22172.72,
584.8716,
277.6646,
1318.271,
791.5591,
3246.211,
974.7496,
800.6721,
3135.929,
19639.93,
4018.249,
8923.55,
848.1095,
869.5169,
3720.45,
29468.99,
17588.87,
6208.053,
141019.9,
5725.135,
1401.253,
20416.88,
4885.902,
1216.112,
665.2619,
0,
301430.5,
2026, 
1618.027,
24332.67,
601.6368,
293.508,
1325.971,
814.8184,
2966.851,
1078.823,
1012.258,
2760.557,
21666.93,
4490.759,
8074.701,
920.8765,
1083.604,
3691.219,
27231.29,
21869.01,
6307.196,
174681.6,
6268.434,
1780.913,
20990.27,
5885.984,
1554.032,
648.952,
0,
343950.9,
2027, 
1685.164,
26786.74,
628.9765,
365.5877,
1339.338,
850.3531,
2768.652,
1782.202,
1295.716,
2473.108,
23544.36,
4884.838,
7592.225,
1053.201,
1921.483,
3668.479,
29394.39,
28161.46,
6758.683,
210219.6,
7285.232,
3093.833,
21851.35,
7301.851,
2217.653,
674.1609,
0,
399598.6,
2028, 
2012.534,
28399.44,
683.4247,
482.0619,
1353.604,
894.2259,
2534.81,
2776.805,
1535.34,
2284.766,
25928.79,
5696.842,
7456.869,
1192.647,
2778.478,
3634.099,
33893.72,
37949.93,
6865.18,
258912.6,
10472.33,
5517.987,
23290.59,
8922.437,
3860.289,
760.2509,
0,
480090,
2029, 
2602.984,
30621.31,
744.4302,
663.225,
1384.064,
1021.68,
2325.35,
4055.709,
1696.893,
2208.921,
28343.1,
6465.435,
7648.457,
1285.947,
3976.305,
3605.539,
39772.29,
51304.01,
6954.139,
309992,
15008.03,
9174.463,
24642.84,
11143.24,
5921.378,
969.4037,
0,
573531.1,
2030, 
3080.902,
34398.86,
872.8311,
1217.751,
1416.07,
1386.323,
2187.402,
4516.685,
2171.569,
2240.472,
30163.08,
7215.582,
8442.665,
1451.283,
5486.753,
3583.294,
42342.73,
72477.78,
6979.737,
373907.7,
20026.41,
13542.67,
25868.84,
13844.86,
7904.985,
1301.425,
0,
688028.7,
2031, 
3611.306,
51115.56,
1013.347,
3898.127,
1658.107,
2006.929,
2330.174,
4701.698,
2251.077,
2349.665,
33881.09,
7487.614,
10212.38,
1534.559,
7323.783,
3533.229,
45131.35,
121710.2,
7008.046,
494275.8,
26522.91,
18590.67,
27276.17,
18527.64,
11860.45,
1869.184,
0,
911681,
2032, 
4327.217,
78898.09,
1368.77,
11629.73,
2947.789,
3618.277,
3202.338,
4583.047,
2253.796,
2508.694,
54880.05,
9243.047,
11871.77,
1386.152,
9935.032,
3501.465,
47101.75,
202787.8,
7084.145,
689010.3,
36145.32,
23186.5,
28891.92,
25200.52,
16756.47,
1903.327,
0,
1284223,
2033, 
5516.494,
124825.2,
2205.651,
34001.69,
7721.396,
8752.453,
4596.924,
4465.66,
2291.587,
2376.493,
89932.66,
19593.47,
13250.58,
1368.908,
13278.54,
3429.297,
47514.84,
309082.5,
7182.013,
1129737,
48713.78,
31655.28,
31397.21,
34886.37,
21865.4,
1854.336,
0,
2001496,
2034, 
7179.952,
215938.1,
6555.068,
60324.46,
16030.83,
25698.82,
5747.006,
8953.869,
2470.734,
2265.299,
150628,
51510.71,
14590.58,
1916.086,
19324.75,
3501.946,
50945.34,
527293.7,
7666.395,
1825137,
65061.46,
41305.38,
34719.57,
51640.41,
37543.69,
2161.726,
0,
3236111,
2035, 
8927.977,
355949.8,
12950.31,
79005.02,
39159.15,
62876.65,
5617.031,
15691,
2368.915,
1943.77,
219000.8,
100076.4,
15819.81,
2591.434,
32364.93,
3567.284,
62857.74,
786650.5,
8202.386,
2868363,
89663.26,
53186.03,
39432.08,
73387.2,
63875.57,
4616.067,
0,
5008144,
2036, 
10618.17,
513693.2,
31660.89,
96898.69,
78190.3,
107771.5,
6280.263,
30026.02,
2826.681,
3818.773,
288623.4,
133396.3,
17071.88,
3830.384,
56734,
3633.577,
91700.68,
1016143,
8792.981,
3748451,
123123.3,
58756.07,
49600.92,
91794.08,
97637.62,
14776.78,
0,
6685851,
2037, 
11799.46,
747103.8,
73433.84,
120074.2,
121164.1,
146513.5,
8825.803,
51067.89,
3601.45,
21556.89,
350748.6,
174176.3,
18088.59,
5274.983,
113596.6,
3731.213,
147407.5,
1222934,
9299.926,
4519426,
167296.5,
61321.82,
60355.3,
111175.8,
153885,
43243.13,
0,
8467101,
2038, 
13138.04,
1043473,
127083,
138513.8,
149991.7,
177223.4,
37622.11,
71457.05,
7276.332,
63643.84,
410293.3,
219002.2,
18733.97,
10807.91,
209393.5,
3903.607,
242279.6,
1450931,
9762.039,
5149137,
213054.1,
68629.3,
67648.73,
132067.6,
246457.3,
86856.88,
0,
1.036838e+07,
2039, 
14069.36,
1334801,
162178,
148527.5,
177633.9,
200765.3,
119206.9,
93577.22,
21119.96,
87144.47,
474091.2,
255275.2,
19795.92,
19840.52,
272395,
4108.034,
349272,
1788550,
12697.31,
5632782,
260101.9,
89212.55,
71802.71,
160706.7,
336010.9,
111934.7,
0,
1.22176e+07,
2040, 
15204.78,
1611068,
189231.5,
161022.2,
187799,
217475.6,
310361.2,
122466.1,
56439.87,
100202.5,
528568.4,
295682.3,
21714.45,
31623.23,
304799.4,
4388.313,
487834.7,
2000111,
12433.31,
6089401,
291187.9,
115817.9,
71710.24,
177404.2,
418158.9,
128402.1,
0,
1.395051e+07,
2041, 
16607.99,
1871175,
198596.2,
173677.2,
184386.6,
233654.1,
517101.5,
140286.4,
128881.6,
115533.5,
573832.9,
325614.4,
24747.11,
44208.92,
322984.1,
4738.44,
701752.8,
2178035,
12257.12,
6573296,
326996.5,
160140.2,
72604.41,
191964.7,
492800.9,
139769.9,
0,
1.572564e+07,
2042, 
19361.6,
2044222,
197563.5,
182509.4,
186039.4,
251364.6,
610899.9,
167634.1,
181652.2,
130832.5,
612240.2,
344747.6,
32369.73,
58637.18,
330317.8,
5260.157,
1032458,
2363890,
12288.84,
6964110,
365864.8,
199194.7,
74355,
216769.3,
555271.9,
158878.7,
0,
1.729873e+07,
2043, 
22075.58,
2151632,
195837.3,
191111.5,
190870.2,
288267.8,
683691.3,
199808.2,
213488.9,
124118.9,
636292.4,
362557.5,
49727.33,
68661.31,
333145.7,
7853.804,
1240803,
2483582,
12737.92,
7283167,
430467.3,
228970.3,
78064.84,
223119.5,
613998.8,
163326.9,
0,
1.847738e+07,
2044, 
26519.94,
2214292,
185387.2,
199783.9,
206340.3,
348598.1,
755437.4,
229533.1,
235244,
106074.8,
641131.1,
373150.8,
70956.09,
75103.42,
337913.7,
11129.52,
1428060,
2559346,
13095.83,
7579380,
481172.8,
248551.3,
86412.09,
249313.4,
669799.1,
164447.4,
0,
1.949617e+07,
2045, 
36196.13,
2266038,
183391,
208996.5,
245351,
417167.8,
808058.5,
258942.6,
255395.1,
102147.1,
639383.4,
380346.7,
91647.52,
81582.34,
345339.8,
15166.93,
1548787,
2612643,
13348.29,
7833716,
523190.5,
247232.5,
97518.21,
278075.3,
725228.1,
160694.8,
0,
2.037558e+07,
2046, 
43511.98,
2305061,
188068.5,
218619,
301631.5,
508917.8,
856941.8,
291478.3,
276589.4,
112834.9,
617723.8,
386916.4,
114779.9,
89059.17,
351885.2,
15399.75,
1651913,
2649337,
13856.95,
8044595,
659998.9,
238010.8,
115653.4,
302684.7,
783721.4,
163874.8,
0,
2.130306e+07,
2047, 
45316.87,
2331731,
202601.6,
228092.8,
388377.2,
582752.3,
901618.9,
344485.2,
292835.5,
132716.9,
595483.3,
393552.7,
134508.2,
96306.59,
356704.6,
16038.36,
1720991,
2677142,
14305.07,
8259435,
727396.6,
243164.7,
128909.2,
330094.8,
849736.3,
170200,
0,
2.21645e+07,
2048, 
49270.78,
2381711,
223642.3,
237638.3,
484756.1,
645122.5,
943114.9,
410076.5,
298760.9,
144447.6,
587586.8,
397420.7,
143891.2,
101617.2,
360411.3,
18442.82,
1793419,
2698481,
14899.59,
8473607,
737144.2,
245962.7,
140977,
357110.2,
917164.8,
176857.3,
0,
2.298353e+07,
2049, 
44386.25,
2514319,
258308.1,
246578.4,
585479.1,
703586.7,
990665,
504593.9,
307038.3,
156720.8,
619802.7,
402556.1,
145070.2,
110330.2,
364324.5,
31956.28,
1876902,
2724648,
15191.04,
8648601,
766650.6,
257092,
148775.7,
376386.6,
984423.6,
182197.6,
0,
2.396658e+07,
2050, 
55093.88,
2684496,
310102.2,
252883.9,
665250.9,
750648.4,
1041667,
635338.2,
309454.8,
153819.7,
655910.1,
408781.8,
140703.9,
119071.4,
369588.4,
71934.1,
1962978,
2755985,
15304.02,
8810391,
754763.1,
257364.9,
151764,
393288.9,
1057460,
188724.1,
0,
2.497277e+07,
2051, 
50903.73,
2833800,
349830.1,
251743.5,
747159.8,
801325.3,
1109002,
719219.7,
325965.4,
160904.9,
697199.3,
415474.8,
133528.6,
127182.2,
377213.8,
123256.1,
2048983,
2820803,
15557.49,
8937410,
750977.4,
261916.3,
152850,
411285.5,
1135135,
196372.6,
0,
2.5955e+07,
2052, 
67455.98,
2961628,
394135.1,
248336.3,
815614.1,
836041.9,
1180134,
797579.8,
352297.8,
171065.4,
726322.3,
414503.2,
118139.1,
133526.6,
387595.6,
209830.5,
2139614,
2868692,
16050.42,
9043502,
743496.3,
255090.7,
154072.5,
424026.9,
1216338,
202297.3,
0,
2.687739e+07,
2053, 
77618.66,
3086922,
446536.2,
243363.9,
883081.9,
870339.6,
1256763,
896814.3,
362414.5,
178003.5,
733018,
410039.8,
101473.5,
139051.8,
400523.4,
279993.7,
2229855,
2920716,
18262.58,
9133730,
732837.4,
243122,
154559.1,
431781.1,
1297309,
210611.9,
0,
2.773874e+07,
2054, 
79644.71,
3171006,
495030.4,
237964.8,
982968.1,
906577.3,
1327627,
1015985,
375096.1,
171180.8,
750437.1,
404382,
90670.38,
145422.2,
415486.2,
360818.3,
2319961,
2948995,
21218.88,
9208469,
733451.6,
235867.8,
153952.7,
440244.3,
1381514,
219997.8,
0,
2.859397e+07,
2055, 
102654.8,
3234679,
530161,
232206.1,
1073031,
945190.3,
1395321,
1111790,
382496.9,
173073.3,
759926.2,
400938.8,
84717.2,
150520,
434743.3,
462781.7,
2433857,
2947015,
23664.53,
9261857,
713404.1,
233596.9,
152507.9,
449022.2,
1473438,
230015,
0,
2.939261e+07,
2056, 
103986.4,
3312408,
547365.6,
226424.8,
1191275,
986729.1,
1458874,
1182294,
393716.8,
184458.4,
755301.3,
391515.3,
82615.7,
154843.9,
456605.8,
586097.8,
2548874,
2934050,
24273.71,
9296062,
692742.9,
237947.4,
151320.5,
456948.5,
1567120,
241639.4,
0,
3.016549e+07,
2057, 
115146.5,
3350834,
557618.3,
228339.5,
1325341,
1034321,
1519901,
1262304,
412405.3,
205341.1,
743201.9,
386059.6,
80597.31,
160368.5,
473789.7,
719439.6,
2655915,
2867084,
21857.87,
9323671,
690841.1,
246165.9,
150384.8,
465518.5,
1667147,
253470,
0,
3.091706e+07,
2058, 
126913.3,
3400530,
557876.6,
232853.3,
1471933,
1064185,
1576623,
1336409,
439210.2,
245359.1,
745410.1,
390288.3,
79609.7,
166671.8,
487906.4,
851590.3,
2777743,
2801679,
18539.28,
9349390,
696618.2,
260639.2,
147894.6,
481773.4,
1770363,
265011.2,
0,
3.174302e+07,
2059, 
140440.1,
3422303,
566912.3,
236155,
1610769,
1096340,
1630281,
1406706,
467265.4,
276916.9,
771770.5,
397583.6,
79204.76,
171542,
503747.6,
950987.5,
2909745,
2742110,
16600.2,
9361209,
712224.8,
274437.4,
143465,
499791.1,
1880153,
277392.8,
0,
3.254605e+07,
2060, 
156795.5,
3442906,
584227.2,
237937.5,
1740584,
1124860,
1681125,
1471856,
502431.4,
301838.1,
789352.1,
410268,
79513.99,
172244.3,
523919.9,
1027973,
3044052,
2660245,
15838.75,
9364555,
723086.6,
283471.1,
139778.2,
517706,
1986627,
288427.4,
0,
3.327162e+07,
2061, 
170081.2,
3480665,
592213.1,
236871.2,
1845429,
1137062,
1730143,
1540438,
552368.8,
299695.7,
813305.8,
421763.9,
79713.14,
170411.8,
548415.8,
1101789,
3167817,
2530249,
15388.78,
9358907,
728625,
291950.5,
137819.9,
532518.2,
2116136,
303429.4,
0,
3.39032e+07,
2062, 
186295.8,
3532201,
621244.4,
233179.7,
1917458,
1158374,
1777181,
1615391,
595035.8,
278433.4,
833454,
430509.1,
83176.76,
167648,
573271.4,
1165492,
3287632,
2367010,
14969.22,
9344541,
718029.3,
298178.1,
137205.2,
535225.3,
2245479,
325095.6,
0,
3.444171e+07,
2063, 
199517.1,
3586523,
668955.7,
227678.1,
1981440,
1189187,
1848832,
1705021,
619814.1,
248291.9,
846238.1,
439332.3,
89078.37,
164364.3,
602777.2,
1201085,
3387794,
2199519,
14564.53,
9352667,
695185.3,
300997.3,
135601.6,
555498.2,
2367019,
355298.2,
0,
3.498228e+07,
2064, 
213270.6,
3651317,
697100.5,
222222.3,
2041763,
1226269,
1941829,
1787996,
641608.3,
219971.5,
848785.9,
461461,
97761.46,
164416.6,
631711.6,
1234096,
3431608,
2016248,
14593.52,
9367221,
671823.5,
299350,
133678.5,
555156.2,
2487455,
401799.5,
0,
3.546051e+07,
2065, 
224648,
3707851,
725242.9,
218983.9,
2095213,
1261734,
2013566,
1874825,
661801.7,
199226.2,
854202.8,
484319.4,
112136.1,
166560.9,
653276.4,
1256365,
3434696,
1850795,
15072.29,
9389885,
632346.4,
292256.7,
132251.4,
557267,
2611000,
462536.7,
0,
3.588806e+07,
2066, 
226512.3,
3773427,
760943.1,
214592.5,
2158495,
1300139,
2114842,
1995623,
700245.6,
197115.2,
878421.9,
493547.9,
129578.7,
169156.4,
669297.6,
1281679,
3398449,
1703939,
15946.36,
9416293,
594725.8,
280913.2,
132228.6,
556390.8,
2736706,
520134.1,
0,
3.641934e+07,
2067, 
228648.7,
3852022,
811732.9,
207564.2,
2223375,
1337340,
2243298,
2117823,
751739.7,
208215.4,
894646.9,
507814.2,
148738,
175144.2,
684605.1,
1299557,
3322458,
1581737,
16557.59,
9460078,
586701.8,
264628.5,
131819.3,
551261.9,
2854206,
570336.1,
0,
3.703205e+07,
2068, 
231233,
3953648,
848727.4,
207052.7,
2294373,
1374189,
2390906,
2253476,
812157.9,
224140.1,
914676.5,
517928.7,
157952.5,
183078.2,
697987.4,
1315007,
3257946,
1478107,
19875.27,
9514302,
579672.5,
250978.4,
130156.9,
543888.8,
2956860,
618418.4,
0,
3.772674e+07,
2069, 
232395.7,
4025879,
883529.1,
209400.1,
2368234,
1407464,
2506901,
2399039,
882167.6,
226293.4,
937920.5,
525819.8,
156316.1,
190780.7,
713012.8,
1332077,
3198554,
1410511,
25087.69,
9549351,
585322.5,
241046,
128539,
539718.6,
3004826,
668364.1,
0,
3.834855e+07,
2070, 
236247.6,
4091254,
919486.1,
212424.6,
2427007,
1434504,
2593953,
2542321,
969120.9,
224595.8,
933375.6,
532293.8,
151255.7,
196506,
732339.1,
1347385,
3123017,
1374400,
30444.26,
9577450,
599574.3,
236699.2,
127214.1,
515681.8,
3072458,
703320.9,
0,
3.890433e+07,
2071, 
244141,
4113318,
963257,
216436.5,
2490379,
1454134,
2674677,
2707572,
1088318,
240541.1,
928747.7,
533790,
148935.3,
201774.3,
755038.7,
1359409,
2939134,
1307553,
35562.45,
9591460,
618740.4,
242618.7,
124670.9,
519599.3,
3168916,
766594.5,
0,
3.943532e+07,
2072, 
254469.6,
4157662,
1037260,
221766.4,
2564637,
1471927,
2742763,
2850124,
1166196,
257233,
916718,
537322.4,
149655.8,
207897.8,
784478.2,
1368943,
2726743,
1292592,
39736.2,
9599552,
621516.8,
257533,
119509.9,
508139.3,
3256126,
820394,
0,
3.993089e+07,
2073, 
266482.2,
4199710,
1071138,
224023.5,
2649278,
1467995,
2725421,
2993978,
1238186,
277047.8,
896965.4,
540451.6,
157283.5,
213401.5,
809576,
1383830,
2538671,
1290934,
42138.77,
9611265,
619728.1,
271447.9,
113763,
521717.4,
3310084,
884331.7,
0,
4.031885e+07,
2074, 
276149,
4270380,
1095190,
221382.6,
2732377,
1450005,
2787815,
3128295,
1309740,
291729.7,
880546.1,
540952.4,
169969.4,
220324.3,
825708.3,
1404669,
2408181,
1267425,
45531.86,
9616725,
615174.1,
287216.4,
108583.5,
532630.5,
3350177,
939594.1,
0,
4.077647e+07,
2075, 
284940.8,
4365919,
1111922,
219144.8,
2808802,
1437826,
2817966,
3269637,
1390840,
295460.8,
861551.4,
544911.4,
185077.2,
226666.9,
840636,
1429150,
2251776,
1214257,
48423.5,
9586647,
607406.8,
290419.7,
103891.4,
543943.1,
3402274,
998741.4,
0,
4.113823e+07,
2076, 
281360.9,
4472599,
1111865,
213931.5,
2861756,
1394333,
2833675,
3429823,
1483038,
282548.5,
845210.4,
547987.6,
203120.1,
231104.5,
856784.8,
1458652,
2096762,
1185649,
51714.89,
9551331,
603757.5,
290266.8,
99720.76,
555024.7,
3382978,
1068005,
0,
4.1393e+07,
2077, 
284785.9,
4577910,
1119430,
204476,
2880829,
1354799,
2849698,
3607845,
1571187,
280941.3,
840307.6,
550842.6,
216661.5,
233662,
865839.2,
1483266,
1921420,
1174898,
56152.33,
9516855,
589812.5,
289221.5,
98298.33,
562798,
3361826,
1141136,
0,
4.16349e+07,
2078, 
277380.2,
4671846,
1134902,
195658.2,
2900094,
1371556,
2933404,
3764376,
1650883,
293560.8,
851217.6,
551541.3,
223194.3,
237112.3,
869614.8,
1497500,
1798994,
1160842,
61647.63,
9485240,
577267.4,
281543.3,
101015.2,
572039.9,
3386096,
1214237,
0,
4.206276e+07,
2079, 
285311.8,
4751114,
1160184,
181288.6,
2911987,
1406596,
2983712,
3908443,
1724958,
311511,
869995.3,
548722.8,
223190.2,
239736.6,
872031.9,
1491536,
1698729,
1151323,
67418.27,
9444898,
577112.7,
276207.7,
106912.4,
583050.7,
3428799,
1291895,
0,
4.249666e+07,
2080, 
282010.2,
4817272,
1192103,
177811.1,
2924000,
1478774,
3038742,
4060985,
1805320,
332147.9,
915253.6,
537053.1,
228345.9,
239800.9,
874404.4,
1477720,
1593554,
1125816,
70401.88,
9409221,
578402.9,
268556.8,
112690.4,
593128.7,
3437541,
1369639,
0,
4.294069e+07,
2081, 
284897.9,
4875714,
1225181,
170072.4,
2936529,
1530815,
3109624,
4220332,
1890076,
359148.3,
935520.4,
520911.9,
230155.7,
239098.1,
881826.4,
1469224,
1512213,
1103682,
70948.35,
9393395,
575733.9,
262248.8,
118246,
605651.1,
3326532,
1450876,
0,
4.329865e+07,
2082, 
287792.1,
4914839,
1264842,
164391.2,
2959591,
1608093,
3182368,
4415305,
1974339,
394437.3,
943251.9,
505573,
228852.4,
238253.7,
887639.1,
1460921,
1446387,
1080737,
71436.37,
9367473,
591731.3,
251324.3,
123059.5,
620018.4,
3214510,
1548152,
0,
4.374532e+07,
2083, 
290557.8,
4952146,
1303707,
164542.8,
2975152,
1667060,
3264234,
4617148,
2058125,
431878.7,
931898.3,
482700.7,
229672.3,
237687.4,
892357.6,
1453784,
1363214,
1052267,
72140.3,
9350769,
606322.4,
242053.3,
127294.5,
639607.8,
3069302,
1649463,
0,
4.412508e+07,
2084, 
291139,
4997626,
1344837,
161544.8,
2987349,
1720093,
3326484,
4822613,
2146037,
476039,
901986.4,
462975,
235616.5,
237218.9,
895042,
1448410,
1272833,
1022474,
72650.97,
9339643,
615100.8,
243955.3,
128632.6,
663773.1,
2914795,
1749046,
0,
4.447791e+07,
2085, 
291460.3,
5030629,
1389740,
155540.2,
3000968,
1760592,
3392814,
4994905,
2238458,
524548.1,
884150.1,
440584.1,
242442.7,
237872.4,
896954.3,
1450978,
1211837,
999588.7,
73116.38,
9342154,
631648.7,
245286.4,
128414,
690824.1,
2761605,
1843114,
0,
4.486022e+07,
2086, 
289159.2,
5060757,
1412702,
154783.7,
3012207,
1812682,
3364862,
5216549,
2337712,
548936.5,
864797.3,
418901.3,
249533.2,
238869.8,
901449.4,
1456938,
1175879,
968587.3,
73542.66,
9333831,
636269.8,
245188.2,
127591.4,
718304,
2600935,
1890309,
0,
4.511128e+07,
2087, 
288764.6,
5061059,
1408629,
156868.6,
3018696,
1860206,
3395372,
5420752,
2438374,
568827.9,
866498.4,
416077.2,
256518.8,
239727.5,
906209.7,
1465116,
1093967,
964994.8,
73475.95,
9301061,
632223.6,
246906.7,
128326.3,
750140.9,
2447796,
1888916,
0,
4.52955e+07,
2088, 
279418.2,
5033663,
1399905,
157638.6,
3023985,
1919125,
3362488,
5639644,
2541421,
589302.5,
880290,
419963.8,
260093.4,
241287.8,
902989.6,
1479840,
1000594,
960775.5,
73242.55,
9247378,
618425.8,
250433.6,
131214.9,
780058.4,
2367847,
1840448,
0,
4.540147e+07,
2089, 
283758.2,
4996387,
1399228,
157133.6,
3027036,
1970168,
3444061,
5852030,
2650141,
618617.4,
914811.9,
429545.1,
258498.1,
245540.6,
905379.7,
1499435,
921812.1,
968417.4,
73087.93,
9180232,
600374.8,
245179.5,
135159,
808029.7,
2328152,
1786158,
0,
4.569837e+07,
2090, 
282254.5,
4957332,
1399123,
159677.4,
3028014,
2025505,
3454242,
6074435,
2751000,
650021.9,
948642.4,
438920.5,
260249.9,
249231.8,
912419.9,
1519705,
797891.4,
979253.2,
72940.41,
9112552,
599269.2,
244364.3,
141721.6,
837349.6,
2287332,
1761575,
0,
4.594502e+07,
2091, 
277738.5,
4922755,
1398050,
163893.1,
3038570,
2070776,
3536139,
6311279,
2860657,
683240.7,
964234.9,
446275.8,
263166.6,
251214.3,
924777.1,
1519963,
683855.7,
978467.1,
72765.78,
9077105,
587676.8,
245586.2,
148244.5,
839129.1,
2247064,
1819156,
0,
4.633178e+07,
2092, 
272401.7,
4880523,
1402995,
162831,
3046093,
2112420,
3648005,
6545949,
2971722,
709740.3,
972523.6,
450680.4,
263044.9,
250635.4,
940281.8,
1524618,
585771.8,
951727.6,
72024.17,
9112599,
590607.9,
246627.5,
155211.6,
854741.1,
2208791,
1900103,
0,
4.683267e+07,
2093, 
261769.4,
4826378,
1400930,
161559.5,
3046784,
2144009,
3735967,
6793440,
3085622,
728652.9,
967628.2,
463619,
263145.2,
248403.8,
952886.2,
1531275,
522189.1,
924352.9,
71968.63,
9064550,
608472,
247241.5,
159251.8,
863471.4,
2123537,
1987781,
0,
4.718488e+07,
2094, 
238702.6,
4762632,
1380205,
162054.6,
3045896,
2180788,
3770095,
7030079,
3202263,
744509.7,
970746.5,
479404.4,
262637.7,
244807,
966249.5,
1541302,
483548.4,
886656.9,
72097.78,
9012286,
617576.6,
247746.4,
161391.5,
866996.9,
2027393,
2074232,
0,
4.74323e+07,
2095, 
221144.3,
4693999,
1366278,
158223.3,
3039110,
2212922,
3830258,
7270961,
3314080,
756710.4,
985316.7,
501025.2,
260269,
243265,
973659.3,
1553202,
481151.7,
879323.8,
72138.63,
8968234,
619026.8,
241720.9,
162896.3,
867527.3,
1975239,
2152033,
0,
4.779971e+07,
2096, 
208568.9,
4632708,
1345763,
151601.1,
3020499,
2254175,
3900898,
7526839,
3433713,
763607.3,
996326.9,
508811.3,
261418.3,
241356.5,
978570.8,
1560264,
492495,
895973.1,
72248.95,
8903923,
608037.6,
234688.3,
164809.7,
878463.4,
1920854,
2236886,
0,
4.81935e+07,
2097, 
200500.2,
4567774,
1318448,
144063.4,
2997605,
2288258,
3905385,
7793233,
3565033,
767278,
1000134,
517077.4,
264316.3,
239507.3,
991639.1,
1562259,
516335.6,
906100,
72343.39,
8789753,
586430.4,
224946.9,
164914.7,
895454.4,
1856314,
2322633,
0,
4.845774e+07,
2098, 
198527.7,
4532857,
1287714,
139506.7,
2972313,
2330794,
3962648,
8034264,
3700704,
769229.1,
1008924,
528304.7,
268441.9,
238607.2,
995311.9,
1559121,
504663.9,
919231.4,
73574.39,
8676393,
567628.9,
218792.4,
164263,
910292.8,
1787991,
2429144,
0,
4.877924e+07,
2099, 
197099.7,
4477848,
1266454,
135265,
2949370,
2370634,
3942730,
8306703,
3822675,
772386.9,
1028670,
538906.8,
274858.9,
238652.2,
999994.4,
1552906,
495254.1,
928951.9,
75149.99,
8582601,
561719.9,
205954.6,
165498.3,
920978.6,
1724846,
2538210,
0,
4.907432e+07,
2100, 
198588.2,
4435235,
1249698,
134819.2,
2932946,
2398670,
3852537,
8574302,
3951463,
780179,
1038966,
552374.2,
284780.6,
236129.8,
1007302,
1548781,
477368.9,
902307.6,
75996.84,
8512146,
568335.6,
194137.7,
167582.3,
924372.1,
1658489,
2640220,
0,
4.929772e+07];
