real main.em.ep.isp.StorResTot[28](t) = [1971, 
735.447,
6946.064,
31.81561,
14.10828,
62.39334,
80.37454,
64.98549,
53.06134,
12.19602,
197.6544,
4225.907,
671.8501,
49.1722,
458.1594,
110.6406,
1701.178,
176.6337,
187.0908,
93.62707,
221.7254,
38.15437,
4.907253,
1042.438,
275.0202,
19.64744,
28.97137,
0,
17503.22,
1972, 
759.1855,
6232.191,
33.76728,
14.75648,
64.72932,
87.41286,
63.4201,
55.98539,
12.94789,
215.0352,
4202.191,
684.509,
56.90104,
468.3508,
111.3914,
1789.352,
172.9817,
175.2241,
90.99732,
216.4364,
41.78436,
5.442649,
1090.8,
264.9797,
17.10498,
39.9763,
0,
16967.85,
1973, 
848.2824,
6953.423,
36.23951,
16.14804,
74.72646,
94.61426,
69.46065,
61.8798,
14.04652,
229.7922,
4551.089,
724.0818,
116.5404,
478.9898,
115.1342,
1820.821,
211.4289,
187.79,
105.0935,
236.3883,
45.50531,
6.398905,
1195.602,
308.1774,
19.12638,
44.14294,
0,
18564.92,
1974, 
880.8403,
6925.105,
47.15644,
16.88277,
83.1761,
100.387,
79.71723,
61.09937,
15.34181,
248.9974,
4658.319,
761.891,
120.9132,
490.9173,
117.6029,
1842.914,
247.5628,
195.7203,
109.7524,
239.587,
50.00045,
6.858215,
1189.794,
330.2616,
19.6543,
56.84596,
0,
18897.3,
1975, 
862.4747,
7179.935,
48.24523,
18.16344,
89.4527,
104.7994,
117.752,
67.13371,
16.4888,
268.0551,
4678.014,
823.3403,
137.8899,
537.7923,
127.7902,
1931.017,
297.2105,
219.1954,
127.3082,
271.9449,
51.83371,
8.08984,
1227.33,
342.5244,
21.05523,
61.05124,
0,
19635.89,
1976, 
932.97,
7691.907,
51.55055,
19.53784,
102.5132,
110.4353,
124.5997,
69.17181,
18.5204,
282.4039,
5018.009,
860.1652,
151.6649,
534.3865,
130.4767,
1942.212,
328.1847,
247.4517,
135.7593,
284.2197,
57.85015,
7.712904,
1304.448,
356.0231,
21.25173,
65.82439,
0,
20849.25,
1977, 
997.9266,
7951.502,
56.56361,
21.51409,
115.0504,
119.239,
134.9955,
74.06,
19.71325,
282.0199,
5133.194,
909.9604,
164.4269,
547.0244,
132.6225,
1975.798,
377.7461,
258.6653,
148.2378,
313.3373,
64.11201,
8.539184,
1356.952,
375.8335,
22.46345,
73.12594,
0,
21634.62,
1978, 
1060.348,
8182.188,
61.25023,
22.94557,
126.9325,
125.8628,
151.2716,
70.92035,
22.00514,
295.5177,
5343.661,
952.1047,
185.9338,
554.769,
136.5573,
2023.025,
416.6306,
288.8188,
130.412,
353.9596,
65.14972,
11.39609,
1413.944,
388.7618,
24.5852,
71.50904,
0,
22480.46,
1979, 
1120.93,
8342.586,
66.70834,
24.76441,
143.4404,
140.5532,
136.9209,
83.26899,
23.15218,
312.726,
5586.248,
957.6049,
173.7714,
557.1714,
139.0432,
2072.467,
496.7001,
296.8371,
137.8878,
390.3342,
71.72323,
13.11118,
1487.541,
404.0954,
26.42122,
76.89871,
0,
23282.91,
1980, 
1147.82,
8409.23,
72.36127,
24.15146,
158.1535,
152.754,
152.107,
91.03635,
22.61221,
340.7111,
5630.167,
1017.379,
170.4331,
582.2908,
144.04,
2184.743,
546.3558,
317.8622,
143.2616,
416.5244,
75.27014,
15.99627,
1458.643,
422.0977,
26.04603,
71.00812,
0,
23793.05,
1981, 
1202.58,
8429.978,
78.89396,
25.76356,
159.4196,
155.8926,
164.9086,
92.97467,
24.87938,
389.5268,
5667.905,
992.6112,
179.4953,
584.6182,
146.197,
2225.524,
611.7918,
349.7563,
151.9836,
427.3867,
80.30047,
16.70909,
1473.671,
446.7891,
27.2952,
74.17485,
0,
24181.03,
1982, 
1171.374,
8128.731,
85.18305,
26.87478,
170.0975,
162.1592,
170.629,
94.67048,
26.07582,
409.0338,
5663.769,
1014.44,
168.0026,
589.4272,
148.6767,
2269.43,
668.6819,
377.9008,
160.2728,
454.9058,
86.31356,
20.5456,
1485.084,
455.5781,
30.19001,
76.14965,
0,
24114.2,
1983, 
1215.877,
8365.825,
85.53952,
29.06709,
181.4704,
173.3452,
181.316,
88.18422,
27.57513,
419.9926,
5801.264,
1065.933,
144.3917,
593.957,
150.6344,
2301.511,
637.8815,
413.2039,
174.3,
487.2305,
94.61081,
22.99988,
1529.829,
465.5728,
34.02096,
75.96156,
0,
24761.49,
1984, 
1299.461,
8755.977,
91.6347,
30.82423,
203.444,
182.4076,
196.8083,
87.77461,
27.64528,
466.6234,
6002.57,
1102.435,
165.2443,
597.5233,
152.7509,
2313.212,
689.3209,
462.6346,
187.3578,
521.7536,
100.9883,
26.86987,
1591.041,
488.8127,
38.15967,
77.77972,
0,
25861.05,
1985, 
1367.794,
8905.445,
98.37633,
31.11612,
218.1566,
187.5621,
220.197,
98.8409,
29.62313,
485.3905,
6237.429,
1100.685,
176.6677,
606.4077,
154.9619,
2346.459,
705.3542,
503.032,
201.5543,
561.253,
108.4902,
28.09525,
1645.651,
524.5916,
42.50609,
79.50482,
0,
26665.14,
1986, 
1391.257,
8883.19,
101.4105,
32.62901,
225.1019,
207.4227,
207.8797,
103.2063,
30.17985,
500.0516,
6352.282,
1144.529,
198.0358,
639.3798,
158.2878,
2381.676,
734.6715,
550.6945,
217.0087,
608.4453,
113.4273,
37.57631,
1658.499,
543.4059,
47.10464,
82.30373,
0,
27149.66,
1987, 
1474.867,
9050.894,
108.8046,
34.73937,
222.8522,
226.0519,
220.4068,
108.846,
32.21156,
513.1956,
6564.338,
1159.586,
206.3496,
654.7776,
160.5434,
2415.038,
785.4645,
596.2325,
240.538,
668.3434,
120.0732,
43.51439,
1761.345,
565.0674,
52.6953,
82.5314,
0,
28069.31,
1988, 
1487.76,
9398.056,
114.1078,
35.30811,
236.4771,
232.341,
236.6574,
114.4173,
34.28407,
533.801,
6850.656,
1178.43,
216.6397,
667.5967,
162.7278,
2453.13,
873.3572,
656.277,
271.9939,
728.1966,
132.7256,
46.36916,
1851.84,
593.9413,
61.64421,
90.65942,
0,
29259.39,
1989, 
1449.7,
10292.52,
121.6991,
37.21874,
239.5566,
238.0292,
250.7903,
120.9113,
35.56221,
546.6628,
7047.625,
1183.223,
232.199,
663.9186,
164.6449,
2487.297,
908.9185,
717.6938,
295.5972,
779.7806,
146.3109,
52.21897,
1965.932,
631.1257,
65.58999,
88.495,
0,
30763.22,
1990, 
1407.01,
10478.57,
126.6393,
37.81092,
237.818,
244.5223,
267.6409,
128.3143,
37.82452,
555.5051,
7188.755,
1317.903,
258.7678,
650.1782,
160.5647,
2337.655,
940.518,
778.3113,
317.4104,
831.6738,
163.0345,
58.30532,
2094.223,
652.8381,
71.95042,
97.42423,
0,
31441.17,
1991, 
1492.052,
10561.78,
130.8196,
36.77533,
252.374,
256.9609,
285.539,
129.9899,
40.08561,
558.1255,
7345.313,
1243.468,
264.9583,
603.5128,
162.9749,
2338.372,
961.7053,
847.5235,
331.6672,
894.4518,
176.1314,
66.79852,
2181.267,
661.306,
78.86293,
100.8886,
0,
32003.7,
1992, 
1526.308,
10733.75,
132.7108,
38.90839,
261.9228,
260.9101,
301.8454,
134.7203,
40.80796,
569.2833,
7381.772,
1159.253,
295.8473,
583.4539,
163.6355,
2316.664,
1054.006,
884.429,
353.2762,
999.6882,
191.8816,
72.09084,
2193.286,
672.4075,
87.08223,
89.69587,
0,
32499.63,
1993, 
1582.789,
11050.91,
136.9634,
41.13891,
275.3731,
280.1563,
321.0901,
131.6115,
43.16355,
592.1351,
7390.256,
1117.088,
324.0134,
579.5522,
176.4873,
2318.907,
1125.559,
937.9785,
391.8047,
1113.449,
211.077,
77.73196,
2207.751,
690.2594,
90.88205,
92.42805,
0,
33300.55,
1994, 
1677.904,
11284.93,
147.3207,
43.85597,
287.9848,
295.7223,
342.1764,
135.5308,
45.33003,
615.0532,
7537.493,
1128.834,
338.3792,
599.8881,
186.1281,
2336.611,
1210.975,
1012.154,
440.3592,
1224.158,
235.9067,
85.61353,
2331.894,
712.9811,
96.05257,
92.57714,
0,
34445.82,
1995, 
1710.069,
11603.66,
150.781,
46.48273,
302.899,
310.5629,
359.1805,
145.9012,
48.63771,
627.485,
7742.255,
1197.558,
370.5612,
591.3456,
194.4217,
2352.906,
1273.499,
1101.017,
488.9032,
1329.19,
264.2842,
95.50774,
2356.292,
737.6039,
101.5786,
94.1385,
0,
35596.72,
1996, 
1769.374,
11869.69,
140.3134,
50.41577,
316.5308,
325.2281,
393.6909,
153.8261,
51.52419,
656.7578,
7862.221,
1271.288,
403.3968,
612.618,
198.0556,
2398.778,
1357.164,
1167.221,
539.4752,
1454.409,
289.873,
111.0929,
2409.506,
758.6254,
106.4518,
88.44423,
0,
36755.97,
1997, 
1806.976,
12070.31,
151.9864,
53.76626,
333.3639,
346.1833,
412.0295,
153.7341,
53.95806,
682.6323,
7988.954,
1285.463,
437.7197,
606.7702,
186.9466,
2347.791,
1429.32,
1251.298,
583.9104,
1520.386,
314.9279,
120.249,
2439.86,
781.616,
112.6057,
92.36739,
0,
37565.13,
1998, 
1800.117,
12388.8,
168.0041,
60.80772,
344.5221,
363.0131,
426.0679,
148.7064,
56.55273,
663.3414,
8151.387,
1316.392,
465.4911,
585.4579,
179.9864,
2323.38,
1541.674,
1352.581,
555.2061,
1603.575,
316.6101,
126.6403,
2474.862,
827.5612,
122.021,
116.3209,
0,
38479.08,
1999, 
1857.249,
12613.93,
178.8732,
64.96607,
358.0436,
366.8171,
452.4875,
159.0696,
58.67149,
670.5129,
8215.93,
1318.852,
477.4832,
589.0227,
179.3644,
2345.523,
1629.153,
1478.221,
616.1545,
1723.255,
333.6331,
140.617,
2505.89,
861.2514,
127.7291,
123.005,
0,
39445.71,
2000, 
1952.816,
13065.67,
192.8017,
68.72491,
375.9362,
393.6771,
495.2292,
165.3372,
61.92346,
699.437,
8258.904,
1375.363,
516.6202,
593.3209,
187.3671,
2434.468,
1732.253,
1561.207,
747.6419,
1940.984,
363.7067,
151.4772,
2590.226,
888.2692,
134.1915,
134.518,
0,
41082.07,
2001, 
1902.599,
12396.85,
198.8672,
69.6237,
367.8073,
392.1543,
527.574,
171.9976,
64.42049,
677.7937,
8129.352,
1431.403,
509.5465,
644.7947,
196.1316,
2464.198,
1818.476,
1642.678,
793.7665,
2130.463,
390.0602,
166.0172,
2557.052,
934.369,
143.3405,
147.1228,
0,
40868.45,
2002, 
1948.798,
12724.89,
202.8622,
73.32369,
394.0347,
395.1248,
573.1798,
181.7393,
66.38617,
735.8051,
7884.753,
1441.608,
541.132,
643.3431,
198.755,
2461.353,
1943.081,
1705.653,
843.6237,
2403.496,
418.7117,
184.1854,
2627.069,
948.6449,
151.1548,
156.5089,
0,
41849.21,
2003, 
1887.341,
12726.11,
247.8099,
76.42323,
414.4755,
416.4882,
603.3782,
176.0015,
71.06763,
770.902,
7755.69,
1487.604,
591.1658,
659.6606,
211.8557,
2543.436,
2061.709,
1828.426,
875.4001,
2781.26,
449.6349,
197.5621,
2633.266,
906.8516,
157.9104,
150.0867,
0,
42681.51,
2004, 
1912.864,
13042.46,
251.0278,
79.25237,
438.6426,
443.2979,
654.8866,
190.437,
77.6745,
796.5002,
7648.176,
1544.455,
633.6512,
679.9163,
220.3809,
2598.604,
2200.24,
1940.883,
920.3002,
3201.6,
488.1702,
208.5729,
2741.261,
918.5667,
170.7703,
158.0357,
0,
44160.63,
2005, 
1997.771,
13078.03,
265.5081,
84.27911,
455.8252,
459.925,
690.2823,
194.6315,
83.84435,
803.556,
7488.947,
1564.604,
674.3091,
697.4157,
218.1528,
2852.673,
2300.436,
2047.066,
976.9219,
3611.09,
523.8601,
224.6652,
2800.874,
901.5028,
184.6225,
168.6931,
0,
45349.48,
2006, 
1938.742,
12993.67,
274.6606,
88.40387,
477.3912,
483.7326,
739.3633,
215.1487,
93.00693,
833.1892,
7250.757,
1601.048,
723.0994,
727.9626,
226.8985,
2943.909,
2467.925,
2204.947,
1008.206,
4174.473,
557.8963,
235.5122,
2892.303,
914.8884,
195.5001,
172.874,
0,
46435.51,
2007, 
1975.241,
12623.27,
287.6065,
91.54256,
510.1123,
501.1882,
798.1072,
212.1274,
100.2262,
858.6611,
7031.471,
1584.293,
778.6178,
754.0311,
236.6447,
3038.629,
2646.11,
2357.339,
1064.418,
4860.594,
589.9161,
251.3126,
2945.639,
906.8035,
200.2129,
177.9324,
0,
47382.04,
2008, 
1969.441,
11989.97,
294.3215,
92.73511,
535.9874,
534.5825,
868.468,
214.5632,
107.625,
854.9716,
7038.828,
1573.29,
786.7843,
743.6303,
237.3091,
3116.048,
2874.138,
2458.082,
1127.853,
5493.959,
614.7172,
265.4048,
2870.115,
886.3132,
213.0184,
188.062,
0,
47950.21,
2009, 
1816.354,
10641.87,
292.2215,
93.46309,
535.3611,
535.2487,
977.3986,
221.3111,
122.1569,
829.6252,
6272.493,
1487.214,
760.1412,
649.0878,
238.3066,
2925.04,
3065.78,
2628.957,
1163.117,
6584.045,
639.1016,
273.6201,
2866.647,
884.7806,
224.4432,
201.5185,
0,
46929.3,
2010, 
1786.952,
10890.87,
308.5394,
95.5759,
593.2841,
542.7488,
1093.751,
245.5445,
142.0827,
866.1386,
6720.133,
1591.008,
820.1429,
709.1332,
248.9354,
3076.13,
3290.199,
2805.691,
1285.121,
8281.23,
691.5805,
290.3282,
3088.348,
929.1883,
233.2027,
209.8494,
0,
50835.7,
2011, 
1802.099,
10392.6,
344.1767,
100.6076,
616.5015,
565.4991,
1145.137,
253.7719,
162.4929,
880.7155,
7295.554,
1538.693,
883.9146,
730.741,
259.0615,
3114.355,
3497.652,
3105.274,
1342.638,
10649.92,
721.4194,
307.356,
3084.965,
977.3979,
246.5626,
221.3664,
0,
54240.48,
2012, 
1806.502,
9649.728,
368.2576,
108.4967,
642.3666,
588.9879,
1256.24,
273.5271,
209.577,
879.4951,
7487.432,
1450.271,
941.9252,
736.7166,
270.3848,
3172.392,
3663.373,
3299.334,
1387.124,
12676.17,
805.8677,
329.1887,
3331.545,
1028.5,
271.1934,
225.3891,
0,
56859.98,
2013, 
1743.793,
9764.072,
351.8333,
114.9332,
662.0488,
614.2747,
1314.902,
289.882,
205.3202,
945.8693,
7225.49,
1409.962,
947.0378,
728.5075,
287.5599,
3126.161,
3878.812,
3542.629,
1453.141,
15590.56,
889.7564,
354.2165,
4290.332,
1036.934,
304.4657,
241.6773,
0,
61314.18,
2014, 
1680.81,
9900.113,
369.4692,
119.7861,
692.4583,
620.4973,
1371.52,
311.5822,
234.1436,
1167.028,
6883.876,
1354.649,
996.219,
676.3065,
299.3086,
3097.484,
4162.219,
4010.765,
1556.438,
19035.72,
1016.825,
369.2266,
5447.947,
1049.725,
339.0357,
279.2074,
0,
67042.37,
2015, 
1685.302,
10031.97,
386.1249,
133.817,
707.6655,
635.2663,
1528.366,
327.3149,
259.9185,
1272.274,
7674.689,
1313.159,
1084.855,
619.175,
315.4207,
3088.763,
4225.216,
4404,
1717.791,
24354.91,
1122.254,
383.2843,
6840.034,
1084.782,
371.4517,
284.5741,
0,
75852.38,
2016, 
1587.825,
10230.21,
409.9662,
142.9723,
687.5696,
630.0336,
1584.473,
341.2898,
282.5274,
1546.532,
8419.124,
1305.992,
1268.874,
650.8607,
311.8987,
2985.115,
4664.16,
5136.013,
1864.075,
30262.82,
1387.587,
402.302,
8010.918,
1147.346,
455.4857,
295.8867,
0,
86011.85,
2017, 
1587.148,
10558.17,
422.6779,
152.8246,
744.925,
668.7661,
1775.501,
397.0424,
325.171,
2035.584,
9352.451,
1328.075,
2063.573,
674.8484,
331.7861,
3024.503,
5064.432,
6255.909,
2082.859,
37964.01,
1497.531,
429.998,
9287.741,
1196.251,
511.955,
328.7228,
0,
100062.5,
2018, 
1557.364,
10840.14,
446.7357,
164.0218,
807.668,
705.72,
2353.129,
470.211,
429.6903,
2525.095,
10250.07,
1363.756,
2569.721,
738.9686,
377.5858,
3089.216,
5706.292,
7527.614,
2434.69,
45261.02,
1669.745,
471.6682,
10464.34,
1277.87,
583.2641,
365.2917,
0,
114450.9,
2019, 
1528.859,
11021.39,
477.1577,
176.7257,
860.9928,
746.0574,
2736.541,
507.02,
473.2398,
2553.74,
11704.86,
1487.741,
2893.365,
987.174,
467.6427,
3212.806,
7079.948,
8706.36,
3021.243,
52474.84,
2553.945,
512.6641,
11830.64,
1612.709,
640.4276,
436.4815,
0,
130704.6,
2020, 
1364.84,
9892.358,
435.7207,
164.8252,
808.6276,
709.3578,
2602.202,
533.3077,
500.0521,
2972.842,
12942.89,
1359.448,
3062.429,
985.7074,
531.507,
2826.122,
7182.639,
9130.591,
3322.411,
69051.35,
4677.688,
495.012,
12958.55,
1940.208,
672.816,
421.1753,
0,
151544.7,
2021, 
1397.011,
11018.58,
439.7959,
177.497,
856.4481,
738.6798,
2660.236,
599.0312,
547.3762,
3015.772,
13673.19,
1506.593,
3417.924,
1033.759,
612.8406,
2988.628,
7733.609,
16873.13,
3540.322,
71197.17,
4481.76,
522.9974,
13166.32,
2065.252,
715.381,
456.7858,
0,
165436.1,
2022, 
1392.88,
12416.24,
460.1381,
188.3428,
916.078,
762.5975,
2435.698,
599.2446,
511.4549,
2719.389,
14046.77,
1514.268,
3801.215,
1144.864,
773.8018,
3060.692,
6636.118,
28057.17,
3880.238,
80089.7,
4824.534,
628.639,
13531.82,
2232.672,
846.7437,
420.1767,
0,
187891.5,
2023, 
1401.695,
13457.63,
474.4297,
199.7896,
948.6647,
786.4727,
2144.631,
606.9711,
479.8172,
2585.545,
14431.24,
1583.559,
5358.421,
1170.138,
915.6725,
3104.635,
5973.884,
28111.47,
4208.747,
90800.7,
5478.227,
768.1522,
14011.49,
2391.636,
942.8836,
399.8389,
0,
202736.3,
2024, 
1406.855,
14541.21,
489.9504,
213.6513,
998.6451,
816.9728,
1803.68,
619.694,
447.8123,
2393.435,
15070.26,
1593.344,
4608.915,
1191.304,
1115.058,
3140.991,
5586.422,
28576.13,
4318.602,
94744.93,
6251.433,
919.3983,
14258.37,
2444.539,
1089.343,
392.6505,
0,
209033.6,
2025, 
1394.553,
16498.51,
509.7643,
228.9981,
1050.959,
845.9916,
1507.933,
635.4618,
422.4769,
2340.733,
16132.34,
1704.303,
4247.286,
1213.548,
1331.046,
3187.189,
5137.886,
28748.39,
4414.4,
104779,
6958.983,
1083.334,
14482.61,
2924.725,
1268.936,
391.6517,
0,
223441,
2026, 
1385.135,
19325.78,
543.4092,
249.9544,
1108.821,
887.7061,
1275.701,
643.3918,
419.7386,
2258.25,
17284.72,
1843.97,
4092.441,
1232.028,
1611.335,
3251.829,
4637.984,
28713.36,
4610.194,
117610.9,
7483.558,
1253.102,
15241.77,
3014.675,
1560.836,
392.1409,
0,
241932.7,
2027, 
1377.416,
23598.21,
584.3597,
274.2607,
1169.481,
932.1973,
1085.451,
639.0786,
422.7177,
2160.511,
19121,
2069.883,
4072.167,
1250.937,
1810.034,
3333.807,
4069.842,
39560.47,
6504.662,
127489,
8165.181,
1582.225,
15532.36,
3092.934,
1999.262,
393.1006,
0,
272290.5,
2028, 
1365.78,
29927.49,
653.0388,
355.2328,
1251.198,
984.5145,
924.5834,
603.9684,
380.6817,
2049.771,
21882.86,
2496.483,
3439.463,
1272.095,
2054.72,
3426.875,
3436.267,
40203.55,
7925.71,
136284.8,
9387.265,
2113.585,
16122.39,
3164.354,
2952.374,
384.0509,
0,
295043.1,
2029, 
1352.225,
43295.69,
729.5719,
482.9679,
1331.414,
1045.744,
795.0118,
553.6138,
334.1553,
2048.557,
25374.72,
3123.401,
2865.673,
1296.615,
2334.269,
3519.612,
2772.142,
41216.32,
9255.45,
146204.1,
10698.76,
2971.013,
16326.45,
3415.24,
4100.289,
370.3518,
0,
327813.3,
2030, 
1342.078,
62133.98,
812.603,
694.3962,
1426.974,
1121.595,
658.304,
468.9866,
277.6237,
2007.903,
36536.49,
3870.055,
2367.232,
1320.337,
2682.773,
3677.997,
2130.336,
43986.6,
14199.1,
154907.2,
12425.6,
4378.737,
16571.2,
3829.808,
5352.894,
345.0041,
0,
379525.8,
2031, 
1360.05,
64896.65,
891.4478,
954.675,
1490.689,
1199.933,
514.8948,
350.9062,
199.9429,
1665.599,
27666.7,
4885.457,
1816.929,
1328.311,
2946.035,
3798.771,
1476.869,
46768.73,
14054.31,
158003.8,
14340.28,
5951.514,
16634.9,
4308.332,
6462.754,
285.7254,
0,
384254.2,
2032, 
1328.929,
68871.37,
1119.222,
1370.507,
1561.128,
1277.819,
649.5919,
400.3593,
234.9232,
1726.996,
28735.57,
6515.163,
1872.72,
1338.869,
3260.782,
3921.07,
1726.961,
50414.13,
13928.88,
160950.3,
16249.97,
7358.703,
16725.81,
5081.948,
7749.104,
330.0285,
0,
404700.8,
2033, 
1322.557,
74915.7,
1367.182,
2511.397,
1611.66,
1444.167,
797.5663,
426.889,
267.8162,
1830.712,
34782.56,
14134.57,
1934.829,
1348.832,
3585.518,
4094.132,
1930.412,
53150.63,
14092.09,
165167.5,
17898.31,
8641.899,
16920.12,
6269.416,
8782.477,
390.0068,
0,
439618.9,
2034, 
1647.843,
83880.76,
1637.448,
4539.485,
1660.491,
1659.402,
935.5692,
424.5217,
289.9029,
1910.438,
38364.21,
28525.23,
2000.189,
1366.876,
3887.294,
4269.337,
2148.295,
56326.14,
13891.11,
170954.6,
19886.35,
9430.175,
17062.9,
7406.093,
9411.115,
464.0751,
0,
483979.9,
2035, 
2150.116,
95179.09,
1907.207,
6734.139,
1697.047,
1857.372,
1062.903,
411.1009,
311.3705,
2005.851,
43277.79,
71159.81,
2086.634,
1394.625,
4170.977,
4418.102,
2393.16,
58488.96,
13690.86,
178833.5,
21557.37,
9858.938,
17211.48,
8609.608,
10020.81,
564.1253,
0,
561052.9,
2036, 
2892.313,
103432.8,
2206.002,
8442.57,
1929.701,
2096.022,
1187.927,
397.3621,
344.2386,
2061.928,
36051.43,
90287.35,
2203.963,
1429.271,
4432.853,
4607.729,
2615.186,
60536.43,
13489.17,
189192.2,
23099.4,
10308.65,
17326.34,
9690.685,
10586.26,
710.7079,
0,
601558.5,
2037, 
3584.14,
114713.3,
2473.225,
9028.278,
2119.69,
2370.553,
1310.042,
383.2148,
381.8163,
2111.835,
37733.86,
96496.55,
2371.847,
1474.74,
4667.097,
4859.793,
2774.055,
63119.85,
13233.58,
198088.9,
24264.28,
10825.93,
17442.21,
10595.73,
11032.34,
897.2337,
0,
638354.1,
2038, 
4231.555,
125124.4,
2697.941,
8911.099,
2293.226,
2603.297,
1421.189,
366.7633,
428.2376,
2144.423,
38824.25,
112406,
2520.642,
1530.473,
4880.729,
5100.093,
2842.244,
66015.39,
12945.52,
207227.7,
25545.23,
11528.72,
17545.22,
11337.81,
11415.9,
1091.415,
0,
682979.4,
2039, 
4787.633,
135833.8,
2829.651,
8365.341,
2463.019,
2777.183,
1544.758,
349.0287,
508.9807,
2139.53,
41152.13,
119981.6,
2756.478,
1567.836,
5119.03,
5386.541,
3515.727,
69114.19,
12516.79,
215494.2,
26666.21,
12171.64,
17671.81,
12145.42,
11765.73,
1327.946,
0,
719952.2,
2040, 
5318.282,
145500.9,
2948.491,
7739.724,
2607.69,
2896.665,
1690.386,
335.6612,
589.2928,
2122.101,
42996.15,
128025.8,
3007.473,
1611.148,
5341.024,
5687.772,
5003.747,
72642.55,
12094.85,
220886.2,
27166.38,
12755.52,
17694.64,
12734.64,
12122.35,
1514.505,
0,
753033.9,
2041, 
5684.403,
154310.6,
3098.592,
7108.018,
2713.575,
3030.093,
1866.038,
325.2104,
696.4531,
2137.27,
42745.95,
124746,
3321.856,
1666.338,
5587.188,
5977.225,
7494.38,
75044.41,
11653.55,
228292.2,
27975.26,
13418.85,
17743.28,
13529.97,
12483.56,
1636.571,
0,
774286.9,
2042, 
6153.956,
165278.5,
3283.173,
6950.093,
2806.307,
3129.177,
2057.717,
320.9485,
868.8307,
2157.739,
48399.85,
122830.2,
3634.938,
1726.349,
5830.581,
6266.203,
10659.06,
76603.08,
11349.46,
234705.4,
28887.81,
14136.83,
17854.07,
14458.72,
12855.41,
1777.905,
0,
804982.2,
2043, 
6791.177,
175149.5,
3485.364,
7030.794,
2856.659,
3257.353,
2255.765,
323.7347,
1152.761,
2278.726,
50021.69,
123507.4,
3931.466,
1799.175,
6136.59,
6529.15,
14089.64,
78511.93,
11294.55,
242256,
29966.63,
14909.39,
17932.19,
15741.87,
13235.61,
1956.376,
0,
836401.4,
2044, 
7595.441,
186485.8,
3717.211,
7273.63,
2870.428,
3352.123,
2479.731,
330.4701,
1623.128,
2462.526,
53354.64,
123361.1,
4330.075,
1867.797,
6456.713,
6957.669,
17208.25,
80914.37,
11518.95,
248953.2,
31245.58,
15699.93,
18024.93,
17088.49,
13704.08,
2178.745,
0,
871055.1,
2045, 
8195.891,
198504.9,
3935.807,
7464.524,
2908.808,
3444.845,
2736.637,
333.0807,
2166.644,
2568.996,
55603.47,
124169.6,
4647.53,
1950.976,
6765.97,
7344.188,
18869.18,
83740.15,
11967.5,
254757.9,
32438.48,
16572.66,
18174.41,
18498.62,
14388.62,
2461.947,
0,
904611.3,
2046, 
8744.671,
212276.8,
4191.749,
7591.125,
2980.99,
3567.615,
3033.828,
339.7235,
3081.262,
2635.041,
55149.46,
121695.4,
4959.315,
2038.887,
7051.397,
7927.081,
20131.99,
87508.55,
12446.22,
261312,
33821.74,
17707.75,
18407.81,
19604.86,
15069.98,
2802.78,
0,
936077.9,
2047, 
9208.104,
225369.6,
4265.696,
7845.633,
3048.822,
3699.418,
3338.736,
345.9172,
4195.674,
2704.201,
59943.59,
121059.8,
5164.722,
2135.75,
7399.938,
8694.858,
21613.8,
91431.64,
12762.76,
267469.7,
35516.64,
18635.91,
18826.14,
20186.63,
15826.55,
3216.719,
0,
973906.9,
2048, 
9551.196,
238161.3,
4627.531,
8021.364,
3115.126,
3858.628,
3660.658,
352.0305,
5457.086,
2776.643,
59453.58,
120870.6,
5412.071,
2233.539,
7857.228,
9382.925,
23222.98,
96470.78,
12987.48,
274280.1,
37276.96,
19561.74,
19204.63,
20501.41,
19242.64,
3640.184,
0,
1011180,
2049, 
9782.84,
253427.5,
4599.173,
7902,
3189.884,
3831.607,
4010.374,
361.0419,
6768.085,
2852.308,
62609.63,
119656.8,
5617.992,
2395.372,
8069.513,
9946.385,
24957.87,
102714.9,
13078.99,
281195.5,
38960.04,
20508.11,
19765.18,
20459.82,
22406.67,
4083.837,
0,
1053151,
2050, 
9806.795,
270638.1,
4753.623,
7885.831,
3231.197,
4150.554,
4379.403,
371.7768,
7393.046,
2924.331,
64933.2,
120079.5,
5831.84,
2610.603,
8328.723,
10635.8,
26281.01,
110433.3,
12842.94,
287040.7,
40455.22,
21401.85,
20259.09,
20533.75,
25226.38,
4502.497,
0,
1096931,
2051, 
9766.187,
295327.7,
5116.693,
7720.512,
3296.85,
4082.063,
4784.136,
389.3542,
7950.119,
3010.742,
66539.3,
118450.6,
6165.772,
2888.095,
8565.421,
11066.48,
28075.5,
120173.9,
12790.65,
296195.9,
42332.94,
22090.97,
21002.86,
20760.77,
27857.35,
4966.185,
0,
1151367,
2052, 
9784.804,
327146,
5081.164,
7645.838,
3382.102,
4327.423,
5239.329,
425.9155,
8543.761,
3091.873,
71652.96,
117905.6,
6567.624,
3214.355,
8577.048,
11155.17,
29882.55,
129698.3,
12884.47,
304800.6,
43866.53,
22767.1,
21661.46,
21054.47,
30514.68,
5449.131,
0,
1216320,
2053, 
10027.91,
370230.9,
5469.749,
7396.06,
3470.656,
4186.677,
5706.435,
490.9754,
9175.06,
3176.196,
72968.79,
117261.3,
7040.413,
3552.444,
8616.181,
11120.64,
31755.6,
141395.9,
12964.38,
314997.3,
45259.15,
23191.09,
22261.13,
21564.36,
30045.74,
5965.199,
0,
1289290,
2054, 
10363.93,
416905.2,
5773.335,
7143.578,
3587.775,
4361.424,
6221.048,
590.6985,
9822.875,
3263.626,
77473.95,
118532.2,
7597.456,
3894.539,
8741.279,
11004.87,
33686.72,
152962.4,
13071.97,
327905.1,
46720.76,
23918.47,
22907.93,
22096.85,
29852.78,
6508.526,
0,
1374909,
2055, 
10653.28,
477579.3,
6037.679,
6687.637,
3713.143,
4157.05,
6673.141,
743.5838,
10529.16,
3356.453,
82522.75,
119252.7,
8114.588,
4204.204,
8847.877,
10474.72,
35705.7,
165639.5,
13073.87,
333480.8,
48357.5,
24942.19,
23593.39,
22521.12,
29649.31,
7144.357,
0,
1467655,
2056, 
10772.62,
553116.8,
6332.599,
6423.302,
3837.199,
4315.149,
7127.902,
945.252,
11232.96,
3449.625,
84657.82,
116657.2,
8565.587,
4440.709,
8939.001,
10071.4,
37787.49,
174420,
13035.78,
340948.7,
49872.98,
26011.63,
24159.5,
23178.71,
29353.4,
7798.022,
0,
1567451,
2057, 
10722.27,
637614.1,
6578.226,
6133.752,
3980.347,
4286.224,
7561.408,
1194.163,
11980.22,
3548.98,
91220.02,
113119.5,
8982.99,
4609.641,
9052.543,
9417.771,
39620.03,
183830.9,
12879.15,
348575.2,
51462.46,
27029.06,
24809.79,
23801.18,
29190.04,
8222.204,
0,
1679422,
2058, 
10411.74,
732393.5,
6785.33,
5922.354,
4113.795,
4279.845,
7952.806,
1561.924,
12832.67,
3647.085,
98013.77,
108884.3,
9377.554,
4609.711,
9306.859,
9594.651,
41228.93,
193581.4,
12881.86,
358036.8,
52750.98,
28264.51,
25439.46,
24280.87,
29149.2,
9269.169,
0,
1804571,
2059, 
10458.04,
805507.9,
7151.082,
5706.171,
4229.019,
4302.365,
8190.518,
2054.37,
13642.51,
3740.284,
100517.8,
106973.6,
9725.397,
4576.288,
9375.903,
9744.066,
43237.46,
199448.4,
12849.16,
366799.2,
53965.9,
29590.72,
26080.25,
25283.19,
29199.57,
9812.54,
0,
1902162,
2060, 
10480.34,
864641.6,
7492.739,
5528.462,
4323.24,
4366.218,
8438.117,
2667.675,
14495.82,
4006.152,
103077.5,
104893.3,
9996.872,
4531.184,
9517.724,
9841.728,
44660.76,
206319.3,
12772.22,
374035,
55037.59,
31056.01,
26658.93,
26333.64,
29471.91,
10936.1,
0,
1985580,
2061, 
11182.3,
907061,
7967.198,
5349.549,
4416.187,
4506.236,
8676.456,
3589.685,
15351.08,
4318.526,
103226.5,
100957,
10225.08,
4482.337,
9662.956,
9886.462,
45470.89,
210717.6,
12814.63,
381837.2,
56377.75,
32610.21,
27047.25,
27703.09,
30224.56,
11603.2,
0,
2047265,
2062, 
11590.95,
950104.8,
8203.832,
5226.606,
4516.101,
4652.353,
8921.251,
4864.388,
16255.03,
4637.98,
107008.6,
99956.25,
10429.34,
4439.371,
9958.134,
9829.213,
45853.87,
218147.3,
12869.8,
388098.6,
58013.36,
34405.12,
27588.89,
28993.62,
31599.71,
12888.58,
0,
2119053,
2063, 
12047.83,
961397.2,
8445.322,
5066.098,
4597.423,
4693.694,
9172.081,
6369.896,
17181.27,
4941.268,
104009.9,
96083.8,
10545.84,
4403.484,
10068.92,
9830.286,
46200.5,
223690.6,
12951.6,
392814.1,
59535.71,
36724.55,
27860.16,
30878.03,
32819.03,
13588.55,
0,
2145917,
2064, 
12390.79,
965547.5,
8742.756,
4884.326,
4683.17,
4859.227,
9426.107,
8579.633,
18189.44,
5221.736,
103416.3,
95231.98,
10575.16,
4371.532,
11237.05,
9820.424,
46627.19,
230944.2,
13035.83,
396400.5,
60798.14,
38601.85,
28132.97,
32222.1,
34397.96,
14377.35,
0,
2172715,
2065, 
12792.22,
953566,
8924.404,
4839.396,
4760.774,
4946.659,
9693.059,
11886.88,
19212.67,
5487.284,
98335.98,
89611.64,
10544.23,
4355.432,
12240.97,
9831.047,
47258.2,
235587,
13163.18,
396209.4,
61655.97,
40142.25,
28009.21,
33946.13,
36147.21,
15716.37,
0,
2168864,
2066, 
12805.83,
935475,
9384.767,
4868.491,
4827.05,
4974.672,
9955.843,
14559.44,
20224.05,
5762.667,
94739.23,
87321.95,
10508.35,
4343.786,
13136.03,
9752.06,
48046.25,
243008.3,
13350.01,
397208.3,
62591.84,
41612.82,
27987.07,
36031.43,
38000.49,
16602.74,
0,
2167079,
2067, 
12942.63,
917262.2,
10081.88,
4894.794,
4900.734,
5038.606,
10228.22,
15887.76,
21328.87,
6037.734,
88627.8,
85467.74,
10436.03,
4356.951,
13823.16,
9825.662,
48936.79,
252666.3,
13638.95,
395957.2,
63562.95,
42911.29,
27631.7,
39528.69,
40327.87,
18160.27,
0,
2164463,
2068, 
13443.24,
900960.9,
10753.27,
4896.995,
4961.775,
5254.451,
10512.89,
17340.23,
22491.32,
6338.88,
83045.08,
83878.73,
10344.95,
4343.641,
14590.26,
9859.865,
50039.18,
260506.6,
14046.63,
394703.4,
64888.95,
44114.21,
27374.99,
43013.39,
42740.85,
19170.83,
0,
2163616,
2069, 
14314,
878557.5,
12305.21,
4907.945,
5010.14,
5236.596,
10809,
18893.29,
23707.63,
6684.946,
78019.84,
82256.67,
10255.16,
4322.567,
13987.4,
9991.349,
51313.88,
269066.9,
15035.34,
390919.2,
65832.1,
45022.56,
26939.53,
47585.49,
45564.91,
20800.12,
0,
2157339,
2070, 
14945.5,
866824.8,
13273.44,
4910.481,
5076.381,
5432.04,
11123.52,
20443.23,
24945.33,
6795.826,
73274.54,
80710.88,
10174.15,
4310.438,
13531.93,
10132.21,
53017.95,
275234.4,
16024.83,
387089.7,
66210.41,
45789.38,
26623.27,
51390.02,
47551.02,
21654.82,
0,
2156491,
2071, 
15487.96,
857439.4,
14603.31,
4947.673,
5176.314,
5555.726,
11432.7,
21966.91,
26199.37,
7403.566,
69501.06,
80263.84,
10105.81,
4313.662,
13067.89,
10245.37,
54776.15,
283428,
17066.4,
382550,
67066.35,
46916.54,
26223.69,
56229.38,
50071.77,
23277.51,
0,
2165316,
2072, 
16468.64,
868768.1,
15961.25,
4980.648,
5270.645,
5695.337,
11746.71,
23414.53,
27453.84,
7602.251,
67589.13,
79601.99,
10032.87,
4327.713,
12674.58,
10233.29,
57722.45,
291111.5,
18089.45,
377717.2,
67717.63,
48004.66,
25872.66,
61788.33,
52716.77,
24385.27,
0,
2196948,
2073, 
17460.59,
877700.1,
17446.92,
5031.264,
5386.91,
5864.651,
12074.92,
24829.29,
28695.39,
8224.788,
65745.05,
79372.06,
9949.184,
4335.848,
12345.85,
10619.1,
60509.66,
295824.7,
19096.9,
370674.4,
67995.9,
49109.2,
25623.6,
67559.05,
56035.9,
25957.19,
0,
2223469,
2074, 
19268.29,
904360,
18303.51,
5115.365,
5498.743,
6120.08,
12405.91,
27300.91,
29924.88,
8387.182,
64059.48,
78289.1,
9915.65,
4370.55,
12084.2,
10643.03,
63727.23,
301630.4,
19290.65,
363866.1,
69091.86,
50300.24,
25147.92,
73266.13,
58989.7,
26926.68,
0,
2268284,
2075, 
21220.34,
930464.2,
19531.79,
5183.544,
5610.887,
6277.161,
12743.72,
30158.32,
31201.64,
8986.636,
61793.42,
79075.06,
9896.31,
4397.156,
11893.17,
10840.95,
66720.52,
304747.5,
19130.6,
355721.8,
69122.47,
51270.29,
24910.62,
78554.64,
61785.5,
28355.27,
0,
2309594,
2076, 
24421.2,
965365.6,
20082.34,
5268.259,
5733.848,
6508.322,
13065.74,
33237.37,
32406.61,
9203.973,
61840.61,
79085.81,
9919.285,
4452.393,
11787.63,
10924.15,
69797.64,
310919.1,
19259.59,
349099.9,
70021.91,
52033.98,
24519.95,
84170.97,
65256.21,
30517.34,
0,
2368900,
2077, 
27469.49,
995747.8,
20745.16,
5334.448,
5827.934,
6629.734,
13377.83,
36709.94,
33602.36,
9984.938,
61215.92,
80894.23,
9971.641,
4484.854,
11795.1,
11146.03,
73050.63,
314317.3,
18780.47,
345090.3,
70144.13,
52806.5,
24771.75,
89689.36,
68576.91,
33426.65,
0,
2425592,
2078, 
34498.93,
1036312,
21187.85,
5370.54,
5939.24,
6865.696,
13685.27,
40391.04,
34857.14,
10153.63,
61410.6,
81111.77,
10048.25,
4551.939,
11770.36,
10951.1,
77049.26,
319376,
18666.45,
339508.2,
70538.88,
53552.7,
24743.31,
94961.57,
72988.39,
35171.98,
0,
2495662,
2079, 
41197.59,
1063333,
21237.53,
5364.16,
6053.488,
7070.542,
13974.18,
44540.33,
36159.65,
10879.51,
64341.2,
83195.18,
10129.95,
4573.156,
11860.73,
10900.94,
79530.77,
324146.6,
18047.2,
334949.4,
71115.95,
53991.09,
24748.29,
100840.3,
76715.79,
37261.91,
0,
2556158,
2080, 
44484.68,
1100238,
21536.71,
5322.77,
6162.43,
7143.069,
14265.31,
48587.15,
37488.63,
11078.03,
67381.73,
86046.36,
10256.93,
4595.176,
11960.46,
10846.64,
84959.68,
327137.8,
17894.91,
331883.5,
71476.81,
54552.68,
24599.02,
106606.8,
81902.91,
39208.22,
0,
2627616,
2081, 
43584.22,
1126551,
21407.21,
5271.987,
6253.015,
7151.147,
14512.84,
52736.23,
38792.52,
11993.95,
81686.54,
88459.38,
10412.37,
4563.004,
12092.71,
10958.01,
91295.7,
335209,
17440.5,
329051.3,
72005.05,
54900.71,
24626.34,
112597.1,
87509.64,
42514.02,
0,
2703576,
2082, 
44399.68,
1165404,
21744.62,
5203.345,
6319.795,
7175.841,
14755.17,
57462.25,
40323.71,
12474.85,
98328.31,
91219.29,
10627.12,
4547.421,
12393.61,
11053.36,
97950.98,
340931.7,
17254.17,
328082.5,
72408.76,
55398.35,
24157.33,
118458.7,
94967.16,
45165.78,
0,
2798208,
2083, 
42136.31,
1178261,
21672.71,
5151.215,
6388.302,
7105.982,
14976.88,
62548.29,
44439.04,
13544.32,
114352.9,
90492.51,
10782.35,
4483.125,
12670.15,
11328.19,
104810.4,
348763.8,
16951.62,
326591.9,
72703.08,
55747.77,
23963.76,
123515.3,
101345.6,
48850.6,
0,
2863577,
2084, 
39768.02,
1217085,
21576.04,
5084.086,
6408.924,
7186.22,
15193.23,
66960.99,
49388.61,
14090.79,
128936,
94169.18,
11018.87,
4468.18,
12818.58,
11661.26,
110784.4,
354503.5,
16856.63,
326092.7,
72849.44,
56065.02,
23952.85,
128808.1,
107851.1,
51962.46,
0,
2955540,
2085, 
35969.73,
1210202,
21494.58,
5004.461,
6483.034,
7184.228,
15943.18,
72548.79,
54381.58,
15274.63,
150404.3,
93917.54,
11172.6,
4445.78,
14119.77,
12066.12,
116757.6,
357977.8,
16693.08,
324152.6,
73023.93,
56403.48,
24130.73,
132727.7,
113736.5,
53893.35,
0,
3000109,
2086, 
31450.13,
1246188,
21221.68,
4944.167,
6532.771,
7347.915,
17201.29,
80485.63,
61436.01,
16653.56,
159734.6,
96074.26,
11384.86,
4585.668,
14906.29,
12417.13,
122866.8,
362537.5,
16648.73,
324194.8,
73278.2,
56564.52,
24390.39,
137628.2,
120904.4,
56688.98,
0,
3088267,
2087, 
27202.19,
1271274,
21181.46,
4889.115,
6616.941,
7379.413,
18232.9,
87018.39,
67750.93,
18577.55,
179154.3,
96134.4,
11554.32,
4759.755,
15671.7,
12896.09,
130196.6,
367192.3,
16522.48,
323045,
73802.57,
56956.5,
24862.71,
142117.3,
125946.5,
59449.27,
0,
3170385,
2088, 
22653.89,
1300614,
20847.66,
4847.172,
6721.093,
7500.637,
19301.11,
94863.59,
74816.72,
20010.69,
198856.8,
98405.76,
11809.24,
6320.097,
16438.93,
13261.46,
139047.7,
373839.7,
16419.46,
323261.7,
74367.61,
57491.45,
25440.81,
147684.9,
132876.6,
63195.73,
0,
3270894,
2089, 
20193.79,
1329667,
20923.79,
4785.487,
6864.5,
7566.082,
20537.06,
102838.4,
78645.55,
22168.07,
225847.9,
97415.85,
12015.54,
8114.13,
17185.64,
13647.34,
149539.2,
380457.4,
16293.88,
324339.9,
74893.7,
57983.61,
26278.54,
152578.5,
140840.2,
65296.24,
0,
3376918,
2090, 
18247.52,
1363645,
20580.91,
4743.952,
6994.163,
7614.043,
21893.09,
107853.1,
85499.12,
23916.36,
239035.2,
99898.55,
12361.43,
10355.1,
16707.34,
13954.58,
163242.7,
386898.8,
16122.28,
324961.7,
75444.09,
58831.91,
27058.86,
157615.1,
147823.2,
67376.41,
0,
3478674,
2091, 
17414.64,
1381246,
20701.33,
4691.943,
7138.033,
7676.505,
23222.29,
111499.5,
95126.2,
26879.47,
259010.5,
101073.8,
12671.25,
12050.75,
16355.65,
14217.54,
181576,
396415.4,
15658.6,
327335.3,
76176.3,
59301.94,
27673.23,
160011.6,
156111,
70908.94,
0,
3582143,
2092, 
16534.69,
1416298,
20996.11,
4649.633,
7286.765,
7812.369,
25146.09,
117358.2,
98736.74,
29470.66,
276810.2,
103334.1,
13099,
14017.61,
15966.09,
14400.32,
201861.3,
404007.2,
15250.13,
327531.1,
77116,
60810.65,
28360.21,
162704.4,
164414.8,
75508.81,
0,
3699481,
2093, 
16684.99,
1429532,
21117.86,
4588.989,
7417.419,
7931.175,
26977.71,
122372.2,
107034.5,
33304.38,
301162.7,
105022,
13488.28,
15464.58,
15631.7,
14641.02,
226943.5,
414293.1,
14796.34,
330568.3,
77938.58,
61418.08,
28810.8,
163030.7,
173296,
79306.08,
0,
3812773,
2094, 
16974.54,
1458082,
21484.69,
4531.672,
7594.987,
8027.793,
29506.95,
127680.9,
117030.6,
37407.7,
320873.8,
106723.9,
13934.42,
17062.09,
15313.44,
14825.32,
264649.2,
426871.4,
14341.08,
331162.6,
78818.47,
63391.53,
29058.74,
163316,
182289.2,
82923.9,
0,
3953877,
2095, 
18453.04,
1459936,
21716.77,
4459.135,
7771.259,
8127.732,
32432.42,
135997.3,
126791.9,
39289.1,
358332.6,
108570.8,
14269.53,
18971.74,
15092.2,
14932.43,
305075,
442700.7,
13889.53,
334997.4,
79723.38,
64222.62,
29115.69,
161259,
191353.3,
86510.07,
0,
4093991,
2096, 
19311.31,
1479601,
22166.62,
4377.085,
7863.674,
8256.49,
35153.38,
144514.6,
141432,
44551.45,
397185,
108587.1,
14638.2,
21576,
14856.04,
15027.05,
359945.3,
455980.3,
13457.49,
336893.7,
80919.66,
66371.4,
29005.12,
161837.4,
200493.6,
91062.85,
0,
4275064,
2097, 
21543.07,
1467780,
22295.57,
4300.471,
7986.231,
8369.723,
37189.5,
150793,
155925.6,
46697.82,
449376.9,
110833.4,
14850.79,
24143.15,
15142.5,
15156.34,
437350.7,
472253.6,
12978.27,
339805.8,
81682.27,
67534.03,
29017.75,
161741.8,
209951.1,
95292.97,
0,
4459993,
2098, 
22825.77,
1463228,
22072.18,
4232.025,
8092.661,
8513.453,
37940.7,
161197.7,
175351.6,
51366.04,
487633.8,
110876.6,
15144.99,
26116.43,
15458.7,
15315.49,
552278.7,
480652.2,
12582.37,
338697.5,
82867.06,
70027.76,
28477.05,
161391.9,
219126.3,
103316,
0,
4674783,
2099, 
27456.61,
1450338,
22458.71,
4137.395,
8169.195,
8649.165,
38983.43,
175579.8,
190793.8,
52550.11,
535866,
111641.8,
15327.68,
27632.96,
15703.78,
15403.84,
718280.6,
496733.5,
12231.44,
345886.3,
83963.88,
71488.28,
27793.97,
160637.3,
228589.3,
110974.7,
0,
4957271,
2100, 
29661.16,
1438399,
22409.27,
4067.721,
8247.338,
8787.987,
39854.79,
187133.6,
209832.3,
55622.28,
557780.7,
110931.1,
15672.65,
28085.67,
16101.82,
15580.3,
925592.6,
496087.7,
12008.79,
352565.1,
85007.52,
73691.77,
27273.35,
160747.3,
235059.6,
119848.1,
0,
5236050];
