real main.em.ep.isp.StorCapTot[28](t) = [1971, 
639.5192,
3100.922,
27.66575,
12.26807,
54.25508,
69.89091,
56.50912,
46.1403,
10.60524,
171.8734,
3674.702,
584.2175,
40.63818,
398.3995,
97.05313,
1479.285,
145.9782,
162.6877,
67.3576,
194.496,
33.46875,
4.304608,
749.9552,
122.7769,
17.23459,
25.1925,
0,
11987.4,
1972, 
660.1614,
2782.228,
29.36286,
12.83172,
56.28637,
76.01118,
55.14791,
48.68295,
11.25903,
186.9871,
3654.079,
595.2252,
47.02565,
407.2615,
97.71178,
1555.958,
142.9601,
152.3688,
65.4657,
189.8565,
36.65295,
4.774254,
784.7482,
118.2945,
15.00437,
34.762,
0,
11821.11,
1973, 
737.6369,
3104.207,
31.51262,
14.04177,
64.97953,
82.27327,
60.40057,
53.80853,
12.21437,
199.8193,
3957.469,
629.6364,
96.31441,
416.5128,
100.9949,
1583.323,
174.7346,
163.2957,
75.60686,
207.3581,
39.91694,
5.613074,
860.1453,
137.5792,
16.77753,
38.38516,
0,
12864.56,
1974, 
765.9481,
3091.565,
41.0056,
14.68067,
72.32705,
87.29306,
69.31934,
53.12988,
13.3407,
216.5195,
4050.712,
662.5139,
99.92826,
426.8846,
103.1604,
1602.534,
204.5974,
170.1915,
78.95859,
210.164,
43.86004,
6.015978,
855.9669,
147.4382,
17.24061,
49.43127,
0,
13154.73,
1975, 
749.978,
3205.328,
41.95238,
15.7943,
77.78496,
91.12995,
102.393,
58.37714,
14.33809,
233.0914,
4067.838,
715.9481,
113.9586,
467.6455,
112.0967,
1679.146,
245.6285,
190.6047,
91.58865,
238.5481,
45.46817,
7.096351,
882.9713,
152.9127,
18.4695,
53.08804,
0,
13673.18,
1976, 
811.2783,
3433.887,
44.82657,
16.98943,
89.14194,
96.03072,
108.3475,
60.1494,
16.10469,
245.5686,
4363.486,
747.9697,
125.3428,
464.6839,
114.4532,
1688.88,
271.227,
215.1754,
97.66859,
249.3155,
50.74574,
6.765706,
938.4514,
158.9389,
18.64186,
57.2386,
0,
14491.31,
1977, 
867.7623,
3549.779,
49.18575,
18.7079,
100.0438,
103.6861,
117.3874,
64.4,
17.14196,
245.2347,
4463.647,
791.27,
135.89,
475.6734,
116.3355,
1718.085,
312.1868,
224.9263,
106.6459,
274.8573,
56.23861,
7.490512,
976.2247,
167.7828,
19.70478,
63.58777,
0,
15043.88,
1978, 
922.0415,
3652.764,
53.26107,
19.95267,
110.3761,
109.4459,
131.5406,
61.66987,
19.1349,
256.9719,
4646.661,
827.9172,
153.6643,
482.4079,
119.7871,
1759.152,
344.3228,
251.1468,
93.82161,
310.4908,
57.14888,
9.996572,
1017.226,
173.5544,
21.56597,
62.18178,
0,
15668.2,
1979, 
974.7214,
3724.37,
58.00725,
21.53427,
124.7308,
122.2201,
119.0616,
72.40782,
20.13233,
271.9356,
4857.605,
832.7,
143.6127,
484.4969,
121.9677,
1802.145,
410.496,
258.1192,
99.19989,
342.3984,
62.91512,
11.50104,
1070.173,
180.3997,
23.17651,
66.86845,
0,
16276.9,
1980, 
998.1041,
3754.126,
62.92285,
21.00127,
137.5248,
132.8296,
132.267,
79.16205,
19.66279,
296.2705,
4895.795,
884.6772,
140.8538,
506.3398,
126.3509,
1899.777,
451.5338,
276.4019,
103.0659,
365.3723,
66.02644,
14.03181,
1049.384,
188.4365,
22.8474,
61.74619,
0,
16686.51,
1981, 
1045.722,
3763.534,
68.60345,
22.4031,
138.6257,
135.5588,
143.3988,
80.84754,
21.63424,
338.719,
4928.553,
863.1402,
148.3432,
508.3636,
128.243,
1935.238,
505.613,
304.1359,
109.3407,
374.9007,
70.43901,
14.65709,
1060.195,
199.4594,
23.94316,
64.49987,
0,
16998.11,
1982, 
1018.586,
3630.112,
74.07222,
23.36937,
147.9109,
141.008,
148.3723,
82.32216,
22.67463,
355.6815,
4924.813,
882.1214,
138.8451,
512.5454,
130.4182,
1973.418,
552.6296,
328.6094,
115.3042,
399.0402,
75.71365,
18.02245,
1068.406,
203.3831,
26.48247,
66.21709,
0,
17060.08,
1983, 
1057.284,
3740.771,
74.38219,
25.27574,
157.8003,
150.735,
157.6642,
76.68193,
23.97838,
365.211,
5044.36,
926.8984,
119.332,
516.4843,
132.1354,
2001.314,
527.1748,
359.3078,
125.3957,
427.3951,
82.99194,
20.17534,
1100.597,
207.845,
29.84295,
66.05354,
0,
17517.09,
1984, 
1129.966,
3920.566,
79.68235,
26.80368,
176.9079,
158.6153,
171.1358,
76.32575,
24.03938,
405.7595,
5219.409,
958.6388,
136.5657,
519.5855,
133.992,
2011.489,
569.6867,
402.2909,
134.7898,
457.6786,
88.58625,
23.57006,
1144.633,
218.22,
33.4734,
67.63454,
0,
18290.04,
1985, 
1189.386,
3997.573,
85.54468,
27.05751,
189.7014,
163.0975,
191.4734,
85.9486,
25.75924,
422.0787,
5423.63,
957.1172,
146.0065,
527.311,
135.9315,
2040.399,
582.9373,
437.4192,
145.0031,
492.3154,
95.1668,
24.64495,
1183.919,
234.1927,
37.28605,
69.13463,
0,
18910.04,
1986, 
1209.787,
3992.109,
88.18305,
28.37311,
195.7408,
180.3676,
180.7627,
89.74459,
26.24335,
434.8275,
5523.5,
995.2424,
163.6662,
555.9825,
138.849,
2071.023,
607.1665,
478.8648,
156.1214,
533.704,
99.4974,
32.96168,
1193.162,
242.5944,
41.31986,
71.56846,
0,
19331.36,
1987, 
1282.491,
4070.656,
94.61277,
30.20821,
193.7845,
196.5669,
191.6559,
94.64868,
28.01005,
446.2571,
5707.886,
1008.336,
170.537,
569.3719,
140.8275,
2100.033,
649.1437,
518.4631,
173.0489,
586.2462,
105.3271,
38.17052,
1267.152,
252.2659,
46.22395,
71.76644,
0,
20033.69,
1988, 
1293.702,
4228.993,
99.22419,
30.70277,
205.6322,
202.0356,
205.7863,
99.49328,
29.81224,
464.1748,
5956.838,
1024.722,
179.0412,
580.5189,
142.7437,
2133.157,
721.7821,
570.6755,
195.679,
638.7488,
116.4258,
40.6747,
1332.255,
265.157,
54.07387,
78.83428,
0,
20890.88,
1989, 
1260.607,
4631.253,
105.8253,
32.36419,
208.3101,
206.982,
218.0758,
105.1403,
30.92367,
475.3589,
6128.082,
1028.889,
191.9002,
577.3206,
144.4254,
2162.867,
751.146,
624.0814,
212.6598,
683.9756,
128.3427,
45.80611,
1414.336,
281.7632,
57.53508,
76.95218,
0,
21784.92,
1990, 
1223.485,
4722.613,
110.1211,
32.87912,
206.7983,
212.6281,
232.7285,
111.5777,
32.89089,
483.0479,
6250.767,
1146.003,
213.8579,
565.3724,
140.8463,
2032.743,
777.2612,
676.7923,
228.3528,
729.4958,
143.0125,
51.14502,
1506.627,
291.4562,
63.11441,
84.71673,
0,
22270.33,
1991, 
1297.435,
4758.853,
113.7562,
31.97865,
219.4557,
223.4443,
248.2905,
113.0347,
34.85705,
485.3265,
6386.806,
1081.276,
218.974,
524.7938,
142.9604,
2033.367,
794.7695,
736.9767,
238.6095,
784.5574,
154.501,
58.59519,
1569.248,
295.2391,
69.17801,
87.72926,
0,
22704.01,
1992, 
1327.223,
4835.414,
115.4008,
33.83348,
227.759,
226.8784,
262.4699,
117.1481,
35.48518,
495.0289,
6418.378,
1008.046,
244.5021,
507.3512,
143.5399,
2014.485,
871.053,
769.0685,
254.1556,
876.8394,
168.3167,
63.23758,
1577.882,
300.2005,
76.38792,
77.99641,
0,
23048.08,
1993, 
1376.328,
4978.138,
119.0987,
35.77312,
239.4549,
243.6142,
279.2044,
114.4448,
37.53352,
514.9001,
6425.576,
971.3801,
267.7798,
503.9585,
154.8134,
2016.436,
930.2056,
815.6332,
281.8739,
976.5933,
185.1548,
68.18593,
1588.267,
308.174,
79.7211,
80.37222,
0,
23592.62,
1994, 
1459.037,
5083.123,
128.1053,
38.13578,
250.4218,
257.1501,
297.5396,
117.8529,
39.41742,
534.8289,
6553.388,
981.5921,
279.6524,
521.6418,
163.2703,
2031.83,
1000.804,
880.1338,
316.8052,
1073.605,
206.9353,
75.09959,
1677.562,
318.3525,
84.25665,
80.50186,
0,
24451.04,
1995, 
1487.005,
5226.335,
131.1142,
40.41992,
263.3907,
270.0552,
312.3257,
126.8706,
42.29366,
545.6392,
6731.186,
1041.35,
306.2491,
514.2133,
170.5454,
2045.996,
1052.505,
957.4061,
351.7275,
1165.655,
231.8266,
83.77872,
1695.081,
329.3452,
89.10401,
81.85957,
0,
25293.28,
1996, 
1538.574,
5345.878,
122.012,
43.84455,
275.2446,
282.8082,
342.3348,
133.7618,
44.80365,
571.0937,
6835.171,
1105.463,
333.3859,
532.7105,
173.733,
2085.884,
1121.666,
1014.973,
388.1102,
1275.305,
254.2718,
97.44992,
1733.33,
338.8688,
93.37876,
76.90803,
0,
26160.96,
1997, 
1571.271,
5435.833,
132.1625,
46.7583,
289.8821,
301.0315,
358.2813,
133.6818,
46.91999,
593.5933,
6944.933,
1117.788,
361.752,
527.625,
163.9882,
2041.547,
1181.313,
1088.083,
420.078,
1333.017,
276.2497,
105.4816,
1755.137,
349.1519,
98.77672,
80.31947,
0,
26754.66,
1998, 
1565.305,
5580.574,
146.0911,
52.88308,
299.5858,
315.6667,
370.4886,
129.3099,
49.17623,
576.8186,
7085.506,
1144.682,
384.7354,
509.0851,
157.8828,
2020.311,
1274.171,
1176.156,
399.4178,
1404.875,
277.7253,
111.088,
1780.191,
369.7692,
107.0356,
101.1486,
0,
27389.68,
1999, 
1614.932,
5696.184,
155.5425,
56.5038,
311.3461,
318.9749,
393.4622,
138.319,
51.01862,
583.0547,
7140.434,
1146.82,
394.6464,
512.1848,
157.3372,
2039.566,
1346.512,
1285.404,
443.2302,
1509.438,
292.6577,
123.3483,
1802.134,
385.3685,
112.0186,
106.9609,
0,
28117.4,
2000, 
1697.776,
5904.084,
167.6569,
59.77739,
326.9053,
342.3313,
430.1777,
143.6419,
53.82922,
608.2061,
7168.266,
1195.922,
427.0233,
515.9224,
164.3571,
2116.909,
1431.7,
1357.553,
537.7322,
1699.237,
319.0366,
132.866,
1857.142,
398.2705,
117.6786,
116.9163,
0,
29290.92,
2001, 
1654.116,
5608.986,
172.9313,
60.56122,
319.8371,
341.0092,
458.3829,
149.4429,
55.972,
589.3859,
7052.213,
1244.656,
421.1987,
560.6714,
172.0452,
2142.76,
1502.966,
1428.344,
570.8923,
1865.133,
342.1495,
145.6074,
1832.097,
420.1046,
125.6852,
127.8807,
0,
29365.03,
2002, 
1694.234,
5770.107,
176.4055,
63.78398,
342.6446,
343.5938,
497.9536,
157.8782,
57.67173,
639.8305,
6835.023,
1253.533,
447.2654,
559.4033,
174.3465,
2140.287,
1605.901,
1483.105,
606.738,
2103.646,
367.2782,
161.5394,
1878.481,
427.8346,
132.515,
136.0108,
0,
30057.01,
2003, 
1640.634,
5795.741,
215.4905,
66.4837,
360.4187,
362.1711,
524.1719,
152.8276,
61.70685,
670.3496,
6714.486,
1293.505,
488.6174,
573.5877,
185.8383,
2211.663,
1703.943,
1589.844,
629.522,
2434.05,
394.3998,
173.2646,
1877.886,
411.7,
138.4081,
130.4273,
0,
30801.14,
2004, 
1662.785,
5947.061,
218.2887,
68.95061,
381.4337,
385.491,
568.8842,
165.3016,
67.39384,
692.6089,
6600.563,
1342.914,
523.6995,
591.1917,
193.3166,
2259.635,
1818.46,
1687.636,
661.7071,
2800.669,
428.1467,
182.9238,
1949.226,
420.5836,
149.6481,
137.3237,
0,
31905.84,
2005, 
1736.379,
6005.072,
230.8802,
73.32258,
396.3777,
399.9497,
599.5865,
168.895,
72.69848,
698.7443,
6440.214,
1360.3,
557.2786,
606.4052,
191.3612,
2480.564,
1901.233,
1779.907,
701.7715,
3155.856,
459.155,
197.0376,
1983.78,
419.351,
161.7415,
146.5776,
0,
32924.44,
2006, 
1684.569,
6016.983,
238.8562,
76.91029,
415.1719,
420.6521,
642.1931,
186.6652,
80.33624,
724.5124,
6216.199,
1391.899,
597.7129,
632.9672,
199.0329,
2559.9,
2039.699,
1917.239,
723.3353,
3639.976,
488.218,
206.5294,
2039.982,
427.058,
171.2258,
150.1801,
0,
33888,
2007, 
1715.952,
5946.845,
250.1152,
79.643,
443.6315,
435.8306,
693.165,
183.9036,
86.31575,
746.6619,
6000.241,
1377.035,
643.9227,
655.6313,
207.5746,
2642.261,
2186.974,
2049.332,
763.0831,
4219.609,
516.496,
220.2989,
2075.301,
433.7579,
175.2824,
154.4229,
0,
34903.29,
2008, 
1710.442,
5803.748,
255.9549,
80.67873,
466.1606,
464.8724,
754.2529,
185.8635,
92.16447,
743.4536,
5918.815,
1365.904,
651.5252,
646.5861,
208.1626,
2709.583,
2374.612,
2136.946,
804.58,
4729.464,
538.1465,
232.5716,
2017.132,
428.2013,
186.2936,
163.0979,
0,
35669.21,
2009, 
1575.323,
5359.309,
254.1974,
81.33371,
465.6612,
465.4859,
848.8768,
191.5291,
102.3189,
721.4132,
5207.691,
1276.8,
631.2222,
564.373,
209.0389,
2543.489,
2530.623,
2285.223,
826.0278,
5569.95,
559.3172,
239.7085,
2003.981,
437.812,
195.9482,
174.7406,
0,
35321.39,
2010, 
1546.476,
5565.938,
268.4085,
83.17818,
516.1019,
472.0109,
943.3885,
211.9343,
116.0526,
753.0544,
5456.573,
1329.474,
682.9868,
616.5188,
218.3472,
2674.865,
2712.894,
2438.458,
910.8713,
6874.564,
604.9512,
254.3648,
2142.412,
473.379,
202.9645,
181.8175,
0,
38251.98,
2011, 
1552.6,
5491.339,
299.4274,
87.5873,
536.409,
491.8073,
985.7231,
218.5732,
130.4626,
765.5475,
5709.041,
1273.477,
737.9415,
630.4664,
227.2367,
2708.084,
2875.637,
2689.769,
949.7123,
8607.346,
630.1342,
269.308,
2114.348,
519.2488,
214.4212,
191.5308,
0,
40907.18,
2012, 
1551.134,
5369.599,
320.6487,
94.51405,
559.0238,
512.2642,
1081.746,
234.0945,
169.1413,
764.1914,
5762.38,
1178.091,
787.5903,
631.3924,
237.1325,
2758.551,
3006.209,
2845.883,
978.5181,
9998.405,
696.8464,
288.2911,
2256.037,
564.8519,
233.9831,
194.4013,
0,
43074.92,
2013, 
1487.133,
5558.059,
306.4533,
100.1446,
576.2769,
534.3052,
1132.096,
246.3786,
162.9653,
806.8654,
5549.532,
1137.443,
794.0442,
614.656,
251.9613,
2718.315,
3157.711,
3040.77,
1017.46,
11923.95,
759.2395,
310.0306,
2754.145,
586.6686,
260.154,
207.6911,
0,
45994.45,
2014, 
1424.69,
5757.529,
321.9135,
104.4324,
603.3569,
539.9654,
1179.714,
264.6808,
182.0507,
929.691,
5311.045,
1086.32,
837.3076,
569.1971,
260.8512,
2693.129,
3371.824,
3410.595,
1076.166,
14021.81,
855.368,
323.1537,
3292.446,
616.5767,
286.292,
239.4147,
0,
49559.52,
2015, 
1419.135,
6011.997,
336.5958,
116.7088,
617.4002,
552.9644,
1288.739,
274.9308,
199.8266,
991.6638,
5841.045,
1053.977,
902.4407,
518.7087,
273.8065,
2683.061,
3404.042,
3714.698,
1167.013,
16993.98,
934.8482,
334.7602,
3881.7,
650.6586,
311.1304,
243.1397,
0,
54718.97,
2016, 
1336.456,
6436.688,
357.5594,
124.7392,
600.777,
548.5508,
1314.746,
281.9719,
216.1278,
1128.118,
6327.145,
1049.336,
1023.687,
542.0157,
270.2425,
2591.845,
3722.717,
4244.557,
1248.624,
19972.96,
1109.328,
351.3071,
4376.336,
697.9456,
370.2354,
251.3141,
0,
60495.33,
2017, 
1332.625,
6864.775,
368.6665,
133.303,
651.3528,
582.3835,
1446.174,
319.1752,
247.4256,
1369.438,
6911.44,
1064.646,
1437.364,
554.571,
287.0984,
2620.048,
3991.698,
4969.534,
1370.24,
23526.48,
1190.555,
375.3706,
4861.664,
748.0021,
409.5831,
276.1084,
0,
67909.72,
2018, 
1306.536,
7299.006,
389.7383,
143.0522,
706.7504,
614.7623,
1774.361,
365.2659,
313.7679,
1584.487,
7431.026,
1085.952,
1675.995,
584.0094,
321.0811,
2663.795,
4390.24,
5757.525,
1555.547,
26873.49,
1309.86,
410.5509,
5288.273,
827.2422,
459.646,
302.4443,
0,
75434.41,
2019, 
1280.789,
7764.917,
416.4368,
154.1337,
753.1867,
650.1022,
1985.215,
394.0434,
348.076,
1620.478,
8195.032,
1157.334,
1827.999,
674.439,
382.6178,
2741.815,
5154.595,
6496.43,
1844.6,
30201.02,
1807.067,
444.8586,
5754.471,
1094.946,
498.9307,
346.8172,
0,
83990.34,
2020, 
1142.81,
7915.255,
380.4812,
143.7495,
707.5982,
618.6168,
1862.109,
406.1852,
358.2379,
1690.838,
8429.88,
1027.199,
1839.925,
641.3919,
418.8922,
2402.938,
5046.261,
6551.272,
1930.272,
36273.15,
2640.174,
427.79,
5842.363,
1356.158,
513.588,
335.2097,
0,
90902.34,
2021, 
1168.936,
8665.13,
383.9154,
154.7568,
749.0475,
644.1069,
1896.495,
453.0846,
396.6747,
1692.236,
8797.671,
1123.949,
2011.098,
660.5604,
466.347,
2537.277,
5408.856,
9773.017,
2060.658,
37632.43,
2618.574,
451.8005,
5976.828,
1439.181,
539.7825,
357.8763,
0,
98060.29,
2022, 
1165.658,
9762.132,
401.788,
164.1994,
800.6285,
664.9609,
1852.348,
485.8495,
407.2314,
1616.164,
8834.576,
1119.235,
2199.023,
704.7227,
563.9244,
2601.227,
5088.992,
12527.07,
2153.81,
40946.55,
2810.197,
531.1434,
6118.674,
1532.069,
620.3987,
356.3523,
0,
106028.9,
2023, 
1173.261,
10351.33,
414.3309,
174.1329,
828.792,
685.7451,
1755.803,
527.6738,
419.8495,
1615.245,
8929.479,
1161.722,
2721.245,
716.0051,
646.7778,
2638.422,
4924.929,
13583.35,
2270.428,
44770.86,
3107.263,
631.2798,
6234.944,
1612.306,
681.1464,
363.6505,
0,
112940,
2024, 
1177.566,
10959.61,
427.9167,
186.1528,
871.8085,
712.2988,
1621.092,
577.022,
434.3334,
1603.194,
9095.654,
1170.421,
2534.737,
726.7072,
757.6314,
2670.994,
4891.429,
13872.08,
2298.627,
46718.88,
3450.831,
736.5276,
6294.399,
1644.577,
769.6877,
378.8616,
0,
116583,
2025, 
1166.498,
12170.65,
445.2188,
199.4357,
917.0269,
737.5642,
1494.443,
630.6421,
453.0972,
1613.274,
9410.596,
1236.584,
2455.042,
738.2989,
871.8093,
2709.841,
4805.426,
14208.6,
2336.573,
50029.62,
3770.593,
848.3813,
6349.172,
1838.106,
875.3021,
398.2823,
0,
122710.1,
2026, 
1157.005,
13943.32,
474.4977,
217.5671,
967.0226,
773.8344,
1400.249,
684.6698,
482.5122,
1611.454,
9837.892,
1316.423,
2432.919,
746.5137,
1011.089,
2765.281,
4701.178,
14598.24,
2471.342,
54101.53,
4024.678,
961.69,
6519.858,
1880.514,
1037.674,
418.894,
0,
130537.8,
2027, 
1148.479,
16560.38,
509.9905,
238.5225,
1019.485,
812.4914,
1318.909,
732.569,
516.4481,
1603.424,
10675.77,
1439.5,
2444.945,
755.0256,
1111.765,
2835.795,
4524.363,
18321.39,
3156.607,
57399.63,
4337.329,
1159.356,
6595.337,
1920.113,
1257.351,
440.6106,
0,
142835.6,
2028, 
1136.132,
20143.96,
569.1135,
281.3057,
1090.094,
857.8915,
1241.641,
759.0418,
517.9606,
1586.58,
11910.75,
1656.311,
2241.843,
765.496,
1230.535,
2915.948,
4257.021,
19084.23,
3607.183,
60448.81,
4826.153,
1447.629,
6731.997,
1958.023,
1653.926,
456.4132,
0,
153376,
2029, 
1121.375,
25337.23,
635.0621,
339.1589,
1159.451,
910.9329,
1170.344,
772.8528,
511.1193,
1598.151,
13427.56,
1956.782,
2036.857,
778.1407,
1366.181,
2995.82,
3885.626,
19923.8,
3994.766,
63724.05,
5334.015,
1856.297,
6785.899,
2068.406,
2071.592,
470.0007,
0,
166231.5,
2030, 
1108.624,
31469.8,
706.6989,
421.4265,
1242.088,
976.5705,
1074.207,
754.4523,
487.7266,
1607.227,
17697.27,
2303.708,
1834.088,
790.8855,
1527.616,
3080.214,
3431.881,
21195.42,
5476.351,
66792.56,
5958.12,
2437.653,
6864.866,
2239.776,
2484.266,
473.3042,
0,
184436.8,
2031, 
1117.875,
32287.9,
764.295,
512.1849,
1297.241,
1044.234,
946.2116,
687.1199,
428.7353,
1479.675,
14481.25,
2743.963,
1572.244,
797.9786,
1649.668,
3133.551,
2836.678,
22495.51,
5415.042,
68560.51,
6609.248,
3017.914,
6882.287,
2429.227,
2828.051,
440.4224,
0,
186459,
2032, 
1088.818,
33491.91,
876.5125,
645.4748,
1358.202,
1111.417,
1089.648,
786.2844,
497.0681,
1533.157,
14944.09,
3382.292,
1623.99,
806.8605,
1782.952,
3188.568,
3143.68,
24051.03,
5388.275,
70072.2,
7231.387,
3507.728,
6907.393,
2714.976,
3227.444,
486.8212,
0,
194938.2,
2033, 
1075.417,
35254.3,
989.0945,
973.3564,
1401.972,
1213.122,
1237.388,
856.1595,
565.4769,
1608.264,
17223.7,
5735.169,
1677.115,
816.4562,
1914.825,
3261.199,
3407.766,
25341.18,
5478.27,
71876.06,
7785.396,
3946.241,
6966.995,
3119.395,
3567.949,
544.4731,
0,
207836.7,
2034, 
1307.213,
37712.11,
1107.624,
1466.393,
1444.191,
1330.848,
1372.178,
882.4609,
624.574,
1670.833,
18537.67,
9011.205,
1732.976,
829.5968,
2035.987,
3336.541,
3683.03,
26779.04,
5415.177,
73993.19,
8450.771,
4244.73,
7008.517,
3481.891,
3799.19,
611.1588,
0,
221869.1,
2035, 
1634.522,
41168.33,
1223.424,
1925.044,
1475.698,
1440.4,
1497.188,
890.4442,
685.5618,
1740.16,
20258.07,
16328.42,
1797.082,
846.9598,
2148.083,
3419.758,
3980.449,
27998.01,
5379.152,
76726.82,
9040.969,
4449.257,
7053.821,
3843.22,
4031.815,
693.2963,
0,
241676,
2036, 
2036.992,
44059.59,
1347.669,
2261.112,
1575.628,
1582.129,
1616.967,
895.7523,
762.7017,
1787.799,
17906.84,
18989.86,
1874.199,
867.8095,
2248.041,
3530.544,
4244.53,
29187.43,
5307.333,
80195.9,
9581.475,
4646.671,
7084.709,
4151.837,
4250.555,
800.7626,
0,
252794.8,
2037, 
2347.148,
47841.59,
1460.522,
2403.426,
1652.962,
1745.461,
1734.525,
899.4654,
848.9096,
1833.094,
18579.37,
19931.9,
1971.505,
893.0601,
2337.806,
3664.494,
4455.597,
30540.39,
5249.983,
83218.04,
10015.09,
4863.74,
7117.124,
4405.553,
4440.203,
926.2726,
0,
265377.2,
2038, 
2593.208,
51162.42,
1557.386,
2433.643,
1721.505,
1879.238,
1845.495,
898.7911,
950.3771,
1871.462,
19047.97,
22595.68,
2061.532,
923.4522,
2421.374,
3796.704,
4592.843,
31978.73,
5150.345,
86287.69,
10488.65,
5129.563,
7146.2,
4649.062,
4617.181,
1051.044,
0,
278851.5,
2039, 
2789.111,
54472.79,
1622.352,
2387.349,
1790.019,
1986.418,
1967.723,
892.3366,
1093.79,
1893.989,
19936.3,
23919.53,
2186.031,
950.3191,
2508.767,
3943.272,
5198.648,
33501.99,
5035.635,
89108.21,
10927.13,
5378.03,
7184.359,
4919.589,
4789.058,
1192.593,
0,
291575.3,
2040, 
3012.956,
57364.48,
1683.296,
2319.86,
1850.965,
2068.565,
2106.382,
892.2547,
1234.766,
1911.395,
20663.34,
25325.98,
2314.792,
981.3511,
2590.927,
4100.302,
6317.778,
35138.97,
4887.491,
91059.24,
11206.02,
5614.795,
7189.39,
5123.362,
4968.555,
1310.522,
0,
303237.7,
2041, 
3180.673,
59907.33,
1749.365,
2239.291,
1899.628,
2152.016,
2264.404,
897.7769,
1401.211,
1941.031,
20637.99,
24834.29,
2466.602,
1017.084,
2671.458,
4250.744,
7850.777,
36491.97,
4760.184,
93431.7,
11566.74,
5862.381,
7203.187,
5387.989,
5149.815,
1402.813,
0,
312618.4,
2042, 
3388.997,
62994.27,
1823.648,
2251.225,
1943.385,
2219.559,
2435.027,
912.7675,
1632.886,
1973.572,
22572.45,
24564.34,
2641.058,
1055.39,
2747.213,
4397.718,
9512.173,
37706.29,
4636.462,
95527.23,
11961.7,
6124.658,
7238.497,
5691.593,
5339.26,
1506.133,
0,
324797.5,
2043, 
3659.172,
65680.85,
1902.381,
2312.84,
1970.745,
2301.063,
2613.002,
939.3041,
1960.66,
2052.34,
23176.6,
24714.4,
2801.525,
1098.345,
2829.569,
4534.181,
11104.03,
39058.99,
4626.448,
97940.55,
12404.9,
6401.427,
7264.02,
6096.353,
5533.775,
1625.31,
0,
336602.8,
2044, 
3988.413,
68729.91,
1989.488,
2410.672,
1983.821,
2370.777,
2810.688,
973.3776,
2421.181,
2158.573,
24337.82,
24690.23,
3014.946,
1140.09,
2910.233,
4722.946,
12460.99,
40601.27,
4676.417,
100133,
12907.4,
6686.473,
7293.263,
6511.314,
5757.599,
1762.893,
0,
349443.8,
2045, 
4232.361,
71842.19,
2071.597,
2497.921,
2014.16,
2442.885,
3032.06,
1002.228,
2907.139,
2230.502,
25152.88,
24820.1,
3188.896,
1186.524,
2995.117,
4898.027,
13353.27,
42273.46,
4835.001,
102128.2,
13391.8,
6994.475,
7340.647,
6942.951,
6047.864,
1923.928,
0,
361746.2,
2046, 
4451.985,
75303.82,
2163.931,
2569.646,
2062.876,
2521.904,
3275.601,
1038.213,
3597.774,
2282.345,
25131.13,
24354.24,
3359.262,
1237.33,
3069.876,
5132.249,
14067.12,
44134.64,
4990.841,
104204.2,
13918.22,
7351.481,
7420.734,
7282.405,
6337.253,
2108.867,
0,
373367.9,
2047, 
4636.447,
78514.53,
2210.204,
2670.202,
2111.098,
2607.175,
3526.661,
1074.971,
4351.773,
2335.856,
26740.21,
24215.94,
3481.605,
1292.502,
3162.202,
5418.466,
14879.53,
46013.31,
5092.875,
106186.3,
14532.87,
7663.161,
7582.447,
7476.014,
6651.969,
2318.324,
0,
386746.6,
2048, 
4775.689,
81607.72,
2329.3,
2753.924,
2159.142,
2701.324,
3791.741,
1112.682,
5139.514,
2390.947,
26723.94,
24321,
3622.529,
1348.988,
3317.365,
5675.17,
15748.33,
48148.85,
5175.242,
108340.1,
15168.62,
7978.148,
7684.699,
7592.667,
7709.205,
2531.837,
0,
399848.7,
2049, 
4871.21,
85202.12,
2350.499,
2769.701,
2211.193,
2733.665,
4077.273,
1156.64,
5919.208,
2447.702,
27820.57,
24296.99,
3745.511,
1428.182,
3402.372,
5890.833,
16665.14,
50570.43,
5214.667,
110471.4,
15787.09,
8302.278,
7895.541,
7610.72,
8668.937,
2755.023,
0,
414264.9,
2050, 
4889.244,
88984,
2419.714,
2808.162,
2250.926,
2889.667,
4377.524,
1204.793,
6392.427,
2502.787,
28656.08,
24471.86,
3871.763,
1525.521,
3500.809,
6159.782,
17404.59,
53331.98,
5147.709,
112347.3,
16358.74,
8619.587,
8056.843,
7655.871,
9526.119,
2973.633,
0,
428327.5,
2051, 
4882.145,
93253.36,
2539.876,
2807.053,
2298.056,
2911.311,
4694.645,
1266.859,
6840.364,
2564.145,
29252.77,
24345.02,
4043.15,
1639.409,
3588.364,
6334.192,
18332.79,
56396.87,
5146.703,
114859.2,
17021.26,
8888.71,
8292.444,
7742.712,
10322.52,
3210.679,
0,
443474.6,
2052, 
4891.892,
98389.48,
2562.108,
2826.442,
2351.78,
3040.102,
5039.9,
1363.874,
7317.184,
2623.023,
30873.68,
24349.86,
4240.629,
1767.683,
3613.496,
6390.8,
19261.72,
59495.1,
5193.015,
117232.5,
17592.91,
9160.498,
8499.42,
7851.493,
11125.21,
3457.001,
0,
460510.8,
2053, 
4973.969,
104331,
2690.618,
2799.989,
2407.046,
3030.103,
5391.288,
1509.765,
7822.074,
2683.296,
31370.31,
24345.53,
4462.05,
1897.964,
3644.893,
6413.34,
20214.53,
63043.5,
5237.166,
119948.1,
18131.17,
9383.033,
8683.06,
8016.886,
11184.52,
3719.607,
0,
477334.8,
2054, 
5085.126,
110447,
2798.76,
2770.083,
2473.121,
3129.787,
5764.732,
1709.521,
8346.592,
2744.334,
32773.08,
24580.73,
4712.967,
2026.691,
3701.439,
6411.693,
21187.48,
66662.01,
5288.5,
123257.5,
18687.89,
9676.063,
8875.698,
8185.508,
11308.13,
3994.096,
0,
496598.5,
2055, 
5176.768,
117587.3,
2895.875,
2681.129,
2541.715,
3085.695,
6074.067,
1984.423,
8908.123,
2808.18,
34311.37,
24745.79,
4942.246,
2142.312,
3751.315,
6276.393,
22190.86,
70412.91,
5302.942,
124777.3,
19290.24,
10041.05,
9078.552,
8325.971,
11427.02,
4301.876,
0,
515061.4,
2056, 
5210.889,
127715.9,
2997.708,
2633.4,
2608.529,
3170.381,
6365.874,
2317.595,
9475.459,
2870.726,
35010.18,
24482.18,
5139.224,
2235.664,
3795.859,
6165.668,
23206.27,
73249.56,
5302.384,
126574.4,
19850.9,
10407.73,
9242.886,
8520.323,
11513,
4616.063,
0,
534678.8,
2057, 
5187.679,
138793.6,
3087.496,
2574.615,
2682.056,
3186.283,
6646.974,
2699.823,
10073.82,
2936.417,
36818.99,
24087.6,
5321.163,
2306.849,
3847.268,
5953.48,
24121.45,
76201.05,
5249.289,
128357.2,
20432.33,
10766,
9425.119,
8700.157,
11633.02,
4875.742,
0,
555965.4,
2058, 
5073.668,
151317.3,
3168.034,
2535.744,
2751.864,
3210.166,
6911.777,
3200.167,
10729.84,
3001.449,
38613.55,
23585.43,
5492.697,
2335.639,
3938.391,
6011.512,
24951.97,
79254.63,
5260.584,
130514.1,
20940.13,
11178.48,
9600.099,
8840.672,
11786.47,
5311.161,
0,
579515.6,
2059, 
5076.418,
161058.5,
3284.629,
2491.845,
2814.313,
3243.392,
7109.292,
3803.577,
11379.49,
3064.376,
39320.28,
23384.61,
5644.847,
2348.3,
3976.701,
6055.676,
25928.12,
81600.52,
5259.951,
132432.5,
21428.18,
11610.25,
9772.505,
9113.122,
11964.91,
5619.793,
0,
598786.1,
2060, 
5076.317,
169006.3,
3397.195,
2457.763,
2869.109,
3292.703,
7314.072,
4485.289,
12062.13,
3188.529,
40056.22,
23152.92,
5767.53,
2353.138,
4035.213,
6093.068,
26687.56,
84031.08,
5245.377,
133984.8,
21883.14,
12076.27,
9924.308,
9394.588,
12208.3,
6088.171,
0,
616131.1,
2061, 
5297.508,
174815.4,
3537.792,
2419.896,
2921.189,
3368.367,
7508.747,
5379.417,
12749.92,
3324.451,
40192.79,
22654.32,
5872.013,
2350.752,
4094.825,
6100.424,
27208.69,
86073.55,
5251.858,
135592.5,
22396.66,
12548.86,
10057.64,
9746.071,
12583.29,
6444.198,
0,
630491.1,
2062, 
5423.264,
180530.1,
3626.009,
2398.323,
2975.387,
3445.791,
7707.603,
6471.797,
13470.3,
3459.739,
41195.32,
22549.89,
5966.962,
2347.737,
4195.725,
6073.905,
27568.82,
88578.39,
5264.116,
136820.7,
22989.49,
13075.64,
10153.44,
10072.67,
13139.88,
7001.243,
0,
646502.3,
2063, 
5564.633,
182344.8,
3714.033,
2362.412,
3023.019,
3484.524,
7909.601,
7639.445,
14212.5,
3587.695,
40537.16,
22033.79,
6030.313,
2342.936,
4244.627,
6069.018,
27915.91,
90857.57,
5277.739,
137690.8,
23553.73,
13714.77,
10255.11,
10527.11,
13658.71,
7375.63,
0,
655927.6,
2064, 
5674.204,
182995.6,
3816.841,
2317.225,
3072.011,
3570.678,
8113.435,
9126.462,
15000.25,
3706.052,
40416.05,
21942.73,
6061.496,
2336.177,
4583.565,
6055.752,
28298.75,
93404.42,
5285.558,
138287.2,
24053.08,
14260.23,
10274.94,
10847.81,
14286.21,
7802.252,
0,
665588.9,
2065, 
5802.945,
181718.7,
3896.481,
2325.421,
3118.157,
3626.5,
8323.236,
11056.44,
15804.08,
3819.073,
39199.99,
21140.2,
6071.13,
2332.493,
4869.558,
6049.492,
28769.85,
95596.18,
5297.278,
138027.3,
24449.53,
14739.45,
10272.93,
11237.97,
14967.69,
8414.737,
0,
670926.9,
2066, 
5817.723,
179803.7,
4046.598,
2356.784,
3158.913,
3660.818,
8522.354,
12579.3,
16599.74,
3930.254,
38299.21,
20818.53,
6076.834,
2328.846,
5119.175,
5997.177,
29298.72,
98190.89,
5325.209,
137984.5,
24851.94,
15194.64,
10213.9,
11644.78,
15676.81,
8882.886,
0,
676380.3,
2067, 
5869.906,
177610.8,
4253.253,
2387.593,
3201.606,
3707.344,
8727.344,
13510.6,
17445.49,
4041.165,
36749.97,
20564.91,
6068.429,
2333.821,
5314.209,
6023.866,
29870.93,
101212.5,
5381.52,
137418.1,
25265.66,
15616.86,
10147.64,
12229.12,
16522.02,
9571.297,
0,
681046,
2068, 
6026.266,
175787.1,
4459.681,
2411.384,
3239.678,
3810.074,
8936.966,
14503.92,
18325.47,
4158.487,
35286.98,
20347.05,
6053.502,
2326.074,
5528.069,
6025.985,
30541.17,
103949.9,
5501.506,
136825.1,
25768.04,
16022.14,
10027.3,
12784.51,
17396.82,
10088.74,
0,
686132,
2069, 
6290.322,
173273.9,
4844.427,
2437.128,
3272.763,
3827.4,
9151.692,
15553.03,
19239.2,
4288.426,
33962.68,
20116.52,
6037.688,
2314.271,
5400.885,
6082.98,
31270.08,
106803.1,
5782.81,
135637.2,
26168.44,
16386.21,
9937.589,
13467.21,
18387.71,
10810.11,
0,
690743.9,
2070, 
6473.562,
172037.4,
5100.764,
2461.089,
3311.684,
3927.062,
9374.285,
16598.34,
20173.3,
4348.924,
32657.32,
19892.7,
6025.533,
2305.563,
5306.072,
6142.784,
32139.56,
109255.4,
6063.669,
134426.5,
26419.13,
16744.16,
9801.287,
14005.54,
19163.68,
11299.91,
0,
695455.3,
2071, 
6621.945,
171224,
5411.321,
2492.528,
3361.405,
4000.668,
9588.528,
17624.46,
21104.46,
4548.656,
31539.6,
19837.03,
6014.896,
2303.079,
5205.606,
6181.991,
33018.43,
111931.9,
6364.985,
133026.7,
26782.26,
17167.89,
9719.416,
14636.46,
20078.71,
12025.88,
0,
701812.8,
2072, 
6883.533,
173225.3,
5716.881,
2523.52,
3409.479,
4081.98,
9800.478,
18633.76,
22045.87,
4630.375,
30983.78,
19743.62,
6003.493,
2304.215,
5120.146,
6159.764,
34368.27,
114505.6,
6652.212,
131558.5,
27091.86,
17582.78,
9579.67,
15420.04,
21037.05,
12592,
0,
711654.3,
2073, 
7139.823,
175025.2,
6041.718,
2558.948,
3464.65,
4176.002,
10017.21,
19647.01,
22991.82,
4827.882,
30451.86,
19719.44,
5986.275,
2301.268,
5051.37,
6312.052,
35645.2,
116609,
6920.821,
129579.8,
27273.94,
18000.37,
9502.556,
16217.17,
22180.62,
13319.41,
0,
720961.5,
2074, 
7604.025,
179024.3,
6233.734,
2603.594,
3518.326,
4300.413,
10234.87,
21130.92,
23943.91,
4899.347,
29954.22,
19551,
5988.667,
2308.909,
4996.483,
6303.817,
37082.66,
118808.3,
6957.556,
127646,
27730.22,
18420.26,
9365.966,
17021.04,
23239.64,
13862.98,
0,
732731.2,
2075, 
8104.108,
183082.5,
6498.912,
2643.866,
3572.21,
4389.019,
10454.4,
22779.54,
24924.78,
5086.654,
29262.3,
19682.62,
5996.196,
2311.157,
4963.626,
6352.449,
38429.32,
120613.1,
6893.698,
125395.7,
27849.8,
18766.79,
9305.382,
17749.75,
24266.22,
14560.74,
0,
743934.8,
2076, 
8866.27,
188243.3,
6624.781,
2687.579,
3628.6,
4503.382,
10658.65,
24490.78,
25860.08,
5168.763,
29324.78,
19685.15,
6017.296,
2324.447,
4950.688,
6366.67,
39792.11,
122816.2,
6913.645,
123482.4,
28238.82,
19058.23,
9189.834,
18534.83,
25450.2,
15457.79,
0,
758335.3,
2077, 
9541.305,
192635.6,
6770.639,
2726.612,
3675.356,
4580.025,
10858.37,
26353.23,
26801.43,
5459.729,
29166.09,
19974.56,
6050.874,
2324.678,
4971.758,
6444.546,
41214.89,
124613.7,
6763.15,
122151,
28366.21,
19347.06,
9254.063,
19294.92,
26598.04,
16562.18,
0,
772500.1,
2078, 
11109.14,
198145.9,
6878.982,
2757.539,
3730.588,
4696.659,
11056.25,
28293.48,
27773.25,
5530.858,
29273.69,
20005.16,
6095.041,
2339.38,
4981.713,
6344.365,
42882.68,
126647.5,
6716.483,
120453.3,
28590.91,
19624.28,
9241.889,
20015.28,
28029,
17348.13,
0,
788561.4,
2079, 
12494.54,
202191.6,
6921.713,
2777.108,
3791.152,
4802.033,
11245,
30399.79,
28773.58,
5795.282,
30299.52,
20333.45,
6140.477,
2337.762,
5028.387,
6300.752,
44007.56,
128657.6,
6527.271,
118982.3,
28857.17,
19824.21,
9239.124,
20815.52,
29300.93,
18220.99,
0,
804064.9,
2080, 
13115.76,
207189.7,
7008.405,
2787.313,
3846.503,
4863.192,
11435.55,
32473.07,
29793.95,
5871.945,
31342.76,
20773.4,
6203.662,
2345.989,
5074.477,
6292.094,
46122.06,
130389.9,
6470.617,
117846.5,
29064.68,
20047.52,
9197.079,
21593.99,
30941.13,
19154.83,
0,
821246.1,
2081, 
12960.62,
210911.2,
7016.989,
2793.06,
3895.422,
4897.282,
11591.38,
34555.74,
30783.24,
6179.866,
35861.76,
21141.03,
6273.98,
2336.63,
5124.641,
6337.376,
48447.34,
132771.3,
6343.055,
116750.5,
29298.39,
20207.43,
9204.647,
22377.81,
32628.51,
20417.6,
0,
841106.9,
2082, 
13111.28,
216389,
7105.035,
2793.387,
3933.844,
4934.44,
11745.51,
36851.07,
31886.79,
6330.943,
40711.27,
21553,
6366.852,
2346.941,
5220.644,
6385.363,
50828.18,
134851.4,
6260.887,
116077.1,
29496.44,
20396.84,
9074.353,
23166.27,
34755.11,
21571.81,
0,
864143.8,
2083, 
12695.59,
218330.1,
7122.017,
2796.969,
3973.826,
4934.269,
11889.33,
39309.1,
34157.6,
6667.808,
45083.57,
21439.12,
6436.288,
2339.583,
5311.817,
6511.473,
53208.32,
137187.8,
6192.92,
115279.6,
29660.84,
20548.63,
9020.447,
23832.38,
36618.71,
22959.7,
0,
883507.8,
2084, 
12243.68,
223698.8,
7134.246,
2795.751,
3996.7,
4984.664,
12030.29,
41531.47,
36758.89,
6830.208,
48839.33,
21980.21,
6535.606,
2359.284,
5364.266,
6671.549,
55333.87,
139228.9,
6131.361,
114707.1,
29780.9,
20689.5,
9019.344,
24529.15,
38512.78,
24254.91,
0,
905942.8,
2085, 
11491.74,
223052.9,
7151.431,
2789.375,
4039.389,
5005.278,
12406.38,
44273.22,
39216.77,
7186.19,
54045.5,
21939.92,
6602.66,
2372.046,
5734.363,
6859.538,
57489.46,
140719.1,
6100.498,
113804.6,
29905.72,
20831.35,
9070.018,
25031.31,
40266.77,
25268.85,
0,
922654.4,
2086, 
10537.42,
228075,
7128.218,
2787,
4073.683,
5083.314,
12991.28,
47790.69,
42293.79,
7549.26,
56208.68,
22246.76,
6691.829,
2448.414,
5957.206,
7026.3,
59649.97,
142330.3,
6052.054,
113372,
30038.87,
20924.63,
9142.221,
25661.2,
42287.59,
26493.48,
0,
944841.1,
2087, 
9568.239,
231832.2,
7143.459,
2785.626,
4122.084,
5118.667,
13468.04,
50766.73,
45035.99,
8059.14,
60285.63,
22250.43,
6762.045,
2522.296,
6170.332,
7248.563,
62148.5,
143720.8,
6009.913,
112670.1,
30242.85,
21069.08,
9269.279,
26241.6,
43840.85,
27727.93,
0,
966080.3,
2088, 
8446.554,
235969.8,
7097.288,
2787.727,
4176.57,
5186.885,
13951.11,
54198.81,
47870.7,
8402.497,
64192.82,
22570.8,
6864.962,
3087.739,
6379.307,
7414.481,
65086.07,
145612.5,
5970.186,
112273.9,
30462.84,
21243.1,
9422.312,
26993.89,
45817.73,
29256.89,
0,
990737.5,
2089, 
7832.276,
240379.8,
7134.717,
2783.692,
4246.357,
5235.723,
14490.27,
57660.48,
49779.27,
8926.812,
69280.2,
22412.79,
6946.648,
3646.334,
6583.933,
7584.224,
68447.91,
147412.2,
5920.882,
112067.9,
30672.7,
21406.03,
9641.313,
27675.55,
48017.56,
30364.55,
0,
1016550,
2090, 
7354.495,
245129.7,
7078.908,
2785.204,
4309.879,
5276.542,
15066.68,
60166.29,
52458.52,
9308.643,
71637.12,
22757.22,
7080.274,
4278.145,
6479.702,
7716.423,
72668.55,
149214.6,
5863.56,
111761.1,
30885.49,
21650.27,
9836.726,
28389.42,
50012.33,
31414.48,
0,
1040580,
2091, 
7136.155,
247963.7,
7117.256,
2782.557,
4377.054,
5319.061,
15615.15,
62184.71,
55930.25,
9957.609,
75141.05,
22918.14,
7193.982,
4705.961,
6403.189,
7822.829,
77995.13,
151587.7,
5722.218,
111870.6,
31139.13,
21711.23,
9979.105,
28715.01,
52257.63,
32816.95,
0,
1066363,
2092, 
6901.772,
252889,
7176.386,
2782.501,
4443.708,
5384.878,
16372.45,
64899.25,
57507.86,
10471.62,
78169.91,
23226.12,
7352.037,
5180.002,
6315.332,
7903.483,
83635.22,
153561.4,
5598.05,
111499.1,
31451.61,
22171.19,
10135.11,
29090.03,
54511.13,
34496.58,
0,
1093126,
2093, 
6933.71,
254849.1,
7207.268,
2776.502,
4504.246,
5444.018,
17078.71,
67376.04,
60492.9,
11232.93,
82383.24,
23454.07,
7488.809,
5493.769,
6240.596,
8001.516,
90187.81,
156091.8,
5463.642,
111703.1,
31721.77,
22253.11,
10222.66,
29116.24,
56893.41,
36008.15,
0,
1120619,
2094, 
7004.768,
258839.7,
7291.159,
2771.544,
4576.261,
5496.594,
18009.48,
69970.9,
63883.67,
11994.79,
85716.2,
23677.35,
7647.903,
5835.942,
6168.1,
8089.756,
99338.99,
159033.2,
5328.942,
111364.5,
32012.96,
22827.5,
10251.15,
29129.53,
59304,
37460.28,
0,
1153025,
2095, 
7373.361,
259111.8,
7366.912,
2761.07,
4646.387,
5551.918,
18884.45,
73491.2,
67191.03,
12310.35,
91690.42,
23921.08,
7761.472,
6184.475,
6121.204,
8136.766,
108438.9,
162625.8,
5184.231,
111739.8,
32308.77,
22944.4,
10227.01,
28793.17,
61730.28,
39000.04,
0,
1185496,
2096, 
7581.544,
261927.9,
7484.217,
2747.372,
4688.757,
5619.177,
19637.29,
77085.96,
71731.23,
13240.77,
97563.25,
23902.72,
7889.584,
6638.209,
6068.936,
8189.38,
119791.5,
165586.3,
5059.105,
111722.8,
32675.61,
23569.41,
10206.04,
28837.01,
64145.29,
40666.75,
0,
1224256,
2097, 
8122.038,
260608.6,
7538.563,
2734.561,
4738.268,
5683.551,
20177.4,
79953.04,
76114.68,
13578.54,
104988.5,
24201.14,
7958.234,
7033.721,
6157.083,
8253.176,
135040,
168980.6,
4919.013,
111840.6,
32917.53,
23744.19,
10121.17,
28795.3,
66627.59,
42160.77,
0,
1262988,
2098, 
8420.347,
260000.3,
7497.646,
2724.111,
4780.061,
5759.891,
20359.95,
84148.08,
81598.16,
14368.69,
110128.6,
24187.8,
8057.907,
7312.472,
6251.966,
8335.623,
156130.7,
170969.9,
4794.45,
111293.1,
33269.57,
24441.44,
9996.588,
28708.72,
69053.69,
44473.01,
0,
1307063,
2099, 
9549.066,
258419.8,
7602.538,
2704.188,
4811.255,
5833.376,
20627.31,
89433.54,
85885.77,
14548.8,
116414.5,
24279.24,
8114.801,
7486.787,
6334.556,
8386.899,
183504.7,
174068.1,
4684.943,
112335.2,
33591.17,
24653.59,
9788.464,
28564.85,
71522.52,
46675.38,
0,
1359821,
2100, 
10065.25,
256725.6,
7614.563,
2692.174,
4839.536,
5907.487,
20849.25,
93430.98,
90624.1,
15076.6,
119857,
24160.76,
8228.567,
7485.673,
6444.996,
8474.495,
214378.3,
174584.4,
4612.339,
113240.6,
33897.73,
25157.57,
9615.796,
28550.33,
73410.73,
48940.96,
0,
1408866];
