real main.em.ep.isp.StorResTot[28](t) = [1971, 
651.5343,
6662.301,
42.08245,
21.60213,
64.96689,
80.57098,
58.75524,
41.05855,
12.20759,
218.7674,
4050.518,
794.3257,
45.14894,
639.8839,
126.0057,
1848.95,
149.6624,
189.8941,
60.786,
215.9777,
32.17176,
2.735793,
947.4415,
247.1319,
13.94703,
25.39259,
0,
17243.82,
1972, 
743.1379,
6664.728,
47.7262,
24.07365,
71.01305,
85.62901,
59.5344,
44.36075,
13.14336,
237.3148,
4228.148,
866.3724,
52.09121,
676.2775,
129.2396,
1948.799,
169.1202,
198.1338,
65.41999,
236.9972,
36.51493,
3.161403,
1012.384,
243.989,
13.98373,
36.3438,
0,
17907.64,
1973, 
823.4536,
7276.438,
51.89817,
26.7822,
82.26498,
95.7737,
61.004,
49.39493,
13.3358,
252.2585,
4534.185,
902.643,
52.66745,
714.8611,
138.3771,
2062.626,
202.3026,
204.9313,
74.03787,
259.1164,
43.11644,
3.88229,
1095.986,
278.0313,
16.24768,
46.19956,
0,
19361.81,
1974, 
851.8475,
7332.585,
65.72918,
27.9819,
91.64121,
104.7265,
65.23281,
49.52388,
12.89815,
269.9228,
4643.078,
958.119,
59.58812,
756.1116,
148.4388,
2188.701,
226.6788,
214.7355,
81.40347,
268.0446,
45.88003,
5.151445,
1082.19,
298.4529,
18.27978,
58.22723,
0,
19925.17,
1975, 
829.4708,
7548.269,
69.66646,
27.81349,
98.71245,
109.7047,
74.15015,
55.54008,
13.42982,
290.122,
4627.427,
1001.688,
71.43203,
685.0228,
132.0404,
2029.392,
263.1306,
237.9871,
91.05245,
317.319,
47.80796,
5.849806,
1106.663,
309.6375,
20.51815,
61.28817,
0,
20125.13,
1976, 
887.3736,
8061.648,
73.96089,
31.44196,
113.7738,
118.3513,
85.01038,
57.75348,
15.56682,
303.738,
4975.722,
1064.596,
81.15306,
715.8107,
139.8739,
2160.233,
310.0076,
266.9823,
99.52127,
351.9517,
53.87077,
5.430489,
1184.029,
322.8207,
21.59112,
65.74049,
0,
21567.95,
1977, 
951.7455,
8331.671,
79.97083,
34.06802,
125.4774,
129.5805,
97.22928,
63.17781,
16.35658,
303.796,
5086.99,
1110.645,
90.79747,
736.6292,
144.6624,
2236.307,
392.5284,
283.8665,
108.9099,
384.2584,
59.81034,
6.788415,
1233.85,
339.6395,
23.24754,
71.49924,
0,
22443.5,
1978, 
1020.996,
8559.443,
88.3676,
35.96863,
138.9407,
135.9336,
109.4434,
61.04873,
17.19222,
316.9648,
5276.29,
1168.905,
96.68808,
760.6332,
149.6674,
2341.145,
443.0547,
311.8177,
120.7874,
437.9878,
61.91246,
9.509306,
1291.158,
349.9268,
26.12036,
69.42392,
0,
23399.33,
1979, 
1070.171,
8729.813,
94.73719,
37.54453,
155.6575,
151.5532,
122.3724,
70.43597,
17.6326,
332.7302,
5500.41,
1177.954,
98.70918,
779.6888,
205.7969,
2397.325,
512.4427,
316.3133,
130.9079,
478.6803,
67.35005,
11.46119,
1360.344,
366.1624,
29.25215,
74.78744,
0,
24290.23,
1980, 
1100.516,
8839.18,
99.38868,
37.87766,
178.6554,
162.1609,
136.8136,
78.82357,
17.83863,
360.1647,
5537.828,
1232.66,
101.6957,
816.4669,
225.3084,
2582.525,
567.5072,
330.1799,
136.6896,
468.131,
72.07088,
14.42511,
1343.363,
383.7989,
30.68501,
68.90266,
0,
24923.66,
1981, 
1157.09,
8909.859,
108.5302,
39.18369,
171.8719,
168.5743,
155.3696,
77.11351,
18.86036,
411.1879,
5594.711,
1241.718,
106.6037,
836.2609,
230.855,
2726.784,
672.9659,
362.1985,
147.5992,
472.7571,
76.6324,
14.23497,
1357.065,
408.6898,
32.8315,
65.34301,
0,
25564.89,
1982, 
1136.058,
8688.75,
113.4095,
40.57534,
180.2194,
171.0359,
170.1496,
85.83471,
20.4164,
432.2899,
5586.426,
1259.721,
116.2423,
853.111,
239.0651,
2830.601,
797.8285,
386.6031,
155.6199,
504.137,
82.1542,
17.32995,
1343.73,
415.6123,
35.22574,
65.2659,
0,
25727.41,
1983, 
1187.16,
8878.192,
112.5313,
43.13845,
186.5169,
179.2569,
187.7583,
79.84968,
21.7321,
440.0708,
5719.142,
1317.657,
121.5037,
877.2928,
246.6496,
2978.39,
816.7967,
413.5939,
169.5538,
544.8012,
89.82158,
20.33164,
1418.878,
426.0636,
39.1615,
63.88533,
0,
26579.73,
1984, 
1279.878,
9274.39,
121.9216,
44.38152,
208.6821,
184.5302,
207.2545,
74.1756,
21.76359,
486.7347,
5928.742,
1378.836,
137.3197,
911.7481,
257.2548,
3168.132,
880.3057,
457.3213,
182.6243,
571.9357,
96.85426,
23.91775,
1493.585,
455.2826,
44.1786,
62.97643,
0,
27954.72,
1985, 
1357.436,
9440.135,
106.3642,
43.75373,
225.9766,
187.9616,
222.6229,
89.90286,
23.32075,
503.4824,
6149.178,
1383.467,
150.0041,
934.8961,
265.9077,
3287.403,
944.2718,
501.3247,
196.6258,
611.4672,
102.2769,
24.83817,
1551.948,
488.7081,
47.70227,
65.33821,
0,
28906.31,
1986, 
1388.987,
9431.795,
119.1544,
46.76657,
238.9479,
212.846,
219.9135,
94.12849,
24.75148,
517.3594,
6248.405,
1447.913,
171.9918,
956.4094,
270.1849,
3435.084,
1029.16,
547.5707,
212.1964,
670.936,
105.8192,
34.99953,
1574.154,
504.9262,
52.75277,
66.81181,
0,
29623.96,
1987, 
1480.768,
9599.564,
128.0912,
49.48165,
242.1289,
228.9782,
235.2785,
98.10892,
26.71566,
529.7612,
6454.689,
1477.736,
192.5159,
992.7374,
272.0798,
3572.937,
1052.563,
594.9044,
235.6988,
741.3655,
114.1199,
40.56454,
1678.871,
532.5202,
58.37646,
65.13058,
0,
30695.69,
1988, 
1515.47,
9991.863,
130.5549,
49.77978,
251.3054,
258.8858,
256.5076,
103.0374,
28.43357,
549.8065,
6738.333,
1470.669,
202.0823,
1024.183,
276.9368,
3660.732,
1210.957,
655.4727,
266.509,
811.0547,
125.3007,
42.84606,
1774.558,
556.6133,
66.99831,
72.00517,
0,
32090.89,
1989, 
1483.442,
10898.31,
138.3461,
53.15834,
267.3742,
247.344,
268.4909,
107.554,
30.07609,
562.0959,
6954.356,
1489.864,
218.0068,
1042.152,
278.4245,
3929.543,
1235.246,
716.1543,
290.5589,
872.066,
137.423,
47.39959,
1887.378,
597.5944,
69.8728,
69.05097,
0,
33891.28,
1990, 
1436.097,
11103.51,
142.8049,
53.64337,
256.157,
266.8235,
277.9583,
109.5198,
34.60491,
571.2708,
7109.383,
1408.169,
240.8647,
1121.767,
345.3876,
3831.769,
1322.039,
770.1458,
311.961,
926.8814,
151.1902,
56.31755,
2059.753,
613.0417,
76.03208,
76.81651,
0,
34673.91,
1991, 
1520.486,
11197.95,
147.5193,
52.20329,
272.3797,
251.1248,
293.1727,
111.9394,
36.85384,
572.0761,
7268.85,
1343.255,
245.3357,
1034.106,
295.8364,
3572.459,
1463.87,
838.6843,
328.7474,
1107.988,
163.0661,
63.7285,
2127.467,
630.2851,
81.54287,
84.63546,
0,
35105.56,
1992, 
1555.996,
11400.44,
151.2603,
55.09789,
279.6952,
259.702,
309.9341,
116.1849,
38.26927,
586.3565,
7319.005,
1248.595,
276.4901,
881.0822,
274.5658,
3089.787,
1556.87,
876.326,
349.4074,
1223.302,
176.5753,
69.63503,
2152.391,
642.6923,
89.56591,
73.20712,
0,
35052.43,
1993, 
1610.014,
11674.79,
152.9276,
56.25336,
290.9452,
274.2718,
335.337,
116.6131,
39.69597,
610.4304,
7331.786,
1247.372,
303.8206,
799.4495,
231.2749,
3119.418,
1603.986,
924.9092,
386.9567,
1263.101,
194.6026,
77.84192,
2176.418,
663.0656,
93.45965,
74.84407,
0,
35653.59,
1994, 
1698.638,
11971.24,
164.4938,
60.35305,
299.2097,
291.1112,
358.1979,
116.6067,
40.5304,
630.9039,
7487.983,
1322.332,
319.6058,
728.6999,
227.3057,
2752.347,
1705.7,
992.4897,
434.0207,
1370.948,
219.5738,
86.56419,
2276.654,
683.5645,
98.24709,
72.57018,
0,
36409.89,
1995, 
1716.221,
12314.75,
167.8308,
63.69207,
314.2012,
304.9055,
378.8947,
123.3033,
44.27421,
638.8261,
7682.944,
1320.011,
357.3271,
764.7353,
225.4766,
2745.575,
1790.839,
1076.425,
483.9916,
1492.601,
243.3461,
100.4082,
2314.045,
702.776,
104.4558,
74.16449,
0,
37546.02,
1996, 
1767.091,
12612.32,
159.7348,
67.02302,
329.8972,
319.1933,
428.2096,
128.4475,
46.33263,
666.8746,
7804.325,
1456.002,
388.3974,
767.2689,
217.7438,
2711.001,
1865.74,
1135.946,
536.2814,
1568.253,
264.948,
116.5101,
2381.014,
717.4484,
109.4885,
66.9756,
0,
38632.47,
1997, 
1793.254,
12918.12,
171.9748,
72.52254,
347.0989,
344.668,
461.1024,
128.9829,
49.93093,
691.2817,
7956.557,
1482.706,
423.169,
760.2098,
213.5799,
2668.773,
2017.888,
1198.807,
586.2389,
1662.874,
283.6157,
123.0141,
2434.721,
740.8954,
113.6667,
70.27987,
0,
39715.93,
1998, 
1771.589,
13228.41,
185.5553,
77.78593,
357.8865,
363.0716,
492.3503,
125.9726,
51.33597,
682.0064,
8129.692,
1501.847,
450.8383,
730.6346,
205.3921,
2701.894,
2276.147,
1283.698,
574.8156,
1743.491,
279.546,
126.8133,
2439.215,
784.2237,
117.8154,
91.86442,
0,
40773.89,
1999, 
1808.022,
13432.55,
196.6115,
83.88288,
371.7747,
363.6088,
521.7943,
132.2535,
52.82086,
680.2275,
8220.541,
1468.104,
466.1482,
755.1091,
201.7713,
2773.941,
2181.883,
1379.012,
639.6661,
1816.208,
298.8711,
148.1256,
2474.37,
825.4229,
117.6831,
99.42213,
0,
41509.82,
2000, 
1862.348,
14055,
209.507,
85.83012,
385.4215,
382.4797,
555.7893,
136.4133,
54.75759,
712.5422,
8253.018,
1559.22,
503.6082,
746.6587,
205.5341,
2908.319,
2198.635,
1457.249,
757.0422,
2051.084,
324.4068,
159.5317,
2582.839,
848.4988,
128.3606,
108.2201,
0,
43232.31,
2001, 
1816.703,
13402.39,
215.9934,
88.13029,
377.4438,
380.2491,
588.356,
145.0848,
57.3063,
689.076,
8233.446,
1697.069,
502.6694,
794.3774,
197.5716,
3039.253,
2298.491,
1512.992,
808.4637,
2258.368,
344.5855,
168.735,
2560.834,
899.1688,
144.0589,
121.9242,
0,
43342.74,
2002, 
1841.69,
13731.12,
219.423,
91.89225,
400.2731,
375.5943,
616.1567,
154.157,
57.46857,
745.9126,
8042.516,
1619.967,
534.672,
790.0809,
201.2903,
2935.147,
2386.734,
1559.404,
863.9702,
2444.079,
365.3073,
178.6555,
2613.723,
897.5117,
151.986,
129.9114,
0,
43948.64,
2003, 
1793.388,
13846.63,
269.1272,
93.96069,
416.398,
394.6724,
647.5139,
152.2271,
60.90741,
780.8209,
7973.573,
1626.267,
580.3295,
818.8633,
213.9467,
2991.426,
2509.429,
1665.36,
901.42,
2800.139,
394.9186,
186.6024,
2613.19,
853.4379,
161.4112,
124.3611,
0,
44870.32,
2004, 
1819.804,
14281.96,
268.6956,
94.53962,
445.3099,
420.802,
685.7575,
168.1795,
66.07278,
806.9061,
7900.216,
1721.992,
621.0629,
856.0839,
221.7139,
3085.424,
2672.821,
1772.678,
950.4913,
3210.411,
421.7803,
199.3033,
2692.214,
873.1628,
174.4674,
133.4705,
0,
46565.32,
2005, 
1771.526,
14206.45,
282.4271,
99.4947,
458.2369,
437.456,
701.2104,
178.5791,
71.34224,
817.1768,
7802.528,
1687.348,
660.4073,
832.4236,
227.3185,
3483.112,
2682.939,
1884.641,
1013.019,
3632.569,
454.9922,
212.8147,
2755.664,
866.429,
187.8812,
143.6056,
0,
47551.59,
2006, 
1709.409,
14009.68,
290.3227,
105.3049,
478.9374,
462.8379,
743.4825,
189.2572,
76.10659,
856.1068,
7645.952,
1714.207,
710.2568,
870.8588,
232.4904,
3508.001,
2837.533,
2040.543,
1044.871,
4174.79,
481.2014,
216.4154,
2809.479,
862.0956,
198.8869,
147.1754,
0,
48416.2,
2007, 
1811.52,
13963.34,
301.7918,
108.2725,
507.684,
474.0299,
822.9774,
200.089,
83.13345,
877.1299,
7397.988,
1702.899,
767.9614,
884.027,
241.9481,
3536.814,
3059.928,
2192.843,
1104.145,
4813.763,
510.1425,
220.6763,
2895.551,
902.8188,
205.7303,
150.945,
0,
49738.15,
2008, 
1799.222,
13370.63,
306.4398,
106.4962,
528.8416,
505.1328,
860.4684,
204.1228,
83.39807,
873.7645,
7355.359,
1701.326,
776.0917,
839.9698,
222.1313,
3606.92,
3192.406,
2110.146,
1182.932,
5355.919,
523.0214,
225.6627,
2800.775,
899.7026,
214.3346,
153.4443,
0,
49798.66,
2009, 
1719.509,
12335,
302.5525,
106.321,
534.5541,
511.1582,
981.1139,
212.5661,
92.03215,
852.3444,
6871.615,
1643.045,
757.2717,
726.1322,
212.9556,
3408.006,
3522.735,
2265.629,
1239.852,
6257.113,
549.739,
230.7063,
2797.493,
814.3403,
223.551,
166.6309,
0,
49333.97,
2010, 
1709.428,
12362.97,
319.9328,
111.1119,
593.5747,
505.7768,
1067.878,
229.9068,
107.0264,
888.2253,
7307.203,
1709.128,
816.3021,
747.9816,
235.1116,
3428.673,
3691.416,
2443.999,
1339.395,
7646.548,
601.0916,
248.8872,
2892.724,
833.6721,
231.4323,
175.9045,
0,
52245.3,
2011, 
1786.858,
11538.77,
354.0855,
116.3,
615.1259,
523.0934,
1105.345,
237.2028,
126.9559,
897.3647,
7649.377,
1740.396,
883.8589,
764.476,
227.6768,
3510.061,
3852.423,
2722.736,
1397.584,
9508.228,
633.8951,
264.6509,
3039.283,
808.0306,
247.5583,
179.6611,
0,
54731,
2012, 
1746.17,
11168.46,
369.5621,
120.6113,
648.6298,
558.8475,
1176.607,
244.3764,
142.7649,
892.6297,
8138.896,
1677.706,
955.9398,
770.0712,
242.5606,
3513.993,
4118.809,
2841.802,
1461.777,
11117.7,
708.6557,
277.3123,
3190.071,
821.1231,
268.0741,
184.595,
0,
57357.74,
2013, 
1650.457,
10881.1,
362.8081,
126.7494,
676.2372,
600.7664,
1247.388,
275.4203,
156.8718,
907.1008,
7880.897,
1675.628,
971.6547,
753.258,
290.765,
3527.436,
4381.133,
3095.878,
1539.667,
13495.03,
790.7011,
305.5747,
3975.896,
855.6918,
305.6815,
194.6111,
0,
60924.4,
2014, 
1606.617,
10816.9,
382.9348,
131.7152,
718.9532,
605.6241,
1327.18,
292.3048,
180.1926,
1085.637,
7987.723,
1656.221,
1026.96,
716.6523,
265.6419,
3560.837,
4765.559,
3507.715,
1645.145,
16185.1,
922.7667,
328.4563,
4823.696,
831.973,
336.0136,
221.3582,
0,
65929.88,
2015, 
1524.928,
11356.34,
398.7303,
143.8963,
722.8868,
650.2319,
1504.075,
321.6361,
206.6084,
1169.572,
7362.617,
1608.446,
1100.578,
659.3541,
276.4433,
3579.068,
5335.76,
3879.183,
1805.017,
19935.06,
1043.332,
350.2905,
6660.636,
874.8393,
362.2028,
233.0275,
0,
73064.76,
2016, 
1507.832,
10939.98,
423.0358,
147.7329,
759.9661,
659.3987,
1655.15,
335.7382,
220.5513,
1351.037,
7727.158,
1630.05,
1283.776,
659.571,
329.0652,
3577.741,
5913.574,
4440.833,
1964.204,
23593.5,
1277.522,
378.9612,
7923.862,
937.399,
429.1905,
227.8815,
0,
80294.72,
2017, 
1557.487,
11279.79,
428.6363,
147.274,
813.7442,
660.6191,
1718.923,
360.9225,
237.3392,
1542.708,
7931.2,
1630.283,
1727.168,
680.0664,
416.7598,
3643.962,
6083.037,
5121.224,
2182.909,
29359.56,
1410.473,
404.0299,
9239.14,
1025.144,
494.2235,
249.2629,
0,
90345.88,
2018, 
1515.994,
11774.56,
453.8026,
155.7491,
849.4135,
671.8116,
2018.688,
408.5031,
292.2486,
1821.094,
8518.677,
1862.123,
2841.056,
753.7078,
433.7765,
3630.751,
6174.815,
6045.244,
2456.819,
36038.26,
1545.215,
472.484,
10563.9,
1185.072,
542.9981,
279.9355,
0,
103306.7,
2019, 
1571.517,
11910.96,
422.6849,
161.9207,
908.7734,
636.9732,
2248.979,
448.9816,
337.1149,
1910.571,
9786.905,
1790.479,
3181.928,
940.388,
475.1997,
3677.752,
7276.136,
6728.754,
2931.042,
42056.82,
2113.411,
518.1388,
11910.21,
1377.213,
579.3925,
327.6026,
0,
116229.8,
2020, 
1543.105,
11508.58,
430.4132,
152.3793,
881.4406,
630.1169,
2316.624,
484.5544,
360.1024,
2088.46,
10987.32,
1950.654,
3540.969,
1033.361,
451.6701,
3555.601,
7976.572,
7082.419,
3478.8,
51209.23,
2839.019,
522.1282,
13453.8,
1609.491,
613.5811,
333.7625,
0,
131034.1,
2021, 
1591.585,
12604.87,
456.8156,
166.8975,
975.2685,
707.4204,
2453.126,
537.4572,
407.8609,
2222.153,
11689.07,
2277.233,
4008.622,
1086.987,
563.1783,
3714.805,
8687.158,
8038.969,
4214.011,
62351.89,
4250.211,
563.1082,
15023.2,
1954.831,
706.9139,
369.89,
0,
151623.5,
2022, 
1558.95,
13585.62,
528.5425,
178.0349,
1030.815,
707.4571,
2516.286,
640.79,
471.8273,
2252.531,
13229.8,
2570.84,
4522.332,
956.0453,
625.3165,
3686.377,
10335.15,
9574.097,
4643.262,
72663.44,
4432.526,
616.5117,
16383.33,
2337.867,
818.4587,
495.2382,
0,
171361.5,
2023, 
1480.421,
15395.39,
548.1816,
185.7097,
1107.415,
726.1324,
2732.478,
766.1845,
506.3561,
2254.754,
15500.62,
3031.834,
5092.566,
983.7583,
719.1187,
3735.387,
12141.35,
10555.73,
5159.94,
98380.84,
4790.607,
683.2194,
17108.46,
2883.963,
862.9161,
534.0065,
0,
207867.3,
2024, 
1403.632,
18158.82,
579.635,
194.052,
1152.476,
756.5485,
3016.376,
855.6705,
539.1301,
2391.831,
17819.47,
3624.089,
8214.703,
806.6605,
807.8083,
3711.68,
13318.98,
12667.47,
5390.207,
128589.7,
5087.632,
738.5168,
17522.61,
3728.845,
950.7529,
587.4819,
0,
252614.8,
2025, 
1511.715,
22173.93,
584.8699,
277.6678,
1318.257,
791.5566,
3246.211,
974.7415,
800.6753,
3135.927,
19639.94,
4018.068,
8923.451,
848.0887,
869.5152,
3720.446,
29468.99,
17588.84,
6207.984,
141020.5,
5725.118,
1401.224,
20416.87,
4885.924,
1216.107,
665.2424,
0,
301431.8,
2026, 
1589.17,
24477.17,
595.9641,
296.1572,
1318.609,
806.0373,
2944.157,
1074.657,
1010.423,
2758.364,
21679.49,
4430.211,
8086.612,
904.4003,
1075.006,
3653.794,
27281.43,
21935.89,
6295.914,
175552.9,
6261.936,
1771.035,
20965.26,
5986.118,
1548.533,
646.3902,
0,
344945.7,
2027, 
1617.925,
27047.84,
617.0294,
371.8472,
1324.534,
836.847,
2731.603,
1779.806,
1297.475,
2472.44,
23609.55,
4755.116,
7626.161,
1021.462,
1910.871,
3597.395,
29639.06,
28167.42,
6742.734,
213130.6,
7288.917,
3080.907,
21820.93,
7602.226,
2211.947,
671.2815,
0,
402973.9,
2028, 
1985.963,
28778.83,
663.9672,
476.7076,
1331.712,
870.4889,
2495.381,
2770.889,
1544.585,
2301.095,
26036.98,
5362.929,
7358.847,
1149.12,
2703.153,
3530.406,
34620.09,
37741.55,
6844.578,
266290.3,
9043.619,
5384.268,
23266.79,
9625.19,
3581.804,
738.0074,
0,
486497.2,
2029, 
2556.069,
30536.39,
711.3109,
633.5859,
1352.756,
909.4549,
2268.264,
4000.605,
1711.914,
2253.163,
28414.23,
5989.002,
7340.212,
1225.343,
3917.585,
3469.277,
37151.66,
51083.35,
6930.498,
323980.1,
11812.53,
8774.058,
24671.37,
12431.58,
5232.065,
939.0936,
0,
580295.4,
2030, 
3032.509,
35604.34,
915.3998,
1600.492,
1551.375,
1412.189,
2016.144,
4319.023,
2082.278,
2296.03,
30058.96,
6591.225,
8493.44,
1331.496,
5496.344,
3435.023,
39071.27,
66307.48,
6965.382,
387865.1,
17373.74,
13597.74,
26128.1,
15310.48,
7104.688,
1275.625,
0,
691235.9,
2031, 
3525.343,
48210.07,
1090.099,
6093.336,
2131.736,
2046.477,
2066.889,
4468.788,
2119.305,
2524.692,
33532.83,
6768.093,
9893.012,
1455.264,
7590.957,
3365.786,
43544.44,
96904.45,
7201.25,
503611.1,
23333.41,
18655.86,
28010.16,
20027.54,
10771.38,
1843.545,
0,
890785.8,
2032, 
4044.566,
68536.77,
1200.794,
22782.14,
3481.502,
4219.715,
2323.07,
4377.805,
2095.678,
2569.012,
79275.62,
8520.434,
11495.43,
1579.781,
10727.74,
3321.99,
44818.49,
206794.4,
7208.622,
704883.2,
32805.79,
23116.38,
30087.12,
26800.09,
14804.98,
1852.874,
0,
1323724,
2033, 
4562.458,
103107.1,
1579.467,
57004.55,
7635.152,
17215.22,
2581.958,
4283.457,
2114.865,
2349.341,
147530.7,
20004.08,
12768.59,
1487.398,
15743.89,
3271.711,
43123.5,
339322.1,
7254.418,
1115253,
50238.77,
31468.3,
33304.81,
37791.54,
19519.86,
1806.604,
0,
2082323,
2034, 
5895.481,
179621.5,
4129.156,
86168.89,
16660.67,
52609.71,
3529.888,
7121.348,
2221.213,
2180.679,
241767,
45224.45,
14291.09,
2000.308,
25900.83,
3427.976,
46471.95,
664824.4,
7659.043,
1758558,
77082.2,
42422.61,
38375.77,
53585.27,
37401.64,
2161.98,
0,
3421293,
2035, 
7507.151,
281411.6,
8099.876,
104514,
46405.42,
150276.1,
4579.843,
10628.03,
2786.469,
1875.523,
345801.5,
87089.47,
15328.74,
3218.811,
48111.03,
3664.602,
58112.64,
1057558,
7995.103,
2745348,
117926.9,
54409.33,
44100.07,
74302.3,
67245.94,
4687.232,
0,
5352983,
2036, 
8458.637,
472702.4,
25359.86,
115533.7,
75689,
209812,
5743.312,
20112.11,
6550.952,
3053.632,
441251.2,
120960.7,
16745.36,
14840.47,
100581.2,
3932.121,
94803.26,
1369078,
9112.927,
3593875,
165720.2,
63002.68,
55312.03,
89512.88,
103174.3,
15572.95,
0,
7200491,
2037, 
9645.598,
737913.4,
66949.05,
132860.6,
96809.18,
228002,
10980.07,
40906.48,
16289.19,
19696.2,
525978.3,
159796,
18783.44,
31239.85,
196688.1,
4490.739,
159358.7,
1704642,
14572.87,
4465949,
256705.9,
73653.82,
66877.92,
103837.5,
168032.4,
49462.22,
0,
9360120,
2038, 
11403.55,
1015262,
129078.6,
139488.3,
106645.2,
241276.9,
39607.09,
62030.34,
36425.26,
70458.68,
572802.2,
204073.8,
20722.49,
57500.42,
273457.8,
5287.947,
255042.6,
1901630,
20818.72,
4936252,
353425.2,
86433.23,
76112.73,
126317.2,
244910.6,
95590.27,
0,
1.108205e+07,
2039, 
14174.97,
1262024,
165979.9,
146539.5,
120530.7,
263415.6,
147884.5,
91425.96,
65258.43,
94618.91,
601233.7,
249616.2,
24175.47,
92486.53,
307226.6,
6332.986,
380907.9,
2123337,
21797.98,
5410466,
441149.2,
104139.3,
80663.45,
152252,
325452.3,
120117.7,
0,
1.281321e+07,
2040, 
21153.12,
1486357,
196299.4,
154884.4,
118768.1,
268831.4,
360595.7,
132785.1,
77332.88,
104069,
665795.7,
306266.4,
32191.02,
109763.8,
326350,
7623.459,
561256.6,
2297464,
22124.53,
5820627,
512812.8,
129980.9,
82128.06,
170448.5,
448468.5,
136676.4,
0,
1.455105e+07,
2041, 
25743.78,
1710222,
208970.6,
165438.5,
105934.5,
278364.1,
510435.7,
187991.5,
91300.77,
131951,
744490.5,
354156.2,
44924.79,
117800.7,
335352.8,
9132.181,
837173.8,
2408076,
22418.49,
6214006,
620214.8,
184381,
85894.5,
188295.8,
542356.5,
161990.2,
0,
1.628702e+07,
2042, 
28719.21,
1897371,
217481.4,
176877.2,
101996.7,
305468.1,
585313.4,
264519.2,
118632,
130730.2,
729321.1,
396566.3,
60198.7,
124525.4,
340385.5,
10864.86,
1043086,
2466341,
22499.39,
6497533,
779894.9,
263132,
91264.84,
200806.4,
601917.4,
170260.2,
0,
1.76257e+07,
2043, 
30914.59,
2126969,
217538.7,
187583,
96013.52,
338812.8,
624974.9,
321772.6,
163841.7,
115896.4,
750155.3,
413221.2,
80667.77,
129333.7,
344984.9,
12663.69,
1187944,
2529682,
23453.2,
6785800,
927589.3,
348567.6,
96775.52,
226742.8,
652066.7,
170206.6,
0,
1.890417e+07,
2044, 
32722.28,
2290216,
222357.6,
199183.7,
89358.88,
384193.1,
659311.3,
402775,
215068.7,
108780.3,
770104.4,
420958.5,
106997.1,
135543.1,
351035.6,
13040.56,
1244339,
2590480,
25559.97,
7079744,
1094714,
417936.1,
106195.4,
241759.2,
718041.2,
167314.3,
0,
2.008773e+07,
2045, 
36851.26,
2376849,
234519.3,
211195.3,
93264.07,
446810.9,
675378.4,
490146.8,
245075.2,
103094.4,
779366.6,
425423.7,
135063.9,
142652.3,
357622.1,
13497.2,
1260763,
2647601,
29964.86,
7301070,
1180955,
466978.1,
115391,
280867.3,
751256.2,
178821.9,
0,
2.098048e+07,
2046, 
43101.85,
2442648,
251283.3,
223568.7,
114273.6,
510279.6,
700223.6,
551486.8,
271738.3,
99834.76,
779899.6,
432244.5,
162964.6,
150198.1,
364723.7,
14825.29,
1255730,
2703213,
37119.71,
7501775,
1266591,
497098.6,
123965.8,
300675.9,
790922.3,
206022.1,
0,
2.179641e+07,
2047, 
52674.43,
2494210,
276971.4,
235527,
140678.7,
601431.3,
699499.2,
629381.5,
300730.6,
101074.5,
760756.5,
436485.1,
173965,
154112.7,
371154.9,
16549.67,
1232921,
2752096,
46264.87,
7704502,
1287955,
498117.7,
130108.3,
342880.5,
838597.6,
224862.2,
0,
2.250351e+07,
2048, 
63479.94,
2600450,
314642.8,
246456.5,
169399.6,
673669,
730350.8,
689447.3,
317005.9,
113728,
747742.9,
445507.6,
195098.9,
158507.3,
377472.3,
31081.58,
1214914,
2792908,
52439.97,
7863193,
1310003,
481450,
134680.6,
372075,
888232.7,
241097.7,
0,
2.322503e+07,
2049, 
71953.34,
2773395,
363194,
256671,
211122.3,
724699.8,
762748,
738491.3,
332507.1,
127912.7,
816604.9,
458092.1,
211011.9,
164428,
382769.8,
59325.41,
1189632,
2831452,
57679.29,
8004426,
1350930,
446147.8,
139739.4,
389860,
952006.1,
259749.4,
0,
2.407655e+07,
2050, 
79683.7,
2932655,
415846.5,
265980.7,
268890.3,
763242.8,
801146.4,
768330.9,
334501.7,
134628.4,
864086.8,
476862.6,
221933.5,
169678.9,
388804,
132687.7,
1192726,
2874730,
63422.7,
8151160,
1387533,
411346.1,
142795.1,
407894.5,
1016852,
278652.5,
0,
2.494607e+07,
2051, 
84091.22,
3095810,
465447.7,
275770,
326572.8,
802555.2,
845159.4,
799405.8,
330515,
144372.8,
936107.6,
486522.2,
246004.3,
175534.8,
404484.4,
278342.8,
1235042,
2950721,
70087.78,
8299596,
1398761,
374577.1,
143560.9,
422741.7,
1091662,
299405,
0,
2.598285e+07,
2052, 
87007.8,
3230637,
508487.9,
283003.2,
441085.2,
824513.8,
883265.3,
891776.6,
362289.9,
158188.6,
943449.1,
488695.1,
265024,
179378.5,
415549.5,
486795.7,
1278632,
3065681,
77861.84,
8415479,
1398049,
329841.9,
145912.7,
434882.5,
1161593,
318357,
0,
2.707544e+07,
2053, 
91649.72,
3362297,
540219.1,
287860.3,
573142,
851515.3,
928880.2,
997556.9,
399228.8,
165874.4,
948360.7,
494129,
280844.1,
182920,
426061.1,
713633.4,
1382217,
3213696,
80683.23,
8515805,
1397416,
292225.6,
148349.5,
445955.7,
1259333,
335981.2,
0,
2.831583e+07,
2054, 
104524,
3590601,
564365,
292008.6,
684978.7,
861869.3,
974931.6,
1041476,
397182.7,
174682.3,
949801,
497239.4,
287445.2,
186123.7,
441636.3,
887675.6,
1474117,
3385574,
82114.88,
8573102,
1374355,
267988.1,
148604.8,
457988.8,
1350528,
352795.4,
0,
2.940371e+07,
2055, 
119543.1,
3669605,
585618.9,
291523.5,
798018.1,
875504.2,
998617.1,
1072746,
368381,
186946,
943169,
496079.9,
292159.7,
189264.3,
460877.3,
946383.5,
1591805,
3544903,
82682.2,
8567862,
1318288,
245549.8,
146463.3,
473943.4,
1417717,
379254.7,
0,
3.00629e+07,
2056, 
137820.4,
3781037,
604579.3,
285959.9,
919669.3,
883775.2,
1034523,
1130294,
332532.4,
207258.5,
903573.2,
495725.1,
285174.2,
191538.8,
474840.6,
979170.5,
1698254,
3608410,
83323.89,
8572297,
1265451,
228502.5,
147118.9,
490990.4,
1500663,
405636.4,
0,
3.064812e+07,
2057, 
158398.3,
3896307,
628602.9,
281927.8,
1004162,
890939.8,
1090944,
1202648,
269137.5,
246674.7,
861246.1,
497580.8,
275625.3,
192919.2,
495363.9,
981788.8,
1805475,
3686214,
83614.41,
8597315,
1229624,
212570.3,
145292.8,
514592.3,
1587454,
424025.9,
0,
3.126044e+07,
2058, 
176183.1,
4029513,
653830.6,
283694.4,
1086336,
900366.4,
1159041,
1280908,
213821.4,
280060.6,
829716.9,
498460.8,
256770.4,
193652.7,
525157.3,
990505.7,
1922038,
3721818,
84102.05,
8684801,
1198309,
197201.8,
141165.9,
539820.8,
1673501,
444914.5,
0,
3.196569e+07,
2059, 
193994.3,
4145295,
680119.8,
285524,
1197601,
915110.5,
1229571,
1342982,
212687.1,
295420.8,
819424.2,
502364.5,
231650.5,
193939.1,
557327.8,
1011867,
2028836,
3677274,
84489.63,
8705335,
1180154,
184834,
140906.4,
567519.7,
1763984,
474525.3,
0,
3.262274e+07,
2060, 
217263.8,
4259118,
708300.2,
287527,
1322493,
930910.9,
1279182,
1409658,
282053.4,
284522,
815468.8,
508714.5,
210688,
194954.9,
593434.1,
1039424,
2127835,
3683063,
84607.8,
8743590,
1161837,
176778.3,
141958.1,
587138.8,
1863388,
500079.6,
0,
3.341399e+07,
2061, 
228291.1,
4360316,
736438.4,
288358.2,
1422544,
947267.5,
1335247,
1487903,
399571,
260070.9,
829402.5,
505120.8,
186424,
198529.1,
612131.9,
1063966,
2210909,
3681458,
84682.69,
8765170,
1153282,
171377.3,
141687.7,
599329.1,
1973969,
531254.8,
0,
3.41747e+07,
2062, 
253405.4,
4445636,
762709.4,
283328.7,
1527997,
970330.9,
1391805,
1578757,
489676.9,
217222.7,
841437.1,
492339.3,
178212.4,
204868.1,
619136.7,
1109108,
2292628,
3683131,
81495.83,
8807787,
1136067,
168266.9,
144954.8,
618294.8,
2083993,
565722.1,
0,
3.494831e+07,
2063, 
281732.5,
4524508,
785910,
277644.3,
1618351,
996142.4,
1459889,
1682713,
497394.8,
167771.3,
853284.1,
494484.1,
179924.5,
210425.6,
616552.6,
1153115,
2440830,
3677598,
78092.83,
8887573,
1093180,
163565.1,
150444.5,
631111.1,
2200423,
604779.3,
0,
3.572744e+07,
2064, 
304452.6,
4595271,
806670.6,
271396.2,
1679828,
1017955,
1530606,
1808687,
424590.9,
127939.3,
844318.4,
491530,
186987.9,
215672.6,
604931.7,
1199224,
2558928,
3544804,
75220.92,
8932395,
1010365,
157469.8,
155879.4,
650176.6,
2331796,
644372.6,
0,
3.617147e+07,
2065, 
320860.2,
4653728,
828432.2,
263117.1,
1720238,
1047428,
1594669,
1939767,
311123.8,
126662.7,
830586.2,
503336,
194080.5,
221765.1,
603114.9,
1212422,
2679107,
3398323,
72679.02,
8967844,
935885.2,
154641.5,
161553.9,
675040.6,
2457076,
682766.7,
0,
3.655625e+07,
2066, 
331668.3,
4705844,
854048.7,
253978.5,
1770632,
1066285,
1658616,
2060623,
176326.4,
160810,
835356.1,
521977.5,
198658.3,
224836.9,
607509.3,
1209568,
2774265,
3250521,
70508.98,
9076655,
882567.3,
158466,
167157,
694233.4,
2584469,
727762.9,
0,
3.702334e+07,
2067, 
340976.8,
4751155,
910089.1,
241793.4,
1823378,
1092642,
1735724,
2166615,
129178.6,
213145.5,
842116.1,
531171,
201707.2,
224324.3,
611130,
1210410,
2847350,
3095580,
69279.73,
9012400,
840175.7,
159685,
171447.3,
716017.4,
2715859,
757958.3,
0,
3.741131e+07,
2068, 
355573.1,
4803726,
953912.6,
232014.1,
1884131,
1103389,
1823051,
2269208,
136781.6,
278317.4,
859998.7,
526677.1,
194492.3,
223252.8,
617625.7,
1213807,
2873241,
2944429,
68582.27,
8863751,
795081.9,
169966.3,
172821.6,
734004.6,
2837573,
785208.9,
0,
3.772062e+07,
2069, 
362060.6,
4854025,
1004013,
227272.9,
1950446,
1104285,
1870627,
2363371,
208210.4,
349850.8,
905262,
524457.6,
194792.9,
222896.3,
624307.8,
1222442,
2870643,
2812008,
68209.19,
8719485,
766202.8,
172755.1,
172120.1,
748938.4,
2947730,
815643.4,
0,
3.808206e+07,
2070, 
362728.6,
4894629,
1050243,
219071.9,
2022212,
1102185,
1906566,
2477090,
354077.2,
419815.5,
940796.9,
522659.5,
202004.8,
217645.9,
628995.1,
1230555,
2868045,
2750241,
69105.15,
8694489,
761657.8,
178785.6,
168400.3,
759555.1,
3046118,
843878.2,
0,
3.869155e+07,
2071, 
371024.7,
4925530,
1094260,
216004.2,
2103749,
1093477,
1952834,
2607341,
525532.4,
475171.2,
954102.7,
526220.8,
205490.8,
210956.2,
629279.3,
1240463,
2877445,
2663453,
70847.93,
8654891,
757111.3,
184025.4,
164886.9,
769584.3,
3136148,
877005.4,
0,
3.928683e+07,
2072, 
363213.4,
4977710,
1136245,
220663.3,
2187796,
1086025,
2005837,
2738719,
656148.1,
488093.9,
944523.9,
526287.9,
216987.9,
198956.6,
627045.9,
1247467,
2906135,
2533544,
72141.52,
8617996,
740189,
190063.6,
161825.7,
777286.1,
3210256,
913743.6,
0,
3.97449e+07,
2073, 
370592.3,
5004487,
1175240,
227077.4,
2249354,
1078528,
2062268,
2845999,
714525.8,
431541.2,
944086.8,
527006.9,
231917.5,
189387.8,
624773.9,
1251647,
2966013,
2367113,
73218.02,
8584960,
718539.3,
189481.2,
160124.6,
790328.8,
3291984,
949085.8,
0,
4.001928e+07,
2074, 
367614.1,
5034830,
1212837,
235495.6,
2293839,
1045417,
2122791,
2982676,
706312.7,
315506.8,
947148.5,
528181.9,
241140.2,
181639.3,
630593.1,
1251773,
2956298,
2194147,
74340.52,
8556174,
718059,
192631.6,
160665.1,
796822.3,
3370980,
989922.8,
0,
4.010784e+07,
2075, 
371432.1,
5066968,
1245285,
245644.5,
2343533,
1052314,
2180350,
3076827,
605969.1,
206253.8,
950441.9,
529449.9,
256900.1,
175484,
632175.9,
1282277,
2944298,
2086150,
75599.09,
8516505,
732314.9,
201735.8,
161557.5,
824111.9,
3439072,
1033310,
0,
4.023596e+07,
2076, 
378654.6,
5095333,
1277328,
253615.5,
2379110,
1079242,
2179890,
3269569,
527168.3,
130279.6,
956345.9,
529942.4,
273518.2,
171641.4,
631214.2,
1323542,
2732332,
2021380,
76565.73,
8470308,
749505.8,
205467.4,
162622.2,
845112.6,
3502926,
1078306,
0,
4.030092e+07,
2077, 
391549.9,
5121568,
1304037,
259168,
2404612,
1127305,
2148751,
3374139,
495467.2,
108129.4,
943847.3,
531624.9,
287251,
170552.5,
631052.6,
1353116,
2570646,
2010653,
78291.2,
8418879,
762575.9,
213619,
163819.9,
873232.4,
3558772,
1121989,
0,
4.042465e+07,
2078, 
403910,
5145841,
1325712,
262804.8,
2430970,
1160330,
2105198,
3466359,
485041.1,
142222.6,
968316.5,
533307.1,
294995.8,
170570,
630459.9,
1379704,
2399005,
1978488,
81553.39,
8366072,
772282.5,
227781.9,
165123.2,
895801.2,
3600133,
1167843,
0,
4.055982e+07,
2079, 
413649.3,
5163023,
1351563,
266392.3,
2460992,
1208200,
2054468,
3624905,
532328.1,
205704.6,
962593.5,
532429.2,
299122,
171583.4,
632581.3,
1407283,
2257845,
1921513,
86612.1,
8321044,
784691.3,
243799.1,
166112.9,
922787.1,
3623163,
1213495,
0,
4.082788e+07,
2080, 
418360.9,
5173635,
1377419,
263418.3,
2491146,
1255277,
2031248,
3739609,
611874.4,
292940,
949532.7,
531162.3,
300417.3,
176699.3,
634162.8,
1422705,
2185882,
1873149,
93906.74,
8276918,
784632.5,
259156.3,
166614.1,
946875.3,
3637673,
1261023,
0,
4.115544e+07,
2081, 
415229.1,
5173749,
1399787,
261603.6,
2512029,
1301795,
2032238,
3898563,
734573.2,
349930,
949458.4,
529041.8,
302623.1,
185001.4,
638651.4,
1434022,
2110271,
1819078,
101567.4,
8218241,
793762,
274531,
167274.5,
971436.1,
3658573,
1320606,
0,
4.155364e+07,
2082, 
406686.7,
5166354,
1421772,
262371.7,
2526978,
1337470,
2058552,
4047293,
898265.9,
387934.3,
914135.5,
526331.3,
307078.3,
191251.1,
642323.1,
1450627,
2014615,
1713413,
107581.3,
8165392,
817624.8,
284610.5,
166679.4,
1003512,
3692020,
1374941,
0,
4.188581e+07,
2083, 
399566.1,
5146797,
1435407,
265441.7,
2525946,
1397956,
2098041,
4219560,
1082307,
366233.7,
882974.1,
523809.4,
309458.1,
199968.4,
641498.1,
1464147,
1983671,
1671241,
111362.7,
8154940,
841599.7,
300414.6,
165158.4,
1027973,
3727295,
1427941,
0,
4.23707e+07,
2084, 
391243.9,
5101920,
1441973,
271573.6,
2528291,
1483116,
2157294,
4406637,
1300853,
283305.8,
853748.5,
517839.8,
315315.6,
202138.9,
641543.9,
1470927,
1972573,
1657291,
114543.3,
8108040,
879436.4,
313397.2,
162949,
1050579,
3767295,
1488767,
0,
4.288259e+07,
2085, 
379478,
5046802,
1448031,
274652.2,
2537939,
1536237,
2221964,
4594744,
1599647,
204260,
842482.6,
496657,
315213.2,
203999,
641326.7,
1470619,
1974671,
1672085,
116029.7,
8151834,
918904.1,
332506.6,
160558,
1079595,
3667850,
1555926,
0,
4.344401e+07,
2086, 
367529.4,
4993356,
1456160,
276793.7,
2543955,
1582008,
2284464,
4786920,
1866723,
99608.95,
852283.5,
472806.5,
314747,
202880.4,
638378.4,
1462500,
2000585,
1646228,
117002.4,
8292988,
949906.2,
359091.6,
158851.2,
1111334,
3577970,
1624531,
0,
4.40396e+07,
2087, 
356585.1,
4951407,
1461062,
277761.8,
2550990,
1634063,
2321393,
5023668,
2065562,
43507.68,
867181.8,
447102.3,
317713.5,
204548.1,
634998.7,
1458579,
1912210,
1609791,
116000.4,
8461487,
974135,
381703.3,
156616,
1155372,
3498273,
1695320,
0,
4.457703e+07,
2088, 
346647.5,
4922418,
1467519,
272835.9,
2556497,
1677815,
2346322,
5264371,
2205692,
18365.83,
865824.7,
419065.2,
319390.1,
210532.2,
631929.6,
1450712,
1719604,
1546009,
114649.1,
8522816,
979629.1,
393599.7,
153391.4,
1174877,
3419212,
1766165,
0,
4.476589e+07,
2089, 
335501.5,
4902054,
1466881,
265590.3,
2562422,
1712956,
2365989,
5452768,
2348226,
11194.1,
853753.5,
398421.5,
322149.9,
214033.3,
633195.4,
1460507,
1326695,
1503144,
113237.4,
8526027,
967926.6,
394949.8,
150470.3,
1194171,
3319101,
1834285,
0,
4.463565e+07,
2090, 
315464.3,
4877607,
1461086,
241902.3,
2556042,
1754992,
2371411,
5714675,
2502620,
17949.66,
829798.4,
382811.4,
325078.7,
216177.5,
644746.3,
1455729,
1011623,
1382408,
109954.2,
8538251,
967047.6,
387848.2,
148833.7,
1216061,
3201977,
1900386,
0,
4.453248e+07,
2091, 
307315.5,
4853128,
1449947,
232724,
2533638,
1798371,
2374910,
6160927,
2656230,
31709.51,
819080.4,
378041.5,
327509.8,
216782.8,
663127.9,
1456531,
763509.9,
1281461,
106874.3,
8497355,
975594.8,
369516.2,
147810.1,
1254463,
3087919,
1965263,
0,
4.470974e+07,
2092, 
279755.7,
4817440,
1435184,
223804.9,
2509057,
1895371,
2385532,
6469975,
2827900,
40923.71,
811263.3,
383580.8,
327941.7,
218668.8,
684552.4,
1455458,
613508.1,
1302535,
105132.8,
8457258,
982040.2,
353645.3,
147060.5,
1284028,
2971205,
2036029,
0,
4.501885e+07,
2093, 
279531.3,
4780878,
1443596,
213260,
2481134,
2037614,
2388337,
6686190,
2992501,
48041.18,
817394,
396350.6,
329255.2,
220232.8,
700600,
1454496,
535115.3,
1341566,
104065.7,
8390208,
1000352,
337125.4,
147373.1,
1307133,
2772572,
2114370,
0,
4.531929e+07,
2094, 
254397.5,
4745627,
1432108,
204454.6,
2456350,
2170242,
2395565,
7032890,
3179373,
40747.61,
810298.6,
413813.9,
329969.5,
219938.1,
705393.7,
1456035,
512132.5,
1450176,
103221.6,
8347409,
1028152,
335073,
148453.8,
1327056,
2731845,
2192553,
0,
4.602328e+07,
2095, 
232063.6,
4727553,
1390936,
199595.8,
2438338,
2267360,
2415855,
7339766,
3416570,
31171.09,
819016.1,
434365.7,
329708.7,
222342,
709648.5,
1446431,
505726,
1526740,
102796.1,
8436621,
1039645,
346516.2,
151121.2,
1342225,
2718388,
2260910,
0,
4.685141e+07,
2096, 
208381.3,
4706006,
1323556,
196606,
2426432,
2329771,
2433914,
7707343,
3531933,
15242.34,
826555.3,
447189.5,
333677.3,
224219,
713541.6,
1445738,
405859.4,
1578551,
102435.8,
8580281,
1040325,
356529.4,
152426.7,
1357849,
2706959,
2343843,
0,
4.749516e+07,
2097, 
188726,
4670087,
1227855,
199626.1,
2429726,
2348723,
2441559,
8172140,
3624362,
6860.133,
808006.4,
458107.8,
335154.9,
222383.9,
706549.8,
1440138,
218061.1,
1606439,
101643.3,
8586232,
1029151,
369467.1,
154472.5,
1367217,
2695345,
2425807,
0,
4.783384e+07,
2098, 
164219.1,
4623726,
1183266,
202239.1,
2442625,
2293705,
2448348,
8558039,
3721788,
4897.786,
806327,
462130,
337882.8,
221924.7,
702022.9,
1443417,
88979.1,
1622334,
103134.7,
8513177,
1002273,
375882.8,
157139.7,
1378601,
2669724,
2503610,
0,
4.803141e+07,
2099, 
146223,
4591686,
1161583,
207879.9,
2488313,
2298644,
2441397,
8953022,
3842975,
4805.609,
819047.4,
464843.8,
335534.9,
223570.1,
706960.8,
1440991,
49995.65,
1605683,
104880.2,
8455868,
984592.8,
371744.1,
159966,
1391340,
2599894,
2584614,
0,
4.843605e+07,
2100, 
133328.8,
4549160,
1146919,
212773.9,
2537662,
2366370,
2415985,
9326597,
3973868,
4713.294,
828785.6,
467342.2,
331182.2,
226665.1,
724393.5,
1444651,
45196.71,
1517779,
103216.9,
8301700,
970476.6,
361052.8,
161871.7,
1409902,
2572745,
2666787,
0,
4.880112e+07];
