real main.em.ep.isp.StorCapTot[28](t) = [1971, 
566.5516,
2974.242,
36.59344,
18.78446,
56.49295,
70.06173,
51.09151,
35.70309,
10.61529,
190.2325,
3522.189,
690.718,
37.31318,
556.4208,
110.5313,
1607.783,
123.688,
165.1254,
43.73093,
189.4541,
28.22084,
2.399819,
681.6126,
110.3267,
12.23423,
22.08051,
0,
11914.2,
1972, 
646.2068,
2975.325,
41.50105,
20.93361,
61.75048,
74.46001,
51.76905,
38.57457,
11.42901,
206.3607,
3676.651,
753.3674,
43.05058,
588.0674,
113.3681,
1694.608,
139.7687,
172.2903,
47.06474,
207.8923,
32.03064,
2.773161,
728.3337,
108.9237,
12.26643,
31.6033,
0,
12480.37,
1973, 
716.0466,
3248.41,
45.12885,
23.28887,
71.53477,
83.28148,
53.04696,
42.95211,
11.59635,
219.3552,
3942.77,
784.907,
43.52681,
621.6184,
121.3834,
1793.588,
167.1922,
178.2011,
53.26466,
227.2951,
37.82144,
3.405518,
788.479,
124.1211,
14.25235,
40.17353,
0,
13456.64,
1974, 
740.7369,
3273.476,
57.15581,
24.33209,
79.68801,
91.06651,
56.72418,
43.06424,
11.21579,
234.7155,
4037.459,
833.1469,
49.24638,
657.4884,
130.2095,
1903.219,
187.3379,
186.7265,
58.56365,
235.1268,
40.24564,
4.518811,
778.5542,
133.2379,
16.03489,
50.63238,
0,
13913.92,
1975, 
721.2789,
3369.763,
60.57953,
24.18564,
85.83691,
95.39542,
64.47839,
48.29573,
11.6781,
252.28,
4023.85,
871.0329,
59.03473,
595.6721,
115.8249,
1764.688,
217.4633,
206.9453,
65.50536,
278.35,
41.93681,
5.131409,
796.1603,
138.231,
17.99837,
53.29406,
0,
13984.89,
1976, 
771.6292,
3598.95,
64.31382,
27.34083,
98.93375,
102.9142,
73.92207,
50.22042,
13.53636,
264.12,
4326.715,
925.7356,
67.06864,
622.4441,
122.6964,
1878.464,
256.2046,
232.1586,
71.59804,
308.7295,
47.25506,
4.763587,
851.8198,
144.1164,
18.93958,
57.16565,
0,
15001.75,
1977, 
827.6048,
3719.497,
69.53985,
29.62437,
109.1107,
112.6787,
84.5472,
54.93723,
14.22311,
264.1704,
4423.47,
965.7786,
75.03923,
640.5471,
126.8969,
1944.615,
324.4036,
246.8405,
78.35242,
337.0688,
52.46521,
5.95475,
887.6619,
151.6248,
20.39258,
62.17325,
0,
15629.22,
1978, 
887.8226,
3821.181,
76.84139,
31.27707,
120.818,
118.2031,
95.16819,
53.08585,
14.94976,
275.6216,
4588.078,
1016.439,
79.9075,
661.4202,
131.2872,
2035.778,
366.1609,
271.1459,
86.89742,
384.1998,
54.30918,
8.341496,
928.8909,
156.2173,
22.9126,
60.36863,
0,
16347.32,
1979, 
930.5837,
3897.239,
82.38017,
32.64742,
135.3544,
131.7854,
106.4107,
61.24866,
15.3327,
289.3306,
4782.964,
1024.308,
81.57783,
677.9902,
180.5236,
2084.63,
423.5064,
275.055,
94.17832,
419.895,
59.07899,
10.05368,
978.6647,
163.4653,
25.65978,
65.03255,
0,
17028.9,
1980, 
956.9705,
3946.067,
86.42494,
32.93709,
155.3525,
141.0095,
118.9684,
68.54224,
15.51185,
313.1867,
4815.501,
1071.879,
84.04602,
709.9712,
197.6389,
2245.674,
469.0142,
287.1129,
98.33781,
410.6412,
63.22007,
12.6536,
966.4481,
171.3388,
26.91667,
59.91535,
0,
17525.28,
1981, 
1006.165,
3977.724,
94.37409,
34.07277,
149.4538,
146.5863,
135.104,
67.05523,
16.40031,
357.5547,
4864.923,
1079.755,
88.10221,
727.1834,
202.5044,
2371.116,
556.1702,
314.9553,
106.1865,
414.6992,
67.22141,
12.48682,
976.3061,
182.4508,
28.79956,
56.82001,
0,
18034.17,
1982, 
987.8765,
3879.774,
98.61699,
35.2829,
156.7125,
148.7269,
147.9557,
74.63888,
17.75339,
375.9043,
4857.617,
1095.41,
96.068,
741.8356,
209.7063,
2461.393,
659.3624,
336.1766,
111.9568,
442.2255,
72.06509,
15.20171,
966.7123,
185.5412,
30.89977,
56.75296,
0,
18262.17,
1983, 
1032.313,
3967.786,
97.85333,
37.51171,
162.1886,
155.8756,
163.2668,
69.4345,
18.89748,
382.6703,
4973.012,
1145.789,
100.4163,
762.8633,
216.3593,
2589.904,
675.0386,
359.6469,
121.9812,
477.8958,
78.79086,
17.83477,
1020.775,
190.207,
34.3522,
55.55246,
0,
18908.22,
1984, 
1112.937,
4148.68,
106.0188,
38.59263,
181.4627,
160.461,
180.22,
64.50052,
18.92486,
423.2476,
5155.272,
1198.988,
113.4875,
792.8245,
225.6621,
2754.897,
727.5254,
397.6707,
131.3844,
501.698,
84.95988,
20.98048,
1074.521,
203.2512,
38.75315,
54.76211,
0,
19911.68,
1985, 
1180.38,
4230.037,
92.49062,
38.04673,
196.5014,
163.4449,
193.5835,
78.17641,
20.27892,
437.8108,
5346.953,
1203.015,
123.9705,
812.9531,
233.2524,
2858.612,
780.3899,
435.9345,
141.4574,
536.3747,
89.71655,
21.78787,
1116.508,
218.1733,
41.8441,
56.81584,
0,
20648.51,
1986, 
1207.813,
4229.518,
103.6125,
40.66662,
207.7808,
185.0835,
191.2275,
81.85087,
21.52302,
449.8777,
5433.235,
1259.055,
142.1421,
831.6603,
237.0043,
2987.03,
850.5453,
476.1484,
152.6593,
588.5262,
92.82371,
30.70134,
1132.484,
225.4152,
46.27436,
58.09723,
0,
21262.76,
1987, 
1287.623,
4307.051,
111.3837,
43.02757,
210.5469,
199.1115,
204.5884,
85.31211,
23.23101,
460.6619,
5612.605,
1284.988,
159.1042,
863.2499,
238.6665,
3106.901,
869.8859,
517.3082,
169.5675,
650.3064,
100.105,
35.58293,
1207.819,
237.7349,
51.20742,
56.63528,
0,
22094.21,
1988, 
1317.798,
4484.585,
113.5261,
43.28681,
218.5264,
225.1181,
223.0481,
89.5977,
24.72484,
478.0926,
5859.237,
1278.843,
167.0103,
890.5942,
242.927,
3183.245,
1000.79,
569.9761,
191.7331,
711.4371,
109.9127,
37.58426,
1276.658,
248.4914,
58.77045,
62.61319,
0,
23108.13,
1989, 
1289.948,
4891.889,
120.301,
46.22469,
232.4993,
215.0817,
233.4684,
93.52523,
26.15312,
488.7791,
6047.041,
1295.534,
180.171,
906.2196,
244.232,
3416.994,
1020.845,
622.7427,
209.0352,
764.9399,
120.5464,
41.57859,
1357.823,
266.7866,
61.29193,
60.04433,
0,
24253.69,
1990, 
1248.779,
4995.013,
124.1782,
46.64646,
222.7453,
232.0205,
241.7009,
95.23463,
30.09122,
496.7573,
6181.774,
1224.495,
199.0619,
975.4499,
302.9716,
3331.973,
1092.569,
669.6919,
224.4324,
813.0234,
132.6228,
49.40136,
1481.831,
273.6827,
66.69481,
66.79697,
0,
24819.64,
1991, 
1322.161,
5037.777,
128.2777,
45.39423,
236.8519,
218.3694,
254.9297,
97.33857,
32.04682,
497.4575,
6320.371,
1168.048,
202.7569,
899.2223,
259.5056,
3106.487,
1209.781,
729.2906,
236.5089,
971.884,
143.0403,
55.9022,
1530.546,
281.3867,
71.52883,
73.59605,
0,
25130.46,
1992, 
1353.039,
5124.862,
131.5307,
47.91128,
243.2132,
225.8279,
269.5048,
101.0303,
33.27763,
509.8752,
6363.886,
1085.735,
228.5043,
766.1584,
240.8472,
2686.772,
1286.644,
762.0225,
251.3723,
1073.015,
154.8903,
61.08336,
1548.467,
286.9294,
78.56659,
63.65837,
0,
24978.62,
1993, 
1400.01,
5248.243,
132.9806,
48.91608,
252.9958,
238.4972,
291.5942,
101.4027,
34.51823,
530.809,
6374.86,
1084.671,
251.0916,
695.1735,
202.8727,
2712.538,
1325.594,
804.2687,
278.3861,
1107.901,
170.7037,
68.28239,
1565.738,
296.0274,
81.98215,
65.0818,
0,
25365.14,
1994, 
1477.075,
5383.487,
143.0381,
52.48103,
260.1825,
253.1404,
311.4728,
101.3972,
35.24383,
548.6121,
6510.536,
1149.854,
264.1371,
633.6521,
199.3909,
2393.345,
1409.661,
863.0345,
312.2451,
1202.43,
192.6083,
75.9335,
1637.838,
305.2039,
86.18166,
63.1045,
0,
25865.29,
1995, 
1492.358,
5533.3,
145.9399,
55.38452,
273.2186,
265.1354,
329.47,
107.2203,
38.49931,
555.501,
6679.88,
1147.835,
295.3118,
664.9872,
197.7865,
2387.457,
1480.046,
936.0219,
348.1944,
1309.084,
213.4603,
88.07734,
1664.714,
313.7807,
91.62786,
64.49086,
0,
26678.78,
1996, 
1536.592,
5667.442,
138.8999,
58.28428,
286.8675,
277.5596,
372.3525,
111.6934,
40.28925,
579.891,
6785.179,
1266.089,
320.9897,
667.1903,
191.0033,
2357.392,
1541.957,
987.7782,
385.8129,
1375.309,
232.4085,
102.2018,
1712.869,
320.4303,
96.04259,
58.23965,
0,
27470.77,
1997, 
1559.342,
5802.42,
149.5433,
63.06667,
301.8254,
299.7116,
400.9549,
112.1591,
43.4182,
601.1145,
6917.219,
1289.305,
349.7266,
661.052,
187.3508,
2320.673,
1667.711,
1042.44,
421.7536,
1458.194,
248.7837,
107.9071,
1751.484,
330.9117,
99.70744,
61.11293,
0,
28248.89,
1998, 
1540.502,
5942.696,
161.3528,
67.64513,
311.2066,
315.7187,
428.127,
109.5414,
44.63995,
593.0491,
7067.234,
1305.949,
372.6165,
635.3345,
180.1685,
2349.473,
1881.152,
1116.258,
413.5285,
1528.118,
245.2137,
111.2397,
1754.625,
350.3318,
103.3465,
79.8821,
0,
29008.95,
1999, 
1572.173,
6056.589,
170.9669,
72.95132,
323.2833,
316.1862,
453.7305,
115.0014,
45.93115,
591.5022,
7145.396,
1276.606,
385.2694,
656.6166,
176.9924,
2412.123,
1803.323,
1199.138,
460.1583,
1591.606,
262.1656,
129.9347,
1779.913,
369.1242,
103.2132,
86.45403,
0,
29556.35,
2000, 
1619.371,
6343.598,
182.1804,
74.65184,
335.1501,
332.5957,
483.0026,
118.5998,
47.61525,
619.6019,
7169.123,
1355.836,
416.255,
649.2684,
180.2931,
2528.973,
1817.156,
1267.169,
544.5009,
1796.547,
284.5641,
139.9361,
1853.209,
380.3521,
112.5751,
94.0961,
0,
30746.22,
2001, 
1579.686,
6036.336,
187.8208,
76.65722,
328.215,
330.656,
511.2394,
126.1115,
49.83152,
599.1965,
7150.127,
1475.698,
415.5149,
690.749,
173.3084,
2642.829,
1899.68,
1315.586,
581.4237,
1977.719,
302.2621,
148.0006,
1834.23,
404.3328,
126.3338,
106.0062,
0,
31069.55,
2002, 
1601.414,
6216.287,
190.8052,
79.93091,
348.0688,
326.6085,
535.3992,
133.979,
49.97228,
648.6197,
6981.9,
1408.631,
441.9272,
687.0127,
176.5705,
2552.302,
1972.567,
1355.931,
621.3357,
2139.943,
320.4363,
156.6994,
1869.33,
404.9095,
133.2686,
112.9466,
0,
31466.79,
2003, 
1559.413,
6274.114,
234.0262,
81.7334,
362.0905,
343.1982,
562.7012,
132.2837,
52.96256,
678.9747,
6911.882,
1414.087,
479.6729,
712.0406,
187.6726,
2601.24,
2073.95,
1448.072,
648.206,
2451.692,
346.4093,
163.6695,
1866.884,
387.6968,
141.5318,
108.1215,
0,
32224.33,
2004, 
1582.392,
6482.713,
233.6509,
82.24095,
387.2312,
365.9215,
595.9069,
146.1196,
57.43195,
701.6575,
6834.977,
1497.295,
513.3196,
744.4063,
194.4859,
2682.974,
2209.006,
1541.396,
683.4837,
2810.406,
369.9597,
174.81,
1920.474,
398.1721,
152.954,
116.0364,
0,
33479.42,
2005, 
1540.254,
6485.272,
245.5914,
86.54619,
398.4741,
380.4034,
609.2895,
155.0973,
61.99103,
710.5886,
6734.492,
1467.113,
545.8192,
723.832,
199.4022,
3028.787,
2217.365,
1638.708,
727.5107,
3177.348,
398.8737,
186.6612,
1962.813,
398.9419,
164.6812,
124.8451,
0,
34370.7,
2006, 
1485.824,
6463.281,
252.4695,
91.60591,
416.5018,
402.4745,
645.9952,
164.3181,
65.97582,
744.4407,
6584,
1490.396,
587.1058,
757.2537,
203.939,
3050.431,
2345.201,
1774.289,
750.1337,
3645.153,
421.5736,
189.8112,
1990.278,
401.1125,
174.2884,
127.9489,
0,
35225.8,
2007, 
1574.615,
6502.201,
262.4502,
94.18405,
441.52,
412.2105,
715.0487,
173.6385,
71.87503,
762.7217,
6348.048,
1480.385,
635.1568,
768.7041,
212.2352,
3075.485,
2529.004,
1906.573,
792.1226,
4191.988,
446.9207,
193.515,
2050.219,
418.7293,
180.2431,
131.2265,
0,
36371.02,
2008, 
1563.847,
6385.169,
266.4926,
92.63628,
459.9346,
439.2581,
747.5794,
177.139,
71.79164,
759.7952,
6246.647,
1478.159,
642.669,
730.3933,
194.8521,
3136.446,
2638.016,
1834.626,
845.5489,
4635.511,
458.1943,
197.849,
1980.87,
418.6232,
187.713,
133.3994,
0,
36723.16,
2009, 
1493.507,
6045.764,
263.1045,
92.5056,
464.9368,
444.5186,
852.4196,
184.4751,
78.41569,
741.169,
5755.696,
1419.687,
626.8298,
631.4039,
186.8031,
2963.475,
2909.69,
1969.72,
883.3447,
5351.23,
481.487,
202.2235,
1970.731,
402.4929,
195.6768,
144.8649,
0,
36756.17,
2010, 
1482.595,
6199.615,
278.2232,
96.68848,
516.3411,
439.8463,
923.8,
198.6546,
89.26054,
772.3489,
6010.892,
1453.807,
678.1425,
650.3873,
206.2382,
2981.445,
3046.439,
2124.571,
953.2413,
6454.225,
526.2254,
218.1566,
2037.503,
424.4417,
202.2079,
152.9244,
0,
39118.22,
2011, 
1544.362,
5996.323,
307.9242,
101.2212,
535.1364,
454.9114,
954.5945,
205.2336,
104.188,
780.2264,
6066.144,
1455.307,
737.9728,
662.8312,
199.7165,
3052.208,
3174.1,
2358.865,
993.0229,
7878.747,
554.1741,
231.9496,
2103.418,
424.2166,
215.4379,
156.1418,
0,
41248.38,
2012, 
1502.147,
5973.438,
321.376,
105.0279,
564.47,
486.0799,
1016.288,
211.0603,
116.2936,
776.0204,
6259.235,
1384.221,
799.1765,
665.5272,
212.7724,
3055.625,
3386.409,
2460.404,
1034.503,
9032.808,
614.5797,
242.9446,
2186.608,
443.5869,
232.0877,
160.2246,
0,
43242.91,
2013, 
1408.745,
6041.553,
315.8563,
110.4144,
588.6144,
522.5706,
1077.432,
236.5541,
127.3412,
784.6553,
6010.526,
1364.031,
814.5999,
645.0831,
255.0497,
3067.283,
3584.289,
2664.548,
1081.616,
10688.15,
678.5155,
267.5954,
2610.014,
474.472,
262.2623,
168.5284,
0,
45850.3,
2014, 
1362.696,
6148.191,
333.5646,
114.807,
626.2808,
526.9151,
1145.916,
250.8742,
144.936,
892.5254,
6045.166,
1330.811,
861.2068,
605.9148,
232.9855,
3092.465,
3884.438,
2988.514,
1142.211,
12528.49,
783.8353,
287.6143,
3016.61,
484.7797,
285.3235,
191.1462,
0,
49308.21,
2015, 
1279.184,
6389.154,
347.519,
125.4861,
630.1284,
565.9075,
1282.787,
275.2182,
164.0755,
936.1735,
5637.292,
1289.816,
919.7043,
554.8728,
242.1327,
3106.929,
4340.292,
3270.059,
1232.561,
14746.56,
875.3697,
306.3041,
3803.409,
522.9246,
305.7777,
200.8964,
0,
53350.54,
2016, 
1258.159,
6639.375,
368.8048,
128.839,
664.0094,
574.0179,
1402.814,
284.4392,
174.5053,
1037.938,
5875.774,
1309.851,
1040.457,
551.919,
286.9775,
3104.734,
4783.37,
3666.25,
1325.763,
16885.41,
1043.134,
331.3426,
4331.269,
566.3868,
355.7079,
195.298,
0,
58186.54,
2017, 
1298.877,
7101.296,
373.6421,
128.4192,
711.8248,
575.2354,
1447.376,
301.2891,
185.4516,
1135.028,
6032.053,
1312.423,
1309.021,
563.9563,
363.3415,
3161.75,
4878.37,
4125.948,
1447.351,
20101.09,
1137.122,
353.2377,
4839.93,
626.2341,
402.7116,
211.3776,
0,
64124.35,
2018, 
1261.571,
7560.323,
395.7441,
135.9024,
743.444,
585.1528,
1626.41,
331.2471,
220.8819,
1269.196,
6404.273,
1487.095,
1830.606,
607.3607,
377.102,
3134.868,
4867.292,
4725.12,
1597.416,
23559.61,
1240.901,
412.2394,
5313.017,
763.2841,
439.0869,
235.133,
0,
71124.27,
2019, 
1303.589,
7872.09,
368.4848,
141.2578,
795.7135,
555.296,
1768.198,
359.2242,
252.3356,
1303.715,
7156.404,
1408.408,
1958.896,
671.516,
412.0493,
3158.949,
5511.861,
5124.936,
1832.966,
26593.76,
1586.471,
451.0826,
5747.542,
926.487,
468.4483,
264.0726,
0,
77993.76,
2020, 
1277.806,
8155.741,
375.2833,
132.905,
771.1129,
549.8432,
1825.853,
383.2548,
264.8388,
1351.891,
7769.76,
1494.522,
2115.751,
698.7571,
373.8784,
3036.693,
5928.533,
5241.525,
2069.441,
30869.93,
1932.261,
453.8042,
6224.097,
1112.845,
493.9307,
267.8422,
0,
85172.09,
2021, 
1302.299,
9257.585,
398.2935,
145.5254,
852.8867,
617.4542,
1934.013,
412.4962,
294.7882,
1426.683,
8102.255,
1677.89,
2376.121,
720.0223,
466.1357,
3165.577,
6338.198,
5798.342,
2418.767,
36268.8,
2577.544,
489.3835,
6736.896,
1362.353,
560.7137,
292.6316,
0,
95993.66,
2022, 
1277.366,
10191.58,
461.0158,
155.2257,
900.5096,
617.5765,
1970.755,
492.8283,
333.1602,
1430.206,
8877.536,
1820.999,
2629.889,
601.434,
506.1902,
3138.284,
7294.347,
6728.862,
2591.414,
40288.53,
2731.321,
535.038,
7059.154,
1586.79,
641.9926,
365.4459,
0,
105227.5,
2023, 
1212.776,
11598.92,
478.0858,
161.8641,
967.0889,
634.0685,
2119.378,
577.7045,
356.1447,
1443.744,
9790.722,
2012.271,
2868.725,
623.0645,
571.7123,
3174.103,
8108.284,
7424.028,
2800.319,
48798.89,
2913.187,
588.9302,
7305.341,
1816.057,
671.1144,
389.8787,
0,
119406.4,
2024, 
1151.121,
13583.92,
505.3748,
169.112,
1005.248,
660.374,
2293.528,
642.5984,
384.4746,
1503.938,
10668.6,
2283.559,
3865.447,
566.3304,
632.0269,
3147.913,
8663.501,
8609.16,
2896.383,
57181.79,
3082.691,
634.604,
7448.39,
2136.777,
728.6704,
422.4053,
0,
134867.9,
2025, 
1202.279,
15860.48,
509.9273,
217.3991,
1148.261,
690.4794,
2439.93,
723.3482,
512.7025,
1795.86,
11592.13,
2471.714,
4105.498,
593.0738,
678.1487,
3128.771,
14364.01,
10926.36,
3188.786,
60854.94,
3380.021,
1074.06,
8398.787,
2542.852,
881.9244,
465.8601,
0,
153747.6,
2026, 
1230.752,
17199.79,
519.5315,
227.3079,
1148.427,
702.8818,
2374.5,
815.898,
624.6461,
1675.183,
12425.92,
2667.755,
3917.851,
623.6055,
804.1318,
3065.647,
13863.64,
12820.99,
3216.591,
70444.73,
3631.611,
1276.163,
8582.117,
2891.22,
1064.571,
476.8519,
0,
168292.3,
2027, 
1228.974,
18544.62,
537.7375,
260.4125,
1153.391,
728.9563,
2338.334,
1183.627,
770.2676,
1581.196,
13247.83,
2815.376,
3847.548,
676.3615,
1223.634,
3013.158,
14633.99,
15525.73,
3342.991,
80449.69,
4072.163,
1869.127,
8834.487,
3357.857,
1384.527,
512.5877,
0,
187134.6,
2028, 
1438.086,
19466.13,
578.1577,
302.7009,
1159.433,
757.6202,
2281.823,
1616.178,
906.5743,
1526.046,
14298.74,
3087.879,
3836.568,
732.9348,
1561.079,
2952.931,
16003.01,
19314.64,
3371.765,
93359.31,
4746.018,
2701.486,
9276.007,
3923.995,
1940.013,
574.1818,
0,
211713.3,
2029, 
1722.468,
20466.23,
618.8158,
366.3394,
1177.187,
790.8842,
2212.42,
2102.751,
1011.22,
1513.849,
15318.64,
3387.206,
3884.548,
772.2858,
1992.853,
2899.668,
16540.27,
24001.59,
3389.852,
106276.4,
5699.129,
3643.979,
9687.009,
4756.227,
2513.574,
704.4188,
0,
237449.8,
2030, 
1920.405,
22680.44,
725.1315,
658.9252,
1276.507,
996.4774,
2119.366,
2357.209,
1177.535,
1561.393,
16060.03,
3667.36,
4238.738,
824.0989,
2451.543,
2868.022,
17004.02,
27829.15,
3375.655,
119458.1,
7240.677,
4731.58,
10061.03,
5553.88,
3058.416,
884.1278,
0,
264779.8,
2031, 
2111.608,
27388.55,
812.8936,
1593.153,
1521.475,
1231.102,
2204.242,
2541.314,
1267.23,
1629.849,
17499.19,
3850.924,
4706.838,
880.1692,
3108.961,
2804.354,
18040.05,
33911.39,
3393.672,
142699.8,
8842.238,
5860.018,
10444.64,
6685.994,
4136.637,
1130.02,
0,
310296.3,
2032, 
2322.297,
33795.61,
871.7703,
4367.834,
2044.28,
1862.571,
2388.851,
2642.971,
1320.155,
1665.401,
31973.73,
4525.061,
5214.075,
924.837,
3954.653,
2761.329,
18328.06,
50704.66,
3309.161,
179265.7,
11273.95,
7087.951,
10875.86,
7954.49,
5231.657,
1185.31,
0,
397852.2,
2033, 
2520.647,
43378.06,
1045.325,
9710.399,
3207.225,
4778.575,
2553.011,
2766.397,
1384.894,
1612.778,
47856.18,
8174.472,
5626.272,
925.0951,
5183.901,
2704.373,
18116.85,
67038.23,
3252.695,
237571.6,
15070.1,
8932.97,
11449.25,
9436.478,
6442.102,
1223.252,
0,
521961.2,
2034, 
3043.21,
65564,
1852.868,
14012.72,
4857.713,
10269.6,
2997.029,
3861.836,
1473.675,
1612.433,
64923.95,
13752.94,
6187.133,
1148.208,
7211.742,
2744.621,
19382.72,
122060.4,
3446.014,
315245.1,
20457.41,
11041.71,
12507.59,
11503.23,
9989.09,
1368.456,
0,
732515.4,
2035, 
3609.082,
88585.46,
2712.062,
16191.72,
10198.29,
26163.57,
3654.644,
5070.638,
1688.564,
1521.462,
82023.88,
20761.36,
6571.231,
1631.289,
10767.42,
2818.353,
23007.29,
195951.3,
3702.961,
474537.8,
27377.21,
13034.43,
13632.37,
14167.56,
14662.57,
2072.212,
0,
1066115,
2036, 
3942.478,
114117.4,
5878.335,
16934.09,
14731.75,
35479.08,
4521.006,
7525.543,
2778.998,
1948.569,
96196.16,
25902.57,
7043.228,
4547.618,
18248.52,
2913.442,
31900.48,
241056.3,
4238.989,
611745.5,
34551.03,
14447.1,
16031.06,
16296.4,
19496.84,
4145.58,
0,
1356618,
2037, 
4341.607,
146481.8,
11981.41,
18011.9,
17887.42,
38251.77,
6674.283,
12098.43,
4666.795,
5376.504,
107662,
31152.58,
7673.812,
7232.907,
33839.28,
3119.831,
44450.89,
276100.4,
5822.425,
750552.8,
48816.66,
16190.46,
18330.44,
18345.24,
29195.18,
9348.164,
0,
1673605,
2038, 
4883.087,
181318.5,
21468.23,
18659.14,
19501.35,
40359.98,
14231.74,
17193.09,
8245.081,
12689.63,
113132.8,
36769.21,
8257.634,
11065.02,
42634.79,
3408.923,
59964.85,
286277.8,
7474.774,
804439.4,
63590.75,
18280.5,
20042.88,
21629.08,
41931.95,
16744.56,
0,
1894195,
2039, 
5675.875,
216320.3,
27229.47,
19434.74,
21693.28,
44039.43,
35719.94,
23497.34,
13513.99,
15793.67,
116447.4,
43704.97,
9195.279,
15921.98,
43107.24,
3780.211,
78114.7,
295302.8,
7740.65,
854825.7,
77403.38,
20970.65,
20869.53,
25697.93,
55621.86,
19585.83,
0,
2111208,
2040, 
7521.995,
251147,
31946.67,
20559.45,
21864.43,
45253.74,
67374.47,
31167.71,
15836.49,
16215.23,
127419.7,
52421.25,
11156.97,
18344.37,
43244.4,
4229.967,
110646,
305474.9,
7864.912,
898077.6,
89400.2,
25583.83,
21165.82,
28516.42,
71621.82,
21001.62,
0,
2345057,
2041, 
8642.483,
287458.5,
34113.98,
22058.99,
20554.82,
46944.93,
80187.84,
40497.96,
18559.68,
19520.18,
140281.2,
59567.2,
13921.03,
19403.4,
42876.88,
4763.383,
158164.2,
315742.7,
7980.444,
934652,
107822.1,
35335.96,
21885.44,
30970.94,
80959.77,
22703.67,
0,
2575570,
2042, 
9317.308,
317237.2,
35668.8,
23564.96,
20439.37,
51134.12,
85962.27,
52658.55,
23204.83,
18179.96,
137873.2,
65450.37,
16857.43,
20271.6,
43220.71,
5357.033,
176497.7,
326686.1,
8043.074,
945224.8,
131686.2,
48309.05,
22817.82,
32387.96,
86077.25,
23590.38,
0,
2727718,
2043, 
9846.162,
353664.5,
35894.88,
25066.48,
19975.22,
56208.36,
87658.26,
60844.18,
29560.85,
15243.33,
139476,
67473.05,
20297.62,
20918.12,
43761.3,
5932.792,
186765.6,
337473.9,
8290.55,
955566.5,
153358.8,
61734.86,
23693.32,
36371.29,
91560.46,
23109.04,
0,
2869746,
2044, 
10320.49,
378218.3,
36925.63,
26552.37,
19373.05,
62954.37,
90421.42,
71024.65,
35862.22,
13822.23,
140322.1,
68189.26,
25299.81,
21758.21,
44610.22,
6263.416,
196633.1,
348086.9,
8756.178,
966704.7,
178207.1,
72197.27,
25093.64,
37394.8,
97189.77,
22094.14,
0,
3004276,
2045, 
11297.28,
390184.3,
39181.34,
28030.22,
20353.32,
71735.62,
93230.62,
79420.32,
38246.35,
13168.27,
139305.9,
68538.84,
31144.98,
22705.24,
45510.96,
6711.432,
206506.6,
358178.9,
9645.104,
977918.3,
189649.5,
79522.05,
26368.83,
42927.68,
102720.8,
23700.89,
0,
3115904,
2046, 
12627.88,
397752,
42174.15,
29580.19,
23981.63,
80309.29,
97814.55,
83592.93,
41347.73,
12852.84,
136665.5,
69254.86,
36729.52,
23569.76,
46491.27,
7615.603,
210540.6,
368496.1,
11001.84,
986492.9,
197506.7,
84494.03,
27496.88,
44517.35,
109512.3,
28142.21,
0,
3210561,
2047, 
14504.18,
403762,
46545.51,
31149.34,
28302.56,
91840.46,
97226.28,
92674.78,
44625.57,
13190.82,
134401,
69822.71,
39033.41,
23677.17,
47313.14,
8653.987,
205727.5,
378949.5,
12654.77,
996785,
202302.6,
85518.46,
28021.57,
50085.04,
116708.7,
31230.37,
0,
3294707,
2048, 
16433.26,
418197.3,
52676.45,
32687.4,
32884.66,
100198.4,
102605.8,
100946.8,
46777.3,
14507.92,
133578,
71062.07,
43157.64,
23859.02,
48095.78,
13940.44,
202347.7,
390670.2,
13644.83,
1007220,
206141.7,
82720.09,
28263.36,
53636.39,
124045.4,
33716.5,
0,
3394014,
2049, 
17877.46,
442393.7,
60424.71,
34286.85,
39180.82,
106316.6,
107996.6,
107830.3,
48858.81,
15957.76,
141248,
72746.13,
46292.69,
24502.9,
48789.71,
22025.78,
197640.2,
402584.2,
14271.15,
1017507,
211730.1,
76946.58,
28644.54,
55827.2,
131542.2,
36080.32,
0,
3509502,
2050, 
19129.88,
463982,
68572.35,
35963.23,
47473.68,
111054.6,
113809.6,
112418.2,
47510.11,
16751.88,
146777.9,
75112.99,
48518.75,
24813.83,
49800.06,
37256.93,
197580.6,
416039.6,
14873.09,
1028548,
217478.3,
71149.16,
29000.32,
58033.31,
139731.5,
38448.43,
0,
3629829,
2051, 
19877.96,
486948.3,
75897.95,
37686.35,
55527.04,
115416.9,
120127.9,
117483.2,
45050.15,
17837.47,
154369.2,
75896.79,
52939.38,
25239.26,
51053.4,
60544.45,
204211.7,
430868.3,
15512.44,
1040673,
221228.5,
64968.65,
29095.72,
60040.72,
148879.9,
40998.86,
0,
3768374,
2052, 
20413.62,
506316.9,
82403.75,
39315.77,
74157.74,
119109.4,
124270.6,
130226.8,
49807.46,
19310.09,
155717.3,
76430.05,
56027.3,
25448.36,
52028.15,
89487.15,
211197.9,
445552.4,
16186.53,
1052022,
224143.2,
57656.36,
29408.62,
61830.95,
158123.6,
43273.67,
0,
3919866,
2053, 
21223.48,
524337.3,
86304.95,
40926.81,
95408.77,
122694.6,
128999.4,
143436.8,
55862.11,
20240.77,
156907.3,
77374.39,
58224.99,
25647.74,
53512.21,
121770.1,
224149.5,
460852,
16461.69,
1064985,
227312.6,
52229.04,
29607.16,
63665.77,
167570.1,
45496.23,
0,
4085201,
2054, 
23086.77,
545803.3,
88597.02,
42417.57,
113004.1,
125889.9,
133547.6,
147135.6,
53349.51,
21257.28,
157788,
77859.29,
59260.71,
25804.42,
55523.73,
144652.1,
237527.9,
484631.6,
16638.26,
1072400,
226175,
50090.71,
29582.44,
65716.55,
177170,
47725.91,
0,
4222635,
2055, 
25163.61,
554558.3,
90668.8,
42992.36,
130710.1,
128477,
134325.3,
151246.6,
47560.84,
22538.12,
157828.9,
77812.77,
60056.96,
26005.57,
58286.62,
151219.2,
256056.8,
511862.7,
16689.87,
1071701,
216993.1,
47986.01,
29263.23,
68387.04,
186419.6,
49855.4,
0,
4314666,
2056, 
28143.21,
566261.3,
92572.62,
42500.63,
149391.6,
130056.1,
137530.2,
157239.7,
41255.4,
24915.33,
154751.4,
77811.16,
59435.55,
26160.98,
60331.23,
152003.9,
273064.3,
532449.8,
16771.56,
1072626,
208695.2,
46450.97,
29536.29,
71437.34,
197359.2,
52359.46,
0,
4401110,
2057, 
31222,
578255.4,
94579.48,
42167.32,
161489.9,
131281.3,
144332,
168072,
33266.24,
30107.18,
151145.5,
78031.71,
58473.73,
26359.04,
63564.65,
146617.7,
289531.8,
551734.3,
16808.24,
1075861,
203214.6,
44874.33,
29678.15,
75679.51,
208450.4,
54878.11,
0,
4489676,
2058, 
33793.36,
592220.4,
96701.67,
42621.73,
172946.2,
133016.3,
153001.5,
178662.5,
28586.86,
34525.8,
148536.5,
78314.65,
56098.08,
26577.34,
68113.05,
142537.2,
306861.6,
562702.5,
16875.58,
1088752,
198633.1,
43191.01,
29698.51,
79206.44,
219922.2,
57609.13,
0,
4589706,
2059, 
36266.39,
604774.6,
98865.32,
42974.54,
188094.6,
135559.9,
161981.3,
189627.5,
28653.25,
36226.46,
148020.7,
79059,
51883.32,
26813.56,
72922.35,
141165.1,
321581.1,
563618.1,
16940.47,
1091669,
196155.4,
42008.64,
30049.92,
82659.05,
231485.2,
60366.1,
0,
4679421,
2060, 
39570.64,
618329.5,
102730.4,
43314.36,
204629,
137910.5,
167341.4,
199949.7,
36032.1,
34470.07,
148128.5,
80358.27,
48347.25,
27118.37,
77861.86,
141454.7,
334039.8,
582922.9,
16968.49,
1097156,
193242.5,
41397.4,
30384.07,
85070.71,
243520,
63579.58,
0,
4795829,
2061, 
41474.06,
627087.4,
106617.4,
43420.78,
217761.6,
140420.1,
173755,
210555.5,
52263.77,
31277.95,
150024.8,
80379.8,
44223.51,
27774.55,
79947.11,
140211,
342984.2,
603626.6,
16985.79,
1100127,
191591.8,
41100.23,
30410.4,
86196.66,
257947.4,
68067.16,
0,
4906232,
2062, 
45051.15,
633799.4,
110143.8,
42413.15,
231106,
143889.8,
181130.5,
223152.1,
68277.27,
26044.6,
151839.3,
79033.95,
42633.95,
29060.21,
79933.33,
145832.5,
352614.5,
622544.5,
16479.32,
1106425,
188292.1,
41122.64,
30734.85,
88582.34,
272545.1,
72848.13,
0,
5025530,
2063, 
49096.02,
640036.5,
113220.4,
41426.2,
242435.9,
147706,
190112.4,
236628.7,
69751.55,
22087.96,
153786.3,
79642.76,
43079.03,
30412.92,
78080.16,
152173.1,
364947.8,
640997.6,
15913.77,
1118354,
180637.8,
40807.59,
31090.57,
90663.86,
287694.6,
78598.8,
0,
5139383,
2064, 
52253.93,
645940.1,
115943.1,
40458.77,
248772.5,
151034.9,
199024,
249781.7,
55613.87,
18596.41,
153540.9,
79181.23,
44478.94,
31670.84,
75913.9,
158766,
378115.6,
633845.1,
15420.91,
1124920,
166523.5,
40190.23,
31407.79,
93572.36,
303601,
83312.9,
0,
5191881,
2065, 
54385.35,
651827.8,
118647.9,
39248.57,
253728.2,
155317.7,
205806.8,
266217,
41234.08,
18460.98,
152740.8,
80729.49,
45765.13,
32463.08,
75416.36,
159739.6,
391693.3,
618960,
14966.78,
1130271,
157988,
40007.3,
31741.6,
97294.92,
319459.2,
88693.77,
0,
5242804,
2066, 
55779.1,
657168.9,
121805.6,
37963.08,
258860.9,
158573.1,
212321,
282703.6,
30226.37,
21269.21,
153754.6,
83237.98,
46590.47,
32551.38,
75938.66,
158252.6,
402512,
602897.1,
14567.45,
1144432,
153110,
40913.16,
31905.73,
100574,
336413.8,
95136.55,
0,
5309458,
2067, 
56929.74,
662290.9,
130172.6,
36180.86,
263631.1,
162682.6,
220009.1,
298623.8,
26805.8,
26319.96,
154922.9,
83534.99,
47145.51,
32074.77,
76391.25,
157505.3,
409377.5,
584682.6,
14305.89,
1134246,
149178,
41541.33,
32029.24,
103798.9,
353634.1,
98455.51,
0,
5356470,
2068, 
58424.7,
666751.6,
136849.7,
34724.55,
268152.1,
165009.6,
230080.3,
313879.9,
28014.88,
36201.44,
157143.1,
82994.13,
45750.96,
30329.74,
77203.21,
157743.5,
411122.3,
566210.4,
14122.49,
1111515,
144256.8,
43851.45,
32112.47,
106535.1,
370260.6,
100939.1,
0,
5390180,
2069, 
58199.56,
670317.3,
144352,
33619.38,
272561.8,
166250.2,
234834.5,
326063.8,
35200.14,
48354.42,
162091.1,
82687.2,
45812.31,
29455.14,
78198.37,
158924.5,
410866.7,
550155.1,
13985.79,
1089936,
141156.4,
44766.07,
32001.36,
108794.1,
386787.7,
104377.7,
0,
5429749,
2070, 
57226.47,
672314.3,
151356.5,
31985.68,
278174.3,
167635.3,
238316.4,
339852,
47723.89,
60844.58,
165942.6,
82458.27,
47218.05,
28301.53,
78924.73,
160368.4,
410511.2,
544785.9,
14004.7,
1086811,
141114.2,
46175.64,
31534.84,
110500.8,
402895.2,
107741.3,
0,
5504718,
2071, 
58911.18,
672997.1,
157879.9,
31360.69,
287642.6,
168770,
243835,
354870.1,
62768.11,
70041.09,
167546.8,
82548.82,
47798.92,
27040.27,
78972.52,
162124.5,
414501.7,
530012.5,
14158.55,
1081861,
141030,
47332.79,
31180.55,
112230.7,
419323.1,
111912.8,
0,
5578652,
2072, 
55468.88,
673884.5,
164205.2,
32054.75,
298436.9,
170130.9,
250426.3,
368415.8,
80539.7,
69810.99,
166907.3,
82566.02,
49844.63,
24951.47,
78669.73,
164389.8,
421786,
506786.8,
14257.57,
1077250,
139534.2,
48611.59,
30912.85,
113385.5,
434157.3,
116502.9,
0,
5633887,
2073, 
57316.23,
674382.2,
170028.5,
33013.62,
306893,
171651.5,
257375.6,
376166.6,
88737.46,
56882.3,
167161.5,
82722.73,
52371.47,
23307.5,
78393.16,
167183.6,
427408,
476016.9,
14374.17,
1073120,
137772.3,
48775.54,
30735.98,
115276.2,
450363,
121098.7,
0,
5658528,
2074, 
56581.85,
675575.9,
175452,
34310.05,
314059.9,
171258.3,
264766.3,
393996,
87510.38,
38084.16,
167747.3,
82902.33,
54056.43,
21897.79,
79264.88,
169404.8,
431575.6,
444273.1,
14547.42,
1069522,
138489.9,
49566.75,
30765.53,
116723.2,
466638.1,
126120.7,
0,
5675091,
2075, 
57232.55,
676902.6,
180080.2,
35882.35,
322383.3,
176506.1,
271678.3,
397656.3,
74102.11,
26404.35,
168316.8,
82921.39,
56800.92,
21001.34,
79444.02,
170876.3,
436307,
424855.7,
14765.91,
1064563,
141128.8,
51366.19,
30675.36,
120886.6,
482457.1,
131061.6,
0,
5696256,
2076, 
58267.28,
678164.6,
184739.3,
37197.19,
328631.9,
185449.2,
270021.3,
422089.6,
68213.55,
19929.28,
169135.1,
82885.66,
59707.04,
20437.84,
79458.8,
172918,
398133,
413268.6,
14918.66,
1058789,
144202,
52239.4,
30650.68,
123285.2,
499875,
136629.3,
0,
5709236,
2077, 
60069.76,
679225.8,
188396.4,
38135.62,
333601.8,
195717.4,
263267.5,
431408.8,
66105.41,
18063.67,
168427,
83172.39,
62053.37,
20294.19,
79501.67,
174229.5,
370050.7,
410937,
15134.61,
1052360,
146752.2,
53835.92,
30706.67,
125195.7,
517391.7,
142218.4,
0,
5726253,
2078, 
61862.92,
679252.8,
191430.1,
38818,
338470.4,
199373.3,
253708.3,
440665.5,
65911.59,
21101.03,
170883.5,
83445.11,
63215.59,
20325.1,
79448.78,
176212.1,
341451.2,
404600.4,
15523.96,
1045759,
148745.7,
56407.71,
30750.23,
126999.2,
535037.9,
147758.1,
0,
5737158,
2079, 
63254.02,
679466.6,
195094.5,
39518.66,
343215.1,
202994.2,
243763.9,
461309.5,
72197.46,
26716.06,
170345.3,
83576.25,
63695.02,
20493.97,
79876.35,
178946.1,
321710.9,
393282.3,
16134.14,
1040131,
151163.7,
59088.52,
30731.2,
128738.9,
552914.2,
153408.2,
0,
5771766,
2080, 
63855.38,
679962.4,
198628.7,
39159.85,
347874.8,
207040.9,
239560.7,
474166.3,
82559.6,
35043.55,
169026,
83492.2,
63817.27,
21275.62,
80330.94,
180627,
311454.8,
383962.9,
16990.95,
1034568,
151786.6,
61550.52,
30658.33,
131293.7,
571366.3,
158966.9,
0,
5819020,
2081, 
63380.95,
680308.4,
201763.1,
38797.55,
351474.5,
213650.2,
240536.8,
494050,
97962.45,
43669.45,
169066.2,
83115.09,
64014.34,
22555.71,
80688.48,
182099.4,
301568.3,
375190.1,
17858.27,
1027144,
153400.9,
63933.43,
30657.4,
133681.3,
590374.3,
164901,
0,
5885842,
2082, 
62337.41,
681001.4,
204844.7,
38786.04,
354312.2,
219683,
245243.3,
511709.3,
120505.3,
50472.21,
165594.3,
82552.38,
64476.98,
23606.47,
81024.77,
183117.4,
290616.8,
358535.7,
18505.38,
1020595,
156879,
65586.62,
30543.51,
138186.6,
610918.8,
170074.7,
0,
5949710,
2083, 
61805.37,
681786.1,
206441.8,
39186.07,
355173.3,
225521.3,
251663.9,
533662.9,
148251.3,
47703.97,
162563.7,
82064.89,
64694.78,
25239.58,
81199.32,
183632.7,
288324.1,
350416.3,
18867.04,
1019324,
160325.1,
67951.24,
30294.51,
141261.6,
631581.1,
177595.5,
0,
6036531,
2084, 
60979.07,
682666.3,
207114.2,
39943.61,
356720,
233600,
260595.5,
557427.6,
181112.9,
35513.76,
159663.4,
81764.47,
65338.86,
25844.5,
81505.97,
184331.2,
288370.5,
349501.3,
19149.45,
1013480,
165506.2,
69721.43,
29968.86,
143479.4,
651051.8,
184736.5,
0,
6129087,
2085, 
59760.47,
681964.2,
207406.3,
40408.05,
359041,
238227.7,
270974.7,
581531.8,
214316,
27192.48,
158683.5,
79348.92,
65275.91,
26514.25,
81721.22,
185293.4,
289511.8,
349104.8,
19227.52,
1019651,
170832.4,
72501.92,
29625.32,
145424.8,
641502.7,
193202.2,
0,
6208245,
2086, 
58572.68,
681154.3,
208216,
40803.66,
361179.8,
241875.8,
280321.6,
605219.4,
250904.2,
18367.83,
159994.5,
76354.29,
65162.77,
27141.84,
81924.27,
185974.7,
291995.1,
341646.4,
19241.93,
1039183,
175055.4,
76234.19,
29358.69,
147749.9,
630105.1,
201199.9,
0,
6294938,
2087, 
57636.09,
680166.8,
207816.4,
41030.33,
362946.5,
245660.2,
286011.3,
636733.2,
280884.2,
11151.03,
161977.6,
73077.38,
65450.9,
27883.78,
82038.33,
187039.6,
280361.7,
334166,
19034,
1060787,
178457.2,
79453.96,
29066.59,
150051.4,
620455.9,
211033.7,
0,
6370371,
2088, 
56935.36,
679683.9,
207607.6,
40264.55,
364766.4,
248976,
291347.3,
668013.3,
294728.6,
6147.973,
162415.4,
69385.45,
65583.46,
28588.45,
82009.15,
188709,
263853.5,
325042.5,
18782.21,
1068500,
179540.1,
81176.75,
28659.38,
152023.6,
610628.6,
220208,
0,
6403577,
2089, 
56159.59,
679720.3,
206034.6,
39203.5,
366253.7,
252938.9,
295268,
690492.1,
310765.6,
4259.432,
161398.3,
66709.73,
65832.48,
29078.67,
82375.41,
190534.4,
230159.2,
318660,
18534.03,
1069580,
178490.9,
81698.15,
28336.1,
154189.8,
598560,
228256.4,
0,
6403489,
2090, 
53705.95,
680109.1,
203806.2,
36556.18,
365463.1,
259779.4,
296759.4,
724558.1,
329058.6,
6073.759,
158931.3,
64757.86,
66093.96,
29433.13,
83907.84,
191450.3,
203215.4,
298919.5,
18065.32,
1071486,
178675.3,
80711.05,
28145.74,
156312.8,
583683.9,
235306.5,
0,
6404966,
2091, 
52497.56,
679413.7,
200188.2,
35494.89,
363132.3,
263045.4,
296945.9,
787102.6,
346681,
9129.872,
157927,
64463.64,
66286.87,
29669.88,
86819.45,
192943.7,
182184.6,
278889.5,
17623.99,
1066373,
180069.8,
78287.02,
28045.65,
161286.5,
568848.4,
242805.4,
0,
6436156,
2092, 
49555.42,
677628.8,
196091.2,
34415.47,
360319.3,
274477.7,
298582.1,
829335.1,
365012.9,
10981.91,
157238,
65802.19,
66256.05,
29609.02,
90449.49,
194200.1,
168011.8,
279376.2,
17370.39,
1061343,
181180,
76077.46,
27941.55,
163936.4,
552665.8,
251386.6,
0,
6479244,
2093, 
49720.86,
674611.1,
196777.8,
32852.85,
357047.8,
295139.3,
299148.4,
850871.7,
383207.3,
12368.19,
158011.3,
68222.41,
66321.09,
29301.87,
92770.89,
194690.9,
155671.4,
283200.2,
17201.73,
1052694,
183739.4,
73829.26,
27944.96,
165807.9,
521908.1,
261242.3,
0,
6504303,
2094, 
46928.3,
671185,
193868.3,
31241.84,
356421.1,
314091.2,
300140.2,
900062.8,
402804.7,
11105.41,
157339.7,
70979.58,
66323.41,
29229,
91783.19,
194578.7,
152597.7,
298968.1,
17060.63,
1047377,
187447.1,
73870.99,
28018.03,
167242.4,
515894.3,
270782.4,
0,
6597341,
2095, 
44322.03,
671113.8,
185889.6,
30149.01,
357528.5,
327655,
303236.1,
937756.9,
431529.2,
9249.783,
158475.1,
73677.27,
66221.09,
29401.71,
90064.58,
194512.4,
153411.2,
312774.1,
16976.83,
1059481,
189127.7,
75871.48,
28312.95,
168268.1,
513772,
278862.2,
0,
6707640,
2096, 
41371.35,
670428.5,
173865.6,
29528.07,
358337.5,
336246.4,
305655.2,
987539.5,
442170.8,
5496.684,
159468,
73948.3,
66567.83,
29642.46,
89973.36,
194443.5,
135977.2,
323371.1,
16896.81,
1079175,
189459.1,
77698.2,
28441.46,
169741.2,
511929.1,
287469.7,
0,
6784843,
2097, 
38778.14,
669286.6,
157837,
29949.22,
366503.3,
338660.8,
306585.5,
1053399,
451433.5,
2964.192,
157523.3,
74411.64,
66630.82,
29984.39,
89474.52,
194799.5,
92418.42,
329038.2,
16752.46,
1080740,
188310.5,
79685.52,
28669.62,
170902.1,
509761.7,
297720.1,
0,
6822220,
2098, 
35427.25,
668540.4,
150559.4,
30508.07,
368109.7,
329926.8,
307971.8,
1104828,
459300,
2243.603,
157407.1,
74368.43,
66829.75,
30491.08,
89297.8,
195138.1,
54986.84,
332000.6,
16903.99,
1069776,
185173.8,
80783.56,
29014.76,
172325.1,
505959.9,
306655.8,
0,
6824528,
2099, 
32869.51,
668101.1,
147576.3,
31467.19,
369199.5,
330758.3,
306269,
1159202,
473078.6,
2201.378,
158911.9,
74333.98,
66653.33,
30832.58,
90033.63,
195306.8,
41389.17,
328945.2,
17106.03,
1059658,
183195.8,
80246.64,
29356.57,
173917.5,
494585.4,
315982.1,
0,
6861177,
2100, 
30989.19,
667777.8,
145645.1,
32175.11,
370040.7,
340921.3,
301980.8,
1208598,
489440.4,
2159.09,
160030.7,
74347.66,
66312.27,
31239.61,
92838.01,
195344.6,
37784.51,
312446.5,
16843.44,
1040010,
181593.8,
78616.77,
29638.54,
176237.7,
492133.4,
325139.9,
0,
6900285];
