real main.em.dem.agr.frt.Pprod2[27](t) = [1971, 
550114.1,
4036719,
212472.5,
12696.24,
319559.9,
52467.7,
501895.8,
19234.84,
0,
301224.6,
5599707,
1946482,
65061.39,
1088583,
606120.5,
1910239,
159314.5,
363092,
206405,
1406370,
88510.22,
0,
568590.1,
1085292,
3893.177,
85782.05,
2.118983e+07,
1972, 
648058.4,
4659998,
241188.5,
13207.01,
453923.2,
66697.68,
581177.8,
22288.35,
0,
365538,
5923586,
2070639,
83715.19,
1196178,
675843.3,
2106890,
177581.9,
359963.1,
218737.5,
1611371,
97602.53,
0,
616499.8,
1445605,
4601.752,
74035.09,
2.371493e+07,
1973, 
750560.5,
5108400,
269130.9,
15332.33,
382759.8,
68415.44,
586358.8,
21283.4,
0,
334634.2,
6269514,
2202055,
97544.21,
1303265,
728808.1,
2295711,
224851.6,
357613,
239892.8,
1860076,
107146.5,
0,
690585.4,
1476368,
4302.74,
83366.15,
2.547797e+07,
1974, 
734340.6,
4723858,
256640.7,
17245.88,
486233.3,
75982.76,
602335,
27660.53,
3.490046,
328935.1,
5462942,
2268949,
78353.55,
1459465,
793297,
2554826,
230128.2,
284958.7,
288132.2,
1611766,
114575.4,
12694.76,
621044.7,
944892.3,
7023.302,
76212.08,
2.406249e+07,
1975, 
729393.5,
5462645,
323428.6,
14642.61,
579316.3,
60334.2,
653585.9,
34684.2,
7.677585,
358372.2,
5315458,
2362909,
152980.5,
1767409,
933805.9,
3076876,
253538.5,
332861.7,
314793.8,
1680450,
111360.9,
23682.4,
568212.3,
1003068,
15654.85,
74855.3,
2.620433e+07,
1976, 
724755.5,
5967862,
278379.8,
15534.71,
814818.8,
75611.02,
728002.6,
41873.43,
10.13346,
374895,
5689489,
2482635,
277831.1,
1766693,
940361.9,
3085025,
235324.9,
432627.7,
271954,
1224648,
100024.1,
32084.64,
633333,
1210555,
23542.56,
78991.16,
2.750686e+07,
1977, 
846220.9,
5688811,
280138.7,
13946.82,
1038160,
75428.98,
797672.8,
32576.65,
12.61934,
356009.7,
5739775,
2594807,
351962.8,
1856404,
983450.1,
3238183,
247779.7,
525808.4,
363795.4,
1636859,
111220.5,
41160.99,
665701.8,
1434802,
39552.37,
76197.62,
2.903644e+07,
1978, 
820725.4,
6350938,
285246.3,
13765.15,
1092604,
80923.95,
806557.6,
28385,
13.07468,
407366.5,
6239752,
2692727,
479638.2,
1967257,
1028616,
3422977,
213172.7,
737921.8,
383113,
1178242,
131196.1,
64688.06,
684548.6,
1227755,
54052.59,
72977.2,
3.046516e+07,
1979, 
738174.8,
6337509,
258895.9,
12590.6,
1290240,
103424.9,
882251.4,
27793.44,
17.03583,
446940.6,
6286529,
2711507,
452123.2,
1974557,
1026319,
3447335,
324859.9,
708024.3,
430936.7,
1916392,
108718.4,
86694.88,
727208.1,
1246241,
70072.66,
61952.91,
3.167731e+07,
1980, 
746481.1,
6531338,
258902.6,
12844.18,
1644369,
99033.68,
967756.6,
29967.96,
30.99565,
468026.2,
5725247,
2532442,
386864.6,
1834920,
951533.3,
3198409,
364120.9,
798821.9,
442416.7,
2473984,
95015.45,
183317.7,
598146,
1082512,
84053.67,
83933.5,
3.159449e+07,
1981, 
700739.9,
6124725,
335594.6,
12751.36,
1154608,
81076.85,
983491.9,
27216.38,
49.54093,
561507.7,
5350928,
2769002,
421865.6,
1900482,
963859.9,
3297293,
334862,
885251.9,
474146,
2634707,
89210.64,
245517.3,
604549.4,
1024616,
95729.38,
76582.7,
3.115036e+07,
1982, 
673405.9,
5634106,
347902.7,
10902.65,
1127486,
84020.57,
1018644,
24802.43,
41.74059,
517040.6,
5296882,
2694477,
503619.6,
1944837,
970946.3,
3366166,
440736.4,
887735.1,
454014.3,
2685343,
81541.53,
368903.9,
613313.8,
901531.9,
119275,
65110.73,
3.083278e+07,
1983, 
687789,
6686155,
266396.6,
11251.16,
999533.7,
83299.41,
1126378,
22017.34,
56.88784,
403234.9,
5339905,
2884477,
617122.2,
2024071,
998140.9,
3504423,
500436.6,
1044945,
525773.8,
3042267,
87041.23,
369548.9,
644594.6,
857707.4,
139258.9,
64542.17,
3.293037e+07,
1984, 
687634.6,
6703804,
316012.9,
11573.9,
1496729,
100899.4,
1307214,
31287.57,
45.26182,
431743.3,
5055673,
2968465,
519773.9,
2028469,
1023534,
3641663,
573048.2,
1366293,
544056.4,
3063796,
91749.32,
422513,
624461.3,
820212.3,
148366.1,
55711.01,
3.403472e+07,
1985, 
605295.1,
6352325,
350081.8,
10925.63,
1219753,
111625.1,
1431003,
33385.68,
39.49941,
381578.6,
4811129,
2773784,
434436.4,
2242935,
1149176,
4162285,
617470.7,
1532588,
535220.3,
2262973,
103205.5,
465321,
569621.5,
713890.8,
153878.7,
64099.81,
3.308803e+07,
1986, 
570923.2,
6378930,
363034.4,
11443.69,
1510566,
126739.3,
1567618,
37215.68,
42.21505,
356319.1,
4703409,
2864817,
461126.7,
2375381,
1252073,
4590353,
631558.9,
1635527,
555912.8,
2283721,
116404.5,
525748.3,
562934,
673894.8,
171663.8,
58303.78,
3.438566e+07,
1987, 
544692.1,
6842110,
392435.6,
11774.25,
1447328,
136437.3,
1752265,
40872.27,
40.16344,
302724.7,
4541528,
2685783,
504914.3,
2363090,
1283850,
4757386,
706750.6,
1293518,
584029.4,
3393864,
119892.2,
535788.9,
548294.2,
734334.8,
165694.4,
63833.19,
3.575323e+07,
1988, 
511361.8,
7219438,
359656.9,
11257.25,
1311266,
129657.9,
1907741,
55165.45,
38.34657,
343034.8,
4334490,
2730229,
410946.6,
2299875,
1281645,
4817301,
797887.8,
1859062,
599761.9,
3909426,
153669.6,
595502.2,
496590.3,
654337.3,
168916.6,
61859.65,
3.702012e+07,
1989, 
491327.1,
7597817,
330497.1,
10371.2,
1101174,
106826.3,
1957733,
59461.96,
32.24147,
318943.6,
4129549,
2692146,
487935.3,
2122024,
1220307,
4660160,
851215.3,
2138289,
631132.1,
4000027,
157969.8,
581872.6,
475214,
640564.1,
170581.2,
57841.19,
3.699101e+07,
1990, 
450929.2,
7562129,
356241.8,
9502.354,
992335,
91315.24,
2052143,
68184.96,
24.98507,
308901.9,
3578041,
1810762,
493032,
1712583,
1292095,
4807959,
935920.2,
2213919,
605257.6,
4448922,
210899.8,
577431.4,
428862.9,
431406.5,
168909,
53542.94,
3.566125e+07,
1991, 
446379,
7861217,
370134.5,
8320.208,
1022763,
84864.13,
2157731,
75971.45,
15.09365,
299149.3,
3201115,
932570.3,
472435.3,
1394409,
1048484,
4092324,
838842.3,
2337348,
606101.3,
5549251,
212490,
578093.2,
410778.2,
463170.3,
164081.7,
54551.93,
3.468259e+07,
1992, 
448151,
7999608,
297561.3,
6190.735,
1051815,
78554.73,
2125589,
85366.05,
7.868356,
283730.8,
2783584,
856042.8,
486433.9,
670241.6,
739530.9,
2105258,
929224.3,
1985498,
563310.1,
5284309,
245013.2,
596785.3,
390656.3,
519817,
179421.5,
50299.01,
3.0762e+07,
1993, 
440294,
8045592,
322701.5,
6365.653,
1223908,
81530.3,
2167092,
105554.4,
0,
341198.7,
2615250,
790258.9,
562041.2,
380180.7,
577940.5,
1465293,
811259.9,
1842800,
558410.6,
4240969,
297921.8,
546458.8,
384038.8,
475042.1,
155477.7,
48633.93,
2.848621e+07,
1994, 
425681.5,
8034370,
354683.6,
5264.265,
1368852,
76554.35,
2237645,
58990.71,
0,
293598,
2629055,
790257.7,
318221.2,
152291.6,
254473.7,
1011146,
871549.6,
2081720,
479101.9,
5699275,
331333.8,
515996.3,
359258.9,
530467.2,
145790.8,
40881.56,
2.906646e+07,
1995, 
425454.5,
8236976,
161757.3,
6020.289,
1069558,
75794.48,
2330711,
61536.96,
0,
293330.3,
2460030,
923571.8,
416414.7,
143181,
237046,
1286575,
823381.8,
2105432,
485154.4,
7044262,
444352.5,
377877.5,
311353.2,
586764.2,
160231.9,
48398.47,
3.051516e+07,
1996, 
435245.5,
8210365,
248793.9,
5232.758,
1126839,
97132.58,
2363337,
46338.82,
0,
307952.3,
2546279,
970832.6,
417058.7,
151551.8,
296536.4,
1494333,
907320.8,
2213502,
463348.3,
6520766,
490230.6,
320149.4,
290273.3,
635710.7,
134605.9,
53911.38,
3.074765e+07,
1997, 
423779.6,
8324161,
189414,
5115.836,
1270228,
92969.03,
2508870,
48959.89,
0,
285152.1,
2367115,
955131.4,
429295.3,
127255.5,
222786.4,
1677521,
918258.6,
2973470,
480185.9,
7572034,
523647.2,
266139.4,
271739.7,
670039.4,
163072.1,
64070.53,
3.283041e+07,
1998, 
375628.1,
7795288,
195452.3,
3976.867,
1228900,
87787.12,
2475431,
50879.09,
0,
277494.9,
2269107,
939870.9,
509156,
105178.9,
210662.8,
1793796,
962269.5,
3191477,
436010.1,
7843675,
550402.7,
336189,
247815.1,
713692.7,
153661.8,
65077.87,
3.281888e+07,
1999, 
357952.4,
7681807,
180539.9,
3063.619,
1130478,
80723.64,
2499550,
48532.92,
0,
292270.7,
2164057,
915257.7,
465669.7,
52782.16,
200230.9,
1906505,
1024341,
3799485,
449414.7,
7505423,
592692.7,
295414.2,
241292.1,
778517.4,
193120.8,
70808.39,
3.292993e+07,
2000, 
316752,
7326098,
162919.1,
2465.815,
1189253,
75747.68,
2406677,
39200.32,
0,
255621.4,
1861065,
925548.6,
497054.4,
75073.89,
175588.9,
2092541,
1114987,
3436916,
403215.5,
7206836,
593537.6,
236642.9,
237557.3,
808152.5,
215761,
80813.59,
3.173602e+07,
2001, 
300100.1,
7514820,
173492.6,
1789.719,
1279469,
75849.32,
2432931,
36218.13,
0,
278716.5,
1762580,
1045776,
345311.8,
59972.64,
190484.5,
2326692,
1020178,
3611489,
347373.1,
7661961,
622267.2,
244438.9,
199674.5,
899349.9,
207134.3,
64500.75,
3.270257e+07,
2002, 
294940.8,
6817728,
125330.3,
476.1627,
1354927,
51998.84,
2356042,
33523.48,
0,
338847.6,
1692468,
1062456,
349162.1,
54324.12,
213658.7,
2433561,
1048270,
3378759,
384156.7,
8553289,
595182.4,
309557.1,
173797,
819208.3,
208932.9,
126580.6,
3.277718e+07,
2003, 
291982.5,
7250965,
76211.3,
0,
1665306,
63740.61,
2569521,
42543.62,
0,
278928.3,
1681127,
1117983,
405052.3,
38092.96,
170974.8,
2779933,
1124649,
3525317,
288386.7,
8974540,
714721.7,
283660.9,
197592.1,
845294.8,
201569.2,
112359.7,
3.470045e+07,
2004, 
253555.1,
7306143,
125943.5,
0,
1742590,
82525.81,
2693476,
38550.38,
181.1878,
308746.6,
1603624,
1155141,
437572.3,
54596.33,
192981,
2888092,
1240991,
3877279,
292605.7,
9921719,
783650.3,
339876.5,
194424.2,
845931.2,
248984.3,
82804.37,
3.671198e+07,
2005, 
265264.5,
6835847,
206688.8,
0,
1247912,
91712.98,
2564390,
27816.39,
265.2953,
232192.3,
1391457,
1169321,
447749.8,
73955.69,
130809.6,
2667546,
1345677,
4294394,
294712.8,
1.018212e+07,
640659.6,
351351.8,
186213.7,
801736,
310856.6,
72952.87,
3.58336e+07,
2006, 
195684.1,
6740809,
224867.4,
0,
1420366,
108307,
2563974,
27925.81,
392.2317,
274251.4,
1360445,
1105215,
453752,
124195.3,
124267.2,
2695907,
1592947,
4447944,
222153.2,
1.070805e+07,
658144.4,
385656.4,
176186.7,
737946.8,
362313.3,
73036.7,
3.678473e+07,
2007, 
281425.5,
6624531,
205421.9,
0,
1818511,
144643.8,
2591257,
15967.8,
711.3516,
257782.3,
1393648,
1202514,
386146.1,
166548,
120999.7,
2706534,
1525772,
4341840,
231708.8,
1.082141e+07,
717787.4,
387242.3,
168416,
746212.7,
231807.2,
42929.01,
3.713176e+07,
2008, 
226557.5,
5248630,
159998,
0,
1452601,
134419.8,
2302255,
9454.893,
889.8477,
231665.9,
742492.6,
980636.8,
245900.7,
186582.9,
116242.6,
2294242,
1322218,
4928938,
161180.5,
1.02553e+07,
678064.6,
306782,
124795.8,
608624.9,
236401.8,
36512.28,
3.299139e+07,
2009, 
231997.3,
6027872,
261598.2,
0,
1843149,
133070.1,
2435992,
6660.857,
1104.766,
243598.2,
937895.6,
949259.7,
468762.4,
207337.1,
91526.14,
2467939,
1277749,
5466343,
140794,
1.140335e+07,
671981.9,
302732.4,
127806.6,
512774.7,
380302.9,
24788.7,
3.661638e+07,
2010, 
265022.6,
6287956,
317417.3,
0,
1915484,
169866.3,
2718117,
7287.903,
1503.465,
216390.3,
987227.1,
985184.2,
410362.1,
238343.6,
96845.09,
2524796,
1213391,
5881376,
132986.6,
1.354131e+07,
660418.9,
334224.2,
130642.1,
615761.1,
397839.2,
24481.14,
4.007424e+07,
2011, 
300058.9,
6588663,
343972.4,
0,
2198562,
194768.7,
2820615,
5619.315,
1791.832,
229363.7,
982154.4,
933125.5,
368262.6,
243595.3,
81341.09,
2550129,
1263005,
5710428,
117715.5,
1.421825e+07,
524985.6,
422598.8,
134550.5,
665873.7,
447695.7,
19409.21,
4.136653e+07,
2012, 
313613.6,
6910433,
461943.8,
0,
2014869,
184965.4,
2716177,
4221.331,
2153.106,
226362.3,
1018652,
965941.6,
400548.3,
231741.6,
73158.05,
2372317,
1507503,
4678114,
125263.7,
1.477275e+07,
622524.8,
475903.7,
103282.5,
625595.9,
502132,
9079.256,
4.131924e+07,
2013, 
322608.7,
6842489,
485082.3,
0,
2180930,
201882.3,
2844939,
0,
2535.364,
221636,
1045183,
939480.1,
469106.2,
239982.5,
63140.5,
2364814,
1588158,
3880931,
87637.34,
1.437702e+07,
730650.2,
568831.1,
99768.13,
584029.6,
575947.1,
0,
4.071678e+07,
2014, 
383549.7,
6874888,
506459.3,
0,
2275218,
200671.4,
2940455,
0,
3464.786,
232850.5,
1095848,
893936.8,
442154,
227055.9,
68315.08,
2446717,
1660591,
3944448,
87701.38,
1.462784e+07,
696815.3,
582263.5,
109208.1,
663058.4,
591799.2,
0,
4.155531e+07,
2015, 
376287.7,
6650012,
555326.9,
0,
2067806,
182063.6,
2865768,
0,
2564.843,
225042.7,
1081027,
936550.7,
441544.9,
212958.8,
68373.36,
2399453,
1540434,
4097041,
85768.16,
1.444555e+07,
710174.5,
569981.6,
100687,
677051,
610062.7,
0,
4.090153e+07,
2016, 
370955.1,
6779581,
556921.6,
0,
2163039,
201062.5,
2962759,
0,
3041.494,
231739.6,
1034272,
954200.3,
441159.4,
219074.3,
71871.34,
2510675,
1600009,
4249839,
86071.41,
1.473875e+07,
730268.3,
627194.6,
103946.1,
674165.4,
660138.2,
0,
4.197074e+07,
2017, 
381463.3,
6790847,
551930.9,
0,
2270787,
209825.7,
3041822,
0,
3444.859,
229408.2,
988553.4,
957392.4,
447469.8,
226024.9,
74218.97,
2604637,
1667964,
4349655,
86942.26,
1.499147e+07,
745424.1,
653539.1,
107139.9,
648026.7,
685735.1,
0,
4.271372e+07,
2018, 
391184.6,
6839554,
549593.4,
0,
2372260,
215676.8,
3096804,
0,
3897.691,
237335.4,
941452.6,
974698.6,
450350.9,
230243.3,
76928.21,
2693787,
1725539,
4494631,
87601.14,
1.510071e+07,
752085.6,
681939.7,
106982.4,
616615.8,
708225.4,
0,
4.33481e+07,
2019, 
394070,
6661224,
542264.5,
0,
2505839,
222768.2,
3183602,
0,
4355.524,
249105.1,
911806.9,
978511,
453556.4,
234111.6,
78269.89,
2780309,
1790106,
4669791,
89187.41,
1.52742e+07,
767542.5,
714357.7,
107930.3,
583117.9,
723754.4,
0,
4.391978e+07,
2020, 
398522.7,
6544171,
533153.6,
0,
2607897,
229919,
3243929,
0,
4882.941,
249549.1,
872021.6,
983133.6,
453412.8,
239678.6,
80202.8,
2844966,
1857579,
4858288,
91034.16,
1.542259e+07,
775283.8,
736194.6,
108333.8,
502012.7,
736112.7,
0,
4.437286e+07,
2021, 
385949.7,
6527896,
526879.3,
0,
2614336,
231393.5,
3272494,
0,
5227.179,
248661.3,
836039.2,
979192.3,
467610.5,
233366.6,
82956.49,
2876858,
1879370,
4917289,
92093.43,
1.547712e+07,
774567.3,
760407.1,
107991.3,
501347,
752754.7,
0,
4.45518e+07,
2022, 
366846.1,
6533926,
520008.2,
0,
2601921,
231683.4,
3289607,
0,
5566.781,
249363,
797070.4,
972866.3,
479261.6,
225736.3,
85358.6,
2898650,
1889671,
4977497,
93077.67,
1.551339e+07,
772737.8,
783058,
107642.7,
500131,
768946.9,
0,
4.466402e+07,
2023, 
344643.9,
6567361,
513127.3,
0,
2570551,
231173,
3304229,
0,
6238.361,
251609.5,
755772.4,
965010.6,
488076.4,
217249.4,
87713.44,
2918016,
1899079,
5037235,
94046.25,
1.554562e+07,
770321.1,
804272.8,
107288.4,
498948.2,
784567.4,
0,
4.476215e+07,
2024, 
322185.5,
6621105,
506116,
0,
2518105,
229826.2,
3313921,
0,
7074.746,
255132,
713532.7,
955955.7,
495288.8,
208263.6,
90058.94,
2932947,
1905953,
5095959,
94981.62,
1.556967e+07,
766711,
823382,
106928.6,
495327.7,
799577,
0,
4.4828e+07,
2025, 
329969.8,
6507594,
509942.7,
0,
3015873,
261748.5,
3495068,
0,
9308.91,
367114.9,
863115.8,
986892.3,
580985.7,
251659.7,
124221,
3211763,
1951636,
5326601,
115387.9,
1.429042e+07,
822824.4,
714432.7,
93620.17,
591540.4,
785712.8,
0,
4.520743e+07,
2026, 
334934.9,
6569973,
517753.5,
0,
2901151,
267995.3,
3546887,
0,
10846.85,
371317.5,
849471.3,
987506.1,
585979.3,
254810,
128966.6,
3256544,
1996240,
5393545,
117232.7,
1.458897e+07,
844994.9,
733998.9,
91974.98,
584897.8,
814100.6,
0,
4.575008e+07,
2027, 
338358.7,
6609801,
525056.4,
0,
2797079,
274260.4,
3594589,
0,
12152.01,
375162.1,
832003.6,
987350.1,
589897.9,
257968.5,
133964.1,
3297872,
2041334,
5460742,
119044.5,
1.488318e+07,
866644.8,
755304.3,
90398.79,
578958.6,
841772.1,
0,
4.62629e+07,
2028, 
340003.6,
6634093,
532777.9,
0,
2711359,
280635.4,
3648097,
0,
13483.24,
378680.9,
812422.9,
986957.2,
593415.5,
261141.1,
137556,
3343980,
2087387,
5528879,
120898.3,
1.519386e+07,
884890.6,
791227.3,
88804.59,
576168.4,
869844.3,
0,
4.681656e+07,
2029, 
340063.1,
6651178,
542127.9,
0,
2657519,
287557.5,
3705755,
0,
14769.12,
384081.9,
786616.9,
986427.1,
590809.7,
264410.4,
145104.5,
3390458,
2132683,
5595879,
122783.6,
1.551504e+07,
899766.3,
828032.7,
87276.31,
574510,
893318.4,
0,
4.739616e+07,
2030, 
338966.9,
6670616,
553198.4,
0,
2661552,
294835.1,
3776992,
0,
16033.64,
392238.4,
760011.1,
985887.4,
595705,
267679.9,
147651.5,
3445092,
2186629,
5661159,
124760.1,
1.586498e+07,
911998.8,
865433.1,
85741.03,
579152.3,
915679.3,
0,
4.810199e+07,
2031, 
343191.9,
6763719,
580643.8,
0,
2890032,
310813.8,
3923868,
0,
17200.09,
408639.2,
751154,
991113.7,
602843.6,
275554.9,
149112.1,
3580003,
2273167,
5751973,
127710.7,
1.634799e+07,
920664,
885818.1,
84927.94,
605313.4,
933635.1,
0,
4.951908e+07,
2032, 
349638.6,
6854155,
609735.6,
0,
3115706,
327509.5,
4068025,
0,
18304.69,
422076.1,
742207.4,
996505.6,
609639.5,
283042.5,
150170.4,
3709280,
2347291,
5840336,
130630.4,
1.676776e+07,
928926.6,
906760.1,
84140.08,
635649.4,
947432.6,
0,
5.084492e+07,
2033, 
357681.4,
6944098,
640808.2,
0,
3336839,
344492.9,
4205913,
0,
19292.42,
435143.8,
731814.1,
1001635,
617089.3,
290158.1,
148356.1,
3831122,
2437091,
5925826,
133496,
1.712783e+07,
937064.2,
927945.8,
83357.72,
670260.3,
957324.5,
0,
5.210464e+07,
2034, 
365542.2,
7024864,
670603.9,
0,
3546556,
361694.2,
4335657,
0,
20161.35,
445031.5,
723340.4,
1006483,
622906.3,
296801.1,
135960.7,
3945887,
2526050,
6008334,
136288.5,
1.745353e+07,
947702.1,
949681,
82623.14,
709738.9,
965105.2,
0,
5.328054e+07,
2035, 
371325.1,
7120302,
694139.3,
0,
3750503,
379840.1,
4465358,
0,
21098.54,
453196.3,
716408.8,
1011645,
622754.2,
302966.3,
124659,
4060896,
2615317,
6087970,
139060,
1.776961e+07,
957804.5,
971681.9,
81882.59,
757673.6,
972078.8,
0,
5.444816e+07,
2036, 
373000.9,
7170622,
691039.3,
0,
3924086,
402032.3,
4584975,
0,
22309.86,
453058.6,
716728.5,
1014591,
608284.4,
306781.9,
115528.1,
4165673,
2686862,
6131386,
140648,
1.804789e+07,
965762.5,
961564.1,
80896.86,
789699.3,
973043,
0,
5.532646e+07,
2037, 
369242.7,
7208064,
667431.1,
0,
4072074,
424061.1,
4702539,
0,
23688.63,
445219.1,
713401.2,
1017586,
585871.9,
309908.5,
109731.3,
4268248,
2746267,
6177029,
142230,
1.83893e+07,
971830.9,
972272.6,
79910.63,
814185.9,
978439.2,
0,
5.618852e+07,
2038, 
362183.8,
7206383,
629049,
0,
4227306,
440958.6,
4812348,
0,
25109.15,
430501.9,
717824.6,
1020404,
562072.7,
312593.5,
106267.4,
4360450,
2774560,
6224284,
143780.6,
1.876295e+07,
976454.6,
983013.1,
78982.24,
828879.9,
980576.7,
0,
5.696694e+07,
2039, 
357584.8,
7175531,
598352.9,
0,
4389740,
448622.1,
4889049,
0,
26322.05,
417866.6,
722203.4,
1022876,
544538.1,
316884.4,
105092.4,
4431975,
2771348,
6272689,
145195.6,
1.910147e+07,
976921.6,
993507.2,
78051.66,
840050.3,
971004.6,
0,
5.759687e+07,
2040, 
358220.2,
7090268,
582448,
0,
4554201,
453083.5,
4961409,
0,
27586.38,
411246.8,
726739.8,
1025579,
534358.9,
322136.8,
106568,
4505263,
2766461,
6322219,
146599.6,
1.943965e+07,
981261.8,
1004301,
77170.86,
844011.1,
966719.5,
0,
5.82075e+07,
2041, 
369391.9,
7071010,
588454.8,
0,
4737475,
457659,
5043365,
0,
28847.77,
408617.3,
725227.3,
1026176,
529094.6,
328250.9,
108553.5,
4585409,
2778053,
6357540,
147901.4,
1.977527e+07,
984072,
1042791,
75956.74,
856659.8,
969895.7,
0,
5.899567e+07,
2042, 
385672.4,
7085777,
614420.9,
0,
4930212,
462752.5,
5129977,
0,
30127.17,
408445.6,
730568.8,
1027335,
529908.1,
336163.8,
110063.1,
4671262,
2807682,
6396859,
149212.8,
2.008096e+07,
987854.1,
1057794,
74724.47,
857465.6,
972947.8,
0,
5.983818e+07,
2043, 
407936.6,
7143449,
660322.9,
0,
5112545,
469790.4,
5224683,
0,
31415.74,
410172.9,
732162.8,
1029388,
532796.4,
345405.2,
111959.9,
4766995,
2849730,
6442372,
150554.1,
2.038783e+07,
992462.4,
1073582,
73515.21,
844230.1,
984594.1,
0,
6.077789e+07,
2044, 
431268.4,
7215301,
708501.9,
0,
5281825,
479550.9,
5333007,
0,
32819.67,
412491.8,
734890.6,
1031768,
532974.8,
354068.3,
114791.5,
4870669,
2906037,
6494149,
151909.8,
2.071976e+07,
1000490,
1089895,
72299.83,
815644.8,
999577.3,
0,
6.178369e+07,
2045, 
453378.5,
7320259,
759405.4,
0,
5448403,
491237.1,
5431854,
0,
34154.79,
412869.5,
738995.9,
1033655,
531460,
362741.1,
117336.3,
4964002,
2962252,
6548936,
174636.6,
2.102838e+07,
1007334,
1106794,
71106.53,
747335.9,
1004877,
0,
6.27514e+07,
2046, 
473797.2,
7419416,
802918.3,
0,
5608370,
503020.1,
5511577,
0,
35417.69,
412427.8,
740413.4,
1033845,
526811.4,
372028.5,
119758.7,
5039719,
3021974,
6601229,
193786.9,
2.128656e+07,
1010768,
1116762,
52280.68,
674577.8,
1012417,
0,
6.356988e+07,
2047, 
495208.1,
7515966,
835141.4,
0,
5763663,
516454.8,
5595236,
0,
36429.4,
411605.7,
740596.4,
1033857,
522769.2,
380941,
121959.2,
5117295,
3083099,
6651917,
207309.2,
2.15656e+07,
1012833,
1127255,
50595.05,
597734.9,
1022078,
0,
6.440554e+07,
2048, 
516338.9,
7598306,
855635.6,
0,
5910389,
531078.4,
5671318,
0,
37188.61,
411285.1,
740820.6,
1033474,
518768.4,
389625.6,
124468.3,
5188709,
3136716,
6701082,
224657.3,
2.186367e+07,
1014439,
1138449,
48929.89,
524852.4,
1025492,
0,
6.520569e+07,
2049, 
538405.1,
7680000,
878619.8,
0,
6063345,
543270.5,
5746038,
0,
37843.49,
410634.8,
741492.2,
1033029,
514316.5,
398045.3,
126823.8,
5258302,
3183455,
6750551,
226808.7,
2.218456e+07,
1015096,
1150398,
47305.57,
464942.5,
1027960,
0,
6.602124e+07,
2050, 
561629.4,
7765636,
900233.9,
0,
6209224,
555788.6,
5824861,
0,
38526.59,
410439.3,
741792.7,
1032766,
509812.5,
406415.9,
129731.6,
5330371,
3228191,
6803594,
208071.7,
2.258036e+07,
1016893,
1163903,
45710.02,
416979.4,
1030552,
0,
6.691148e+07,
2051, 
567878.6,
7811130,
909525.3,
0,
6210262,
559812.9,
5852678,
0,
38834.36,
409646.7,
744823.5,
1030725,
512331.4,
410575.5,
133190.9,
5357694,
3245294,
6840047,
190230.5,
2.268228e+07,
1012337,
1166752,
61353.14,
394341.1,
1040179,
0,
6.718192e+07,
2052, 
573858.2,
7844256,
918062,
0,
6213160,
563731.3,
5880674,
0,
39246.78,
411693.8,
748828.4,
1028877,
515642.6,
414732,
138084.1,
5385264,
3261724,
6880033,
174738.3,
2.285354e+07,
1009916,
1170806,
61426.31,
384503,
1049584,
0,
6.752238e+07,
2053, 
580030.4,
7877169,
927524.6,
0,
6228166,
567562.9,
5916093,
0,
39730.37,
417152.7,
753228.5,
1027390,
519171,
418874.4,
144060.7,
5422781,
3281064,
6922089,
162459.7,
2.308404e+07,
1008913,
1175404,
61484.29,
387485.8,
1058933,
0,
6.798081e+07,
2054, 
586736.6,
7903576,
935415.8,
0,
6245927,
571449.8,
5954225,
0,
40262.53,
425690.6,
757096.8,
1026049,
523573.6,
422990,
150557.2,
5469434,
3306946,
6962446,
162234.1,
2.333871e+07,
1010005,
1180746,
61552.82,
399000.7,
1067384,
0,
6.850201e+07,
2055, 
594012.9,
7924549,
940219.1,
0,
6274698,
575142.9,
5993653,
0,
40764.37,
436967.3,
760819.1,
1024834,
528826,
426964,
156413.7,
5524494,
3335250,
6998378,
162290.8,
2.356382e+07,
1011529,
1186296,
61618.02,
413958.3,
1073925,
0,
6.900942e+07,
2056, 
602890.9,
7947896,
944825.3,
0,
6323622,
579894.7,
6042247,
0,
41226.89,
451311.2,
763893.9,
1023728,
533038.8,
430588.8,
161307.6,
5593386,
3370413,
7025581,
162648.5,
2.372202e+07,
1014588,
1192258,
61398.97,
423716.5,
1078155,
0,
6.949063e+07,
2057, 
613459.6,
7972823,
949058.9,
0,
6381475,
584711.6,
6086488,
0,
41546.58,
465471.5,
765477.9,
1022403,
535933.1,
433856.1,
164794.8,
5661397,
3405522,
7047242,
162752.6,
2.380732e+07,
1017959,
1198435,
61188.85,
433818.4,
1078898,
0,
6.989203e+07,
2058, 
626473.7,
7993147,
952388.4,
0,
6440990,
586072.5,
6123355,
0,
41772.07,
477400,
765979.4,
1020831,
538633.1,
436913.3,
166908.8,
5723011,
3438740,
7063653,
162808.5,
2.381251e+07,
1021855,
1204262,
60963.74,
439953.5,
1076985,
0,
7.017561e+07,
2059, 
641274.9,
8018916,
957625.1,
0,
6505972,
587489.4,
6159784,
0,
41939.09,
488315.2,
766466.9,
1019193,
541427.6,
439837.6,
168375.3,
5779977,
3469367,
7076027,
162853.7,
2.378279e+07,
1024287,
1209807,
60748.7,
443528.5,
1073150,
0,
7.041915e+07,
2060, 
657103.9,
8049375,
964890.8,
0,
6574719,
588984.9,
6195020,
0,
42026.36,
498271.1,
766866,
1017532,
544397.4,
442702.1,
169724.4,
5829112,
3501179,
7086526,
162890.5,
2.373859e+07,
1025093,
1215012,
60520.38,
446219.8,
1069110,
0,
7.064586e+07,
2061, 
670864.1,
8081663,
969370.6,
0,
6644595,
592412.2,
6222000,
0,
42056.21,
506600.1,
765193.8,
1015310,
540650.8,
444403.4,
171460.6,
5864553,
3527464,
7089458,
162814.1,
2.365889e+07,
1020998,
1218904,
60150.98,
444427.4,
1061916,
0,
7.077615e+07,
2062, 
683498.7,
8118944,
977138.8,
0,
6717863,
596687.3,
6250365,
0,
42079.76,
514057.7,
763491.6,
1013176,
536285.8,
446186.8,
172915.2,
5896043,
3553629,
7089177,
162555.9,
2.358296e+07,
1015829,
1222242,
59780.97,
440740.3,
1056016,
0,
7.091166e+07,
2063, 
693192.6,
8158857,
987093.9,
0,
6792468,
602527.4,
6279141,
0,
42063.52,
520988.5,
761803,
1011063,
532599.5,
448058.1,
174059.4,
5924771,
3579065,
7084927,
162482.7,
2.350688e+07,
1009122,
1225167,
59399.86,
437133.5,
1051319,
0,
7.104418e+07,
2064, 
700040.8,
8196708,
997085.7,
0,
6864879,
609487.1,
6306870,
0,
41984.41,
526168.1,
760113.1,
1008849,
528182.8,
450013.6,
175388.1,
5951442,
3605381,
7074338,
162573.5,
2.340871e+07,
1002929,
1228461,
59025.37,
434254.4,
1047784,
0,
7.114066e+07,
2065, 
704585.8,
8229519,
1006828,
0,
6926524,
617061.3,
6331694,
0,
41930.68,
529488.2,
758006.4,
1006431,
522718,
452075.4,
176933,
5977135,
3628265,
7058301,
162288.5,
2.328945e+07,
997280.7,
1231878,
58641.94,
431123.5,
1044948,
0,
7.11831e+07,
2066, 
706848.5,
8251241,
1016763,
0,
6981277,
623741.8,
6349424,
0,
41841.89,
531186.4,
755901.5,
1003666,
517638.6,
454183.7,
178251.6,
5997381,
3642894,
7037142,
162386.3,
2.314586e+07,
991279.8,
1236097,
58201.23,
428526.2,
1041858,
0,
7.115359e+07,
2067, 
707437.3,
8258091,
1021949,
0,
7031903,
627638,
6358224,
0,
41711.14,
531974.3,
753650.6,
1000524,
512899.2,
456350.6,
180071.2,
6011783,
3652924,
7012052,
162072.4,
2.298176e+07,
985498.4,
1241436,
57759.13,
426871.7,
1037312,
0,
7.10519e+07,
2068, 
707084.3,
8246075,
1023055,
0,
7078618,
631076.3,
6361811,
0,
41566.59,
532838.7,
750886.6,
997127.6,
507098.5,
458516.7,
182020.7,
6023808,
3658098,
6985424,
162087.2,
2.281329e+07,
980088.9,
1247645,
57306.31,
425895.2,
1031071,
0,
7.090249e+07,
2069, 
706279.9,
8222185,
1021327,
0,
7121125,
634145.1,
6364598,
0,
41525.31,
535175.3,
747362.2,
993640.4,
499916.3,
460636.7,
183603.6,
6036447,
3659170,
6962897,
161921.5,
2.266098e+07,
975137.8,
1254900,
56859.46,
425624.3,
1022489,
0,
7.074794e+07,
2070, 
705241.6,
8185710,
1019216,
0,
7167944,
636776.3,
6367766,
0,
41541.86,
539777.4,
743524.5,
990125.8,
490125.4,
462667.7,
184857.8,
6050207,
3659015,
6943488,
161752.7,
2.253139e+07,
970478.1,
1262508,
56403.34,
425737.7,
1011458,
0,
7.06077e+07,
2071, 
706385.9,
8129091,
1015083,
0,
7189098,
637698.9,
6363052,
0,
41514.56,
546239.8,
739615.6,
984048,
475253,
464250.2,
185044.2,
6055121,
3653916,
6938549,
161387.2,
2.238676e+07,
966035.4,
1271564,
56143.11,
421925.1,
1004299,
0,
7.039207e+07,
2072, 
707295.6,
8066197,
1013060,
0,
7208997,
638997.9,
6360054,
0,
41536.89,
554301.9,
735429.6,
977845.1,
460094.4,
465661.9,
184541.2,
6061196,
3648377,
6937559,
161022.3,
2.225784e+07,
960993.4,
1279524,
55881.06,
416144.6,
997715.4,
0,
7.019026e+07,
2073, 
707484.8,
8001661,
1013254,
0,
7226114,
636486,
6355269,
0,
41615.17,
563620.3,
731476.4,
971446.9,
445194.1,
466902.6,
183885.1,
6065010,
3640732,
6942887,
160640.2,
2.212853e+07,
954523.5,
1285870,
55609.61,
409504.3,
992916.3,
0,
6.998063e+07,
2074, 
707296.2,
7942580,
1014944,
0,
7242958,
632154.4,
6358000,
0,
41728.77,
573485.4,
728122.6,
965146.4,
431222,
468001,
183314.1,
6074870,
3638719,
6951590,
160302.1,
2.201682e+07,
945127,
1291057,
55346.9,
401026.7,
991227.9,
0,
6.981503e+07,
2075, 
706587.6,
7885166,
1014496,
0,
7262215,
626917.1,
6362989,
0,
41906.21,
583085.3,
725609.6,
958778.7,
419853,
468970.5,
182990.3,
6085852,
3639846,
6964060,
159746.3,
2.190904e+07,
933173.7,
1295030,
55072.83,
391384.3,
993344.7,
0,
6.96661e+07,
2076, 
705564.1,
7832027,
1009057,
0,
7285307,
621772.8,
6373499,
0,
42171.95,
592586.3,
724091.4,
952455.1,
411197.6,
469833.3,
183134.2,
6100949,
3644874,
6983864,
159672.2,
2.180916e+07,
918720.6,
1298561,
54696.57,
382500.5,
1000024,
0,
6.955572e+07,
2077, 
704203.2,
7786816,
1000831,
0,
7313792,
616739.1,
6388935,
0,
42476.24,
601970.3,
722770.7,
946337.1,
403947,
470678.3,
183579.2,
6119778,
3650906,
7010207,
159394.3,
2.172187e+07,
903104.6,
1302131,
54311.25,
375559,
1010154,
0,
6.949049e+07,
2078, 
703182.5,
7757482,
991496.7,
0,
7347689,
614638.1,
6414089,
0,
42824.01,
611360.6,
721265.8,
940477.4,
398033,
471530.9,
184312.3,
6145818,
3661474,
7043858,
159173.4,
2.166352e+07,
887960.6,
1305644,
53933.51,
370291.7,
1022871,
0,
6.951293e+07,
2079, 
703468.1,
7743793,
986522.1,
0,
7393996,
615072.6,
6450573,
0,
43180.81,
621569.9,
721356.3,
935222.8,
394653.5,
472487,
185058.1,
6180532,
3676296,
7082748,
159013.6,
2.163518e+07,
874327.8,
1309410,
53555.3,
367812.8,
1037173,
0,
6.9643e+07,
2080, 
705744,
7744724,
986230.7,
0,
7450018,
616515,
6494781,
0,
43509.8,
632902.3,
722588.9,
930417.7,
392344.9,
473537.4,
185807.6,
6221520,
3693614,
7126825,
158893.4,
2.162838e+07,
862076,
1313447,
53167.14,
368403.5,
1053163,
0,
6.985861e+07,
2081, 
707462.5,
7765308,
992248,
0,
7508123,
618665.2,
6543305,
0,
43778.2,
644363.2,
725014.4,
926896.8,
391921.3,
474551.9,
186335.6,
6270730,
3729628,
7172425,
159114.3,
2.162833e+07,
849923.1,
1318159,
53069.09,
394159.4,
1078788,
0,
7.01823e+07,
2082, 
710424.3,
7794143,
1002994,
0,
7574103,
621991.3,
6593785,
0,
44033.44,
656867.2,
728520,
923609.6,
391749.7,
475590.6,
186672.1,
6322235,
3766079,
7219798,
159116.5,
2.163869e+07,
839291.3,
1322964,
52964.41,
401712.4,
1103938,
0,
7.053127e+07,
2083, 
715135.4,
7825781,
1016582,
0,
7649679,
625937,
6645556,
0,
44253.23,
670138.8,
733197.2,
920572.4,
391776.6,
476632.6,
186852.2,
6376202,
3803488,
7264600,
159598,
2.165103e+07,
829433.6,
1328165,
52866.11,
410743.8,
1128382,
0,
7.090661e+07,
2084, 
719649,
7858112,
1030325,
0,
7723897,
629795.4,
6694047,
0,
44454.14,
684377.6,
737156.8,
917383,
391272.4,
477556.5,
187151.9,
6428032,
3838411,
7313236,
159843,
2.166171e+07,
819553.6,
1333821,
52767.53,
419634,
1151531,
0,
7.127372e+07,
2085, 
724236.4,
7891828,
1044724,
0,
7795726,
634466.8,
6740173,
0,
44673.99,
698934.6,
740690.2,
914087.4,
390527.9,
478367.7,
187449.6,
6478711,
3874748,
7363053,
160078.8,
2.167324e+07,
810882,
1339265,
52662.28,
429340.1,
1172175,
0,
7.164003e+07,
2086, 
729893.8,
7922041,
1061585,
0,
7857238,
639433.6,
6776644,
0,
44902.23,
713966.7,
743064.2,
910355.5,
388990.8,
478902.7,
188059.4,
6522507,
3898750,
7407493,
160326.7,
2.166781e+07,
804898.1,
1344444,
52443.39,
440341.5,
1180445,
0,
7.193453e+07,
2087, 
736362.5,
7951904,
1079803,
0,
7912969,
644408.9,
6809979,
0,
45136.71,
729481.8,
745179.3,
906508.7,
386718.8,
479347.3,
188638.8,
6563920,
3909002,
7449235,
160361,
2.167383e+07,
800592.3,
1349268,
52218.14,
449113,
1185586,
0,
7.220956e+07,
2088, 
742415,
7984535,
1099874,
0,
7964385,
649038.1,
6841417,
0,
45442.28,
745695.4,
747098.7,
902595.6,
384592.2,
479717.3,
189339.2,
6603829,
3918870,
7490511,
160797,
2.169584e+07,
797201,
1354129,
51999.96,
456322.2,
1187648,
0,
7.249329e+07,
2089, 
748660.4,
8017877,
1119577,
0,
8014496,
652704.6,
6871048,
0,
45796.34,
761822.5,
748629.7,
898497.6,
380922.3,
480036,
189642.5,
6642391,
3924390,
7525598,
161023.5,
2.173073e+07,
796027.4,
1358457,
51781.44,
464097.2,
1187379,
0,
7.277158e+07,
2090, 
753992.1,
8050047,
1136798,
0,
8063034,
655458.7,
6897263,
0,
46136.61,
777419.8,
749596.4,
894251.9,
375763.1,
480315.1,
189395,
6676638,
3924910,
7552299,
161226.3,
2.177214e+07,
796649.7,
1361769,
51555.48,
470164.8,
1184752,
0,
7.302158e+07,
2091, 
758318.8,
8075152,
1148182,
0,
8081746,
656905.9,
6913528,
0,
46470.06,
790810.8,
750908.1,
892440.3,
372457.9,
480673.2,
188297.2,
6704149,
3934640,
7576970,
161392.4,
2.182893e+07,
797768.5,
1364184,
51476.21,
472791.3,
1178295,
0,
7.322649e+07,
2092, 
761731.9,
8098130,
1155293,
0,
8092644,
658369.3,
6926516,
0,
46797.84,
802363.9,
751771.4,
890555.3,
370199.5,
481012.2,
187013.5,
6728222,
3941113,
7595148,
161327.6,
2.187129e+07,
797993.1,
1365792,
51390.73,
476176.3,
1171960,
0,
7.338281e+07,
2093, 
763723.4,
8116630,
1157455,
0,
8100730,
659755.3,
6936853,
0,
47081.08,
811824.5,
752249.4,
888497.6,
367745.7,
481330.3,
185466,
6749812,
3945047,
7606500,
161442,
2.189088e+07,
799670.8,
1367049,
51311.05,
479521.7,
1166358,
0,
7.348693e+07,
2094, 
764639.8,
8131788,
1155122,
0,
8105023,
661134.3,
6947794,
0,
47438.73,
819663.3,
752430.8,
886408.7,
367904,
481640,
183775.1,
6770333,
3949058,
7610935,
161558,
2.187471e+07,
801649.9,
1367892,
51224.12,
480454.9,
1161590,
0,
7.353417e+07,
2095, 
764640.4,
8143846,
1150190,
0,
8100121,
662267.8,
6957859,
0,
47905.57,
826161.6,
752330.9,
884192.3,
370191.5,
481924.9,
181769.1,
6790385,
3953498,
7613355,
161666.7,
2.182635e+07,
803897.8,
1368103,
51143.31,
480276.7,
1158225,
0,
7.35303e+07,
2096, 
763943.1,
8151275,
1142515,
0,
8121745,
663520.1,
6972580,
0,
48374.27,
831471.1,
751844,
881908.5,
376128.2,
482313.4,
179659.7,
6815461,
3960610,
7614693,
162113.2,
2.175947e+07,
807470.3,
1368183,
50884.5,
477934,
1158395,
0,
7.35425e+07,
2097, 
762773.1,
8151716,
1133067,
0,
8137537,
664633.8,
6987312,
0,
48862.07,
836270.3,
751563.7,
879518.9,
383617.6,
482752,
177499.7,
6840897,
3968343,
7622290,
162371,
2.168123e+07,
813940.4,
1368183,
50619.48,
477226.3,
1161233,
0,
7.354346e+07,
2098, 
762114.7,
8147167,
1122793,
0,
8150248,
665623.9,
7000570,
0,
49307.55,
840510.4,
751722.8,
877105.5,
394511.3,
483253.2,
175232.8,
6864787,
3975151,
7632246,
162629.3,
2.159883e+07,
821120.8,
1368287,
50360.73,
475822.4,
1164851,
0,
7.353425e+07,
2099, 
761889.3,
8139589,
1109873,
0,
8165036,
664967.8,
7011395,
0,
49742.96,
844269.8,
752404.1,
874682.6,
410695.5,
483841.2,
173294.6,
6888352,
3980979,
7645442,
162689.8,
2.152927e+07,
828892.9,
1368299,
50095.95,
474959.5,
1169053,
0,
7.353971e+07,
2100, 
761980.3,
8132056,
1095252,
0,
8185098,
663173.8,
7022936,
0,
50168.5,
847589.5,
753570.7,
872345.6,
433471.1,
484524.9,
172177.8,
6913663,
3986616,
7664740,
162959.8,
2.147901e+07,
836560.1,
1369240,
49837.15,
476015.8,
1174402,
0,
7.358738e+07];
