real main.em.ep.isp.StorResTot[28](t) = [1971, 
651.5343,
6662.301,
42.08245,
21.60213,
64.96689,
80.57098,
58.75524,
41.05855,
12.20759,
218.7674,
4050.518,
794.3257,
45.14894,
639.8839,
126.0057,
1848.95,
149.6624,
189.8941,
60.786,
215.9777,
32.17176,
2.735793,
947.4415,
247.1319,
13.94703,
25.39259,
0,
17243.82,
1972, 
743.1379,
6664.728,
47.7262,
24.07365,
71.01305,
85.62901,
59.5344,
44.36075,
13.14336,
237.3148,
4228.148,
866.3724,
52.09121,
676.2775,
129.2396,
1948.799,
169.1202,
198.1338,
65.41999,
236.9972,
36.51493,
3.161403,
1012.384,
243.989,
13.98373,
36.3438,
0,
17907.64,
1973, 
823.4536,
7276.438,
51.89817,
26.7822,
82.26498,
95.7737,
61.004,
49.39493,
13.3358,
252.2585,
4534.185,
902.643,
52.66745,
714.8611,
138.3771,
2062.626,
202.3026,
204.9313,
74.03787,
259.1164,
43.11644,
3.88229,
1095.986,
278.0313,
16.24768,
46.19956,
0,
19361.81,
1974, 
851.8475,
7332.585,
65.72918,
27.9819,
91.64121,
104.7265,
65.23281,
49.52388,
12.89815,
269.9228,
4643.078,
958.119,
59.58812,
756.1116,
148.4388,
2188.701,
226.6788,
214.7355,
81.40347,
268.0446,
45.88003,
5.151445,
1082.19,
298.4529,
18.27978,
58.22723,
0,
19925.17,
1975, 
829.4708,
7548.269,
69.66646,
27.81349,
98.71245,
109.7047,
74.15015,
55.54008,
13.42982,
290.122,
4627.427,
1001.688,
71.43203,
685.0228,
132.0404,
2029.392,
263.1306,
237.9871,
91.05245,
317.319,
47.80796,
5.849806,
1106.663,
309.6375,
20.51815,
61.28817,
0,
20125.13,
1976, 
887.3736,
8061.648,
73.96089,
31.44196,
113.7738,
118.3513,
85.01038,
57.75348,
15.56682,
303.738,
4975.722,
1064.596,
81.15306,
715.8107,
139.8739,
2160.233,
310.0076,
266.9823,
99.52127,
351.9517,
53.87077,
5.430489,
1184.029,
322.8207,
21.59112,
65.74049,
0,
21567.95,
1977, 
951.7455,
8331.671,
79.97083,
34.06802,
125.4774,
129.5805,
97.22928,
63.17781,
16.35658,
303.796,
5086.99,
1110.645,
90.79747,
736.6292,
144.6624,
2236.307,
392.5284,
283.8665,
108.9099,
384.2584,
59.81034,
6.788415,
1233.85,
339.6395,
23.24754,
71.49924,
0,
22443.5,
1978, 
1020.996,
8559.443,
88.3676,
35.96863,
138.9407,
135.9336,
109.4434,
61.04873,
17.19222,
316.9648,
5276.29,
1168.905,
96.68808,
760.6332,
149.6674,
2341.145,
443.0547,
311.8177,
120.7874,
437.9878,
61.91246,
9.509306,
1291.158,
349.9268,
26.12036,
69.42392,
0,
23399.33,
1979, 
1070.171,
8729.813,
94.73719,
37.54453,
155.6575,
151.5532,
122.3724,
70.43597,
17.6326,
332.7302,
5500.41,
1177.954,
98.70918,
779.6888,
205.7969,
2397.325,
512.4427,
316.3133,
130.9079,
478.6803,
67.35005,
11.46119,
1360.344,
366.1624,
29.25215,
74.78744,
0,
24290.23,
1980, 
1100.516,
8839.18,
99.38868,
37.87766,
178.6554,
162.1609,
136.8136,
78.82357,
17.83863,
360.1647,
5537.828,
1232.66,
101.6957,
816.4669,
225.3084,
2582.525,
567.5072,
330.1799,
136.6896,
468.131,
72.07088,
14.42511,
1343.363,
383.7989,
30.68501,
68.90266,
0,
24923.66,
1981, 
1157.09,
8909.859,
108.5302,
39.18369,
171.8719,
168.5743,
155.3696,
77.11351,
18.86036,
411.1879,
5594.711,
1241.718,
106.6037,
836.2609,
230.855,
2726.784,
672.9659,
362.1985,
147.5992,
472.7571,
76.6324,
14.23497,
1357.065,
408.6898,
32.8315,
65.34301,
0,
25564.89,
1982, 
1136.058,
8688.75,
113.4095,
40.57534,
180.2194,
171.0359,
170.1496,
85.83471,
20.4164,
432.2899,
5586.426,
1259.721,
116.2423,
853.111,
239.0651,
2830.601,
797.8285,
386.6031,
155.6199,
504.137,
82.1542,
17.32995,
1343.73,
415.6123,
35.22574,
65.2659,
0,
25727.41,
1983, 
1187.16,
8878.192,
112.5313,
43.13845,
186.5169,
179.2569,
187.7583,
79.84968,
21.7321,
440.0708,
5719.142,
1317.657,
121.5037,
877.2928,
246.6496,
2978.39,
816.7967,
413.5939,
169.5538,
544.8013,
89.82158,
20.33164,
1418.878,
426.0636,
39.1615,
63.88533,
0,
26579.73,
1984, 
1279.878,
9274.39,
121.9217,
44.38152,
208.6821,
184.5302,
207.2545,
74.1756,
21.76359,
486.7347,
5928.742,
1378.836,
137.3197,
911.7481,
257.2548,
3168.132,
880.3057,
457.3213,
182.6243,
571.9357,
96.85426,
23.91775,
1493.584,
455.2826,
44.1786,
62.97643,
0,
27954.72,
1985, 
1357.436,
9440.135,
106.3653,
43.75373,
225.9766,
187.9616,
222.6229,
89.90286,
23.32075,
503.4824,
6149.178,
1383.467,
150.0041,
934.8961,
265.9077,
3287.403,
944.2718,
501.3247,
196.6258,
611.5358,
102.2769,
24.83817,
1551.948,
488.7081,
47.70227,
65.33821,
0,
28906.38,
1986, 
1388.987,
9431.795,
119.1544,
46.76657,
238.9479,
212.846,
219.9135,
94.12849,
24.75148,
517.3594,
6248.405,
1447.913,
171.9918,
956.4094,
270.1849,
3435.084,
1029.16,
547.5707,
212.1964,
670.936,
105.8192,
34.99953,
1574.154,
504.9262,
52.75277,
66.81181,
0,
29623.96,
1987, 
1480.768,
9599.564,
128.0912,
49.48165,
242.1289,
228.9782,
235.2785,
98.10892,
26.71566,
529.7612,
6454.689,
1477.736,
192.5159,
992.7374,
272.0798,
3572.937,
1052.563,
594.9044,
235.6988,
741.3655,
114.1199,
40.56454,
1678.871,
532.5202,
58.37646,
65.13058,
0,
30695.69,
1988, 
1515.47,
9991.863,
130.5549,
49.77978,
251.3054,
258.8858,
256.5076,
103.0374,
28.43357,
549.8065,
6738.333,
1470.669,
202.0823,
1024.183,
276.9368,
3660.732,
1210.957,
655.4727,
266.509,
811.0547,
125.3007,
42.84606,
1774.558,
556.6133,
66.99831,
72.00517,
0,
32090.89,
1989, 
1483.442,
10898.31,
138.3461,
53.15834,
267.3742,
247.344,
268.4909,
107.554,
30.07609,
562.0959,
6954.356,
1489.864,
218.0068,
1042.152,
278.4245,
3929.543,
1235.245,
716.1543,
290.5589,
872.066,
137.423,
47.39959,
1887.378,
597.5944,
69.8728,
69.05097,
0,
33891.28,
1990, 
1436.097,
11103.51,
142.8049,
53.64337,
256.157,
266.8235,
277.9583,
109.5198,
34.60491,
571.2708,
7109.383,
1408.163,
240.8647,
1121.767,
345.3876,
3831.769,
1322.039,
770.1458,
311.961,
926.8807,
151.1902,
56.31755,
2059.753,
613.0417,
76.03208,
76.81652,
0,
34673.91,
1991, 
1520.486,
11197.95,
147.5194,
52.20329,
272.3797,
251.125,
293.1727,
111.9393,
36.85384,
572.0761,
7268.85,
1343.249,
245.3357,
1034.106,
295.8364,
3572.459,
1463.87,
838.6843,
328.7474,
1107.987,
163.0661,
63.7285,
2127.467,
630.2851,
81.54287,
84.63546,
0,
35105.55,
1992, 
1555.996,
11400.44,
151.2603,
55.09789,
279.6952,
259.7022,
309.9341,
116.1849,
38.26927,
586.3565,
7319.005,
1248.583,
276.4901,
881.0822,
274.5659,
3089.787,
1556.87,
876.326,
349.4074,
1223.301,
176.5753,
69.63503,
2152.391,
642.6923,
89.56591,
73.20712,
0,
35052.42,
1993, 
1610.014,
11674.79,
152.9257,
56.25336,
290.9452,
274.2719,
335.337,
116.6131,
39.69597,
610.4304,
7331.786,
1247.323,
303.8206,
799.4496,
231.2749,
3119.418,
1603.986,
924.9092,
386.9567,
1262.903,
194.6026,
77.84192,
2176.418,
663.0656,
93.45965,
74.84407,
0,
35653.34,
1994, 
1698.638,
11971.24,
164.4977,
60.35305,
299.2097,
291.1114,
358.1979,
116.6067,
40.5304,
630.9039,
7487.983,
1322.125,
319.6058,
728.6999,
227.3057,
2752.347,
1705.7,
992.4897,
434.0207,
1370.632,
219.5738,
86.56419,
2276.654,
683.5645,
98.24709,
72.57017,
0,
36409.37,
1995, 
1716.221,
12314.74,
167.8317,
63.69207,
314.2012,
304.9057,
378.8947,
123.3033,
44.27421,
638.8261,
7682.944,
1319.704,
357.3271,
764.7353,
225.4767,
2745.575,
1790.839,
1076.425,
483.9916,
1491.81,
243.3461,
100.4082,
2314.044,
702.7761,
104.4558,
74.16449,
0,
37544.92,
1996, 
1767.091,
12612.32,
159.7369,
67.02302,
329.8972,
319.1935,
428.2096,
128.4475,
46.33263,
666.8746,
7804.327,
1455.588,
388.3974,
767.2689,
217.7438,
2711,
1865.74,
1135.946,
536.2814,
1567.412,
264.9481,
116.5101,
2381.012,
717.4484,
109.4885,
66.9756,
0,
38631.21,
1997, 
1793.254,
12918.12,
171.9807,
72.52254,
347.0988,
344.6682,
461.1024,
128.9829,
49.93093,
691.2816,
7956.557,
1482.571,
423.169,
760.2098,
213.58,
2668.773,
2017.888,
1198.808,
586.2389,
1662.502,
283.6158,
123.0141,
2434.721,
740.8954,
113.6667,
70.27987,
0,
39715.43,
1998, 
1771.589,
13228.41,
185.5526,
77.78594,
357.8865,
363.0717,
492.3503,
125.9726,
51.33597,
682.0064,
8129.692,
1501.801,
450.8383,
730.6346,
205.3922,
2701.893,
2276.147,
1283.698,
574.8156,
1742.925,
279.5461,
126.8134,
2439.215,
784.2238,
117.8154,
91.86442,
0,
40773.28,
1999, 
1808.022,
13432.55,
196.6114,
83.88288,
371.7747,
363.609,
521.7943,
132.2535,
52.82085,
680.2275,
8220.543,
1468.318,
466.1482,
755.1091,
201.7715,
2773.94,
2181.883,
1379.012,
639.666,
1815.648,
298.8713,
148.1258,
2475.087,
825.4231,
117.6831,
99.42213,
0,
41510.2,
2000, 
1862.348,
14055,
209.571,
85.83012,
385.4215,
382.4801,
555.7893,
136.4134,
54.75759,
712.5422,
8253.021,
1559.255,
503.6083,
746.6587,
205.5313,
2908.319,
2198.635,
1457.249,
757.0422,
2050.63,
324.407,
159.5318,
2582.829,
848.4988,
128.3606,
108.2201,
0,
43231.95,
2001, 
1816.703,
13378.23,
216.042,
88.13031,
377.4438,
380.2495,
588.356,
145.0848,
57.3063,
689.076,
8233.446,
1697.558,
502.6698,
794.3773,
197.5686,
3039.252,
2298.491,
1512.992,
808.4637,
2257.996,
344.5858,
168.7352,
2560.828,
899.1692,
144.0589,
121.9242,
0,
43318.74,
2002, 
1841.69,
13731.12,
219.4068,
91.89227,
400.2731,
375.5947,
616.1567,
154.157,
57.46857,
745.9126,
8042.529,
1619.96,
534.6723,
790.0808,
201.2873,
2935.146,
2386.734,
1559.412,
863.97,
2443.81,
365.3075,
178.6555,
2613.717,
897.5086,
151.986,
129.9114,
0,
43948.36,
2003, 
1793.388,
13846.62,
269.127,
93.96069,
416.398,
394.6729,
647.5139,
152.2271,
60.90741,
780.8208,
7973.575,
1625.787,
580.3297,
818.8633,
213.9438,
2991.425,
2509.429,
1665.366,
901.4199,
2799.827,
394.9189,
186.6019,
2613.201,
853.4349,
161.4112,
124.3611,
0,
44869.53,
2004, 
1819.805,
14240.62,
268.6954,
94.53964,
445.3099,
420.8025,
685.7575,
168.1796,
66.07278,
806.9061,
7900.218,
1721.329,
621.0631,
856.0839,
221.7109,
3085.423,
2672.821,
1772.698,
950.4913,
3210.059,
421.7807,
199.2478,
2692.233,
873.1596,
174.4674,
133.4705,
0,
46522.95,
2005, 
1771.526,
14206.42,
282.4268,
99.49472,
458.237,
437.4566,
701.2105,
178.5792,
71.34225,
817.1768,
7802.542,
1687.264,
660.4045,
832.4237,
227.3159,
3483.111,
2682.938,
1884.665,
1013.019,
3632.229,
454.9926,
212.8036,
2762.729,
866.4258,
187.8811,
143.6056,
0,
47558.21,
2006, 
1709.41,
14009.62,
290.3228,
105.305,
478.9375,
462.8384,
743.4828,
189.2573,
76.10659,
856.1068,
7645.967,
1714.048,
710.2521,
870.8588,
232.4879,
3508.001,
2837.534,
2040.579,
1044.871,
4174.483,
481.2018,
216.4338,
2809.333,
862.0928,
198.8869,
147.1754,
0,
48415.6,
2007, 
1811.521,
13963.29,
301.7925,
108.2725,
507.684,
474.0297,
822.9776,
200.0891,
83.13345,
877.1299,
7397.994,
1702.85,
767.9475,
884.0272,
241.9455,
3536.814,
3059.928,
2192.875,
1104.145,
4813.509,
510.1429,
220.6743,
2895.632,
902.8156,
205.7303,
150.9451,
0,
49737.9,
2008, 
1799.222,
13370.56,
306.446,
106.4963,
528.8416,
505.1321,
860.4685,
204.1229,
83.39806,
873.7645,
7355.368,
1701.169,
776.0569,
839.9697,
222.132,
3606.92,
3192.406,
2110.167,
1182.932,
5355.723,
523.0217,
225.6622,
2800.889,
899.7032,
214.3346,
153.4443,
0,
49798.35,
2009, 
1719.509,
12334.92,
304.1854,
106.321,
534.5541,
511.1579,
981.1141,
212.5661,
92.03215,
852.3444,
6871.622,
1642.689,
754.8705,
726.1322,
212.9563,
3408.006,
3522.736,
2265.636,
1239.852,
6257.074,
549.7394,
230.7045,
2807.441,
814.3376,
223.551,
166.6309,
0,
49342.68,
2010, 
1709.429,
12362.88,
322.7688,
111.1119,
593.5747,
505.7808,
1067.878,
229.9068,
107.0264,
888.4998,
7307.226,
1708.807,
813.5494,
747.9816,
235.1122,
3428.672,
3691.417,
2443.975,
1339.395,
7647.857,
601.0918,
248.8838,
2962.943,
833.6693,
231.4323,
175.9045,
0,
52316.77,
2011, 
1786.858,
11538.67,
357.9908,
116.3,
615.1259,
523.1037,
1105.346,
237.2029,
126.956,
897.8704,
7649.443,
1740.245,
883.0585,
764.4761,
227.6775,
3510.061,
3852.424,
2722.776,
1397.584,
9506.831,
633.8957,
264.648,
3038.494,
808.0284,
247.5583,
179.6611,
0,
54732.28,
2012, 
1746.17,
11168.36,
379.5102,
120.6114,
648.6299,
558.8654,
1176.608,
244.3765,
142.7649,
893.5804,
8138.917,
1677.46,
955.4653,
770.0712,
242.5612,
3513.993,
4118.81,
2876.469,
1461.777,
11115.98,
708.6563,
277.3099,
3242.021,
821.1202,
268.0741,
184.595,
0,
57452.75,
2013, 
1650.458,
10881.02,
363.3022,
126.7496,
676.2372,
600.7853,
1247.389,
275.4204,
156.8719,
934.9783,
7880.975,
1675.433,
971.6067,
753.2581,
290.7654,
3527.436,
4381.133,
3095.586,
1539.667,
13492.18,
790.7017,
305.572,
3975.731,
855.6895,
305.6815,
194.6111,
0,
60949.23,
2014, 
1606.614,
10816.8,
383.4328,
131.7153,
718.9531,
605.6639,
1327.18,
292.3049,
180.1927,
1085.564,
7987.755,
1656.149,
1027.43,
716.6524,
265.6424,
3560.837,
4765.558,
3507.339,
1645.145,
16180.29,
922.7665,
328.4542,
5109.435,
831.9706,
336.0135,
221.3582,
0,
66211.22,
2015, 
1524.928,
11058.15,
399.1131,
143.8965,
722.8868,
650.2382,
1504.076,
321.6363,
206.6086,
1169.428,
7362.713,
1608.427,
1101.21,
659.3539,
276.444,
3579.068,
5335.758,
3879.401,
1805.017,
19931.21,
1043.333,
350.2894,
6633.439,
874.8389,
362.2028,
233.0275,
0,
72736.7,
2016, 
1507.834,
10939.86,
422.823,
147.7332,
759.9662,
659.3724,
1655.151,
335.7383,
220.5515,
1351.217,
7727.301,
1630.023,
1284.094,
659.573,
329.0663,
3577.742,
5913.572,
4440.799,
1964.205,
23589.29,
1277.522,
378.9613,
7923.029,
937.3977,
429.1906,
227.8817,
0,
80289.9,
2017, 
1557.487,
11279.59,
429.8705,
147.2742,
813.7439,
660.5446,
1718.924,
360.9227,
237.3394,
1542.859,
7931.197,
1630.415,
1735.668,
680.0665,
416.761,
3643.963,
6083.034,
5121.346,
2193.007,
29349.69,
1410.473,
404.0311,
9238.98,
1025.144,
494.2236,
249.2628,
0,
90355.82,
2018, 
1515.996,
11774.19,
460.4052,
155.7493,
849.4174,
671.7466,
2018.688,
408.5034,
292.2487,
1821.184,
8518.672,
1862.209,
2839.966,
753.7078,
433.778,
3630.754,
6174.818,
6045.3,
2485.209,
36036.39,
1545.215,
472.5042,
10563.79,
1185.073,
542.9982,
279.9355,
0,
103338.4,
2019, 
1571.52,
11910.45,
458.2002,
161.921,
908.7754,
636.9842,
2248.98,
448.9818,
337.1151,
1910.643,
9786.902,
1790.19,
3180.943,
940.3904,
475.2014,
3677.757,
7276.063,
6728.713,
2931.073,
42054.94,
2113.411,
518.1381,
11910.23,
1377.214,
579.3928,
327.6026,
0,
116261.7,
2020, 
1543.112,
11507.93,
474.324,
152.3795,
881.4397,
630.1417,
2316.635,
484.5549,
360.1027,
2088.502,
10987.31,
1949.059,
3539.538,
1033.39,
451.6723,
3555.608,
7976.572,
7082.395,
3478.799,
51207.04,
2839.018,
522.1271,
13453.85,
1609.492,
613.5821,
333.7646,
0,
131072.3,
2021, 
1591.592,
12604.01,
504.4355,
166.8977,
975.2841,
707.6043,
2453.138,
537.4574,
407.8611,
2222.285,
11689.06,
2276.498,
4007.601,
1087.015,
563.1862,
3714.816,
8687.219,
8038.956,
4214.009,
62349.31,
4250.212,
563.1086,
15023.53,
1954.831,
706.9148,
369.8977,
0,
151666.7,
2022, 
1558.935,
13585.07,
543.0978,
178.0355,
1030.952,
707.4643,
2516.311,
640.812,
471.8266,
2252.63,
13230.12,
2571.447,
4521.874,
955.9223,
625.3188,
3686.38,
10335.24,
9574.072,
4643.239,
72657.41,
4432.534,
616.5179,
16383.81,
2337.894,
818.4584,
495.2414,
0,
171370.6,
2023, 
1480.388,
15394.56,
566.4051,
185.7144,
1107.455,
726.2228,
2732.529,
766.2105,
506.353,
2255.318,
15501.4,
3033.373,
5091.943,
983.5055,
719.1219,
3735.39,
12141.46,
10555.7,
5159.932,
98372.94,
4790.622,
683.2316,
17095.83,
2884.023,
862.9127,
534.0123,
0,
207866.6,
2024, 
1403.581,
18158.59,
582.2166,
194.0574,
1152.747,
757.0099,
3016.45,
855.6992,
539.1271,
2391.996,
17820.84,
3626.676,
8155.533,
806.2856,
807.8252,
3711.684,
13319.11,
12667.47,
5712.235,
128572.6,
5087.656,
738.5262,
17522.49,
3728.972,
950.7493,
587.4908,
0,
252867.6,
2025, 
1500.161,
22174.19,
621.0684,
278.9466,
1318.647,
807.4464,
3246.01,
974.7111,
800.504,
3159.984,
19644.86,
4041.442,
9120.073,
847.6109,
869.0795,
3720.268,
29446.27,
17526.52,
6231.802,
145518.1,
5725.429,
1400.96,
20372.84,
4886.76,
1215.861,
665.2662,
0,
306114.8,
2026, 
1637.783,
25715.51,
657.9666,
294.1129,
1327.45,
840.8022,
2970.952,
1080.249,
1012.393,
2919.713,
21174.75,
4313.267,
8708.391,
922.053,
1084.13,
3699.963,
46188.14,
22848.3,
7066.175,
167431.5,
6270.881,
1783.209,
24599.09,
5862.039,
1554.605,
649.9172,
0,
362613.3,
2027, 
1766.367,
28886.45,
709.4695,
368.1682,
1340.249,
887.8232,
2766.208,
1446.961,
1259.722,
2641.921,
22858.74,
4685.013,
8815.732,
1054.577,
1859.905,
3675.937,
54900.15,
27714.8,
7062.249,
205884.8,
7285.431,
2981.42,
27712.79,
7211.995,
2034.923,
623.231,
0,
428435,
2028, 
1940.697,
31547.39,
1057.794,
477.9784,
1353.782,
1105.473,
2530.543,
2089.623,
1500.747,
2411.472,
25126.32,
4656.813,
9231.183,
1190.491,
2465.196,
3639.586,
58659.38,
34872.15,
7028.185,
238562.4,
9679.05,
5212.515,
29502.42,
8734.798,
3003.216,
605.67,
0,
488184.8,
2029, 
2168.126,
34018.55,
1466.384,
593.459,
1379.802,
1496.451,
2323.085,
2957.212,
1675.321,
2272.024,
27205.8,
5994.009,
10175.53,
1270.042,
3337.719,
3609.836,
62914.55,
43509.54,
7052.795,
274595.5,
12913.99,
8285.439,
45371.03,
10651.98,
4149.022,
575.2339,
0,
571962.4,
2030, 
2428.417,
36350.19,
1761.72,
762.0778,
1396.284,
1924.047,
2058.077,
3879.254,
1667.254,
3947.8,
29860.11,
6928.333,
10728.95,
1396.73,
4342.712,
3590.641,
65827.18,
53009.2,
7122.303,
307727.9,
16492.7,
11603.73,
39317.37,
12706.43,
5293.581,
507.1001,
0,
632630.1,
2031, 
2721.471,
36844.24,
2089.053,
974.4388,
1422.229,
2478.154,
1977.589,
4052.376,
1491.949,
3535.288,
35303.24,
8652.134,
11181.02,
1530.353,
5259.098,
3547.835,
59980.03,
62738.98,
7245.919,
346327.7,
20326.76,
15101.17,
41064.58,
14532.88,
6455.258,
428.2497,
0,
697261.9,
2032, 
3132.123,
38557.36,
2449.115,
1280.32,
1481.763,
3275.116,
2057.344,
4000.785,
1257.394,
3110.72,
100492.7,
22166.46,
11679.18,
1668.094,
6012.834,
3524.225,
54636.54,
76662.3,
7416.454,
393827.7,
24554.77,
16938.04,
43853.91,
16694.38,
7628.724,
343.7229,
0,
848702.1,
2033, 
3584.385,
40390.88,
2637.64,
1879.02,
1574.084,
4557.607,
2506.719,
3795.715,
973.5339,
2690.743,
171967.7,
71700.2,
11964.41,
1774.438,
7063.633,
3459.218,
49320.14,
99389.91,
7999.555,
441937.9,
27967.69,
19572.23,
46973.43,
19068.96,
8799.923,
249.0636,
0,
1053799,
2034, 
4219.175,
42772.54,
2741.788,
2661.884,
1677.848,
7906.093,
3333.416,
3489.594,
718.7726,
2283.629,
298077.5,
177124.4,
12110.99,
1895.509,
8288.647,
3435.953,
44999.68,
129596.1,
9159.977,
497367.5,
31632.58,
22079.18,
51080.29,
21671.04,
10255.08,
174.7858,
0,
1390754,
2035, 
4937.497,
46371.44,
2804.395,
3484.306,
1811.907,
13878.29,
4062.995,
3110.082,
486.4564,
1887.706,
460160.1,
352026.8,
11946.46,
2004.71,
10226.6,
3416.644,
41299.37,
167483.4,
10318.32,
569249.5,
36097.04,
25719.54,
54211.83,
24594.4,
12941.44,
110.7704,
0,
1864642,
2036, 
5536.053,
58902.97,
2807.695,
4442.388,
2064.098,
25009.62,
5120.317,
3515.74,
458.2321,
1927.581,
601767.5,
414207.2,
13426.6,
2095.611,
12699.75,
3407.278,
45168.65,
206469.9,
14798.81,
645042.4,
41098.86,
29802.25,
57042.03,
28025.13,
16304.7,
129.4466,
0,
2241271,
2037, 
6301.592,
84691.18,
2856.697,
5747.634,
2432.458,
41299.87,
6148.504,
3947.847,
437.8342,
2034.614,
693090.7,
452120.7,
14940.98,
2227.541,
16384.26,
3406.173,
49456.05,
238928.8,
14980.49,
728842.4,
47073.95,
34696.65,
60114.38,
31674.98,
20937.6,
155.0533,
0,
2564929,
2038, 
9226.966,
120945,
2959.757,
7494.634,
2402.771,
70053,
7015.525,
4382.569,
421.2678,
2148.142,
749571.4,
474138.8,
16548.9,
2448.876,
20588.44,
3409.925,
57395.81,
279931.8,
15562.17,
813061.9,
54069.98,
40003.91,
63270.75,
35831.95,
26594.79,
198.3101,
0,
2879677,
2039, 
14327.95,
175246.4,
3372.624,
9584.55,
2345.311,
106908.9,
7672.056,
4836.458,
409.7681,
2260.123,
818099.8,
485941,
18231.64,
2781.718,
25102,
3418.936,
78000.97,
403366.5,
16173.73,
892598.8,
61847.14,
46766.21,
65692.45,
39743.28,
33051.55,
238.3227,
0,
3318018,
2040, 
21418.37,
261264.7,
3851.709,
11823.15,
2310.787,
141979,
8147.09,
5344.778,
402.4209,
2373.733,
873185.1,
492484.7,
19875.72,
3167.288,
31925.42,
3450.727,
104773.9,
561518.7,
16383.55,
1084302,
70243.48,
54510.27,
67688.58,
43208.35,
40687.81,
294.1384,
0,
3926615,
2041, 
32830.19,
353677.7,
4787.547,
13644.92,
2373.35,
171239.1,
8616.373,
5913.841,
398.3582,
2492.74,
900192,
491785,
22447.75,
3545.734,
40381.93,
3527.087,
131989.8,
747274.9,
16885.35,
1285470,
79702.14,
63218.26,
68756.81,
46454.1,
49716.68,
356.0568,
0,
4547678,
2042, 
48228.26,
458864.9,
7639.696,
19627.05,
2441.966,
208237.6,
9106.629,
6525.404,
399.5918,
2616.971,
936134.4,
492481.2,
25607.72,
3705.444,
49840.38,
3641.12,
168223,
958177.6,
17811.48,
1480384,
90606.93,
74414.95,
69218.11,
50406.8,
59202.16,
426.7843,
0,
5243970,
2043, 
66284.12,
612199.3,
12525.94,
26411.38,
2522.952,
249132.3,
9639.804,
7226.453,
401.448,
2967.323,
949904,
492224,
32544.55,
3844.88,
60886.78,
3777.663,
217522.8,
1185215,
18900.15,
1718361,
102214,
84787.2,
68860.56,
53690.19,
71691.88,
533.7344,
0,
6054270,
2044, 
86892.11,
825954.2,
18287.57,
35561.18,
2641.589,
293985.1,
10827.11,
8674.034,
408.4597,
3741.141,
935853.1,
489922.5,
40339.62,
3967.888,
77931.8,
3923.881,
277882.6,
1400592,
19953.17,
1917739,
114633.5,
102472.6,
68335.85,
56460,
87739.71,
727.9429,
0,
6885448,
2045, 
113536.5,
1050259,
42474.8,
46224.22,
2793.971,
350834,
14946.86,
10461.89,
419.5425,
4721.473,
914365.8,
489359.4,
48421.27,
4118.434,
97246.46,
4212.099,
367245.7,
1666190,
21316.45,
2124318,
127862.5,
120285.2,
66507.68,
58968.29,
104424.5,
980.3173,
0,
7852494,
2046, 
140231,
1282812,
77967.7,
58272.43,
2981.546,
399158.3,
21587.73,
12202.33,
429.3307,
5632.178,
898123.9,
487064,
58015.38,
4277.821,
118375,
4655.019,
418517.8,
1916149,
22341.09,
2334813,
142622.1,
136418.6,
62346.52,
61701.21,
121997.5,
1355.892,
0,
8790049,
2047, 
167194.8,
1493375,
129227.8,
69141.89,
3194.219,
449807.8,
30544.55,
14020.32,
671.4405,
7054.53,
879777,
485582.7,
67785.06,
4448.362,
146454.3,
5196.45,
492287.8,
2124170,
23162.9,
2569462,
158649.8,
150147.9,
57313.47,
62868.7,
142236.4,
1876.252,
0,
9735651,
2048, 
183134.4,
1721497,
183629.4,
79048.3,
3466.483,
518159.5,
42265.55,
16058.11,
1323.652,
9017.66,
864916.9,
483763.8,
76169.82,
4627.458,
177620,
5792.095,
547135.6,
2311223,
23206.72,
2768098,
176823.4,
161502.4,
53339.64,
64714.49,
160571.2,
2486.043,
0,
1.063959e+07,
2049, 
207034.7,
1944165,
238336.1,
90675.15,
3875.675,
571483.7,
56110.87,
18348.17,
3321.961,
11952.37,
847987.3,
481698.8,
84879.59,
4855.102,
208562,
6437.313,
584992.3,
2445928,
23202.48,
2985767,
213343.2,
164914.1,
47149.9,
66830.85,
181448.6,
2819.546,
0,
1.149612e+07,
2050, 
215844.4,
2218876,
261852.3,
104008.3,
4353.099,
618872.9,
71512.64,
20812.25,
4781.25,
15023.5,
837832.9,
479785.5,
96219.52,
5561.69,
233436.1,
7036.963,
604323,
2497873,
21866.09,
3212918,
250289.6,
171934.8,
43227.38,
69277.35,
203308.2,
3180.665,
0,
1.227401e+07,
2051, 
227091.5,
2512718,
277525.5,
117889.9,
4880.008,
664312.9,
86524.8,
23259.87,
5442.573,
19164.8,
835361.9,
476046,
113502,
7281.233,
254965.3,
7659.396,
627054.9,
2523352,
22140.1,
3474646,
278673.8,
186500,
40764.36,
71309.55,
227393.5,
3548.084,
0,
1.308901e+07,
2052, 
237947,
2698241,
293666.1,
136328.9,
5490.625,
726228.1,
102174.9,
26040.92,
6017.901,
24856.55,
827433.6,
471523.4,
132611,
10025.66,
279763.6,
8600.396,
646920.9,
2487838,
21884.76,
3726433,
302388.5,
194324.6,
39047.67,
74809.52,
258828.5,
3930.029,
0,
1.374336e+07,
2053, 
245927.5,
2901141,
312692.6,
156315.7,
6188.671,
772200.7,
122492.5,
29687.13,
6912.567,
34941.83,
807488.8,
466840.6,
157543.2,
13872.86,
302404.4,
10175.09,
694983.5,
2423637,
22071.16,
3994085,
319946.3,
204156.6,
40521.44,
79050.05,
300811.3,
4347.88,
0,
1.443044e+07,
2054, 
251294.4,
3082688,
337633,
171302.4,
7058.146,
822291.2,
159369.3,
33606.6,
8117.146,
47789.91,
772560.9,
458750.7,
180459.8,
18858.37,
327179.2,
12460.37,
738768.7,
2358842,
22471.01,
4259409,
332806.2,
215823.4,
41591.21,
86420.05,
371076.7,
4810.773,
0,
1.512344e+07,
2055, 
254422.2,
3182407,
366263.1,
193281.3,
8270.734,
863558.9,
191662.8,
38483.33,
9502.841,
63718.34,
746889.6,
449640.9,
195364.2,
25194.56,
356286.8,
15382.92,
794776.1,
2279660,
21379.41,
4542866,
344960.4,
215902.4,
42095.93,
93244.13,
450673.6,
5347.789,
0,
1.575124e+07,
2056, 
254077.7,
3257805,
397717.5,
206394.2,
9885.459,
906425.1,
258996.9,
43205.59,
10839.56,
82565.64,
733280.7,
443074.3,
207008.4,
35012.05,
375244.9,
18610.84,
906634,
2217692,
19918.17,
4792142,
360289.6,
216974.5,
41968.24,
99376.84,
521085.2,
5937.106,
0,
1.642216e+07,
2057, 
251086.9,
3322650,
432257.1,
213183.7,
12234.67,
943482.5,
338902.7,
48885.77,
11812.91,
104084.1,
730615.3,
438609.1,
214838.6,
46577.02,
389811.8,
20034.53,
1021233,
2166759,
18701.19,
5007281,
380086.8,
222150.4,
41378.75,
105988.1,
585127.3,
6528.208,
0,
1.70743e+07,
2058, 
250469.2,
3375455,
463226.9,
215706.6,
15460.74,
984394.4,
425689.8,
54670.88,
14639.96,
126584.7,
746869.7,
435742.6,
221026,
59814.28,
406447.6,
20625.24,
1110858,
2124455,
17986.79,
5205084,
404525.1,
228024.1,
41321.53,
113423.6,
644873.1,
7571.674,
0,
1.771495e+07,
2059, 
252612.7,
3376104,
484021.8,
220693.1,
19261.73,
1018832,
487391.4,
61003.1,
22752.71,
148683.3,
792466,
430432.8,
226830.6,
73744.27,
422821.2,
21102.57,
1220678,
2095248,
17485.88,
5453329,
415883.3,
237891.9,
40888.17,
121834.5,
721629.8,
8990.677,
0,
1.839261e+07,
2060, 
254125,
3383102,
507218.5,
222792.5,
24034.15,
1052204,
535406.3,
69073.72,
45567.66,
177359.7,
865382.5,
421289.6,
231260.6,
90294.48,
439456.3,
21638.67,
1289826,
2079064,
18800.09,
5668210,
428657.9,
250693.8,
42052.51,
131312.3,
796158.7,
10648.64,
0,
1.905563e+07,
2061, 
257619.2,
3404900,
529654.4,
225301.7,
29584.76,
1085671,
575484.8,
75996.91,
88946.01,
213624,
948003.8,
411428.1,
237471.6,
111314.4,
456823.3,
22115.85,
1387727,
2076874,
22262.31,
5892733,
444347,
257353.1,
42929.73,
139380.8,
881654.7,
12478.42,
0,
1.983168e+07,
2062, 
263764.8,
3426615,
553439.3,
227318,
36941.4,
1119624,
594707.6,
83644.27,
177338.7,
243467.5,
1031302,
404347.8,
243452.1,
136959.6,
470367.6,
22619.01,
1408568,
2091000,
22558.85,
6077113,
468811.9,
264156.3,
43754.05,
147239,
1018335,
14548.39,
0,
2.059199e+07,
2063, 
271022,
3452163,
580558.9,
230368.9,
44244.38,
1155507,
615233.1,
93540.73,
307501.5,
275443,
1065660,
399072.7,
247111.3,
163565.4,
485348.5,
23178.57,
1427749,
2094626,
24196.23,
6198096,
487293.2,
260198.3,
44102.5,
156362.1,
1167226,
17196.06,
0,
2.128656e+07,
2064, 
267370.6,
3481191,
608973,
238828.1,
56630.47,
1200387,
653270.9,
110199.1,
418422.8,
307408,
1091833,
411528.3,
248437.7,
190333.1,
499801,
24109.5,
1467410,
2092674,
25791.27,
6324207,
521315.8,
248652.7,
44267.32,
167166.4,
1296474,
21093.25,
0,
2.201778e+07,
2065, 
261871,
3523050,
635187.9,
248963.1,
75650.13,
1254672,
715473,
131145.9,
496846.7,
337400.7,
1122511,
439961.8,
251630.7,
207802.4,
513740.6,
30676.98,
1525489,
2054224,
27682.73,
6443039,
564150.3,
236584.3,
44519.63,
179755.6,
1417438,
26038.66,
0,
2.27655e+07,
2066, 
260710.5,
3571674,
660628,
257906.9,
98387.59,
1304606,
798756.6,
151998.3,
551159.9,
356394.5,
1122323,
458534.7,
256434.2,
219834.8,
527889.4,
38347.72,
1603018,
2019427,
29540.53,
6642262,
619973.7,
229294.4,
45476.11,
196474.4,
1570727,
31466.94,
0,
2.362325e+07,
2067, 
251295.7,
3634495,
687205.7,
268031.2,
126807.2,
1351886,
895967.8,
173416.6,
611151.9,
370044.3,
1100203,
478938.8,
262571.3,
229514.6,
540758.3,
47450.4,
1699924,
1951526,
31004.34,
6915658,
661873.9,
228663.8,
47261.89,
215540.6,
1693703,
38837.92,
0,
2.451373e+07,
2068, 
233515.8,
3677657,
713934.4,
275267.9,
162196.7,
1418547,
982986.7,
197673.2,
661690.3,
383819.1,
1097007,
498816.7,
268123.3,
237827,
551778.7,
60156.38,
1835610,
1878599,
32699.07,
7256187,
675297.7,
233796.4,
49234.56,
234161.6,
1831409,
47517.79,
0,
2.549551e+07,
2069, 
224310.3,
3732256,
745575.7,
277604.3,
213162.3,
1467588,
1082189,
211425.9,
698398.9,
398439.7,
1074124,
516030.9,
272034.3,
243894.5,
561582.3,
73065.26,
1933524,
1828964,
33984.45,
7594469,
665809.8,
241103.6,
50696.54,
253947,
1971660,
59127.68,
0,
2.642497e+07,
2070, 
221881.3,
3790756,
798657,
276219.5,
272105.7,
1505566,
1165992,
236917.6,
740204.3,
414128.3,
1100473,
532380,
277642.9,
244050.9,
573205.3,
87104.32,
2016167,
1797924,
35966.21,
7713123,
630414.3,
251460.6,
52331.35,
275277,
2121696,
78764.67,
0,
2.721041e+07,
2071, 
225480.7,
3833322,
828841.8,
268150,
352938.9,
1550520,
1229618,
274525.8,
773743.1,
437354.2,
1110205,
536854.5,
281760.2,
243533.8,
585783.4,
118697.6,
2090205,
1786308,
38881.99,
7830283,
608377.6,
260006.2,
53544.33,
298064.7,
2284960,
103356.2,
0,
2.800532e+07,
2072, 
234386.1,
3867804,
861260.1,
255736.4,
486315,
1647253,
1275071,
318062.5,
792054.2,
466290.1,
1117460,
540699.4,
284096.7,
241996.2,
599085.1,
149856.1,
2160288,
1817636,
40347.39,
7961226,
604224.3,
262974.8,
54126.4,
324230.2,
2460665,
133361.6,
0,
2.89565e+07,
2073, 
244195.5,
3900483,
891496.4,
248754.7,
620025,
1725736,
1306000,
376167.4,
835211.6,
491266.9,
1135278,
536189.3,
282680.3,
240011,
613601.1,
186619,
2243109,
1832259,
41429.42,
8064348,
598090.9,
263163.8,
53680.34,
351562.9,
2670620,
171140,
0,
2.992312e+07,
2074, 
255538.8,
3923737,
914690.1,
249955.9,
757502.4,
1712625,
1325421,
462471.7,
915959.9,
514582.4,
1136955,
533738.2,
282429.3,
237284.8,
632302.8,
223308.9,
2334102,
1828065,
42621.63,
8158468,
613424.1,
262870.2,
53286.8,
378205.3,
2856183,
213570.6,
0,
3.08193e+07,
2075, 
267700.3,
3939715,
941382.5,
254769.3,
881146.9,
1687055,
1369400,
562553.4,
1017468,
537822.4,
1140745,
532812.6,
278143.6,
233768.6,
652131.2,
260227.1,
2427304,
1810690,
43965.49,
8152365,
642511.2,
261072.5,
52655.18,
402595.5,
2994379,
253334.2,
0,
3.159771e+07,
2076, 
280006.5,
3953929,
983301.9,
263459.2,
1044384,
1676916,
1445172,
681102.6,
1125529,
555684.6,
1127855,
532749.5,
270442.8,
230261.9,
670123.3,
294445.2,
2515539,
1800053,
45152.75,
8173556,
674130.9,
258132.7,
52408.13,
425473.8,
3123891,
295151.6,
0,
3.249885e+07,
2077, 
303473.4,
3967887,
1022882,
278348.6,
1198621,
1681443,
1529703,
777836,
1198295,
572069.8,
1118811,
535930.1,
263113.9,
227142.6,
690636.1,
326719.3,
2601051,
1763792,
46470.25,
8221480,
711423.9,
265792.4,
52668.29,
446928.9,
3249492,
330567.9,
0,
3.338258e+07,
2078, 
334796.5,
3977629,
1081757,
288829.3,
1323186,
1682731,
1573822,
912585.4,
1281972,
588440.5,
1105015,
535825.4,
260526.7,
224384.7,
719433.1,
359163.9,
2701469,
1753566,
47615.59,
8273725,
736317,
264964.2,
52926.64,
478432.2,
3357035,
378201.5,
0,
3.429435e+07,
2079, 
380271,
3997057,
1139575,
296212.5,
1475800,
1703462,
1621308,
1039914,
1361665,
606299.4,
1095041,
535523.5,
264769.6,
222822.4,
751605.9,
391169.5,
2828447,
1755784,
48474.53,
8434126,
732634.7,
267600.1,
53046.53,
499917.7,
3455958,
436725.8,
0,
3.539521e+07,
2080, 
419620.7,
4022495,
1205897,
300178.8,
1621103,
1729281,
1660837,
1190488,
1450690,
636998.9,
1084039,
535196.5,
274485.3,
221766.2,
784879.3,
421723.7,
2942894,
1754646,
49384.08,
8644105,
722094.5,
258971.8,
52150.84,
524620.2,
3544049,
508148.2,
0,
3.656074e+07,
2081, 
451548.6,
4042997,
1260292,
298162.9,
1755457,
1734897,
1705980,
1270783,
1552663,
662972.9,
1069015,
533851.1,
283804.8,
221217.7,
819341.3,
452675.2,
3085734,
1786336,
50745.65,
8862681,
686889.1,
249113.6,
50839.89,
543587.9,
3601226,
577073.6,
0,
3.760988e+07,
2082, 
470152.5,
4060484,
1338815,
297790.7,
1881884,
1734708,
1761732,
1368528,
1647132,
688395.5,
1060340,
530824.8,
290929.7,
220994.3,
854532.6,
476663.2,
3208394,
1810920,
52984.66,
9081120,
673491.9,
234925.6,
48585.49,
572033.8,
3640866,
667914.1,
0,
3.867514e+07,
2083, 
467174.2,
4067874,
1380303,
297061.1,
2038564,
1751991,
1833537,
1541183,
1743320,
712424.9,
1054758,
527787.8,
298047.3,
221199.3,
885279,
492593.6,
3315761,
1814849,
56413.06,
9275772,
662906.4,
221537.6,
47001.02,
595911.5,
3670374,
748579.7,
0,
3.97222e+07,
2084, 
457198.7,
4064497,
1411947,
297778.9,
2101769,
1765861,
1957934,
1793788,
1822733,
736907.1,
1052500,
523996,
303229.3,
221627.2,
922432.1,
512394.5,
3391986,
1814239,
61181.86,
9403323,
644734.5,
214089.1,
45686.09,
627103.5,
3696283,
816362.9,
0,
4.066158e+07,
2085, 
450167.6,
4065190,
1444044,
303237,
2177670,
1778456,
2082942,
2032073,
1906658,
752304.2,
1056882,
520563.7,
305529,
222476.9,
950268.3,
536147.5,
3549487,
1789783,
64552.84,
9439558,
619800.9,
212476.3,
44355.8,
661033.5,
3764999,
880112.4,
0,
4.161077e+07,
2086, 
444907.8,
4062061,
1472733,
304006.9,
2260329,
1786819,
2192750,
2271753,
1983229,
772282.7,
1063151,
515851.3,
306115.8,
223732.5,
974361.8,
570618.3,
3712851,
1757666,
67336.3,
9382491,
599229.1,
218221.3,
43404.98,
677807.9,
3855538,
931530.1,
0,
4.245078e+07,
2087, 
441818.1,
4060440,
1502188,
302792.2,
2341516,
1787488,
2279590,
2568139,
2079331,
792652.8,
1076748,
510518.3,
305033.9,
225155.7,
997648.1,
616440,
3789056,
1732357,
69707.45,
9338652,
589535.1,
227711.8,
43906.06,
705046.2,
3928553,
976376.7,
0,
4.32884e+07,
2088, 
450720.3,
4053596,
1533033,
299326.9,
2421248,
1783385,
2356188,
2832172,
2168965,
805329.8,
1094653,
505315.3,
305530.8,
226919.9,
1014618,
671214.4,
3809362,
1704642,
71400.88,
9344191,
584313.5,
237420,
43630.87,
725077.6,
3997431,
1028990,
0,
4.406867e+07,
2089, 
434496,
4043752,
1566532,
285956.8,
2510358,
1783156,
2452765,
3115399,
2286248,
814738.5,
1109968,
500850.1,
305284.3,
228270,
1031792,
724562.6,
3811901,
1663336,
72839.77,
9308727,
591977.1,
241084.6,
43679.49,
751325.9,
4024057,
1091695,
0,
4.479475e+07,
2090, 
439410.3,
4024456,
1599672,
272405.1,
2581099,
1784884,
2569818,
3387739,
2387197,
829496.9,
1122027,
497299.6,
307041.4,
229663.6,
1050832,
781188.8,
3791438,
1626400,
74496.7,
9274137,
602517.1,
245046.2,
43950.61,
766398.1,
4069866,
1180717,
0,
4.55392e+07,
2091, 
422953.7,
3970419,
1624827,
257422.6,
2634247,
1789788,
2686021,
3625006,
2508034,
833834.6,
1133419,
495234.6,
309223.7,
231121.8,
1071209,
835761,
3767578,
1589587,
76490.61,
9223154,
620198.6,
247174.5,
44710.63,
785780.3,
4070605,
1274531,
0,
4.612833e+07,
2092, 
426175.5,
3895457,
1661575,
245220.8,
2682350,
1802182,
2811388,
3808368,
2641582,
852756.2,
1149704,
493407.2,
311346.4,
230996.8,
1062205,
893120.2,
3833757,
1553873,
78062.75,
9132449,
639564,
246501.4,
45927.15,
801250.5,
4081050,
1371109,
0,
4.675138e+07,
2093, 
410214.7,
3824829,
1688543,
235668.3,
2741449,
1815437,
2892038,
4019935,
2778294,
855355.1,
1147243,
492038.1,
312787.3,
229548.7,
1056927,
945968.9,
3900433,
1529000,
77974.76,
8993467,
656381.9,
245364.1,
47733.84,
822033.7,
4114248,
1480504,
0,
4.731342e+07,
2094, 
415379.1,
3742693,
1733511,
232426.8,
2810955,
1821203,
3044035,
4179268,
2940375,
869823.4,
1158056,
491935.9,
314656.9,
228462.7,
1048112,
997726.4,
3973611,
1498430,
78868.03,
8876124,
664387.5,
241472.8,
48625.67,
846559.1,
4103116,
1579344,
0,
4.793916e+07,
2095, 
405349.7,
3710715,
1777519,
232076.4,
2896800,
1816057,
3208879,
4466190,
3125795,
870065.3,
1153390,
493993.8,
317461.1,
227618.6,
1038329,
1056483,
4035113,
1474458,
80743.91,
8713971,
663662.6,
243153,
51259.41,
863542.2,
4060092,
1706100,
0,
4.868882e+07,
2096, 
422570.8,
3619538,
1826847,
233453.4,
3027436,
1811085,
3384422,
4812474,
3234149,
883430.3,
1169093,
496613.4,
319224.5,
225879.6,
1023615,
1113920,
4085425,
1467850,
83341.85,
8566314,
656360.9,
248377,
54343.27,
870745.3,
3921833,
1853531,
0,
4.941187e+07,
2097, 
412568.6,
3530696,
1876757,
234187.4,
3161982,
1811057,
3518846,
5032946,
3323380,
878763,
1176634,
501021.7,
323597.5,
223838.4,
1040615,
1159316,
4122137,
1471155,
84787.24,
8436884,
641740,
254612.8,
60875.07,
889502.9,
3741754,
1955834,
0,
4.986549e+07,
2098, 
415487,
3461147,
1952641,
238793.7,
3253393,
1809096,
3633418,
5234790,
3429855,
887819.6,
1177092,
507347.6,
327095.2,
222450.5,
1056608,
1196865,
4156933,
1467019,
86953.16,
8292506,
623318.3,
262687.6,
64614.84,
909465,
3576536,
2063515,
0,
5.030744e+07,
2099, 
416008.1,
3380667,
2038064,
245338.6,
3338340,
1807537,
3745449,
5471419,
3514268,
881265.5,
1201344,
518719.9,
332333.9,
224884.5,
1069603,
1226698,
4191666,
1475035,
89098.69,
8172150,
635198.7,
273584.9,
67952.23,
929704.5,
3425514,
2167643,
0,
5.083948e+07,
2100, 
414057.8,
3288512,
2105203,
247906.5,
3406283,
1809079,
3873394,
5676651,
3554118,
893420.5,
1210066,
531440.8,
336964.7,
227404,
1080316,
1251423,
4216073,
1495213,
91056.52,
8042754,
647685.8,
285945.2,
69374.45,
944811.3,
3397832,
2273917,
0,
5.13709e+07];
